=== CI FAILURE ===
Workflow:      Version Bump & Tag
Workflow file: averycorp/prismTask/.github/workflows/version-bump-and-tag.yml@refs/heads/main
Job(s):        Version Bump & Tag
Run ID:        25092503632
Run attempt:   1
Run URL:       https://github.com/averycorp/prismTask/actions/runs/25092503632
Commit:        c7cc437e5be697ab2899d2359fb072d8a18a9ae3
Branch:        main
Event:         workflow_run
Actor:         akarlin3
Runner OS:     Linux
Timestamp:     2026-04-29T05:29:47.095Z

Failed steps:
  - Version Bump & Tag: #6 Commit version bump

=== FAILED JOB LOG ===

--- Job: Version Bump & Tag (id 73521601780) ---
2026-04-29T05:28:46.8711686Z Current runner version: '2.334.0'
2026-04-29T05:28:46.8734732Z ##[group]Runner Image Provisioner
2026-04-29T05:28:46.8735627Z Hosted Compute Agent
2026-04-29T05:28:46.8736162Z Version: 20260213.493
2026-04-29T05:28:46.8736788Z Commit: 5c115507f6dd24b8de37d8bbe0bb4509d0cc0fa3
2026-04-29T05:28:46.8737550Z Build Date: 2026-02-13T00:28:41Z
2026-04-29T05:28:46.8738195Z Worker ID: {bee75be7-e153-4b83-b8ba-e9baf3acce4a}
2026-04-29T05:28:46.8738870Z Azure Region: eastus2
2026-04-29T05:28:46.8739959Z ##[endgroup]
2026-04-29T05:28:46.8741447Z ##[group]Operating System
2026-04-29T05:28:46.8742022Z Ubuntu
2026-04-29T05:28:46.8742560Z 24.04.4
2026-04-29T05:28:46.8743018Z LTS
2026-04-29T05:28:46.8743444Z ##[endgroup]
2026-04-29T05:28:46.8744014Z ##[group]Runner Image
2026-04-29T05:28:46.8744594Z Image: ubuntu-24.04
2026-04-29T05:28:46.8745083Z Version: 20260413.86.1
2026-04-29T05:28:46.8746711Z Included Software: https://github.com/actions/runner-images/blob/ubuntu24/20260413.86/images/ubuntu/Ubuntu2404-Readme.md
2026-04-29T05:28:46.8749234Z Image Release: https://github.com/actions/runner-images/releases/tag/ubuntu24%2F20260413.86
2026-04-29T05:28:46.8750833Z ##[endgroup]
2026-04-29T05:28:46.8752079Z ##[group]GITHUB_TOKEN Permissions
2026-04-29T05:28:46.8753996Z Actions: write
2026-04-29T05:28:46.8754516Z Contents: write
2026-04-29T05:28:46.8755036Z Metadata: read
2026-04-29T05:28:46.8755606Z PullRequests: read
2026-04-29T05:28:46.8756135Z ##[endgroup]
2026-04-29T05:28:46.8758081Z Secret source: Actions
2026-04-29T05:28:46.8758811Z Prepare workflow directory
2026-04-29T05:28:46.9087572Z Prepare all required actions
2026-04-29T05:28:46.9124761Z Getting action download info
2026-04-29T05:28:47.2215993Z Download action repository 'actions/checkout@v4' (SHA:34e114876b0b11c390a56381ad16ebd13914f8d5)
2026-04-29T05:28:47.4304739Z Complete job name: Version Bump & Tag
2026-04-29T05:28:47.5000183Z ##[group]Run set -euo pipefail
2026-04-29T05:28:47.5001015Z [36;1mset -euo pipefail[0m
2026-04-29T05:28:47.5001609Z [36;1mif [ "$EVENT_NAME" = "workflow_dispatch" ]; then[0m
2026-04-29T05:28:47.5002426Z [36;1m  # Manual dispatch path — use the input if provided, otherwise[0m
2026-04-29T05:28:47.5003209Z [36;1m  # walk the latest merged PR on main and target that.[0m
2026-04-29T05:28:47.5003847Z [36;1m  if [ -n "$DISPATCH_PR" ]; then[0m
2026-04-29T05:28:47.5004465Z [36;1m    echo "pr_number=$DISPATCH_PR" >> "$GITHUB_OUTPUT"[0m
2026-04-29T05:28:47.5005134Z [36;1m    echo "found=true" >> "$GITHUB_OUTPUT"[0m
2026-04-29T05:28:47.5005793Z [36;1m    echo "Using PR #$DISPATCH_PR from dispatch input."[0m
2026-04-29T05:28:47.5006393Z [36;1m    exit 0[0m
2026-04-29T05:28:47.5006794Z [36;1m  fi[0m
2026-04-29T05:28:47.5007354Z [36;1m  PR_NUMBER=$(gh pr list --repo "$REPO" --state merged --base main \[0m
2026-04-29T05:28:47.5008199Z [36;1m    --limit 1 --json number -q '.[0].number // empty')[0m
2026-04-29T05:28:47.5008815Z [36;1m  if [ -z "$PR_NUMBER" ]; then[0m
2026-04-29T05:28:47.5009769Z [36;1m    echo "::warning::No merged PRs found on main. Cannot resolve PR; skipping."[0m
2026-04-29T05:28:47.5010682Z [36;1m    echo "found=false" >> "$GITHUB_OUTPUT"[0m
2026-04-29T05:28:47.5011226Z [36;1m    exit 0[0m
2026-04-29T05:28:47.5011630Z [36;1m  fi[0m
2026-04-29T05:28:47.5012102Z [36;1m  echo "pr_number=$PR_NUMBER" >> "$GITHUB_OUTPUT"[0m
2026-04-29T05:28:47.5012741Z [36;1m  echo "found=true" >> "$GITHUB_OUTPUT"[0m
2026-04-29T05:28:47.5013507Z [36;1m  echo "Resolved most-recent merged PR #$PR_NUMBER for dispatch run."[0m
2026-04-29T05:28:47.5014198Z [36;1m  exit 0[0m
2026-04-29T05:28:47.5014586Z [36;1mfi[0m
2026-04-29T05:28:47.5014952Z [36;1m[0m
2026-04-29T05:28:47.5015424Z [36;1m# Path 1 — fast path: pull_requests was populated.[0m
2026-04-29T05:28:47.5016203Z [36;1mPR_NUMBER=$(echo "$PR_JSON" | jq -r '.[0].number // empty')[0m
2026-04-29T05:28:47.5016884Z [36;1mif [ -n "$PR_NUMBER" ]; then[0m
2026-04-29T05:28:47.5017620Z [36;1m  echo "pr_number=$PR_NUMBER" >> "$GITHUB_OUTPUT"[0m
2026-04-29T05:28:47.5018506Z [36;1m  echo "found=true" >> "$GITHUB_OUTPUT"[0m
2026-04-29T05:28:47.5019741Z [36;1m  echo "Resolved PR #$PR_NUMBER from workflow_run payload."[0m
2026-04-29T05:28:47.5020623Z [36;1m  exit 0[0m
2026-04-29T05:28:47.5021056Z [36;1mfi[0m
2026-04-29T05:28:47.5021634Z [36;1m[0m
2026-04-29T05:28:47.5022164Z [36;1m# Path 2 — fallback: look the PR up by HEAD SHA. Works in both[0m
2026-04-29T05:28:47.5022961Z [36;1m# the pre-merge case (auto-merge.yml fires before the squash[0m
2026-04-29T05:28:47.5023744Z [36;1m# actually happens; the open PR still has this commit at its[0m
2026-04-29T05:28:47.5024558Z [36;1m# head) and the post-merge case (GitHub keeps the commit→PR[0m
2026-04-29T05:28:47.5025360Z [36;1m# mapping after squash, so we still resolve correctly even if[0m
2026-04-29T05:28:47.5026172Z [36;1m# the source branch was deleted). The downstream "Wait for PR[0m
2026-04-29T05:28:47.5026958Z [36;1m# to merge" step handles the timing — we only need the PR[0m
2026-04-29T05:28:47.5027613Z [36;1m# number here, not its merge state.[0m
2026-04-29T05:28:47.5028135Z [36;1m#[0m
2026-04-29T05:28:47.5028666Z [36;1m# Deliberately NOT falling back to "most recent merged PR" —[0m
2026-04-29T05:28:47.5029596Z [36;1m# that race-condition-bumps a previously-merged PR if[0m
2026-04-29T05:28:47.5030316Z [36;1m# workflow_run fires before the queued merge lands.[0m
2026-04-29T05:28:47.5030921Z [36;1mif [ -z "$HEAD_SHA" ]; then[0m
2026-04-29T05:28:47.5031654Z [36;1m  echo "::warning::workflow_run.head_sha is empty; cannot resolve PR. Skipping."[0m
2026-04-29T05:28:47.5032452Z [36;1m  echo "found=false" >> "$GITHUB_OUTPUT"[0m
2026-04-29T05:28:47.5032997Z [36;1m  exit 0[0m
2026-04-29T05:28:47.5033376Z [36;1mfi[0m
2026-04-29T05:28:47.5033920Z [36;1m# Capture the API response separately instead of piping through[0m
2026-04-29T05:28:47.5034951Z [36;1m# `gh api --jq` directly. Under `set -euo pipefail`, an empty or[0m
2026-04-29T05:28:47.5035763Z [36;1m# non-JSON response body crashes the embedded jq with[0m
2026-04-29T05:28:47.5036565Z [36;1m# `unexpected end of JSON input` and aborts the whole script[0m
2026-04-29T05:28:47.5037357Z [36;1m# before the empty-result branch below can fire — observed on[0m
2026-04-29T05:28:47.5038153Z [36;1m# PR #857's post-merge run, which silently dropped the version[0m
2026-04-29T05:28:47.5038921Z [36;1m# bump on the floor. The retry loop covers the indexing-lag[0m
2026-04-29T05:28:47.5040177Z [36;1m# window where `commits/{sha}/pulls` returns `[]` for a few[0m
2026-04-29T05:28:47.5040894Z [36;1m# seconds after the squash-merge push lands.[0m
2026-04-29T05:28:47.5041458Z [36;1mPR_NUMBER=""[0m
2026-04-29T05:28:47.5041883Z [36;1mfor attempt in 1 2 3; do[0m
2026-04-29T05:28:47.5042379Z [36;1m  RESPONSE=$(gh api \[0m
2026-04-29T05:28:47.5042920Z [36;1m    "repos/$REPO/commits/$HEAD_SHA/pulls" \[0m
2026-04-29T05:28:47.5043656Z [36;1m    -H "Accept: application/vnd.github+json" 2>/dev/null || echo "[]")[0m
2026-04-29T05:28:47.5044424Z [36;1m  PR_NUMBER=$(printf '%s' "$RESPONSE" | jq -r '[0m
2026-04-29T05:28:47.5045062Z [36;1m    if type == "array" and length > 0 then[0m
2026-04-29T05:28:47.5045699Z [36;1m      (sort_by(.number) | reverse | .[0].number // empty)[0m
2026-04-29T05:28:47.5046331Z [36;1m    else empty end[0m
2026-04-29T05:28:47.5046831Z [36;1m  ' 2>/dev/null || echo "")[0m
2026-04-29T05:28:47.5047382Z [36;1m  [ -n "$PR_NUMBER" ] && break[0m
2026-04-29T05:28:47.5048160Z [36;1m  echo "commits/$HEAD_SHA/pulls returned no PR (attempt $attempt/3); sleeping 5s..."[0m
2026-04-29T05:28:47.5050010Z [36;1m  sleep 5[0m
2026-04-29T05:28:47.5050420Z [36;1mdone[0m
2026-04-29T05:28:47.5050828Z [36;1mif [ -z "$PR_NUMBER" ]; then[0m
2026-04-29T05:28:47.5051656Z [36;1m  echo "::warning::No PR found for commit $HEAD_SHA via commits/{sha}/pulls after 3 attempts. Skipping."[0m
2026-04-29T05:28:47.5052595Z [36;1m  echo "found=false" >> "$GITHUB_OUTPUT"[0m
2026-04-29T05:28:47.5053270Z [36;1m  exit 0[0m
2026-04-29T05:28:47.5053651Z [36;1mfi[0m
2026-04-29T05:28:47.5054306Z [36;1mecho "pr_number=$PR_NUMBER" >> "$GITHUB_OUTPUT"[0m
2026-04-29T05:28:47.5054929Z [36;1mecho "found=true" >> "$GITHUB_OUTPUT"[0m
2026-04-29T05:28:47.5055655Z [36;1mecho "Resolved PR #$PR_NUMBER from commits/$HEAD_SHA/pulls fallback."[0m
2026-04-29T05:28:47.5082409Z shell: /usr/bin/bash -e {0}
2026-04-29T05:28:47.5083178Z env:
2026-04-29T05:28:47.5083850Z   GH_TOKEN: ***
2026-04-29T05:28:47.5084273Z   REPO: averycorp/prismTask
2026-04-29T05:28:47.5084764Z   EVENT_NAME: workflow_run
2026-04-29T05:28:47.5085203Z   PR_JSON: []
2026-04-29T05:28:47.5085668Z   HEAD_SHA: ef6ee3ddc7a5bbf110f667f69eb18fa65e07575a
2026-04-29T05:28:47.5086238Z   DISPATCH_PR: 
2026-04-29T05:28:47.5086670Z ##[endgroup]
2026-04-29T05:28:47.8994016Z Resolved PR #939 from commits/ef6ee3ddc7a5bbf110f667f69eb18fa65e07575a/pulls fallback.
2026-04-29T05:28:47.9141880Z ##[group]Run set -euo pipefail
2026-04-29T05:28:47.9142916Z [36;1mset -euo pipefail[0m
2026-04-29T05:28:47.9143944Z [36;1m# gh pr merge --auto may queue the merge until required checks[0m
2026-04-29T05:28:47.9145000Z [36;1m# pass. Poll until MERGED, CLOSED, or timeout.[0m
2026-04-29T05:28:47.9145777Z [36;1m#[0m
2026-04-29T05:28:47.9146328Z [36;1m# Audit PR #876 → CI pathway efficiency: ceiling raised[0m
2026-04-29T05:28:47.9147181Z [36;1m# 60→120 attempts × 10s = 20 min. Real Android PRs (PR #851[0m
2026-04-29T05:28:47.9148031Z [36;1m# took 37 min from open to merge; PR #859 took 14 min) can[0m
2026-04-29T05:28:47.9148843Z [36;1m# exceed the prior 10-min ceiling because auto-merge.yml[0m
2026-04-29T05:28:47.9149970Z [36;1m# queues on slow lane completion. A silently-dropped bump[0m
2026-04-29T05:28:47.9150839Z [36;1m# (memory `feedback_skip_ci_blocks_tag_release.md`) requires a[0m
2026-04-29T05:28:47.9151764Z [36;1m# manual `gh workflow run release.yml --ref vX.Y.Z` re-fire,[0m
2026-04-29T05:28:47.9152635Z [36;1m# which is a real recovery cost. 20 min covers all observed[0m
2026-04-29T05:28:47.9153481Z [36;1m# PR lifecycles in the audit window without expanding[0m
2026-04-29T05:28:47.9154336Z [36;1m# workflow_run resource cost meaningfully (idle polling).[0m
2026-04-29T05:28:47.9155041Z [36;1mfor i in $(seq 1 120); do[0m
2026-04-29T05:28:47.9155774Z [36;1m  STATE=$(gh pr view "$PR_NUMBER" --repo "$REPO" --json state -q '.state')[0m
2026-04-29T05:28:47.9156537Z [36;1m  case "$STATE" in[0m
2026-04-29T05:28:47.9157009Z [36;1m    MERGED)[0m
2026-04-29T05:28:47.9157806Z [36;1m      MERGE_SHA=$(gh pr view "$PR_NUMBER" --repo "$REPO" --json mergeCommit -q '.mergeCommit.oid')[0m
2026-04-29T05:28:47.9158753Z [36;1m      echo "merged=true" >> "$GITHUB_OUTPUT"[0m
2026-04-29T05:28:47.9159670Z [36;1m      echo "merge_sha=$MERGE_SHA" >> "$GITHUB_OUTPUT"[0m
2026-04-29T05:28:47.9160349Z [36;1m      echo "PR merged at $MERGE_SHA"[0m
2026-04-29T05:28:47.9160911Z [36;1m      exit 0[0m
2026-04-29T05:28:47.9161348Z [36;1m      ;;[0m
2026-04-29T05:28:47.9161768Z [36;1m    CLOSED)[0m
2026-04-29T05:28:47.9162275Z [36;1m      echo "merged=false" >> "$GITHUB_OUTPUT"[0m
2026-04-29T05:28:47.9162983Z [36;1m      echo "PR closed without merging — skipping bump."[0m
2026-04-29T05:28:47.9163633Z [36;1m      exit 0[0m
2026-04-29T05:28:47.9164083Z [36;1m      ;;[0m
2026-04-29T05:28:47.9164490Z [36;1m    *)[0m
2026-04-29T05:28:47.9165033Z [36;1m      echo "PR state=$STATE (attempt $i/120); sleeping 10s..."[0m
2026-04-29T05:28:47.9165712Z [36;1m      sleep 10[0m
2026-04-29T05:28:47.9166155Z [36;1m      ;;[0m
2026-04-29T05:28:47.9166552Z [36;1m  esac[0m
2026-04-29T05:28:47.9166956Z [36;1mdone[0m
2026-04-29T05:28:47.9167422Z [36;1mecho "merged=false" >> "$GITHUB_OUTPUT"[0m
2026-04-29T05:28:47.9168235Z [36;1mecho "::warning::PR did not reach MERGED within 20 minutes — skipping bump."[0m
2026-04-29T05:28:47.9192241Z shell: /usr/bin/bash -e {0}
2026-04-29T05:28:47.9192808Z env:
2026-04-29T05:28:47.9193403Z   GH_TOKEN: ***
2026-04-29T05:28:47.9193834Z   PR_NUMBER: 939
2026-04-29T05:28:47.9194283Z   REPO: averycorp/prismTask
2026-04-29T05:28:47.9194932Z ##[endgroup]
2026-04-29T05:28:48.3505121Z PR merged at c7cc437e5be697ab2899d2359fb072d8a18a9ae3
2026-04-29T05:28:48.3767516Z ##[group]Run actions/checkout@v4
2026-04-29T05:28:48.3768662Z with:
2026-04-29T05:28:48.3771316Z   token: ***
2026-04-29T05:28:48.3772290Z   ref: c7cc437e5be697ab2899d2359fb072d8a18a9ae3
2026-04-29T05:28:48.3773544Z   fetch-depth: 0
2026-04-29T05:28:48.3774484Z   repository: averycorp/prismTask
2026-04-29T05:28:48.3775598Z   ssh-strict: true
2026-04-29T05:28:48.3776466Z   ssh-user: git
2026-04-29T05:28:48.3777355Z   persist-credentials: true
2026-04-29T05:28:48.3778359Z   clean: true
2026-04-29T05:28:48.3779431Z   sparse-checkout-cone-mode: true
2026-04-29T05:28:48.3780544Z   fetch-tags: false
2026-04-29T05:28:48.3781441Z   show-progress: true
2026-04-29T05:28:48.3782353Z   lfs: false
2026-04-29T05:28:48.3783164Z   submodules: false
2026-04-29T05:28:48.3784063Z   set-safe-directory: true
2026-04-29T05:28:48.3785025Z ##[endgroup]
2026-04-29T05:28:48.4865599Z Syncing repository: averycorp/prismTask
2026-04-29T05:28:48.4868565Z ##[group]Getting Git version info
2026-04-29T05:28:48.4870489Z Working directory is '/home/runner/work/prismTask/prismTask'
2026-04-29T05:28:48.4872580Z [command]/usr/bin/git version
2026-04-29T05:28:48.4909560Z git version 2.53.0
2026-04-29T05:28:48.4935731Z ##[endgroup]
2026-04-29T05:28:48.4950839Z Temporarily overriding HOME='/home/runner/work/_temp/a1f8f1a3-caf6-43de-8511-a27f99114480' before making global git config changes
2026-04-29T05:28:48.4954911Z Adding repository directory to the temporary git global config as a safe directory
2026-04-29T05:28:48.4958636Z [command]/usr/bin/git config --global --add safe.directory /home/runner/work/prismTask/prismTask
2026-04-29T05:28:48.4988209Z Deleting the contents of '/home/runner/work/prismTask/prismTask'
2026-04-29T05:28:48.4992309Z ##[group]Initializing the repository
2026-04-29T05:28:48.4996068Z [command]/usr/bin/git init /home/runner/work/prismTask/prismTask
2026-04-29T05:28:48.5072711Z hint: Using 'master' as the name for the initial branch. This default branch name
2026-04-29T05:28:48.5075384Z hint: will change to "main" in Git 3.0. To configure the initial branch name
2026-04-29T05:28:48.5078015Z hint: to use in all of your new repositories, which will suppress this warning,
2026-04-29T05:28:48.5080317Z hint: call:
2026-04-29T05:28:48.5081088Z hint:
2026-04-29T05:28:48.5082077Z hint: 	git config --global init.defaultBranch <name>
2026-04-29T05:28:48.5083333Z hint:
2026-04-29T05:28:48.5084973Z hint: Names commonly chosen instead of 'master' are 'main', 'trunk' and
2026-04-29T05:28:48.5087047Z hint: 'development'. The just-created branch can be renamed via this command:
2026-04-29T05:28:48.5088725Z hint:
2026-04-29T05:28:48.5089984Z hint: 	git branch -m <name>
2026-04-29T05:28:48.5090955Z hint:
2026-04-29T05:28:48.5092259Z hint: Disable this message with "git config set advice.defaultBranchName false"
2026-04-29T05:28:48.5094534Z Initialized empty Git repository in /home/runner/work/prismTask/prismTask/.git/
2026-04-29T05:28:48.5097968Z [command]/usr/bin/git remote add origin https://github.com/averycorp/prismTask
2026-04-29T05:28:48.5117285Z ##[endgroup]
2026-04-29T05:28:48.5119518Z ##[group]Disabling automatic garbage collection
2026-04-29T05:28:48.5121785Z [command]/usr/bin/git config --local gc.auto 0
2026-04-29T05:28:48.5151335Z ##[endgroup]
2026-04-29T05:28:48.5152974Z ##[group]Setting up auth
2026-04-29T05:28:48.5156951Z [command]/usr/bin/git config --local --name-only --get-regexp core\.sshCommand
2026-04-29T05:28:48.5186812Z [command]/usr/bin/git submodule foreach --recursive sh -c "git config --local --name-only --get-regexp 'core\.sshCommand' && git config --local --unset-all 'core.sshCommand' || :"
2026-04-29T05:28:48.5462649Z [command]/usr/bin/git config --local --name-only --get-regexp http\.https\:\/\/github\.com\/\.extraheader
2026-04-29T05:28:48.5492845Z [command]/usr/bin/git submodule foreach --recursive sh -c "git config --local --name-only --get-regexp 'http\.https\:\/\/github\.com\/\.extraheader' && git config --local --unset-all 'http.https://github.com/.extraheader' || :"
2026-04-29T05:28:48.5705172Z [command]/usr/bin/git config --local --name-only --get-regexp ^includeIf\.gitdir:
2026-04-29T05:28:48.5733346Z [command]/usr/bin/git submodule foreach --recursive git config --local --show-origin --name-only --get-regexp remote.origin.url
2026-04-29T05:28:48.5946020Z [command]/usr/bin/git config --local http.https://github.com/.extraheader AUTHORIZATION: basic ***
2026-04-29T05:28:48.5978846Z ##[endgroup]
2026-04-29T05:28:48.5980807Z ##[group]Fetching the repository
2026-04-29T05:28:48.5988236Z [command]/usr/bin/git -c protocol.version=2 fetch --prune --no-recurse-submodules origin +refs/heads/*:refs/remotes/origin/* +refs/tags/*:refs/tags/*
2026-04-29T05:29:06.2598677Z From https://github.com/averycorp/prismTask
2026-04-29T05:29:06.2600303Z  * [new branch]        ci-logs         -> origin/ci-logs
2026-04-29T05:29:06.2601628Z  * [new branch]        docs/audits/multi-task-creation -> origin/docs/audits/multi-task-creation
2026-04-29T05:29:06.2602781Z  * [new branch]        main            -> origin/main
2026-04-29T05:29:06.2608131Z  * [new branch]        v0.1.0-legacy   -> origin/v0.1.0-legacy
2026-04-29T05:29:06.2609675Z  * [new branch]        v0.2.0-legacy   -> origin/v0.2.0-legacy
2026-04-29T05:29:06.2610880Z  * [new branch]        v0.3.0-legacy   -> origin/v0.3.0-legacy
2026-04-29T05:29:06.2612050Z  * [new branch]        v0.4.0-legacy   -> origin/v0.4.0-legacy
2026-04-29T05:29:06.2613080Z  * [new branch]        v0.5.0-legacy   -> origin/v0.5.0-legacy
2026-04-29T05:29:06.2614119Z  * [new branch]        v0.6.0-legacy   -> origin/v0.6.0-legacy
2026-04-29T05:29:06.2615126Z  * [new branch]        v0.7.0-legacy   -> origin/v0.7.0-legacy
2026-04-29T05:29:06.2616113Z  * [new tag]           v0.1.0          -> v0.1.0
2026-04-29T05:29:06.2617006Z  * [new tag]           v0.2.0          -> v0.2.0
2026-04-29T05:29:06.2617882Z  * [new tag]           v0.3.0          -> v0.3.0
2026-04-29T05:29:06.2618913Z  * [new tag]           v0.4.0          -> v0.4.0
2026-04-29T05:29:06.2620281Z  * [new tag]           v0.5.0          -> v0.5.0
2026-04-29T05:29:06.2621284Z  * [new tag]           v0.7.0          -> v0.7.0
2026-04-29T05:29:06.2622255Z  * [new tag]           v0.7.12         -> v0.7.12
2026-04-29T05:29:06.2688185Z  * [new tag]           v0.7.13         -> v0.7.13
2026-04-29T05:29:06.2691006Z  * [new tag]           v0.7.14         -> v0.7.14
2026-04-29T05:29:06.2692085Z  * [new tag]           v0.7.15         -> v0.7.15
2026-04-29T05:29:06.2693110Z  * [new tag]           v0.7.16         -> v0.7.16
2026-04-29T05:29:06.2694040Z  * [new tag]           v0.7.17         -> v0.7.17
2026-04-29T05:29:06.2695044Z  * [new tag]           v0.7.17-build.2 -> v0.7.17-build.2
2026-04-29T05:29:06.2696132Z  * [new tag]           v0.7.17-build.3 -> v0.7.17-build.3
2026-04-29T05:29:06.2697191Z  * [new tag]           v0.7.17-build.4 -> v0.7.17-build.4
2026-04-29T05:29:06.2698230Z  * [new tag]           v0.7.17-build.5 -> v0.7.17-build.5
2026-04-29T05:29:06.2699518Z  * [new tag]           v0.7.17-build.6 -> v0.7.17-build.6
2026-04-29T05:29:06.2700586Z  * [new tag]           v0.7.17-build.7 -> v0.7.17-build.7
2026-04-29T05:29:06.2701914Z  * [new tag]           v0.7.17-build.8 -> v0.7.17-build.8
2026-04-29T05:29:06.2703028Z  * [new tag]           v0.7.17-build.9 -> v0.7.17-build.9
2026-04-29T05:29:06.2704000Z  * [new tag]           v0.7.18         -> v0.7.18
2026-04-29T05:29:06.2704853Z  * [new tag]           v0.7.18-build.2 -> v0.7.18-build.2
2026-04-29T05:29:06.2705805Z  * [new tag]           v0.7.18-build.3 -> v0.7.18-build.3
2026-04-29T05:29:06.2706762Z  * [new tag]           v0.7.18-build.4 -> v0.7.18-build.4
2026-04-29T05:29:06.2707764Z  * [new tag]           v0.7.19         -> v0.7.19
2026-04-29T05:29:06.2708853Z  * [new tag]           v0.7.19-build.2 -> v0.7.19-build.2
2026-04-29T05:29:06.2710084Z  * [new tag]           v0.7.20         -> v0.7.20
2026-04-29T05:29:06.2710909Z  * [new tag]           v0.7.20-build.2 -> v0.7.20-build.2
2026-04-29T05:29:06.2711951Z  * [new tag]           v0.7.20-build.3 -> v0.7.20-build.3
2026-04-29T05:29:06.2712770Z  * [new tag]           v0.7.20-build.4 -> v0.7.20-build.4
2026-04-29T05:29:06.2713362Z  * [new tag]           v0.8.0          -> v0.8.0
2026-04-29T05:29:06.2713957Z  * [new tag]           v0.8.0-build.2  -> v0.8.0-build.2
2026-04-29T05:29:06.2714540Z  * [new tag]           v0.8.1          -> v0.8.1
2026-04-29T05:29:06.2715088Z  * [new tag]           v0.8.10         -> v0.8.10
2026-04-29T05:29:06.2715656Z  * [new tag]           v0.8.11         -> v0.8.11
2026-04-29T05:29:06.2716014Z  * [new tag]           v0.8.12         -> v0.8.12
2026-04-29T05:29:06.2716357Z  * [new tag]           v0.8.13         -> v0.8.13
2026-04-29T05:29:06.2716679Z  * [new tag]           v0.8.14         -> v0.8.14
2026-04-29T05:29:06.2717018Z  * [new tag]           v0.8.15         -> v0.8.15
2026-04-29T05:29:06.2717360Z  * [new tag]           v0.8.2          -> v0.8.2
2026-04-29T05:29:06.2717675Z  * [new tag]           v0.8.3          -> v0.8.3
2026-04-29T05:29:06.2718004Z  * [new tag]           v0.8.4          -> v0.8.4
2026-04-29T05:29:06.2718321Z  * [new tag]           v0.8.5          -> v0.8.5
2026-04-29T05:29:06.2718632Z  * [new tag]           v0.8.6          -> v0.8.6
2026-04-29T05:29:06.2719366Z  * [new tag]           v0.8.7          -> v0.8.7
2026-04-29T05:29:06.2719712Z  * [new tag]           v0.8.8          -> v0.8.8
2026-04-29T05:29:06.2720035Z  * [new tag]           v0.8.9          -> v0.8.9
2026-04-29T05:29:06.2720353Z  * [new tag]           v0.9.1          -> v0.9.1
2026-04-29T05:29:06.2720666Z  * [new tag]           v0.9.2          -> v0.9.2
2026-04-29T05:29:06.2720989Z  * [new tag]           v1.0.1          -> v1.0.1
2026-04-29T05:29:06.2721317Z  * [new tag]           v1.0.10         -> v1.0.10
2026-04-29T05:29:06.2721639Z  * [new tag]           v1.0.11         -> v1.0.11
2026-04-29T05:29:06.2721965Z  * [new tag]           v1.0.12         -> v1.0.12
2026-04-29T05:29:06.2722290Z  * [new tag]           v1.0.13         -> v1.0.13
2026-04-29T05:29:06.2722637Z  * [new tag]           v1.0.2          -> v1.0.2
2026-04-29T05:29:06.2723005Z  * [new tag]           v1.0.3          -> v1.0.3
2026-04-29T05:29:06.2723319Z  * [new tag]           v1.0.4          -> v1.0.4
2026-04-29T05:29:06.2723633Z  * [new tag]           v1.0.5          -> v1.0.5
2026-04-29T05:29:06.2723949Z  * [new tag]           v1.0.6          -> v1.0.6
2026-04-29T05:29:06.2724260Z  * [new tag]           v1.0.7          -> v1.0.7
2026-04-29T05:29:06.2724576Z  * [new tag]           v1.0.8          -> v1.0.8
2026-04-29T05:29:06.2724892Z  * [new tag]           v1.0.9          -> v1.0.9
2026-04-29T05:29:06.2725200Z  * [new tag]           v1.1.1          -> v1.1.1
2026-04-29T05:29:06.2725541Z  * [new tag]           v1.1.1-build.2  -> v1.1.1-build.2
2026-04-29T05:29:06.2725899Z  * [new tag]           v1.1.1-build.3  -> v1.1.1-build.3
2026-04-29T05:29:06.2726247Z  * [new tag]           v1.1.1-build.4  -> v1.1.1-build.4
2026-04-29T05:29:06.2726584Z  * [new tag]           v1.1.10         -> v1.1.10
2026-04-29T05:29:06.2726922Z  * [new tag]           v1.1.11         -> v1.1.11
2026-04-29T05:29:06.2727249Z  * [new tag]           v1.1.12         -> v1.1.12
2026-04-29T05:29:06.2727583Z  * [new tag]           v1.1.2          -> v1.1.2
2026-04-29T05:29:06.2727932Z  * [new tag]           v1.1.3          -> v1.1.3
2026-04-29T05:29:06.2728281Z  * [new tag]           v1.1.4          -> v1.1.4
2026-04-29T05:29:06.2728621Z  * [new tag]           v1.1.5          -> v1.1.5
2026-04-29T05:29:06.2728966Z  * [new tag]           v1.1.6          -> v1.1.6
2026-04-29T05:29:06.2729572Z  * [new tag]           v1.1.7          -> v1.1.7
2026-04-29T05:29:06.2729919Z  * [new tag]           v1.1.8          -> v1.1.8
2026-04-29T05:29:06.2730269Z  * [new tag]           v1.1.9          -> v1.1.9
2026-04-29T05:29:06.2730613Z  * [new tag]           v1.3.0          -> v1.3.0
2026-04-29T05:29:06.2730952Z  * [new tag]           v1.3.1          -> v1.3.1
2026-04-29T05:29:06.2731302Z  * [new tag]           v1.3.10         -> v1.3.10
2026-04-29T05:29:06.2731848Z  * [new tag]           v1.3.11         -> v1.3.11
2026-04-29T05:29:06.2732326Z  * [new tag]           v1.3.11-build.2 -> v1.3.11-build.2
2026-04-29T05:29:06.2732707Z  * [new tag]           v1.3.12         -> v1.3.12
2026-04-29T05:29:06.2733061Z  * [new tag]           v1.3.13         -> v1.3.13
2026-04-29T05:29:06.2733448Z  * [new tag]           v1.3.13-build.2 -> v1.3.13-build.2
2026-04-29T05:29:06.2733817Z  * [new tag]           v1.3.14         -> v1.3.14
2026-04-29T05:29:06.2734172Z  * [new tag]           v1.3.15         -> v1.3.15
2026-04-29T05:29:06.2734529Z  * [new tag]           v1.3.16         -> v1.3.16
2026-04-29T05:29:06.2734884Z  * [new tag]           v1.3.17         -> v1.3.17
2026-04-29T05:29:06.2735239Z  * [new tag]           v1.3.18         -> v1.3.18
2026-04-29T05:29:06.2735590Z  * [new tag]           v1.3.19         -> v1.3.19
2026-04-29T05:29:06.2735933Z  * [new tag]           v1.3.2          -> v1.3.2
2026-04-29T05:29:06.2736318Z  * [new tag]           v1.3.20         -> v1.3.20
2026-04-29T05:29:06.2736688Z  * [new tag]           v1.3.21         -> v1.3.21
2026-04-29T05:29:06.2737034Z  * [new tag]           v1.3.22         -> v1.3.22
2026-04-29T05:29:06.2737388Z  * [new tag]           v1.3.23         -> v1.3.23
2026-04-29T05:29:06.2737753Z  * [new tag]           v1.3.24         -> v1.3.24
2026-04-29T05:29:06.2738104Z  * [new tag]           v1.3.25         -> v1.3.25
2026-04-29T05:29:06.2738465Z  * [new tag]           v1.3.26         -> v1.3.26
2026-04-29T05:29:06.2738820Z  * [new tag]           v1.3.27         -> v1.3.27
2026-04-29T05:29:06.2739413Z  * [new tag]           v1.3.28         -> v1.3.28
2026-04-29T05:29:06.2739777Z  * [new tag]           v1.3.29         -> v1.3.29
2026-04-29T05:29:06.2740135Z  * [new tag]           v1.3.3          -> v1.3.3
2026-04-29T05:29:06.2740488Z  * [new tag]           v1.3.30         -> v1.3.30
2026-04-29T05:29:06.2740836Z  * [new tag]           v1.3.31         -> v1.3.31
2026-04-29T05:29:06.2741201Z  * [new tag]           v1.3.32         -> v1.3.32
2026-04-29T05:29:06.2741560Z  * [new tag]           v1.3.33         -> v1.3.33
2026-04-29T05:29:06.2741915Z  * [new tag]           v1.3.34         -> v1.3.34
2026-04-29T05:29:06.2742266Z  * [new tag]           v1.3.35         -> v1.3.35
2026-04-29T05:29:06.2742616Z  * [new tag]           v1.3.36         -> v1.3.36
2026-04-29T05:29:06.2742962Z  * [new tag]           v1.3.37         -> v1.3.37
2026-04-29T05:29:06.2743314Z  * [new tag]           v1.3.38         -> v1.3.38
2026-04-29T05:29:06.2743666Z  * [new tag]           v1.3.39         -> v1.3.39
2026-04-29T05:29:06.2744010Z  * [new tag]           v1.3.4          -> v1.3.4
2026-04-29T05:29:06.2744363Z  * [new tag]           v1.3.40         -> v1.3.40
2026-04-29T05:29:06.2744717Z  * [new tag]           v1.3.41         -> v1.3.41
2026-04-29T05:29:06.2745069Z  * [new tag]           v1.3.42         -> v1.3.42
2026-04-29T05:29:06.2745410Z  * [new tag]           v1.3.43         -> v1.3.43
2026-04-29T05:29:06.2745764Z  * [new tag]           v1.3.44         -> v1.3.44
2026-04-29T05:29:06.2746116Z  * [new tag]           v1.3.45         -> v1.3.45
2026-04-29T05:29:06.2746462Z  * [new tag]           v1.3.46         -> v1.3.46
2026-04-29T05:29:06.2746813Z  * [new tag]           v1.3.47         -> v1.3.47
2026-04-29T05:29:06.2747160Z  * [new tag]           v1.3.48         -> v1.3.48
2026-04-29T05:29:06.2747503Z  * [new tag]           v1.3.49         -> v1.3.49
2026-04-29T05:29:06.2747852Z  * [new tag]           v1.3.5          -> v1.3.5
2026-04-29T05:29:06.2748230Z  * [new tag]           v1.3.5-build.2  -> v1.3.5-build.2
2026-04-29T05:29:06.2748597Z  * [new tag]           v1.3.50         -> v1.3.50
2026-04-29T05:29:06.2748952Z  * [new tag]           v1.3.51         -> v1.3.51
2026-04-29T05:29:06.2749534Z  * [new tag]           v1.3.52         -> v1.3.52
2026-04-29T05:29:06.2749881Z  * [new tag]           v1.3.53         -> v1.3.53
2026-04-29T05:29:06.2750229Z  * [new tag]           v1.3.54         -> v1.3.54
2026-04-29T05:29:06.2750723Z  * [new tag]           v1.3.55         -> v1.3.55
2026-04-29T05:29:06.2751201Z  * [new tag]           v1.3.56         -> v1.3.56
2026-04-29T05:29:06.2751557Z  * [new tag]           v1.3.57         -> v1.3.57
2026-04-29T05:29:06.2751907Z  * [new tag]           v1.3.58         -> v1.3.58
2026-04-29T05:29:06.2752253Z  * [new tag]           v1.3.59         -> v1.3.59
2026-04-29T05:29:06.2752598Z  * [new tag]           v1.3.6          -> v1.3.6
2026-04-29T05:29:06.2752949Z  * [new tag]           v1.3.60         -> v1.3.60
2026-04-29T05:29:06.2753302Z  * [new tag]           v1.3.61         -> v1.3.61
2026-04-29T05:29:06.2753645Z  * [new tag]           v1.3.62         -> v1.3.62
2026-04-29T05:29:06.2753996Z  * [new tag]           v1.3.7          -> v1.3.7
2026-04-29T05:29:06.2754348Z  * [new tag]           v1.3.8          -> v1.3.8
2026-04-29T05:29:06.2754689Z  * [new tag]           v1.3.9          -> v1.3.9
2026-04-29T05:29:06.2755036Z  * [new tag]           v1.4.40         -> v1.4.40
2026-04-29T05:29:06.2755393Z  * [new tag]           v1.5.0          -> v1.5.0
2026-04-29T05:29:06.2755738Z  * [new tag]           v1.5.2          -> v1.5.2
2026-04-29T05:29:06.2756091Z  * [new tag]           v1.5.3          -> v1.5.3
2026-04-29T05:29:06.2756442Z  * [new tag]           v1.6.0          -> v1.6.0
2026-04-29T05:29:06.2756783Z  * [new tag]           v1.7.0          -> v1.7.0
2026-04-29T05:29:06.2757126Z  * [new tag]           v1.7.37         -> v1.7.37
2026-04-29T05:29:06.2757480Z  * [new tag]           v1.7.38         -> v1.7.38
2026-04-29T05:29:06.2757833Z  * [new tag]           v1.7.39         -> v1.7.39
2026-04-29T05:29:06.2758184Z  * [new tag]           v1.7.40         -> v1.7.40
2026-04-29T05:29:06.2758539Z  * [new tag]           v1.7.41         -> v1.7.41
2026-04-29T05:29:06.2758889Z  * [new tag]           v1.7.42         -> v1.7.42
2026-04-29T05:29:06.2759598Z  * [new tag]           v1.7.43         -> v1.7.43
2026-04-29T05:29:06.2759971Z  * [new tag]           v1.7.44         -> v1.7.44
2026-04-29T05:29:06.2760336Z  * [new tag]           v1.7.45         -> v1.7.45
2026-04-29T05:29:06.2760684Z  * [new tag]           v1.7.46         -> v1.7.46
2026-04-29T05:29:06.2761038Z  * [new tag]           v1.7.47         -> v1.7.47
2026-04-29T05:29:06.2761387Z  * [new tag]           v1.7.48         -> v1.7.48
2026-04-29T05:29:06.2761731Z  * [new tag]           v1.7.49         -> v1.7.49
2026-04-29T05:29:06.2762080Z  * [new tag]           v1.7.50         -> v1.7.50
2026-04-29T05:29:06.2762430Z  * [new tag]           v1.7.51         -> v1.7.51
2026-04-29T05:29:06.2762776Z  * [new tag]           v1.7.52         -> v1.7.52
2026-04-29T05:29:06.2763116Z  * [new tag]           v1.7.53         -> v1.7.53
2026-04-29T05:29:06.2763458Z  * [new tag]           v1.7.54         -> v1.7.54
2026-04-29T05:29:06.2763804Z  * [new tag]           v1.7.55         -> v1.7.55
2026-04-29T05:29:06.2764146Z  * [new tag]           v1.7.56         -> v1.7.56
2026-04-29T05:29:06.2764492Z  * [new tag]           v1.7.57         -> v1.7.57
2026-04-29T05:29:06.2764846Z  * [new tag]           v1.7.58         -> v1.7.58
2026-04-29T05:29:06.2765192Z  * [new tag]           v1.7.59         -> v1.7.59
2026-04-29T05:29:06.2765539Z  * [new tag]           v1.7.60         -> v1.7.60
2026-04-29T05:29:06.2765878Z  * [new tag]           v1.7.61         -> v1.7.61
2026-04-29T05:29:06.2766220Z  * [new tag]           v1.7.62         -> v1.7.62
2026-04-29T05:29:06.2766565Z  * [new tag]           v1.7.63         -> v1.7.63
2026-04-29T05:29:06.2766919Z  * [new tag]           v1.7.64         -> v1.7.64
2026-04-29T05:29:06.2767263Z  * [new tag]           v1.7.65         -> v1.7.65
2026-04-29T05:29:06.2767607Z  * [new tag]           v1.7.66         -> v1.7.66
2026-04-29T05:29:06.2767954Z  * [new tag]           v1.7.67         -> v1.7.67
2026-04-29T05:29:06.2768299Z  * [new tag]           v1.7.68         -> v1.7.68
2026-04-29T05:29:06.2768639Z  * [new tag]           v1.7.69         -> v1.7.69
2026-04-29T05:29:06.2768993Z  * [new tag]           v1.7.70         -> v1.7.70
2026-04-29T05:29:06.2769800Z  * [new tag]           v1.7.71         -> v1.7.71
2026-04-29T05:29:06.2770262Z  * [new tag]           v1.7.72         -> v1.7.72
2026-04-29T05:29:06.2770622Z  * [new tag]           v1.7.73         -> v1.7.73
2026-04-29T05:29:06.2770967Z  * [new tag]           v1.7.74         -> v1.7.74
2026-04-29T05:29:06.2771314Z  * [new tag]           v1.7.75         -> v1.7.75
2026-04-29T05:29:06.2771659Z  * [new tag]           v1.7.76         -> v1.7.76
2026-04-29T05:29:06.2772000Z  * [new tag]           v1.7.77         -> v1.7.77
2026-04-29T05:29:06.2772351Z  * [new tag]           v1.7.78         -> v1.7.78
2026-04-29T05:29:06.2772701Z  * [new tag]           v1.7.79         -> v1.7.79
2026-04-29T05:29:06.2773040Z  * [new tag]           v1.7.80         -> v1.7.80
2026-04-29T05:29:06.2773421Z  * [new tag]           v1.7.81         -> v1.7.81
2026-04-29T05:29:06.2773771Z  * [new tag]           v1.7.82         -> v1.7.82
2026-04-29T05:29:06.2774114Z  * [new tag]           v1.7.83         -> v1.7.83
2026-04-29T05:29:06.2774470Z  * [new tag]           v1.7.84         -> v1.7.84
2026-04-29T05:29:06.2774826Z  * [new tag]           v1.7.85         -> v1.7.85
2026-04-29T05:29:06.2775169Z  * [new tag]           v1.7.86         -> v1.7.86
2026-04-29T05:29:06.2775525Z  * [new tag]           v1.7.87         -> v1.7.87
2026-04-29T05:29:06.2865194Z [command]/usr/bin/git rev-parse --verify --quiet c7cc437e5be697ab2899d2359fb072d8a18a9ae3^{object}
2026-04-29T05:29:06.2888532Z c7cc437e5be697ab2899d2359fb072d8a18a9ae3
2026-04-29T05:29:06.2893220Z ##[endgroup]
2026-04-29T05:29:06.2893663Z ##[group]Determining the checkout info
2026-04-29T05:29:06.2894691Z ##[endgroup]
2026-04-29T05:29:06.2899424Z [command]/usr/bin/git sparse-checkout disable
2026-04-29T05:29:06.2933930Z [command]/usr/bin/git config --local --unset-all extensions.worktreeConfig
2026-04-29T05:29:06.2960420Z ##[group]Checking out the ref
2026-04-29T05:29:06.2965066Z [command]/usr/bin/git checkout --progress --force c7cc437e5be697ab2899d2359fb072d8a18a9ae3
2026-04-29T05:29:06.5485561Z Note: switching to 'c7cc437e5be697ab2899d2359fb072d8a18a9ae3'.
2026-04-29T05:29:06.5486149Z 
2026-04-29T05:29:06.5486577Z You are in 'detached HEAD' state. You can look around, make experimental
2026-04-29T05:29:06.5487481Z changes and commit them, and you can discard any commits you make in this
2026-04-29T05:29:06.5488335Z state without impacting any branches by switching back to a branch.
2026-04-29T05:29:06.5488830Z 
2026-04-29T05:29:06.5489527Z If you want to create a new branch to retain commits you create, you may
2026-04-29T05:29:06.5490385Z do so (now or later) by using -c with the switch command. Example:
2026-04-29T05:29:06.5490860Z 
2026-04-29T05:29:06.5491073Z   git switch -c <new-branch-name>
2026-04-29T05:29:06.5491395Z 
2026-04-29T05:29:06.5491605Z Or undo this operation with:
2026-04-29T05:29:06.5491900Z 
2026-04-29T05:29:06.5492070Z   git switch -
2026-04-29T05:29:06.5492298Z 
2026-04-29T05:29:06.5492711Z Turn off this advice by setting config variable advice.detachedHead to false
2026-04-29T05:29:06.5493296Z 
2026-04-29T05:29:06.5494368Z HEAD is now at c7cc437e docs(audits): TODAY_LABEL_SOD_BOUNDARY — append Phase 3 bundle summary + Phase 4 handoff (#939)
2026-04-29T05:29:06.5518828Z ##[endgroup]
2026-04-29T05:29:06.5557991Z [command]/usr/bin/git log -1 --format=%H
2026-04-29T05:29:06.5580066Z c7cc437e5be697ab2899d2359fb072d8a18a9ae3
2026-04-29T05:29:06.5697142Z ##[group]Run set -euo pipefail
2026-04-29T05:29:06.5697507Z [36;1mset -euo pipefail[0m
2026-04-29T05:29:06.5697870Z [36;1m# Switch off the detached merge-sha checkout onto a local branch[0m
2026-04-29T05:29:06.5698350Z [36;1m# tracking main so the later `git push HEAD:main` has somewhere[0m
2026-04-29T05:29:06.5698805Z [36;1m# to go. Fetch the latest main first so we bump from the tip the[0m
2026-04-29T05:29:06.5699641Z [36;1m# push will target — otherwise a concurrent PR's bump from a[0m
2026-04-29T05:29:06.5700094Z [36;1m# queued run ahead of us would get overwritten.[0m
2026-04-29T05:29:06.5700436Z [36;1mgit fetch origin main[0m
2026-04-29T05:29:06.5700910Z [36;1mgit checkout -B main origin/main[0m
2026-04-29T05:29:06.5701203Z [36;1m[0m
2026-04-29T05:29:06.5701591Z [36;1mCURRENT_CODE=$(grep -oP 'versionCode\s*=\s*\K[0-9]+' app/build.gradle.kts | head -1)[0m
2026-04-29T05:29:06.5702056Z [36;1mNEW_CODE=$(( CURRENT_CODE + 1 ))[0m
2026-04-29T05:29:06.5702520Z [36;1msed -i "s/versionCode = [0-9]*/versionCode = $NEW_CODE/" app/build.gradle.kts[0m
2026-04-29T05:29:06.5702928Z [36;1m[0m
2026-04-29T05:29:06.5703288Z [36;1mCURRENT_NAME=$(grep -oP 'versionName\s*=\s*"\K[^"]+' app/build.gradle.kts | head -1)[0m
2026-04-29T05:29:06.5703767Z [36;1mMAJOR=$(echo "$CURRENT_NAME" | cut -d. -f1)[0m
2026-04-29T05:29:06.5704121Z [36;1mMINOR=$(echo "$CURRENT_NAME" | cut -d. -f2)[0m
2026-04-29T05:29:06.5704461Z [36;1mPATCH=$(echo "$CURRENT_NAME" | cut -d. -f3)[0m
2026-04-29T05:29:06.5704784Z [36;1mNEW_PATCH=$(( PATCH + 1 ))[0m
2026-04-29T05:29:06.5705113Z [36;1mNEW_NAME="${MAJOR}.${MINOR}.${NEW_PATCH}"[0m
2026-04-29T05:29:06.5705631Z [36;1msed -i "s/versionName = \"${CURRENT_NAME}\"/versionName = \"${NEW_NAME}\"/" app/build.gradle.kts[0m
2026-04-29T05:29:06.5706101Z [36;1m[0m
2026-04-29T05:29:06.5706369Z [36;1mecho "version_name=$NEW_NAME" >> "$GITHUB_OUTPUT"[0m
2026-04-29T05:29:06.5706750Z [36;1mecho "version_code=$NEW_CODE" >> "$GITHUB_OUTPUT"[0m
2026-04-29T05:29:06.5707141Z [36;1mecho "Bumping to v$NEW_NAME (build $NEW_CODE)"[0m
2026-04-29T05:29:06.5728955Z shell: /usr/bin/bash -e {0}
2026-04-29T05:29:06.5729534Z ##[endgroup]
2026-04-29T05:29:06.7190340Z From https://github.com/averycorp/prismTask
2026-04-29T05:29:06.7191015Z  * branch              main       -> FETCH_HEAD
2026-04-29T05:29:06.8996608Z Switched to a new branch 'main'
2026-04-29T05:29:06.8998304Z branch 'main' set up to track 'origin/main'.
2026-04-29T05:29:06.9128951Z Bumping to v1.7.88 (build 788)
2026-04-29T05:29:06.9180130Z ##[group]Run set -euo pipefail
2026-04-29T05:29:06.9180446Z [36;1mset -euo pipefail[0m
2026-04-29T05:29:06.9180835Z [36;1mgit config --local user.email "github-actions[bot]@users.noreply.github.com"[0m
2026-04-29T05:29:06.9181307Z [36;1mgit config --local user.name "github-actions[bot]"[0m
2026-04-29T05:29:06.9181644Z [36;1mgit add app/build.gradle.kts[0m
2026-04-29T05:29:06.9181929Z [36;1mif git diff --cached --quiet; then[0m
2026-04-29T05:29:06.9182211Z [36;1m  echo "No version bump to commit"[0m
2026-04-29T05:29:06.9182463Z [36;1m  exit 0[0m
2026-04-29T05:29:06.9182641Z [36;1mfi[0m
2026-04-29T05:29:06.9182904Z [36;1mgit commit -m "chore: bump to v1.7.88 (build 788) [skip ci]"[0m
2026-04-29T05:29:06.9183351Z [36;1m# Another PR merge can push to main while this job is running,[0m
2026-04-29T05:29:06.9183768Z [36;1m# so a straight `git push` here races and silently loses the[0m
2026-04-29T05:29:06.9184234Z [36;1m# bump commit. Rebase onto the current main tip and retry on rejection.[0m
2026-04-29T05:29:06.9184610Z [36;1mfor attempt in 1 2 3 4 5; do[0m
2026-04-29T05:29:06.9184871Z [36;1m  if git push origin HEAD:main; then[0m
2026-04-29T05:29:06.9185198Z [36;1m    echo "Pushed version bump on attempt $attempt"[0m
2026-04-29T05:29:06.9185490Z [36;1m    exit 0[0m
2026-04-29T05:29:06.9185669Z [36;1m  fi[0m
2026-04-29T05:29:06.9185990Z [36;1m  echo "Push rejected on attempt $attempt; rebasing onto origin/main and retrying"[0m
2026-04-29T05:29:06.9186398Z [36;1m  git fetch origin main[0m
2026-04-29T05:29:06.9186643Z [36;1m  if ! git rebase origin/main; then[0m
2026-04-29T05:29:06.9186914Z [36;1m    git rebase --abort || true[0m
2026-04-29T05:29:06.9187277Z [36;1m    echo "::error::Rebase conflict while replaying version bump; aborting."[0m
2026-04-29T05:29:06.9187639Z [36;1m    exit 1[0m
2026-04-29T05:29:06.9187826Z [36;1m  fi[0m
2026-04-29T05:29:06.9188011Z [36;1m  sleep $((attempt * 2))[0m
2026-04-29T05:29:06.9188233Z [36;1mdone[0m
2026-04-29T05:29:06.9188509Z [36;1mecho "::error::Failed to push version bump after 5 attempts."[0m
2026-04-29T05:29:06.9188843Z [36;1mexit 1[0m
2026-04-29T05:29:06.9210625Z shell: /usr/bin/bash -e {0}
2026-04-29T05:29:06.9211006Z ##[endgroup]
2026-04-29T05:29:07.1051772Z [main 9ac89e10] chore: bump to v1.7.88 (build 788) [skip ci]
2026-04-29T05:29:07.1052544Z  1 file changed, 2 insertions(+), 2 deletions(-)
2026-04-29T05:29:07.2327985Z remote: Permission to averycorp/prismTask.git denied to akarlin3.
2026-04-29T05:29:07.2329405Z fatal: unable to access 'https://github.com/averycorp/prismTask/': The requested URL returned error: 403
2026-04-29T05:29:07.2348363Z Push rejected on attempt 1; rebasing onto origin/main and retrying
2026-04-29T05:29:07.3863000Z From https://github.com/averycorp/prismTask
2026-04-29T05:29:07.3863623Z  * branch              main       -> FETCH_HEAD
2026-04-29T05:29:07.3952125Z Current branch main is up to date.
2026-04-29T05:29:09.4973194Z remote: Permission to averycorp/prismTask.git denied to akarlin3.
2026-04-29T05:29:09.4974177Z fatal: unable to access 'https://github.com/averycorp/prismTask/': The requested URL returned error: 403
2026-04-29T05:29:09.4988700Z Push rejected on attempt 2; rebasing onto origin/main and retrying
2026-04-29T05:29:09.6571855Z From https://github.com/averycorp/prismTask
2026-04-29T05:29:09.6572223Z  * branch              main       -> FETCH_HEAD
2026-04-29T05:29:09.6661711Z Current branch main is up to date.
2026-04-29T05:29:13.7766452Z remote: Permission to averycorp/prismTask.git denied to akarlin3.
2026-04-29T05:29:13.7767736Z fatal: unable to access 'https://github.com/averycorp/prismTask/': The requested URL returned error: 403
2026-04-29T05:29:13.7784503Z Push rejected on attempt 3; rebasing onto origin/main and retrying
2026-04-29T05:29:13.9289163Z From https://github.com/averycorp/prismTask
2026-04-29T05:29:13.9289907Z  * branch              main       -> FETCH_HEAD
2026-04-29T05:29:13.9371089Z Current branch main is up to date.
2026-04-29T05:29:20.0533819Z remote: Permission to averycorp/prismTask.git denied to akarlin3.
2026-04-29T05:29:20.0535241Z fatal: unable to access 'https://github.com/averycorp/prismTask/': The requested URL returned error: 403
2026-04-29T05:29:20.0550197Z Push rejected on attempt 4; rebasing onto origin/main and retrying
2026-04-29T05:29:20.2060149Z From https://github.com/averycorp/prismTask
2026-04-29T05:29:20.2060723Z  * branch              main       -> FETCH_HEAD
2026-04-29T05:29:20.2147060Z Current branch main is up to date.
2026-04-29T05:29:28.3311161Z remote: Permission to averycorp/prismTask.git denied to akarlin3.
2026-04-29T05:29:28.3312402Z fatal: unable to access 'https://github.com/averycorp/prismTask/': The requested URL returned error: 403
2026-04-29T05:29:28.3326931Z Push rejected on attempt 5; rebasing onto origin/main and retrying
2026-04-29T05:29:28.5054547Z From https://github.com/averycorp/prismTask
2026-04-29T05:29:28.5055086Z  * branch              main       -> FETCH_HEAD
2026-04-29T05:29:28.5137300Z Current branch main is up to date.
2026-04-29T05:29:38.5190994Z ##[error]Failed to push version bump after 5 attempts.
2026-04-29T05:29:38.5200050Z ##[error]Process completed with exit code 1.
2026-04-29T05:29:38.5308723Z Post job cleanup.
2026-04-29T05:29:38.6268373Z [command]/usr/bin/git version
2026-04-29T05:29:38.6313155Z git version 2.53.0
2026-04-29T05:29:38.6355982Z Temporarily overriding HOME='/home/runner/work/_temp/e93b6275-bac8-4c35-9378-15bc79829012' before making global git config changes
2026-04-29T05:29:38.6357328Z Adding repository directory to the temporary git global config as a safe directory
2026-04-29T05:29:38.6361654Z [command]/usr/bin/git config --global --add safe.directory /home/runner/work/prismTask/prismTask
2026-04-29T05:29:38.6393771Z [command]/usr/bin/git config --local --name-only --get-regexp core\.sshCommand
2026-04-29T05:29:38.6425694Z [command]/usr/bin/git submodule foreach --recursive sh -c "git config --local --name-only --get-regexp 'core\.sshCommand' && git config --local --unset-all 'core.sshCommand' || :"
2026-04-29T05:29:38.6644260Z [command]/usr/bin/git config --local --name-only --get-regexp http\.https\:\/\/github\.com\/\.extraheader
2026-04-29T05:29:38.6667057Z http.https://github.com/.extraheader
2026-04-29T05:29:38.6680707Z [command]/usr/bin/git config --local --unset-all http.https://github.com/.extraheader
2026-04-29T05:29:38.6709613Z [command]/usr/bin/git submodule foreach --recursive sh -c "git config --local --name-only --get-regexp 'http\.https\:\/\/github\.com\/\.extraheader' && git config --local --unset-all 'http.https://github.com/.extraheader' || :"
2026-04-29T05:29:38.6923424Z [command]/usr/bin/git config --local --name-only --get-regexp ^includeIf\.gitdir:
2026-04-29T05:29:38.6952484Z [command]/usr/bin/git submodule foreach --recursive git config --local --show-origin --name-only --get-regexp remote.origin.url
2026-04-29T05:29:38.7279745Z Cleaning up orphan processes
2026-04-29T05:29:38.7566511Z ##[warning]Node.js 20 actions are deprecated. The following actions are running on Node.js 20 and may not work as expected: actions/checkout@v4. Actions will be forced to run with Node.js 24 by default starting June 2nd, 2026. Node.js 20 will be removed from the runner on September 16th, 2026. Please check if updated versions of these actions are available that support Node.js 24. To opt into Node.js 24 now, set the FORCE_JAVASCRIPT_ACTIONS_TO_NODE24=true environment variable on the runner or in your workflow file. Once Node.js 24 becomes the default, you can temporarily opt out by setting ACTIONS_ALLOW_USE_UNSECURE_NODE_VERSION=true. For more information see: https://github.blog/changelog/2025-09-19-deprecation-of-node-20-on-github-actions-runners/
