=== CI FAILURE ===
Workflow:      Version Bump & Tag
Workflow file: averycorp/prismTask/.github/workflows/version-bump-and-tag.yml@refs/heads/main
Job(s):        Version Bump & Tag
Run ID:        25079043830
Run attempt:   1
Run URL:       https://github.com/averycorp/prismTask/actions/runs/25079043830
Commit:        07a58d9ef6d1db4d60e43a55ae0a6e1a98e9bfd1
Branch:        main
Event:         workflow_run
Actor:         akarlin3
Runner OS:     Linux
Timestamp:     2026-04-28T21:39:27.972Z

Failed steps:
  - Version Bump & Tag: #6 Commit version bump

=== FAILED JOB LOG ===

--- Job: Version Bump & Tag (id 73479322073) ---
2026-04-28T21:38:25.8616026Z Current runner version: '2.334.0'
2026-04-28T21:38:25.8640170Z ##[group]Runner Image Provisioner
2026-04-28T21:38:25.8641071Z Hosted Compute Agent
2026-04-28T21:38:25.8641688Z Version: 20260213.493
2026-04-28T21:38:25.8642278Z Commit: 5c115507f6dd24b8de37d8bbe0bb4509d0cc0fa3
2026-04-28T21:38:25.8643302Z Build Date: 2026-02-13T00:28:41Z
2026-04-28T21:38:25.8643944Z Worker ID: {00d5682d-fbb4-48a5-831d-579dbe06498f}
2026-04-28T21:38:25.8644651Z Azure Region: northcentralus
2026-04-28T21:38:25.8645293Z ##[endgroup]
2026-04-28T21:38:25.8646805Z ##[group]Operating System
2026-04-28T21:38:25.8647438Z Ubuntu
2026-04-28T21:38:25.8647995Z 24.04.4
2026-04-28T21:38:25.8648433Z LTS
2026-04-28T21:38:25.8648906Z ##[endgroup]
2026-04-28T21:38:25.8649417Z ##[group]Runner Image
2026-04-28T21:38:25.8650025Z Image: ubuntu-24.04
2026-04-28T21:38:25.8650544Z Version: 20260413.86.1
2026-04-28T21:38:25.8651743Z Included Software: https://github.com/actions/runner-images/blob/ubuntu24/20260413.86/images/ubuntu/Ubuntu2404-Readme.md
2026-04-28T21:38:25.8653609Z Image Release: https://github.com/actions/runner-images/releases/tag/ubuntu24%2F20260413.86
2026-04-28T21:38:25.8654639Z ##[endgroup]
2026-04-28T21:38:25.8655860Z ##[group]GITHUB_TOKEN Permissions
2026-04-28T21:38:25.8658010Z Actions: write
2026-04-28T21:38:25.8658605Z Contents: write
2026-04-28T21:38:25.8659101Z Metadata: read
2026-04-28T21:38:25.8659656Z PullRequests: read
2026-04-28T21:38:25.8660202Z ##[endgroup]
2026-04-28T21:38:25.8662313Z Secret source: Actions
2026-04-28T21:38:25.8663926Z Prepare workflow directory
2026-04-28T21:38:25.9010655Z Prepare all required actions
2026-04-28T21:38:25.9048522Z Getting action download info
2026-04-28T21:38:26.2271203Z Download action repository 'actions/checkout@v4' (SHA:34e114876b0b11c390a56381ad16ebd13914f8d5)
2026-04-28T21:38:26.4482155Z Complete job name: Version Bump & Tag
2026-04-28T21:38:26.5178401Z ##[group]Run set -euo pipefail
2026-04-28T21:38:26.5179076Z [36;1mset -euo pipefail[0m
2026-04-28T21:38:26.5179653Z [36;1mif [ "$EVENT_NAME" = "workflow_dispatch" ]; then[0m
2026-04-28T21:38:26.5180487Z [36;1m  # Manual dispatch path — use the input if provided, otherwise[0m
2026-04-28T21:38:26.5181267Z [36;1m  # walk the latest merged PR on main and target that.[0m
2026-04-28T21:38:26.5181908Z [36;1m  if [ -n "$DISPATCH_PR" ]; then[0m
2026-04-28T21:38:26.5182729Z [36;1m    echo "pr_number=$DISPATCH_PR" >> "$GITHUB_OUTPUT"[0m
2026-04-28T21:38:26.5183401Z [36;1m    echo "found=true" >> "$GITHUB_OUTPUT"[0m
2026-04-28T21:38:26.5184058Z [36;1m    echo "Using PR #$DISPATCH_PR from dispatch input."[0m
2026-04-28T21:38:26.5184646Z [36;1m    exit 0[0m
2026-04-28T21:38:26.5185050Z [36;1m  fi[0m
2026-04-28T21:38:26.5185609Z [36;1m  PR_NUMBER=$(gh pr list --repo "$REPO" --state merged --base main \[0m
2026-04-28T21:38:26.5186432Z [36;1m    --limit 1 --json number -q '.[0].number // empty')[0m
2026-04-28T21:38:26.5187050Z [36;1m  if [ -z "$PR_NUMBER" ]; then[0m
2026-04-28T21:38:26.5187780Z [36;1m    echo "::warning::No merged PRs found on main. Cannot resolve PR; skipping."[0m
2026-04-28T21:38:26.5188585Z [36;1m    echo "found=false" >> "$GITHUB_OUTPUT"[0m
2026-04-28T21:38:26.5189132Z [36;1m    exit 0[0m
2026-04-28T21:38:26.5189533Z [36;1m  fi[0m
2026-04-28T21:38:26.5190011Z [36;1m  echo "pr_number=$PR_NUMBER" >> "$GITHUB_OUTPUT"[0m
2026-04-28T21:38:26.5190632Z [36;1m  echo "found=true" >> "$GITHUB_OUTPUT"[0m
2026-04-28T21:38:26.5191363Z [36;1m  echo "Resolved most-recent merged PR #$PR_NUMBER for dispatch run."[0m
2026-04-28T21:38:26.5192041Z [36;1m  exit 0[0m
2026-04-28T21:38:26.5192427Z [36;1mfi[0m
2026-04-28T21:38:26.5192925Z [36;1m[0m
2026-04-28T21:38:26.5193392Z [36;1m# Path 1 — fast path: pull_requests was populated.[0m
2026-04-28T21:38:26.5194149Z [36;1mPR_NUMBER=$(echo "$PR_JSON" | jq -r '.[0].number // empty')[0m
2026-04-28T21:38:26.5195012Z [36;1mif [ -n "$PR_NUMBER" ]; then[0m
2026-04-28T21:38:26.5195716Z [36;1m  echo "pr_number=$PR_NUMBER" >> "$GITHUB_OUTPUT"[0m
2026-04-28T21:38:26.5196748Z [36;1m  echo "found=true" >> "$GITHUB_OUTPUT"[0m
2026-04-28T21:38:26.5197567Z [36;1m  echo "Resolved PR #$PR_NUMBER from workflow_run payload."[0m
2026-04-28T21:38:26.5198218Z [36;1m  exit 0[0m
2026-04-28T21:38:26.5198603Z [36;1mfi[0m
2026-04-28T21:38:26.5199084Z [36;1m[0m
2026-04-28T21:38:26.5199616Z [36;1m# Path 2 — fallback: look the PR up by HEAD SHA. Works in both[0m
2026-04-28T21:38:26.5200407Z [36;1m# the pre-merge case (auto-merge.yml fires before the squash[0m
2026-04-28T21:38:26.5201188Z [36;1m# actually happens; the open PR still has this commit at its[0m
2026-04-28T21:38:26.5201995Z [36;1m# head) and the post-merge case (GitHub keeps the commit→PR[0m
2026-04-28T21:38:26.5202919Z [36;1m# mapping after squash, so we still resolve correctly even if[0m
2026-04-28T21:38:26.5203725Z [36;1m# the source branch was deleted). The downstream "Wait for PR[0m
2026-04-28T21:38:26.5204478Z [36;1m# to merge" step handles the timing — we only need the PR[0m
2026-04-28T21:38:26.5205124Z [36;1m# number here, not its merge state.[0m
2026-04-28T21:38:26.5205636Z [36;1m#[0m
2026-04-28T21:38:26.5206170Z [36;1m# Deliberately NOT falling back to "most recent merged PR" —[0m
2026-04-28T21:38:26.5206941Z [36;1m# that race-condition-bumps a previously-merged PR if[0m
2026-04-28T21:38:26.5207640Z [36;1m# workflow_run fires before the queued merge lands.[0m
2026-04-28T21:38:26.5208254Z [36;1mif [ -z "$HEAD_SHA" ]; then[0m
2026-04-28T21:38:26.5208978Z [36;1m  echo "::warning::workflow_run.head_sha is empty; cannot resolve PR. Skipping."[0m
2026-04-28T21:38:26.5209773Z [36;1m  echo "found=false" >> "$GITHUB_OUTPUT"[0m
2026-04-28T21:38:26.5210315Z [36;1m  exit 0[0m
2026-04-28T21:38:26.5210690Z [36;1mfi[0m
2026-04-28T21:38:26.5211226Z [36;1m# Capture the API response separately instead of piping through[0m
2026-04-28T21:38:26.5212208Z [36;1m# `gh api --jq` directly. Under `set -euo pipefail`, an empty or[0m
2026-04-28T21:38:26.5213167Z [36;1m# non-JSON response body crashes the embedded jq with[0m
2026-04-28T21:38:26.5213915Z [36;1m# `unexpected end of JSON input` and aborts the whole script[0m
2026-04-28T21:38:26.5214703Z [36;1m# before the empty-result branch below can fire — observed on[0m
2026-04-28T21:38:26.5215478Z [36;1m# PR #857's post-merge run, which silently dropped the version[0m
2026-04-28T21:38:26.5216235Z [36;1m# bump on the floor. The retry loop covers the indexing-lag[0m
2026-04-28T21:38:26.5217034Z [36;1m# window where `commits/{sha}/pulls` returns `[]` for a few[0m
2026-04-28T21:38:26.5217772Z [36;1m# seconds after the squash-merge push lands.[0m
2026-04-28T21:38:26.5218338Z [36;1mPR_NUMBER=""[0m
2026-04-28T21:38:26.5218763Z [36;1mfor attempt in 1 2 3; do[0m
2026-04-28T21:38:26.5219253Z [36;1m  RESPONSE=$(gh api \[0m
2026-04-28T21:38:26.5219785Z [36;1m    "repos/$REPO/commits/$HEAD_SHA/pulls" \[0m
2026-04-28T21:38:26.5220506Z [36;1m    -H "Accept: application/vnd.github+json" 2>/dev/null || echo "[]")[0m
2026-04-28T21:38:26.5221331Z [36;1m  PR_NUMBER=$(printf '%s' "$RESPONSE" | jq -r '[0m
2026-04-28T21:38:26.5221970Z [36;1m    if type == "array" and length > 0 then[0m
2026-04-28T21:38:26.5222755Z [36;1m      (sort_by(.number) | reverse | .[0].number // empty)[0m
2026-04-28T21:38:26.5223371Z [36;1m    else empty end[0m
2026-04-28T21:38:26.5223840Z [36;1m  ' 2>/dev/null || echo "")[0m
2026-04-28T21:38:26.5224343Z [36;1m  [ -n "$PR_NUMBER" ] && break[0m
2026-04-28T21:38:26.5225104Z [36;1m  echo "commits/$HEAD_SHA/pulls returned no PR (attempt $attempt/3); sleeping 5s..."[0m
2026-04-28T21:38:26.5225859Z [36;1m  sleep 5[0m
2026-04-28T21:38:26.5226255Z [36;1mdone[0m
2026-04-28T21:38:26.5226654Z [36;1mif [ -z "$PR_NUMBER" ]; then[0m
2026-04-28T21:38:26.5227493Z [36;1m  echo "::warning::No PR found for commit $HEAD_SHA via commits/{sha}/pulls after 3 attempts. Skipping."[0m
2026-04-28T21:38:26.5228400Z [36;1m  echo "found=false" >> "$GITHUB_OUTPUT"[0m
2026-04-28T21:38:26.5228938Z [36;1m  exit 0[0m
2026-04-28T21:38:26.5229318Z [36;1mfi[0m
2026-04-28T21:38:26.5229949Z [36;1mecho "pr_number=$PR_NUMBER" >> "$GITHUB_OUTPUT"[0m
2026-04-28T21:38:26.5230574Z [36;1mecho "found=true" >> "$GITHUB_OUTPUT"[0m
2026-04-28T21:38:26.5231297Z [36;1mecho "Resolved PR #$PR_NUMBER from commits/$HEAD_SHA/pulls fallback."[0m
2026-04-28T21:38:26.5256453Z shell: /usr/bin/bash -e {0}
2026-04-28T21:38:26.5257224Z env:
2026-04-28T21:38:26.5257836Z   GH_TOKEN: ***
2026-04-28T21:38:26.5258277Z   REPO: averycorp/prismTask
2026-04-28T21:38:26.5258753Z   EVENT_NAME: workflow_run
2026-04-28T21:38:26.5259196Z   PR_JSON: []
2026-04-28T21:38:26.5259656Z   HEAD_SHA: 4e2685d2bfcf4594c9d14e6bedcec2a674d1cf82
2026-04-28T21:38:26.5260226Z   DISPATCH_PR: 
2026-04-28T21:38:26.5260607Z ##[endgroup]
2026-04-28T21:38:26.9511522Z Resolved PR #921 from commits/4e2685d2bfcf4594c9d14e6bedcec2a674d1cf82/pulls fallback.
2026-04-28T21:38:26.9649458Z ##[group]Run set -euo pipefail
2026-04-28T21:38:26.9650096Z [36;1mset -euo pipefail[0m
2026-04-28T21:38:26.9650746Z [36;1m# gh pr merge --auto may queue the merge until required checks[0m
2026-04-28T21:38:26.9651563Z [36;1m# pass. Poll until MERGED, CLOSED, or timeout.[0m
2026-04-28T21:38:26.9652170Z [36;1m#[0m
2026-04-28T21:38:26.9653023Z [36;1m# Audit PR #876 → CI pathway efficiency: ceiling raised[0m
2026-04-28T21:38:26.9653869Z [36;1m# 60→120 attempts × 10s = 20 min. Real Android PRs (PR #851[0m
2026-04-28T21:38:26.9654687Z [36;1m# took 37 min from open to merge; PR #859 took 14 min) can[0m
2026-04-28T21:38:26.9655480Z [36;1m# exceed the prior 10-min ceiling because auto-merge.yml[0m
2026-04-28T21:38:26.9656293Z [36;1m# queues on slow lane completion. A silently-dropped bump[0m
2026-04-28T21:38:26.9657133Z [36;1m# (memory `feedback_skip_ci_blocks_tag_release.md`) requires a[0m
2026-04-28T21:38:26.9658021Z [36;1m# manual `gh workflow run release.yml --ref vX.Y.Z` re-fire,[0m
2026-04-28T21:38:26.9658856Z [36;1m# which is a real recovery cost. 20 min covers all observed[0m
2026-04-28T21:38:26.9659653Z [36;1m# PR lifecycles in the audit window without expanding[0m
2026-04-28T21:38:26.9660460Z [36;1m# workflow_run resource cost meaningfully (idle polling).[0m
2026-04-28T21:38:26.9661136Z [36;1mfor i in $(seq 1 120); do[0m
2026-04-28T21:38:26.9661841Z [36;1m  STATE=$(gh pr view "$PR_NUMBER" --repo "$REPO" --json state -q '.state')[0m
2026-04-28T21:38:26.9662827Z [36;1m  case "$STATE" in[0m
2026-04-28T21:38:26.9663332Z [36;1m    MERGED)[0m
2026-04-28T21:38:26.9664086Z [36;1m      MERGE_SHA=$(gh pr view "$PR_NUMBER" --repo "$REPO" --json mergeCommit -q '.mergeCommit.oid')[0m
2026-04-28T21:38:26.9665012Z [36;1m      echo "merged=true" >> "$GITHUB_OUTPUT"[0m
2026-04-28T21:38:26.9665702Z [36;1m      echo "merge_sha=$MERGE_SHA" >> "$GITHUB_OUTPUT"[0m
2026-04-28T21:38:26.9666368Z [36;1m      echo "PR merged at $MERGE_SHA"[0m
2026-04-28T21:38:26.9666915Z [36;1m      exit 0[0m
2026-04-28T21:38:26.9667353Z [36;1m      ;;[0m
2026-04-28T21:38:26.9667773Z [36;1m    CLOSED)[0m
2026-04-28T21:38:26.9668282Z [36;1m      echo "merged=false" >> "$GITHUB_OUTPUT"[0m
2026-04-28T21:38:26.9668987Z [36;1m      echo "PR closed without merging — skipping bump."[0m
2026-04-28T21:38:26.9669639Z [36;1m      exit 0[0m
2026-04-28T21:38:26.9670085Z [36;1m      ;;[0m
2026-04-28T21:38:26.9670496Z [36;1m    *)[0m
2026-04-28T21:38:26.9671483Z [36;1m      echo "PR state=$STATE (attempt $i/120); sleeping 10s..."[0m
2026-04-28T21:38:26.9673194Z [36;1m      sleep 10[0m
2026-04-28T21:38:26.9673761Z [36;1m      ;;[0m
2026-04-28T21:38:26.9674162Z [36;1m  esac[0m
2026-04-28T21:38:26.9674559Z [36;1mdone[0m
2026-04-28T21:38:26.9675008Z [36;1mecho "merged=false" >> "$GITHUB_OUTPUT"[0m
2026-04-28T21:38:26.9675817Z [36;1mecho "::warning::PR did not reach MERGED within 20 minutes — skipping bump."[0m
2026-04-28T21:38:26.9697925Z shell: /usr/bin/bash -e {0}
2026-04-28T21:38:26.9698441Z env:
2026-04-28T21:38:26.9699049Z   GH_TOKEN: ***
2026-04-28T21:38:26.9699477Z   PR_NUMBER: 921
2026-04-28T21:38:26.9699909Z   REPO: averycorp/prismTask
2026-04-28T21:38:26.9700552Z ##[endgroup]
2026-04-28T21:38:27.5114153Z PR merged at 07a58d9ef6d1db4d60e43a55ae0a6e1a98e9bfd1
2026-04-28T21:38:27.5396882Z ##[group]Run actions/checkout@v4
2026-04-28T21:38:27.5398110Z with:
2026-04-28T21:38:27.5400276Z   token: ***
2026-04-28T21:38:27.5401263Z   ref: 07a58d9ef6d1db4d60e43a55ae0a6e1a98e9bfd1
2026-04-28T21:38:27.5402726Z   fetch-depth: 0
2026-04-28T21:38:27.5403695Z   repository: averycorp/prismTask
2026-04-28T21:38:27.5404812Z   ssh-strict: true
2026-04-28T21:38:27.5405710Z   ssh-user: git
2026-04-28T21:38:27.5406620Z   persist-credentials: true
2026-04-28T21:38:27.5407663Z   clean: true
2026-04-28T21:38:27.5408581Z   sparse-checkout-cone-mode: true
2026-04-28T21:38:27.5409679Z   fetch-tags: false
2026-04-28T21:38:27.5410574Z   show-progress: true
2026-04-28T21:38:27.5411476Z   lfs: false
2026-04-28T21:38:27.5412282Z   submodules: false
2026-04-28T21:38:27.5413303Z   set-safe-directory: true
2026-04-28T21:38:27.5414265Z ##[endgroup]
2026-04-28T21:38:27.6518300Z Syncing repository: averycorp/prismTask
2026-04-28T21:38:27.6520989Z ##[group]Getting Git version info
2026-04-28T21:38:27.6522897Z Working directory is '/home/runner/work/prismTask/prismTask'
2026-04-28T21:38:27.6525084Z [command]/usr/bin/git version
2026-04-28T21:38:27.6579690Z git version 2.53.0
2026-04-28T21:38:27.6606375Z ##[endgroup]
2026-04-28T21:38:27.6620964Z Temporarily overriding HOME='/home/runner/work/_temp/43b94ac3-3279-40eb-9a86-5c7f05f5247a' before making global git config changes
2026-04-28T21:38:27.6624783Z Adding repository directory to the temporary git global config as a safe directory
2026-04-28T21:38:27.6627835Z [command]/usr/bin/git config --global --add safe.directory /home/runner/work/prismTask/prismTask
2026-04-28T21:38:27.6659209Z Deleting the contents of '/home/runner/work/prismTask/prismTask'
2026-04-28T21:38:27.6663048Z ##[group]Initializing the repository
2026-04-28T21:38:27.6666997Z [command]/usr/bin/git init /home/runner/work/prismTask/prismTask
2026-04-28T21:38:27.6774405Z hint: Using 'master' as the name for the initial branch. This default branch name
2026-04-28T21:38:27.6777383Z hint: will change to "main" in Git 3.0. To configure the initial branch name
2026-04-28T21:38:27.6780194Z hint: to use in all of your new repositories, which will suppress this warning,
2026-04-28T21:38:27.6782310Z hint: call:
2026-04-28T21:38:27.6783649Z hint:
2026-04-28T21:38:27.6784813Z hint: 	git config --global init.defaultBranch <name>
2026-04-28T21:38:27.6786575Z hint:
2026-04-28T21:38:27.6787934Z hint: Names commonly chosen instead of 'master' are 'main', 'trunk' and
2026-04-28T21:38:27.6790276Z hint: 'development'. The just-created branch can be renamed via this command:
2026-04-28T21:38:27.6792136Z hint:
2026-04-28T21:38:27.6793322Z hint: 	git branch -m <name>
2026-04-28T21:38:27.6794432Z hint:
2026-04-28T21:38:27.6795906Z hint: Disable this message with "git config set advice.defaultBranchName false"
2026-04-28T21:38:27.6798316Z Initialized empty Git repository in /home/runner/work/prismTask/prismTask/.git/
2026-04-28T21:38:27.6802474Z [command]/usr/bin/git remote add origin https://github.com/averycorp/prismTask
2026-04-28T21:38:27.6818900Z ##[endgroup]
2026-04-28T21:38:27.6820592Z ##[group]Disabling automatic garbage collection
2026-04-28T21:38:27.6822720Z [command]/usr/bin/git config --local gc.auto 0
2026-04-28T21:38:27.6853640Z ##[endgroup]
2026-04-28T21:38:27.6856125Z ##[group]Setting up auth
2026-04-28T21:38:27.6861217Z [command]/usr/bin/git config --local --name-only --get-regexp core\.sshCommand
2026-04-28T21:38:27.6895352Z [command]/usr/bin/git submodule foreach --recursive sh -c "git config --local --name-only --get-regexp 'core\.sshCommand' && git config --local --unset-all 'core.sshCommand' || :"
2026-04-28T21:38:27.7184020Z [command]/usr/bin/git config --local --name-only --get-regexp http\.https\:\/\/github\.com\/\.extraheader
2026-04-28T21:38:27.7216480Z [command]/usr/bin/git submodule foreach --recursive sh -c "git config --local --name-only --get-regexp 'http\.https\:\/\/github\.com\/\.extraheader' && git config --local --unset-all 'http.https://github.com/.extraheader' || :"
2026-04-28T21:38:27.7432291Z [command]/usr/bin/git config --local --name-only --get-regexp ^includeIf\.gitdir:
2026-04-28T21:38:27.7465192Z [command]/usr/bin/git submodule foreach --recursive git config --local --show-origin --name-only --get-regexp remote.origin.url
2026-04-28T21:38:27.7684167Z [command]/usr/bin/git config --local http.https://github.com/.extraheader AUTHORIZATION: basic ***
2026-04-28T21:38:27.7719134Z ##[endgroup]
2026-04-28T21:38:27.7721648Z ##[group]Fetching the repository
2026-04-28T21:38:27.7730759Z [command]/usr/bin/git -c protocol.version=2 fetch --prune --no-recurse-submodules origin +refs/heads/*:refs/remotes/origin/* +refs/tags/*:refs/tags/*
2026-04-28T21:38:46.2920768Z From https://github.com/averycorp/prismTask
2026-04-28T21:38:46.2922109Z  * [new branch]        ci-logs         -> origin/ci-logs
2026-04-28T21:38:46.2923153Z  * [new branch]        main            -> origin/main
2026-04-28T21:38:46.2923874Z  * [new branch]        v0.1.0-legacy   -> origin/v0.1.0-legacy
2026-04-28T21:38:46.2924534Z  * [new branch]        v0.2.0-legacy   -> origin/v0.2.0-legacy
2026-04-28T21:38:46.2925222Z  * [new branch]        v0.3.0-legacy   -> origin/v0.3.0-legacy
2026-04-28T21:38:46.2925872Z  * [new branch]        v0.4.0-legacy   -> origin/v0.4.0-legacy
2026-04-28T21:38:46.2926497Z  * [new branch]        v0.5.0-legacy   -> origin/v0.5.0-legacy
2026-04-28T21:38:46.2927195Z  * [new branch]        v0.6.0-legacy   -> origin/v0.6.0-legacy
2026-04-28T21:38:46.2927823Z  * [new branch]        v0.7.0-legacy   -> origin/v0.7.0-legacy
2026-04-28T21:38:46.2928386Z  * [new tag]           v0.1.0          -> v0.1.0
2026-04-28T21:38:46.3022269Z  * [new tag]           v0.2.0          -> v0.2.0
2026-04-28T21:38:46.3023048Z  * [new tag]           v0.3.0          -> v0.3.0
2026-04-28T21:38:46.3023582Z  * [new tag]           v0.4.0          -> v0.4.0
2026-04-28T21:38:46.3024122Z  * [new tag]           v0.5.0          -> v0.5.0
2026-04-28T21:38:46.3024672Z  * [new tag]           v0.7.0          -> v0.7.0
2026-04-28T21:38:46.3025177Z  * [new tag]           v0.7.12         -> v0.7.12
2026-04-28T21:38:46.3025686Z  * [new tag]           v0.7.13         -> v0.7.13
2026-04-28T21:38:46.3026191Z  * [new tag]           v0.7.14         -> v0.7.14
2026-04-28T21:38:46.3026679Z  * [new tag]           v0.7.15         -> v0.7.15
2026-04-28T21:38:46.3027248Z  * [new tag]           v0.7.16         -> v0.7.16
2026-04-28T21:38:46.3027744Z  * [new tag]           v0.7.17         -> v0.7.17
2026-04-28T21:38:46.3028271Z  * [new tag]           v0.7.17-build.2 -> v0.7.17-build.2
2026-04-28T21:38:46.3028838Z  * [new tag]           v0.7.17-build.3 -> v0.7.17-build.3
2026-04-28T21:38:46.3029390Z  * [new tag]           v0.7.17-build.4 -> v0.7.17-build.4
2026-04-28T21:38:46.3029921Z  * [new tag]           v0.7.17-build.5 -> v0.7.17-build.5
2026-04-28T21:38:46.3030460Z  * [new tag]           v0.7.17-build.6 -> v0.7.17-build.6
2026-04-28T21:38:46.3031171Z  * [new tag]           v0.7.17-build.7 -> v0.7.17-build.7
2026-04-28T21:38:46.3031722Z  * [new tag]           v0.7.17-build.8 -> v0.7.17-build.8
2026-04-28T21:38:46.3032392Z  * [new tag]           v0.7.17-build.9 -> v0.7.17-build.9
2026-04-28T21:38:46.3033372Z  * [new tag]           v0.7.18         -> v0.7.18
2026-04-28T21:38:46.3033946Z  * [new tag]           v0.7.18-build.2 -> v0.7.18-build.2
2026-04-28T21:38:46.3034528Z  * [new tag]           v0.7.18-build.3 -> v0.7.18-build.3
2026-04-28T21:38:46.3035139Z  * [new tag]           v0.7.18-build.4 -> v0.7.18-build.4
2026-04-28T21:38:46.3035728Z  * [new tag]           v0.7.19         -> v0.7.19
2026-04-28T21:38:46.3036310Z  * [new tag]           v0.7.19-build.2 -> v0.7.19-build.2
2026-04-28T21:38:46.3036909Z  * [new tag]           v0.7.20         -> v0.7.20
2026-04-28T21:38:46.3037421Z  * [new tag]           v0.7.20-build.2 -> v0.7.20-build.2
2026-04-28T21:38:46.3038042Z  * [new tag]           v0.7.20-build.3 -> v0.7.20-build.3
2026-04-28T21:38:46.3038883Z  * [new tag]           v0.7.20-build.4 -> v0.7.20-build.4
2026-04-28T21:38:46.3039606Z  * [new tag]           v0.8.0          -> v0.8.0
2026-04-28T21:38:46.3040182Z  * [new tag]           v0.8.0-build.2  -> v0.8.0-build.2
2026-04-28T21:38:46.3040718Z  * [new tag]           v0.8.1          -> v0.8.1
2026-04-28T21:38:46.3041222Z  * [new tag]           v0.8.10         -> v0.8.10
2026-04-28T21:38:46.3041724Z  * [new tag]           v0.8.11         -> v0.8.11
2026-04-28T21:38:46.3042216Z  * [new tag]           v0.8.12         -> v0.8.12
2026-04-28T21:38:46.3042964Z  * [new tag]           v0.8.13         -> v0.8.13
2026-04-28T21:38:46.3043461Z  * [new tag]           v0.8.14         -> v0.8.14
2026-04-28T21:38:46.3043961Z  * [new tag]           v0.8.15         -> v0.8.15
2026-04-28T21:38:46.3044450Z  * [new tag]           v0.8.2          -> v0.8.2
2026-04-28T21:38:46.3044928Z  * [new tag]           v0.8.3          -> v0.8.3
2026-04-28T21:38:46.3045419Z  * [new tag]           v0.8.4          -> v0.8.4
2026-04-28T21:38:46.3045918Z  * [new tag]           v0.8.5          -> v0.8.5
2026-04-28T21:38:46.3046403Z  * [new tag]           v0.8.6          -> v0.8.6
2026-04-28T21:38:46.3046888Z  * [new tag]           v0.8.7          -> v0.8.7
2026-04-28T21:38:46.3047392Z  * [new tag]           v0.8.8          -> v0.8.8
2026-04-28T21:38:46.3047868Z  * [new tag]           v0.8.9          -> v0.8.9
2026-04-28T21:38:46.3048356Z  * [new tag]           v0.9.1          -> v0.9.1
2026-04-28T21:38:46.3048843Z  * [new tag]           v0.9.2          -> v0.9.2
2026-04-28T21:38:46.3049326Z  * [new tag]           v1.0.1          -> v1.0.1
2026-04-28T21:38:46.3049901Z  * [new tag]           v1.0.10         -> v1.0.10
2026-04-28T21:38:46.3050460Z  * [new tag]           v1.0.11         -> v1.0.11
2026-04-28T21:38:46.3051009Z  * [new tag]           v1.0.12         -> v1.0.12
2026-04-28T21:38:46.3051543Z  * [new tag]           v1.0.13         -> v1.0.13
2026-04-28T21:38:46.3052130Z  * [new tag]           v1.0.2          -> v1.0.2
2026-04-28T21:38:46.3052925Z  * [new tag]           v1.0.3          -> v1.0.3
2026-04-28T21:38:46.3053497Z  * [new tag]           v1.0.4          -> v1.0.4
2026-04-28T21:38:46.3054001Z  * [new tag]           v1.0.5          -> v1.0.5
2026-04-28T21:38:46.3054491Z  * [new tag]           v1.0.6          -> v1.0.6
2026-04-28T21:38:46.3054981Z  * [new tag]           v1.0.7          -> v1.0.7
2026-04-28T21:38:46.3055467Z  * [new tag]           v1.0.8          -> v1.0.8
2026-04-28T21:38:46.3055956Z  * [new tag]           v1.0.9          -> v1.0.9
2026-04-28T21:38:46.3056445Z  * [new tag]           v1.1.1          -> v1.1.1
2026-04-28T21:38:46.3056964Z  * [new tag]           v1.1.1-build.2  -> v1.1.1-build.2
2026-04-28T21:38:46.3057508Z  * [new tag]           v1.1.1-build.3  -> v1.1.1-build.3
2026-04-28T21:38:46.3058045Z  * [new tag]           v1.1.1-build.4  -> v1.1.1-build.4
2026-04-28T21:38:46.3058547Z  * [new tag]           v1.1.10         -> v1.1.10
2026-04-28T21:38:46.3059038Z  * [new tag]           v1.1.11         -> v1.1.11
2026-04-28T21:38:46.3059538Z  * [new tag]           v1.1.12         -> v1.1.12
2026-04-28T21:38:46.3060028Z  * [new tag]           v1.1.2          -> v1.1.2
2026-04-28T21:38:46.3060541Z  * [new tag]           v1.1.3          -> v1.1.3
2026-04-28T21:38:46.3061031Z  * [new tag]           v1.1.4          -> v1.1.4
2026-04-28T21:38:46.3061530Z  * [new tag]           v1.1.5          -> v1.1.5
2026-04-28T21:38:46.3062029Z  * [new tag]           v1.1.6          -> v1.1.6
2026-04-28T21:38:46.3062766Z  * [new tag]           v1.1.7          -> v1.1.7
2026-04-28T21:38:46.3063290Z  * [new tag]           v1.1.8          -> v1.1.8
2026-04-28T21:38:46.3063787Z  * [new tag]           v1.1.9          -> v1.1.9
2026-04-28T21:38:46.3064287Z  * [new tag]           v1.3.0          -> v1.3.0
2026-04-28T21:38:46.3064791Z  * [new tag]           v1.3.1          -> v1.3.1
2026-04-28T21:38:46.3065288Z  * [new tag]           v1.3.10         -> v1.3.10
2026-04-28T21:38:46.3065795Z  * [new tag]           v1.3.11         -> v1.3.11
2026-04-28T21:38:46.3066583Z  * [new tag]           v1.3.11-build.2 -> v1.3.11-build.2
2026-04-28T21:38:46.3067282Z  * [new tag]           v1.3.12         -> v1.3.12
2026-04-28T21:38:46.3067812Z  * [new tag]           v1.3.13         -> v1.3.13
2026-04-28T21:38:46.3068356Z  * [new tag]           v1.3.13-build.2 -> v1.3.13-build.2
2026-04-28T21:38:46.3068888Z  * [new tag]           v1.3.14         -> v1.3.14
2026-04-28T21:38:46.3069403Z  * [new tag]           v1.3.15         -> v1.3.15
2026-04-28T21:38:46.3069921Z  * [new tag]           v1.3.16         -> v1.3.16
2026-04-28T21:38:46.3070426Z  * [new tag]           v1.3.17         -> v1.3.17
2026-04-28T21:38:46.3070930Z  * [new tag]           v1.3.18         -> v1.3.18
2026-04-28T21:38:46.3071430Z  * [new tag]           v1.3.19         -> v1.3.19
2026-04-28T21:38:46.3071942Z  * [new tag]           v1.3.2          -> v1.3.2
2026-04-28T21:38:46.3072447Z  * [new tag]           v1.3.20         -> v1.3.20
2026-04-28T21:38:46.3073197Z  * [new tag]           v1.3.21         -> v1.3.21
2026-04-28T21:38:46.3073733Z  * [new tag]           v1.3.22         -> v1.3.22
2026-04-28T21:38:46.3074245Z  * [new tag]           v1.3.23         -> v1.3.23
2026-04-28T21:38:46.3074750Z  * [new tag]           v1.3.24         -> v1.3.24
2026-04-28T21:38:46.3075256Z  * [new tag]           v1.3.25         -> v1.3.25
2026-04-28T21:38:46.3075765Z  * [new tag]           v1.3.26         -> v1.3.26
2026-04-28T21:38:46.3076273Z  * [new tag]           v1.3.27         -> v1.3.27
2026-04-28T21:38:46.3076779Z  * [new tag]           v1.3.28         -> v1.3.28
2026-04-28T21:38:46.3077278Z  * [new tag]           v1.3.29         -> v1.3.29
2026-04-28T21:38:46.3077792Z  * [new tag]           v1.3.3          -> v1.3.3
2026-04-28T21:38:46.3078302Z  * [new tag]           v1.3.30         -> v1.3.30
2026-04-28T21:38:46.3078801Z  * [new tag]           v1.3.31         -> v1.3.31
2026-04-28T21:38:46.3079301Z  * [new tag]           v1.3.32         -> v1.3.32
2026-04-28T21:38:46.3079806Z  * [new tag]           v1.3.33         -> v1.3.33
2026-04-28T21:38:46.3080321Z  * [new tag]           v1.3.34         -> v1.3.34
2026-04-28T21:38:46.3080845Z  * [new tag]           v1.3.35         -> v1.3.35
2026-04-28T21:38:46.3081356Z  * [new tag]           v1.3.36         -> v1.3.36
2026-04-28T21:38:46.3081869Z  * [new tag]           v1.3.37         -> v1.3.37
2026-04-28T21:38:46.3082386Z  * [new tag]           v1.3.38         -> v1.3.38
2026-04-28T21:38:46.3083135Z  * [new tag]           v1.3.39         -> v1.3.39
2026-04-28T21:38:46.3083644Z  * [new tag]           v1.3.4          -> v1.3.4
2026-04-28T21:38:46.3084150Z  * [new tag]           v1.3.40         -> v1.3.40
2026-04-28T21:38:46.3084658Z  * [new tag]           v1.3.41         -> v1.3.41
2026-04-28T21:38:46.3085171Z  * [new tag]           v1.3.42         -> v1.3.42
2026-04-28T21:38:46.3085667Z  * [new tag]           v1.3.43         -> v1.3.43
2026-04-28T21:38:46.3086175Z  * [new tag]           v1.3.44         -> v1.3.44
2026-04-28T21:38:46.3086687Z  * [new tag]           v1.3.45         -> v1.3.45
2026-04-28T21:38:46.3087226Z  * [new tag]           v1.3.46         -> v1.3.46
2026-04-28T21:38:46.3087721Z  * [new tag]           v1.3.47         -> v1.3.47
2026-04-28T21:38:46.3088218Z  * [new tag]           v1.3.48         -> v1.3.48
2026-04-28T21:38:46.3088724Z  * [new tag]           v1.3.49         -> v1.3.49
2026-04-28T21:38:46.3089227Z  * [new tag]           v1.3.5          -> v1.3.5
2026-04-28T21:38:46.3089754Z  * [new tag]           v1.3.5-build.2  -> v1.3.5-build.2
2026-04-28T21:38:46.3090261Z  * [new tag]           v1.3.50         -> v1.3.50
2026-04-28T21:38:46.3090746Z  * [new tag]           v1.3.51         -> v1.3.51
2026-04-28T21:38:46.3091259Z  * [new tag]           v1.3.52         -> v1.3.52
2026-04-28T21:38:46.3091778Z  * [new tag]           v1.3.53         -> v1.3.53
2026-04-28T21:38:46.3092259Z  * [new tag]           v1.3.54         -> v1.3.54
2026-04-28T21:38:46.3093021Z  * [new tag]           v1.3.55         -> v1.3.55
2026-04-28T21:38:46.3093595Z  * [new tag]           v1.3.56         -> v1.3.56
2026-04-28T21:38:46.3094374Z  * [new tag]           v1.3.57         -> v1.3.57
2026-04-28T21:38:46.3095063Z  * [new tag]           v1.3.58         -> v1.3.58
2026-04-28T21:38:46.3095584Z  * [new tag]           v1.3.59         -> v1.3.59
2026-04-28T21:38:46.3096101Z  * [new tag]           v1.3.6          -> v1.3.6
2026-04-28T21:38:46.3096632Z  * [new tag]           v1.3.60         -> v1.3.60
2026-04-28T21:38:46.3097160Z  * [new tag]           v1.3.61         -> v1.3.61
2026-04-28T21:38:46.3097679Z  * [new tag]           v1.3.62         -> v1.3.62
2026-04-28T21:38:46.3098196Z  * [new tag]           v1.3.7          -> v1.3.7
2026-04-28T21:38:46.3098721Z  * [new tag]           v1.3.8          -> v1.3.8
2026-04-28T21:38:46.3099245Z  * [new tag]           v1.3.9          -> v1.3.9
2026-04-28T21:38:46.3099766Z  * [new tag]           v1.4.40         -> v1.4.40
2026-04-28T21:38:46.3100293Z  * [new tag]           v1.5.0          -> v1.5.0
2026-04-28T21:38:46.3100807Z  * [new tag]           v1.5.2          -> v1.5.2
2026-04-28T21:38:46.3101330Z  * [new tag]           v1.5.3          -> v1.5.3
2026-04-28T21:38:46.3101871Z  * [new tag]           v1.6.0          -> v1.6.0
2026-04-28T21:38:46.3102424Z  * [new tag]           v1.7.0          -> v1.7.0
2026-04-28T21:38:46.3103243Z  * [new tag]           v1.7.37         -> v1.7.37
2026-04-28T21:38:46.3103775Z  * [new tag]           v1.7.38         -> v1.7.38
2026-04-28T21:38:46.3104276Z  * [new tag]           v1.7.39         -> v1.7.39
2026-04-28T21:38:46.3104767Z  * [new tag]           v1.7.40         -> v1.7.40
2026-04-28T21:38:46.3105265Z  * [new tag]           v1.7.41         -> v1.7.41
2026-04-28T21:38:46.3105769Z  * [new tag]           v1.7.42         -> v1.7.42
2026-04-28T21:38:46.3106265Z  * [new tag]           v1.7.43         -> v1.7.43
2026-04-28T21:38:46.3106755Z  * [new tag]           v1.7.44         -> v1.7.44
2026-04-28T21:38:46.3107253Z  * [new tag]           v1.7.45         -> v1.7.45
2026-04-28T21:38:46.3107743Z  * [new tag]           v1.7.46         -> v1.7.46
2026-04-28T21:38:46.3108235Z  * [new tag]           v1.7.47         -> v1.7.47
2026-04-28T21:38:46.3108730Z  * [new tag]           v1.7.48         -> v1.7.48
2026-04-28T21:38:46.3109230Z  * [new tag]           v1.7.49         -> v1.7.49
2026-04-28T21:38:46.3109732Z  * [new tag]           v1.7.50         -> v1.7.50
2026-04-28T21:38:46.3110226Z  * [new tag]           v1.7.51         -> v1.7.51
2026-04-28T21:38:46.3110718Z  * [new tag]           v1.7.52         -> v1.7.52
2026-04-28T21:38:46.3111203Z  * [new tag]           v1.7.53         -> v1.7.53
2026-04-28T21:38:46.3111693Z  * [new tag]           v1.7.54         -> v1.7.54
2026-04-28T21:38:46.3112188Z  * [new tag]           v1.7.55         -> v1.7.55
2026-04-28T21:38:46.3112859Z  * [new tag]           v1.7.56         -> v1.7.56
2026-04-28T21:38:46.3113356Z  * [new tag]           v1.7.57         -> v1.7.57
2026-04-28T21:38:46.3113847Z  * [new tag]           v1.7.58         -> v1.7.58
2026-04-28T21:38:46.3114341Z  * [new tag]           v1.7.59         -> v1.7.59
2026-04-28T21:38:46.3114830Z  * [new tag]           v1.7.60         -> v1.7.60
2026-04-28T21:38:46.3115325Z  * [new tag]           v1.7.61         -> v1.7.61
2026-04-28T21:38:46.3115817Z  * [new tag]           v1.7.62         -> v1.7.62
2026-04-28T21:38:46.3116303Z  * [new tag]           v1.7.63         -> v1.7.63
2026-04-28T21:38:46.3116791Z  * [new tag]           v1.7.64         -> v1.7.64
2026-04-28T21:38:46.3117281Z  * [new tag]           v1.7.65         -> v1.7.65
2026-04-28T21:38:46.3117763Z  * [new tag]           v1.7.66         -> v1.7.66
2026-04-28T21:38:46.3118250Z  * [new tag]           v1.7.67         -> v1.7.67
2026-04-28T21:38:46.3118742Z  * [new tag]           v1.7.68         -> v1.7.68
2026-04-28T21:38:46.3119227Z  * [new tag]           v1.7.69         -> v1.7.69
2026-04-28T21:38:46.3119722Z  * [new tag]           v1.7.70         -> v1.7.70
2026-04-28T21:38:46.3120245Z  * [new tag]           v1.7.71         -> v1.7.71
2026-04-28T21:38:46.3120738Z  * [new tag]           v1.7.72         -> v1.7.72
2026-04-28T21:38:46.3121405Z  * [new tag]           v1.7.73         -> v1.7.73
2026-04-28T21:38:46.3122033Z  * [new tag]           v1.7.74         -> v1.7.74
2026-04-28T21:38:46.3122739Z  * [new tag]           v1.7.75         -> v1.7.75
2026-04-28T21:38:46.3123242Z  * [new tag]           v1.7.76         -> v1.7.76
2026-04-28T21:38:46.3123731Z  * [new tag]           v1.7.77         -> v1.7.77
2026-04-28T21:38:46.3124229Z  * [new tag]           v1.7.78         -> v1.7.78
2026-04-28T21:38:46.3124723Z  * [new tag]           v1.7.79         -> v1.7.79
2026-04-28T21:38:46.3125213Z  * [new tag]           v1.7.80         -> v1.7.80
2026-04-28T21:38:46.3125700Z  * [new tag]           v1.7.81         -> v1.7.81
2026-04-28T21:38:46.3126197Z  * [new tag]           v1.7.82         -> v1.7.82
2026-04-28T21:38:46.3126690Z  * [new tag]           v1.7.83         -> v1.7.83
2026-04-28T21:38:46.3196625Z [command]/usr/bin/git rev-parse --verify --quiet 07a58d9ef6d1db4d60e43a55ae0a6e1a98e9bfd1^{object}
2026-04-28T21:38:46.3220085Z 07a58d9ef6d1db4d60e43a55ae0a6e1a98e9bfd1
2026-04-28T21:38:46.3225408Z ##[endgroup]
2026-04-28T21:38:46.3225916Z ##[group]Determining the checkout info
2026-04-28T21:38:46.3226885Z ##[endgroup]
2026-04-28T21:38:46.3231495Z [command]/usr/bin/git sparse-checkout disable
2026-04-28T21:38:46.3266888Z [command]/usr/bin/git config --local --unset-all extensions.worktreeConfig
2026-04-28T21:38:46.3291891Z ##[group]Checking out the ref
2026-04-28T21:38:46.3296320Z [command]/usr/bin/git checkout --progress --force 07a58d9ef6d1db4d60e43a55ae0a6e1a98e9bfd1
2026-04-28T21:38:46.5817976Z Note: switching to '07a58d9ef6d1db4d60e43a55ae0a6e1a98e9bfd1'.
2026-04-28T21:38:46.5818481Z 
2026-04-28T21:38:46.5818785Z You are in 'detached HEAD' state. You can look around, make experimental
2026-04-28T21:38:46.5819507Z changes and commit them, and you can discard any commits you make in this
2026-04-28T21:38:46.5820265Z state without impacting any branches by switching back to a branch.
2026-04-28T21:38:46.5820717Z 
2026-04-28T21:38:46.5821007Z If you want to create a new branch to retain commits you create, you may
2026-04-28T21:38:46.5821682Z do so (now or later) by using -c with the switch command. Example:
2026-04-28T21:38:46.5822062Z 
2026-04-28T21:38:46.5822215Z   git switch -c <new-branch-name>
2026-04-28T21:38:46.5822470Z 
2026-04-28T21:38:46.5822898Z Or undo this operation with:
2026-04-28T21:38:46.5823173Z 
2026-04-28T21:38:46.5823301Z   git switch -
2026-04-28T21:38:46.5823490Z 
2026-04-28T21:38:46.5823847Z Turn off this advice by setting config variable advice.detachedHead to false
2026-04-28T21:38:46.5824320Z 
2026-04-28T21:38:46.5824756Z HEAD is now at 07a58d9e feat(billing): add rtdn_events audit table (migration 022, option B) (#921)
2026-04-28T21:38:46.5851670Z ##[endgroup]
2026-04-28T21:38:46.5892228Z [command]/usr/bin/git log -1 --format=%H
2026-04-28T21:38:46.5914578Z 07a58d9ef6d1db4d60e43a55ae0a6e1a98e9bfd1
2026-04-28T21:38:46.6020004Z ##[group]Run set -euo pipefail
2026-04-28T21:38:46.6020326Z [36;1mset -euo pipefail[0m
2026-04-28T21:38:46.6020654Z [36;1m# Switch off the detached merge-sha checkout onto a local branch[0m
2026-04-28T21:38:46.6021096Z [36;1m# tracking main so the later `git push HEAD:main` has somewhere[0m
2026-04-28T21:38:46.6021524Z [36;1m# to go. Fetch the latest main first so we bump from the tip the[0m
2026-04-28T21:38:46.6021964Z [36;1m# push will target — otherwise a concurrent PR's bump from a[0m
2026-04-28T21:38:46.6022366Z [36;1m# queued run ahead of us would get overwritten.[0m
2026-04-28T21:38:46.6023012Z [36;1mgit fetch origin main[0m
2026-04-28T21:38:46.6023261Z [36;1mgit checkout -B main origin/main[0m
2026-04-28T21:38:46.6023509Z [36;1m[0m
2026-04-28T21:38:46.6023853Z [36;1mCURRENT_CODE=$(grep -oP 'versionCode\s*=\s*\K[0-9]+' app/build.gradle.kts | head -1)[0m
2026-04-28T21:38:46.6024273Z [36;1mNEW_CODE=$(( CURRENT_CODE + 1 ))[0m
2026-04-28T21:38:46.6024688Z [36;1msed -i "s/versionCode = [0-9]*/versionCode = $NEW_CODE/" app/build.gradle.kts[0m
2026-04-28T21:38:46.6025256Z [36;1m[0m
2026-04-28T21:38:46.6025578Z [36;1mCURRENT_NAME=$(grep -oP 'versionName\s*=\s*"\K[^"]+' app/build.gradle.kts | head -1)[0m
2026-04-28T21:38:46.6026018Z [36;1mMAJOR=$(echo "$CURRENT_NAME" | cut -d. -f1)[0m
2026-04-28T21:38:46.6026325Z [36;1mMINOR=$(echo "$CURRENT_NAME" | cut -d. -f2)[0m
2026-04-28T21:38:46.6026620Z [36;1mPATCH=$(echo "$CURRENT_NAME" | cut -d. -f3)[0m
2026-04-28T21:38:46.6026898Z [36;1mNEW_PATCH=$(( PATCH + 1 ))[0m
2026-04-28T21:38:46.6027173Z [36;1mNEW_NAME="${MAJOR}.${MINOR}.${NEW_PATCH}"[0m
2026-04-28T21:38:46.6027626Z [36;1msed -i "s/versionName = \"${CURRENT_NAME}\"/versionName = \"${NEW_NAME}\"/" app/build.gradle.kts[0m
2026-04-28T21:38:46.6028063Z [36;1m[0m
2026-04-28T21:38:46.6028295Z [36;1mecho "version_name=$NEW_NAME" >> "$GITHUB_OUTPUT"[0m
2026-04-28T21:38:46.6028637Z [36;1mecho "version_code=$NEW_CODE" >> "$GITHUB_OUTPUT"[0m
2026-04-28T21:38:46.6029129Z [36;1mecho "Bumping to v$NEW_NAME (build $NEW_CODE)"[0m
2026-04-28T21:38:46.6051302Z shell: /usr/bin/bash -e {0}
2026-04-28T21:38:46.6051537Z ##[endgroup]
2026-04-28T21:38:46.8304914Z From https://github.com/averycorp/prismTask
2026-04-28T21:38:46.8305566Z  * branch              main       -> FETCH_HEAD
2026-04-28T21:38:47.0142833Z Switched to a new branch 'main'
2026-04-28T21:38:47.0144789Z branch 'main' set up to track 'origin/main'.
2026-04-28T21:38:47.0269636Z Bumping to v1.7.84 (build 784)
2026-04-28T21:38:47.0319204Z ##[group]Run set -euo pipefail
2026-04-28T21:38:47.0319511Z [36;1mset -euo pipefail[0m
2026-04-28T21:38:47.0319876Z [36;1mgit config --local user.email "github-actions[bot]@users.noreply.github.com"[0m
2026-04-28T21:38:47.0320341Z [36;1mgit config --local user.name "github-actions[bot]"[0m
2026-04-28T21:38:47.0320656Z [36;1mgit add app/build.gradle.kts[0m
2026-04-28T21:38:47.0320924Z [36;1mif git diff --cached --quiet; then[0m
2026-04-28T21:38:47.0321191Z [36;1m  echo "No version bump to commit"[0m
2026-04-28T21:38:47.0321432Z [36;1m  exit 0[0m
2026-04-28T21:38:47.0321616Z [36;1mfi[0m
2026-04-28T21:38:47.0321866Z [36;1mgit commit -m "chore: bump to v1.7.84 (build 784) [skip ci]"[0m
2026-04-28T21:38:47.0322297Z [36;1m# Another PR merge can push to main while this job is running,[0m
2026-04-28T21:38:47.0323087Z [36;1m# so a straight `git push` here races and silently loses the[0m
2026-04-28T21:38:47.0323555Z [36;1m# bump commit. Rebase onto the current main tip and retry on rejection.[0m
2026-04-28T21:38:47.0323921Z [36;1mfor attempt in 1 2 3 4 5; do[0m
2026-04-28T21:38:47.0324176Z [36;1m  if git push origin HEAD:main; then[0m
2026-04-28T21:38:47.0324489Z [36;1m    echo "Pushed version bump on attempt $attempt"[0m
2026-04-28T21:38:47.0324775Z [36;1m    exit 0[0m
2026-04-28T21:38:47.0324950Z [36;1m  fi[0m
2026-04-28T21:38:47.0325268Z [36;1m  echo "Push rejected on attempt $attempt; rebasing onto origin/main and retrying"[0m
2026-04-28T21:38:47.0325681Z [36;1m  git fetch origin main[0m
2026-04-28T21:38:47.0325928Z [36;1m  if ! git rebase origin/main; then[0m
2026-04-28T21:38:47.0326200Z [36;1m    git rebase --abort || true[0m
2026-04-28T21:38:47.0326564Z [36;1m    echo "::error::Rebase conflict while replaying version bump; aborting."[0m
2026-04-28T21:38:47.0326917Z [36;1m    exit 1[0m
2026-04-28T21:38:47.0327093Z [36;1m  fi[0m
2026-04-28T21:38:47.0327270Z [36;1m  sleep $((attempt * 2))[0m
2026-04-28T21:38:47.0327481Z [36;1mdone[0m
2026-04-28T21:38:47.0327740Z [36;1mecho "::error::Failed to push version bump after 5 attempts."[0m
2026-04-28T21:38:47.0328065Z [36;1mexit 1[0m
2026-04-28T21:38:47.0349265Z shell: /usr/bin/bash -e {0}
2026-04-28T21:38:47.0349501Z ##[endgroup]
2026-04-28T21:38:47.0560898Z [main d7a15456] chore: bump to v1.7.84 (build 784) [skip ci]
2026-04-28T21:38:47.0561340Z  1 file changed, 2 insertions(+), 2 deletions(-)
2026-04-28T21:38:47.2029232Z remote: Permission to averycorp/prismTask.git denied to akarlin3.
2026-04-28T21:38:47.2030122Z fatal: unable to access 'https://github.com/averycorp/prismTask/': The requested URL returned error: 403
2026-04-28T21:38:47.2048854Z Push rejected on attempt 1; rebasing onto origin/main and retrying
2026-04-28T21:38:47.4108076Z From https://github.com/averycorp/prismTask
2026-04-28T21:38:47.4108639Z  * branch              main       -> FETCH_HEAD
2026-04-28T21:38:47.4209946Z Current branch main is up to date.
2026-04-28T21:38:49.5691338Z remote: Permission to averycorp/prismTask.git denied to akarlin3.
2026-04-28T21:38:49.5692167Z fatal: unable to access 'https://github.com/averycorp/prismTask/': The requested URL returned error: 403
2026-04-28T21:38:49.5710570Z Push rejected on attempt 2; rebasing onto origin/main and retrying
2026-04-28T21:38:49.7933843Z From https://github.com/averycorp/prismTask
2026-04-28T21:38:49.7934416Z  * branch              main       -> FETCH_HEAD
2026-04-28T21:38:49.8037923Z Current branch main is up to date.
2026-04-28T21:38:53.9573960Z remote: Permission to averycorp/prismTask.git denied to akarlin3.
2026-04-28T21:38:53.9575314Z fatal: unable to access 'https://github.com/averycorp/prismTask/': The requested URL returned error: 403
2026-04-28T21:38:53.9593489Z Push rejected on attempt 3; rebasing onto origin/main and retrying
2026-04-28T21:38:54.1815690Z From https://github.com/averycorp/prismTask
2026-04-28T21:38:54.1816232Z  * branch              main       -> FETCH_HEAD
2026-04-28T21:38:54.1903369Z Current branch main is up to date.
2026-04-28T21:39:00.3351460Z remote: Permission to averycorp/prismTask.git denied to akarlin3.
2026-04-28T21:39:00.3353635Z fatal: unable to access 'https://github.com/averycorp/prismTask/': The requested URL returned error: 403
2026-04-28T21:39:00.3372941Z Push rejected on attempt 4; rebasing onto origin/main and retrying
2026-04-28T21:39:00.5705075Z From https://github.com/averycorp/prismTask
2026-04-28T21:39:00.5705751Z  * branch              main       -> FETCH_HEAD
2026-04-28T21:39:00.5797815Z Current branch main is up to date.
2026-04-28T21:39:08.7254466Z remote: Permission to averycorp/prismTask.git denied to akarlin3.
2026-04-28T21:39:08.7255731Z fatal: unable to access 'https://github.com/averycorp/prismTask/': The requested URL returned error: 403
2026-04-28T21:39:08.7279200Z Push rejected on attempt 5; rebasing onto origin/main and retrying
2026-04-28T21:39:08.9660948Z From https://github.com/averycorp/prismTask
2026-04-28T21:39:08.9661574Z  * branch              main       -> FETCH_HEAD
2026-04-28T21:39:08.9758290Z Current branch main is up to date.
2026-04-28T21:39:18.9817032Z ##[error]Failed to push version bump after 5 attempts.
2026-04-28T21:39:18.9826221Z ##[error]Process completed with exit code 1.
2026-04-28T21:39:18.9936018Z Post job cleanup.
2026-04-28T21:39:19.0953032Z [command]/usr/bin/git version
2026-04-28T21:39:19.0991034Z git version 2.53.0
2026-04-28T21:39:19.1042246Z Temporarily overriding HOME='/home/runner/work/_temp/d8b84f29-def4-41ab-922d-913c40f2432b' before making global git config changes
2026-04-28T21:39:19.1043772Z Adding repository directory to the temporary git global config as a safe directory
2026-04-28T21:39:19.1048206Z [command]/usr/bin/git config --global --add safe.directory /home/runner/work/prismTask/prismTask
2026-04-28T21:39:19.1081430Z [command]/usr/bin/git config --local --name-only --get-regexp core\.sshCommand
2026-04-28T21:39:19.1113979Z [command]/usr/bin/git submodule foreach --recursive sh -c "git config --local --name-only --get-regexp 'core\.sshCommand' && git config --local --unset-all 'core.sshCommand' || :"
2026-04-28T21:39:19.1343964Z [command]/usr/bin/git config --local --name-only --get-regexp http\.https\:\/\/github\.com\/\.extraheader
2026-04-28T21:39:19.1368969Z http.https://github.com/.extraheader
2026-04-28T21:39:19.1382144Z [command]/usr/bin/git config --local --unset-all http.https://github.com/.extraheader
2026-04-28T21:39:19.1413121Z [command]/usr/bin/git submodule foreach --recursive sh -c "git config --local --name-only --get-regexp 'http\.https\:\/\/github\.com\/\.extraheader' && git config --local --unset-all 'http.https://github.com/.extraheader' || :"
2026-04-28T21:39:19.1636844Z [command]/usr/bin/git config --local --name-only --get-regexp ^includeIf\.gitdir:
2026-04-28T21:39:19.1669417Z [command]/usr/bin/git submodule foreach --recursive git config --local --show-origin --name-only --get-regexp remote.origin.url
2026-04-28T21:39:19.2027563Z Cleaning up orphan processes
2026-04-28T21:39:19.2340766Z ##[warning]Node.js 20 actions are deprecated. The following actions are running on Node.js 20 and may not work as expected: actions/checkout@v4. Actions will be forced to run with Node.js 24 by default starting June 2nd, 2026. Node.js 20 will be removed from the runner on September 16th, 2026. Please check if updated versions of these actions are available that support Node.js 24. To opt into Node.js 24 now, set the FORCE_JAVASCRIPT_ACTIONS_TO_NODE24=true environment variable on the runner or in your workflow file. Once Node.js 24 becomes the default, you can temporarily opt out by setting ACTIONS_ALLOW_USE_UNSECURE_NODE_VERSION=true. For more information see: https://github.blog/changelog/2025-09-19-deprecation-of-node-20-on-github-actions-runners/
