=== CI FAILURE ===
Workflow:      Version Bump & Tag
Workflow file: averycorp/prismTask/.github/workflows/version-bump-and-tag.yml@refs/heads/main
Job(s):        Version Bump & Tag
Run ID:        25097464157
Run attempt:   1
Run URL:       https://github.com/averycorp/prismTask/actions/runs/25097464157
Commit:        50113e21de97be66d5eafcd77cd228795708e4c9
Branch:        main
Event:         workflow_run
Actor:         akarlin3
Runner OS:     Linux
Timestamp:     2026-04-29T07:59:12.938Z

Failed steps:
  - Version Bump & Tag: #6 Commit version bump

=== FAILED JOB LOG ===

--- Job: Version Bump & Tag (id 73537736533) ---
2026-04-29T07:58:07.4918627Z Current runner version: '2.334.0'
2026-04-29T07:58:07.4942735Z ##[group]Runner Image Provisioner
2026-04-29T07:58:07.4943475Z Hosted Compute Agent
2026-04-29T07:58:07.4943949Z Version: 20260213.493
2026-04-29T07:58:07.4944611Z Commit: 5c115507f6dd24b8de37d8bbe0bb4509d0cc0fa3
2026-04-29T07:58:07.4945282Z Build Date: 2026-02-13T00:28:41Z
2026-04-29T07:58:07.4945858Z Worker ID: {93adbf01-a5e7-45c1-bf2a-53367ed8ca36}
2026-04-29T07:58:07.4946525Z Azure Region: northcentralus
2026-04-29T07:58:07.4947025Z ##[endgroup]
2026-04-29T07:58:07.4948289Z ##[group]Operating System
2026-04-29T07:58:07.4948890Z Ubuntu
2026-04-29T07:58:07.4949278Z 24.04.4
2026-04-29T07:58:07.4949816Z LTS
2026-04-29T07:58:07.4950217Z ##[endgroup]
2026-04-29T07:58:07.4950678Z ##[group]Runner Image
2026-04-29T07:58:07.4951168Z Image: ubuntu-24.04
2026-04-29T07:58:07.4951628Z Version: 20260413.86.1
2026-04-29T07:58:07.4952725Z Included Software: https://github.com/actions/runner-images/blob/ubuntu24/20260413.86/images/ubuntu/Ubuntu2404-Readme.md
2026-04-29T07:58:07.4954001Z Image Release: https://github.com/actions/runner-images/releases/tag/ubuntu24%2F20260413.86
2026-04-29T07:58:07.4954793Z ##[endgroup]
2026-04-29T07:58:07.4955887Z ##[group]GITHUB_TOKEN Permissions
2026-04-29T07:58:07.4957939Z Actions: write
2026-04-29T07:58:07.4958390Z Contents: write
2026-04-29T07:58:07.4958910Z Metadata: read
2026-04-29T07:58:07.4959513Z PullRequests: read
2026-04-29T07:58:07.4959959Z ##[endgroup]
2026-04-29T07:58:07.4962000Z Secret source: Actions
2026-04-29T07:58:07.4962652Z Prepare workflow directory
2026-04-29T07:58:07.5369260Z Prepare all required actions
2026-04-29T07:58:07.5417473Z Getting action download info
2026-04-29T07:58:07.8895448Z Download action repository 'actions/checkout@v4' (SHA:34e114876b0b11c390a56381ad16ebd13914f8d5)
2026-04-29T07:58:08.0839982Z Complete job name: Version Bump & Tag
2026-04-29T07:58:08.1416411Z ##[group]Run set -euo pipefail
2026-04-29T07:58:08.1417137Z [36;1mset -euo pipefail[0m
2026-04-29T07:58:08.1417776Z [36;1mif [ "$EVENT_NAME" = "workflow_dispatch" ]; then[0m
2026-04-29T07:58:08.1418561Z [36;1m  # Manual dispatch path — use the input if provided, otherwise[0m
2026-04-29T07:58:08.1419298Z [36;1m  # walk the latest merged PR on main and target that.[0m
2026-04-29T07:58:08.1420160Z [36;1m  if [ -n "$DISPATCH_PR" ]; then[0m
2026-04-29T07:58:08.1420796Z [36;1m    echo "pr_number=$DISPATCH_PR" >> "$GITHUB_OUTPUT"[0m
2026-04-29T07:58:08.1421427Z [36;1m    echo "found=true" >> "$GITHUB_OUTPUT"[0m
2026-04-29T07:58:08.1422123Z [36;1m    echo "Using PR #$DISPATCH_PR from dispatch input."[0m
2026-04-29T07:58:08.1422735Z [36;1m    exit 0[0m
2026-04-29T07:58:08.1423132Z [36;1m  fi[0m
2026-04-29T07:58:08.1423719Z [36;1m  PR_NUMBER=$(gh pr list --repo "$REPO" --state merged --base main \[0m
2026-04-29T07:58:08.1424558Z [36;1m    --limit 1 --json number -q '.[0].number // empty')[0m
2026-04-29T07:58:08.1425175Z [36;1m  if [ -z "$PR_NUMBER" ]; then[0m
2026-04-29T07:58:08.1425927Z [36;1m    echo "::warning::No merged PRs found on main. Cannot resolve PR; skipping."[0m
2026-04-29T07:58:08.1426683Z [36;1m    echo "found=false" >> "$GITHUB_OUTPUT"[0m
2026-04-29T07:58:08.1427229Z [36;1m    exit 0[0m
2026-04-29T07:58:08.1427662Z [36;1m  fi[0m
2026-04-29T07:58:08.1428156Z [36;1m  echo "pr_number=$PR_NUMBER" >> "$GITHUB_OUTPUT"[0m
2026-04-29T07:58:08.1428801Z [36;1m  echo "found=true" >> "$GITHUB_OUTPUT"[0m
2026-04-29T07:58:08.1429618Z [36;1m  echo "Resolved most-recent merged PR #$PR_NUMBER for dispatch run."[0m
2026-04-29T07:58:08.1430312Z [36;1m  exit 0[0m
2026-04-29T07:58:08.1430708Z [36;1mfi[0m
2026-04-29T07:58:08.1431108Z [36;1m[0m
2026-04-29T07:58:08.1431604Z [36;1m# Path 1 — fast path: pull_requests was populated.[0m
2026-04-29T07:58:08.1432339Z [36;1mPR_NUMBER=$(echo "$PR_JSON" | jq -r '.[0].number // empty')[0m
2026-04-29T07:58:08.1433007Z [36;1mif [ -n "$PR_NUMBER" ]; then[0m
2026-04-29T07:58:08.1433607Z [36;1m  echo "pr_number=$PR_NUMBER" >> "$GITHUB_OUTPUT"[0m
2026-04-29T07:58:08.1434434Z [36;1m  echo "found=true" >> "$GITHUB_OUTPUT"[0m
2026-04-29T07:58:08.1435140Z [36;1m  echo "Resolved PR #$PR_NUMBER from workflow_run payload."[0m
2026-04-29T07:58:08.1435794Z [36;1m  exit 0[0m
2026-04-29T07:58:08.1436179Z [36;1mfi[0m
2026-04-29T07:58:08.1436727Z [36;1m[0m
2026-04-29T07:58:08.1437263Z [36;1m# Path 2 — fallback: look the PR up by HEAD SHA. Works in both[0m
2026-04-29T07:58:08.1438014Z [36;1m# the pre-merge case (auto-merge.yml fires before the squash[0m
2026-04-29T07:58:08.1438819Z [36;1m# actually happens; the open PR still has this commit at its[0m
2026-04-29T07:58:08.1439713Z [36;1m# head) and the post-merge case (GitHub keeps the commit→PR[0m
2026-04-29T07:58:08.1440462Z [36;1m# mapping after squash, so we still resolve correctly even if[0m
2026-04-29T07:58:08.1441279Z [36;1m# the source branch was deleted). The downstream "Wait for PR[0m
2026-04-29T07:58:08.1442050Z [36;1m# to merge" step handles the timing — we only need the PR[0m
2026-04-29T07:58:08.1442684Z [36;1m# number here, not its merge state.[0m
2026-04-29T07:58:08.1443247Z [36;1m#[0m
2026-04-29T07:58:08.1443813Z [36;1m# Deliberately NOT falling back to "most recent merged PR" —[0m
2026-04-29T07:58:08.1444545Z [36;1m# that race-condition-bumps a previously-merged PR if[0m
2026-04-29T07:58:08.1445273Z [36;1m# workflow_run fires before the queued merge lands.[0m
2026-04-29T07:58:08.1445888Z [36;1mif [ -z "$HEAD_SHA" ]; then[0m
2026-04-29T07:58:08.1446585Z [36;1m  echo "::warning::workflow_run.head_sha is empty; cannot resolve PR. Skipping."[0m
2026-04-29T07:58:08.1447389Z [36;1m  echo "found=false" >> "$GITHUB_OUTPUT"[0m
2026-04-29T07:58:08.1447956Z [36;1m  exit 0[0m
2026-04-29T07:58:08.1448336Z [36;1mfi[0m
2026-04-29T07:58:08.1448917Z [36;1m# Capture the API response separately instead of piping through[0m
2026-04-29T07:58:08.1449882Z [36;1m# `gh api --jq` directly. Under `set -euo pipefail`, an empty or[0m
2026-04-29T07:58:08.1450606Z [36;1m# non-JSON response body crashes the embedded jq with[0m
2026-04-29T07:58:08.1451403Z [36;1m# `unexpected end of JSON input` and aborts the whole script[0m
2026-04-29T07:58:08.1452177Z [36;1m# before the empty-result branch below can fire — observed on[0m
2026-04-29T07:58:08.1452920Z [36;1m# PR #857's post-merge run, which silently dropped the version[0m
2026-04-29T07:58:08.1453696Z [36;1m# bump on the floor. The retry loop covers the indexing-lag[0m
2026-04-29T07:58:08.1454447Z [36;1m# window where `commits/{sha}/pulls` returns `[]` for a few[0m
2026-04-29T07:58:08.1455117Z [36;1m# seconds after the squash-merge push lands.[0m
2026-04-29T07:58:08.1455735Z [36;1mPR_NUMBER=""[0m
2026-04-29T07:58:08.1456157Z [36;1mfor attempt in 1 2 3; do[0m
2026-04-29T07:58:08.1456674Z [36;1m  RESPONSE=$(gh api \[0m
2026-04-29T07:58:08.1457251Z [36;1m    "repos/$REPO/commits/$HEAD_SHA/pulls" \[0m
2026-04-29T07:58:08.1457965Z [36;1m    -H "Accept: application/vnd.github+json" 2>/dev/null || echo "[]")[0m
2026-04-29T07:58:08.1458728Z [36;1m  PR_NUMBER=$(printf '%s' "$RESPONSE" | jq -r '[0m
2026-04-29T07:58:08.1459526Z [36;1m    if type == "array" and length > 0 then[0m
2026-04-29T07:58:08.1460153Z [36;1m      (sort_by(.number) | reverse | .[0].number // empty)[0m
2026-04-29T07:58:08.1460761Z [36;1m    else empty end[0m
2026-04-29T07:58:08.1461269Z [36;1m  ' 2>/dev/null || echo "")[0m
2026-04-29T07:58:08.1461775Z [36;1m  [ -n "$PR_NUMBER" ] && break[0m
2026-04-29T07:58:08.1462531Z [36;1m  echo "commits/$HEAD_SHA/pulls returned no PR (attempt $attempt/3); sleeping 5s..."[0m
2026-04-29T07:58:08.1463344Z [36;1m  sleep 5[0m
2026-04-29T07:58:08.1463735Z [36;1mdone[0m
2026-04-29T07:58:08.1464168Z [36;1mif [ -z "$PR_NUMBER" ]; then[0m
2026-04-29T07:58:08.1464970Z [36;1m  echo "::warning::No PR found for commit $HEAD_SHA via commits/{sha}/pulls after 3 attempts. Skipping."[0m
2026-04-29T07:58:08.1465877Z [36;1m  echo "found=false" >> "$GITHUB_OUTPUT"[0m
2026-04-29T07:58:08.1466427Z [36;1m  exit 0[0m
2026-04-29T07:58:08.1466841Z [36;1mfi[0m
2026-04-29T07:58:08.1467461Z [36;1mecho "pr_number=$PR_NUMBER" >> "$GITHUB_OUTPUT"[0m
2026-04-29T07:58:08.1468087Z [36;1mecho "found=true" >> "$GITHUB_OUTPUT"[0m
2026-04-29T07:58:08.1468795Z [36;1mecho "Resolved PR #$PR_NUMBER from commits/$HEAD_SHA/pulls fallback."[0m
2026-04-29T07:58:08.1486793Z shell: /usr/bin/bash -e {0}
2026-04-29T07:58:08.1487730Z env:
2026-04-29T07:58:08.1488411Z   GH_TOKEN: ***
2026-04-29T07:58:08.1488823Z   REPO: averycorp/prismTask
2026-04-29T07:58:08.1489363Z   EVENT_NAME: workflow_run
2026-04-29T07:58:08.1489994Z   PR_JSON: []
2026-04-29T07:58:08.1490442Z   HEAD_SHA: af9ec8c7784366bd9a6226ce26cdff45d351f8a7
2026-04-29T07:58:08.1491106Z   DISPATCH_PR: 
2026-04-29T07:58:08.1491489Z ##[endgroup]
2026-04-29T07:58:08.6388713Z Resolved PR #945 from commits/af9ec8c7784366bd9a6226ce26cdff45d351f8a7/pulls fallback.
2026-04-29T07:58:08.6637362Z ##[group]Run set -euo pipefail
2026-04-29T07:58:08.6637999Z [36;1mset -euo pipefail[0m
2026-04-29T07:58:08.6638669Z [36;1m# gh pr merge --auto may queue the merge until required checks[0m
2026-04-29T07:58:08.6639631Z [36;1m# pass. Poll until MERGED, CLOSED, or timeout.[0m
2026-04-29T07:58:08.6640215Z [36;1m#[0m
2026-04-29T07:58:08.6640736Z [36;1m# Audit PR #876 → CI pathway efficiency: ceiling raised[0m
2026-04-29T07:58:08.6641535Z [36;1m# 60→120 attempts × 10s = 20 min. Real Android PRs (PR #851[0m
2026-04-29T07:58:08.6642351Z [36;1m# took 37 min from open to merge; PR #859 took 14 min) can[0m
2026-04-29T07:58:08.6643141Z [36;1m# exceed the prior 10-min ceiling because auto-merge.yml[0m
2026-04-29T07:58:08.6643931Z [36;1m# queues on slow lane completion. A silently-dropped bump[0m
2026-04-29T07:58:08.6644807Z [36;1m# (memory `feedback_skip_ci_blocks_tag_release.md`) requires a[0m
2026-04-29T07:58:08.6645818Z [36;1m# manual `gh workflow run release.yml --ref vX.Y.Z` re-fire,[0m
2026-04-29T07:58:08.6646624Z [36;1m# which is a real recovery cost. 20 min covers all observed[0m
2026-04-29T07:58:08.6647384Z [36;1m# PR lifecycles in the audit window without expanding[0m
2026-04-29T07:58:08.6648182Z [36;1m# workflow_run resource cost meaningfully (idle polling).[0m
2026-04-29T07:58:08.6648839Z [36;1mfor i in $(seq 1 120); do[0m
2026-04-29T07:58:08.6649630Z [36;1m  STATE=$(gh pr view "$PR_NUMBER" --repo "$REPO" --json state -q '.state')[0m
2026-04-29T07:58:08.6650394Z [36;1m  case "$STATE" in[0m
2026-04-29T07:58:08.6650856Z [36;1m    MERGED)[0m
2026-04-29T07:58:08.6651586Z [36;1m      MERGE_SHA=$(gh pr view "$PR_NUMBER" --repo "$REPO" --json mergeCommit -q '.mergeCommit.oid')[0m
2026-04-29T07:58:08.6652493Z [36;1m      echo "merged=true" >> "$GITHUB_OUTPUT"[0m
2026-04-29T07:58:08.6653155Z [36;1m      echo "merge_sha=$MERGE_SHA" >> "$GITHUB_OUTPUT"[0m
2026-04-29T07:58:08.6653806Z [36;1m      echo "PR merged at $MERGE_SHA"[0m
2026-04-29T07:58:08.6654350Z [36;1m      exit 0[0m
2026-04-29T07:58:08.6654782Z [36;1m      ;;[0m
2026-04-29T07:58:08.6655201Z [36;1m    CLOSED)[0m
2026-04-29T07:58:08.6655691Z [36;1m      echo "merged=false" >> "$GITHUB_OUTPUT"[0m
2026-04-29T07:58:08.6656377Z [36;1m      echo "PR closed without merging — skipping bump."[0m
2026-04-29T07:58:08.6657008Z [36;1m      exit 0[0m
2026-04-29T07:58:08.6657456Z [36;1m      ;;[0m
2026-04-29T07:58:08.6657853Z [36;1m    *)[0m
2026-04-29T07:58:08.6658381Z [36;1m      echo "PR state=$STATE (attempt $i/120); sleeping 10s..."[0m
2026-04-29T07:58:08.6659033Z [36;1m      sleep 10[0m
2026-04-29T07:58:08.6659662Z [36;1m      ;;[0m
2026-04-29T07:58:08.6660090Z [36;1m  esac[0m
2026-04-29T07:58:08.6660494Z [36;1mdone[0m
2026-04-29T07:58:08.6660959Z [36;1mecho "merged=false" >> "$GITHUB_OUTPUT"[0m
2026-04-29T07:58:08.6661763Z [36;1mecho "::warning::PR did not reach MERGED within 20 minutes — skipping bump."[0m
2026-04-29T07:58:08.6676337Z shell: /usr/bin/bash -e {0}
2026-04-29T07:58:08.6676959Z env:
2026-04-29T07:58:08.6677603Z   GH_TOKEN: ***
2026-04-29T07:58:08.6678011Z   PR_NUMBER: 945
2026-04-29T07:58:08.6678436Z   REPO: averycorp/prismTask
2026-04-29T07:58:08.6679018Z ##[endgroup]
2026-04-29T07:58:09.2663827Z PR merged at 50113e21de97be66d5eafcd77cd228795708e4c9
2026-04-29T07:58:09.2930897Z ##[group]Run actions/checkout@v4
2026-04-29T07:58:09.2932024Z with:
2026-04-29T07:58:09.2934102Z   token: ***
2026-04-29T07:58:09.2935026Z   ref: 50113e21de97be66d5eafcd77cd228795708e4c9
2026-04-29T07:58:09.2936217Z   fetch-depth: 0
2026-04-29T07:58:09.2937111Z   repository: averycorp/prismTask
2026-04-29T07:58:09.2938171Z   ssh-strict: true
2026-04-29T07:58:09.2939024Z   ssh-user: git
2026-04-29T07:58:09.2940116Z   persist-credentials: true
2026-04-29T07:58:09.2941083Z   clean: true
2026-04-29T07:58:09.2941956Z   sparse-checkout-cone-mode: true
2026-04-29T07:58:09.2943034Z   fetch-tags: false
2026-04-29T07:58:09.2943905Z   show-progress: true
2026-04-29T07:58:09.2944772Z   lfs: false
2026-04-29T07:58:09.2945542Z   submodules: false
2026-04-29T07:58:09.2946368Z   set-safe-directory: true
2026-04-29T07:58:09.2947274Z ##[endgroup]
2026-04-29T07:58:09.3985437Z Syncing repository: averycorp/prismTask
2026-04-29T07:58:09.3988199Z ##[group]Getting Git version info
2026-04-29T07:58:09.3989869Z Working directory is '/home/runner/work/prismTask/prismTask'
2026-04-29T07:58:09.3991817Z [command]/usr/bin/git version
2026-04-29T07:58:09.4026015Z git version 2.53.0
2026-04-29T07:58:09.4049156Z ##[endgroup]
2026-04-29T07:58:09.4062846Z Temporarily overriding HOME='/home/runner/work/_temp/2a173d7c-6b63-4bbb-875f-19c71a21df9d' before making global git config changes
2026-04-29T07:58:09.4065695Z Adding repository directory to the temporary git global config as a safe directory
2026-04-29T07:58:09.4068378Z [command]/usr/bin/git config --global --add safe.directory /home/runner/work/prismTask/prismTask
2026-04-29T07:58:09.4095428Z Deleting the contents of '/home/runner/work/prismTask/prismTask'
2026-04-29T07:58:09.4098736Z ##[group]Initializing the repository
2026-04-29T07:58:09.4102939Z [command]/usr/bin/git init /home/runner/work/prismTask/prismTask
2026-04-29T07:58:09.4183027Z hint: Using 'master' as the name for the initial branch. This default branch name
2026-04-29T07:58:09.4185149Z hint: will change to "main" in Git 3.0. To configure the initial branch name
2026-04-29T07:58:09.4187516Z hint: to use in all of your new repositories, which will suppress this warning,
2026-04-29T07:58:09.4189277Z hint: call:
2026-04-29T07:58:09.4190158Z hint:
2026-04-29T07:58:09.4191313Z hint: 	git config --global init.defaultBranch <name>
2026-04-29T07:58:09.4192498Z hint:
2026-04-29T07:58:09.4193631Z hint: Names commonly chosen instead of 'master' are 'main', 'trunk' and
2026-04-29T07:58:09.4195832Z hint: 'development'. The just-created branch can be renamed via this command:
2026-04-29T07:58:09.4197302Z hint:
2026-04-29T07:58:09.4198057Z hint: 	git branch -m <name>
2026-04-29T07:58:09.4199120Z hint:
2026-04-29T07:58:09.4200538Z hint: Disable this message with "git config set advice.defaultBranchName false"
2026-04-29T07:58:09.4202678Z Initialized empty Git repository in /home/runner/work/prismTask/prismTask/.git/
2026-04-29T07:58:09.4206000Z [command]/usr/bin/git remote add origin https://github.com/averycorp/prismTask
2026-04-29T07:58:09.4222470Z ##[endgroup]
2026-04-29T07:58:09.4223882Z ##[group]Disabling automatic garbage collection
2026-04-29T07:58:09.4225461Z [command]/usr/bin/git config --local gc.auto 0
2026-04-29T07:58:09.4249142Z ##[endgroup]
2026-04-29T07:58:09.4250678Z ##[group]Setting up auth
2026-04-29T07:58:09.4254998Z [command]/usr/bin/git config --local --name-only --get-regexp core\.sshCommand
2026-04-29T07:58:09.4281255Z [command]/usr/bin/git submodule foreach --recursive sh -c "git config --local --name-only --get-regexp 'core\.sshCommand' && git config --local --unset-all 'core.sshCommand' || :"
2026-04-29T07:58:09.4522901Z [command]/usr/bin/git config --local --name-only --get-regexp http\.https\:\/\/github\.com\/\.extraheader
2026-04-29T07:58:09.4550510Z [command]/usr/bin/git submodule foreach --recursive sh -c "git config --local --name-only --get-regexp 'http\.https\:\/\/github\.com\/\.extraheader' && git config --local --unset-all 'http.https://github.com/.extraheader' || :"
2026-04-29T07:58:09.4717471Z [command]/usr/bin/git config --local --name-only --get-regexp ^includeIf\.gitdir:
2026-04-29T07:58:09.4742419Z [command]/usr/bin/git submodule foreach --recursive git config --local --show-origin --name-only --get-regexp remote.origin.url
2026-04-29T07:58:09.4915235Z [command]/usr/bin/git config --local http.https://github.com/.extraheader AUTHORIZATION: basic ***
2026-04-29T07:58:09.4944650Z ##[endgroup]
2026-04-29T07:58:09.4947019Z ##[group]Fetching the repository
2026-04-29T07:58:09.4955601Z [command]/usr/bin/git -c protocol.version=2 fetch --prune --no-recurse-submodules origin +refs/heads/*:refs/remotes/origin/* +refs/tags/*:refs/tags/*
2026-04-29T07:58:28.6247331Z From https://github.com/averycorp/prismTask
2026-04-29T07:58:28.6248170Z  * [new branch]        ci-logs         -> origin/ci-logs
2026-04-29T07:58:28.6248705Z  * [new branch]        main            -> origin/main
2026-04-29T07:58:28.6249350Z  * [new branch]        v0.1.0-legacy   -> origin/v0.1.0-legacy
2026-04-29T07:58:28.6250125Z  * [new branch]        v0.2.0-legacy   -> origin/v0.2.0-legacy
2026-04-29T07:58:28.6250696Z  * [new branch]        v0.3.0-legacy   -> origin/v0.3.0-legacy
2026-04-29T07:58:28.6251277Z  * [new branch]        v0.4.0-legacy   -> origin/v0.4.0-legacy
2026-04-29T07:58:28.6251890Z  * [new branch]        v0.5.0-legacy   -> origin/v0.5.0-legacy
2026-04-29T07:58:28.6252493Z  * [new branch]        v0.6.0-legacy   -> origin/v0.6.0-legacy
2026-04-29T07:58:28.6253069Z  * [new branch]        v0.7.0-legacy   -> origin/v0.7.0-legacy
2026-04-29T07:58:28.6253658Z  * [new tag]           v0.1.0          -> v0.1.0
2026-04-29T07:58:28.6254164Z  * [new tag]           v0.2.0          -> v0.2.0
2026-04-29T07:58:28.6254659Z  * [new tag]           v0.3.0          -> v0.3.0
2026-04-29T07:58:28.6255149Z  * [new tag]           v0.4.0          -> v0.4.0
2026-04-29T07:58:28.6255657Z  * [new tag]           v0.5.0          -> v0.5.0
2026-04-29T07:58:28.6256141Z  * [new tag]           v0.7.0          -> v0.7.0
2026-04-29T07:58:28.6256552Z  * [new tag]           v0.7.12         -> v0.7.12
2026-04-29T07:58:28.6256962Z  * [new tag]           v0.7.13         -> v0.7.13
2026-04-29T07:58:28.6257347Z  * [new tag]           v0.7.14         -> v0.7.14
2026-04-29T07:58:28.6257731Z  * [new tag]           v0.7.15         -> v0.7.15
2026-04-29T07:58:28.6258134Z  * [new tag]           v0.7.16         -> v0.7.16
2026-04-29T07:58:28.6258541Z  * [new tag]           v0.7.17         -> v0.7.17
2026-04-29T07:58:28.6258981Z  * [new tag]           v0.7.17-build.2 -> v0.7.17-build.2
2026-04-29T07:58:28.6259648Z  * [new tag]           v0.7.17-build.3 -> v0.7.17-build.3
2026-04-29T07:58:28.6260189Z  * [new tag]           v0.7.17-build.4 -> v0.7.17-build.4
2026-04-29T07:58:28.6260664Z  * [new tag]           v0.7.17-build.5 -> v0.7.17-build.5
2026-04-29T07:58:28.6261131Z  * [new tag]           v0.7.17-build.6 -> v0.7.17-build.6
2026-04-29T07:58:28.6261576Z  * [new tag]           v0.7.17-build.7 -> v0.7.17-build.7
2026-04-29T07:58:28.6262018Z  * [new tag]           v0.7.17-build.8 -> v0.7.17-build.8
2026-04-29T07:58:28.6262565Z  * [new tag]           v0.7.17-build.9 -> v0.7.17-build.9
2026-04-29T07:58:28.6263028Z  * [new tag]           v0.7.18         -> v0.7.18
2026-04-29T07:58:28.6263472Z  * [new tag]           v0.7.18-build.2 -> v0.7.18-build.2
2026-04-29T07:58:28.6263965Z  * [new tag]           v0.7.18-build.3 -> v0.7.18-build.3
2026-04-29T07:58:28.6264440Z  * [new tag]           v0.7.18-build.4 -> v0.7.18-build.4
2026-04-29T07:58:28.6264919Z  * [new tag]           v0.7.19         -> v0.7.19
2026-04-29T07:58:28.6265396Z  * [new tag]           v0.7.19-build.2 -> v0.7.19-build.2
2026-04-29T07:58:28.6265864Z  * [new tag]           v0.7.20         -> v0.7.20
2026-04-29T07:58:28.6266347Z  * [new tag]           v0.7.20-build.2 -> v0.7.20-build.2
2026-04-29T07:58:28.6266880Z  * [new tag]           v0.7.20-build.3 -> v0.7.20-build.3
2026-04-29T07:58:28.6267725Z  * [new tag]           v0.7.20-build.4 -> v0.7.20-build.4
2026-04-29T07:58:28.6268353Z  * [new tag]           v0.8.0          -> v0.8.0
2026-04-29T07:58:28.6268881Z  * [new tag]           v0.8.0-build.2  -> v0.8.0-build.2
2026-04-29T07:58:28.6269613Z  * [new tag]           v0.8.1          -> v0.8.1
2026-04-29T07:58:28.6270106Z  * [new tag]           v0.8.10         -> v0.8.10
2026-04-29T07:58:28.6270583Z  * [new tag]           v0.8.11         -> v0.8.11
2026-04-29T07:58:28.6271059Z  * [new tag]           v0.8.12         -> v0.8.12
2026-04-29T07:58:28.6271528Z  * [new tag]           v0.8.13         -> v0.8.13
2026-04-29T07:58:28.6271999Z  * [new tag]           v0.8.14         -> v0.8.14
2026-04-29T07:58:28.6272474Z  * [new tag]           v0.8.15         -> v0.8.15
2026-04-29T07:58:28.6272963Z  * [new tag]           v0.8.2          -> v0.8.2
2026-04-29T07:58:28.6273448Z  * [new tag]           v0.8.3          -> v0.8.3
2026-04-29T07:58:28.6273911Z  * [new tag]           v0.8.4          -> v0.8.4
2026-04-29T07:58:28.6274412Z  * [new tag]           v0.8.5          -> v0.8.5
2026-04-29T07:58:28.6274901Z  * [new tag]           v0.8.6          -> v0.8.6
2026-04-29T07:58:28.6275361Z  * [new tag]           v0.8.7          -> v0.8.7
2026-04-29T07:58:28.6275854Z  * [new tag]           v0.8.8          -> v0.8.8
2026-04-29T07:58:28.6276317Z  * [new tag]           v0.8.9          -> v0.8.9
2026-04-29T07:58:28.6276768Z  * [new tag]           v0.9.1          -> v0.9.1
2026-04-29T07:58:28.6277232Z  * [new tag]           v0.9.2          -> v0.9.2
2026-04-29T07:58:28.6277751Z  * [new tag]           v1.0.1          -> v1.0.1
2026-04-29T07:58:28.6278225Z  * [new tag]           v1.0.10         -> v1.0.10
2026-04-29T07:58:28.6278692Z  * [new tag]           v1.0.11         -> v1.0.11
2026-04-29T07:58:28.6279142Z  * [new tag]           v1.0.12         -> v1.0.12
2026-04-29T07:58:28.6279760Z  * [new tag]           v1.0.13         -> v1.0.13
2026-04-29T07:58:28.6280199Z  * [new tag]           v1.0.2          -> v1.0.2
2026-04-29T07:58:28.6280678Z  * [new tag]           v1.0.3          -> v1.0.3
2026-04-29T07:58:28.6281206Z  * [new tag]           v1.0.4          -> v1.0.4
2026-04-29T07:58:28.6281679Z  * [new tag]           v1.0.5          -> v1.0.5
2026-04-29T07:58:28.6282175Z  * [new tag]           v1.0.6          -> v1.0.6
2026-04-29T07:58:28.6282646Z  * [new tag]           v1.0.7          -> v1.0.7
2026-04-29T07:58:28.6283099Z  * [new tag]           v1.0.8          -> v1.0.8
2026-04-29T07:58:28.6283563Z  * [new tag]           v1.0.9          -> v1.0.9
2026-04-29T07:58:28.6284028Z  * [new tag]           v1.1.1          -> v1.1.1
2026-04-29T07:58:28.6284541Z  * [new tag]           v1.1.1-build.2  -> v1.1.1-build.2
2026-04-29T07:58:28.6285064Z  * [new tag]           v1.1.1-build.3  -> v1.1.1-build.3
2026-04-29T07:58:28.6285579Z  * [new tag]           v1.1.1-build.4  -> v1.1.1-build.4
2026-04-29T07:58:28.6286093Z  * [new tag]           v1.1.10         -> v1.1.10
2026-04-29T07:58:28.6286573Z  * [new tag]           v1.1.11         -> v1.1.11
2026-04-29T07:58:28.6287047Z  * [new tag]           v1.1.12         -> v1.1.12
2026-04-29T07:58:28.6287479Z  * [new tag]           v1.1.2          -> v1.1.2
2026-04-29T07:58:28.6287927Z  * [new tag]           v1.1.3          -> v1.1.3
2026-04-29T07:58:28.6288359Z  * [new tag]           v1.1.4          -> v1.1.4
2026-04-29T07:58:28.6288809Z  * [new tag]           v1.1.5          -> v1.1.5
2026-04-29T07:58:28.6289280Z  * [new tag]           v1.1.6          -> v1.1.6
2026-04-29T07:58:28.6289928Z  * [new tag]           v1.1.7          -> v1.1.7
2026-04-29T07:58:28.6290404Z  * [new tag]           v1.1.8          -> v1.1.8
2026-04-29T07:58:28.6290932Z  * [new tag]           v1.1.9          -> v1.1.9
2026-04-29T07:58:28.6291411Z  * [new tag]           v1.3.0          -> v1.3.0
2026-04-29T07:58:28.6291893Z  * [new tag]           v1.3.1          -> v1.3.1
2026-04-29T07:58:28.6292365Z  * [new tag]           v1.3.10         -> v1.3.10
2026-04-29T07:58:28.6292824Z  * [new tag]           v1.3.11         -> v1.3.11
2026-04-29T07:58:28.6293630Z  * [new tag]           v1.3.11-build.2 -> v1.3.11-build.2
2026-04-29T07:58:28.6294261Z  * [new tag]           v1.3.12         -> v1.3.12
2026-04-29T07:58:28.6294746Z  * [new tag]           v1.3.13         -> v1.3.13
2026-04-29T07:58:28.6295233Z  * [new tag]           v1.3.13-build.2 -> v1.3.13-build.2
2026-04-29T07:58:28.6295729Z  * [new tag]           v1.3.14         -> v1.3.14
2026-04-29T07:58:28.6296164Z  * [new tag]           v1.3.15         -> v1.3.15
2026-04-29T07:58:28.6296661Z  * [new tag]           v1.3.16         -> v1.3.16
2026-04-29T07:58:28.6297158Z  * [new tag]           v1.3.17         -> v1.3.17
2026-04-29T07:58:28.6297650Z  * [new tag]           v1.3.18         -> v1.3.18
2026-04-29T07:58:28.6298132Z  * [new tag]           v1.3.19         -> v1.3.19
2026-04-29T07:58:28.6298621Z  * [new tag]           v1.3.2          -> v1.3.2
2026-04-29T07:58:28.6299119Z  * [new tag]           v1.3.20         -> v1.3.20
2026-04-29T07:58:28.6300273Z  * [new tag]           v1.3.21         -> v1.3.21
2026-04-29T07:58:28.6300758Z  * [new tag]           v1.3.22         -> v1.3.22
2026-04-29T07:58:28.6301258Z  * [new tag]           v1.3.23         -> v1.3.23
2026-04-29T07:58:28.6301757Z  * [new tag]           v1.3.24         -> v1.3.24
2026-04-29T07:58:28.6302251Z  * [new tag]           v1.3.25         -> v1.3.25
2026-04-29T07:58:28.6302762Z  * [new tag]           v1.3.26         -> v1.3.26
2026-04-29T07:58:28.6303257Z  * [new tag]           v1.3.27         -> v1.3.27
2026-04-29T07:58:28.6303743Z  * [new tag]           v1.3.28         -> v1.3.28
2026-04-29T07:58:28.6304236Z  * [new tag]           v1.3.29         -> v1.3.29
2026-04-29T07:58:28.6304709Z  * [new tag]           v1.3.3          -> v1.3.3
2026-04-29T07:58:28.6305213Z  * [new tag]           v1.3.30         -> v1.3.30
2026-04-29T07:58:28.6305706Z  * [new tag]           v1.3.31         -> v1.3.31
2026-04-29T07:58:28.6306240Z  * [new tag]           v1.3.32         -> v1.3.32
2026-04-29T07:58:28.6306697Z  * [new tag]           v1.3.33         -> v1.3.33
2026-04-29T07:58:28.6307176Z  * [new tag]           v1.3.34         -> v1.3.34
2026-04-29T07:58:28.6307665Z  * [new tag]           v1.3.35         -> v1.3.35
2026-04-29T07:58:28.6308134Z  * [new tag]           v1.3.36         -> v1.3.36
2026-04-29T07:58:28.6308628Z  * [new tag]           v1.3.37         -> v1.3.37
2026-04-29T07:58:28.6309110Z  * [new tag]           v1.3.38         -> v1.3.38
2026-04-29T07:58:28.6309749Z  * [new tag]           v1.3.39         -> v1.3.39
2026-04-29T07:58:28.6310223Z  * [new tag]           v1.3.4          -> v1.3.4
2026-04-29T07:58:28.6310663Z  * [new tag]           v1.3.40         -> v1.3.40
2026-04-29T07:58:28.6311130Z  * [new tag]           v1.3.41         -> v1.3.41
2026-04-29T07:58:28.6311586Z  * [new tag]           v1.3.42         -> v1.3.42
2026-04-29T07:58:28.6312079Z  * [new tag]           v1.3.43         -> v1.3.43
2026-04-29T07:58:28.6312543Z  * [new tag]           v1.3.44         -> v1.3.44
2026-04-29T07:58:28.6313018Z  * [new tag]           v1.3.45         -> v1.3.45
2026-04-29T07:58:28.6313515Z  * [new tag]           v1.3.46         -> v1.3.46
2026-04-29T07:58:28.6314015Z  * [new tag]           v1.3.47         -> v1.3.47
2026-04-29T07:58:28.6314493Z  * [new tag]           v1.3.48         -> v1.3.48
2026-04-29T07:58:28.6314989Z  * [new tag]           v1.3.49         -> v1.3.49
2026-04-29T07:58:28.6315486Z  * [new tag]           v1.3.5          -> v1.3.5
2026-04-29T07:58:28.6316017Z  * [new tag]           v1.3.5-build.2  -> v1.3.5-build.2
2026-04-29T07:58:28.6316541Z  * [new tag]           v1.3.50         -> v1.3.50
2026-04-29T07:58:28.6317053Z  * [new tag]           v1.3.51         -> v1.3.51
2026-04-29T07:58:28.6317546Z  * [new tag]           v1.3.52         -> v1.3.52
2026-04-29T07:58:28.6318041Z  * [new tag]           v1.3.53         -> v1.3.53
2026-04-29T07:58:28.6318540Z  * [new tag]           v1.3.54         -> v1.3.54
2026-04-29T07:58:28.6319034Z  * [new tag]           v1.3.55         -> v1.3.55
2026-04-29T07:58:28.6319687Z  * [new tag]           v1.3.56         -> v1.3.56
2026-04-29T07:58:28.6320392Z  * [new tag]           v1.3.57         -> v1.3.57
2026-04-29T07:58:28.6321089Z  * [new tag]           v1.3.58         -> v1.3.58
2026-04-29T07:58:28.6321594Z  * [new tag]           v1.3.59         -> v1.3.59
2026-04-29T07:58:28.6322076Z  * [new tag]           v1.3.6          -> v1.3.6
2026-04-29T07:58:28.6322636Z  * [new tag]           v1.3.60         -> v1.3.60
2026-04-29T07:58:28.6323123Z  * [new tag]           v1.3.61         -> v1.3.61
2026-04-29T07:58:28.6323604Z  * [new tag]           v1.3.62         -> v1.3.62
2026-04-29T07:58:28.6324107Z  * [new tag]           v1.3.7          -> v1.3.7
2026-04-29T07:58:28.6324622Z  * [new tag]           v1.3.8          -> v1.3.8
2026-04-29T07:58:28.6325102Z  * [new tag]           v1.3.9          -> v1.3.9
2026-04-29T07:58:28.6325599Z  * [new tag]           v1.4.40         -> v1.4.40
2026-04-29T07:58:28.6326100Z  * [new tag]           v1.5.0          -> v1.5.0
2026-04-29T07:58:28.6326573Z  * [new tag]           v1.5.2          -> v1.5.2
2026-04-29T07:58:28.6327067Z  * [new tag]           v1.5.3          -> v1.5.3
2026-04-29T07:58:28.6327570Z  * [new tag]           v1.6.0          -> v1.6.0
2026-04-29T07:58:28.6328057Z  * [new tag]           v1.7.0          -> v1.7.0
2026-04-29T07:58:28.6328539Z  * [new tag]           v1.7.37         -> v1.7.37
2026-04-29T07:58:28.6329045Z  * [new tag]           v1.7.38         -> v1.7.38
2026-04-29T07:58:28.6329770Z  * [new tag]           v1.7.39         -> v1.7.39
2026-04-29T07:58:28.6330269Z  * [new tag]           v1.7.40         -> v1.7.40
2026-04-29T07:58:28.6330760Z  * [new tag]           v1.7.41         -> v1.7.41
2026-04-29T07:58:28.6331250Z  * [new tag]           v1.7.42         -> v1.7.42
2026-04-29T07:58:28.6331742Z  * [new tag]           v1.7.43         -> v1.7.43
2026-04-29T07:58:28.6332226Z  * [new tag]           v1.7.44         -> v1.7.44
2026-04-29T07:58:28.6332699Z  * [new tag]           v1.7.45         -> v1.7.45
2026-04-29T07:58:28.6333124Z  * [new tag]           v1.7.46         -> v1.7.46
2026-04-29T07:58:28.6333631Z  * [new tag]           v1.7.47         -> v1.7.47
2026-04-29T07:58:28.6334120Z  * [new tag]           v1.7.48         -> v1.7.48
2026-04-29T07:58:28.6334606Z  * [new tag]           v1.7.49         -> v1.7.49
2026-04-29T07:58:28.6335102Z  * [new tag]           v1.7.50         -> v1.7.50
2026-04-29T07:58:28.6335575Z  * [new tag]           v1.7.51         -> v1.7.51
2026-04-29T07:58:28.6336047Z  * [new tag]           v1.7.52         -> v1.7.52
2026-04-29T07:58:28.6336523Z  * [new tag]           v1.7.53         -> v1.7.53
2026-04-29T07:58:28.6337013Z  * [new tag]           v1.7.54         -> v1.7.54
2026-04-29T07:58:28.6337486Z  * [new tag]           v1.7.55         -> v1.7.55
2026-04-29T07:58:28.6337965Z  * [new tag]           v1.7.56         -> v1.7.56
2026-04-29T07:58:28.6338448Z  * [new tag]           v1.7.57         -> v1.7.57
2026-04-29T07:58:28.6338932Z  * [new tag]           v1.7.58         -> v1.7.58
2026-04-29T07:58:28.6339572Z  * [new tag]           v1.7.59         -> v1.7.59
2026-04-29T07:58:28.6340069Z  * [new tag]           v1.7.60         -> v1.7.60
2026-04-29T07:58:28.6340537Z  * [new tag]           v1.7.61         -> v1.7.61
2026-04-29T07:58:28.6340957Z  * [new tag]           v1.7.62         -> v1.7.62
2026-04-29T07:58:28.6341411Z  * [new tag]           v1.7.63         -> v1.7.63
2026-04-29T07:58:28.6341932Z  * [new tag]           v1.7.64         -> v1.7.64
2026-04-29T07:58:28.6342390Z  * [new tag]           v1.7.65         -> v1.7.65
2026-04-29T07:58:28.6342875Z  * [new tag]           v1.7.66         -> v1.7.66
2026-04-29T07:58:28.6343347Z  * [new tag]           v1.7.67         -> v1.7.67
2026-04-29T07:58:28.6343792Z  * [new tag]           v1.7.68         -> v1.7.68
2026-04-29T07:58:28.6344270Z  * [new tag]           v1.7.69         -> v1.7.69
2026-04-29T07:58:28.6344746Z  * [new tag]           v1.7.70         -> v1.7.70
2026-04-29T07:58:28.6345249Z  * [new tag]           v1.7.71         -> v1.7.71
2026-04-29T07:58:28.6345718Z  * [new tag]           v1.7.72         -> v1.7.72
2026-04-29T07:58:28.6346437Z  * [new tag]           v1.7.73         -> v1.7.73
2026-04-29T07:58:28.6347034Z  * [new tag]           v1.7.74         -> v1.7.74
2026-04-29T07:58:28.6347518Z  * [new tag]           v1.7.75         -> v1.7.75
2026-04-29T07:58:28.6348032Z  * [new tag]           v1.7.76         -> v1.7.76
2026-04-29T07:58:28.6348512Z  * [new tag]           v1.7.77         -> v1.7.77
2026-04-29T07:58:28.6348992Z  * [new tag]           v1.7.78         -> v1.7.78
2026-04-29T07:58:28.6349630Z  * [new tag]           v1.7.79         -> v1.7.79
2026-04-29T07:58:28.6350062Z  * [new tag]           v1.7.80         -> v1.7.80
2026-04-29T07:58:28.6350535Z  * [new tag]           v1.7.81         -> v1.7.81
2026-04-29T07:58:28.6351022Z  * [new tag]           v1.7.82         -> v1.7.82
2026-04-29T07:58:28.6351505Z  * [new tag]           v1.7.83         -> v1.7.83
2026-04-29T07:58:28.6352000Z  * [new tag]           v1.7.84         -> v1.7.84
2026-04-29T07:58:28.6352480Z  * [new tag]           v1.7.85         -> v1.7.85
2026-04-29T07:58:28.6352972Z  * [new tag]           v1.7.86         -> v1.7.86
2026-04-29T07:58:28.6353467Z  * [new tag]           v1.7.87         -> v1.7.87
2026-04-29T07:58:28.6444018Z [command]/usr/bin/git rev-parse --verify --quiet 50113e21de97be66d5eafcd77cd228795708e4c9^{object}
2026-04-29T07:58:28.6465458Z 50113e21de97be66d5eafcd77cd228795708e4c9
2026-04-29T07:58:28.6469877Z ##[endgroup]
2026-04-29T07:58:28.6470511Z ##[group]Determining the checkout info
2026-04-29T07:58:28.6471241Z ##[endgroup]
2026-04-29T07:58:28.6476044Z [command]/usr/bin/git sparse-checkout disable
2026-04-29T07:58:28.6506559Z [command]/usr/bin/git config --local --unset-all extensions.worktreeConfig
2026-04-29T07:58:28.6528651Z ##[group]Checking out the ref
2026-04-29T07:58:28.6533194Z [command]/usr/bin/git checkout --progress --force 50113e21de97be66d5eafcd77cd228795708e4c9
2026-04-29T07:58:28.8850316Z Note: switching to '50113e21de97be66d5eafcd77cd228795708e4c9'.
2026-04-29T07:58:28.8850821Z 
2026-04-29T07:58:28.8851170Z You are in 'detached HEAD' state. You can look around, make experimental
2026-04-29T07:58:28.8851972Z changes and commit them, and you can discard any commits you make in this
2026-04-29T07:58:28.8852747Z state without impacting any branches by switching back to a branch.
2026-04-29T07:58:28.8853106Z 
2026-04-29T07:58:28.8853336Z If you want to create a new branch to retain commits you create, you may
2026-04-29T07:58:28.8853801Z do so (now or later) by using -c with the switch command. Example:
2026-04-29T07:58:28.8854127Z 
2026-04-29T07:58:28.8854330Z   git switch -c <new-branch-name>
2026-04-29T07:58:28.8854490Z 
2026-04-29T07:58:28.8854580Z Or undo this operation with:
2026-04-29T07:58:28.8854727Z 
2026-04-29T07:58:28.8854801Z   git switch -
2026-04-29T07:58:28.8854908Z 
2026-04-29T07:58:28.8855098Z Turn off this advice by setting config variable advice.detachedHead to false
2026-04-29T07:58:28.8855362Z 
2026-04-29T07:58:28.8855876Z HEAD is now at 50113e21 chore(release): bump to v1.7.88 — sync on reconnect + 30 s periodic floor (#945)
2026-04-29T07:58:28.8875136Z ##[endgroup]
2026-04-29T07:58:28.8913038Z [command]/usr/bin/git log -1 --format=%H
2026-04-29T07:58:28.8932218Z 50113e21de97be66d5eafcd77cd228795708e4c9
2026-04-29T07:58:28.9021900Z ##[group]Run set -euo pipefail
2026-04-29T07:58:28.9022184Z [36;1mset -euo pipefail[0m
2026-04-29T07:58:28.9022490Z [36;1m# Switch off the detached merge-sha checkout onto a local branch[0m
2026-04-29T07:58:28.9022900Z [36;1m# tracking main so the later `git push HEAD:main` has somewhere[0m
2026-04-29T07:58:28.9023294Z [36;1m# to go. Fetch the latest main first so we bump from the tip the[0m
2026-04-29T07:58:28.9023700Z [36;1m# push will target — otherwise a concurrent PR's bump from a[0m
2026-04-29T07:58:28.9024054Z [36;1m# queued run ahead of us would get overwritten.[0m
2026-04-29T07:58:28.9024325Z [36;1mgit fetch origin main[0m
2026-04-29T07:58:28.9024558Z [36;1mgit checkout -B main origin/main[0m
2026-04-29T07:58:28.9024792Z [36;1m[0m
2026-04-29T07:58:28.9025216Z [36;1mCURRENT_CODE=$(grep -oP 'versionCode\s*=\s*\K[0-9]+' app/build.gradle.kts | head -1)[0m
2026-04-29T07:58:28.9025620Z [36;1mNEW_CODE=$(( CURRENT_CODE + 1 ))[0m
2026-04-29T07:58:28.9026019Z [36;1msed -i "s/versionCode = [0-9]*/versionCode = $NEW_CODE/" app/build.gradle.kts[0m
2026-04-29T07:58:28.9026362Z [36;1m[0m
2026-04-29T07:58:28.9026665Z [36;1mCURRENT_NAME=$(grep -oP 'versionName\s*=\s*"\K[^"]+' app/build.gradle.kts | head -1)[0m
2026-04-29T07:58:28.9027075Z [36;1mMAJOR=$(echo "$CURRENT_NAME" | cut -d. -f1)[0m
2026-04-29T07:58:28.9027364Z [36;1mMINOR=$(echo "$CURRENT_NAME" | cut -d. -f2)[0m
2026-04-29T07:58:28.9027653Z [36;1mPATCH=$(echo "$CURRENT_NAME" | cut -d. -f3)[0m
2026-04-29T07:58:28.9027925Z [36;1mNEW_PATCH=$(( PATCH + 1 ))[0m
2026-04-29T07:58:28.9028185Z [36;1mNEW_NAME="${MAJOR}.${MINOR}.${NEW_PATCH}"[0m
2026-04-29T07:58:28.9028606Z [36;1msed -i "s/versionName = \"${CURRENT_NAME}\"/versionName = \"${NEW_NAME}\"/" app/build.gradle.kts[0m
2026-04-29T07:58:28.9029016Z [36;1m[0m
2026-04-29T07:58:28.9029244Z [36;1mecho "version_name=$NEW_NAME" >> "$GITHUB_OUTPUT"[0m
2026-04-29T07:58:28.9029793Z [36;1mecho "version_code=$NEW_CODE" >> "$GITHUB_OUTPUT"[0m
2026-04-29T07:58:28.9030127Z [36;1mecho "Bumping to v$NEW_NAME (build $NEW_CODE)"[0m
2026-04-29T07:58:28.9044022Z shell: /usr/bin/bash -e {0}
2026-04-29T07:58:28.9044269Z ##[endgroup]
2026-04-29T07:58:29.1643869Z From https://github.com/averycorp/prismTask
2026-04-29T07:58:29.1644402Z  * branch              main       -> FETCH_HEAD
2026-04-29T07:58:29.3586655Z Switched to a new branch 'main'
2026-04-29T07:58:29.3587340Z branch 'main' set up to track 'origin/main'.
2026-04-29T07:58:29.3681554Z Bumping to v1.7.89 (build 789)
2026-04-29T07:58:29.3727926Z ##[group]Run set -euo pipefail
2026-04-29T07:58:29.3728223Z [36;1mset -euo pipefail[0m
2026-04-29T07:58:29.3728580Z [36;1mgit config --local user.email "github-actions[bot]@users.noreply.github.com"[0m
2026-04-29T07:58:29.3729012Z [36;1mgit config --local user.name "github-actions[bot]"[0m
2026-04-29T07:58:29.3729330Z [36;1mgit add app/build.gradle.kts[0m
2026-04-29T07:58:29.3729885Z [36;1mif git diff --cached --quiet; then[0m
2026-04-29T07:58:29.3730165Z [36;1m  echo "No version bump to commit"[0m
2026-04-29T07:58:29.3730400Z [36;1m  exit 0[0m
2026-04-29T07:58:29.3730572Z [36;1mfi[0m
2026-04-29T07:58:29.3730812Z [36;1mgit commit -m "chore: bump to v1.7.89 (build 789) [skip ci]"[0m
2026-04-29T07:58:29.3731201Z [36;1m# Another PR merge can push to main while this job is running,[0m
2026-04-29T07:58:29.3731588Z [36;1m# so a straight `git push` here races and silently loses the[0m
2026-04-29T07:58:29.3732027Z [36;1m# bump commit. Rebase onto the current main tip and retry on rejection.[0m
2026-04-29T07:58:29.3732373Z [36;1mfor attempt in 1 2 3 4 5; do[0m
2026-04-29T07:58:29.3732609Z [36;1m  if git push origin HEAD:main; then[0m
2026-04-29T07:58:29.3732903Z [36;1m    echo "Pushed version bump on attempt $attempt"[0m
2026-04-29T07:58:29.3733183Z [36;1m    exit 0[0m
2026-04-29T07:58:29.3733355Z [36;1m  fi[0m
2026-04-29T07:58:29.3733658Z [36;1m  echo "Push rejected on attempt $attempt; rebasing onto origin/main and retrying"[0m
2026-04-29T07:58:29.3734030Z [36;1m  git fetch origin main[0m
2026-04-29T07:58:29.3734270Z [36;1m  if ! git rebase origin/main; then[0m
2026-04-29T07:58:29.3734522Z [36;1m    git rebase --abort || true[0m
2026-04-29T07:58:29.3734864Z [36;1m    echo "::error::Rebase conflict while replaying version bump; aborting."[0m
2026-04-29T07:58:29.3735200Z [36;1m    exit 1[0m
2026-04-29T07:58:29.3735369Z [36;1m  fi[0m
2026-04-29T07:58:29.3735596Z [36;1m  sleep $((attempt * 2))[0m
2026-04-29T07:58:29.3735813Z [36;1mdone[0m
2026-04-29T07:58:29.3736062Z [36;1mecho "::error::Failed to push version bump after 5 attempts."[0m
2026-04-29T07:58:29.3736364Z [36;1mexit 1[0m
2026-04-29T07:58:29.3749742Z shell: /usr/bin/bash -e {0}
2026-04-29T07:58:29.3749990Z ##[endgroup]
2026-04-29T07:58:29.3913054Z [main 8eb29375] chore: bump to v1.7.89 (build 789) [skip ci]
2026-04-29T07:58:29.3913467Z  1 file changed, 2 insertions(+), 2 deletions(-)
2026-04-29T07:58:29.5302905Z remote: Permission to averycorp/prismTask.git denied to akarlin3.
2026-04-29T07:58:29.5303883Z fatal: unable to access 'https://github.com/averycorp/prismTask/': The requested URL returned error: 403
2026-04-29T07:58:29.5315208Z Push rejected on attempt 1; rebasing onto origin/main and retrying
2026-04-29T07:58:29.7659333Z From https://github.com/averycorp/prismTask
2026-04-29T07:58:29.7660011Z  * branch              main       -> FETCH_HEAD
2026-04-29T07:58:29.7745185Z Current branch main is up to date.
2026-04-29T07:58:31.9315909Z remote: Permission to averycorp/prismTask.git denied to akarlin3.
2026-04-29T07:58:31.9316930Z fatal: unable to access 'https://github.com/averycorp/prismTask/': The requested URL returned error: 403
2026-04-29T07:58:31.9327202Z Push rejected on attempt 2; rebasing onto origin/main and retrying
2026-04-29T07:58:32.1643273Z From https://github.com/averycorp/prismTask
2026-04-29T07:58:32.1643634Z  * branch              main       -> FETCH_HEAD
2026-04-29T07:58:32.1723936Z Current branch main is up to date.
2026-04-29T07:58:36.3193911Z remote: Permission to averycorp/prismTask.git denied to akarlin3.
2026-04-29T07:58:36.3194491Z fatal: unable to access 'https://github.com/averycorp/prismTask/': The requested URL returned error: 403
2026-04-29T07:58:36.3205013Z Push rejected on attempt 3; rebasing onto origin/main and retrying
2026-04-29T07:58:36.5620965Z From https://github.com/averycorp/prismTask
2026-04-29T07:58:36.5621406Z  * branch              main       -> FETCH_HEAD
2026-04-29T07:58:36.5697717Z Current branch main is up to date.
2026-04-29T07:58:42.7275691Z remote: Permission to averycorp/prismTask.git denied to akarlin3.
2026-04-29T07:58:42.7276274Z fatal: unable to access 'https://github.com/averycorp/prismTask/': The requested URL returned error: 403
2026-04-29T07:58:42.7286327Z Push rejected on attempt 4; rebasing onto origin/main and retrying
2026-04-29T07:58:42.9462526Z From https://github.com/averycorp/prismTask
2026-04-29T07:58:42.9463042Z  * branch              main       -> FETCH_HEAD
2026-04-29T07:58:42.9533643Z Current branch main is up to date.
2026-04-29T07:58:51.1318646Z remote: Permission to averycorp/prismTask.git denied to akarlin3.
2026-04-29T07:58:51.1319314Z fatal: unable to access 'https://github.com/averycorp/prismTask/': The requested URL returned error: 403
2026-04-29T07:58:51.1332306Z Push rejected on attempt 5; rebasing onto origin/main and retrying
2026-04-29T07:58:51.3627569Z From https://github.com/averycorp/prismTask
2026-04-29T07:58:51.3627958Z  * branch              main       -> FETCH_HEAD
2026-04-29T07:58:51.3701164Z Current branch main is up to date.
2026-04-29T07:59:01.3749807Z ##[error]Failed to push version bump after 5 attempts.
2026-04-29T07:59:01.3756967Z ##[error]Process completed with exit code 1.
2026-04-29T07:59:01.3857646Z Post job cleanup.
2026-04-29T07:59:01.4813271Z [command]/usr/bin/git version
2026-04-29T07:59:01.4852269Z git version 2.53.0
2026-04-29T07:59:01.4891194Z Temporarily overriding HOME='/home/runner/work/_temp/62c35c77-a9ff-44bb-a56d-d3edc88d7217' before making global git config changes
2026-04-29T07:59:01.4892437Z Adding repository directory to the temporary git global config as a safe directory
2026-04-29T07:59:01.4897247Z [command]/usr/bin/git config --global --add safe.directory /home/runner/work/prismTask/prismTask
2026-04-29T07:59:01.4926918Z [command]/usr/bin/git config --local --name-only --get-regexp core\.sshCommand
2026-04-29T07:59:01.4954325Z [command]/usr/bin/git submodule foreach --recursive sh -c "git config --local --name-only --get-regexp 'core\.sshCommand' && git config --local --unset-all 'core.sshCommand' || :"
2026-04-29T07:59:01.5128433Z [command]/usr/bin/git config --local --name-only --get-regexp http\.https\:\/\/github\.com\/\.extraheader
2026-04-29T07:59:01.5145739Z http.https://github.com/.extraheader
2026-04-29T07:59:01.5156893Z [command]/usr/bin/git config --local --unset-all http.https://github.com/.extraheader
2026-04-29T07:59:01.5181710Z [command]/usr/bin/git submodule foreach --recursive sh -c "git config --local --name-only --get-regexp 'http\.https\:\/\/github\.com\/\.extraheader' && git config --local --unset-all 'http.https://github.com/.extraheader' || :"
2026-04-29T07:59:01.5350165Z [command]/usr/bin/git config --local --name-only --get-regexp ^includeIf\.gitdir:
2026-04-29T07:59:01.5375605Z [command]/usr/bin/git submodule foreach --recursive git config --local --show-origin --name-only --get-regexp remote.origin.url
2026-04-29T07:59:01.5645691Z Cleaning up orphan processes
2026-04-29T07:59:01.5934862Z ##[warning]Node.js 20 actions are deprecated. The following actions are running on Node.js 20 and may not work as expected: actions/checkout@v4. Actions will be forced to run with Node.js 24 by default starting June 2nd, 2026. Node.js 20 will be removed from the runner on September 16th, 2026. Please check if updated versions of these actions are available that support Node.js 24. To opt into Node.js 24 now, set the FORCE_JAVASCRIPT_ACTIONS_TO_NODE24=true environment variable on the runner or in your workflow file. Once Node.js 24 becomes the default, you can temporarily opt out by setting ACTIONS_ALLOW_USE_UNSECURE_NODE_VERSION=true. For more information see: https://github.blog/changelog/2025-09-19-deprecation-of-node-20-on-github-actions-runners/
