=== CI FAILURE ===
Workflow:      Version Bump & Tag
Workflow file: averycorp/prismTask/.github/workflows/version-bump-and-tag.yml@refs/heads/main
Job(s):        Version Bump & Tag
Run ID:        25068787254
Run attempt:   1
Run URL:       https://github.com/averycorp/prismTask/actions/runs/25068787254
Commit:        af24f4cee5d142f8d9b7e39cf755307e6392d5ba
Branch:        main
Event:         workflow_run
Actor:         akarlin3
Runner OS:     Linux
Timestamp:     2026-04-28T17:51:37.389Z

Failed steps:
  - Version Bump & Tag: #6 Commit version bump

=== FAILED JOB LOG ===

--- Job: Version Bump & Tag (id 73443078775) ---
2026-04-28T17:48:17.0670161Z Current runner version: '2.334.0'
2026-04-28T17:48:17.0703867Z ##[group]Runner Image Provisioner
2026-04-28T17:48:17.0705229Z Hosted Compute Agent
2026-04-28T17:48:17.0706421Z Version: 20260422.526
2026-04-28T17:48:17.0707784Z Commit: e1a9e573f4d0838b3a7c1b07401aeb29ed3635a9
2026-04-28T17:48:17.0709005Z Build Date: 2026-04-22T09:31:31Z
2026-04-28T17:48:17.0710035Z Worker ID: {13744a0a-690f-4d2a-b727-7962d3fdb876}
2026-04-28T17:48:17.0711374Z Azure Region: eastus
2026-04-28T17:48:17.0712264Z ##[endgroup]
2026-04-28T17:48:17.0714796Z ##[group]Operating System
2026-04-28T17:48:17.0715774Z Ubuntu
2026-04-28T17:48:17.0716762Z 24.04.4
2026-04-28T17:48:17.0717669Z LTS
2026-04-28T17:48:17.0718463Z ##[endgroup]
2026-04-28T17:48:17.0719298Z ##[group]Runner Image
2026-04-28T17:48:17.0720500Z Image: ubuntu-24.04
2026-04-28T17:48:17.0721387Z Version: 20260426.100.1
2026-04-28T17:48:17.0723526Z Included Software: https://github.com/actions/runner-images/blob/ubuntu24/20260426.100/images/ubuntu/Ubuntu2404-Readme.md
2026-04-28T17:48:17.0726478Z Image Release: https://github.com/actions/runner-images/releases/tag/ubuntu24%2F20260426.100
2026-04-28T17:48:17.0728328Z ##[endgroup]
2026-04-28T17:48:17.0730437Z ##[group]GITHUB_TOKEN Permissions
2026-04-28T17:48:17.0733397Z Actions: write
2026-04-28T17:48:17.0734318Z Contents: write
2026-04-28T17:48:17.0735223Z Metadata: read
2026-04-28T17:48:17.0736614Z PullRequests: read
2026-04-28T17:48:17.0737542Z ##[endgroup]
2026-04-28T17:48:17.0740477Z Secret source: Actions
2026-04-28T17:48:17.0742281Z Prepare workflow directory
2026-04-28T17:48:17.1228093Z Prepare all required actions
2026-04-28T17:48:17.1284737Z Getting action download info
2026-04-28T17:48:17.3512108Z Download action repository 'actions/checkout@v4' (SHA:34e114876b0b11c390a56381ad16ebd13914f8d5)
2026-04-28T17:48:17.5476595Z Complete job name: Version Bump & Tag
2026-04-28T17:48:17.6207837Z ##[group]Run set -euo pipefail
2026-04-28T17:48:17.6208510Z [36;1mset -euo pipefail[0m
2026-04-28T17:48:17.6209096Z [36;1mif [ "$EVENT_NAME" = "workflow_dispatch" ]; then[0m
2026-04-28T17:48:17.6209889Z [36;1m  # Manual dispatch path — use the input if provided, otherwise[0m
2026-04-28T17:48:17.6210678Z [36;1m  # walk the latest merged PR on main and target that.[0m
2026-04-28T17:48:17.6211325Z [36;1m  if [ -n "$DISPATCH_PR" ]; then[0m
2026-04-28T17:48:17.6211938Z [36;1m    echo "pr_number=$DISPATCH_PR" >> "$GITHUB_OUTPUT"[0m
2026-04-28T17:48:17.6212640Z [36;1m    echo "found=true" >> "$GITHUB_OUTPUT"[0m
2026-04-28T17:48:17.6213308Z [36;1m    echo "Using PR #$DISPATCH_PR from dispatch input."[0m
2026-04-28T17:48:17.6213920Z [36;1m    exit 0[0m
2026-04-28T17:48:17.6214340Z [36;1m  fi[0m
2026-04-28T17:48:17.6214913Z [36;1m  PR_NUMBER=$(gh pr list --repo "$REPO" --state merged --base main \[0m
2026-04-28T17:48:17.6215728Z [36;1m    --limit 1 --json number -q '.[0].number // empty')[0m
2026-04-28T17:48:17.6216616Z [36;1m  if [ -z "$PR_NUMBER" ]; then[0m
2026-04-28T17:48:17.6217351Z [36;1m    echo "::warning::No merged PRs found on main. Cannot resolve PR; skipping."[0m
2026-04-28T17:48:17.6218161Z [36;1m    echo "found=false" >> "$GITHUB_OUTPUT"[0m
2026-04-28T17:48:17.6218709Z [36;1m    exit 0[0m
2026-04-28T17:48:17.6219115Z [36;1m  fi[0m
2026-04-28T17:48:17.6219583Z [36;1m  echo "pr_number=$PR_NUMBER" >> "$GITHUB_OUTPUT"[0m
2026-04-28T17:48:17.6220211Z [36;1m  echo "found=true" >> "$GITHUB_OUTPUT"[0m
2026-04-28T17:48:17.6220938Z [36;1m  echo "Resolved most-recent merged PR #$PR_NUMBER for dispatch run."[0m
2026-04-28T17:48:17.6221625Z [36;1m  exit 0[0m
2026-04-28T17:48:17.6222180Z [36;1mfi[0m
2026-04-28T17:48:17.6222732Z [36;1m[0m
2026-04-28T17:48:17.6223363Z [36;1m# Path 1 — fast path: pull_requests was populated.[0m
2026-04-28T17:48:17.6224118Z [36;1mPR_NUMBER=$(echo "$PR_JSON" | jq -r '.[0].number // empty')[0m
2026-04-28T17:48:17.6224794Z [36;1mif [ -n "$PR_NUMBER" ]; then[0m
2026-04-28T17:48:17.6225392Z [36;1m  echo "pr_number=$PR_NUMBER" >> "$GITHUB_OUTPUT"[0m
2026-04-28T17:48:17.6226200Z [36;1m  echo "found=true" >> "$GITHUB_OUTPUT"[0m
2026-04-28T17:48:17.6227113Z [36;1m  echo "Resolved PR #$PR_NUMBER from workflow_run payload."[0m
2026-04-28T17:48:17.6227748Z [36;1m  exit 0[0m
2026-04-28T17:48:17.6228142Z [36;1mfi[0m
2026-04-28T17:48:17.6228624Z [36;1m[0m
2026-04-28T17:48:17.6229148Z [36;1m# Path 2 — fallback: look the PR up by HEAD SHA. Works in both[0m
2026-04-28T17:48:17.6229948Z [36;1m# the pre-merge case (auto-merge.yml fires before the squash[0m
2026-04-28T17:48:17.6230745Z [36;1m# actually happens; the open PR still has this commit at its[0m
2026-04-28T17:48:17.6231545Z [36;1m# head) and the post-merge case (GitHub keeps the commit→PR[0m
2026-04-28T17:48:17.6232342Z [36;1m# mapping after squash, so we still resolve correctly even if[0m
2026-04-28T17:48:17.6233140Z [36;1m# the source branch was deleted). The downstream "Wait for PR[0m
2026-04-28T17:48:17.6233916Z [36;1m# to merge" step handles the timing — we only need the PR[0m
2026-04-28T17:48:17.6234582Z [36;1m# number here, not its merge state.[0m
2026-04-28T17:48:17.6235117Z [36;1m#[0m
2026-04-28T17:48:17.6235659Z [36;1m# Deliberately NOT falling back to "most recent merged PR" —[0m
2026-04-28T17:48:17.6236608Z [36;1m# that race-condition-bumps a previously-merged PR if[0m
2026-04-28T17:48:17.6237327Z [36;1m# workflow_run fires before the queued merge lands.[0m
2026-04-28T17:48:17.6237940Z [36;1mif [ -z "$HEAD_SHA" ]; then[0m
2026-04-28T17:48:17.6238681Z [36;1m  echo "::warning::workflow_run.head_sha is empty; cannot resolve PR. Skipping."[0m
2026-04-28T17:48:17.6239484Z [36;1m  echo "found=false" >> "$GITHUB_OUTPUT"[0m
2026-04-28T17:48:17.6240027Z [36;1m  exit 0[0m
2026-04-28T17:48:17.6240419Z [36;1mfi[0m
2026-04-28T17:48:17.6240964Z [36;1m# Capture the API response separately instead of piping through[0m
2026-04-28T17:48:17.6241954Z [36;1m# `gh api --jq` directly. Under `set -euo pipefail`, an empty or[0m
2026-04-28T17:48:17.6242742Z [36;1m# non-JSON response body crashes the embedded jq with[0m
2026-04-28T17:48:17.6243548Z [36;1m# `unexpected end of JSON input` and aborts the whole script[0m
2026-04-28T17:48:17.6244345Z [36;1m# before the empty-result branch below can fire — observed on[0m
2026-04-28T17:48:17.6245139Z [36;1m# PR #857's post-merge run, which silently dropped the version[0m
2026-04-28T17:48:17.6246044Z [36;1m# bump on the floor. The retry loop covers the indexing-lag[0m
2026-04-28T17:48:17.6246818Z [36;1m# window where `commits/{sha}/pulls` returns `[]` for a few[0m
2026-04-28T17:48:17.6247510Z [36;1m# seconds after the squash-merge push lands.[0m
2026-04-28T17:48:17.6248083Z [36;1mPR_NUMBER=""[0m
2026-04-28T17:48:17.6248515Z [36;1mfor attempt in 1 2 3; do[0m
2026-04-28T17:48:17.6249011Z [36;1m  RESPONSE=$(gh api \[0m
2026-04-28T17:48:17.6249555Z [36;1m    "repos/$REPO/commits/$HEAD_SHA/pulls" \[0m
2026-04-28T17:48:17.6250296Z [36;1m    -H "Accept: application/vnd.github+json" 2>/dev/null || echo "[]")[0m
2026-04-28T17:48:17.6251070Z [36;1m  PR_NUMBER=$(printf '%s' "$RESPONSE" | jq -r '[0m
2026-04-28T17:48:17.6251712Z [36;1m    if type == "array" and length > 0 then[0m
2026-04-28T17:48:17.6252361Z [36;1m      (sort_by(.number) | reverse | .[0].number // empty)[0m
2026-04-28T17:48:17.6252981Z [36;1m    else empty end[0m
2026-04-28T17:48:17.6253459Z [36;1m  ' 2>/dev/null || echo "")[0m
2026-04-28T17:48:17.6253973Z [36;1m  [ -n "$PR_NUMBER" ] && break[0m
2026-04-28T17:48:17.6254748Z [36;1m  echo "commits/$HEAD_SHA/pulls returned no PR (attempt $attempt/3); sleeping 5s..."[0m
2026-04-28T17:48:17.6255595Z [36;1m  sleep 5[0m
2026-04-28T17:48:17.6256175Z [36;1mdone[0m
2026-04-28T17:48:17.6256605Z [36;1mif [ -z "$PR_NUMBER" ]; then[0m
2026-04-28T17:48:17.6257455Z [36;1m  echo "::warning::No PR found for commit $HEAD_SHA via commits/{sha}/pulls after 3 attempts. Skipping."[0m
2026-04-28T17:48:17.6258382Z [36;1m  echo "found=false" >> "$GITHUB_OUTPUT"[0m
2026-04-28T17:48:17.6258933Z [36;1m  exit 0[0m
2026-04-28T17:48:17.6259322Z [36;1mfi[0m
2026-04-28T17:48:17.6259949Z [36;1mecho "pr_number=$PR_NUMBER" >> "$GITHUB_OUTPUT"[0m
2026-04-28T17:48:17.6260578Z [36;1mecho "found=true" >> "$GITHUB_OUTPUT"[0m
2026-04-28T17:48:17.6261310Z [36;1mecho "Resolved PR #$PR_NUMBER from commits/$HEAD_SHA/pulls fallback."[0m
2026-04-28T17:48:17.6363915Z shell: /usr/bin/bash -e {0}
2026-04-28T17:48:17.6364730Z env:
2026-04-28T17:48:17.6365301Z   GH_TOKEN: ***
2026-04-28T17:48:17.6365730Z   REPO: averycorp/prismTask
2026-04-28T17:48:17.6366411Z   EVENT_NAME: workflow_run
2026-04-28T17:48:17.6369488Z   PR_JSON: [
  {
    "base": {
      "ref": "main",
      "repo": {
        "id": 1201449451,
        "name": "prismTask",
        "url": "https://api.github.com/repos/averycorp/prismTask"
      },
      "sha": "af24f4cee5d142f8d9b7e39cf755307e6392d5ba"
    },
    "head": {
      "ref": "docs/medication-sod-log-invariant-audit",
      "repo": {
        "id": 1201449451,
        "name": "prismTask",
        "url": "https://api.github.com/repos/averycorp/prismTask"
      },
      "sha": "332fb57d93f8b0bdd0b1489a77729a75c7737175"
    },
    "id": 3597616753,
    "number": 905,
    "url": "https://api.github.com/repos/averycorp/prismTask/pulls/905"
  }
]
2026-04-28T17:48:17.6372641Z   HEAD_SHA: 332fb57d93f8b0bdd0b1489a77729a75c7737175
2026-04-28T17:48:17.6373193Z   DISPATCH_PR: 
2026-04-28T17:48:17.6373585Z ##[endgroup]
2026-04-28T17:48:17.6549879Z Resolved PR #905 from workflow_run payload.
2026-04-28T17:48:17.6671638Z ##[group]Run set -euo pipefail
2026-04-28T17:48:17.6672238Z [36;1mset -euo pipefail[0m
2026-04-28T17:48:17.6672861Z [36;1m# gh pr merge --auto may queue the merge until required checks[0m
2026-04-28T17:48:17.6673607Z [36;1m# pass. Poll until MERGED, CLOSED, or timeout.[0m
2026-04-28T17:48:17.6674186Z [36;1m#[0m
2026-04-28T17:48:17.6674741Z [36;1m# Audit PR #876 → CI pathway efficiency: ceiling raised[0m
2026-04-28T17:48:17.6675513Z [36;1m# 60→120 attempts × 10s = 20 min. Real Android PRs (PR #851[0m
2026-04-28T17:48:17.6676453Z [36;1m# took 37 min from open to merge; PR #859 took 14 min) can[0m
2026-04-28T17:48:17.6677249Z [36;1m# exceed the prior 10-min ceiling because auto-merge.yml[0m
2026-04-28T17:48:17.6678019Z [36;1m# queues on slow lane completion. A silently-dropped bump[0m
2026-04-28T17:48:17.6678807Z [36;1m# (memory `feedback_skip_ci_blocks_tag_release.md`) requires a[0m
2026-04-28T17:48:17.6679630Z [36;1m# manual `gh workflow run release.yml --ref vX.Y.Z` re-fire,[0m
2026-04-28T17:48:17.6680399Z [36;1m# which is a real recovery cost. 20 min covers all observed[0m
2026-04-28T17:48:17.6681138Z [36;1m# PR lifecycles in the audit window without expanding[0m
2026-04-28T17:48:17.6681887Z [36;1m# workflow_run resource cost meaningfully (idle polling).[0m
2026-04-28T17:48:17.6682530Z [36;1mfor i in $(seq 1 120); do[0m
2026-04-28T17:48:17.6683193Z [36;1m  STATE=$(gh pr view "$PR_NUMBER" --repo "$REPO" --json state -q '.state')[0m
2026-04-28T17:48:17.6683894Z [36;1m  case "$STATE" in[0m
2026-04-28T17:48:17.6684344Z [36;1m    MERGED)[0m
2026-04-28T17:48:17.6685072Z [36;1m      MERGE_SHA=$(gh pr view "$PR_NUMBER" --repo "$REPO" --json mergeCommit -q '.mergeCommit.oid')[0m
2026-04-28T17:48:17.6686058Z [36;1m      echo "merged=true" >> "$GITHUB_OUTPUT"[0m
2026-04-28T17:48:17.6686701Z [36;1m      echo "merge_sha=$MERGE_SHA" >> "$GITHUB_OUTPUT"[0m
2026-04-28T17:48:17.6687315Z [36;1m      echo "PR merged at $MERGE_SHA"[0m
2026-04-28T17:48:17.6687845Z [36;1m      exit 0[0m
2026-04-28T17:48:17.6688267Z [36;1m      ;;[0m
2026-04-28T17:48:17.6688666Z [36;1m    CLOSED)[0m
2026-04-28T17:48:17.6689139Z [36;1m      echo "merged=false" >> "$GITHUB_OUTPUT"[0m
2026-04-28T17:48:17.6689796Z [36;1m      echo "PR closed without merging — skipping bump."[0m
2026-04-28T17:48:17.6690401Z [36;1m      exit 0[0m
2026-04-28T17:48:17.6690797Z [36;1m      ;;[0m
2026-04-28T17:48:17.6691196Z [36;1m    *)[0m
2026-04-28T17:48:17.6691710Z [36;1m      echo "PR state=$STATE (attempt $i/120); sleeping 10s..."[0m
2026-04-28T17:48:17.6692534Z [36;1m      sleep 10[0m
2026-04-28T17:48:17.6692959Z [36;1m      ;;[0m
2026-04-28T17:48:17.6693336Z [36;1m  esac[0m
2026-04-28T17:48:17.6693728Z [36;1mdone[0m
2026-04-28T17:48:17.6694162Z [36;1mecho "merged=false" >> "$GITHUB_OUTPUT"[0m
2026-04-28T17:48:17.6694921Z [36;1mecho "::warning::PR did not reach MERGED within 20 minutes — skipping bump."[0m
2026-04-28T17:48:17.6757748Z shell: /usr/bin/bash -e {0}
2026-04-28T17:48:17.6758267Z env:
2026-04-28T17:48:17.6758824Z   GH_TOKEN: ***
2026-04-28T17:48:17.6759242Z   PR_NUMBER: 905
2026-04-28T17:48:17.6759662Z   REPO: averycorp/prismTask
2026-04-28T17:48:17.6760118Z ##[endgroup]
2026-04-28T17:48:20.1318538Z PR state=OPEN (attempt 1/120); sleeping 10s...
2026-04-28T17:48:30.3989289Z PR state=OPEN (attempt 2/120); sleeping 10s...
2026-04-28T17:48:40.6428818Z PR state=OPEN (attempt 3/120); sleeping 10s...
2026-04-28T17:48:50.8869013Z PR state=OPEN (attempt 4/120); sleeping 10s...
2026-04-28T17:49:01.1167976Z PR state=OPEN (attempt 5/120); sleeping 10s...
2026-04-28T17:49:11.3197567Z PR state=OPEN (attempt 6/120); sleeping 10s...
2026-04-28T17:49:21.5977894Z PR state=OPEN (attempt 7/120); sleeping 10s...
2026-04-28T17:49:31.8405080Z PR state=OPEN (attempt 8/120); sleeping 10s...
2026-04-28T17:49:42.0799420Z PR state=OPEN (attempt 9/120); sleeping 10s...
2026-04-28T17:49:52.2935625Z PR state=OPEN (attempt 10/120); sleeping 10s...
2026-04-28T17:50:02.5227361Z PR state=OPEN (attempt 11/120); sleeping 10s...
2026-04-28T17:50:12.7298123Z PR state=OPEN (attempt 12/120); sleeping 10s...
2026-04-28T17:50:22.9238526Z PR state=OPEN (attempt 13/120); sleeping 10s...
2026-04-28T17:50:33.3591625Z PR merged at e84d9bfe63a241eed285c2c2e89e838673121a10
2026-04-28T17:50:33.3725422Z ##[group]Run actions/checkout@v4
2026-04-28T17:50:33.3725716Z with:
2026-04-28T17:50:33.3726723Z   token: ***
2026-04-28T17:50:33.3726954Z   ref: e84d9bfe63a241eed285c2c2e89e838673121a10
2026-04-28T17:50:33.3727220Z   fetch-depth: 0
2026-04-28T17:50:33.3727435Z   repository: averycorp/prismTask
2026-04-28T17:50:33.3727685Z   ssh-strict: true
2026-04-28T17:50:33.3727868Z   ssh-user: git
2026-04-28T17:50:33.3728062Z   persist-credentials: true
2026-04-28T17:50:33.3728266Z   clean: true
2026-04-28T17:50:33.3728454Z   sparse-checkout-cone-mode: true
2026-04-28T17:50:33.3728681Z   fetch-tags: false
2026-04-28T17:50:33.3728877Z   show-progress: true
2026-04-28T17:50:33.3729063Z   lfs: false
2026-04-28T17:50:33.3729226Z   submodules: false
2026-04-28T17:50:33.3729426Z   set-safe-directory: true
2026-04-28T17:50:33.3729653Z ##[endgroup]
2026-04-28T17:50:33.4794699Z Syncing repository: averycorp/prismTask
2026-04-28T17:50:33.4796297Z ##[group]Getting Git version info
2026-04-28T17:50:33.4796809Z Working directory is '/home/runner/work/prismTask/prismTask'
2026-04-28T17:50:33.4797359Z [command]/usr/bin/git version
2026-04-28T17:50:33.4883358Z git version 2.54.0
2026-04-28T17:50:33.4908903Z ##[endgroup]
2026-04-28T17:50:33.4922434Z Temporarily overriding HOME='/home/runner/work/_temp/8cb5f0d3-2188-4b3d-a325-5fbc47d50d0c' before making global git config changes
2026-04-28T17:50:33.4923480Z Adding repository directory to the temporary git global config as a safe directory
2026-04-28T17:50:33.4927743Z [command]/usr/bin/git config --global --add safe.directory /home/runner/work/prismTask/prismTask
2026-04-28T17:50:33.4970867Z Deleting the contents of '/home/runner/work/prismTask/prismTask'
2026-04-28T17:50:33.4974202Z ##[group]Initializing the repository
2026-04-28T17:50:33.4978466Z [command]/usr/bin/git init /home/runner/work/prismTask/prismTask
2026-04-28T17:50:33.5067491Z hint: Using 'master' as the name for the initial branch. This default branch name
2026-04-28T17:50:33.5068422Z hint: will change to "main" in Git 3.0. To configure the initial branch name
2026-04-28T17:50:33.5069308Z hint: to use in all of your new repositories, which will suppress this warning,
2026-04-28T17:50:33.5069728Z hint: call:
2026-04-28T17:50:33.5069924Z hint:
2026-04-28T17:50:33.5070200Z hint: 	git config --global init.defaultBranch <name>
2026-04-28T17:50:33.5134300Z hint:
2026-04-28T17:50:33.5134925Z hint: Names commonly chosen instead of 'master' are 'main', 'trunk' and
2026-04-28T17:50:33.5136179Z hint: 'development'. The just-created branch can be renamed via this command:
2026-04-28T17:50:33.5136965Z hint:
2026-04-28T17:50:33.5137356Z hint: 	git branch -m <name>
2026-04-28T17:50:33.5137817Z hint:
2026-04-28T17:50:33.5138309Z hint: Disable this message with "git config set advice.defaultBranchName false"
2026-04-28T17:50:33.5139305Z Initialized empty Git repository in /home/runner/work/prismTask/prismTask/.git/
2026-04-28T17:50:33.5140951Z [command]/usr/bin/git remote add origin https://github.com/averycorp/prismTask
2026-04-28T17:50:33.5142577Z ##[endgroup]
2026-04-28T17:50:33.5143270Z ##[group]Disabling automatic garbage collection
2026-04-28T17:50:33.5143876Z [command]/usr/bin/git config --local gc.auto 0
2026-04-28T17:50:33.5163230Z ##[endgroup]
2026-04-28T17:50:33.5163786Z ##[group]Setting up auth
2026-04-28T17:50:33.5170571Z [command]/usr/bin/git config --local --name-only --get-regexp core\.sshCommand
2026-04-28T17:50:33.5201446Z [command]/usr/bin/git submodule foreach --recursive sh -c "git config --local --name-only --get-regexp 'core\.sshCommand' && git config --local --unset-all 'core.sshCommand' || :"
2026-04-28T17:50:33.5536842Z [command]/usr/bin/git config --local --name-only --get-regexp http\.https\:\/\/github\.com\/\.extraheader
2026-04-28T17:50:33.5564803Z [command]/usr/bin/git submodule foreach --recursive sh -c "git config --local --name-only --get-regexp 'http\.https\:\/\/github\.com\/\.extraheader' && git config --local --unset-all 'http.https://github.com/.extraheader' || :"
2026-04-28T17:50:33.5778337Z [command]/usr/bin/git config --local --name-only --get-regexp ^includeIf\.gitdir:
2026-04-28T17:50:33.5806779Z [command]/usr/bin/git submodule foreach --recursive git config --local --show-origin --name-only --get-regexp remote.origin.url
2026-04-28T17:50:33.6021392Z [command]/usr/bin/git config --local http.https://github.com/.extraheader AUTHORIZATION: basic ***
2026-04-28T17:50:33.6052986Z ##[endgroup]
2026-04-28T17:50:33.6053429Z ##[group]Fetching the repository
2026-04-28T17:50:33.6062647Z [command]/usr/bin/git -c protocol.version=2 fetch --prune --no-recurse-submodules origin +refs/heads/*:refs/remotes/origin/* +refs/tags/*:refs/tags/*
2026-04-28T17:50:52.2373589Z From https://github.com/averycorp/prismTask
2026-04-28T17:50:52.2374361Z  * [new branch]        ci-logs         -> origin/ci-logs
2026-04-28T17:50:52.2375365Z  * [new branch]        docs/medication-sod-log-invariant-audit -> origin/docs/medication-sod-log-invariant-audit
2026-04-28T17:50:52.2376911Z  * [new branch]        main            -> origin/main
2026-04-28T17:50:52.2377532Z  * [new branch]        v0.1.0-legacy   -> origin/v0.1.0-legacy
2026-04-28T17:50:52.2378240Z  * [new branch]        v0.2.0-legacy   -> origin/v0.2.0-legacy
2026-04-28T17:50:52.2378856Z  * [new branch]        v0.3.0-legacy   -> origin/v0.3.0-legacy
2026-04-28T17:50:52.2379465Z  * [new branch]        v0.4.0-legacy   -> origin/v0.4.0-legacy
2026-04-28T17:50:52.2380019Z  * [new branch]        v0.5.0-legacy   -> origin/v0.5.0-legacy
2026-04-28T17:50:52.2380555Z  * [new branch]        v0.6.0-legacy   -> origin/v0.6.0-legacy
2026-04-28T17:50:52.2381169Z  * [new branch]        v0.7.0-legacy   -> origin/v0.7.0-legacy
2026-04-28T17:50:52.2381740Z  * [new tag]           v0.1.0          -> v0.1.0
2026-04-28T17:50:52.2382241Z  * [new tag]           v0.2.0          -> v0.2.0
2026-04-28T17:50:52.2382730Z  * [new tag]           v0.3.0          -> v0.3.0
2026-04-28T17:50:52.2383369Z  * [new tag]           v0.4.0          -> v0.4.0
2026-04-28T17:50:52.2383899Z  * [new tag]           v0.5.0          -> v0.5.0
2026-04-28T17:50:52.2384416Z  * [new tag]           v0.7.0          -> v0.7.0
2026-04-28T17:50:52.2384930Z  * [new tag]           v0.7.12         -> v0.7.12
2026-04-28T17:50:52.2385440Z  * [new tag]           v0.7.13         -> v0.7.13
2026-04-28T17:50:52.2386170Z  * [new tag]           v0.7.14         -> v0.7.14
2026-04-28T17:50:52.2387010Z  * [new tag]           v0.7.15         -> v0.7.15
2026-04-28T17:50:52.2387659Z  * [new tag]           v0.7.16         -> v0.7.16
2026-04-28T17:50:52.2388148Z  * [new tag]           v0.7.17         -> v0.7.17
2026-04-28T17:50:52.2388675Z  * [new tag]           v0.7.17-build.2 -> v0.7.17-build.2
2026-04-28T17:50:52.2389258Z  * [new tag]           v0.7.17-build.3 -> v0.7.17-build.3
2026-04-28T17:50:52.2389838Z  * [new tag]           v0.7.17-build.4 -> v0.7.17-build.4
2026-04-28T17:50:52.2390393Z  * [new tag]           v0.7.17-build.5 -> v0.7.17-build.5
2026-04-28T17:50:52.2390952Z  * [new tag]           v0.7.17-build.6 -> v0.7.17-build.6
2026-04-28T17:50:52.2391539Z  * [new tag]           v0.7.17-build.7 -> v0.7.17-build.7
2026-04-28T17:50:52.2392185Z  * [new tag]           v0.7.17-build.8 -> v0.7.17-build.8
2026-04-28T17:50:52.2392771Z  * [new tag]           v0.7.17-build.9 -> v0.7.17-build.9
2026-04-28T17:50:52.2393309Z  * [new tag]           v0.7.18         -> v0.7.18
2026-04-28T17:50:52.2393847Z  * [new tag]           v0.7.18-build.2 -> v0.7.18-build.2
2026-04-28T17:50:52.2394404Z  * [new tag]           v0.7.18-build.3 -> v0.7.18-build.3
2026-04-28T17:50:52.2394980Z  * [new tag]           v0.7.18-build.4 -> v0.7.18-build.4
2026-04-28T17:50:52.2395522Z  * [new tag]           v0.7.19         -> v0.7.19
2026-04-28T17:50:52.2396345Z  * [new tag]           v0.7.19-build.2 -> v0.7.19-build.2
2026-04-28T17:50:52.2396908Z  * [new tag]           v0.7.20         -> v0.7.20
2026-04-28T17:50:52.2397448Z  * [new tag]           v0.7.20-build.2 -> v0.7.20-build.2
2026-04-28T17:50:52.2398016Z  * [new tag]           v0.7.20-build.3 -> v0.7.20-build.3
2026-04-28T17:50:52.2398775Z  * [new tag]           v0.7.20-build.4 -> v0.7.20-build.4
2026-04-28T17:50:52.2399301Z  * [new tag]           v0.8.0          -> v0.8.0
2026-04-28T17:50:52.2399834Z  * [new tag]           v0.8.0-build.2  -> v0.8.0-build.2
2026-04-28T17:50:52.2400357Z  * [new tag]           v0.8.1          -> v0.8.1
2026-04-28T17:50:52.2400916Z  * [new tag]           v0.8.10         -> v0.8.10
2026-04-28T17:50:52.2401422Z  * [new tag]           v0.8.11         -> v0.8.11
2026-04-28T17:50:52.2401917Z  * [new tag]           v0.8.12         -> v0.8.12
2026-04-28T17:50:52.2402415Z  * [new tag]           v0.8.13         -> v0.8.13
2026-04-28T17:50:52.2402924Z  * [new tag]           v0.8.14         -> v0.8.14
2026-04-28T17:50:52.2403412Z  * [new tag]           v0.8.15         -> v0.8.15
2026-04-28T17:50:52.2403905Z  * [new tag]           v0.8.2          -> v0.8.2
2026-04-28T17:50:52.2404407Z  * [new tag]           v0.8.3          -> v0.8.3
2026-04-28T17:50:52.2404902Z  * [new tag]           v0.8.4          -> v0.8.4
2026-04-28T17:50:52.2405401Z  * [new tag]           v0.8.5          -> v0.8.5
2026-04-28T17:50:52.2406121Z  * [new tag]           v0.8.6          -> v0.8.6
2026-04-28T17:50:52.2406635Z  * [new tag]           v0.8.7          -> v0.8.7
2026-04-28T17:50:52.2407117Z  * [new tag]           v0.8.8          -> v0.8.8
2026-04-28T17:50:52.2407653Z  * [new tag]           v0.8.9          -> v0.8.9
2026-04-28T17:50:52.2408177Z  * [new tag]           v0.9.1          -> v0.9.1
2026-04-28T17:50:52.2408663Z  * [new tag]           v0.9.2          -> v0.9.2
2026-04-28T17:50:52.2409163Z  * [new tag]           v1.0.1          -> v1.0.1
2026-04-28T17:50:52.2409663Z  * [new tag]           v1.0.10         -> v1.0.10
2026-04-28T17:50:52.2410151Z  * [new tag]           v1.0.11         -> v1.0.11
2026-04-28T17:50:52.2410648Z  * [new tag]           v1.0.12         -> v1.0.12
2026-04-28T17:50:52.2411146Z  * [new tag]           v1.0.13         -> v1.0.13
2026-04-28T17:50:52.2411639Z  * [new tag]           v1.0.2          -> v1.0.2
2026-04-28T17:50:52.2412139Z  * [new tag]           v1.0.3          -> v1.0.3
2026-04-28T17:50:52.2412631Z  * [new tag]           v1.0.4          -> v1.0.4
2026-04-28T17:50:52.2413112Z  * [new tag]           v1.0.5          -> v1.0.5
2026-04-28T17:50:52.2413600Z  * [new tag]           v1.0.6          -> v1.0.6
2026-04-28T17:50:52.2414298Z  * [new tag]           v1.0.7          -> v1.0.7
2026-04-28T17:50:52.2414791Z  * [new tag]           v1.0.8          -> v1.0.8
2026-04-28T17:50:52.2415278Z  * [new tag]           v1.0.9          -> v1.0.9
2026-04-28T17:50:52.2415772Z  * [new tag]           v1.1.1          -> v1.1.1
2026-04-28T17:50:52.2416566Z  * [new tag]           v1.1.1-build.2  -> v1.1.1-build.2
2026-04-28T17:50:52.2417113Z  * [new tag]           v1.1.1-build.3  -> v1.1.1-build.3
2026-04-28T17:50:52.2417656Z  * [new tag]           v1.1.1-build.4  -> v1.1.1-build.4
2026-04-28T17:50:52.2418178Z  * [new tag]           v1.1.10         -> v1.1.10
2026-04-28T17:50:52.2418678Z  * [new tag]           v1.1.11         -> v1.1.11
2026-04-28T17:50:52.2419171Z  * [new tag]           v1.1.12         -> v1.1.12
2026-04-28T17:50:52.2419675Z  * [new tag]           v1.1.2          -> v1.1.2
2026-04-28T17:50:52.2420172Z  * [new tag]           v1.1.3          -> v1.1.3
2026-04-28T17:50:52.2420674Z  * [new tag]           v1.1.4          -> v1.1.4
2026-04-28T17:50:52.2421204Z  * [new tag]           v1.1.5          -> v1.1.5
2026-04-28T17:50:52.2421723Z  * [new tag]           v1.1.6          -> v1.1.6
2026-04-28T17:50:52.2422069Z  * [new tag]           v1.1.7          -> v1.1.7
2026-04-28T17:50:52.2422351Z  * [new tag]           v1.1.8          -> v1.1.8
2026-04-28T17:50:52.2422634Z  * [new tag]           v1.1.9          -> v1.1.9
2026-04-28T17:50:52.2422909Z  * [new tag]           v1.3.0          -> v1.3.0
2026-04-28T17:50:52.2423194Z  * [new tag]           v1.3.1          -> v1.3.1
2026-04-28T17:50:52.2423480Z  * [new tag]           v1.3.10         -> v1.3.10
2026-04-28T17:50:52.2423915Z  * [new tag]           v1.3.11         -> v1.3.11
2026-04-28T17:50:52.2424240Z  * [new tag]           v1.3.11-build.2 -> v1.3.11-build.2
2026-04-28T17:50:52.2424561Z  * [new tag]           v1.3.12         -> v1.3.12
2026-04-28T17:50:52.2424840Z  * [new tag]           v1.3.13         -> v1.3.13
2026-04-28T17:50:52.2425147Z  * [new tag]           v1.3.13-build.2 -> v1.3.13-build.2
2026-04-28T17:50:52.2425458Z  * [new tag]           v1.3.14         -> v1.3.14
2026-04-28T17:50:52.2426089Z  * [new tag]           v1.3.15         -> v1.3.15
2026-04-28T17:50:52.2426474Z  * [new tag]           v1.3.16         -> v1.3.16
2026-04-28T17:50:52.2426778Z  * [new tag]           v1.3.17         -> v1.3.17
2026-04-28T17:50:52.2427070Z  * [new tag]           v1.3.18         -> v1.3.18
2026-04-28T17:50:52.2427349Z  * [new tag]           v1.3.19         -> v1.3.19
2026-04-28T17:50:52.2427636Z  * [new tag]           v1.3.2          -> v1.3.2
2026-04-28T17:50:52.2427924Z  * [new tag]           v1.3.20         -> v1.3.20
2026-04-28T17:50:52.2428210Z  * [new tag]           v1.3.21         -> v1.3.21
2026-04-28T17:50:52.2428504Z  * [new tag]           v1.3.22         -> v1.3.22
2026-04-28T17:50:52.2428788Z  * [new tag]           v1.3.23         -> v1.3.23
2026-04-28T17:50:52.2429068Z  * [new tag]           v1.3.24         -> v1.3.24
2026-04-28T17:50:52.2429355Z  * [new tag]           v1.3.25         -> v1.3.25
2026-04-28T17:50:52.2429643Z  * [new tag]           v1.3.26         -> v1.3.26
2026-04-28T17:50:52.2429925Z  * [new tag]           v1.3.27         -> v1.3.27
2026-04-28T17:50:52.2430213Z  * [new tag]           v1.3.28         -> v1.3.28
2026-04-28T17:50:52.2430498Z  * [new tag]           v1.3.29         -> v1.3.29
2026-04-28T17:50:52.2430780Z  * [new tag]           v1.3.3          -> v1.3.3
2026-04-28T17:50:52.2431064Z  * [new tag]           v1.3.30         -> v1.3.30
2026-04-28T17:50:52.2431348Z  * [new tag]           v1.3.31         -> v1.3.31
2026-04-28T17:50:52.2431632Z  * [new tag]           v1.3.32         -> v1.3.32
2026-04-28T17:50:52.2431923Z  * [new tag]           v1.3.33         -> v1.3.33
2026-04-28T17:50:52.2432207Z  * [new tag]           v1.3.34         -> v1.3.34
2026-04-28T17:50:52.2432489Z  * [new tag]           v1.3.35         -> v1.3.35
2026-04-28T17:50:52.2432768Z  * [new tag]           v1.3.36         -> v1.3.36
2026-04-28T17:50:52.2433057Z  * [new tag]           v1.3.37         -> v1.3.37
2026-04-28T17:50:52.2433492Z  * [new tag]           v1.3.38         -> v1.3.38
2026-04-28T17:50:52.2433772Z  * [new tag]           v1.3.39         -> v1.3.39
2026-04-28T17:50:52.2434058Z  * [new tag]           v1.3.4          -> v1.3.4
2026-04-28T17:50:52.2434344Z  * [new tag]           v1.3.40         -> v1.3.40
2026-04-28T17:50:52.2434626Z  * [new tag]           v1.3.41         -> v1.3.41
2026-04-28T17:50:52.2434910Z  * [new tag]           v1.3.42         -> v1.3.42
2026-04-28T17:50:52.2435195Z  * [new tag]           v1.3.43         -> v1.3.43
2026-04-28T17:50:52.2435500Z  * [new tag]           v1.3.44         -> v1.3.44
2026-04-28T17:50:52.2435832Z  * [new tag]           v1.3.45         -> v1.3.45
2026-04-28T17:50:52.2436495Z  * [new tag]           v1.3.46         -> v1.3.46
2026-04-28T17:50:52.2436841Z  * [new tag]           v1.3.47         -> v1.3.47
2026-04-28T17:50:52.2437127Z  * [new tag]           v1.3.48         -> v1.3.48
2026-04-28T17:50:52.2437410Z  * [new tag]           v1.3.49         -> v1.3.49
2026-04-28T17:50:52.2437703Z  * [new tag]           v1.3.5          -> v1.3.5
2026-04-28T17:50:52.2438016Z  * [new tag]           v1.3.5-build.2  -> v1.3.5-build.2
2026-04-28T17:50:52.2438327Z  * [new tag]           v1.3.50         -> v1.3.50
2026-04-28T17:50:52.2438614Z  * [new tag]           v1.3.51         -> v1.3.51
2026-04-28T17:50:52.2438900Z  * [new tag]           v1.3.52         -> v1.3.52
2026-04-28T17:50:52.2439186Z  * [new tag]           v1.3.53         -> v1.3.53
2026-04-28T17:50:52.2439468Z  * [new tag]           v1.3.54         -> v1.3.54
2026-04-28T17:50:52.2439751Z  * [new tag]           v1.3.55         -> v1.3.55
2026-04-28T17:50:52.2440167Z  * [new tag]           v1.3.56         -> v1.3.56
2026-04-28T17:50:52.2440466Z  * [new tag]           v1.3.57         -> v1.3.57
2026-04-28T17:50:52.2440751Z  * [new tag]           v1.3.58         -> v1.3.58
2026-04-28T17:50:52.2441033Z  * [new tag]           v1.3.59         -> v1.3.59
2026-04-28T17:50:52.2441315Z  * [new tag]           v1.3.6          -> v1.3.6
2026-04-28T17:50:52.2441606Z  * [new tag]           v1.3.60         -> v1.3.60
2026-04-28T17:50:52.2441893Z  * [new tag]           v1.3.61         -> v1.3.61
2026-04-28T17:50:52.2442172Z  * [new tag]           v1.3.62         -> v1.3.62
2026-04-28T17:50:52.2442456Z  * [new tag]           v1.3.7          -> v1.3.7
2026-04-28T17:50:52.2442741Z  * [new tag]           v1.3.8          -> v1.3.8
2026-04-28T17:50:52.2443025Z  * [new tag]           v1.3.9          -> v1.3.9
2026-04-28T17:50:52.2443308Z  * [new tag]           v1.4.40         -> v1.4.40
2026-04-28T17:50:52.2443592Z  * [new tag]           v1.5.0          -> v1.5.0
2026-04-28T17:50:52.2443881Z  * [new tag]           v1.5.2          -> v1.5.2
2026-04-28T17:50:52.2444162Z  * [new tag]           v1.5.3          -> v1.5.3
2026-04-28T17:50:52.2444446Z  * [new tag]           v1.6.0          -> v1.6.0
2026-04-28T17:50:52.2444728Z  * [new tag]           v1.7.0          -> v1.7.0
2026-04-28T17:50:52.2445006Z  * [new tag]           v1.7.37         -> v1.7.37
2026-04-28T17:50:52.2445301Z  * [new tag]           v1.7.38         -> v1.7.38
2026-04-28T17:50:52.2445589Z  * [new tag]           v1.7.39         -> v1.7.39
2026-04-28T17:50:52.2446070Z  * [new tag]           v1.7.40         -> v1.7.40
2026-04-28T17:50:52.2446485Z  * [new tag]           v1.7.41         -> v1.7.41
2026-04-28T17:50:52.2446774Z  * [new tag]           v1.7.42         -> v1.7.42
2026-04-28T17:50:52.2447055Z  * [new tag]           v1.7.43         -> v1.7.43
2026-04-28T17:50:52.2447362Z  * [new tag]           v1.7.44         -> v1.7.44
2026-04-28T17:50:52.2447642Z  * [new tag]           v1.7.45         -> v1.7.45
2026-04-28T17:50:52.2447932Z  * [new tag]           v1.7.46         -> v1.7.46
2026-04-28T17:50:52.2448212Z  * [new tag]           v1.7.47         -> v1.7.47
2026-04-28T17:50:52.2448497Z  * [new tag]           v1.7.48         -> v1.7.48
2026-04-28T17:50:52.2448777Z  * [new tag]           v1.7.49         -> v1.7.49
2026-04-28T17:50:52.2449049Z  * [new tag]           v1.7.50         -> v1.7.50
2026-04-28T17:50:52.2449475Z  * [new tag]           v1.7.51         -> v1.7.51
2026-04-28T17:50:52.2449757Z  * [new tag]           v1.7.52         -> v1.7.52
2026-04-28T17:50:52.2450031Z  * [new tag]           v1.7.53         -> v1.7.53
2026-04-28T17:50:52.2450312Z  * [new tag]           v1.7.54         -> v1.7.54
2026-04-28T17:50:52.2450590Z  * [new tag]           v1.7.55         -> v1.7.55
2026-04-28T17:50:52.2450861Z  * [new tag]           v1.7.56         -> v1.7.56
2026-04-28T17:50:52.2451140Z  * [new tag]           v1.7.57         -> v1.7.57
2026-04-28T17:50:52.2451421Z  * [new tag]           v1.7.58         -> v1.7.58
2026-04-28T17:50:52.2451697Z  * [new tag]           v1.7.59         -> v1.7.59
2026-04-28T17:50:52.2451974Z  * [new tag]           v1.7.60         -> v1.7.60
2026-04-28T17:50:52.2452255Z  * [new tag]           v1.7.61         -> v1.7.61
2026-04-28T17:50:52.2452535Z  * [new tag]           v1.7.62         -> v1.7.62
2026-04-28T17:50:52.2452809Z  * [new tag]           v1.7.63         -> v1.7.63
2026-04-28T17:50:52.2453092Z  * [new tag]           v1.7.64         -> v1.7.64
2026-04-28T17:50:52.2453373Z  * [new tag]           v1.7.65         -> v1.7.65
2026-04-28T17:50:52.2453650Z  * [new tag]           v1.7.66         -> v1.7.66
2026-04-28T17:50:52.2453928Z  * [new tag]           v1.7.67         -> v1.7.67
2026-04-28T17:50:52.2454208Z  * [new tag]           v1.7.68         -> v1.7.68
2026-04-28T17:50:52.2454478Z  * [new tag]           v1.7.69         -> v1.7.69
2026-04-28T17:50:52.2454755Z  * [new tag]           v1.7.70         -> v1.7.70
2026-04-28T17:50:52.2455032Z  * [new tag]           v1.7.71         -> v1.7.71
2026-04-28T17:50:52.2455423Z  * [new tag]           v1.7.72         -> v1.7.72
2026-04-28T17:50:52.2455708Z  * [new tag]           v1.7.73         -> v1.7.73
2026-04-28T17:50:52.2456264Z  * [new tag]           v1.7.74         -> v1.7.74
2026-04-28T17:50:52.2456544Z  * [new tag]           v1.7.75         -> v1.7.75
2026-04-28T17:50:52.2456827Z  * [new tag]           v1.7.76         -> v1.7.76
2026-04-28T17:50:52.2457114Z  * [new tag]           v1.7.77         -> v1.7.77
2026-04-28T17:50:52.2457395Z  * [new tag]           v1.7.78         -> v1.7.78
2026-04-28T17:50:52.2457671Z  * [new tag]           v1.7.79         -> v1.7.79
2026-04-28T17:50:52.2457952Z  * [new tag]           v1.7.80         -> v1.7.80
2026-04-28T17:50:52.2458232Z  * [new tag]           v1.7.81         -> v1.7.81
2026-04-28T17:50:52.2458506Z  * [new tag]           v1.7.82         -> v1.7.82
2026-04-28T17:50:52.2458786Z  * [new tag]           v1.7.83         -> v1.7.83
2026-04-28T17:50:52.2698658Z [command]/usr/bin/git rev-parse --verify --quiet e84d9bfe63a241eed285c2c2e89e838673121a10^{object}
2026-04-28T17:50:52.2723035Z e84d9bfe63a241eed285c2c2e89e838673121a10
2026-04-28T17:50:52.2729107Z ##[endgroup]
2026-04-28T17:50:52.2729779Z ##[group]Determining the checkout info
2026-04-28T17:50:52.2730561Z ##[endgroup]
2026-04-28T17:50:52.2736079Z [command]/usr/bin/git sparse-checkout disable
2026-04-28T17:50:52.2778850Z [command]/usr/bin/git config --local --unset-all extensions.worktreeConfig
2026-04-28T17:50:52.2806353Z ##[group]Checking out the ref
2026-04-28T17:50:52.2817814Z [command]/usr/bin/git checkout --progress --force e84d9bfe63a241eed285c2c2e89e838673121a10
2026-04-28T17:50:52.5292033Z Note: switching to 'e84d9bfe63a241eed285c2c2e89e838673121a10'.
2026-04-28T17:50:52.5292498Z 
2026-04-28T17:50:52.5292773Z You are in 'detached HEAD' state. You can look around, make experimental
2026-04-28T17:50:52.5293375Z changes and commit them, and you can discard any commits you make in this
2026-04-28T17:50:52.5293954Z state without impacting any branches by switching back to a branch.
2026-04-28T17:50:52.5294268Z 
2026-04-28T17:50:52.5294447Z If you want to create a new branch to retain commits you create, you may
2026-04-28T17:50:52.5294892Z do so (now or later) by using -c with the switch command. Example:
2026-04-28T17:50:52.5295149Z 
2026-04-28T17:50:52.5295249Z   git switch -c <new-branch-name>
2026-04-28T17:50:52.5295659Z 
2026-04-28T17:50:52.5295755Z Or undo this operation with:
2026-04-28T17:50:52.5296243Z 
2026-04-28T17:50:52.5296374Z   git switch -
2026-04-28T17:50:52.5296563Z 
2026-04-28T17:50:52.5296850Z Turn off this advice by setting config variable advice.detachedHead to false
2026-04-28T17:50:52.5297168Z 
2026-04-28T17:50:52.5297421Z HEAD is now at e84d9bfe docs(audits): medication Tab/Log SoD-invariant verification (#905)
2026-04-28T17:50:52.5324115Z ##[endgroup]
2026-04-28T17:50:52.5378552Z [command]/usr/bin/git log -1 --format=%H
2026-04-28T17:50:52.5403729Z e84d9bfe63a241eed285c2c2e89e838673121a10
2026-04-28T17:50:52.5514741Z ##[group]Run set -euo pipefail
2026-04-28T17:50:52.5515045Z [36;1mset -euo pipefail[0m
2026-04-28T17:50:52.5515377Z [36;1m# Switch off the detached merge-sha checkout onto a local branch[0m
2026-04-28T17:50:52.5515815Z [36;1m# tracking main so the later `git push HEAD:main` has somewhere[0m
2026-04-28T17:50:52.5516517Z [36;1m# to go. Fetch the latest main first so we bump from the tip the[0m
2026-04-28T17:50:52.5516968Z [36;1m# push will target — otherwise a concurrent PR's bump from a[0m
2026-04-28T17:50:52.5517370Z [36;1m# queued run ahead of us would get overwritten.[0m
2026-04-28T17:50:52.5517667Z [36;1mgit fetch origin main[0m
2026-04-28T17:50:52.5517910Z [36;1mgit checkout -B main origin/main[0m
2026-04-28T17:50:52.5518157Z [36;1m[0m
2026-04-28T17:50:52.5518514Z [36;1mCURRENT_CODE=$(grep -oP 'versionCode\s*=\s*\K[0-9]+' app/build.gradle.kts | head -1)[0m
2026-04-28T17:50:52.5518941Z [36;1mNEW_CODE=$(( CURRENT_CODE + 1 ))[0m
2026-04-28T17:50:52.5519356Z [36;1msed -i "s/versionCode = [0-9]*/versionCode = $NEW_CODE/" app/build.gradle.kts[0m
2026-04-28T17:50:52.5519729Z [36;1m[0m
2026-04-28T17:50:52.5520051Z [36;1mCURRENT_NAME=$(grep -oP 'versionName\s*=\s*"\K[^"]+' app/build.gradle.kts | head -1)[0m
2026-04-28T17:50:52.5520509Z [36;1mMAJOR=$(echo "$CURRENT_NAME" | cut -d. -f1)[0m
2026-04-28T17:50:52.5520825Z [36;1mMINOR=$(echo "$CURRENT_NAME" | cut -d. -f2)[0m
2026-04-28T17:50:52.5521129Z [36;1mPATCH=$(echo "$CURRENT_NAME" | cut -d. -f3)[0m
2026-04-28T17:50:52.5521409Z [36;1mNEW_PATCH=$(( PATCH + 1 ))[0m
2026-04-28T17:50:52.5521679Z [36;1mNEW_NAME="${MAJOR}.${MINOR}.${NEW_PATCH}"[0m
2026-04-28T17:50:52.5522135Z [36;1msed -i "s/versionName = \"${CURRENT_NAME}\"/versionName = \"${NEW_NAME}\"/" app/build.gradle.kts[0m
2026-04-28T17:50:52.5522567Z [36;1m[0m
2026-04-28T17:50:52.5522793Z [36;1mecho "version_name=$NEW_NAME" >> "$GITHUB_OUTPUT"[0m
2026-04-28T17:50:52.5523134Z [36;1mecho "version_code=$NEW_CODE" >> "$GITHUB_OUTPUT"[0m
2026-04-28T17:50:52.5523473Z [36;1mecho "Bumping to v$NEW_NAME (build $NEW_CODE)"[0m
2026-04-28T17:50:52.5579243Z shell: /usr/bin/bash -e {0}
2026-04-28T17:50:52.5579481Z ##[endgroup]
2026-04-28T17:50:52.7223851Z From https://github.com/averycorp/prismTask
2026-04-28T17:50:52.7224421Z  * branch              main       -> FETCH_HEAD
2026-04-28T17:50:52.9111458Z Switched to a new branch 'main'
2026-04-28T17:50:52.9114688Z branch 'main' set up to track 'origin/main'.
2026-04-28T17:50:52.9233978Z Bumping to v1.7.84 (build 784)
2026-04-28T17:50:52.9282909Z ##[group]Run set -euo pipefail
2026-04-28T17:50:52.9283217Z [36;1mset -euo pipefail[0m
2026-04-28T17:50:52.9283599Z [36;1mgit config --local user.email "github-actions[bot]@users.noreply.github.com"[0m
2026-04-28T17:50:52.9284062Z [36;1mgit config --local user.name "github-actions[bot]"[0m
2026-04-28T17:50:52.9284386Z [36;1mgit add app/build.gradle.kts[0m
2026-04-28T17:50:52.9284653Z [36;1mif git diff --cached --quiet; then[0m
2026-04-28T17:50:52.9284924Z [36;1m  echo "No version bump to commit"[0m
2026-04-28T17:50:52.9285174Z [36;1m  exit 0[0m
2026-04-28T17:50:52.9285350Z [36;1mfi[0m
2026-04-28T17:50:52.9285605Z [36;1mgit commit -m "chore: bump to v1.7.84 (build 784) [skip ci]"[0m
2026-04-28T17:50:52.9286414Z [36;1m# Another PR merge can push to main while this job is running,[0m
2026-04-28T17:50:52.9286838Z [36;1m# so a straight `git push` here races and silently loses the[0m
2026-04-28T17:50:52.9287488Z [36;1m# bump commit. Rebase onto the current main tip and retry on rejection.[0m
2026-04-28T17:50:52.9287864Z [36;1mfor attempt in 1 2 3 4 5; do[0m
2026-04-28T17:50:52.9288112Z [36;1m  if git push origin HEAD:main; then[0m
2026-04-28T17:50:52.9288427Z [36;1m    echo "Pushed version bump on attempt $attempt"[0m
2026-04-28T17:50:52.9288713Z [36;1m    exit 0[0m
2026-04-28T17:50:52.9288888Z [36;1m  fi[0m
2026-04-28T17:50:52.9289206Z [36;1m  echo "Push rejected on attempt $attempt; rebasing onto origin/main and retrying"[0m
2026-04-28T17:50:52.9289654Z [36;1m  git fetch origin main[0m
2026-04-28T17:50:52.9289896Z [36;1m  if ! git rebase origin/main; then[0m
2026-04-28T17:50:52.9290163Z [36;1m    git rebase --abort || true[0m
2026-04-28T17:50:52.9290524Z [36;1m    echo "::error::Rebase conflict while replaying version bump; aborting."[0m
2026-04-28T17:50:52.9290887Z [36;1m    exit 1[0m
2026-04-28T17:50:52.9291061Z [36;1m  fi[0m
2026-04-28T17:50:52.9291244Z [36;1m  sleep $((attempt * 2))[0m
2026-04-28T17:50:52.9291466Z [36;1mdone[0m
2026-04-28T17:50:52.9291729Z [36;1mecho "::error::Failed to push version bump after 5 attempts."[0m
2026-04-28T17:50:52.9292052Z [36;1mexit 1[0m
2026-04-28T17:50:52.9348114Z shell: /usr/bin/bash -e {0}
2026-04-28T17:50:52.9348356Z ##[endgroup]
2026-04-28T17:50:53.1326599Z [main 1d9e1ced] chore: bump to v1.7.84 (build 784) [skip ci]
2026-04-28T17:50:53.1327626Z  1 file changed, 2 insertions(+), 2 deletions(-)
2026-04-28T17:50:53.2286984Z remote: Permission to averycorp/prismTask.git denied to akarlin3.
2026-04-28T17:50:53.2288294Z fatal: unable to access 'https://github.com/averycorp/prismTask/': The requested URL returned error: 403
2026-04-28T17:50:53.2301237Z Push rejected on attempt 1; rebasing onto origin/main and retrying
2026-04-28T17:50:53.3682787Z From https://github.com/averycorp/prismTask
2026-04-28T17:50:53.3684862Z  * branch              main       -> FETCH_HEAD
2026-04-28T17:50:53.3840191Z Current branch main is up to date.
2026-04-28T17:50:55.6857157Z remote: Permission to averycorp/prismTask.git denied to akarlin3.
2026-04-28T17:50:55.6858529Z fatal: unable to access 'https://github.com/averycorp/prismTask/': The requested URL returned error: 403
2026-04-28T17:50:55.6872793Z Push rejected on attempt 2; rebasing onto origin/main and retrying
2026-04-28T17:50:55.8508848Z From https://github.com/averycorp/prismTask
2026-04-28T17:50:55.8509373Z  * branch              main       -> FETCH_HEAD
2026-04-28T17:50:55.8594860Z Current branch main is up to date.
2026-04-28T17:50:59.9590883Z remote: Permission to averycorp/prismTask.git denied to akarlin3.
2026-04-28T17:50:59.9592244Z fatal: unable to access 'https://github.com/averycorp/prismTask/': The requested URL returned error: 403
2026-04-28T17:50:59.9605481Z Push rejected on attempt 3; rebasing onto origin/main and retrying
2026-04-28T17:51:00.0936623Z From https://github.com/averycorp/prismTask
2026-04-28T17:51:00.0937173Z  * branch              main       -> FETCH_HEAD
2026-04-28T17:51:00.1028553Z Current branch main is up to date.
2026-04-28T17:51:06.1993895Z remote: Permission to averycorp/prismTask.git denied to akarlin3.
2026-04-28T17:51:06.1994784Z fatal: unable to access 'https://github.com/averycorp/prismTask/': The requested URL returned error: 403
2026-04-28T17:51:06.2008862Z Push rejected on attempt 4; rebasing onto origin/main and retrying
2026-04-28T17:51:06.3577249Z From https://github.com/averycorp/prismTask
2026-04-28T17:51:06.3577821Z  * branch              main       -> FETCH_HEAD
2026-04-28T17:51:06.3665929Z Current branch main is up to date.
2026-04-28T17:51:14.4592894Z remote: Permission to averycorp/prismTask.git denied to akarlin3.
2026-04-28T17:51:14.4594304Z fatal: unable to access 'https://github.com/averycorp/prismTask/': The requested URL returned error: 403
2026-04-28T17:51:14.4610988Z Push rejected on attempt 5; rebasing onto origin/main and retrying
2026-04-28T17:51:14.6291560Z From https://github.com/averycorp/prismTask
2026-04-28T17:51:14.6292385Z  * branch              main       -> FETCH_HEAD
2026-04-28T17:51:14.6377568Z Current branch main is up to date.
2026-04-28T17:51:24.6433875Z ##[error]Failed to push version bump after 5 attempts.
2026-04-28T17:51:24.6442921Z ##[error]Process completed with exit code 1.
2026-04-28T17:51:24.6552537Z Post job cleanup.
2026-04-28T17:51:24.7534461Z [command]/usr/bin/git version
2026-04-28T17:51:24.7576779Z git version 2.54.0
2026-04-28T17:51:24.7619696Z Temporarily overriding HOME='/home/runner/work/_temp/1bf57760-f479-47c2-91bd-a48d92894066' before making global git config changes
2026-04-28T17:51:24.7621050Z Adding repository directory to the temporary git global config as a safe directory
2026-04-28T17:51:24.7625866Z [command]/usr/bin/git config --global --add safe.directory /home/runner/work/prismTask/prismTask
2026-04-28T17:51:24.7658933Z [command]/usr/bin/git config --local --name-only --get-regexp core\.sshCommand
2026-04-28T17:51:24.7690783Z [command]/usr/bin/git submodule foreach --recursive sh -c "git config --local --name-only --get-regexp 'core\.sshCommand' && git config --local --unset-all 'core.sshCommand' || :"
2026-04-28T17:51:24.7911865Z [command]/usr/bin/git config --local --name-only --get-regexp http\.https\:\/\/github\.com\/\.extraheader
2026-04-28T17:51:24.7933276Z http.https://github.com/.extraheader
2026-04-28T17:51:24.7945004Z [command]/usr/bin/git config --local --unset-all http.https://github.com/.extraheader
2026-04-28T17:51:24.7974481Z [command]/usr/bin/git submodule foreach --recursive sh -c "git config --local --name-only --get-regexp 'http\.https\:\/\/github\.com\/\.extraheader' && git config --local --unset-all 'http.https://github.com/.extraheader' || :"
2026-04-28T17:51:24.8188522Z [command]/usr/bin/git config --local --name-only --get-regexp ^includeIf\.gitdir:
2026-04-28T17:51:24.8217430Z [command]/usr/bin/git submodule foreach --recursive git config --local --show-origin --name-only --get-regexp remote.origin.url
2026-04-28T17:51:24.8554928Z Cleaning up orphan processes
2026-04-28T17:51:24.8822036Z ##[warning]Node.js 20 actions are deprecated. The following actions are running on Node.js 20 and may not work as expected: actions/checkout@v4. Actions will be forced to run with Node.js 24 by default starting June 2nd, 2026. Node.js 20 will be removed from the runner on September 16th, 2026. Please check if updated versions of these actions are available that support Node.js 24. To opt into Node.js 24 now, set the FORCE_JAVASCRIPT_ACTIONS_TO_NODE24=true environment variable on the runner or in your workflow file. Once Node.js 24 becomes the default, you can temporarily opt out by setting ACTIONS_ALLOW_USE_UNSECURE_NODE_VERSION=true. For more information see: https://github.blog/changelog/2025-09-19-deprecation-of-node-20-on-github-actions-runners/
