=== CI FAILURE ===
Workflow:      Version Bump & Tag
Workflow file: averycorp/prismTask/.github/workflows/version-bump-and-tag.yml@refs/heads/main
Job(s):        Version Bump & Tag
Run ID:        25074002618
Run attempt:   1
Run URL:       https://github.com/averycorp/prismTask/actions/runs/25074002618
Commit:        5e31fa98eade29a57cd7d7c5fdff264f05ef5b36
Branch:        main
Event:         workflow_run
Actor:         akarlin3
Runner OS:     Linux
Timestamp:     2026-04-28T19:48:55.529Z

Failed steps:
  - Version Bump & Tag: #6 Commit version bump

=== FAILED JOB LOG ===

--- Job: Version Bump & Tag (id 73462084962) ---
2026-04-28T19:47:50.5292352Z Current runner version: '2.334.0'
2026-04-28T19:47:50.5317819Z ##[group]Runner Image Provisioner
2026-04-28T19:47:50.5318625Z Hosted Compute Agent
2026-04-28T19:47:50.5319153Z Version: 20260422.526
2026-04-28T19:47:50.5319835Z Commit: e1a9e573f4d0838b3a7c1b07401aeb29ed3635a9
2026-04-28T19:47:50.5320506Z Build Date: 2026-04-22T09:31:31Z
2026-04-28T19:47:50.5321200Z Worker ID: {72943c8c-d96b-4fcc-bfde-30de3e22550f}
2026-04-28T19:47:50.5321942Z Azure Region: eastus2
2026-04-28T19:47:50.5322458Z ##[endgroup]
2026-04-28T19:47:50.5324161Z ##[group]Operating System
2026-04-28T19:47:50.5324849Z Ubuntu
2026-04-28T19:47:50.5325282Z 24.04.4
2026-04-28T19:47:50.5325779Z LTS
2026-04-28T19:47:50.5326247Z ##[endgroup]
2026-04-28T19:47:50.5326767Z ##[group]Runner Image
2026-04-28T19:47:50.5327310Z Image: ubuntu-24.04
2026-04-28T19:47:50.5327824Z Version: 20260426.100.1
2026-04-28T19:47:50.5329095Z Included Software: https://github.com/actions/runner-images/blob/ubuntu24/20260426.100/images/ubuntu/Ubuntu2404-Readme.md
2026-04-28T19:47:50.5330573Z Image Release: https://github.com/actions/runner-images/releases/tag/ubuntu24%2F20260426.100
2026-04-28T19:47:50.5331478Z ##[endgroup]
2026-04-28T19:47:50.5332791Z ##[group]GITHUB_TOKEN Permissions
2026-04-28T19:47:50.5335303Z Actions: write
2026-04-28T19:47:50.5335833Z Contents: write
2026-04-28T19:47:50.5336431Z Metadata: read
2026-04-28T19:47:50.5336970Z PullRequests: read
2026-04-28T19:47:50.5337498Z ##[endgroup]
2026-04-28T19:47:50.5339690Z Secret source: Actions
2026-04-28T19:47:50.5340437Z Prepare workflow directory
2026-04-28T19:47:50.5689004Z Prepare all required actions
2026-04-28T19:47:50.5726994Z Getting action download info
2026-04-28T19:47:50.9133386Z Download action repository 'actions/checkout@v4' (SHA:34e114876b0b11c390a56381ad16ebd13914f8d5)
2026-04-28T19:47:51.1584846Z Complete job name: Version Bump & Tag
2026-04-28T19:47:51.2297817Z ##[group]Run set -euo pipefail
2026-04-28T19:47:51.2298494Z [36;1mset -euo pipefail[0m
2026-04-28T19:47:51.2299070Z [36;1mif [ "$EVENT_NAME" = "workflow_dispatch" ]; then[0m
2026-04-28T19:47:51.2299879Z [36;1m  # Manual dispatch path — use the input if provided, otherwise[0m
2026-04-28T19:47:51.2300654Z [36;1m  # walk the latest merged PR on main and target that.[0m
2026-04-28T19:47:51.2301282Z [36;1m  if [ -n "$DISPATCH_PR" ]; then[0m
2026-04-28T19:47:51.2301897Z [36;1m    echo "pr_number=$DISPATCH_PR" >> "$GITHUB_OUTPUT"[0m
2026-04-28T19:47:51.2302559Z [36;1m    echo "found=true" >> "$GITHUB_OUTPUT"[0m
2026-04-28T19:47:51.2303505Z [36;1m    echo "Using PR #$DISPATCH_PR from dispatch input."[0m
2026-04-28T19:47:51.2304107Z [36;1m    exit 0[0m
2026-04-28T19:47:51.2304513Z [36;1m  fi[0m
2026-04-28T19:47:51.2305084Z [36;1m  PR_NUMBER=$(gh pr list --repo "$REPO" --state merged --base main \[0m
2026-04-28T19:47:51.2305919Z [36;1m    --limit 1 --json number -q '.[0].number // empty')[0m
2026-04-28T19:47:51.2306534Z [36;1m  if [ -z "$PR_NUMBER" ]; then[0m
2026-04-28T19:47:51.2307265Z [36;1m    echo "::warning::No merged PRs found on main. Cannot resolve PR; skipping."[0m
2026-04-28T19:47:51.2308057Z [36;1m    echo "found=false" >> "$GITHUB_OUTPUT"[0m
2026-04-28T19:47:51.2308595Z [36;1m    exit 0[0m
2026-04-28T19:47:51.2308990Z [36;1m  fi[0m
2026-04-28T19:47:51.2309462Z [36;1m  echo "pr_number=$PR_NUMBER" >> "$GITHUB_OUTPUT"[0m
2026-04-28T19:47:51.2310082Z [36;1m  echo "found=true" >> "$GITHUB_OUTPUT"[0m
2026-04-28T19:47:51.2310813Z [36;1m  echo "Resolved most-recent merged PR #$PR_NUMBER for dispatch run."[0m
2026-04-28T19:47:51.2311487Z [36;1m  exit 0[0m
2026-04-28T19:47:51.2311868Z [36;1mfi[0m
2026-04-28T19:47:51.2312236Z [36;1m[0m
2026-04-28T19:47:51.2312702Z [36;1m# Path 1 — fast path: pull_requests was populated.[0m
2026-04-28T19:47:51.2313864Z [36;1mPR_NUMBER=$(echo "$PR_JSON" | jq -r '.[0].number // empty')[0m
2026-04-28T19:47:51.2314768Z [36;1mif [ -n "$PR_NUMBER" ]; then[0m
2026-04-28T19:47:51.2315404Z [36;1m  echo "pr_number=$PR_NUMBER" >> "$GITHUB_OUTPUT"[0m
2026-04-28T19:47:51.2316030Z [36;1m  echo "found=true" >> "$GITHUB_OUTPUT"[0m
2026-04-28T19:47:51.2316951Z [36;1m  echo "Resolved PR #$PR_NUMBER from workflow_run payload."[0m
2026-04-28T19:47:51.2317582Z [36;1m  exit 0[0m
2026-04-28T19:47:51.2317960Z [36;1mfi[0m
2026-04-28T19:47:51.2318458Z [36;1m[0m
2026-04-28T19:47:51.2318973Z [36;1m# Path 2 — fallback: look the PR up by HEAD SHA. Works in both[0m
2026-04-28T19:47:51.2319761Z [36;1m# the pre-merge case (auto-merge.yml fires before the squash[0m
2026-04-28T19:47:51.2320543Z [36;1m# actually happens; the open PR still has this commit at its[0m
2026-04-28T19:47:51.2321348Z [36;1m# head) and the post-merge case (GitHub keeps the commit→PR[0m
2026-04-28T19:47:51.2322143Z [36;1m# mapping after squash, so we still resolve correctly even if[0m
2026-04-28T19:47:51.2323094Z [36;1m# the source branch was deleted). The downstream "Wait for PR[0m
2026-04-28T19:47:51.2323880Z [36;1m# to merge" step handles the timing — we only need the PR[0m
2026-04-28T19:47:51.2324537Z [36;1m# number here, not its merge state.[0m
2026-04-28T19:47:51.2325052Z [36;1m#[0m
2026-04-28T19:47:51.2325581Z [36;1m# Deliberately NOT falling back to "most recent merged PR" —[0m
2026-04-28T19:47:51.2326348Z [36;1m# that race-condition-bumps a previously-merged PR if[0m
2026-04-28T19:47:51.2327051Z [36;1m# workflow_run fires before the queued merge lands.[0m
2026-04-28T19:47:51.2327660Z [36;1mif [ -z "$HEAD_SHA" ]; then[0m
2026-04-28T19:47:51.2328381Z [36;1m  echo "::warning::workflow_run.head_sha is empty; cannot resolve PR. Skipping."[0m
2026-04-28T19:47:51.2329182Z [36;1m  echo "found=false" >> "$GITHUB_OUTPUT"[0m
2026-04-28T19:47:51.2329711Z [36;1m  exit 0[0m
2026-04-28T19:47:51.2330086Z [36;1mfi[0m
2026-04-28T19:47:51.2330627Z [36;1m# Capture the API response separately instead of piping through[0m
2026-04-28T19:47:51.2331604Z [36;1m# `gh api --jq` directly. Under `set -euo pipefail`, an empty or[0m
2026-04-28T19:47:51.2332361Z [36;1m# non-JSON response body crashes the embedded jq with[0m
2026-04-28T19:47:51.2333245Z [36;1m# `unexpected end of JSON input` and aborts the whole script[0m
2026-04-28T19:47:51.2334038Z [36;1m# before the empty-result branch below can fire — observed on[0m
2026-04-28T19:47:51.2334811Z [36;1m# PR #857's post-merge run, which silently dropped the version[0m
2026-04-28T19:47:51.2335574Z [36;1m# bump on the floor. The retry loop covers the indexing-lag[0m
2026-04-28T19:47:51.2336324Z [36;1m# window where `commits/{sha}/pulls` returns `[]` for a few[0m
2026-04-28T19:47:51.2337019Z [36;1m# seconds after the squash-merge push lands.[0m
2026-04-28T19:47:51.2337572Z [36;1mPR_NUMBER=""[0m
2026-04-28T19:47:51.2337995Z [36;1mfor attempt in 1 2 3; do[0m
2026-04-28T19:47:51.2338479Z [36;1m  RESPONSE=$(gh api \[0m
2026-04-28T19:47:51.2339008Z [36;1m    "repos/$REPO/commits/$HEAD_SHA/pulls" \[0m
2026-04-28T19:47:51.2339737Z [36;1m    -H "Accept: application/vnd.github+json" 2>/dev/null || echo "[]")[0m
2026-04-28T19:47:51.2340500Z [36;1m  PR_NUMBER=$(printf '%s' "$RESPONSE" | jq -r '[0m
2026-04-28T19:47:51.2341119Z [36;1m    if type == "array" and length > 0 then[0m
2026-04-28T19:47:51.2341750Z [36;1m      (sort_by(.number) | reverse | .[0].number // empty)[0m
2026-04-28T19:47:51.2342346Z [36;1m    else empty end[0m
2026-04-28T19:47:51.2342802Z [36;1m  ' 2>/dev/null || echo "")[0m
2026-04-28T19:47:51.2343478Z [36;1m  [ -n "$PR_NUMBER" ] && break[0m
2026-04-28T19:47:51.2344249Z [36;1m  echo "commits/$HEAD_SHA/pulls returned no PR (attempt $attempt/3); sleeping 5s..."[0m
2026-04-28T19:47:51.2345002Z [36;1m  sleep 5[0m
2026-04-28T19:47:51.2345400Z [36;1mdone[0m
2026-04-28T19:47:51.2345803Z [36;1mif [ -z "$PR_NUMBER" ]; then[0m
2026-04-28T19:47:51.2346636Z [36;1m  echo "::warning::No PR found for commit $HEAD_SHA via commits/{sha}/pulls after 3 attempts. Skipping."[0m
2026-04-28T19:47:51.2347533Z [36;1m  echo "found=false" >> "$GITHUB_OUTPUT"[0m
2026-04-28T19:47:51.2348077Z [36;1m  exit 0[0m
2026-04-28T19:47:51.2348450Z [36;1mfi[0m
2026-04-28T19:47:51.2349077Z [36;1mecho "pr_number=$PR_NUMBER" >> "$GITHUB_OUTPUT"[0m
2026-04-28T19:47:51.2349716Z [36;1mecho "found=true" >> "$GITHUB_OUTPUT"[0m
2026-04-28T19:47:51.2350482Z [36;1mecho "Resolved PR #$PR_NUMBER from commits/$HEAD_SHA/pulls fallback."[0m
2026-04-28T19:47:51.2466131Z shell: /usr/bin/bash -e {0}
2026-04-28T19:47:51.2467264Z env:
2026-04-28T19:47:51.2467976Z   GH_TOKEN: ***
2026-04-28T19:47:51.2468408Z   REPO: averycorp/prismTask
2026-04-28T19:47:51.2468883Z   EVENT_NAME: workflow_run
2026-04-28T19:47:51.2472017Z   PR_JSON: [
  {
    "base": {
      "ref": "main",
      "repo": {
        "id": 1201449451,
        "name": "prismTask",
        "url": "https://api.github.com/repos/averycorp/prismTask"
      },
      "sha": "5e31fa98eade29a57cd7d7c5fdff264f05ef5b36"
    },
    "head": {
      "ref": "chore/fix-autofix-pat-fallback",
      "repo": {
        "id": 1201449451,
        "name": "prismTask",
        "url": "https://api.github.com/repos/averycorp/prismTask"
      },
      "sha": "d4f7cc77fb203a1fcc6a9d2d2e3c822b9f21c77f"
    },
    "id": 3598068174,
    "number": 916,
    "url": "https://api.github.com/repos/averycorp/prismTask/pulls/916"
  }
]
2026-04-28T19:47:51.2475536Z   HEAD_SHA: d4f7cc77fb203a1fcc6a9d2d2e3c822b9f21c77f
2026-04-28T19:47:51.2476105Z   DISPATCH_PR: 
2026-04-28T19:47:51.2476497Z ##[endgroup]
2026-04-28T19:47:51.2679094Z Resolved PR #916 from workflow_run payload.
2026-04-28T19:47:51.2814230Z ##[group]Run set -euo pipefail
2026-04-28T19:47:51.2814857Z [36;1mset -euo pipefail[0m
2026-04-28T19:47:51.2815465Z [36;1m# gh pr merge --auto may queue the merge until required checks[0m
2026-04-28T19:47:51.2816205Z [36;1m# pass. Poll until MERGED, CLOSED, or timeout.[0m
2026-04-28T19:47:51.2816777Z [36;1m#[0m
2026-04-28T19:47:51.2817355Z [36;1m# Audit PR #876 → CI pathway efficiency: ceiling raised[0m
2026-04-28T19:47:51.2818485Z [36;1m# 60→120 attempts × 10s = 20 min. Real Android PRs (PR #851[0m
2026-04-28T19:47:51.2819684Z [36;1m# took 37 min from open to merge; PR #859 took 14 min) can[0m
2026-04-28T19:47:51.2820538Z [36;1m# exceed the prior 10-min ceiling because auto-merge.yml[0m
2026-04-28T19:47:51.2821558Z [36;1m# queues on slow lane completion. A silently-dropped bump[0m
2026-04-28T19:47:51.2822501Z [36;1m# (memory `feedback_skip_ci_blocks_tag_release.md`) requires a[0m
2026-04-28T19:47:51.2823572Z [36;1m# manual `gh workflow run release.yml --ref vX.Y.Z` re-fire,[0m
2026-04-28T19:47:51.2824344Z [36;1m# which is a real recovery cost. 20 min covers all observed[0m
2026-04-28T19:47:51.2825085Z [36;1m# PR lifecycles in the audit window without expanding[0m
2026-04-28T19:47:51.2825827Z [36;1m# workflow_run resource cost meaningfully (idle polling).[0m
2026-04-28T19:47:51.2826472Z [36;1mfor i in $(seq 1 120); do[0m
2026-04-28T19:47:51.2827127Z [36;1m  STATE=$(gh pr view "$PR_NUMBER" --repo "$REPO" --json state -q '.state')[0m
2026-04-28T19:47:51.2827824Z [36;1m  case "$STATE" in[0m
2026-04-28T19:47:51.2828273Z [36;1m    MERGED)[0m
2026-04-28T19:47:51.2828989Z [36;1m      MERGE_SHA=$(gh pr view "$PR_NUMBER" --repo "$REPO" --json mergeCommit -q '.mergeCommit.oid')[0m
2026-04-28T19:47:51.2829849Z [36;1m      echo "merged=true" >> "$GITHUB_OUTPUT"[0m
2026-04-28T19:47:51.2830499Z [36;1m      echo "merge_sha=$MERGE_SHA" >> "$GITHUB_OUTPUT"[0m
2026-04-28T19:47:51.2831124Z [36;1m      echo "PR merged at $MERGE_SHA"[0m
2026-04-28T19:47:51.2831652Z [36;1m      exit 0[0m
2026-04-28T19:47:51.2832082Z [36;1m      ;;[0m
2026-04-28T19:47:51.2832469Z [36;1m    CLOSED)[0m
2026-04-28T19:47:51.2833240Z [36;1m      echo "merged=false" >> "$GITHUB_OUTPUT"[0m
2026-04-28T19:47:51.2833926Z [36;1m      echo "PR closed without merging — skipping bump."[0m
2026-04-28T19:47:51.2834518Z [36;1m      exit 0[0m
2026-04-28T19:47:51.2834909Z [36;1m      ;;[0m
2026-04-28T19:47:51.2835282Z [36;1m    *)[0m
2026-04-28T19:47:51.2835790Z [36;1m      echo "PR state=$STATE (attempt $i/120); sleeping 10s..."[0m
2026-04-28T19:47:51.2836409Z [36;1m      sleep 10[0m
2026-04-28T19:47:51.2837044Z [36;1m      ;;[0m
2026-04-28T19:47:51.2837410Z [36;1m  esac[0m
2026-04-28T19:47:51.2837782Z [36;1mdone[0m
2026-04-28T19:47:51.2838209Z [36;1mecho "merged=false" >> "$GITHUB_OUTPUT"[0m
2026-04-28T19:47:51.2838967Z [36;1mecho "::warning::PR did not reach MERGED within 20 minutes — skipping bump."[0m
2026-04-28T19:47:51.2894775Z shell: /usr/bin/bash -e {0}
2026-04-28T19:47:51.2895277Z env:
2026-04-28T19:47:51.2895922Z   GH_TOKEN: ***
2026-04-28T19:47:51.2896319Z   PR_NUMBER: 916
2026-04-28T19:47:51.2896735Z   REPO: averycorp/prismTask
2026-04-28T19:47:51.2897181Z ##[endgroup]
2026-04-28T19:47:52.2380500Z PR merged at 6f5d714d5d87a941df2204fdd864199390b556ce
2026-04-28T19:47:52.2656941Z ##[group]Run actions/checkout@v4
2026-04-28T19:47:52.2658157Z with:
2026-04-28T19:47:52.2660402Z   token: ***
2026-04-28T19:47:52.2661369Z   ref: 6f5d714d5d87a941df2204fdd864199390b556ce
2026-04-28T19:47:52.2662601Z   fetch-depth: 0
2026-04-28T19:47:52.2663809Z   repository: averycorp/prismTask
2026-04-28T19:47:52.2664984Z   ssh-strict: true
2026-04-28T19:47:52.2665855Z   ssh-user: git
2026-04-28T19:47:52.2666753Z   persist-credentials: true
2026-04-28T19:47:52.2667763Z   clean: true
2026-04-28T19:47:52.2668671Z   sparse-checkout-cone-mode: true
2026-04-28T19:47:52.2669771Z   fetch-tags: false
2026-04-28T19:47:52.2670661Z   show-progress: true
2026-04-28T19:47:52.2671581Z   lfs: false
2026-04-28T19:47:52.2672410Z   submodules: false
2026-04-28T19:47:52.2673505Z   set-safe-directory: true
2026-04-28T19:47:52.2674478Z ##[endgroup]
2026-04-28T19:47:52.3798404Z Syncing repository: averycorp/prismTask
2026-04-28T19:47:52.3801366Z ##[group]Getting Git version info
2026-04-28T19:47:52.3803503Z Working directory is '/home/runner/work/prismTask/prismTask'
2026-04-28T19:47:52.3805688Z [command]/usr/bin/git version
2026-04-28T19:47:52.3880238Z git version 2.54.0
2026-04-28T19:47:52.3909167Z ##[endgroup]
2026-04-28T19:47:52.3926311Z Temporarily overriding HOME='/home/runner/work/_temp/07c12a0a-2fd4-4f33-90a1-82d03d3e905d' before making global git config changes
2026-04-28T19:47:52.3929834Z Adding repository directory to the temporary git global config as a safe directory
2026-04-28T19:47:52.3933049Z [command]/usr/bin/git config --global --add safe.directory /home/runner/work/prismTask/prismTask
2026-04-28T19:47:52.3982712Z Deleting the contents of '/home/runner/work/prismTask/prismTask'
2026-04-28T19:47:52.3987180Z ##[group]Initializing the repository
2026-04-28T19:47:52.3991262Z [command]/usr/bin/git init /home/runner/work/prismTask/prismTask
2026-04-28T19:47:52.4097969Z hint: Using 'master' as the name for the initial branch. This default branch name
2026-04-28T19:47:52.4100695Z hint: will change to "main" in Git 3.0. To configure the initial branch name
2026-04-28T19:47:52.4103529Z hint: to use in all of your new repositories, which will suppress this warning,
2026-04-28T19:47:52.4105718Z hint: call:
2026-04-28T19:47:52.4106520Z hint:
2026-04-28T19:47:52.4107530Z hint: 	git config --global init.defaultBranch <name>
2026-04-28T19:47:52.4109065Z hint:
2026-04-28T19:47:52.4110427Z hint: Names commonly chosen instead of 'master' are 'main', 'trunk' and
2026-04-28T19:47:52.4112557Z hint: 'development'. The just-created branch can be renamed via this command:
2026-04-28T19:47:52.4114650Z hint:
2026-04-28T19:47:52.4115815Z hint: 	git branch -m <name>
2026-04-28T19:47:52.4116890Z hint:
2026-04-28T19:47:52.4118216Z hint: Disable this message with "git config set advice.defaultBranchName false"
2026-04-28T19:47:52.4120536Z Initialized empty Git repository in /home/runner/work/prismTask/prismTask/.git/
2026-04-28T19:47:52.4124838Z [command]/usr/bin/git remote add origin https://github.com/averycorp/prismTask
2026-04-28T19:47:52.4163108Z ##[endgroup]
2026-04-28T19:47:52.4164757Z ##[group]Disabling automatic garbage collection
2026-04-28T19:47:52.4167266Z [command]/usr/bin/git config --local gc.auto 0
2026-04-28T19:47:52.4197250Z ##[endgroup]
2026-04-28T19:47:52.4198710Z ##[group]Setting up auth
2026-04-28T19:47:52.4203974Z [command]/usr/bin/git config --local --name-only --get-regexp core\.sshCommand
2026-04-28T19:47:52.4240425Z [command]/usr/bin/git submodule foreach --recursive sh -c "git config --local --name-only --get-regexp 'core\.sshCommand' && git config --local --unset-all 'core.sshCommand' || :"
2026-04-28T19:47:52.4597576Z [command]/usr/bin/git config --local --name-only --get-regexp http\.https\:\/\/github\.com\/\.extraheader
2026-04-28T19:47:52.4632397Z [command]/usr/bin/git submodule foreach --recursive sh -c "git config --local --name-only --get-regexp 'http\.https\:\/\/github\.com\/\.extraheader' && git config --local --unset-all 'http.https://github.com/.extraheader' || :"
2026-04-28T19:47:52.4855562Z [command]/usr/bin/git config --local --name-only --get-regexp ^includeIf\.gitdir:
2026-04-28T19:47:52.4891640Z [command]/usr/bin/git submodule foreach --recursive git config --local --show-origin --name-only --get-regexp remote.origin.url
2026-04-28T19:47:52.5120599Z [command]/usr/bin/git config --local http.https://github.com/.extraheader AUTHORIZATION: basic ***
2026-04-28T19:47:52.5158556Z ##[endgroup]
2026-04-28T19:47:52.5160153Z ##[group]Fetching the repository
2026-04-28T19:47:52.5168396Z [command]/usr/bin/git -c protocol.version=2 fetch --prune --no-recurse-submodules origin +refs/heads/*:refs/remotes/origin/* +refs/tags/*:refs/tags/*
2026-04-28T19:48:11.1878053Z From https://github.com/averycorp/prismTask
2026-04-28T19:48:11.1878851Z  * [new branch]        ci-logs         -> origin/ci-logs
2026-04-28T19:48:11.1879768Z  * [new branch]        feat/habits-builtin-fraction -> origin/feat/habits-builtin-fraction
2026-04-28T19:48:11.1948127Z  * [new branch]        feat/task-timing-firestore-sync -> origin/feat/task-timing-firestore-sync
2026-04-28T19:48:11.1949440Z  * [new branch]        feat/time-tracking-aggregator -> origin/feat/time-tracking-aggregator
2026-04-28T19:48:11.1950879Z  * [new branch]        fix/leisure-add-activity-keeps-section -> origin/fix/leisure-add-activity-keeps-section
2026-04-28T19:48:11.1952043Z  * [new branch]        main            -> origin/main
2026-04-28T19:48:11.1952761Z  * [new branch]        v0.1.0-legacy   -> origin/v0.1.0-legacy
2026-04-28T19:48:11.1953812Z  * [new branch]        v0.2.0-legacy   -> origin/v0.2.0-legacy
2026-04-28T19:48:11.1954540Z  * [new branch]        v0.3.0-legacy   -> origin/v0.3.0-legacy
2026-04-28T19:48:11.1955241Z  * [new branch]        v0.4.0-legacy   -> origin/v0.4.0-legacy
2026-04-28T19:48:11.1955955Z  * [new branch]        v0.5.0-legacy   -> origin/v0.5.0-legacy
2026-04-28T19:48:11.1956641Z  * [new branch]        v0.6.0-legacy   -> origin/v0.6.0-legacy
2026-04-28T19:48:11.1957360Z  * [new branch]        v0.7.0-legacy   -> origin/v0.7.0-legacy
2026-04-28T19:48:11.1958045Z  * [new tag]           v0.1.0          -> v0.1.0
2026-04-28T19:48:11.1958634Z  * [new tag]           v0.2.0          -> v0.2.0
2026-04-28T19:48:11.1959181Z  * [new tag]           v0.3.0          -> v0.3.0
2026-04-28T19:48:11.1959731Z  * [new tag]           v0.4.0          -> v0.4.0
2026-04-28T19:48:11.1960294Z  * [new tag]           v0.5.0          -> v0.5.0
2026-04-28T19:48:11.1960836Z  * [new tag]           v0.7.0          -> v0.7.0
2026-04-28T19:48:11.1961524Z  * [new tag]           v0.7.12         -> v0.7.12
2026-04-28T19:48:11.1962116Z  * [new tag]           v0.7.13         -> v0.7.13
2026-04-28T19:48:11.1962817Z  * [new tag]           v0.7.14         -> v0.7.14
2026-04-28T19:48:11.1964026Z  * [new tag]           v0.7.15         -> v0.7.15
2026-04-28T19:48:11.1964626Z  * [new tag]           v0.7.16         -> v0.7.16
2026-04-28T19:48:11.1965209Z  * [new tag]           v0.7.17         -> v0.7.17
2026-04-28T19:48:11.1965986Z  * [new tag]           v0.7.17-build.2 -> v0.7.17-build.2
2026-04-28T19:48:11.1966680Z  * [new tag]           v0.7.17-build.3 -> v0.7.17-build.3
2026-04-28T19:48:11.1967347Z  * [new tag]           v0.7.17-build.4 -> v0.7.17-build.4
2026-04-28T19:48:11.1968153Z  * [new tag]           v0.7.17-build.5 -> v0.7.17-build.5
2026-04-28T19:48:11.1969186Z  * [new tag]           v0.7.17-build.6 -> v0.7.17-build.6
2026-04-28T19:48:11.1970294Z  * [new tag]           v0.7.17-build.7 -> v0.7.17-build.7
2026-04-28T19:48:11.1970951Z  * [new tag]           v0.7.17-build.8 -> v0.7.17-build.8
2026-04-28T19:48:11.1971606Z  * [new tag]           v0.7.17-build.9 -> v0.7.17-build.9
2026-04-28T19:48:11.1972229Z  * [new tag]           v0.7.18         -> v0.7.18
2026-04-28T19:48:11.1972840Z  * [new tag]           v0.7.18-build.2 -> v0.7.18-build.2
2026-04-28T19:48:11.1973765Z  * [new tag]           v0.7.18-build.3 -> v0.7.18-build.3
2026-04-28T19:48:11.1974424Z  * [new tag]           v0.7.18-build.4 -> v0.7.18-build.4
2026-04-28T19:48:11.1975303Z  * [new tag]           v0.7.19         -> v0.7.19
2026-04-28T19:48:11.1975957Z  * [new tag]           v0.7.19-build.2 -> v0.7.19-build.2
2026-04-28T19:48:11.1976625Z  * [new tag]           v0.7.20         -> v0.7.20
2026-04-28T19:48:11.1977306Z  * [new tag]           v0.7.20-build.2 -> v0.7.20-build.2
2026-04-28T19:48:11.1978003Z  * [new tag]           v0.7.20-build.3 -> v0.7.20-build.3
2026-04-28T19:48:11.1978723Z  * [new tag]           v0.7.20-build.4 -> v0.7.20-build.4
2026-04-28T19:48:11.1979381Z  * [new tag]           v0.8.0          -> v0.8.0
2026-04-28T19:48:11.1980023Z  * [new tag]           v0.8.0-build.2  -> v0.8.0-build.2
2026-04-28T19:48:11.1980659Z  * [new tag]           v0.8.1          -> v0.8.1
2026-04-28T19:48:11.1981271Z  * [new tag]           v0.8.10         -> v0.8.10
2026-04-28T19:48:11.1981919Z  * [new tag]           v0.8.11         -> v0.8.11
2026-04-28T19:48:11.1982532Z  * [new tag]           v0.8.12         -> v0.8.12
2026-04-28T19:48:11.1983377Z  * [new tag]           v0.8.13         -> v0.8.13
2026-04-28T19:48:11.1983952Z  * [new tag]           v0.8.14         -> v0.8.14
2026-04-28T19:48:11.1984303Z  * [new tag]           v0.8.15         -> v0.8.15
2026-04-28T19:48:11.1984631Z  * [new tag]           v0.8.2          -> v0.8.2
2026-04-28T19:48:11.1984961Z  * [new tag]           v0.8.3          -> v0.8.3
2026-04-28T19:48:11.1985292Z  * [new tag]           v0.8.4          -> v0.8.4
2026-04-28T19:48:11.1985614Z  * [new tag]           v0.8.5          -> v0.8.5
2026-04-28T19:48:11.1985942Z  * [new tag]           v0.8.6          -> v0.8.6
2026-04-28T19:48:11.1986260Z  * [new tag]           v0.8.7          -> v0.8.7
2026-04-28T19:48:11.1986575Z  * [new tag]           v0.8.8          -> v0.8.8
2026-04-28T19:48:11.1986894Z  * [new tag]           v0.8.9          -> v0.8.9
2026-04-28T19:48:11.1987208Z  * [new tag]           v0.9.1          -> v0.9.1
2026-04-28T19:48:11.1987523Z  * [new tag]           v0.9.2          -> v0.9.2
2026-04-28T19:48:11.1987835Z  * [new tag]           v1.0.1          -> v1.0.1
2026-04-28T19:48:11.1988167Z  * [new tag]           v1.0.10         -> v1.0.10
2026-04-28T19:48:11.1988495Z  * [new tag]           v1.0.11         -> v1.0.11
2026-04-28T19:48:11.1988815Z  * [new tag]           v1.0.12         -> v1.0.12
2026-04-28T19:48:11.1989135Z  * [new tag]           v1.0.13         -> v1.0.13
2026-04-28T19:48:11.1989464Z  * [new tag]           v1.0.2          -> v1.0.2
2026-04-28T19:48:11.1989778Z  * [new tag]           v1.0.3          -> v1.0.3
2026-04-28T19:48:11.1990095Z  * [new tag]           v1.0.4          -> v1.0.4
2026-04-28T19:48:11.1990415Z  * [new tag]           v1.0.5          -> v1.0.5
2026-04-28T19:48:11.1990723Z  * [new tag]           v1.0.6          -> v1.0.6
2026-04-28T19:48:11.1991036Z  * [new tag]           v1.0.7          -> v1.0.7
2026-04-28T19:48:11.1991350Z  * [new tag]           v1.0.8          -> v1.0.8
2026-04-28T19:48:11.1991662Z  * [new tag]           v1.0.9          -> v1.0.9
2026-04-28T19:48:11.1991996Z  * [new tag]           v1.1.1          -> v1.1.1
2026-04-28T19:48:11.1992352Z  * [new tag]           v1.1.1-build.2  -> v1.1.1-build.2
2026-04-28T19:48:11.1992749Z  * [new tag]           v1.1.1-build.3  -> v1.1.1-build.3
2026-04-28T19:48:11.1993414Z  * [new tag]           v1.1.1-build.4  -> v1.1.1-build.4
2026-04-28T19:48:11.1993795Z  * [new tag]           v1.1.10         -> v1.1.10
2026-04-28T19:48:11.1994364Z  * [new tag]           v1.1.11         -> v1.1.11
2026-04-28T19:48:11.1994718Z  * [new tag]           v1.1.12         -> v1.1.12
2026-04-28T19:48:11.1995075Z  * [new tag]           v1.1.2          -> v1.1.2
2026-04-28T19:48:11.1995429Z  * [new tag]           v1.1.3          -> v1.1.3
2026-04-28T19:48:11.1995776Z  * [new tag]           v1.1.4          -> v1.1.4
2026-04-28T19:48:11.1996127Z  * [new tag]           v1.1.5          -> v1.1.5
2026-04-28T19:48:11.1996481Z  * [new tag]           v1.1.6          -> v1.1.6
2026-04-28T19:48:11.1996832Z  * [new tag]           v1.1.7          -> v1.1.7
2026-04-28T19:48:11.1997177Z  * [new tag]           v1.1.8          -> v1.1.8
2026-04-28T19:48:11.1997645Z  * [new tag]           v1.1.9          -> v1.1.9
2026-04-28T19:48:11.1998006Z  * [new tag]           v1.3.0          -> v1.3.0
2026-04-28T19:48:11.1998350Z  * [new tag]           v1.3.1          -> v1.3.1
2026-04-28T19:48:11.1998702Z  * [new tag]           v1.3.10         -> v1.3.10
2026-04-28T19:48:11.1999067Z  * [new tag]           v1.3.11         -> v1.3.11
2026-04-28T19:48:11.1999445Z  * [new tag]           v1.3.11-build.2 -> v1.3.11-build.2
2026-04-28T19:48:11.1999824Z  * [new tag]           v1.3.12         -> v1.3.12
2026-04-28T19:48:11.2000180Z  * [new tag]           v1.3.13         -> v1.3.13
2026-04-28T19:48:11.2000551Z  * [new tag]           v1.3.13-build.2 -> v1.3.13-build.2
2026-04-28T19:48:11.2000925Z  * [new tag]           v1.3.14         -> v1.3.14
2026-04-28T19:48:11.2001280Z  * [new tag]           v1.3.15         -> v1.3.15
2026-04-28T19:48:11.2001630Z  * [new tag]           v1.3.16         -> v1.3.16
2026-04-28T19:48:11.2001984Z  * [new tag]           v1.3.17         -> v1.3.17
2026-04-28T19:48:11.2002345Z  * [new tag]           v1.3.18         -> v1.3.18
2026-04-28T19:48:11.2002695Z  * [new tag]           v1.3.19         -> v1.3.19
2026-04-28T19:48:11.2003270Z  * [new tag]           v1.3.2          -> v1.3.2
2026-04-28T19:48:11.2003628Z  * [new tag]           v1.3.20         -> v1.3.20
2026-04-28T19:48:11.2003990Z  * [new tag]           v1.3.21         -> v1.3.21
2026-04-28T19:48:11.2004340Z  * [new tag]           v1.3.22         -> v1.3.22
2026-04-28T19:48:11.2004692Z  * [new tag]           v1.3.23         -> v1.3.23
2026-04-28T19:48:11.2005044Z  * [new tag]           v1.3.24         -> v1.3.24
2026-04-28T19:48:11.2005391Z  * [new tag]           v1.3.25         -> v1.3.25
2026-04-28T19:48:11.2005744Z  * [new tag]           v1.3.26         -> v1.3.26
2026-04-28T19:48:11.2006094Z  * [new tag]           v1.3.27         -> v1.3.27
2026-04-28T19:48:11.2006439Z  * [new tag]           v1.3.28         -> v1.3.28
2026-04-28T19:48:11.2006789Z  * [new tag]           v1.3.29         -> v1.3.29
2026-04-28T19:48:11.2007146Z  * [new tag]           v1.3.3          -> v1.3.3
2026-04-28T19:48:11.2007498Z  * [new tag]           v1.3.30         -> v1.3.30
2026-04-28T19:48:11.2007852Z  * [new tag]           v1.3.31         -> v1.3.31
2026-04-28T19:48:11.2008208Z  * [new tag]           v1.3.32         -> v1.3.32
2026-04-28T19:48:11.2008568Z  * [new tag]           v1.3.33         -> v1.3.33
2026-04-28T19:48:11.2008915Z  * [new tag]           v1.3.34         -> v1.3.34
2026-04-28T19:48:11.2009269Z  * [new tag]           v1.3.35         -> v1.3.35
2026-04-28T19:48:11.2009624Z  * [new tag]           v1.3.36         -> v1.3.36
2026-04-28T19:48:11.2009972Z  * [new tag]           v1.3.37         -> v1.3.37
2026-04-28T19:48:11.2010325Z  * [new tag]           v1.3.38         -> v1.3.38
2026-04-28T19:48:11.2010680Z  * [new tag]           v1.3.39         -> v1.3.39
2026-04-28T19:48:11.2011028Z  * [new tag]           v1.3.4          -> v1.3.4
2026-04-28T19:48:11.2011386Z  * [new tag]           v1.3.40         -> v1.3.40
2026-04-28T19:48:11.2011762Z  * [new tag]           v1.3.41         -> v1.3.41
2026-04-28T19:48:11.2012156Z  * [new tag]           v1.3.42         -> v1.3.42
2026-04-28T19:48:11.2012511Z  * [new tag]           v1.3.43         -> v1.3.43
2026-04-28T19:48:11.2012861Z  * [new tag]           v1.3.44         -> v1.3.44
2026-04-28T19:48:11.2013629Z  * [new tag]           v1.3.45         -> v1.3.45
2026-04-28T19:48:11.2013989Z  * [new tag]           v1.3.46         -> v1.3.46
2026-04-28T19:48:11.2014340Z  * [new tag]           v1.3.47         -> v1.3.47
2026-04-28T19:48:11.2014692Z  * [new tag]           v1.3.48         -> v1.3.48
2026-04-28T19:48:11.2015041Z  * [new tag]           v1.3.49         -> v1.3.49
2026-04-28T19:48:11.2015388Z  * [new tag]           v1.3.5          -> v1.3.5
2026-04-28T19:48:11.2015769Z  * [new tag]           v1.3.5-build.2  -> v1.3.5-build.2
2026-04-28T19:48:11.2016145Z  * [new tag]           v1.3.50         -> v1.3.50
2026-04-28T19:48:11.2016639Z  * [new tag]           v1.3.51         -> v1.3.51
2026-04-28T19:48:11.2017006Z  * [new tag]           v1.3.52         -> v1.3.52
2026-04-28T19:48:11.2017361Z  * [new tag]           v1.3.53         -> v1.3.53
2026-04-28T19:48:11.2017725Z  * [new tag]           v1.3.54         -> v1.3.54
2026-04-28T19:48:11.2018073Z  * [new tag]           v1.3.55         -> v1.3.55
2026-04-28T19:48:11.2018436Z  * [new tag]           v1.3.56         -> v1.3.56
2026-04-28T19:48:11.2018792Z  * [new tag]           v1.3.57         -> v1.3.57
2026-04-28T19:48:11.2019143Z  * [new tag]           v1.3.58         -> v1.3.58
2026-04-28T19:48:11.2019500Z  * [new tag]           v1.3.59         -> v1.3.59
2026-04-28T19:48:11.2019856Z  * [new tag]           v1.3.6          -> v1.3.6
2026-04-28T19:48:11.2020213Z  * [new tag]           v1.3.60         -> v1.3.60
2026-04-28T19:48:11.2020573Z  * [new tag]           v1.3.61         -> v1.3.61
2026-04-28T19:48:11.2020928Z  * [new tag]           v1.3.62         -> v1.3.62
2026-04-28T19:48:11.2021284Z  * [new tag]           v1.3.7          -> v1.3.7
2026-04-28T19:48:11.2021638Z  * [new tag]           v1.3.8          -> v1.3.8
2026-04-28T19:48:11.2021990Z  * [new tag]           v1.3.9          -> v1.3.9
2026-04-28T19:48:11.2022344Z  * [new tag]           v1.4.40         -> v1.4.40
2026-04-28T19:48:11.2022693Z  * [new tag]           v1.5.0          -> v1.5.0
2026-04-28T19:48:11.2023339Z  * [new tag]           v1.5.2          -> v1.5.2
2026-04-28T19:48:11.2023695Z  * [new tag]           v1.5.3          -> v1.5.3
2026-04-28T19:48:11.2024041Z  * [new tag]           v1.6.0          -> v1.6.0
2026-04-28T19:48:11.2024388Z  * [new tag]           v1.7.0          -> v1.7.0
2026-04-28T19:48:11.2024745Z  * [new tag]           v1.7.37         -> v1.7.37
2026-04-28T19:48:11.2025099Z  * [new tag]           v1.7.38         -> v1.7.38
2026-04-28T19:48:11.2025454Z  * [new tag]           v1.7.39         -> v1.7.39
2026-04-28T19:48:11.2025806Z  * [new tag]           v1.7.40         -> v1.7.40
2026-04-28T19:48:11.2026154Z  * [new tag]           v1.7.41         -> v1.7.41
2026-04-28T19:48:11.2026518Z  * [new tag]           v1.7.42         -> v1.7.42
2026-04-28T19:48:11.2026873Z  * [new tag]           v1.7.43         -> v1.7.43
2026-04-28T19:48:11.2027225Z  * [new tag]           v1.7.44         -> v1.7.44
2026-04-28T19:48:11.2027577Z  * [new tag]           v1.7.45         -> v1.7.45
2026-04-28T19:48:11.2027940Z  * [new tag]           v1.7.46         -> v1.7.46
2026-04-28T19:48:11.2028292Z  * [new tag]           v1.7.47         -> v1.7.47
2026-04-28T19:48:11.2028641Z  * [new tag]           v1.7.48         -> v1.7.48
2026-04-28T19:48:11.2028992Z  * [new tag]           v1.7.49         -> v1.7.49
2026-04-28T19:48:11.2029344Z  * [new tag]           v1.7.50         -> v1.7.50
2026-04-28T19:48:11.2029691Z  * [new tag]           v1.7.51         -> v1.7.51
2026-04-28T19:48:11.2030043Z  * [new tag]           v1.7.52         -> v1.7.52
2026-04-28T19:48:11.2030391Z  * [new tag]           v1.7.53         -> v1.7.53
2026-04-28T19:48:11.2030738Z  * [new tag]           v1.7.54         -> v1.7.54
2026-04-28T19:48:11.2031089Z  * [new tag]           v1.7.55         -> v1.7.55
2026-04-28T19:48:11.2031437Z  * [new tag]           v1.7.56         -> v1.7.56
2026-04-28T19:48:11.2031781Z  * [new tag]           v1.7.57         -> v1.7.57
2026-04-28T19:48:11.2032135Z  * [new tag]           v1.7.58         -> v1.7.58
2026-04-28T19:48:11.2032636Z  * [new tag]           v1.7.59         -> v1.7.59
2026-04-28T19:48:11.2033233Z  * [new tag]           v1.7.60         -> v1.7.60
2026-04-28T19:48:11.2033602Z  * [new tag]           v1.7.61         -> v1.7.61
2026-04-28T19:48:11.2033959Z  * [new tag]           v1.7.62         -> v1.7.62
2026-04-28T19:48:11.2034312Z  * [new tag]           v1.7.63         -> v1.7.63
2026-04-28T19:48:11.2034657Z  * [new tag]           v1.7.64         -> v1.7.64
2026-04-28T19:48:11.2035013Z  * [new tag]           v1.7.65         -> v1.7.65
2026-04-28T19:48:11.2035363Z  * [new tag]           v1.7.66         -> v1.7.66
2026-04-28T19:48:11.2035847Z  * [new tag]           v1.7.67         -> v1.7.67
2026-04-28T19:48:11.2036211Z  * [new tag]           v1.7.68         -> v1.7.68
2026-04-28T19:48:11.2036560Z  * [new tag]           v1.7.69         -> v1.7.69
2026-04-28T19:48:11.2036905Z  * [new tag]           v1.7.70         -> v1.7.70
2026-04-28T19:48:11.2037253Z  * [new tag]           v1.7.71         -> v1.7.71
2026-04-28T19:48:11.2037607Z  * [new tag]           v1.7.72         -> v1.7.72
2026-04-28T19:48:11.2037952Z  * [new tag]           v1.7.73         -> v1.7.73
2026-04-28T19:48:11.2038301Z  * [new tag]           v1.7.74         -> v1.7.74
2026-04-28T19:48:11.2038651Z  * [new tag]           v1.7.75         -> v1.7.75
2026-04-28T19:48:11.2038996Z  * [new tag]           v1.7.76         -> v1.7.76
2026-04-28T19:48:11.2039345Z  * [new tag]           v1.7.77         -> v1.7.77
2026-04-28T19:48:11.2039697Z  * [new tag]           v1.7.78         -> v1.7.78
2026-04-28T19:48:11.2040045Z  * [new tag]           v1.7.79         -> v1.7.79
2026-04-28T19:48:11.2040395Z  * [new tag]           v1.7.80         -> v1.7.80
2026-04-28T19:48:11.2040743Z  * [new tag]           v1.7.81         -> v1.7.81
2026-04-28T19:48:11.2041092Z  * [new tag]           v1.7.82         -> v1.7.82
2026-04-28T19:48:11.2041434Z  * [new tag]           v1.7.83         -> v1.7.83
2026-04-28T19:48:11.2145450Z [command]/usr/bin/git rev-parse --verify --quiet 6f5d714d5d87a941df2204fdd864199390b556ce^{object}
2026-04-28T19:48:11.2171711Z 6f5d714d5d87a941df2204fdd864199390b556ce
2026-04-28T19:48:11.2177997Z ##[endgroup]
2026-04-28T19:48:11.2179031Z ##[group]Determining the checkout info
2026-04-28T19:48:11.2180129Z ##[endgroup]
2026-04-28T19:48:11.2185400Z [command]/usr/bin/git sparse-checkout disable
2026-04-28T19:48:11.2233550Z [command]/usr/bin/git config --local --unset-all extensions.worktreeConfig
2026-04-28T19:48:11.2261313Z ##[group]Checking out the ref
2026-04-28T19:48:11.2266572Z [command]/usr/bin/git checkout --progress --force 6f5d714d5d87a941df2204fdd864199390b556ce
2026-04-28T19:48:11.4789148Z Note: switching to '6f5d714d5d87a941df2204fdd864199390b556ce'.
2026-04-28T19:48:11.4789639Z 
2026-04-28T19:48:11.4790014Z You are in 'detached HEAD' state. You can look around, make experimental
2026-04-28T19:48:11.4790856Z changes and commit them, and you can discard any commits you make in this
2026-04-28T19:48:11.4791567Z state without impacting any branches by switching back to a branch.
2026-04-28T19:48:11.4791963Z 
2026-04-28T19:48:11.4792271Z If you want to create a new branch to retain commits you create, you may
2026-04-28T19:48:11.4793194Z do so (now or later) by using -c with the switch command. Example:
2026-04-28T19:48:11.4793559Z 
2026-04-28T19:48:11.4793741Z   git switch -c <new-branch-name>
2026-04-28T19:48:11.4793981Z 
2026-04-28T19:48:11.4794154Z Or undo this operation with:
2026-04-28T19:48:11.4794385Z 
2026-04-28T19:48:11.4794523Z   git switch -
2026-04-28T19:48:11.4794698Z 
2026-04-28T19:48:11.4795052Z Turn off this advice by setting config variable advice.detachedHead to false
2026-04-28T19:48:11.4795480Z 
2026-04-28T19:48:11.4795920Z HEAD is now at 6f5d714d ci(autofix): fallback to GITHUB_TOKEN when AUTOFIX_PAT push 403s (#916)
2026-04-28T19:48:11.4821688Z ##[endgroup]
2026-04-28T19:48:11.4870361Z [command]/usr/bin/git log -1 --format=%H
2026-04-28T19:48:11.4898179Z 6f5d714d5d87a941df2204fdd864199390b556ce
2026-04-28T19:48:11.5017342Z ##[group]Run set -euo pipefail
2026-04-28T19:48:11.5017710Z [36;1mset -euo pipefail[0m
2026-04-28T19:48:11.5018073Z [36;1m# Switch off the detached merge-sha checkout onto a local branch[0m
2026-04-28T19:48:11.5018550Z [36;1m# tracking main so the later `git push HEAD:main` has somewhere[0m
2026-04-28T19:48:11.5019001Z [36;1m# to go. Fetch the latest main first so we bump from the tip the[0m
2026-04-28T19:48:11.5019475Z [36;1m# push will target — otherwise a concurrent PR's bump from a[0m
2026-04-28T19:48:11.5019914Z [36;1m# queued run ahead of us would get overwritten.[0m
2026-04-28T19:48:11.5020253Z [36;1mgit fetch origin main[0m
2026-04-28T19:48:11.5020539Z [36;1mgit checkout -B main origin/main[0m
2026-04-28T19:48:11.5020830Z [36;1m[0m
2026-04-28T19:48:11.5021212Z [36;1mCURRENT_CODE=$(grep -oP 'versionCode\s*=\s*\K[0-9]+' app/build.gradle.kts | head -1)[0m
2026-04-28T19:48:11.5021674Z [36;1mNEW_CODE=$(( CURRENT_CODE + 1 ))[0m
2026-04-28T19:48:11.5022140Z [36;1msed -i "s/versionCode = [0-9]*/versionCode = $NEW_CODE/" app/build.gradle.kts[0m
2026-04-28T19:48:11.5022557Z [36;1m[0m
2026-04-28T19:48:11.5023218Z [36;1mCURRENT_NAME=$(grep -oP 'versionName\s*=\s*"\K[^"]+' app/build.gradle.kts | head -1)[0m
2026-04-28T19:48:11.5023980Z [36;1mMAJOR=$(echo "$CURRENT_NAME" | cut -d. -f1)[0m
2026-04-28T19:48:11.5024334Z [36;1mMINOR=$(echo "$CURRENT_NAME" | cut -d. -f2)[0m
2026-04-28T19:48:11.5024674Z [36;1mPATCH=$(echo "$CURRENT_NAME" | cut -d. -f3)[0m
2026-04-28T19:48:11.5024993Z [36;1mNEW_PATCH=$(( PATCH + 1 ))[0m
2026-04-28T19:48:11.5025309Z [36;1mNEW_NAME="${MAJOR}.${MINOR}.${NEW_PATCH}"[0m
2026-04-28T19:48:11.5025813Z [36;1msed -i "s/versionName = \"${CURRENT_NAME}\"/versionName = \"${NEW_NAME}\"/" app/build.gradle.kts[0m
2026-04-28T19:48:11.5026290Z [36;1m[0m
2026-04-28T19:48:11.5026562Z [36;1mecho "version_name=$NEW_NAME" >> "$GITHUB_OUTPUT"[0m
2026-04-28T19:48:11.5026951Z [36;1mecho "version_code=$NEW_CODE" >> "$GITHUB_OUTPUT"[0m
2026-04-28T19:48:11.5027362Z [36;1mecho "Bumping to v$NEW_NAME (build $NEW_CODE)"[0m
2026-04-28T19:48:11.5082637Z shell: /usr/bin/bash -e {0}
2026-04-28T19:48:11.5083164Z ##[endgroup]
2026-04-28T19:48:11.6801651Z From https://github.com/averycorp/prismTask
2026-04-28T19:48:11.6802207Z  * branch              main       -> FETCH_HEAD
2026-04-28T19:48:11.8705878Z Switched to a new branch 'main'
2026-04-28T19:48:11.8707972Z branch 'main' set up to track 'origin/main'.
2026-04-28T19:48:11.8829693Z Bumping to v1.7.84 (build 784)
2026-04-28T19:48:11.8887410Z ##[group]Run set -euo pipefail
2026-04-28T19:48:11.8887779Z [36;1mset -euo pipefail[0m
2026-04-28T19:48:11.8888198Z [36;1mgit config --local user.email "github-actions[bot]@users.noreply.github.com"[0m
2026-04-28T19:48:11.8888723Z [36;1mgit config --local user.name "github-actions[bot]"[0m
2026-04-28T19:48:11.8889083Z [36;1mgit add app/build.gradle.kts[0m
2026-04-28T19:48:11.8889392Z [36;1mif git diff --cached --quiet; then[0m
2026-04-28T19:48:11.8889710Z [36;1m  echo "No version bump to commit"[0m
2026-04-28T19:48:11.8890017Z [36;1m  exit 0[0m
2026-04-28T19:48:11.8890229Z [36;1mfi[0m
2026-04-28T19:48:11.8890526Z [36;1mgit commit -m "chore: bump to v1.7.84 (build 784) [skip ci]"[0m
2026-04-28T19:48:11.8890989Z [36;1m# Another PR merge can push to main while this job is running,[0m
2026-04-28T19:48:11.8891443Z [36;1m# so a straight `git push` here races and silently loses the[0m
2026-04-28T19:48:11.8891950Z [36;1m# bump commit. Rebase onto the current main tip and retry on rejection.[0m
2026-04-28T19:48:11.8892356Z [36;1mfor attempt in 1 2 3 4 5; do[0m
2026-04-28T19:48:11.8892649Z [36;1m  if git push origin HEAD:main; then[0m
2026-04-28T19:48:11.8893268Z [36;1m    echo "Pushed version bump on attempt $attempt"[0m
2026-04-28T19:48:11.8893604Z [36;1m    exit 0[0m
2026-04-28T19:48:11.8893854Z [36;1m  fi[0m
2026-04-28T19:48:11.8894214Z [36;1m  echo "Push rejected on attempt $attempt; rebasing onto origin/main and retrying"[0m
2026-04-28T19:48:11.8894655Z [36;1m  git fetch origin main[0m
2026-04-28T19:48:11.8895116Z [36;1m  if ! git rebase origin/main; then[0m
2026-04-28T19:48:11.8895420Z [36;1m    git rebase --abort || true[0m
2026-04-28T19:48:11.8895819Z [36;1m    echo "::error::Rebase conflict while replaying version bump; aborting."[0m
2026-04-28T19:48:11.8896209Z [36;1m    exit 1[0m
2026-04-28T19:48:11.8896430Z [36;1m  fi[0m
2026-04-28T19:48:11.8896652Z [36;1m  sleep $((attempt * 2))[0m
2026-04-28T19:48:11.8896907Z [36;1mdone[0m
2026-04-28T19:48:11.8897222Z [36;1mecho "::error::Failed to push version bump after 5 attempts."[0m
2026-04-28T19:48:11.8897598Z [36;1mexit 1[0m
2026-04-28T19:48:11.8951775Z shell: /usr/bin/bash -e {0}
2026-04-28T19:48:11.8952054Z ##[endgroup]
2026-04-28T19:48:12.0977082Z [main ff37b2c2] chore: bump to v1.7.84 (build 784) [skip ci]
2026-04-28T19:48:12.0978543Z  1 file changed, 2 insertions(+), 2 deletions(-)
2026-04-28T19:48:12.2155616Z remote: Permission to averycorp/prismTask.git denied to akarlin3.
2026-04-28T19:48:12.2157156Z fatal: unable to access 'https://github.com/averycorp/prismTask/': The requested URL returned error: 403
2026-04-28T19:48:12.2174152Z Push rejected on attempt 1; rebasing onto origin/main and retrying
2026-04-28T19:48:12.3965255Z From https://github.com/averycorp/prismTask
2026-04-28T19:48:12.3966013Z  * branch              main       -> FETCH_HEAD
2026-04-28T19:48:12.4087604Z Current branch main is up to date.
2026-04-28T19:48:14.5121198Z remote: Permission to averycorp/prismTask.git denied to akarlin3.
2026-04-28T19:48:14.5122003Z fatal: unable to access 'https://github.com/averycorp/prismTask/': The requested URL returned error: 403
2026-04-28T19:48:14.5139107Z Push rejected on attempt 2; rebasing onto origin/main and retrying
2026-04-28T19:48:14.6845555Z From https://github.com/averycorp/prismTask
2026-04-28T19:48:14.6845934Z  * branch              main       -> FETCH_HEAD
2026-04-28T19:48:14.6943158Z Current branch main is up to date.
2026-04-28T19:48:18.8011030Z remote: Permission to averycorp/prismTask.git denied to akarlin3.
2026-04-28T19:48:18.8011973Z fatal: unable to access 'https://github.com/averycorp/prismTask/': The requested URL returned error: 403
2026-04-28T19:48:18.8030054Z Push rejected on attempt 3; rebasing onto origin/main and retrying
2026-04-28T19:48:18.9624569Z From https://github.com/averycorp/prismTask
2026-04-28T19:48:18.9625157Z  * branch              main       -> FETCH_HEAD
2026-04-28T19:48:18.9721974Z Current branch main is up to date.
2026-04-28T19:48:25.0816807Z remote: Permission to averycorp/prismTask.git denied to akarlin3.
2026-04-28T19:48:25.0818423Z fatal: unable to access 'https://github.com/averycorp/prismTask/': The requested URL returned error: 403
2026-04-28T19:48:25.0833960Z Push rejected on attempt 4; rebasing onto origin/main and retrying
2026-04-28T19:48:25.2524385Z From https://github.com/averycorp/prismTask
2026-04-28T19:48:25.2524948Z  * branch              main       -> FETCH_HEAD
2026-04-28T19:48:25.2622424Z Current branch main is up to date.
2026-04-28T19:48:33.3719617Z remote: Permission to averycorp/prismTask.git denied to akarlin3.
2026-04-28T19:48:33.3720384Z fatal: unable to access 'https://github.com/averycorp/prismTask/': The requested URL returned error: 403
2026-04-28T19:48:33.3736471Z Push rejected on attempt 5; rebasing onto origin/main and retrying
2026-04-28T19:48:33.5445348Z From https://github.com/averycorp/prismTask
2026-04-28T19:48:33.5445954Z  * branch              main       -> FETCH_HEAD
2026-04-28T19:48:33.5540868Z Current branch main is up to date.
2026-04-28T19:48:43.5602214Z ##[error]Failed to push version bump after 5 attempts.
2026-04-28T19:48:43.5611666Z ##[error]Process completed with exit code 1.
2026-04-28T19:48:43.5729641Z Post job cleanup.
2026-04-28T19:48:43.6837305Z [command]/usr/bin/git version
2026-04-28T19:48:43.6883739Z git version 2.54.0
2026-04-28T19:48:43.6931450Z Temporarily overriding HOME='/home/runner/work/_temp/99076943-6d74-4375-9103-5530c5570161' before making global git config changes
2026-04-28T19:48:43.6933362Z Adding repository directory to the temporary git global config as a safe directory
2026-04-28T19:48:43.6938826Z [command]/usr/bin/git config --global --add safe.directory /home/runner/work/prismTask/prismTask
2026-04-28T19:48:43.6978022Z [command]/usr/bin/git config --local --name-only --get-regexp core\.sshCommand
2026-04-28T19:48:43.7014396Z [command]/usr/bin/git submodule foreach --recursive sh -c "git config --local --name-only --get-regexp 'core\.sshCommand' && git config --local --unset-all 'core.sshCommand' || :"
2026-04-28T19:48:43.7254212Z [command]/usr/bin/git config --local --name-only --get-regexp http\.https\:\/\/github\.com\/\.extraheader
2026-04-28T19:48:43.7283564Z http.https://github.com/.extraheader
2026-04-28T19:48:43.7296993Z [command]/usr/bin/git config --local --unset-all http.https://github.com/.extraheader
2026-04-28T19:48:43.7328993Z [command]/usr/bin/git submodule foreach --recursive sh -c "git config --local --name-only --get-regexp 'http\.https\:\/\/github\.com\/\.extraheader' && git config --local --unset-all 'http.https://github.com/.extraheader' || :"
2026-04-28T19:48:43.7562703Z [command]/usr/bin/git config --local --name-only --get-regexp ^includeIf\.gitdir:
2026-04-28T19:48:43.7598671Z [command]/usr/bin/git submodule foreach --recursive git config --local --show-origin --name-only --get-regexp remote.origin.url
2026-04-28T19:48:43.7978873Z Cleaning up orphan processes
2026-04-28T19:48:43.8277810Z ##[warning]Node.js 20 actions are deprecated. The following actions are running on Node.js 20 and may not work as expected: actions/checkout@v4. Actions will be forced to run with Node.js 24 by default starting June 2nd, 2026. Node.js 20 will be removed from the runner on September 16th, 2026. Please check if updated versions of these actions are available that support Node.js 24. To opt into Node.js 24 now, set the FORCE_JAVASCRIPT_ACTIONS_TO_NODE24=true environment variable on the runner or in your workflow file. Once Node.js 24 becomes the default, you can temporarily opt out by setting ACTIONS_ALLOW_USE_UNSECURE_NODE_VERSION=true. For more information see: https://github.blog/changelog/2025-09-19-deprecation-of-node-20-on-github-actions-runners/
