=== CI FAILURE ===
Workflow:      Version Bump & Tag
Workflow file: averycorp/prismTask/.github/workflows/version-bump-and-tag.yml@refs/heads/main
Job(s):        Version Bump & Tag
Run ID:        25079801618
Run attempt:   1
Run URL:       https://github.com/averycorp/prismTask/actions/runs/25079801618
Commit:        d0ae4d38b638a5b2de3e4a7f060c6ed5d86a32b5
Branch:        main
Event:         workflow_run
Actor:         akarlin3
Runner OS:     Linux
Timestamp:     2026-04-28T21:58:38.250Z

Failed steps:
  - Version Bump & Tag: #6 Commit version bump

=== FAILED JOB LOG ===

--- Job: Version Bump & Tag (id 73481853770) ---
2026-04-28T21:57:29.6573591Z Current runner version: '2.334.0'
2026-04-28T21:57:29.6599106Z ##[group]Runner Image Provisioner
2026-04-28T21:57:29.6599975Z Hosted Compute Agent
2026-04-28T21:57:29.6600604Z Version: 20260213.493
2026-04-28T21:57:29.6601237Z Commit: 5c115507f6dd24b8de37d8bbe0bb4509d0cc0fa3
2026-04-28T21:57:29.6601904Z Build Date: 2026-02-13T00:28:41Z
2026-04-28T21:57:29.6602942Z Worker ID: {b99aada0-1c06-4790-a53f-22cfe5a51104}
2026-04-28T21:57:29.6603650Z Azure Region: westus3
2026-04-28T21:57:29.6604200Z ##[endgroup]
2026-04-28T21:57:29.6605673Z ##[group]Operating System
2026-04-28T21:57:29.6606279Z Ubuntu
2026-04-28T21:57:29.6606722Z 24.04.4
2026-04-28T21:57:29.6607264Z LTS
2026-04-28T21:57:29.6607696Z ##[endgroup]
2026-04-28T21:57:29.6608236Z ##[group]Runner Image
2026-04-28T21:57:29.6608834Z Image: ubuntu-24.04
2026-04-28T21:57:29.6609316Z Version: 20260413.86.1
2026-04-28T21:57:29.6610528Z Included Software: https://github.com/actions/runner-images/blob/ubuntu24/20260413.86/images/ubuntu/Ubuntu2404-Readme.md
2026-04-28T21:57:29.6611999Z Image Release: https://github.com/actions/runner-images/releases/tag/ubuntu24%2F20260413.86
2026-04-28T21:57:29.6613166Z ##[endgroup]
2026-04-28T21:57:29.6614428Z ##[group]GITHUB_TOKEN Permissions
2026-04-28T21:57:29.6616582Z Actions: write
2026-04-28T21:57:29.6617183Z Contents: write
2026-04-28T21:57:29.6617761Z Metadata: read
2026-04-28T21:57:29.6618238Z PullRequests: read
2026-04-28T21:57:29.6618784Z ##[endgroup]
2026-04-28T21:57:29.6620820Z Secret source: Actions
2026-04-28T21:57:29.6621484Z Prepare workflow directory
2026-04-28T21:57:29.6988240Z Prepare all required actions
2026-04-28T21:57:29.7046870Z Getting action download info
2026-04-28T21:57:30.1213676Z Download action repository 'actions/checkout@v4' (SHA:34e114876b0b11c390a56381ad16ebd13914f8d5)
2026-04-28T21:57:30.3472766Z Complete job name: Version Bump & Tag
2026-04-28T21:57:30.4136871Z ##[group]Run set -euo pipefail
2026-04-28T21:57:30.4137519Z [36;1mset -euo pipefail[0m
2026-04-28T21:57:30.4138100Z [36;1mif [ "$EVENT_NAME" = "workflow_dispatch" ]; then[0m
2026-04-28T21:57:30.4138888Z [36;1m  # Manual dispatch path — use the input if provided, otherwise[0m
2026-04-28T21:57:30.4139664Z [36;1m  # walk the latest merged PR on main and target that.[0m
2026-04-28T21:57:30.4140298Z [36;1m  if [ -n "$DISPATCH_PR" ]; then[0m
2026-04-28T21:57:30.4140927Z [36;1m    echo "pr_number=$DISPATCH_PR" >> "$GITHUB_OUTPUT"[0m
2026-04-28T21:57:30.4141568Z [36;1m    echo "found=true" >> "$GITHUB_OUTPUT"[0m
2026-04-28T21:57:30.4142596Z [36;1m    echo "Using PR #$DISPATCH_PR from dispatch input."[0m
2026-04-28T21:57:30.4143344Z [36;1m    exit 0[0m
2026-04-28T21:57:30.4143744Z [36;1m  fi[0m
2026-04-28T21:57:30.4144317Z [36;1m  PR_NUMBER=$(gh pr list --repo "$REPO" --state merged --base main \[0m
2026-04-28T21:57:30.4145132Z [36;1m    --limit 1 --json number -q '.[0].number // empty')[0m
2026-04-28T21:57:30.4145750Z [36;1m  if [ -z "$PR_NUMBER" ]; then[0m
2026-04-28T21:57:30.4146498Z [36;1m    echo "::warning::No merged PRs found on main. Cannot resolve PR; skipping."[0m
2026-04-28T21:57:30.4147298Z [36;1m    echo "found=false" >> "$GITHUB_OUTPUT"[0m
2026-04-28T21:57:30.4147836Z [36;1m    exit 0[0m
2026-04-28T21:57:30.4148236Z [36;1m  fi[0m
2026-04-28T21:57:30.4148709Z [36;1m  echo "pr_number=$PR_NUMBER" >> "$GITHUB_OUTPUT"[0m
2026-04-28T21:57:30.4149328Z [36;1m  echo "found=true" >> "$GITHUB_OUTPUT"[0m
2026-04-28T21:57:30.4150056Z [36;1m  echo "Resolved most-recent merged PR #$PR_NUMBER for dispatch run."[0m
2026-04-28T21:57:30.4150744Z [36;1m  exit 0[0m
2026-04-28T21:57:30.4151132Z [36;1mfi[0m
2026-04-28T21:57:30.4151491Z [36;1m[0m
2026-04-28T21:57:30.4151958Z [36;1m# Path 1 — fast path: pull_requests was populated.[0m
2026-04-28T21:57:30.4152850Z [36;1mPR_NUMBER=$(echo "$PR_JSON" | jq -r '.[0].number // empty')[0m
2026-04-28T21:57:30.4153525Z [36;1mif [ -n "$PR_NUMBER" ]; then[0m
2026-04-28T21:57:30.4154103Z [36;1m  echo "pr_number=$PR_NUMBER" >> "$GITHUB_OUTPUT"[0m
2026-04-28T21:57:30.4154995Z [36;1m  echo "found=true" >> "$GITHUB_OUTPUT"[0m
2026-04-28T21:57:30.4155967Z [36;1m  echo "Resolved PR #$PR_NUMBER from workflow_run payload."[0m
2026-04-28T21:57:30.4156728Z [36;1m  exit 0[0m
2026-04-28T21:57:30.4157181Z [36;1mfi[0m
2026-04-28T21:57:30.4157654Z [36;1m[0m
2026-04-28T21:57:30.4158178Z [36;1m# Path 2 — fallback: look the PR up by HEAD SHA. Works in both[0m
2026-04-28T21:57:30.4158964Z [36;1m# the pre-merge case (auto-merge.yml fires before the squash[0m
2026-04-28T21:57:30.4159748Z [36;1m# actually happens; the open PR still has this commit at its[0m
2026-04-28T21:57:30.4160549Z [36;1m# head) and the post-merge case (GitHub keeps the commit→PR[0m
2026-04-28T21:57:30.4161337Z [36;1m# mapping after squash, so we still resolve correctly even if[0m
2026-04-28T21:57:30.4162280Z [36;1m# the source branch was deleted). The downstream "Wait for PR[0m
2026-04-28T21:57:30.4163064Z [36;1m# to merge" step handles the timing — we only need the PR[0m
2026-04-28T21:57:30.4163722Z [36;1m# number here, not its merge state.[0m
2026-04-28T21:57:30.4164245Z [36;1m#[0m
2026-04-28T21:57:30.4164798Z [36;1m# Deliberately NOT falling back to "most recent merged PR" —[0m
2026-04-28T21:57:30.4165577Z [36;1m# that race-condition-bumps a previously-merged PR if[0m
2026-04-28T21:57:30.4166283Z [36;1m# workflow_run fires before the queued merge lands.[0m
2026-04-28T21:57:30.4166890Z [36;1mif [ -z "$HEAD_SHA" ]; then[0m
2026-04-28T21:57:30.4167614Z [36;1m  echo "::warning::workflow_run.head_sha is empty; cannot resolve PR. Skipping."[0m
2026-04-28T21:57:30.4168421Z [36;1m  echo "found=false" >> "$GITHUB_OUTPUT"[0m
2026-04-28T21:57:30.4168970Z [36;1m  exit 0[0m
2026-04-28T21:57:30.4169349Z [36;1mfi[0m
2026-04-28T21:57:30.4169889Z [36;1m# Capture the API response separately instead of piping through[0m
2026-04-28T21:57:30.4170883Z [36;1m# `gh api --jq` directly. Under `set -euo pipefail`, an empty or[0m
2026-04-28T21:57:30.4171666Z [36;1m# non-JSON response body crashes the embedded jq with[0m
2026-04-28T21:57:30.4172567Z [36;1m# `unexpected end of JSON input` and aborts the whole script[0m
2026-04-28T21:57:30.4173364Z [36;1m# before the empty-result branch below can fire — observed on[0m
2026-04-28T21:57:30.4174142Z [36;1m# PR #857's post-merge run, which silently dropped the version[0m
2026-04-28T21:57:30.4174921Z [36;1m# bump on the floor. The retry loop covers the indexing-lag[0m
2026-04-28T21:57:30.4175683Z [36;1m# window where `commits/{sha}/pulls` returns `[]` for a few[0m
2026-04-28T21:57:30.4176380Z [36;1m# seconds after the squash-merge push lands.[0m
2026-04-28T21:57:30.4176945Z [36;1mPR_NUMBER=""[0m
2026-04-28T21:57:30.4177370Z [36;1mfor attempt in 1 2 3; do[0m
2026-04-28T21:57:30.4177863Z [36;1m  RESPONSE=$(gh api \[0m
2026-04-28T21:57:30.4178405Z [36;1m    "repos/$REPO/commits/$HEAD_SHA/pulls" \[0m
2026-04-28T21:57:30.4179141Z [36;1m    -H "Accept: application/vnd.github+json" 2>/dev/null || echo "[]")[0m
2026-04-28T21:57:30.4179907Z [36;1m  PR_NUMBER=$(printf '%s' "$RESPONSE" | jq -r '[0m
2026-04-28T21:57:30.4180533Z [36;1m    if type == "array" and length > 0 then[0m
2026-04-28T21:57:30.4181166Z [36;1m      (sort_by(.number) | reverse | .[0].number // empty)[0m
2026-04-28T21:57:30.4181774Z [36;1m    else empty end[0m
2026-04-28T21:57:30.4182566Z [36;1m  ' 2>/dev/null || echo "")[0m
2026-04-28T21:57:30.4183122Z [36;1m  [ -n "$PR_NUMBER" ] && break[0m
2026-04-28T21:57:30.4183902Z [36;1m  echo "commits/$HEAD_SHA/pulls returned no PR (attempt $attempt/3); sleeping 5s..."[0m
2026-04-28T21:57:30.4184673Z [36;1m  sleep 5[0m
2026-04-28T21:57:30.4185076Z [36;1mdone[0m
2026-04-28T21:57:30.4185479Z [36;1mif [ -z "$PR_NUMBER" ]; then[0m
2026-04-28T21:57:30.4186310Z [36;1m  echo "::warning::No PR found for commit $HEAD_SHA via commits/{sha}/pulls after 3 attempts. Skipping."[0m
2026-04-28T21:57:30.4187220Z [36;1m  echo "found=false" >> "$GITHUB_OUTPUT"[0m
2026-04-28T21:57:30.4187775Z [36;1m  exit 0[0m
2026-04-28T21:57:30.4188151Z [36;1mfi[0m
2026-04-28T21:57:30.4188802Z [36;1mecho "pr_number=$PR_NUMBER" >> "$GITHUB_OUTPUT"[0m
2026-04-28T21:57:30.4189431Z [36;1mecho "found=true" >> "$GITHUB_OUTPUT"[0m
2026-04-28T21:57:30.4190159Z [36;1mecho "Resolved PR #$PR_NUMBER from commits/$HEAD_SHA/pulls fallback."[0m
2026-04-28T21:57:30.4215024Z shell: /usr/bin/bash -e {0}
2026-04-28T21:57:30.4215774Z env:
2026-04-28T21:57:30.4216377Z   GH_TOKEN: ***
2026-04-28T21:57:30.4216847Z   REPO: averycorp/prismTask
2026-04-28T21:57:30.4217357Z   EVENT_NAME: workflow_run
2026-04-28T21:57:30.4217841Z   PR_JSON: []
2026-04-28T21:57:30.4218340Z   HEAD_SHA: e2cf6992c62d4a9d5573553f193d9f315e004773
2026-04-28T21:57:30.4218934Z   DISPATCH_PR: 
2026-04-28T21:57:30.4219362Z ##[endgroup]
2026-04-28T21:57:30.9758077Z Resolved PR #922 from commits/e2cf6992c62d4a9d5573553f193d9f315e004773/pulls fallback.
2026-04-28T21:57:30.9893194Z ##[group]Run set -euo pipefail
2026-04-28T21:57:30.9893903Z [36;1mset -euo pipefail[0m
2026-04-28T21:57:30.9894589Z [36;1m# gh pr merge --auto may queue the merge until required checks[0m
2026-04-28T21:57:30.9895416Z [36;1m# pass. Poll until MERGED, CLOSED, or timeout.[0m
2026-04-28T21:57:30.9896053Z [36;1m#[0m
2026-04-28T21:57:30.9896588Z [36;1m# Audit PR #876 → CI pathway efficiency: ceiling raised[0m
2026-04-28T21:57:30.9897422Z [36;1m# 60→120 attempts × 10s = 20 min. Real Android PRs (PR #851[0m
2026-04-28T21:57:30.9898247Z [36;1m# took 37 min from open to merge; PR #859 took 14 min) can[0m
2026-04-28T21:57:30.9899044Z [36;1m# exceed the prior 10-min ceiling because auto-merge.yml[0m
2026-04-28T21:57:30.9899859Z [36;1m# queues on slow lane completion. A silently-dropped bump[0m
2026-04-28T21:57:30.9900684Z [36;1m# (memory `feedback_skip_ci_blocks_tag_release.md`) requires a[0m
2026-04-28T21:57:30.9901567Z [36;1m# manual `gh workflow run release.yml --ref vX.Y.Z` re-fire,[0m
2026-04-28T21:57:30.9902566Z [36;1m# which is a real recovery cost. 20 min covers all observed[0m
2026-04-28T21:57:30.9903355Z [36;1m# PR lifecycles in the audit window without expanding[0m
2026-04-28T21:57:30.9904371Z [36;1m# workflow_run resource cost meaningfully (idle polling).[0m
2026-04-28T21:57:30.9905046Z [36;1mfor i in $(seq 1 120); do[0m
2026-04-28T21:57:30.9905754Z [36;1m  STATE=$(gh pr view "$PR_NUMBER" --repo "$REPO" --json state -q '.state')[0m
2026-04-28T21:57:30.9906493Z [36;1m  case "$STATE" in[0m
2026-04-28T21:57:30.9906968Z [36;1m    MERGED)[0m
2026-04-28T21:57:30.9907716Z [36;1m      MERGE_SHA=$(gh pr view "$PR_NUMBER" --repo "$REPO" --json mergeCommit -q '.mergeCommit.oid')[0m
2026-04-28T21:57:30.9908626Z [36;1m      echo "merged=true" >> "$GITHUB_OUTPUT"[0m
2026-04-28T21:57:30.9909296Z [36;1m      echo "merge_sha=$MERGE_SHA" >> "$GITHUB_OUTPUT"[0m
2026-04-28T21:57:30.9909954Z [36;1m      echo "PR merged at $MERGE_SHA"[0m
2026-04-28T21:57:30.9910510Z [36;1m      exit 0[0m
2026-04-28T21:57:30.9910952Z [36;1m      ;;[0m
2026-04-28T21:57:30.9911382Z [36;1m    CLOSED)[0m
2026-04-28T21:57:30.9911883Z [36;1m      echo "merged=false" >> "$GITHUB_OUTPUT"[0m
2026-04-28T21:57:30.9912918Z [36;1m      echo "PR closed without merging — skipping bump."[0m
2026-04-28T21:57:30.9913581Z [36;1m      exit 0[0m
2026-04-28T21:57:30.9914431Z [36;1m      ;;[0m
2026-04-28T21:57:30.9915174Z [36;1m    *)[0m
2026-04-28T21:57:30.9915913Z [36;1m      echo "PR state=$STATE (attempt $i/120); sleeping 10s..."[0m
2026-04-28T21:57:30.9916588Z [36;1m      sleep 10[0m
2026-04-28T21:57:30.9917038Z [36;1m      ;;[0m
2026-04-28T21:57:30.9917440Z [36;1m  esac[0m
2026-04-28T21:57:30.9917847Z [36;1mdone[0m
2026-04-28T21:57:30.9918294Z [36;1mecho "merged=false" >> "$GITHUB_OUTPUT"[0m
2026-04-28T21:57:30.9919102Z [36;1mecho "::warning::PR did not reach MERGED within 20 minutes — skipping bump."[0m
2026-04-28T21:57:30.9941380Z shell: /usr/bin/bash -e {0}
2026-04-28T21:57:30.9941907Z env:
2026-04-28T21:57:30.9942703Z   GH_TOKEN: ***
2026-04-28T21:57:30.9943135Z   PR_NUMBER: 922
2026-04-28T21:57:30.9943609Z   REPO: averycorp/prismTask
2026-04-28T21:57:30.9944300Z ##[endgroup]
2026-04-28T21:57:31.9460210Z PR merged at d0ae4d38b638a5b2de3e4a7f060c6ed5d86a32b5
2026-04-28T21:57:31.9607153Z ##[group]Run actions/checkout@v4
2026-04-28T21:57:31.9607508Z with:
2026-04-28T21:57:31.9608349Z   token: ***
2026-04-28T21:57:31.9608624Z   ref: d0ae4d38b638a5b2de3e4a7f060c6ed5d86a32b5
2026-04-28T21:57:31.9608956Z   fetch-depth: 0
2026-04-28T21:57:31.9609214Z   repository: averycorp/prismTask
2026-04-28T21:57:31.9609495Z   ssh-strict: true
2026-04-28T21:57:31.9609721Z   ssh-user: git
2026-04-28T21:57:31.9609955Z   persist-credentials: true
2026-04-28T21:57:31.9610220Z   clean: true
2026-04-28T21:57:31.9610466Z   sparse-checkout-cone-mode: true
2026-04-28T21:57:31.9610742Z   fetch-tags: false
2026-04-28T21:57:31.9611002Z   show-progress: true
2026-04-28T21:57:31.9611237Z   lfs: false
2026-04-28T21:57:31.9611467Z   submodules: false
2026-04-28T21:57:31.9611706Z   set-safe-directory: true
2026-04-28T21:57:31.9611959Z ##[endgroup]
2026-04-28T21:57:32.0675917Z Syncing repository: averycorp/prismTask
2026-04-28T21:57:32.0677294Z ##[group]Getting Git version info
2026-04-28T21:57:32.0677843Z Working directory is '/home/runner/work/prismTask/prismTask'
2026-04-28T21:57:32.0678466Z [command]/usr/bin/git version
2026-04-28T21:57:32.0728346Z git version 2.53.0
2026-04-28T21:57:32.0754249Z ##[endgroup]
2026-04-28T21:57:32.0769888Z Temporarily overriding HOME='/home/runner/work/_temp/97e52e8c-0432-4443-babb-523dcbd9d085' before making global git config changes
2026-04-28T21:57:32.0771485Z Adding repository directory to the temporary git global config as a safe directory
2026-04-28T21:57:32.0776412Z [command]/usr/bin/git config --global --add safe.directory /home/runner/work/prismTask/prismTask
2026-04-28T21:57:32.0808354Z Deleting the contents of '/home/runner/work/prismTask/prismTask'
2026-04-28T21:57:32.0812004Z ##[group]Initializing the repository
2026-04-28T21:57:32.0816951Z [command]/usr/bin/git init /home/runner/work/prismTask/prismTask
2026-04-28T21:57:32.0905937Z hint: Using 'master' as the name for the initial branch. This default branch name
2026-04-28T21:57:32.0907154Z hint: will change to "main" in Git 3.0. To configure the initial branch name
2026-04-28T21:57:32.0908238Z hint: to use in all of your new repositories, which will suppress this warning,
2026-04-28T21:57:32.0909103Z hint: call:
2026-04-28T21:57:32.0909529Z hint:
2026-04-28T21:57:32.0910087Z hint: 	git config --global init.defaultBranch <name>
2026-04-28T21:57:32.0910775Z hint:
2026-04-28T21:57:32.0911416Z hint: Names commonly chosen instead of 'master' are 'main', 'trunk' and
2026-04-28T21:57:32.0912759Z hint: 'development'. The just-created branch can be renamed via this command:
2026-04-28T21:57:32.0913627Z hint:
2026-04-28T21:57:32.0914101Z hint: 	git branch -m <name>
2026-04-28T21:57:32.0914607Z hint:
2026-04-28T21:57:32.0915226Z hint: Disable this message with "git config set advice.defaultBranchName false"
2026-04-28T21:57:32.0916349Z Initialized empty Git repository in /home/runner/work/prismTask/prismTask/.git/
2026-04-28T21:57:32.0920753Z [command]/usr/bin/git remote add origin https://github.com/averycorp/prismTask
2026-04-28T21:57:32.0949106Z ##[endgroup]
2026-04-28T21:57:32.0949893Z ##[group]Disabling automatic garbage collection
2026-04-28T21:57:32.0954599Z [command]/usr/bin/git config --local gc.auto 0
2026-04-28T21:57:32.0981340Z ##[endgroup]
2026-04-28T21:57:32.0982126Z ##[group]Setting up auth
2026-04-28T21:57:32.0989049Z [command]/usr/bin/git config --local --name-only --get-regexp core\.sshCommand
2026-04-28T21:57:32.1018176Z [command]/usr/bin/git submodule foreach --recursive sh -c "git config --local --name-only --get-regexp 'core\.sshCommand' && git config --local --unset-all 'core.sshCommand' || :"
2026-04-28T21:57:32.1306938Z [command]/usr/bin/git config --local --name-only --get-regexp http\.https\:\/\/github\.com\/\.extraheader
2026-04-28T21:57:32.1336235Z [command]/usr/bin/git submodule foreach --recursive sh -c "git config --local --name-only --get-regexp 'http\.https\:\/\/github\.com\/\.extraheader' && git config --local --unset-all 'http.https://github.com/.extraheader' || :"
2026-04-28T21:57:32.1549756Z [command]/usr/bin/git config --local --name-only --get-regexp ^includeIf\.gitdir:
2026-04-28T21:57:32.1579596Z [command]/usr/bin/git submodule foreach --recursive git config --local --show-origin --name-only --get-regexp remote.origin.url
2026-04-28T21:57:32.1794680Z [command]/usr/bin/git config --local http.https://github.com/.extraheader AUTHORIZATION: basic ***
2026-04-28T21:57:32.1827024Z ##[endgroup]
2026-04-28T21:57:32.1827862Z ##[group]Fetching the repository
2026-04-28T21:57:32.1836185Z [command]/usr/bin/git -c protocol.version=2 fetch --prune --no-recurse-submodules origin +refs/heads/*:refs/remotes/origin/* +refs/tags/*:refs/tags/*
2026-04-28T21:57:52.4052801Z From https://github.com/averycorp/prismTask
2026-04-28T21:57:52.4054129Z  * [new branch]        ci-logs         -> origin/ci-logs
2026-04-28T21:57:52.4055076Z  * [new branch]        main            -> origin/main
2026-04-28T21:57:52.4056234Z  * [new branch]        v0.1.0-legacy   -> origin/v0.1.0-legacy
2026-04-28T21:57:52.4057259Z  * [new branch]        v0.2.0-legacy   -> origin/v0.2.0-legacy
2026-04-28T21:57:52.4058288Z  * [new branch]        v0.3.0-legacy   -> origin/v0.3.0-legacy
2026-04-28T21:57:52.4059429Z  * [new branch]        v0.4.0-legacy   -> origin/v0.4.0-legacy
2026-04-28T21:57:52.4060146Z  * [new branch]        v0.5.0-legacy   -> origin/v0.5.0-legacy
2026-04-28T21:57:52.4060842Z  * [new branch]        v0.6.0-legacy   -> origin/v0.6.0-legacy
2026-04-28T21:57:52.4061562Z  * [new branch]        v0.7.0-legacy   -> origin/v0.7.0-legacy
2026-04-28T21:57:52.4063048Z  * [new tag]           v0.1.0          -> v0.1.0
2026-04-28T21:57:52.4137252Z  * [new tag]           v0.2.0          -> v0.2.0
2026-04-28T21:57:52.4137917Z  * [new tag]           v0.3.0          -> v0.3.0
2026-04-28T21:57:52.4138397Z  * [new tag]           v0.4.0          -> v0.4.0
2026-04-28T21:57:52.4138918Z  * [new tag]           v0.5.0          -> v0.5.0
2026-04-28T21:57:52.4139503Z  * [new tag]           v0.7.0          -> v0.7.0
2026-04-28T21:57:52.4139994Z  * [new tag]           v0.7.12         -> v0.7.12
2026-04-28T21:57:52.4140534Z  * [new tag]           v0.7.13         -> v0.7.13
2026-04-28T21:57:52.4141057Z  * [new tag]           v0.7.14         -> v0.7.14
2026-04-28T21:57:52.4141453Z  * [new tag]           v0.7.15         -> v0.7.15
2026-04-28T21:57:52.4141792Z  * [new tag]           v0.7.16         -> v0.7.16
2026-04-28T21:57:52.4142080Z  * [new tag]           v0.7.17         -> v0.7.17
2026-04-28T21:57:52.4142684Z  * [new tag]           v0.7.17-build.2 -> v0.7.17-build.2
2026-04-28T21:57:52.4142996Z  * [new tag]           v0.7.17-build.3 -> v0.7.17-build.3
2026-04-28T21:57:52.4143298Z  * [new tag]           v0.7.17-build.4 -> v0.7.17-build.4
2026-04-28T21:57:52.4143597Z  * [new tag]           v0.7.17-build.5 -> v0.7.17-build.5
2026-04-28T21:57:52.4143884Z  * [new tag]           v0.7.17-build.6 -> v0.7.17-build.6
2026-04-28T21:57:52.4144186Z  * [new tag]           v0.7.17-build.7 -> v0.7.17-build.7
2026-04-28T21:57:52.4144488Z  * [new tag]           v0.7.17-build.8 -> v0.7.17-build.8
2026-04-28T21:57:52.4144847Z  * [new tag]           v0.7.17-build.9 -> v0.7.17-build.9
2026-04-28T21:57:52.4145158Z  * [new tag]           v0.7.18         -> v0.7.18
2026-04-28T21:57:52.4145450Z  * [new tag]           v0.7.18-build.2 -> v0.7.18-build.2
2026-04-28T21:57:52.4145741Z  * [new tag]           v0.7.18-build.3 -> v0.7.18-build.3
2026-04-28T21:57:52.4146038Z  * [new tag]           v0.7.18-build.4 -> v0.7.18-build.4
2026-04-28T21:57:52.4146321Z  * [new tag]           v0.7.19         -> v0.7.19
2026-04-28T21:57:52.4146606Z  * [new tag]           v0.7.19-build.2 -> v0.7.19-build.2
2026-04-28T21:57:52.4146881Z  * [new tag]           v0.7.20         -> v0.7.20
2026-04-28T21:57:52.4147167Z  * [new tag]           v0.7.20-build.2 -> v0.7.20-build.2
2026-04-28T21:57:52.4147458Z  * [new tag]           v0.7.20-build.3 -> v0.7.20-build.3
2026-04-28T21:57:52.4147745Z  * [new tag]           v0.7.20-build.4 -> v0.7.20-build.4
2026-04-28T21:57:52.4148495Z  * [new tag]           v0.8.0          -> v0.8.0
2026-04-28T21:57:52.4148800Z  * [new tag]           v0.8.0-build.2  -> v0.8.0-build.2
2026-04-28T21:57:52.4149084Z  * [new tag]           v0.8.1          -> v0.8.1
2026-04-28T21:57:52.4149355Z  * [new tag]           v0.8.10         -> v0.8.10
2026-04-28T21:57:52.4149623Z  * [new tag]           v0.8.11         -> v0.8.11
2026-04-28T21:57:52.4149886Z  * [new tag]           v0.8.12         -> v0.8.12
2026-04-28T21:57:52.4150152Z  * [new tag]           v0.8.13         -> v0.8.13
2026-04-28T21:57:52.4150418Z  * [new tag]           v0.8.14         -> v0.8.14
2026-04-28T21:57:52.4150689Z  * [new tag]           v0.8.15         -> v0.8.15
2026-04-28T21:57:52.4151038Z  * [new tag]           v0.8.2          -> v0.8.2
2026-04-28T21:57:52.4151302Z  * [new tag]           v0.8.3          -> v0.8.3
2026-04-28T21:57:52.4151569Z  * [new tag]           v0.8.4          -> v0.8.4
2026-04-28T21:57:52.4151838Z  * [new tag]           v0.8.5          -> v0.8.5
2026-04-28T21:57:52.4152266Z  * [new tag]           v0.8.6          -> v0.8.6
2026-04-28T21:57:52.4152679Z  * [new tag]           v0.8.7          -> v0.8.7
2026-04-28T21:57:52.4153178Z  * [new tag]           v0.8.8          -> v0.8.8
2026-04-28T21:57:52.4153641Z  * [new tag]           v0.8.9          -> v0.8.9
2026-04-28T21:57:52.4154094Z  * [new tag]           v0.9.1          -> v0.9.1
2026-04-28T21:57:52.4154513Z  * [new tag]           v0.9.2          -> v0.9.2
2026-04-28T21:57:52.4154791Z  * [new tag]           v1.0.1          -> v1.0.1
2026-04-28T21:57:52.4155063Z  * [new tag]           v1.0.10         -> v1.0.10
2026-04-28T21:57:52.4155335Z  * [new tag]           v1.0.11         -> v1.0.11
2026-04-28T21:57:52.4155602Z  * [new tag]           v1.0.12         -> v1.0.12
2026-04-28T21:57:52.4155858Z  * [new tag]           v1.0.13         -> v1.0.13
2026-04-28T21:57:52.4156123Z  * [new tag]           v1.0.2          -> v1.0.2
2026-04-28T21:57:52.4156410Z  * [new tag]           v1.0.3          -> v1.0.3
2026-04-28T21:57:52.4156721Z  * [new tag]           v1.0.4          -> v1.0.4
2026-04-28T21:57:52.4156986Z  * [new tag]           v1.0.5          -> v1.0.5
2026-04-28T21:57:52.4157280Z  * [new tag]           v1.0.6          -> v1.0.6
2026-04-28T21:57:52.4157547Z  * [new tag]           v1.0.7          -> v1.0.7
2026-04-28T21:57:52.4157830Z  * [new tag]           v1.0.8          -> v1.0.8
2026-04-28T21:57:52.4158092Z  * [new tag]           v1.0.9          -> v1.0.9
2026-04-28T21:57:52.4158367Z  * [new tag]           v1.1.1          -> v1.1.1
2026-04-28T21:57:52.4158651Z  * [new tag]           v1.1.1-build.2  -> v1.1.1-build.2
2026-04-28T21:57:52.4158955Z  * [new tag]           v1.1.1-build.3  -> v1.1.1-build.3
2026-04-28T21:57:52.4159243Z  * [new tag]           v1.1.1-build.4  -> v1.1.1-build.4
2026-04-28T21:57:52.4159528Z  * [new tag]           v1.1.10         -> v1.1.10
2026-04-28T21:57:52.4159795Z  * [new tag]           v1.1.11         -> v1.1.11
2026-04-28T21:57:52.4160066Z  * [new tag]           v1.1.12         -> v1.1.12
2026-04-28T21:57:52.4160330Z  * [new tag]           v1.1.2          -> v1.1.2
2026-04-28T21:57:52.4160609Z  * [new tag]           v1.1.3          -> v1.1.3
2026-04-28T21:57:52.4160875Z  * [new tag]           v1.1.4          -> v1.1.4
2026-04-28T21:57:52.4161145Z  * [new tag]           v1.1.5          -> v1.1.5
2026-04-28T21:57:52.4161424Z  * [new tag]           v1.1.6          -> v1.1.6
2026-04-28T21:57:52.4161698Z  * [new tag]           v1.1.7          -> v1.1.7
2026-04-28T21:57:52.4161968Z  * [new tag]           v1.1.8          -> v1.1.8
2026-04-28T21:57:52.4162412Z  * [new tag]           v1.1.9          -> v1.1.9
2026-04-28T21:57:52.4162702Z  * [new tag]           v1.3.0          -> v1.3.0
2026-04-28T21:57:52.4162977Z  * [new tag]           v1.3.1          -> v1.3.1
2026-04-28T21:57:52.4163261Z  * [new tag]           v1.3.10         -> v1.3.10
2026-04-28T21:57:52.4163549Z  * [new tag]           v1.3.11         -> v1.3.11
2026-04-28T21:57:52.4164030Z  * [new tag]           v1.3.11-build.2 -> v1.3.11-build.2
2026-04-28T21:57:52.4164440Z  * [new tag]           v1.3.12         -> v1.3.12
2026-04-28T21:57:52.4164731Z  * [new tag]           v1.3.13         -> v1.3.13
2026-04-28T21:57:52.4165036Z  * [new tag]           v1.3.13-build.2 -> v1.3.13-build.2
2026-04-28T21:57:52.4165331Z  * [new tag]           v1.3.14         -> v1.3.14
2026-04-28T21:57:52.4165612Z  * [new tag]           v1.3.15         -> v1.3.15
2026-04-28T21:57:52.4165890Z  * [new tag]           v1.3.16         -> v1.3.16
2026-04-28T21:57:52.4166205Z  * [new tag]           v1.3.17         -> v1.3.17
2026-04-28T21:57:52.4166487Z  * [new tag]           v1.3.18         -> v1.3.18
2026-04-28T21:57:52.4166767Z  * [new tag]           v1.3.19         -> v1.3.19
2026-04-28T21:57:52.4167043Z  * [new tag]           v1.3.2          -> v1.3.2
2026-04-28T21:57:52.4167329Z  * [new tag]           v1.3.20         -> v1.3.20
2026-04-28T21:57:52.4167609Z  * [new tag]           v1.3.21         -> v1.3.21
2026-04-28T21:57:52.4167891Z  * [new tag]           v1.3.22         -> v1.3.22
2026-04-28T21:57:52.4168178Z  * [new tag]           v1.3.23         -> v1.3.23
2026-04-28T21:57:52.4168461Z  * [new tag]           v1.3.24         -> v1.3.24
2026-04-28T21:57:52.4168738Z  * [new tag]           v1.3.25         -> v1.3.25
2026-04-28T21:57:52.4169018Z  * [new tag]           v1.3.26         -> v1.3.26
2026-04-28T21:57:52.4169302Z  * [new tag]           v1.3.27         -> v1.3.27
2026-04-28T21:57:52.4169586Z  * [new tag]           v1.3.28         -> v1.3.28
2026-04-28T21:57:52.4169876Z  * [new tag]           v1.3.29         -> v1.3.29
2026-04-28T21:57:52.4170162Z  * [new tag]           v1.3.3          -> v1.3.3
2026-04-28T21:57:52.4170442Z  * [new tag]           v1.3.30         -> v1.3.30
2026-04-28T21:57:52.4170717Z  * [new tag]           v1.3.31         -> v1.3.31
2026-04-28T21:57:52.4171000Z  * [new tag]           v1.3.32         -> v1.3.32
2026-04-28T21:57:52.4171283Z  * [new tag]           v1.3.33         -> v1.3.33
2026-04-28T21:57:52.4171560Z  * [new tag]           v1.3.34         -> v1.3.34
2026-04-28T21:57:52.4171844Z  * [new tag]           v1.3.35         -> v1.3.35
2026-04-28T21:57:52.4172247Z  * [new tag]           v1.3.36         -> v1.3.36
2026-04-28T21:57:52.4172649Z  * [new tag]           v1.3.37         -> v1.3.37
2026-04-28T21:57:52.4172940Z  * [new tag]           v1.3.38         -> v1.3.38
2026-04-28T21:57:52.4173222Z  * [new tag]           v1.3.39         -> v1.3.39
2026-04-28T21:57:52.4173503Z  * [new tag]           v1.3.4          -> v1.3.4
2026-04-28T21:57:52.4173785Z  * [new tag]           v1.3.40         -> v1.3.40
2026-04-28T21:57:52.4174068Z  * [new tag]           v1.3.41         -> v1.3.41
2026-04-28T21:57:52.4174349Z  * [new tag]           v1.3.42         -> v1.3.42
2026-04-28T21:57:52.4174622Z  * [new tag]           v1.3.43         -> v1.3.43
2026-04-28T21:57:52.4174902Z  * [new tag]           v1.3.44         -> v1.3.44
2026-04-28T21:57:52.4175177Z  * [new tag]           v1.3.45         -> v1.3.45
2026-04-28T21:57:52.4175456Z  * [new tag]           v1.3.46         -> v1.3.46
2026-04-28T21:57:52.4175739Z  * [new tag]           v1.3.47         -> v1.3.47
2026-04-28T21:57:52.4176021Z  * [new tag]           v1.3.48         -> v1.3.48
2026-04-28T21:57:52.4176298Z  * [new tag]           v1.3.49         -> v1.3.49
2026-04-28T21:57:52.4176580Z  * [new tag]           v1.3.5          -> v1.3.5
2026-04-28T21:57:52.4176886Z  * [new tag]           v1.3.5-build.2  -> v1.3.5-build.2
2026-04-28T21:57:52.4177182Z  * [new tag]           v1.3.50         -> v1.3.50
2026-04-28T21:57:52.4177470Z  * [new tag]           v1.3.51         -> v1.3.51
2026-04-28T21:57:52.4177753Z  * [new tag]           v1.3.52         -> v1.3.52
2026-04-28T21:57:52.4178031Z  * [new tag]           v1.3.53         -> v1.3.53
2026-04-28T21:57:52.4178313Z  * [new tag]           v1.3.54         -> v1.3.54
2026-04-28T21:57:52.4178592Z  * [new tag]           v1.3.55         -> v1.3.55
2026-04-28T21:57:52.4178869Z  * [new tag]           v1.3.56         -> v1.3.56
2026-04-28T21:57:52.4179277Z  * [new tag]           v1.3.57         -> v1.3.57
2026-04-28T21:57:52.4179656Z  * [new tag]           v1.3.58         -> v1.3.58
2026-04-28T21:57:52.4179942Z  * [new tag]           v1.3.59         -> v1.3.59
2026-04-28T21:57:52.4180219Z  * [new tag]           v1.3.6          -> v1.3.6
2026-04-28T21:57:52.4180500Z  * [new tag]           v1.3.60         -> v1.3.60
2026-04-28T21:57:52.4180781Z  * [new tag]           v1.3.61         -> v1.3.61
2026-04-28T21:57:52.4181060Z  * [new tag]           v1.3.62         -> v1.3.62
2026-04-28T21:57:52.4181338Z  * [new tag]           v1.3.7          -> v1.3.7
2026-04-28T21:57:52.4181621Z  * [new tag]           v1.3.8          -> v1.3.8
2026-04-28T21:57:52.4181899Z  * [new tag]           v1.3.9          -> v1.3.9
2026-04-28T21:57:52.4182400Z  * [new tag]           v1.4.40         -> v1.4.40
2026-04-28T21:57:52.4182749Z  * [new tag]           v1.5.0          -> v1.5.0
2026-04-28T21:57:52.4183026Z  * [new tag]           v1.5.2          -> v1.5.2
2026-04-28T21:57:52.4183317Z  * [new tag]           v1.5.3          -> v1.5.3
2026-04-28T21:57:52.4183607Z  * [new tag]           v1.6.0          -> v1.6.0
2026-04-28T21:57:52.4183888Z  * [new tag]           v1.7.0          -> v1.7.0
2026-04-28T21:57:52.4184160Z  * [new tag]           v1.7.37         -> v1.7.37
2026-04-28T21:57:52.4184444Z  * [new tag]           v1.7.38         -> v1.7.38
2026-04-28T21:57:52.4184730Z  * [new tag]           v1.7.39         -> v1.7.39
2026-04-28T21:57:52.4185006Z  * [new tag]           v1.7.40         -> v1.7.40
2026-04-28T21:57:52.4185293Z  * [new tag]           v1.7.41         -> v1.7.41
2026-04-28T21:57:52.4185577Z  * [new tag]           v1.7.42         -> v1.7.42
2026-04-28T21:57:52.4185856Z  * [new tag]           v1.7.43         -> v1.7.43
2026-04-28T21:57:52.4186141Z  * [new tag]           v1.7.44         -> v1.7.44
2026-04-28T21:57:52.4186453Z  * [new tag]           v1.7.45         -> v1.7.45
2026-04-28T21:57:52.4186730Z  * [new tag]           v1.7.46         -> v1.7.46
2026-04-28T21:57:52.4187012Z  * [new tag]           v1.7.47         -> v1.7.47
2026-04-28T21:57:52.4187294Z  * [new tag]           v1.7.48         -> v1.7.48
2026-04-28T21:57:52.4187577Z  * [new tag]           v1.7.49         -> v1.7.49
2026-04-28T21:57:52.4187859Z  * [new tag]           v1.7.50         -> v1.7.50
2026-04-28T21:57:52.4188136Z  * [new tag]           v1.7.51         -> v1.7.51
2026-04-28T21:57:52.4188409Z  * [new tag]           v1.7.52         -> v1.7.52
2026-04-28T21:57:52.4188677Z  * [new tag]           v1.7.53         -> v1.7.53
2026-04-28T21:57:52.4188951Z  * [new tag]           v1.7.54         -> v1.7.54
2026-04-28T21:57:52.4189226Z  * [new tag]           v1.7.55         -> v1.7.55
2026-04-28T21:57:52.4189497Z  * [new tag]           v1.7.56         -> v1.7.56
2026-04-28T21:57:52.4189777Z  * [new tag]           v1.7.57         -> v1.7.57
2026-04-28T21:57:52.4190049Z  * [new tag]           v1.7.58         -> v1.7.58
2026-04-28T21:57:52.4190317Z  * [new tag]           v1.7.59         -> v1.7.59
2026-04-28T21:57:52.4190600Z  * [new tag]           v1.7.60         -> v1.7.60
2026-04-28T21:57:52.4190880Z  * [new tag]           v1.7.61         -> v1.7.61
2026-04-28T21:57:52.4191150Z  * [new tag]           v1.7.62         -> v1.7.62
2026-04-28T21:57:52.4191414Z  * [new tag]           v1.7.63         -> v1.7.63
2026-04-28T21:57:52.4191686Z  * [new tag]           v1.7.64         -> v1.7.64
2026-04-28T21:57:52.4191953Z  * [new tag]           v1.7.65         -> v1.7.65
2026-04-28T21:57:52.4192567Z  * [new tag]           v1.7.66         -> v1.7.66
2026-04-28T21:57:52.4192867Z  * [new tag]           v1.7.67         -> v1.7.67
2026-04-28T21:57:52.4193146Z  * [new tag]           v1.7.68         -> v1.7.68
2026-04-28T21:57:52.4193416Z  * [new tag]           v1.7.69         -> v1.7.69
2026-04-28T21:57:52.4193690Z  * [new tag]           v1.7.70         -> v1.7.70
2026-04-28T21:57:52.4193974Z  * [new tag]           v1.7.71         -> v1.7.71
2026-04-28T21:57:52.4194247Z  * [new tag]           v1.7.72         -> v1.7.72
2026-04-28T21:57:52.4194666Z  * [new tag]           v1.7.73         -> v1.7.73
2026-04-28T21:57:52.4195036Z  * [new tag]           v1.7.74         -> v1.7.74
2026-04-28T21:57:52.4195322Z  * [new tag]           v1.7.75         -> v1.7.75
2026-04-28T21:57:52.4195599Z  * [new tag]           v1.7.76         -> v1.7.76
2026-04-28T21:57:52.4195868Z  * [new tag]           v1.7.77         -> v1.7.77
2026-04-28T21:57:52.4196143Z  * [new tag]           v1.7.78         -> v1.7.78
2026-04-28T21:57:52.4196420Z  * [new tag]           v1.7.79         -> v1.7.79
2026-04-28T21:57:52.4196690Z  * [new tag]           v1.7.80         -> v1.7.80
2026-04-28T21:57:52.4196966Z  * [new tag]           v1.7.81         -> v1.7.81
2026-04-28T21:57:52.4197246Z  * [new tag]           v1.7.82         -> v1.7.82
2026-04-28T21:57:52.4197522Z  * [new tag]           v1.7.83         -> v1.7.83
2026-04-28T21:57:52.4276881Z [command]/usr/bin/git rev-parse --verify --quiet d0ae4d38b638a5b2de3e4a7f060c6ed5d86a32b5^{object}
2026-04-28T21:57:52.4299885Z d0ae4d38b638a5b2de3e4a7f060c6ed5d86a32b5
2026-04-28T21:57:52.4304701Z ##[endgroup]
2026-04-28T21:57:52.4305287Z ##[group]Determining the checkout info
2026-04-28T21:57:52.4306106Z ##[endgroup]
2026-04-28T21:57:52.4310672Z [command]/usr/bin/git sparse-checkout disable
2026-04-28T21:57:52.4343969Z [command]/usr/bin/git config --local --unset-all extensions.worktreeConfig
2026-04-28T21:57:52.4368405Z ##[group]Checking out the ref
2026-04-28T21:57:52.4372918Z [command]/usr/bin/git checkout --progress --force d0ae4d38b638a5b2de3e4a7f060c6ed5d86a32b5
2026-04-28T21:57:52.6874015Z Note: switching to 'd0ae4d38b638a5b2de3e4a7f060c6ed5d86a32b5'.
2026-04-28T21:57:52.6874484Z 
2026-04-28T21:57:52.6874928Z You are in 'detached HEAD' state. You can look around, make experimental
2026-04-28T21:57:52.6875786Z changes and commit them, and you can discard any commits you make in this
2026-04-28T21:57:52.6876592Z state without impacting any branches by switching back to a branch.
2026-04-28T21:57:52.6877093Z 
2026-04-28T21:57:52.6877431Z If you want to create a new branch to retain commits you create, you may
2026-04-28T21:57:52.6878140Z do so (now or later) by using -c with the switch command. Example:
2026-04-28T21:57:52.6878560Z 
2026-04-28T21:57:52.6878735Z   git switch -c <new-branch-name>
2026-04-28T21:57:52.6879036Z 
2026-04-28T21:57:52.6879196Z Or undo this operation with:
2026-04-28T21:57:52.6879453Z 
2026-04-28T21:57:52.6879593Z   git switch -
2026-04-28T21:57:52.6879779Z 
2026-04-28T21:57:52.6880164Z Turn off this advice by setting config variable advice.detachedHead to false
2026-04-28T21:57:52.6880679Z 
2026-04-28T21:57:52.6905721Z HEAD is now at d0ae4d38 chore: bump to v1.7.84 (build 784) (#922)
2026-04-28T21:57:52.6907336Z ##[endgroup]
2026-04-28T21:57:52.6949786Z [command]/usr/bin/git log -1 --format=%H
2026-04-28T21:57:52.6971010Z d0ae4d38b638a5b2de3e4a7f060c6ed5d86a32b5
2026-04-28T21:57:52.7075643Z ##[group]Run set -euo pipefail
2026-04-28T21:57:52.7075951Z [36;1mset -euo pipefail[0m
2026-04-28T21:57:52.7076291Z [36;1m# Switch off the detached merge-sha checkout onto a local branch[0m
2026-04-28T21:57:52.7076735Z [36;1m# tracking main so the later `git push HEAD:main` has somewhere[0m
2026-04-28T21:57:52.7077147Z [36;1m# to go. Fetch the latest main first so we bump from the tip the[0m
2026-04-28T21:57:52.7077571Z [36;1m# push will target — otherwise a concurrent PR's bump from a[0m
2026-04-28T21:57:52.7077972Z [36;1m# queued run ahead of us would get overwritten.[0m
2026-04-28T21:57:52.7078266Z [36;1mgit fetch origin main[0m
2026-04-28T21:57:52.7078504Z [36;1mgit checkout -B main origin/main[0m
2026-04-28T21:57:52.7078745Z [36;1m[0m
2026-04-28T21:57:52.7079075Z [36;1mCURRENT_CODE=$(grep -oP 'versionCode\s*=\s*\K[0-9]+' app/build.gradle.kts | head -1)[0m
2026-04-28T21:57:52.7079495Z [36;1mNEW_CODE=$(( CURRENT_CODE + 1 ))[0m
2026-04-28T21:57:52.7079904Z [36;1msed -i "s/versionCode = [0-9]*/versionCode = $NEW_CODE/" app/build.gradle.kts[0m
2026-04-28T21:57:52.7080260Z [36;1m[0m
2026-04-28T21:57:52.7080736Z [36;1mCURRENT_NAME=$(grep -oP 'versionName\s*=\s*"\K[^"]+' app/build.gradle.kts | head -1)[0m
2026-04-28T21:57:52.7081177Z [36;1mMAJOR=$(echo "$CURRENT_NAME" | cut -d. -f1)[0m
2026-04-28T21:57:52.7081480Z [36;1mMINOR=$(echo "$CURRENT_NAME" | cut -d. -f2)[0m
2026-04-28T21:57:52.7081770Z [36;1mPATCH=$(echo "$CURRENT_NAME" | cut -d. -f3)[0m
2026-04-28T21:57:52.7082045Z [36;1mNEW_PATCH=$(( PATCH + 1 ))[0m
2026-04-28T21:57:52.7082720Z [36;1mNEW_NAME="${MAJOR}.${MINOR}.${NEW_PATCH}"[0m
2026-04-28T21:57:52.7083181Z [36;1msed -i "s/versionName = \"${CURRENT_NAME}\"/versionName = \"${NEW_NAME}\"/" app/build.gradle.kts[0m
2026-04-28T21:57:52.7083602Z [36;1m[0m
2026-04-28T21:57:52.7083827Z [36;1mecho "version_name=$NEW_NAME" >> "$GITHUB_OUTPUT"[0m
2026-04-28T21:57:52.7084161Z [36;1mecho "version_code=$NEW_CODE" >> "$GITHUB_OUTPUT"[0m
2026-04-28T21:57:52.7084498Z [36;1mecho "Bumping to v$NEW_NAME (build $NEW_CODE)"[0m
2026-04-28T21:57:52.7105758Z shell: /usr/bin/bash -e {0}
2026-04-28T21:57:52.7105996Z ##[endgroup]
2026-04-28T21:57:53.1394313Z From https://github.com/averycorp/prismTask
2026-04-28T21:57:53.1394844Z  * branch              main       -> FETCH_HEAD
2026-04-28T21:57:53.3325654Z Switched to a new branch 'main'
2026-04-28T21:57:53.3326361Z branch 'main' set up to track 'origin/main'.
2026-04-28T21:57:53.3461844Z Bumping to v1.7.85 (build 785)
2026-04-28T21:57:53.3514034Z ##[group]Run set -euo pipefail
2026-04-28T21:57:53.3514353Z [36;1mset -euo pipefail[0m
2026-04-28T21:57:53.3514740Z [36;1mgit config --local user.email "github-actions[bot]@users.noreply.github.com"[0m
2026-04-28T21:57:53.3515206Z [36;1mgit config --local user.name "github-actions[bot]"[0m
2026-04-28T21:57:53.3515523Z [36;1mgit add app/build.gradle.kts[0m
2026-04-28T21:57:53.3515794Z [36;1mif git diff --cached --quiet; then[0m
2026-04-28T21:57:53.3516062Z [36;1m  echo "No version bump to commit"[0m
2026-04-28T21:57:53.3516305Z [36;1m  exit 0[0m
2026-04-28T21:57:53.3516479Z [36;1mfi[0m
2026-04-28T21:57:53.3516747Z [36;1mgit commit -m "chore: bump to v1.7.85 (build 785) [skip ci]"[0m
2026-04-28T21:57:53.3517187Z [36;1m# Another PR merge can push to main while this job is running,[0m
2026-04-28T21:57:53.3517600Z [36;1m# so a straight `git push` here races and silently loses the[0m
2026-04-28T21:57:53.3518057Z [36;1m# bump commit. Rebase onto the current main tip and retry on rejection.[0m
2026-04-28T21:57:53.3518430Z [36;1mfor attempt in 1 2 3 4 5; do[0m
2026-04-28T21:57:53.3518694Z [36;1m  if git push origin HEAD:main; then[0m
2026-04-28T21:57:53.3519015Z [36;1m    echo "Pushed version bump on attempt $attempt"[0m
2026-04-28T21:57:53.3519300Z [36;1m    exit 0[0m
2026-04-28T21:57:53.3519475Z [36;1m  fi[0m
2026-04-28T21:57:53.3519796Z [36;1m  echo "Push rejected on attempt $attempt; rebasing onto origin/main and retrying"[0m
2026-04-28T21:57:53.3520195Z [36;1m  git fetch origin main[0m
2026-04-28T21:57:53.3520438Z [36;1m  if ! git rebase origin/main; then[0m
2026-04-28T21:57:53.3520706Z [36;1m    git rebase --abort || true[0m
2026-04-28T21:57:53.3521062Z [36;1m    echo "::error::Rebase conflict while replaying version bump; aborting."[0m
2026-04-28T21:57:53.3521417Z [36;1m    exit 1[0m
2026-04-28T21:57:53.3521591Z [36;1m  fi[0m
2026-04-28T21:57:53.3521768Z [36;1m  sleep $((attempt * 2))[0m
2026-04-28T21:57:53.3521983Z [36;1mdone[0m
2026-04-28T21:57:53.3522548Z [36;1mecho "::error::Failed to push version bump after 5 attempts."[0m
2026-04-28T21:57:53.3522888Z [36;1mexit 1[0m
2026-04-28T21:57:53.3543644Z shell: /usr/bin/bash -e {0}
2026-04-28T21:57:53.3543873Z ##[endgroup]
2026-04-28T21:57:53.3750528Z [main 40a3955d] chore: bump to v1.7.85 (build 785) [skip ci]
2026-04-28T21:57:53.3750972Z  1 file changed, 2 insertions(+), 2 deletions(-)
2026-04-28T21:57:53.6543873Z remote: Permission to averycorp/prismTask.git denied to akarlin3.
2026-04-28T21:57:53.6545152Z fatal: unable to access 'https://github.com/averycorp/prismTask/': The requested URL returned error: 403
2026-04-28T21:57:53.6562774Z Push rejected on attempt 1; rebasing onto origin/main and retrying
2026-04-28T21:57:54.0488766Z From https://github.com/averycorp/prismTask
2026-04-28T21:57:54.0489356Z  * branch              main       -> FETCH_HEAD
2026-04-28T21:57:54.0586392Z Current branch main is up to date.
2026-04-28T21:57:56.3061394Z remote: Permission to averycorp/prismTask.git denied to akarlin3.
2026-04-28T21:57:56.3062688Z fatal: unable to access 'https://github.com/averycorp/prismTask/': The requested URL returned error: 403
2026-04-28T21:57:56.3079771Z Push rejected on attempt 2; rebasing onto origin/main and retrying
2026-04-28T21:57:56.6864958Z From https://github.com/averycorp/prismTask
2026-04-28T21:57:56.6865384Z  * branch              main       -> FETCH_HEAD
2026-04-28T21:57:56.6949231Z Current branch main is up to date.
2026-04-28T21:58:00.9647837Z remote: Permission to averycorp/prismTask.git denied to akarlin3.
2026-04-28T21:58:00.9648772Z fatal: unable to access 'https://github.com/averycorp/prismTask/': The requested URL returned error: 403
2026-04-28T21:58:00.9667213Z Push rejected on attempt 3; rebasing onto origin/main and retrying
2026-04-28T21:58:01.4076904Z From https://github.com/averycorp/prismTask
2026-04-28T21:58:01.4077454Z  * branch              main       -> FETCH_HEAD
2026-04-28T21:58:01.4167544Z Current branch main is up to date.
2026-04-28T21:58:07.6787028Z remote: Permission to averycorp/prismTask.git denied to akarlin3.
2026-04-28T21:58:07.6787906Z fatal: unable to access 'https://github.com/averycorp/prismTask/': The requested URL returned error: 403
2026-04-28T21:58:07.6805803Z Push rejected on attempt 4; rebasing onto origin/main and retrying
2026-04-28T21:58:08.0263067Z From https://github.com/averycorp/prismTask
2026-04-28T21:58:08.0263606Z  * branch              main       -> FETCH_HEAD
2026-04-28T21:58:08.0350737Z Current branch main is up to date.
2026-04-28T21:58:16.2961303Z remote: Permission to averycorp/prismTask.git denied to akarlin3.
2026-04-28T21:58:16.2962516Z fatal: unable to access 'https://github.com/averycorp/prismTask/': The requested URL returned error: 403
2026-04-28T21:58:16.2981713Z Push rejected on attempt 5; rebasing onto origin/main and retrying
2026-04-28T21:58:16.6433091Z From https://github.com/averycorp/prismTask
2026-04-28T21:58:16.6433733Z  * branch              main       -> FETCH_HEAD
2026-04-28T21:58:16.6521563Z Current branch main is up to date.
2026-04-28T21:58:26.6575128Z ##[error]Failed to push version bump after 5 attempts.
2026-04-28T21:58:26.6584409Z ##[error]Process completed with exit code 1.
2026-04-28T21:58:26.6695836Z Post job cleanup.
2026-04-28T21:58:26.7716844Z [command]/usr/bin/git version
2026-04-28T21:58:26.7755676Z git version 2.53.0
2026-04-28T21:58:26.7810283Z Temporarily overriding HOME='/home/runner/work/_temp/f19df21f-75af-4ef5-bec9-478ad4f7c02c' before making global git config changes
2026-04-28T21:58:26.7811619Z Adding repository directory to the temporary git global config as a safe directory
2026-04-28T21:58:26.7817244Z [command]/usr/bin/git config --global --add safe.directory /home/runner/work/prismTask/prismTask
2026-04-28T21:58:26.7854054Z [command]/usr/bin/git config --local --name-only --get-regexp core\.sshCommand
2026-04-28T21:58:26.7887705Z [command]/usr/bin/git submodule foreach --recursive sh -c "git config --local --name-only --get-regexp 'core\.sshCommand' && git config --local --unset-all 'core.sshCommand' || :"
2026-04-28T21:58:26.8118305Z [command]/usr/bin/git config --local --name-only --get-regexp http\.https\:\/\/github\.com\/\.extraheader
2026-04-28T21:58:26.8141655Z http.https://github.com/.extraheader
2026-04-28T21:58:26.8157343Z [command]/usr/bin/git config --local --unset-all http.https://github.com/.extraheader
2026-04-28T21:58:26.8190021Z [command]/usr/bin/git submodule foreach --recursive sh -c "git config --local --name-only --get-regexp 'http\.https\:\/\/github\.com\/\.extraheader' && git config --local --unset-all 'http.https://github.com/.extraheader' || :"
2026-04-28T21:58:26.8417255Z [command]/usr/bin/git config --local --name-only --get-regexp ^includeIf\.gitdir:
2026-04-28T21:58:26.8451080Z [command]/usr/bin/git submodule foreach --recursive git config --local --show-origin --name-only --get-regexp remote.origin.url
2026-04-28T21:58:26.8829261Z Cleaning up orphan processes
2026-04-28T21:58:26.9266712Z ##[warning]Node.js 20 actions are deprecated. The following actions are running on Node.js 20 and may not work as expected: actions/checkout@v4. Actions will be forced to run with Node.js 24 by default starting June 2nd, 2026. Node.js 20 will be removed from the runner on September 16th, 2026. Please check if updated versions of these actions are available that support Node.js 24. To opt into Node.js 24 now, set the FORCE_JAVASCRIPT_ACTIONS_TO_NODE24=true environment variable on the runner or in your workflow file. Once Node.js 24 becomes the default, you can temporarily opt out by setting ACTIONS_ALLOW_USE_UNSECURE_NODE_VERSION=true. For more information see: https://github.blog/changelog/2025-09-19-deprecation-of-node-20-on-github-actions-runners/
