=== CI FAILURE ===
Workflow:      Version Bump & Tag
Workflow file: averycorp/prismTask/.github/workflows/version-bump-and-tag.yml@refs/heads/main
Job(s):        Version Bump & Tag
Run ID:        25081865298
Run attempt:   1
Run URL:       https://github.com/averycorp/prismTask/actions/runs/25081865298
Commit:        7990fcb3b7fcc53c23f2fa6f2926dd15181655b2
Branch:        main
Event:         workflow_run
Actor:         akarlin3
Runner OS:     Linux
Timestamp:     2026-04-28T22:55:43.940Z

Failed steps:
  - Version Bump & Tag: #6 Commit version bump

=== FAILED JOB LOG ===

--- Job: Version Bump & Tag (id 73488578760) ---
2026-04-28T22:54:40.4851823Z Current runner version: '2.334.0'
2026-04-28T22:54:40.4877125Z ##[group]Runner Image Provisioner
2026-04-28T22:54:40.4877982Z Hosted Compute Agent
2026-04-28T22:54:40.4878626Z Version: 20260213.493
2026-04-28T22:54:40.4879239Z Commit: 5c115507f6dd24b8de37d8bbe0bb4509d0cc0fa3
2026-04-28T22:54:40.4879952Z Build Date: 2026-02-13T00:28:41Z
2026-04-28T22:54:40.4880651Z Worker ID: {73143c84-11ea-470c-aa7a-a35942c92789}
2026-04-28T22:54:40.4881378Z Azure Region: eastus
2026-04-28T22:54:40.4882126Z ##[endgroup]
2026-04-28T22:54:40.4884085Z ##[group]Operating System
2026-04-28T22:54:40.4884811Z Ubuntu
2026-04-28T22:54:40.4885297Z 24.04.4
2026-04-28T22:54:40.4885708Z LTS
2026-04-28T22:54:40.4886295Z ##[endgroup]
2026-04-28T22:54:40.4886766Z ##[group]Runner Image
2026-04-28T22:54:40.4887308Z Image: ubuntu-24.04
2026-04-28T22:54:40.4887920Z Version: 20260413.86.1
2026-04-28T22:54:40.4889086Z Included Software: https://github.com/actions/runner-images/blob/ubuntu24/20260413.86/images/ubuntu/Ubuntu2404-Readme.md
2026-04-28T22:54:40.4890624Z Image Release: https://github.com/actions/runner-images/releases/tag/ubuntu24%2F20260413.86
2026-04-28T22:54:40.4891526Z ##[endgroup]
2026-04-28T22:54:40.4893138Z ##[group]GITHUB_TOKEN Permissions
2026-04-28T22:54:40.4895350Z Actions: write
2026-04-28T22:54:40.4895889Z Contents: write
2026-04-28T22:54:40.4896518Z Metadata: read
2026-04-28T22:54:40.4897047Z PullRequests: read
2026-04-28T22:54:40.4897567Z ##[endgroup]
2026-04-28T22:54:40.4900151Z Secret source: Actions
2026-04-28T22:54:40.4901087Z Prepare workflow directory
2026-04-28T22:54:40.5226479Z Prepare all required actions
2026-04-28T22:54:40.5263771Z Getting action download info
2026-04-28T22:54:40.8229856Z Download action repository 'actions/checkout@v4' (SHA:34e114876b0b11c390a56381ad16ebd13914f8d5)
2026-04-28T22:54:41.0388994Z Complete job name: Version Bump & Tag
2026-04-28T22:54:41.1048114Z ##[group]Run set -euo pipefail
2026-04-28T22:54:41.1048772Z [36;1mset -euo pipefail[0m
2026-04-28T22:54:41.1049341Z [36;1mif [ "$EVENT_NAME" = "workflow_dispatch" ]; then[0m
2026-04-28T22:54:41.1050135Z [36;1m  # Manual dispatch path — use the input if provided, otherwise[0m
2026-04-28T22:54:41.1050892Z [36;1m  # walk the latest merged PR on main and target that.[0m
2026-04-28T22:54:41.1051504Z [36;1m  if [ -n "$DISPATCH_PR" ]; then[0m
2026-04-28T22:54:41.1052275Z [36;1m    echo "pr_number=$DISPATCH_PR" >> "$GITHUB_OUTPUT"[0m
2026-04-28T22:54:41.1052913Z [36;1m    echo "found=true" >> "$GITHUB_OUTPUT"[0m
2026-04-28T22:54:41.1053542Z [36;1m    echo "Using PR #$DISPATCH_PR from dispatch input."[0m
2026-04-28T22:54:41.1054110Z [36;1m    exit 0[0m
2026-04-28T22:54:41.1054503Z [36;1m  fi[0m
2026-04-28T22:54:41.1055063Z [36;1m  PR_NUMBER=$(gh pr list --repo "$REPO" --state merged --base main \[0m
2026-04-28T22:54:41.1055882Z [36;1m    --limit 1 --json number -q '.[0].number // empty')[0m
2026-04-28T22:54:41.1056482Z [36;1m  if [ -z "$PR_NUMBER" ]; then[0m
2026-04-28T22:54:41.1057184Z [36;1m    echo "::warning::No merged PRs found on main. Cannot resolve PR; skipping."[0m
2026-04-28T22:54:41.1057955Z [36;1m    echo "found=false" >> "$GITHUB_OUTPUT"[0m
2026-04-28T22:54:41.1058471Z [36;1m    exit 0[0m
2026-04-28T22:54:41.1058869Z [36;1m  fi[0m
2026-04-28T22:54:41.1059335Z [36;1m  echo "pr_number=$PR_NUMBER" >> "$GITHUB_OUTPUT"[0m
2026-04-28T22:54:41.1059932Z [36;1m  echo "found=true" >> "$GITHUB_OUTPUT"[0m
2026-04-28T22:54:41.1060636Z [36;1m  echo "Resolved most-recent merged PR #$PR_NUMBER for dispatch run."[0m
2026-04-28T22:54:41.1061303Z [36;1m  exit 0[0m
2026-04-28T22:54:41.1061680Z [36;1mfi[0m
2026-04-28T22:54:41.1062357Z [36;1m[0m
2026-04-28T22:54:41.1062849Z [36;1m# Path 1 — fast path: pull_requests was populated.[0m
2026-04-28T22:54:41.1063587Z [36;1mPR_NUMBER=$(echo "$PR_JSON" | jq -r '.[0].number // empty')[0m
2026-04-28T22:54:41.1064235Z [36;1mif [ -n "$PR_NUMBER" ]; then[0m
2026-04-28T22:54:41.1064886Z [36;1m  echo "pr_number=$PR_NUMBER" >> "$GITHUB_OUTPUT"[0m
2026-04-28T22:54:41.1065695Z [36;1m  echo "found=true" >> "$GITHUB_OUTPUT"[0m
2026-04-28T22:54:41.1066752Z [36;1m  echo "Resolved PR #$PR_NUMBER from workflow_run payload."[0m
2026-04-28T22:54:41.1067438Z [36;1m  exit 0[0m
2026-04-28T22:54:41.1067818Z [36;1mfi[0m
2026-04-28T22:54:41.1068300Z [36;1m[0m
2026-04-28T22:54:41.1068800Z [36;1m# Path 2 — fallback: look the PR up by HEAD SHA. Works in both[0m
2026-04-28T22:54:41.1069561Z [36;1m# the pre-merge case (auto-merge.yml fires before the squash[0m
2026-04-28T22:54:41.1070358Z [36;1m# actually happens; the open PR still has this commit at its[0m
2026-04-28T22:54:41.1071144Z [36;1m# head) and the post-merge case (GitHub keeps the commit→PR[0m
2026-04-28T22:54:41.1072045Z [36;1m# mapping after squash, so we still resolve correctly even if[0m
2026-04-28T22:54:41.1072836Z [36;1m# the source branch was deleted). The downstream "Wait for PR[0m
2026-04-28T22:54:41.1073580Z [36;1m# to merge" step handles the timing — we only need the PR[0m
2026-04-28T22:54:41.1074212Z [36;1m# number here, not its merge state.[0m
2026-04-28T22:54:41.1074711Z [36;1m#[0m
2026-04-28T22:54:41.1075229Z [36;1m# Deliberately NOT falling back to "most recent merged PR" —[0m
2026-04-28T22:54:41.1075986Z [36;1m# that race-condition-bumps a previously-merged PR if[0m
2026-04-28T22:54:41.1076661Z [36;1m# workflow_run fires before the queued merge lands.[0m
2026-04-28T22:54:41.1077240Z [36;1mif [ -z "$HEAD_SHA" ]; then[0m
2026-04-28T22:54:41.1077933Z [36;1m  echo "::warning::workflow_run.head_sha is empty; cannot resolve PR. Skipping."[0m
2026-04-28T22:54:41.1078699Z [36;1m  echo "found=false" >> "$GITHUB_OUTPUT"[0m
2026-04-28T22:54:41.1079211Z [36;1m  exit 0[0m
2026-04-28T22:54:41.1079572Z [36;1mfi[0m
2026-04-28T22:54:41.1080096Z [36;1m# Capture the API response separately instead of piping through[0m
2026-04-28T22:54:41.1081061Z [36;1m# `gh api --jq` directly. Under `set -euo pipefail`, an empty or[0m
2026-04-28T22:54:41.1081794Z [36;1m# non-JSON response body crashes the embedded jq with[0m
2026-04-28T22:54:41.1082631Z [36;1m# `unexpected end of JSON input` and aborts the whole script[0m
2026-04-28T22:54:41.1083397Z [36;1m# before the empty-result branch below can fire — observed on[0m
2026-04-28T22:54:41.1084142Z [36;1m# PR #857's post-merge run, which silently dropped the version[0m
2026-04-28T22:54:41.1084875Z [36;1m# bump on the floor. The retry loop covers the indexing-lag[0m
2026-04-28T22:54:41.1085600Z [36;1m# window where `commits/{sha}/pulls` returns `[]` for a few[0m
2026-04-28T22:54:41.1086267Z [36;1m# seconds after the squash-merge push lands.[0m
2026-04-28T22:54:41.1086805Z [36;1mPR_NUMBER=""[0m
2026-04-28T22:54:41.1087218Z [36;1mfor attempt in 1 2 3; do[0m
2026-04-28T22:54:41.1087694Z [36;1m  RESPONSE=$(gh api \[0m
2026-04-28T22:54:41.1088208Z [36;1m    "repos/$REPO/commits/$HEAD_SHA/pulls" \[0m
2026-04-28T22:54:41.1088921Z [36;1m    -H "Accept: application/vnd.github+json" 2>/dev/null || echo "[]")[0m
2026-04-28T22:54:41.1089659Z [36;1m  PR_NUMBER=$(printf '%s' "$RESPONSE" | jq -r '[0m
2026-04-28T22:54:41.1090267Z [36;1m    if type == "array" and length > 0 then[0m
2026-04-28T22:54:41.1090880Z [36;1m      (sort_by(.number) | reverse | .[0].number // empty)[0m
2026-04-28T22:54:41.1091463Z [36;1m    else empty end[0m
2026-04-28T22:54:41.1092014Z [36;1m  ' 2>/dev/null || echo "")[0m
2026-04-28T22:54:41.1092503Z [36;1m  [ -n "$PR_NUMBER" ] && break[0m
2026-04-28T22:54:41.1093245Z [36;1m  echo "commits/$HEAD_SHA/pulls returned no PR (attempt $attempt/3); sleeping 5s..."[0m
2026-04-28T22:54:41.1093975Z [36;1m  sleep 5[0m
2026-04-28T22:54:41.1094363Z [36;1mdone[0m
2026-04-28T22:54:41.1094751Z [36;1mif [ -z "$PR_NUMBER" ]; then[0m
2026-04-28T22:54:41.1095549Z [36;1m  echo "::warning::No PR found for commit $HEAD_SHA via commits/{sha}/pulls after 3 attempts. Skipping."[0m
2026-04-28T22:54:41.1096508Z [36;1m  echo "found=false" >> "$GITHUB_OUTPUT"[0m
2026-04-28T22:54:41.1097030Z [36;1m  exit 0[0m
2026-04-28T22:54:41.1097392Z [36;1mfi[0m
2026-04-28T22:54:41.1097996Z [36;1mecho "pr_number=$PR_NUMBER" >> "$GITHUB_OUTPUT"[0m
2026-04-28T22:54:41.1098593Z [36;1mecho "found=true" >> "$GITHUB_OUTPUT"[0m
2026-04-28T22:54:41.1099295Z [36;1mecho "Resolved PR #$PR_NUMBER from commits/$HEAD_SHA/pulls fallback."[0m
2026-04-28T22:54:41.1126040Z shell: /usr/bin/bash -e {0}
2026-04-28T22:54:41.1126937Z env:
2026-04-28T22:54:41.1127548Z   GH_TOKEN: ***
2026-04-28T22:54:41.1127971Z   REPO: averycorp/prismTask
2026-04-28T22:54:41.1128436Z   EVENT_NAME: workflow_run
2026-04-28T22:54:41.1128869Z   PR_JSON: []
2026-04-28T22:54:41.1129323Z   HEAD_SHA: 8ab64f421fd51fff6dc82d2823a2e52260bd3cd3
2026-04-28T22:54:41.1129892Z   DISPATCH_PR: 
2026-04-28T22:54:41.1130256Z ##[endgroup]
2026-04-28T22:54:41.4832729Z Resolved PR #924 from commits/8ab64f421fd51fff6dc82d2823a2e52260bd3cd3/pulls fallback.
2026-04-28T22:54:41.5031531Z ##[group]Run set -euo pipefail
2026-04-28T22:54:41.5032918Z [36;1mset -euo pipefail[0m
2026-04-28T22:54:41.5034101Z [36;1m# gh pr merge --auto may queue the merge until required checks[0m
2026-04-28T22:54:41.5035494Z [36;1m# pass. Poll until MERGED, CLOSED, or timeout.[0m
2026-04-28T22:54:41.5036525Z [36;1m#[0m
2026-04-28T22:54:41.5037424Z [36;1m# Audit PR #876 → CI pathway efficiency: ceiling raised[0m
2026-04-28T22:54:41.5038854Z [36;1m# 60→120 attempts × 10s = 20 min. Real Android PRs (PR #851[0m
2026-04-28T22:54:41.5040300Z [36;1m# took 37 min from open to merge; PR #859 took 14 min) can[0m
2026-04-28T22:54:41.5041705Z [36;1m# exceed the prior 10-min ceiling because auto-merge.yml[0m
2026-04-28T22:54:41.5043353Z [36;1m# queues on slow lane completion. A silently-dropped bump[0m
2026-04-28T22:54:41.5044859Z [36;1m# (memory `feedback_skip_ci_blocks_tag_release.md`) requires a[0m
2026-04-28T22:54:41.5046489Z [36;1m# manual `gh workflow run release.yml --ref vX.Y.Z` re-fire,[0m
2026-04-28T22:54:41.5047941Z [36;1m# which is a real recovery cost. 20 min covers all observed[0m
2026-04-28T22:54:41.5049344Z [36;1m# PR lifecycles in the audit window without expanding[0m
2026-04-28T22:54:41.5051055Z [36;1m# workflow_run resource cost meaningfully (idle polling).[0m
2026-04-28T22:54:41.5052561Z [36;1mfor i in $(seq 1 120); do[0m
2026-04-28T22:54:41.5054132Z [36;1m  STATE=$(gh pr view "$PR_NUMBER" --repo "$REPO" --json state -q '.state')[0m
2026-04-28T22:54:41.5055866Z [36;1m  case "$STATE" in[0m
2026-04-28T22:54:41.5056894Z [36;1m    MERGED)[0m
2026-04-28T22:54:41.5058355Z [36;1m      MERGE_SHA=$(gh pr view "$PR_NUMBER" --repo "$REPO" --json mergeCommit -q '.mergeCommit.oid')[0m
2026-04-28T22:54:41.5059985Z [36;1m      echo "merged=true" >> "$GITHUB_OUTPUT"[0m
2026-04-28T22:54:41.5061214Z [36;1m      echo "merge_sha=$MERGE_SHA" >> "$GITHUB_OUTPUT"[0m
2026-04-28T22:54:41.5062595Z [36;1m      echo "PR merged at $MERGE_SHA"[0m
2026-04-28T22:54:41.5063918Z [36;1m      exit 0[0m
2026-04-28T22:54:41.5064702Z [36;1m      ;;[0m
2026-04-28T22:54:41.5065429Z [36;1m    CLOSED)[0m
2026-04-28T22:54:41.5066326Z [36;1m      echo "merged=false" >> "$GITHUB_OUTPUT"[0m
2026-04-28T22:54:41.5067586Z [36;1m      echo "PR closed without merging — skipping bump."[0m
2026-04-28T22:54:41.5068788Z [36;1m      exit 0[0m
2026-04-28T22:54:41.5069582Z [36;1m      ;;[0m
2026-04-28T22:54:41.5070313Z [36;1m    *)[0m
2026-04-28T22:54:41.5071289Z [36;1m      echo "PR state=$STATE (attempt $i/120); sleeping 10s..."[0m
2026-04-28T22:54:41.5072753Z [36;1m      sleep 10[0m
2026-04-28T22:54:41.5073555Z [36;1m      ;;[0m
2026-04-28T22:54:41.5074270Z [36;1m  esac[0m
2026-04-28T22:54:41.5074958Z [36;1mdone[0m
2026-04-28T22:54:41.5075757Z [36;1mecho "merged=false" >> "$GITHUB_OUTPUT"[0m
2026-04-28T22:54:41.5077205Z [36;1mecho "::warning::PR did not reach MERGED within 20 minutes — skipping bump."[0m
2026-04-28T22:54:41.5112291Z shell: /usr/bin/bash -e {0}
2026-04-28T22:54:41.5113198Z env:
2026-04-28T22:54:41.5114215Z   GH_TOKEN: ***
2026-04-28T22:54:41.5114924Z   PR_NUMBER: 924
2026-04-28T22:54:41.5115664Z   REPO: averycorp/prismTask
2026-04-28T22:54:41.5116763Z ##[endgroup]
2026-04-28T22:54:41.9858902Z PR merged at 7990fcb3b7fcc53c23f2fa6f2926dd15181655b2
2026-04-28T22:54:42.0121123Z ##[group]Run actions/checkout@v4
2026-04-28T22:54:42.0122536Z with:
2026-04-28T22:54:42.0124704Z   token: ***
2026-04-28T22:54:42.0125662Z   ref: 7990fcb3b7fcc53c23f2fa6f2926dd15181655b2
2026-04-28T22:54:42.0126890Z   fetch-depth: 0
2026-04-28T22:54:42.0127815Z   repository: averycorp/prismTask
2026-04-28T22:54:42.0128894Z   ssh-strict: true
2026-04-28T22:54:42.0129765Z   ssh-user: git
2026-04-28T22:54:42.0130640Z   persist-credentials: true
2026-04-28T22:54:42.0131630Z   clean: true
2026-04-28T22:54:42.0132687Z   sparse-checkout-cone-mode: true
2026-04-28T22:54:42.0133780Z   fetch-tags: false
2026-04-28T22:54:42.0134669Z   show-progress: true
2026-04-28T22:54:42.0135549Z   lfs: false
2026-04-28T22:54:42.0136371Z   submodules: false
2026-04-28T22:54:42.0137245Z   set-safe-directory: true
2026-04-28T22:54:42.0138177Z ##[endgroup]
2026-04-28T22:54:42.1246322Z Syncing repository: averycorp/prismTask
2026-04-28T22:54:42.1249145Z ##[group]Getting Git version info
2026-04-28T22:54:42.1250625Z Working directory is '/home/runner/work/prismTask/prismTask'
2026-04-28T22:54:42.1252969Z [command]/usr/bin/git version
2026-04-28T22:54:42.1294878Z git version 2.53.0
2026-04-28T22:54:42.1319952Z ##[endgroup]
2026-04-28T22:54:42.1335132Z Temporarily overriding HOME='/home/runner/work/_temp/387dc789-01c1-4c68-a5e0-0435e0e3cf94' before making global git config changes
2026-04-28T22:54:42.1340381Z Adding repository directory to the temporary git global config as a safe directory
2026-04-28T22:54:42.1343087Z [command]/usr/bin/git config --global --add safe.directory /home/runner/work/prismTask/prismTask
2026-04-28T22:54:42.1374957Z Deleting the contents of '/home/runner/work/prismTask/prismTask'
2026-04-28T22:54:42.1378555Z ##[group]Initializing the repository
2026-04-28T22:54:42.1382613Z [command]/usr/bin/git init /home/runner/work/prismTask/prismTask
2026-04-28T22:54:42.1466237Z hint: Using 'master' as the name for the initial branch. This default branch name
2026-04-28T22:54:42.1469971Z hint: will change to "main" in Git 3.0. To configure the initial branch name
2026-04-28T22:54:42.1473568Z hint: to use in all of your new repositories, which will suppress this warning,
2026-04-28T22:54:42.1475962Z hint: call:
2026-04-28T22:54:42.1477109Z hint:
2026-04-28T22:54:42.1478564Z hint: 	git config --global init.defaultBranch <name>
2026-04-28T22:54:42.1480466Z hint:
2026-04-28T22:54:42.1482377Z hint: Names commonly chosen instead of 'master' are 'main', 'trunk' and
2026-04-28T22:54:42.1485417Z hint: 'development'. The just-created branch can be renamed via this command:
2026-04-28T22:54:42.1487002Z hint:
2026-04-28T22:54:42.1487805Z hint: 	git branch -m <name>
2026-04-28T22:54:42.1488733Z hint:
2026-04-28T22:54:42.1490112Z hint: Disable this message with "git config set advice.defaultBranchName false"
2026-04-28T22:54:42.1493591Z Initialized empty Git repository in /home/runner/work/prismTask/prismTask/.git/
2026-04-28T22:54:42.1497668Z [command]/usr/bin/git remote add origin https://github.com/averycorp/prismTask
2026-04-28T22:54:42.1512159Z ##[endgroup]
2026-04-28T22:54:42.1514449Z ##[group]Disabling automatic garbage collection
2026-04-28T22:54:42.1516658Z [command]/usr/bin/git config --local gc.auto 0
2026-04-28T22:54:42.1546908Z ##[endgroup]
2026-04-28T22:54:42.1549019Z ##[group]Setting up auth
2026-04-28T22:54:42.1554473Z [command]/usr/bin/git config --local --name-only --get-regexp core\.sshCommand
2026-04-28T22:54:42.1588280Z [command]/usr/bin/git submodule foreach --recursive sh -c "git config --local --name-only --get-regexp 'core\.sshCommand' && git config --local --unset-all 'core.sshCommand' || :"
2026-04-28T22:54:42.1882484Z [command]/usr/bin/git config --local --name-only --get-regexp http\.https\:\/\/github\.com\/\.extraheader
2026-04-28T22:54:42.1916280Z [command]/usr/bin/git submodule foreach --recursive sh -c "git config --local --name-only --get-regexp 'http\.https\:\/\/github\.com\/\.extraheader' && git config --local --unset-all 'http.https://github.com/.extraheader' || :"
2026-04-28T22:54:42.2151768Z [command]/usr/bin/git config --local --name-only --get-regexp ^includeIf\.gitdir:
2026-04-28T22:54:42.2185039Z [command]/usr/bin/git submodule foreach --recursive git config --local --show-origin --name-only --get-regexp remote.origin.url
2026-04-28T22:54:42.2418998Z [command]/usr/bin/git config --local http.https://github.com/.extraheader AUTHORIZATION: basic ***
2026-04-28T22:54:42.2453716Z ##[endgroup]
2026-04-28T22:54:42.2455836Z ##[group]Fetching the repository
2026-04-28T22:54:42.2464674Z [command]/usr/bin/git -c protocol.version=2 fetch --prune --no-recurse-submodules origin +refs/heads/*:refs/remotes/origin/* +refs/tags/*:refs/tags/*
2026-04-28T22:55:00.6416755Z From https://github.com/averycorp/prismTask
2026-04-28T22:55:00.6417385Z  * [new branch]        ci-logs         -> origin/ci-logs
2026-04-28T22:55:00.6417847Z  * [new branch]        main            -> origin/main
2026-04-28T22:55:00.6423212Z  * [new branch]        v0.1.0-legacy   -> origin/v0.1.0-legacy
2026-04-28T22:55:00.6424078Z  * [new branch]        v0.2.0-legacy   -> origin/v0.2.0-legacy
2026-04-28T22:55:00.6425198Z  * [new branch]        v0.3.0-legacy   -> origin/v0.3.0-legacy
2026-04-28T22:55:00.6425971Z  * [new branch]        v0.4.0-legacy   -> origin/v0.4.0-legacy
2026-04-28T22:55:00.6426551Z  * [new branch]        v0.5.0-legacy   -> origin/v0.5.0-legacy
2026-04-28T22:55:00.6427112Z  * [new branch]        v0.6.0-legacy   -> origin/v0.6.0-legacy
2026-04-28T22:55:00.6427682Z  * [new branch]        v0.7.0-legacy   -> origin/v0.7.0-legacy
2026-04-28T22:55:00.6428206Z  * [new tag]           v0.1.0          -> v0.1.0
2026-04-28T22:55:00.6428678Z  * [new tag]           v0.2.0          -> v0.2.0
2026-04-28T22:55:00.6429136Z  * [new tag]           v0.3.0          -> v0.3.0
2026-04-28T22:55:00.6429593Z  * [new tag]           v0.4.0          -> v0.4.0
2026-04-28T22:55:00.6521116Z  * [new tag]           v0.5.0          -> v0.5.0
2026-04-28T22:55:00.6522800Z  * [new tag]           v0.7.0          -> v0.7.0
2026-04-28T22:55:00.6523344Z  * [new tag]           v0.7.12         -> v0.7.12
2026-04-28T22:55:00.6523836Z  * [new tag]           v0.7.13         -> v0.7.13
2026-04-28T22:55:00.6524285Z  * [new tag]           v0.7.14         -> v0.7.14
2026-04-28T22:55:00.6524718Z  * [new tag]           v0.7.15         -> v0.7.15
2026-04-28T22:55:00.6525203Z  * [new tag]           v0.7.16         -> v0.7.16
2026-04-28T22:55:00.6525706Z  * [new tag]           v0.7.17         -> v0.7.17
2026-04-28T22:55:00.6526197Z  * [new tag]           v0.7.17-build.2 -> v0.7.17-build.2
2026-04-28T22:55:00.6526699Z  * [new tag]           v0.7.17-build.3 -> v0.7.17-build.3
2026-04-28T22:55:00.6527167Z  * [new tag]           v0.7.17-build.4 -> v0.7.17-build.4
2026-04-28T22:55:00.6527643Z  * [new tag]           v0.7.17-build.5 -> v0.7.17-build.5
2026-04-28T22:55:00.6528147Z  * [new tag]           v0.7.17-build.6 -> v0.7.17-build.6
2026-04-28T22:55:00.6528630Z  * [new tag]           v0.7.17-build.7 -> v0.7.17-build.7
2026-04-28T22:55:00.6529108Z  * [new tag]           v0.7.17-build.8 -> v0.7.17-build.8
2026-04-28T22:55:00.6529682Z  * [new tag]           v0.7.17-build.9 -> v0.7.17-build.9
2026-04-28T22:55:00.6530240Z  * [new tag]           v0.7.18         -> v0.7.18
2026-04-28T22:55:00.6530724Z  * [new tag]           v0.7.18-build.2 -> v0.7.18-build.2
2026-04-28T22:55:00.6531204Z  * [new tag]           v0.7.18-build.3 -> v0.7.18-build.3
2026-04-28T22:55:00.6531687Z  * [new tag]           v0.7.18-build.4 -> v0.7.18-build.4
2026-04-28T22:55:00.6532329Z  * [new tag]           v0.7.19         -> v0.7.19
2026-04-28T22:55:00.6532778Z  * [new tag]           v0.7.19-build.2 -> v0.7.19-build.2
2026-04-28T22:55:00.6533236Z  * [new tag]           v0.7.20         -> v0.7.20
2026-04-28T22:55:00.6533692Z  * [new tag]           v0.7.20-build.2 -> v0.7.20-build.2
2026-04-28T22:55:00.6534161Z  * [new tag]           v0.7.20-build.3 -> v0.7.20-build.3
2026-04-28T22:55:00.6534638Z  * [new tag]           v0.7.20-build.4 -> v0.7.20-build.4
2026-04-28T22:55:00.6535476Z  * [new tag]           v0.8.0          -> v0.8.0
2026-04-28T22:55:00.6535951Z  * [new tag]           v0.8.0-build.2  -> v0.8.0-build.2
2026-04-28T22:55:00.6536403Z  * [new tag]           v0.8.1          -> v0.8.1
2026-04-28T22:55:00.6536843Z  * [new tag]           v0.8.10         -> v0.8.10
2026-04-28T22:55:00.6537278Z  * [new tag]           v0.8.11         -> v0.8.11
2026-04-28T22:55:00.6537699Z  * [new tag]           v0.8.12         -> v0.8.12
2026-04-28T22:55:00.6538168Z  * [new tag]           v0.8.13         -> v0.8.13
2026-04-28T22:55:00.6538628Z  * [new tag]           v0.8.14         -> v0.8.14
2026-04-28T22:55:00.6539093Z  * [new tag]           v0.8.15         -> v0.8.15
2026-04-28T22:55:00.6539536Z  * [new tag]           v0.8.2          -> v0.8.2
2026-04-28T22:55:00.6539995Z  * [new tag]           v0.8.3          -> v0.8.3
2026-04-28T22:55:00.6540408Z  * [new tag]           v0.8.4          -> v0.8.4
2026-04-28T22:55:00.6540849Z  * [new tag]           v0.8.5          -> v0.8.5
2026-04-28T22:55:00.6541287Z  * [new tag]           v0.8.6          -> v0.8.6
2026-04-28T22:55:00.6541702Z  * [new tag]           v0.8.7          -> v0.8.7
2026-04-28T22:55:00.6542284Z  * [new tag]           v0.8.8          -> v0.8.8
2026-04-28T22:55:00.6542712Z  * [new tag]           v0.8.9          -> v0.8.9
2026-04-28T22:55:00.6543139Z  * [new tag]           v0.9.1          -> v0.9.1
2026-04-28T22:55:00.6543553Z  * [new tag]           v0.9.2          -> v0.9.2
2026-04-28T22:55:00.6543989Z  * [new tag]           v1.0.1          -> v1.0.1
2026-04-28T22:55:00.6544438Z  * [new tag]           v1.0.10         -> v1.0.10
2026-04-28T22:55:00.6544875Z  * [new tag]           v1.0.11         -> v1.0.11
2026-04-28T22:55:00.6545310Z  * [new tag]           v1.0.12         -> v1.0.12
2026-04-28T22:55:00.6545753Z  * [new tag]           v1.0.13         -> v1.0.13
2026-04-28T22:55:00.6546168Z  * [new tag]           v1.0.2          -> v1.0.2
2026-04-28T22:55:00.6546628Z  * [new tag]           v1.0.3          -> v1.0.3
2026-04-28T22:55:00.6547134Z  * [new tag]           v1.0.4          -> v1.0.4
2026-04-28T22:55:00.6547561Z  * [new tag]           v1.0.5          -> v1.0.5
2026-04-28T22:55:00.6547981Z  * [new tag]           v1.0.6          -> v1.0.6
2026-04-28T22:55:00.6548399Z  * [new tag]           v1.0.7          -> v1.0.7
2026-04-28T22:55:00.6548836Z  * [new tag]           v1.0.8          -> v1.0.8
2026-04-28T22:55:00.6549267Z  * [new tag]           v1.0.9          -> v1.0.9
2026-04-28T22:55:00.6549696Z  * [new tag]           v1.1.1          -> v1.1.1
2026-04-28T22:55:00.6550149Z  * [new tag]           v1.1.1-build.2  -> v1.1.1-build.2
2026-04-28T22:55:00.6550633Z  * [new tag]           v1.1.1-build.3  -> v1.1.1-build.3
2026-04-28T22:55:00.6551113Z  * [new tag]           v1.1.1-build.4  -> v1.1.1-build.4
2026-04-28T22:55:00.6551557Z  * [new tag]           v1.1.10         -> v1.1.10
2026-04-28T22:55:00.6552143Z  * [new tag]           v1.1.11         -> v1.1.11
2026-04-28T22:55:00.6552588Z  * [new tag]           v1.1.12         -> v1.1.12
2026-04-28T22:55:00.6553014Z  * [new tag]           v1.1.2          -> v1.1.2
2026-04-28T22:55:00.6553457Z  * [new tag]           v1.1.3          -> v1.1.3
2026-04-28T22:55:00.6553885Z  * [new tag]           v1.1.4          -> v1.1.4
2026-04-28T22:55:00.6554324Z  * [new tag]           v1.1.5          -> v1.1.5
2026-04-28T22:55:00.6554770Z  * [new tag]           v1.1.6          -> v1.1.6
2026-04-28T22:55:00.6555213Z  * [new tag]           v1.1.7          -> v1.1.7
2026-04-28T22:55:00.6555649Z  * [new tag]           v1.1.8          -> v1.1.8
2026-04-28T22:55:00.6556097Z  * [new tag]           v1.1.9          -> v1.1.9
2026-04-28T22:55:00.6556542Z  * [new tag]           v1.3.0          -> v1.3.0
2026-04-28T22:55:00.6556981Z  * [new tag]           v1.3.1          -> v1.3.1
2026-04-28T22:55:00.6557421Z  * [new tag]           v1.3.10         -> v1.3.10
2026-04-28T22:55:00.6557873Z  * [new tag]           v1.3.11         -> v1.3.11
2026-04-28T22:55:00.6558522Z  * [new tag]           v1.3.11-build.2 -> v1.3.11-build.2
2026-04-28T22:55:00.6559121Z  * [new tag]           v1.3.12         -> v1.3.12
2026-04-28T22:55:00.6559582Z  * [new tag]           v1.3.13         -> v1.3.13
2026-04-28T22:55:00.6560077Z  * [new tag]           v1.3.13-build.2 -> v1.3.13-build.2
2026-04-28T22:55:00.6560554Z  * [new tag]           v1.3.14         -> v1.3.14
2026-04-28T22:55:00.6561025Z  * [new tag]           v1.3.15         -> v1.3.15
2026-04-28T22:55:00.6561479Z  * [new tag]           v1.3.16         -> v1.3.16
2026-04-28T22:55:00.6562089Z  * [new tag]           v1.3.17         -> v1.3.17
2026-04-28T22:55:00.6562586Z  * [new tag]           v1.3.18         -> v1.3.18
2026-04-28T22:55:00.6563081Z  * [new tag]           v1.3.19         -> v1.3.19
2026-04-28T22:55:00.6563527Z  * [new tag]           v1.3.2          -> v1.3.2
2026-04-28T22:55:00.6563978Z  * [new tag]           v1.3.20         -> v1.3.20
2026-04-28T22:55:00.6564437Z  * [new tag]           v1.3.21         -> v1.3.21
2026-04-28T22:55:00.6564897Z  * [new tag]           v1.3.22         -> v1.3.22
2026-04-28T22:55:00.6565335Z  * [new tag]           v1.3.23         -> v1.3.23
2026-04-28T22:55:00.6565784Z  * [new tag]           v1.3.24         -> v1.3.24
2026-04-28T22:55:00.6566248Z  * [new tag]           v1.3.25         -> v1.3.25
2026-04-28T22:55:00.6566684Z  * [new tag]           v1.3.26         -> v1.3.26
2026-04-28T22:55:00.6567138Z  * [new tag]           v1.3.27         -> v1.3.27
2026-04-28T22:55:00.6567596Z  * [new tag]           v1.3.28         -> v1.3.28
2026-04-28T22:55:00.6568040Z  * [new tag]           v1.3.29         -> v1.3.29
2026-04-28T22:55:00.6568487Z  * [new tag]           v1.3.3          -> v1.3.3
2026-04-28T22:55:00.6568938Z  * [new tag]           v1.3.30         -> v1.3.30
2026-04-28T22:55:00.6569385Z  * [new tag]           v1.3.31         -> v1.3.31
2026-04-28T22:55:00.6569844Z  * [new tag]           v1.3.32         -> v1.3.32
2026-04-28T22:55:00.6570292Z  * [new tag]           v1.3.33         -> v1.3.33
2026-04-28T22:55:00.6570736Z  * [new tag]           v1.3.34         -> v1.3.34
2026-04-28T22:55:00.6571206Z  * [new tag]           v1.3.35         -> v1.3.35
2026-04-28T22:55:00.6571656Z  * [new tag]           v1.3.36         -> v1.3.36
2026-04-28T22:55:00.6572325Z  * [new tag]           v1.3.37         -> v1.3.37
2026-04-28T22:55:00.6572764Z  * [new tag]           v1.3.38         -> v1.3.38
2026-04-28T22:55:00.6573223Z  * [new tag]           v1.3.39         -> v1.3.39
2026-04-28T22:55:00.6573678Z  * [new tag]           v1.3.4          -> v1.3.4
2026-04-28T22:55:00.6574116Z  * [new tag]           v1.3.40         -> v1.3.40
2026-04-28T22:55:00.6574579Z  * [new tag]           v1.3.41         -> v1.3.41
2026-04-28T22:55:00.6575032Z  * [new tag]           v1.3.42         -> v1.3.42
2026-04-28T22:55:00.6575472Z  * [new tag]           v1.3.43         -> v1.3.43
2026-04-28T22:55:00.6575972Z  * [new tag]           v1.3.44         -> v1.3.44
2026-04-28T22:55:00.6576431Z  * [new tag]           v1.3.45         -> v1.3.45
2026-04-28T22:55:00.6576884Z  * [new tag]           v1.3.46         -> v1.3.46
2026-04-28T22:55:00.6577335Z  * [new tag]           v1.3.47         -> v1.3.47
2026-04-28T22:55:00.6577787Z  * [new tag]           v1.3.48         -> v1.3.48
2026-04-28T22:55:00.6578224Z  * [new tag]           v1.3.49         -> v1.3.49
2026-04-28T22:55:00.6578678Z  * [new tag]           v1.3.5          -> v1.3.5
2026-04-28T22:55:00.6579163Z  * [new tag]           v1.3.5-build.2  -> v1.3.5-build.2
2026-04-28T22:55:00.6579660Z  * [new tag]           v1.3.50         -> v1.3.50
2026-04-28T22:55:00.6580102Z  * [new tag]           v1.3.51         -> v1.3.51
2026-04-28T22:55:00.6580547Z  * [new tag]           v1.3.52         -> v1.3.52
2026-04-28T22:55:00.6581004Z  * [new tag]           v1.3.53         -> v1.3.53
2026-04-28T22:55:00.6581461Z  * [new tag]           v1.3.54         -> v1.3.54
2026-04-28T22:55:00.6581901Z  * [new tag]           v1.3.55         -> v1.3.55
2026-04-28T22:55:00.6582687Z  * [new tag]           v1.3.56         -> v1.3.56
2026-04-28T22:55:00.6583309Z  * [new tag]           v1.3.57         -> v1.3.57
2026-04-28T22:55:00.6583882Z  * [new tag]           v1.3.58         -> v1.3.58
2026-04-28T22:55:00.6584384Z  * [new tag]           v1.3.59         -> v1.3.59
2026-04-28T22:55:00.6584852Z  * [new tag]           v1.3.6          -> v1.3.6
2026-04-28T22:55:00.6585295Z  * [new tag]           v1.3.60         -> v1.3.60
2026-04-28T22:55:00.6585724Z  * [new tag]           v1.3.61         -> v1.3.61
2026-04-28T22:55:00.6586147Z  * [new tag]           v1.3.62         -> v1.3.62
2026-04-28T22:55:00.6586588Z  * [new tag]           v1.3.7          -> v1.3.7
2026-04-28T22:55:00.6587016Z  * [new tag]           v1.3.8          -> v1.3.8
2026-04-28T22:55:00.6587459Z  * [new tag]           v1.3.9          -> v1.3.9
2026-04-28T22:55:00.6587897Z  * [new tag]           v1.4.40         -> v1.4.40
2026-04-28T22:55:00.6588343Z  * [new tag]           v1.5.0          -> v1.5.0
2026-04-28T22:55:00.6588789Z  * [new tag]           v1.5.2          -> v1.5.2
2026-04-28T22:55:00.6589234Z  * [new tag]           v1.5.3          -> v1.5.3
2026-04-28T22:55:00.6589687Z  * [new tag]           v1.6.0          -> v1.6.0
2026-04-28T22:55:00.6590131Z  * [new tag]           v1.7.0          -> v1.7.0
2026-04-28T22:55:00.6590569Z  * [new tag]           v1.7.37         -> v1.7.37
2026-04-28T22:55:00.6591024Z  * [new tag]           v1.7.38         -> v1.7.38
2026-04-28T22:55:00.6591475Z  * [new tag]           v1.7.39         -> v1.7.39
2026-04-28T22:55:00.6592102Z  * [new tag]           v1.7.40         -> v1.7.40
2026-04-28T22:55:00.6592574Z  * [new tag]           v1.7.41         -> v1.7.41
2026-04-28T22:55:00.6593023Z  * [new tag]           v1.7.42         -> v1.7.42
2026-04-28T22:55:00.6593462Z  * [new tag]           v1.7.43         -> v1.7.43
2026-04-28T22:55:00.6593909Z  * [new tag]           v1.7.44         -> v1.7.44
2026-04-28T22:55:00.6594355Z  * [new tag]           v1.7.45         -> v1.7.45
2026-04-28T22:55:00.6594806Z  * [new tag]           v1.7.46         -> v1.7.46
2026-04-28T22:55:00.6595252Z  * [new tag]           v1.7.47         -> v1.7.47
2026-04-28T22:55:00.6595707Z  * [new tag]           v1.7.48         -> v1.7.48
2026-04-28T22:55:00.6596150Z  * [new tag]           v1.7.49         -> v1.7.49
2026-04-28T22:55:00.6596587Z  * [new tag]           v1.7.50         -> v1.7.50
2026-04-28T22:55:00.6597031Z  * [new tag]           v1.7.51         -> v1.7.51
2026-04-28T22:55:00.6597480Z  * [new tag]           v1.7.52         -> v1.7.52
2026-04-28T22:55:00.6597916Z  * [new tag]           v1.7.53         -> v1.7.53
2026-04-28T22:55:00.6598358Z  * [new tag]           v1.7.54         -> v1.7.54
2026-04-28T22:55:00.6598799Z  * [new tag]           v1.7.55         -> v1.7.55
2026-04-28T22:55:00.6599241Z  * [new tag]           v1.7.56         -> v1.7.56
2026-04-28T22:55:00.6599694Z  * [new tag]           v1.7.57         -> v1.7.57
2026-04-28T22:55:00.6600132Z  * [new tag]           v1.7.58         -> v1.7.58
2026-04-28T22:55:00.6600565Z  * [new tag]           v1.7.59         -> v1.7.59
2026-04-28T22:55:00.6601015Z  * [new tag]           v1.7.60         -> v1.7.60
2026-04-28T22:55:00.6601464Z  * [new tag]           v1.7.61         -> v1.7.61
2026-04-28T22:55:00.6601908Z  * [new tag]           v1.7.62         -> v1.7.62
2026-04-28T22:55:00.6602502Z  * [new tag]           v1.7.63         -> v1.7.63
2026-04-28T22:55:00.6602949Z  * [new tag]           v1.7.64         -> v1.7.64
2026-04-28T22:55:00.6603392Z  * [new tag]           v1.7.65         -> v1.7.65
2026-04-28T22:55:00.6603820Z  * [new tag]           v1.7.66         -> v1.7.66
2026-04-28T22:55:00.6604258Z  * [new tag]           v1.7.67         -> v1.7.67
2026-04-28T22:55:00.6604696Z  * [new tag]           v1.7.68         -> v1.7.68
2026-04-28T22:55:00.6605132Z  * [new tag]           v1.7.69         -> v1.7.69
2026-04-28T22:55:00.6605571Z  * [new tag]           v1.7.70         -> v1.7.70
2026-04-28T22:55:00.6606029Z  * [new tag]           v1.7.71         -> v1.7.71
2026-04-28T22:55:00.6606469Z  * [new tag]           v1.7.72         -> v1.7.72
2026-04-28T22:55:00.6607101Z  * [new tag]           v1.7.73         -> v1.7.73
2026-04-28T22:55:00.6607670Z  * [new tag]           v1.7.74         -> v1.7.74
2026-04-28T22:55:00.6608115Z  * [new tag]           v1.7.75         -> v1.7.75
2026-04-28T22:55:00.6608558Z  * [new tag]           v1.7.76         -> v1.7.76
2026-04-28T22:55:00.6609007Z  * [new tag]           v1.7.77         -> v1.7.77
2026-04-28T22:55:00.6609452Z  * [new tag]           v1.7.78         -> v1.7.78
2026-04-28T22:55:00.6609896Z  * [new tag]           v1.7.79         -> v1.7.79
2026-04-28T22:55:00.6610334Z  * [new tag]           v1.7.80         -> v1.7.80
2026-04-28T22:55:00.6610793Z  * [new tag]           v1.7.81         -> v1.7.81
2026-04-28T22:55:00.6611242Z  * [new tag]           v1.7.82         -> v1.7.82
2026-04-28T22:55:00.6611701Z  * [new tag]           v1.7.83         -> v1.7.83
2026-04-28T22:55:00.6612339Z  * [new tag]           v1.7.84         -> v1.7.84
2026-04-28T22:55:00.6685993Z [command]/usr/bin/git rev-parse --verify --quiet 7990fcb3b7fcc53c23f2fa6f2926dd15181655b2^{object}
2026-04-28T22:55:00.6710640Z 7990fcb3b7fcc53c23f2fa6f2926dd15181655b2
2026-04-28T22:55:00.6715181Z ##[endgroup]
2026-04-28T22:55:00.6715702Z ##[group]Determining the checkout info
2026-04-28T22:55:00.6716765Z ##[endgroup]
2026-04-28T22:55:00.6721479Z [command]/usr/bin/git sparse-checkout disable
2026-04-28T22:55:00.6757547Z [command]/usr/bin/git config --local --unset-all extensions.worktreeConfig
2026-04-28T22:55:00.6784118Z ##[group]Checking out the ref
2026-04-28T22:55:00.6788388Z [command]/usr/bin/git checkout --progress --force 7990fcb3b7fcc53c23f2fa6f2926dd15181655b2
2026-04-28T22:55:00.9464586Z Note: switching to '7990fcb3b7fcc53c23f2fa6f2926dd15181655b2'.
2026-04-28T22:55:00.9464896Z 
2026-04-28T22:55:00.9465111Z You are in 'detached HEAD' state. You can look around, make experimental
2026-04-28T22:55:00.9465574Z changes and commit them, and you can discard any commits you make in this
2026-04-28T22:55:00.9466024Z state without impacting any branches by switching back to a branch.
2026-04-28T22:55:00.9466311Z 
2026-04-28T22:55:00.9466493Z If you want to create a new branch to retain commits you create, you may
2026-04-28T22:55:00.9466921Z do so (now or later) by using -c with the switch command. Example:
2026-04-28T22:55:00.9467161Z 
2026-04-28T22:55:00.9467263Z   git switch -c <new-branch-name>
2026-04-28T22:55:00.9467435Z 
2026-04-28T22:55:00.9467528Z Or undo this operation with:
2026-04-28T22:55:00.9467675Z 
2026-04-28T22:55:00.9467760Z   git switch -
2026-04-28T22:55:00.9467867Z 
2026-04-28T22:55:00.9468063Z Turn off this advice by setting config variable advice.detachedHead to false
2026-04-28T22:55:00.9468349Z 
2026-04-28T22:55:00.9468943Z HEAD is now at 7990fcb3 chore(release): bump to v1.7.85 — task_timings default-value crash hotfix (#924)
2026-04-28T22:55:00.9496669Z ##[endgroup]
2026-04-28T22:55:00.9543135Z [command]/usr/bin/git log -1 --format=%H
2026-04-28T22:55:00.9566191Z 7990fcb3b7fcc53c23f2fa6f2926dd15181655b2
2026-04-28T22:55:00.9680838Z ##[group]Run set -euo pipefail
2026-04-28T22:55:00.9681133Z [36;1mset -euo pipefail[0m
2026-04-28T22:55:00.9681463Z [36;1m# Switch off the detached merge-sha checkout onto a local branch[0m
2026-04-28T22:55:00.9681906Z [36;1m# tracking main so the later `git push HEAD:main` has somewhere[0m
2026-04-28T22:55:00.9682600Z [36;1m# to go. Fetch the latest main first so we bump from the tip the[0m
2026-04-28T22:55:00.9683031Z [36;1m# push will target — otherwise a concurrent PR's bump from a[0m
2026-04-28T22:55:00.9683435Z [36;1m# queued run ahead of us would get overwritten.[0m
2026-04-28T22:55:00.9683736Z [36;1mgit fetch origin main[0m
2026-04-28T22:55:00.9683980Z [36;1mgit checkout -B main origin/main[0m
2026-04-28T22:55:00.9684223Z [36;1m[0m
2026-04-28T22:55:00.9684561Z [36;1mCURRENT_CODE=$(grep -oP 'versionCode\s*=\s*\K[0-9]+' app/build.gradle.kts | head -1)[0m
2026-04-28T22:55:00.9684980Z [36;1mNEW_CODE=$(( CURRENT_CODE + 1 ))[0m
2026-04-28T22:55:00.9685398Z [36;1msed -i "s/versionCode = [0-9]*/versionCode = $NEW_CODE/" app/build.gradle.kts[0m
2026-04-28T22:55:00.9685955Z [36;1m[0m
2026-04-28T22:55:00.9686289Z [36;1mCURRENT_NAME=$(grep -oP 'versionName\s*=\s*"\K[^"]+' app/build.gradle.kts | head -1)[0m
2026-04-28T22:55:00.9686725Z [36;1mMAJOR=$(echo "$CURRENT_NAME" | cut -d. -f1)[0m
2026-04-28T22:55:00.9687038Z [36;1mMINOR=$(echo "$CURRENT_NAME" | cut -d. -f2)[0m
2026-04-28T22:55:00.9687326Z [36;1mPATCH=$(echo "$CURRENT_NAME" | cut -d. -f3)[0m
2026-04-28T22:55:00.9687608Z [36;1mNEW_PATCH=$(( PATCH + 1 ))[0m
2026-04-28T22:55:00.9687888Z [36;1mNEW_NAME="${MAJOR}.${MINOR}.${NEW_PATCH}"[0m
2026-04-28T22:55:00.9688333Z [36;1msed -i "s/versionName = \"${CURRENT_NAME}\"/versionName = \"${NEW_NAME}\"/" app/build.gradle.kts[0m
2026-04-28T22:55:00.9688758Z [36;1m[0m
2026-04-28T22:55:00.9689000Z [36;1mecho "version_name=$NEW_NAME" >> "$GITHUB_OUTPUT"[0m
2026-04-28T22:55:00.9689334Z [36;1mecho "version_code=$NEW_CODE" >> "$GITHUB_OUTPUT"[0m
2026-04-28T22:55:00.9689678Z [36;1mecho "Bumping to v$NEW_NAME (build $NEW_CODE)"[0m
2026-04-28T22:55:00.9712707Z shell: /usr/bin/bash -e {0}
2026-04-28T22:55:00.9712958Z ##[endgroup]
2026-04-28T22:55:01.1162852Z From https://github.com/averycorp/prismTask
2026-04-28T22:55:01.1163433Z  * branch              main       -> FETCH_HEAD
2026-04-28T22:55:01.3114547Z Switched to a new branch 'main'
2026-04-28T22:55:01.3116934Z branch 'main' set up to track 'origin/main'.
2026-04-28T22:55:01.3246054Z Bumping to v1.7.86 (build 786)
2026-04-28T22:55:01.3295992Z ##[group]Run set -euo pipefail
2026-04-28T22:55:01.3296306Z [36;1mset -euo pipefail[0m
2026-04-28T22:55:01.3296699Z [36;1mgit config --local user.email "github-actions[bot]@users.noreply.github.com"[0m
2026-04-28T22:55:01.3297162Z [36;1mgit config --local user.name "github-actions[bot]"[0m
2026-04-28T22:55:01.3297482Z [36;1mgit add app/build.gradle.kts[0m
2026-04-28T22:55:01.3297764Z [36;1mif git diff --cached --quiet; then[0m
2026-04-28T22:55:01.3298032Z [36;1m  echo "No version bump to commit"[0m
2026-04-28T22:55:01.3298303Z [36;1m  exit 0[0m
2026-04-28T22:55:01.3298494Z [36;1mfi[0m
2026-04-28T22:55:01.3298753Z [36;1mgit commit -m "chore: bump to v1.7.86 (build 786) [skip ci]"[0m
2026-04-28T22:55:01.3299174Z [36;1m# Another PR merge can push to main while this job is running,[0m
2026-04-28T22:55:01.3299585Z [36;1m# so a straight `git push` here races and silently loses the[0m
2026-04-28T22:55:01.3300040Z [36;1m# bump commit. Rebase onto the current main tip and retry on rejection.[0m
2026-04-28T22:55:01.3300403Z [36;1mfor attempt in 1 2 3 4 5; do[0m
2026-04-28T22:55:01.3300666Z [36;1m  if git push origin HEAD:main; then[0m
2026-04-28T22:55:01.3300984Z [36;1m    echo "Pushed version bump on attempt $attempt"[0m
2026-04-28T22:55:01.3301273Z [36;1m    exit 0[0m
2026-04-28T22:55:01.3301460Z [36;1m  fi[0m
2026-04-28T22:55:01.3301786Z [36;1m  echo "Push rejected on attempt $attempt; rebasing onto origin/main and retrying"[0m
2026-04-28T22:55:01.3302441Z [36;1m  git fetch origin main[0m
2026-04-28T22:55:01.3302698Z [36;1m  if ! git rebase origin/main; then[0m
2026-04-28T22:55:01.3302974Z [36;1m    git rebase --abort || true[0m
2026-04-28T22:55:01.3303339Z [36;1m    echo "::error::Rebase conflict while replaying version bump; aborting."[0m
2026-04-28T22:55:01.3303689Z [36;1m    exit 1[0m
2026-04-28T22:55:01.3303875Z [36;1m  fi[0m
2026-04-28T22:55:01.3304066Z [36;1m  sleep $((attempt * 2))[0m
2026-04-28T22:55:01.3304296Z [36;1mdone[0m
2026-04-28T22:55:01.3304566Z [36;1mecho "::error::Failed to push version bump after 5 attempts."[0m
2026-04-28T22:55:01.3304889Z [36;1mexit 1[0m
2026-04-28T22:55:01.3327169Z shell: /usr/bin/bash -e {0}
2026-04-28T22:55:01.3327420Z ##[endgroup]
2026-04-28T22:55:01.3547836Z [main 3828bf3d] chore: bump to v1.7.86 (build 786) [skip ci]
2026-04-28T22:55:01.3548330Z  1 file changed, 2 insertions(+), 2 deletions(-)
2026-04-28T22:55:01.4486140Z remote: Permission to averycorp/prismTask.git denied to akarlin3.
2026-04-28T22:55:01.4487548Z fatal: unable to access 'https://github.com/averycorp/prismTask/': The requested URL returned error: 403
2026-04-28T22:55:01.4505471Z Push rejected on attempt 1; rebasing onto origin/main and retrying
2026-04-28T22:55:01.6015324Z From https://github.com/averycorp/prismTask
2026-04-28T22:55:01.6016134Z  * branch              main       -> FETCH_HEAD
2026-04-28T22:55:01.6135023Z Current branch main is up to date.
2026-04-28T22:55:03.7100663Z remote: Permission to averycorp/prismTask.git denied to akarlin3.
2026-04-28T22:55:03.7101310Z fatal: unable to access 'https://github.com/averycorp/prismTask/': The requested URL returned error: 403
2026-04-28T22:55:03.7118182Z Push rejected on attempt 2; rebasing onto origin/main and retrying
2026-04-28T22:55:03.8679838Z From https://github.com/averycorp/prismTask
2026-04-28T22:55:03.8680385Z  * branch              main       -> FETCH_HEAD
2026-04-28T22:55:03.8786077Z Current branch main is up to date.
2026-04-28T22:55:07.9731086Z remote: Permission to averycorp/prismTask.git denied to akarlin3.
2026-04-28T22:55:07.9732182Z fatal: unable to access 'https://github.com/averycorp/prismTask/': The requested URL returned error: 403
2026-04-28T22:55:07.9751692Z Push rejected on attempt 3; rebasing onto origin/main and retrying
2026-04-28T22:55:08.1141863Z From https://github.com/averycorp/prismTask
2026-04-28T22:55:08.1142578Z  * branch              main       -> FETCH_HEAD
2026-04-28T22:55:08.1238636Z Current branch main is up to date.
2026-04-28T22:55:14.2246994Z remote: Permission to averycorp/prismTask.git denied to akarlin3.
2026-04-28T22:55:14.2247654Z fatal: unable to access 'https://github.com/averycorp/prismTask/': The requested URL returned error: 403
2026-04-28T22:55:14.2264648Z Push rejected on attempt 4; rebasing onto origin/main and retrying
2026-04-28T22:55:14.3717737Z From https://github.com/averycorp/prismTask
2026-04-28T22:55:14.3718292Z  * branch              main       -> FETCH_HEAD
2026-04-28T22:55:14.3813551Z Current branch main is up to date.
2026-04-28T22:55:22.4948216Z remote: Permission to averycorp/prismTask.git denied to akarlin3.
2026-04-28T22:55:22.4949125Z fatal: unable to access 'https://github.com/averycorp/prismTask/': The requested URL returned error: 403
2026-04-28T22:55:22.4967093Z Push rejected on attempt 5; rebasing onto origin/main and retrying
2026-04-28T22:55:22.6323088Z From https://github.com/averycorp/prismTask
2026-04-28T22:55:22.6323620Z  * branch              main       -> FETCH_HEAD
2026-04-28T22:55:22.6416456Z Current branch main is up to date.
2026-04-28T22:55:32.6474964Z ##[error]Failed to push version bump after 5 attempts.
2026-04-28T22:55:32.6484332Z ##[error]Process completed with exit code 1.
2026-04-28T22:55:32.6593582Z Post job cleanup.
2026-04-28T22:55:32.7582150Z [command]/usr/bin/git version
2026-04-28T22:55:32.7626133Z git version 2.53.0
2026-04-28T22:55:32.7667570Z Temporarily overriding HOME='/home/runner/work/_temp/5f211e02-091a-44c0-be74-e091759cd495' before making global git config changes
2026-04-28T22:55:32.7668336Z Adding repository directory to the temporary git global config as a safe directory
2026-04-28T22:55:32.7674171Z [command]/usr/bin/git config --global --add safe.directory /home/runner/work/prismTask/prismTask
2026-04-28T22:55:32.7709988Z [command]/usr/bin/git config --local --name-only --get-regexp core\.sshCommand
2026-04-28T22:55:32.7743508Z [command]/usr/bin/git submodule foreach --recursive sh -c "git config --local --name-only --get-regexp 'core\.sshCommand' && git config --local --unset-all 'core.sshCommand' || :"
2026-04-28T22:55:32.7981353Z [command]/usr/bin/git config --local --name-only --get-regexp http\.https\:\/\/github\.com\/\.extraheader
2026-04-28T22:55:32.8003205Z http.https://github.com/.extraheader
2026-04-28T22:55:32.8015126Z [command]/usr/bin/git config --local --unset-all http.https://github.com/.extraheader
2026-04-28T22:55:32.8046007Z [command]/usr/bin/git submodule foreach --recursive sh -c "git config --local --name-only --get-regexp 'http\.https\:\/\/github\.com\/\.extraheader' && git config --local --unset-all 'http.https://github.com/.extraheader' || :"
2026-04-28T22:55:32.8276459Z [command]/usr/bin/git config --local --name-only --get-regexp ^includeIf\.gitdir:
2026-04-28T22:55:32.8307521Z [command]/usr/bin/git submodule foreach --recursive git config --local --show-origin --name-only --get-regexp remote.origin.url
2026-04-28T22:55:32.8689481Z Cleaning up orphan processes
2026-04-28T22:55:32.8991835Z ##[warning]Node.js 20 actions are deprecated. The following actions are running on Node.js 20 and may not work as expected: actions/checkout@v4. Actions will be forced to run with Node.js 24 by default starting June 2nd, 2026. Node.js 20 will be removed from the runner on September 16th, 2026. Please check if updated versions of these actions are available that support Node.js 24. To opt into Node.js 24 now, set the FORCE_JAVASCRIPT_ACTIONS_TO_NODE24=true environment variable on the runner or in your workflow file. Once Node.js 24 becomes the default, you can temporarily opt out by setting ACTIONS_ALLOW_USE_UNSECURE_NODE_VERSION=true. For more information see: https://github.blog/changelog/2025-09-19-deprecation-of-node-20-on-github-actions-runners/
