=== CI FAILURE ===
Workflow:      Version Bump & Tag
Workflow file: averycorp/prismTask/.github/workflows/version-bump-and-tag.yml@refs/heads/main
Job(s):        Version Bump & Tag
Run ID:        25092456175
Run attempt:   1
Run URL:       https://github.com/averycorp/prismTask/actions/runs/25092456175
Commit:        d2c0fdf87826a7566dfb02195a2d1eaf19d5af3f
Branch:        main
Event:         workflow_run
Actor:         akarlin3
Runner OS:     Linux
Timestamp:     2026-04-29T05:28:40.646Z

Failed steps:
  - Version Bump & Tag: #6 Commit version bump

=== FAILED JOB LOG ===

--- Job: Version Bump & Tag (id 73521506051) ---
2026-04-29T05:27:40.7947065Z Current runner version: '2.334.0'
2026-04-29T05:27:40.7980952Z ##[group]Runner Image Provisioner
2026-04-29T05:27:40.7982344Z Hosted Compute Agent
2026-04-29T05:27:40.7983062Z Version: 20260213.493
2026-04-29T05:27:40.7983801Z Commit: 5c115507f6dd24b8de37d8bbe0bb4509d0cc0fa3
2026-04-29T05:27:40.7984606Z Build Date: 2026-02-13T00:28:41Z
2026-04-29T05:27:40.7985233Z Worker ID: {757e3034-a232-4757-97f6-09a511f745d2}
2026-04-29T05:27:40.7985976Z Azure Region: eastus
2026-04-29T05:27:40.7986535Z ##[endgroup]
2026-04-29T05:27:40.7987924Z ##[group]Operating System
2026-04-29T05:27:40.7988578Z Ubuntu
2026-04-29T05:27:40.7989017Z 24.04.4
2026-04-29T05:27:40.7989543Z LTS
2026-04-29T05:27:40.7990006Z ##[endgroup]
2026-04-29T05:27:40.7990577Z ##[group]Runner Image
2026-04-29T05:27:40.7991144Z Image: ubuntu-24.04
2026-04-29T05:27:40.7991919Z Version: 20260413.86.1
2026-04-29T05:27:40.7993194Z Included Software: https://github.com/actions/runner-images/blob/ubuntu24/20260413.86/images/ubuntu/Ubuntu2404-Readme.md
2026-04-29T05:27:40.7994752Z Image Release: https://github.com/actions/runner-images/releases/tag/ubuntu24%2F20260413.86
2026-04-29T05:27:40.7995669Z ##[endgroup]
2026-04-29T05:27:40.7996890Z ##[group]GITHUB_TOKEN Permissions
2026-04-29T05:27:40.7999086Z Actions: write
2026-04-29T05:27:40.7999600Z Contents: write
2026-04-29T05:27:40.8000196Z Metadata: read
2026-04-29T05:27:40.8000778Z PullRequests: read
2026-04-29T05:27:40.8001275Z ##[endgroup]
2026-04-29T05:27:40.8003742Z Secret source: Actions
2026-04-29T05:27:40.8004708Z Prepare workflow directory
2026-04-29T05:27:40.8451847Z Prepare all required actions
2026-04-29T05:27:40.8503351Z Getting action download info
2026-04-29T05:27:41.1321961Z Download action repository 'actions/checkout@v4' (SHA:34e114876b0b11c390a56381ad16ebd13914f8d5)
2026-04-29T05:27:41.3424003Z Complete job name: Version Bump & Tag
2026-04-29T05:27:41.4084725Z ##[group]Run set -euo pipefail
2026-04-29T05:27:41.4085386Z [36;1mset -euo pipefail[0m
2026-04-29T05:27:41.4085946Z [36;1mif [ "$EVENT_NAME" = "workflow_dispatch" ]; then[0m
2026-04-29T05:27:41.4086743Z [36;1m  # Manual dispatch path — use the input if provided, otherwise[0m
2026-04-29T05:27:41.4087516Z [36;1m  # walk the latest merged PR on main and target that.[0m
2026-04-29T05:27:41.4088127Z [36;1m  if [ -n "$DISPATCH_PR" ]; then[0m
2026-04-29T05:27:41.4088717Z [36;1m    echo "pr_number=$DISPATCH_PR" >> "$GITHUB_OUTPUT"[0m
2026-04-29T05:27:41.4089329Z [36;1m    echo "found=true" >> "$GITHUB_OUTPUT"[0m
2026-04-29T05:27:41.4089953Z [36;1m    echo "Using PR #$DISPATCH_PR from dispatch input."[0m
2026-04-29T05:27:41.4090523Z [36;1m    exit 0[0m
2026-04-29T05:27:41.4090904Z [36;1m  fi[0m
2026-04-29T05:27:41.4091451Z [36;1m  PR_NUMBER=$(gh pr list --repo "$REPO" --state merged --base main \[0m
2026-04-29T05:27:41.4092687Z [36;1m    --limit 1 --json number -q '.[0].number // empty')[0m
2026-04-29T05:27:41.4093293Z [36;1m  if [ -z "$PR_NUMBER" ]; then[0m
2026-04-29T05:27:41.4094000Z [36;1m    echo "::warning::No merged PRs found on main. Cannot resolve PR; skipping."[0m
2026-04-29T05:27:41.4094748Z [36;1m    echo "found=false" >> "$GITHUB_OUTPUT"[0m
2026-04-29T05:27:41.4095269Z [36;1m    exit 0[0m
2026-04-29T05:27:41.4095647Z [36;1m  fi[0m
2026-04-29T05:27:41.4096091Z [36;1m  echo "pr_number=$PR_NUMBER" >> "$GITHUB_OUTPUT"[0m
2026-04-29T05:27:41.4096707Z [36;1m  echo "found=true" >> "$GITHUB_OUTPUT"[0m
2026-04-29T05:27:41.4097417Z [36;1m  echo "Resolved most-recent merged PR #$PR_NUMBER for dispatch run."[0m
2026-04-29T05:27:41.4098074Z [36;1m  exit 0[0m
2026-04-29T05:27:41.4098441Z [36;1mfi[0m
2026-04-29T05:27:41.4098789Z [36;1m[0m
2026-04-29T05:27:41.4099464Z [36;1m# Path 1 — fast path: pull_requests was populated.[0m
2026-04-29T05:27:41.4100404Z [36;1mPR_NUMBER=$(echo "$PR_JSON" | jq -r '.[0].number // empty')[0m
2026-04-29T05:27:41.4101164Z [36;1mif [ -n "$PR_NUMBER" ]; then[0m
2026-04-29T05:27:41.4101835Z [36;1m  echo "pr_number=$PR_NUMBER" >> "$GITHUB_OUTPUT"[0m
2026-04-29T05:27:41.4102443Z [36;1m  echo "found=true" >> "$GITHUB_OUTPUT"[0m
2026-04-29T05:27:41.4103332Z [36;1m  echo "Resolved PR #$PR_NUMBER from workflow_run payload."[0m
2026-04-29T05:27:41.4103944Z [36;1m  exit 0[0m
2026-04-29T05:27:41.4104315Z [36;1mfi[0m
2026-04-29T05:27:41.4104809Z [36;1m[0m
2026-04-29T05:27:41.4105314Z [36;1m# Path 2 — fallback: look the PR up by HEAD SHA. Works in both[0m
2026-04-29T05:27:41.4106057Z [36;1m# the pre-merge case (auto-merge.yml fires before the squash[0m
2026-04-29T05:27:41.4106806Z [36;1m# actually happens; the open PR still has this commit at its[0m
2026-04-29T05:27:41.4107567Z [36;1m# head) and the post-merge case (GitHub keeps the commit→PR[0m
2026-04-29T05:27:41.4108319Z [36;1m# mapping after squash, so we still resolve correctly even if[0m
2026-04-29T05:27:41.4109102Z [36;1m# the source branch was deleted). The downstream "Wait for PR[0m
2026-04-29T05:27:41.4109843Z [36;1m# to merge" step handles the timing — we only need the PR[0m
2026-04-29T05:27:41.4110461Z [36;1m# number here, not its merge state.[0m
2026-04-29T05:27:41.4110963Z [36;1m#[0m
2026-04-29T05:27:41.4111473Z [36;1m# Deliberately NOT falling back to "most recent merged PR" —[0m
2026-04-29T05:27:41.4112390Z [36;1m# that race-condition-bumps a previously-merged PR if[0m
2026-04-29T05:27:41.4113083Z [36;1m# workflow_run fires before the queued merge lands.[0m
2026-04-29T05:27:41.4113662Z [36;1mif [ -z "$HEAD_SHA" ]; then[0m
2026-04-29T05:27:41.4114375Z [36;1m  echo "::warning::workflow_run.head_sha is empty; cannot resolve PR. Skipping."[0m
2026-04-29T05:27:41.4115167Z [36;1m  echo "found=false" >> "$GITHUB_OUTPUT"[0m
2026-04-29T05:27:41.4115682Z [36;1m  exit 0[0m
2026-04-29T05:27:41.4116054Z [36;1mfi[0m
2026-04-29T05:27:41.4116575Z [36;1m# Capture the API response separately instead of piping through[0m
2026-04-29T05:27:41.4117541Z [36;1m# `gh api --jq` directly. Under `set -euo pipefail`, an empty or[0m
2026-04-29T05:27:41.4118284Z [36;1m# non-JSON response body crashes the embedded jq with[0m
2026-04-29T05:27:41.4119041Z [36;1m# `unexpected end of JSON input` and aborts the whole script[0m
2026-04-29T05:27:41.4119796Z [36;1m# before the empty-result branch below can fire — observed on[0m
2026-04-29T05:27:41.4120551Z [36;1m# PR #857's post-merge run, which silently dropped the version[0m
2026-04-29T05:27:41.4121282Z [36;1m# bump on the floor. The retry loop covers the indexing-lag[0m
2026-04-29T05:27:41.4122104Z [36;1m# window where `commits/{sha}/pulls` returns `[]` for a few[0m
2026-04-29T05:27:41.4122778Z [36;1m# seconds after the squash-merge push lands.[0m
2026-04-29T05:27:41.4123318Z [36;1mPR_NUMBER=""[0m
2026-04-29T05:27:41.4123723Z [36;1mfor attempt in 1 2 3; do[0m
2026-04-29T05:27:41.4124194Z [36;1m  RESPONSE=$(gh api \[0m
2026-04-29T05:27:41.4124700Z [36;1m    "repos/$REPO/commits/$HEAD_SHA/pulls" \[0m
2026-04-29T05:27:41.4125410Z [36;1m    -H "Accept: application/vnd.github+json" 2>/dev/null || echo "[]")[0m
2026-04-29T05:27:41.4126141Z [36;1m  PR_NUMBER=$(printf '%s' "$RESPONSE" | jq -r '[0m
2026-04-29T05:27:41.4126744Z [36;1m    if type == "array" and length > 0 then[0m
2026-04-29T05:27:41.4127359Z [36;1m      (sort_by(.number) | reverse | .[0].number // empty)[0m
2026-04-29T05:27:41.4127935Z [36;1m    else empty end[0m
2026-04-29T05:27:41.4128366Z [36;1m  ' 2>/dev/null || echo "")[0m
2026-04-29T05:27:41.4128848Z [36;1m  [ -n "$PR_NUMBER" ] && break[0m
2026-04-29T05:27:41.4129576Z [36;1m  echo "commits/$HEAD_SHA/pulls returned no PR (attempt $attempt/3); sleeping 5s..."[0m
2026-04-29T05:27:41.4130302Z [36;1m  sleep 5[0m
2026-04-29T05:27:41.4130684Z [36;1mdone[0m
2026-04-29T05:27:41.4131059Z [36;1mif [ -z "$PR_NUMBER" ]; then[0m
2026-04-29T05:27:41.4132161Z [36;1m  echo "::warning::No PR found for commit $HEAD_SHA via commits/{sha}/pulls after 3 attempts. Skipping."[0m
2026-04-29T05:27:41.4133047Z [36;1m  echo "found=false" >> "$GITHUB_OUTPUT"[0m
2026-04-29T05:27:41.4133560Z [36;1m  exit 0[0m
2026-04-29T05:27:41.4133932Z [36;1mfi[0m
2026-04-29T05:27:41.4134549Z [36;1mecho "pr_number=$PR_NUMBER" >> "$GITHUB_OUTPUT"[0m
2026-04-29T05:27:41.4135166Z [36;1mecho "found=true" >> "$GITHUB_OUTPUT"[0m
2026-04-29T05:27:41.4135864Z [36;1mecho "Resolved PR #$PR_NUMBER from commits/$HEAD_SHA/pulls fallback."[0m
2026-04-29T05:27:41.4162837Z shell: /usr/bin/bash -e {0}
2026-04-29T05:27:41.4163538Z env:
2026-04-29T05:27:41.4164131Z   GH_TOKEN: ***
2026-04-29T05:27:41.4164551Z   REPO: averycorp/prismTask
2026-04-29T05:27:41.4165002Z   EVENT_NAME: workflow_run
2026-04-29T05:27:41.4168005Z   PR_JSON: [
  {
    "base": {
      "ref": "main",
      "repo": {
        "id": 1201449451,
        "name": "prismTask",
        "url": "https://api.github.com/repos/averycorp/prismTask"
      },
      "sha": "d2c0fdf87826a7566dfb02195a2d1eaf19d5af3f"
    },
    "head": {
      "ref": "docs/today-label-sod-phase34",
      "repo": {
        "id": 1201449451,
        "name": "prismTask",
        "url": "https://api.github.com/repos/averycorp/prismTask"
      },
      "sha": "ef6ee3ddc7a5bbf110f667f69eb18fa65e07575a"
    },
    "id": 3600172806,
    "number": 939,
    "url": "https://api.github.com/repos/averycorp/prismTask/pulls/939"
  }
]
2026-04-29T05:27:41.4171136Z   HEAD_SHA: 411a55feb967d8a63b4fa3ac8b6ee9cf02d84937
2026-04-29T05:27:41.4171991Z   DISPATCH_PR: 
2026-04-29T05:27:41.4172443Z ##[endgroup]
2026-04-29T05:27:41.4326999Z Resolved PR #939 from workflow_run payload.
2026-04-29T05:27:41.4448124Z ##[group]Run set -euo pipefail
2026-04-29T05:27:41.4448673Z [36;1mset -euo pipefail[0m
2026-04-29T05:27:41.4449282Z [36;1m# gh pr merge --auto may queue the merge until required checks[0m
2026-04-29T05:27:41.4450025Z [36;1m# pass. Poll until MERGED, CLOSED, or timeout.[0m
2026-04-29T05:27:41.4450602Z [36;1m#[0m
2026-04-29T05:27:41.4451176Z [36;1m# Audit PR #876 → CI pathway efficiency: ceiling raised[0m
2026-04-29T05:27:41.4452126Z [36;1m# 60→120 attempts × 10s = 20 min. Real Android PRs (PR #851[0m
2026-04-29T05:27:41.4452897Z [36;1m# took 37 min from open to merge; PR #859 took 14 min) can[0m
2026-04-29T05:27:41.4453668Z [36;1m# exceed the prior 10-min ceiling because auto-merge.yml[0m
2026-04-29T05:27:41.4454421Z [36;1m# queues on slow lane completion. A silently-dropped bump[0m
2026-04-29T05:27:41.4455297Z [36;1m# (memory `feedback_skip_ci_blocks_tag_release.md`) requires a[0m
2026-04-29T05:27:41.4456137Z [36;1m# manual `gh workflow run release.yml --ref vX.Y.Z` re-fire,[0m
2026-04-29T05:27:41.4456910Z [36;1m# which is a real recovery cost. 20 min covers all observed[0m
2026-04-29T05:27:41.4457632Z [36;1m# PR lifecycles in the audit window without expanding[0m
2026-04-29T05:27:41.4458359Z [36;1m# workflow_run resource cost meaningfully (idle polling).[0m
2026-04-29T05:27:41.4458982Z [36;1mfor i in $(seq 1 120); do[0m
2026-04-29T05:27:41.4459638Z [36;1m  STATE=$(gh pr view "$PR_NUMBER" --repo "$REPO" --json state -q '.state')[0m
2026-04-29T05:27:41.4460317Z [36;1m  case "$STATE" in[0m
2026-04-29T05:27:41.4460807Z [36;1m    MERGED)[0m
2026-04-29T05:27:41.4461521Z [36;1m      MERGE_SHA=$(gh pr view "$PR_NUMBER" --repo "$REPO" --json mergeCommit -q '.mergeCommit.oid')[0m
2026-04-29T05:27:41.4462656Z [36;1m      echo "merged=true" >> "$GITHUB_OUTPUT"[0m
2026-04-29T05:27:41.4463285Z [36;1m      echo "merge_sha=$MERGE_SHA" >> "$GITHUB_OUTPUT"[0m
2026-04-29T05:27:41.4463904Z [36;1m      echo "PR merged at $MERGE_SHA"[0m
2026-04-29T05:27:41.4464442Z [36;1m      exit 0[0m
2026-04-29T05:27:41.4464847Z [36;1m      ;;[0m
2026-04-29T05:27:41.4465228Z [36;1m    CLOSED)[0m
2026-04-29T05:27:41.4465686Z [36;1m      echo "merged=false" >> "$GITHUB_OUTPUT"[0m
2026-04-29T05:27:41.4466327Z [36;1m      echo "PR closed without merging — skipping bump."[0m
2026-04-29T05:27:41.4466903Z [36;1m      exit 0[0m
2026-04-29T05:27:41.4467301Z [36;1m      ;;[0m
2026-04-29T05:27:41.4467676Z [36;1m    *)[0m
2026-04-29T05:27:41.4468166Z [36;1m      echo "PR state=$STATE (attempt $i/120); sleeping 10s..."[0m
2026-04-29T05:27:41.4468770Z [36;1m      sleep 10[0m
2026-04-29T05:27:41.4469394Z [36;1m      ;;[0m
2026-04-29T05:27:41.4469762Z [36;1m  esac[0m
2026-04-29T05:27:41.4470136Z [36;1mdone[0m
2026-04-29T05:27:41.4470561Z [36;1mecho "merged=false" >> "$GITHUB_OUTPUT"[0m
2026-04-29T05:27:41.4471313Z [36;1mecho "::warning::PR did not reach MERGED within 20 minutes — skipping bump."[0m
2026-04-29T05:27:41.4492904Z shell: /usr/bin/bash -e {0}
2026-04-29T05:27:41.4493384Z env:
2026-04-29T05:27:41.4493973Z   GH_TOKEN: ***
2026-04-29T05:27:41.4494372Z   PR_NUMBER: 939
2026-04-29T05:27:41.4494776Z   REPO: averycorp/prismTask
2026-04-29T05:27:41.4495224Z ##[endgroup]
2026-04-29T05:27:42.2498474Z PR merged at c7cc437e5be697ab2899d2359fb072d8a18a9ae3
2026-04-29T05:27:42.2754692Z ##[group]Run actions/checkout@v4
2026-04-29T05:27:42.2755838Z with:
2026-04-29T05:27:42.2758027Z   token: ***
2026-04-29T05:27:42.2758987Z   ref: c7cc437e5be697ab2899d2359fb072d8a18a9ae3
2026-04-29T05:27:42.2760219Z   fetch-depth: 0
2026-04-29T05:27:42.2761172Z   repository: averycorp/prismTask
2026-04-29T05:27:42.2762711Z   ssh-strict: true
2026-04-29T05:27:42.2763608Z   ssh-user: git
2026-04-29T05:27:42.2764502Z   persist-credentials: true
2026-04-29T05:27:42.2765498Z   clean: true
2026-04-29T05:27:42.2766397Z   sparse-checkout-cone-mode: true
2026-04-29T05:27:42.2767489Z   fetch-tags: false
2026-04-29T05:27:42.2768384Z   show-progress: true
2026-04-29T05:27:42.2769301Z   lfs: false
2026-04-29T05:27:42.2770116Z   submodules: false
2026-04-29T05:27:42.2771007Z   set-safe-directory: true
2026-04-29T05:27:42.2772332Z ##[endgroup]
2026-04-29T05:27:42.3883963Z Syncing repository: averycorp/prismTask
2026-04-29T05:27:42.3886605Z ##[group]Getting Git version info
2026-04-29T05:27:42.3888092Z Working directory is '/home/runner/work/prismTask/prismTask'
2026-04-29T05:27:42.3890087Z [command]/usr/bin/git version
2026-04-29T05:27:42.3930585Z git version 2.53.0
2026-04-29T05:27:42.3957259Z ##[endgroup]
2026-04-29T05:27:42.3972958Z Temporarily overriding HOME='/home/runner/work/_temp/cc9f99c4-79aa-4595-ace8-1d30dd3988a3' before making global git config changes
2026-04-29T05:27:42.3977873Z Adding repository directory to the temporary git global config as a safe directory
2026-04-29T05:27:42.3981898Z [command]/usr/bin/git config --global --add safe.directory /home/runner/work/prismTask/prismTask
2026-04-29T05:27:42.4012688Z Deleting the contents of '/home/runner/work/prismTask/prismTask'
2026-04-29T05:27:42.4016316Z ##[group]Initializing the repository
2026-04-29T05:27:42.4020900Z [command]/usr/bin/git init /home/runner/work/prismTask/prismTask
2026-04-29T05:27:42.4100125Z hint: Using 'master' as the name for the initial branch. This default branch name
2026-04-29T05:27:42.4103652Z hint: will change to "main" in Git 3.0. To configure the initial branch name
2026-04-29T05:27:42.4106902Z hint: to use in all of your new repositories, which will suppress this warning,
2026-04-29T05:27:42.4109422Z hint: call:
2026-04-29T05:27:42.4110636Z hint:
2026-04-29T05:27:42.4112448Z hint: 	git config --global init.defaultBranch <name>
2026-04-29T05:27:42.4114541Z hint:
2026-04-29T05:27:42.4116383Z hint: Names commonly chosen instead of 'master' are 'main', 'trunk' and
2026-04-29T05:27:42.4119643Z hint: 'development'. The just-created branch can be renamed via this command:
2026-04-29T05:27:42.4121369Z hint:
2026-04-29T05:27:42.4122446Z hint: 	git branch -m <name>
2026-04-29T05:27:42.4123504Z hint:
2026-04-29T05:27:42.4125202Z hint: Disable this message with "git config set advice.defaultBranchName false"
2026-04-29T05:27:42.4128685Z Initialized empty Git repository in /home/runner/work/prismTask/prismTask/.git/
2026-04-29T05:27:42.4132986Z [command]/usr/bin/git remote add origin https://github.com/averycorp/prismTask
2026-04-29T05:27:42.4147282Z ##[endgroup]
2026-04-29T05:27:42.4149700Z ##[group]Disabling automatic garbage collection
2026-04-29T05:27:42.4152095Z [command]/usr/bin/git config --local gc.auto 0
2026-04-29T05:27:42.4182462Z ##[endgroup]
2026-04-29T05:27:42.4184758Z ##[group]Setting up auth
2026-04-29T05:27:42.4189773Z [command]/usr/bin/git config --local --name-only --get-regexp core\.sshCommand
2026-04-29T05:27:42.4223835Z [command]/usr/bin/git submodule foreach --recursive sh -c "git config --local --name-only --get-regexp 'core\.sshCommand' && git config --local --unset-all 'core.sshCommand' || :"
2026-04-29T05:27:42.4522870Z [command]/usr/bin/git config --local --name-only --get-regexp http\.https\:\/\/github\.com\/\.extraheader
2026-04-29T05:27:42.4552890Z [command]/usr/bin/git submodule foreach --recursive sh -c "git config --local --name-only --get-regexp 'http\.https\:\/\/github\.com\/\.extraheader' && git config --local --unset-all 'http.https://github.com/.extraheader' || :"
2026-04-29T05:27:42.4790226Z [command]/usr/bin/git config --local --name-only --get-regexp ^includeIf\.gitdir:
2026-04-29T05:27:42.4823614Z [command]/usr/bin/git submodule foreach --recursive git config --local --show-origin --name-only --get-regexp remote.origin.url
2026-04-29T05:27:42.5056098Z [command]/usr/bin/git config --local http.https://github.com/.extraheader AUTHORIZATION: basic ***
2026-04-29T05:27:42.5092048Z ##[endgroup]
2026-04-29T05:27:42.5094370Z ##[group]Fetching the repository
2026-04-29T05:27:42.5103063Z [command]/usr/bin/git -c protocol.version=2 fetch --prune --no-recurse-submodules origin +refs/heads/*:refs/remotes/origin/* +refs/tags/*:refs/tags/*
2026-04-29T05:28:00.1862510Z From https://github.com/averycorp/prismTask
2026-04-29T05:28:00.1863407Z  * [new branch]        ci-logs         -> origin/ci-logs
2026-04-29T05:28:00.1864232Z  * [new branch]        docs/audits/multi-task-creation -> origin/docs/audits/multi-task-creation
2026-04-29T05:28:00.1865336Z  * [new branch]        main            -> origin/main
2026-04-29T05:28:00.1866068Z  * [new branch]        v0.1.0-legacy   -> origin/v0.1.0-legacy
2026-04-29T05:28:00.1866671Z  * [new branch]        v0.2.0-legacy   -> origin/v0.2.0-legacy
2026-04-29T05:28:00.1867332Z  * [new branch]        v0.3.0-legacy   -> origin/v0.3.0-legacy
2026-04-29T05:28:00.1867989Z  * [new branch]        v0.4.0-legacy   -> origin/v0.4.0-legacy
2026-04-29T05:28:00.1946093Z  * [new branch]        v0.5.0-legacy   -> origin/v0.5.0-legacy
2026-04-29T05:28:00.1946804Z  * [new branch]        v0.6.0-legacy   -> origin/v0.6.0-legacy
2026-04-29T05:28:00.1947454Z  * [new branch]        v0.7.0-legacy   -> origin/v0.7.0-legacy
2026-04-29T05:28:00.1948115Z  * [new tag]           v0.1.0          -> v0.1.0
2026-04-29T05:28:00.1948690Z  * [new tag]           v0.2.0          -> v0.2.0
2026-04-29T05:28:00.1949364Z  * [new tag]           v0.3.0          -> v0.3.0
2026-04-29T05:28:00.1950013Z  * [new tag]           v0.4.0          -> v0.4.0
2026-04-29T05:28:00.1950600Z  * [new tag]           v0.5.0          -> v0.5.0
2026-04-29T05:28:00.1951125Z  * [new tag]           v0.7.0          -> v0.7.0
2026-04-29T05:28:00.1951818Z  * [new tag]           v0.7.12         -> v0.7.12
2026-04-29T05:28:00.1952365Z  * [new tag]           v0.7.13         -> v0.7.13
2026-04-29T05:28:00.1952860Z  * [new tag]           v0.7.14         -> v0.7.14
2026-04-29T05:28:00.1953416Z  * [new tag]           v0.7.15         -> v0.7.15
2026-04-29T05:28:00.1953944Z  * [new tag]           v0.7.16         -> v0.7.16
2026-04-29T05:28:00.1954436Z  * [new tag]           v0.7.17         -> v0.7.17
2026-04-29T05:28:00.1954967Z  * [new tag]           v0.7.17-build.2 -> v0.7.17-build.2
2026-04-29T05:28:00.1955562Z  * [new tag]           v0.7.17-build.3 -> v0.7.17-build.3
2026-04-29T05:28:00.1956105Z  * [new tag]           v0.7.17-build.4 -> v0.7.17-build.4
2026-04-29T05:28:00.1956682Z  * [new tag]           v0.7.17-build.5 -> v0.7.17-build.5
2026-04-29T05:28:00.1957229Z  * [new tag]           v0.7.17-build.6 -> v0.7.17-build.6
2026-04-29T05:28:00.1957790Z  * [new tag]           v0.7.17-build.7 -> v0.7.17-build.7
2026-04-29T05:28:00.1958468Z  * [new tag]           v0.7.17-build.8 -> v0.7.17-build.8
2026-04-29T05:28:00.1959077Z  * [new tag]           v0.7.17-build.9 -> v0.7.17-build.9
2026-04-29T05:28:00.1959603Z  * [new tag]           v0.7.18         -> v0.7.18
2026-04-29T05:28:00.1960492Z  * [new tag]           v0.7.18-build.2 -> v0.7.18-build.2
2026-04-29T05:28:00.1961033Z  * [new tag]           v0.7.18-build.3 -> v0.7.18-build.3
2026-04-29T05:28:00.1961570Z  * [new tag]           v0.7.18-build.4 -> v0.7.18-build.4
2026-04-29T05:28:00.1962280Z  * [new tag]           v0.7.19         -> v0.7.19
2026-04-29T05:28:00.1962908Z  * [new tag]           v0.7.19-build.2 -> v0.7.19-build.2
2026-04-29T05:28:00.1963432Z  * [new tag]           v0.7.20         -> v0.7.20
2026-04-29T05:28:00.1963956Z  * [new tag]           v0.7.20-build.2 -> v0.7.20-build.2
2026-04-29T05:28:00.1964500Z  * [new tag]           v0.7.20-build.3 -> v0.7.20-build.3
2026-04-29T05:28:00.1965277Z  * [new tag]           v0.7.20-build.4 -> v0.7.20-build.4
2026-04-29T05:28:00.1965835Z  * [new tag]           v0.8.0          -> v0.8.0
2026-04-29T05:28:00.1966411Z  * [new tag]           v0.8.0-build.2  -> v0.8.0-build.2
2026-04-29T05:28:00.1966876Z  * [new tag]           v0.8.1          -> v0.8.1
2026-04-29T05:28:00.1967234Z  * [new tag]           v0.8.10         -> v0.8.10
2026-04-29T05:28:00.1967568Z  * [new tag]           v0.8.11         -> v0.8.11
2026-04-29T05:28:00.1967903Z  * [new tag]           v0.8.12         -> v0.8.12
2026-04-29T05:28:00.1968250Z  * [new tag]           v0.8.13         -> v0.8.13
2026-04-29T05:28:00.1968586Z  * [new tag]           v0.8.14         -> v0.8.14
2026-04-29T05:28:00.1968906Z  * [new tag]           v0.8.15         -> v0.8.15
2026-04-29T05:28:00.1969249Z  * [new tag]           v0.8.2          -> v0.8.2
2026-04-29T05:28:00.1969580Z  * [new tag]           v0.8.3          -> v0.8.3
2026-04-29T05:28:00.1969908Z  * [new tag]           v0.8.4          -> v0.8.4
2026-04-29T05:28:00.1970225Z  * [new tag]           v0.8.5          -> v0.8.5
2026-04-29T05:28:00.1970550Z  * [new tag]           v0.8.6          -> v0.8.6
2026-04-29T05:28:00.1970860Z  * [new tag]           v0.8.7          -> v0.8.7
2026-04-29T05:28:00.1971170Z  * [new tag]           v0.8.8          -> v0.8.8
2026-04-29T05:28:00.1971493Z  * [new tag]           v0.8.9          -> v0.8.9
2026-04-29T05:28:00.1972049Z  * [new tag]           v0.9.1          -> v0.9.1
2026-04-29T05:28:00.1972357Z  * [new tag]           v0.9.2          -> v0.9.2
2026-04-29T05:28:00.1972677Z  * [new tag]           v1.0.1          -> v1.0.1
2026-04-29T05:28:00.1973011Z  * [new tag]           v1.0.10         -> v1.0.10
2026-04-29T05:28:00.1973330Z  * [new tag]           v1.0.11         -> v1.0.11
2026-04-29T05:28:00.1973643Z  * [new tag]           v1.0.12         -> v1.0.12
2026-04-29T05:28:00.1973963Z  * [new tag]           v1.0.13         -> v1.0.13
2026-04-29T05:28:00.1974276Z  * [new tag]           v1.0.2          -> v1.0.2
2026-04-29T05:28:00.1974606Z  * [new tag]           v1.0.3          -> v1.0.3
2026-04-29T05:28:00.1974920Z  * [new tag]           v1.0.4          -> v1.0.4
2026-04-29T05:28:00.1975234Z  * [new tag]           v1.0.5          -> v1.0.5
2026-04-29T05:28:00.1975540Z  * [new tag]           v1.0.6          -> v1.0.6
2026-04-29T05:28:00.1975874Z  * [new tag]           v1.0.7          -> v1.0.7
2026-04-29T05:28:00.1976191Z  * [new tag]           v1.0.8          -> v1.0.8
2026-04-29T05:28:00.1976499Z  * [new tag]           v1.0.9          -> v1.0.9
2026-04-29T05:28:00.1976808Z  * [new tag]           v1.1.1          -> v1.1.1
2026-04-29T05:28:00.1977147Z  * [new tag]           v1.1.1-build.2  -> v1.1.1-build.2
2026-04-29T05:28:00.1977496Z  * [new tag]           v1.1.1-build.3  -> v1.1.1-build.3
2026-04-29T05:28:00.1977848Z  * [new tag]           v1.1.1-build.4  -> v1.1.1-build.4
2026-04-29T05:28:00.1978175Z  * [new tag]           v1.1.10         -> v1.1.10
2026-04-29T05:28:00.1978496Z  * [new tag]           v1.1.11         -> v1.1.11
2026-04-29T05:28:00.1978819Z  * [new tag]           v1.1.12         -> v1.1.12
2026-04-29T05:28:00.1979140Z  * [new tag]           v1.1.2          -> v1.1.2
2026-04-29T05:28:00.1979500Z  * [new tag]           v1.1.3          -> v1.1.3
2026-04-29T05:28:00.1979857Z  * [new tag]           v1.1.4          -> v1.1.4
2026-04-29T05:28:00.1980367Z  * [new tag]           v1.1.5          -> v1.1.5
2026-04-29T05:28:00.1980721Z  * [new tag]           v1.1.6          -> v1.1.6
2026-04-29T05:28:00.1981078Z  * [new tag]           v1.1.7          -> v1.1.7
2026-04-29T05:28:00.1981427Z  * [new tag]           v1.1.8          -> v1.1.8
2026-04-29T05:28:00.1981962Z  * [new tag]           v1.1.9          -> v1.1.9
2026-04-29T05:28:00.1982320Z  * [new tag]           v1.3.0          -> v1.3.0
2026-04-29T05:28:00.1982668Z  * [new tag]           v1.3.1          -> v1.3.1
2026-04-29T05:28:00.1983025Z  * [new tag]           v1.3.10         -> v1.3.10
2026-04-29T05:28:00.1983393Z  * [new tag]           v1.3.11         -> v1.3.11
2026-04-29T05:28:00.1983906Z  * [new tag]           v1.3.11-build.2 -> v1.3.11-build.2
2026-04-29T05:28:00.1984291Z  * [new tag]           v1.3.12         -> v1.3.12
2026-04-29T05:28:00.1984650Z  * [new tag]           v1.3.13         -> v1.3.13
2026-04-29T05:28:00.1985023Z  * [new tag]           v1.3.13-build.2 -> v1.3.13-build.2
2026-04-29T05:28:00.1985412Z  * [new tag]           v1.3.14         -> v1.3.14
2026-04-29T05:28:00.1985766Z  * [new tag]           v1.3.15         -> v1.3.15
2026-04-29T05:28:00.1986121Z  * [new tag]           v1.3.16         -> v1.3.16
2026-04-29T05:28:00.1986469Z  * [new tag]           v1.3.17         -> v1.3.17
2026-04-29T05:28:00.1986829Z  * [new tag]           v1.3.18         -> v1.3.18
2026-04-29T05:28:00.1987187Z  * [new tag]           v1.3.19         -> v1.3.19
2026-04-29T05:28:00.1987538Z  * [new tag]           v1.3.2          -> v1.3.2
2026-04-29T05:28:00.1987897Z  * [new tag]           v1.3.20         -> v1.3.20
2026-04-29T05:28:00.1988262Z  * [new tag]           v1.3.21         -> v1.3.21
2026-04-29T05:28:00.1988615Z  * [new tag]           v1.3.22         -> v1.3.22
2026-04-29T05:28:00.1988974Z  * [new tag]           v1.3.23         -> v1.3.23
2026-04-29T05:28:00.1989332Z  * [new tag]           v1.3.24         -> v1.3.24
2026-04-29T05:28:00.1989683Z  * [new tag]           v1.3.25         -> v1.3.25
2026-04-29T05:28:00.1990047Z  * [new tag]           v1.3.26         -> v1.3.26
2026-04-29T05:28:00.1990406Z  * [new tag]           v1.3.27         -> v1.3.27
2026-04-29T05:28:00.1990755Z  * [new tag]           v1.3.28         -> v1.3.28
2026-04-29T05:28:00.1991110Z  * [new tag]           v1.3.29         -> v1.3.29
2026-04-29T05:28:00.1991473Z  * [new tag]           v1.3.3          -> v1.3.3
2026-04-29T05:28:00.1991995Z  * [new tag]           v1.3.30         -> v1.3.30
2026-04-29T05:28:00.1992368Z  * [new tag]           v1.3.31         -> v1.3.31
2026-04-29T05:28:00.1992736Z  * [new tag]           v1.3.32         -> v1.3.32
2026-04-29T05:28:00.1993105Z  * [new tag]           v1.3.33         -> v1.3.33
2026-04-29T05:28:00.1993463Z  * [new tag]           v1.3.34         -> v1.3.34
2026-04-29T05:28:00.1993827Z  * [new tag]           v1.3.35         -> v1.3.35
2026-04-29T05:28:00.1994187Z  * [new tag]           v1.3.36         -> v1.3.36
2026-04-29T05:28:00.1994565Z  * [new tag]           v1.3.37         -> v1.3.37
2026-04-29T05:28:00.1994930Z  * [new tag]           v1.3.38         -> v1.3.38
2026-04-29T05:28:00.1995289Z  * [new tag]           v1.3.39         -> v1.3.39
2026-04-29T05:28:00.1995643Z  * [new tag]           v1.3.4          -> v1.3.4
2026-04-29T05:28:00.1996004Z  * [new tag]           v1.3.40         -> v1.3.40
2026-04-29T05:28:00.1996364Z  * [new tag]           v1.3.41         -> v1.3.41
2026-04-29T05:28:00.1996710Z  * [new tag]           v1.3.42         -> v1.3.42
2026-04-29T05:28:00.1997064Z  * [new tag]           v1.3.43         -> v1.3.43
2026-04-29T05:28:00.1997448Z  * [new tag]           v1.3.44         -> v1.3.44
2026-04-29T05:28:00.1997896Z  * [new tag]           v1.3.45         -> v1.3.45
2026-04-29T05:28:00.1998275Z  * [new tag]           v1.3.46         -> v1.3.46
2026-04-29T05:28:00.1998641Z  * [new tag]           v1.3.47         -> v1.3.47
2026-04-29T05:28:00.1999004Z  * [new tag]           v1.3.48         -> v1.3.48
2026-04-29T05:28:00.1999365Z  * [new tag]           v1.3.49         -> v1.3.49
2026-04-29T05:28:00.1999879Z  * [new tag]           v1.3.5          -> v1.3.5
2026-04-29T05:28:00.2000294Z  * [new tag]           v1.3.5-build.2  -> v1.3.5-build.2
2026-04-29T05:28:00.2000685Z  * [new tag]           v1.3.50         -> v1.3.50
2026-04-29T05:28:00.2001046Z  * [new tag]           v1.3.51         -> v1.3.51
2026-04-29T05:28:00.2001403Z  * [new tag]           v1.3.52         -> v1.3.52
2026-04-29T05:28:00.2001918Z  * [new tag]           v1.3.53         -> v1.3.53
2026-04-29T05:28:00.2002280Z  * [new tag]           v1.3.54         -> v1.3.54
2026-04-29T05:28:00.2002638Z  * [new tag]           v1.3.55         -> v1.3.55
2026-04-29T05:28:00.2003138Z  * [new tag]           v1.3.56         -> v1.3.56
2026-04-29T05:28:00.2003506Z  * [new tag]           v1.3.57         -> v1.3.57
2026-04-29T05:28:00.2003855Z  * [new tag]           v1.3.58         -> v1.3.58
2026-04-29T05:28:00.2004220Z  * [new tag]           v1.3.59         -> v1.3.59
2026-04-29T05:28:00.2004584Z  * [new tag]           v1.3.6          -> v1.3.6
2026-04-29T05:28:00.2004955Z  * [new tag]           v1.3.60         -> v1.3.60
2026-04-29T05:28:00.2005324Z  * [new tag]           v1.3.61         -> v1.3.61
2026-04-29T05:28:00.2005689Z  * [new tag]           v1.3.62         -> v1.3.62
2026-04-29T05:28:00.2006050Z  * [new tag]           v1.3.7          -> v1.3.7
2026-04-29T05:28:00.2006409Z  * [new tag]           v1.3.8          -> v1.3.8
2026-04-29T05:28:00.2006770Z  * [new tag]           v1.3.9          -> v1.3.9
2026-04-29T05:28:00.2007130Z  * [new tag]           v1.4.40         -> v1.4.40
2026-04-29T05:28:00.2007482Z  * [new tag]           v1.5.0          -> v1.5.0
2026-04-29T05:28:00.2007847Z  * [new tag]           v1.5.2          -> v1.5.2
2026-04-29T05:28:00.2008204Z  * [new tag]           v1.5.3          -> v1.5.3
2026-04-29T05:28:00.2008548Z  * [new tag]           v1.6.0          -> v1.6.0
2026-04-29T05:28:00.2008908Z  * [new tag]           v1.7.0          -> v1.7.0
2026-04-29T05:28:00.2009266Z  * [new tag]           v1.7.37         -> v1.7.37
2026-04-29T05:28:00.2009629Z  * [new tag]           v1.7.38         -> v1.7.38
2026-04-29T05:28:00.2009991Z  * [new tag]           v1.7.39         -> v1.7.39
2026-04-29T05:28:00.2010349Z  * [new tag]           v1.7.40         -> v1.7.40
2026-04-29T05:28:00.2010700Z  * [new tag]           v1.7.41         -> v1.7.41
2026-04-29T05:28:00.2011059Z  * [new tag]           v1.7.42         -> v1.7.42
2026-04-29T05:28:00.2011415Z  * [new tag]           v1.7.43         -> v1.7.43
2026-04-29T05:28:00.2011973Z  * [new tag]           v1.7.44         -> v1.7.44
2026-04-29T05:28:00.2012334Z  * [new tag]           v1.7.45         -> v1.7.45
2026-04-29T05:28:00.2012698Z  * [new tag]           v1.7.46         -> v1.7.46
2026-04-29T05:28:00.2013053Z  * [new tag]           v1.7.47         -> v1.7.47
2026-04-29T05:28:00.2013402Z  * [new tag]           v1.7.48         -> v1.7.48
2026-04-29T05:28:00.2013764Z  * [new tag]           v1.7.49         -> v1.7.49
2026-04-29T05:28:00.2014121Z  * [new tag]           v1.7.50         -> v1.7.50
2026-04-29T05:28:00.2014479Z  * [new tag]           v1.7.51         -> v1.7.51
2026-04-29T05:28:00.2014841Z  * [new tag]           v1.7.52         -> v1.7.52
2026-04-29T05:28:00.2015203Z  * [new tag]           v1.7.53         -> v1.7.53
2026-04-29T05:28:00.2015558Z  * [new tag]           v1.7.54         -> v1.7.54
2026-04-29T05:28:00.2015922Z  * [new tag]           v1.7.55         -> v1.7.55
2026-04-29T05:28:00.2016279Z  * [new tag]           v1.7.56         -> v1.7.56
2026-04-29T05:28:00.2016629Z  * [new tag]           v1.7.57         -> v1.7.57
2026-04-29T05:28:00.2016984Z  * [new tag]           v1.7.58         -> v1.7.58
2026-04-29T05:28:00.2017348Z  * [new tag]           v1.7.59         -> v1.7.59
2026-04-29T05:28:00.2017706Z  * [new tag]           v1.7.60         -> v1.7.60
2026-04-29T05:28:00.2018053Z  * [new tag]           v1.7.61         -> v1.7.61
2026-04-29T05:28:00.2018413Z  * [new tag]           v1.7.62         -> v1.7.62
2026-04-29T05:28:00.2018770Z  * [new tag]           v1.7.63         -> v1.7.63
2026-04-29T05:28:00.2019279Z  * [new tag]           v1.7.64         -> v1.7.64
2026-04-29T05:28:00.2019632Z  * [new tag]           v1.7.65         -> v1.7.65
2026-04-29T05:28:00.2019993Z  * [new tag]           v1.7.66         -> v1.7.66
2026-04-29T05:28:00.2020344Z  * [new tag]           v1.7.67         -> v1.7.67
2026-04-29T05:28:00.2020700Z  * [new tag]           v1.7.68         -> v1.7.68
2026-04-29T05:28:00.2021059Z  * [new tag]           v1.7.69         -> v1.7.69
2026-04-29T05:28:00.2021409Z  * [new tag]           v1.7.70         -> v1.7.70
2026-04-29T05:28:00.2021900Z  * [new tag]           v1.7.71         -> v1.7.71
2026-04-29T05:28:00.2022414Z  * [new tag]           v1.7.72         -> v1.7.72
2026-04-29T05:28:00.2022764Z  * [new tag]           v1.7.73         -> v1.7.73
2026-04-29T05:28:00.2023124Z  * [new tag]           v1.7.74         -> v1.7.74
2026-04-29T05:28:00.2023480Z  * [new tag]           v1.7.75         -> v1.7.75
2026-04-29T05:28:00.2023844Z  * [new tag]           v1.7.76         -> v1.7.76
2026-04-29T05:28:00.2024207Z  * [new tag]           v1.7.77         -> v1.7.77
2026-04-29T05:28:00.2024558Z  * [new tag]           v1.7.78         -> v1.7.78
2026-04-29T05:28:00.2024914Z  * [new tag]           v1.7.79         -> v1.7.79
2026-04-29T05:28:00.2025263Z  * [new tag]           v1.7.80         -> v1.7.80
2026-04-29T05:28:00.2025624Z  * [new tag]           v1.7.81         -> v1.7.81
2026-04-29T05:28:00.2025980Z  * [new tag]           v1.7.82         -> v1.7.82
2026-04-29T05:28:00.2026325Z  * [new tag]           v1.7.83         -> v1.7.83
2026-04-29T05:28:00.2026679Z  * [new tag]           v1.7.84         -> v1.7.84
2026-04-29T05:28:00.2027038Z  * [new tag]           v1.7.85         -> v1.7.85
2026-04-29T05:28:00.2027385Z  * [new tag]           v1.7.86         -> v1.7.86
2026-04-29T05:28:00.2027742Z  * [new tag]           v1.7.87         -> v1.7.87
2026-04-29T05:28:00.2096711Z [command]/usr/bin/git rev-parse --verify --quiet c7cc437e5be697ab2899d2359fb072d8a18a9ae3^{object}
2026-04-29T05:28:00.2121394Z c7cc437e5be697ab2899d2359fb072d8a18a9ae3
2026-04-29T05:28:00.2126211Z ##[endgroup]
2026-04-29T05:28:00.2126839Z ##[group]Determining the checkout info
2026-04-29T05:28:00.2127767Z ##[endgroup]
2026-04-29T05:28:00.2132439Z [command]/usr/bin/git sparse-checkout disable
2026-04-29T05:28:00.2168502Z [command]/usr/bin/git config --local --unset-all extensions.worktreeConfig
2026-04-29T05:28:00.2195237Z ##[group]Checking out the ref
2026-04-29T05:28:00.2199404Z [command]/usr/bin/git checkout --progress --force c7cc437e5be697ab2899d2359fb072d8a18a9ae3
2026-04-29T05:28:00.4848112Z Note: switching to 'c7cc437e5be697ab2899d2359fb072d8a18a9ae3'.
2026-04-29T05:28:00.4848562Z 
2026-04-29T05:28:00.4848889Z You are in 'detached HEAD' state. You can look around, make experimental
2026-04-29T05:28:00.4849565Z changes and commit them, and you can discard any commits you make in this
2026-04-29T05:28:00.4850241Z state without impacting any branches by switching back to a branch.
2026-04-29T05:28:00.4850667Z 
2026-04-29T05:28:00.4850944Z If you want to create a new branch to retain commits you create, you may
2026-04-29T05:28:00.4851837Z do so (now or later) by using -c with the switch command. Example:
2026-04-29T05:28:00.4852252Z 
2026-04-29T05:28:00.4852398Z   git switch -c <new-branch-name>
2026-04-29T05:28:00.4852648Z 
2026-04-29T05:28:00.4852879Z Or undo this operation with:
2026-04-29T05:28:00.4853110Z 
2026-04-29T05:28:00.4853225Z   git switch -
2026-04-29T05:28:00.4853404Z 
2026-04-29T05:28:00.4853734Z Turn off this advice by setting config variable advice.detachedHead to false
2026-04-29T05:28:00.4854203Z 
2026-04-29T05:28:00.4855169Z HEAD is now at c7cc437e docs(audits): TODAY_LABEL_SOD_BOUNDARY — append Phase 3 bundle summary + Phase 4 handoff (#939)
2026-04-29T05:28:00.4884054Z ##[endgroup]
2026-04-29T05:28:00.4926176Z [command]/usr/bin/git log -1 --format=%H
2026-04-29T05:28:00.4950993Z c7cc437e5be697ab2899d2359fb072d8a18a9ae3
2026-04-29T05:28:00.5069876Z ##[group]Run set -euo pipefail
2026-04-29T05:28:00.5070346Z [36;1mset -euo pipefail[0m
2026-04-29T05:28:00.5070676Z [36;1m# Switch off the detached merge-sha checkout onto a local branch[0m
2026-04-29T05:28:00.5071117Z [36;1m# tracking main so the later `git push HEAD:main` has somewhere[0m
2026-04-29T05:28:00.5071523Z [36;1m# to go. Fetch the latest main first so we bump from the tip the[0m
2026-04-29T05:28:00.5072469Z [36;1m# push will target — otherwise a concurrent PR's bump from a[0m
2026-04-29T05:28:00.5073050Z [36;1m# queued run ahead of us would get overwritten.[0m
2026-04-29T05:28:00.5073364Z [36;1mgit fetch origin main[0m
2026-04-29T05:28:00.5073608Z [36;1mgit checkout -B main origin/main[0m
2026-04-29T05:28:00.5073858Z [36;1m[0m
2026-04-29T05:28:00.5074200Z [36;1mCURRENT_CODE=$(grep -oP 'versionCode\s*=\s*\K[0-9]+' app/build.gradle.kts | head -1)[0m
2026-04-29T05:28:00.5074620Z [36;1mNEW_CODE=$(( CURRENT_CODE + 1 ))[0m
2026-04-29T05:28:00.5075042Z [36;1msed -i "s/versionCode = [0-9]*/versionCode = $NEW_CODE/" app/build.gradle.kts[0m
2026-04-29T05:28:00.5075406Z [36;1m[0m
2026-04-29T05:28:00.5075723Z [36;1mCURRENT_NAME=$(grep -oP 'versionName\s*=\s*"\K[^"]+' app/build.gradle.kts | head -1)[0m
2026-04-29T05:28:00.5076145Z [36;1mMAJOR=$(echo "$CURRENT_NAME" | cut -d. -f1)[0m
2026-04-29T05:28:00.5076477Z [36;1mMINOR=$(echo "$CURRENT_NAME" | cut -d. -f2)[0m
2026-04-29T05:28:00.5076765Z [36;1mPATCH=$(echo "$CURRENT_NAME" | cut -d. -f3)[0m
2026-04-29T05:28:00.5077039Z [36;1mNEW_PATCH=$(( PATCH + 1 ))[0m
2026-04-29T05:28:00.5077316Z [36;1mNEW_NAME="${MAJOR}.${MINOR}.${NEW_PATCH}"[0m
2026-04-29T05:28:00.5077761Z [36;1msed -i "s/versionName = \"${CURRENT_NAME}\"/versionName = \"${NEW_NAME}\"/" app/build.gradle.kts[0m
2026-04-29T05:28:00.5078174Z [36;1m[0m
2026-04-29T05:28:00.5078414Z [36;1mecho "version_name=$NEW_NAME" >> "$GITHUB_OUTPUT"[0m
2026-04-29T05:28:00.5078755Z [36;1mecho "version_code=$NEW_CODE" >> "$GITHUB_OUTPUT"[0m
2026-04-29T05:28:00.5079088Z [36;1mecho "Bumping to v$NEW_NAME (build $NEW_CODE)"[0m
2026-04-29T05:28:00.5102189Z shell: /usr/bin/bash -e {0}
2026-04-29T05:28:00.5102438Z ##[endgroup]
2026-04-29T05:28:00.6524288Z From https://github.com/averycorp/prismTask
2026-04-29T05:28:00.6524680Z  * branch              main       -> FETCH_HEAD
2026-04-29T05:28:00.8405257Z Switched to a new branch 'main'
2026-04-29T05:28:00.8407044Z branch 'main' set up to track 'origin/main'.
2026-04-29T05:28:00.8535534Z Bumping to v1.7.88 (build 788)
2026-04-29T05:28:00.8590211Z ##[group]Run set -euo pipefail
2026-04-29T05:28:00.8590521Z [36;1mset -euo pipefail[0m
2026-04-29T05:28:00.8590902Z [36;1mgit config --local user.email "github-actions[bot]@users.noreply.github.com"[0m
2026-04-29T05:28:00.8591383Z [36;1mgit config --local user.name "github-actions[bot]"[0m
2026-04-29T05:28:00.8592049Z [36;1mgit add app/build.gradle.kts[0m
2026-04-29T05:28:00.8592328Z [36;1mif git diff --cached --quiet; then[0m
2026-04-29T05:28:00.8592594Z [36;1m  echo "No version bump to commit"[0m
2026-04-29T05:28:00.8592849Z [36;1m  exit 0[0m
2026-04-29T05:28:00.8593039Z [36;1mfi[0m
2026-04-29T05:28:00.8593308Z [36;1mgit commit -m "chore: bump to v1.7.88 (build 788) [skip ci]"[0m
2026-04-29T05:28:00.8593736Z [36;1m# Another PR merge can push to main while this job is running,[0m
2026-04-29T05:28:00.8594144Z [36;1m# so a straight `git push` here races and silently loses the[0m
2026-04-29T05:28:00.8594607Z [36;1m# bump commit. Rebase onto the current main tip and retry on rejection.[0m
2026-04-29T05:28:00.8594969Z [36;1mfor attempt in 1 2 3 4 5; do[0m
2026-04-29T05:28:00.8595226Z [36;1m  if git push origin HEAD:main; then[0m
2026-04-29T05:28:00.8595544Z [36;1m    echo "Pushed version bump on attempt $attempt"[0m
2026-04-29T05:28:00.8595834Z [36;1m    exit 0[0m
2026-04-29T05:28:00.8596017Z [36;1m  fi[0m
2026-04-29T05:28:00.8596331Z [36;1m  echo "Push rejected on attempt $attempt; rebasing onto origin/main and retrying"[0m
2026-04-29T05:28:00.8596731Z [36;1m  git fetch origin main[0m
2026-04-29T05:28:00.8597159Z [36;1m  if ! git rebase origin/main; then[0m
2026-04-29T05:28:00.8597426Z [36;1m    git rebase --abort || true[0m
2026-04-29T05:28:00.8597804Z [36;1m    echo "::error::Rebase conflict while replaying version bump; aborting."[0m
2026-04-29T05:28:00.8598154Z [36;1m    exit 1[0m
2026-04-29T05:28:00.8598338Z [36;1m  fi[0m
2026-04-29T05:28:00.8598524Z [36;1m  sleep $((attempt * 2))[0m
2026-04-29T05:28:00.8598750Z [36;1mdone[0m
2026-04-29T05:28:00.8599015Z [36;1mecho "::error::Failed to push version bump after 5 attempts."[0m
2026-04-29T05:28:00.8599333Z [36;1mexit 1[0m
2026-04-29T05:28:00.8622260Z shell: /usr/bin/bash -e {0}
2026-04-29T05:28:00.8622497Z ##[endgroup]
2026-04-29T05:28:01.0559498Z [main 8e9ba06a] chore: bump to v1.7.88 (build 788) [skip ci]
2026-04-29T05:28:01.0560133Z  1 file changed, 2 insertions(+), 2 deletions(-)
2026-04-29T05:28:01.1526923Z remote: Permission to averycorp/prismTask.git denied to akarlin3.
2026-04-29T05:28:01.1527934Z fatal: unable to access 'https://github.com/averycorp/prismTask/': The requested URL returned error: 403
2026-04-29T05:28:01.1545275Z Push rejected on attempt 1; rebasing onto origin/main and retrying
2026-04-29T05:28:01.3086726Z From https://github.com/averycorp/prismTask
2026-04-29T05:28:01.3087308Z  * branch              main       -> FETCH_HEAD
2026-04-29T05:28:01.3188620Z Current branch main is up to date.
2026-04-29T05:28:03.4264595Z remote: Permission to averycorp/prismTask.git denied to akarlin3.
2026-04-29T05:28:03.4265556Z fatal: unable to access 'https://github.com/averycorp/prismTask/': The requested URL returned error: 403
2026-04-29T05:28:03.4287443Z Push rejected on attempt 2; rebasing onto origin/main and retrying
2026-04-29T05:28:03.5757161Z From https://github.com/averycorp/prismTask
2026-04-29T05:28:03.5757692Z  * branch              main       -> FETCH_HEAD
2026-04-29T05:28:03.5852206Z Current branch main is up to date.
2026-04-29T05:28:07.6775284Z remote: Permission to averycorp/prismTask.git denied to akarlin3.
2026-04-29T05:28:07.6776249Z fatal: unable to access 'https://github.com/averycorp/prismTask/': The requested URL returned error: 403
2026-04-29T05:28:07.6795714Z Push rejected on attempt 3; rebasing onto origin/main and retrying
2026-04-29T05:28:07.8110356Z From https://github.com/averycorp/prismTask
2026-04-29T05:28:07.8110856Z  * branch              main       -> FETCH_HEAD
2026-04-29T05:28:07.8205665Z Current branch main is up to date.
2026-04-29T05:28:13.9216229Z remote: Permission to averycorp/prismTask.git denied to akarlin3.
2026-04-29T05:28:13.9217120Z fatal: unable to access 'https://github.com/averycorp/prismTask/': The requested URL returned error: 403
2026-04-29T05:28:13.9235397Z Push rejected on attempt 4; rebasing onto origin/main and retrying
2026-04-29T05:28:14.0770466Z From https://github.com/averycorp/prismTask
2026-04-29T05:28:14.0770995Z  * branch              main       -> FETCH_HEAD
2026-04-29T05:28:14.0865557Z Current branch main is up to date.
2026-04-29T05:28:22.1773220Z remote: Permission to averycorp/prismTask.git denied to akarlin3.
2026-04-29T05:28:22.1773869Z fatal: unable to access 'https://github.com/averycorp/prismTask/': The requested URL returned error: 403
2026-04-29T05:28:22.1791947Z Push rejected on attempt 5; rebasing onto origin/main and retrying
2026-04-29T05:28:22.3201045Z From https://github.com/averycorp/prismTask
2026-04-29T05:28:22.3201557Z  * branch              main       -> FETCH_HEAD
2026-04-29T05:28:22.3297306Z Current branch main is up to date.
2026-04-29T05:28:32.3353540Z ##[error]Failed to push version bump after 5 attempts.
2026-04-29T05:28:32.3362433Z ##[error]Process completed with exit code 1.
2026-04-29T05:28:32.3473175Z Post job cleanup.
2026-04-29T05:28:32.4456574Z [command]/usr/bin/git version
2026-04-29T05:28:32.4495325Z git version 2.53.0
2026-04-29T05:28:32.4542570Z Temporarily overriding HOME='/home/runner/work/_temp/2c500ecf-2a5f-449b-8cde-a7cc4edf6006' before making global git config changes
2026-04-29T05:28:32.4543749Z Adding repository directory to the temporary git global config as a safe directory
2026-04-29T05:28:32.4548484Z [command]/usr/bin/git config --global --add safe.directory /home/runner/work/prismTask/prismTask
2026-04-29T05:28:32.4582230Z [command]/usr/bin/git config --local --name-only --get-regexp core\.sshCommand
2026-04-29T05:28:32.4615195Z [command]/usr/bin/git submodule foreach --recursive sh -c "git config --local --name-only --get-regexp 'core\.sshCommand' && git config --local --unset-all 'core.sshCommand' || :"
2026-04-29T05:28:32.4851471Z [command]/usr/bin/git config --local --name-only --get-regexp http\.https\:\/\/github\.com\/\.extraheader
2026-04-29T05:28:32.4873158Z http.https://github.com/.extraheader
2026-04-29T05:28:32.4885394Z [command]/usr/bin/git config --local --unset-all http.https://github.com/.extraheader
2026-04-29T05:28:32.4916780Z [command]/usr/bin/git submodule foreach --recursive sh -c "git config --local --name-only --get-regexp 'http\.https\:\/\/github\.com\/\.extraheader' && git config --local --unset-all 'http.https://github.com/.extraheader' || :"
2026-04-29T05:28:32.5148995Z [command]/usr/bin/git config --local --name-only --get-regexp ^includeIf\.gitdir:
2026-04-29T05:28:32.5180785Z [command]/usr/bin/git submodule foreach --recursive git config --local --show-origin --name-only --get-regexp remote.origin.url
2026-04-29T05:28:32.5539463Z Cleaning up orphan processes
2026-04-29T05:28:32.5836304Z ##[warning]Node.js 20 actions are deprecated. The following actions are running on Node.js 20 and may not work as expected: actions/checkout@v4. Actions will be forced to run with Node.js 24 by default starting June 2nd, 2026. Node.js 20 will be removed from the runner on September 16th, 2026. Please check if updated versions of these actions are available that support Node.js 24. To opt into Node.js 24 now, set the FORCE_JAVASCRIPT_ACTIONS_TO_NODE24=true environment variable on the runner or in your workflow file. Once Node.js 24 becomes the default, you can temporarily opt out by setting ACTIONS_ALLOW_USE_UNSECURE_NODE_VERSION=true. For more information see: https://github.blog/changelog/2025-09-19-deprecation-of-node-20-on-github-actions-runners/
