=== CI FAILURE ===
Workflow:      Version Bump & Tag
Workflow file: averycorp/prismTask/.github/workflows/version-bump-and-tag.yml@refs/heads/main
Job(s):        Version Bump & Tag
Run ID:        25046256276
Run attempt:   1
Run URL:       https://github.com/averycorp/prismTask/actions/runs/25046256276
Commit:        d9a9e3ee30acde9b6b966b0f58b1845a5f3b9611
Branch:        main
Event:         workflow_run
Actor:         akarlin3
Runner OS:     Linux
Timestamp:     2026-04-28T09:56:46.437Z

Failed steps:
  - Version Bump & Tag: #6 Commit version bump

=== FAILED JOB LOG ===

--- Job: Version Bump & Tag (id 73361994614) ---
2026-04-28T09:55:41.1744705Z Current runner version: '2.333.1'
2026-04-28T09:55:41.1769739Z ##[group]Runner Image Provisioner
2026-04-28T09:55:41.1770510Z Hosted Compute Agent
2026-04-28T09:55:41.1771246Z Version: 20260213.493
2026-04-28T09:55:41.1771884Z Commit: 5c115507f6dd24b8de37d8bbe0bb4509d0cc0fa3
2026-04-28T09:55:41.1772553Z Build Date: 2026-02-13T00:28:41Z
2026-04-28T09:55:41.1773344Z Worker ID: {e66f94e7-f00b-4d74-ad86-eac90a974ef6}
2026-04-28T09:55:41.1774067Z Azure Region: westcentralus
2026-04-28T09:55:41.1774607Z ##[endgroup]
2026-04-28T09:55:41.1776058Z ##[group]Operating System
2026-04-28T09:55:41.1776616Z Ubuntu
2026-04-28T09:55:41.1777105Z 24.04.4
2026-04-28T09:55:41.1777842Z LTS
2026-04-28T09:55:41.1778296Z ##[endgroup]
2026-04-28T09:55:41.1778807Z ##[group]Runner Image
2026-04-28T09:55:41.1779452Z Image: ubuntu-24.04
2026-04-28T09:55:41.1779994Z Version: 20260413.86.1
2026-04-28T09:55:41.1781285Z Included Software: https://github.com/actions/runner-images/blob/ubuntu24/20260413.86/images/ubuntu/Ubuntu2404-Readme.md
2026-04-28T09:55:41.1782689Z Image Release: https://github.com/actions/runner-images/releases/tag/ubuntu24%2F20260413.86
2026-04-28T09:55:41.1783683Z ##[endgroup]
2026-04-28T09:55:41.1784864Z ##[group]GITHUB_TOKEN Permissions
2026-04-28T09:55:41.1787081Z Actions: write
2026-04-28T09:55:41.1788095Z Contents: write
2026-04-28T09:55:41.1788650Z Metadata: read
2026-04-28T09:55:41.1789142Z PullRequests: read
2026-04-28T09:55:41.1789792Z ##[endgroup]
2026-04-28T09:55:41.1791876Z Secret source: Actions
2026-04-28T09:55:41.1792545Z Prepare workflow directory
2026-04-28T09:55:41.2122953Z Prepare all required actions
2026-04-28T09:55:41.2161109Z Getting action download info
2026-04-28T09:55:41.6519255Z Download action repository 'actions/checkout@v4' (SHA:34e114876b0b11c390a56381ad16ebd13914f8d5)
2026-04-28T09:55:41.8696486Z Complete job name: Version Bump & Tag
2026-04-28T09:55:41.9349183Z ##[group]Run set -euo pipefail
2026-04-28T09:55:41.9349928Z [36;1mset -euo pipefail[0m
2026-04-28T09:55:41.9350552Z [36;1mif [ "$EVENT_NAME" = "workflow_dispatch" ]; then[0m
2026-04-28T09:55:41.9351412Z [36;1m  # Manual dispatch path — use the input if provided, otherwise[0m
2026-04-28T09:55:41.9352241Z [36;1m  # walk the latest merged PR on main and target that.[0m
2026-04-28T09:55:41.9352910Z [36;1m  if [ -n "$DISPATCH_PR" ]; then[0m
2026-04-28T09:55:41.9353548Z [36;1m    echo "pr_number=$DISPATCH_PR" >> "$GITHUB_OUTPUT"[0m
2026-04-28T09:55:41.9354246Z [36;1m    echo "found=true" >> "$GITHUB_OUTPUT"[0m
2026-04-28T09:55:41.9354934Z [36;1m    echo "Using PR #$DISPATCH_PR from dispatch input."[0m
2026-04-28T09:55:41.9355550Z [36;1m    exit 0[0m
2026-04-28T09:55:41.9355984Z [36;1m  fi[0m
2026-04-28T09:55:41.9356578Z [36;1m  PR_NUMBER=$(gh pr list --repo "$REPO" --state merged --base main \[0m
2026-04-28T09:55:41.9357655Z [36;1m    --limit 1 --json number -q '.[0].number // empty')[0m
2026-04-28T09:55:41.9358333Z [36;1m  if [ -z "$PR_NUMBER" ]; then[0m
2026-04-28T09:55:41.9359134Z [36;1m    echo "::warning::No merged PRs found on main. Cannot resolve PR; skipping."[0m
2026-04-28T09:55:41.9359985Z [36;1m    echo "found=false" >> "$GITHUB_OUTPUT"[0m
2026-04-28T09:55:41.9360564Z [36;1m    exit 0[0m
2026-04-28T09:55:41.9361012Z [36;1m  fi[0m
2026-04-28T09:55:41.9361519Z [36;1m  echo "pr_number=$PR_NUMBER" >> "$GITHUB_OUTPUT"[0m
2026-04-28T09:55:41.9362176Z [36;1m  echo "found=true" >> "$GITHUB_OUTPUT"[0m
2026-04-28T09:55:41.9362952Z [36;1m  echo "Resolved most-recent merged PR #$PR_NUMBER for dispatch run."[0m
2026-04-28T09:55:41.9363684Z [36;1m  exit 0[0m
2026-04-28T09:55:41.9364097Z [36;1mfi[0m
2026-04-28T09:55:41.9364488Z [36;1m[0m
2026-04-28T09:55:41.9364983Z [36;1m# Path 1 — fast path: pull_requests was populated.[0m
2026-04-28T09:55:41.9365787Z [36;1mPR_NUMBER=$(echo "$PR_JSON" | jq -r '.[0].number // empty')[0m
2026-04-28T09:55:41.9366491Z [36;1mif [ -n "$PR_NUMBER" ]; then[0m
2026-04-28T09:55:41.9367113Z [36;1m  echo "pr_number=$PR_NUMBER" >> "$GITHUB_OUTPUT"[0m
2026-04-28T09:55:41.9368136Z [36;1m  echo "found=true" >> "$GITHUB_OUTPUT"[0m
2026-04-28T09:55:41.9368990Z [36;1m  echo "Resolved PR #$PR_NUMBER from workflow_run payload."[0m
2026-04-28T09:55:41.9369892Z [36;1m  exit 0[0m
2026-04-28T09:55:41.9370539Z [36;1mfi[0m
2026-04-28T09:55:41.9371100Z [36;1m[0m
2026-04-28T09:55:41.9371658Z [36;1m# Path 2 — fallback: look the PR up by HEAD SHA. Works in both[0m
2026-04-28T09:55:41.9372504Z [36;1m# the pre-merge case (auto-merge.yml fires before the squash[0m
2026-04-28T09:55:41.9373343Z [36;1m# actually happens; the open PR still has this commit at its[0m
2026-04-28T09:55:41.9374192Z [36;1m# head) and the post-merge case (GitHub keeps the commit→PR[0m
2026-04-28T09:55:41.9375036Z [36;1m# mapping after squash, so we still resolve correctly even if[0m
2026-04-28T09:55:41.9375890Z [36;1m# the source branch was deleted). The downstream "Wait for PR[0m
2026-04-28T09:55:41.9376699Z [36;1m# to merge" step handles the timing — we only need the PR[0m
2026-04-28T09:55:41.9377391Z [36;1m# number here, not its merge state.[0m
2026-04-28T09:55:41.9378140Z [36;1m#[0m
2026-04-28T09:55:41.9378719Z [36;1m# Deliberately NOT falling back to "most recent merged PR" —[0m
2026-04-28T09:55:41.9379558Z [36;1m# that race-condition-bumps a previously-merged PR if[0m
2026-04-28T09:55:41.9380331Z [36;1m# workflow_run fires before the queued merge lands.[0m
2026-04-28T09:55:41.9380991Z [36;1mif [ -z "$HEAD_SHA" ]; then[0m
2026-04-28T09:55:41.9381770Z [36;1m  echo "::warning::workflow_run.head_sha is empty; cannot resolve PR. Skipping."[0m
2026-04-28T09:55:41.9382619Z [36;1m  echo "found=false" >> "$GITHUB_OUTPUT"[0m
2026-04-28T09:55:41.9383194Z [36;1m  exit 0[0m
2026-04-28T09:55:41.9383602Z [36;1mfi[0m
2026-04-28T09:55:41.9384185Z [36;1m# Capture the API response separately instead of piping through[0m
2026-04-28T09:55:41.9385236Z [36;1m# `gh api --jq` directly. Under `set -euo pipefail`, an empty or[0m
2026-04-28T09:55:41.9386053Z [36;1m# non-JSON response body crashes the embedded jq with[0m
2026-04-28T09:55:41.9386867Z [36;1m# `unexpected end of JSON input` and aborts the whole script[0m
2026-04-28T09:55:41.9387825Z [36;1m# before the empty-result branch below can fire — observed on[0m
2026-04-28T09:55:41.9388654Z [36;1m# PR #857's post-merge run, which silently dropped the version[0m
2026-04-28T09:55:41.9389465Z [36;1m# bump on the floor. The retry loop covers the indexing-lag[0m
2026-04-28T09:55:41.9390272Z [36;1m# window where `commits/{sha}/pulls` returns `[]` for a few[0m
2026-04-28T09:55:41.9391014Z [36;1m# seconds after the squash-merge push lands.[0m
2026-04-28T09:55:41.9391614Z [36;1mPR_NUMBER=""[0m
2026-04-28T09:55:41.9392074Z [36;1mfor attempt in 1 2 3; do[0m
2026-04-28T09:55:41.9392604Z [36;1m  RESPONSE=$(gh api \[0m
2026-04-28T09:55:41.9393175Z [36;1m    "repos/$REPO/commits/$HEAD_SHA/pulls" \[0m
2026-04-28T09:55:41.9393963Z [36;1m    -H "Accept: application/vnd.github+json" 2>/dev/null || echo "[]")[0m
2026-04-28T09:55:41.9394770Z [36;1m  PR_NUMBER=$(printf '%s' "$RESPONSE" | jq -r '[0m
2026-04-28T09:55:41.9395452Z [36;1m    if type == "array" and length > 0 then[0m
2026-04-28T09:55:41.9396166Z [36;1m      (sort_by(.number) | reverse | .[0].number // empty)[0m
2026-04-28T09:55:41.9396822Z [36;1m    else empty end[0m
2026-04-28T09:55:41.9397315Z [36;1m  ' 2>/dev/null || echo "")[0m
2026-04-28T09:55:41.9397956Z [36;1m  [ -n "$PR_NUMBER" ] && break[0m
2026-04-28T09:55:41.9398800Z [36;1m  echo "commits/$HEAD_SHA/pulls returned no PR (attempt $attempt/3); sleeping 5s..."[0m
2026-04-28T09:55:41.9399619Z [36;1m  sleep 5[0m
2026-04-28T09:55:41.9400049Z [36;1mdone[0m
2026-04-28T09:55:41.9400483Z [36;1mif [ -z "$PR_NUMBER" ]; then[0m
2026-04-28T09:55:41.9401387Z [36;1m  echo "::warning::No PR found for commit $HEAD_SHA via commits/{sha}/pulls after 3 attempts. Skipping."[0m
2026-04-28T09:55:41.9402412Z [36;1m  echo "found=false" >> "$GITHUB_OUTPUT"[0m
2026-04-28T09:55:41.9403009Z [36;1m  exit 0[0m
2026-04-28T09:55:41.9403421Z [36;1mfi[0m
2026-04-28T09:55:41.9404076Z [36;1mecho "pr_number=$PR_NUMBER" >> "$GITHUB_OUTPUT"[0m
2026-04-28T09:55:41.9404751Z [36;1mecho "found=true" >> "$GITHUB_OUTPUT"[0m
2026-04-28T09:55:41.9405545Z [36;1mecho "Resolved PR #$PR_NUMBER from commits/$HEAD_SHA/pulls fallback."[0m
2026-04-28T09:55:41.9432566Z shell: /usr/bin/bash -e {0}
2026-04-28T09:55:41.9433313Z env:
2026-04-28T09:55:41.9433957Z   GH_TOKEN: ***
2026-04-28T09:55:41.9434416Z   REPO: averycorp/prismTask
2026-04-28T09:55:41.9434919Z   EVENT_NAME: workflow_run
2026-04-28T09:55:41.9435391Z   PR_JSON: []
2026-04-28T09:55:41.9435867Z   HEAD_SHA: 441d1415e12cc75113843e108248eafee4eb0240
2026-04-28T09:55:41.9436468Z   DISPATCH_PR: 
2026-04-28T09:55:41.9436890Z ##[endgroup]
2026-04-28T09:55:42.5190024Z Resolved PR #902 from commits/441d1415e12cc75113843e108248eafee4eb0240/pulls fallback.
2026-04-28T09:55:42.5382015Z ##[group]Run set -euo pipefail
2026-04-28T09:55:42.5382568Z [36;1mset -euo pipefail[0m
2026-04-28T09:55:42.5383166Z [36;1m# gh pr merge --auto may queue the merge until required checks[0m
2026-04-28T09:55:42.5383925Z [36;1m# pass. Poll until MERGED, CLOSED, or timeout.[0m
2026-04-28T09:55:42.5384478Z [36;1m#[0m
2026-04-28T09:55:42.5384957Z [36;1m# Audit PR #876 → CI pathway efficiency: ceiling raised[0m
2026-04-28T09:55:42.5385724Z [36;1m# 60→120 attempts × 10s = 20 min. Real Android PRs (PR #851[0m
2026-04-28T09:55:42.5386482Z [36;1m# took 37 min from open to merge; PR #859 took 14 min) can[0m
2026-04-28T09:55:42.5387202Z [36;1m# exceed the prior 10-min ceiling because auto-merge.yml[0m
2026-04-28T09:55:42.5388230Z [36;1m# queues on slow lane completion. A silently-dropped bump[0m
2026-04-28T09:55:42.5388992Z [36;1m# (memory `feedback_skip_ci_blocks_tag_release.md`) requires a[0m
2026-04-28T09:55:42.5389804Z [36;1m# manual `gh workflow run release.yml --ref vX.Y.Z` re-fire,[0m
2026-04-28T09:55:42.5390548Z [36;1m# which is a real recovery cost. 20 min covers all observed[0m
2026-04-28T09:55:42.5391253Z [36;1m# PR lifecycles in the audit window without expanding[0m
2026-04-28T09:55:42.5391977Z [36;1m# workflow_run resource cost meaningfully (idle polling).[0m
2026-04-28T09:55:42.5392613Z [36;1mfor i in $(seq 1 120); do[0m
2026-04-28T09:55:42.5393268Z [36;1m  STATE=$(gh pr view "$PR_NUMBER" --repo "$REPO" --json state -q '.state')[0m
2026-04-28T09:55:42.5393964Z [36;1m  case "$STATE" in[0m
2026-04-28T09:55:42.5394403Z [36;1m    MERGED)[0m
2026-04-28T09:55:42.5395108Z [36;1m      MERGE_SHA=$(gh pr view "$PR_NUMBER" --repo "$REPO" --json mergeCommit -q '.mergeCommit.oid')[0m
2026-04-28T09:55:42.5395937Z [36;1m      echo "merged=true" >> "$GITHUB_OUTPUT"[0m
2026-04-28T09:55:42.5396545Z [36;1m      echo "merge_sha=$MERGE_SHA" >> "$GITHUB_OUTPUT"[0m
2026-04-28T09:55:42.5397146Z [36;1m      echo "PR merged at $MERGE_SHA"[0m
2026-04-28T09:55:42.5397790Z [36;1m      exit 0[0m
2026-04-28T09:55:42.5398198Z [36;1m      ;;[0m
2026-04-28T09:55:42.5398580Z [36;1m    CLOSED)[0m
2026-04-28T09:55:42.5399033Z [36;1m      echo "merged=false" >> "$GITHUB_OUTPUT"[0m
2026-04-28T09:55:42.5399675Z [36;1m      echo "PR closed without merging — skipping bump."[0m
2026-04-28T09:55:42.5400248Z [36;1m      exit 0[0m
2026-04-28T09:55:42.5400644Z [36;1m      ;;[0m
2026-04-28T09:55:42.5401013Z [36;1m    *)[0m
2026-04-28T09:55:42.5401501Z [36;1m      echo "PR state=$STATE (attempt $i/120); sleeping 10s..."[0m
2026-04-28T09:55:42.5402103Z [36;1m      sleep 10[0m
2026-04-28T09:55:42.5402515Z [36;1m      ;;[0m
2026-04-28T09:55:42.5402880Z [36;1m  esac[0m
2026-04-28T09:55:42.5403245Z [36;1mdone[0m
2026-04-28T09:55:42.5403654Z [36;1mecho "merged=false" >> "$GITHUB_OUTPUT"[0m
2026-04-28T09:55:42.5404392Z [36;1mecho "::warning::PR did not reach MERGED within 20 minutes — skipping bump."[0m
2026-04-28T09:55:42.5426898Z shell: /usr/bin/bash -e {0}
2026-04-28T09:55:42.5427370Z env:
2026-04-28T09:55:42.5428169Z   GH_TOKEN: ***
2026-04-28T09:55:42.5428565Z   PR_NUMBER: 902
2026-04-28T09:55:42.5428962Z   REPO: averycorp/prismTask
2026-04-28T09:55:42.5429563Z ##[endgroup]
2026-04-28T09:55:43.4214257Z PR merged at 0f52d3f6209fac98a5fa070dc014fda80b553ca9
2026-04-28T09:55:43.4470426Z ##[group]Run actions/checkout@v4
2026-04-28T09:55:43.4471523Z with:
2026-04-28T09:55:43.4473624Z   token: ***
2026-04-28T09:55:43.4474571Z   ref: 0f52d3f6209fac98a5fa070dc014fda80b553ca9
2026-04-28T09:55:43.4475797Z   fetch-depth: 0
2026-04-28T09:55:43.4476703Z   repository: averycorp/prismTask
2026-04-28T09:55:43.4478092Z   ssh-strict: true
2026-04-28T09:55:43.4478950Z   ssh-user: git
2026-04-28T09:55:43.4479816Z   persist-credentials: true
2026-04-28T09:55:43.4480793Z   clean: true
2026-04-28T09:55:43.4481654Z   sparse-checkout-cone-mode: true
2026-04-28T09:55:43.4482727Z   fetch-tags: false
2026-04-28T09:55:43.4483581Z   show-progress: true
2026-04-28T09:55:43.4484417Z   lfs: false
2026-04-28T09:55:43.4485194Z   submodules: false
2026-04-28T09:55:43.4486086Z   set-safe-directory: true
2026-04-28T09:55:43.4487393Z ##[endgroup]
2026-04-28T09:55:43.5548995Z Syncing repository: averycorp/prismTask
2026-04-28T09:55:43.5551569Z ##[group]Getting Git version info
2026-04-28T09:55:43.5553054Z Working directory is '/home/runner/work/prismTask/prismTask'
2026-04-28T09:55:43.5555027Z [command]/usr/bin/git version
2026-04-28T09:55:43.5593830Z git version 2.53.0
2026-04-28T09:55:43.5618316Z ##[endgroup]
2026-04-28T09:55:43.5631953Z Temporarily overriding HOME='/home/runner/work/_temp/690c5197-c72e-4645-99c5-0d9710c5c52c' before making global git config changes
2026-04-28T09:55:43.5635139Z Adding repository directory to the temporary git global config as a safe directory
2026-04-28T09:55:43.5637962Z [command]/usr/bin/git config --global --add safe.directory /home/runner/work/prismTask/prismTask
2026-04-28T09:55:43.5669451Z Deleting the contents of '/home/runner/work/prismTask/prismTask'
2026-04-28T09:55:43.5672884Z ##[group]Initializing the repository
2026-04-28T09:55:43.5676733Z [command]/usr/bin/git init /home/runner/work/prismTask/prismTask
2026-04-28T09:55:43.5782546Z hint: Using 'master' as the name for the initial branch. This default branch name
2026-04-28T09:55:43.5785797Z hint: will change to "main" in Git 3.0. To configure the initial branch name
2026-04-28T09:55:43.5789031Z hint: to use in all of your new repositories, which will suppress this warning,
2026-04-28T09:55:43.5791315Z hint: call:
2026-04-28T09:55:43.5792382Z hint:
2026-04-28T09:55:43.5793809Z hint: 	git config --global init.defaultBranch <name>
2026-04-28T09:55:43.5795697Z hint:
2026-04-28T09:55:43.5797380Z hint: Names commonly chosen instead of 'master' are 'main', 'trunk' and
2026-04-28T09:55:43.5800567Z hint: 'development'. The just-created branch can be renamed via this command:
2026-04-28T09:55:43.5802483Z hint:
2026-04-28T09:55:43.5803265Z hint: 	git branch -m <name>
2026-04-28T09:55:43.5804192Z hint:
2026-04-28T09:55:43.5805477Z hint: Disable this message with "git config set advice.defaultBranchName false"
2026-04-28T09:55:43.5808751Z Initialized empty Git repository in /home/runner/work/prismTask/prismTask/.git/
2026-04-28T09:55:43.5813021Z [command]/usr/bin/git remote add origin https://github.com/averycorp/prismTask
2026-04-28T09:55:43.5828064Z ##[endgroup]
2026-04-28T09:55:43.5830214Z ##[group]Disabling automatic garbage collection
2026-04-28T09:55:43.5832340Z [command]/usr/bin/git config --local gc.auto 0
2026-04-28T09:55:43.5862274Z ##[endgroup]
2026-04-28T09:55:43.5864277Z ##[group]Setting up auth
2026-04-28T09:55:43.5869832Z [command]/usr/bin/git config --local --name-only --get-regexp core\.sshCommand
2026-04-28T09:55:43.5902354Z [command]/usr/bin/git submodule foreach --recursive sh -c "git config --local --name-only --get-regexp 'core\.sshCommand' && git config --local --unset-all 'core.sshCommand' || :"
2026-04-28T09:55:43.6193325Z [command]/usr/bin/git config --local --name-only --get-regexp http\.https\:\/\/github\.com\/\.extraheader
2026-04-28T09:55:43.6224187Z [command]/usr/bin/git submodule foreach --recursive sh -c "git config --local --name-only --get-regexp 'http\.https\:\/\/github\.com\/\.extraheader' && git config --local --unset-all 'http.https://github.com/.extraheader' || :"
2026-04-28T09:55:43.6452999Z [command]/usr/bin/git config --local --name-only --get-regexp ^includeIf\.gitdir:
2026-04-28T09:55:43.6485148Z [command]/usr/bin/git submodule foreach --recursive git config --local --show-origin --name-only --get-regexp remote.origin.url
2026-04-28T09:55:43.6716999Z [command]/usr/bin/git config --local http.https://github.com/.extraheader AUTHORIZATION: basic ***
2026-04-28T09:55:43.6751606Z ##[endgroup]
2026-04-28T09:55:43.6753591Z ##[group]Fetching the repository
2026-04-28T09:55:43.6762139Z [command]/usr/bin/git -c protocol.version=2 fetch --prune --no-recurse-submodules origin +refs/heads/*:refs/remotes/origin/* +refs/tags/*:refs/tags/*
2026-04-28T09:56:02.4272024Z From https://github.com/averycorp/prismTask
2026-04-28T09:56:02.4272670Z  * [new branch]        ci-logs         -> origin/ci-logs
2026-04-28T09:56:02.4273396Z  * [new branch]        feat/analytics-productivity-chart -> origin/feat/analytics-productivity-chart
2026-04-28T09:56:02.4274556Z  * [new branch]        feat/task-timing-data-layer -> origin/feat/task-timing-data-layer
2026-04-28T09:56:02.4278891Z  * [new branch]        main            -> origin/main
2026-04-28T09:56:02.4279459Z  * [new branch]        v0.1.0-legacy   -> origin/v0.1.0-legacy
2026-04-28T09:56:02.4279993Z  * [new branch]        v0.2.0-legacy   -> origin/v0.2.0-legacy
2026-04-28T09:56:02.4280535Z  * [new branch]        v0.3.0-legacy   -> origin/v0.3.0-legacy
2026-04-28T09:56:02.4281057Z  * [new branch]        v0.4.0-legacy   -> origin/v0.4.0-legacy
2026-04-28T09:56:02.4281594Z  * [new branch]        v0.5.0-legacy   -> origin/v0.5.0-legacy
2026-04-28T09:56:02.4282082Z  * [new branch]        v0.6.0-legacy   -> origin/v0.6.0-legacy
2026-04-28T09:56:02.4282622Z  * [new branch]        v0.7.0-legacy   -> origin/v0.7.0-legacy
2026-04-28T09:56:02.4283125Z  * [new tag]           v0.1.0          -> v0.1.0
2026-04-28T09:56:02.4283556Z  * [new tag]           v0.2.0          -> v0.2.0
2026-04-28T09:56:02.4284030Z  * [new tag]           v0.3.0          -> v0.3.0
2026-04-28T09:56:02.4284499Z  * [new tag]           v0.4.0          -> v0.4.0
2026-04-28T09:56:02.4355644Z  * [new tag]           v0.5.0          -> v0.5.0
2026-04-28T09:56:02.4356133Z  * [new tag]           v0.7.0          -> v0.7.0
2026-04-28T09:56:02.4356556Z  * [new tag]           v0.7.12         -> v0.7.12
2026-04-28T09:56:02.4357021Z  * [new tag]           v0.7.13         -> v0.7.13
2026-04-28T09:56:02.4358428Z  * [new tag]           v0.7.14         -> v0.7.14
2026-04-28T09:56:02.4358915Z  * [new tag]           v0.7.15         -> v0.7.15
2026-04-28T09:56:02.4359505Z  * [new tag]           v0.7.16         -> v0.7.16
2026-04-28T09:56:02.4359898Z  * [new tag]           v0.7.17         -> v0.7.17
2026-04-28T09:56:02.4360320Z  * [new tag]           v0.7.17-build.2 -> v0.7.17-build.2
2026-04-28T09:56:02.4360814Z  * [new tag]           v0.7.17-build.3 -> v0.7.17-build.3
2026-04-28T09:56:02.4361348Z  * [new tag]           v0.7.17-build.4 -> v0.7.17-build.4
2026-04-28T09:56:02.4361860Z  * [new tag]           v0.7.17-build.5 -> v0.7.17-build.5
2026-04-28T09:56:02.4362313Z  * [new tag]           v0.7.17-build.6 -> v0.7.17-build.6
2026-04-28T09:56:02.4362896Z  * [new tag]           v0.7.17-build.7 -> v0.7.17-build.7
2026-04-28T09:56:02.4363436Z  * [new tag]           v0.7.17-build.8 -> v0.7.17-build.8
2026-04-28T09:56:02.4363918Z  * [new tag]           v0.7.17-build.9 -> v0.7.17-build.9
2026-04-28T09:56:02.4364380Z  * [new tag]           v0.7.18         -> v0.7.18
2026-04-28T09:56:02.4364848Z  * [new tag]           v0.7.18-build.2 -> v0.7.18-build.2
2026-04-28T09:56:02.4365323Z  * [new tag]           v0.7.18-build.3 -> v0.7.18-build.3
2026-04-28T09:56:02.4365809Z  * [new tag]           v0.7.18-build.4 -> v0.7.18-build.4
2026-04-28T09:56:02.4366269Z  * [new tag]           v0.7.19         -> v0.7.19
2026-04-28T09:56:02.4366725Z  * [new tag]           v0.7.19-build.2 -> v0.7.19-build.2
2026-04-28T09:56:02.4367187Z  * [new tag]           v0.7.20         -> v0.7.20
2026-04-28T09:56:02.4368380Z  * [new tag]           v0.7.20-build.2 -> v0.7.20-build.2
2026-04-28T09:56:02.4368855Z  * [new tag]           v0.7.20-build.3 -> v0.7.20-build.3
2026-04-28T09:56:02.4369318Z  * [new tag]           v0.7.20-build.4 -> v0.7.20-build.4
2026-04-28T09:56:02.4369845Z  * [new tag]           v0.8.0          -> v0.8.0
2026-04-28T09:56:02.4370345Z  * [new tag]           v0.8.0-build.2  -> v0.8.0-build.2
2026-04-28T09:56:02.4370809Z  * [new tag]           v0.8.1          -> v0.8.1
2026-04-28T09:56:02.4371264Z  * [new tag]           v0.8.10         -> v0.8.10
2026-04-28T09:56:02.4371725Z  * [new tag]           v0.8.11         -> v0.8.11
2026-04-28T09:56:02.4372147Z  * [new tag]           v0.8.12         -> v0.8.12
2026-04-28T09:56:02.4372589Z  * [new tag]           v0.8.13         -> v0.8.13
2026-04-28T09:56:02.4373024Z  * [new tag]           v0.8.14         -> v0.8.14
2026-04-28T09:56:02.4373447Z  * [new tag]           v0.8.15         -> v0.8.15
2026-04-28T09:56:02.4373934Z  * [new tag]           v0.8.2          -> v0.8.2
2026-04-28T09:56:02.4374377Z  * [new tag]           v0.8.3          -> v0.8.3
2026-04-28T09:56:02.4374799Z  * [new tag]           v0.8.4          -> v0.8.4
2026-04-28T09:56:02.4375229Z  * [new tag]           v0.8.5          -> v0.8.5
2026-04-28T09:56:02.4375663Z  * [new tag]           v0.8.6          -> v0.8.6
2026-04-28T09:56:02.4376096Z  * [new tag]           v0.8.7          -> v0.8.7
2026-04-28T09:56:02.4376505Z  * [new tag]           v0.8.8          -> v0.8.8
2026-04-28T09:56:02.4376934Z  * [new tag]           v0.8.9          -> v0.8.9
2026-04-28T09:56:02.4377368Z  * [new tag]           v0.9.1          -> v0.9.1
2026-04-28T09:56:02.4377998Z  * [new tag]           v0.9.2          -> v0.9.2
2026-04-28T09:56:02.4378424Z  * [new tag]           v1.0.1          -> v1.0.1
2026-04-28T09:56:02.4378852Z  * [new tag]           v1.0.10         -> v1.0.10
2026-04-28T09:56:02.4379266Z  * [new tag]           v1.0.11         -> v1.0.11
2026-04-28T09:56:02.4379721Z  * [new tag]           v1.0.12         -> v1.0.12
2026-04-28T09:56:02.4380181Z  * [new tag]           v1.0.13         -> v1.0.13
2026-04-28T09:56:02.4380667Z  * [new tag]           v1.0.2          -> v1.0.2
2026-04-28T09:56:02.4381098Z  * [new tag]           v1.0.3          -> v1.0.3
2026-04-28T09:56:02.4381523Z  * [new tag]           v1.0.4          -> v1.0.4
2026-04-28T09:56:02.4381986Z  * [new tag]           v1.0.5          -> v1.0.5
2026-04-28T09:56:02.4382410Z  * [new tag]           v1.0.6          -> v1.0.6
2026-04-28T09:56:02.4382792Z  * [new tag]           v1.0.7          -> v1.0.7
2026-04-28T09:56:02.4383195Z  * [new tag]           v1.0.8          -> v1.0.8
2026-04-28T09:56:02.4383614Z  * [new tag]           v1.0.9          -> v1.0.9
2026-04-28T09:56:02.4384032Z  * [new tag]           v1.1.1          -> v1.1.1
2026-04-28T09:56:02.4384490Z  * [new tag]           v1.1.1-build.2  -> v1.1.1-build.2
2026-04-28T09:56:02.4384965Z  * [new tag]           v1.1.1-build.3  -> v1.1.1-build.3
2026-04-28T09:56:02.4385438Z  * [new tag]           v1.1.1-build.4  -> v1.1.1-build.4
2026-04-28T09:56:02.4385897Z  * [new tag]           v1.1.10         -> v1.1.10
2026-04-28T09:56:02.4386330Z  * [new tag]           v1.1.11         -> v1.1.11
2026-04-28T09:56:02.4386757Z  * [new tag]           v1.1.12         -> v1.1.12
2026-04-28T09:56:02.4387171Z  * [new tag]           v1.1.2          -> v1.1.2
2026-04-28T09:56:02.4387768Z  * [new tag]           v1.1.3          -> v1.1.3
2026-04-28T09:56:02.4388187Z  * [new tag]           v1.1.4          -> v1.1.4
2026-04-28T09:56:02.4388595Z  * [new tag]           v1.1.5          -> v1.1.5
2026-04-28T09:56:02.4388944Z  * [new tag]           v1.1.6          -> v1.1.6
2026-04-28T09:56:02.4389200Z  * [new tag]           v1.1.7          -> v1.1.7
2026-04-28T09:56:02.4389449Z  * [new tag]           v1.1.8          -> v1.1.8
2026-04-28T09:56:02.4389707Z  * [new tag]           v1.1.9          -> v1.1.9
2026-04-28T09:56:02.4389967Z  * [new tag]           v1.3.0          -> v1.3.0
2026-04-28T09:56:02.4390424Z  * [new tag]           v1.3.1          -> v1.3.1
2026-04-28T09:56:02.4390787Z  * [new tag]           v1.3.10         -> v1.3.10
2026-04-28T09:56:02.4391068Z  * [new tag]           v1.3.11         -> v1.3.11
2026-04-28T09:56:02.4391354Z  * [new tag]           v1.3.11-build.2 -> v1.3.11-build.2
2026-04-28T09:56:02.4391638Z  * [new tag]           v1.3.12         -> v1.3.12
2026-04-28T09:56:02.4391896Z  * [new tag]           v1.3.13         -> v1.3.13
2026-04-28T09:56:02.4392166Z  * [new tag]           v1.3.13-build.2 -> v1.3.13-build.2
2026-04-28T09:56:02.4392436Z  * [new tag]           v1.3.14         -> v1.3.14
2026-04-28T09:56:02.4392691Z  * [new tag]           v1.3.15         -> v1.3.15
2026-04-28T09:56:02.4392948Z  * [new tag]           v1.3.16         -> v1.3.16
2026-04-28T09:56:02.4393198Z  * [new tag]           v1.3.17         -> v1.3.17
2026-04-28T09:56:02.4393456Z  * [new tag]           v1.3.18         -> v1.3.18
2026-04-28T09:56:02.4393710Z  * [new tag]           v1.3.19         -> v1.3.19
2026-04-28T09:56:02.4393967Z  * [new tag]           v1.3.2          -> v1.3.2
2026-04-28T09:56:02.4394231Z  * [new tag]           v1.3.20         -> v1.3.20
2026-04-28T09:56:02.4394492Z  * [new tag]           v1.3.21         -> v1.3.21
2026-04-28T09:56:02.4394760Z  * [new tag]           v1.3.22         -> v1.3.22
2026-04-28T09:56:02.4395029Z  * [new tag]           v1.3.23         -> v1.3.23
2026-04-28T09:56:02.4395289Z  * [new tag]           v1.3.24         -> v1.3.24
2026-04-28T09:56:02.4395545Z  * [new tag]           v1.3.25         -> v1.3.25
2026-04-28T09:56:02.4395793Z  * [new tag]           v1.3.26         -> v1.3.26
2026-04-28T09:56:02.4396050Z  * [new tag]           v1.3.27         -> v1.3.27
2026-04-28T09:56:02.4396306Z  * [new tag]           v1.3.28         -> v1.3.28
2026-04-28T09:56:02.4396554Z  * [new tag]           v1.3.29         -> v1.3.29
2026-04-28T09:56:02.4396819Z  * [new tag]           v1.3.3          -> v1.3.3
2026-04-28T09:56:02.4397086Z  * [new tag]           v1.3.30         -> v1.3.30
2026-04-28T09:56:02.4397342Z  * [new tag]           v1.3.31         -> v1.3.31
2026-04-28T09:56:02.4397872Z  * [new tag]           v1.3.32         -> v1.3.32
2026-04-28T09:56:02.4398133Z  * [new tag]           v1.3.33         -> v1.3.33
2026-04-28T09:56:02.4398390Z  * [new tag]           v1.3.34         -> v1.3.34
2026-04-28T09:56:02.4398650Z  * [new tag]           v1.3.35         -> v1.3.35
2026-04-28T09:56:02.4398906Z  * [new tag]           v1.3.36         -> v1.3.36
2026-04-28T09:56:02.4399164Z  * [new tag]           v1.3.37         -> v1.3.37
2026-04-28T09:56:02.4399413Z  * [new tag]           v1.3.38         -> v1.3.38
2026-04-28T09:56:02.4399670Z  * [new tag]           v1.3.39         -> v1.3.39
2026-04-28T09:56:02.4399932Z  * [new tag]           v1.3.4          -> v1.3.4
2026-04-28T09:56:02.4400199Z  * [new tag]           v1.3.40         -> v1.3.40
2026-04-28T09:56:02.4400468Z  * [new tag]           v1.3.41         -> v1.3.41
2026-04-28T09:56:02.4400743Z  * [new tag]           v1.3.42         -> v1.3.42
2026-04-28T09:56:02.4401025Z  * [new tag]           v1.3.43         -> v1.3.43
2026-04-28T09:56:02.4401293Z  * [new tag]           v1.3.44         -> v1.3.44
2026-04-28T09:56:02.4401553Z  * [new tag]           v1.3.45         -> v1.3.45
2026-04-28T09:56:02.4401805Z  * [new tag]           v1.3.46         -> v1.3.46
2026-04-28T09:56:02.4402067Z  * [new tag]           v1.3.47         -> v1.3.47
2026-04-28T09:56:02.4402329Z  * [new tag]           v1.3.48         -> v1.3.48
2026-04-28T09:56:02.4402583Z  * [new tag]           v1.3.49         -> v1.3.49
2026-04-28T09:56:02.4402844Z  * [new tag]           v1.3.5          -> v1.3.5
2026-04-28T09:56:02.4403132Z  * [new tag]           v1.3.5-build.2  -> v1.3.5-build.2
2026-04-28T09:56:02.4403423Z  * [new tag]           v1.3.50         -> v1.3.50
2026-04-28T09:56:02.4403675Z  * [new tag]           v1.3.51         -> v1.3.51
2026-04-28T09:56:02.4403933Z  * [new tag]           v1.3.52         -> v1.3.52
2026-04-28T09:56:02.4404189Z  * [new tag]           v1.3.53         -> v1.3.53
2026-04-28T09:56:02.4404590Z  * [new tag]           v1.3.54         -> v1.3.54
2026-04-28T09:56:02.4404961Z  * [new tag]           v1.3.55         -> v1.3.55
2026-04-28T09:56:02.4405222Z  * [new tag]           v1.3.56         -> v1.3.56
2026-04-28T09:56:02.4405488Z  * [new tag]           v1.3.57         -> v1.3.57
2026-04-28T09:56:02.4405767Z  * [new tag]           v1.3.58         -> v1.3.58
2026-04-28T09:56:02.4406030Z  * [new tag]           v1.3.59         -> v1.3.59
2026-04-28T09:56:02.4406286Z  * [new tag]           v1.3.6          -> v1.3.6
2026-04-28T09:56:02.4406547Z  * [new tag]           v1.3.60         -> v1.3.60
2026-04-28T09:56:02.4406802Z  * [new tag]           v1.3.61         -> v1.3.61
2026-04-28T09:56:02.4407051Z  * [new tag]           v1.3.62         -> v1.3.62
2026-04-28T09:56:02.4407309Z  * [new tag]           v1.3.7          -> v1.3.7
2026-04-28T09:56:02.4407745Z  * [new tag]           v1.3.8          -> v1.3.8
2026-04-28T09:56:02.4408012Z  * [new tag]           v1.3.9          -> v1.3.9
2026-04-28T09:56:02.4408273Z  * [new tag]           v1.4.40         -> v1.4.40
2026-04-28T09:56:02.4408539Z  * [new tag]           v1.5.0          -> v1.5.0
2026-04-28T09:56:02.4408796Z  * [new tag]           v1.5.2          -> v1.5.2
2026-04-28T09:56:02.4409047Z  * [new tag]           v1.5.3          -> v1.5.3
2026-04-28T09:56:02.4409300Z  * [new tag]           v1.6.0          -> v1.6.0
2026-04-28T09:56:02.4409557Z  * [new tag]           v1.7.0          -> v1.7.0
2026-04-28T09:56:02.4409802Z  * [new tag]           v1.7.37         -> v1.7.37
2026-04-28T09:56:02.4410070Z  * [new tag]           v1.7.38         -> v1.7.38
2026-04-28T09:56:02.4410327Z  * [new tag]           v1.7.39         -> v1.7.39
2026-04-28T09:56:02.4410576Z  * [new tag]           v1.7.40         -> v1.7.40
2026-04-28T09:56:02.4410831Z  * [new tag]           v1.7.41         -> v1.7.41
2026-04-28T09:56:02.4411087Z  * [new tag]           v1.7.42         -> v1.7.42
2026-04-28T09:56:02.4411334Z  * [new tag]           v1.7.43         -> v1.7.43
2026-04-28T09:56:02.4411591Z  * [new tag]           v1.7.44         -> v1.7.44
2026-04-28T09:56:02.4411851Z  * [new tag]           v1.7.45         -> v1.7.45
2026-04-28T09:56:02.4412106Z  * [new tag]           v1.7.46         -> v1.7.46
2026-04-28T09:56:02.4412354Z  * [new tag]           v1.7.47         -> v1.7.47
2026-04-28T09:56:02.4412622Z  * [new tag]           v1.7.48         -> v1.7.48
2026-04-28T09:56:02.4412896Z  * [new tag]           v1.7.49         -> v1.7.49
2026-04-28T09:56:02.4413152Z  * [new tag]           v1.7.50         -> v1.7.50
2026-04-28T09:56:02.4413413Z  * [new tag]           v1.7.51         -> v1.7.51
2026-04-28T09:56:02.4413669Z  * [new tag]           v1.7.52         -> v1.7.52
2026-04-28T09:56:02.4413919Z  * [new tag]           v1.7.53         -> v1.7.53
2026-04-28T09:56:02.4414174Z  * [new tag]           v1.7.54         -> v1.7.54
2026-04-28T09:56:02.4414427Z  * [new tag]           v1.7.55         -> v1.7.55
2026-04-28T09:56:02.4414672Z  * [new tag]           v1.7.56         -> v1.7.56
2026-04-28T09:56:02.4414936Z  * [new tag]           v1.7.57         -> v1.7.57
2026-04-28T09:56:02.4415197Z  * [new tag]           v1.7.58         -> v1.7.58
2026-04-28T09:56:02.4415446Z  * [new tag]           v1.7.59         -> v1.7.59
2026-04-28T09:56:02.4415691Z  * [new tag]           v1.7.60         -> v1.7.60
2026-04-28T09:56:02.4415974Z  * [new tag]           v1.7.61         -> v1.7.61
2026-04-28T09:56:02.4416227Z  * [new tag]           v1.7.62         -> v1.7.62
2026-04-28T09:56:02.4416469Z  * [new tag]           v1.7.63         -> v1.7.63
2026-04-28T09:56:02.4416722Z  * [new tag]           v1.7.64         -> v1.7.64
2026-04-28T09:56:02.4416975Z  * [new tag]           v1.7.65         -> v1.7.65
2026-04-28T09:56:02.4417224Z  * [new tag]           v1.7.66         -> v1.7.66
2026-04-28T09:56:02.4417632Z  * [new tag]           v1.7.67         -> v1.7.67
2026-04-28T09:56:02.4417900Z  * [new tag]           v1.7.68         -> v1.7.68
2026-04-28T09:56:02.4418167Z  * [new tag]           v1.7.69         -> v1.7.69
2026-04-28T09:56:02.4418561Z  * [new tag]           v1.7.70         -> v1.7.70
2026-04-28T09:56:02.4418929Z  * [new tag]           v1.7.71         -> v1.7.71
2026-04-28T09:56:02.4419193Z  * [new tag]           v1.7.72         -> v1.7.72
2026-04-28T09:56:02.4419452Z  * [new tag]           v1.7.73         -> v1.7.73
2026-04-28T09:56:02.4419703Z  * [new tag]           v1.7.74         -> v1.7.74
2026-04-28T09:56:02.4419962Z  * [new tag]           v1.7.75         -> v1.7.75
2026-04-28T09:56:02.4420222Z  * [new tag]           v1.7.76         -> v1.7.76
2026-04-28T09:56:02.4420471Z  * [new tag]           v1.7.77         -> v1.7.77
2026-04-28T09:56:02.4420728Z  * [new tag]           v1.7.78         -> v1.7.78
2026-04-28T09:56:02.4420983Z  * [new tag]           v1.7.79         -> v1.7.79
2026-04-28T09:56:02.4421233Z  * [new tag]           v1.7.80         -> v1.7.80
2026-04-28T09:56:02.4421491Z  * [new tag]           v1.7.81         -> v1.7.81
2026-04-28T09:56:02.4421752Z  * [new tag]           v1.7.82         -> v1.7.82
2026-04-28T09:56:02.4422017Z  * [new tag]           v1.7.83         -> v1.7.83
2026-04-28T09:56:02.4510250Z [command]/usr/bin/git rev-parse --verify --quiet 0f52d3f6209fac98a5fa070dc014fda80b553ca9^{object}
2026-04-28T09:56:02.4535441Z 0f52d3f6209fac98a5fa070dc014fda80b553ca9
2026-04-28T09:56:02.4539991Z ##[endgroup]
2026-04-28T09:56:02.4540538Z ##[group]Determining the checkout info
2026-04-28T09:56:02.4541339Z ##[endgroup]
2026-04-28T09:56:02.4546296Z [command]/usr/bin/git sparse-checkout disable
2026-04-28T09:56:02.4582213Z [command]/usr/bin/git config --local --unset-all extensions.worktreeConfig
2026-04-28T09:56:02.4610330Z ##[group]Checking out the ref
2026-04-28T09:56:02.4614449Z [command]/usr/bin/git checkout --progress --force 0f52d3f6209fac98a5fa070dc014fda80b553ca9
2026-04-28T09:56:02.7234114Z Note: switching to '0f52d3f6209fac98a5fa070dc014fda80b553ca9'.
2026-04-28T09:56:02.7234604Z 
2026-04-28T09:56:02.7234894Z You are in 'detached HEAD' state. You can look around, make experimental
2026-04-28T09:56:02.7235631Z changes and commit them, and you can discard any commits you make in this
2026-04-28T09:56:02.7236328Z state without impacting any branches by switching back to a branch.
2026-04-28T09:56:02.7236719Z 
2026-04-28T09:56:02.7236989Z If you want to create a new branch to retain commits you create, you may
2026-04-28T09:56:02.7237854Z do so (now or later) by using -c with the switch command. Example:
2026-04-28T09:56:02.7238252Z 
2026-04-28T09:56:02.7238407Z   git switch -c <new-branch-name>
2026-04-28T09:56:02.7238662Z 
2026-04-28T09:56:02.7238815Z Or undo this operation with:
2026-04-28T09:56:02.7239060Z 
2026-04-28T09:56:02.7239177Z   git switch -
2026-04-28T09:56:02.7239352Z 
2026-04-28T09:56:02.7239661Z Turn off this advice by setting config variable advice.detachedHead to false
2026-04-28T09:56:02.7240134Z 
2026-04-28T09:56:02.7240471Z HEAD is now at 0f52d3f6 fix(ai): implement missing /ai/chat backend endpoint (#902)
2026-04-28T09:56:02.7270935Z ##[endgroup]
2026-04-28T09:56:02.7315337Z [command]/usr/bin/git log -1 --format=%H
2026-04-28T09:56:02.7341278Z 0f52d3f6209fac98a5fa070dc014fda80b553ca9
2026-04-28T09:56:02.7454635Z ##[group]Run set -euo pipefail
2026-04-28T09:56:02.7454939Z [36;1mset -euo pipefail[0m
2026-04-28T09:56:02.7455260Z [36;1m# Switch off the detached merge-sha checkout onto a local branch[0m
2026-04-28T09:56:02.7455696Z [36;1m# tracking main so the later `git push HEAD:main` has somewhere[0m
2026-04-28T09:56:02.7456108Z [36;1m# to go. Fetch the latest main first so we bump from the tip the[0m
2026-04-28T09:56:02.7456535Z [36;1m# push will target — otherwise a concurrent PR's bump from a[0m
2026-04-28T09:56:02.7456941Z [36;1m# queued run ahead of us would get overwritten.[0m
2026-04-28T09:56:02.7457238Z [36;1mgit fetch origin main[0m
2026-04-28T09:56:02.7457865Z [36;1mgit checkout -B main origin/main[0m
2026-04-28T09:56:02.7458237Z [36;1m[0m
2026-04-28T09:56:02.7458604Z [36;1mCURRENT_CODE=$(grep -oP 'versionCode\s*=\s*\K[0-9]+' app/build.gradle.kts | head -1)[0m
2026-04-28T09:56:02.7459231Z [36;1mNEW_CODE=$(( CURRENT_CODE + 1 ))[0m
2026-04-28T09:56:02.7459628Z [36;1msed -i "s/versionCode = [0-9]*/versionCode = $NEW_CODE/" app/build.gradle.kts[0m
2026-04-28T09:56:02.7459991Z [36;1m[0m
2026-04-28T09:56:02.7460293Z [36;1mCURRENT_NAME=$(grep -oP 'versionName\s*=\s*"\K[^"]+' app/build.gradle.kts | head -1)[0m
2026-04-28T09:56:02.7460707Z [36;1mMAJOR=$(echo "$CURRENT_NAME" | cut -d. -f1)[0m
2026-04-28T09:56:02.7461005Z [36;1mMINOR=$(echo "$CURRENT_NAME" | cut -d. -f2)[0m
2026-04-28T09:56:02.7461296Z [36;1mPATCH=$(echo "$CURRENT_NAME" | cut -d. -f3)[0m
2026-04-28T09:56:02.7461570Z [36;1mNEW_PATCH=$(( PATCH + 1 ))[0m
2026-04-28T09:56:02.7461840Z [36;1mNEW_NAME="${MAJOR}.${MINOR}.${NEW_PATCH}"[0m
2026-04-28T09:56:02.7462308Z [36;1msed -i "s/versionName = \"${CURRENT_NAME}\"/versionName = \"${NEW_NAME}\"/" app/build.gradle.kts[0m
2026-04-28T09:56:02.7462727Z [36;1m[0m
2026-04-28T09:56:02.7462951Z [36;1mecho "version_name=$NEW_NAME" >> "$GITHUB_OUTPUT"[0m
2026-04-28T09:56:02.7463292Z [36;1mecho "version_code=$NEW_CODE" >> "$GITHUB_OUTPUT"[0m
2026-04-28T09:56:02.7463619Z [36;1mecho "Bumping to v$NEW_NAME (build $NEW_CODE)"[0m
2026-04-28T09:56:02.7486578Z shell: /usr/bin/bash -e {0}
2026-04-28T09:56:02.7486822Z ##[endgroup]
2026-04-28T09:56:03.1550622Z From https://github.com/averycorp/prismTask
2026-04-28T09:56:03.1551127Z  * branch              main       -> FETCH_HEAD
2026-04-28T09:56:03.3477199Z Previous HEAD position was 0f52d3f6 fix(ai): implement missing /ai/chat backend endpoint (#902)
2026-04-28T09:56:03.3487968Z Switched to a new branch 'main'
2026-04-28T09:56:03.3490828Z branch 'main' set up to track 'origin/main'.
2026-04-28T09:56:03.3618969Z Bumping to v1.7.84 (build 784)
2026-04-28T09:56:03.3670647Z ##[group]Run set -euo pipefail
2026-04-28T09:56:03.3670954Z [36;1mset -euo pipefail[0m
2026-04-28T09:56:03.3671331Z [36;1mgit config --local user.email "github-actions[bot]@users.noreply.github.com"[0m
2026-04-28T09:56:03.3671849Z [36;1mgit config --local user.name "github-actions[bot]"[0m
2026-04-28T09:56:03.3672182Z [36;1mgit add app/build.gradle.kts[0m
2026-04-28T09:56:03.3672460Z [36;1mif git diff --cached --quiet; then[0m
2026-04-28T09:56:03.3672727Z [36;1m  echo "No version bump to commit"[0m
2026-04-28T09:56:03.3672973Z [36;1m  exit 0[0m
2026-04-28T09:56:03.3673158Z [36;1mfi[0m
2026-04-28T09:56:03.3673420Z [36;1mgit commit -m "chore: bump to v1.7.84 (build 784) [skip ci]"[0m
2026-04-28T09:56:03.3673843Z [36;1m# Another PR merge can push to main while this job is running,[0m
2026-04-28T09:56:03.3674248Z [36;1m# so a straight `git push` here races and silently loses the[0m
2026-04-28T09:56:03.3674712Z [36;1m# bump commit. Rebase onto the current main tip and retry on rejection.[0m
2026-04-28T09:56:03.3675075Z [36;1mfor attempt in 1 2 3 4 5; do[0m
2026-04-28T09:56:03.3675331Z [36;1m  if git push origin HEAD:main; then[0m
2026-04-28T09:56:03.3675644Z [36;1m    echo "Pushed version bump on attempt $attempt"[0m
2026-04-28T09:56:03.3675939Z [36;1m    exit 0[0m
2026-04-28T09:56:03.3676121Z [36;1m  fi[0m
2026-04-28T09:56:03.3676436Z [36;1m  echo "Push rejected on attempt $attempt; rebasing onto origin/main and retrying"[0m
2026-04-28T09:56:03.3676831Z [36;1m  git fetch origin main[0m
2026-04-28T09:56:03.3677076Z [36;1m  if ! git rebase origin/main; then[0m
2026-04-28T09:56:03.3677339Z [36;1m    git rebase --abort || true[0m
2026-04-28T09:56:03.3678029Z [36;1m    echo "::error::Rebase conflict while replaying version bump; aborting."[0m
2026-04-28T09:56:03.3678579Z [36;1m    exit 1[0m
2026-04-28T09:56:03.3678853Z [36;1m  fi[0m
2026-04-28T09:56:03.3679126Z [36;1m  sleep $((attempt * 2))[0m
2026-04-28T09:56:03.3679451Z [36;1mdone[0m
2026-04-28T09:56:03.3679724Z [36;1mecho "::error::Failed to push version bump after 5 attempts."[0m
2026-04-28T09:56:03.3680041Z [36;1mexit 1[0m
2026-04-28T09:56:03.3702903Z shell: /usr/bin/bash -e {0}
2026-04-28T09:56:03.3703147Z ##[endgroup]
2026-04-28T09:56:03.3943605Z [main daed6ff0] chore: bump to v1.7.84 (build 784) [skip ci]
2026-04-28T09:56:03.3944001Z  1 file changed, 2 insertions(+), 2 deletions(-)
2026-04-28T09:56:03.6574990Z remote: Permission to averycorp/prismTask.git denied to akarlin3.
2026-04-28T09:56:03.6575829Z fatal: unable to access 'https://github.com/averycorp/prismTask/': The requested URL returned error: 403
2026-04-28T09:56:03.6594629Z Push rejected on attempt 1; rebasing onto origin/main and retrying
2026-04-28T09:56:04.0983349Z From https://github.com/averycorp/prismTask
2026-04-28T09:56:04.0983815Z  * branch              main       -> FETCH_HEAD
2026-04-28T09:56:04.1099671Z Current branch main is up to date.
2026-04-28T09:56:06.3604045Z remote: Permission to averycorp/prismTask.git denied to akarlin3.
2026-04-28T09:56:06.3605011Z fatal: unable to access 'https://github.com/averycorp/prismTask/': The requested URL returned error: 403
2026-04-28T09:56:06.3622328Z Push rejected on attempt 2; rebasing onto origin/main and retrying
2026-04-28T09:56:06.7286253Z From https://github.com/averycorp/prismTask
2026-04-28T09:56:06.7286789Z  * branch              main       -> FETCH_HEAD
2026-04-28T09:56:06.7386079Z Current branch main is up to date.
2026-04-28T09:56:10.9735123Z remote: Permission to averycorp/prismTask.git denied to akarlin3.
2026-04-28T09:56:10.9735772Z fatal: unable to access 'https://github.com/averycorp/prismTask/': The requested URL returned error: 403
2026-04-28T09:56:10.9754578Z Push rejected on attempt 3; rebasing onto origin/main and retrying
2026-04-28T09:56:11.4023891Z From https://github.com/averycorp/prismTask
2026-04-28T09:56:11.4024409Z  * branch              main       -> FETCH_HEAD
2026-04-28T09:56:11.4118220Z Current branch main is up to date.
2026-04-28T09:56:17.6407462Z remote: Permission to averycorp/prismTask.git denied to akarlin3.
2026-04-28T09:56:17.6408749Z fatal: unable to access 'https://github.com/averycorp/prismTask/': The requested URL returned error: 403
2026-04-28T09:56:17.6423591Z Push rejected on attempt 4; rebasing onto origin/main and retrying
2026-04-28T09:56:17.9958930Z From https://github.com/averycorp/prismTask
2026-04-28T09:56:17.9959474Z  * branch              main       -> FETCH_HEAD
2026-04-28T09:56:18.0054345Z Current branch main is up to date.
2026-04-28T09:56:26.2393538Z remote: Permission to averycorp/prismTask.git denied to akarlin3.
2026-04-28T09:56:26.2394426Z fatal: unable to access 'https://github.com/averycorp/prismTask/': The requested URL returned error: 403
2026-04-28T09:56:26.2414411Z Push rejected on attempt 5; rebasing onto origin/main and retrying
2026-04-28T09:56:26.6769740Z From https://github.com/averycorp/prismTask
2026-04-28T09:56:26.6770141Z  * branch              main       -> FETCH_HEAD
2026-04-28T09:56:26.6866181Z Current branch main is up to date.
2026-04-28T09:56:36.6924680Z ##[error]Failed to push version bump after 5 attempts.
2026-04-28T09:56:36.6933471Z ##[error]Process completed with exit code 1.
2026-04-28T09:56:36.7040241Z Post job cleanup.
2026-04-28T09:56:36.7974159Z [command]/usr/bin/git version
2026-04-28T09:56:36.8017637Z git version 2.53.0
2026-04-28T09:56:36.8057083Z Temporarily overriding HOME='/home/runner/work/_temp/af5ff374-082f-49ee-a0f7-c29970cc1e69' before making global git config changes
2026-04-28T09:56:36.8058387Z Adding repository directory to the temporary git global config as a safe directory
2026-04-28T09:56:36.8062534Z [command]/usr/bin/git config --global --add safe.directory /home/runner/work/prismTask/prismTask
2026-04-28T09:56:36.8098691Z [command]/usr/bin/git config --local --name-only --get-regexp core\.sshCommand
2026-04-28T09:56:36.8131416Z [command]/usr/bin/git submodule foreach --recursive sh -c "git config --local --name-only --get-regexp 'core\.sshCommand' && git config --local --unset-all 'core.sshCommand' || :"
2026-04-28T09:56:36.8365428Z [command]/usr/bin/git config --local --name-only --get-regexp http\.https\:\/\/github\.com\/\.extraheader
2026-04-28T09:56:36.8386743Z http.https://github.com/.extraheader
2026-04-28T09:56:36.8398427Z [command]/usr/bin/git config --local --unset-all http.https://github.com/.extraheader
2026-04-28T09:56:36.8428791Z [command]/usr/bin/git submodule foreach --recursive sh -c "git config --local --name-only --get-regexp 'http\.https\:\/\/github\.com\/\.extraheader' && git config --local --unset-all 'http.https://github.com/.extraheader' || :"
2026-04-28T09:56:36.8656627Z [command]/usr/bin/git config --local --name-only --get-regexp ^includeIf\.gitdir:
2026-04-28T09:56:36.8687126Z [command]/usr/bin/git submodule foreach --recursive git config --local --show-origin --name-only --get-regexp remote.origin.url
2026-04-28T09:56:36.9057293Z Cleaning up orphan processes
2026-04-28T09:56:36.9352517Z ##[warning]Node.js 20 actions are deprecated. The following actions are running on Node.js 20 and may not work as expected: actions/checkout@v4. Actions will be forced to run with Node.js 24 by default starting June 2nd, 2026. Node.js 20 will be removed from the runner on September 16th, 2026. Please check if updated versions of these actions are available that support Node.js 24. To opt into Node.js 24 now, set the FORCE_JAVASCRIPT_ACTIONS_TO_NODE24=true environment variable on the runner or in your workflow file. Once Node.js 24 becomes the default, you can temporarily opt out by setting ACTIONS_ALLOW_USE_UNSECURE_NODE_VERSION=true. For more information see: https://github.blog/changelog/2025-09-19-deprecation-of-node-20-on-github-actions-runners/
