=== CI FAILURE ===
Workflow:      Version Bump & Tag
Workflow file: averycorp/prismTask/.github/workflows/version-bump-and-tag.yml@refs/heads/main
Job(s):        Version Bump & Tag
Run ID:        25078214140
Run attempt:   1
Run URL:       https://github.com/averycorp/prismTask/actions/runs/25078214140
Commit:        a3cb702e370d70e29fd18622e4e3b9d8ff8e6560
Branch:        main
Event:         workflow_run
Actor:         akarlin3
Runner OS:     Linux
Timestamp:     2026-04-28T21:19:30.358Z

Failed steps:
  - Version Bump & Tag: #6 Commit version bump

=== FAILED JOB LOG ===

--- Job: Version Bump & Tag (id 73476451736) ---
2026-04-28T21:18:26.3004315Z Current runner version: '2.334.0'
2026-04-28T21:18:26.3028723Z ##[group]Runner Image Provisioner
2026-04-28T21:18:26.3029532Z Hosted Compute Agent
2026-04-28T21:18:26.3030244Z Version: 20260213.493
2026-04-28T21:18:26.3030841Z Commit: 5c115507f6dd24b8de37d8bbe0bb4509d0cc0fa3
2026-04-28T21:18:26.3031607Z Build Date: 2026-02-13T00:28:41Z
2026-04-28T21:18:26.3032371Z Worker ID: {68007b09-20a6-4d6c-9241-6ef082a0c0fe}
2026-04-28T21:18:26.3033033Z Azure Region: centralus
2026-04-28T21:18:26.3033594Z ##[endgroup]
2026-04-28T21:18:26.3034932Z ##[group]Operating System
2026-04-28T21:18:26.3035534Z Ubuntu
2026-04-28T21:18:26.3036047Z 24.04.4
2026-04-28T21:18:26.3036586Z LTS
2026-04-28T21:18:26.3037071Z ##[endgroup]
2026-04-28T21:18:26.3037720Z ##[group]Runner Image
2026-04-28T21:18:26.3038345Z Image: ubuntu-24.04
2026-04-28T21:18:26.3038917Z Version: 20260413.86.1
2026-04-28T21:18:26.3040160Z Included Software: https://github.com/actions/runner-images/blob/ubuntu24/20260413.86/images/ubuntu/Ubuntu2404-Readme.md
2026-04-28T21:18:26.3041591Z Image Release: https://github.com/actions/runner-images/releases/tag/ubuntu24%2F20260413.86
2026-04-28T21:18:26.3042505Z ##[endgroup]
2026-04-28T21:18:26.3043781Z ##[group]GITHUB_TOKEN Permissions
2026-04-28T21:18:26.3045948Z Actions: write
2026-04-28T21:18:26.3046590Z Contents: write
2026-04-28T21:18:26.3047074Z Metadata: read
2026-04-28T21:18:26.3047983Z PullRequests: read
2026-04-28T21:18:26.3048591Z ##[endgroup]
2026-04-28T21:18:26.3050627Z Secret source: Actions
2026-04-28T21:18:26.3051702Z Prepare workflow directory
2026-04-28T21:18:26.3383417Z Prepare all required actions
2026-04-28T21:18:26.3422027Z Getting action download info
2026-04-28T21:18:26.6917477Z Download action repository 'actions/checkout@v4' (SHA:34e114876b0b11c390a56381ad16ebd13914f8d5)
2026-04-28T21:18:26.8823363Z Complete job name: Version Bump & Tag
2026-04-28T21:18:26.9510417Z ##[group]Run set -euo pipefail
2026-04-28T21:18:26.9511165Z [36;1mset -euo pipefail[0m
2026-04-28T21:18:26.9511781Z [36;1mif [ "$EVENT_NAME" = "workflow_dispatch" ]; then[0m
2026-04-28T21:18:26.9512660Z [36;1m  # Manual dispatch path — use the input if provided, otherwise[0m
2026-04-28T21:18:26.9513486Z [36;1m  # walk the latest merged PR on main and target that.[0m
2026-04-28T21:18:26.9514144Z [36;1m  if [ -n "$DISPATCH_PR" ]; then[0m
2026-04-28T21:18:26.9514802Z [36;1m    echo "pr_number=$DISPATCH_PR" >> "$GITHUB_OUTPUT"[0m
2026-04-28T21:18:26.9515487Z [36;1m    echo "found=true" >> "$GITHUB_OUTPUT"[0m
2026-04-28T21:18:26.9516168Z [36;1m    echo "Using PR #$DISPATCH_PR from dispatch input."[0m
2026-04-28T21:18:26.9516819Z [36;1m    exit 0[0m
2026-04-28T21:18:26.9517250Z [36;1m  fi[0m
2026-04-28T21:18:26.9518117Z [36;1m  PR_NUMBER=$(gh pr list --repo "$REPO" --state merged --base main \[0m
2026-04-28T21:18:26.9519019Z [36;1m    --limit 1 --json number -q '.[0].number // empty')[0m
2026-04-28T21:18:26.9519703Z [36;1m  if [ -z "$PR_NUMBER" ]; then[0m
2026-04-28T21:18:26.9520481Z [36;1m    echo "::warning::No merged PRs found on main. Cannot resolve PR; skipping."[0m
2026-04-28T21:18:26.9521315Z [36;1m    echo "found=false" >> "$GITHUB_OUTPUT"[0m
2026-04-28T21:18:26.9521898Z [36;1m    exit 0[0m
2026-04-28T21:18:26.9522327Z [36;1m  fi[0m
2026-04-28T21:18:26.9522826Z [36;1m  echo "pr_number=$PR_NUMBER" >> "$GITHUB_OUTPUT"[0m
2026-04-28T21:18:26.9523488Z [36;1m  echo "found=true" >> "$GITHUB_OUTPUT"[0m
2026-04-28T21:18:26.9524254Z [36;1m  echo "Resolved most-recent merged PR #$PR_NUMBER for dispatch run."[0m
2026-04-28T21:18:26.9524988Z [36;1m  exit 0[0m
2026-04-28T21:18:26.9525408Z [36;1mfi[0m
2026-04-28T21:18:26.9525792Z [36;1m[0m
2026-04-28T21:18:26.9526302Z [36;1m# Path 1 — fast path: pull_requests was populated.[0m
2026-04-28T21:18:26.9527119Z [36;1mPR_NUMBER=$(echo "$PR_JSON" | jq -r '.[0].number // empty')[0m
2026-04-28T21:18:26.9527946Z [36;1mif [ -n "$PR_NUMBER" ]; then[0m
2026-04-28T21:18:26.9528765Z [36;1m  echo "pr_number=$PR_NUMBER" >> "$GITHUB_OUTPUT"[0m
2026-04-28T21:18:26.9529629Z [36;1m  echo "found=true" >> "$GITHUB_OUTPUT"[0m
2026-04-28T21:18:26.9530662Z [36;1m  echo "Resolved PR #$PR_NUMBER from workflow_run payload."[0m
2026-04-28T21:18:26.9531569Z [36;1m  exit 0[0m
2026-04-28T21:18:26.9531973Z [36;1mfi[0m
2026-04-28T21:18:26.9532491Z [36;1m[0m
2026-04-28T21:18:26.9533047Z [36;1m# Path 2 — fallback: look the PR up by HEAD SHA. Works in both[0m
2026-04-28T21:18:26.9533881Z [36;1m# the pre-merge case (auto-merge.yml fires before the squash[0m
2026-04-28T21:18:26.9534731Z [36;1m# actually happens; the open PR still has this commit at its[0m
2026-04-28T21:18:26.9535598Z [36;1m# head) and the post-merge case (GitHub keeps the commit→PR[0m
2026-04-28T21:18:26.9536430Z [36;1m# mapping after squash, so we still resolve correctly even if[0m
2026-04-28T21:18:26.9537405Z [36;1m# the source branch was deleted). The downstream "Wait for PR[0m
2026-04-28T21:18:26.9538225Z [36;1m# to merge" step handles the timing — we only need the PR[0m
2026-04-28T21:18:26.9538915Z [36;1m# number here, not its merge state.[0m
2026-04-28T21:18:26.9539477Z [36;1m#[0m
2026-04-28T21:18:26.9540053Z [36;1m# Deliberately NOT falling back to "most recent merged PR" —[0m
2026-04-28T21:18:26.9540884Z [36;1m# that race-condition-bumps a previously-merged PR if[0m
2026-04-28T21:18:26.9541649Z [36;1m# workflow_run fires before the queued merge lands.[0m
2026-04-28T21:18:26.9542301Z [36;1mif [ -z "$HEAD_SHA" ]; then[0m
2026-04-28T21:18:26.9543095Z [36;1m  echo "::warning::workflow_run.head_sha is empty; cannot resolve PR. Skipping."[0m
2026-04-28T21:18:26.9543984Z [36;1m  echo "found=false" >> "$GITHUB_OUTPUT"[0m
2026-04-28T21:18:26.9544551Z [36;1m  exit 0[0m
2026-04-28T21:18:26.9544964Z [36;1mfi[0m
2026-04-28T21:18:26.9545549Z [36;1m# Capture the API response separately instead of piping through[0m
2026-04-28T21:18:26.9546585Z [36;1m# `gh api --jq` directly. Under `set -euo pipefail`, an empty or[0m
2026-04-28T21:18:26.9547507Z [36;1m# non-JSON response body crashes the embedded jq with[0m
2026-04-28T21:18:26.9548319Z [36;1m# `unexpected end of JSON input` and aborts the whole script[0m
2026-04-28T21:18:26.9549161Z [36;1m# before the empty-result branch below can fire — observed on[0m
2026-04-28T21:18:26.9549986Z [36;1m# PR #857's post-merge run, which silently dropped the version[0m
2026-04-28T21:18:26.9550790Z [36;1m# bump on the floor. The retry loop covers the indexing-lag[0m
2026-04-28T21:18:26.9551594Z [36;1m# window where `commits/{sha}/pulls` returns `[]` for a few[0m
2026-04-28T21:18:26.9552354Z [36;1m# seconds after the squash-merge push lands.[0m
2026-04-28T21:18:26.9552954Z [36;1mPR_NUMBER=""[0m
2026-04-28T21:18:26.9553403Z [36;1mfor attempt in 1 2 3; do[0m
2026-04-28T21:18:26.9553931Z [36;1m  RESPONSE=$(gh api \[0m
2026-04-28T21:18:26.9554493Z [36;1m    "repos/$REPO/commits/$HEAD_SHA/pulls" \[0m
2026-04-28T21:18:26.9555281Z [36;1m    -H "Accept: application/vnd.github+json" 2>/dev/null || echo "[]")[0m
2026-04-28T21:18:26.9556095Z [36;1m  PR_NUMBER=$(printf '%s' "$RESPONSE" | jq -r '[0m
2026-04-28T21:18:26.9556755Z [36;1m    if type == "array" and length > 0 then[0m
2026-04-28T21:18:26.9557737Z [36;1m      (sort_by(.number) | reverse | .[0].number // empty)[0m
2026-04-28T21:18:26.9558431Z [36;1m    else empty end[0m
2026-04-28T21:18:26.9558924Z [36;1m  ' 2>/dev/null || echo "")[0m
2026-04-28T21:18:26.9559494Z [36;1m  [ -n "$PR_NUMBER" ] && break[0m
2026-04-28T21:18:26.9560327Z [36;1m  echo "commits/$HEAD_SHA/pulls returned no PR (attempt $attempt/3); sleeping 5s..."[0m
2026-04-28T21:18:26.9561143Z [36;1m  sleep 5[0m
2026-04-28T21:18:26.9561577Z [36;1mdone[0m
2026-04-28T21:18:26.9562000Z [36;1mif [ -z "$PR_NUMBER" ]; then[0m
2026-04-28T21:18:26.9562896Z [36;1m  echo "::warning::No PR found for commit $HEAD_SHA via commits/{sha}/pulls after 3 attempts. Skipping."[0m
2026-04-28T21:18:26.9563901Z [36;1m  echo "found=false" >> "$GITHUB_OUTPUT"[0m
2026-04-28T21:18:26.9564485Z [36;1m  exit 0[0m
2026-04-28T21:18:26.9564989Z [36;1mfi[0m
2026-04-28T21:18:26.9565659Z [36;1mecho "pr_number=$PR_NUMBER" >> "$GITHUB_OUTPUT"[0m
2026-04-28T21:18:26.9566395Z [36;1mecho "found=true" >> "$GITHUB_OUTPUT"[0m
2026-04-28T21:18:26.9567185Z [36;1mecho "Resolved PR #$PR_NUMBER from commits/$HEAD_SHA/pulls fallback."[0m
2026-04-28T21:18:26.9593721Z shell: /usr/bin/bash -e {0}
2026-04-28T21:18:26.9594459Z env:
2026-04-28T21:18:26.9595116Z   GH_TOKEN: ***
2026-04-28T21:18:26.9595575Z   REPO: averycorp/prismTask
2026-04-28T21:18:26.9596073Z   EVENT_NAME: workflow_run
2026-04-28T21:18:26.9596542Z   PR_JSON: []
2026-04-28T21:18:26.9597014Z   HEAD_SHA: 1349dd5a9200052919723293e6cdf565c791658a
2026-04-28T21:18:26.9597855Z   DISPATCH_PR: 
2026-04-28T21:18:26.9598266Z ##[endgroup]
2026-04-28T21:18:28.0719262Z Resolved PR #908 from commits/1349dd5a9200052919723293e6cdf565c791658a/pulls fallback.
2026-04-28T21:18:28.0892682Z ##[group]Run set -euo pipefail
2026-04-28T21:18:28.0893893Z [36;1mset -euo pipefail[0m
2026-04-28T21:18:28.0895284Z [36;1m# gh pr merge --auto may queue the merge until required checks[0m
2026-04-28T21:18:28.0897042Z [36;1m# pass. Poll until MERGED, CLOSED, or timeout.[0m
2026-04-28T21:18:28.0898515Z [36;1m#[0m
2026-04-28T21:18:28.0899630Z [36;1m# Audit PR #876 → CI pathway efficiency: ceiling raised[0m
2026-04-28T21:18:28.0901396Z [36;1m# 60→120 attempts × 10s = 20 min. Real Android PRs (PR #851[0m
2026-04-28T21:18:28.0903134Z [36;1m# took 37 min from open to merge; PR #859 took 14 min) can[0m
2026-04-28T21:18:28.0904881Z [36;1m# exceed the prior 10-min ceiling because auto-merge.yml[0m
2026-04-28T21:18:28.0906690Z [36;1m# queues on slow lane completion. A silently-dropped bump[0m
2026-04-28T21:18:28.0908717Z [36;1m# (memory `feedback_skip_ci_blocks_tag_release.md`) requires a[0m
2026-04-28T21:18:28.0910646Z [36;1m# manual `gh workflow run release.yml --ref vX.Y.Z` re-fire,[0m
2026-04-28T21:18:28.0912467Z [36;1m# which is a real recovery cost. 20 min covers all observed[0m
2026-04-28T21:18:28.0914204Z [36;1m# PR lifecycles in the audit window without expanding[0m
2026-04-28T21:18:28.0916144Z [36;1m# workflow_run resource cost meaningfully (idle polling).[0m
2026-04-28T21:18:28.0917828Z [36;1mfor i in $(seq 1 120); do[0m
2026-04-28T21:18:28.0919371Z [36;1m  STATE=$(gh pr view "$PR_NUMBER" --repo "$REPO" --json state -q '.state')[0m
2026-04-28T21:18:28.0921021Z [36;1m  case "$STATE" in[0m
2026-04-28T21:18:28.0922027Z [36;1m    MERGED)[0m
2026-04-28T21:18:28.0923722Z [36;1m      MERGE_SHA=$(gh pr view "$PR_NUMBER" --repo "$REPO" --json mergeCommit -q '.mergeCommit.oid')[0m
2026-04-28T21:18:28.0925756Z [36;1m      echo "merged=true" >> "$GITHUB_OUTPUT"[0m
2026-04-28T21:18:28.0927242Z [36;1m      echo "merge_sha=$MERGE_SHA" >> "$GITHUB_OUTPUT"[0m
2026-04-28T21:18:28.0928823Z [36;1m      echo "PR merged at $MERGE_SHA"[0m
2026-04-28T21:18:28.0930024Z [36;1m      exit 0[0m
2026-04-28T21:18:28.0930928Z [36;1m      ;;[0m
2026-04-28T21:18:28.0931777Z [36;1m    CLOSED)[0m
2026-04-28T21:18:28.0932822Z [36;1m      echo "merged=false" >> "$GITHUB_OUTPUT"[0m
2026-04-28T21:18:28.0934330Z [36;1m      echo "PR closed without merging — skipping bump."[0m
2026-04-28T21:18:28.0935700Z [36;1m      exit 0[0m
2026-04-28T21:18:28.0936608Z [36;1m      ;;[0m
2026-04-28T21:18:28.0937554Z [36;1m    *)[0m
2026-04-28T21:18:28.0938690Z [36;1m      echo "PR state=$STATE (attempt $i/120); sleeping 10s..."[0m
2026-04-28T21:18:28.0940134Z [36;1m      sleep 10[0m
2026-04-28T21:18:28.0941073Z [36;1m      ;;[0m
2026-04-28T21:18:28.0941925Z [36;1m  esac[0m
2026-04-28T21:18:28.0942772Z [36;1mdone[0m
2026-04-28T21:18:28.0943740Z [36;1mecho "merged=false" >> "$GITHUB_OUTPUT"[0m
2026-04-28T21:18:28.0945567Z [36;1mecho "::warning::PR did not reach MERGED within 20 minutes — skipping bump."[0m
2026-04-28T21:18:28.0972652Z shell: /usr/bin/bash -e {0}
2026-04-28T21:18:28.0973693Z env:
2026-04-28T21:18:28.0974975Z   GH_TOKEN: ***
2026-04-28T21:18:28.0975839Z   PR_NUMBER: 908
2026-04-28T21:18:28.0976724Z   REPO: averycorp/prismTask
2026-04-28T21:18:28.0978124Z ##[endgroup]
2026-04-28T21:18:28.6929414Z PR merged at a3cb702e370d70e29fd18622e4e3b9d8ff8e6560
2026-04-28T21:18:28.7068042Z ##[group]Run actions/checkout@v4
2026-04-28T21:18:28.7068421Z with:
2026-04-28T21:18:28.7069167Z   token: ***
2026-04-28T21:18:28.7069475Z   ref: a3cb702e370d70e29fd18622e4e3b9d8ff8e6560
2026-04-28T21:18:28.7069854Z   fetch-depth: 0
2026-04-28T21:18:28.7070143Z   repository: averycorp/prismTask
2026-04-28T21:18:28.7070469Z   ssh-strict: true
2026-04-28T21:18:28.7070726Z   ssh-user: git
2026-04-28T21:18:28.7071001Z   persist-credentials: true
2026-04-28T21:18:28.7071303Z   clean: true
2026-04-28T21:18:28.7071568Z   sparse-checkout-cone-mode: true
2026-04-28T21:18:28.7071898Z   fetch-tags: false
2026-04-28T21:18:28.7072166Z   show-progress: true
2026-04-28T21:18:28.7072446Z   lfs: false
2026-04-28T21:18:28.7072712Z   submodules: false
2026-04-28T21:18:28.7072976Z   set-safe-directory: true
2026-04-28T21:18:28.7073301Z ##[endgroup]
2026-04-28T21:18:28.8137224Z Syncing repository: averycorp/prismTask
2026-04-28T21:18:28.8139081Z ##[group]Getting Git version info
2026-04-28T21:18:28.8139660Z Working directory is '/home/runner/work/prismTask/prismTask'
2026-04-28T21:18:28.8140371Z [command]/usr/bin/git version
2026-04-28T21:18:28.8191410Z git version 2.53.0
2026-04-28T21:18:28.8215635Z ##[endgroup]
2026-04-28T21:18:28.8229380Z Temporarily overriding HOME='/home/runner/work/_temp/13ffba1c-e49f-431f-a08d-8eb2a62b03e4' before making global git config changes
2026-04-28T21:18:28.8230372Z Adding repository directory to the temporary git global config as a safe directory
2026-04-28T21:18:28.8234574Z [command]/usr/bin/git config --global --add safe.directory /home/runner/work/prismTask/prismTask
2026-04-28T21:18:28.8266435Z Deleting the contents of '/home/runner/work/prismTask/prismTask'
2026-04-28T21:18:28.8270144Z ##[group]Initializing the repository
2026-04-28T21:18:28.8274040Z [command]/usr/bin/git init /home/runner/work/prismTask/prismTask
2026-04-28T21:18:28.8332336Z hint: Using 'master' as the name for the initial branch. This default branch name
2026-04-28T21:18:28.8333434Z hint: will change to "main" in Git 3.0. To configure the initial branch name
2026-04-28T21:18:28.8334446Z hint: to use in all of your new repositories, which will suppress this warning,
2026-04-28T21:18:28.8335238Z hint: call:
2026-04-28T21:18:28.8335662Z hint:
2026-04-28T21:18:28.8336212Z hint: 	git config --global init.defaultBranch <name>
2026-04-28T21:18:28.8336885Z hint:
2026-04-28T21:18:28.8337780Z hint: Names commonly chosen instead of 'master' are 'main', 'trunk' and
2026-04-28T21:18:28.8338797Z hint: 'development'. The just-created branch can be renamed via this command:
2026-04-28T21:18:28.8339589Z hint:
2026-04-28T21:18:28.8340028Z hint: 	git branch -m <name>
2026-04-28T21:18:28.8340512Z hint:
2026-04-28T21:18:28.8341178Z hint: Disable this message with "git config set advice.defaultBranchName false"
2026-04-28T21:18:28.8342252Z Initialized empty Git repository in /home/runner/work/prismTask/prismTask/.git/
2026-04-28T21:18:28.8346397Z [command]/usr/bin/git remote add origin https://github.com/averycorp/prismTask
2026-04-28T21:18:28.8377671Z ##[endgroup]
2026-04-28T21:18:28.8378314Z ##[group]Disabling automatic garbage collection
2026-04-28T21:18:28.8381970Z [command]/usr/bin/git config --local gc.auto 0
2026-04-28T21:18:28.8410795Z ##[endgroup]
2026-04-28T21:18:28.8411414Z ##[group]Setting up auth
2026-04-28T21:18:28.8417534Z [command]/usr/bin/git config --local --name-only --get-regexp core\.sshCommand
2026-04-28T21:18:28.8448220Z [command]/usr/bin/git submodule foreach --recursive sh -c "git config --local --name-only --get-regexp 'core\.sshCommand' && git config --local --unset-all 'core.sshCommand' || :"
2026-04-28T21:18:28.8732646Z [command]/usr/bin/git config --local --name-only --get-regexp http\.https\:\/\/github\.com\/\.extraheader
2026-04-28T21:18:28.8762577Z [command]/usr/bin/git submodule foreach --recursive sh -c "git config --local --name-only --get-regexp 'http\.https\:\/\/github\.com\/\.extraheader' && git config --local --unset-all 'http.https://github.com/.extraheader' || :"
2026-04-28T21:18:28.8992027Z [command]/usr/bin/git config --local --name-only --get-regexp ^includeIf\.gitdir:
2026-04-28T21:18:28.9023076Z [command]/usr/bin/git submodule foreach --recursive git config --local --show-origin --name-only --get-regexp remote.origin.url
2026-04-28T21:18:28.9256652Z [command]/usr/bin/git config --local http.https://github.com/.extraheader AUTHORIZATION: basic ***
2026-04-28T21:18:28.9291840Z ##[endgroup]
2026-04-28T21:18:28.9292640Z ##[group]Fetching the repository
2026-04-28T21:18:28.9300627Z [command]/usr/bin/git -c protocol.version=2 fetch --prune --no-recurse-submodules origin +refs/heads/*:refs/remotes/origin/* +refs/tags/*:refs/tags/*
2026-04-28T21:18:47.7643996Z From https://github.com/averycorp/prismTask
2026-04-28T21:18:47.7644657Z  * [new branch]        ci-logs                 -> origin/ci-logs
2026-04-28T21:18:47.7645285Z  * [new branch]        feat/billing-schema-022 -> origin/feat/billing-schema-022
2026-04-28T21:18:47.7646157Z  * [new branch]        main                    -> origin/main
2026-04-28T21:18:47.7651095Z  * [new branch]        v0.1.0-legacy           -> origin/v0.1.0-legacy
2026-04-28T21:18:47.7652065Z  * [new branch]        v0.2.0-legacy           -> origin/v0.2.0-legacy
2026-04-28T21:18:47.7652901Z  * [new branch]        v0.3.0-legacy           -> origin/v0.3.0-legacy
2026-04-28T21:18:47.7653656Z  * [new branch]        v0.4.0-legacy           -> origin/v0.4.0-legacy
2026-04-28T21:18:47.7654429Z  * [new branch]        v0.5.0-legacy           -> origin/v0.5.0-legacy
2026-04-28T21:18:47.7655244Z  * [new branch]        v0.6.0-legacy           -> origin/v0.6.0-legacy
2026-04-28T21:18:47.7656033Z  * [new branch]        v0.7.0-legacy           -> origin/v0.7.0-legacy
2026-04-28T21:18:47.7728769Z  * [new tag]           v0.1.0                  -> v0.1.0
2026-04-28T21:18:47.7729462Z  * [new tag]           v0.2.0                  -> v0.2.0
2026-04-28T21:18:47.7732926Z  * [new tag]           v0.3.0                  -> v0.3.0
2026-04-28T21:18:47.7733549Z  * [new tag]           v0.4.0                  -> v0.4.0
2026-04-28T21:18:47.7734020Z  * [new tag]           v0.5.0                  -> v0.5.0
2026-04-28T21:18:47.7734462Z  * [new tag]           v0.7.0                  -> v0.7.0
2026-04-28T21:18:47.7734955Z  * [new tag]           v0.7.12                 -> v0.7.12
2026-04-28T21:18:47.7735410Z  * [new tag]           v0.7.13                 -> v0.7.13
2026-04-28T21:18:47.7735858Z  * [new tag]           v0.7.14                 -> v0.7.14
2026-04-28T21:18:47.7736303Z  * [new tag]           v0.7.15                 -> v0.7.15
2026-04-28T21:18:47.7736753Z  * [new tag]           v0.7.16                 -> v0.7.16
2026-04-28T21:18:47.7737202Z  * [new tag]           v0.7.17                 -> v0.7.17
2026-04-28T21:18:47.7737874Z  * [new tag]           v0.7.17-build.2         -> v0.7.17-build.2
2026-04-28T21:18:47.7738419Z  * [new tag]           v0.7.17-build.3         -> v0.7.17-build.3
2026-04-28T21:18:47.7738937Z  * [new tag]           v0.7.17-build.4         -> v0.7.17-build.4
2026-04-28T21:18:47.7739441Z  * [new tag]           v0.7.17-build.5         -> v0.7.17-build.5
2026-04-28T21:18:47.7739949Z  * [new tag]           v0.7.17-build.6         -> v0.7.17-build.6
2026-04-28T21:18:47.7740472Z  * [new tag]           v0.7.17-build.7         -> v0.7.17-build.7
2026-04-28T21:18:47.7741044Z  * [new tag]           v0.7.17-build.8         -> v0.7.17-build.8
2026-04-28T21:18:47.7741573Z  * [new tag]           v0.7.17-build.9         -> v0.7.17-build.9
2026-04-28T21:18:47.7742064Z  * [new tag]           v0.7.18                 -> v0.7.18
2026-04-28T21:18:47.7742534Z  * [new tag]           v0.7.18-build.2         -> v0.7.18-build.2
2026-04-28T21:18:47.7743026Z  * [new tag]           v0.7.18-build.3         -> v0.7.18-build.3
2026-04-28T21:18:47.7743534Z  * [new tag]           v0.7.18-build.4         -> v0.7.18-build.4
2026-04-28T21:18:47.7744039Z  * [new tag]           v0.7.19                 -> v0.7.19
2026-04-28T21:18:47.7744822Z  * [new tag]           v0.7.19-build.2         -> v0.7.19-build.2
2026-04-28T21:18:47.7745499Z  * [new tag]           v0.7.20                 -> v0.7.20
2026-04-28T21:18:47.7745986Z  * [new tag]           v0.7.20-build.2         -> v0.7.20-build.2
2026-04-28T21:18:47.7746489Z  * [new tag]           v0.7.20-build.3         -> v0.7.20-build.3
2026-04-28T21:18:47.7746998Z  * [new tag]           v0.7.20-build.4         -> v0.7.20-build.4
2026-04-28T21:18:47.7747662Z  * [new tag]           v0.8.0                  -> v0.8.0
2026-04-28T21:18:47.7748144Z  * [new tag]           v0.8.0-build.2          -> v0.8.0-build.2
2026-04-28T21:18:47.7748643Z  * [new tag]           v0.8.1                  -> v0.8.1
2026-04-28T21:18:47.7749097Z  * [new tag]           v0.8.10                 -> v0.8.10
2026-04-28T21:18:47.7749547Z  * [new tag]           v0.8.11                 -> v0.8.11
2026-04-28T21:18:47.7749988Z  * [new tag]           v0.8.12                 -> v0.8.12
2026-04-28T21:18:47.7750451Z  * [new tag]           v0.8.13                 -> v0.8.13
2026-04-28T21:18:47.7750910Z  * [new tag]           v0.8.14                 -> v0.8.14
2026-04-28T21:18:47.7751352Z  * [new tag]           v0.8.15                 -> v0.8.15
2026-04-28T21:18:47.7751797Z  * [new tag]           v0.8.2                  -> v0.8.2
2026-04-28T21:18:47.7752242Z  * [new tag]           v0.8.3                  -> v0.8.3
2026-04-28T21:18:47.7752679Z  * [new tag]           v0.8.4                  -> v0.8.4
2026-04-28T21:18:47.7753122Z  * [new tag]           v0.8.5                  -> v0.8.5
2026-04-28T21:18:47.7753560Z  * [new tag]           v0.8.6                  -> v0.8.6
2026-04-28T21:18:47.7753997Z  * [new tag]           v0.8.7                  -> v0.8.7
2026-04-28T21:18:47.7754461Z  * [new tag]           v0.8.8                  -> v0.8.8
2026-04-28T21:18:47.7754911Z  * [new tag]           v0.8.9                  -> v0.8.9
2026-04-28T21:18:47.7755356Z  * [new tag]           v0.9.1                  -> v0.9.1
2026-04-28T21:18:47.7755800Z  * [new tag]           v0.9.2                  -> v0.9.2
2026-04-28T21:18:47.7756254Z  * [new tag]           v1.0.1                  -> v1.0.1
2026-04-28T21:18:47.7756733Z  * [new tag]           v1.0.10                 -> v1.0.10
2026-04-28T21:18:47.7757191Z  * [new tag]           v1.0.11                 -> v1.0.11
2026-04-28T21:18:47.7757799Z  * [new tag]           v1.0.12                 -> v1.0.12
2026-04-28T21:18:47.7758247Z  * [new tag]           v1.0.13                 -> v1.0.13
2026-04-28T21:18:47.7758716Z  * [new tag]           v1.0.2                  -> v1.0.2
2026-04-28T21:18:47.7759221Z  * [new tag]           v1.0.3                  -> v1.0.3
2026-04-28T21:18:47.7759668Z  * [new tag]           v1.0.4                  -> v1.0.4
2026-04-28T21:18:47.7760111Z  * [new tag]           v1.0.5                  -> v1.0.5
2026-04-28T21:18:47.7760539Z  * [new tag]           v1.0.6                  -> v1.0.6
2026-04-28T21:18:47.7760982Z  * [new tag]           v1.0.7                  -> v1.0.7
2026-04-28T21:18:47.7761439Z  * [new tag]           v1.0.8                  -> v1.0.8
2026-04-28T21:18:47.7761878Z  * [new tag]           v1.0.9                  -> v1.0.9
2026-04-28T21:18:47.7762307Z  * [new tag]           v1.1.1                  -> v1.1.1
2026-04-28T21:18:47.7762788Z  * [new tag]           v1.1.1-build.2          -> v1.1.1-build.2
2026-04-28T21:18:47.7763306Z  * [new tag]           v1.1.1-build.3          -> v1.1.1-build.3
2026-04-28T21:18:47.7763804Z  * [new tag]           v1.1.1-build.4          -> v1.1.1-build.4
2026-04-28T21:18:47.7764279Z  * [new tag]           v1.1.10                 -> v1.1.10
2026-04-28T21:18:47.7764730Z  * [new tag]           v1.1.11                 -> v1.1.11
2026-04-28T21:18:47.7765166Z  * [new tag]           v1.1.12                 -> v1.1.12
2026-04-28T21:18:47.7765695Z  * [new tag]           v1.1.2                  -> v1.1.2
2026-04-28T21:18:47.7766140Z  * [new tag]           v1.1.3                  -> v1.1.3
2026-04-28T21:18:47.7766587Z  * [new tag]           v1.1.4                  -> v1.1.4
2026-04-28T21:18:47.7767174Z  * [new tag]           v1.1.5                  -> v1.1.5
2026-04-28T21:18:47.7767910Z  * [new tag]           v1.1.6                  -> v1.1.6
2026-04-28T21:18:47.7768357Z  * [new tag]           v1.1.7                  -> v1.1.7
2026-04-28T21:18:47.7768790Z  * [new tag]           v1.1.8                  -> v1.1.8
2026-04-28T21:18:47.7769223Z  * [new tag]           v1.1.9                  -> v1.1.9
2026-04-28T21:18:47.7769670Z  * [new tag]           v1.3.0                  -> v1.3.0
2026-04-28T21:18:47.7770101Z  * [new tag]           v1.3.1                  -> v1.3.1
2026-04-28T21:18:47.7770543Z  * [new tag]           v1.3.10                 -> v1.3.10
2026-04-28T21:18:47.7770993Z  * [new tag]           v1.3.11                 -> v1.3.11
2026-04-28T21:18:47.7771467Z  * [new tag]           v1.3.11-build.2         -> v1.3.11-build.2
2026-04-28T21:18:47.7771967Z  * [new tag]           v1.3.12                 -> v1.3.12
2026-04-28T21:18:47.7772431Z  * [new tag]           v1.3.13                 -> v1.3.13
2026-04-28T21:18:47.7772921Z  * [new tag]           v1.3.13-build.2         -> v1.3.13-build.2
2026-04-28T21:18:47.7773398Z  * [new tag]           v1.3.14                 -> v1.3.14
2026-04-28T21:18:47.7773841Z  * [new tag]           v1.3.15                 -> v1.3.15
2026-04-28T21:18:47.7774281Z  * [new tag]           v1.3.16                 -> v1.3.16
2026-04-28T21:18:47.7774726Z  * [new tag]           v1.3.17                 -> v1.3.17
2026-04-28T21:18:47.7775172Z  * [new tag]           v1.3.18                 -> v1.3.18
2026-04-28T21:18:47.7775625Z  * [new tag]           v1.3.19                 -> v1.3.19
2026-04-28T21:18:47.7776068Z  * [new tag]           v1.3.2                  -> v1.3.2
2026-04-28T21:18:47.7776540Z  * [new tag]           v1.3.20                 -> v1.3.20
2026-04-28T21:18:47.7776985Z  * [new tag]           v1.3.21                 -> v1.3.21
2026-04-28T21:18:47.7777581Z  * [new tag]           v1.3.22                 -> v1.3.22
2026-04-28T21:18:47.7778043Z  * [new tag]           v1.3.23                 -> v1.3.23
2026-04-28T21:18:47.7778511Z  * [new tag]           v1.3.24                 -> v1.3.24
2026-04-28T21:18:47.7778958Z  * [new tag]           v1.3.25                 -> v1.3.25
2026-04-28T21:18:47.7779401Z  * [new tag]           v1.3.26                 -> v1.3.26
2026-04-28T21:18:47.7779841Z  * [new tag]           v1.3.27                 -> v1.3.27
2026-04-28T21:18:47.7780292Z  * [new tag]           v1.3.28                 -> v1.3.28
2026-04-28T21:18:47.7780733Z  * [new tag]           v1.3.29                 -> v1.3.29
2026-04-28T21:18:47.7781182Z  * [new tag]           v1.3.3                  -> v1.3.3
2026-04-28T21:18:47.7781628Z  * [new tag]           v1.3.30                 -> v1.3.30
2026-04-28T21:18:47.7782063Z  * [new tag]           v1.3.31                 -> v1.3.31
2026-04-28T21:18:47.7782515Z  * [new tag]           v1.3.32                 -> v1.3.32
2026-04-28T21:18:47.7782962Z  * [new tag]           v1.3.33                 -> v1.3.33
2026-04-28T21:18:47.7783409Z  * [new tag]           v1.3.34                 -> v1.3.34
2026-04-28T21:18:47.7783855Z  * [new tag]           v1.3.35                 -> v1.3.35
2026-04-28T21:18:47.7784304Z  * [new tag]           v1.3.36                 -> v1.3.36
2026-04-28T21:18:47.7784751Z  * [new tag]           v1.3.37                 -> v1.3.37
2026-04-28T21:18:47.7785185Z  * [new tag]           v1.3.38                 -> v1.3.38
2026-04-28T21:18:47.7785631Z  * [new tag]           v1.3.39                 -> v1.3.39
2026-04-28T21:18:47.7786077Z  * [new tag]           v1.3.4                  -> v1.3.4
2026-04-28T21:18:47.7786512Z  * [new tag]           v1.3.40                 -> v1.3.40
2026-04-28T21:18:47.7786963Z  * [new tag]           v1.3.41                 -> v1.3.41
2026-04-28T21:18:47.7787549Z  * [new tag]           v1.3.42                 -> v1.3.42
2026-04-28T21:18:47.7787995Z  * [new tag]           v1.3.43                 -> v1.3.43
2026-04-28T21:18:47.7788486Z  * [new tag]           v1.3.44                 -> v1.3.44
2026-04-28T21:18:47.7789082Z  * [new tag]           v1.3.45                 -> v1.3.45
2026-04-28T21:18:47.7789660Z  * [new tag]           v1.3.46                 -> v1.3.46
2026-04-28T21:18:47.7790096Z  * [new tag]           v1.3.47                 -> v1.3.47
2026-04-28T21:18:47.7790532Z  * [new tag]           v1.3.48                 -> v1.3.48
2026-04-28T21:18:47.7790978Z  * [new tag]           v1.3.49                 -> v1.3.49
2026-04-28T21:18:47.7791428Z  * [new tag]           v1.3.5                  -> v1.3.5
2026-04-28T21:18:47.7791899Z  * [new tag]           v1.3.5-build.2          -> v1.3.5-build.2
2026-04-28T21:18:47.7792386Z  * [new tag]           v1.3.50                 -> v1.3.50
2026-04-28T21:18:47.7792836Z  * [new tag]           v1.3.51                 -> v1.3.51
2026-04-28T21:18:47.7793281Z  * [new tag]           v1.3.52                 -> v1.3.52
2026-04-28T21:18:47.7793725Z  * [new tag]           v1.3.53                 -> v1.3.53
2026-04-28T21:18:47.7794179Z  * [new tag]           v1.3.54                 -> v1.3.54
2026-04-28T21:18:47.7794621Z  * [new tag]           v1.3.55                 -> v1.3.55
2026-04-28T21:18:47.7795058Z  * [new tag]           v1.3.56                 -> v1.3.56
2026-04-28T21:18:47.7795499Z  * [new tag]           v1.3.57                 -> v1.3.57
2026-04-28T21:18:47.7795952Z  * [new tag]           v1.3.58                 -> v1.3.58
2026-04-28T21:18:47.7796387Z  * [new tag]           v1.3.59                 -> v1.3.59
2026-04-28T21:18:47.7796833Z  * [new tag]           v1.3.6                  -> v1.3.6
2026-04-28T21:18:47.7797441Z  * [new tag]           v1.3.60                 -> v1.3.60
2026-04-28T21:18:47.7797890Z  * [new tag]           v1.3.61                 -> v1.3.61
2026-04-28T21:18:47.7798335Z  * [new tag]           v1.3.62                 -> v1.3.62
2026-04-28T21:18:47.7798779Z  * [new tag]           v1.3.7                  -> v1.3.7
2026-04-28T21:18:47.7799215Z  * [new tag]           v1.3.8                  -> v1.3.8
2026-04-28T21:18:47.7799667Z  * [new tag]           v1.3.9                  -> v1.3.9
2026-04-28T21:18:47.7800114Z  * [new tag]           v1.4.40                 -> v1.4.40
2026-04-28T21:18:47.7800562Z  * [new tag]           v1.5.0                  -> v1.5.0
2026-04-28T21:18:47.7801011Z  * [new tag]           v1.5.2                  -> v1.5.2
2026-04-28T21:18:47.7801454Z  * [new tag]           v1.5.3                  -> v1.5.3
2026-04-28T21:18:47.7801903Z  * [new tag]           v1.6.0                  -> v1.6.0
2026-04-28T21:18:47.7802351Z  * [new tag]           v1.7.0                  -> v1.7.0
2026-04-28T21:18:47.7802795Z  * [new tag]           v1.7.37                 -> v1.7.37
2026-04-28T21:18:47.7803238Z  * [new tag]           v1.7.38                 -> v1.7.38
2026-04-28T21:18:47.7803675Z  * [new tag]           v1.7.39                 -> v1.7.39
2026-04-28T21:18:47.7804134Z  * [new tag]           v1.7.40                 -> v1.7.40
2026-04-28T21:18:47.7804570Z  * [new tag]           v1.7.41                 -> v1.7.41
2026-04-28T21:18:47.7805004Z  * [new tag]           v1.7.42                 -> v1.7.42
2026-04-28T21:18:47.7805449Z  * [new tag]           v1.7.43                 -> v1.7.43
2026-04-28T21:18:47.7805880Z  * [new tag]           v1.7.44                 -> v1.7.44
2026-04-28T21:18:47.7806294Z  * [new tag]           v1.7.45                 -> v1.7.45
2026-04-28T21:18:47.7806774Z  * [new tag]           v1.7.46                 -> v1.7.46
2026-04-28T21:18:47.7807201Z  * [new tag]           v1.7.47                 -> v1.7.47
2026-04-28T21:18:47.7807897Z  * [new tag]           v1.7.48                 -> v1.7.48
2026-04-28T21:18:47.7808327Z  * [new tag]           v1.7.49                 -> v1.7.49
2026-04-28T21:18:47.7808765Z  * [new tag]           v1.7.50                 -> v1.7.50
2026-04-28T21:18:47.7809199Z  * [new tag]           v1.7.51                 -> v1.7.51
2026-04-28T21:18:47.7809630Z  * [new tag]           v1.7.52                 -> v1.7.52
2026-04-28T21:18:47.7810076Z  * [new tag]           v1.7.53                 -> v1.7.53
2026-04-28T21:18:47.7810769Z  * [new tag]           v1.7.54                 -> v1.7.54
2026-04-28T21:18:47.7811349Z  * [new tag]           v1.7.55                 -> v1.7.55
2026-04-28T21:18:47.7811796Z  * [new tag]           v1.7.56                 -> v1.7.56
2026-04-28T21:18:47.7812252Z  * [new tag]           v1.7.57                 -> v1.7.57
2026-04-28T21:18:47.7812718Z  * [new tag]           v1.7.58                 -> v1.7.58
2026-04-28T21:18:47.7813171Z  * [new tag]           v1.7.59                 -> v1.7.59
2026-04-28T21:18:47.7813623Z  * [new tag]           v1.7.60                 -> v1.7.60
2026-04-28T21:18:47.7814069Z  * [new tag]           v1.7.61                 -> v1.7.61
2026-04-28T21:18:47.7814504Z  * [new tag]           v1.7.62                 -> v1.7.62
2026-04-28T21:18:47.7814951Z  * [new tag]           v1.7.63                 -> v1.7.63
2026-04-28T21:18:47.7815405Z  * [new tag]           v1.7.64                 -> v1.7.64
2026-04-28T21:18:47.7815831Z  * [new tag]           v1.7.65                 -> v1.7.65
2026-04-28T21:18:47.7816292Z  * [new tag]           v1.7.66                 -> v1.7.66
2026-04-28T21:18:47.7816740Z  * [new tag]           v1.7.67                 -> v1.7.67
2026-04-28T21:18:47.7817180Z  * [new tag]           v1.7.68                 -> v1.7.68
2026-04-28T21:18:47.7817809Z  * [new tag]           v1.7.69                 -> v1.7.69
2026-04-28T21:18:47.7818265Z  * [new tag]           v1.7.70                 -> v1.7.70
2026-04-28T21:18:47.7818713Z  * [new tag]           v1.7.71                 -> v1.7.71
2026-04-28T21:18:47.7819157Z  * [new tag]           v1.7.72                 -> v1.7.72
2026-04-28T21:18:47.7819593Z  * [new tag]           v1.7.73                 -> v1.7.73
2026-04-28T21:18:47.7820032Z  * [new tag]           v1.7.74                 -> v1.7.74
2026-04-28T21:18:47.7820472Z  * [new tag]           v1.7.75                 -> v1.7.75
2026-04-28T21:18:47.7820912Z  * [new tag]           v1.7.76                 -> v1.7.76
2026-04-28T21:18:47.7821358Z  * [new tag]           v1.7.77                 -> v1.7.77
2026-04-28T21:18:47.7821806Z  * [new tag]           v1.7.78                 -> v1.7.78
2026-04-28T21:18:47.7822250Z  * [new tag]           v1.7.79                 -> v1.7.79
2026-04-28T21:18:47.7822684Z  * [new tag]           v1.7.80                 -> v1.7.80
2026-04-28T21:18:47.7823131Z  * [new tag]           v1.7.81                 -> v1.7.81
2026-04-28T21:18:47.7823571Z  * [new tag]           v1.7.82                 -> v1.7.82
2026-04-28T21:18:47.7824002Z  * [new tag]           v1.7.83                 -> v1.7.83
2026-04-28T21:18:47.7906100Z [command]/usr/bin/git rev-parse --verify --quiet a3cb702e370d70e29fd18622e4e3b9d8ff8e6560^{object}
2026-04-28T21:18:47.7930655Z a3cb702e370d70e29fd18622e4e3b9d8ff8e6560
2026-04-28T21:18:47.7935506Z ##[endgroup]
2026-04-28T21:18:47.7936047Z ##[group]Determining the checkout info
2026-04-28T21:18:47.7937162Z ##[endgroup]
2026-04-28T21:18:47.7942529Z [command]/usr/bin/git sparse-checkout disable
2026-04-28T21:18:47.7979689Z [command]/usr/bin/git config --local --unset-all extensions.worktreeConfig
2026-04-28T21:18:47.8006512Z ##[group]Checking out the ref
2026-04-28T21:18:47.8011107Z [command]/usr/bin/git checkout --progress --force a3cb702e370d70e29fd18622e4e3b9d8ff8e6560
2026-04-28T21:18:48.0640027Z Note: switching to 'a3cb702e370d70e29fd18622e4e3b9d8ff8e6560'.
2026-04-28T21:18:48.0640483Z 
2026-04-28T21:18:48.0640773Z You are in 'detached HEAD' state. You can look around, make experimental
2026-04-28T21:18:48.0641500Z changes and commit them, and you can discard any commits you make in this
2026-04-28T21:18:48.0642190Z state without impacting any branches by switching back to a branch.
2026-04-28T21:18:48.0642603Z 
2026-04-28T21:18:48.0642857Z If you want to create a new branch to retain commits you create, you may
2026-04-28T21:18:48.0643517Z do so (now or later) by using -c with the switch command. Example:
2026-04-28T21:18:48.0643901Z 
2026-04-28T21:18:48.0644059Z   git switch -c <new-branch-name>
2026-04-28T21:18:48.0644676Z 
2026-04-28T21:18:48.0644810Z Or undo this operation with:
2026-04-28T21:18:48.0645061Z 
2026-04-28T21:18:48.0645366Z   git switch -
2026-04-28T21:18:48.0645542Z 
2026-04-28T21:18:48.0645837Z Turn off this advice by setting config variable advice.detachedHead to false
2026-04-28T21:18:48.0646278Z 
2026-04-28T21:18:48.0646662Z HEAD is now at a3cb702e Merge pull request #908 from averycorp/feat/time-tracking-aggregator
2026-04-28T21:18:48.0673359Z ##[endgroup]
2026-04-28T21:18:48.0716370Z [command]/usr/bin/git log -1 --format=%H
2026-04-28T21:18:48.0740506Z a3cb702e370d70e29fd18622e4e3b9d8ff8e6560
2026-04-28T21:18:48.0855917Z ##[group]Run set -euo pipefail
2026-04-28T21:18:48.0856232Z [36;1mset -euo pipefail[0m
2026-04-28T21:18:48.0856558Z [36;1m# Switch off the detached merge-sha checkout onto a local branch[0m
2026-04-28T21:18:48.0856998Z [36;1m# tracking main so the later `git push HEAD:main` has somewhere[0m
2026-04-28T21:18:48.0857650Z [36;1m# to go. Fetch the latest main first so we bump from the tip the[0m
2026-04-28T21:18:48.0858090Z [36;1m# push will target — otherwise a concurrent PR's bump from a[0m
2026-04-28T21:18:48.0858501Z [36;1m# queued run ahead of us would get overwritten.[0m
2026-04-28T21:18:48.0858799Z [36;1mgit fetch origin main[0m
2026-04-28T21:18:48.0859043Z [36;1mgit checkout -B main origin/main[0m
2026-04-28T21:18:48.0859285Z [36;1m[0m
2026-04-28T21:18:48.0859641Z [36;1mCURRENT_CODE=$(grep -oP 'versionCode\s*=\s*\K[0-9]+' app/build.gradle.kts | head -1)[0m
2026-04-28T21:18:48.0860055Z [36;1mNEW_CODE=$(( CURRENT_CODE + 1 ))[0m
2026-04-28T21:18:48.0860460Z [36;1msed -i "s/versionCode = [0-9]*/versionCode = $NEW_CODE/" app/build.gradle.kts[0m
2026-04-28T21:18:48.0860820Z [36;1m[0m
2026-04-28T21:18:48.0861129Z [36;1mCURRENT_NAME=$(grep -oP 'versionName\s*=\s*"\K[^"]+' app/build.gradle.kts | head -1)[0m
2026-04-28T21:18:48.0861558Z [36;1mMAJOR=$(echo "$CURRENT_NAME" | cut -d. -f1)[0m
2026-04-28T21:18:48.0861866Z [36;1mMINOR=$(echo "$CURRENT_NAME" | cut -d. -f2)[0m
2026-04-28T21:18:48.0862158Z [36;1mPATCH=$(echo "$CURRENT_NAME" | cut -d. -f3)[0m
2026-04-28T21:18:48.0862432Z [36;1mNEW_PATCH=$(( PATCH + 1 ))[0m
2026-04-28T21:18:48.0862708Z [36;1mNEW_NAME="${MAJOR}.${MINOR}.${NEW_PATCH}"[0m
2026-04-28T21:18:48.0863149Z [36;1msed -i "s/versionName = \"${CURRENT_NAME}\"/versionName = \"${NEW_NAME}\"/" app/build.gradle.kts[0m
2026-04-28T21:18:48.0863562Z [36;1m[0m
2026-04-28T21:18:48.0863793Z [36;1mecho "version_name=$NEW_NAME" >> "$GITHUB_OUTPUT"[0m
2026-04-28T21:18:48.0864131Z [36;1mecho "version_code=$NEW_CODE" >> "$GITHUB_OUTPUT"[0m
2026-04-28T21:18:48.0864470Z [36;1mecho "Bumping to v$NEW_NAME (build $NEW_CODE)"[0m
2026-04-28T21:18:48.0886706Z shell: /usr/bin/bash -e {0}
2026-04-28T21:18:48.0886952Z ##[endgroup]
2026-04-28T21:18:48.3869783Z From https://github.com/averycorp/prismTask
2026-04-28T21:18:48.3870335Z  * branch              main       -> FETCH_HEAD
2026-04-28T21:18:48.4344309Z Switched to a new branch 'main'
2026-04-28T21:18:48.4345779Z branch 'main' set up to track 'origin/main'.
2026-04-28T21:18:48.4481388Z Bumping to v1.7.84 (build 784)
2026-04-28T21:18:48.4529312Z ##[group]Run set -euo pipefail
2026-04-28T21:18:48.4529614Z [36;1mset -euo pipefail[0m
2026-04-28T21:18:48.4529987Z [36;1mgit config --local user.email "github-actions[bot]@users.noreply.github.com"[0m
2026-04-28T21:18:48.4530453Z [36;1mgit config --local user.name "github-actions[bot]"[0m
2026-04-28T21:18:48.4530776Z [36;1mgit add app/build.gradle.kts[0m
2026-04-28T21:18:48.4531049Z [36;1mif git diff --cached --quiet; then[0m
2026-04-28T21:18:48.4531315Z [36;1m  echo "No version bump to commit"[0m
2026-04-28T21:18:48.4531565Z [36;1m  exit 0[0m
2026-04-28T21:18:48.4531747Z [36;1mfi[0m
2026-04-28T21:18:48.4532010Z [36;1mgit commit -m "chore: bump to v1.7.84 (build 784) [skip ci]"[0m
2026-04-28T21:18:48.4532434Z [36;1m# Another PR merge can push to main while this job is running,[0m
2026-04-28T21:18:48.4532849Z [36;1m# so a straight `git push` here races and silently loses the[0m
2026-04-28T21:18:48.4533518Z [36;1m# bump commit. Rebase onto the current main tip and retry on rejection.[0m
2026-04-28T21:18:48.4533892Z [36;1mfor attempt in 1 2 3 4 5; do[0m
2026-04-28T21:18:48.4534162Z [36;1m  if git push origin HEAD:main; then[0m
2026-04-28T21:18:48.4534480Z [36;1m    echo "Pushed version bump on attempt $attempt"[0m
2026-04-28T21:18:48.4534772Z [36;1m    exit 0[0m
2026-04-28T21:18:48.4534957Z [36;1m  fi[0m
2026-04-28T21:18:48.4535271Z [36;1m  echo "Push rejected on attempt $attempt; rebasing onto origin/main and retrying"[0m
2026-04-28T21:18:48.4535670Z [36;1m  git fetch origin main[0m
2026-04-28T21:18:48.4535915Z [36;1m  if ! git rebase origin/main; then[0m
2026-04-28T21:18:48.4536181Z [36;1m    git rebase --abort || true[0m
2026-04-28T21:18:48.4536539Z [36;1m    echo "::error::Rebase conflict while replaying version bump; aborting."[0m
2026-04-28T21:18:48.4536887Z [36;1m    exit 1[0m
2026-04-28T21:18:48.4537067Z [36;1m  fi[0m
2026-04-28T21:18:48.4537261Z [36;1m  sleep $((attempt * 2))[0m
2026-04-28T21:18:48.4537715Z [36;1mdone[0m
2026-04-28T21:18:48.4537984Z [36;1mecho "::error::Failed to push version bump after 5 attempts."[0m
2026-04-28T21:18:48.4538303Z [36;1mexit 1[0m
2026-04-28T21:18:48.4559514Z shell: /usr/bin/bash -e {0}
2026-04-28T21:18:48.4559742Z ##[endgroup]
2026-04-28T21:18:48.5432653Z [main d717f628] chore: bump to v1.7.84 (build 784) [skip ci]
2026-04-28T21:18:48.5433280Z  1 file changed, 2 insertions(+), 2 deletions(-)
2026-04-28T21:18:48.7239911Z remote: Permission to averycorp/prismTask.git denied to akarlin3.
2026-04-28T21:18:48.7240741Z fatal: unable to access 'https://github.com/averycorp/prismTask/': The requested URL returned error: 403
2026-04-28T21:18:48.7258502Z Push rejected on attempt 1; rebasing onto origin/main and retrying
2026-04-28T21:18:48.9794763Z From https://github.com/averycorp/prismTask
2026-04-28T21:18:48.9795143Z  * branch              main       -> FETCH_HEAD
2026-04-28T21:18:49.0222420Z Current branch main is up to date.
2026-04-28T21:18:51.2089450Z remote: Permission to averycorp/prismTask.git denied to akarlin3.
2026-04-28T21:18:51.2090403Z fatal: unable to access 'https://github.com/averycorp/prismTask/': The requested URL returned error: 403
2026-04-28T21:18:51.2109536Z Push rejected on attempt 2; rebasing onto origin/main and retrying
2026-04-28T21:18:51.5135066Z From https://github.com/averycorp/prismTask
2026-04-28T21:18:51.5135579Z  * branch              main       -> FETCH_HEAD
2026-04-28T21:18:51.5231524Z Current branch main is up to date.
2026-04-28T21:18:55.6903428Z remote: Permission to averycorp/prismTask.git denied to akarlin3.
2026-04-28T21:18:55.6904327Z fatal: unable to access 'https://github.com/averycorp/prismTask/': The requested URL returned error: 403
2026-04-28T21:18:55.6922713Z Push rejected on attempt 3; rebasing onto origin/main and retrying
2026-04-28T21:18:56.0122187Z From https://github.com/averycorp/prismTask
2026-04-28T21:18:56.0122576Z  * branch              main       -> FETCH_HEAD
2026-04-28T21:18:56.0216273Z Current branch main is up to date.
2026-04-28T21:19:02.2074620Z remote: Permission to averycorp/prismTask.git denied to akarlin3.
2026-04-28T21:19:02.2075276Z fatal: unable to access 'https://github.com/averycorp/prismTask/': The requested URL returned error: 403
2026-04-28T21:19:02.2094483Z Push rejected on attempt 4; rebasing onto origin/main and retrying
2026-04-28T21:19:02.5550552Z From https://github.com/averycorp/prismTask
2026-04-28T21:19:02.5551089Z  * branch              main       -> FETCH_HEAD
2026-04-28T21:19:02.5644892Z Current branch main is up to date.
2026-04-28T21:19:10.7342784Z remote: Permission to averycorp/prismTask.git denied to akarlin3.
2026-04-28T21:19:10.7343438Z fatal: unable to access 'https://github.com/averycorp/prismTask/': The requested URL returned error: 403
2026-04-28T21:19:10.7361502Z Push rejected on attempt 5; rebasing onto origin/main and retrying
2026-04-28T21:19:10.9947110Z From https://github.com/averycorp/prismTask
2026-04-28T21:19:10.9948267Z  * branch              main       -> FETCH_HEAD
2026-04-28T21:19:11.0041877Z Current branch main is up to date.
2026-04-28T21:19:21.0099526Z ##[error]Failed to push version bump after 5 attempts.
2026-04-28T21:19:21.0106992Z ##[error]Process completed with exit code 1.
2026-04-28T21:19:21.0213923Z Post job cleanup.
2026-04-28T21:19:21.1190273Z [command]/usr/bin/git version
2026-04-28T21:19:21.1225898Z git version 2.53.0
2026-04-28T21:19:21.1274309Z Temporarily overriding HOME='/home/runner/work/_temp/d80d8a50-7202-41a7-a781-48973ceb7a93' before making global git config changes
2026-04-28T21:19:21.1275524Z Adding repository directory to the temporary git global config as a safe directory
2026-04-28T21:19:21.1280610Z [command]/usr/bin/git config --global --add safe.directory /home/runner/work/prismTask/prismTask
2026-04-28T21:19:21.1315027Z [command]/usr/bin/git config --local --name-only --get-regexp core\.sshCommand
2026-04-28T21:19:21.1347159Z [command]/usr/bin/git submodule foreach --recursive sh -c "git config --local --name-only --get-regexp 'core\.sshCommand' && git config --local --unset-all 'core.sshCommand' || :"
2026-04-28T21:19:21.1585474Z [command]/usr/bin/git config --local --name-only --get-regexp http\.https\:\/\/github\.com\/\.extraheader
2026-04-28T21:19:21.1607632Z http.https://github.com/.extraheader
2026-04-28T21:19:21.1619373Z [command]/usr/bin/git config --local --unset-all http.https://github.com/.extraheader
2026-04-28T21:19:21.1650123Z [command]/usr/bin/git submodule foreach --recursive sh -c "git config --local --name-only --get-regexp 'http\.https\:\/\/github\.com\/\.extraheader' && git config --local --unset-all 'http.https://github.com/.extraheader' || :"
2026-04-28T21:19:21.1885046Z [command]/usr/bin/git config --local --name-only --get-regexp ^includeIf\.gitdir:
2026-04-28T21:19:21.1916576Z [command]/usr/bin/git submodule foreach --recursive git config --local --show-origin --name-only --get-regexp remote.origin.url
2026-04-28T21:19:21.2291480Z Cleaning up orphan processes
2026-04-28T21:19:21.2587034Z ##[warning]Node.js 20 actions are deprecated. The following actions are running on Node.js 20 and may not work as expected: actions/checkout@v4. Actions will be forced to run with Node.js 24 by default starting June 2nd, 2026. Node.js 20 will be removed from the runner on September 16th, 2026. Please check if updated versions of these actions are available that support Node.js 24. To opt into Node.js 24 now, set the FORCE_JAVASCRIPT_ACTIONS_TO_NODE24=true environment variable on the runner or in your workflow file. Once Node.js 24 becomes the default, you can temporarily opt out by setting ACTIONS_ALLOW_USE_UNSECURE_NODE_VERSION=true. For more information see: https://github.blog/changelog/2025-09-19-deprecation-of-node-20-on-github-actions-runners/
