=== CI FAILURE ===
Workflow:      Version Bump & Tag
Workflow file: averycorp/prismTask/.github/workflows/version-bump-and-tag.yml@refs/heads/main
Job(s):        Version Bump & Tag
Run ID:        25096160038
Run attempt:   1
Run URL:       https://github.com/averycorp/prismTask/actions/runs/25096160038
Commit:        1c4722a5741b646768765e9bd1edea535aa89e97
Branch:        main
Event:         workflow_run
Actor:         akarlin3
Runner OS:     Linux
Timestamp:     2026-04-29T07:43:45.394Z

Failed steps:
  - Version Bump & Tag: #6 Commit version bump

=== FAILED JOB LOG ===

--- Job: Version Bump & Tag (id 73533481252) ---
2026-04-29T07:24:16.0337357Z Current runner version: '2.334.0'
2026-04-29T07:24:16.0366110Z ##[group]Runner Image Provisioner
2026-04-29T07:24:16.0367202Z Hosted Compute Agent
2026-04-29T07:24:16.0367952Z Version: 20260213.493
2026-04-29T07:24:16.0368923Z Commit: 5c115507f6dd24b8de37d8bbe0bb4509d0cc0fa3
2026-04-29T07:24:16.0369929Z Build Date: 2026-02-13T00:28:41Z
2026-04-29T07:24:16.0370624Z Worker ID: {d49202de-4ff8-456b-b81d-2f5e707ff8d6}
2026-04-29T07:24:16.0371395Z Azure Region: eastus2
2026-04-29T07:24:16.0371922Z ##[endgroup]
2026-04-29T07:24:16.0373465Z ##[group]Operating System
2026-04-29T07:24:16.0374167Z Ubuntu
2026-04-29T07:24:16.0374616Z 24.04.4
2026-04-29T07:24:16.0375139Z LTS
2026-04-29T07:24:16.0375616Z ##[endgroup]
2026-04-29T07:24:16.0376160Z ##[group]Runner Image
2026-04-29T07:24:16.0376730Z Image: ubuntu-24.04
2026-04-29T07:24:16.0377245Z Version: 20260413.86.1
2026-04-29T07:24:16.0378507Z Included Software: https://github.com/actions/runner-images/blob/ubuntu24/20260413.86/images/ubuntu/Ubuntu2404-Readme.md
2026-04-29T07:24:16.0380329Z Image Release: https://github.com/actions/runner-images/releases/tag/ubuntu24%2F20260413.86
2026-04-29T07:24:16.0381241Z ##[endgroup]
2026-04-29T07:24:16.0382479Z ##[group]GITHUB_TOKEN Permissions
2026-04-29T07:24:16.0384662Z Actions: write
2026-04-29T07:24:16.0385217Z Contents: write
2026-04-29T07:24:16.0385847Z Metadata: read
2026-04-29T07:24:16.0386394Z PullRequests: read
2026-04-29T07:24:16.0386915Z ##[endgroup]
2026-04-29T07:24:16.0389260Z Secret source: Actions
2026-04-29T07:24:16.0390415Z Prepare workflow directory
2026-04-29T07:24:16.0725101Z Prepare all required actions
2026-04-29T07:24:16.0762715Z Getting action download info
2026-04-29T07:24:16.3921097Z Download action repository 'actions/checkout@v4' (SHA:34e114876b0b11c390a56381ad16ebd13914f8d5)
2026-04-29T07:24:16.6366374Z Complete job name: Version Bump & Tag
2026-04-29T07:24:16.7030918Z ##[group]Run set -euo pipefail
2026-04-29T07:24:16.7031582Z [36;1mset -euo pipefail[0m
2026-04-29T07:24:16.7032151Z [36;1mif [ "$EVENT_NAME" = "workflow_dispatch" ]; then[0m
2026-04-29T07:24:16.7032945Z [36;1m  # Manual dispatch path — use the input if provided, otherwise[0m
2026-04-29T07:24:16.7033708Z [36;1m  # walk the latest merged PR on main and target that.[0m
2026-04-29T07:24:16.7034324Z [36;1m  if [ -n "$DISPATCH_PR" ]; then[0m
2026-04-29T07:24:16.7034920Z [36;1m    echo "pr_number=$DISPATCH_PR" >> "$GITHUB_OUTPUT"[0m
2026-04-29T07:24:16.7035571Z [36;1m    echo "found=true" >> "$GITHUB_OUTPUT"[0m
2026-04-29T07:24:16.7036214Z [36;1m    echo "Using PR #$DISPATCH_PR from dispatch input."[0m
2026-04-29T07:24:16.7036780Z [36;1m    exit 0[0m
2026-04-29T07:24:16.7037170Z [36;1m  fi[0m
2026-04-29T07:24:16.7037719Z [36;1m  PR_NUMBER=$(gh pr list --repo "$REPO" --state merged --base main \[0m
2026-04-29T07:24:16.7038508Z [36;1m    --limit 1 --json number -q '.[0].number // empty')[0m
2026-04-29T07:24:16.7039102Z [36;1m  if [ -z "$PR_NUMBER" ]; then[0m
2026-04-29T07:24:16.7039975Z [36;1m    echo "::warning::No merged PRs found on main. Cannot resolve PR; skipping."[0m
2026-04-29T07:24:16.7040747Z [36;1m    echo "found=false" >> "$GITHUB_OUTPUT"[0m
2026-04-29T07:24:16.7041267Z [36;1m    exit 0[0m
2026-04-29T07:24:16.7041654Z [36;1m  fi[0m
2026-04-29T07:24:16.7042108Z [36;1m  echo "pr_number=$PR_NUMBER" >> "$GITHUB_OUTPUT"[0m
2026-04-29T07:24:16.7042708Z [36;1m  echo "found=true" >> "$GITHUB_OUTPUT"[0m
2026-04-29T07:24:16.7043412Z [36;1m  echo "Resolved most-recent merged PR #$PR_NUMBER for dispatch run."[0m
2026-04-29T07:24:16.7044065Z [36;1m  exit 0[0m
2026-04-29T07:24:16.7044441Z [36;1mfi[0m
2026-04-29T07:24:16.7044794Z [36;1m[0m
2026-04-29T07:24:16.7045466Z [36;1m# Path 1 — fast path: pull_requests was populated.[0m
2026-04-29T07:24:16.7046349Z [36;1mPR_NUMBER=$(echo "$PR_JSON" | jq -r '.[0].number // empty')[0m
2026-04-29T07:24:16.7047111Z [36;1mif [ -n "$PR_NUMBER" ]; then[0m
2026-04-29T07:24:16.7047748Z [36;1m  echo "pr_number=$PR_NUMBER" >> "$GITHUB_OUTPUT"[0m
2026-04-29T07:24:16.7048361Z [36;1m  echo "found=true" >> "$GITHUB_OUTPUT"[0m
2026-04-29T07:24:16.7049265Z [36;1m  echo "Resolved PR #$PR_NUMBER from workflow_run payload."[0m
2026-04-29T07:24:16.7050231Z [36;1m  exit 0[0m
2026-04-29T07:24:16.7050612Z [36;1mfi[0m
2026-04-29T07:24:16.7051102Z [36;1m[0m
2026-04-29T07:24:16.7051603Z [36;1m# Path 2 — fallback: look the PR up by HEAD SHA. Works in both[0m
2026-04-29T07:24:16.7052365Z [36;1m# the pre-merge case (auto-merge.yml fires before the squash[0m
2026-04-29T07:24:16.7053119Z [36;1m# actually happens; the open PR still has this commit at its[0m
2026-04-29T07:24:16.7053899Z [36;1m# head) and the post-merge case (GitHub keeps the commit→PR[0m
2026-04-29T07:24:16.7054684Z [36;1m# mapping after squash, so we still resolve correctly even if[0m
2026-04-29T07:24:16.7055462Z [36;1m# the source branch was deleted). The downstream "Wait for PR[0m
2026-04-29T07:24:16.7056201Z [36;1m# to merge" step handles the timing — we only need the PR[0m
2026-04-29T07:24:16.7056829Z [36;1m# number here, not its merge state.[0m
2026-04-29T07:24:16.7057321Z [36;1m#[0m
2026-04-29T07:24:16.7057835Z [36;1m# Deliberately NOT falling back to "most recent merged PR" —[0m
2026-04-29T07:24:16.7058589Z [36;1m# that race-condition-bumps a previously-merged PR if[0m
2026-04-29T07:24:16.7059270Z [36;1m# workflow_run fires before the queued merge lands.[0m
2026-04-29T07:24:16.7059998Z [36;1mif [ -z "$HEAD_SHA" ]; then[0m
2026-04-29T07:24:16.7060700Z [36;1m  echo "::warning::workflow_run.head_sha is empty; cannot resolve PR. Skipping."[0m
2026-04-29T07:24:16.7061473Z [36;1m  echo "found=false" >> "$GITHUB_OUTPUT"[0m
2026-04-29T07:24:16.7061994Z [36;1m  exit 0[0m
2026-04-29T07:24:16.7062354Z [36;1mfi[0m
2026-04-29T07:24:16.7062871Z [36;1m# Capture the API response separately instead of piping through[0m
2026-04-29T07:24:16.7063847Z [36;1m# `gh api --jq` directly. Under `set -euo pipefail`, an empty or[0m
2026-04-29T07:24:16.7064590Z [36;1m# non-JSON response body crashes the embedded jq with[0m
2026-04-29T07:24:16.7065314Z [36;1m# `unexpected end of JSON input` and aborts the whole script[0m
2026-04-29T07:24:16.7066080Z [36;1m# before the empty-result branch below can fire — observed on[0m
2026-04-29T07:24:16.7066833Z [36;1m# PR #857's post-merge run, which silently dropped the version[0m
2026-04-29T07:24:16.7067565Z [36;1m# bump on the floor. The retry loop covers the indexing-lag[0m
2026-04-29T07:24:16.7068296Z [36;1m# window where `commits/{sha}/pulls` returns `[]` for a few[0m
2026-04-29T07:24:16.7068965Z [36;1m# seconds after the squash-merge push lands.[0m
2026-04-29T07:24:16.7069612Z [36;1mPR_NUMBER=""[0m
2026-04-29T07:24:16.7070023Z [36;1mfor attempt in 1 2 3; do[0m
2026-04-29T07:24:16.7070488Z [36;1m  RESPONSE=$(gh api \[0m
2026-04-29T07:24:16.7071003Z [36;1m    "repos/$REPO/commits/$HEAD_SHA/pulls" \[0m
2026-04-29T07:24:16.7071716Z [36;1m    -H "Accept: application/vnd.github+json" 2>/dev/null || echo "[]")[0m
2026-04-29T07:24:16.7072447Z [36;1m  PR_NUMBER=$(printf '%s' "$RESPONSE" | jq -r '[0m
2026-04-29T07:24:16.7073051Z [36;1m    if type == "array" and length > 0 then[0m
2026-04-29T07:24:16.7073723Z [36;1m      (sort_by(.number) | reverse | .[0].number // empty)[0m
2026-04-29T07:24:16.7074315Z [36;1m    else empty end[0m
2026-04-29T07:24:16.7074762Z [36;1m  ' 2>/dev/null || echo "")[0m
2026-04-29T07:24:16.7075235Z [36;1m  [ -n "$PR_NUMBER" ] && break[0m
2026-04-29T07:24:16.7075969Z [36;1m  echo "commits/$HEAD_SHA/pulls returned no PR (attempt $attempt/3); sleeping 5s..."[0m
2026-04-29T07:24:16.7076694Z [36;1m  sleep 5[0m
2026-04-29T07:24:16.7077075Z [36;1mdone[0m
2026-04-29T07:24:16.7077457Z [36;1mif [ -z "$PR_NUMBER" ]; then[0m
2026-04-29T07:24:16.7078248Z [36;1m  echo "::warning::No PR found for commit $HEAD_SHA via commits/{sha}/pulls after 3 attempts. Skipping."[0m
2026-04-29T07:24:16.7079111Z [36;1m  echo "found=false" >> "$GITHUB_OUTPUT"[0m
2026-04-29T07:24:16.7079736Z [36;1m  exit 0[0m
2026-04-29T07:24:16.7080101Z [36;1mfi[0m
2026-04-29T07:24:16.7080692Z [36;1mecho "pr_number=$PR_NUMBER" >> "$GITHUB_OUTPUT"[0m
2026-04-29T07:24:16.7081291Z [36;1mecho "found=true" >> "$GITHUB_OUTPUT"[0m
2026-04-29T07:24:16.7081980Z [36;1mecho "Resolved PR #$PR_NUMBER from commits/$HEAD_SHA/pulls fallback."[0m
2026-04-29T07:24:16.7108340Z shell: /usr/bin/bash -e {0}
2026-04-29T07:24:16.7109020Z env:
2026-04-29T07:24:16.7109789Z   GH_TOKEN: ***
2026-04-29T07:24:16.7110205Z   REPO: averycorp/prismTask
2026-04-29T07:24:16.7110668Z   EVENT_NAME: workflow_run
2026-04-29T07:24:16.7113692Z   PR_JSON: [
  {
    "base": {
      "ref": "main",
      "repo": {
        "id": 1201449451,
        "name": "prismTask",
        "url": "https://api.github.com/repos/averycorp/prismTask"
      },
      "sha": "8d5ffe08d855377783b6b3444f1dfa0a0361db7c"
    },
    "head": {
      "ref": "fix/sync-reconnect-and-periodic",
      "repo": {
        "id": 1201449451,
        "name": "prismTask",
        "url": "https://api.github.com/repos/averycorp/prismTask"
      },
      "sha": "45c6079f7eaf4f882d1aa72fa3dff668774954c5"
    },
    "id": 3600607153,
    "number": 944,
    "url": "https://api.github.com/repos/averycorp/prismTask/pulls/944"
  }
]
2026-04-29T07:24:16.7116771Z   HEAD_SHA: 45c6079f7eaf4f882d1aa72fa3dff668774954c5
2026-04-29T07:24:16.7117409Z   DISPATCH_PR: 
2026-04-29T07:24:16.7117791Z ##[endgroup]
2026-04-29T07:24:16.7271178Z Resolved PR #944 from workflow_run payload.
2026-04-29T07:24:16.7394888Z ##[group]Run set -euo pipefail
2026-04-29T07:24:16.7395431Z [36;1mset -euo pipefail[0m
2026-04-29T07:24:16.7396031Z [36;1m# gh pr merge --auto may queue the merge until required checks[0m
2026-04-29T07:24:16.7396753Z [36;1m# pass. Poll until MERGED, CLOSED, or timeout.[0m
2026-04-29T07:24:16.7397309Z [36;1m#[0m
2026-04-29T07:24:16.7397858Z [36;1m# Audit PR #876 → CI pathway efficiency: ceiling raised[0m
2026-04-29T07:24:16.7398631Z [36;1m# 60→120 attempts × 10s = 20 min. Real Android PRs (PR #851[0m
2026-04-29T07:24:16.7399656Z [36;1m# took 37 min from open to merge; PR #859 took 14 min) can[0m
2026-04-29T07:24:16.7400410Z [36;1m# exceed the prior 10-min ceiling because auto-merge.yml[0m
2026-04-29T07:24:16.7401137Z [36;1m# queues on slow lane completion. A silently-dropped bump[0m
2026-04-29T07:24:16.7401986Z [36;1m# (memory `feedback_skip_ci_blocks_tag_release.md`) requires a[0m
2026-04-29T07:24:16.7402801Z [36;1m# manual `gh workflow run release.yml --ref vX.Y.Z` re-fire,[0m
2026-04-29T07:24:16.7403587Z [36;1m# which is a real recovery cost. 20 min covers all observed[0m
2026-04-29T07:24:16.7404295Z [36;1m# PR lifecycles in the audit window without expanding[0m
2026-04-29T07:24:16.7405007Z [36;1m# workflow_run resource cost meaningfully (idle polling).[0m
2026-04-29T07:24:16.7405617Z [36;1mfor i in $(seq 1 120); do[0m
2026-04-29T07:24:16.7406264Z [36;1m  STATE=$(gh pr view "$PR_NUMBER" --repo "$REPO" --json state -q '.state')[0m
2026-04-29T07:24:16.7406942Z [36;1m  case "$STATE" in[0m
2026-04-29T07:24:16.7407361Z [36;1m    MERGED)[0m
2026-04-29T07:24:16.7408065Z [36;1m      MERGE_SHA=$(gh pr view "$PR_NUMBER" --repo "$REPO" --json mergeCommit -q '.mergeCommit.oid')[0m
2026-04-29T07:24:16.7408907Z [36;1m      echo "merged=true" >> "$GITHUB_OUTPUT"[0m
2026-04-29T07:24:16.7409712Z [36;1m      echo "merge_sha=$MERGE_SHA" >> "$GITHUB_OUTPUT"[0m
2026-04-29T07:24:16.7410322Z [36;1m      echo "PR merged at $MERGE_SHA"[0m
2026-04-29T07:24:16.7410834Z [36;1m      exit 0[0m
2026-04-29T07:24:16.7411218Z [36;1m      ;;[0m
2026-04-29T07:24:16.7411592Z [36;1m    CLOSED)[0m
2026-04-29T07:24:16.7412046Z [36;1m      echo "merged=false" >> "$GITHUB_OUTPUT"[0m
2026-04-29T07:24:16.7412679Z [36;1m      echo "PR closed without merging — skipping bump."[0m
2026-04-29T07:24:16.7413250Z [36;1m      exit 0[0m
2026-04-29T07:24:16.7413631Z [36;1m      ;;[0m
2026-04-29T07:24:16.7413996Z [36;1m    *)[0m
2026-04-29T07:24:16.7414485Z [36;1m      echo "PR state=$STATE (attempt $i/120); sleeping 10s..."[0m
2026-04-29T07:24:16.7415079Z [36;1m      sleep 10[0m
2026-04-29T07:24:16.7415674Z [36;1m      ;;[0m
2026-04-29T07:24:16.7416033Z [36;1m  esac[0m
2026-04-29T07:24:16.7416404Z [36;1mdone[0m
2026-04-29T07:24:16.7416821Z [36;1mecho "merged=false" >> "$GITHUB_OUTPUT"[0m
2026-04-29T07:24:16.7417552Z [36;1mecho "::warning::PR did not reach MERGED within 20 minutes — skipping bump."[0m
2026-04-29T07:24:16.7438642Z shell: /usr/bin/bash -e {0}
2026-04-29T07:24:16.7439108Z env:
2026-04-29T07:24:16.7439839Z   GH_TOKEN: ***
2026-04-29T07:24:16.7440232Z   PR_NUMBER: 944
2026-04-29T07:24:16.7440631Z   REPO: averycorp/prismTask
2026-04-29T07:24:16.7441056Z ##[endgroup]
2026-04-29T07:24:17.0292458Z PR state=OPEN (attempt 1/120); sleeping 10s...
2026-04-29T07:24:27.2440245Z PR state=OPEN (attempt 2/120); sleeping 10s...
2026-04-29T07:24:37.4631432Z PR state=OPEN (attempt 3/120); sleeping 10s...
2026-04-29T07:24:47.7055348Z PR state=OPEN (attempt 4/120); sleeping 10s...
2026-04-29T07:24:57.9413911Z PR state=OPEN (attempt 5/120); sleeping 10s...
2026-04-29T07:25:08.1751450Z PR state=OPEN (attempt 6/120); sleeping 10s...
2026-04-29T07:25:18.4291304Z PR state=OPEN (attempt 7/120); sleeping 10s...
2026-04-29T07:25:28.6294874Z PR state=OPEN (attempt 8/120); sleeping 10s...
2026-04-29T07:25:38.9207822Z PR state=OPEN (attempt 9/120); sleeping 10s...
2026-04-29T07:25:49.1929163Z PR state=OPEN (attempt 10/120); sleeping 10s...
2026-04-29T07:25:59.4464759Z PR state=OPEN (attempt 11/120); sleeping 10s...
2026-04-29T07:26:09.6912581Z PR state=OPEN (attempt 12/120); sleeping 10s...
2026-04-29T07:26:19.9511704Z PR state=OPEN (attempt 13/120); sleeping 10s...
2026-04-29T07:26:30.2039608Z PR state=OPEN (attempt 14/120); sleeping 10s...
2026-04-29T07:26:40.4371471Z PR state=OPEN (attempt 15/120); sleeping 10s...
2026-04-29T07:26:50.6702378Z PR state=OPEN (attempt 16/120); sleeping 10s...
2026-04-29T07:27:00.9146408Z PR state=OPEN (attempt 17/120); sleeping 10s...
2026-04-29T07:27:11.1420302Z PR state=OPEN (attempt 18/120); sleeping 10s...
2026-04-29T07:27:21.3971817Z PR state=OPEN (attempt 19/120); sleeping 10s...
2026-04-29T07:27:31.6195886Z PR state=OPEN (attempt 20/120); sleeping 10s...
2026-04-29T07:27:41.8529078Z PR state=OPEN (attempt 21/120); sleeping 10s...
2026-04-29T07:27:52.1347475Z PR state=OPEN (attempt 22/120); sleeping 10s...
2026-04-29T07:28:02.4052958Z PR state=OPEN (attempt 23/120); sleeping 10s...
2026-04-29T07:28:12.6194652Z PR state=OPEN (attempt 24/120); sleeping 10s...
2026-04-29T07:28:22.8720171Z PR state=OPEN (attempt 25/120); sleeping 10s...
2026-04-29T07:28:33.1061267Z PR state=OPEN (attempt 26/120); sleeping 10s...
2026-04-29T07:28:43.3556380Z PR state=OPEN (attempt 27/120); sleeping 10s...
2026-04-29T07:28:53.5968944Z PR state=OPEN (attempt 28/120); sleeping 10s...
2026-04-29T07:29:03.8403655Z PR state=OPEN (attempt 29/120); sleeping 10s...
2026-04-29T07:29:14.0701339Z PR state=OPEN (attempt 30/120); sleeping 10s...
2026-04-29T07:29:24.3083446Z PR state=OPEN (attempt 31/120); sleeping 10s...
2026-04-29T07:29:34.5644527Z PR state=OPEN (attempt 32/120); sleeping 10s...
2026-04-29T07:29:44.8004868Z PR state=OPEN (attempt 33/120); sleeping 10s...
2026-04-29T07:29:55.1193087Z PR state=OPEN (attempt 34/120); sleeping 10s...
2026-04-29T07:30:05.3760334Z PR state=OPEN (attempt 35/120); sleeping 10s...
2026-04-29T07:30:15.6199270Z PR state=OPEN (attempt 36/120); sleeping 10s...
2026-04-29T07:30:25.8595488Z PR state=OPEN (attempt 37/120); sleeping 10s...
2026-04-29T07:30:36.1681065Z PR state=OPEN (attempt 38/120); sleeping 10s...
2026-04-29T07:30:46.4373722Z PR state=OPEN (attempt 39/120); sleeping 10s...
2026-04-29T07:30:56.6990674Z PR state=OPEN (attempt 40/120); sleeping 10s...
2026-04-29T07:31:06.9567075Z PR state=OPEN (attempt 41/120); sleeping 10s...
2026-04-29T07:31:17.1602657Z PR state=OPEN (attempt 42/120); sleeping 10s...
2026-04-29T07:31:27.4114382Z PR state=OPEN (attempt 43/120); sleeping 10s...
2026-04-29T07:31:37.6379893Z PR state=OPEN (attempt 44/120); sleeping 10s...
2026-04-29T07:31:47.9135394Z PR state=OPEN (attempt 45/120); sleeping 10s...
2026-04-29T07:31:58.1505408Z PR state=OPEN (attempt 46/120); sleeping 10s...
2026-04-29T07:32:08.3869228Z PR state=OPEN (attempt 47/120); sleeping 10s...
2026-04-29T07:32:18.5958682Z PR state=OPEN (attempt 48/120); sleeping 10s...
2026-04-29T07:32:28.8659746Z PR state=OPEN (attempt 49/120); sleeping 10s...
2026-04-29T07:32:39.1258453Z PR state=OPEN (attempt 50/120); sleeping 10s...
2026-04-29T07:32:49.3861855Z PR state=OPEN (attempt 51/120); sleeping 10s...
2026-04-29T07:32:59.6320161Z PR state=OPEN (attempt 52/120); sleeping 10s...
2026-04-29T07:33:09.8389875Z PR state=OPEN (attempt 53/120); sleeping 10s...
2026-04-29T07:33:20.0474729Z PR state=OPEN (attempt 54/120); sleeping 10s...
2026-04-29T07:33:30.2904060Z PR state=OPEN (attempt 55/120); sleeping 10s...
2026-04-29T07:33:40.4961391Z PR state=OPEN (attempt 56/120); sleeping 10s...
2026-04-29T07:33:50.7186483Z PR state=OPEN (attempt 57/120); sleeping 10s...
2026-04-29T07:34:00.9786074Z PR state=OPEN (attempt 58/120); sleeping 10s...
2026-04-29T07:34:11.1976723Z PR state=OPEN (attempt 59/120); sleeping 10s...
2026-04-29T07:34:21.4777142Z PR state=OPEN (attempt 60/120); sleeping 10s...
2026-04-29T07:34:31.7263882Z PR state=OPEN (attempt 61/120); sleeping 10s...
2026-04-29T07:34:41.9711892Z PR state=OPEN (attempt 62/120); sleeping 10s...
2026-04-29T07:34:52.1768151Z PR state=OPEN (attempt 63/120); sleeping 10s...
2026-04-29T07:35:02.4563153Z PR state=OPEN (attempt 64/120); sleeping 10s...
2026-04-29T07:35:12.7200337Z PR state=OPEN (attempt 65/120); sleeping 10s...
2026-04-29T07:35:22.9916965Z PR state=OPEN (attempt 66/120); sleeping 10s...
2026-04-29T07:35:33.2480679Z PR state=OPEN (attempt 67/120); sleeping 10s...
2026-04-29T07:35:43.5095475Z PR state=OPEN (attempt 68/120); sleeping 10s...
2026-04-29T07:35:53.7552508Z PR state=OPEN (attempt 69/120); sleeping 10s...
2026-04-29T07:36:04.0354757Z PR state=OPEN (attempt 70/120); sleeping 10s...
2026-04-29T07:36:14.2745713Z PR state=OPEN (attempt 71/120); sleeping 10s...
2026-04-29T07:36:24.6050950Z PR state=OPEN (attempt 72/120); sleeping 10s...
2026-04-29T07:36:34.8386390Z PR state=OPEN (attempt 73/120); sleeping 10s...
2026-04-29T07:36:45.0761269Z PR state=OPEN (attempt 74/120); sleeping 10s...
2026-04-29T07:36:55.3102238Z PR state=OPEN (attempt 75/120); sleeping 10s...
2026-04-29T07:37:05.5243149Z PR state=OPEN (attempt 76/120); sleeping 10s...
2026-04-29T07:37:15.7938888Z PR state=OPEN (attempt 77/120); sleeping 10s...
2026-04-29T07:37:26.0329061Z PR state=OPEN (attempt 78/120); sleeping 10s...
2026-04-29T07:37:36.3090761Z PR state=OPEN (attempt 79/120); sleeping 10s...
2026-04-29T07:37:46.5578278Z PR state=OPEN (attempt 80/120); sleeping 10s...
2026-04-29T07:37:56.8178638Z PR state=OPEN (attempt 81/120); sleeping 10s...
2026-04-29T07:38:07.0233017Z PR state=OPEN (attempt 82/120); sleeping 10s...
2026-04-29T07:38:17.2712821Z PR state=OPEN (attempt 83/120); sleeping 10s...
2026-04-29T07:38:27.5134822Z PR state=OPEN (attempt 84/120); sleeping 10s...
2026-04-29T07:38:37.7526666Z PR state=OPEN (attempt 85/120); sleeping 10s...
2026-04-29T07:38:48.0240253Z PR state=OPEN (attempt 86/120); sleeping 10s...
2026-04-29T07:38:58.2298915Z PR state=OPEN (attempt 87/120); sleeping 10s...
2026-04-29T07:39:08.4616008Z PR state=OPEN (attempt 88/120); sleeping 10s...
2026-04-29T07:39:18.7243873Z PR state=OPEN (attempt 89/120); sleeping 10s...
2026-04-29T07:39:28.9201718Z PR state=OPEN (attempt 90/120); sleeping 10s...
2026-04-29T07:39:39.1533667Z PR state=OPEN (attempt 91/120); sleeping 10s...
2026-04-29T07:39:49.3937067Z PR state=OPEN (attempt 92/120); sleeping 10s...
2026-04-29T07:39:59.7059632Z PR state=OPEN (attempt 93/120); sleeping 10s...
2026-04-29T07:40:09.9558178Z PR state=OPEN (attempt 94/120); sleeping 10s...
2026-04-29T07:40:20.2073240Z PR state=OPEN (attempt 95/120); sleeping 10s...
2026-04-29T07:40:30.4513617Z PR state=OPEN (attempt 96/120); sleeping 10s...
2026-04-29T07:40:40.7596850Z PR state=OPEN (attempt 97/120); sleeping 10s...
2026-04-29T07:40:51.0128564Z PR state=OPEN (attempt 98/120); sleeping 10s...
2026-04-29T07:41:01.2629571Z PR state=OPEN (attempt 99/120); sleeping 10s...
2026-04-29T07:41:11.5304551Z PR state=OPEN (attempt 100/120); sleeping 10s...
2026-04-29T07:41:21.7504665Z PR state=OPEN (attempt 101/120); sleeping 10s...
2026-04-29T07:41:31.9710604Z PR state=OPEN (attempt 102/120); sleeping 10s...
2026-04-29T07:41:42.1810992Z PR state=OPEN (attempt 103/120); sleeping 10s...
2026-04-29T07:41:52.4049163Z PR state=OPEN (attempt 104/120); sleeping 10s...
2026-04-29T07:42:02.6296254Z PR state=OPEN (attempt 105/120); sleeping 10s...
2026-04-29T07:42:12.8649908Z PR state=OPEN (attempt 106/120); sleeping 10s...
2026-04-29T07:42:23.1508933Z PR state=OPEN (attempt 107/120); sleeping 10s...
2026-04-29T07:42:33.4102868Z PR state=OPEN (attempt 108/120); sleeping 10s...
2026-04-29T07:42:43.8579014Z PR merged at d3b3336c29887531acbbfea50fdf2c8782ed878a
2026-04-29T07:42:43.8709577Z ##[group]Run actions/checkout@v4
2026-04-29T07:42:43.8709850Z with:
2026-04-29T07:42:43.8710652Z   token: ***
2026-04-29T07:42:43.8710880Z   ref: d3b3336c29887531acbbfea50fdf2c8782ed878a
2026-04-29T07:42:43.8711169Z   fetch-depth: 0
2026-04-29T07:42:43.8711379Z   repository: averycorp/prismTask
2026-04-29T07:42:43.8711613Z   ssh-strict: true
2026-04-29T07:42:43.8711792Z   ssh-user: git
2026-04-29T07:42:43.8711985Z   persist-credentials: true
2026-04-29T07:42:43.8712191Z   clean: true
2026-04-29T07:42:43.8712385Z   sparse-checkout-cone-mode: true
2026-04-29T07:42:43.8712619Z   fetch-tags: false
2026-04-29T07:42:43.8712801Z   show-progress: true
2026-04-29T07:42:43.8713040Z   lfs: false
2026-04-29T07:42:43.8713206Z   submodules: false
2026-04-29T07:42:43.8713391Z   set-safe-directory: true
2026-04-29T07:42:43.8713608Z ##[endgroup]
2026-04-29T07:42:43.9824204Z Syncing repository: averycorp/prismTask
2026-04-29T07:42:43.9825433Z ##[group]Getting Git version info
2026-04-29T07:42:43.9825865Z Working directory is '/home/runner/work/prismTask/prismTask'
2026-04-29T07:42:43.9826357Z [command]/usr/bin/git version
2026-04-29T07:42:43.9865120Z git version 2.53.0
2026-04-29T07:42:43.9889800Z ##[endgroup]
2026-04-29T07:42:43.9904473Z Temporarily overriding HOME='/home/runner/work/_temp/fe826fc6-13e5-46d4-9468-cbac1602c1aa' before making global git config changes
2026-04-29T07:42:43.9905675Z Adding repository directory to the temporary git global config as a safe directory
2026-04-29T07:42:43.9910515Z [command]/usr/bin/git config --global --add safe.directory /home/runner/work/prismTask/prismTask
2026-04-29T07:42:43.9942849Z Deleting the contents of '/home/runner/work/prismTask/prismTask'
2026-04-29T07:42:43.9946529Z ##[group]Initializing the repository
2026-04-29T07:42:43.9951065Z [command]/usr/bin/git init /home/runner/work/prismTask/prismTask
2026-04-29T07:42:44.0021139Z hint: Using 'master' as the name for the initial branch. This default branch name
2026-04-29T07:42:44.0021978Z hint: will change to "main" in Git 3.0. To configure the initial branch name
2026-04-29T07:42:44.0022713Z hint: to use in all of your new repositories, which will suppress this warning,
2026-04-29T07:42:44.0023305Z hint: call:
2026-04-29T07:42:44.0023571Z hint:
2026-04-29T07:42:44.0023942Z hint: 	git config --global init.defaultBranch <name>
2026-04-29T07:42:44.0024398Z hint:
2026-04-29T07:42:44.0024827Z hint: Names commonly chosen instead of 'master' are 'main', 'trunk' and
2026-04-29T07:42:44.0025580Z hint: 'development'. The just-created branch can be renamed via this command:
2026-04-29T07:42:44.0026145Z hint:
2026-04-29T07:42:44.0026422Z hint: 	git branch -m <name>
2026-04-29T07:42:44.0026746Z hint:
2026-04-29T07:42:44.0027219Z hint: Disable this message with "git config set advice.defaultBranchName false"
2026-04-29T07:42:44.0028064Z Initialized empty Git repository in /home/runner/work/prismTask/prismTask/.git/
2026-04-29T07:42:44.0034472Z [command]/usr/bin/git remote add origin https://github.com/averycorp/prismTask
2026-04-29T07:42:44.0064697Z ##[endgroup]
2026-04-29T07:42:44.0065291Z ##[group]Disabling automatic garbage collection
2026-04-29T07:42:44.0069892Z [command]/usr/bin/git config --local gc.auto 0
2026-04-29T07:42:44.0097940Z ##[endgroup]
2026-04-29T07:42:44.0098448Z ##[group]Setting up auth
2026-04-29T07:42:44.0105613Z [command]/usr/bin/git config --local --name-only --get-regexp core\.sshCommand
2026-04-29T07:42:44.0135884Z [command]/usr/bin/git submodule foreach --recursive sh -c "git config --local --name-only --get-regexp 'core\.sshCommand' && git config --local --unset-all 'core.sshCommand' || :"
2026-04-29T07:42:44.0440071Z [command]/usr/bin/git config --local --name-only --get-regexp http\.https\:\/\/github\.com\/\.extraheader
2026-04-29T07:42:44.0471949Z [command]/usr/bin/git submodule foreach --recursive sh -c "git config --local --name-only --get-regexp 'http\.https\:\/\/github\.com\/\.extraheader' && git config --local --unset-all 'http.https://github.com/.extraheader' || :"
2026-04-29T07:42:44.0711357Z [command]/usr/bin/git config --local --name-only --get-regexp ^includeIf\.gitdir:
2026-04-29T07:42:44.0745745Z [command]/usr/bin/git submodule foreach --recursive git config --local --show-origin --name-only --get-regexp remote.origin.url
2026-04-29T07:42:44.0997275Z [command]/usr/bin/git config --local http.https://github.com/.extraheader AUTHORIZATION: basic ***
2026-04-29T07:42:44.1035496Z ##[endgroup]
2026-04-29T07:42:44.1036028Z ##[group]Fetching the repository
2026-04-29T07:42:44.1046564Z [command]/usr/bin/git -c protocol.version=2 fetch --prune --no-recurse-submodules origin +refs/heads/*:refs/remotes/origin/* +refs/tags/*:refs/tags/*
2026-04-29T07:43:02.3641933Z From https://github.com/averycorp/prismTask
2026-04-29T07:43:02.3642630Z  * [new branch]        ci-logs         -> origin/ci-logs
2026-04-29T07:43:02.3644619Z  * [new branch]        main            -> origin/main
2026-04-29T07:43:02.3645384Z  * [new branch]        v0.1.0-legacy   -> origin/v0.1.0-legacy
2026-04-29T07:43:02.3646125Z  * [new branch]        v0.2.0-legacy   -> origin/v0.2.0-legacy
2026-04-29T07:43:02.3646814Z  * [new branch]        v0.3.0-legacy   -> origin/v0.3.0-legacy
2026-04-29T07:43:02.3647503Z  * [new branch]        v0.4.0-legacy   -> origin/v0.4.0-legacy
2026-04-29T07:43:02.3648276Z  * [new branch]        v0.5.0-legacy   -> origin/v0.5.0-legacy
2026-04-29T07:43:02.3649025Z  * [new branch]        v0.6.0-legacy   -> origin/v0.6.0-legacy
2026-04-29T07:43:02.3650030Z  * [new branch]        v0.7.0-legacy   -> origin/v0.7.0-legacy
2026-04-29T07:43:02.3650748Z  * [new tag]           v0.1.0          -> v0.1.0
2026-04-29T07:43:02.3651407Z  * [new tag]           v0.2.0          -> v0.2.0
2026-04-29T07:43:02.3652039Z  * [new tag]           v0.3.0          -> v0.3.0
2026-04-29T07:43:02.3652614Z  * [new tag]           v0.4.0          -> v0.4.0
2026-04-29T07:43:02.3653247Z  * [new tag]           v0.5.0          -> v0.5.0
2026-04-29T07:43:02.3653849Z  * [new tag]           v0.7.0          -> v0.7.0
2026-04-29T07:43:02.3654273Z  * [new tag]           v0.7.12         -> v0.7.12
2026-04-29T07:43:02.3654686Z  * [new tag]           v0.7.13         -> v0.7.13
2026-04-29T07:43:02.3655078Z  * [new tag]           v0.7.14         -> v0.7.14
2026-04-29T07:43:02.3655511Z  * [new tag]           v0.7.15         -> v0.7.15
2026-04-29T07:43:02.3655912Z  * [new tag]           v0.7.16         -> v0.7.16
2026-04-29T07:43:02.3656318Z  * [new tag]           v0.7.17         -> v0.7.17
2026-04-29T07:43:02.3656744Z  * [new tag]           v0.7.17-build.2 -> v0.7.17-build.2
2026-04-29T07:43:02.3657203Z  * [new tag]           v0.7.17-build.3 -> v0.7.17-build.3
2026-04-29T07:43:02.3657644Z  * [new tag]           v0.7.17-build.4 -> v0.7.17-build.4
2026-04-29T07:43:02.3658077Z  * [new tag]           v0.7.17-build.5 -> v0.7.17-build.5
2026-04-29T07:43:02.3658534Z  * [new tag]           v0.7.17-build.6 -> v0.7.17-build.6
2026-04-29T07:43:02.3658977Z  * [new tag]           v0.7.17-build.7 -> v0.7.17-build.7
2026-04-29T07:43:02.3659585Z  * [new tag]           v0.7.17-build.8 -> v0.7.17-build.8
2026-04-29T07:43:02.3660294Z  * [new tag]           v0.7.17-build.9 -> v0.7.17-build.9
2026-04-29T07:43:02.3660727Z  * [new tag]           v0.7.18         -> v0.7.18
2026-04-29T07:43:02.3661475Z  * [new tag]           v0.7.18-build.2 -> v0.7.18-build.2
2026-04-29T07:43:02.3661921Z  * [new tag]           v0.7.18-build.3 -> v0.7.18-build.3
2026-04-29T07:43:02.3662410Z  * [new tag]           v0.7.18-build.4 -> v0.7.18-build.4
2026-04-29T07:43:02.3662851Z  * [new tag]           v0.7.19         -> v0.7.19
2026-04-29T07:43:02.3663291Z  * [new tag]           v0.7.19-build.2 -> v0.7.19-build.2
2026-04-29T07:43:02.3663721Z  * [new tag]           v0.7.20         -> v0.7.20
2026-04-29T07:43:02.3664152Z  * [new tag]           v0.7.20-build.2 -> v0.7.20-build.2
2026-04-29T07:43:02.3664590Z  * [new tag]           v0.7.20-build.3 -> v0.7.20-build.3
2026-04-29T07:43:02.3665035Z  * [new tag]           v0.7.20-build.4 -> v0.7.20-build.4
2026-04-29T07:43:02.3665649Z  * [new tag]           v0.8.0          -> v0.8.0
2026-04-29T07:43:02.3666087Z  * [new tag]           v0.8.0-build.2  -> v0.8.0-build.2
2026-04-29T07:43:02.3666528Z  * [new tag]           v0.8.1          -> v0.8.1
2026-04-29T07:43:02.3666957Z  * [new tag]           v0.8.10         -> v0.8.10
2026-04-29T07:43:02.3667365Z  * [new tag]           v0.8.11         -> v0.8.11
2026-04-29T07:43:02.3667798Z  * [new tag]           v0.8.12         -> v0.8.12
2026-04-29T07:43:02.3668202Z  * [new tag]           v0.8.13         -> v0.8.13
2026-04-29T07:43:02.3668599Z  * [new tag]           v0.8.14         -> v0.8.14
2026-04-29T07:43:02.3669009Z  * [new tag]           v0.8.15         -> v0.8.15
2026-04-29T07:43:02.3669546Z  * [new tag]           v0.8.2          -> v0.8.2
2026-04-29T07:43:02.3669952Z  * [new tag]           v0.8.3          -> v0.8.3
2026-04-29T07:43:02.3670347Z  * [new tag]           v0.8.4          -> v0.8.4
2026-04-29T07:43:02.3670749Z  * [new tag]           v0.8.5          -> v0.8.5
2026-04-29T07:43:02.3671154Z  * [new tag]           v0.8.6          -> v0.8.6
2026-04-29T07:43:02.3671563Z  * [new tag]           v0.8.7          -> v0.8.7
2026-04-29T07:43:02.3671960Z  * [new tag]           v0.8.8          -> v0.8.8
2026-04-29T07:43:02.3672361Z  * [new tag]           v0.8.9          -> v0.8.9
2026-04-29T07:43:02.3672749Z  * [new tag]           v0.9.1          -> v0.9.1
2026-04-29T07:43:02.3673150Z  * [new tag]           v0.9.2          -> v0.9.2
2026-04-29T07:43:02.3673560Z  * [new tag]           v1.0.1          -> v1.0.1
2026-04-29T07:43:02.3673969Z  * [new tag]           v1.0.10         -> v1.0.10
2026-04-29T07:43:02.3674374Z  * [new tag]           v1.0.11         -> v1.0.11
2026-04-29T07:43:02.3674781Z  * [new tag]           v1.0.12         -> v1.0.12
2026-04-29T07:43:02.3675178Z  * [new tag]           v1.0.13         -> v1.0.13
2026-04-29T07:43:02.3675612Z  * [new tag]           v1.0.2          -> v1.0.2
2026-04-29T07:43:02.3676016Z  * [new tag]           v1.0.3          -> v1.0.3
2026-04-29T07:43:02.3676420Z  * [new tag]           v1.0.4          -> v1.0.4
2026-04-29T07:43:02.3676812Z  * [new tag]           v1.0.5          -> v1.0.5
2026-04-29T07:43:02.3677237Z  * [new tag]           v1.0.6          -> v1.0.6
2026-04-29T07:43:02.3677655Z  * [new tag]           v1.0.7          -> v1.0.7
2026-04-29T07:43:02.3678052Z  * [new tag]           v1.0.8          -> v1.0.8
2026-04-29T07:43:02.3678453Z  * [new tag]           v1.0.9          -> v1.0.9
2026-04-29T07:43:02.3678852Z  * [new tag]           v1.1.1          -> v1.1.1
2026-04-29T07:43:02.3679286Z  * [new tag]           v1.1.1-build.2  -> v1.1.1-build.2
2026-04-29T07:43:02.3688789Z  * [new tag]           v1.1.1-build.3  -> v1.1.1-build.3
2026-04-29T07:43:02.3689293Z  * [new tag]           v1.1.1-build.4  -> v1.1.1-build.4
2026-04-29T07:43:02.3689930Z  * [new tag]           v1.1.10         -> v1.1.10
2026-04-29T07:43:02.3690349Z  * [new tag]           v1.1.11         -> v1.1.11
2026-04-29T07:43:02.3690758Z  * [new tag]           v1.1.12         -> v1.1.12
2026-04-29T07:43:02.3691185Z  * [new tag]           v1.1.2          -> v1.1.2
2026-04-29T07:43:02.3691601Z  * [new tag]           v1.1.3          -> v1.1.3
2026-04-29T07:43:02.3692014Z  * [new tag]           v1.1.4          -> v1.1.4
2026-04-29T07:43:02.3692647Z  * [new tag]           v1.1.5          -> v1.1.5
2026-04-29T07:43:02.3693047Z  * [new tag]           v1.1.6          -> v1.1.6
2026-04-29T07:43:02.3693451Z  * [new tag]           v1.1.7          -> v1.1.7
2026-04-29T07:43:02.3693852Z  * [new tag]           v1.1.8          -> v1.1.8
2026-04-29T07:43:02.3694243Z  * [new tag]           v1.1.9          -> v1.1.9
2026-04-29T07:43:02.3694642Z  * [new tag]           v1.3.0          -> v1.3.0
2026-04-29T07:43:02.3695039Z  * [new tag]           v1.3.1          -> v1.3.1
2026-04-29T07:43:02.3695439Z  * [new tag]           v1.3.10         -> v1.3.10
2026-04-29T07:43:02.3695834Z  * [new tag]           v1.3.11         -> v1.3.11
2026-04-29T07:43:02.3696276Z  * [new tag]           v1.3.11-build.2 -> v1.3.11-build.2
2026-04-29T07:43:02.3696862Z  * [new tag]           v1.3.12         -> v1.3.12
2026-04-29T07:43:02.3697257Z  * [new tag]           v1.3.13         -> v1.3.13
2026-04-29T07:43:02.3697684Z  * [new tag]           v1.3.13-build.2 -> v1.3.13-build.2
2026-04-29T07:43:02.3698123Z  * [new tag]           v1.3.14         -> v1.3.14
2026-04-29T07:43:02.3698522Z  * [new tag]           v1.3.15         -> v1.3.15
2026-04-29T07:43:02.3698929Z  * [new tag]           v1.3.16         -> v1.3.16
2026-04-29T07:43:02.3699458Z  * [new tag]           v1.3.17         -> v1.3.17
2026-04-29T07:43:02.3699857Z  * [new tag]           v1.3.18         -> v1.3.18
2026-04-29T07:43:02.3700257Z  * [new tag]           v1.3.19         -> v1.3.19
2026-04-29T07:43:02.3700661Z  * [new tag]           v1.3.2          -> v1.3.2
2026-04-29T07:43:02.3701061Z  * [new tag]           v1.3.20         -> v1.3.20
2026-04-29T07:43:02.3701575Z  * [new tag]           v1.3.21         -> v1.3.21
2026-04-29T07:43:02.3701978Z  * [new tag]           v1.3.22         -> v1.3.22
2026-04-29T07:43:02.3702388Z  * [new tag]           v1.3.23         -> v1.3.23
2026-04-29T07:43:02.3702781Z  * [new tag]           v1.3.24         -> v1.3.24
2026-04-29T07:43:02.3703181Z  * [new tag]           v1.3.25         -> v1.3.25
2026-04-29T07:43:02.3703590Z  * [new tag]           v1.3.26         -> v1.3.26
2026-04-29T07:43:02.3703984Z  * [new tag]           v1.3.27         -> v1.3.27
2026-04-29T07:43:02.3704383Z  * [new tag]           v1.3.28         -> v1.3.28
2026-04-29T07:43:02.3704789Z  * [new tag]           v1.3.29         -> v1.3.29
2026-04-29T07:43:02.3705180Z  * [new tag]           v1.3.3          -> v1.3.3
2026-04-29T07:43:02.3705579Z  * [new tag]           v1.3.30         -> v1.3.30
2026-04-29T07:43:02.3705993Z  * [new tag]           v1.3.31         -> v1.3.31
2026-04-29T07:43:02.3706383Z  * [new tag]           v1.3.32         -> v1.3.32
2026-04-29T07:43:02.3706786Z  * [new tag]           v1.3.33         -> v1.3.33
2026-04-29T07:43:02.3707183Z  * [new tag]           v1.3.34         -> v1.3.34
2026-04-29T07:43:02.3707592Z  * [new tag]           v1.3.35         -> v1.3.35
2026-04-29T07:43:02.3707994Z  * [new tag]           v1.3.36         -> v1.3.36
2026-04-29T07:43:02.3708392Z  * [new tag]           v1.3.37         -> v1.3.37
2026-04-29T07:43:02.3708800Z  * [new tag]           v1.3.38         -> v1.3.38
2026-04-29T07:43:02.3709195Z  * [new tag]           v1.3.39         -> v1.3.39
2026-04-29T07:43:02.3709777Z  * [new tag]           v1.3.4          -> v1.3.4
2026-04-29T07:43:02.3710093Z  * [new tag]           v1.3.40         -> v1.3.40
2026-04-29T07:43:02.3710339Z  * [new tag]           v1.3.41         -> v1.3.41
2026-04-29T07:43:02.3710591Z  * [new tag]           v1.3.42         -> v1.3.42
2026-04-29T07:43:02.3710874Z  * [new tag]           v1.3.43         -> v1.3.43
2026-04-29T07:43:02.3711127Z  * [new tag]           v1.3.44         -> v1.3.44
2026-04-29T07:43:02.3711392Z  * [new tag]           v1.3.45         -> v1.3.45
2026-04-29T07:43:02.3711712Z  * [new tag]           v1.3.46         -> v1.3.46
2026-04-29T07:43:02.3711963Z  * [new tag]           v1.3.47         -> v1.3.47
2026-04-29T07:43:02.3712213Z  * [new tag]           v1.3.48         -> v1.3.48
2026-04-29T07:43:02.3712464Z  * [new tag]           v1.3.49         -> v1.3.49
2026-04-29T07:43:02.3712922Z  * [new tag]           v1.3.5          -> v1.3.5
2026-04-29T07:43:02.3713203Z  * [new tag]           v1.3.5-build.2  -> v1.3.5-build.2
2026-04-29T07:43:02.3713480Z  * [new tag]           v1.3.50         -> v1.3.50
2026-04-29T07:43:02.3713727Z  * [new tag]           v1.3.51         -> v1.3.51
2026-04-29T07:43:02.3713976Z  * [new tag]           v1.3.52         -> v1.3.52
2026-04-29T07:43:02.3714225Z  * [new tag]           v1.3.53         -> v1.3.53
2026-04-29T07:43:02.3714470Z  * [new tag]           v1.3.54         -> v1.3.54
2026-04-29T07:43:02.3714720Z  * [new tag]           v1.3.55         -> v1.3.55
2026-04-29T07:43:02.3714973Z  * [new tag]           v1.3.56         -> v1.3.56
2026-04-29T07:43:02.3715219Z  * [new tag]           v1.3.57         -> v1.3.57
2026-04-29T07:43:02.3715670Z  * [new tag]           v1.3.58         -> v1.3.58
2026-04-29T07:43:02.3715943Z  * [new tag]           v1.3.59         -> v1.3.59
2026-04-29T07:43:02.3716208Z  * [new tag]           v1.3.6          -> v1.3.6
2026-04-29T07:43:02.3716470Z  * [new tag]           v1.3.60         -> v1.3.60
2026-04-29T07:43:02.3716722Z  * [new tag]           v1.3.61         -> v1.3.61
2026-04-29T07:43:02.3716971Z  * [new tag]           v1.3.62         -> v1.3.62
2026-04-29T07:43:02.3717216Z  * [new tag]           v1.3.7          -> v1.3.7
2026-04-29T07:43:02.3717468Z  * [new tag]           v1.3.8          -> v1.3.8
2026-04-29T07:43:02.3717718Z  * [new tag]           v1.3.9          -> v1.3.9
2026-04-29T07:43:02.3717962Z  * [new tag]           v1.4.40         -> v1.4.40
2026-04-29T07:43:02.3718210Z  * [new tag]           v1.5.0          -> v1.5.0
2026-04-29T07:43:02.3718458Z  * [new tag]           v1.5.2          -> v1.5.2
2026-04-29T07:43:02.3718699Z  * [new tag]           v1.5.3          -> v1.5.3
2026-04-29T07:43:02.3718950Z  * [new tag]           v1.6.0          -> v1.6.0
2026-04-29T07:43:02.3719197Z  * [new tag]           v1.7.0          -> v1.7.0
2026-04-29T07:43:02.3719590Z  * [new tag]           v1.7.37         -> v1.7.37
2026-04-29T07:43:02.3719847Z  * [new tag]           v1.7.38         -> v1.7.38
2026-04-29T07:43:02.3720096Z  * [new tag]           v1.7.39         -> v1.7.39
2026-04-29T07:43:02.3720344Z  * [new tag]           v1.7.40         -> v1.7.40
2026-04-29T07:43:02.3720588Z  * [new tag]           v1.7.41         -> v1.7.41
2026-04-29T07:43:02.3720844Z  * [new tag]           v1.7.42         -> v1.7.42
2026-04-29T07:43:02.3721122Z  * [new tag]           v1.7.43         -> v1.7.43
2026-04-29T07:43:02.3721378Z  * [new tag]           v1.7.44         -> v1.7.44
2026-04-29T07:43:02.3721630Z  * [new tag]           v1.7.45         -> v1.7.45
2026-04-29T07:43:02.3721882Z  * [new tag]           v1.7.46         -> v1.7.46
2026-04-29T07:43:02.3722128Z  * [new tag]           v1.7.47         -> v1.7.47
2026-04-29T07:43:02.3722383Z  * [new tag]           v1.7.48         -> v1.7.48
2026-04-29T07:43:02.3722638Z  * [new tag]           v1.7.49         -> v1.7.49
2026-04-29T07:43:02.3722884Z  * [new tag]           v1.7.50         -> v1.7.50
2026-04-29T07:43:02.3723138Z  * [new tag]           v1.7.51         -> v1.7.51
2026-04-29T07:43:02.3723388Z  * [new tag]           v1.7.52         -> v1.7.52
2026-04-29T07:43:02.3723632Z  * [new tag]           v1.7.53         -> v1.7.53
2026-04-29T07:43:02.3723883Z  * [new tag]           v1.7.54         -> v1.7.54
2026-04-29T07:43:02.3724231Z  * [new tag]           v1.7.55         -> v1.7.55
2026-04-29T07:43:02.3747641Z  * [new tag]           v1.7.56         -> v1.7.56
2026-04-29T07:43:02.3748061Z  * [new tag]           v1.7.57         -> v1.7.57
2026-04-29T07:43:02.3748414Z  * [new tag]           v1.7.58         -> v1.7.58
2026-04-29T07:43:02.3748679Z  * [new tag]           v1.7.59         -> v1.7.59
2026-04-29T07:43:02.3748938Z  * [new tag]           v1.7.60         -> v1.7.60
2026-04-29T07:43:02.3749215Z  * [new tag]           v1.7.61         -> v1.7.61
2026-04-29T07:43:02.3749609Z  * [new tag]           v1.7.62         -> v1.7.62
2026-04-29T07:43:02.3749860Z  * [new tag]           v1.7.63         -> v1.7.63
2026-04-29T07:43:02.3750370Z  * [new tag]           v1.7.64         -> v1.7.64
2026-04-29T07:43:02.3750631Z  * [new tag]           v1.7.65         -> v1.7.65
2026-04-29T07:43:02.3750899Z  * [new tag]           v1.7.66         -> v1.7.66
2026-04-29T07:43:02.3751154Z  * [new tag]           v1.7.67         -> v1.7.67
2026-04-29T07:43:02.3751407Z  * [new tag]           v1.7.68         -> v1.7.68
2026-04-29T07:43:02.3751668Z  * [new tag]           v1.7.69         -> v1.7.69
2026-04-29T07:43:02.3751912Z  * [new tag]           v1.7.70         -> v1.7.70
2026-04-29T07:43:02.3752163Z  * [new tag]           v1.7.71         -> v1.7.71
2026-04-29T07:43:02.3752416Z  * [new tag]           v1.7.72         -> v1.7.72
2026-04-29T07:43:02.3752668Z  * [new tag]           v1.7.73         -> v1.7.73
2026-04-29T07:43:02.3753035Z  * [new tag]           v1.7.74         -> v1.7.74
2026-04-29T07:43:02.3753291Z  * [new tag]           v1.7.75         -> v1.7.75
2026-04-29T07:43:02.3753542Z  * [new tag]           v1.7.76         -> v1.7.76
2026-04-29T07:43:02.3753793Z  * [new tag]           v1.7.77         -> v1.7.77
2026-04-29T07:43:02.3754044Z  * [new tag]           v1.7.78         -> v1.7.78
2026-04-29T07:43:02.3754298Z  * [new tag]           v1.7.79         -> v1.7.79
2026-04-29T07:43:02.3754540Z  * [new tag]           v1.7.80         -> v1.7.80
2026-04-29T07:43:02.3754788Z  * [new tag]           v1.7.81         -> v1.7.81
2026-04-29T07:43:02.3755039Z  * [new tag]           v1.7.82         -> v1.7.82
2026-04-29T07:43:02.3755282Z  * [new tag]           v1.7.83         -> v1.7.83
2026-04-29T07:43:02.3755532Z  * [new tag]           v1.7.84         -> v1.7.84
2026-04-29T07:43:02.3755802Z  * [new tag]           v1.7.85         -> v1.7.85
2026-04-29T07:43:02.3756053Z  * [new tag]           v1.7.86         -> v1.7.86
2026-04-29T07:43:02.3756312Z  * [new tag]           v1.7.87         -> v1.7.87
2026-04-29T07:43:02.3887926Z [command]/usr/bin/git rev-parse --verify --quiet d3b3336c29887531acbbfea50fdf2c8782ed878a^{object}
2026-04-29T07:43:02.3912484Z d3b3336c29887531acbbfea50fdf2c8782ed878a
2026-04-29T07:43:02.3917229Z ##[endgroup]
2026-04-29T07:43:02.3917771Z ##[group]Determining the checkout info
2026-04-29T07:43:02.3918932Z ##[endgroup]
2026-04-29T07:43:02.3924108Z [command]/usr/bin/git sparse-checkout disable
2026-04-29T07:43:02.3959867Z [command]/usr/bin/git config --local --unset-all extensions.worktreeConfig
2026-04-29T07:43:02.3986445Z ##[group]Checking out the ref
2026-04-29T07:43:02.3991435Z [command]/usr/bin/git checkout --progress --force d3b3336c29887531acbbfea50fdf2c8782ed878a
2026-04-29T07:43:02.6636383Z Note: switching to 'd3b3336c29887531acbbfea50fdf2c8782ed878a'.
2026-04-29T07:43:02.6636806Z 
2026-04-29T07:43:02.6637082Z You are in 'detached HEAD' state. You can look around, make experimental
2026-04-29T07:43:02.6637775Z changes and commit them, and you can discard any commits you make in this
2026-04-29T07:43:02.6638442Z state without impacting any branches by switching back to a branch.
2026-04-29T07:43:02.6638838Z 
2026-04-29T07:43:02.6639100Z If you want to create a new branch to retain commits you create, you may
2026-04-29T07:43:02.6640043Z do so (now or later) by using -c with the switch command. Example:
2026-04-29T07:43:02.6640437Z 
2026-04-29T07:43:02.6640580Z   git switch -c <new-branch-name>
2026-04-29T07:43:02.6640825Z 
2026-04-29T07:43:02.6640967Z Or undo this operation with:
2026-04-29T07:43:02.6641190Z 
2026-04-29T07:43:02.6641303Z   git switch -
2026-04-29T07:43:02.6641476Z 
2026-04-29T07:43:02.6641787Z Turn off this advice by setting config variable advice.detachedHead to false
2026-04-29T07:43:02.6642239Z 
2026-04-29T07:43:02.6642548Z HEAD is now at d3b3336c fix(sync): trigger sync on reconnect + 30 s periodic floor (#944)
2026-04-29T07:43:02.6671686Z ##[endgroup]
2026-04-29T07:43:02.6715450Z [command]/usr/bin/git log -1 --format=%H
2026-04-29T07:43:02.6741311Z d3b3336c29887531acbbfea50fdf2c8782ed878a
2026-04-29T07:43:02.6855884Z ##[group]Run set -euo pipefail
2026-04-29T07:43:02.6856190Z [36;1mset -euo pipefail[0m
2026-04-29T07:43:02.6856695Z [36;1m# Switch off the detached merge-sha checkout onto a local branch[0m
2026-04-29T07:43:02.6857135Z [36;1m# tracking main so the later `git push HEAD:main` has somewhere[0m
2026-04-29T07:43:02.6857540Z [36;1m# to go. Fetch the latest main first so we bump from the tip the[0m
2026-04-29T07:43:02.6857968Z [36;1m# push will target — otherwise a concurrent PR's bump from a[0m
2026-04-29T07:43:02.6858370Z [36;1m# queued run ahead of us would get overwritten.[0m
2026-04-29T07:43:02.6858665Z [36;1mgit fetch origin main[0m
2026-04-29T07:43:02.6858917Z [36;1mgit checkout -B main origin/main[0m
2026-04-29T07:43:02.6859161Z [36;1m[0m
2026-04-29T07:43:02.6859743Z [36;1mCURRENT_CODE=$(grep -oP 'versionCode\s*=\s*\K[0-9]+' app/build.gradle.kts | head -1)[0m
2026-04-29T07:43:02.6860166Z [36;1mNEW_CODE=$(( CURRENT_CODE + 1 ))[0m
2026-04-29T07:43:02.6860580Z [36;1msed -i "s/versionCode = [0-9]*/versionCode = $NEW_CODE/" app/build.gradle.kts[0m
2026-04-29T07:43:02.6860951Z [36;1m[0m
2026-04-29T07:43:02.6861261Z [36;1mCURRENT_NAME=$(grep -oP 'versionName\s*=\s*"\K[^"]+' app/build.gradle.kts | head -1)[0m
2026-04-29T07:43:02.6861683Z [36;1mMAJOR=$(echo "$CURRENT_NAME" | cut -d. -f1)[0m
2026-04-29T07:43:02.6861991Z [36;1mMINOR=$(echo "$CURRENT_NAME" | cut -d. -f2)[0m
2026-04-29T07:43:02.6862285Z [36;1mPATCH=$(echo "$CURRENT_NAME" | cut -d. -f3)[0m
2026-04-29T07:43:02.6862570Z [36;1mNEW_PATCH=$(( PATCH + 1 ))[0m
2026-04-29T07:43:02.6862856Z [36;1mNEW_NAME="${MAJOR}.${MINOR}.${NEW_PATCH}"[0m
2026-04-29T07:43:02.6863311Z [36;1msed -i "s/versionName = \"${CURRENT_NAME}\"/versionName = \"${NEW_NAME}\"/" app/build.gradle.kts[0m
2026-04-29T07:43:02.6863732Z [36;1m[0m
2026-04-29T07:43:02.6863970Z [36;1mecho "version_name=$NEW_NAME" >> "$GITHUB_OUTPUT"[0m
2026-04-29T07:43:02.6864308Z [36;1mecho "version_code=$NEW_CODE" >> "$GITHUB_OUTPUT"[0m
2026-04-29T07:43:02.6864640Z [36;1mecho "Bumping to v$NEW_NAME (build $NEW_CODE)"[0m
2026-04-29T07:43:02.6887348Z shell: /usr/bin/bash -e {0}
2026-04-29T07:43:02.6887596Z ##[endgroup]
2026-04-29T07:43:02.8892786Z From https://github.com/averycorp/prismTask
2026-04-29T07:43:02.8893297Z  * branch              main       -> FETCH_HEAD
2026-04-29T07:43:03.0771539Z Switched to a new branch 'main'
2026-04-29T07:43:03.0773784Z branch 'main' set up to track 'origin/main'.
2026-04-29T07:43:03.0902933Z Bumping to v1.7.88 (build 788)
2026-04-29T07:43:03.0954159Z ##[group]Run set -euo pipefail
2026-04-29T07:43:03.0954471Z [36;1mset -euo pipefail[0m
2026-04-29T07:43:03.0954852Z [36;1mgit config --local user.email "github-actions[bot]@users.noreply.github.com"[0m
2026-04-29T07:43:03.0955302Z [36;1mgit config --local user.name "github-actions[bot]"[0m
2026-04-29T07:43:03.0955620Z [36;1mgit add app/build.gradle.kts[0m
2026-04-29T07:43:03.0955893Z [36;1mif git diff --cached --quiet; then[0m
2026-04-29T07:43:03.0956163Z [36;1m  echo "No version bump to commit"[0m
2026-04-29T07:43:03.0956402Z [36;1m  exit 0[0m
2026-04-29T07:43:03.0956596Z [36;1mfi[0m
2026-04-29T07:43:03.0956844Z [36;1mgit commit -m "chore: bump to v1.7.88 (build 788) [skip ci]"[0m
2026-04-29T07:43:03.0957253Z [36;1m# Another PR merge can push to main while this job is running,[0m
2026-04-29T07:43:03.0957655Z [36;1m# so a straight `git push` here races and silently loses the[0m
2026-04-29T07:43:03.0958117Z [36;1m# bump commit. Rebase onto the current main tip and retry on rejection.[0m
2026-04-29T07:43:03.0958483Z [36;1mfor attempt in 1 2 3 4 5; do[0m
2026-04-29T07:43:03.0958747Z [36;1m  if git push origin HEAD:main; then[0m
2026-04-29T07:43:03.0959069Z [36;1m    echo "Pushed version bump on attempt $attempt"[0m
2026-04-29T07:43:03.0959603Z [36;1m    exit 0[0m
2026-04-29T07:43:03.0959840Z [36;1m  fi[0m
2026-04-29T07:43:03.0960159Z [36;1m  echo "Push rejected on attempt $attempt; rebasing onto origin/main and retrying"[0m
2026-04-29T07:43:03.0960562Z [36;1m  git fetch origin main[0m
2026-04-29T07:43:03.0960814Z [36;1m  if ! git rebase origin/main; then[0m
2026-04-29T07:43:03.0961292Z [36;1m    git rebase --abort || true[0m
2026-04-29T07:43:03.0961651Z [36;1m    echo "::error::Rebase conflict while replaying version bump; aborting."[0m
2026-04-29T07:43:03.0962003Z [36;1m    exit 1[0m
2026-04-29T07:43:03.0962179Z [36;1m  fi[0m
2026-04-29T07:43:03.0962365Z [36;1m  sleep $((attempt * 2))[0m
2026-04-29T07:43:03.0962594Z [36;1mdone[0m
2026-04-29T07:43:03.0962854Z [36;1mecho "::error::Failed to push version bump after 5 attempts."[0m
2026-04-29T07:43:03.0963171Z [36;1mexit 1[0m
2026-04-29T07:43:03.0985286Z shell: /usr/bin/bash -e {0}
2026-04-29T07:43:03.0985524Z ##[endgroup]
2026-04-29T07:43:03.1210919Z [main 9b22d96a] chore: bump to v1.7.88 (build 788) [skip ci]
2026-04-29T07:43:03.1211551Z  1 file changed, 2 insertions(+), 2 deletions(-)
2026-04-29T07:43:03.2351713Z remote: Permission to averycorp/prismTask.git denied to akarlin3.
2026-04-29T07:43:03.2352432Z fatal: unable to access 'https://github.com/averycorp/prismTask/': The requested URL returned error: 403
2026-04-29T07:43:03.2370031Z Push rejected on attempt 1; rebasing onto origin/main and retrying
2026-04-29T07:43:03.4142718Z From https://github.com/averycorp/prismTask
2026-04-29T07:43:03.4143265Z  * branch              main       -> FETCH_HEAD
2026-04-29T07:43:03.4267504Z Current branch main is up to date.
2026-04-29T07:43:05.5432036Z remote: Permission to averycorp/prismTask.git denied to akarlin3.
2026-04-29T07:43:05.5432684Z fatal: unable to access 'https://github.com/averycorp/prismTask/': The requested URL returned error: 403
2026-04-29T07:43:05.5450948Z Push rejected on attempt 2; rebasing onto origin/main and retrying
2026-04-29T07:43:05.7245211Z From https://github.com/averycorp/prismTask
2026-04-29T07:43:05.7245731Z  * branch              main       -> FETCH_HEAD
2026-04-29T07:43:05.7351545Z Current branch main is up to date.
2026-04-29T07:43:09.8573199Z remote: Permission to averycorp/prismTask.git denied to akarlin3.
2026-04-29T07:43:09.8574120Z fatal: unable to access 'https://github.com/averycorp/prismTask/': The requested URL returned error: 403
2026-04-29T07:43:09.8592249Z Push rejected on attempt 3; rebasing onto origin/main and retrying
2026-04-29T07:43:10.0207877Z From https://github.com/averycorp/prismTask
2026-04-29T07:43:10.0208408Z  * branch              main       -> FETCH_HEAD
2026-04-29T07:43:10.0302014Z Current branch main is up to date.
2026-04-29T07:43:16.1387394Z remote: Permission to averycorp/prismTask.git denied to akarlin3.
2026-04-29T07:43:16.1388071Z fatal: unable to access 'https://github.com/averycorp/prismTask/': The requested URL returned error: 403
2026-04-29T07:43:16.1405560Z Push rejected on attempt 4; rebasing onto origin/main and retrying
2026-04-29T07:43:16.3272064Z From https://github.com/averycorp/prismTask
2026-04-29T07:43:16.3272588Z  * branch              main       -> FETCH_HEAD
2026-04-29T07:43:16.3368319Z Current branch main is up to date.
2026-04-29T07:43:24.4444551Z remote: Permission to averycorp/prismTask.git denied to akarlin3.
2026-04-29T07:43:24.4445230Z fatal: unable to access 'https://github.com/averycorp/prismTask/': The requested URL returned error: 403
2026-04-29T07:43:24.4463100Z Push rejected on attempt 5; rebasing onto origin/main and retrying
2026-04-29T07:43:24.6063392Z From https://github.com/averycorp/prismTask
2026-04-29T07:43:24.6063801Z  * branch              main       -> FETCH_HEAD
2026-04-29T07:43:24.6158832Z Current branch main is up to date.
2026-04-29T07:43:34.6215082Z ##[error]Failed to push version bump after 5 attempts.
2026-04-29T07:43:34.6223890Z ##[error]Process completed with exit code 1.
2026-04-29T07:43:34.6332387Z Post job cleanup.
2026-04-29T07:43:34.7312295Z [command]/usr/bin/git version
2026-04-29T07:43:34.7348196Z git version 2.53.0
2026-04-29T07:43:34.7397089Z Temporarily overriding HOME='/home/runner/work/_temp/72529ad2-16a1-48b7-9079-ddfc00fd51cc' before making global git config changes
2026-04-29T07:43:34.7398319Z Adding repository directory to the temporary git global config as a safe directory
2026-04-29T07:43:34.7403297Z [command]/usr/bin/git config --global --add safe.directory /home/runner/work/prismTask/prismTask
2026-04-29T07:43:34.7438473Z [command]/usr/bin/git config --local --name-only --get-regexp core\.sshCommand
2026-04-29T07:43:34.7471972Z [command]/usr/bin/git submodule foreach --recursive sh -c "git config --local --name-only --get-regexp 'core\.sshCommand' && git config --local --unset-all 'core.sshCommand' || :"
2026-04-29T07:43:34.7707746Z [command]/usr/bin/git config --local --name-only --get-regexp http\.https\:\/\/github\.com\/\.extraheader
2026-04-29T07:43:34.7729152Z http.https://github.com/.extraheader
2026-04-29T07:43:34.7741836Z [command]/usr/bin/git config --local --unset-all http.https://github.com/.extraheader
2026-04-29T07:43:34.7772418Z [command]/usr/bin/git submodule foreach --recursive sh -c "git config --local --name-only --get-regexp 'http\.https\:\/\/github\.com\/\.extraheader' && git config --local --unset-all 'http.https://github.com/.extraheader' || :"
2026-04-29T07:43:34.8005467Z [command]/usr/bin/git config --local --name-only --get-regexp ^includeIf\.gitdir:
2026-04-29T07:43:34.8036816Z [command]/usr/bin/git submodule foreach --recursive git config --local --show-origin --name-only --get-regexp remote.origin.url
2026-04-29T07:43:34.8383517Z Cleaning up orphan processes
2026-04-29T07:43:34.8666612Z ##[warning]Node.js 20 actions are deprecated. The following actions are running on Node.js 20 and may not work as expected: actions/checkout@v4. Actions will be forced to run with Node.js 24 by default starting June 2nd, 2026. Node.js 20 will be removed from the runner on September 16th, 2026. Please check if updated versions of these actions are available that support Node.js 24. To opt into Node.js 24 now, set the FORCE_JAVASCRIPT_ACTIONS_TO_NODE24=true environment variable on the runner or in your workflow file. Once Node.js 24 becomes the default, you can temporarily opt out by setting ACTIONS_ALLOW_USE_UNSECURE_NODE_VERSION=true. For more information see: https://github.blog/changelog/2025-09-19-deprecation-of-node-20-on-github-actions-runners/
