=== CI FAILURE ===
Workflow:      Auto-merge & Release
Workflow file: akarlin3/prismTask/.github/workflows/auto-merge.yml@refs/pull/475/merge
Job(s):        Auto-merge
Run ID:        24526428763
Run attempt:   1
Run URL:       https://github.com/akarlin3/prismTask/actions/runs/24526428763
Commit:        439a2f383ac073e653b205d8762f24fadd476cf6
Branch:        475/merge
Event:         pull_request
Actor:         akarlin3
Runner OS:     Linux
Timestamp:     2026-04-16T18:21:36.513Z

Failed steps:
  - Auto-merge: #3 Wait for all other CI checks to pass

=== FAILED JOB LOG ===

--- Job: Auto-merge (id 71697766169) ---
2026-04-16T18:13:46.8805261Z Current runner version: '2.333.1'
2026-04-16T18:13:46.8829275Z ##[group]Runner Image Provisioner
2026-04-16T18:13:46.8830358Z Hosted Compute Agent
2026-04-16T18:13:46.8830873Z Version: 20260213.493
2026-04-16T18:13:46.8831520Z Commit: 5c115507f6dd24b8de37d8bbe0bb4509d0cc0fa3
2026-04-16T18:13:46.8832280Z Build Date: 2026-02-13T00:28:41Z
2026-04-16T18:13:46.8832911Z Worker ID: {17242721-7303-42ec-b221-8455ee572cf8}
2026-04-16T18:13:46.8833559Z Azure Region: westus
2026-04-16T18:13:46.8834035Z ##[endgroup]
2026-04-16T18:13:46.8835584Z ##[group]Operating System
2026-04-16T18:13:46.8836334Z Ubuntu
2026-04-16T18:13:46.8836786Z 24.04.4
2026-04-16T18:13:46.8837332Z LTS
2026-04-16T18:13:46.8837775Z ##[endgroup]
2026-04-16T18:13:46.8838233Z ##[group]Runner Image
2026-04-16T18:13:46.8838878Z Image: ubuntu-24.04
2026-04-16T18:13:46.8839414Z Version: 20260413.86.1
2026-04-16T18:13:46.8840628Z Included Software: https://github.com/actions/runner-images/blob/ubuntu24/20260413.86/images/ubuntu/Ubuntu2404-Readme.md
2026-04-16T18:13:46.8842048Z Image Release: https://github.com/actions/runner-images/releases/tag/ubuntu24%2F20260413.86
2026-04-16T18:13:46.8842918Z ##[endgroup]
2026-04-16T18:13:46.8844258Z ##[group]GITHUB_TOKEN Permissions
2026-04-16T18:13:46.8846375Z Actions: read
2026-04-16T18:13:46.8846992Z Checks: read
2026-04-16T18:13:46.8847493Z Contents: write
2026-04-16T18:13:46.8847945Z Metadata: read
2026-04-16T18:13:46.8848492Z PullRequests: write
2026-04-16T18:13:46.8849017Z ##[endgroup]
2026-04-16T18:13:46.8851010Z Secret source: Actions
2026-04-16T18:13:46.8851790Z Prepare workflow directory
2026-04-16T18:13:46.9263626Z Prepare all required actions
2026-04-16T18:13:46.9319999Z Getting action download info
2026-04-16T18:13:47.3932600Z Download action repository 'lewagon/wait-on-check-action@ccfb013c15c8afb7bf2b7c028fb74dc5a068cccc' (SHA:ccfb013c15c8afb7bf2b7c028fb74dc5a068cccc)
2026-04-16T18:13:47.9829307Z Getting action download info
2026-04-16T18:13:48.1973256Z Download action repository 'ruby/setup-ruby@v1' (SHA:7372622e62b60b3cb750dcd2b9e32c247ffec26a)
2026-04-16T18:13:48.9345411Z Download action repository 'actions/cache@v4' (SHA:0057852bfaa89a56745cba8c7296529d2fc39830)
2026-04-16T18:13:49.0587716Z Complete job name: Auto-merge
2026-04-16T18:13:49.1210708Z ##[group]Run set -euo pipefail
2026-04-16T18:13:49.1211190Z [36;1mset -euo pipefail[0m
2026-04-16T18:13:49.1211629Z [36;1m# Give GitHub a short grace period to schedule workflow runs for[0m
2026-04-16T18:13:49.1212221Z [36;1m# the head commit. Paths-filtered workflows (android/backend/web CI)[0m
2026-04-16T18:13:49.1212781Z [36;1m# won't run for doc-only or cross-cutting config PRs, so the[0m
2026-04-16T18:13:49.1213325Z [36;1m# wait-on-check-action step below would otherwise hang waiting for[0m
2026-04-16T18:13:49.1213793Z [36;1m# checks that will never appear.[0m
2026-04-16T18:13:49.1214121Z [36;1msleep 20[0m
2026-04-16T18:13:49.1214491Z [36;1mCOUNT=$(gh api "repos/$REPO/commits/$HEAD_SHA/check-runs" \[0m
2026-04-16T18:13:49.1215015Z [36;1m  --jq '[.check_runs[] | select(.name != "Auto-merge")] | length')[0m
2026-04-16T18:13:49.1215528Z [36;1mecho "Non-Auto-merge check runs on head: $COUNT"[0m
2026-04-16T18:13:49.1215959Z [36;1mif [ "$COUNT" -gt 0 ]; then[0m
2026-04-16T18:13:49.1216593Z [36;1m  echo "has_ci=true" >> "$GITHUB_OUTPUT"[0m
2026-04-16T18:13:49.1216935Z [36;1melse[0m
2026-04-16T18:13:49.1217216Z [36;1m  echo "has_ci=false" >> "$GITHUB_OUTPUT"[0m
2026-04-16T18:13:49.1217666Z [36;1m  echo "No CI checks on this PR — will merge without waiting."[0m
2026-04-16T18:13:49.1218075Z [36;1mfi[0m
2026-04-16T18:13:49.1242902Z shell: /usr/bin/bash -e {0}
2026-04-16T18:13:49.1243580Z env:
2026-04-16T18:13:49.1243841Z   WAIT_INTERVAL: 30
2026-04-16T18:13:49.1244414Z   GH_TOKEN: ***
2026-04-16T18:13:49.1244738Z   HEAD_SHA: f5e7f956a9c661f0cde68b4c4d904fcc8f32ab41
2026-04-16T18:13:49.1245116Z   REPO: akarlin3/prismTask
2026-04-16T18:13:49.1245436Z ##[endgroup]
2026-04-16T18:14:09.5672013Z Non-Auto-merge check runs on head: 3
2026-04-16T18:14:09.5899262Z ##[group]Run lewagon/wait-on-check-action@ccfb013c15c8afb7bf2b7c028fb74dc5a068cccc
2026-04-16T18:14:09.5899768Z with:
2026-04-16T18:14:09.5900044Z   ref: f5e7f956a9c661f0cde68b4c4d904fcc8f32ab41
2026-04-16T18:14:09.5900373Z   running-workflow-name: Auto-merge
2026-04-16T18:14:09.5900947Z   repo-token: ***
2026-04-16T18:14:09.5901183Z   wait-interval: 30
2026-04-16T18:14:09.5901426Z   allowed-conclusions: success,skipped
2026-04-16T18:14:09.5901717Z   verbose: true
2026-04-16T18:14:09.5901916Z env:
2026-04-16T18:14:09.5902110Z   WAIT_INTERVAL: 30
2026-04-16T18:14:09.5902321Z ##[endgroup]
2026-04-16T18:14:09.6037396Z ##[group]Run ruby/setup-ruby@v1
2026-04-16T18:14:09.6037699Z with:
2026-04-16T18:14:09.6037917Z   ruby-version: 3.2
2026-04-16T18:14:09.6038183Z   bundler-cache: false
2026-04-16T18:14:09.6038570Z   token: ***
2026-04-16T18:14:09.6038771Z env:
2026-04-16T18:14:09.6038967Z   WAIT_INTERVAL: 30
2026-04-16T18:14:09.6039184Z ##[endgroup]
2026-04-16T18:14:09.8026754Z ##[group]Modifying PATH
2026-04-16T18:14:09.8027422Z Entries added to PATH to use selected Ruby:
2026-04-16T18:14:09.8028015Z   /opt/hostedtoolcache/Ruby/3.2.11/x64/bin
2026-04-16T18:14:09.8032312Z ##[endgroup]
2026-04-16T18:14:09.8033370Z ##[group]Print Ruby version
2026-04-16T18:14:09.8117900Z [command]/opt/hostedtoolcache/Ruby/3.2.11/x64/bin/ruby --version
2026-04-16T18:14:09.9761539Z ruby 3.2.11 (2026-03-27 revision 5483bfc1ae) [x86_64-linux]
2026-04-16T18:14:09.9798453Z Took   0.18 seconds
2026-04-16T18:14:09.9799359Z ##[endgroup]
2026-04-16T18:14:09.9801715Z ##[group]Installing Bundler
2026-04-16T18:14:09.9807201Z Using Bundler shipped with ruby-3.2.11
2026-04-16T18:14:09.9808514Z Took   0.00 seconds
2026-04-16T18:14:09.9809860Z ##[endgroup]
2026-04-16T18:14:10.0447028Z ##[group]Run actions/cache@v4
2026-04-16T18:14:10.0447339Z with:
2026-04-16T18:14:10.0447798Z   path: /home/runner/work/_actions/lewagon/wait-on-check-action/ccfb013c15c8afb7bf2b7c028fb74dc5a068cccc
2026-04-16T18:14:10.0448332Z   key: Linux-gems-
2026-04-16T18:14:10.0448579Z   restore-keys: Linux-gems-
2026-04-16T18:14:10.0448847Z   enableCrossOsArchive: false
2026-04-16T18:14:10.0449107Z   fail-on-cache-miss: false
2026-04-16T18:14:10.0449352Z   lookup-only: false
2026-04-16T18:14:10.0449573Z   save-always: false
2026-04-16T18:14:10.0514790Z env:
2026-04-16T18:14:10.0515031Z   WAIT_INTERVAL: 30
2026-04-16T18:14:10.0515261Z ##[endgroup]
2026-04-16T18:14:10.4761954Z Cache not found for input keys: Linux-gems-, Linux-gems-
2026-04-16T18:14:10.4827501Z ##[group]Run bundle install --jobs 4 --retry 3
2026-04-16T18:14:10.4827820Z [36;1mbundle install --jobs 4 --retry 3[0m
2026-04-16T18:14:10.4851225Z shell: /usr/bin/bash --noprofile --norc -e -o pipefail {0}
2026-04-16T18:14:10.4851543Z env:
2026-04-16T18:14:10.4851709Z   WAIT_INTERVAL: 30
2026-04-16T18:14:10.4851881Z ##[endgroup]
2026-04-16T18:14:11.7358390Z Bundler 2.4.19 is running, but your lockfile was generated with 2.2.3. Installing Bundler 2.2.3 and restarting using that version.
2026-04-16T18:14:13.1988034Z Fetching gem metadata from https://rubygems.org/.
2026-04-16T18:14:13.2062942Z Fetching bundler 2.2.3
2026-04-16T18:14:13.3541384Z Installing bundler 2.2.3
2026-04-16T18:14:13.5442226Z Calling `DidYouMean::SPELL_CHECKERS.merge!(error_name => spell_checker)' has been deprecated. Please call `DidYouMean.correct_error(error_name, spell_checker)' instead.
2026-04-16T18:14:14.7725388Z Fetching gem metadata from https://rubygems.org/.........
2026-04-16T18:14:14.7824639Z Fetching concurrent-ruby 1.2.2
2026-04-16T18:14:14.7828267Z Fetching minitest 5.18.0
2026-04-16T18:14:14.7896375Z Fetching public_suffix 4.0.7
2026-04-16T18:14:14.8559104Z Fetching zeitwerk 2.6.7
2026-04-16T18:14:14.8925572Z Installing zeitwerk 2.6.7
2026-04-16T18:14:14.9179973Z Installing minitest 5.18.0
2026-04-16T18:14:14.9248549Z Installing public_suffix 4.0.7
2026-04-16T18:14:14.9268854Z Installing concurrent-ruby 1.2.2
2026-04-16T18:14:14.9601938Z Fetching ast 2.4.2
2026-04-16T18:14:14.9983152Z Installing ast 2.4.2
2026-04-16T18:14:15.0123776Z Using bundler 2.2.3
2026-04-16T18:14:15.0129683Z Fetching byebug 11.1.3
2026-04-16T18:14:15.0513402Z Fetching diff-lcs 1.4.4
2026-04-16T18:14:15.0844313Z Installing byebug 11.1.3 with native extensions
2026-04-16T18:14:15.0937665Z Installing diff-lcs 1.4.4
2026-04-16T18:14:15.1366786Z Fetching faraday-net_http 2.0.3
2026-04-16T18:14:15.1823102Z Installing faraday-net_http 2.0.3
2026-04-16T18:14:15.2154830Z Using ruby2_keywords 0.0.5
2026-04-16T18:14:15.2170571Z Fetching json 2.7.1
2026-04-16T18:14:15.2630722Z Installing json 2.7.1 with native extensions
2026-04-16T18:14:15.3035249Z Fetching language_server-protocol 3.17.0.3
2026-04-16T18:14:15.3440038Z Installing language_server-protocol 3.17.0.3
2026-04-16T18:14:15.3916742Z Fetching lint_roller 1.1.0
2026-04-16T18:14:15.4260600Z Installing lint_roller 1.1.0
2026-04-16T18:14:15.4498652Z Fetching parallel 1.24.0
2026-04-16T18:14:15.4898976Z Installing parallel 1.24.0
2026-04-16T18:14:15.5014829Z Fetching racc 1.7.3
2026-04-16T18:14:15.5551314Z Installing racc 1.7.3 with native extensions
2026-04-16T18:14:15.6118527Z Fetching rainbow 3.1.1
2026-04-16T18:14:15.6433416Z Installing rainbow 3.1.1
2026-04-16T18:14:15.6496400Z Fetching regexp_parser 2.8.3
2026-04-16T18:14:15.6825071Z Installing regexp_parser 2.8.3
2026-04-16T18:14:15.7032368Z Fetching rexml 3.2.6
2026-04-16T18:14:15.7373575Z Installing rexml 3.2.6
2026-04-16T18:14:15.7599596Z Fetching rspec-support 3.10.1
2026-04-16T18:14:15.8057063Z Installing rspec-support 3.10.1
2026-04-16T18:14:15.8159622Z Fetching ruby-progressbar 1.13.0
2026-04-16T18:14:15.8468744Z Installing ruby-progressbar 1.13.0
2026-04-16T18:14:15.8561716Z Fetching unicode-display_width 2.5.0
2026-04-16T18:14:15.8887993Z Installing unicode-display_width 2.5.0
2026-04-16T18:14:15.8945746Z Fetching addressable 2.8.0
2026-04-16T18:14:15.9268872Z Installing addressable 2.8.0
2026-04-16T18:14:15.9506863Z Fetching faraday 2.3.0
2026-04-16T18:14:15.9882205Z Installing faraday 2.3.0
2026-04-16T18:14:16.0111892Z Fetching i18n 1.12.0
2026-04-16T18:14:16.0468635Z Installing i18n 1.12.0
2026-04-16T18:14:16.0692551Z Fetching tzinfo 2.0.6
2026-04-16T18:14:16.1066308Z Installing tzinfo 2.0.6
2026-04-16T18:14:16.1235653Z Fetching rspec-core 3.10.1
2026-04-16T18:14:16.1787113Z Installing rspec-core 3.10.1
2026-04-16T18:14:16.2184292Z Fetching rspec-expectations 3.10.1
2026-04-16T18:14:16.2787125Z Installing rspec-expectations 3.10.1
2026-04-16T18:14:16.3068013Z Fetching rspec-mocks 3.10.1
2026-04-16T18:14:16.3694502Z Installing rspec-mocks 3.10.1
2026-04-16T18:14:16.3947011Z Fetching faraday-retry 2.0.0
2026-04-16T18:14:16.4517180Z Installing faraday-retry 2.0.0
2026-04-16T18:14:16.4596786Z Fetching sawyer 0.9.2
2026-04-16T18:14:16.5140658Z Installing sawyer 0.9.2
2026-04-16T18:14:16.5287030Z Fetching activesupport 6.1.7.3
2026-04-16T18:14:16.5936277Z Installing activesupport 6.1.7.3
2026-04-16T18:14:16.6852002Z Fetching rspec 3.10.0
2026-04-16T18:14:16.7386494Z Installing rspec 3.10.0
2026-04-16T18:14:16.7476085Z Fetching octokit 4.25.0
2026-04-16T18:14:16.8026396Z Installing octokit 4.25.0
2026-04-16T18:14:16.8806452Z Fetching parser 3.2.2.4
2026-04-16T18:14:16.9807471Z Installing parser 3.2.2.4
2026-04-16T18:14:17.1627466Z Fetching rubocop-ast 1.30.0
2026-04-16T18:14:17.2494645Z Installing rubocop-ast 1.30.0
2026-04-16T18:14:18.5203513Z Fetching rubocop 1.57.2
2026-04-16T18:14:18.5717473Z Installing rubocop 1.57.2
2026-04-16T18:14:18.7418022Z Fetching rubocop-performance 1.19.1
2026-04-16T18:14:18.7421515Z Fetching standard-custom 1.0.2
2026-04-16T18:14:18.7965122Z Installing standard-custom 1.0.2
2026-04-16T18:14:18.7993555Z Installing rubocop-performance 1.19.1
2026-04-16T18:14:18.8188613Z Fetching standard-performance 1.2.1
2026-04-16T18:14:18.8478088Z Installing standard-performance 1.2.1
2026-04-16T18:14:18.8547664Z Fetching standard 1.32.1
2026-04-16T18:14:18.8853802Z Installing standard 1.32.1
2026-04-16T18:14:18.9057360Z Bundle complete! 6 Gemfile dependencies, 40 gems now installed.
2026-04-16T18:14:18.9058799Z Use `bundle info [gemname]` to see where a bundled gem is installed.
2026-04-16T18:14:18.9531694Z ##[group]Run ruby entrypoint.rb
2026-04-16T18:14:18.9531956Z [36;1mruby entrypoint.rb[0m
2026-04-16T18:14:18.9553223Z shell: /usr/bin/bash --noprofile --norc -e -o pipefail {0}
2026-04-16T18:14:18.9553529Z env:
2026-04-16T18:14:18.9553686Z   WAIT_INTERVAL: 30
2026-04-16T18:14:18.9553890Z   ALLOWED_CONCLUSIONS: success,skipped
2026-04-16T18:14:18.9554122Z   IGNORE_CHECKS: 
2026-04-16T18:14:18.9554294Z   CHECK_NAME: 
2026-04-16T18:14:18.9554448Z   CHECK_REGEXP: 
2026-04-16T18:14:18.9554651Z   REF: f5e7f956a9c661f0cde68b4c4d904fcc8f32ab41
2026-04-16T18:14:18.9555118Z   REPO_TOKEN: ***
2026-04-16T18:14:18.9555292Z   VERBOSE: true
2026-04-16T18:14:18.9555481Z   RUNNING_WORKFLOW_NAME: Auto-merge
2026-04-16T18:14:18.9555706Z   API_ENDPOINT: 
2026-04-16T18:14:18.9555876Z ##[endgroup]
2026-04-16T18:20:55.5335360Z Checks running on ref:
2026-04-16T18:20:55.5335953Z Checks completed: Version Bump, Build & Firebase Distribute, autofix
2026-04-16T18:20:55.5336686Z Checks in_progress: lint-and-test, Auto-merge
2026-04-16T18:20:55.5337181Z Checks after ignore checks filter:
2026-04-16T18:20:55.5337734Z Checks completed: Version Bump, Build & Firebase Distribute, autofix
2026-04-16T18:20:55.5338336Z Checks in_progress: lint-and-test
2026-04-16T18:20:55.5338584Z Checks after check_name filter:
2026-04-16T18:20:55.5338887Z Checks completed: Version Bump, Build & Firebase Distribute, autofix
2026-04-16T18:20:55.5339404Z Checks in_progress: lint-and-test
2026-04-16T18:20:55.5339781Z Checks after Regexp filter:
2026-04-16T18:20:55.5340239Z Checks completed: Version Bump, Build & Firebase Distribute, autofix
2026-04-16T18:20:55.5340633Z Checks in_progress: lint-and-test
2026-04-16T18:20:55.5341209Z The requested checks aren't complete yet, will check back in 30 seconds...
2026-04-16T18:20:55.5341807Z Checks running on ref:
2026-04-16T18:20:55.5342292Z Checks completed: Version Bump, Build & Firebase Distribute, autofix
2026-04-16T18:20:55.5342911Z Checks in_progress: lint-and-test, Auto-merge
2026-04-16T18:20:55.5343377Z Checks after ignore checks filter:
2026-04-16T18:20:55.5343924Z Checks completed: Version Bump, Build & Firebase Distribute, autofix
2026-04-16T18:20:55.5344499Z Checks in_progress: lint-and-test
2026-04-16T18:20:55.5344797Z Checks after check_name filter:
2026-04-16T18:20:55.5345084Z Checks completed: Version Bump, Build & Firebase Distribute, autofix
2026-04-16T18:20:55.5345405Z Checks in_progress: lint-and-test
2026-04-16T18:20:55.5345622Z Checks after Regexp filter:
2026-04-16T18:20:55.5345909Z Checks completed: Version Bump, Build & Firebase Distribute, autofix
2026-04-16T18:20:55.5346470Z Checks in_progress: lint-and-test
2026-04-16T18:20:55.5346795Z The requested checks aren't complete yet, will check back in 30 seconds...
2026-04-16T18:20:55.5347145Z Checks running on ref:
2026-04-16T18:20:55.5347418Z Checks completed: Version Bump, Build & Firebase Distribute, autofix
2026-04-16T18:20:55.5347769Z Checks in_progress: lint-and-test, Auto-merge
2026-04-16T18:20:55.5348036Z Checks after ignore checks filter:
2026-04-16T18:20:55.5348338Z Checks completed: Version Bump, Build & Firebase Distribute, autofix
2026-04-16T18:20:55.5348657Z Checks in_progress: lint-and-test
2026-04-16T18:20:55.5348876Z Checks after check_name filter:
2026-04-16T18:20:55.5349213Z Checks completed: Version Bump, Build & Firebase Distribute, autofix
2026-04-16T18:20:55.5349618Z Checks in_progress: lint-and-test
2026-04-16T18:20:55.5349828Z Checks after Regexp filter:
2026-04-16T18:20:55.5350110Z Checks completed: Version Bump, Build & Firebase Distribute, autofix
2026-04-16T18:20:55.5350422Z Checks in_progress: lint-and-test
2026-04-16T18:20:55.5350734Z The requested checks aren't complete yet, will check back in 30 seconds...
2026-04-16T18:20:55.5351067Z Checks running on ref:
2026-04-16T18:20:55.5351328Z Checks completed: Version Bump, Build & Firebase Distribute, autofix
2026-04-16T18:20:55.5351667Z Checks in_progress: lint-and-test, Auto-merge
2026-04-16T18:20:55.5352267Z Checks after ignore checks filter:
2026-04-16T18:20:55.5352700Z Checks completed: Version Bump, Build & Firebase Distribute, autofix
2026-04-16T18:20:55.5353013Z Checks in_progress: lint-and-test
2026-04-16T18:20:55.5353230Z Checks after check_name filter:
2026-04-16T18:20:55.5353512Z Checks completed: Version Bump, Build & Firebase Distribute, autofix
2026-04-16T18:20:55.5353830Z Checks in_progress: lint-and-test
2026-04-16T18:20:55.5354052Z Checks after Regexp filter:
2026-04-16T18:20:55.5354329Z Checks completed: Version Bump, Build & Firebase Distribute, autofix
2026-04-16T18:20:55.5354648Z Checks in_progress: lint-and-test
2026-04-16T18:20:55.5354956Z The requested checks aren't complete yet, will check back in 30 seconds...
2026-04-16T18:20:55.5355287Z Checks running on ref:
2026-04-16T18:20:55.5355549Z Checks completed: Version Bump, Build & Firebase Distribute, autofix
2026-04-16T18:20:55.5355886Z Checks in_progress: lint-and-test, Auto-merge
2026-04-16T18:20:55.5356355Z Checks after ignore checks filter:
2026-04-16T18:20:55.5356666Z Checks completed: Version Bump, Build & Firebase Distribute, autofix
2026-04-16T18:20:55.5356982Z Checks in_progress: lint-and-test
2026-04-16T18:20:55.5357192Z Checks after check_name filter:
2026-04-16T18:20:55.5357481Z Checks completed: Version Bump, Build & Firebase Distribute, autofix
2026-04-16T18:20:55.5357823Z Checks in_progress: lint-and-test
2026-04-16T18:20:55.5358037Z Checks after Regexp filter:
2026-04-16T18:20:55.5358312Z Checks completed: Version Bump, Build & Firebase Distribute, autofix
2026-04-16T18:20:55.5358627Z Checks in_progress: lint-and-test
2026-04-16T18:20:55.5358933Z The requested checks aren't complete yet, will check back in 30 seconds...
2026-04-16T18:20:55.5359261Z Checks running on ref:
2026-04-16T18:20:55.5359527Z Checks completed: Version Bump, Build & Firebase Distribute, autofix
2026-04-16T18:20:55.5359858Z Checks in_progress: lint-and-test, Auto-merge
2026-04-16T18:20:55.5360110Z Checks after ignore checks filter:
2026-04-16T18:20:55.5360407Z Checks completed: Version Bump, Build & Firebase Distribute, autofix
2026-04-16T18:20:55.5360733Z Checks in_progress: lint-and-test
2026-04-16T18:20:55.5360943Z Checks after check_name filter:
2026-04-16T18:20:55.5361230Z Checks completed: Version Bump, Build & Firebase Distribute, autofix
2026-04-16T18:20:55.5361541Z Checks in_progress: lint-and-test
2026-04-16T18:20:55.5361754Z Checks after Regexp filter:
2026-04-16T18:20:55.5362034Z Checks completed: Version Bump, Build & Firebase Distribute, autofix
2026-04-16T18:20:55.5362347Z Checks in_progress: lint-and-test
2026-04-16T18:20:55.5362659Z The requested checks aren't complete yet, will check back in 30 seconds...
2026-04-16T18:20:55.5362981Z Checks running on ref:
2026-04-16T18:20:55.5363248Z Checks completed: Version Bump, Build & Firebase Distribute, autofix
2026-04-16T18:20:55.5363580Z Checks in_progress: lint-and-test, Auto-merge
2026-04-16T18:20:55.5363831Z Checks after ignore checks filter:
2026-04-16T18:20:55.5364126Z Checks completed: Version Bump, Build & Firebase Distribute, autofix
2026-04-16T18:20:55.5364448Z Checks in_progress: lint-and-test
2026-04-16T18:20:55.5364666Z Checks after check_name filter:
2026-04-16T18:20:55.5364947Z Checks completed: Version Bump, Build & Firebase Distribute, autofix
2026-04-16T18:20:55.5365265Z Checks in_progress: lint-and-test
2026-04-16T18:20:55.5365471Z Checks after Regexp filter:
2026-04-16T18:20:55.5365750Z Checks completed: Version Bump, Build & Firebase Distribute, autofix
2026-04-16T18:20:55.5366289Z Checks in_progress: lint-and-test
2026-04-16T18:20:55.5366616Z The requested checks aren't complete yet, will check back in 30 seconds...
2026-04-16T18:20:55.5366940Z Checks running on ref:
2026-04-16T18:20:55.5367205Z Checks completed: Version Bump, Build & Firebase Distribute, autofix
2026-04-16T18:20:55.5367540Z Checks in_progress: lint-and-test, Auto-merge
2026-04-16T18:20:55.5367788Z Checks after ignore checks filter:
2026-04-16T18:20:55.5368214Z Checks completed: Version Bump, Build & Firebase Distribute, autofix
2026-04-16T18:20:55.5368637Z Checks in_progress: lint-and-test
2026-04-16T18:20:55.5368872Z Checks after check_name filter:
2026-04-16T18:20:55.5369162Z Checks completed: Version Bump, Build & Firebase Distribute, autofix
2026-04-16T18:20:55.5369474Z Checks in_progress: lint-and-test
2026-04-16T18:20:55.5369687Z Checks after Regexp filter:
2026-04-16T18:20:55.5369962Z Checks completed: Version Bump, Build & Firebase Distribute, autofix
2026-04-16T18:20:55.5370278Z Checks in_progress: lint-and-test
2026-04-16T18:20:55.5370583Z The requested checks aren't complete yet, will check back in 30 seconds...
2026-04-16T18:20:55.5370912Z Checks running on ref:
2026-04-16T18:20:55.5371179Z Checks completed: Version Bump, Build & Firebase Distribute, autofix
2026-04-16T18:20:55.5371511Z Checks in_progress: lint-and-test, Auto-merge
2026-04-16T18:20:55.5371764Z Checks after ignore checks filter:
2026-04-16T18:20:55.5372059Z Checks completed: Version Bump, Build & Firebase Distribute, autofix
2026-04-16T18:20:55.5372391Z Checks in_progress: lint-and-test
2026-04-16T18:20:55.5372624Z Checks after check_name filter:
2026-04-16T18:20:55.5372928Z Checks completed: Version Bump, Build & Firebase Distribute, autofix
2026-04-16T18:20:55.5373259Z Checks in_progress: lint-and-test
2026-04-16T18:20:55.5373481Z Checks after Regexp filter:
2026-04-16T18:20:55.5373773Z Checks completed: Version Bump, Build & Firebase Distribute, autofix
2026-04-16T18:20:55.5374102Z Checks in_progress: lint-and-test
2026-04-16T18:20:55.5374424Z The requested checks aren't complete yet, will check back in 30 seconds...
2026-04-16T18:20:55.5374760Z Checks running on ref:
2026-04-16T18:20:55.5375039Z Checks completed: Version Bump, Build & Firebase Distribute, autofix
2026-04-16T18:20:55.5375384Z Checks in_progress: lint-and-test, Auto-merge
2026-04-16T18:20:55.5375647Z Checks after ignore checks filter:
2026-04-16T18:20:55.5375946Z Checks completed: Version Bump, Build & Firebase Distribute, autofix
2026-04-16T18:20:55.5376527Z Checks in_progress: lint-and-test
2026-04-16T18:20:55.5376762Z Checks after check_name filter:
2026-04-16T18:20:55.5377062Z Checks completed: Version Bump, Build & Firebase Distribute, autofix
2026-04-16T18:20:55.5377388Z Checks in_progress: lint-and-test
2026-04-16T18:20:55.5377603Z Checks after Regexp filter:
2026-04-16T18:20:55.5377891Z Checks completed: Version Bump, Build & Firebase Distribute, autofix
2026-04-16T18:20:55.5378207Z Checks in_progress: lint-and-test
2026-04-16T18:20:55.5378528Z The requested checks aren't complete yet, will check back in 30 seconds...
2026-04-16T18:20:55.5378864Z Checks running on ref:
2026-04-16T18:20:55.5379136Z Checks completed: Version Bump, Build & Firebase Distribute, autofix
2026-04-16T18:20:55.5379478Z Checks in_progress: lint-and-test, Auto-merge
2026-04-16T18:20:55.5379732Z Checks after ignore checks filter:
2026-04-16T18:20:55.5380035Z Checks completed: Version Bump, Build & Firebase Distribute, autofix
2026-04-16T18:20:55.5380348Z Checks in_progress: lint-and-test
2026-04-16T18:20:55.5380572Z Checks after check_name filter:
2026-04-16T18:20:55.5380868Z Checks completed: Version Bump, Build & Firebase Distribute, autofix
2026-04-16T18:20:55.5381193Z Checks in_progress: lint-and-test
2026-04-16T18:20:55.5381407Z Checks after Regexp filter:
2026-04-16T18:20:55.5381693Z Checks completed: Version Bump, Build & Firebase Distribute, autofix
2026-04-16T18:20:55.5382013Z Checks in_progress: lint-and-test
2026-04-16T18:20:55.5382328Z The requested checks aren't complete yet, will check back in 30 seconds...
2026-04-16T18:20:55.5382666Z Checks running on ref:
2026-04-16T18:20:55.5382934Z Checks completed: Version Bump, Build & Firebase Distribute, autofix
2026-04-16T18:20:55.5383279Z Checks in_progress: lint-and-test, Auto-merge
2026-04-16T18:20:55.5383532Z Checks after ignore checks filter:
2026-04-16T18:20:55.5383836Z Checks completed: Version Bump, Build & Firebase Distribute, autofix
2026-04-16T18:20:55.5384160Z Checks in_progress: lint-and-test
2026-04-16T18:20:55.5384499Z Checks after check_name filter:
2026-04-16T18:20:55.5384888Z Checks completed: Version Bump, Build & Firebase Distribute, autofix
2026-04-16T18:20:55.5385205Z Checks in_progress: lint-and-test
2026-04-16T18:20:55.5385421Z Checks after Regexp filter:
2026-04-16T18:20:55.5385701Z Checks completed: Version Bump, Build & Firebase Distribute, autofix
2026-04-16T18:20:55.5386261Z Checks in_progress: lint-and-test
2026-04-16T18:20:55.5386573Z The requested checks aren't complete yet, will check back in 30 seconds...
2026-04-16T18:20:55.5386908Z Checks running on ref:
2026-04-16T18:20:55.5387176Z Checks completed: Version Bump, Build & Firebase Distribute, autofix
2026-04-16T18:20:55.5387511Z Checks in_progress: lint-and-test, Auto-merge
2026-04-16T18:20:55.5387767Z Checks after ignore checks filter:
2026-04-16T18:20:55.5388063Z Checks completed: Version Bump, Build & Firebase Distribute, autofix
2026-04-16T18:20:55.5388381Z Checks in_progress: lint-and-test
2026-04-16T18:20:55.5388595Z Checks after check_name filter:
2026-04-16T18:20:55.5388892Z Checks completed: Version Bump, Build & Firebase Distribute, autofix
2026-04-16T18:20:55.5389212Z Checks in_progress: lint-and-test
2026-04-16T18:20:55.5389429Z Checks after Regexp filter:
2026-04-16T18:20:55.5389714Z Checks completed: Version Bump, Build & Firebase Distribute, autofix
2026-04-16T18:20:55.5390031Z Checks in_progress: lint-and-test
2026-04-16T18:20:55.5390346Z The requested checks aren't complete yet, will check back in 30 seconds...
2026-04-16T18:20:55.5390674Z Checks running on ref:
2026-04-16T18:20:55.5391074Z Checks completed: firebase-distribute, Version Bump, Build & Firebase Distribute, lint-and-test, autofix
2026-04-16T18:21:25.9553563Z Checks in_progress: capture-failure-log, Auto-merge
2026-04-16T18:21:25.9555744Z Checks after ignore checks filter:
2026-04-16T18:21:25.9557576Z Checks completed: firebase-distribute, Version Bump, Build & Firebase Distribute, lint-and-test, autofix
2026-04-16T18:21:25.9558459Z Checks in_progress: capture-failure-log
2026-04-16T18:21:25.9558926Z Checks after check_name filter:
2026-04-16T18:21:25.9559693Z Checks completed: firebase-distribute, Version Bump, Build & Firebase Distribute, lint-and-test, autofix
2026-04-16T18:21:25.9560533Z Checks in_progress: capture-failure-log
2026-04-16T18:21:25.9560958Z Checks after Regexp filter:
2026-04-16T18:21:25.9561596Z Checks completed: firebase-distribute, Version Bump, Build & Firebase Distribute, lint-and-test, autofix
2026-04-16T18:21:25.9562110Z Checks in_progress: capture-failure-log
2026-04-16T18:21:25.9562490Z The requested checks aren't complete yet, will check back in 30 seconds...
2026-04-16T18:21:25.9562859Z Checks running on ref:
2026-04-16T18:21:25.9563385Z Checks completed: firebase-distribute, capture-failure-log, Version Bump, Build & Firebase Distribute, lint-and-test, autofix
2026-04-16T18:21:25.9563974Z Checks in_progress: Auto-merge
2026-04-16T18:21:25.9564209Z Checks after ignore checks filter:
2026-04-16T18:21:25.9564766Z Checks completed: firebase-distribute, capture-failure-log, Version Bump, Build & Firebase Distribute, lint-and-test, autofix
2026-04-16T18:21:25.9565346Z Checks after check_name filter:
2026-04-16T18:21:25.9565877Z Checks completed: firebase-distribute, capture-failure-log, Version Bump, Build & Firebase Distribute, lint-and-test, autofix
2026-04-16T18:21:25.9566685Z Checks after Regexp filter:
2026-04-16T18:21:25.9567210Z Checks completed: firebase-distribute, capture-failure-log, Version Bump, Build & Firebase Distribute, lint-and-test, autofix
2026-04-16T18:21:25.9567769Z Checks completed:
2026-04-16T18:21:25.9567979Z firebase-distribute: completed (skipped)
2026-04-16T18:21:25.9568257Z capture-failure-log: completed (success)
2026-04-16T18:21:25.9568573Z Version Bump, Build & Firebase Distribute: completed (skipped)
2026-04-16T18:21:25.9568880Z lint-and-test: completed (failure)
2026-04-16T18:21:25.9569109Z autofix: completed (failure)
2026-04-16T18:21:25.9570018Z The conclusion of one or more checks were not allowed. Allowed conclusions are: success, skipped. This can be configured with the 'allowed-conclusions' param.
2026-04-16T18:21:25.9652526Z ##[error]Process completed with exit code 1.
2026-04-16T18:21:25.9766305Z Post job cleanup.
2026-04-16T18:21:25.9818317Z Cleaning up orphan processes
2026-04-16T18:21:26.0136374Z ##[warning]Node.js 20 actions are deprecated. The following actions are running on Node.js 20 and may not work as expected: actions/cache@v4. Actions will be forced to run with Node.js 24 by default starting June 2nd, 2026. Node.js 20 will be removed from the runner on September 16th, 2026. Please check if updated versions of these actions are available that support Node.js 24. To opt into Node.js 24 now, set the FORCE_JAVASCRIPT_ACTIONS_TO_NODE24=true environment variable on the runner or in your workflow file. Once Node.js 24 becomes the default, you can temporarily opt out by setting ACTIONS_ALLOW_USE_UNSECURE_NODE_VERSION=true. For more information see: https://github.blog/changelog/2025-09-19-deprecation-of-node-20-on-github-actions-runners/
