=== CI FAILURE ===
Workflow:      Auto-merge & Release
Workflow file: averycorp/prismTask/.github/workflows/auto-merge.yml@refs/pull/910/merge
Job(s):        Auto-merge
Run ID:        25072675610
Run attempt:   1
Run URL:       https://github.com/averycorp/prismTask/actions/runs/25072675610
Commit:        5141a439a20bfc976b2372c5a35fc48924e21867
Branch:        910/merge
Event:         pull_request
Actor:         akarlin3
Runner OS:     Linux
Timestamp:     2026-04-28T19:21:18.022Z

Failed steps:
  - Auto-merge: #4 Wait for all other CI checks to pass

=== FAILED JOB LOG ===

--- Job: Auto-merge (id 73456953575) ---
2026-04-28T19:15:20.1946174Z Current runner version: '2.334.0'
2026-04-28T19:15:20.1971667Z ##[group]Runner Image Provisioner
2026-04-28T19:15:20.1972562Z Hosted Compute Agent
2026-04-28T19:15:20.1973126Z Version: 20260213.493
2026-04-28T19:15:20.1973807Z Commit: 5c115507f6dd24b8de37d8bbe0bb4509d0cc0fa3
2026-04-28T19:15:20.1974569Z Build Date: 2026-02-13T00:28:41Z
2026-04-28T19:15:20.1975265Z Worker ID: {50790796-a04c-44be-ba74-6a9b35196863}
2026-04-28T19:15:20.1976019Z Azure Region: northcentralus
2026-04-28T19:15:20.1976614Z ##[endgroup]
2026-04-28T19:15:20.1977916Z ##[group]Operating System
2026-04-28T19:15:20.1978443Z Ubuntu
2026-04-28T19:15:20.1979071Z 24.04.4
2026-04-28T19:15:20.1979570Z LTS
2026-04-28T19:15:20.1980140Z ##[endgroup]
2026-04-28T19:15:20.1980810Z ##[group]Runner Image
2026-04-28T19:15:20.1981670Z Image: ubuntu-24.04
2026-04-28T19:15:20.1982151Z Version: 20260413.86.1
2026-04-28T19:15:20.1983520Z Included Software: https://github.com/actions/runner-images/blob/ubuntu24/20260413.86/images/ubuntu/Ubuntu2404-Readme.md
2026-04-28T19:15:20.1984999Z Image Release: https://github.com/actions/runner-images/releases/tag/ubuntu24%2F20260413.86
2026-04-28T19:15:20.1985959Z ##[endgroup]
2026-04-28T19:15:20.1987259Z ##[group]GITHUB_TOKEN Permissions
2026-04-28T19:15:20.1989333Z Actions: read
2026-04-28T19:15:20.1989858Z Checks: read
2026-04-28T19:15:20.1990375Z Contents: write
2026-04-28T19:15:20.1991269Z Metadata: read
2026-04-28T19:15:20.1991840Z PullRequests: write
2026-04-28T19:15:20.1992375Z ##[endgroup]
2026-04-28T19:15:20.1994628Z Secret source: Actions
2026-04-28T19:15:20.1995346Z Prepare workflow directory
2026-04-28T19:15:20.2485879Z Prepare all required actions
2026-04-28T19:15:20.2541217Z Getting action download info
2026-04-28T19:15:20.6242868Z Download action repository 'lewagon/wait-on-check-action@ccfb013c15c8afb7bf2b7c028fb74dc5a068cccc' (SHA:ccfb013c15c8afb7bf2b7c028fb74dc5a068cccc)
2026-04-28T19:15:21.1707881Z Getting action download info
2026-04-28T19:15:21.3732142Z Download action repository 'ruby/setup-ruby@v1' (SHA:c4e5b1316158f92e3d49443a9d58b31d25ac0f8f)
2026-04-28T19:15:21.8498030Z Download action repository 'actions/cache@v4' (SHA:0057852bfaa89a56745cba8c7296529d2fc39830)
2026-04-28T19:15:22.1775391Z Complete job name: Auto-merge
2026-04-28T19:15:22.2391984Z ##[group]Run set -euo pipefail
2026-04-28T19:15:22.2392484Z [36;1mset -euo pipefail[0m
2026-04-28T19:15:22.2392987Z [36;1m# Audit item #5 — poll check-runs for up to 60s instead of a bare[0m
2026-04-28T19:15:22.2393521Z [36;1m# 20s sleep. On a busy runner cohort the initial 20s wasn't enough[0m
2026-04-28T19:15:22.2394009Z [36;1m# for the API to reflect queued workflow runs, which could merge[0m
2026-04-28T19:15:22.2394498Z [36;1m# PRs without waiting for CI. Bail out early as soon as ≥1 real[0m
2026-04-28T19:15:22.2394876Z [36;1m# check shows up.[0m
2026-04-28T19:15:22.2395139Z [36;1mCOUNT=0[0m
2026-04-28T19:15:22.2395384Z [36;1mfor i in $(seq 1 6); do[0m
2026-04-28T19:15:22.2395656Z [36;1m  sleep 10[0m
2026-04-28T19:15:22.2396005Z [36;1m  COUNT=$(gh api "repos/$REPO/commits/$HEAD_SHA/check-runs" \[0m
2026-04-28T19:15:22.2396560Z [36;1m    --jq '[.check_runs[] | select(.name != "Auto-merge")] | length')[0m
2026-04-28T19:15:22.2397042Z [36;1m  if [ "$COUNT" -gt 0 ]; then[0m
2026-04-28T19:15:22.2397414Z [36;1m    echo "Found $COUNT non-Auto-merge check(s) after ${i}0s"[0m
2026-04-28T19:15:22.2397770Z [36;1m    break[0m
2026-04-28T19:15:22.2398005Z [36;1m  fi[0m
2026-04-28T19:15:22.2398302Z [36;1m  echo "No non-Auto-merge checks yet (attempt $i/6)"[0m
2026-04-28T19:15:22.2398642Z [36;1mdone[0m
2026-04-28T19:15:22.2398881Z [36;1mif [ "$COUNT" -gt 0 ]; then[0m
2026-04-28T19:15:22.2399198Z [36;1m  echo "has_ci=true" >> "$GITHUB_OUTPUT"[0m
2026-04-28T19:15:22.2399516Z [36;1melse[0m
2026-04-28T19:15:22.2399778Z [36;1m  echo "has_ci=false" >> "$GITHUB_OUTPUT"[0m
2026-04-28T19:15:22.2400218Z [36;1m  echo "No CI checks on this PR after 60s — will merge without waiting."[0m
2026-04-28T19:15:22.2400625Z [36;1mfi[0m
2026-04-28T19:15:22.2427693Z shell: /usr/bin/bash -e {0}
2026-04-28T19:15:22.2428208Z env:
2026-04-28T19:15:22.2428456Z   WAIT_INTERVAL: 15
2026-04-28T19:15:22.2429129Z   GH_TOKEN: ***
2026-04-28T19:15:22.2429446Z   HEAD_SHA: 578db9144ad59d9fd22c0af30dd99b73e045fbb3
2026-04-28T19:15:22.2429818Z   REPO: averycorp/prismTask
2026-04-28T19:15:22.2430082Z ##[endgroup]
2026-04-28T19:15:34.0756303Z Found 8 non-Auto-merge check(s) after 10s
2026-04-28T19:15:34.0881873Z ##[group]Run set -euo pipefail
2026-04-28T19:15:34.0882237Z [36;1mset -euo pipefail[0m
2026-04-28T19:15:34.0882664Z [36;1mREQUIRED=$(gh api "repos/$REPO/branches/main/protection/required_status_checks" \[0m
2026-04-28T19:15:34.0883129Z [36;1m  --jq '.contexts[]' 2>/dev/null || true)[0m
2026-04-28T19:15:34.0883441Z [36;1mif [ -z "$REQUIRED" ]; then[0m
2026-04-28T19:15:34.0883950Z [36;1m  echo "::warning::Could not query branch protection (likely a permission issue) — using hardcoded fallback list."[0m
2026-04-28T19:15:34.0884462Z [36;1m  REQUIRED="$FALLBACK_REQUIRED"[0m
2026-04-28T19:15:34.0884735Z [36;1mfi[0m
2026-04-28T19:15:34.0885007Z [36;1m# Strip Auto-merge from the required list so we don't wait on[0m
2026-04-28T19:15:34.0885420Z [36;1m# ourselves (it's listed because we ARE the running workflow).[0m
2026-04-28T19:15:34.0885903Z [36;1mREQUIRED=$(echo "$REQUIRED" | grep -vE '^\s*Auto-merge\s*$' | grep -vE '^\s*$' || true)[0m
2026-04-28T19:15:34.0886351Z [36;1mif [ -z "$REQUIRED" ]; then[0m
2026-04-28T19:15:34.0886711Z [36;1m  echo "No required checks beyond Auto-merge; skipping queue wait."[0m
2026-04-28T19:15:34.0887073Z [36;1m  exit 0[0m
2026-04-28T19:15:34.0887272Z [36;1mfi[0m
2026-04-28T19:15:34.0887512Z [36;1mecho "Waiting until these required checks queue:"[0m
2026-04-28T19:15:34.0887833Z [36;1mecho "$REQUIRED" | sed 's/^/  /'[0m
2026-04-28T19:15:34.0888184Z [36;1m# Audit PR #876 → CI pathway efficiency: this loop was burning[0m
2026-04-28T19:15:34.0888598Z [36;1m# ~315s/PR (PR #874 run 25035518360 + PR #873 run 25035513300)[0m
2026-04-28T19:15:34.0888993Z [36;1m# while underlying required checks were observably complete in[0m
2026-04-28T19:15:34.0889401Z [36;1m# ~30s. Mean job wall-clock was 343s with std-dev ~7s across 10[0m
2026-04-28T19:15:34.0889801Z [36;1m# runs — i.e. the loop almost always ran to its 5-minute ceiling.[0m
2026-04-28T19:15:34.0890248Z [36;1m# Two compensating mitigations + diagnostics:[0m
2026-04-28T19:15:34.0890540Z [36;1m#[0m
2026-04-28T19:15:34.0890827Z [36;1m#   (a) Cap dropped 30 → 18 attempts at 5s interval = 90s ceiling[0m
2026-04-28T19:15:34.0891423Z [36;1m#       (still > 2× the 43s race window from PR #804).[0m
2026-04-28T19:15:34.0891787Z [36;1m#   (b) Poll interval dropped 10s → 5s for faster detection.[0m
2026-04-28T19:15:34.0892211Z [36;1m#   (c) Per-iteration diagnostic prints MISSING + visible CHECK_RUNS[0m
2026-04-28T19:15:34.0892694Z [36;1m#       so future investigation can pinpoint the matching mismatch[0m
2026-04-28T19:15:34.0893131Z [36;1m#       (the immediate root-cause was not yet identified — the[0m
2026-04-28T19:15:34.0893547Z [36;1m#       MISSING list never empties even though CHECK_RUNS clearly[0m
2026-04-28T19:15:34.0893948Z [36;1m#       contains every REQUIRED name. Likely a trim/encoding edge[0m
2026-04-28T19:15:34.0894589Z [36;1m#       case in the comparison loop, but observability beats[0m
2026-04-28T19:15:34.0894959Z [36;1m#       guessing).[0m
2026-04-28T19:15:34.0895206Z [36;1mfor attempt in $(seq 1 18); do[0m
2026-04-28T19:15:34.0895598Z [36;1m  CHECK_RUNS=$(gh api --paginate "repos/$REPO/commits/$HEAD_SHA/check-runs" \[0m
2026-04-28T19:15:34.0896010Z [36;1m    --jq '.check_runs[].name' | sort -u)[0m
2026-04-28T19:15:34.0896274Z [36;1m  MISSING=""[0m
2026-04-28T19:15:34.0896494Z [36;1m  while IFS= read -r req; do[0m
2026-04-28T19:15:34.0896746Z [36;1m    [ -z "$req" ] && continue[0m
2026-04-28T19:15:34.0897005Z [36;1m    req_trimmed=$(echo "$req" | xargs)[0m
2026-04-28T19:15:34.0897330Z [36;1m    if ! echo "$CHECK_RUNS" | grep -qxF "$req_trimmed"; then[0m
2026-04-28T19:15:34.0897857Z [36;1m      MISSING="$MISSING $req_trimmed"[0m
2026-04-28T19:15:34.0898107Z [36;1m    fi[0m
2026-04-28T19:15:34.0898303Z [36;1m  done <<< "$REQUIRED"[0m
2026-04-28T19:15:34.0898535Z [36;1m  if [ -z "$MISSING" ]; then[0m
2026-04-28T19:15:34.0898928Z [36;1m    echo "All required checks have queued after attempt $attempt (~$((attempt * 5))s)."[0m
2026-04-28T19:15:34.0899494Z [36;1m    exit 0[0m
2026-04-28T19:15:34.0899685Z [36;1m  fi[0m
2026-04-28T19:15:34.0899938Z [36;1m  echo "Attempt $attempt/18 — still missing:$MISSING"[0m
2026-04-28T19:15:34.0900365Z [36;1m  echo "  Visible check-runs: $(echo "$CHECK_RUNS" | tr '\n' ',' | sed 's/,$//')"[0m
2026-04-28T19:15:34.0900728Z [36;1m  sleep 5[0m
2026-04-28T19:15:34.0901044Z [36;1mdone[0m
2026-04-28T19:15:34.0901487Z [36;1mecho "::warning::Some required checks never queued after 90s:$MISSING — proceeding to wait-on-check-action anyway."[0m
2026-04-28T19:15:34.0923601Z shell: /usr/bin/bash -e {0}
2026-04-28T19:15:34.0923856Z env:
2026-04-28T19:15:34.0924046Z   WAIT_INTERVAL: 15
2026-04-28T19:15:34.0924542Z   GH_TOKEN: ***
2026-04-28T19:15:34.0924791Z   HEAD_SHA: 578db9144ad59d9fd22c0af30dd99b73e045fbb3
2026-04-28T19:15:34.0925098Z   REPO: averycorp/prismTask
2026-04-28T19:15:34.0925445Z   FALLBACK_REQUIRED: lint-and-test
connected-tests
test
web-lint-and-test

2026-04-28T19:15:34.0925832Z ##[endgroup]
2026-04-28T19:15:34.3150278Z Waiting until these required checks queue:
2026-04-28T19:15:34.3164739Z   {"message":"Resource not accessible by integration","documentation_url":"https://docs.github.com/rest/branches/branch-protection#get-status-checks-protection","status":"403"}
2026-04-28T19:15:34.8234135Z Attempt 1/18 — still missing: {message:Resource not accessible by integration,documentation_url:https://docs.github.com/rest/branches/branch-protection#get-status-checks-protection,status:403}
2026-04-28T19:15:34.8260529Z   Visible check-runs: Auto-merge,autofix,connected-tests,cross-device-tests,e2e,lint-and-test,maybe-label,test,web-lint-and-test
2026-04-28T19:15:40.4100055Z Attempt 2/18 — still missing: {message:Resource not accessible by integration,documentation_url:https://docs.github.com/rest/branches/branch-protection#get-status-checks-protection,status:403}
2026-04-28T19:15:40.4122129Z   Visible check-runs: Auto-merge,autofix,connected-tests,cross-device-tests,e2e,lint-and-test,maybe-label,test,web-lint-and-test
2026-04-28T19:15:45.9602029Z Attempt 3/18 — still missing: {message:Resource not accessible by integration,documentation_url:https://docs.github.com/rest/branches/branch-protection#get-status-checks-protection,status:403}
2026-04-28T19:15:45.9624684Z   Visible check-runs: Auto-merge,autofix,capture-failure-log,connected-tests,cross-device-tests,e2e,lint-and-test,maybe-label,test,web-lint-and-test
2026-04-28T19:15:51.4809314Z Attempt 4/18 — still missing: {message:Resource not accessible by integration,documentation_url:https://docs.github.com/rest/branches/branch-protection#get-status-checks-protection,status:403}
2026-04-28T19:15:51.4832689Z   Visible check-runs: Auto-merge,autofix,capture-failure-log,connected-tests,cross-device-tests,e2e,lint-and-test,maybe-label,test,web-lint-and-test
2026-04-28T19:15:57.0404962Z Attempt 5/18 — still missing: {message:Resource not accessible by integration,documentation_url:https://docs.github.com/rest/branches/branch-protection#get-status-checks-protection,status:403}
2026-04-28T19:15:57.0428503Z   Visible check-runs: Auto-merge,autofix,capture-failure-log,connected-tests,cross-device-tests,e2e,lint-and-test,maybe-label,test,web-lint-and-test
2026-04-28T19:16:02.5296850Z Attempt 6/18 — still missing: {message:Resource not accessible by integration,documentation_url:https://docs.github.com/rest/branches/branch-protection#get-status-checks-protection,status:403}
2026-04-28T19:16:02.5319285Z   Visible check-runs: Auto-merge,autofix,capture-failure-log,connected-tests,cross-device-tests,e2e,lint-and-test,maybe-label,test,web-lint-and-test
2026-04-28T19:16:08.0658557Z Attempt 7/18 — still missing: {message:Resource not accessible by integration,documentation_url:https://docs.github.com/rest/branches/branch-protection#get-status-checks-protection,status:403}
2026-04-28T19:16:08.0682911Z   Visible check-runs: Auto-merge,autofix,capture-failure-log,connected-tests,cross-device-tests,e2e,lint-and-test,maybe-label,test,web-lint-and-test
2026-04-28T19:16:13.5639720Z Attempt 8/18 — still missing: {message:Resource not accessible by integration,documentation_url:https://docs.github.com/rest/branches/branch-protection#get-status-checks-protection,status:403}
2026-04-28T19:16:13.5660089Z   Visible check-runs: Auto-merge,autofix,capture-failure-log,connected-tests,cross-device-tests,e2e,lint-and-test,maybe-label,test,web-lint-and-test
2026-04-28T19:16:19.0688610Z Attempt 9/18 — still missing: {message:Resource not accessible by integration,documentation_url:https://docs.github.com/rest/branches/branch-protection#get-status-checks-protection,status:403}
2026-04-28T19:16:19.0714582Z   Visible check-runs: Auto-merge,autofix,capture-failure-log,connected-tests,cross-device-tests,e2e,lint-and-test,maybe-label,test,web-lint-and-test
2026-04-28T19:16:24.6013410Z Attempt 10/18 — still missing: {message:Resource not accessible by integration,documentation_url:https://docs.github.com/rest/branches/branch-protection#get-status-checks-protection,status:403}
2026-04-28T19:16:24.6038675Z   Visible check-runs: Auto-merge,autofix,capture-failure-log,connected-tests,cross-device-tests,e2e,lint-and-test,maybe-label,test,web-lint-and-test
2026-04-28T19:16:30.1333694Z Attempt 11/18 — still missing: {message:Resource not accessible by integration,documentation_url:https://docs.github.com/rest/branches/branch-protection#get-status-checks-protection,status:403}
2026-04-28T19:16:30.1357212Z   Visible check-runs: Auto-merge,autofix,capture-failure-log,connected-tests,cross-device-tests,e2e,lint-and-test,maybe-label,test,web-lint-and-test
2026-04-28T19:16:35.6731065Z Attempt 12/18 — still missing: {message:Resource not accessible by integration,documentation_url:https://docs.github.com/rest/branches/branch-protection#get-status-checks-protection,status:403}
2026-04-28T19:16:35.6756927Z   Visible check-runs: Auto-merge,autofix,capture-failure-log,connected-tests,cross-device-tests,e2e,lint-and-test,maybe-label,test,web-lint-and-test
2026-04-28T19:16:41.1843875Z Attempt 13/18 — still missing: {message:Resource not accessible by integration,documentation_url:https://docs.github.com/rest/branches/branch-protection#get-status-checks-protection,status:403}
2026-04-28T19:16:41.1870024Z   Visible check-runs: Auto-merge,autofix,capture-failure-log,connected-tests,cross-device-tests,e2e,lint-and-test,maybe-label,test,web-lint-and-test
2026-04-28T19:16:46.7164816Z Attempt 14/18 — still missing: {message:Resource not accessible by integration,documentation_url:https://docs.github.com/rest/branches/branch-protection#get-status-checks-protection,status:403}
2026-04-28T19:16:46.7187454Z   Visible check-runs: Auto-merge,autofix,capture-failure-log,connected-tests,cross-device-tests,e2e,lint-and-test,maybe-label,test,web-lint-and-test
2026-04-28T19:16:52.1741100Z Attempt 15/18 — still missing: {message:Resource not accessible by integration,documentation_url:https://docs.github.com/rest/branches/branch-protection#get-status-checks-protection,status:403}
2026-04-28T19:16:52.1764139Z   Visible check-runs: Auto-merge,autofix,capture-failure-log,connected-tests,cross-device-tests,e2e,lint-and-test,maybe-label,test,web-lint-and-test
2026-04-28T19:16:57.6457177Z Attempt 16/18 — still missing: {message:Resource not accessible by integration,documentation_url:https://docs.github.com/rest/branches/branch-protection#get-status-checks-protection,status:403}
2026-04-28T19:16:57.6477999Z   Visible check-runs: Auto-merge,autofix,capture-failure-log,connected-tests,cross-device-tests,e2e,lint-and-test,maybe-label,test,web-lint-and-test
2026-04-28T19:17:03.1636275Z Attempt 17/18 — still missing: {message:Resource not accessible by integration,documentation_url:https://docs.github.com/rest/branches/branch-protection#get-status-checks-protection,status:403}
2026-04-28T19:17:03.1658269Z   Visible check-runs: Auto-merge,autofix,capture-failure-log,connected-tests,cross-device-tests,e2e,lint-and-test,maybe-label,test,web-lint-and-test
2026-04-28T19:17:08.6762638Z Attempt 18/18 — still missing: {message:Resource not accessible by integration,documentation_url:https://docs.github.com/rest/branches/branch-protection#get-status-checks-protection,status:403}
2026-04-28T19:17:08.6785487Z   Visible check-runs: Auto-merge,autofix,capture-failure-log,connected-tests,cross-device-tests,e2e,lint-and-test,maybe-label,test,web-lint-and-test
2026-04-28T19:17:13.6835676Z ##[warning]Some required checks never queued after 90s: {message:Resource not accessible by integration,documentation_url:https://docs.github.com/rest/branches/branch-protection#get-status-checks-protection,status:403} — proceeding to wait-on-check-action anyway.
2026-04-28T19:17:13.7053716Z ##[group]Run lewagon/wait-on-check-action@ccfb013c15c8afb7bf2b7c028fb74dc5a068cccc
2026-04-28T19:17:13.7054136Z with:
2026-04-28T19:17:13.7054349Z   ref: 578db9144ad59d9fd22c0af30dd99b73e045fbb3
2026-04-28T19:17:13.7054634Z   running-workflow-name: Auto-merge
2026-04-28T19:17:13.7055119Z   repo-token: ***
2026-04-28T19:17:13.7055320Z   wait-interval: 15
2026-04-28T19:17:13.7055554Z   allowed-conclusions: success,skipped,neutral
2026-04-28T19:17:13.7055823Z   verbose: true
2026-04-28T19:17:13.7056033Z env:
2026-04-28T19:17:13.7056193Z   WAIT_INTERVAL: 15
2026-04-28T19:17:13.7056381Z ##[endgroup]
2026-04-28T19:17:13.7182277Z ##[group]Run ruby/setup-ruby@v1
2026-04-28T19:17:13.7182538Z with:
2026-04-28T19:17:13.7182720Z   ruby-version: 3.2
2026-04-28T19:17:13.7182925Z   bundler-cache: false
2026-04-28T19:17:13.7183275Z   token: ***
2026-04-28T19:17:13.7183450Z env:
2026-04-28T19:17:13.7183617Z   WAIT_INTERVAL: 15
2026-04-28T19:17:13.7183800Z ##[endgroup]
2026-04-28T19:17:13.9241651Z ##[group]Modifying PATH
2026-04-28T19:17:13.9242149Z Entries added to PATH to use selected Ruby:
2026-04-28T19:17:13.9242716Z   /opt/hostedtoolcache/Ruby/3.2.11/x64/bin
2026-04-28T19:17:13.9248011Z ##[endgroup]
2026-04-28T19:17:13.9248766Z ##[group]Print Ruby version
2026-04-28T19:17:13.9476415Z [command]/opt/hostedtoolcache/Ruby/3.2.11/x64/bin/ruby --version
2026-04-28T19:17:14.3934844Z ruby 3.2.11 (2026-03-27 revision 5483bfc1ae) [x86_64-linux]
2026-04-28T19:17:14.3969274Z Took   0.47 seconds
2026-04-28T19:17:14.3970166Z ##[endgroup]
2026-04-28T19:17:14.3985138Z ##[group]Installing Bundler
2026-04-28T19:17:14.3985575Z Using Bundler shipped with ruby-3.2.11
2026-04-28T19:17:14.3985953Z Took   0.00 seconds
2026-04-28T19:17:14.3986439Z ##[endgroup]
2026-04-28T19:17:14.4651152Z ##[group]Run actions/cache@v4
2026-04-28T19:17:14.4651463Z with:
2026-04-28T19:17:14.4651882Z   path: /home/runner/work/_actions/lewagon/wait-on-check-action/ccfb013c15c8afb7bf2b7c028fb74dc5a068cccc
2026-04-28T19:17:14.4652362Z   key: Linux-gems-
2026-04-28T19:17:14.4652577Z   restore-keys: Linux-gems-
2026-04-28T19:17:14.4652809Z   enableCrossOsArchive: false
2026-04-28T19:17:14.4653039Z   fail-on-cache-miss: false
2026-04-28T19:17:14.4653247Z   lookup-only: false
2026-04-28T19:17:14.4653429Z   save-always: false
2026-04-28T19:17:14.4653606Z env:
2026-04-28T19:17:14.4653767Z   WAIT_INTERVAL: 15
2026-04-28T19:17:14.4653953Z ##[endgroup]
2026-04-28T19:17:14.9134918Z Cache hit for: Linux-gems-
2026-04-28T19:17:15.0790082Z Received 13095 of 13095 (100.0%), 0.4 MBs/sec
2026-04-28T19:17:15.0790576Z Cache Size: ~0 MB (13095 B)
2026-04-28T19:17:15.0831043Z [command]/usr/bin/tar -xf /home/runner/work/_temp/d58b0e4b-bc5a-4b74-981b-c56f01e22e65/cache.tzst -P -C /home/runner/work/prismTask/prismTask --use-compress-program unzstd
2026-04-28T19:17:15.0896062Z Cache restored successfully
2026-04-28T19:17:15.0977012Z Cache restored from key: Linux-gems-
2026-04-28T19:17:15.1050415Z ##[group]Run bundle install --jobs 4 --retry 3
2026-04-28T19:17:15.1050773Z [36;1mbundle install --jobs 4 --retry 3[0m
2026-04-28T19:17:15.1075176Z shell: /usr/bin/bash --noprofile --norc -e -o pipefail {0}
2026-04-28T19:17:15.1075504Z env:
2026-04-28T19:17:15.1075688Z   WAIT_INTERVAL: 15
2026-04-28T19:17:15.1075895Z ##[endgroup]
2026-04-28T19:17:17.1869133Z Bundler 2.4.19 is running, but your lockfile was generated with 2.2.3. Installing Bundler 2.2.3 and restarting using that version.
2026-04-28T19:17:19.2422526Z Fetching gem metadata from https://rubygems.org/.
2026-04-28T19:17:19.2501904Z Fetching bundler 2.2.3
2026-04-28T19:17:19.4094170Z Installing bundler 2.2.3
2026-04-28T19:17:19.6906335Z Calling `DidYouMean::SPELL_CHECKERS.merge!(error_name => spell_checker)' has been deprecated. Please call `DidYouMean.correct_error(error_name, spell_checker)' instead.
2026-04-28T19:17:21.0126209Z Fetching gem metadata from https://rubygems.org/.........
2026-04-28T19:17:21.0225863Z Fetching zeitwerk 2.6.7
2026-04-28T19:17:21.0502280Z Fetching public_suffix 4.0.7
2026-04-28T19:17:21.0507695Z Fetching minitest 5.18.0
2026-04-28T19:17:21.0718410Z Fetching concurrent-ruby 1.2.2
2026-04-28T19:17:21.1415857Z Installing zeitwerk 2.6.7
2026-04-28T19:17:21.1545269Z Installing public_suffix 4.0.7
2026-04-28T19:17:21.1554645Z Installing minitest 5.18.0
2026-04-28T19:17:21.1939139Z Installing concurrent-ruby 1.2.2
2026-04-28T19:17:21.2065920Z Fetching ast 2.4.2
2026-04-28T19:17:21.2387469Z Using bundler 2.2.3
2026-04-28T19:17:21.2397848Z Fetching byebug 11.1.3
2026-04-28T19:17:21.2705319Z Installing ast 2.4.2
2026-04-28T19:17:21.2847110Z Fetching diff-lcs 1.4.4
2026-04-28T19:17:21.3108702Z Fetching faraday-net_http 2.0.3
2026-04-28T19:17:21.3395704Z Installing byebug 11.1.3 with native extensions
2026-04-28T19:17:21.3652668Z Installing diff-lcs 1.4.4
2026-04-28T19:17:21.3654629Z Installing faraday-net_http 2.0.3
2026-04-28T19:17:21.3830039Z Using ruby2_keywords 0.0.5
2026-04-28T19:17:21.3843503Z Fetching json 2.7.1
2026-04-28T19:17:21.4289514Z Installing json 2.7.1 with native extensions
2026-04-28T19:17:21.5196732Z Fetching language_server-protocol 3.17.0.3
2026-04-28T19:17:21.5682512Z Installing language_server-protocol 3.17.0.3
2026-04-28T19:17:21.6300799Z Fetching lint_roller 1.1.0
2026-04-28T19:17:21.6845219Z Installing lint_roller 1.1.0
2026-04-28T19:17:21.6975887Z Fetching parallel 1.24.0
2026-04-28T19:17:21.7352054Z Installing parallel 1.24.0
2026-04-28T19:17:21.7422160Z Fetching racc 1.7.3
2026-04-28T19:17:21.8539256Z Installing racc 1.7.3 with native extensions
2026-04-28T19:17:21.8931771Z Fetching rainbow 3.1.1
2026-04-28T19:17:21.9281359Z Installing rainbow 3.1.1
2026-04-28T19:17:21.9343855Z Fetching regexp_parser 2.8.3
2026-04-28T19:17:21.9733756Z Installing regexp_parser 2.8.3
2026-04-28T19:17:21.9974299Z Fetching rexml 3.2.6
2026-04-28T19:17:22.0441333Z Installing rexml 3.2.6
2026-04-28T19:17:22.1401912Z Fetching rspec-support 3.10.1
2026-04-28T19:17:22.1770713Z Installing rspec-support 3.10.1
2026-04-28T19:17:22.1886015Z Fetching ruby-progressbar 1.13.0
2026-04-28T19:17:22.2259199Z Installing ruby-progressbar 1.13.0
2026-04-28T19:17:22.2354511Z Fetching unicode-display_width 2.5.0
2026-04-28T19:17:22.2700410Z Installing unicode-display_width 2.5.0
2026-04-28T19:17:22.2756340Z Fetching addressable 2.8.0
2026-04-28T19:17:22.3121845Z Installing addressable 2.8.0
2026-04-28T19:17:22.3257964Z Fetching faraday 2.3.0
2026-04-28T19:17:22.3638285Z Installing faraday 2.3.0
2026-04-28T19:17:22.3837905Z Fetching i18n 1.12.0
2026-04-28T19:17:22.4224583Z Installing i18n 1.12.0
2026-04-28T19:17:22.4368393Z Fetching tzinfo 2.0.6
2026-04-28T19:17:22.4739494Z Installing tzinfo 2.0.6
2026-04-28T19:17:22.4902549Z Fetching rspec-core 3.10.1
2026-04-28T19:17:22.5350785Z Installing rspec-core 3.10.1
2026-04-28T19:17:22.5607286Z Fetching rspec-expectations 3.10.1
2026-04-28T19:17:22.5989478Z Installing rspec-expectations 3.10.1
2026-04-28T19:17:22.6175408Z Fetching rspec-mocks 3.10.1
2026-04-28T19:17:22.6581468Z Installing rspec-mocks 3.10.1
2026-04-28T19:17:22.6729032Z Fetching faraday-retry 2.0.0
2026-04-28T19:17:22.7082927Z Installing faraday-retry 2.0.0
2026-04-28T19:17:22.7139647Z Fetching sawyer 0.9.2
2026-04-28T19:17:22.7461824Z Installing sawyer 0.9.2
2026-04-28T19:17:22.7535179Z Fetching activesupport 6.1.7.3
2026-04-28T19:17:22.8010402Z Installing activesupport 6.1.7.3
2026-04-28T19:17:22.8563434Z Fetching rspec 3.10.0
2026-04-28T19:17:22.8911749Z Installing rspec 3.10.0
2026-04-28T19:17:22.8969763Z Fetching octokit 4.25.0
2026-04-28T19:17:22.9371474Z Installing octokit 4.25.0
2026-04-28T19:17:25.8559664Z Fetching parser 3.2.2.4
2026-04-28T19:17:25.9717439Z Installing parser 3.2.2.4
2026-04-28T19:17:26.0864565Z Fetching rubocop-ast 1.30.0
2026-04-28T19:17:26.1337273Z Installing rubocop-ast 1.30.0
2026-04-28T19:17:27.3312454Z Fetching rubocop 1.57.2
2026-04-28T19:17:27.3909947Z Installing rubocop 1.57.2
2026-04-28T19:17:27.5533124Z Fetching standard-custom 1.0.2
2026-04-28T19:17:27.5533640Z Fetching rubocop-performance 1.19.1
2026-04-28T19:17:27.6093095Z Installing standard-custom 1.0.2
2026-04-28T19:17:27.6123774Z Installing rubocop-performance 1.19.1
2026-04-28T19:17:27.6337714Z Fetching standard-performance 1.2.1
2026-04-28T19:17:27.6746062Z Installing standard-performance 1.2.1
2026-04-28T19:17:27.6827897Z Fetching standard 1.32.1
2026-04-28T19:17:27.7176600Z Installing standard 1.32.1
2026-04-28T19:17:27.7392735Z Bundle complete! 6 Gemfile dependencies, 40 gems now installed.
2026-04-28T19:17:27.7393437Z Use `bundle info [gemname]` to see where a bundled gem is installed.
2026-04-28T19:17:27.7949462Z ##[group]Run ruby entrypoint.rb
2026-04-28T19:17:27.7949775Z [36;1mruby entrypoint.rb[0m
2026-04-28T19:17:27.7971940Z shell: /usr/bin/bash --noprofile --norc -e -o pipefail {0}
2026-04-28T19:17:27.7972265Z env:
2026-04-28T19:17:27.7972443Z   WAIT_INTERVAL: 15
2026-04-28T19:17:27.7972684Z   ALLOWED_CONCLUSIONS: success,skipped,neutral
2026-04-28T19:17:27.7972950Z   IGNORE_CHECKS: 
2026-04-28T19:17:27.7973146Z   CHECK_NAME: 
2026-04-28T19:17:27.7973324Z   CHECK_REGEXP: 
2026-04-28T19:17:27.7973562Z   REF: 578db9144ad59d9fd22c0af30dd99b73e045fbb3
2026-04-28T19:17:27.7974075Z   REPO_TOKEN: ***
2026-04-28T19:17:27.7974272Z   VERBOSE: true
2026-04-28T19:17:27.7974480Z   RUNNING_WORKFLOW_NAME: Auto-merge
2026-04-28T19:17:27.7974728Z   API_ENDPOINT: 
2026-04-28T19:17:27.7974918Z ##[endgroup]
2026-04-28T19:19:33.0376430Z Checks running on ref:
2026-04-28T19:19:33.0377104Z Checks completed: capture-failure-log, capture-failure-log, e2e, test, web-lint-and-test, maybe-label
2026-04-28T19:19:33.0378086Z Checks in_progress: autofix, lint-and-test, Auto-merge, connected-tests, cross-device-tests
2026-04-28T19:19:33.0378700Z Checks after ignore checks filter:
2026-04-28T19:19:33.0379410Z Checks completed: capture-failure-log, capture-failure-log, e2e, test, web-lint-and-test, maybe-label
2026-04-28T19:19:33.0380166Z Checks in_progress: autofix, lint-and-test, connected-tests, cross-device-tests
2026-04-28T19:19:33.0380753Z Checks after check_name filter:
2026-04-28T19:19:33.0381767Z Checks completed: capture-failure-log, capture-failure-log, e2e, test, web-lint-and-test, maybe-label
2026-04-28T19:19:33.0382520Z Checks in_progress: autofix, lint-and-test, connected-tests, cross-device-tests
2026-04-28T19:19:33.0382889Z Checks after Regexp filter:
2026-04-28T19:19:33.0383301Z Checks completed: capture-failure-log, capture-failure-log, e2e, test, web-lint-and-test, maybe-label
2026-04-28T19:19:33.0383865Z Checks in_progress: autofix, lint-and-test, connected-tests, cross-device-tests
2026-04-28T19:19:33.0384342Z The requested checks aren't complete yet, will check back in 15 seconds...
2026-04-28T19:19:33.0384690Z Checks running on ref:
2026-04-28T19:19:33.0385091Z Checks completed: capture-failure-log, capture-failure-log, e2e, test, web-lint-and-test, maybe-label
2026-04-28T19:19:33.0385688Z Checks in_progress: autofix, lint-and-test, Auto-merge, connected-tests, cross-device-tests
2026-04-28T19:19:33.0386109Z Checks after ignore checks filter:
2026-04-28T19:19:33.0386537Z Checks completed: capture-failure-log, capture-failure-log, e2e, test, web-lint-and-test, maybe-label
2026-04-28T19:19:33.0387515Z Checks in_progress: autofix, lint-and-test, connected-tests, cross-device-tests
2026-04-28T19:19:33.0387878Z Checks after check_name filter:
2026-04-28T19:19:33.0388287Z Checks completed: capture-failure-log, capture-failure-log, e2e, test, web-lint-and-test, maybe-label
2026-04-28T19:19:33.0388828Z Checks in_progress: autofix, lint-and-test, connected-tests, cross-device-tests
2026-04-28T19:19:33.0389183Z Checks after Regexp filter:
2026-04-28T19:19:33.0389585Z Checks completed: capture-failure-log, capture-failure-log, e2e, test, web-lint-and-test, maybe-label
2026-04-28T19:19:33.0390129Z Checks in_progress: autofix, lint-and-test, connected-tests, cross-device-tests
2026-04-28T19:19:33.0390587Z The requested checks aren't complete yet, will check back in 15 seconds...
2026-04-28T19:19:33.0391122Z Checks running on ref:
2026-04-28T19:19:33.0391700Z Checks completed: capture-failure-log, capture-failure-log, e2e, test, web-lint-and-test, maybe-label
2026-04-28T19:19:33.0392302Z Checks in_progress: autofix, lint-and-test, Auto-merge, connected-tests, cross-device-tests
2026-04-28T19:19:33.0392718Z Checks after ignore checks filter:
2026-04-28T19:19:33.0393156Z Checks completed: capture-failure-log, capture-failure-log, e2e, test, web-lint-and-test, maybe-label
2026-04-28T19:19:33.0393697Z Checks in_progress: autofix, lint-and-test, connected-tests, cross-device-tests
2026-04-28T19:19:33.0394059Z Checks after check_name filter:
2026-04-28T19:19:33.0394466Z Checks completed: capture-failure-log, capture-failure-log, e2e, test, web-lint-and-test, maybe-label
2026-04-28T19:19:33.0395000Z Checks in_progress: autofix, lint-and-test, connected-tests, cross-device-tests
2026-04-28T19:19:33.0395354Z Checks after Regexp filter:
2026-04-28T19:19:33.0395755Z Checks completed: capture-failure-log, capture-failure-log, e2e, test, web-lint-and-test, maybe-label
2026-04-28T19:19:33.0396294Z Checks in_progress: autofix, lint-and-test, connected-tests, cross-device-tests
2026-04-28T19:19:33.0396757Z The requested checks aren't complete yet, will check back in 15 seconds...
2026-04-28T19:19:33.0397101Z Checks running on ref:
2026-04-28T19:19:33.0397522Z Checks completed: capture-failure-log, capture-failure-log, e2e, test, web-lint-and-test, autofix, maybe-label
2026-04-28T19:19:33.0398121Z Checks in_progress: lint-and-test, Auto-merge, connected-tests, cross-device-tests
2026-04-28T19:19:33.0398510Z Checks after ignore checks filter:
2026-04-28T19:19:33.0398967Z Checks completed: capture-failure-log, capture-failure-log, e2e, test, web-lint-and-test, autofix, maybe-label
2026-04-28T19:19:33.0399527Z Checks in_progress: lint-and-test, connected-tests, cross-device-tests
2026-04-28T19:19:33.0399871Z Checks after check_name filter:
2026-04-28T19:19:33.0400311Z Checks completed: capture-failure-log, capture-failure-log, e2e, test, web-lint-and-test, autofix, maybe-label
2026-04-28T19:19:33.0400856Z Checks in_progress: lint-and-test, connected-tests, cross-device-tests
2026-04-28T19:19:33.0401460Z Checks after Regexp filter:
2026-04-28T19:19:33.0401890Z Checks completed: capture-failure-log, capture-failure-log, e2e, test, web-lint-and-test, autofix, maybe-label
2026-04-28T19:19:33.0402431Z Checks in_progress: lint-and-test, connected-tests, cross-device-tests
2026-04-28T19:19:33.0402861Z The requested checks aren't complete yet, will check back in 15 seconds...
2026-04-28T19:19:33.0403200Z Checks running on ref:
2026-04-28T19:19:33.0403606Z Checks completed: capture-failure-log, capture-failure-log, e2e, test, web-lint-and-test, autofix, maybe-label
2026-04-28T19:19:33.0404186Z Checks in_progress: lint-and-test, Auto-merge, connected-tests, cross-device-tests
2026-04-28T19:19:33.0404562Z Checks after ignore checks filter:
2026-04-28T19:19:33.0405000Z Checks completed: capture-failure-log, capture-failure-log, e2e, test, web-lint-and-test, autofix, maybe-label
2026-04-28T19:19:33.0405538Z Checks in_progress: lint-and-test, connected-tests, cross-device-tests
2026-04-28T19:19:33.0405868Z Checks after check_name filter:
2026-04-28T19:19:33.0406450Z Checks completed: capture-failure-log, capture-failure-log, e2e, test, web-lint-and-test, autofix, maybe-label
2026-04-28T19:19:33.0406995Z Checks in_progress: lint-and-test, connected-tests, cross-device-tests
2026-04-28T19:19:33.0407330Z Checks after Regexp filter:
2026-04-28T19:19:33.0407754Z Checks completed: capture-failure-log, capture-failure-log, e2e, test, web-lint-and-test, autofix, maybe-label
2026-04-28T19:19:33.0408301Z Checks in_progress: lint-and-test, connected-tests, cross-device-tests
2026-04-28T19:19:33.0408733Z The requested checks aren't complete yet, will check back in 15 seconds...
2026-04-28T19:19:33.0409168Z Checks running on ref:
2026-04-28T19:19:33.0409790Z Checks completed: capture-failure-log, capture-failure-log, capture-failure-log, e2e, test, web-lint-and-test, autofix, connected-tests, cross-device-tests, maybe-label
2026-04-28T19:19:33.0410474Z Checks in_progress: lint-and-test, Auto-merge
2026-04-28T19:19:33.0411142Z Checks after ignore checks filter:
2026-04-28T19:19:33.0411826Z Checks completed: capture-failure-log, capture-failure-log, capture-failure-log, e2e, test, web-lint-and-test, autofix, connected-tests, cross-device-tests, maybe-label
2026-04-28T19:19:33.0412488Z Checks in_progress: lint-and-test
2026-04-28T19:19:33.0412734Z Checks after check_name filter:
2026-04-28T19:19:33.0413355Z Checks completed: capture-failure-log, capture-failure-log, capture-failure-log, e2e, test, web-lint-and-test, autofix, connected-tests, cross-device-tests, maybe-label
2026-04-28T19:19:33.0413993Z Checks in_progress: lint-and-test
2026-04-28T19:19:33.0414226Z Checks after Regexp filter:
2026-04-28T19:19:33.0414836Z Checks completed: capture-failure-log, capture-failure-log, capture-failure-log, e2e, test, web-lint-and-test, autofix, connected-tests, cross-device-tests, maybe-label
2026-04-28T19:19:33.0415467Z Checks in_progress: lint-and-test
2026-04-28T19:19:33.0436569Z The requested checks aren't complete yet, will check back in 15 seconds...
2026-04-28T19:19:33.0436964Z Checks running on ref:
2026-04-28T19:19:33.0437627Z Checks completed: capture-failure-log, capture-failure-log, capture-failure-log, e2e, test, web-lint-and-test, autofix, connected-tests, cross-device-tests, maybe-label
2026-04-28T19:19:33.0438318Z Checks in_progress: lint-and-test, Auto-merge
2026-04-28T19:19:33.0438600Z Checks after ignore checks filter:
2026-04-28T19:19:33.0439271Z Checks completed: capture-failure-log, capture-failure-log, capture-failure-log, e2e, test, web-lint-and-test, autofix, connected-tests, cross-device-tests, maybe-label
2026-04-28T19:19:33.0439947Z Checks in_progress: lint-and-test
2026-04-28T19:19:33.0440191Z Checks after check_name filter:
2026-04-28T19:19:33.0440824Z Checks completed: capture-failure-log, capture-failure-log, capture-failure-log, e2e, test, web-lint-and-test, autofix, connected-tests, cross-device-tests, maybe-label
2026-04-28T19:19:33.0441608Z Checks in_progress: lint-and-test
2026-04-28T19:19:33.0441854Z Checks after Regexp filter:
2026-04-28T19:19:33.0442473Z Checks completed: capture-failure-log, capture-failure-log, capture-failure-log, e2e, test, web-lint-and-test, autofix, connected-tests, cross-device-tests, maybe-label
2026-04-28T19:19:33.0443111Z Checks in_progress: lint-and-test
2026-04-28T19:19:33.0443458Z The requested checks aren't complete yet, will check back in 15 seconds...
2026-04-28T19:19:33.0443811Z Checks running on ref:
2026-04-28T19:19:33.0444417Z Checks completed: capture-failure-log, capture-failure-log, capture-failure-log, e2e, test, web-lint-and-test, autofix, connected-tests, cross-device-tests, maybe-label
2026-04-28T19:19:33.0445084Z Checks in_progress: lint-and-test, Auto-merge
2026-04-28T19:19:33.0445358Z Checks after ignore checks filter:
2026-04-28T19:19:33.0445991Z Checks completed: capture-failure-log, capture-failure-log, capture-failure-log, e2e, test, web-lint-and-test, autofix, connected-tests, cross-device-tests, maybe-label
2026-04-28T19:19:33.0446641Z Checks in_progress: lint-and-test
2026-04-28T19:19:33.0447155Z Checks after check_name filter:
2026-04-28T19:19:33.0447766Z Checks completed: capture-failure-log, capture-failure-log, capture-failure-log, e2e, test, web-lint-and-test, autofix, connected-tests, cross-device-tests, maybe-label
2026-04-28T19:19:33.0448404Z Checks in_progress: lint-and-test
2026-04-28T19:19:33.0448635Z Checks after Regexp filter:
2026-04-28T19:19:33.0449240Z Checks completed: capture-failure-log, capture-failure-log, capture-failure-log, e2e, test, web-lint-and-test, autofix, connected-tests, cross-device-tests, maybe-label
2026-04-28T19:19:33.0449880Z Checks in_progress: lint-and-test
2026-04-28T19:19:33.0450199Z The requested checks aren't complete yet, will check back in 15 seconds...
2026-04-28T19:19:33.0450542Z Checks running on ref:
2026-04-28T19:19:33.0451248Z Checks completed: capture-failure-log, capture-failure-log, capture-failure-log, e2e, test, web-lint-and-test, autofix, connected-tests, cross-device-tests, maybe-label
2026-04-28T19:19:33.0452041Z Checks in_progress: lint-and-test, Auto-merge
2026-04-28T19:19:33.0452316Z Checks after ignore checks filter:
2026-04-28T19:19:33.0452984Z Checks completed: capture-failure-log, capture-failure-log, capture-failure-log, e2e, test, web-lint-and-test, autofix, connected-tests, cross-device-tests, maybe-label
2026-04-28T19:19:33.0453639Z Checks in_progress: lint-and-test
2026-04-28T19:21:06.1070770Z Checks after check_name filter:
2026-04-28T19:21:06.1072114Z Checks completed: capture-failure-log, capture-failure-log, capture-failure-log, e2e, test, web-lint-and-test, autofix, connected-tests, cross-device-tests, maybe-label
2026-04-28T19:21:06.1073142Z Checks in_progress: lint-and-test
2026-04-28T19:21:06.1073509Z Checks after Regexp filter:
2026-04-28T19:21:06.1074445Z Checks completed: capture-failure-log, capture-failure-log, capture-failure-log, e2e, test, web-lint-and-test, autofix, connected-tests, cross-device-tests, maybe-label
2026-04-28T19:21:06.1075488Z Checks in_progress: lint-and-test
2026-04-28T19:21:06.1075993Z The requested checks aren't complete yet, will check back in 15 seconds...
2026-04-28T19:21:06.1076485Z Checks running on ref:
2026-04-28T19:21:06.1077396Z Checks completed: capture-failure-log, capture-failure-log, capture-failure-log, e2e, test, web-lint-and-test, autofix, connected-tests, cross-device-tests, maybe-label
2026-04-28T19:21:06.1078493Z Checks in_progress: lint-and-test, Auto-merge
2026-04-28T19:21:06.1078778Z Checks after ignore checks filter:
2026-04-28T19:21:06.1079420Z Checks completed: capture-failure-log, capture-failure-log, capture-failure-log, e2e, test, web-lint-and-test, autofix, connected-tests, cross-device-tests, maybe-label
2026-04-28T19:21:06.1080107Z Checks in_progress: lint-and-test
2026-04-28T19:21:06.1080361Z Checks after check_name filter:
2026-04-28T19:21:06.1081280Z Checks completed: capture-failure-log, capture-failure-log, capture-failure-log, e2e, test, web-lint-and-test, autofix, connected-tests, cross-device-tests, maybe-label
2026-04-28T19:21:06.1081973Z Checks in_progress: lint-and-test
2026-04-28T19:21:06.1082214Z Checks after Regexp filter:
2026-04-28T19:21:06.1082839Z Checks completed: capture-failure-log, capture-failure-log, capture-failure-log, e2e, test, web-lint-and-test, autofix, connected-tests, cross-device-tests, maybe-label
2026-04-28T19:21:06.1083488Z Checks in_progress: lint-and-test
2026-04-28T19:21:06.1083828Z The requested checks aren't complete yet, will check back in 15 seconds...
2026-04-28T19:21:06.1084182Z Checks running on ref:
2026-04-28T19:21:06.1084777Z Checks completed: capture-failure-log, capture-failure-log, capture-failure-log, e2e, test, web-lint-and-test, autofix, connected-tests, cross-device-tests, maybe-label
2026-04-28T19:21:06.1085441Z Checks in_progress: lint-and-test, Auto-merge
2026-04-28T19:21:06.1085719Z Checks after ignore checks filter:
2026-04-28T19:21:06.1086346Z Checks completed: capture-failure-log, capture-failure-log, capture-failure-log, e2e, test, web-lint-and-test, autofix, connected-tests, cross-device-tests, maybe-label
2026-04-28T19:21:06.1087452Z Checks in_progress: lint-and-test
2026-04-28T19:21:06.1087689Z Checks after check_name filter:
2026-04-28T19:21:06.1088298Z Checks completed: capture-failure-log, capture-failure-log, capture-failure-log, e2e, test, web-lint-and-test, autofix, connected-tests, cross-device-tests, maybe-label
2026-04-28T19:21:06.1088935Z Checks in_progress: lint-and-test
2026-04-28T19:21:06.1089165Z Checks after Regexp filter:
2026-04-28T19:21:06.1089761Z Checks completed: capture-failure-log, capture-failure-log, capture-failure-log, e2e, test, web-lint-and-test, autofix, connected-tests, cross-device-tests, maybe-label
2026-04-28T19:21:06.1090392Z Checks in_progress: lint-and-test
2026-04-28T19:21:06.1090716Z The requested checks aren't complete yet, will check back in 15 seconds...
2026-04-28T19:21:06.1091268Z Checks running on ref:
2026-04-28T19:21:06.1092031Z Checks completed: capture-failure-log, capture-failure-log, capture-failure-log, e2e, test, web-lint-and-test, autofix, connected-tests, cross-device-tests, maybe-label
2026-04-28T19:21:06.1092707Z Checks in_progress: lint-and-test, Auto-merge
2026-04-28T19:21:06.1092978Z Checks after ignore checks filter:
2026-04-28T19:21:06.1093619Z Checks completed: capture-failure-log, capture-failure-log, capture-failure-log, e2e, test, web-lint-and-test, autofix, connected-tests, cross-device-tests, maybe-label
2026-04-28T19:21:06.1094270Z Checks in_progress: lint-and-test
2026-04-28T19:21:06.1094503Z Checks after check_name filter:
2026-04-28T19:21:06.1095139Z Checks completed: capture-failure-log, capture-failure-log, capture-failure-log, e2e, test, web-lint-and-test, autofix, connected-tests, cross-device-tests, maybe-label
2026-04-28T19:21:06.1095793Z Checks in_progress: lint-and-test
2026-04-28T19:21:06.1096030Z Checks after Regexp filter:
2026-04-28T19:21:06.1096647Z Checks completed: capture-failure-log, capture-failure-log, capture-failure-log, e2e, test, web-lint-and-test, autofix, connected-tests, cross-device-tests, maybe-label
2026-04-28T19:21:06.1097287Z Checks in_progress: lint-and-test
2026-04-28T19:21:06.1097618Z The requested checks aren't complete yet, will check back in 15 seconds...
2026-04-28T19:21:06.1097968Z Checks running on ref:
2026-04-28T19:21:06.1098569Z Checks completed: capture-failure-log, capture-failure-log, capture-failure-log, e2e, test, web-lint-and-test, autofix, connected-tests, cross-device-tests, maybe-label
2026-04-28T19:21:06.1099227Z Checks in_progress: lint-and-test, Auto-merge
2026-04-28T19:21:06.1099512Z Checks after ignore checks filter:
2026-04-28T19:21:06.1100135Z Checks completed: capture-failure-log, capture-failure-log, capture-failure-log, e2e, test, web-lint-and-test, autofix, connected-tests, cross-device-tests, maybe-label
2026-04-28T19:21:06.1100774Z Checks in_progress: lint-and-test
2026-04-28T19:21:06.1101179Z Checks after check_name filter:
2026-04-28T19:21:06.1101791Z Checks completed: capture-failure-log, capture-failure-log, capture-failure-log, e2e, test, web-lint-and-test, autofix, connected-tests, cross-device-tests, maybe-label
2026-04-28T19:21:06.1102435Z Checks in_progress: lint-and-test
2026-04-28T19:21:06.1102666Z Checks after Regexp filter:
2026-04-28T19:21:06.1103296Z Checks completed: capture-failure-log, capture-failure-log, capture-failure-log, e2e, test, web-lint-and-test, autofix, connected-tests, cross-device-tests, maybe-label
2026-04-28T19:21:06.1103955Z Checks in_progress: lint-and-test
2026-04-28T19:21:06.1104290Z The requested checks aren't complete yet, will check back in 15 seconds...
2026-04-28T19:21:06.1104643Z Checks running on ref:
2026-04-28T19:21:06.1105433Z Checks completed: capture-failure-log, capture-failure-log, capture-failure-log, e2e, test, web-lint-and-test, autofix, connected-tests, cross-device-tests, maybe-label
2026-04-28T19:21:06.1106310Z Checks in_progress: lint-and-test, Auto-merge
2026-04-28T19:21:06.1106643Z Checks after ignore checks filter:
2026-04-28T19:21:06.1107460Z Checks completed: capture-failure-log, capture-failure-log, capture-failure-log, e2e, test, web-lint-and-test, autofix, connected-tests, cross-device-tests, maybe-label
2026-04-28T19:21:06.1108490Z Checks in_progress: lint-and-test
2026-04-28T19:21:06.1108788Z Checks after check_name filter:
2026-04-28T19:21:06.1109571Z Checks completed: capture-failure-log, capture-failure-log, capture-failure-log, e2e, test, web-lint-and-test, autofix, connected-tests, cross-device-tests, maybe-label
2026-04-28T19:21:06.1110379Z Checks in_progress: lint-and-test
2026-04-28T19:21:06.1110678Z Checks after Regexp filter:
2026-04-28T19:21:06.1111797Z Checks completed: capture-failure-log, capture-failure-log, capture-failure-log, e2e, test, web-lint-and-test, autofix, connected-tests, cross-device-tests, maybe-label
2026-04-28T19:21:06.1112625Z Checks in_progress: lint-and-test
2026-04-28T19:21:06.1113047Z The requested checks aren't complete yet, will check back in 15 seconds...
2026-04-28T19:21:06.1113483Z Checks running on ref:
2026-04-28T19:21:06.1114589Z Checks completed: capture-failure-log, capture-failure-log, capture-failure-log, capture-failure-log, e2e, test, web-lint-and-test, autofix, lint-and-test, connected-tests, cross-device-tests, maybe-label
2026-04-28T19:21:06.1115565Z Checks in_progress: Auto-merge
2026-04-28T19:21:06.1115864Z Checks after ignore checks filter:
2026-04-28T19:21:06.1116831Z Checks completed: capture-failure-log, capture-failure-log, capture-failure-log, capture-failure-log, e2e, test, web-lint-and-test, autofix, lint-and-test, connected-tests, cross-device-tests, maybe-label
2026-04-28T19:21:06.1117756Z Checks after check_name filter:
2026-04-28T19:21:06.1118677Z Checks completed: capture-failure-log, capture-failure-log, capture-failure-log, capture-failure-log, e2e, test, web-lint-and-test, autofix, lint-and-test, connected-tests, cross-device-tests, maybe-label
2026-04-28T19:21:06.1119621Z Checks after Regexp filter:
2026-04-28T19:21:06.1120380Z Checks completed: capture-failure-log, capture-failure-log, capture-failure-log, capture-failure-log, e2e, test, web-lint-and-test, autofix, lint-and-test, connected-tests, cross-device-tests, maybe-label
2026-04-28T19:21:06.1121417Z Checks completed:
2026-04-28T19:21:06.1121640Z capture-failure-log: completed (skipped)
2026-04-28T19:21:06.1121922Z capture-failure-log: completed (skipped)
2026-04-28T19:21:06.1122179Z capture-failure-log: completed (skipped)
2026-04-28T19:21:06.1122452Z capture-failure-log: completed (skipped)
2026-04-28T19:21:06.1122695Z e2e: completed (success)
2026-04-28T19:21:06.1122910Z test: completed (success)
2026-04-28T19:21:06.1123143Z web-lint-and-test: completed (success)
2026-04-28T19:21:06.1123397Z autofix: completed (failure)
2026-04-28T19:21:06.1123633Z lint-and-test: completed (cancelled)
2026-04-28T19:21:06.1123895Z connected-tests: completed (cancelled)
2026-04-28T19:21:06.1124172Z cross-device-tests: completed (cancelled)
2026-04-28T19:21:06.1124584Z maybe-label: completed (success)
2026-04-28T19:21:06.1125602Z The conclusion of one or more checks were not allowed. Allowed conclusions are: success, skipped, neutral. This can be configured with the 'allowed-conclusions' param.
2026-04-28T19:21:06.1181682Z ##[error]Process completed with exit code 1.
2026-04-28T19:21:06.1288468Z Post job cleanup.
2026-04-28T19:21:06.1345574Z Cleaning up orphan processes
2026-04-28T19:21:06.1646987Z ##[warning]Node.js 20 actions are deprecated. The following actions are running on Node.js 20 and may not work as expected: actions/cache@v4. Actions will be forced to run with Node.js 24 by default starting June 2nd, 2026. Node.js 20 will be removed from the runner on September 16th, 2026. Please check if updated versions of these actions are available that support Node.js 24. To opt into Node.js 24 now, set the FORCE_JAVASCRIPT_ACTIONS_TO_NODE24=true environment variable on the runner or in your workflow file. Once Node.js 24 becomes the default, you can temporarily opt out by setting ACTIONS_ALLOW_USE_UNSECURE_NODE_VERSION=true. For more information see: https://github.blog/changelog/2025-09-19-deprecation-of-node-20-on-github-actions-runners/
