=== CI FAILURE ===
Workflow:      Auto-merge & Release
Workflow file: akarlin3/prismTask/.github/workflows/auto-merge.yml@refs/pull/782/merge
Job(s):        Auto-merge
Run ID:        24943286137
Run attempt:   1
Run URL:       https://github.com/akarlin3/prismTask/actions/runs/24943286137
Commit:        5a46c2a1bb3eff9ccd09c07659256563c071c0eb
Branch:        782/merge
Event:         pull_request
Actor:         akarlin3
Runner OS:     Linux
Timestamp:     2026-04-25T23:39:52.058Z

Failed steps:
  - Auto-merge: #3 Wait for all other CI checks to pass

=== FAILED JOB LOG ===

--- Job: Auto-merge (id 73040370719) ---
2026-04-25T23:33:16.0695271Z Current runner version: '2.333.1'
2026-04-25T23:33:16.0728574Z ##[group]Runner Image Provisioner
2026-04-25T23:33:16.0729765Z Hosted Compute Agent
2026-04-25T23:33:16.0730543Z Version: 20260213.493
2026-04-25T23:33:16.0731716Z Commit: 5c115507f6dd24b8de37d8bbe0bb4509d0cc0fa3
2026-04-25T23:33:16.0732768Z Build Date: 2026-02-13T00:28:41Z
2026-04-25T23:33:16.0733793Z Worker ID: {629099c3-d6a5-4736-997e-f2c12dcd91d9}
2026-04-25T23:33:16.0734836Z Azure Region: eastus
2026-04-25T23:33:16.0735649Z ##[endgroup]
2026-04-25T23:33:16.0737787Z ##[group]Operating System
2026-04-25T23:33:16.0738849Z Ubuntu
2026-04-25T23:33:16.0739498Z 24.04.4
2026-04-25T23:33:16.0740366Z LTS
2026-04-25T23:33:16.0741205Z ##[endgroup]
2026-04-25T23:33:16.0741989Z ##[group]Runner Image
2026-04-25T23:33:16.0742955Z Image: ubuntu-24.04
2026-04-25T23:33:16.0743685Z Version: 20260413.86.1
2026-04-25T23:33:16.0745692Z Included Software: https://github.com/actions/runner-images/blob/ubuntu24/20260413.86/images/ubuntu/Ubuntu2404-Readme.md
2026-04-25T23:33:16.0748123Z Image Release: https://github.com/actions/runner-images/releases/tag/ubuntu24%2F20260413.86
2026-04-25T23:33:16.0749692Z ##[endgroup]
2026-04-25T23:33:16.0751844Z ##[group]GITHUB_TOKEN Permissions
2026-04-25T23:33:16.0754406Z Actions: read
2026-04-25T23:33:16.0755231Z Checks: read
2026-04-25T23:33:16.0755986Z Contents: write
2026-04-25T23:33:16.0756874Z Metadata: read
2026-04-25T23:33:16.0757614Z PullRequests: write
2026-04-25T23:33:16.0758416Z ##[endgroup]
2026-04-25T23:33:16.0761515Z Secret source: Actions
2026-04-25T23:33:16.0762561Z Prepare workflow directory
2026-04-25T23:33:16.1288011Z Prepare all required actions
2026-04-25T23:33:16.1342085Z Getting action download info
2026-04-25T23:33:16.3669677Z Download action repository 'lewagon/wait-on-check-action@ccfb013c15c8afb7bf2b7c028fb74dc5a068cccc' (SHA:ccfb013c15c8afb7bf2b7c028fb74dc5a068cccc)
2026-04-25T23:33:16.6895660Z Getting action download info
2026-04-25T23:33:16.8099344Z Download action repository 'ruby/setup-ruby@v1' (SHA:0cb964fd540e0a24c900370abf38a33466142735)
2026-04-25T23:33:17.0377670Z Download action repository 'actions/cache@v4' (SHA:0057852bfaa89a56745cba8c7296529d2fc39830)
2026-04-25T23:33:17.1925165Z Complete job name: Auto-merge
2026-04-25T23:33:17.2590020Z ##[group]Run set -euo pipefail
2026-04-25T23:33:17.2591362Z [36;1mset -euo pipefail[0m
2026-04-25T23:33:17.2592691Z [36;1m# Audit item #5 — poll check-runs for up to 60s instead of a bare[0m
2026-04-25T23:33:17.2594469Z [36;1m# 20s sleep. On a busy runner cohort the initial 20s wasn't enough[0m
2026-04-25T23:33:17.2596203Z [36;1m# for the API to reflect queued workflow runs, which could merge[0m
2026-04-25T23:33:17.2597903Z [36;1m# PRs without waiting for CI. Bail out early as soon as ≥1 real[0m
2026-04-25T23:33:17.2599320Z [36;1m# check shows up.[0m
2026-04-25T23:33:17.2600215Z [36;1mCOUNT=0[0m
2026-04-25T23:33:17.2601140Z [36;1mfor i in $(seq 1 6); do[0m
2026-04-25T23:33:17.2602112Z [36;1m  sleep 10[0m
2026-04-25T23:33:17.2603241Z [36;1m  COUNT=$(gh api "repos/$REPO/commits/$HEAD_SHA/check-runs" \[0m
2026-04-25T23:33:17.2604958Z [36;1m    --jq '[.check_runs[] | select(.name != "Auto-merge")] | length')[0m
2026-04-25T23:33:17.2606404Z [36;1m  if [ "$COUNT" -gt 0 ]; then[0m
2026-04-25T23:33:17.2607718Z [36;1m    echo "Found $COUNT non-Auto-merge check(s) after ${i}0s"[0m
2026-04-25T23:33:17.2609023Z [36;1m    break[0m
2026-04-25T23:33:17.2609817Z [36;1m  fi[0m
2026-04-25T23:33:17.2610797Z [36;1m  echo "No non-Auto-merge checks yet (attempt $i/6)"[0m
2026-04-25T23:33:17.2612381Z [36;1mdone[0m
2026-04-25T23:33:17.2613190Z [36;1mif [ "$COUNT" -gt 0 ]; then[0m
2026-04-25T23:33:17.2614307Z [36;1m  echo "has_ci=true" >> "$GITHUB_OUTPUT"[0m
2026-04-25T23:33:17.2615410Z [36;1melse[0m
2026-04-25T23:33:17.2616338Z [36;1m  echo "has_ci=false" >> "$GITHUB_OUTPUT"[0m
2026-04-25T23:33:17.2617878Z [36;1m  echo "No CI checks on this PR after 60s — will merge without waiting."[0m
2026-04-25T23:33:17.2619314Z [36;1mfi[0m
2026-04-25T23:33:17.2646818Z shell: /usr/bin/bash -e {0}
2026-04-25T23:33:17.2647953Z env:
2026-04-25T23:33:17.2648695Z   WAIT_INTERVAL: 30
2026-04-25T23:33:17.2649929Z   GH_TOKEN: ***
2026-04-25T23:33:17.2651108Z   HEAD_SHA: 4425984405dc94a783e79a9db3ee5a2e0c0c065c
2026-04-25T23:33:17.2652679Z   REPO: akarlin3/prismTask
2026-04-25T23:33:17.2653884Z ##[endgroup]
2026-04-25T23:33:27.6626383Z Found 8 non-Auto-merge check(s) after 10s
2026-04-25T23:33:27.6869046Z ##[group]Run lewagon/wait-on-check-action@ccfb013c15c8afb7bf2b7c028fb74dc5a068cccc
2026-04-25T23:33:27.6869539Z with:
2026-04-25T23:33:27.6869805Z   ref: 4425984405dc94a783e79a9db3ee5a2e0c0c065c
2026-04-25T23:33:27.6870158Z   running-workflow-name: Auto-merge
2026-04-25T23:33:27.6870795Z   repo-token: ***
2026-04-25T23:33:27.6871433Z   wait-interval: 30
2026-04-25T23:33:27.6871711Z   allowed-conclusions: success,skipped,neutral
2026-04-25T23:33:27.6872045Z   verbose: true
2026-04-25T23:33:27.6872265Z env:
2026-04-25T23:33:27.6872483Z   WAIT_INTERVAL: 30
2026-04-25T23:33:27.6872742Z ##[endgroup]
2026-04-25T23:33:27.7007886Z ##[group]Run ruby/setup-ruby@v1
2026-04-25T23:33:27.7008200Z with:
2026-04-25T23:33:27.7008436Z   ruby-version: 3.2
2026-04-25T23:33:27.7008713Z   bundler-cache: false
2026-04-25T23:33:27.7009112Z   token: ***
2026-04-25T23:33:27.7009333Z env:
2026-04-25T23:33:27.7009546Z   WAIT_INTERVAL: 30
2026-04-25T23:33:27.7009774Z ##[endgroup]
2026-04-25T23:33:27.8248851Z ##[group]Modifying PATH
2026-04-25T23:33:27.8249367Z Entries added to PATH to use selected Ruby:
2026-04-25T23:33:27.8249945Z   /opt/hostedtoolcache/Ruby/3.2.11/x64/bin
2026-04-25T23:33:27.8251097Z ##[endgroup]
2026-04-25T23:33:27.8251713Z ##[group]Print Ruby version
2026-04-25T23:33:27.8286949Z [command]/opt/hostedtoolcache/Ruby/3.2.11/x64/bin/ruby --version
2026-04-25T23:33:27.9892595Z ruby 3.2.11 (2026-03-27 revision 5483bfc1ae) [x86_64-linux]
2026-04-25T23:33:27.9929674Z Took   0.17 seconds
2026-04-25T23:33:27.9930641Z ##[endgroup]
2026-04-25T23:33:27.9932827Z ##[group]Installing Bundler
2026-04-25T23:33:27.9936947Z Using Bundler shipped with ruby-3.2.11
2026-04-25T23:33:27.9938479Z Took   0.00 seconds
2026-04-25T23:33:27.9939092Z ##[endgroup]
2026-04-25T23:33:28.0652889Z ##[group]Run actions/cache@v4
2026-04-25T23:33:28.0653205Z with:
2026-04-25T23:33:28.0653690Z   path: /home/runner/work/_actions/lewagon/wait-on-check-action/ccfb013c15c8afb7bf2b7c028fb74dc5a068cccc
2026-04-25T23:33:28.0654224Z   key: Linux-gems-
2026-04-25T23:33:28.0654475Z   restore-keys: Linux-gems-
2026-04-25T23:33:28.0654758Z   enableCrossOsArchive: false
2026-04-25T23:33:28.0655030Z   fail-on-cache-miss: false
2026-04-25T23:33:28.0655283Z   lookup-only: false
2026-04-25T23:33:28.0655521Z   save-always: false
2026-04-25T23:33:28.0655746Z env:
2026-04-25T23:33:28.0655957Z   WAIT_INTERVAL: 30
2026-04-25T23:33:28.0656184Z ##[endgroup]
2026-04-25T23:33:28.2729047Z Cache not found for input keys: Linux-gems-, Linux-gems-
2026-04-25T23:33:28.2854438Z ##[group]Run bundle install --jobs 4 --retry 3
2026-04-25T23:33:28.2854784Z [36;1mbundle install --jobs 4 --retry 3[0m
2026-04-25T23:33:28.2879954Z shell: /usr/bin/bash --noprofile --norc -e -o pipefail {0}
2026-04-25T23:33:28.2880289Z env:
2026-04-25T23:33:28.2880462Z   WAIT_INTERVAL: 30
2026-04-25T23:33:28.2880656Z ##[endgroup]
2026-04-25T23:33:29.7762836Z Bundler 2.4.19 is running, but your lockfile was generated with 2.2.3. Installing Bundler 2.2.3 and restarting using that version.
2026-04-25T23:33:31.4743400Z Fetching gem metadata from https://rubygems.org/.
2026-04-25T23:33:31.4817150Z Fetching bundler 2.2.3
2026-04-25T23:33:31.6622843Z Installing bundler 2.2.3
2026-04-25T23:33:31.8631191Z Calling `DidYouMean::SPELL_CHECKERS.merge!(error_name => spell_checker)' has been deprecated. Please call `DidYouMean.correct_error(error_name, spell_checker)' instead.
2026-04-25T23:33:33.1046562Z Fetching gem metadata from https://rubygems.org/.........
2026-04-25T23:33:33.1141220Z Fetching zeitwerk 2.6.7
2026-04-25T23:33:33.1146149Z Fetching minitest 5.18.0
2026-04-25T23:33:33.1150290Z Fetching public_suffix 4.0.7
2026-04-25T23:33:33.1156021Z Fetching concurrent-ruby 1.2.2
2026-04-25T23:33:33.2267157Z Installing zeitwerk 2.6.7
2026-04-25T23:33:33.2438689Z Installing minitest 5.18.0
2026-04-25T23:33:33.2443244Z Installing public_suffix 4.0.7
2026-04-25T23:33:33.2881743Z Installing concurrent-ruby 1.2.2
2026-04-25T23:33:33.2968472Z Fetching ast 2.4.2
2026-04-25T23:33:33.3286574Z Using bundler 2.2.3
2026-04-25T23:33:33.3316653Z Fetching byebug 11.1.3
2026-04-25T23:33:33.3583284Z Installing ast 2.4.2
2026-04-25T23:33:33.3812072Z Fetching diff-lcs 1.4.4
2026-04-25T23:33:33.4060148Z Installing byebug 11.1.3 with native extensions
2026-04-25T23:33:33.4098740Z Fetching faraday-net_http 2.0.3
2026-04-25T23:33:33.4629495Z Installing faraday-net_http 2.0.3
2026-04-25T23:33:33.4637519Z Installing diff-lcs 1.4.4
2026-04-25T23:33:33.4782469Z Using ruby2_keywords 0.0.5
2026-04-25T23:33:33.4803140Z Fetching json 2.7.1
2026-04-25T23:33:33.5254279Z Installing json 2.7.1 with native extensions
2026-04-25T23:33:33.5561877Z Fetching language_server-protocol 3.17.0.3
2026-04-25T23:33:33.6054311Z Installing language_server-protocol 3.17.0.3
2026-04-25T23:33:33.6622365Z Fetching lint_roller 1.1.0
2026-04-25T23:33:33.7202839Z Installing lint_roller 1.1.0
2026-04-25T23:33:33.7335673Z Fetching parallel 1.24.0
2026-04-25T23:33:33.7723876Z Installing parallel 1.24.0
2026-04-25T23:33:33.7799370Z Fetching racc 1.7.3
2026-04-25T23:33:33.8269571Z Installing racc 1.7.3 with native extensions
2026-04-25T23:33:33.8397066Z Fetching rainbow 3.1.1
2026-04-25T23:33:33.8815913Z Installing rainbow 3.1.1
2026-04-25T23:33:33.8922025Z Fetching regexp_parser 2.8.3
2026-04-25T23:33:33.9345700Z Installing regexp_parser 2.8.3
2026-04-25T23:33:33.9563421Z Fetching rexml 3.2.6
2026-04-25T23:33:33.9974868Z Installing rexml 3.2.6
2026-04-25T23:33:34.0299279Z Fetching rspec-support 3.10.1
2026-04-25T23:33:34.0814411Z Installing rspec-support 3.10.1
2026-04-25T23:33:34.1515604Z Fetching ruby-progressbar 1.13.0
2026-04-25T23:33:34.1947588Z Installing ruby-progressbar 1.13.0
2026-04-25T23:33:34.2098955Z Fetching unicode-display_width 2.5.0
2026-04-25T23:33:34.2437278Z Installing unicode-display_width 2.5.0
2026-04-25T23:33:34.2494069Z Fetching addressable 2.8.0
2026-04-25T23:33:34.2880998Z Installing addressable 2.8.0
2026-04-25T23:33:34.3015631Z Fetching faraday 2.3.0
2026-04-25T23:33:34.3482191Z Installing faraday 2.3.0
2026-04-25T23:33:34.3699417Z Fetching i18n 1.12.0
2026-04-25T23:33:34.4070037Z Installing i18n 1.12.0
2026-04-25T23:33:34.4230638Z Fetching tzinfo 2.0.6
2026-04-25T23:33:34.4681924Z Installing tzinfo 2.0.6
2026-04-25T23:33:34.4854994Z Fetching rspec-core 3.10.1
2026-04-25T23:33:34.5438719Z Installing rspec-core 3.10.1
2026-04-25T23:33:34.5739335Z Fetching rspec-expectations 3.10.1
2026-04-25T23:33:34.6141118Z Installing rspec-expectations 3.10.1
2026-04-25T23:33:34.6316731Z Fetching rspec-mocks 3.10.1
2026-04-25T23:33:34.6788830Z Installing rspec-mocks 3.10.1
2026-04-25T23:33:34.7015017Z Fetching faraday-retry 2.0.0
2026-04-25T23:33:34.7545636Z Installing faraday-retry 2.0.0
2026-04-25T23:33:34.7661784Z Fetching sawyer 0.9.2
2026-04-25T23:33:34.8158236Z Installing sawyer 0.9.2
2026-04-25T23:33:34.8301660Z Fetching activesupport 6.1.7.3
2026-04-25T23:33:34.8966997Z Installing activesupport 6.1.7.3
2026-04-25T23:33:34.9862104Z Fetching rspec 3.10.0
2026-04-25T23:33:35.0388658Z Installing rspec 3.10.0
2026-04-25T23:33:35.0472983Z Fetching octokit 4.25.0
2026-04-25T23:33:35.1060669Z Installing octokit 4.25.0
2026-04-25T23:33:35.2203698Z Fetching parser 3.2.2.4
2026-04-25T23:33:35.3331877Z Installing parser 3.2.2.4
2026-04-25T23:33:35.4512228Z Fetching rubocop-ast 1.30.0
2026-04-25T23:33:35.5122589Z Installing rubocop-ast 1.30.0
2026-04-25T23:33:38.0844971Z Fetching rubocop 1.57.2
2026-04-25T23:33:38.1417023Z Installing rubocop 1.57.2
2026-04-25T23:33:38.3048986Z Fetching standard-custom 1.0.2
2026-04-25T23:33:38.3052188Z Fetching rubocop-performance 1.19.1
2026-04-25T23:33:38.3647696Z Installing standard-custom 1.0.2
2026-04-25T23:33:38.3686672Z Installing rubocop-performance 1.19.1
2026-04-25T23:33:38.3869454Z Fetching standard-performance 1.2.1
2026-04-25T23:33:38.4238934Z Installing standard-performance 1.2.1
2026-04-25T23:33:38.4302469Z Fetching standard 1.32.1
2026-04-25T23:33:38.4646355Z Installing standard 1.32.1
2026-04-25T23:33:38.4937220Z Bundle complete! 6 Gemfile dependencies, 40 gems now installed.
2026-04-25T23:33:38.4938537Z Use `bundle info [gemname]` to see where a bundled gem is installed.
2026-04-25T23:33:38.6173292Z ##[group]Run ruby entrypoint.rb
2026-04-25T23:33:38.6173575Z [36;1mruby entrypoint.rb[0m
2026-04-25T23:33:38.6195738Z shell: /usr/bin/bash --noprofile --norc -e -o pipefail {0}
2026-04-25T23:33:38.6196061Z env:
2026-04-25T23:33:38.6196246Z   WAIT_INTERVAL: 30
2026-04-25T23:33:38.6196480Z   ALLOWED_CONCLUSIONS: success,skipped,neutral
2026-04-25T23:33:38.6196764Z   IGNORE_CHECKS: 
2026-04-25T23:33:38.6196944Z   CHECK_NAME: 
2026-04-25T23:33:38.6197122Z   CHECK_REGEXP: 
2026-04-25T23:33:38.6197337Z   REF: 4425984405dc94a783e79a9db3ee5a2e0c0c065c
2026-04-25T23:33:38.6197844Z   REPO_TOKEN: ***
2026-04-25T23:33:38.6198045Z   VERBOSE: true
2026-04-25T23:33:38.6198255Z   RUNNING_WORKFLOW_NAME: Auto-merge
2026-04-25T23:33:38.6198497Z   API_ENDPOINT: 
2026-04-25T23:33:38.6198688Z ##[endgroup]
2026-04-25T23:37:42.2132950Z Checks running on ref:
2026-04-25T23:37:42.2133632Z Checks completed: capture-failure-log, e2e, web-lint-and-test, maybe-label
2026-04-25T23:37:42.2134228Z Checks in_progress: test, connected-tests, cross-device-tests, autofix, lint-and-test, Auto-merge
2026-04-25T23:37:42.2134783Z Checks after ignore checks filter:
2026-04-25T23:37:42.2135347Z Checks completed: capture-failure-log, e2e, web-lint-and-test, maybe-label
2026-04-25T23:37:42.2136160Z Checks in_progress: test, connected-tests, cross-device-tests, autofix, lint-and-test
2026-04-25T23:37:42.2136836Z Checks after check_name filter:
2026-04-25T23:37:42.2137309Z Checks completed: capture-failure-log, e2e, web-lint-and-test, maybe-label
2026-04-25T23:37:42.2138044Z Checks in_progress: test, connected-tests, cross-device-tests, autofix, lint-and-test
2026-04-25T23:37:42.2138630Z Checks after Regexp filter:
2026-04-25T23:37:42.2139085Z Checks completed: capture-failure-log, e2e, web-lint-and-test, maybe-label
2026-04-25T23:37:42.2139799Z Checks in_progress: test, connected-tests, cross-device-tests, autofix, lint-and-test
2026-04-25T23:37:42.2140510Z The requested checks aren't complete yet, will check back in 30 seconds...
2026-04-25T23:37:42.2141291Z Checks running on ref:
2026-04-25T23:37:42.2141628Z Checks completed: capture-failure-log, e2e, web-lint-and-test, maybe-label
2026-04-25T23:37:42.2142172Z Checks in_progress: test, connected-tests, cross-device-tests, autofix, lint-and-test, Auto-merge
2026-04-25T23:37:42.2142612Z Checks after ignore checks filter:
2026-04-25T23:37:42.2143003Z Checks completed: capture-failure-log, e2e, web-lint-and-test, maybe-label
2026-04-25T23:37:42.2143503Z Checks in_progress: test, connected-tests, cross-device-tests, autofix, lint-and-test
2026-04-25T23:37:42.2143907Z Checks after check_name filter:
2026-04-25T23:37:42.2144244Z Checks completed: capture-failure-log, e2e, web-lint-and-test, maybe-label
2026-04-25T23:37:42.2144732Z Checks in_progress: test, connected-tests, cross-device-tests, autofix, lint-and-test
2026-04-25T23:37:42.2145113Z Checks after Regexp filter:
2026-04-25T23:37:42.2145441Z Checks completed: capture-failure-log, e2e, web-lint-and-test, maybe-label
2026-04-25T23:37:42.2145907Z Checks in_progress: test, connected-tests, cross-device-tests, autofix, lint-and-test
2026-04-25T23:37:42.2146383Z The requested checks aren't complete yet, will check back in 30 seconds...
2026-04-25T23:37:42.2146738Z Checks running on ref:
2026-04-25T23:37:42.2147327Z Checks completed: capture-failure-log, capture-failure-log, capture-failure-log, e2e, connected-tests, web-lint-and-test, cross-device-tests, maybe-label
2026-04-25T23:37:42.2148012Z Checks in_progress: test, autofix, lint-and-test, Auto-merge
2026-04-25T23:37:42.2148330Z Checks after ignore checks filter:
2026-04-25T23:37:42.2149307Z Checks completed: capture-failure-log, capture-failure-log, capture-failure-log, e2e, connected-tests, web-lint-and-test, cross-device-tests, maybe-label
2026-04-25T23:37:42.2149947Z Checks in_progress: test, autofix, lint-and-test
2026-04-25T23:37:42.2150224Z Checks after check_name filter:
2026-04-25T23:37:42.2151172Z Checks completed: capture-failure-log, capture-failure-log, capture-failure-log, e2e, connected-tests, web-lint-and-test, cross-device-tests, maybe-label
2026-04-25T23:37:42.2151852Z Checks in_progress: test, autofix, lint-and-test
2026-04-25T23:37:42.2152129Z Checks after Regexp filter:
2026-04-25T23:37:42.2152727Z Checks completed: capture-failure-log, capture-failure-log, capture-failure-log, e2e, connected-tests, web-lint-and-test, cross-device-tests, maybe-label
2026-04-25T23:37:42.2153356Z Checks in_progress: test, autofix, lint-and-test
2026-04-25T23:37:42.2153724Z The requested checks aren't complete yet, will check back in 30 seconds...
2026-04-25T23:37:42.2154079Z Checks running on ref:
2026-04-25T23:37:42.2154661Z Checks completed: capture-failure-log, capture-failure-log, capture-failure-log, e2e, test, connected-tests, web-lint-and-test, cross-device-tests, maybe-label
2026-04-25T23:37:42.2155321Z Checks in_progress: autofix, lint-and-test, Auto-merge
2026-04-25T23:37:42.2155620Z Checks after ignore checks filter:
2026-04-25T23:37:42.2156226Z Checks completed: capture-failure-log, capture-failure-log, capture-failure-log, e2e, test, connected-tests, web-lint-and-test, cross-device-tests, maybe-label
2026-04-25T23:37:42.2156855Z Checks in_progress: autofix, lint-and-test
2026-04-25T23:37:42.2157114Z Checks after check_name filter:
2026-04-25T23:37:42.2157716Z Checks completed: capture-failure-log, capture-failure-log, capture-failure-log, e2e, test, connected-tests, web-lint-and-test, cross-device-tests, maybe-label
2026-04-25T23:37:42.2158342Z Checks in_progress: autofix, lint-and-test
2026-04-25T23:37:42.2158596Z Checks after Regexp filter:
2026-04-25T23:37:42.2159194Z Checks completed: capture-failure-log, capture-failure-log, capture-failure-log, e2e, test, connected-tests, web-lint-and-test, cross-device-tests, maybe-label
2026-04-25T23:37:42.2159822Z Checks in_progress: autofix, lint-and-test
2026-04-25T23:37:42.2160163Z The requested checks aren't complete yet, will check back in 30 seconds...
2026-04-25T23:37:42.2160508Z Checks running on ref:
2026-04-25T23:37:42.2161310Z Checks completed: capture-failure-log, capture-failure-log, capture-failure-log, e2e, test, connected-tests, web-lint-and-test, cross-device-tests, maybe-label
2026-04-25T23:37:42.2162003Z Checks in_progress: autofix, lint-and-test, Auto-merge
2026-04-25T23:37:42.2162305Z Checks after ignore checks filter:
2026-04-25T23:37:42.2162922Z Checks completed: capture-failure-log, capture-failure-log, capture-failure-log, e2e, test, connected-tests, web-lint-and-test, cross-device-tests, maybe-label
2026-04-25T23:37:42.2163554Z Checks in_progress: autofix, lint-and-test
2026-04-25T23:37:42.2163814Z Checks after check_name filter:
2026-04-25T23:37:42.2164402Z Checks completed: capture-failure-log, capture-failure-log, capture-failure-log, e2e, test, connected-tests, web-lint-and-test, cross-device-tests, maybe-label
2026-04-25T23:37:42.2165030Z Checks in_progress: autofix, lint-and-test
2026-04-25T23:37:42.2165275Z Checks after Regexp filter:
2026-04-25T23:37:42.2165857Z Checks completed: capture-failure-log, capture-failure-log, capture-failure-log, e2e, test, connected-tests, web-lint-and-test, cross-device-tests, maybe-label
2026-04-25T23:37:42.2166475Z Checks in_progress: autofix, lint-and-test
2026-04-25T23:37:42.2166811Z The requested checks aren't complete yet, will check back in 30 seconds...
2026-04-25T23:37:42.2167171Z Checks running on ref:
2026-04-25T23:37:42.2167880Z Checks completed: capture-failure-log, capture-failure-log, capture-failure-log, e2e, test, connected-tests, web-lint-and-test, cross-device-tests, autofix, maybe-label
2026-04-25T23:37:42.2168758Z Checks in_progress: lint-and-test, Auto-merge
2026-04-25T23:37:42.2169033Z Checks after ignore checks filter:
2026-04-25T23:37:42.2169669Z Checks completed: capture-failure-log, capture-failure-log, capture-failure-log, e2e, test, connected-tests, web-lint-and-test, cross-device-tests, autofix, maybe-label
2026-04-25T23:37:42.2170312Z Checks in_progress: lint-and-test
2026-04-25T23:37:42.2170666Z Checks after check_name filter:
2026-04-25T23:37:42.2171510Z Checks completed: capture-failure-log, capture-failure-log, capture-failure-log, e2e, test, connected-tests, web-lint-and-test, cross-device-tests, autofix, maybe-label
2026-04-25T23:37:42.2172156Z Checks in_progress: lint-and-test
2026-04-25T23:37:42.2172389Z Checks after Regexp filter:
2026-04-25T23:37:42.2172990Z Checks completed: capture-failure-log, capture-failure-log, capture-failure-log, e2e, test, connected-tests, web-lint-and-test, cross-device-tests, autofix, maybe-label
2026-04-25T23:37:42.2173628Z Checks in_progress: lint-and-test
2026-04-25T23:37:42.2173966Z The requested checks aren't complete yet, will check back in 30 seconds...
2026-04-25T23:37:42.2174304Z Checks running on ref:
2026-04-25T23:37:42.2174891Z Checks completed: capture-failure-log, capture-failure-log, capture-failure-log, e2e, test, connected-tests, web-lint-and-test, cross-device-tests, autofix, maybe-label
2026-04-25T23:37:42.2176127Z Checks in_progress: lint-and-test, Auto-merge
2026-04-25T23:37:42.2176546Z Checks after ignore checks filter:
2026-04-25T23:37:42.2177606Z Checks completed: capture-failure-log, capture-failure-log, capture-failure-log, e2e, test, connected-tests, web-lint-and-test, cross-device-tests, autofix, maybe-label
2026-04-25T23:37:42.2178342Z Checks in_progress: lint-and-test
2026-04-25T23:37:42.2178571Z Checks after check_name filter:
2026-04-25T23:37:42.2179179Z Checks completed: capture-failure-log, capture-failure-log, capture-failure-log, e2e, test, connected-tests, web-lint-and-test, cross-device-tests, autofix, maybe-label
2026-04-25T23:37:42.2179834Z Checks in_progress: lint-and-test
2026-04-25T23:37:42.2180053Z Checks after Regexp filter:
2026-04-25T23:37:42.2180659Z Checks completed: capture-failure-log, capture-failure-log, capture-failure-log, e2e, test, connected-tests, web-lint-and-test, cross-device-tests, autofix, maybe-label
2026-04-25T23:37:42.2181508Z Checks in_progress: lint-and-test
2026-04-25T23:37:42.2181859Z The requested checks aren't complete yet, will check back in 30 seconds...
2026-04-25T23:37:42.2182207Z Checks running on ref:
2026-04-25T23:37:42.2182808Z Checks completed: capture-failure-log, capture-failure-log, capture-failure-log, e2e, test, connected-tests, web-lint-and-test, cross-device-tests, autofix, maybe-label
2026-04-25T23:37:42.2183482Z Checks in_progress: lint-and-test, Auto-merge
2026-04-25T23:37:42.2183751Z Checks after ignore checks filter:
2026-04-25T23:37:42.2184442Z Checks completed: capture-failure-log, capture-failure-log, capture-failure-log, e2e, test, connected-tests, web-lint-and-test, cross-device-tests, autofix, maybe-label
2026-04-25T23:37:42.2185127Z Checks in_progress: lint-and-test
2026-04-25T23:37:42.2185372Z Checks after check_name filter:
2026-04-25T23:37:42.2185987Z Checks completed: capture-failure-log, capture-failure-log, capture-failure-log, e2e, test, connected-tests, web-lint-and-test, cross-device-tests, autofix, maybe-label
2026-04-25T23:37:42.2186647Z Checks in_progress: lint-and-test
2026-04-25T23:37:42.2186872Z Checks after Regexp filter:
2026-04-25T23:37:42.2187480Z Checks completed: capture-failure-log, capture-failure-log, capture-failure-log, e2e, test, connected-tests, web-lint-and-test, cross-device-tests, autofix, maybe-label
2026-04-25T23:37:42.2188119Z Checks in_progress: lint-and-test
2026-04-25T23:37:42.2188440Z The requested checks aren't complete yet, will check back in 30 seconds...
2026-04-25T23:37:42.2188783Z Checks running on ref:
2026-04-25T23:37:42.2189375Z Checks completed: capture-failure-log, capture-failure-log, capture-failure-log, e2e, test, connected-tests, web-lint-and-test, cross-device-tests, autofix, maybe-label
2026-04-25T23:37:42.2190257Z Checks in_progress: lint-and-test, Auto-merge
2026-04-25T23:37:42.2190526Z Checks after ignore checks filter:
2026-04-25T23:39:43.6990639Z Checks completed: capture-failure-log, capture-failure-log, capture-failure-log, e2e, test, connected-tests, web-lint-and-test, cross-device-tests, autofix, maybe-label
2026-04-25T23:39:43.6992725Z Checks in_progress: lint-and-test
2026-04-25T23:39:43.6993369Z Checks after check_name filter:
2026-04-25T23:39:43.6994469Z Checks completed: capture-failure-log, capture-failure-log, capture-failure-log, e2e, test, connected-tests, web-lint-and-test, cross-device-tests, autofix, maybe-label
2026-04-25T23:39:43.6995531Z Checks in_progress: lint-and-test
2026-04-25T23:39:43.6995885Z Checks after Regexp filter:
2026-04-25T23:39:43.6996872Z Checks completed: capture-failure-log, capture-failure-log, capture-failure-log, e2e, test, connected-tests, web-lint-and-test, cross-device-tests, autofix, maybe-label
2026-04-25T23:39:43.6997956Z Checks in_progress: lint-and-test
2026-04-25T23:39:43.6998478Z The requested checks aren't complete yet, will check back in 30 seconds...
2026-04-25T23:39:43.6999016Z Checks running on ref:
2026-04-25T23:39:43.7000038Z Checks completed: capture-failure-log, capture-failure-log, capture-failure-log, e2e, test, connected-tests, web-lint-and-test, cross-device-tests, autofix, maybe-label
2026-04-25T23:39:43.7001302Z Checks in_progress: lint-and-test, Auto-merge
2026-04-25T23:39:43.7001691Z Checks after ignore checks filter:
2026-04-25T23:39:43.7002671Z Checks completed: capture-failure-log, capture-failure-log, capture-failure-log, e2e, test, connected-tests, web-lint-and-test, cross-device-tests, autofix, maybe-label
2026-04-25T23:39:43.7003691Z Checks in_progress: lint-and-test
2026-04-25T23:39:43.7004022Z Checks after check_name filter:
2026-04-25T23:39:43.7005005Z Checks completed: capture-failure-log, capture-failure-log, capture-failure-log, e2e, test, connected-tests, web-lint-and-test, cross-device-tests, autofix, maybe-label
2026-04-25T23:39:43.7006027Z Checks in_progress: lint-and-test
2026-04-25T23:39:43.7006368Z Checks after Regexp filter:
2026-04-25T23:39:43.7007340Z Checks completed: capture-failure-log, capture-failure-log, capture-failure-log, e2e, test, connected-tests, web-lint-and-test, cross-device-tests, autofix, maybe-label
2026-04-25T23:39:43.7008372Z Checks in_progress: lint-and-test
2026-04-25T23:39:43.7008865Z The requested checks aren't complete yet, will check back in 30 seconds...
2026-04-25T23:39:43.7009387Z Checks running on ref:
2026-04-25T23:39:43.7010356Z Checks completed: capture-failure-log, capture-failure-log, capture-failure-log, e2e, test, connected-tests, web-lint-and-test, cross-device-tests, autofix, maybe-label
2026-04-25T23:39:43.7011582Z Checks in_progress: lint-and-test, Auto-merge
2026-04-25T23:39:43.7011963Z Checks after ignore checks filter:
2026-04-25T23:39:43.7012996Z Checks completed: capture-failure-log, capture-failure-log, capture-failure-log, e2e, test, connected-tests, web-lint-and-test, cross-device-tests, autofix, maybe-label
2026-04-25T23:39:43.7014216Z Checks in_progress: lint-and-test
2026-04-25T23:39:43.7014600Z Checks after check_name filter:
2026-04-25T23:39:43.7015724Z Checks completed: capture-failure-log, capture-failure-log, capture-failure-log, e2e, test, connected-tests, web-lint-and-test, cross-device-tests, autofix, maybe-label
2026-04-25T23:39:43.7016877Z Checks in_progress: lint-and-test
2026-04-25T23:39:43.7017223Z Checks after Regexp filter:
2026-04-25T23:39:43.7018269Z Checks completed: capture-failure-log, capture-failure-log, capture-failure-log, e2e, test, connected-tests, web-lint-and-test, cross-device-tests, autofix, maybe-label
2026-04-25T23:39:43.7019401Z Checks in_progress: lint-and-test
2026-04-25T23:39:43.7019933Z The requested checks aren't complete yet, will check back in 30 seconds...
2026-04-25T23:39:43.7020505Z Checks running on ref:
2026-04-25T23:39:43.7021688Z Checks completed: capture-failure-log, capture-failure-log, capture-failure-log, e2e, test, connected-tests, web-lint-and-test, cross-device-tests, autofix, maybe-label
2026-04-25T23:39:43.7023154Z Checks in_progress: lint-and-test, Auto-merge
2026-04-25T23:39:43.7023578Z Checks after ignore checks filter:
2026-04-25T23:39:43.7024866Z Checks completed: capture-failure-log, capture-failure-log, capture-failure-log, e2e, test, connected-tests, web-lint-and-test, cross-device-tests, autofix, maybe-label
2026-04-25T23:39:43.7026044Z Checks in_progress: lint-and-test
2026-04-25T23:39:43.7026406Z Checks after check_name filter:
2026-04-25T23:39:43.7027475Z Checks completed: capture-failure-log, capture-failure-log, capture-failure-log, e2e, test, connected-tests, web-lint-and-test, cross-device-tests, autofix, maybe-label
2026-04-25T23:39:43.7028646Z Checks in_progress: lint-and-test
2026-04-25T23:39:43.7029072Z Checks after Regexp filter:
2026-04-25T23:39:43.7030152Z Checks completed: capture-failure-log, capture-failure-log, capture-failure-log, e2e, test, connected-tests, web-lint-and-test, cross-device-tests, autofix, maybe-label
2026-04-25T23:39:43.7031522Z Checks in_progress: lint-and-test
2026-04-25T23:39:43.7032054Z The requested checks aren't complete yet, will check back in 30 seconds...
2026-04-25T23:39:43.7032633Z Checks running on ref:
2026-04-25T23:39:43.7034057Z Checks completed: capture-failure-log, firebase-distribute, capture-failure-log, capture-failure-log, capture-failure-log, e2e, test, connected-tests, web-lint-and-test, cross-device-tests, autofix, lint-and-test, maybe-label
2026-04-25T23:39:43.7036011Z Checks in_progress: Auto-merge
2026-04-25T23:39:43.7036424Z Checks after ignore checks filter:
2026-04-25T23:39:43.7038132Z Checks completed: capture-failure-log, firebase-distribute, capture-failure-log, capture-failure-log, capture-failure-log, e2e, test, connected-tests, web-lint-and-test, cross-device-tests, autofix, lint-and-test, maybe-label
2026-04-25T23:39:43.7039838Z Checks after check_name filter:
2026-04-25T23:39:43.7041657Z Checks completed: capture-failure-log, firebase-distribute, capture-failure-log, capture-failure-log, capture-failure-log, e2e, test, connected-tests, web-lint-and-test, cross-device-tests, autofix, lint-and-test, maybe-label
2026-04-25T23:39:43.7043425Z Checks after Regexp filter:
2026-04-25T23:39:43.7045059Z Checks completed: capture-failure-log, firebase-distribute, capture-failure-log, capture-failure-log, capture-failure-log, e2e, test, connected-tests, web-lint-and-test, cross-device-tests, autofix, lint-and-test, maybe-label
2026-04-25T23:39:43.7046739Z Checks completed:
2026-04-25T23:39:43.7047112Z capture-failure-log: completed (skipped)
2026-04-25T23:39:43.7047638Z firebase-distribute: completed (cancelled)
2026-04-25T23:39:43.7048125Z capture-failure-log: completed (skipped)
2026-04-25T23:39:43.7048638Z capture-failure-log: completed (skipped)
2026-04-25T23:39:43.7049103Z capture-failure-log: completed (skipped)
2026-04-25T23:39:43.7049571Z e2e: completed (success)
2026-04-25T23:39:43.7049919Z test: completed (cancelled)
2026-04-25T23:39:43.7050327Z connected-tests: completed (cancelled)
2026-04-25T23:39:43.7050804Z web-lint-and-test: completed (success)
2026-04-25T23:39:43.7051503Z cross-device-tests: completed (cancelled)
2026-04-25T23:39:43.7051975Z autofix: completed (cancelled)
2026-04-25T23:39:43.7052393Z lint-and-test: completed (cancelled)
2026-04-25T23:39:43.7052851Z maybe-label: completed (success)
2026-04-25T23:39:43.7054070Z The conclusion of one or more checks were not allowed. Allowed conclusions are: success, skipped, neutral. This can be configured with the 'allowed-conclusions' param.
2026-04-25T23:39:43.7126085Z ##[error]Process completed with exit code 1.
2026-04-25T23:39:43.7250388Z Post job cleanup.
2026-04-25T23:39:43.7331097Z Cleaning up orphan processes
2026-04-25T23:39:43.7589396Z ##[warning]Node.js 20 actions are deprecated. The following actions are running on Node.js 20 and may not work as expected: actions/cache@v4. Actions will be forced to run with Node.js 24 by default starting June 2nd, 2026. Node.js 20 will be removed from the runner on September 16th, 2026. Please check if updated versions of these actions are available that support Node.js 24. To opt into Node.js 24 now, set the FORCE_JAVASCRIPT_ACTIONS_TO_NODE24=true environment variable on the runner or in your workflow file. Once Node.js 24 becomes the default, you can temporarily opt out by setting ACTIONS_ALLOW_USE_UNSECURE_NODE_VERSION=true. For more information see: https://github.blog/changelog/2025-09-19-deprecation-of-node-20-on-github-actions-runners/
