=== CI FAILURE ===
Workflow:      Auto-merge & Release
Workflow file: akarlin3/prismTask/.github/workflows/auto-merge.yml@refs/pull/611/merge
Job(s):        Auto-merge
Run ID:        24742119243
Run attempt:   1
Run URL:       https://github.com/akarlin3/prismTask/actions/runs/24742119243
Commit:        4f0913432b477907d307e78726ff5d261e8a2288
Branch:        611/merge
Event:         pull_request
Actor:         akarlin3
Runner OS:     Linux
Timestamp:     2026-04-21T19:37:38.029Z

Failed steps:
  - Auto-merge: #3 Wait for all other CI checks to pass

=== FAILED JOB LOG ===

--- Job: Auto-merge (id 72384257451) ---
2026-04-21T19:28:16.8366231Z Current runner version: '2.333.1'
2026-04-21T19:28:16.8390488Z ##[group]Runner Image Provisioner
2026-04-21T19:28:16.8391455Z Hosted Compute Agent
2026-04-21T19:28:16.8391984Z Version: 20260213.493
2026-04-21T19:28:16.8392687Z Commit: 5c115507f6dd24b8de37d8bbe0bb4509d0cc0fa3
2026-04-21T19:28:16.8393385Z Build Date: 2026-02-13T00:28:41Z
2026-04-21T19:28:16.8394084Z Worker ID: {87fd1ada-4bbb-41fa-98e4-a22d48e801d8}
2026-04-21T19:28:16.8394817Z Azure Region: centralus
2026-04-21T19:28:16.8395425Z ##[endgroup]
2026-04-21T19:28:16.8397202Z ##[group]Operating System
2026-04-21T19:28:16.8397909Z Ubuntu
2026-04-21T19:28:16.8398387Z 24.04.4
2026-04-21T19:28:16.8398799Z LTS
2026-04-21T19:28:16.8399289Z ##[endgroup]
2026-04-21T19:28:16.8399760Z ##[group]Runner Image
2026-04-21T19:28:16.8400417Z Image: ubuntu-24.04
2026-04-21T19:28:16.8400872Z Version: 20260413.86.1
2026-04-21T19:28:16.8402161Z Included Software: https://github.com/actions/runner-images/blob/ubuntu24/20260413.86/images/ubuntu/Ubuntu2404-Readme.md
2026-04-21T19:28:16.8403691Z Image Release: https://github.com/actions/runner-images/releases/tag/ubuntu24%2F20260413.86
2026-04-21T19:28:16.8404646Z ##[endgroup]
2026-04-21T19:28:16.8406145Z ##[group]GITHUB_TOKEN Permissions
2026-04-21T19:28:16.8408243Z Actions: read
2026-04-21T19:28:16.8408789Z Checks: read
2026-04-21T19:28:16.8409297Z Contents: write
2026-04-21T19:28:16.8409871Z Metadata: read
2026-04-21T19:28:16.8410411Z PullRequests: write
2026-04-21T19:28:16.8410912Z ##[endgroup]
2026-04-21T19:28:16.8412988Z Secret source: Actions
2026-04-21T19:28:16.8413652Z Prepare workflow directory
2026-04-21T19:28:16.8886173Z Prepare all required actions
2026-04-21T19:28:16.8945485Z Getting action download info
2026-04-21T19:28:17.3111565Z Download action repository 'lewagon/wait-on-check-action@ccfb013c15c8afb7bf2b7c028fb74dc5a068cccc' (SHA:ccfb013c15c8afb7bf2b7c028fb74dc5a068cccc)
2026-04-21T19:28:17.8242336Z Getting action download info
2026-04-21T19:28:18.0182992Z Download action repository 'ruby/setup-ruby@v1' (SHA:94e4d89d3e6c1c7599e0210d114c5ffb23f1a866)
2026-04-21T19:28:18.5351257Z Download action repository 'actions/cache@v4' (SHA:0057852bfaa89a56745cba8c7296529d2fc39830)
2026-04-21T19:28:18.6872182Z Complete job name: Auto-merge
2026-04-21T19:28:18.7551793Z ##[group]Run set -euo pipefail
2026-04-21T19:28:18.7552906Z [36;1mset -euo pipefail[0m
2026-04-21T19:28:18.7554258Z [36;1m# Give GitHub a short grace period to schedule workflow runs for[0m
2026-04-21T19:28:18.7556336Z [36;1m# the head commit. Paths-filtered workflows (android/backend/web CI)[0m
2026-04-21T19:28:18.7558138Z [36;1m# won't run for doc-only or cross-cutting config PRs, so the[0m
2026-04-21T19:28:18.7559913Z [36;1m# wait-on-check-action step below would otherwise hang waiting for[0m
2026-04-21T19:28:18.7561460Z [36;1m# checks that will never appear.[0m
2026-04-21T19:28:18.7562520Z [36;1msleep 20[0m
2026-04-21T19:28:18.7563642Z [36;1mCOUNT=$(gh api "repos/$REPO/commits/$HEAD_SHA/check-runs" \[0m
2026-04-21T19:28:18.7565312Z [36;1m  --jq '[.check_runs[] | select(.name != "Auto-merge")] | length')[0m
2026-04-21T19:28:18.7567081Z [36;1mecho "Non-Auto-merge check runs on head: $COUNT"[0m
2026-04-21T19:28:18.7568399Z [36;1mif [ "$COUNT" -gt 0 ]; then[0m
2026-04-21T19:28:18.7569506Z [36;1m  echo "has_ci=true" >> "$GITHUB_OUTPUT"[0m
2026-04-21T19:28:18.7570625Z [36;1melse[0m
2026-04-21T19:28:18.7571513Z [36;1m  echo "has_ci=false" >> "$GITHUB_OUTPUT"[0m
2026-04-21T19:28:18.7572968Z [36;1m  echo "No CI checks on this PR — will merge without waiting."[0m
2026-04-21T19:28:18.7574305Z [36;1mfi[0m
2026-04-21T19:28:18.7600741Z shell: /usr/bin/bash -e {0}
2026-04-21T19:28:18.7601966Z env:
2026-04-21T19:28:18.7602703Z   WAIT_INTERVAL: 30
2026-04-21T19:28:18.7603886Z   GH_TOKEN: ***
2026-04-21T19:28:18.7604819Z   HEAD_SHA: 15357ae2c29fd918a0390be55a36015248f2b2a1
2026-04-21T19:28:18.7606218Z   REPO: akarlin3/prismTask
2026-04-21T19:28:18.7607120Z ##[endgroup]
2026-04-21T19:28:39.1445873Z Non-Auto-merge check runs on head: 1
2026-04-21T19:28:39.1671716Z ##[group]Run lewagon/wait-on-check-action@ccfb013c15c8afb7bf2b7c028fb74dc5a068cccc
2026-04-21T19:28:39.1672205Z with:
2026-04-21T19:28:39.1672492Z   ref: 15357ae2c29fd918a0390be55a36015248f2b2a1
2026-04-21T19:28:39.1672816Z   running-workflow-name: Auto-merge
2026-04-21T19:28:39.1673371Z   repo-token: ***
2026-04-21T19:28:39.1673604Z   wait-interval: 30
2026-04-21T19:28:39.1673849Z   allowed-conclusions: success,skipped
2026-04-21T19:28:39.1674136Z   verbose: true
2026-04-21T19:28:39.1674339Z env:
2026-04-21T19:28:39.1674540Z   WAIT_INTERVAL: 30
2026-04-21T19:28:39.1674753Z ##[endgroup]
2026-04-21T19:28:39.1814235Z ##[group]Run ruby/setup-ruby@v1
2026-04-21T19:28:39.1814540Z with:
2026-04-21T19:28:39.1814756Z   ruby-version: 3.2
2026-04-21T19:28:39.1815021Z   bundler-cache: false
2026-04-21T19:28:39.1815398Z   token: ***
2026-04-21T19:28:39.1815599Z env:
2026-04-21T19:28:39.1816014Z   WAIT_INTERVAL: 30
2026-04-21T19:28:39.1816233Z ##[endgroup]
2026-04-21T19:28:39.3129912Z ##[group]Modifying PATH
2026-04-21T19:28:39.3130726Z Entries added to PATH to use selected Ruby:
2026-04-21T19:28:39.3131764Z   /opt/hostedtoolcache/Ruby/3.2.11/x64/bin
2026-04-21T19:28:39.3136545Z ##[endgroup]
2026-04-21T19:28:39.3137896Z ##[group]Print Ruby version
2026-04-21T19:28:39.3216299Z [command]/opt/hostedtoolcache/Ruby/3.2.11/x64/bin/ruby --version
2026-04-21T19:28:39.4840725Z ruby 3.2.11 (2026-03-27 revision 5483bfc1ae) [x86_64-linux]
2026-04-21T19:28:39.4876492Z Took   0.17 seconds
2026-04-21T19:28:39.4877842Z ##[endgroup]
2026-04-21T19:28:39.4879109Z ##[group]Installing Bundler
2026-04-21T19:28:39.4883389Z Using Bundler shipped with ruby-3.2.11
2026-04-21T19:28:39.4884311Z Took   0.00 seconds
2026-04-21T19:28:39.4885093Z ##[endgroup]
2026-04-21T19:28:39.5528054Z ##[group]Run actions/cache@v4
2026-04-21T19:28:39.5528320Z with:
2026-04-21T19:28:39.5528739Z   path: /home/runner/work/_actions/lewagon/wait-on-check-action/ccfb013c15c8afb7bf2b7c028fb74dc5a068cccc
2026-04-21T19:28:39.5529228Z   key: Linux-gems-
2026-04-21T19:28:39.5596313Z   restore-keys: Linux-gems-
2026-04-21T19:28:39.5596581Z   enableCrossOsArchive: false
2026-04-21T19:28:39.5596822Z   fail-on-cache-miss: false
2026-04-21T19:28:39.5597054Z   lookup-only: false
2026-04-21T19:28:39.5597246Z   save-always: false
2026-04-21T19:28:39.5597445Z env:
2026-04-21T19:28:39.5597616Z   WAIT_INTERVAL: 30
2026-04-21T19:28:39.5597814Z ##[endgroup]
2026-04-21T19:28:39.8429681Z Cache not found for input keys: Linux-gems-, Linux-gems-
2026-04-21T19:28:39.8512946Z ##[group]Run bundle install --jobs 4 --retry 3
2026-04-21T19:28:39.8513546Z [36;1mbundle install --jobs 4 --retry 3[0m
2026-04-21T19:28:39.8537716Z shell: /usr/bin/bash --noprofile --norc -e -o pipefail {0}
2026-04-21T19:28:39.8538047Z env:
2026-04-21T19:28:39.8538212Z   WAIT_INTERVAL: 30
2026-04-21T19:28:39.8538391Z ##[endgroup]
2026-04-21T19:28:40.8734497Z Bundler 2.4.19 is running, but your lockfile was generated with 2.2.3. Installing Bundler 2.2.3 and restarting using that version.
2026-04-21T19:28:42.6836717Z Fetching gem metadata from https://rubygems.org/.
2026-04-21T19:28:42.6914291Z Fetching bundler 2.2.3
2026-04-21T19:28:42.9247334Z Installing bundler 2.2.3
2026-04-21T19:28:43.1202058Z Calling `DidYouMean::SPELL_CHECKERS.merge!(error_name => spell_checker)' has been deprecated. Please call `DidYouMean.correct_error(error_name, spell_checker)' instead.
2026-04-21T19:28:44.5212181Z Fetching gem metadata from https://rubygems.org/.........
2026-04-21T19:28:44.5314263Z Fetching zeitwerk 2.6.7
2026-04-21T19:28:44.5606677Z Fetching minitest 5.18.0
2026-04-21T19:28:44.5610963Z Fetching concurrent-ruby 1.2.2
2026-04-21T19:28:44.5618536Z Fetching public_suffix 4.0.7
2026-04-21T19:28:44.6660691Z Installing zeitwerk 2.6.7
2026-04-21T19:28:44.6862105Z Installing minitest 5.18.0
2026-04-21T19:28:44.7012965Z Installing public_suffix 4.0.7
2026-04-21T19:28:44.7346389Z Fetching ast 2.4.2
2026-04-21T19:28:44.7718238Z Using bundler 2.2.3
2026-04-21T19:28:44.7728232Z Fetching byebug 11.1.3
2026-04-21T19:28:44.7987862Z Installing concurrent-ruby 1.2.2
2026-04-21T19:28:44.8201730Z Fetching diff-lcs 1.4.4
2026-04-21T19:28:44.8472820Z Installing ast 2.4.2
2026-04-21T19:28:44.8629933Z Fetching faraday-net_http 2.0.3
2026-04-21T19:28:44.8907411Z Installing byebug 11.1.3 with native extensions
2026-04-21T19:28:44.9241435Z Installing diff-lcs 1.4.4
2026-04-21T19:28:44.9485831Z Installing faraday-net_http 2.0.3
2026-04-21T19:28:44.9608617Z Using ruby2_keywords 0.0.5
2026-04-21T19:28:44.9622782Z Fetching json 2.7.1
2026-04-21T19:28:45.0170286Z Fetching language_server-protocol 3.17.0.3
2026-04-21T19:28:45.0610943Z Installing json 2.7.1 with native extensions
2026-04-21T19:28:45.0796791Z Fetching lint_roller 1.1.0
2026-04-21T19:28:45.1236615Z Installing language_server-protocol 3.17.0.3
2026-04-21T19:28:45.1466883Z Installing lint_roller 1.1.0
2026-04-21T19:28:45.1616131Z Fetching parallel 1.24.0
2026-04-21T19:28:45.2559086Z Installing parallel 1.24.0
2026-04-21T19:28:45.2738490Z Fetching racc 1.7.3
2026-04-21T19:28:45.3244354Z Fetching rainbow 3.1.1
2026-04-21T19:28:45.3838912Z Installing racc 1.7.3 with native extensions
2026-04-21T19:28:45.3935544Z Installing rainbow 3.1.1
2026-04-21T19:28:45.4072364Z Fetching regexp_parser 2.8.3
2026-04-21T19:28:45.4949701Z Installing regexp_parser 2.8.3
2026-04-21T19:28:45.5548770Z Fetching rexml 3.2.6
2026-04-21T19:28:45.6545190Z Installing rexml 3.2.6
2026-04-21T19:28:45.7186864Z Fetching rspec-support 3.10.1
2026-04-21T19:28:45.8060134Z Installing rspec-support 3.10.1
2026-04-21T19:28:45.8206770Z Fetching ruby-progressbar 1.13.0
2026-04-21T19:28:45.8991317Z Installing ruby-progressbar 1.13.0
2026-04-21T19:28:45.9101792Z Fetching unicode-display_width 2.5.0
2026-04-21T19:28:45.9846967Z Installing unicode-display_width 2.5.0
2026-04-21T19:28:45.9956654Z Fetching addressable 2.8.0
2026-04-21T19:28:46.1116655Z Installing addressable 2.8.0
2026-04-21T19:28:46.1346425Z Fetching faraday 2.3.0
2026-04-21T19:28:46.2416834Z Installing faraday 2.3.0
2026-04-21T19:28:46.2756737Z Fetching i18n 1.12.0
2026-04-21T19:28:46.3732625Z Installing i18n 1.12.0
2026-04-21T19:28:46.3941210Z Fetching tzinfo 2.0.6
2026-04-21T19:28:46.5006735Z Installing tzinfo 2.0.6
2026-04-21T19:28:46.5284104Z Fetching rspec-expectations 3.10.1
2026-04-21T19:28:46.5293885Z Fetching rspec-core 3.10.1
2026-04-21T19:28:46.6856580Z Installing rspec-expectations 3.10.1
2026-04-21T19:28:46.7081286Z Installing rspec-core 3.10.1
2026-04-21T19:28:46.7356875Z Fetching rspec-mocks 3.10.1
2026-04-21T19:28:46.8037289Z Fetching faraday-retry 2.0.0
2026-04-21T19:28:46.8854067Z Installing rspec-mocks 3.10.1
2026-04-21T19:28:46.8948225Z Installing faraday-retry 2.0.0
2026-04-21T19:28:46.9084778Z Fetching sawyer 0.9.2
2026-04-21T19:28:46.9678099Z Fetching activesupport 6.1.7.3
2026-04-21T19:28:47.0270555Z Installing sawyer 0.9.2
2026-04-21T19:28:47.0372773Z Fetching parser 3.2.2.4
2026-04-21T19:28:47.1045007Z Installing activesupport 6.1.7.3
2026-04-21T19:28:47.2316070Z Fetching rspec 3.10.0
2026-04-21T19:28:47.2901355Z Installing parser 3.2.2.4
2026-04-21T19:28:47.3156699Z Installing rspec 3.10.0
2026-04-21T19:28:47.3277282Z Fetching octokit 4.25.0
2026-04-21T19:28:47.4200663Z Fetching rubocop-ast 1.30.0
2026-04-21T19:28:47.4474573Z Installing octokit 4.25.0
2026-04-21T19:28:47.5093112Z Installing rubocop-ast 1.30.0
2026-04-21T19:28:48.4628095Z Fetching rubocop 1.57.2
2026-04-21T19:28:48.6180387Z Installing rubocop 1.57.2
2026-04-21T19:28:48.7868683Z Fetching rubocop-performance 1.19.1
2026-04-21T19:28:48.7871270Z Fetching standard-custom 1.0.2
2026-04-21T19:28:48.8764387Z Installing standard-custom 1.0.2
2026-04-21T19:28:48.8925704Z Installing rubocop-performance 1.19.1
2026-04-21T19:28:48.9717132Z Fetching standard-performance 1.2.1
2026-04-21T19:28:49.0363625Z Installing standard-performance 1.2.1
2026-04-21T19:28:49.0443627Z Fetching standard 1.32.1
2026-04-21T19:28:49.1278861Z Installing standard 1.32.1
2026-04-21T19:28:49.1518804Z Bundle complete! 6 Gemfile dependencies, 40 gems now installed.
2026-04-21T19:28:49.1519870Z Use `bundle info [gemname]` to see where a bundled gem is installed.
2026-04-21T19:28:49.2081877Z ##[group]Run ruby entrypoint.rb
2026-04-21T19:28:49.2082138Z [36;1mruby entrypoint.rb[0m
2026-04-21T19:28:49.2103073Z shell: /usr/bin/bash --noprofile --norc -e -o pipefail {0}
2026-04-21T19:28:49.2103389Z env:
2026-04-21T19:28:49.2103548Z   WAIT_INTERVAL: 30
2026-04-21T19:28:49.2103757Z   ALLOWED_CONCLUSIONS: success,skipped
2026-04-21T19:28:49.2103995Z   IGNORE_CHECKS: 
2026-04-21T19:28:49.2104168Z   CHECK_NAME: 
2026-04-21T19:28:49.2104328Z   CHECK_REGEXP: 
2026-04-21T19:28:49.2104531Z   REF: 15357ae2c29fd918a0390be55a36015248f2b2a1
2026-04-21T19:28:49.2104986Z   REPO_TOKEN: ***
2026-04-21T19:28:49.2105167Z   VERBOSE: true
2026-04-21T19:28:49.2105356Z   RUNNING_WORKFLOW_NAME: Auto-merge
2026-04-21T19:28:49.2105817Z   API_ENDPOINT: 
2026-04-21T19:28:49.2106034Z ##[endgroup]
2026-04-21T19:37:25.6091790Z Checks running on ref:
2026-04-21T19:37:25.6093834Z Checks in_progress: autofix, Auto-merge
2026-04-21T19:37:25.6094787Z Checks after ignore checks filter:
2026-04-21T19:37:25.6095586Z Checks in_progress: autofix
2026-04-21T19:37:25.6096311Z Checks after check_name filter:
2026-04-21T19:37:25.6096712Z Checks in_progress: autofix
2026-04-21T19:37:25.6097143Z Checks after Regexp filter:
2026-04-21T19:37:25.6097547Z Checks in_progress: autofix
2026-04-21T19:37:25.6098200Z The requested check isn't complete yet, will check back in 30 seconds...
2026-04-21T19:37:25.6098862Z Checks running on ref:
2026-04-21T19:37:25.6099311Z Checks in_progress: autofix, Auto-merge
2026-04-21T19:37:25.6099834Z Checks after ignore checks filter:
2026-04-21T19:37:25.6100335Z Checks in_progress: autofix
2026-04-21T19:37:25.6100777Z Checks after check_name filter:
2026-04-21T19:37:25.6101244Z Checks in_progress: autofix
2026-04-21T19:37:25.6101684Z Checks after Regexp filter:
2026-04-21T19:37:25.6102133Z Checks in_progress: autofix
2026-04-21T19:37:25.6102788Z The requested check isn't complete yet, will check back in 30 seconds...
2026-04-21T19:37:25.6103447Z Checks running on ref:
2026-04-21T19:37:25.6103846Z Checks in_progress: autofix, Auto-merge
2026-04-21T19:37:25.6104283Z Checks after ignore checks filter:
2026-04-21T19:37:25.6104563Z Checks in_progress: autofix
2026-04-21T19:37:25.6104808Z Checks after check_name filter:
2026-04-21T19:37:25.6105072Z Checks in_progress: autofix
2026-04-21T19:37:25.6105323Z Checks after Regexp filter:
2026-04-21T19:37:25.6105569Z Checks in_progress: autofix
2026-04-21T19:37:25.6106196Z The requested check isn't complete yet, will check back in 30 seconds...
2026-04-21T19:37:25.6106548Z Checks running on ref:
2026-04-21T19:37:25.6106761Z Checks in_progress: autofix, Auto-merge
2026-04-21T19:37:25.6107004Z Checks after ignore checks filter:
2026-04-21T19:37:25.6107230Z Checks in_progress: autofix
2026-04-21T19:37:25.6107428Z Checks after check_name filter:
2026-04-21T19:37:25.6107638Z Checks in_progress: autofix
2026-04-21T19:37:25.6107852Z Checks after Regexp filter:
2026-04-21T19:37:25.6108103Z Checks in_progress: autofix
2026-04-21T19:37:25.6108419Z The requested check isn't complete yet, will check back in 30 seconds...
2026-04-21T19:37:25.6108751Z Checks running on ref:
2026-04-21T19:37:25.6108980Z Checks in_progress: lint-and-test, Auto-merge
2026-04-21T19:37:25.6109241Z Checks completed: autofix
2026-04-21T19:37:25.6109450Z Checks after ignore checks filter:
2026-04-21T19:37:25.6109679Z Checks in_progress: lint-and-test
2026-04-21T19:37:25.6109898Z Checks completed: autofix
2026-04-21T19:37:25.6110097Z Checks after check_name filter:
2026-04-21T19:37:25.6110309Z Checks in_progress: lint-and-test
2026-04-21T19:37:25.6110530Z Checks completed: autofix
2026-04-21T19:37:25.6110721Z Checks after Regexp filter:
2026-04-21T19:37:25.6110931Z Checks in_progress: lint-and-test
2026-04-21T19:37:25.6111142Z Checks completed: autofix
2026-04-21T19:37:25.6111455Z The requested checks aren't complete yet, will check back in 30 seconds...
2026-04-21T19:37:25.6111788Z Checks running on ref:
2026-04-21T19:37:25.6112380Z Checks in_progress: lint-and-test, Auto-merge
2026-04-21T19:37:25.6112768Z Checks completed: autofix
2026-04-21T19:37:25.6112975Z Checks after ignore checks filter:
2026-04-21T19:37:25.6113200Z Checks in_progress: lint-and-test
2026-04-21T19:37:25.6113409Z Checks completed: autofix
2026-04-21T19:37:25.6113608Z Checks after check_name filter:
2026-04-21T19:37:25.6113816Z Checks in_progress: lint-and-test
2026-04-21T19:37:25.6114030Z Checks completed: autofix
2026-04-21T19:37:25.6114219Z Checks after Regexp filter:
2026-04-21T19:37:25.6114423Z Checks in_progress: lint-and-test
2026-04-21T19:37:25.6114628Z Checks completed: autofix
2026-04-21T19:37:25.6114926Z The requested checks aren't complete yet, will check back in 30 seconds...
2026-04-21T19:37:25.6115255Z Checks running on ref:
2026-04-21T19:37:25.6115477Z Checks in_progress: lint-and-test, Auto-merge
2026-04-21T19:37:25.6115968Z Checks completed: autofix
2026-04-21T19:37:25.6116169Z Checks after ignore checks filter:
2026-04-21T19:37:25.6116400Z Checks in_progress: lint-and-test
2026-04-21T19:37:25.6116627Z Checks completed: autofix
2026-04-21T19:37:25.6116824Z Checks after check_name filter:
2026-04-21T19:37:25.6117037Z Checks in_progress: lint-and-test
2026-04-21T19:37:25.6117251Z Checks completed: autofix
2026-04-21T19:37:25.6117437Z Checks after Regexp filter:
2026-04-21T19:37:25.6117643Z Checks in_progress: lint-and-test
2026-04-21T19:37:25.6117852Z Checks completed: autofix
2026-04-21T19:37:25.6118143Z The requested checks aren't complete yet, will check back in 30 seconds...
2026-04-21T19:37:25.6118474Z Checks running on ref:
2026-04-21T19:37:25.6118682Z Checks in_progress: lint-and-test, Auto-merge
2026-04-21T19:37:25.6118928Z Checks completed: autofix
2026-04-21T19:37:25.6119122Z Checks after ignore checks filter:
2026-04-21T19:37:25.6119343Z Checks in_progress: lint-and-test
2026-04-21T19:37:25.6119550Z Checks completed: autofix
2026-04-21T19:37:25.6119748Z Checks after check_name filter:
2026-04-21T19:37:25.6119951Z Checks in_progress: lint-and-test
2026-04-21T19:37:25.6120164Z Checks completed: autofix
2026-04-21T19:37:25.6120359Z Checks after Regexp filter:
2026-04-21T19:37:25.6120563Z Checks in_progress: lint-and-test
2026-04-21T19:37:25.6120773Z Checks completed: autofix
2026-04-21T19:37:25.6121056Z The requested checks aren't complete yet, will check back in 30 seconds...
2026-04-21T19:37:25.6121387Z Checks running on ref:
2026-04-21T19:37:25.6121587Z Checks in_progress: lint-and-test, Auto-merge
2026-04-21T19:37:25.6121833Z Checks completed: autofix
2026-04-21T19:37:25.6122022Z Checks after ignore checks filter:
2026-04-21T19:37:25.6122242Z Checks in_progress: lint-and-test
2026-04-21T19:37:25.6122451Z Checks completed: autofix
2026-04-21T19:37:25.6122645Z Checks after check_name filter:
2026-04-21T19:37:25.6122855Z Checks in_progress: lint-and-test
2026-04-21T19:37:25.6123063Z Checks completed: autofix
2026-04-21T19:37:25.6123263Z Checks after Regexp filter:
2026-04-21T19:37:25.6123466Z Checks in_progress: lint-and-test
2026-04-21T19:37:25.6123679Z Checks completed: autofix
2026-04-21T19:37:25.6123979Z The requested checks aren't complete yet, will check back in 30 seconds...
2026-04-21T19:37:25.6124309Z Checks running on ref:
2026-04-21T19:37:25.6124518Z Checks in_progress: lint-and-test, Auto-merge
2026-04-21T19:37:25.6124759Z Checks completed: autofix
2026-04-21T19:37:25.6124956Z Checks after ignore checks filter:
2026-04-21T19:37:25.6125171Z Checks in_progress: lint-and-test
2026-04-21T19:37:25.6125383Z Checks completed: autofix
2026-04-21T19:37:25.6125574Z Checks after check_name filter:
2026-04-21T19:37:25.6126040Z Checks in_progress: lint-and-test
2026-04-21T19:37:25.6126257Z Checks completed: autofix
2026-04-21T19:37:25.6126458Z Checks after Regexp filter:
2026-04-21T19:37:25.6126668Z Checks in_progress: lint-and-test
2026-04-21T19:37:25.6126878Z Checks completed: autofix
2026-04-21T19:37:25.6127175Z The requested checks aren't complete yet, will check back in 30 seconds...
2026-04-21T19:37:25.6127508Z Checks running on ref:
2026-04-21T19:37:25.6127859Z Checks in_progress: lint-and-test, Auto-merge
2026-04-21T19:37:25.6128209Z Checks completed: autofix
2026-04-21T19:37:25.6128412Z Checks after ignore checks filter:
2026-04-21T19:37:25.6128634Z Checks in_progress: lint-and-test
2026-04-21T19:37:25.6128849Z Checks completed: autofix
2026-04-21T19:37:25.6129041Z Checks after check_name filter:
2026-04-21T19:37:25.6129255Z Checks in_progress: lint-and-test
2026-04-21T19:37:25.6129467Z Checks completed: autofix
2026-04-21T19:37:25.6129657Z Checks after Regexp filter:
2026-04-21T19:37:25.6129861Z Checks in_progress: lint-and-test
2026-04-21T19:37:25.6130070Z Checks completed: autofix
2026-04-21T19:37:25.6130361Z The requested checks aren't complete yet, will check back in 30 seconds...
2026-04-21T19:37:25.6130690Z Checks running on ref:
2026-04-21T19:37:25.6130909Z Checks in_progress: lint-and-test, Auto-merge
2026-04-21T19:37:25.6131151Z Checks completed: autofix
2026-04-21T19:37:25.6131349Z Checks after ignore checks filter:
2026-04-21T19:37:25.6131577Z Checks in_progress: lint-and-test
2026-04-21T19:37:25.6131791Z Checks completed: autofix
2026-04-21T19:37:25.6131984Z Checks after check_name filter:
2026-04-21T19:37:25.6132194Z Checks in_progress: lint-and-test
2026-04-21T19:37:25.6132408Z Checks completed: autofix
2026-04-21T19:37:25.6132596Z Checks after Regexp filter:
2026-04-21T19:37:25.6132802Z Checks in_progress: lint-and-test
2026-04-21T19:37:25.6133009Z Checks completed: autofix
2026-04-21T19:37:25.6133298Z The requested checks aren't complete yet, will check back in 30 seconds...
2026-04-21T19:37:25.6133691Z Checks running on ref:
2026-04-21T19:37:25.6134051Z Checks in_progress: lint-and-test, Auto-merge
2026-04-21T19:37:25.6134309Z Checks completed: autofix
2026-04-21T19:37:25.6134502Z Checks after ignore checks filter:
2026-04-21T19:37:25.6134723Z Checks in_progress: lint-and-test
2026-04-21T19:37:25.6134932Z Checks completed: autofix
2026-04-21T19:37:25.6135127Z Checks after check_name filter:
2026-04-21T19:37:25.6135359Z Checks in_progress: lint-and-test
2026-04-21T19:37:25.6135576Z Checks completed: autofix
2026-04-21T19:37:25.6135998Z Checks after Regexp filter:
2026-04-21T19:37:25.6136205Z Checks in_progress: lint-and-test
2026-04-21T19:37:25.6136412Z Checks completed: autofix
2026-04-21T19:37:25.6136701Z The requested checks aren't complete yet, will check back in 30 seconds...
2026-04-21T19:37:25.6137032Z Checks running on ref:
2026-04-21T19:37:25.6137232Z Checks in_progress: lint-and-test, Auto-merge
2026-04-21T19:37:25.6137481Z Checks completed: autofix
2026-04-21T19:37:25.6137674Z Checks after ignore checks filter:
2026-04-21T19:37:25.6137896Z Checks in_progress: lint-and-test
2026-04-21T19:37:25.6138103Z Checks completed: autofix
2026-04-21T19:37:25.6138297Z Checks after check_name filter:
2026-04-21T19:37:25.6138503Z Checks in_progress: lint-and-test
2026-04-21T19:37:25.6138714Z Checks completed: autofix
2026-04-21T19:37:25.6138902Z Checks after Regexp filter:
2026-04-21T19:37:25.6139108Z Checks in_progress: lint-and-test
2026-04-21T19:37:25.6139327Z Checks completed: autofix
2026-04-21T19:37:25.6139614Z The requested checks aren't complete yet, will check back in 30 seconds...
2026-04-21T19:37:25.6139941Z Checks running on ref:
2026-04-21T19:37:25.6140140Z Checks in_progress: lint-and-test, Auto-merge
2026-04-21T19:37:25.6140385Z Checks completed: autofix
2026-04-21T19:37:25.6140577Z Checks after ignore checks filter:
2026-04-21T19:37:25.6140797Z Checks in_progress: lint-and-test
2026-04-21T19:37:25.6141003Z Checks completed: autofix
2026-04-21T19:37:25.6141201Z Checks after check_name filter:
2026-04-21T19:37:25.6141415Z Checks in_progress: lint-and-test
2026-04-21T19:37:25.6141622Z Checks completed: autofix
2026-04-21T19:37:25.6141814Z Checks after Regexp filter:
2026-04-21T19:37:25.6142013Z Checks in_progress: lint-and-test
2026-04-21T19:37:25.6142225Z Checks completed: autofix
2026-04-21T19:37:25.6142506Z The requested checks aren't complete yet, will check back in 30 seconds...
2026-04-21T19:37:25.6142843Z Checks running on ref:
2026-04-21T19:37:25.6143192Z Checks in_progress: lint-and-test, Auto-merge
2026-04-21T19:37:25.6143548Z Checks completed: autofix
2026-04-21T19:37:25.6143743Z Checks after ignore checks filter:
2026-04-21T19:37:25.6143966Z Checks in_progress: lint-and-test
2026-04-21T19:37:25.6144179Z Checks completed: autofix
2026-04-21T19:37:25.6144367Z Checks after check_name filter:
2026-04-21T19:37:25.6144712Z Checks in_progress: lint-and-test
2026-04-21T19:37:25.6145115Z Checks completed: autofix
2026-04-21T19:37:25.6145379Z Checks after Regexp filter:
2026-04-21T19:37:25.6145784Z Checks in_progress: lint-and-test
2026-04-21T19:37:25.6146058Z Checks completed: autofix
2026-04-21T19:37:25.6146349Z The requested checks aren't complete yet, will check back in 30 seconds...
2026-04-21T19:37:25.6146683Z Checks running on ref:
2026-04-21T19:37:25.6146937Z Checks completed: firebase-distribute, lint-and-test, autofix
2026-04-21T19:37:25.6147286Z Checks in_progress: capture-failure-log, Auto-merge
2026-04-21T19:37:25.6147571Z Checks after ignore checks filter:
2026-04-21T19:37:25.6147861Z Checks completed: firebase-distribute, lint-and-test, autofix
2026-04-21T19:37:25.6148180Z Checks in_progress: capture-failure-log
2026-04-21T19:37:25.6148417Z Checks after check_name filter:
2026-04-21T19:37:25.6148692Z Checks completed: firebase-distribute, lint-and-test, autofix
2026-04-21T19:37:25.6149000Z Checks in_progress: capture-failure-log
2026-04-21T19:37:25.6149233Z Checks after Regexp filter:
2026-04-21T19:37:25.6149493Z Checks completed: firebase-distribute, lint-and-test, autofix
2026-04-21T19:37:25.6149797Z Checks in_progress: capture-failure-log
2026-04-21T19:37:25.6150127Z The requested checks aren't complete yet, will check back in 30 seconds...
2026-04-21T19:37:25.6150451Z Checks running on ref:
2026-04-21T19:37:25.6150778Z Checks completed: firebase-distribute, capture-failure-log, lint-and-test, autofix
2026-04-21T19:37:25.6151161Z Checks in_progress: Auto-merge
2026-04-21T19:37:25.6151383Z Checks after ignore checks filter:
2026-04-21T19:37:25.6151745Z Checks completed: firebase-distribute, capture-failure-log, lint-and-test, autofix
2026-04-21T19:37:25.6152134Z Checks after check_name filter:
2026-04-21T19:37:25.6152483Z Checks completed: firebase-distribute, capture-failure-log, lint-and-test, autofix
2026-04-21T19:37:25.6152857Z Checks after Regexp filter:
2026-04-21T19:37:25.6153195Z Checks completed: firebase-distribute, capture-failure-log, lint-and-test, autofix
2026-04-21T19:37:25.6153559Z Checks completed:
2026-04-21T19:37:25.6153760Z firebase-distribute: completed (skipped)
2026-04-21T19:37:25.6154017Z capture-failure-log: completed (success)
2026-04-21T19:37:25.6154266Z lint-and-test: completed (failure)
2026-04-21T19:37:25.6154490Z autofix: completed (failure)
2026-04-21T19:37:25.6155084Z The conclusion of one or more checks were not allowed. Allowed conclusions are: success, skipped. This can be configured with the 'allowed-conclusions' param.
2026-04-21T19:37:25.6178943Z ##[error]Process completed with exit code 1.
2026-04-21T19:37:25.6293404Z Post job cleanup.
2026-04-21T19:37:25.6362255Z Cleaning up orphan processes
2026-04-21T19:37:25.6604736Z ##[warning]Node.js 20 actions are deprecated. The following actions are running on Node.js 20 and may not work as expected: actions/cache@v4. Actions will be forced to run with Node.js 24 by default starting June 2nd, 2026. Node.js 20 will be removed from the runner on September 16th, 2026. Please check if updated versions of these actions are available that support Node.js 24. To opt into Node.js 24 now, set the FORCE_JAVASCRIPT_ACTIONS_TO_NODE24=true environment variable on the runner or in your workflow file. Once Node.js 24 becomes the default, you can temporarily opt out by setting ACTIONS_ALLOW_USE_UNSECURE_NODE_VERSION=true. For more information see: https://github.blog/changelog/2025-09-19-deprecation-of-node-20-on-github-actions-runners/
