=== CI FAILURE ===
Workflow:      Auto-merge & Release
Workflow file: akarlin3/prismTask/.github/workflows/auto-merge.yml@refs/pull/668/merge
Job(s):        Auto-merge
Run ID:        24806860283
Run attempt:   1
Run URL:       https://github.com/akarlin3/prismTask/actions/runs/24806860283
Commit:        0ab4a5248651d898268d90db10fd6c8cd7dc84e8
Branch:        668/merge
Event:         pull_request
Actor:         akarlin3
Runner OS:     Linux
Timestamp:     2026-04-22T22:57:40.738Z

Failed steps:
  - Auto-merge: #3 Wait for all other CI checks to pass

=== FAILED JOB LOG ===

--- Job: Auto-merge (id 72602951923) ---
2026-04-22T22:54:23.8686723Z Current runner version: '2.333.1'
2026-04-22T22:54:23.8709951Z ##[group]Runner Image Provisioner
2026-04-22T22:54:23.8710869Z Hosted Compute Agent
2026-04-22T22:54:23.8711457Z Version: 20260213.493
2026-04-22T22:54:23.8712348Z Commit: 5c115507f6dd24b8de37d8bbe0bb4509d0cc0fa3
2026-04-22T22:54:23.8713016Z Build Date: 2026-02-13T00:28:41Z
2026-04-22T22:54:23.8713698Z Worker ID: {835619a4-18ae-45cd-be69-388aa729398e}
2026-04-22T22:54:23.8714355Z Azure Region: westus3
2026-04-22T22:54:23.8714881Z ##[endgroup]
2026-04-22T22:54:23.8716661Z ##[group]Operating System
2026-04-22T22:54:23.8717517Z Ubuntu
2026-04-22T22:54:23.8717945Z 24.04.4
2026-04-22T22:54:23.8718370Z LTS
2026-04-22T22:54:23.8718887Z ##[endgroup]
2026-04-22T22:54:23.8719344Z ##[group]Runner Image
2026-04-22T22:54:23.8719868Z Image: ubuntu-24.04
2026-04-22T22:54:23.8720419Z Version: 20260413.86.1
2026-04-22T22:54:23.8721588Z Included Software: https://github.com/actions/runner-images/blob/ubuntu24/20260413.86/images/ubuntu/Ubuntu2404-Readme.md
2026-04-22T22:54:23.8723271Z Image Release: https://github.com/actions/runner-images/releases/tag/ubuntu24%2F20260413.86
2026-04-22T22:54:23.8724150Z ##[endgroup]
2026-04-22T22:54:23.8725403Z ##[group]GITHUB_TOKEN Permissions
2026-04-22T22:54:23.8727505Z Actions: read
2026-04-22T22:54:23.8728054Z Checks: read
2026-04-22T22:54:23.8728568Z Contents: write
2026-04-22T22:54:23.8729086Z Metadata: read
2026-04-22T22:54:23.8729583Z PullRequests: write
2026-04-22T22:54:23.8730082Z ##[endgroup]
2026-04-22T22:54:23.8732288Z Secret source: Actions
2026-04-22T22:54:23.8732947Z Prepare workflow directory
2026-04-22T22:54:23.9160643Z Prepare all required actions
2026-04-22T22:54:23.9208791Z Getting action download info
2026-04-22T22:54:24.3193551Z Download action repository 'lewagon/wait-on-check-action@ccfb013c15c8afb7bf2b7c028fb74dc5a068cccc' (SHA:ccfb013c15c8afb7bf2b7c028fb74dc5a068cccc)
2026-04-22T22:54:25.0731373Z Getting action download info
2026-04-22T22:54:25.2527568Z Download action repository 'ruby/setup-ruby@v1' (SHA:0cb964fd540e0a24c900370abf38a33466142735)
2026-04-22T22:54:26.0998030Z Download action repository 'actions/cache@v4' (SHA:0057852bfaa89a56745cba8c7296529d2fc39830)
2026-04-22T22:54:26.2371375Z Complete job name: Auto-merge
2026-04-22T22:54:26.2959733Z ##[group]Run set -euo pipefail
2026-04-22T22:54:26.2960188Z [36;1mset -euo pipefail[0m
2026-04-22T22:54:26.2960639Z [36;1m# Give GitHub a short grace period to schedule workflow runs for[0m
2026-04-22T22:54:26.2961230Z [36;1m# the head commit. Paths-filtered workflows (android/backend/web CI)[0m
2026-04-22T22:54:26.2961778Z [36;1m# won't run for doc-only or cross-cutting config PRs, so the[0m
2026-04-22T22:54:26.2962572Z [36;1m# wait-on-check-action step below would otherwise hang waiting for[0m
2026-04-22T22:54:26.2963062Z [36;1m# checks that will never appear.[0m
2026-04-22T22:54:26.2963392Z [36;1msleep 20[0m
2026-04-22T22:54:26.2963786Z [36;1mCOUNT=$(gh api "repos/$REPO/commits/$HEAD_SHA/check-runs" \[0m
2026-04-22T22:54:26.2964313Z [36;1m  --jq '[.check_runs[] | select(.name != "Auto-merge")] | length')[0m
2026-04-22T22:54:26.2964841Z [36;1mecho "Non-Auto-merge check runs on head: $COUNT"[0m
2026-04-22T22:54:26.2965280Z [36;1mif [ "$COUNT" -gt 0 ]; then[0m
2026-04-22T22:54:26.2965643Z [36;1m  echo "has_ci=true" >> "$GITHUB_OUTPUT"[0m
2026-04-22T22:54:26.2965988Z [36;1melse[0m
2026-04-22T22:54:26.2966273Z [36;1m  echo "has_ci=false" >> "$GITHUB_OUTPUT"[0m
2026-04-22T22:54:26.2966730Z [36;1m  echo "No CI checks on this PR — will merge without waiting."[0m
2026-04-22T22:54:26.2967141Z [36;1mfi[0m
2026-04-22T22:54:26.2991465Z shell: /usr/bin/bash -e {0}
2026-04-22T22:54:26.2992282Z env:
2026-04-22T22:54:26.2992547Z   WAIT_INTERVAL: 30
2026-04-22T22:54:26.2993068Z   GH_TOKEN: ***
2026-04-22T22:54:26.2993393Z   HEAD_SHA: db6bd539bcae10e65e334e640c94af4ac2a23498
2026-04-22T22:54:26.2993773Z   REPO: akarlin3/prismTask
2026-04-22T22:54:26.2994062Z ##[endgroup]
2026-04-22T22:54:46.7351098Z Non-Auto-merge check runs on head: 3
2026-04-22T22:54:46.7580887Z ##[group]Run lewagon/wait-on-check-action@ccfb013c15c8afb7bf2b7c028fb74dc5a068cccc
2026-04-22T22:54:46.7581397Z with:
2026-04-22T22:54:46.7581670Z   ref: db6bd539bcae10e65e334e640c94af4ac2a23498
2026-04-22T22:54:46.7582243Z   running-workflow-name: Auto-merge
2026-04-22T22:54:46.7582835Z   repo-token: ***
2026-04-22T22:54:46.7583067Z   wait-interval: 30
2026-04-22T22:54:46.7583327Z   allowed-conclusions: success,skipped
2026-04-22T22:54:46.7583613Z   verbose: true
2026-04-22T22:54:46.7583828Z env:
2026-04-22T22:54:46.7584025Z   WAIT_INTERVAL: 30
2026-04-22T22:54:46.7584251Z ##[endgroup]
2026-04-22T22:54:46.7715048Z ##[group]Run ruby/setup-ruby@v1
2026-04-22T22:54:46.7715345Z with:
2026-04-22T22:54:46.7715568Z   ruby-version: 3.2
2026-04-22T22:54:46.7715826Z   bundler-cache: false
2026-04-22T22:54:46.7716214Z   token: ***
2026-04-22T22:54:46.7716421Z env:
2026-04-22T22:54:46.7716627Z   WAIT_INTERVAL: 30
2026-04-22T22:54:46.7716847Z ##[endgroup]
2026-04-22T22:54:46.9081372Z ##[group]Modifying PATH
2026-04-22T22:54:46.9082238Z Entries added to PATH to use selected Ruby:
2026-04-22T22:54:46.9082874Z   /opt/hostedtoolcache/Ruby/3.2.11/x64/bin
2026-04-22T22:54:46.9086870Z ##[endgroup]
2026-04-22T22:54:46.9088152Z ##[group]Print Ruby version
2026-04-22T22:54:46.9172741Z [command]/opt/hostedtoolcache/Ruby/3.2.11/x64/bin/ruby --version
2026-04-22T22:54:47.1637573Z ruby 3.2.11 (2026-03-27 revision 5483bfc1ae) [x86_64-linux]
2026-04-22T22:54:47.1670473Z Took   0.26 seconds
2026-04-22T22:54:47.1671429Z ##[endgroup]
2026-04-22T22:54:47.1673243Z ##[group]Installing Bundler
2026-04-22T22:54:47.1676991Z Using Bundler shipped with ruby-3.2.11
2026-04-22T22:54:47.1678189Z Took   0.00 seconds
2026-04-22T22:54:47.1678787Z ##[endgroup]
2026-04-22T22:54:47.2301276Z ##[group]Run actions/cache@v4
2026-04-22T22:54:47.2301549Z with:
2026-04-22T22:54:47.2302278Z   path: /home/runner/work/_actions/lewagon/wait-on-check-action/ccfb013c15c8afb7bf2b7c028fb74dc5a068cccc
2026-04-22T22:54:47.2302917Z   key: Linux-gems-
2026-04-22T22:54:47.2303131Z   restore-keys: Linux-gems-
2026-04-22T22:54:47.2303358Z   enableCrossOsArchive: false
2026-04-22T22:54:47.2303580Z   fail-on-cache-miss: false
2026-04-22T22:54:47.2303789Z   lookup-only: false
2026-04-22T22:54:47.2303975Z   save-always: false
2026-04-22T22:54:47.2304151Z env:
2026-04-22T22:54:47.2304307Z   WAIT_INTERVAL: 30
2026-04-22T22:54:47.2304482Z ##[endgroup]
2026-04-22T22:54:47.5942734Z Cache not found for input keys: Linux-gems-, Linux-gems-
2026-04-22T22:54:47.6029991Z ##[group]Run bundle install --jobs 4 --retry 3
2026-04-22T22:54:47.6030343Z [36;1mbundle install --jobs 4 --retry 3[0m
2026-04-22T22:54:47.6054577Z shell: /usr/bin/bash --noprofile --norc -e -o pipefail {0}
2026-04-22T22:54:47.6054909Z env:
2026-04-22T22:54:47.6055071Z   WAIT_INTERVAL: 30
2026-04-22T22:54:47.6055258Z ##[endgroup]
2026-04-22T22:54:48.8971436Z Bundler 2.4.19 is running, but your lockfile was generated with 2.2.3. Installing Bundler 2.2.3 and restarting using that version.
2026-04-22T22:54:50.6070523Z Fetching gem metadata from https://rubygems.org/.
2026-04-22T22:54:50.6144258Z Fetching bundler 2.2.3
2026-04-22T22:54:50.7854877Z Installing bundler 2.2.3
2026-04-22T22:54:50.9712866Z Calling `DidYouMean::SPELL_CHECKERS.merge!(error_name => spell_checker)' has been deprecated. Please call `DidYouMean.correct_error(error_name, spell_checker)' instead.
2026-04-22T22:54:52.2844531Z Fetching gem metadata from https://rubygems.org/.........
2026-04-22T22:54:52.2941759Z Fetching public_suffix 4.0.7
2026-04-22T22:54:52.2949785Z Fetching concurrent-ruby 1.2.2
2026-04-22T22:54:52.2951856Z Fetching minitest 5.18.0
2026-04-22T22:54:52.2961084Z Fetching zeitwerk 2.6.7
2026-04-22T22:54:52.4222268Z Installing zeitwerk 2.6.7
2026-04-22T22:54:52.4432793Z Installing minitest 5.18.0
2026-04-22T22:54:52.4453888Z Installing public_suffix 4.0.7
2026-04-22T22:54:52.4881382Z Fetching ast 2.4.2
2026-04-22T22:54:52.5209920Z Using bundler 2.2.3
2026-04-22T22:54:52.5220867Z Fetching byebug 11.1.3
2026-04-22T22:54:52.5450482Z Installing concurrent-ruby 1.2.2
2026-04-22T22:54:52.5604824Z Installing ast 2.4.2
2026-04-22T22:54:52.5625780Z Fetching diff-lcs 1.4.4
2026-04-22T22:54:52.5963505Z Fetching faraday-net_http 2.0.3
2026-04-22T22:54:52.6292581Z Installing byebug 11.1.3 with native extensions
2026-04-22T22:54:52.6609263Z Installing faraday-net_http 2.0.3
2026-04-22T22:54:52.6660729Z Installing diff-lcs 1.4.4
2026-04-22T22:54:52.6787331Z Using ruby2_keywords 0.0.5
2026-04-22T22:54:52.6800093Z Fetching json 2.7.1
2026-04-22T22:54:52.7422999Z Fetching language_server-protocol 3.17.0.3
2026-04-22T22:54:52.7732715Z Installing json 2.7.1 with native extensions
2026-04-22T22:54:52.8177106Z Installing language_server-protocol 3.17.0.3
2026-04-22T22:54:52.8476329Z Fetching lint_roller 1.1.0
2026-04-22T22:54:52.9248509Z Installing lint_roller 1.1.0
2026-04-22T22:54:52.9462975Z Fetching parallel 1.24.0
2026-04-22T22:54:53.0109078Z Installing parallel 1.24.0
2026-04-22T22:54:53.0264235Z Fetching racc 1.7.3
2026-04-22T22:54:53.0547913Z Fetching rainbow 3.1.1
2026-04-22T22:54:53.1076113Z Installing rainbow 3.1.1
2026-04-22T22:54:53.1139183Z Installing racc 1.7.3 with native extensions
2026-04-22T22:54:53.1187659Z Fetching regexp_parser 2.8.3
2026-04-22T22:54:53.1937600Z Installing regexp_parser 2.8.3
2026-04-22T22:54:53.2163875Z Fetching rexml 3.2.6
2026-04-22T22:54:53.2875469Z Installing rexml 3.2.6
2026-04-22T22:54:53.3889121Z Fetching rspec-support 3.10.1
2026-04-22T22:54:53.4531487Z Installing rspec-support 3.10.1
2026-04-22T22:54:53.4655322Z Fetching ruby-progressbar 1.13.0
2026-04-22T22:54:53.5219700Z Installing ruby-progressbar 1.13.0
2026-04-22T22:54:53.5316698Z Fetching unicode-display_width 2.5.0
2026-04-22T22:54:53.5934645Z Installing unicode-display_width 2.5.0
2026-04-22T22:54:53.6032785Z Fetching addressable 2.8.0
2026-04-22T22:54:53.6973007Z Installing addressable 2.8.0
2026-04-22T22:54:53.7192806Z Fetching faraday 2.3.0
2026-04-22T22:54:53.8163049Z Installing faraday 2.3.0
2026-04-22T22:54:53.8472850Z Fetching i18n 1.12.0
2026-04-22T22:54:53.9377040Z Installing i18n 1.12.0
2026-04-22T22:54:53.9612927Z Fetching tzinfo 2.0.6
2026-04-22T22:54:54.0499090Z Installing tzinfo 2.0.6
2026-04-22T22:54:54.0772956Z Fetching rspec-core 3.10.1
2026-04-22T22:54:54.1438962Z Fetching rspec-expectations 3.10.1
2026-04-22T22:54:54.2181811Z Installing rspec-core 3.10.1
2026-04-22T22:54:54.2406071Z Installing rspec-expectations 3.10.1
2026-04-22T22:54:54.2820266Z Fetching rspec-mocks 3.10.1
2026-04-22T22:54:54.3075043Z Fetching faraday-retry 2.0.0
2026-04-22T22:54:54.3682541Z Installing faraday-retry 2.0.0
2026-04-22T22:54:54.3812826Z Installing rspec-mocks 3.10.1
2026-04-22T22:54:54.3916117Z Fetching sawyer 0.9.2
2026-04-22T22:54:54.4527778Z Fetching activesupport 6.1.7.3
2026-04-22T22:54:54.5089235Z Installing sawyer 0.9.2
2026-04-22T22:54:54.5221130Z Fetching parser 3.2.2.4
2026-04-22T22:54:54.5959671Z Installing activesupport 6.1.7.3
2026-04-22T22:54:54.7278369Z Installing parser 3.2.2.4
2026-04-22T22:54:54.7657781Z Fetching rspec 3.10.0
2026-04-22T22:54:54.8486006Z Installing rspec 3.10.0
2026-04-22T22:54:54.8585644Z Fetching octokit 4.25.0
2026-04-22T22:54:54.9497330Z Installing octokit 4.25.0
2026-04-22T22:54:54.9522665Z Fetching rubocop-ast 1.30.0
2026-04-22T22:54:55.0231109Z Installing rubocop-ast 1.30.0
2026-04-22T22:54:56.0676627Z Fetching rubocop 1.57.2
2026-04-22T22:54:56.1904350Z Installing rubocop 1.57.2
2026-04-22T22:54:56.3631108Z Fetching standard-custom 1.0.2
2026-04-22T22:54:56.3632230Z Fetching rubocop-performance 1.19.1
2026-04-22T22:54:56.4368306Z Installing standard-custom 1.0.2
2026-04-22T22:54:56.4506712Z Installing rubocop-performance 1.19.1
2026-04-22T22:54:56.4652496Z Fetching standard-performance 1.2.1
2026-04-22T22:54:56.5215719Z Installing standard-performance 1.2.1
2026-04-22T22:54:56.5289503Z Fetching standard 1.32.1
2026-04-22T22:54:56.5893245Z Installing standard 1.32.1
2026-04-22T22:54:56.6104600Z Bundle complete! 6 Gemfile dependencies, 40 gems now installed.
2026-04-22T22:54:56.6105810Z Use `bundle info [gemname]` to see where a bundled gem is installed.
2026-04-22T22:54:56.6660323Z ##[group]Run ruby entrypoint.rb
2026-04-22T22:54:56.6660591Z [36;1mruby entrypoint.rb[0m
2026-04-22T22:54:56.6681495Z shell: /usr/bin/bash --noprofile --norc -e -o pipefail {0}
2026-04-22T22:54:56.6681806Z env:
2026-04-22T22:54:56.6683000Z   WAIT_INTERVAL: 30
2026-04-22T22:54:56.6683236Z   ALLOWED_CONCLUSIONS: success,skipped
2026-04-22T22:54:56.6683477Z   IGNORE_CHECKS: 
2026-04-22T22:54:56.6683648Z   CHECK_NAME: 
2026-04-22T22:54:56.6683808Z   CHECK_REGEXP: 
2026-04-22T22:54:56.6684013Z   REF: db6bd539bcae10e65e334e640c94af4ac2a23498
2026-04-22T22:54:56.6684476Z   REPO_TOKEN: ***
2026-04-22T22:54:56.6684659Z   VERBOSE: true
2026-04-22T22:54:56.6684846Z   RUNNING_WORKFLOW_NAME: Auto-merge
2026-04-22T22:54:56.6685073Z   API_ENDPOINT: 
2026-04-22T22:54:56.6685248Z ##[endgroup]
2026-04-22T22:57:29.6737169Z Checks running on ref:
2026-04-22T22:57:29.6737668Z Checks completed: capture-failure-log, connected-tests
2026-04-22T22:57:29.6738232Z Checks in_progress: Auto-merge, autofix
2026-04-22T22:57:29.6738530Z Checks after ignore checks filter:
2026-04-22T22:57:29.6738998Z Checks completed: capture-failure-log, connected-tests
2026-04-22T22:57:29.6739558Z Checks in_progress: autofix
2026-04-22T22:57:29.6739949Z Checks after check_name filter:
2026-04-22T22:57:29.6740439Z Checks completed: capture-failure-log, connected-tests
2026-04-22T22:57:29.6740975Z Checks in_progress: autofix
2026-04-22T22:57:29.6741347Z Checks after Regexp filter:
2026-04-22T22:57:29.6741802Z Checks completed: capture-failure-log, connected-tests
2026-04-22T22:57:29.6742567Z Checks in_progress: autofix
2026-04-22T22:57:29.6743111Z The requested checks aren't complete yet, will check back in 30 seconds...
2026-04-22T22:57:29.6743729Z Checks running on ref:
2026-04-22T22:57:29.6744150Z Checks completed: capture-failure-log, connected-tests
2026-04-22T22:57:29.6744675Z Checks in_progress: Auto-merge, autofix
2026-04-22T22:57:29.6745107Z Checks after ignore checks filter:
2026-04-22T22:57:29.6745483Z Checks completed: capture-failure-log, connected-tests
2026-04-22T22:57:29.6745811Z Checks in_progress: autofix
2026-04-22T22:57:29.6746139Z Checks after check_name filter:
2026-04-22T22:57:29.6746441Z Checks completed: capture-failure-log, connected-tests
2026-04-22T22:57:29.6746765Z Checks in_progress: autofix
2026-04-22T22:57:29.6746987Z Checks after Regexp filter:
2026-04-22T22:57:29.6747268Z Checks completed: capture-failure-log, connected-tests
2026-04-22T22:57:29.6747582Z Checks in_progress: autofix
2026-04-22T22:57:29.6747930Z The requested checks aren't complete yet, will check back in 30 seconds...
2026-04-22T22:57:29.6748318Z Checks running on ref:
2026-04-22T22:57:29.6748587Z Checks completed: capture-failure-log, connected-tests
2026-04-22T22:57:29.6748916Z Checks in_progress: Auto-merge, autofix
2026-04-22T22:57:29.6749192Z Checks after ignore checks filter:
2026-04-22T22:57:29.6749502Z Checks completed: capture-failure-log, connected-tests
2026-04-22T22:57:29.6749821Z Checks in_progress: autofix
2026-04-22T22:57:29.6750053Z Checks after check_name filter:
2026-04-22T22:57:29.6750357Z Checks completed: capture-failure-log, connected-tests
2026-04-22T22:57:29.6750765Z Checks in_progress: autofix
2026-04-22T22:57:29.6750986Z Checks after Regexp filter:
2026-04-22T22:57:29.6751267Z Checks completed: capture-failure-log, connected-tests
2026-04-22T22:57:29.6751588Z Checks in_progress: autofix
2026-04-22T22:57:29.6751930Z The requested checks aren't complete yet, will check back in 30 seconds...
2026-04-22T22:57:29.6752539Z Checks running on ref:
2026-04-22T22:57:29.6752801Z Checks completed: capture-failure-log, connected-tests
2026-04-22T22:57:29.6753136Z Checks in_progress: Auto-merge, autofix
2026-04-22T22:57:29.6753404Z Checks after ignore checks filter:
2026-04-22T22:57:29.6753714Z Checks completed: capture-failure-log, connected-tests
2026-04-22T22:57:29.6754028Z Checks in_progress: autofix
2026-04-22T22:57:29.6754257Z Checks after check_name filter:
2026-04-22T22:57:29.6754885Z Checks completed: capture-failure-log, connected-tests
2026-04-22T22:57:29.6755324Z Checks in_progress: autofix
2026-04-22T22:57:29.6755560Z Checks after Regexp filter:
2026-04-22T22:57:29.6755847Z Checks completed: capture-failure-log, connected-tests
2026-04-22T22:57:29.6756167Z Checks in_progress: autofix
2026-04-22T22:57:29.6756507Z The requested checks aren't complete yet, will check back in 30 seconds...
2026-04-22T22:57:29.6756897Z Checks running on ref:
2026-04-22T22:57:29.6757120Z Checks in_progress: lint-and-test, Auto-merge
2026-04-22T22:57:29.6757466Z Checks completed: capture-failure-log, connected-tests, autofix
2026-04-22T22:57:29.6757858Z Checks after ignore checks filter:
2026-04-22T22:57:29.6758171Z Checks in_progress: lint-and-test
2026-04-22T22:57:29.6758529Z Checks completed: capture-failure-log, connected-tests, autofix
2026-04-22T22:57:29.6758938Z Checks after check_name filter:
2026-04-22T22:57:29.6759206Z Checks in_progress: lint-and-test
2026-04-22T22:57:29.6759565Z Checks completed: capture-failure-log, connected-tests, autofix
2026-04-22T22:57:29.6759990Z Checks after Regexp filter:
2026-04-22T22:57:29.6760228Z Checks in_progress: lint-and-test
2026-04-22T22:57:29.6760592Z Checks completed: capture-failure-log, connected-tests, autofix
2026-04-22T22:57:29.6761108Z The requested checks aren't complete yet, will check back in 30 seconds...
2026-04-22T22:57:29.6761515Z Checks running on ref:
2026-04-22T22:57:29.6762309Z Checks completed: firebase-distribute, capture-failure-log, lint-and-test, capture-failure-log, connected-tests, autofix
2026-04-22T22:57:29.6762985Z Checks in_progress: Auto-merge
2026-04-22T22:57:29.6763259Z Checks after ignore checks filter:
2026-04-22T22:57:29.6763899Z Checks completed: firebase-distribute, capture-failure-log, lint-and-test, capture-failure-log, connected-tests, autofix
2026-04-22T22:57:29.6764555Z Checks after check_name filter:
2026-04-22T22:57:29.6765128Z Checks completed: firebase-distribute, capture-failure-log, lint-and-test, capture-failure-log, connected-tests, autofix
2026-04-22T22:57:29.6765732Z Checks after Regexp filter:
2026-04-22T22:57:29.6766212Z Checks completed: firebase-distribute, capture-failure-log, lint-and-test, capture-failure-log, connected-tests, autofix
2026-04-22T22:57:29.6766714Z Checks completed:
2026-04-22T22:57:29.6766910Z firebase-distribute: completed (skipped)
2026-04-22T22:57:29.6767174Z capture-failure-log: completed (success)
2026-04-22T22:57:29.6767419Z lint-and-test: completed (failure)
2026-04-22T22:57:29.6767656Z capture-failure-log: completed (skipped)
2026-04-22T22:57:29.6767907Z connected-tests: completed (skipped)
2026-04-22T22:57:29.6768145Z autofix: completed (failure)
2026-04-22T22:57:29.6768870Z The conclusion of one or more checks were not allowed. Allowed conclusions are: success, skipped. This can be configured with the 'allowed-conclusions' param.
2026-04-22T22:57:29.6818495Z ##[error]Process completed with exit code 1.
2026-04-22T22:57:29.6931729Z Post job cleanup.
2026-04-22T22:57:29.6986922Z Cleaning up orphan processes
2026-04-22T22:57:29.7353632Z ##[warning]Node.js 20 actions are deprecated. The following actions are running on Node.js 20 and may not work as expected: actions/cache@v4. Actions will be forced to run with Node.js 24 by default starting June 2nd, 2026. Node.js 20 will be removed from the runner on September 16th, 2026. Please check if updated versions of these actions are available that support Node.js 24. To opt into Node.js 24 now, set the FORCE_JAVASCRIPT_ACTIONS_TO_NODE24=true environment variable on the runner or in your workflow file. Once Node.js 24 becomes the default, you can temporarily opt out by setting ACTIONS_ALLOW_USE_UNSECURE_NODE_VERSION=true. For more information see: https://github.blog/changelog/2025-09-19-deprecation-of-node-20-on-github-actions-runners/
