=== CI FAILURE ===
Workflow:      Auto-merge & Release
Workflow file: akarlin3/prismTask/.github/workflows/auto-merge.yml@refs/heads/main
Job(s):        Auto-merge
Run ID:        24808727817
Run attempt:   1
Run URL:       https://github.com/akarlin3/prismTask/actions/runs/24808727817
Commit:        23def10b7accc856d0eb2a926b055ef4328603da
Branch:        main
Event:         pull_request
Actor:         akarlin3
Runner OS:     Linux
Timestamp:     2026-04-22T23:54:12.942Z

Failed steps:
  - Auto-merge: #3 Wait for all other CI checks to pass

=== FAILED JOB LOG ===

--- Job: Auto-merge (id 72608743216) ---
2026-04-22T23:52:30.6348545Z Current runner version: '2.333.1'
2026-04-22T23:52:30.6380908Z ##[group]Runner Image Provisioner
2026-04-22T23:52:30.6382775Z Hosted Compute Agent
2026-04-22T23:52:30.6383785Z Version: 20260415.520
2026-04-22T23:52:30.6384718Z Commit: af089020f5f67b61ccc91db6c07980876c02bf7b
2026-04-22T23:52:30.6385874Z Build Date: 2026-04-15T18:07:08Z
2026-04-22T23:52:30.6386850Z Worker ID: {a665ae46-5ac5-4da5-8365-0092e2219053}
2026-04-22T23:52:30.6388079Z Azure Region: eastus
2026-04-22T23:52:30.6388860Z ##[endgroup]
2026-04-22T23:52:30.6391322Z ##[group]Operating System
2026-04-22T23:52:30.6392495Z Ubuntu
2026-04-22T23:52:30.6393197Z 24.04.4
2026-04-22T23:52:30.6394039Z LTS
2026-04-22T23:52:30.6394770Z ##[endgroup]
2026-04-22T23:52:30.6395615Z ##[group]Runner Image
2026-04-22T23:52:30.6396453Z Image: ubuntu-24.04
2026-04-22T23:52:30.6397308Z Version: 20260420.95.1
2026-04-22T23:52:30.6399257Z Included Software: https://github.com/actions/runner-images/blob/ubuntu24/20260420.95/images/ubuntu/Ubuntu2404-Readme.md
2026-04-22T23:52:30.6401700Z Image Release: https://github.com/actions/runner-images/releases/tag/ubuntu24%2F20260420.95
2026-04-22T23:52:30.6403550Z ##[endgroup]
2026-04-22T23:52:30.6405767Z ##[group]GITHUB_TOKEN Permissions
2026-04-22T23:52:30.6408372Z Actions: read
2026-04-22T23:52:30.6409195Z Checks: read
2026-04-22T23:52:30.6409965Z Contents: write
2026-04-22T23:52:30.6410824Z Metadata: read
2026-04-22T23:52:30.6411663Z PullRequests: write
2026-04-22T23:52:30.6412896Z ##[endgroup]
2026-04-22T23:52:30.6415755Z Secret source: Actions
2026-04-22T23:52:30.6416831Z Prepare workflow directory
2026-04-22T23:52:30.6967304Z Prepare all required actions
2026-04-22T23:52:30.7023835Z Getting action download info
2026-04-22T23:52:30.9638475Z Download action repository 'lewagon/wait-on-check-action@ccfb013c15c8afb7bf2b7c028fb74dc5a068cccc' (SHA:ccfb013c15c8afb7bf2b7c028fb74dc5a068cccc)
2026-04-22T23:52:31.3138681Z Getting action download info
2026-04-22T23:52:31.4651749Z Download action repository 'ruby/setup-ruby@v1' (SHA:0cb964fd540e0a24c900370abf38a33466142735)
2026-04-22T23:52:31.6538325Z Download action repository 'actions/cache@v4' (SHA:0057852bfaa89a56745cba8c7296529d2fc39830)
2026-04-22T23:52:31.8055311Z Complete job name: Auto-merge
2026-04-22T23:52:31.8728484Z ##[group]Run set -euo pipefail
2026-04-22T23:52:31.8729626Z [36;1mset -euo pipefail[0m
2026-04-22T23:52:31.8731002Z [36;1m# Give GitHub a short grace period to schedule workflow runs for[0m
2026-04-22T23:52:31.8733104Z [36;1m# the head commit. Paths-filtered workflows (android/backend/web CI)[0m
2026-04-22T23:52:31.8734899Z [36;1m# won't run for doc-only or cross-cutting config PRs, so the[0m
2026-04-22T23:52:31.8736683Z [36;1m# wait-on-check-action step below would otherwise hang waiting for[0m
2026-04-22T23:52:31.8738239Z [36;1m# checks that will never appear.[0m
2026-04-22T23:52:31.8739296Z [36;1msleep 20[0m
2026-04-22T23:52:31.8740414Z [36;1mCOUNT=$(gh api "repos/$REPO/commits/$HEAD_SHA/check-runs" \[0m
2026-04-22T23:52:31.8742223Z [36;1m  --jq '[.check_runs[] | select(.name != "Auto-merge")] | length')[0m
2026-04-22T23:52:31.8743852Z [36;1mecho "Non-Auto-merge check runs on head: $COUNT"[0m
2026-04-22T23:52:31.8745165Z [36;1mif [ "$COUNT" -gt 0 ]; then[0m
2026-04-22T23:52:31.8746272Z [36;1m  echo "has_ci=true" >> "$GITHUB_OUTPUT"[0m
2026-04-22T23:52:31.8747404Z [36;1melse[0m
2026-04-22T23:52:31.8748288Z [36;1m  echo "has_ci=false" >> "$GITHUB_OUTPUT"[0m
2026-04-22T23:52:31.8749739Z [36;1m  echo "No CI checks on this PR — will merge without waiting."[0m
2026-04-22T23:52:31.8751079Z [36;1mfi[0m
2026-04-22T23:52:31.8866283Z shell: /usr/bin/bash -e {0}
2026-04-22T23:52:31.8867519Z env:
2026-04-22T23:52:31.8868269Z   WAIT_INTERVAL: 30
2026-04-22T23:52:31.8869539Z   GH_TOKEN: ***
2026-04-22T23:52:31.8870470Z   HEAD_SHA: c48d00a7d5e5fe1b7eb439727fc177447d54055a
2026-04-22T23:52:31.8871666Z   REPO: akarlin3/prismTask
2026-04-22T23:52:31.8872796Z ##[endgroup]
2026-04-22T23:52:52.2544717Z Non-Auto-merge check runs on head: 1
2026-04-22T23:52:52.2775467Z ##[group]Run lewagon/wait-on-check-action@ccfb013c15c8afb7bf2b7c028fb74dc5a068cccc
2026-04-22T23:52:52.2775998Z with:
2026-04-22T23:52:52.2776248Z   ref: c48d00a7d5e5fe1b7eb439727fc177447d54055a
2026-04-22T23:52:52.2776580Z   running-workflow-name: Auto-merge
2026-04-22T23:52:52.2777225Z   repo-token: ***
2026-04-22T23:52:52.2777465Z   wait-interval: 30
2026-04-22T23:52:52.2777722Z   allowed-conclusions: success,skipped
2026-04-22T23:52:52.2778010Z   verbose: true
2026-04-22T23:52:52.2778221Z env:
2026-04-22T23:52:52.2778417Z   WAIT_INTERVAL: 30
2026-04-22T23:52:52.2778642Z ##[endgroup]
2026-04-22T23:52:52.2916667Z ##[group]Run ruby/setup-ruby@v1
2026-04-22T23:52:52.2916973Z with:
2026-04-22T23:52:52.2917190Z   ruby-version: 3.2
2026-04-22T23:52:52.2917458Z   bundler-cache: false
2026-04-22T23:52:52.2917954Z   token: ***
2026-04-22T23:52:52.2918158Z env:
2026-04-22T23:52:52.2918358Z   WAIT_INTERVAL: 30
2026-04-22T23:52:52.2918575Z ##[endgroup]
2026-04-22T23:52:52.4277913Z ##[group]Modifying PATH
2026-04-22T23:52:52.4278631Z Entries added to PATH to use selected Ruby:
2026-04-22T23:52:52.4283444Z   /opt/hostedtoolcache/Ruby/3.2.11/x64/bin
2026-04-22T23:52:52.4285086Z ##[endgroup]
2026-04-22T23:52:52.4286339Z ##[group]Print Ruby version
2026-04-22T23:52:52.4457281Z [command]/opt/hostedtoolcache/Ruby/3.2.11/x64/bin/ruby --version
2026-04-22T23:52:52.7955579Z ruby 3.2.11 (2026-03-27 revision 5483bfc1ae) [x86_64-linux]
2026-04-22T23:52:52.8009913Z Took   0.37 seconds
2026-04-22T23:52:52.8010662Z ##[endgroup]
2026-04-22T23:52:52.8013512Z ##[group]Installing Bundler
2026-04-22T23:52:52.8016266Z Using Bundler shipped with ruby-3.2.11
2026-04-22T23:52:52.8017245Z Took   0.00 seconds
2026-04-22T23:52:52.8018095Z ##[endgroup]
2026-04-22T23:52:52.8696518Z ##[group]Run actions/cache@v4
2026-04-22T23:52:52.8696779Z with:
2026-04-22T23:52:52.8697194Z   path: /home/runner/work/_actions/lewagon/wait-on-check-action/ccfb013c15c8afb7bf2b7c028fb74dc5a068cccc
2026-04-22T23:52:52.8697674Z   key: Linux-gems-
2026-04-22T23:52:52.8697879Z   restore-keys: Linux-gems-
2026-04-22T23:52:52.8698096Z   enableCrossOsArchive: false
2026-04-22T23:52:52.8698313Z   fail-on-cache-miss: false
2026-04-22T23:52:52.8698513Z   lookup-only: false
2026-04-22T23:52:52.8698692Z   save-always: false
2026-04-22T23:52:52.8698866Z env:
2026-04-22T23:52:52.8699017Z   WAIT_INTERVAL: 30
2026-04-22T23:52:52.8699191Z ##[endgroup]
2026-04-22T23:52:53.0667135Z Cache not found for input keys: Linux-gems-, Linux-gems-
2026-04-22T23:52:53.0750928Z ##[group]Run bundle install --jobs 4 --retry 3
2026-04-22T23:52:53.0751294Z [36;1mbundle install --jobs 4 --retry 3[0m
2026-04-22T23:52:53.0810161Z shell: /usr/bin/bash --noprofile --norc -e -o pipefail {0}
2026-04-22T23:52:53.0810496Z env:
2026-04-22T23:52:53.0810661Z   WAIT_INTERVAL: 30
2026-04-22T23:52:53.0810845Z ##[endgroup]
2026-04-22T23:52:54.2483177Z Bundler 2.4.19 is running, but your lockfile was generated with 2.2.3. Installing Bundler 2.2.3 and restarting using that version.
2026-04-22T23:52:55.7887743Z Fetching gem metadata from https://rubygems.org/.
2026-04-22T23:52:55.7963804Z Fetching bundler 2.2.3
2026-04-22T23:52:55.9227151Z Installing bundler 2.2.3
2026-04-22T23:52:56.1297144Z Calling `DidYouMean::SPELL_CHECKERS.merge!(error_name => spell_checker)' has been deprecated. Please call `DidYouMean.correct_error(error_name, spell_checker)' instead.
2026-04-22T23:52:57.3969440Z Fetching gem metadata from https://rubygems.org/.........
2026-04-22T23:52:57.4065505Z Fetching minitest 5.18.0
2026-04-22T23:52:57.4352072Z Fetching public_suffix 4.0.7
2026-04-22T23:52:57.4356917Z Fetching concurrent-ruby 1.2.2
2026-04-22T23:52:57.4358092Z Fetching zeitwerk 2.6.7
2026-04-22T23:52:57.5347431Z Installing zeitwerk 2.6.7
2026-04-22T23:52:57.5500081Z Installing minitest 5.18.0
2026-04-22T23:52:57.5552955Z Installing public_suffix 4.0.7
2026-04-22T23:52:57.5773727Z Installing concurrent-ruby 1.2.2
2026-04-22T23:52:57.6007553Z Fetching ast 2.4.2
2026-04-22T23:52:57.6340663Z Using bundler 2.2.3
2026-04-22T23:52:57.6355775Z Fetching byebug 11.1.3
2026-04-22T23:52:57.6643921Z Installing ast 2.4.2
2026-04-22T23:52:57.6792389Z Fetching diff-lcs 1.4.4
2026-04-22T23:52:57.7081034Z Fetching faraday-net_http 2.0.3
2026-04-22T23:52:57.7345189Z Installing byebug 11.1.3 with native extensions
2026-04-22T23:52:57.7604243Z Installing faraday-net_http 2.0.3
2026-04-22T23:52:57.7672890Z Installing diff-lcs 1.4.4
2026-04-22T23:52:57.7684691Z Using ruby2_keywords 0.0.5
2026-04-22T23:52:57.7691292Z Fetching json 2.7.1
2026-04-22T23:52:57.8183214Z Installing json 2.7.1 with native extensions
2026-04-22T23:52:57.8717469Z Fetching language_server-protocol 3.17.0.3
2026-04-22T23:52:57.9273216Z Installing language_server-protocol 3.17.0.3
2026-04-22T23:52:57.9699524Z Fetching lint_roller 1.1.0
2026-04-22T23:52:58.0278773Z Installing lint_roller 1.1.0
2026-04-22T23:52:58.0492880Z Fetching parallel 1.24.0
2026-04-22T23:52:58.0945973Z Installing parallel 1.24.0
2026-04-22T23:52:58.1045639Z Fetching racc 1.7.3
2026-04-22T23:52:58.1564636Z Installing racc 1.7.3 with native extensions
2026-04-22T23:52:58.1957151Z Fetching rainbow 3.1.1
2026-04-22T23:52:58.2387509Z Installing rainbow 3.1.1
2026-04-22T23:52:58.2468530Z Fetching regexp_parser 2.8.3
2026-04-22T23:52:58.3074943Z Installing regexp_parser 2.8.3
2026-04-22T23:52:58.3331284Z Fetching rexml 3.2.6
2026-04-22T23:52:58.3758046Z Installing rexml 3.2.6
2026-04-22T23:52:58.4771741Z Fetching rspec-support 3.10.1
2026-04-22T23:52:58.5162333Z Installing rspec-support 3.10.1
2026-04-22T23:52:58.5307315Z Fetching ruby-progressbar 1.13.0
2026-04-22T23:52:58.5679473Z Installing ruby-progressbar 1.13.0
2026-04-22T23:52:58.5788442Z Fetching unicode-display_width 2.5.0
2026-04-22T23:52:58.6214351Z Installing unicode-display_width 2.5.0
2026-04-22T23:52:58.6272970Z Fetching addressable 2.8.0
2026-04-22T23:52:58.6693086Z Installing addressable 2.8.0
2026-04-22T23:52:58.6838791Z Fetching faraday 2.3.0
2026-04-22T23:52:58.7276277Z Installing faraday 2.3.0
2026-04-22T23:52:58.7548497Z Fetching i18n 1.12.0
2026-04-22T23:52:58.8105121Z Installing i18n 1.12.0
2026-04-22T23:52:58.8296909Z Fetching tzinfo 2.0.6
2026-04-22T23:52:59.1062987Z Installing tzinfo 2.0.6
2026-04-22T23:52:59.1322890Z Fetching rspec-core 3.10.1
2026-04-22T23:52:59.2065105Z Installing rspec-core 3.10.1
2026-04-22T23:52:59.2336285Z Fetching rspec-expectations 3.10.1
2026-04-22T23:52:59.2738435Z Installing rspec-expectations 3.10.1
2026-04-22T23:52:59.2910589Z Fetching rspec-mocks 3.10.1
2026-04-22T23:52:59.3353007Z Installing rspec-mocks 3.10.1
2026-04-22T23:52:59.3592792Z Fetching faraday-retry 2.0.0
2026-04-22T23:52:59.4034348Z Installing faraday-retry 2.0.0
2026-04-22T23:52:59.4101092Z Fetching sawyer 0.9.2
2026-04-22T23:52:59.4339088Z Fetching activesupport 6.1.7.3
2026-04-22T23:52:59.4682482Z Installing sawyer 0.9.2
2026-04-22T23:52:59.4839294Z Fetching rspec 3.10.0
2026-04-22T23:52:59.5092966Z Installing activesupport 6.1.7.3
2026-04-22T23:52:59.5284605Z Installing rspec 3.10.0
2026-04-22T23:52:59.5427307Z Fetching parser 3.2.2.4
2026-04-22T23:52:59.6801260Z Installing parser 3.2.2.4
2026-04-22T23:52:59.7433337Z Fetching octokit 4.25.0
2026-04-22T23:52:59.8131127Z Installing octokit 4.25.0
2026-04-22T23:52:59.8993079Z Fetching rubocop-ast 1.30.0
2026-04-22T23:52:59.9607052Z Installing rubocop-ast 1.30.0
2026-04-22T23:53:01.2471712Z Fetching rubocop 1.57.2
2026-04-22T23:53:01.3087044Z Installing rubocop 1.57.2
2026-04-22T23:53:01.4903350Z Fetching rubocop-performance 1.19.1
2026-04-22T23:53:01.4903822Z Fetching standard-custom 1.0.2
2026-04-22T23:53:01.5467045Z Installing rubocop-performance 1.19.1
2026-04-22T23:53:01.5544216Z Installing standard-custom 1.0.2
2026-04-22T23:53:01.5719368Z Fetching standard-performance 1.2.1
2026-04-22T23:53:01.6055820Z Installing standard-performance 1.2.1
2026-04-22T23:53:01.6124092Z Fetching standard 1.32.1
2026-04-22T23:53:01.6461213Z Installing standard 1.32.1
2026-04-22T23:53:01.6667611Z Bundle complete! 6 Gemfile dependencies, 40 gems now installed.
2026-04-22T23:53:01.6668833Z Use `bundle info [gemname]` to see where a bundled gem is installed.
2026-04-22T23:53:01.7197665Z ##[group]Run ruby entrypoint.rb
2026-04-22T23:53:01.7197939Z [36;1mruby entrypoint.rb[0m
2026-04-22T23:53:01.7252658Z shell: /usr/bin/bash --noprofile --norc -e -o pipefail {0}
2026-04-22T23:53:01.7253001Z env:
2026-04-22T23:53:01.7253163Z   WAIT_INTERVAL: 30
2026-04-22T23:53:01.7253375Z   ALLOWED_CONCLUSIONS: success,skipped
2026-04-22T23:53:01.7253624Z   IGNORE_CHECKS: 
2026-04-22T23:53:01.7253804Z   CHECK_NAME: 
2026-04-22T23:53:01.7253970Z   CHECK_REGEXP: 
2026-04-22T23:53:01.7254191Z   REF: c48d00a7d5e5fe1b7eb439727fc177447d54055a
2026-04-22T23:53:01.7254685Z   REPO_TOKEN: ***
2026-04-22T23:53:01.7254876Z   VERBOSE: true
2026-04-22T23:53:01.7255072Z   RUNNING_WORKFLOW_NAME: Auto-merge
2026-04-22T23:53:01.7255311Z   API_ENDPOINT: 
2026-04-22T23:53:01.7255494Z ##[endgroup]
2026-04-22T23:54:02.9536776Z Checks running on ref:
2026-04-22T23:54:02.9537221Z Checks in_progress: lint-and-test, Auto-merge
2026-04-22T23:54:02.9543536Z Checks completed: autofix
2026-04-22T23:54:02.9544023Z Checks after ignore checks filter:
2026-04-22T23:54:02.9544459Z Checks in_progress: lint-and-test
2026-04-22T23:54:02.9544897Z Checks completed: autofix
2026-04-22T23:54:02.9545295Z Checks after check_name filter:
2026-04-22T23:54:02.9545698Z Checks in_progress: lint-and-test
2026-04-22T23:54:02.9546086Z Checks completed: autofix
2026-04-22T23:54:02.9546414Z Checks after Regexp filter:
2026-04-22T23:54:02.9546739Z Checks in_progress: lint-and-test
2026-04-22T23:54:02.9547167Z Checks completed: autofix
2026-04-22T23:54:02.9547668Z The requested checks aren't complete yet, will check back in 30 seconds...
2026-04-22T23:54:02.9548301Z Checks running on ref:
2026-04-22T23:54:02.9548665Z Checks in_progress: lint-and-test, Auto-merge
2026-04-22T23:54:02.9549135Z Checks completed: autofix
2026-04-22T23:54:02.9549619Z Checks after ignore checks filter:
2026-04-22T23:54:02.9549979Z Checks in_progress: lint-and-test
2026-04-22T23:54:02.9550334Z Checks completed: autofix
2026-04-22T23:54:02.9550662Z Checks after check_name filter:
2026-04-22T23:54:02.9551016Z Checks in_progress: lint-and-test
2026-04-22T23:54:02.9551370Z Checks completed: autofix
2026-04-22T23:54:02.9551687Z Checks after Regexp filter:
2026-04-22T23:54:02.9552264Z Checks in_progress: lint-and-test
2026-04-22T23:54:02.9552617Z Checks completed: autofix
2026-04-22T23:54:02.9553118Z The requested checks aren't complete yet, will check back in 30 seconds...
2026-04-22T23:54:02.9553681Z Checks running on ref:
2026-04-22T23:54:02.9554265Z Checks completed: firebase-distribute, capture-failure-log, lint-and-test, autofix
2026-04-22T23:54:02.9554938Z Checks in_progress: Auto-merge
2026-04-22T23:54:02.9555303Z Checks after ignore checks filter:
2026-04-22T23:54:02.9555944Z Checks completed: firebase-distribute, capture-failure-log, lint-and-test, autofix
2026-04-22T23:54:02.9556668Z Checks after check_name filter:
2026-04-22T23:54:02.9557338Z Checks completed: firebase-distribute, capture-failure-log, lint-and-test, autofix
2026-04-22T23:54:02.9558151Z Checks after Regexp filter:
2026-04-22T23:54:02.9558854Z Checks completed: firebase-distribute, capture-failure-log, lint-and-test, autofix
2026-04-22T23:54:02.9559524Z Checks completed:
2026-04-22T23:54:02.9559879Z firebase-distribute: completed (skipped)
2026-04-22T23:54:02.9560343Z capture-failure-log: completed (success)
2026-04-22T23:54:02.9560787Z lint-and-test: completed (failure)
2026-04-22T23:54:02.9561241Z autofix: completed (failure)
2026-04-22T23:54:02.9562811Z The conclusion of one or more checks were not allowed. Allowed conclusions are: success, skipped. This can be configured with the 'allowed-conclusions' param.
2026-04-22T23:54:02.9622772Z ##[error]Process completed with exit code 1.
2026-04-22T23:54:02.9737608Z Post job cleanup.
2026-04-22T23:54:02.9792630Z Cleaning up orphan processes
2026-04-22T23:54:03.0059575Z ##[warning]Node.js 20 actions are deprecated. The following actions are running on Node.js 20 and may not work as expected: actions/cache@v4. Actions will be forced to run with Node.js 24 by default starting June 2nd, 2026. Node.js 20 will be removed from the runner on September 16th, 2026. Please check if updated versions of these actions are available that support Node.js 24. To opt into Node.js 24 now, set the FORCE_JAVASCRIPT_ACTIONS_TO_NODE24=true environment variable on the runner or in your workflow file. Once Node.js 24 becomes the default, you can temporarily opt out by setting ACTIONS_ALLOW_USE_UNSECURE_NODE_VERSION=true. For more information see: https://github.blog/changelog/2025-09-19-deprecation-of-node-20-on-github-actions-runners/
