=== CI FAILURE ===
Workflow:      Auto-merge & Release
Workflow file: averycorp/prismTask/.github/workflows/auto-merge.yml@refs/pull/928/merge
Job(s):        Auto-merge
Run ID:        25085610760
Run attempt:   1
Run URL:       https://github.com/averycorp/prismTask/actions/runs/25085610760
Commit:        b6dca93406ff8f0f139afc91685a55b5105055b8
Branch:        928/merge
Event:         pull_request
Actor:         akarlin3
Runner OS:     Linux
Timestamp:     2026-04-29T01:13:35.151Z

Failed steps:
  - Auto-merge: #4 Wait for all other CI checks to pass

=== FAILED JOB LOG ===

--- Job: Auto-merge (id 73500378691) ---
2026-04-29T00:59:08.0651056Z Current runner version: '2.334.0'
2026-04-29T00:59:08.0674243Z ##[group]Runner Image Provisioner
2026-04-29T00:59:08.0675012Z Hosted Compute Agent
2026-04-29T00:59:08.0675482Z Version: 20260213.493
2026-04-29T00:59:08.0676058Z Commit: 5c115507f6dd24b8de37d8bbe0bb4509d0cc0fa3
2026-04-29T00:59:08.0676720Z Build Date: 2026-02-13T00:28:41Z
2026-04-29T00:59:08.0677284Z Worker ID: {c58a7229-6de7-4e04-8eac-b21ff6175de0}
2026-04-29T00:59:08.0677905Z Azure Region: westus3
2026-04-29T00:59:08.0678383Z ##[endgroup]
2026-04-29T00:59:08.0679581Z ##[group]Operating System
2026-04-29T00:59:08.0680113Z Ubuntu
2026-04-29T00:59:08.0680530Z 24.04.4
2026-04-29T00:59:08.0680941Z LTS
2026-04-29T00:59:08.0681303Z ##[endgroup]
2026-04-29T00:59:08.0681787Z ##[group]Runner Image
2026-04-29T00:59:08.0682292Z Image: ubuntu-24.04
2026-04-29T00:59:08.0682692Z Version: 20260413.86.1
2026-04-29T00:59:08.0683954Z Included Software: https://github.com/actions/runner-images/blob/ubuntu24/20260413.86/images/ubuntu/Ubuntu2404-Readme.md
2026-04-29T00:59:08.0685213Z Image Release: https://github.com/actions/runner-images/releases/tag/ubuntu24%2F20260413.86
2026-04-29T00:59:08.0686009Z ##[endgroup]
2026-04-29T00:59:08.0687142Z ##[group]GITHUB_TOKEN Permissions
2026-04-29T00:59:08.0689033Z Actions: read
2026-04-29T00:59:08.0689456Z Checks: read
2026-04-29T00:59:08.0689890Z Contents: write
2026-04-29T00:59:08.0690394Z Metadata: read
2026-04-29T00:59:08.0690812Z PullRequests: write
2026-04-29T00:59:08.0691267Z ##[endgroup]
2026-04-29T00:59:08.0693372Z Secret source: Actions
2026-04-29T00:59:08.0693982Z Prepare workflow directory
2026-04-29T00:59:08.1057583Z Prepare all required actions
2026-04-29T00:59:08.1096199Z Getting action download info
2026-04-29T00:59:08.5676819Z Download action repository 'lewagon/wait-on-check-action@ccfb013c15c8afb7bf2b7c028fb74dc5a068cccc' (SHA:ccfb013c15c8afb7bf2b7c028fb74dc5a068cccc)
2026-04-29T00:59:09.3402724Z Getting action download info
2026-04-29T00:59:09.5476482Z Download action repository 'ruby/setup-ruby@v1' (SHA:c4e5b1316158f92e3d49443a9d58b31d25ac0f8f)
2026-04-29T00:59:10.4467718Z Download action repository 'actions/cache@v4' (SHA:0057852bfaa89a56745cba8c7296529d2fc39830)
2026-04-29T00:59:10.6714553Z Complete job name: Auto-merge
2026-04-29T00:59:10.7476178Z ##[group]Run set -euo pipefail
2026-04-29T00:59:10.7477333Z [36;1mset -euo pipefail[0m
2026-04-29T00:59:10.7478572Z [36;1m# Audit item #5 — poll check-runs for up to 60s instead of a bare[0m
2026-04-29T00:59:10.7480206Z [36;1m# 20s sleep. On a busy runner cohort the initial 20s wasn't enough[0m
2026-04-29T00:59:10.7481788Z [36;1m# for the API to reflect queued workflow runs, which could merge[0m
2026-04-29T00:59:10.7483657Z [36;1m# PRs without waiting for CI. Bail out early as soon as ≥1 real[0m
2026-04-29T00:59:10.7484952Z [36;1m# check shows up.[0m
2026-04-29T00:59:10.7485784Z [36;1mCOUNT=0[0m
2026-04-29T00:59:10.7486525Z [36;1mfor i in $(seq 1 6); do[0m
2026-04-29T00:59:10.7487406Z [36;1m  sleep 10[0m
2026-04-29T00:59:10.7488462Z [36;1m  COUNT=$(gh api "repos/$REPO/commits/$HEAD_SHA/check-runs" \[0m
2026-04-29T00:59:10.7490041Z [36;1m    --jq '[.check_runs[] | select(.name != "Auto-merge")] | length')[0m
2026-04-29T00:59:10.7491378Z [36;1m  if [ "$COUNT" -gt 0 ]; then[0m
2026-04-29T00:59:10.7492558Z [36;1m    echo "Found $COUNT non-Auto-merge check(s) after ${i}0s"[0m
2026-04-29T00:59:10.7493920Z [36;1m    break[0m
2026-04-29T00:59:10.7494636Z [36;1m  fi[0m
2026-04-29T00:59:10.7495552Z [36;1m  echo "No non-Auto-merge checks yet (attempt $i/6)"[0m
2026-04-29T00:59:10.7496665Z [36;1mdone[0m
2026-04-29T00:59:10.7497378Z [36;1mif [ "$COUNT" -gt 0 ]; then[0m
2026-04-29T00:59:10.7498370Z [36;1m  echo "has_ci=true" >> "$GITHUB_OUTPUT"[0m
2026-04-29T00:59:10.7499363Z [36;1melse[0m
2026-04-29T00:59:10.7500143Z [36;1m  echo "has_ci=false" >> "$GITHUB_OUTPUT"[0m
2026-04-29T00:59:10.7501527Z [36;1m  echo "No CI checks on this PR after 60s — will merge without waiting."[0m
2026-04-29T00:59:10.7502797Z [36;1mfi[0m
2026-04-29T00:59:10.7523369Z shell: /usr/bin/bash -e {0}
2026-04-29T00:59:10.7524603Z env:
2026-04-29T00:59:10.7525267Z   WAIT_INTERVAL: 15
2026-04-29T00:59:10.7526525Z   GH_TOKEN: ***
2026-04-29T00:59:10.7527414Z   HEAD_SHA: 89eb2de604cec15182084e82aaed9df8cdd07f33
2026-04-29T00:59:10.7528485Z   REPO: averycorp/prismTask
2026-04-29T00:59:10.7529280Z ##[endgroup]
2026-04-29T00:59:21.5548370Z Found 8 non-Auto-merge check(s) after 10s
2026-04-29T00:59:21.5658689Z ##[group]Run set -euo pipefail
2026-04-29T00:59:21.5659037Z [36;1mset -euo pipefail[0m
2026-04-29T00:59:21.5659426Z [36;1mREQUIRED=$(gh api "repos/$REPO/branches/main/protection/required_status_checks" \[0m
2026-04-29T00:59:21.5659902Z [36;1m  --jq '.contexts[]' 2>/dev/null || true)[0m
2026-04-29T00:59:21.5660184Z [36;1mif [ -z "$REQUIRED" ]; then[0m
2026-04-29T00:59:21.5660672Z [36;1m  echo "::warning::Could not query branch protection (likely a permission issue) — using hardcoded fallback list."[0m
2026-04-29T00:59:21.5661163Z [36;1m  REQUIRED="$FALLBACK_REQUIRED"[0m
2026-04-29T00:59:21.5661426Z [36;1mfi[0m
2026-04-29T00:59:21.5661690Z [36;1m# Strip Auto-merge from the required list so we don't wait on[0m
2026-04-29T00:59:21.5662086Z [36;1m# ourselves (it's listed because we ARE the running workflow).[0m
2026-04-29T00:59:21.5662556Z [36;1mREQUIRED=$(echo "$REQUIRED" | grep -vE '^\s*Auto-merge\s*$' | grep -vE '^\s*$' || true)[0m
2026-04-29T00:59:21.5663221Z [36;1mif [ -z "$REQUIRED" ]; then[0m
2026-04-29T00:59:21.5663560Z [36;1m  echo "No required checks beyond Auto-merge; skipping queue wait."[0m
2026-04-29T00:59:21.5663901Z [36;1m  exit 0[0m
2026-04-29T00:59:21.5664107Z [36;1mfi[0m
2026-04-29T00:59:21.5664354Z [36;1mecho "Waiting until these required checks queue:"[0m
2026-04-29T00:59:21.5664671Z [36;1mecho "$REQUIRED" | sed 's/^/  /'[0m
2026-04-29T00:59:21.5664997Z [36;1m# Audit PR #876 → CI pathway efficiency: this loop was burning[0m
2026-04-29T00:59:21.5665375Z [36;1m# ~315s/PR (PR #874 run 25035518360 + PR #873 run 25035513300)[0m
2026-04-29T00:59:21.5665757Z [36;1m# while underlying required checks were observably complete in[0m
2026-04-29T00:59:21.5666145Z [36;1m# ~30s. Mean job wall-clock was 343s with std-dev ~7s across 10[0m
2026-04-29T00:59:21.5666545Z [36;1m# runs — i.e. the loop almost always ran to its 5-minute ceiling.[0m
2026-04-29T00:59:21.5666915Z [36;1m# Two compensating mitigations + diagnostics:[0m
2026-04-29T00:59:21.5667192Z [36;1m#[0m
2026-04-29T00:59:21.5667452Z [36;1m#   (a) Cap dropped 30 → 18 attempts at 5s interval = 90s ceiling[0m
2026-04-29T00:59:21.5667836Z [36;1m#       (still > 2× the 43s race window from PR #804).[0m
2026-04-29T00:59:21.5668184Z [36;1m#   (b) Poll interval dropped 10s → 5s for faster detection.[0m
2026-04-29T00:59:21.5668581Z [36;1m#   (c) Per-iteration diagnostic prints MISSING + visible CHECK_RUNS[0m
2026-04-29T00:59:21.5669008Z [36;1m#       so future investigation can pinpoint the matching mismatch[0m
2026-04-29T00:59:21.5669441Z [36;1m#       (the immediate root-cause was not yet identified — the[0m
2026-04-29T00:59:21.5669836Z [36;1m#       MISSING list never empties even though CHECK_RUNS clearly[0m
2026-04-29T00:59:21.5670253Z [36;1m#       contains every REQUIRED name. Likely a trim/encoding edge[0m
2026-04-29T00:59:21.5670726Z [36;1m#       case in the comparison loop, but observability beats[0m
2026-04-29T00:59:21.5671062Z [36;1m#       guessing).[0m
2026-04-29T00:59:21.5671307Z [36;1mfor attempt in $(seq 1 18); do[0m
2026-04-29T00:59:21.5671694Z [36;1m  CHECK_RUNS=$(gh api --paginate "repos/$REPO/commits/$HEAD_SHA/check-runs" \[0m
2026-04-29T00:59:21.5672086Z [36;1m    --jq '.check_runs[].name' | sort -u)[0m
2026-04-29T00:59:21.5672352Z [36;1m  MISSING=""[0m
2026-04-29T00:59:21.5672566Z [36;1m  while IFS= read -r req; do[0m
2026-04-29T00:59:21.5672798Z [36;1m    [ -z "$req" ] && continue[0m
2026-04-29T00:59:21.5673210Z [36;1m    req_trimmed=$(echo "$req" | xargs)[0m
2026-04-29T00:59:21.5673533Z [36;1m    if ! echo "$CHECK_RUNS" | grep -qxF "$req_trimmed"; then[0m
2026-04-29T00:59:21.5674011Z [36;1m      MISSING="$MISSING $req_trimmed"[0m
2026-04-29T00:59:21.5674261Z [36;1m    fi[0m
2026-04-29T00:59:21.5674445Z [36;1m  done <<< "$REQUIRED"[0m
2026-04-29T00:59:21.5674678Z [36;1m  if [ -z "$MISSING" ]; then[0m
2026-04-29T00:59:21.5675077Z [36;1m    echo "All required checks have queued after attempt $attempt (~$((attempt * 5))s)."[0m
2026-04-29T00:59:21.5675567Z [36;1m    exit 0[0m
2026-04-29T00:59:21.5675756Z [36;1m  fi[0m
2026-04-29T00:59:21.5675998Z [36;1m  echo "Attempt $attempt/18 — still missing:$MISSING"[0m
2026-04-29T00:59:21.5676400Z [36;1m  echo "  Visible check-runs: $(echo "$CHECK_RUNS" | tr '\n' ',' | sed 's/,$//')"[0m
2026-04-29T00:59:21.5676797Z [36;1m  sleep 5[0m
2026-04-29T00:59:21.5676977Z [36;1mdone[0m
2026-04-29T00:59:21.5677399Z [36;1mecho "::warning::Some required checks never queued after 90s:$MISSING — proceeding to wait-on-check-action anyway."[0m
2026-04-29T00:59:21.5690420Z shell: /usr/bin/bash -e {0}
2026-04-29T00:59:21.5690669Z env:
2026-04-29T00:59:21.5690839Z   WAIT_INTERVAL: 15
2026-04-29T00:59:21.5691300Z   GH_TOKEN: ***
2026-04-29T00:59:21.5691524Z   HEAD_SHA: 89eb2de604cec15182084e82aaed9df8cdd07f33
2026-04-29T00:59:21.5691808Z   REPO: averycorp/prismTask
2026-04-29T00:59:21.5692153Z   FALLBACK_REQUIRED: lint-and-test
connected-tests
test
web-lint-and-test

2026-04-29T00:59:21.5692522Z ##[endgroup]
2026-04-29T00:59:21.8953326Z Waiting until these required checks queue:
2026-04-29T00:59:21.9012219Z   {"message":"Resource not accessible by integration","documentation_url":"https://docs.github.com/rest/branches/branch-protection#get-status-checks-protection","status":"403"}
2026-04-29T00:59:22.4630690Z Attempt 1/18 — still missing: {message:Resource not accessible by integration,documentation_url:https://docs.github.com/rest/branches/branch-protection#get-status-checks-protection,status:403}
2026-04-29T00:59:22.4647814Z   Visible check-runs: Auto-merge,autofix,connected-tests,cross-device-tests,e2e,lint-and-test,maybe-label,test,web-lint-and-test
2026-04-29T00:59:28.0435172Z Attempt 2/18 — still missing: {message:Resource not accessible by integration,documentation_url:https://docs.github.com/rest/branches/branch-protection#get-status-checks-protection,status:403}
2026-04-29T00:59:28.0453504Z   Visible check-runs: Auto-merge,autofix,capture-failure-log,connected-tests,cross-device-tests,e2e,lint-and-test,maybe-label,test,web-lint-and-test
2026-04-29T00:59:33.6430845Z Attempt 3/18 — still missing: {message:Resource not accessible by integration,documentation_url:https://docs.github.com/rest/branches/branch-protection#get-status-checks-protection,status:403}
2026-04-29T00:59:33.6450508Z   Visible check-runs: Auto-merge,autofix,capture-failure-log,connected-tests,cross-device-tests,e2e,lint-and-test,maybe-label,test,web-lint-and-test
2026-04-29T00:59:39.1805321Z Attempt 4/18 — still missing: {message:Resource not accessible by integration,documentation_url:https://docs.github.com/rest/branches/branch-protection#get-status-checks-protection,status:403}
2026-04-29T00:59:39.1830856Z   Visible check-runs: Auto-merge,autofix,capture-failure-log,connected-tests,cross-device-tests,e2e,lint-and-test,maybe-label,test,web-lint-and-test
2026-04-29T00:59:44.7435454Z Attempt 5/18 — still missing: {message:Resource not accessible by integration,documentation_url:https://docs.github.com/rest/branches/branch-protection#get-status-checks-protection,status:403}
2026-04-29T00:59:44.7453438Z   Visible check-runs: Auto-merge,autofix,capture-failure-log,connected-tests,cross-device-tests,e2e,lint-and-test,maybe-label,test,web-lint-and-test
2026-04-29T00:59:50.2891768Z Attempt 6/18 — still missing: {message:Resource not accessible by integration,documentation_url:https://docs.github.com/rest/branches/branch-protection#get-status-checks-protection,status:403}
2026-04-29T00:59:50.2912424Z   Visible check-runs: Auto-merge,autofix,capture-failure-log,connected-tests,cross-device-tests,e2e,lint-and-test,maybe-label,test,web-lint-and-test
2026-04-29T00:59:55.8441146Z Attempt 7/18 — still missing: {message:Resource not accessible by integration,documentation_url:https://docs.github.com/rest/branches/branch-protection#get-status-checks-protection,status:403}
2026-04-29T00:59:55.8461363Z   Visible check-runs: Auto-merge,autofix,capture-failure-log,connected-tests,cross-device-tests,e2e,lint-and-test,maybe-label,test,web-lint-and-test
2026-04-29T01:00:01.4653349Z Attempt 8/18 — still missing: {message:Resource not accessible by integration,documentation_url:https://docs.github.com/rest/branches/branch-protection#get-status-checks-protection,status:403}
2026-04-29T01:00:01.4671307Z   Visible check-runs: Auto-merge,autofix,capture-failure-log,connected-tests,cross-device-tests,e2e,lint-and-test,maybe-label,test,web-lint-and-test
2026-04-29T01:00:07.0546051Z Attempt 9/18 — still missing: {message:Resource not accessible by integration,documentation_url:https://docs.github.com/rest/branches/branch-protection#get-status-checks-protection,status:403}
2026-04-29T01:00:07.0565902Z   Visible check-runs: Auto-merge,autofix,capture-failure-log,connected-tests,cross-device-tests,e2e,lint-and-test,maybe-label,test,web-lint-and-test
2026-04-29T01:00:12.6247475Z Attempt 10/18 — still missing: {message:Resource not accessible by integration,documentation_url:https://docs.github.com/rest/branches/branch-protection#get-status-checks-protection,status:403}
2026-04-29T01:00:12.6268434Z   Visible check-runs: Auto-merge,autofix,capture-failure-log,connected-tests,cross-device-tests,e2e,lint-and-test,maybe-label,test,web-lint-and-test
2026-04-29T01:00:18.1984608Z Attempt 11/18 — still missing: {message:Resource not accessible by integration,documentation_url:https://docs.github.com/rest/branches/branch-protection#get-status-checks-protection,status:403}
2026-04-29T01:00:18.2004677Z   Visible check-runs: Auto-merge,autofix,capture-failure-log,connected-tests,cross-device-tests,e2e,lint-and-test,maybe-label,test,web-lint-and-test
2026-04-29T01:00:25.1672408Z Attempt 12/18 — still missing: {message:Resource not accessible by integration,documentation_url:https://docs.github.com/rest/branches/branch-protection#get-status-checks-protection,status:403}
2026-04-29T01:00:25.1691109Z   Visible check-runs: Auto-merge,autofix,capture-failure-log,connected-tests,cross-device-tests,e2e,lint-and-test,maybe-label,test,web-lint-and-test
2026-04-29T01:00:30.7445739Z Attempt 13/18 — still missing: {message:Resource not accessible by integration,documentation_url:https://docs.github.com/rest/branches/branch-protection#get-status-checks-protection,status:403}
2026-04-29T01:00:30.7464031Z   Visible check-runs: Auto-merge,autofix,capture-failure-log,connected-tests,cross-device-tests,e2e,lint-and-test,maybe-label,test,web-lint-and-test
2026-04-29T01:00:36.3468949Z Attempt 14/18 — still missing: {message:Resource not accessible by integration,documentation_url:https://docs.github.com/rest/branches/branch-protection#get-status-checks-protection,status:403}
2026-04-29T01:00:36.3490174Z   Visible check-runs: Auto-merge,autofix,capture-failure-log,connected-tests,cross-device-tests,e2e,lint-and-test,maybe-label,test,web-lint-and-test
2026-04-29T01:00:41.9214095Z Attempt 15/18 — still missing: {message:Resource not accessible by integration,documentation_url:https://docs.github.com/rest/branches/branch-protection#get-status-checks-protection,status:403}
2026-04-29T01:00:41.9231731Z   Visible check-runs: Auto-merge,autofix,capture-failure-log,connected-tests,cross-device-tests,e2e,lint-and-test,maybe-label,test,web-lint-and-test
2026-04-29T01:00:47.5061762Z Attempt 16/18 — still missing: {message:Resource not accessible by integration,documentation_url:https://docs.github.com/rest/branches/branch-protection#get-status-checks-protection,status:403}
2026-04-29T01:00:47.5080226Z   Visible check-runs: Auto-merge,autofix,capture-failure-log,connected-tests,cross-device-tests,e2e,lint-and-test,maybe-label,test,web-lint-and-test
2026-04-29T01:00:53.0649187Z Attempt 17/18 — still missing: {message:Resource not accessible by integration,documentation_url:https://docs.github.com/rest/branches/branch-protection#get-status-checks-protection,status:403}
2026-04-29T01:00:53.0667076Z   Visible check-runs: Auto-merge,autofix,capture-failure-log,connected-tests,cross-device-tests,e2e,lint-and-test,maybe-label,test,web-lint-and-test
2026-04-29T01:00:58.5947306Z Attempt 18/18 — still missing: {message:Resource not accessible by integration,documentation_url:https://docs.github.com/rest/branches/branch-protection#get-status-checks-protection,status:403}
2026-04-29T01:00:58.5965051Z   Visible check-runs: Auto-merge,autofix,capture-failure-log,connected-tests,cross-device-tests,e2e,lint-and-test,maybe-label,test,web-lint-and-test
2026-04-29T01:01:03.6013428Z ##[warning]Some required checks never queued after 90s: {message:Resource not accessible by integration,documentation_url:https://docs.github.com/rest/branches/branch-protection#get-status-checks-protection,status:403} — proceeding to wait-on-check-action anyway.
2026-04-29T01:01:03.6151037Z ##[group]Run lewagon/wait-on-check-action@ccfb013c15c8afb7bf2b7c028fb74dc5a068cccc
2026-04-29T01:01:03.6151432Z with:
2026-04-29T01:01:03.6151653Z   ref: 89eb2de604cec15182084e82aaed9df8cdd07f33
2026-04-29T01:01:03.6151925Z   running-workflow-name: Auto-merge
2026-04-29T01:01:03.6152371Z   repo-token: ***
2026-04-29T01:01:03.6152560Z   wait-interval: 15
2026-04-29T01:01:03.6152779Z   allowed-conclusions: success,skipped,neutral
2026-04-29T01:01:03.6153240Z   verbose: true
2026-04-29T01:01:03.6153435Z env:
2026-04-29T01:01:03.6153590Z   WAIT_INTERVAL: 15
2026-04-29T01:01:03.6153769Z ##[endgroup]
2026-04-29T01:01:03.6278838Z ##[group]Run ruby/setup-ruby@v1
2026-04-29T01:01:03.6279106Z with:
2026-04-29T01:01:03.6279281Z   ruby-version: 3.2
2026-04-29T01:01:03.6279486Z   bundler-cache: false
2026-04-29T01:01:03.6279844Z   token: ***
2026-04-29T01:01:03.6280010Z env:
2026-04-29T01:01:03.6280177Z   WAIT_INTERVAL: 15
2026-04-29T01:01:03.6280351Z ##[endgroup]
2026-04-29T01:01:03.7956655Z ##[group]Modifying PATH
2026-04-29T01:01:03.7957195Z Entries added to PATH to use selected Ruby:
2026-04-29T01:01:03.7957545Z   /opt/hostedtoolcache/Ruby/3.2.11/x64/bin
2026-04-29T01:01:03.7961468Z ##[endgroup]
2026-04-29T01:01:03.7962078Z ##[group]Print Ruby version
2026-04-29T01:01:03.8044487Z [command]/opt/hostedtoolcache/Ruby/3.2.11/x64/bin/ruby --version
2026-04-29T01:01:03.9587261Z ruby 3.2.11 (2026-03-27 revision 5483bfc1ae) [x86_64-linux]
2026-04-29T01:01:03.9617280Z Took   0.17 seconds
2026-04-29T01:01:03.9618221Z ##[endgroup]
2026-04-29T01:01:03.9618795Z ##[group]Installing Bundler
2026-04-29T01:01:03.9623981Z Using Bundler shipped with ruby-3.2.11
2026-04-29T01:01:03.9624789Z Took   0.00 seconds
2026-04-29T01:01:03.9626121Z ##[endgroup]
2026-04-29T01:01:04.0220808Z ##[group]Run actions/cache@v4
2026-04-29T01:01:04.0221060Z with:
2026-04-29T01:01:04.0221450Z   path: /home/runner/work/_actions/lewagon/wait-on-check-action/ccfb013c15c8afb7bf2b7c028fb74dc5a068cccc
2026-04-29T01:01:04.0221911Z   key: Linux-gems-
2026-04-29T01:01:04.0222103Z   restore-keys: Linux-gems-
2026-04-29T01:01:04.0222322Z   enableCrossOsArchive: false
2026-04-29T01:01:04.0222548Z   fail-on-cache-miss: false
2026-04-29T01:01:04.0222746Z   lookup-only: false
2026-04-29T01:01:04.0222930Z   save-always: false
2026-04-29T01:01:04.0223331Z env:
2026-04-29T01:01:04.0223499Z   WAIT_INTERVAL: 15
2026-04-29T01:01:04.0223679Z ##[endgroup]
2026-04-29T01:01:04.4018709Z Cache hit for: Linux-gems-
2026-04-29T01:01:04.7181119Z Received 13124 of 13124 (100.0%), 0.2 MBs/sec
2026-04-29T01:01:04.7181641Z Cache Size: ~0 MB (13124 B)
2026-04-29T01:01:04.7222731Z [command]/usr/bin/tar -xf /home/runner/work/_temp/72d4d5cf-ac5f-4704-a0cc-286e7c7f65d0/cache.tzst -P -C /home/runner/work/prismTask/prismTask --use-compress-program unzstd
2026-04-29T01:01:04.7270042Z Cache restored successfully
2026-04-29T01:01:04.7348208Z Cache restored from key: Linux-gems-
2026-04-29T01:01:04.7417508Z ##[group]Run bundle install --jobs 4 --retry 3
2026-04-29T01:01:04.7417842Z [36;1mbundle install --jobs 4 --retry 3[0m
2026-04-29T01:01:04.7432538Z shell: /usr/bin/bash --noprofile --norc -e -o pipefail {0}
2026-04-29T01:01:04.7432841Z env:
2026-04-29T01:01:04.7433132Z   WAIT_INTERVAL: 15
2026-04-29T01:01:04.7433349Z ##[endgroup]
2026-04-29T01:01:05.6991617Z Bundler 2.4.19 is running, but your lockfile was generated with 2.2.3. Installing Bundler 2.2.3 and restarting using that version.
2026-04-29T01:01:07.1435331Z Fetching gem metadata from https://rubygems.org/.
2026-04-29T01:01:07.1510812Z Fetching bundler 2.2.3
2026-04-29T01:01:07.3437218Z Installing bundler 2.2.3
2026-04-29T01:01:07.4940779Z Calling `DidYouMean::SPELL_CHECKERS.merge!(error_name => spell_checker)' has been deprecated. Please call `DidYouMean.correct_error(error_name, spell_checker)' instead.
2026-04-29T01:01:08.7551772Z Fetching gem metadata from https://rubygems.org/.........
2026-04-29T01:01:08.7639835Z Fetching public_suffix 4.0.7
2026-04-29T01:01:08.7920536Z Fetching concurrent-ruby 1.2.2
2026-04-29T01:01:08.7926809Z Fetching zeitwerk 2.6.7
2026-04-29T01:01:08.7931331Z Fetching minitest 5.18.0
2026-04-29T01:01:08.9219777Z Installing zeitwerk 2.6.7
2026-04-29T01:01:08.9355418Z Installing minitest 5.18.0
2026-04-29T01:01:08.9388140Z Installing public_suffix 4.0.7
2026-04-29T01:01:08.9744580Z Installing concurrent-ruby 1.2.2
2026-04-29T01:01:08.9788235Z Fetching ast 2.4.2
2026-04-29T01:01:09.0081809Z Using bundler 2.2.3
2026-04-29T01:01:09.0086031Z Fetching byebug 11.1.3
2026-04-29T01:01:09.0448041Z Fetching diff-lcs 1.4.4
2026-04-29T01:01:09.0740417Z Installing ast 2.4.2
2026-04-29T01:01:09.0832259Z Fetching faraday-net_http 2.0.3
2026-04-29T01:01:09.1137829Z Installing byebug 11.1.3 with native extensions
2026-04-29T01:01:09.1402156Z Installing diff-lcs 1.4.4
2026-04-29T01:01:09.1482328Z Installing faraday-net_http 2.0.3
2026-04-29T01:01:09.1607316Z Using ruby2_keywords 0.0.5
2026-04-29T01:01:09.1619252Z Fetching json 2.7.1
2026-04-29T01:01:09.2144511Z Fetching language_server-protocol 3.17.0.3
2026-04-29T01:01:09.2550396Z Installing json 2.7.1 with native extensions
2026-04-29T01:01:09.2728969Z Fetching lint_roller 1.1.0
2026-04-29T01:01:09.3035160Z Installing language_server-protocol 3.17.0.3
2026-04-29T01:01:09.3290768Z Installing lint_roller 1.1.0
2026-04-29T01:01:09.3455481Z Fetching parallel 1.24.0
2026-04-29T01:01:09.4299747Z Installing parallel 1.24.0
2026-04-29T01:01:09.4377438Z Fetching racc 1.7.3
2026-04-29T01:01:09.4807781Z Fetching rainbow 3.1.1
2026-04-29T01:01:09.5289358Z Installing racc 1.7.3 with native extensions
2026-04-29T01:01:09.5495782Z Installing rainbow 3.1.1
2026-04-29T01:01:09.5590676Z Fetching regexp_parser 2.8.3
2026-04-29T01:01:09.6341601Z Installing regexp_parser 2.8.3
2026-04-29T01:01:09.6526256Z Fetching rexml 3.2.6
2026-04-29T01:01:09.7283244Z Installing rexml 3.2.6
2026-04-29T01:01:09.7702648Z Fetching rspec-support 3.10.1
2026-04-29T01:01:09.8463229Z Installing rspec-support 3.10.1
2026-04-29T01:01:09.8906630Z Fetching ruby-progressbar 1.13.0
2026-04-29T01:01:09.9600976Z Installing ruby-progressbar 1.13.0
2026-04-29T01:01:09.9726522Z Fetching unicode-display_width 2.5.0
2026-04-29T01:01:10.0565485Z Installing unicode-display_width 2.5.0
2026-04-29T01:01:10.0664056Z Fetching addressable 2.8.0
2026-04-29T01:01:10.1684109Z Installing addressable 2.8.0
2026-04-29T01:01:10.1874059Z Fetching faraday 2.3.0
2026-04-29T01:01:10.2777451Z Installing faraday 2.3.0
2026-04-29T01:01:10.3044047Z Fetching i18n 1.12.0
2026-04-29T01:01:10.3955506Z Installing i18n 1.12.0
2026-04-29T01:01:10.4135760Z Fetching tzinfo 2.0.6
2026-04-29T01:01:10.4810703Z Fetching rspec-core 3.10.1
2026-04-29T01:01:10.5578545Z Installing tzinfo 2.0.6
2026-04-29T01:01:10.5785849Z Fetching rspec-expectations 3.10.1
2026-04-29T01:01:10.6266339Z Installing rspec-core 3.10.1
2026-04-29T01:01:10.6488428Z Fetching rspec-mocks 3.10.1
2026-04-29T01:01:10.6842631Z Installing rspec-expectations 3.10.1
2026-04-29T01:01:10.7001831Z Fetching faraday-retry 2.0.0
2026-04-29T01:01:10.7269990Z Installing rspec-mocks 3.10.1
2026-04-29T01:01:10.7397797Z Fetching sawyer 0.9.2
2026-04-29T01:01:10.7798005Z Installing faraday-retry 2.0.0
2026-04-29T01:01:10.7857602Z Fetching parser 3.2.2.4
2026-04-29T01:01:10.8224639Z Installing sawyer 0.9.2
2026-04-29T01:01:10.8287363Z Fetching activesupport 6.1.7.3
2026-04-29T01:01:10.9384336Z Installing activesupport 6.1.7.3
2026-04-29T01:01:11.0044276Z Installing parser 3.2.2.4
2026-04-29T01:01:11.1115307Z Fetching rspec 3.10.0
2026-04-29T01:01:11.1954277Z Fetching octokit 4.25.0
2026-04-29T01:01:11.2422185Z Installing rspec 3.10.0
2026-04-29T01:01:11.2490251Z Fetching rubocop-ast 1.30.0
2026-04-29T01:01:11.3227647Z Installing octokit 4.25.0
2026-04-29T01:01:11.3418416Z Installing rubocop-ast 1.30.0
2026-04-29T01:01:12.2469104Z Fetching rubocop 1.57.2
2026-04-29T01:01:12.3599712Z Installing rubocop 1.57.2
2026-04-29T01:01:12.4741958Z Fetching rubocop-performance 1.19.1
2026-04-29T01:01:12.4742354Z Fetching standard-custom 1.0.2
2026-04-29T01:01:12.5493525Z Installing standard-custom 1.0.2
2026-04-29T01:01:12.5580292Z Installing rubocop-performance 1.19.1
2026-04-29T01:01:12.5681442Z Fetching standard-performance 1.2.1
2026-04-29T01:01:12.6224592Z Installing standard-performance 1.2.1
2026-04-29T01:01:12.6275817Z Fetching standard 1.32.1
2026-04-29T01:01:12.6960625Z Installing standard 1.32.1
2026-04-29T01:01:12.7134367Z Bundle complete! 6 Gemfile dependencies, 40 gems now installed.
2026-04-29T01:01:12.7134881Z Use `bundle info [gemname]` to see where a bundled gem is installed.
2026-04-29T01:01:12.7569173Z ##[group]Run ruby entrypoint.rb
2026-04-29T01:01:12.7569633Z [36;1mruby entrypoint.rb[0m
2026-04-29T01:01:12.7590885Z shell: /usr/bin/bash --noprofile --norc -e -o pipefail {0}
2026-04-29T01:01:12.7591420Z env:
2026-04-29T01:01:12.7591703Z   WAIT_INTERVAL: 15
2026-04-29T01:01:12.7592095Z   ALLOWED_CONCLUSIONS: success,skipped,neutral
2026-04-29T01:01:12.7592567Z   IGNORE_CHECKS: 
2026-04-29T01:01:12.7592876Z   CHECK_NAME: 
2026-04-29T01:01:12.7593373Z   CHECK_REGEXP: 
2026-04-29T01:01:12.7593764Z   REF: 89eb2de604cec15182084e82aaed9df8cdd07f33
2026-04-29T01:01:12.7594884Z   REPO_TOKEN: ***
2026-04-29T01:01:12.7595220Z   VERBOSE: true
2026-04-29T01:01:12.7595556Z   RUNNING_WORKFLOW_NAME: Auto-merge
2026-04-29T01:01:12.7595948Z   API_ENDPOINT: 
2026-04-29T01:01:12.7596303Z ##[endgroup]
2026-04-29T01:03:18.2867247Z Checks running on ref:
2026-04-29T01:03:18.2868008Z Checks completed: capture-failure-log, capture-failure-log, e2e, test, maybe-label, web-lint-and-test
2026-04-29T01:03:18.2868633Z Checks in_progress: connected-tests, cross-device-tests, lint-and-test, autofix, Auto-merge
2026-04-29T01:03:18.2869143Z Checks after ignore checks filter:
2026-04-29T01:03:18.2869814Z Checks completed: capture-failure-log, capture-failure-log, e2e, test, maybe-label, web-lint-and-test
2026-04-29T01:03:18.2870702Z Checks in_progress: connected-tests, cross-device-tests, lint-and-test, autofix
2026-04-29T01:03:18.2871369Z Checks after check_name filter:
2026-04-29T01:03:18.2872142Z Checks completed: capture-failure-log, capture-failure-log, e2e, test, maybe-label, web-lint-and-test
2026-04-29T01:03:18.2872966Z Checks in_progress: connected-tests, cross-device-tests, lint-and-test, autofix
2026-04-29T01:03:18.2873612Z Checks after Regexp filter:
2026-04-29T01:03:18.2874009Z Checks completed: capture-failure-log, capture-failure-log, e2e, test, maybe-label, web-lint-and-test
2026-04-29T01:03:18.2874556Z Checks in_progress: connected-tests, cross-device-tests, lint-and-test, autofix
2026-04-29T01:03:18.2875019Z The requested checks aren't complete yet, will check back in 15 seconds...
2026-04-29T01:03:18.2875360Z Checks running on ref:
2026-04-29T01:03:18.2875750Z Checks completed: capture-failure-log, capture-failure-log, e2e, test, maybe-label, web-lint-and-test
2026-04-29T01:03:18.2876332Z Checks in_progress: connected-tests, cross-device-tests, lint-and-test, autofix, Auto-merge
2026-04-29T01:03:18.2876747Z Checks after ignore checks filter:
2026-04-29T01:03:18.2877173Z Checks completed: capture-failure-log, capture-failure-log, e2e, test, maybe-label, web-lint-and-test
2026-04-29T01:03:18.2878039Z Checks in_progress: connected-tests, cross-device-tests, lint-and-test, autofix
2026-04-29T01:03:18.2878402Z Checks after check_name filter:
2026-04-29T01:03:18.2878811Z Checks completed: capture-failure-log, capture-failure-log, e2e, test, maybe-label, web-lint-and-test
2026-04-29T01:03:18.2879355Z Checks in_progress: connected-tests, cross-device-tests, lint-and-test, autofix
2026-04-29T01:03:18.2879720Z Checks after Regexp filter:
2026-04-29T01:03:18.2880112Z Checks completed: capture-failure-log, capture-failure-log, e2e, test, maybe-label, web-lint-and-test
2026-04-29T01:03:18.2880659Z Checks in_progress: connected-tests, cross-device-tests, lint-and-test, autofix
2026-04-29T01:03:18.2881123Z The requested checks aren't complete yet, will check back in 15 seconds...
2026-04-29T01:03:18.2881467Z Checks running on ref:
2026-04-29T01:03:18.2881977Z Checks completed: capture-failure-log, capture-failure-log, e2e, test, maybe-label, web-lint-and-test
2026-04-29T01:03:18.2882572Z Checks in_progress: connected-tests, cross-device-tests, lint-and-test, autofix, Auto-merge
2026-04-29T01:03:18.2883089Z Checks after ignore checks filter:
2026-04-29T01:03:18.2883540Z Checks completed: capture-failure-log, capture-failure-log, e2e, test, maybe-label, web-lint-and-test
2026-04-29T01:03:18.2884097Z Checks in_progress: connected-tests, cross-device-tests, lint-and-test, autofix
2026-04-29T01:03:18.2884456Z Checks after check_name filter:
2026-04-29T01:03:18.2884876Z Checks completed: capture-failure-log, capture-failure-log, e2e, test, maybe-label, web-lint-and-test
2026-04-29T01:03:18.2885425Z Checks in_progress: connected-tests, cross-device-tests, lint-and-test, autofix
2026-04-29T01:03:18.2885795Z Checks after Regexp filter:
2026-04-29T01:03:18.2886208Z Checks completed: capture-failure-log, capture-failure-log, e2e, test, maybe-label, web-lint-and-test
2026-04-29T01:03:18.2886759Z Checks in_progress: connected-tests, cross-device-tests, lint-and-test, autofix
2026-04-29T01:03:18.2887233Z The requested checks aren't complete yet, will check back in 15 seconds...
2026-04-29T01:03:18.2887580Z Checks running on ref:
2026-04-29T01:03:18.2887969Z Checks completed: capture-failure-log, capture-failure-log, e2e, test, maybe-label, web-lint-and-test
2026-04-29T01:03:18.2888540Z Checks in_progress: connected-tests, cross-device-tests, lint-and-test, autofix, Auto-merge
2026-04-29T01:03:18.2888948Z Checks after ignore checks filter:
2026-04-29T01:03:18.2889360Z Checks completed: capture-failure-log, capture-failure-log, e2e, test, maybe-label, web-lint-and-test
2026-04-29T01:03:18.2889897Z Checks in_progress: connected-tests, cross-device-tests, lint-and-test, autofix
2026-04-29T01:03:18.2890258Z Checks after check_name filter:
2026-04-29T01:03:18.2890656Z Checks completed: capture-failure-log, capture-failure-log, e2e, test, maybe-label, web-lint-and-test
2026-04-29T01:03:18.2891200Z Checks in_progress: connected-tests, cross-device-tests, lint-and-test, autofix
2026-04-29T01:03:18.2891568Z Checks after Regexp filter:
2026-04-29T01:03:18.2891967Z Checks completed: capture-failure-log, capture-failure-log, e2e, test, maybe-label, web-lint-and-test
2026-04-29T01:03:18.2892498Z Checks in_progress: connected-tests, cross-device-tests, lint-and-test, autofix
2026-04-29T01:03:18.2892949Z The requested checks aren't complete yet, will check back in 15 seconds...
2026-04-29T01:03:18.2893478Z Checks running on ref:
2026-04-29T01:03:18.2893913Z Checks completed: capture-failure-log, capture-failure-log, e2e, autofix, test, maybe-label, web-lint-and-test
2026-04-29T01:03:18.2894526Z Checks in_progress: connected-tests, cross-device-tests, lint-and-test, Auto-merge
2026-04-29T01:03:18.2894900Z Checks after ignore checks filter:
2026-04-29T01:03:18.2895351Z Checks completed: capture-failure-log, capture-failure-log, e2e, autofix, test, maybe-label, web-lint-and-test
2026-04-29T01:03:18.2895906Z Checks in_progress: connected-tests, cross-device-tests, lint-and-test
2026-04-29T01:03:18.2896252Z Checks after check_name filter:
2026-04-29T01:03:18.2896794Z Checks completed: capture-failure-log, capture-failure-log, e2e, autofix, test, maybe-label, web-lint-and-test
2026-04-29T01:03:18.2897339Z Checks in_progress: connected-tests, cross-device-tests, lint-and-test
2026-04-29T01:03:18.2897676Z Checks after Regexp filter:
2026-04-29T01:03:18.2898108Z Checks completed: capture-failure-log, capture-failure-log, e2e, autofix, test, maybe-label, web-lint-and-test
2026-04-29T01:03:18.2898659Z Checks in_progress: connected-tests, cross-device-tests, lint-and-test
2026-04-29T01:03:18.2899087Z The requested checks aren't complete yet, will check back in 15 seconds...
2026-04-29T01:03:18.2899538Z Checks running on ref:
2026-04-29T01:03:18.2900070Z Checks completed: capture-failure-log, capture-failure-log, capture-failure-log, e2e, lint-and-test, autofix, test, maybe-label, web-lint-and-test
2026-04-29T01:03:18.2900731Z Checks in_progress: connected-tests, cross-device-tests, Auto-merge
2026-04-29T01:03:18.2901270Z Checks after ignore checks filter:
2026-04-29T01:03:18.2901834Z Checks completed: capture-failure-log, capture-failure-log, capture-failure-log, e2e, lint-and-test, autofix, test, maybe-label, web-lint-and-test
2026-04-29T01:03:18.2902462Z Checks in_progress: connected-tests, cross-device-tests
2026-04-29T01:03:18.2902758Z Checks after check_name filter:
2026-04-29T01:03:18.2903477Z Checks completed: capture-failure-log, capture-failure-log, capture-failure-log, e2e, lint-and-test, autofix, test, maybe-label, web-lint-and-test
2026-04-29T01:03:18.2904094Z Checks in_progress: connected-tests, cross-device-tests
2026-04-29T01:03:18.2904376Z Checks after Regexp filter:
2026-04-29T01:03:18.2904914Z Checks completed: capture-failure-log, capture-failure-log, capture-failure-log, e2e, lint-and-test, autofix, test, maybe-label, web-lint-and-test
2026-04-29T01:03:18.2905543Z Checks in_progress: connected-tests, cross-device-tests
2026-04-29T01:03:18.2905934Z The requested checks aren't complete yet, will check back in 15 seconds...
2026-04-29T01:03:18.2906284Z Checks running on ref:
2026-04-29T01:03:18.2906799Z Checks completed: capture-failure-log, capture-failure-log, capture-failure-log, e2e, lint-and-test, autofix, test, maybe-label, web-lint-and-test
2026-04-29T01:03:18.2907457Z Checks in_progress: connected-tests, cross-device-tests, Auto-merge
2026-04-29T01:03:18.2907804Z Checks after ignore checks filter:
2026-04-29T01:03:18.2908361Z Checks completed: capture-failure-log, capture-failure-log, capture-failure-log, e2e, lint-and-test, autofix, test, maybe-label, web-lint-and-test
2026-04-29T01:03:18.2908968Z Checks in_progress: connected-tests, cross-device-tests
2026-04-29T01:03:18.2909260Z Checks after check_name filter:
2026-04-29T01:03:18.2909798Z Checks completed: capture-failure-log, capture-failure-log, capture-failure-log, e2e, lint-and-test, autofix, test, maybe-label, web-lint-and-test
2026-04-29T01:03:18.2910410Z Checks in_progress: connected-tests, cross-device-tests
2026-04-29T01:03:18.2910696Z Checks after Regexp filter:
2026-04-29T01:03:18.2982859Z Checks completed: capture-failure-log, capture-failure-log, capture-failure-log, e2e, lint-and-test, autofix, test, maybe-label, web-lint-and-test
2026-04-29T01:03:18.2983797Z Checks in_progress: connected-tests, cross-device-tests
2026-04-29T01:03:18.2984240Z The requested checks aren't complete yet, will check back in 15 seconds...
2026-04-29T01:03:18.2984637Z Checks running on ref:
2026-04-29T01:03:18.2985224Z Checks completed: capture-failure-log, capture-failure-log, capture-failure-log, e2e, lint-and-test, autofix, test, maybe-label, web-lint-and-test
2026-04-29T01:03:18.2985984Z Checks in_progress: connected-tests, cross-device-tests, Auto-merge
2026-04-29T01:03:18.2986347Z Checks after ignore checks filter:
2026-04-29T01:03:18.2986913Z Checks completed: capture-failure-log, capture-failure-log, capture-failure-log, e2e, lint-and-test, autofix, test, maybe-label, web-lint-and-test
2026-04-29T01:03:18.2987547Z Checks in_progress: connected-tests, cross-device-tests
2026-04-29T01:03:18.2988273Z Checks after check_name filter:
2026-04-29T01:03:18.2988829Z Checks completed: capture-failure-log, capture-failure-log, capture-failure-log, e2e, lint-and-test, autofix, test, maybe-label, web-lint-and-test
2026-04-29T01:03:18.2989443Z Checks in_progress: connected-tests, cross-device-tests
2026-04-29T01:03:18.2989755Z Checks after Regexp filter:
2026-04-29T01:03:18.2990288Z Checks completed: capture-failure-log, capture-failure-log, capture-failure-log, e2e, lint-and-test, autofix, test, maybe-label, web-lint-and-test
2026-04-29T01:03:18.2990906Z Checks in_progress: connected-tests, cross-device-tests
2026-04-29T01:03:18.2991292Z The requested checks aren't complete yet, will check back in 15 seconds...
2026-04-29T01:03:18.2991630Z Checks running on ref:
2026-04-29T01:03:18.2992160Z Checks completed: capture-failure-log, capture-failure-log, capture-failure-log, e2e, lint-and-test, autofix, test, maybe-label, web-lint-and-test
2026-04-29T01:03:18.2992888Z Checks in_progress: connected-tests, cross-device-tests, Auto-merge
2026-04-29T01:03:18.2993362Z Checks after ignore checks filter:
2026-04-29T01:03:18.2993911Z Checks completed: capture-failure-log, capture-failure-log, capture-failure-log, e2e, lint-and-test, autofix, test, maybe-label, web-lint-and-test
2026-04-29T01:03:18.2994525Z Checks in_progress: connected-tests, cross-device-tests
2026-04-29T01:05:22.6117310Z Checks after check_name filter:
2026-04-29T01:05:22.6118223Z Checks completed: capture-failure-log, capture-failure-log, capture-failure-log, e2e, lint-and-test, autofix, test, maybe-label, web-lint-and-test
2026-04-29T01:05:22.6119143Z Checks in_progress: connected-tests, cross-device-tests
2026-04-29T01:05:22.6119682Z Checks after Regexp filter:
2026-04-29T01:05:22.6120789Z Checks completed: capture-failure-log, capture-failure-log, capture-failure-log, e2e, lint-and-test, autofix, test, maybe-label, web-lint-and-test
2026-04-29T01:05:22.6121681Z Checks in_progress: connected-tests, cross-device-tests
2026-04-29T01:05:22.6122165Z The requested checks aren't complete yet, will check back in 15 seconds...
2026-04-29T01:05:22.6122569Z Checks running on ref:
2026-04-29T01:05:22.6123474Z Checks completed: capture-failure-log, capture-failure-log, capture-failure-log, e2e, lint-and-test, autofix, test, maybe-label, web-lint-and-test
2026-04-29T01:05:22.6124263Z Checks in_progress: connected-tests, cross-device-tests, Auto-merge
2026-04-29T01:05:22.6124670Z Checks after ignore checks filter:
2026-04-29T01:05:22.6125339Z Checks completed: capture-failure-log, capture-failure-log, capture-failure-log, e2e, lint-and-test, autofix, test, maybe-label, web-lint-and-test
2026-04-29T01:05:22.6126079Z Checks in_progress: connected-tests, cross-device-tests
2026-04-29T01:05:22.6126422Z Checks after check_name filter:
2026-04-29T01:05:22.6127079Z Checks completed: capture-failure-log, capture-failure-log, capture-failure-log, e2e, lint-and-test, autofix, test, maybe-label, web-lint-and-test
2026-04-29T01:05:22.6127829Z Checks in_progress: connected-tests, cross-device-tests
2026-04-29T01:05:22.6128184Z Checks after Regexp filter:
2026-04-29T01:05:22.6128824Z Checks completed: capture-failure-log, capture-failure-log, capture-failure-log, e2e, lint-and-test, autofix, test, maybe-label, web-lint-and-test
2026-04-29T01:05:22.6129544Z Checks in_progress: connected-tests, cross-device-tests
2026-04-29T01:05:22.6130007Z The requested checks aren't complete yet, will check back in 15 seconds...
2026-04-29T01:05:22.6130407Z Checks running on ref:
2026-04-29T01:05:22.6131031Z Checks completed: capture-failure-log, capture-failure-log, capture-failure-log, e2e, lint-and-test, autofix, test, maybe-label, web-lint-and-test
2026-04-29T01:05:22.6131804Z Checks in_progress: connected-tests, cross-device-tests, Auto-merge
2026-04-29T01:05:22.6132207Z Checks after ignore checks filter:
2026-04-29T01:05:22.6132872Z Checks completed: capture-failure-log, capture-failure-log, capture-failure-log, e2e, lint-and-test, autofix, test, maybe-label, web-lint-and-test
2026-04-29T01:05:22.6134078Z Checks in_progress: connected-tests, cross-device-tests
2026-04-29T01:05:22.6134453Z Checks after check_name filter:
2026-04-29T01:05:22.6135102Z Checks completed: capture-failure-log, capture-failure-log, capture-failure-log, e2e, lint-and-test, autofix, test, maybe-label, web-lint-and-test
2026-04-29T01:05:22.6135835Z Checks in_progress: connected-tests, cross-device-tests
2026-04-29T01:05:22.6136180Z Checks after Regexp filter:
2026-04-29T01:05:22.6136829Z Checks completed: capture-failure-log, capture-failure-log, capture-failure-log, e2e, lint-and-test, autofix, test, maybe-label, web-lint-and-test
2026-04-29T01:05:22.6137554Z Checks in_progress: connected-tests, cross-device-tests
2026-04-29T01:05:22.6138019Z The requested checks aren't complete yet, will check back in 15 seconds...
2026-04-29T01:05:22.6138424Z Checks running on ref:
2026-04-29T01:05:22.6139190Z Checks completed: capture-failure-log, capture-failure-log, capture-failure-log, e2e, lint-and-test, autofix, test, maybe-label, web-lint-and-test
2026-04-29T01:05:22.6139973Z Checks in_progress: connected-tests, cross-device-tests, Auto-merge
2026-04-29T01:05:22.6140365Z Checks after ignore checks filter:
2026-04-29T01:05:22.6141027Z Checks completed: capture-failure-log, capture-failure-log, capture-failure-log, e2e, lint-and-test, autofix, test, maybe-label, web-lint-and-test
2026-04-29T01:05:22.6141760Z Checks in_progress: connected-tests, cross-device-tests
2026-04-29T01:05:22.6142109Z Checks after check_name filter:
2026-04-29T01:05:22.6142695Z Checks completed: capture-failure-log, capture-failure-log, capture-failure-log, e2e, lint-and-test, autofix, test, maybe-label, web-lint-and-test
2026-04-29T01:05:22.6143457Z Checks in_progress: connected-tests, cross-device-tests
2026-04-29T01:05:22.6143737Z Checks after Regexp filter:
2026-04-29T01:05:22.6144265Z Checks completed: capture-failure-log, capture-failure-log, capture-failure-log, e2e, lint-and-test, autofix, test, maybe-label, web-lint-and-test
2026-04-29T01:05:22.6144870Z Checks in_progress: connected-tests, cross-device-tests
2026-04-29T01:05:22.6145236Z The requested checks aren't complete yet, will check back in 15 seconds...
2026-04-29T01:05:22.6145570Z Checks running on ref:
2026-04-29T01:05:22.6146089Z Checks completed: capture-failure-log, capture-failure-log, capture-failure-log, e2e, lint-and-test, autofix, test, maybe-label, web-lint-and-test
2026-04-29T01:05:22.6146735Z Checks in_progress: connected-tests, cross-device-tests, Auto-merge
2026-04-29T01:05:22.6147068Z Checks after ignore checks filter:
2026-04-29T01:05:22.6147606Z Checks completed: capture-failure-log, capture-failure-log, capture-failure-log, e2e, lint-and-test, autofix, test, maybe-label, web-lint-and-test
2026-04-29T01:05:22.6148209Z Checks in_progress: connected-tests, cross-device-tests
2026-04-29T01:05:22.6148493Z Checks after check_name filter:
2026-04-29T01:05:22.6149031Z Checks completed: capture-failure-log, capture-failure-log, capture-failure-log, e2e, lint-and-test, autofix, test, maybe-label, web-lint-and-test
2026-04-29T01:05:22.6149627Z Checks in_progress: connected-tests, cross-device-tests
2026-04-29T01:05:22.6149912Z Checks after Regexp filter:
2026-04-29T01:05:22.6150439Z Checks completed: capture-failure-log, capture-failure-log, capture-failure-log, e2e, lint-and-test, autofix, test, maybe-label, web-lint-and-test
2026-04-29T01:05:22.6151044Z Checks in_progress: connected-tests, cross-device-tests
2026-04-29T01:05:22.6151427Z The requested checks aren't complete yet, will check back in 15 seconds...
2026-04-29T01:05:22.6151753Z Checks running on ref:
2026-04-29T01:05:22.6152343Z Checks completed: capture-failure-log, capture-failure-log, capture-failure-log, e2e, cross-device-tests, lint-and-test, autofix, test, maybe-label, web-lint-and-test
2026-04-29T01:05:22.6153156Z Checks in_progress: connected-tests, Auto-merge
2026-04-29T01:05:22.6153447Z Checks after ignore checks filter:
2026-04-29T01:05:22.6154063Z Checks completed: capture-failure-log, capture-failure-log, capture-failure-log, e2e, cross-device-tests, lint-and-test, autofix, test, maybe-label, web-lint-and-test
2026-04-29T01:05:22.6154799Z Checks in_progress: connected-tests
2026-04-29T01:05:22.6155040Z Checks after check_name filter:
2026-04-29T01:05:22.6155639Z Checks completed: capture-failure-log, capture-failure-log, capture-failure-log, e2e, cross-device-tests, lint-and-test, autofix, test, maybe-label, web-lint-and-test
2026-04-29T01:05:22.6156269Z Checks in_progress: connected-tests
2026-04-29T01:05:22.6156507Z Checks after Regexp filter:
2026-04-29T01:05:22.6157111Z Checks completed: capture-failure-log, capture-failure-log, capture-failure-log, e2e, cross-device-tests, lint-and-test, autofix, test, maybe-label, web-lint-and-test
2026-04-29T01:05:22.6157747Z Checks in_progress: connected-tests
2026-04-29T01:05:22.6158080Z The requested checks aren't complete yet, will check back in 15 seconds...
2026-04-29T01:05:22.6158413Z Checks running on ref:
2026-04-29T01:05:22.6159065Z Checks completed: capture-failure-log, capture-failure-log, capture-failure-log, e2e, cross-device-tests, lint-and-test, autofix, test, maybe-label, web-lint-and-test
2026-04-29T01:05:22.6159730Z Checks in_progress: connected-tests, Auto-merge
2026-04-29T01:05:22.6160004Z Checks after ignore checks filter:
2026-04-29T01:05:22.6160614Z Checks completed: capture-failure-log, capture-failure-log, capture-failure-log, e2e, cross-device-tests, lint-and-test, autofix, test, maybe-label, web-lint-and-test
2026-04-29T01:05:22.6161233Z Checks in_progress: connected-tests
2026-04-29T01:05:22.6161471Z Checks after check_name filter:
2026-04-29T01:05:22.6162076Z Checks completed: capture-failure-log, capture-failure-log, capture-failure-log, e2e, cross-device-tests, lint-and-test, autofix, test, maybe-label, web-lint-and-test
2026-04-29T01:05:22.6162707Z Checks in_progress: connected-tests
2026-04-29T01:05:22.6162938Z Checks after Regexp filter:
2026-04-29T01:05:22.6163657Z Checks completed: capture-failure-log, capture-failure-log, capture-failure-log, e2e, cross-device-tests, lint-and-test, autofix, test, maybe-label, web-lint-and-test
2026-04-29T01:05:22.6164301Z Checks in_progress: connected-tests
2026-04-29T01:05:22.6164646Z The requested checks aren't complete yet, will check back in 15 seconds...
2026-04-29T01:05:22.6164990Z Checks running on ref:
2026-04-29T01:05:22.6165565Z Checks completed: capture-failure-log, capture-failure-log, capture-failure-log, e2e, cross-device-tests, lint-and-test, autofix, test, maybe-label, web-lint-and-test
2026-04-29T01:05:22.6166215Z Checks in_progress: connected-tests, Auto-merge
2026-04-29T01:05:22.6166487Z Checks after ignore checks filter:
2026-04-29T01:05:22.6167099Z Checks completed: capture-failure-log, capture-failure-log, capture-failure-log, e2e, cross-device-tests, lint-and-test, autofix, test, maybe-label, web-lint-and-test
2026-04-29T01:05:22.6167738Z Checks in_progress: connected-tests
2026-04-29T01:05:22.6167966Z Checks after check_name filter:
2026-04-29T01:05:22.6168564Z Checks completed: capture-failure-log, capture-failure-log, capture-failure-log, e2e, cross-device-tests, lint-and-test, autofix, test, maybe-label, web-lint-and-test
2026-04-29T01:05:22.6169192Z Checks in_progress: connected-tests
2026-04-29T01:05:22.6169421Z Checks after Regexp filter:
2026-04-29T01:05:22.6170010Z Checks completed: capture-failure-log, capture-failure-log, capture-failure-log, e2e, cross-device-tests, lint-and-test, autofix, test, maybe-label, web-lint-and-test
2026-04-29T01:05:22.6170624Z Checks in_progress: connected-tests
2026-04-29T01:05:22.6170946Z The requested checks aren't complete yet, will check back in 15 seconds...
2026-04-29T01:05:22.6171276Z Checks running on ref:
2026-04-29T01:05:22.6171855Z Checks completed: capture-failure-log, capture-failure-log, capture-failure-log, e2e, cross-device-tests, lint-and-test, autofix, test, maybe-label, web-lint-and-test
2026-04-29T01:05:22.6172499Z Checks in_progress: connected-tests, Auto-merge
2026-04-29T01:05:22.6172777Z Checks after ignore checks filter:
2026-04-29T01:05:22.6173679Z Checks completed: capture-failure-log, capture-failure-log, capture-failure-log, e2e, cross-device-tests, lint-and-test, autofix, test, maybe-label, web-lint-and-test
2026-04-29T01:05:22.6174305Z Checks in_progress: connected-tests
2026-04-29T01:05:22.6174545Z Checks after check_name filter:
2026-04-29T01:07:26.9380090Z Checks completed: capture-failure-log, capture-failure-log, capture-failure-log, e2e, cross-device-tests, lint-and-test, autofix, test, maybe-label, web-lint-and-test
2026-04-29T01:07:26.9381138Z Checks in_progress: connected-tests
2026-04-29T01:07:26.9381587Z Checks after Regexp filter:
2026-04-29T01:07:26.9382674Z Checks completed: capture-failure-log, capture-failure-log, capture-failure-log, e2e, cross-device-tests, lint-and-test, autofix, test, maybe-label, web-lint-and-test
2026-04-29T01:07:26.9383675Z Checks in_progress: connected-tests
2026-04-29T01:07:26.9384430Z The requested checks aren't complete yet, will check back in 15 seconds...
2026-04-29T01:07:26.9384863Z Checks running on ref:
2026-04-29T01:07:26.9385578Z Checks completed: capture-failure-log, capture-failure-log, capture-failure-log, e2e, cross-device-tests, lint-and-test, autofix, test, maybe-label, web-lint-and-test
2026-04-29T01:07:26.9386384Z Checks in_progress: connected-tests, Auto-merge
2026-04-29T01:07:26.9386726Z Checks after ignore checks filter:
2026-04-29T01:07:26.9387491Z Checks completed: capture-failure-log, capture-failure-log, capture-failure-log, e2e, cross-device-tests, lint-and-test, autofix, test, maybe-label, web-lint-and-test
2026-04-29T01:07:26.9388258Z Checks in_progress: connected-tests
2026-04-29T01:07:26.9388556Z Checks after check_name filter:
2026-04-29T01:07:26.9389276Z Checks completed: capture-failure-log, capture-failure-log, capture-failure-log, e2e, cross-device-tests, lint-and-test, autofix, test, maybe-label, web-lint-and-test
2026-04-29T01:07:26.9390026Z Checks in_progress: connected-tests
2026-04-29T01:07:26.9390317Z Checks after Regexp filter:
2026-04-29T01:07:26.9391038Z Checks completed: capture-failure-log, capture-failure-log, capture-failure-log, e2e, cross-device-tests, lint-and-test, autofix, test, maybe-label, web-lint-and-test
2026-04-29T01:07:26.9391790Z Checks in_progress: connected-tests
2026-04-29T01:07:26.9392184Z The requested checks aren't complete yet, will check back in 15 seconds...
2026-04-29T01:07:26.9392591Z Checks running on ref:
2026-04-29T01:07:26.9393496Z Checks completed: capture-failure-log, capture-failure-log, capture-failure-log, e2e, cross-device-tests, lint-and-test, autofix, test, maybe-label, web-lint-and-test
2026-04-29T01:07:26.9394288Z Checks in_progress: connected-tests, Auto-merge
2026-04-29T01:07:26.9394624Z Checks after ignore checks filter:
2026-04-29T01:07:26.9395368Z Checks completed: capture-failure-log, capture-failure-log, capture-failure-log, e2e, cross-device-tests, lint-and-test, autofix, test, maybe-label, web-lint-and-test
2026-04-29T01:07:26.9396119Z Checks in_progress: connected-tests
2026-04-29T01:07:26.9396411Z Checks after check_name filter:
2026-04-29T01:07:26.9397145Z Checks completed: capture-failure-log, capture-failure-log, capture-failure-log, e2e, cross-device-tests, lint-and-test, autofix, test, maybe-label, web-lint-and-test
2026-04-29T01:07:26.9397903Z Checks in_progress: connected-tests
2026-04-29T01:07:26.9398176Z Checks after Regexp filter:
2026-04-29T01:07:26.9398889Z Checks completed: capture-failure-log, capture-failure-log, capture-failure-log, e2e, cross-device-tests, lint-and-test, autofix, test, maybe-label, web-lint-and-test
2026-04-29T01:07:26.9399643Z Checks in_progress: connected-tests
2026-04-29T01:07:26.9400036Z The requested checks aren't complete yet, will check back in 15 seconds...
2026-04-29T01:07:26.9400435Z Checks running on ref:
2026-04-29T01:07:26.9401126Z Checks completed: capture-failure-log, capture-failure-log, capture-failure-log, e2e, cross-device-tests, lint-and-test, autofix, test, maybe-label, web-lint-and-test
2026-04-29T01:07:26.9401906Z Checks in_progress: connected-tests, Auto-merge
2026-04-29T01:07:26.9402358Z Checks after ignore checks filter:
2026-04-29T01:07:26.9403240Z Checks completed: capture-failure-log, capture-failure-log, capture-failure-log, e2e, cross-device-tests, lint-and-test, autofix, test, maybe-label, web-lint-and-test
2026-04-29T01:07:26.9403996Z Checks in_progress: connected-tests
2026-04-29T01:07:26.9404276Z Checks after check_name filter:
2026-04-29T01:07:26.9404986Z Checks completed: capture-failure-log, capture-failure-log, capture-failure-log, e2e, cross-device-tests, lint-and-test, autofix, test, maybe-label, web-lint-and-test
2026-04-29T01:07:26.9405740Z Checks in_progress: connected-tests
2026-04-29T01:07:26.9406021Z Checks after Regexp filter:
2026-04-29T01:07:26.9406734Z Checks completed: capture-failure-log, capture-failure-log, capture-failure-log, e2e, cross-device-tests, lint-and-test, autofix, test, maybe-label, web-lint-and-test
2026-04-29T01:07:26.9407491Z Checks in_progress: connected-tests
2026-04-29T01:07:26.9407910Z The requested checks aren't complete yet, will check back in 15 seconds...
2026-04-29T01:07:26.9408245Z Checks running on ref:
2026-04-29T01:07:26.9408823Z Checks completed: capture-failure-log, capture-failure-log, capture-failure-log, e2e, cross-device-tests, lint-and-test, autofix, test, maybe-label, web-lint-and-test
2026-04-29T01:07:26.9409475Z Checks in_progress: connected-tests, Auto-merge
2026-04-29T01:07:26.9409740Z Checks after ignore checks filter:
2026-04-29T01:07:26.9410348Z Checks completed: capture-failure-log, capture-failure-log, capture-failure-log, e2e, cross-device-tests, lint-and-test, autofix, test, maybe-label, web-lint-and-test
2026-04-29T01:07:26.9410975Z Checks in_progress: connected-tests
2026-04-29T01:07:26.9411219Z Checks after check_name filter:
2026-04-29T01:07:26.9411817Z Checks completed: capture-failure-log, capture-failure-log, capture-failure-log, e2e, cross-device-tests, lint-and-test, autofix, test, maybe-label, web-lint-and-test
2026-04-29T01:07:26.9412444Z Checks in_progress: connected-tests
2026-04-29T01:07:26.9412675Z Checks after Regexp filter:
2026-04-29T01:07:26.9413399Z Checks completed: capture-failure-log, capture-failure-log, capture-failure-log, e2e, cross-device-tests, lint-and-test, autofix, test, maybe-label, web-lint-and-test
2026-04-29T01:07:26.9414021Z Checks in_progress: connected-tests
2026-04-29T01:07:26.9414344Z The requested checks aren't complete yet, will check back in 15 seconds...
2026-04-29T01:07:26.9414673Z Checks running on ref:
2026-04-29T01:07:26.9415248Z Checks completed: capture-failure-log, capture-failure-log, capture-failure-log, e2e, cross-device-tests, lint-and-test, autofix, test, maybe-label, web-lint-and-test
2026-04-29T01:07:26.9415898Z Checks in_progress: connected-tests, Auto-merge
2026-04-29T01:07:26.9416171Z Checks after ignore checks filter:
2026-04-29T01:07:26.9416782Z Checks completed: capture-failure-log, capture-failure-log, capture-failure-log, e2e, cross-device-tests, lint-and-test, autofix, test, maybe-label, web-lint-and-test
2026-04-29T01:07:26.9417428Z Checks in_progress: connected-tests
2026-04-29T01:07:26.9417682Z Checks after check_name filter:
2026-04-29T01:07:26.9418290Z Checks completed: capture-failure-log, capture-failure-log, capture-failure-log, e2e, cross-device-tests, lint-and-test, autofix, test, maybe-label, web-lint-and-test
2026-04-29T01:07:26.9418930Z Checks in_progress: connected-tests
2026-04-29T01:07:26.9419151Z Checks after Regexp filter:
2026-04-29T01:07:26.9419739Z Checks completed: capture-failure-log, capture-failure-log, capture-failure-log, e2e, cross-device-tests, lint-and-test, autofix, test, maybe-label, web-lint-and-test
2026-04-29T01:07:26.9420362Z Checks in_progress: connected-tests
2026-04-29T01:07:26.9420686Z The requested checks aren't complete yet, will check back in 15 seconds...
2026-04-29T01:07:26.9421074Z Checks running on ref:
2026-04-29T01:07:26.9421717Z Checks completed: capture-failure-log, capture-failure-log, capture-failure-log, e2e, cross-device-tests, lint-and-test, autofix, test, maybe-label, web-lint-and-test
2026-04-29T01:07:26.9422462Z Checks in_progress: connected-tests, Auto-merge
2026-04-29T01:07:26.9422727Z Checks after ignore checks filter:
2026-04-29T01:07:26.9423485Z Checks completed: capture-failure-log, capture-failure-log, capture-failure-log, e2e, cross-device-tests, lint-and-test, autofix, test, maybe-label, web-lint-and-test
2026-04-29T01:07:26.9424105Z Checks in_progress: connected-tests
2026-04-29T01:07:26.9424341Z Checks after check_name filter:
2026-04-29T01:07:26.9424937Z Checks completed: capture-failure-log, capture-failure-log, capture-failure-log, e2e, cross-device-tests, lint-and-test, autofix, test, maybe-label, web-lint-and-test
2026-04-29T01:07:26.9425561Z Checks in_progress: connected-tests
2026-04-29T01:07:26.9425781Z Checks after Regexp filter:
2026-04-29T01:07:26.9426453Z Checks completed: capture-failure-log, capture-failure-log, capture-failure-log, e2e, cross-device-tests, lint-and-test, autofix, test, maybe-label, web-lint-and-test
2026-04-29T01:07:26.9427178Z Checks in_progress: connected-tests
2026-04-29T01:07:26.9427500Z The requested checks aren't complete yet, will check back in 15 seconds...
2026-04-29T01:07:26.9427830Z Checks running on ref:
2026-04-29T01:07:26.9428396Z Checks completed: capture-failure-log, capture-failure-log, capture-failure-log, e2e, cross-device-tests, lint-and-test, autofix, test, maybe-label, web-lint-and-test
2026-04-29T01:07:26.9429038Z Checks in_progress: connected-tests, Auto-merge
2026-04-29T01:07:26.9429310Z Checks after ignore checks filter:
2026-04-29T01:07:26.9429916Z Checks completed: capture-failure-log, capture-failure-log, capture-failure-log, e2e, cross-device-tests, lint-and-test, autofix, test, maybe-label, web-lint-and-test
2026-04-29T01:07:26.9430542Z Checks in_progress: connected-tests
2026-04-29T01:07:26.9430836Z Checks after check_name filter:
2026-04-29T01:07:26.9431440Z Checks completed: capture-failure-log, capture-failure-log, capture-failure-log, e2e, cross-device-tests, lint-and-test, autofix, test, maybe-label, web-lint-and-test
2026-04-29T01:07:26.9432068Z Checks in_progress: connected-tests
2026-04-29T01:07:26.9432301Z Checks after Regexp filter:
2026-04-29T01:07:26.9432888Z Checks completed: capture-failure-log, capture-failure-log, capture-failure-log, e2e, cross-device-tests, lint-and-test, autofix, test, maybe-label, web-lint-and-test
2026-04-29T01:07:26.9433706Z Checks in_progress: connected-tests
2026-04-29T01:07:26.9434036Z The requested checks aren't complete yet, will check back in 15 seconds...
2026-04-29T01:07:26.9434370Z Checks running on ref:
2026-04-29T01:07:26.9434950Z Checks completed: capture-failure-log, capture-failure-log, capture-failure-log, e2e, cross-device-tests, lint-and-test, autofix, test, maybe-label, web-lint-and-test
2026-04-29T01:07:26.9435592Z Checks in_progress: connected-tests, Auto-merge
2026-04-29T01:07:26.9435871Z Checks after ignore checks filter:
2026-04-29T01:07:26.9436478Z Checks completed: capture-failure-log, capture-failure-log, capture-failure-log, e2e, cross-device-tests, lint-and-test, autofix, test, maybe-label, web-lint-and-test
2026-04-29T01:07:26.9437116Z Checks in_progress: connected-tests
2026-04-29T01:07:26.9437342Z Checks after check_name filter:
2026-04-29T01:07:26.9437944Z Checks completed: capture-failure-log, capture-failure-log, capture-failure-log, e2e, cross-device-tests, lint-and-test, autofix, test, maybe-label, web-lint-and-test
2026-04-29T01:07:26.9438575Z Checks in_progress: connected-tests
2026-04-29T01:09:31.4137074Z Checks after Regexp filter:
2026-04-29T01:09:31.4137947Z Checks completed: capture-failure-log, capture-failure-log, capture-failure-log, e2e, cross-device-tests, lint-and-test, autofix, test, maybe-label, web-lint-and-test
2026-04-29T01:09:31.4138756Z Checks in_progress: connected-tests
2026-04-29T01:09:31.4139411Z The requested checks aren't complete yet, will check back in 15 seconds...
2026-04-29T01:09:31.4140016Z Checks running on ref:
2026-04-29T01:09:31.4141231Z Checks completed: capture-failure-log, capture-failure-log, capture-failure-log, e2e, cross-device-tests, lint-and-test, autofix, test, maybe-label, web-lint-and-test
2026-04-29T01:09:31.4142556Z Checks in_progress: connected-tests, Auto-merge
2026-04-29T01:09:31.4142892Z Checks after ignore checks filter:
2026-04-29T01:09:31.4143954Z Checks completed: capture-failure-log, capture-failure-log, capture-failure-log, e2e, cross-device-tests, lint-and-test, autofix, test, maybe-label, web-lint-and-test
2026-04-29T01:09:31.4144723Z Checks in_progress: connected-tests
2026-04-29T01:09:31.4145016Z Checks after check_name filter:
2026-04-29T01:09:31.4145810Z Checks completed: capture-failure-log, capture-failure-log, capture-failure-log, e2e, cross-device-tests, lint-and-test, autofix, test, maybe-label, web-lint-and-test
2026-04-29T01:09:31.4146659Z Checks in_progress: connected-tests
2026-04-29T01:09:31.4146955Z Checks after Regexp filter:
2026-04-29T01:09:31.4147878Z Checks completed: capture-failure-log, capture-failure-log, capture-failure-log, e2e, cross-device-tests, lint-and-test, autofix, test, maybe-label, web-lint-and-test
2026-04-29T01:09:31.4148827Z Checks in_progress: connected-tests
2026-04-29T01:09:31.4149228Z The requested checks aren't complete yet, will check back in 15 seconds...
2026-04-29T01:09:31.4149653Z Checks running on ref:
2026-04-29T01:09:31.4150389Z Checks completed: capture-failure-log, capture-failure-log, capture-failure-log, e2e, cross-device-tests, lint-and-test, autofix, test, maybe-label, web-lint-and-test
2026-04-29T01:09:31.4151338Z Checks in_progress: connected-tests, Auto-merge
2026-04-29T01:09:31.4151668Z Checks after ignore checks filter:
2026-04-29T01:09:31.4152392Z Checks completed: capture-failure-log, capture-failure-log, capture-failure-log, e2e, cross-device-tests, lint-and-test, autofix, test, maybe-label, web-lint-and-test
2026-04-29T01:09:31.4153300Z Checks in_progress: connected-tests
2026-04-29T01:09:31.4153588Z Checks after check_name filter:
2026-04-29T01:09:31.4154318Z Checks completed: capture-failure-log, capture-failure-log, capture-failure-log, e2e, cross-device-tests, lint-and-test, autofix, test, maybe-label, web-lint-and-test
2026-04-29T01:09:31.4155086Z Checks in_progress: connected-tests
2026-04-29T01:09:31.4155364Z Checks after Regexp filter:
2026-04-29T01:09:31.4156083Z Checks completed: capture-failure-log, capture-failure-log, capture-failure-log, e2e, cross-device-tests, lint-and-test, autofix, test, maybe-label, web-lint-and-test
2026-04-29T01:09:31.4156839Z Checks in_progress: connected-tests
2026-04-29T01:09:31.4157233Z The requested checks aren't complete yet, will check back in 15 seconds...
2026-04-29T01:09:31.4157627Z Checks running on ref:
2026-04-29T01:09:31.4158346Z Checks completed: capture-failure-log, capture-failure-log, capture-failure-log, e2e, cross-device-tests, lint-and-test, autofix, test, maybe-label, web-lint-and-test
2026-04-29T01:09:31.4159147Z Checks in_progress: connected-tests, Auto-merge
2026-04-29T01:09:31.4159469Z Checks after ignore checks filter:
2026-04-29T01:09:31.4160234Z Checks completed: capture-failure-log, capture-failure-log, capture-failure-log, e2e, cross-device-tests, lint-and-test, autofix, test, maybe-label, web-lint-and-test
2026-04-29T01:09:31.4160982Z Checks in_progress: connected-tests
2026-04-29T01:09:31.4161261Z Checks after check_name filter:
2026-04-29T01:09:31.4161988Z Checks completed: capture-failure-log, capture-failure-log, capture-failure-log, e2e, cross-device-tests, lint-and-test, autofix, test, maybe-label, web-lint-and-test
2026-04-29T01:09:31.4162742Z Checks in_progress: connected-tests
2026-04-29T01:09:31.4163134Z Checks after Regexp filter:
2026-04-29T01:09:31.4163931Z Checks completed: capture-failure-log, capture-failure-log, capture-failure-log, e2e, cross-device-tests, lint-and-test, autofix, test, maybe-label, web-lint-and-test
2026-04-29T01:09:31.4164685Z Checks in_progress: connected-tests
2026-04-29T01:09:31.4165081Z The requested checks aren't complete yet, will check back in 15 seconds...
2026-04-29T01:09:31.4165489Z Checks running on ref:
2026-04-29T01:09:31.4167835Z Checks completed: capture-failure-log, capture-failure-log, capture-failure-log, e2e, cross-device-tests, lint-and-test, autofix, test, maybe-label, web-lint-and-test
2026-04-29T01:09:31.4168492Z Checks in_progress: connected-tests, Auto-merge
2026-04-29T01:09:31.4168763Z Checks after ignore checks filter:
2026-04-29T01:09:31.4169369Z Checks completed: capture-failure-log, capture-failure-log, capture-failure-log, e2e, cross-device-tests, lint-and-test, autofix, test, maybe-label, web-lint-and-test
2026-04-29T01:09:31.4170001Z Checks in_progress: connected-tests
2026-04-29T01:09:31.4170228Z Checks after check_name filter:
2026-04-29T01:09:31.4170835Z Checks completed: capture-failure-log, capture-failure-log, capture-failure-log, e2e, cross-device-tests, lint-and-test, autofix, test, maybe-label, web-lint-and-test
2026-04-29T01:09:31.4171463Z Checks in_progress: connected-tests
2026-04-29T01:09:31.4171695Z Checks after Regexp filter:
2026-04-29T01:09:31.4172356Z Checks completed: capture-failure-log, capture-failure-log, capture-failure-log, e2e, cross-device-tests, lint-and-test, autofix, test, maybe-label, web-lint-and-test
2026-04-29T01:09:31.4173138Z Checks in_progress: connected-tests
2026-04-29T01:09:31.4173526Z The requested checks aren't complete yet, will check back in 15 seconds...
2026-04-29T01:09:31.4173863Z Checks running on ref:
2026-04-29T01:09:31.4174452Z Checks completed: capture-failure-log, capture-failure-log, capture-failure-log, e2e, cross-device-tests, lint-and-test, autofix, test, maybe-label, web-lint-and-test
2026-04-29T01:09:31.4175101Z Checks in_progress: connected-tests, Auto-merge
2026-04-29T01:09:31.4175384Z Checks after ignore checks filter:
2026-04-29T01:09:31.4176001Z Checks completed: capture-failure-log, capture-failure-log, capture-failure-log, e2e, cross-device-tests, lint-and-test, autofix, test, maybe-label, web-lint-and-test
2026-04-29T01:09:31.4176642Z Checks in_progress: connected-tests
2026-04-29T01:09:31.4176889Z Checks after check_name filter:
2026-04-29T01:09:31.4177494Z Checks completed: capture-failure-log, capture-failure-log, capture-failure-log, e2e, cross-device-tests, lint-and-test, autofix, test, maybe-label, web-lint-and-test
2026-04-29T01:09:31.4178125Z Checks in_progress: connected-tests
2026-04-29T01:09:31.4178356Z Checks after Regexp filter:
2026-04-29T01:09:31.4178941Z Checks completed: capture-failure-log, capture-failure-log, capture-failure-log, e2e, cross-device-tests, lint-and-test, autofix, test, maybe-label, web-lint-and-test
2026-04-29T01:09:31.4179563Z Checks in_progress: connected-tests
2026-04-29T01:09:31.4179888Z The requested checks aren't complete yet, will check back in 15 seconds...
2026-04-29T01:09:31.4180222Z Checks running on ref:
2026-04-29T01:09:31.4180788Z Checks completed: capture-failure-log, capture-failure-log, capture-failure-log, e2e, cross-device-tests, lint-and-test, autofix, test, maybe-label, web-lint-and-test
2026-04-29T01:09:31.4181445Z Checks in_progress: connected-tests, Auto-merge
2026-04-29T01:09:31.4181713Z Checks after ignore checks filter:
2026-04-29T01:09:31.4182315Z Checks completed: capture-failure-log, capture-failure-log, capture-failure-log, e2e, cross-device-tests, lint-and-test, autofix, test, maybe-label, web-lint-and-test
2026-04-29T01:09:31.4182932Z Checks in_progress: connected-tests
2026-04-29T01:09:31.4183302Z Checks after check_name filter:
2026-04-29T01:09:31.4183889Z Checks completed: capture-failure-log, capture-failure-log, capture-failure-log, e2e, cross-device-tests, lint-and-test, autofix, test, maybe-label, web-lint-and-test
2026-04-29T01:09:31.4184517Z Checks in_progress: connected-tests
2026-04-29T01:09:31.4184751Z Checks after Regexp filter:
2026-04-29T01:09:31.4185342Z Checks completed: capture-failure-log, capture-failure-log, capture-failure-log, e2e, cross-device-tests, lint-and-test, autofix, test, maybe-label, web-lint-and-test
2026-04-29T01:09:31.4185967Z Checks in_progress: connected-tests
2026-04-29T01:09:31.4186292Z The requested checks aren't complete yet, will check back in 15 seconds...
2026-04-29T01:09:31.4186713Z Checks running on ref:
2026-04-29T01:09:31.4187286Z Checks completed: capture-failure-log, capture-failure-log, capture-failure-log, e2e, cross-device-tests, lint-and-test, autofix, test, maybe-label, web-lint-and-test
2026-04-29T01:09:31.4187932Z Checks in_progress: connected-tests, Auto-merge
2026-04-29T01:09:31.4188202Z Checks after ignore checks filter:
2026-04-29T01:09:31.4188799Z Checks completed: capture-failure-log, capture-failure-log, capture-failure-log, e2e, cross-device-tests, lint-and-test, autofix, test, maybe-label, web-lint-and-test
2026-04-29T01:09:31.4189432Z Checks in_progress: connected-tests
2026-04-29T01:09:31.4189670Z Checks after check_name filter:
2026-04-29T01:09:31.4190271Z Checks completed: capture-failure-log, capture-failure-log, capture-failure-log, e2e, cross-device-tests, lint-and-test, autofix, test, maybe-label, web-lint-and-test
2026-04-29T01:09:31.4190974Z Checks in_progress: connected-tests
2026-04-29T01:09:31.4191212Z Checks after Regexp filter:
2026-04-29T01:09:31.4191800Z Checks completed: capture-failure-log, capture-failure-log, capture-failure-log, e2e, cross-device-tests, lint-and-test, autofix, test, maybe-label, web-lint-and-test
2026-04-29T01:09:31.4192423Z Checks in_progress: connected-tests
2026-04-29T01:09:31.4192752Z The requested checks aren't complete yet, will check back in 15 seconds...
2026-04-29T01:09:31.4193187Z Checks running on ref:
2026-04-29T01:09:31.4193763Z Checks completed: capture-failure-log, capture-failure-log, capture-failure-log, e2e, cross-device-tests, lint-and-test, autofix, test, maybe-label, web-lint-and-test
2026-04-29T01:09:31.4194412Z Checks in_progress: connected-tests, Auto-merge
2026-04-29T01:09:31.4194686Z Checks after ignore checks filter:
2026-04-29T01:09:31.4195281Z Checks completed: capture-failure-log, capture-failure-log, capture-failure-log, e2e, cross-device-tests, lint-and-test, autofix, test, maybe-label, web-lint-and-test
2026-04-29T01:09:31.4195917Z Checks in_progress: connected-tests
2026-04-29T01:09:31.4196150Z Checks after check_name filter:
2026-04-29T01:09:31.4196754Z Checks completed: capture-failure-log, capture-failure-log, capture-failure-log, e2e, cross-device-tests, lint-and-test, autofix, test, maybe-label, web-lint-and-test
2026-04-29T01:09:31.4197376Z Checks in_progress: connected-tests
2026-04-29T01:09:31.4197602Z Checks after Regexp filter:
2026-04-29T01:11:36.0676532Z Checks completed: capture-failure-log, capture-failure-log, capture-failure-log, e2e, cross-device-tests, lint-and-test, autofix, test, maybe-label, web-lint-and-test
2026-04-29T01:11:36.0677291Z Checks in_progress: connected-tests
2026-04-29T01:11:36.0677816Z The requested checks aren't complete yet, will check back in 15 seconds...
2026-04-29T01:11:36.0678350Z Checks running on ref:
2026-04-29T01:11:36.0679323Z Checks completed: capture-failure-log, capture-failure-log, capture-failure-log, e2e, cross-device-tests, lint-and-test, autofix, test, maybe-label, web-lint-and-test
2026-04-29T01:11:36.0680195Z Checks in_progress: connected-tests, Auto-merge
2026-04-29T01:11:36.0680483Z Checks after ignore checks filter:
2026-04-29T01:11:36.0681106Z Checks completed: capture-failure-log, capture-failure-log, capture-failure-log, e2e, cross-device-tests, lint-and-test, autofix, test, maybe-label, web-lint-and-test
2026-04-29T01:11:36.0681748Z Checks in_progress: connected-tests
2026-04-29T01:11:36.0681984Z Checks after check_name filter:
2026-04-29T01:11:36.0682592Z Checks completed: capture-failure-log, capture-failure-log, capture-failure-log, e2e, cross-device-tests, lint-and-test, autofix, test, maybe-label, web-lint-and-test
2026-04-29T01:11:36.0683447Z Checks in_progress: connected-tests
2026-04-29T01:11:36.0683699Z Checks after Regexp filter:
2026-04-29T01:11:36.0684311Z Checks completed: capture-failure-log, capture-failure-log, capture-failure-log, e2e, cross-device-tests, lint-and-test, autofix, test, maybe-label, web-lint-and-test
2026-04-29T01:11:36.0684945Z Checks in_progress: connected-tests
2026-04-29T01:11:36.0685606Z The requested checks aren't complete yet, will check back in 15 seconds...
2026-04-29T01:11:36.0685954Z Checks running on ref:
2026-04-29T01:11:36.0686545Z Checks completed: capture-failure-log, capture-failure-log, capture-failure-log, e2e, cross-device-tests, lint-and-test, autofix, test, maybe-label, web-lint-and-test
2026-04-29T01:11:36.0687197Z Checks in_progress: connected-tests, Auto-merge
2026-04-29T01:11:36.0687467Z Checks after ignore checks filter:
2026-04-29T01:11:36.0688083Z Checks completed: capture-failure-log, capture-failure-log, capture-failure-log, e2e, cross-device-tests, lint-and-test, autofix, test, maybe-label, web-lint-and-test
2026-04-29T01:11:36.0688718Z Checks in_progress: connected-tests
2026-04-29T01:11:36.0688964Z Checks after check_name filter:
2026-04-29T01:11:36.0689664Z Checks completed: capture-failure-log, capture-failure-log, capture-failure-log, e2e, cross-device-tests, lint-and-test, autofix, test, maybe-label, web-lint-and-test
2026-04-29T01:11:36.0690292Z Checks in_progress: connected-tests
2026-04-29T01:11:36.0690532Z Checks after Regexp filter:
2026-04-29T01:11:36.0691118Z Checks completed: capture-failure-log, capture-failure-log, capture-failure-log, e2e, cross-device-tests, lint-and-test, autofix, test, maybe-label, web-lint-and-test
2026-04-29T01:11:36.0691748Z Checks in_progress: connected-tests
2026-04-29T01:11:36.0692072Z The requested checks aren't complete yet, will check back in 15 seconds...
2026-04-29T01:11:36.0692409Z Checks running on ref:
2026-04-29T01:11:36.0693110Z Checks completed: capture-failure-log, capture-failure-log, capture-failure-log, e2e, cross-device-tests, lint-and-test, autofix, test, maybe-label, web-lint-and-test
2026-04-29T01:11:36.0693780Z Checks in_progress: connected-tests, Auto-merge
2026-04-29T01:11:36.0694052Z Checks after ignore checks filter:
2026-04-29T01:11:36.0694664Z Checks completed: capture-failure-log, capture-failure-log, capture-failure-log, e2e, cross-device-tests, lint-and-test, autofix, test, maybe-label, web-lint-and-test
2026-04-29T01:11:36.0695299Z Checks in_progress: connected-tests
2026-04-29T01:11:36.0695537Z Checks after check_name filter:
2026-04-29T01:11:36.0696135Z Checks completed: capture-failure-log, capture-failure-log, capture-failure-log, e2e, cross-device-tests, lint-and-test, autofix, test, maybe-label, web-lint-and-test
2026-04-29T01:11:36.0696759Z Checks in_progress: connected-tests
2026-04-29T01:11:36.0696996Z Checks after Regexp filter:
2026-04-29T01:11:36.0697589Z Checks completed: capture-failure-log, capture-failure-log, capture-failure-log, e2e, cross-device-tests, lint-and-test, autofix, test, maybe-label, web-lint-and-test
2026-04-29T01:11:36.0698224Z Checks in_progress: connected-tests
2026-04-29T01:11:36.0698560Z The requested checks aren't complete yet, will check back in 15 seconds...
2026-04-29T01:11:36.0698891Z Checks running on ref:
2026-04-29T01:11:36.0699475Z Checks completed: capture-failure-log, capture-failure-log, capture-failure-log, e2e, cross-device-tests, lint-and-test, autofix, test, maybe-label, web-lint-and-test
2026-04-29T01:11:36.0700144Z Checks in_progress: connected-tests, Auto-merge
2026-04-29T01:11:36.0700419Z Checks after ignore checks filter:
2026-04-29T01:11:36.0701025Z Checks completed: capture-failure-log, capture-failure-log, capture-failure-log, e2e, cross-device-tests, lint-and-test, autofix, test, maybe-label, web-lint-and-test
2026-04-29T01:11:36.0701644Z Checks in_progress: connected-tests
2026-04-29T01:11:36.0701879Z Checks after check_name filter:
2026-04-29T01:11:36.0702482Z Checks completed: capture-failure-log, capture-failure-log, capture-failure-log, e2e, cross-device-tests, lint-and-test, autofix, test, maybe-label, web-lint-and-test
2026-04-29T01:11:36.0703243Z Checks in_progress: connected-tests
2026-04-29T01:11:36.0703474Z Checks after Regexp filter:
2026-04-29T01:11:36.0704111Z Checks completed: capture-failure-log, capture-failure-log, capture-failure-log, e2e, cross-device-tests, lint-and-test, autofix, test, maybe-label, web-lint-and-test
2026-04-29T01:11:36.0704836Z Checks in_progress: connected-tests
2026-04-29T01:11:36.0705163Z The requested checks aren't complete yet, will check back in 15 seconds...
2026-04-29T01:11:36.0705487Z Checks running on ref:
2026-04-29T01:11:36.0706066Z Checks completed: capture-failure-log, capture-failure-log, capture-failure-log, e2e, cross-device-tests, lint-and-test, autofix, test, maybe-label, web-lint-and-test
2026-04-29T01:11:36.0706723Z Checks in_progress: connected-tests, Auto-merge
2026-04-29T01:11:36.0706997Z Checks after ignore checks filter:
2026-04-29T01:11:36.0707612Z Checks completed: capture-failure-log, capture-failure-log, capture-failure-log, e2e, cross-device-tests, lint-and-test, autofix, test, maybe-label, web-lint-and-test
2026-04-29T01:11:36.0708231Z Checks in_progress: connected-tests
2026-04-29T01:11:36.0708470Z Checks after check_name filter:
2026-04-29T01:11:36.0709133Z Checks completed: capture-failure-log, capture-failure-log, capture-failure-log, e2e, cross-device-tests, lint-and-test, autofix, test, maybe-label, web-lint-and-test
2026-04-29T01:11:36.0709762Z Checks in_progress: connected-tests
2026-04-29T01:11:36.0709990Z Checks after Regexp filter:
2026-04-29T01:11:36.0710583Z Checks completed: capture-failure-log, capture-failure-log, capture-failure-log, e2e, cross-device-tests, lint-and-test, autofix, test, maybe-label, web-lint-and-test
2026-04-29T01:11:36.0711210Z Checks in_progress: connected-tests
2026-04-29T01:11:36.0711532Z The requested checks aren't complete yet, will check back in 15 seconds...
2026-04-29T01:11:36.0711863Z Checks running on ref:
2026-04-29T01:11:36.0712432Z Checks completed: capture-failure-log, capture-failure-log, capture-failure-log, e2e, cross-device-tests, lint-and-test, autofix, test, maybe-label, web-lint-and-test
2026-04-29T01:11:36.0713247Z Checks in_progress: connected-tests, Auto-merge
2026-04-29T01:11:36.0713521Z Checks after ignore checks filter:
2026-04-29T01:11:36.0714128Z Checks completed: capture-failure-log, capture-failure-log, capture-failure-log, e2e, cross-device-tests, lint-and-test, autofix, test, maybe-label, web-lint-and-test
2026-04-29T01:11:36.0714759Z Checks in_progress: connected-tests
2026-04-29T01:11:36.0714987Z Checks after check_name filter:
2026-04-29T01:11:36.0715584Z Checks completed: capture-failure-log, capture-failure-log, capture-failure-log, e2e, cross-device-tests, lint-and-test, autofix, test, maybe-label, web-lint-and-test
2026-04-29T01:11:36.0716208Z Checks in_progress: connected-tests
2026-04-29T01:11:36.0716439Z Checks after Regexp filter:
2026-04-29T01:11:36.0717020Z Checks completed: capture-failure-log, capture-failure-log, capture-failure-log, e2e, cross-device-tests, lint-and-test, autofix, test, maybe-label, web-lint-and-test
2026-04-29T01:11:36.0717643Z Checks in_progress: connected-tests
2026-04-29T01:11:36.0717967Z The requested checks aren't complete yet, will check back in 15 seconds...
2026-04-29T01:11:36.0718305Z Checks running on ref:
2026-04-29T01:11:36.0718887Z Checks completed: capture-failure-log, capture-failure-log, capture-failure-log, e2e, cross-device-tests, lint-and-test, autofix, test, maybe-label, web-lint-and-test
2026-04-29T01:11:36.0719531Z Checks in_progress: connected-tests, Auto-merge
2026-04-29T01:11:36.0719806Z Checks after ignore checks filter:
2026-04-29T01:11:36.0720419Z Checks completed: capture-failure-log, capture-failure-log, capture-failure-log, e2e, cross-device-tests, lint-and-test, autofix, test, maybe-label, web-lint-and-test
2026-04-29T01:11:36.0721049Z Checks in_progress: connected-tests
2026-04-29T01:11:36.0721309Z Checks after check_name filter:
2026-04-29T01:11:36.0721908Z Checks completed: capture-failure-log, capture-failure-log, capture-failure-log, e2e, cross-device-tests, lint-and-test, autofix, test, maybe-label, web-lint-and-test
2026-04-29T01:11:36.0722530Z Checks in_progress: connected-tests
2026-04-29T01:11:36.0722764Z Checks after Regexp filter:
2026-04-29T01:11:36.0723484Z Checks completed: capture-failure-log, capture-failure-log, capture-failure-log, e2e, cross-device-tests, lint-and-test, autofix, test, maybe-label, web-lint-and-test
2026-04-29T01:11:36.0724195Z Checks in_progress: connected-tests
2026-04-29T01:11:36.0724525Z The requested checks aren't complete yet, will check back in 15 seconds...
2026-04-29T01:11:36.0724865Z Checks running on ref:
2026-04-29T01:11:36.0725444Z Checks completed: capture-failure-log, capture-failure-log, capture-failure-log, e2e, cross-device-tests, lint-and-test, autofix, test, maybe-label, web-lint-and-test
2026-04-29T01:11:36.0726098Z Checks in_progress: connected-tests, Auto-merge
2026-04-29T01:11:36.0726367Z Checks after ignore checks filter:
2026-04-29T01:11:36.0726986Z Checks completed: capture-failure-log, capture-failure-log, capture-failure-log, e2e, cross-device-tests, lint-and-test, autofix, test, maybe-label, web-lint-and-test
2026-04-29T01:11:36.0727629Z Checks in_progress: connected-tests
2026-04-29T01:11:36.0727958Z Checks after check_name filter:
2026-04-29T01:11:36.0728556Z Checks completed: capture-failure-log, capture-failure-log, capture-failure-log, e2e, cross-device-tests, lint-and-test, autofix, test, maybe-label, web-lint-and-test
2026-04-29T01:11:36.0729184Z Checks in_progress: connected-tests
2026-04-29T01:11:36.0729422Z Checks after Regexp filter:
2026-04-29T01:11:36.0730003Z Checks completed: capture-failure-log, capture-failure-log, capture-failure-log, e2e, cross-device-tests, lint-and-test, autofix, test, maybe-label, web-lint-and-test
2026-04-29T01:11:36.0730629Z Checks in_progress: connected-tests
2026-04-29T01:13:24.9304327Z The requested checks aren't complete yet, will check back in 15 seconds...
2026-04-29T01:13:24.9305008Z Checks running on ref:
2026-04-29T01:13:24.9306123Z Checks completed: capture-failure-log, capture-failure-log, capture-failure-log, e2e, cross-device-tests, lint-and-test, autofix, test, maybe-label, web-lint-and-test
2026-04-29T01:13:24.9308236Z Checks in_progress: connected-tests, Auto-merge
2026-04-29T01:13:24.9308775Z Checks after ignore checks filter:
2026-04-29T01:13:24.9309860Z Checks completed: capture-failure-log, capture-failure-log, capture-failure-log, e2e, cross-device-tests, lint-and-test, autofix, test, maybe-label, web-lint-and-test
2026-04-29T01:13:24.9310821Z Checks in_progress: connected-tests
2026-04-29T01:13:24.9311164Z Checks after check_name filter:
2026-04-29T01:13:24.9312493Z Checks completed: capture-failure-log, capture-failure-log, capture-failure-log, e2e, cross-device-tests, lint-and-test, autofix, test, maybe-label, web-lint-and-test
2026-04-29T01:13:24.9313909Z Checks in_progress: connected-tests
2026-04-29T01:13:24.9314334Z Checks after Regexp filter:
2026-04-29T01:13:24.9315441Z Checks completed: capture-failure-log, capture-failure-log, capture-failure-log, e2e, cross-device-tests, lint-and-test, autofix, test, maybe-label, web-lint-and-test
2026-04-29T01:13:24.9316673Z Checks in_progress: connected-tests
2026-04-29T01:13:24.9317316Z The requested checks aren't complete yet, will check back in 15 seconds...
2026-04-29T01:13:24.9317970Z Checks running on ref:
2026-04-29T01:13:24.9319088Z Checks completed: capture-failure-log, capture-failure-log, capture-failure-log, e2e, cross-device-tests, lint-and-test, autofix, test, maybe-label, web-lint-and-test
2026-04-29T01:13:24.9320399Z Checks in_progress: connected-tests, Auto-merge
2026-04-29T01:13:24.9320923Z Checks after ignore checks filter:
2026-04-29T01:13:24.9322177Z Checks completed: capture-failure-log, capture-failure-log, capture-failure-log, e2e, cross-device-tests, lint-and-test, autofix, test, maybe-label, web-lint-and-test
2026-04-29T01:13:24.9323615Z Checks in_progress: connected-tests
2026-04-29T01:13:24.9324036Z Checks after check_name filter:
2026-04-29T01:13:24.9325237Z Checks completed: capture-failure-log, capture-failure-log, capture-failure-log, e2e, cross-device-tests, lint-and-test, autofix, test, maybe-label, web-lint-and-test
2026-04-29T01:13:24.9326501Z Checks in_progress: connected-tests
2026-04-29T01:13:24.9327400Z Checks after Regexp filter:
2026-04-29T01:13:24.9328607Z Checks completed: capture-failure-log, capture-failure-log, capture-failure-log, e2e, cross-device-tests, lint-and-test, autofix, test, maybe-label, web-lint-and-test
2026-04-29T01:13:24.9329927Z Checks in_progress: connected-tests
2026-04-29T01:13:24.9330564Z The requested checks aren't complete yet, will check back in 15 seconds...
2026-04-29T01:13:24.9331212Z Checks running on ref:
2026-04-29T01:13:24.9332390Z Checks completed: capture-failure-log, capture-failure-log, capture-failure-log, e2e, cross-device-tests, lint-and-test, autofix, test, maybe-label, web-lint-and-test
2026-04-29T01:13:24.9333925Z Checks in_progress: connected-tests, Auto-merge
2026-04-29T01:13:24.9334444Z Checks after ignore checks filter:
2026-04-29T01:13:24.9335677Z Checks completed: capture-failure-log, capture-failure-log, capture-failure-log, e2e, cross-device-tests, lint-and-test, autofix, test, maybe-label, web-lint-and-test
2026-04-29T01:13:24.9337259Z Checks in_progress: connected-tests
2026-04-29T01:13:24.9337752Z Checks after check_name filter:
2026-04-29T01:13:24.9338998Z Checks completed: capture-failure-log, capture-failure-log, capture-failure-log, e2e, cross-device-tests, lint-and-test, autofix, test, maybe-label, web-lint-and-test
2026-04-29T01:13:24.9340301Z Checks in_progress: connected-tests
2026-04-29T01:13:24.9340740Z Checks after Regexp filter:
2026-04-29T01:13:24.9341960Z Checks completed: capture-failure-log, capture-failure-log, capture-failure-log, e2e, cross-device-tests, lint-and-test, autofix, test, maybe-label, web-lint-and-test
2026-04-29T01:13:24.9343450Z Checks in_progress: connected-tests
2026-04-29T01:13:24.9344094Z The requested checks aren't complete yet, will check back in 15 seconds...
2026-04-29T01:13:24.9344705Z Checks running on ref:
2026-04-29T01:13:24.9345735Z Checks completed: capture-failure-log, capture-failure-log, capture-failure-log, e2e, cross-device-tests, lint-and-test, autofix, test, maybe-label, web-lint-and-test
2026-04-29T01:13:24.9346949Z Checks in_progress: connected-tests, Auto-merge
2026-04-29T01:13:24.9347399Z Checks after ignore checks filter:
2026-04-29T01:13:24.9348706Z Checks completed: capture-failure-log, capture-failure-log, capture-failure-log, e2e, cross-device-tests, lint-and-test, autofix, test, maybe-label, web-lint-and-test
2026-04-29T01:13:24.9350061Z Checks in_progress: connected-tests
2026-04-29T01:13:24.9350461Z Checks after check_name filter:
2026-04-29T01:13:24.9351618Z Checks completed: capture-failure-log, capture-failure-log, capture-failure-log, e2e, cross-device-tests, lint-and-test, autofix, test, maybe-label, web-lint-and-test
2026-04-29T01:13:24.9352733Z Checks in_progress: connected-tests
2026-04-29T01:13:24.9353272Z Checks after Regexp filter:
2026-04-29T01:13:24.9354297Z Checks completed: capture-failure-log, capture-failure-log, capture-failure-log, e2e, cross-device-tests, lint-and-test, autofix, test, maybe-label, web-lint-and-test
2026-04-29T01:13:24.9355420Z Checks in_progress: connected-tests
2026-04-29T01:13:24.9355985Z The requested checks aren't complete yet, will check back in 15 seconds...
2026-04-29T01:13:24.9356549Z Checks running on ref:
2026-04-29T01:13:24.9357536Z Checks completed: capture-failure-log, capture-failure-log, capture-failure-log, e2e, cross-device-tests, lint-and-test, autofix, test, maybe-label, web-lint-and-test
2026-04-29T01:13:24.9358652Z Checks in_progress: connected-tests, Auto-merge
2026-04-29T01:13:24.9359076Z Checks after ignore checks filter:
2026-04-29T01:13:24.9360107Z Checks completed: capture-failure-log, capture-failure-log, capture-failure-log, e2e, cross-device-tests, lint-and-test, autofix, test, maybe-label, web-lint-and-test
2026-04-29T01:13:24.9361092Z Checks in_progress: connected-tests
2026-04-29T01:13:24.9361532Z Checks after check_name filter:
2026-04-29T01:13:24.9362487Z Checks completed: capture-failure-log, capture-failure-log, capture-failure-log, e2e, cross-device-tests, lint-and-test, autofix, test, maybe-label, web-lint-and-test
2026-04-29T01:13:24.9363934Z Checks in_progress: connected-tests
2026-04-29T01:13:24.9364313Z Checks after Regexp filter:
2026-04-29T01:13:24.9365334Z Checks completed: capture-failure-log, capture-failure-log, capture-failure-log, e2e, cross-device-tests, lint-and-test, autofix, test, maybe-label, web-lint-and-test
2026-04-29T01:13:24.9366459Z Checks in_progress: connected-tests
2026-04-29T01:13:24.9367029Z The requested checks aren't complete yet, will check back in 15 seconds...
2026-04-29T01:13:24.9367623Z Checks running on ref:
2026-04-29T01:13:24.9368093Z Checks in_progress: capture-failure-log / capture, Auto-merge
2026-04-29T01:13:24.9369470Z Checks completed: capture-failure-log, capture-failure-log, capture-failure-log, e2e, connected-tests, cross-device-tests, lint-and-test, autofix, test, maybe-label, web-lint-and-test
2026-04-29T01:13:24.9370756Z Checks after ignore checks filter:
2026-04-29T01:13:24.9371234Z Checks in_progress: capture-failure-log / capture
2026-04-29T01:13:24.9372618Z Checks completed: capture-failure-log, capture-failure-log, capture-failure-log, e2e, connected-tests, cross-device-tests, lint-and-test, autofix, test, maybe-label, web-lint-and-test
2026-04-29T01:13:24.9373917Z Checks after check_name filter:
2026-04-29T01:13:24.9374401Z Checks in_progress: capture-failure-log / capture
2026-04-29T01:13:24.9375667Z Checks completed: capture-failure-log, capture-failure-log, capture-failure-log, e2e, connected-tests, cross-device-tests, lint-and-test, autofix, test, maybe-label, web-lint-and-test
2026-04-29T01:13:24.9376929Z Checks after Regexp filter:
2026-04-29T01:13:24.9377346Z Checks in_progress: capture-failure-log / capture
2026-04-29T01:13:24.9378615Z Checks completed: capture-failure-log, capture-failure-log, capture-failure-log, e2e, connected-tests, cross-device-tests, lint-and-test, autofix, test, maybe-label, web-lint-and-test
2026-04-29T01:13:24.9380416Z The requested checks aren't complete yet, will check back in 15 seconds...
2026-04-29T01:13:24.9381226Z Checks running on ref:
2026-04-29T01:13:24.9383179Z Checks completed: capture-failure-log / capture, capture-failure-log, capture-failure-log, capture-failure-log, e2e, connected-tests, cross-device-tests, lint-and-test, autofix, test, maybe-label, web-lint-and-test
2026-04-29T01:13:24.9385170Z Checks in_progress: Auto-merge
2026-04-29T01:13:24.9385680Z Checks after ignore checks filter:
2026-04-29T01:13:24.9389558Z Checks completed: capture-failure-log / capture, capture-failure-log, capture-failure-log, capture-failure-log, e2e, connected-tests, cross-device-tests, lint-and-test, autofix, test, maybe-label, web-lint-and-test
2026-04-29T01:13:24.9392431Z Checks after check_name filter:
2026-04-29T01:13:24.9395565Z Checks completed: capture-failure-log / capture, capture-failure-log, capture-failure-log, capture-failure-log, e2e, connected-tests, cross-device-tests, lint-and-test, autofix, test, maybe-label, web-lint-and-test
2026-04-29T01:13:24.9399229Z Checks after Regexp filter:
2026-04-29T01:13:24.9404206Z Checks completed: capture-failure-log / capture, capture-failure-log, capture-failure-log, capture-failure-log, e2e, connected-tests, cross-device-tests, lint-and-test, autofix, test, maybe-label, web-lint-and-test
2026-04-29T01:13:24.9406143Z Checks completed:
2026-04-29T01:13:24.9406679Z capture-failure-log / capture: completed (success)
2026-04-29T01:13:24.9407365Z capture-failure-log: completed (skipped)
2026-04-29T01:13:24.9407969Z capture-failure-log: completed (skipped)
2026-04-29T01:13:24.9408614Z capture-failure-log: completed (skipped)
2026-04-29T01:13:24.9409195Z e2e: completed (success)
2026-04-29T01:13:24.9409714Z connected-tests: completed (failure)
2026-04-29T01:13:24.9410347Z cross-device-tests: completed (success)
2026-04-29T01:13:24.9410932Z lint-and-test: completed (success)
2026-04-29T01:13:24.9411562Z autofix: completed (success)
2026-04-29T01:13:24.9412022Z test: completed (success)
2026-04-29T01:13:24.9412541Z maybe-label: completed (success)
2026-04-29T01:13:24.9413273Z web-lint-and-test: completed (success)
2026-04-29T01:13:24.9414665Z The conclusion of one or more checks were not allowed. Allowed conclusions are: success, skipped, neutral. This can be configured with the 'allowed-conclusions' param.
2026-04-29T01:13:24.9468386Z ##[error]Process completed with exit code 1.
2026-04-29T01:13:24.9572164Z Post job cleanup.
2026-04-29T01:13:24.9630477Z Cleaning up orphan processes
2026-04-29T01:13:24.9849792Z ##[warning]Node.js 20 actions are deprecated. The following actions are running on Node.js 20 and may not work as expected: actions/cache@v4. Actions will be forced to run with Node.js 24 by default starting June 2nd, 2026. Node.js 20 will be removed from the runner on September 16th, 2026. Please check if updated versions of these actions are available that support Node.js 24. To opt into Node.js 24 now, set the FORCE_JAVASCRIPT_ACTIONS_TO_NODE24=true environment variable on the runner or in your workflow file. Once Node.js 24 becomes the default, you can temporarily opt out by setting ACTIONS_ALLOW_USE_UNSECURE_NODE_VERSION=true. For more information see: https://github.blog/changelog/2025-09-19-deprecation-of-node-20-on-github-actions-runners/
