=== CI FAILURE ===
Workflow:      Auto-merge & Release
Workflow file: akarlin3/prismTask/.github/workflows/auto-merge.yml@refs/pull/697/merge
Job(s):        Auto-merge
Run ID:        24817009985
Run attempt:   1
Run URL:       https://github.com/akarlin3/prismTask/actions/runs/24817009985
Commit:        e5e25e166467661083d1d80fef7d796bca844fb2
Branch:        697/merge
Event:         pull_request
Actor:         akarlin3
Runner OS:     Linux
Timestamp:     2026-04-23T04:40:23.301Z

Failed steps:
  - Auto-merge: #3 Wait for all other CI checks to pass

=== FAILED JOB LOG ===

--- Job: Auto-merge (id 72633335119) ---
2026-04-23T04:37:08.6957342Z Current runner version: '2.333.1'
2026-04-23T04:37:08.6984139Z ##[group]Runner Image Provisioner
2026-04-23T04:37:08.6985026Z Hosted Compute Agent
2026-04-23T04:37:08.6985590Z Version: 20260415.520
2026-04-23T04:37:08.6986326Z Commit: af089020f5f67b61ccc91db6c07980876c02bf7b
2026-04-23T04:37:08.6987069Z Build Date: 2026-04-15T18:07:08Z
2026-04-23T04:37:08.6987702Z Worker ID: {b34c766c-07d6-46fc-98cd-0a73d8d117c1}
2026-04-23T04:37:08.6988501Z Azure Region: eastus
2026-04-23T04:37:08.6989020Z ##[endgroup]
2026-04-23T04:37:08.6990361Z ##[group]Operating System
2026-04-23T04:37:08.6991442Z Ubuntu
2026-04-23T04:37:08.6991943Z 24.04.4
2026-04-23T04:37:08.6992425Z LTS
2026-04-23T04:37:08.6992917Z ##[endgroup]
2026-04-23T04:37:08.6993458Z ##[group]Runner Image
2026-04-23T04:37:08.6994057Z Image: ubuntu-24.04
2026-04-23T04:37:08.6994706Z Version: 20260420.95.1
2026-04-23T04:37:08.6995920Z Included Software: https://github.com/actions/runner-images/blob/ubuntu24/20260420.95/images/ubuntu/Ubuntu2404-Readme.md
2026-04-23T04:37:08.6997430Z Image Release: https://github.com/actions/runner-images/releases/tag/ubuntu24%2F20260420.95
2026-04-23T04:37:08.6998322Z ##[endgroup]
2026-04-23T04:37:08.6999619Z ##[group]GITHUB_TOKEN Permissions
2026-04-23T04:37:08.7002321Z Actions: read
2026-04-23T04:37:08.7002848Z Checks: read
2026-04-23T04:37:08.7003358Z Contents: write
2026-04-23T04:37:08.7003995Z Metadata: read
2026-04-23T04:37:08.7004488Z PullRequests: write
2026-04-23T04:37:08.7005060Z ##[endgroup]
2026-04-23T04:37:08.7007574Z Secret source: Actions
2026-04-23T04:37:08.7008496Z Prepare workflow directory
2026-04-23T04:37:08.7397328Z Prepare all required actions
2026-04-23T04:37:08.7435523Z Getting action download info
2026-04-23T04:37:09.0186995Z Download action repository 'lewagon/wait-on-check-action@ccfb013c15c8afb7bf2b7c028fb74dc5a068cccc' (SHA:ccfb013c15c8afb7bf2b7c028fb74dc5a068cccc)
2026-04-23T04:37:09.4028231Z Getting action download info
2026-04-23T04:37:09.5281232Z Download action repository 'ruby/setup-ruby@v1' (SHA:0cb964fd540e0a24c900370abf38a33466142735)
2026-04-23T04:37:09.7107747Z Download action repository 'actions/cache@v4' (SHA:0057852bfaa89a56745cba8c7296529d2fc39830)
2026-04-23T04:37:09.8667113Z Complete job name: Auto-merge
2026-04-23T04:37:09.9357389Z ##[group]Run set -euo pipefail
2026-04-23T04:37:09.9358582Z [36;1mset -euo pipefail[0m
2026-04-23T04:37:09.9359908Z [36;1m# Give GitHub a short grace period to schedule workflow runs for[0m
2026-04-23T04:37:09.9361963Z [36;1m# the head commit. Paths-filtered workflows (android/backend/web CI)[0m
2026-04-23T04:37:09.9363750Z [36;1m# won't run for doc-only or cross-cutting config PRs, so the[0m
2026-04-23T04:37:09.9365498Z [36;1m# wait-on-check-action step below would otherwise hang waiting for[0m
2026-04-23T04:37:09.9367002Z [36;1m# checks that will never appear.[0m
2026-04-23T04:37:09.9368047Z [36;1msleep 20[0m
2026-04-23T04:37:09.9369174Z [36;1mCOUNT=$(gh api "repos/$REPO/commits/$HEAD_SHA/check-runs" \[0m
2026-04-23T04:37:09.9370835Z [36;1m  --jq '[.check_runs[] | select(.name != "Auto-merge")] | length')[0m
2026-04-23T04:37:09.9372800Z [36;1mecho "Non-Auto-merge check runs on head: $COUNT"[0m
2026-04-23T04:37:09.9374134Z [36;1mif [ "$COUNT" -gt 0 ]; then[0m
2026-04-23T04:37:09.9375237Z [36;1m  echo "has_ci=true" >> "$GITHUB_OUTPUT"[0m
2026-04-23T04:37:09.9376343Z [36;1melse[0m
2026-04-23T04:37:09.9377219Z [36;1m  echo "has_ci=false" >> "$GITHUB_OUTPUT"[0m
2026-04-23T04:37:09.9378654Z [36;1m  echo "No CI checks on this PR — will merge without waiting."[0m
2026-04-23T04:37:09.9379967Z [36;1mfi[0m
2026-04-23T04:37:09.9492638Z shell: /usr/bin/bash -e {0}
2026-04-23T04:37:09.9493962Z env:
2026-04-23T04:37:09.9494711Z   WAIT_INTERVAL: 30
2026-04-23T04:37:09.9496170Z   GH_TOKEN: ***
2026-04-23T04:37:09.9497099Z   HEAD_SHA: 4065b5f8278a745fab4aa840f7a364cd61db9453
2026-04-23T04:37:09.9498279Z   REPO: akarlin3/prismTask
2026-04-23T04:37:09.9499156Z ##[endgroup]
2026-04-23T04:37:30.3528620Z Non-Auto-merge check runs on head: 3
2026-04-23T04:37:30.3766202Z ##[group]Run lewagon/wait-on-check-action@ccfb013c15c8afb7bf2b7c028fb74dc5a068cccc
2026-04-23T04:37:30.3766752Z with:
2026-04-23T04:37:30.3767047Z   ref: 4065b5f8278a745fab4aa840f7a364cd61db9453
2026-04-23T04:37:30.3767384Z   running-workflow-name: Auto-merge
2026-04-23T04:37:30.3768071Z   repo-token: ***
2026-04-23T04:37:30.3768311Z   wait-interval: 30
2026-04-23T04:37:30.3768576Z   allowed-conclusions: success,skipped
2026-04-23T04:37:30.3768865Z   verbose: true
2026-04-23T04:37:30.3769095Z env:
2026-04-23T04:37:30.3769301Z   WAIT_INTERVAL: 30
2026-04-23T04:37:30.3769531Z ##[endgroup]
2026-04-23T04:37:30.3908569Z ##[group]Run ruby/setup-ruby@v1
2026-04-23T04:37:30.3908910Z with:
2026-04-23T04:37:30.3909150Z   ruby-version: 3.2
2026-04-23T04:37:30.3909443Z   bundler-cache: false
2026-04-23T04:37:30.3909860Z   token: ***
2026-04-23T04:37:30.3910086Z env:
2026-04-23T04:37:30.3910307Z   WAIT_INTERVAL: 30
2026-04-23T04:37:30.3910537Z ##[endgroup]
2026-04-23T04:37:30.5253436Z ##[group]Modifying PATH
2026-04-23T04:37:30.5254085Z Entries added to PATH to use selected Ruby:
2026-04-23T04:37:30.5258095Z   /opt/hostedtoolcache/Ruby/3.2.11/x64/bin
2026-04-23T04:37:30.5260005Z ##[endgroup]
2026-04-23T04:37:30.5261044Z ##[group]Print Ruby version
2026-04-23T04:37:30.5373432Z [command]/opt/hostedtoolcache/Ruby/3.2.11/x64/bin/ruby --version
2026-04-23T04:37:31.4107920Z ruby 3.2.11 (2026-03-27 revision 5483bfc1ae) [x86_64-linux]
2026-04-23T04:37:31.4147237Z Took   0.89 seconds
2026-04-23T04:37:31.4148255Z ##[endgroup]
2026-04-23T04:37:31.4150576Z ##[group]Installing Bundler
2026-04-23T04:37:31.4153337Z Using Bundler shipped with ruby-3.2.11
2026-04-23T04:37:31.4154353Z Took   0.00 seconds
2026-04-23T04:37:31.4155096Z ##[endgroup]
2026-04-23T04:37:31.4819370Z ##[group]Run actions/cache@v4
2026-04-23T04:37:31.4893202Z with:
2026-04-23T04:37:31.4893715Z   path: /home/runner/work/_actions/lewagon/wait-on-check-action/ccfb013c15c8afb7bf2b7c028fb74dc5a068cccc
2026-04-23T04:37:31.4894211Z   key: Linux-gems-
2026-04-23T04:37:31.4894425Z   restore-keys: Linux-gems-
2026-04-23T04:37:31.4894649Z   enableCrossOsArchive: false
2026-04-23T04:37:31.4894883Z   fail-on-cache-miss: false
2026-04-23T04:37:31.4895115Z   lookup-only: false
2026-04-23T04:37:31.4895342Z   save-always: false
2026-04-23T04:37:31.4895542Z env:
2026-04-23T04:37:31.4895725Z   WAIT_INTERVAL: 30
2026-04-23T04:37:31.4895938Z ##[endgroup]
2026-04-23T04:37:31.6941946Z Cache not found for input keys: Linux-gems-, Linux-gems-
2026-04-23T04:37:31.7019549Z ##[group]Run bundle install --jobs 4 --retry 3
2026-04-23T04:37:31.7019905Z [36;1mbundle install --jobs 4 --retry 3[0m
2026-04-23T04:37:31.7085871Z shell: /usr/bin/bash --noprofile --norc -e -o pipefail {0}
2026-04-23T04:37:31.7086249Z env:
2026-04-23T04:37:31.7086448Z   WAIT_INTERVAL: 30
2026-04-23T04:37:31.7086644Z ##[endgroup]
2026-04-23T04:37:33.2138619Z Bundler 2.4.19 is running, but your lockfile was generated with 2.2.3. Installing Bundler 2.2.3 and restarting using that version.
2026-04-23T04:37:35.2309219Z Fetching gem metadata from https://rubygems.org/.
2026-04-23T04:37:35.2389527Z Fetching bundler 2.2.3
2026-04-23T04:37:35.4683275Z Installing bundler 2.2.3
2026-04-23T04:37:35.7278611Z Calling `DidYouMean::SPELL_CHECKERS.merge!(error_name => spell_checker)' has been deprecated. Please call `DidYouMean.correct_error(error_name, spell_checker)' instead.
2026-04-23T04:37:37.1491270Z Fetching gem metadata from https://rubygems.org/.........
2026-04-23T04:37:37.1588232Z Fetching concurrent-ruby 1.2.2
2026-04-23T04:37:37.1658313Z Fetching minitest 5.18.0
2026-04-23T04:37:37.1873362Z Fetching zeitwerk 2.6.7
2026-04-23T04:37:37.1880745Z Fetching public_suffix 4.0.7
2026-04-23T04:37:37.2745603Z Installing zeitwerk 2.6.7
2026-04-23T04:37:37.2890829Z Installing minitest 5.18.0
2026-04-23T04:37:37.2945189Z Installing public_suffix 4.0.7
2026-04-23T04:37:37.3448634Z Fetching ast 2.4.2
2026-04-23T04:37:37.3684700Z Using bundler 2.2.3
2026-04-23T04:37:37.3695372Z Fetching byebug 11.1.3
2026-04-23T04:37:37.4064483Z Installing ast 2.4.2
2026-04-23T04:37:37.4067688Z Installing concurrent-ruby 1.2.2
2026-04-23T04:37:37.4177717Z Installing byebug 11.1.3 with native extensions
2026-04-23T04:37:37.4254151Z Fetching diff-lcs 1.4.4
2026-04-23T04:37:37.4541288Z Fetching faraday-net_http 2.0.3
2026-04-23T04:37:37.5077162Z Installing diff-lcs 1.4.4
2026-04-23T04:37:37.5106918Z Installing faraday-net_http 2.0.3
2026-04-23T04:37:37.5293298Z Using ruby2_keywords 0.0.5
2026-04-23T04:37:37.5304648Z Fetching json 2.7.1
2026-04-23T04:37:37.5736246Z Installing json 2.7.1 with native extensions
2026-04-23T04:37:37.6147330Z Fetching language_server-protocol 3.17.0.3
2026-04-23T04:37:37.6644661Z Installing language_server-protocol 3.17.0.3
2026-04-23T04:37:37.7202321Z Fetching lint_roller 1.1.0
2026-04-23T04:37:37.7715851Z Installing lint_roller 1.1.0
2026-04-23T04:37:37.7872347Z Fetching parallel 1.24.0
2026-04-23T04:37:37.8232222Z Installing parallel 1.24.0
2026-04-23T04:37:37.8342292Z Fetching racc 1.7.3
2026-04-23T04:37:37.8745483Z Installing racc 1.7.3 with native extensions
2026-04-23T04:37:37.9300470Z Fetching rainbow 3.1.1
2026-04-23T04:37:37.9666815Z Installing rainbow 3.1.1
2026-04-23T04:37:37.9763929Z Fetching regexp_parser 2.8.3
2026-04-23T04:37:38.0135102Z Installing regexp_parser 2.8.3
2026-04-23T04:37:38.0364219Z Fetching rexml 3.2.6
2026-04-23T04:37:38.0832504Z Installing rexml 3.2.6
2026-04-23T04:37:38.2005479Z Fetching rspec-support 3.10.1
2026-04-23T04:37:38.2363857Z Installing rspec-support 3.10.1
2026-04-23T04:37:38.2492438Z Fetching ruby-progressbar 1.13.0
2026-04-23T04:37:38.2867980Z Installing ruby-progressbar 1.13.0
2026-04-23T04:37:38.2979447Z Fetching unicode-display_width 2.5.0
2026-04-23T04:37:38.3466339Z Installing unicode-display_width 2.5.0
2026-04-23T04:37:38.3547685Z Fetching addressable 2.8.0
2026-04-23T04:37:38.3946690Z Installing addressable 2.8.0
2026-04-23T04:37:38.4103697Z Fetching faraday 2.3.0
2026-04-23T04:37:38.4516114Z Installing faraday 2.3.0
2026-04-23T04:37:38.4786844Z Fetching i18n 1.12.0
2026-04-23T04:37:38.5172136Z Installing i18n 1.12.0
2026-04-23T04:37:38.5324814Z Fetching tzinfo 2.0.6
2026-04-23T04:37:38.5725244Z Installing tzinfo 2.0.6
2026-04-23T04:37:38.5932562Z Fetching rspec-core 3.10.1
2026-04-23T04:37:38.6492473Z Installing rspec-core 3.10.1
2026-04-23T04:37:38.6781926Z Fetching rspec-expectations 3.10.1
2026-04-23T04:37:38.7241134Z Installing rspec-expectations 3.10.1
2026-04-23T04:37:38.7459283Z Fetching rspec-mocks 3.10.1
2026-04-23T04:37:38.8101805Z Installing rspec-mocks 3.10.1
2026-04-23T04:37:38.8351936Z Fetching faraday-retry 2.0.0
2026-04-23T04:37:38.8912186Z Installing faraday-retry 2.0.0
2026-04-23T04:37:38.8994838Z Fetching sawyer 0.9.2
2026-04-23T04:37:38.9532192Z Installing sawyer 0.9.2
2026-04-23T04:37:38.9639899Z Fetching activesupport 6.1.7.3
2026-04-23T04:37:39.0292275Z Installing activesupport 6.1.7.3
2026-04-23T04:37:39.1008611Z Fetching rspec 3.10.0
2026-04-23T04:37:39.1432810Z Installing rspec 3.10.0
2026-04-23T04:37:39.1514749Z Fetching octokit 4.25.0
2026-04-23T04:37:39.2091818Z Installing octokit 4.25.0
2026-04-23T04:37:39.4732059Z Fetching parser 3.2.2.4
2026-04-23T04:37:39.5844216Z Installing parser 3.2.2.4
2026-04-23T04:37:39.6938378Z Fetching rubocop-ast 1.30.0
2026-04-23T04:37:39.7342142Z Installing rubocop-ast 1.30.0
2026-04-23T04:37:41.2375739Z Fetching rubocop 1.57.2
2026-04-23T04:37:41.2963859Z Installing rubocop 1.57.2
2026-04-23T04:37:41.4641182Z Fetching standard-custom 1.0.2
2026-04-23T04:37:41.4642844Z Fetching rubocop-performance 1.19.1
2026-04-23T04:37:41.5201669Z Installing standard-custom 1.0.2
2026-04-23T04:37:41.5258182Z Installing rubocop-performance 1.19.1
2026-04-23T04:37:41.5448392Z Fetching standard-performance 1.2.1
2026-04-23T04:37:41.5786145Z Installing standard-performance 1.2.1
2026-04-23T04:37:41.5855794Z Fetching standard 1.32.1
2026-04-23T04:37:41.6220286Z Installing standard 1.32.1
2026-04-23T04:37:41.6427639Z Bundle complete! 6 Gemfile dependencies, 40 gems now installed.
2026-04-23T04:37:41.6428709Z Use `bundle info [gemname]` to see where a bundled gem is installed.
2026-04-23T04:37:41.6974804Z ##[group]Run ruby entrypoint.rb
2026-04-23T04:37:41.6975086Z [36;1mruby entrypoint.rb[0m
2026-04-23T04:37:41.7035346Z shell: /usr/bin/bash --noprofile --norc -e -o pipefail {0}
2026-04-23T04:37:41.7035680Z env:
2026-04-23T04:37:41.7035858Z   WAIT_INTERVAL: 30
2026-04-23T04:37:41.7036076Z   ALLOWED_CONCLUSIONS: success,skipped
2026-04-23T04:37:41.7036321Z   IGNORE_CHECKS: 
2026-04-23T04:37:41.7036505Z   CHECK_NAME: 
2026-04-23T04:37:41.7036676Z   CHECK_REGEXP: 
2026-04-23T04:37:41.7036910Z   REF: 4065b5f8278a745fab4aa840f7a364cd61db9453
2026-04-23T04:37:41.7037459Z   REPO_TOKEN: ***
2026-04-23T04:37:41.7037655Z   VERBOSE: true
2026-04-23T04:37:41.7037857Z   RUNNING_WORKFLOW_NAME: Auto-merge
2026-04-23T04:37:41.7038098Z   API_ENDPOINT: 
2026-04-23T04:37:41.7038288Z ##[endgroup]
2026-04-23T04:40:13.7660489Z Checks running on ref:
2026-04-23T04:40:13.7661163Z Checks completed: capture-failure-log, connected-tests
2026-04-23T04:40:13.7661674Z Checks in_progress: autofix, Auto-merge
2026-04-23T04:40:13.7662061Z Checks after ignore checks filter:
2026-04-23T04:40:13.7662477Z Checks completed: capture-failure-log, connected-tests
2026-04-23T04:40:13.7662899Z Checks in_progress: autofix
2026-04-23T04:40:13.7663211Z Checks after check_name filter:
2026-04-23T04:40:13.7663597Z Checks completed: capture-failure-log, connected-tests
2026-04-23T04:40:13.7664019Z Checks in_progress: autofix
2026-04-23T04:40:13.7664307Z Checks after Regexp filter:
2026-04-23T04:40:13.7664688Z Checks completed: capture-failure-log, connected-tests
2026-04-23T04:40:13.7665109Z Checks in_progress: autofix
2026-04-23T04:40:13.7665570Z The requested checks aren't complete yet, will check back in 30 seconds...
2026-04-23T04:40:13.7666099Z Checks running on ref:
2026-04-23T04:40:13.7666440Z Checks completed: capture-failure-log, connected-tests
2026-04-23T04:40:13.7666890Z Checks in_progress: autofix, Auto-merge
2026-04-23T04:40:13.7667247Z Checks after ignore checks filter:
2026-04-23T04:40:13.7667669Z Checks completed: capture-failure-log, connected-tests
2026-04-23T04:40:13.7668091Z Checks in_progress: autofix
2026-04-23T04:40:13.7668392Z Checks after check_name filter:
2026-04-23T04:40:13.7668792Z Checks completed: capture-failure-log, connected-tests
2026-04-23T04:40:13.7669212Z Checks in_progress: autofix
2026-04-23T04:40:13.7669522Z Checks after Regexp filter:
2026-04-23T04:40:13.7670012Z Checks completed: capture-failure-log, connected-tests
2026-04-23T04:40:13.7670428Z Checks in_progress: autofix
2026-04-23T04:40:13.7671048Z The requested checks aren't complete yet, will check back in 30 seconds...
2026-04-23T04:40:13.7671546Z Checks running on ref:
2026-04-23T04:40:13.7671890Z Checks completed: capture-failure-log, connected-tests
2026-04-23T04:40:13.7672316Z Checks in_progress: autofix, Auto-merge
2026-04-23T04:40:13.7672670Z Checks after ignore checks filter:
2026-04-23T04:40:13.7673055Z Checks completed: capture-failure-log, connected-tests
2026-04-23T04:40:13.7673473Z Checks in_progress: autofix
2026-04-23T04:40:13.7673769Z Checks after check_name filter:
2026-04-23T04:40:13.7674169Z Checks completed: capture-failure-log, connected-tests
2026-04-23T04:40:13.7674714Z Checks in_progress: autofix
2026-04-23T04:40:13.7674999Z Checks after Regexp filter:
2026-04-23T04:40:13.7675358Z Checks completed: capture-failure-log, connected-tests
2026-04-23T04:40:13.7675770Z Checks in_progress: autofix
2026-04-23T04:40:13.7676218Z The requested checks aren't complete yet, will check back in 30 seconds...
2026-04-23T04:40:13.7676717Z Checks running on ref:
2026-04-23T04:40:13.7677042Z Checks in_progress: lint-and-test, Auto-merge
2026-04-23T04:40:13.7677546Z Checks completed: capture-failure-log, connected-tests, autofix
2026-04-23T04:40:13.7678043Z Checks after ignore checks filter:
2026-04-23T04:40:13.7678391Z Checks in_progress: lint-and-test
2026-04-23T04:40:13.7678831Z Checks completed: capture-failure-log, connected-tests, autofix
2026-04-23T04:40:13.7679864Z Checks after check_name filter:
2026-04-23T04:40:13.7680363Z Checks in_progress: lint-and-test
2026-04-23T04:40:13.7680820Z Checks completed: capture-failure-log, connected-tests, autofix
2026-04-23T04:40:13.7681442Z Checks after Regexp filter:
2026-04-23T04:40:13.7681742Z Checks in_progress: lint-and-test
2026-04-23T04:40:13.7682177Z Checks completed: capture-failure-log, connected-tests, autofix
2026-04-23T04:40:13.7682873Z The requested checks aren't complete yet, will check back in 30 seconds...
2026-04-23T04:40:13.7683456Z Checks running on ref:
2026-04-23T04:40:13.7683846Z Checks in_progress: lint-and-test, Auto-merge
2026-04-23T04:40:13.7684411Z Checks completed: capture-failure-log, connected-tests, autofix
2026-04-23T04:40:13.7684951Z Checks after ignore checks filter:
2026-04-23T04:40:13.7685344Z Checks in_progress: lint-and-test
2026-04-23T04:40:13.7685852Z Checks completed: capture-failure-log, connected-tests, autofix
2026-04-23T04:40:13.7686394Z Checks after check_name filter:
2026-04-23T04:40:13.7686736Z Checks in_progress: lint-and-test
2026-04-23T04:40:13.7687217Z Checks completed: capture-failure-log, connected-tests, autofix
2026-04-23T04:40:13.7687732Z Checks after Regexp filter:
2026-04-23T04:40:13.7688085Z Checks in_progress: lint-and-test
2026-04-23T04:40:13.7688581Z Checks completed: capture-failure-log, connected-tests, autofix
2026-04-23T04:40:13.7689273Z The requested checks aren't complete yet, will check back in 30 seconds...
2026-04-23T04:40:13.7689844Z Checks running on ref:
2026-04-23T04:40:13.7690583Z Checks completed: firebase-distribute, capture-failure-log, lint-and-test, capture-failure-log, connected-tests, autofix
2026-04-23T04:40:13.7691597Z Checks in_progress: Auto-merge
2026-04-23T04:40:13.7691946Z Checks after ignore checks filter:
2026-04-23T04:40:13.7692775Z Checks completed: firebase-distribute, capture-failure-log, lint-and-test, capture-failure-log, connected-tests, autofix
2026-04-23T04:40:13.7693636Z Checks after check_name filter:
2026-04-23T04:40:13.7694430Z Checks completed: firebase-distribute, capture-failure-log, lint-and-test, capture-failure-log, connected-tests, autofix
2026-04-23T04:40:13.7695282Z Checks after Regexp filter:
2026-04-23T04:40:13.7696057Z Checks completed: firebase-distribute, capture-failure-log, lint-and-test, capture-failure-log, connected-tests, autofix
2026-04-23T04:40:13.7696901Z Checks completed:
2026-04-23T04:40:13.7697218Z firebase-distribute: completed (skipped)
2026-04-23T04:40:13.7697636Z capture-failure-log: completed (success)
2026-04-23T04:40:13.7698032Z lint-and-test: completed (failure)
2026-04-23T04:40:13.7698413Z capture-failure-log: completed (skipped)
2026-04-23T04:40:13.7698811Z connected-tests: completed (skipped)
2026-04-23T04:40:13.7699186Z autofix: completed (success)
2026-04-23T04:40:13.7700109Z The conclusion of one or more checks were not allowed. Allowed conclusions are: success, skipped. This can be configured with the 'allowed-conclusions' param.
2026-04-23T04:40:13.7761614Z ##[error]Process completed with exit code 1.
2026-04-23T04:40:13.7876297Z Post job cleanup.
2026-04-23T04:40:13.7936800Z Cleaning up orphan processes
2026-04-23T04:40:13.8237727Z ##[warning]Node.js 20 actions are deprecated. The following actions are running on Node.js 20 and may not work as expected: actions/cache@v4. Actions will be forced to run with Node.js 24 by default starting June 2nd, 2026. Node.js 20 will be removed from the runner on September 16th, 2026. Please check if updated versions of these actions are available that support Node.js 24. To opt into Node.js 24 now, set the FORCE_JAVASCRIPT_ACTIONS_TO_NODE24=true environment variable on the runner or in your workflow file. Once Node.js 24 becomes the default, you can temporarily opt out by setting ACTIONS_ALLOW_USE_UNSECURE_NODE_VERSION=true. For more information see: https://github.blog/changelog/2025-09-19-deprecation-of-node-20-on-github-actions-runners/
