=== CI FAILURE ===
Workflow:      Auto-merge & Release
Workflow file: akarlin3/prismTask/.github/workflows/auto-merge.yml@refs/pull/615/merge
Job(s):        Auto-merge
Run ID:        24756427830
Run attempt:   1
Run URL:       https://github.com/akarlin3/prismTask/actions/runs/24756427830
Commit:        3764ec467a6a234a8cc96c46a7acaee804b5f392
Branch:        615/merge
Event:         pull_request
Actor:         akarlin3
Runner OS:     Linux
Timestamp:     2026-04-22T02:17:13.463Z

Failed steps:
  - Auto-merge: #3 Wait for all other CI checks to pass

=== FAILED JOB LOG ===

--- Job: Auto-merge (id 72430519221) ---
2026-04-22T02:06:18.1752802Z Current runner version: '2.333.1'
2026-04-22T02:06:18.1773310Z ##[group]Runner Image Provisioner
2026-04-22T02:06:18.1774035Z Hosted Compute Agent
2026-04-22T02:06:18.1774472Z Version: 20260213.493
2026-04-22T02:06:18.1774969Z Commit: 5c115507f6dd24b8de37d8bbe0bb4509d0cc0fa3
2026-04-22T02:06:18.1775573Z Build Date: 2026-02-13T00:28:41Z
2026-04-22T02:06:18.1776063Z Worker ID: {363b262c-7833-4239-a6bd-6d466413521d}
2026-04-22T02:06:18.1776615Z Azure Region: westus
2026-04-22T02:06:18.1777037Z ##[endgroup]
2026-04-22T02:06:18.1778270Z ##[group]Operating System
2026-04-22T02:06:18.1778703Z Ubuntu
2026-04-22T02:06:18.1779125Z 24.04.4
2026-04-22T02:06:18.1779478Z LTS
2026-04-22T02:06:18.1779858Z ##[endgroup]
2026-04-22T02:06:18.1780209Z ##[group]Runner Image
2026-04-22T02:06:18.1780742Z Image: ubuntu-24.04
2026-04-22T02:06:18.1781159Z Version: 20260413.86.1
2026-04-22T02:06:18.1782403Z Included Software: https://github.com/actions/runner-images/blob/ubuntu24/20260413.86/images/ubuntu/Ubuntu2404-Readme.md
2026-04-22T02:06:18.1783492Z Image Release: https://github.com/actions/runner-images/releases/tag/ubuntu24%2F20260413.86
2026-04-22T02:06:18.1784221Z ##[endgroup]
2026-04-22T02:06:18.1785255Z ##[group]GITHUB_TOKEN Permissions
2026-04-22T02:06:18.1786735Z Actions: read
2026-04-22T02:06:18.1787213Z Checks: read
2026-04-22T02:06:18.1787616Z Contents: write
2026-04-22T02:06:18.1787988Z Metadata: read
2026-04-22T02:06:18.1788466Z PullRequests: write
2026-04-22T02:06:18.1788873Z ##[endgroup]
2026-04-22T02:06:18.1790585Z Secret source: Actions
2026-04-22T02:06:18.1791187Z Prepare workflow directory
2026-04-22T02:06:18.2099232Z Prepare all required actions
2026-04-22T02:06:18.2130104Z Getting action download info
2026-04-22T02:06:18.6374607Z Download action repository 'lewagon/wait-on-check-action@ccfb013c15c8afb7bf2b7c028fb74dc5a068cccc' (SHA:ccfb013c15c8afb7bf2b7c028fb74dc5a068cccc)
2026-04-22T02:06:19.9636502Z Getting action download info
2026-04-22T02:06:20.1567683Z Download action repository 'ruby/setup-ruby@v1' (SHA:0cb964fd540e0a24c900370abf38a33466142735)
2026-04-22T02:06:21.0911952Z Download action repository 'actions/cache@v4' (SHA:0057852bfaa89a56745cba8c7296529d2fc39830)
2026-04-22T02:06:21.5421080Z Complete job name: Auto-merge
2026-04-22T02:06:21.5868516Z ##[group]Run set -euo pipefail
2026-04-22T02:06:21.5868820Z [36;1mset -euo pipefail[0m
2026-04-22T02:06:21.5869118Z [36;1m# Give GitHub a short grace period to schedule workflow runs for[0m
2026-04-22T02:06:21.5869487Z [36;1m# the head commit. Paths-filtered workflows (android/backend/web CI)[0m
2026-04-22T02:06:21.5869827Z [36;1m# won't run for doc-only or cross-cutting config PRs, so the[0m
2026-04-22T02:06:21.5870159Z [36;1m# wait-on-check-action step below would otherwise hang waiting for[0m
2026-04-22T02:06:21.5870439Z [36;1m# checks that will never appear.[0m
2026-04-22T02:06:21.5870649Z [36;1msleep 20[0m
2026-04-22T02:06:21.5870871Z [36;1mCOUNT=$(gh api "repos/$REPO/commits/$HEAD_SHA/check-runs" \[0m
2026-04-22T02:06:21.5871215Z [36;1m  --jq '[.check_runs[] | select(.name != "Auto-merge")] | length')[0m
2026-04-22T02:06:21.5871728Z [36;1mecho "Non-Auto-merge check runs on head: $COUNT"[0m
2026-04-22T02:06:21.5872005Z [36;1mif [ "$COUNT" -gt 0 ]; then[0m
2026-04-22T02:06:21.5872213Z [36;1m  echo "has_ci=true" >> "$GITHUB_OUTPUT"[0m
2026-04-22T02:06:21.5872419Z [36;1melse[0m
2026-04-22T02:06:21.5872582Z [36;1m  echo "has_ci=false" >> "$GITHUB_OUTPUT"[0m
2026-04-22T02:06:21.5872863Z [36;1m  echo "No CI checks on this PR — will merge without waiting."[0m
2026-04-22T02:06:21.5873123Z [36;1mfi[0m
2026-04-22T02:06:21.5894460Z shell: /usr/bin/bash -e {0}
2026-04-22T02:06:21.5894832Z env:
2026-04-22T02:06:21.5894982Z   WAIT_INTERVAL: 30
2026-04-22T02:06:21.5895396Z   GH_TOKEN: ***
2026-04-22T02:06:21.5895584Z   HEAD_SHA: e9a8c0f51c6060483215bb2d66a96e0df826d854
2026-04-22T02:06:21.5895810Z   REPO: akarlin3/prismTask
2026-04-22T02:06:21.5895986Z ##[endgroup]
2026-04-22T02:06:42.2897909Z Non-Auto-merge check runs on head: 1
2026-04-22T02:06:42.3166721Z ##[group]Run lewagon/wait-on-check-action@ccfb013c15c8afb7bf2b7c028fb74dc5a068cccc
2026-04-22T02:06:42.3167064Z with:
2026-04-22T02:06:42.3167233Z   ref: e9a8c0f51c6060483215bb2d66a96e0df826d854
2026-04-22T02:06:42.3167459Z   running-workflow-name: Auto-merge
2026-04-22T02:06:42.3167854Z   repo-token: ***
2026-04-22T02:06:42.3168014Z   wait-interval: 30
2026-04-22T02:06:42.3168187Z   allowed-conclusions: success,skipped
2026-04-22T02:06:42.3168382Z   verbose: true
2026-04-22T02:06:42.3168542Z env:
2026-04-22T02:06:42.3168679Z   WAIT_INTERVAL: 30
2026-04-22T02:06:42.3168829Z ##[endgroup]
2026-04-22T02:06:42.3259124Z ##[group]Run ruby/setup-ruby@v1
2026-04-22T02:06:42.3259330Z with:
2026-04-22T02:06:42.3259487Z   ruby-version: 3.2
2026-04-22T02:06:42.3259685Z   bundler-cache: false
2026-04-22T02:06:42.3259954Z   token: ***
2026-04-22T02:06:42.3260097Z env:
2026-04-22T02:06:42.3260245Z   WAIT_INTERVAL: 30
2026-04-22T02:06:42.3260392Z ##[endgroup]
2026-04-22T02:06:42.4468184Z ##[group]Modifying PATH
2026-04-22T02:06:42.4468604Z Entries added to PATH to use selected Ruby:
2026-04-22T02:06:42.4469566Z   /opt/hostedtoolcache/Ruby/3.2.11/x64/bin
2026-04-22T02:06:42.4472990Z ##[endgroup]
2026-04-22T02:06:42.4473632Z ##[group]Print Ruby version
2026-04-22T02:06:42.4546719Z [command]/opt/hostedtoolcache/Ruby/3.2.11/x64/bin/ruby --version
2026-04-22T02:06:42.8062575Z ruby 3.2.11 (2026-03-27 revision 5483bfc1ae) [x86_64-linux]
2026-04-22T02:06:42.8085981Z Took   0.36 seconds
2026-04-22T02:06:42.8086651Z ##[endgroup]
2026-04-22T02:06:42.8087949Z ##[group]Installing Bundler
2026-04-22T02:06:42.8090765Z Using Bundler shipped with ruby-3.2.11
2026-04-22T02:06:42.8091670Z Took   0.00 seconds
2026-04-22T02:06:42.8092456Z ##[endgroup]
2026-04-22T02:06:42.8592709Z ##[group]Run actions/cache@v4
2026-04-22T02:06:42.8650556Z with:
2026-04-22T02:06:42.8650911Z   path: /home/runner/work/_actions/lewagon/wait-on-check-action/ccfb013c15c8afb7bf2b7c028fb74dc5a068cccc
2026-04-22T02:06:42.8651497Z   key: Linux-gems-
2026-04-22T02:06:42.8651672Z   restore-keys: Linux-gems-
2026-04-22T02:06:42.8651875Z   enableCrossOsArchive: false
2026-04-22T02:06:42.8652059Z   fail-on-cache-miss: false
2026-04-22T02:06:42.8652234Z   lookup-only: false
2026-04-22T02:06:42.8652391Z   save-always: false
2026-04-22T02:06:42.8652558Z env:
2026-04-22T02:06:42.8652695Z   WAIT_INTERVAL: 30
2026-04-22T02:06:42.8652844Z ##[endgroup]
2026-04-22T02:06:43.2150957Z Cache not found for input keys: Linux-gems-, Linux-gems-
2026-04-22T02:06:43.2208749Z ##[group]Run bundle install --jobs 4 --retry 3
2026-04-22T02:06:43.2209025Z [36;1mbundle install --jobs 4 --retry 3[0m
2026-04-22T02:06:43.2228340Z shell: /usr/bin/bash --noprofile --norc -e -o pipefail {0}
2026-04-22T02:06:43.2228600Z env:
2026-04-22T02:06:43.2228738Z   WAIT_INTERVAL: 30
2026-04-22T02:06:43.2228895Z ##[endgroup]
2026-04-22T02:06:44.7559835Z Bundler 2.4.19 is running, but your lockfile was generated with 2.2.3. Installing Bundler 2.2.3 and restarting using that version.
2026-04-22T02:06:46.3207120Z Fetching gem metadata from https://rubygems.org/.
2026-04-22T02:06:46.3282589Z Fetching bundler 2.2.3
2026-04-22T02:06:46.6878876Z Installing bundler 2.2.3
2026-04-22T02:06:46.8329139Z Calling `DidYouMean::SPELL_CHECKERS.merge!(error_name => spell_checker)' has been deprecated. Please call `DidYouMean.correct_error(error_name, spell_checker)' instead.
2026-04-22T02:06:47.9275517Z Fetching gem metadata from https://rubygems.org/.........
2026-04-22T02:06:47.9353016Z Fetching minitest 5.18.0
2026-04-22T02:06:47.9568500Z Fetching concurrent-ruby 1.2.2
2026-04-22T02:06:47.9728636Z Fetching public_suffix 4.0.7
2026-04-22T02:06:47.9731801Z Fetching zeitwerk 2.6.7
2026-04-22T02:06:48.0240267Z Installing zeitwerk 2.6.7
2026-04-22T02:06:48.0396968Z Installing public_suffix 4.0.7
2026-04-22T02:06:48.0465645Z Installing minitest 5.18.0
2026-04-22T02:06:48.0679912Z Installing concurrent-ruby 1.2.2
2026-04-22T02:06:48.0827937Z Fetching ast 2.4.2
2026-04-22T02:06:48.1094348Z Using bundler 2.2.3
2026-04-22T02:06:48.1105941Z Fetching byebug 11.1.3
2026-04-22T02:06:48.1300266Z Installing ast 2.4.2
2026-04-22T02:06:48.1435025Z Fetching diff-lcs 1.4.4
2026-04-22T02:06:48.1620491Z Fetching faraday-net_http 2.0.3
2026-04-22T02:06:48.1844781Z Installing byebug 11.1.3 with native extensions
2026-04-22T02:06:48.2098376Z Installing faraday-net_http 2.0.3
2026-04-22T02:06:48.2131241Z Installing diff-lcs 1.4.4
2026-04-22T02:06:48.2238393Z Using ruby2_keywords 0.0.5
2026-04-22T02:06:48.2243699Z Fetching json 2.7.1
2026-04-22T02:06:48.2567015Z Installing json 2.7.1 with native extensions
2026-04-22T02:06:48.2821796Z Fetching language_server-protocol 3.17.0.3
2026-04-22T02:06:48.3243681Z Installing language_server-protocol 3.17.0.3
2026-04-22T02:06:48.3423682Z Fetching lint_roller 1.1.0
2026-04-22T02:06:48.3699660Z Installing lint_roller 1.1.0
2026-04-22T02:06:48.3802608Z Fetching parallel 1.24.0
2026-04-22T02:06:48.4116868Z Installing parallel 1.24.0
2026-04-22T02:06:48.4180638Z Fetching racc 1.7.3
2026-04-22T02:06:48.4556861Z Installing racc 1.7.3 with native extensions
2026-04-22T02:06:48.4733108Z Fetching rainbow 3.1.1
2026-04-22T02:06:48.4990648Z Installing rainbow 3.1.1
2026-04-22T02:06:48.5041223Z Fetching regexp_parser 2.8.3
2026-04-22T02:06:48.5319916Z Installing regexp_parser 2.8.3
2026-04-22T02:06:48.5485556Z Fetching rexml 3.2.6
2026-04-22T02:06:48.5800287Z Installing rexml 3.2.6
2026-04-22T02:06:48.6607256Z Fetching rspec-support 3.10.1
2026-04-22T02:06:48.6879668Z Installing rspec-support 3.10.1
2026-04-22T02:06:48.6966949Z Fetching ruby-progressbar 1.13.0
2026-04-22T02:06:48.7224936Z Installing ruby-progressbar 1.13.0
2026-04-22T02:06:48.7392062Z Fetching unicode-display_width 2.5.0
2026-04-22T02:06:48.7772298Z Installing unicode-display_width 2.5.0
2026-04-22T02:06:48.7861806Z Fetching addressable 2.8.0
2026-04-22T02:06:48.8186681Z Installing addressable 2.8.0
2026-04-22T02:06:48.8295689Z Fetching faraday 2.3.0
2026-04-22T02:06:48.9106499Z Installing faraday 2.3.0
2026-04-22T02:06:48.9266258Z Fetching i18n 1.12.0
2026-04-22T02:06:48.9535129Z Installing i18n 1.12.0
2026-04-22T02:06:48.9642863Z Fetching tzinfo 2.0.6
2026-04-22T02:06:48.9924989Z Installing tzinfo 2.0.6
2026-04-22T02:06:49.0048958Z Fetching rspec-core 3.10.1
2026-04-22T02:06:49.0348508Z Installing rspec-core 3.10.1
2026-04-22T02:06:49.0544446Z Fetching rspec-expectations 3.10.1
2026-04-22T02:06:49.0930475Z Installing rspec-expectations 3.10.1
2026-04-22T02:06:49.1062129Z Fetching rspec-mocks 3.10.1
2026-04-22T02:06:49.1366972Z Installing rspec-mocks 3.10.1
2026-04-22T02:06:49.1476056Z Fetching faraday-retry 2.0.0
2026-04-22T02:06:49.1728755Z Installing faraday-retry 2.0.0
2026-04-22T02:06:49.1769134Z Fetching sawyer 0.9.2
2026-04-22T02:06:49.2105397Z Installing sawyer 0.9.2
2026-04-22T02:06:49.2159351Z Fetching activesupport 6.1.7.3
2026-04-22T02:06:49.2469898Z Installing activesupport 6.1.7.3
2026-04-22T02:06:49.2906408Z Fetching rspec 3.10.0
2026-04-22T02:06:49.3189047Z Installing rspec 3.10.0
2026-04-22T02:06:49.3223549Z Fetching octokit 4.25.0
2026-04-22T02:06:49.3539165Z Installing octokit 4.25.0
2026-04-22T02:06:53.2847752Z Fetching parser 3.2.2.4
2026-04-22T02:06:53.3695523Z Installing parser 3.2.2.4
2026-04-22T02:06:53.4571224Z Fetching rubocop-ast 1.30.0
2026-04-22T02:06:53.5007820Z Installing rubocop-ast 1.30.0
2026-04-22T02:06:54.6637760Z Fetching rubocop 1.57.2
2026-04-22T02:06:54.7098919Z Installing rubocop 1.57.2
2026-04-22T02:06:54.8412527Z Fetching rubocop-performance 1.19.1
2026-04-22T02:06:54.8414205Z Fetching standard-custom 1.0.2
2026-04-22T02:06:54.8865088Z Installing standard-custom 1.0.2
2026-04-22T02:06:54.8878036Z Installing rubocop-performance 1.19.1
2026-04-22T02:06:54.9014161Z Fetching standard-performance 1.2.1
2026-04-22T02:06:54.9267496Z Installing standard-performance 1.2.1
2026-04-22T02:06:54.9316529Z Fetching standard 1.32.1
2026-04-22T02:06:54.9575813Z Installing standard 1.32.1
2026-04-22T02:06:54.9725663Z Bundle complete! 6 Gemfile dependencies, 40 gems now installed.
2026-04-22T02:06:54.9726487Z Use `bundle info [gemname]` to see where a bundled gem is installed.
2026-04-22T02:06:55.0174673Z ##[group]Run ruby entrypoint.rb
2026-04-22T02:06:55.0175008Z [36;1mruby entrypoint.rb[0m
2026-04-22T02:06:55.0200621Z shell: /usr/bin/bash --noprofile --norc -e -o pipefail {0}
2026-04-22T02:06:55.0201001Z env:
2026-04-22T02:06:55.0201207Z   WAIT_INTERVAL: 30
2026-04-22T02:06:55.0201697Z   ALLOWED_CONCLUSIONS: success,skipped
2026-04-22T02:06:55.0201995Z   IGNORE_CHECKS: 
2026-04-22T02:06:55.0202209Z   CHECK_NAME: 
2026-04-22T02:06:55.0202410Z   CHECK_REGEXP: 
2026-04-22T02:06:55.0202671Z   REF: e9a8c0f51c6060483215bb2d66a96e0df826d854
2026-04-22T02:06:55.0203234Z   REPO_TOKEN: ***
2026-04-22T02:06:55.0203460Z   VERBOSE: true
2026-04-22T02:06:55.0203694Z   RUNNING_WORKFLOW_NAME: Auto-merge
2026-04-22T02:06:55.0203971Z   API_ENDPOINT: 
2026-04-22T02:06:55.0204194Z ##[endgroup]
2026-04-22T02:16:32.8478829Z Checks running on ref:
2026-04-22T02:16:32.8480715Z Checks in_progress: autofix, Auto-merge
2026-04-22T02:16:32.8482424Z Checks after ignore checks filter:
2026-04-22T02:16:32.8482836Z Checks in_progress: autofix
2026-04-22T02:16:32.8483089Z Checks after check_name filter:
2026-04-22T02:16:32.8483361Z Checks in_progress: autofix
2026-04-22T02:16:32.8483610Z Checks after Regexp filter:
2026-04-22T02:16:32.8483786Z Checks in_progress: autofix
2026-04-22T02:16:32.8484164Z The requested check isn't complete yet, will check back in 30 seconds...
2026-04-22T02:16:32.8484585Z Checks running on ref:
2026-04-22T02:16:32.8484840Z Checks in_progress: autofix, Auto-merge
2026-04-22T02:16:32.8485145Z Checks after ignore checks filter:
2026-04-22T02:16:32.8485419Z Checks in_progress: autofix
2026-04-22T02:16:32.8485677Z Checks after check_name filter:
2026-04-22T02:16:32.8485939Z Checks in_progress: autofix
2026-04-22T02:16:32.8486223Z Checks after Regexp filter:
2026-04-22T02:16:32.8486458Z Checks in_progress: autofix
2026-04-22T02:16:32.8486818Z The requested check isn't complete yet, will check back in 30 seconds...
2026-04-22T02:16:32.8487230Z Checks running on ref:
2026-04-22T02:16:32.8487492Z Checks in_progress: autofix, Auto-merge
2026-04-22T02:16:32.8487787Z Checks after ignore checks filter:
2026-04-22T02:16:32.8488063Z Checks in_progress: autofix
2026-04-22T02:16:32.8488311Z Checks after check_name filter:
2026-04-22T02:16:32.8488568Z Checks in_progress: autofix
2026-04-22T02:16:32.8488808Z Checks after Regexp filter:
2026-04-22T02:16:32.8489007Z Checks in_progress: autofix
2026-04-22T02:16:32.8489240Z The requested check isn't complete yet, will check back in 30 seconds...
2026-04-22T02:16:32.8489496Z Checks running on ref:
2026-04-22T02:16:32.8489677Z Checks in_progress: lint-and-test, Auto-merge
2026-04-22T02:16:32.8489879Z Checks completed: autofix
2026-04-22T02:16:32.8490051Z Checks after ignore checks filter:
2026-04-22T02:16:32.8490235Z Checks in_progress: lint-and-test
2026-04-22T02:16:32.8490417Z Checks completed: autofix
2026-04-22T02:16:32.8490594Z Checks after check_name filter:
2026-04-22T02:16:32.8490846Z Checks in_progress: lint-and-test
2026-04-22T02:16:32.8491032Z Checks completed: autofix
2026-04-22T02:16:32.8491192Z Checks after Regexp filter:
2026-04-22T02:16:32.8491586Z Checks in_progress: lint-and-test
2026-04-22T02:16:32.8491763Z Checks completed: autofix
2026-04-22T02:16:32.8492002Z The requested checks aren't complete yet, will check back in 30 seconds...
2026-04-22T02:16:32.8492271Z Checks running on ref:
2026-04-22T02:16:32.8492447Z Checks in_progress: lint-and-test, Auto-merge
2026-04-22T02:16:32.8492648Z Checks completed: autofix
2026-04-22T02:16:32.8492812Z Checks after ignore checks filter:
2026-04-22T02:16:32.8493000Z Checks in_progress: lint-and-test
2026-04-22T02:16:32.8493169Z Checks completed: autofix
2026-04-22T02:16:32.8493332Z Checks after check_name filter:
2026-04-22T02:16:32.8493502Z Checks in_progress: lint-and-test
2026-04-22T02:16:32.8493691Z Checks completed: autofix
2026-04-22T02:16:32.8493845Z Checks after Regexp filter:
2026-04-22T02:16:32.8494010Z Checks in_progress: lint-and-test
2026-04-22T02:16:32.8494538Z Checks completed: autofix
2026-04-22T02:16:32.8494885Z The requested checks aren't complete yet, will check back in 30 seconds...
2026-04-22T02:16:32.8495147Z Checks running on ref:
2026-04-22T02:16:32.8495310Z Checks in_progress: lint-and-test, Auto-merge
2026-04-22T02:16:32.8495508Z Checks completed: autofix
2026-04-22T02:16:32.8495669Z Checks after ignore checks filter:
2026-04-22T02:16:32.8495850Z Checks in_progress: lint-and-test
2026-04-22T02:16:32.8496017Z Checks completed: autofix
2026-04-22T02:16:32.8496174Z Checks after check_name filter:
2026-04-22T02:16:32.8496340Z Checks in_progress: lint-and-test
2026-04-22T02:16:32.8496512Z Checks completed: autofix
2026-04-22T02:16:32.8496670Z Checks after Regexp filter:
2026-04-22T02:16:32.8496829Z Checks in_progress: lint-and-test
2026-04-22T02:16:32.8497001Z Checks completed: autofix
2026-04-22T02:16:32.8497228Z The requested checks aren't complete yet, will check back in 30 seconds...
2026-04-22T02:16:32.8497485Z Checks running on ref:
2026-04-22T02:16:32.8497652Z Checks in_progress: lint-and-test, Auto-merge
2026-04-22T02:16:32.8497852Z Checks completed: autofix
2026-04-22T02:16:32.8498006Z Checks after ignore checks filter:
2026-04-22T02:16:32.8498186Z Checks in_progress: lint-and-test
2026-04-22T02:16:32.8498358Z Checks completed: autofix
2026-04-22T02:16:32.8498520Z Checks after check_name filter:
2026-04-22T02:16:32.8498694Z Checks in_progress: lint-and-test
2026-04-22T02:16:32.8498862Z Checks completed: autofix
2026-04-22T02:16:32.8499022Z Checks after Regexp filter:
2026-04-22T02:16:32.8499181Z Checks in_progress: lint-and-test
2026-04-22T02:16:32.8499355Z Checks completed: autofix
2026-04-22T02:16:32.8499578Z The requested checks aren't complete yet, will check back in 30 seconds...
2026-04-22T02:16:32.8499836Z Checks running on ref:
2026-04-22T02:16:32.8500001Z Checks in_progress: lint-and-test, Auto-merge
2026-04-22T02:16:32.8500199Z Checks completed: autofix
2026-04-22T02:16:32.8500355Z Checks after ignore checks filter:
2026-04-22T02:16:32.8500537Z Checks in_progress: lint-and-test
2026-04-22T02:16:32.8500715Z Checks completed: autofix
2026-04-22T02:16:32.8500867Z Checks after check_name filter:
2026-04-22T02:16:32.8501039Z Checks in_progress: lint-and-test
2026-04-22T02:16:32.8501204Z Checks completed: autofix
2026-04-22T02:16:32.8501538Z Checks after Regexp filter:
2026-04-22T02:16:32.8501699Z Checks in_progress: lint-and-test
2026-04-22T02:16:32.8501872Z Checks completed: autofix
2026-04-22T02:16:32.8502093Z The requested checks aren't complete yet, will check back in 30 seconds...
2026-04-22T02:16:32.8502348Z Checks running on ref:
2026-04-22T02:16:32.8502515Z Checks in_progress: lint-and-test, Auto-merge
2026-04-22T02:16:32.8502706Z Checks completed: autofix
2026-04-22T02:16:32.8502867Z Checks after ignore checks filter:
2026-04-22T02:16:32.8503040Z Checks in_progress: lint-and-test
2026-04-22T02:16:32.8503218Z Checks completed: autofix
2026-04-22T02:16:32.8503376Z Checks after check_name filter:
2026-04-22T02:16:32.8503548Z Checks in_progress: lint-and-test
2026-04-22T02:16:32.8503723Z Checks completed: autofix
2026-04-22T02:16:32.8503873Z Checks after Regexp filter:
2026-04-22T02:16:32.8504035Z Checks in_progress: lint-and-test
2026-04-22T02:16:32.8504200Z Checks completed: autofix
2026-04-22T02:16:32.8504424Z The requested checks aren't complete yet, will check back in 30 seconds...
2026-04-22T02:16:32.8504672Z Checks running on ref:
2026-04-22T02:16:32.8504837Z Checks in_progress: lint-and-test, Auto-merge
2026-04-22T02:16:32.8505028Z Checks completed: autofix
2026-04-22T02:16:32.8505187Z Checks after ignore checks filter:
2026-04-22T02:16:32.8505365Z Checks in_progress: lint-and-test
2026-04-22T02:16:32.8505546Z Checks completed: autofix
2026-04-22T02:16:32.8505701Z Checks after check_name filter:
2026-04-22T02:16:32.8505866Z Checks in_progress: lint-and-test
2026-04-22T02:16:32.8506036Z Checks completed: autofix
2026-04-22T02:16:32.8506187Z Checks after Regexp filter:
2026-04-22T02:16:32.8506348Z Checks in_progress: lint-and-test
2026-04-22T02:16:32.8506630Z Checks completed: autofix
2026-04-22T02:16:32.8506951Z The requested checks aren't complete yet, will check back in 30 seconds...
2026-04-22T02:16:32.8507201Z Checks running on ref:
2026-04-22T02:16:32.8507365Z Checks in_progress: lint-and-test, Auto-merge
2026-04-22T02:16:32.8507560Z Checks completed: autofix
2026-04-22T02:16:32.8507715Z Checks after ignore checks filter:
2026-04-22T02:16:32.8507892Z Checks in_progress: lint-and-test
2026-04-22T02:16:32.8508057Z Checks completed: autofix
2026-04-22T02:16:32.8508212Z Checks after check_name filter:
2026-04-22T02:16:32.8508376Z Checks in_progress: lint-and-test
2026-04-22T02:16:32.8508543Z Checks completed: autofix
2026-04-22T02:16:32.8508714Z Checks after Regexp filter:
2026-04-22T02:16:32.8508877Z Checks in_progress: lint-and-test
2026-04-22T02:16:32.8509044Z Checks completed: autofix
2026-04-22T02:16:32.8509267Z The requested checks aren't complete yet, will check back in 30 seconds...
2026-04-22T02:16:32.8509521Z Checks running on ref:
2026-04-22T02:16:32.8509691Z Checks in_progress: lint-and-test, Auto-merge
2026-04-22T02:16:32.8509888Z Checks completed: autofix
2026-04-22T02:16:32.8510043Z Checks after ignore checks filter:
2026-04-22T02:16:32.8510219Z Checks in_progress: lint-and-test
2026-04-22T02:16:32.8510385Z Checks completed: autofix
2026-04-22T02:16:32.8510540Z Checks after check_name filter:
2026-04-22T02:16:32.8510704Z Checks in_progress: lint-and-test
2026-04-22T02:16:32.8510874Z Checks completed: autofix
2026-04-22T02:16:32.8511030Z Checks after Regexp filter:
2026-04-22T02:16:32.8511187Z Checks in_progress: lint-and-test
2026-04-22T02:16:32.8511494Z Checks completed: autofix
2026-04-22T02:16:32.8511717Z The requested checks aren't complete yet, will check back in 30 seconds...
2026-04-22T02:16:32.8511969Z Checks running on ref:
2026-04-22T02:16:32.8512128Z Checks in_progress: lint-and-test, Auto-merge
2026-04-22T02:16:32.8512322Z Checks completed: autofix
2026-04-22T02:16:32.8512478Z Checks after ignore checks filter:
2026-04-22T02:16:32.8512667Z Checks in_progress: lint-and-test
2026-04-22T02:16:32.8512837Z Checks completed: autofix
2026-04-22T02:16:32.8512992Z Checks after check_name filter:
2026-04-22T02:16:32.8513161Z Checks in_progress: lint-and-test
2026-04-22T02:16:32.8513327Z Checks completed: autofix
2026-04-22T02:16:32.8513483Z Checks after Regexp filter:
2026-04-22T02:16:32.8513641Z Checks in_progress: lint-and-test
2026-04-22T02:16:32.8513814Z Checks completed: autofix
2026-04-22T02:16:32.8514036Z The requested checks aren't complete yet, will check back in 30 seconds...
2026-04-22T02:16:32.8514287Z Checks running on ref:
2026-04-22T02:16:32.8514446Z Checks in_progress: lint-and-test, Auto-merge
2026-04-22T02:16:32.8514643Z Checks completed: autofix
2026-04-22T02:16:32.8514800Z Checks after ignore checks filter:
2026-04-22T02:16:32.8514976Z Checks in_progress: lint-and-test
2026-04-22T02:16:32.8515149Z Checks completed: autofix
2026-04-22T02:16:32.8515301Z Checks after check_name filter:
2026-04-22T02:16:32.8515487Z Checks in_progress: lint-and-test
2026-04-22T02:16:32.8515673Z Checks completed: autofix
2026-04-22T02:16:32.8515840Z Checks after Regexp filter:
2026-04-22T02:16:32.8516008Z Checks in_progress: lint-and-test
2026-04-22T02:16:32.8516185Z Checks completed: autofix
2026-04-22T02:16:32.8516413Z The requested checks aren't complete yet, will check back in 30 seconds...
2026-04-22T02:16:32.8516674Z Checks running on ref:
2026-04-22T02:16:32.8516851Z Checks in_progress: lint-and-test, Auto-merge
2026-04-22T02:16:32.8517079Z Checks completed: autofix
2026-04-22T02:16:32.8517243Z Checks after ignore checks filter:
2026-04-22T02:16:32.8517422Z Checks in_progress: lint-and-test
2026-04-22T02:16:32.8517594Z Checks completed: autofix
2026-04-22T02:16:32.8517749Z Checks after check_name filter:
2026-04-22T02:16:32.8517924Z Checks in_progress: lint-and-test
2026-04-22T02:16:32.8518089Z Checks completed: autofix
2026-04-22T02:16:32.8518245Z Checks after Regexp filter:
2026-04-22T02:16:32.8518526Z Checks in_progress: lint-and-test
2026-04-22T02:16:32.8518785Z Checks completed: autofix
2026-04-22T02:16:32.8519014Z The requested checks aren't complete yet, will check back in 30 seconds...
2026-04-22T02:16:32.8519265Z Checks running on ref:
2026-04-22T02:16:32.8519434Z Checks in_progress: lint-and-test, Auto-merge
2026-04-22T02:16:32.8519624Z Checks completed: autofix
2026-04-22T02:16:32.8519784Z Checks after ignore checks filter:
2026-04-22T02:16:32.8519959Z Checks in_progress: lint-and-test
2026-04-22T02:16:32.8520131Z Checks completed: autofix
2026-04-22T02:16:32.8520283Z Checks after check_name filter:
2026-04-22T02:16:32.8520456Z Checks in_progress: lint-and-test
2026-04-22T02:16:32.8520620Z Checks completed: autofix
2026-04-22T02:16:32.8520775Z Checks after Regexp filter:
2026-04-22T02:16:32.8520938Z Checks in_progress: lint-and-test
2026-04-22T02:16:32.8521105Z Checks completed: autofix
2026-04-22T02:16:32.8521468Z The requested checks aren't complete yet, will check back in 30 seconds...
2026-04-22T02:16:32.8521739Z Checks running on ref:
2026-04-22T02:16:32.8521917Z Checks in_progress: lint-and-test, Auto-merge
2026-04-22T02:16:32.8522109Z Checks completed: autofix
2026-04-22T02:16:32.8522274Z Checks after ignore checks filter:
2026-04-22T02:16:32.8522448Z Checks in_progress: lint-and-test
2026-04-22T02:16:32.8522621Z Checks completed: autofix
2026-04-22T02:16:32.8522774Z Checks after check_name filter:
2026-04-22T02:16:32.8522947Z Checks in_progress: lint-and-test
2026-04-22T02:16:32.8523118Z Checks completed: autofix
2026-04-22T02:16:32.8523267Z Checks after Regexp filter:
2026-04-22T02:16:32.8523431Z Checks in_progress: lint-and-test
2026-04-22T02:16:32.8523596Z Checks completed: autofix
2026-04-22T02:16:32.8523820Z The requested checks aren't complete yet, will check back in 30 seconds...
2026-04-22T02:16:32.8524070Z Checks running on ref:
2026-04-22T02:16:32.8524236Z Checks in_progress: lint-and-test, Auto-merge
2026-04-22T02:16:32.8524429Z Checks completed: autofix
2026-04-22T02:16:32.8524593Z Checks after ignore checks filter:
2026-04-22T02:16:32.8524775Z Checks in_progress: lint-and-test
2026-04-22T02:16:32.8524941Z Checks completed: autofix
2026-04-22T02:16:32.8525101Z Checks after check_name filter:
2026-04-22T02:16:32.8525265Z Checks in_progress: lint-and-test
2026-04-22T02:16:32.8525435Z Checks completed: autofix
2026-04-22T02:16:32.8525588Z Checks after Regexp filter:
2026-04-22T02:16:32.8525750Z Checks in_progress: lint-and-test
2026-04-22T02:16:32.8525915Z Checks completed: autofix
2026-04-22T02:16:32.8526140Z The requested checks aren't complete yet, will check back in 30 seconds...
2026-04-22T02:16:32.8526386Z Checks running on ref:
2026-04-22T02:16:32.8526549Z Checks in_progress: lint-and-test, Auto-merge
2026-04-22T02:16:32.8526744Z Checks completed: autofix
2026-04-22T02:16:32.8526909Z Checks after ignore checks filter:
2026-04-22T02:16:32.8527080Z Checks in_progress: lint-and-test
2026-04-22T02:16:32.8527254Z Checks completed: autofix
2026-04-22T02:16:32.8527403Z Checks after check_name filter:
2026-04-22T02:16:32.8527577Z Checks in_progress: lint-and-test
2026-04-22T02:16:32.8527747Z Checks completed: autofix
2026-04-22T02:16:32.8527905Z Checks after Regexp filter:
2026-04-22T02:16:32.8528062Z Checks in_progress: lint-and-test
2026-04-22T02:16:32.8528233Z Checks completed: autofix
2026-04-22T02:16:32.8528464Z The requested checks aren't complete yet, will check back in 30 seconds...
2026-04-22T02:16:32.8528717Z Checks running on ref:
2026-04-22T02:16:32.8528904Z Checks in_progress: capture-failure-log, Auto-merge
2026-04-22T02:17:03.1949309Z Checks completed: firebase-distribute, lint-and-test, autofix
2026-04-22T02:17:03.1949729Z Checks after ignore checks filter:
2026-04-22T02:17:03.1950002Z Checks in_progress: capture-failure-log
2026-04-22T02:17:03.1950358Z Checks completed: firebase-distribute, lint-and-test, autofix
2026-04-22T02:17:03.1950721Z Checks after check_name filter:
2026-04-22T02:17:03.1950971Z Checks in_progress: capture-failure-log
2026-04-22T02:17:03.1951967Z Checks completed: firebase-distribute, lint-and-test, autofix
2026-04-22T02:17:03.1952524Z Checks after Regexp filter:
2026-04-22T02:17:03.1952770Z Checks in_progress: capture-failure-log
2026-04-22T02:17:03.1953156Z Checks completed: firebase-distribute, lint-and-test, autofix
2026-04-22T02:17:03.1953636Z The requested checks aren't complete yet, will check back in 30 seconds...
2026-04-22T02:17:03.1954003Z Checks running on ref:
2026-04-22T02:17:03.1954390Z Checks completed: capture-failure-log, firebase-distribute, lint-and-test, autofix
2026-04-22T02:17:03.1954837Z Checks in_progress: Auto-merge
2026-04-22T02:17:03.1955098Z Checks after ignore checks filter:
2026-04-22T02:17:03.1955520Z Checks completed: capture-failure-log, firebase-distribute, lint-and-test, autofix
2026-04-22T02:17:03.1955953Z Checks after check_name filter:
2026-04-22T02:17:03.1956337Z Checks completed: capture-failure-log, firebase-distribute, lint-and-test, autofix
2026-04-22T02:17:03.1956749Z Checks after Regexp filter:
2026-04-22T02:17:03.1957128Z Checks completed: capture-failure-log, firebase-distribute, lint-and-test, autofix
2026-04-22T02:17:03.1957548Z Checks completed:
2026-04-22T02:17:03.1957783Z capture-failure-log: completed (success)
2026-04-22T02:17:03.1958091Z firebase-distribute: completed (skipped)
2026-04-22T02:17:03.1958390Z lint-and-test: completed (failure)
2026-04-22T02:17:03.1958674Z autofix: completed (success)
2026-04-22T02:17:03.1959376Z The conclusion of one or more checks were not allowed. Allowed conclusions are: success, skipped. This can be configured with the 'allowed-conclusions' param.
2026-04-22T02:17:03.2025576Z ##[error]Process completed with exit code 1.
2026-04-22T02:17:03.2135856Z Post job cleanup.
2026-04-22T02:17:03.2186744Z Cleaning up orphan processes
2026-04-22T02:17:03.2392011Z ##[warning]Node.js 20 actions are deprecated. The following actions are running on Node.js 20 and may not work as expected: actions/cache@v4. Actions will be forced to run with Node.js 24 by default starting June 2nd, 2026. Node.js 20 will be removed from the runner on September 16th, 2026. Please check if updated versions of these actions are available that support Node.js 24. To opt into Node.js 24 now, set the FORCE_JAVASCRIPT_ACTIONS_TO_NODE24=true environment variable on the runner or in your workflow file. Once Node.js 24 becomes the default, you can temporarily opt out by setting ACTIONS_ALLOW_USE_UNSECURE_NODE_VERSION=true. For more information see: https://github.blog/changelog/2025-09-19-deprecation-of-node-20-on-github-actions-runners/
