=== CI FAILURE ===
Workflow:      Auto-merge & Release
Workflow file: akarlin3/prismTask/.github/workflows/auto-merge.yml@refs/pull/506/merge
Job(s):        Auto-merge
Run ID:        24589601791
Run attempt:   1
Run URL:       https://github.com/akarlin3/prismTask/actions/runs/24589601791
Commit:        931ae95ace68d1ee90a2e97a73a239eddca6e061
Branch:        506/merge
Event:         pull_request
Actor:         akarlin3
Runner OS:     Linux
Timestamp:     2026-04-17T22:41:13.384Z

Failed steps:
  - Auto-merge: #3 Wait for all other CI checks to pass

=== FAILED JOB LOG ===

--- Job: Auto-merge (id 71907323607) ---
2026-04-17T22:33:57.2099200Z Current runner version: '2.333.1'
2026-04-17T22:33:57.2122616Z ##[group]Runner Image Provisioner
2026-04-17T22:33:57.2123433Z Hosted Compute Agent
2026-04-17T22:33:57.2124077Z Version: 20260213.493
2026-04-17T22:33:57.2124652Z Commit: 5c115507f6dd24b8de37d8bbe0bb4509d0cc0fa3
2026-04-17T22:33:57.2125367Z Build Date: 2026-02-13T00:28:41Z
2026-04-17T22:33:57.2126018Z Worker ID: {74b84241-ed6e-45f0-897b-e5835fe0777b}
2026-04-17T22:33:57.2126775Z Azure Region: westcentralus
2026-04-17T22:33:57.2127358Z ##[endgroup]
2026-04-17T22:33:57.2128705Z ##[group]Operating System
2026-04-17T22:33:57.2129328Z Ubuntu
2026-04-17T22:33:57.2129962Z 24.04.4
2026-04-17T22:33:57.2130508Z LTS
2026-04-17T22:33:57.2130964Z ##[endgroup]
2026-04-17T22:33:57.2131479Z ##[group]Runner Image
2026-04-17T22:33:57.2131973Z Image: ubuntu-24.04
2026-04-17T22:33:57.2132567Z Version: 20260413.86.1
2026-04-17T22:33:57.2133721Z Included Software: https://github.com/actions/runner-images/blob/ubuntu24/20260413.86/images/ubuntu/Ubuntu2404-Readme.md
2026-04-17T22:33:57.2135203Z Image Release: https://github.com/actions/runner-images/releases/tag/ubuntu24%2F20260413.86
2026-04-17T22:33:57.2136117Z ##[endgroup]
2026-04-17T22:33:57.2137440Z ##[group]GITHUB_TOKEN Permissions
2026-04-17T22:33:57.2139510Z Actions: read
2026-04-17T22:33:57.2140185Z Checks: read
2026-04-17T22:33:57.2140822Z Contents: write
2026-04-17T22:33:57.2141352Z Metadata: read
2026-04-17T22:33:57.2141840Z PullRequests: write
2026-04-17T22:33:57.2142431Z ##[endgroup]
2026-04-17T22:33:57.2144376Z Secret source: Actions
2026-04-17T22:33:57.2145095Z Prepare workflow directory
2026-04-17T22:33:57.2570572Z Prepare all required actions
2026-04-17T22:33:57.2607773Z Getting action download info
2026-04-17T22:33:57.6279606Z Download action repository 'lewagon/wait-on-check-action@ccfb013c15c8afb7bf2b7c028fb74dc5a068cccc' (SHA:ccfb013c15c8afb7bf2b7c028fb74dc5a068cccc)
2026-04-17T22:33:58.2311898Z Getting action download info
2026-04-17T22:33:58.4002765Z Download action repository 'ruby/setup-ruby@v1' (SHA:7372622e62b60b3cb750dcd2b9e32c247ffec26a)
2026-04-17T22:33:59.1473400Z Download action repository 'actions/cache@v4' (SHA:0057852bfaa89a56745cba8c7296529d2fc39830)
2026-04-17T22:33:59.2807257Z Complete job name: Auto-merge
2026-04-17T22:33:59.3374341Z ##[group]Run set -euo pipefail
2026-04-17T22:33:59.3374825Z [36;1mset -euo pipefail[0m
2026-04-17T22:33:59.3375303Z [36;1m# Give GitHub a short grace period to schedule workflow runs for[0m
2026-04-17T22:33:59.3375908Z [36;1m# the head commit. Paths-filtered workflows (android/backend/web CI)[0m
2026-04-17T22:33:59.3376463Z [36;1m# won't run for doc-only or cross-cutting config PRs, so the[0m
2026-04-17T22:33:59.3377013Z [36;1m# wait-on-check-action step below would otherwise hang waiting for[0m
2026-04-17T22:33:59.3377496Z [36;1m# checks that will never appear.[0m
2026-04-17T22:33:59.3377831Z [36;1msleep 20[0m
2026-04-17T22:33:59.3378219Z [36;1mCOUNT=$(gh api "repos/$REPO/commits/$HEAD_SHA/check-runs" \[0m
2026-04-17T22:33:59.3378764Z [36;1m  --jq '[.check_runs[] | select(.name != "Auto-merge")] | length')[0m
2026-04-17T22:33:59.3379296Z [36;1mecho "Non-Auto-merge check runs on head: $COUNT"[0m
2026-04-17T22:33:59.3379935Z [36;1mif [ "$COUNT" -gt 0 ]; then[0m
2026-04-17T22:33:59.3380329Z [36;1m  echo "has_ci=true" >> "$GITHUB_OUTPUT"[0m
2026-04-17T22:33:59.3380683Z [36;1melse[0m
2026-04-17T22:33:59.3380971Z [36;1m  echo "has_ci=false" >> "$GITHUB_OUTPUT"[0m
2026-04-17T22:33:59.3381422Z [36;1m  echo "No CI checks on this PR — will merge without waiting."[0m
2026-04-17T22:33:59.3381864Z [36;1mfi[0m
2026-04-17T22:33:59.3407857Z shell: /usr/bin/bash -e {0}
2026-04-17T22:33:59.3408483Z env:
2026-04-17T22:33:59.3408738Z   WAIT_INTERVAL: 30
2026-04-17T22:33:59.3409340Z   GH_TOKEN: ***
2026-04-17T22:33:59.3409851Z   HEAD_SHA: 1d5ae94ec5756ed14fcc1880b13c187de34c17f6
2026-04-17T22:33:59.3410246Z   REPO: akarlin3/prismTask
2026-04-17T22:33:59.3410549Z ##[endgroup]
2026-04-17T22:34:19.7682349Z Non-Auto-merge check runs on head: 3
2026-04-17T22:34:19.7905909Z ##[group]Run lewagon/wait-on-check-action@ccfb013c15c8afb7bf2b7c028fb74dc5a068cccc
2026-04-17T22:34:19.7906428Z with:
2026-04-17T22:34:19.7906716Z   ref: 1d5ae94ec5756ed14fcc1880b13c187de34c17f6
2026-04-17T22:34:19.7907072Z   running-workflow-name: Auto-merge
2026-04-17T22:34:19.7907721Z   repo-token: ***
2026-04-17T22:34:19.7907968Z   wait-interval: 30
2026-04-17T22:34:19.7908239Z   allowed-conclusions: success,skipped
2026-04-17T22:34:19.7908540Z   verbose: true
2026-04-17T22:34:19.7908798Z env:
2026-04-17T22:34:19.7909008Z   WAIT_INTERVAL: 30
2026-04-17T22:34:19.7909240Z ##[endgroup]
2026-04-17T22:34:19.8037712Z ##[group]Run ruby/setup-ruby@v1
2026-04-17T22:34:19.8038026Z with:
2026-04-17T22:34:19.8038263Z   ruby-version: 3.2
2026-04-17T22:34:19.8038527Z   bundler-cache: false
2026-04-17T22:34:19.8038935Z   token: ***
2026-04-17T22:34:19.8039150Z env:
2026-04-17T22:34:19.8039363Z   WAIT_INTERVAL: 30
2026-04-17T22:34:19.8039591Z ##[endgroup]
2026-04-17T22:34:19.9239314Z ##[group]Modifying PATH
2026-04-17T22:34:19.9240013Z Entries added to PATH to use selected Ruby:
2026-04-17T22:34:19.9240395Z   /opt/hostedtoolcache/Ruby/3.2.11/x64/bin
2026-04-17T22:34:19.9242068Z ##[endgroup]
2026-04-17T22:34:19.9242818Z ##[group]Print Ruby version
2026-04-17T22:34:19.9277345Z [command]/opt/hostedtoolcache/Ruby/3.2.11/x64/bin/ruby --version
2026-04-17T22:34:20.0133705Z ruby 3.2.11 (2026-03-27 revision 5483bfc1ae) [x86_64-linux]
2026-04-17T22:34:20.0163128Z Took   0.09 seconds
2026-04-17T22:34:20.0164013Z ##[endgroup]
2026-04-17T22:34:20.0165263Z ##[group]Installing Bundler
2026-04-17T22:34:20.0168814Z Using Bundler shipped with ruby-3.2.11
2026-04-17T22:34:20.0169955Z Took   0.00 seconds
2026-04-17T22:34:20.0170590Z ##[endgroup]
2026-04-17T22:34:20.0804774Z ##[group]Run actions/cache@v4
2026-04-17T22:34:20.0805095Z with:
2026-04-17T22:34:20.0805572Z   path: /home/runner/work/_actions/lewagon/wait-on-check-action/ccfb013c15c8afb7bf2b7c028fb74dc5a068cccc
2026-04-17T22:34:20.0806120Z   key: Linux-gems-
2026-04-17T22:34:20.0806382Z   restore-keys: Linux-gems-
2026-04-17T22:34:20.0806657Z   enableCrossOsArchive: false
2026-04-17T22:34:20.0806925Z   fail-on-cache-miss: false
2026-04-17T22:34:20.0807177Z   lookup-only: false
2026-04-17T22:34:20.0807405Z   save-always: false
2026-04-17T22:34:20.0807637Z env:
2026-04-17T22:34:20.0807837Z   WAIT_INTERVAL: 30
2026-04-17T22:34:20.0808058Z ##[endgroup]
2026-04-17T22:34:20.4153544Z Cache not found for input keys: Linux-gems-, Linux-gems-
2026-04-17T22:34:20.4241204Z ##[group]Run bundle install --jobs 4 --retry 3
2026-04-17T22:34:20.4241575Z [36;1mbundle install --jobs 4 --retry 3[0m
2026-04-17T22:34:20.4266446Z shell: /usr/bin/bash --noprofile --norc -e -o pipefail {0}
2026-04-17T22:34:20.4266794Z env:
2026-04-17T22:34:20.4266994Z   WAIT_INTERVAL: 30
2026-04-17T22:34:20.4267198Z ##[endgroup]
2026-04-17T22:34:21.0221452Z Bundler 2.4.19 is running, but your lockfile was generated with 2.2.3. Installing Bundler 2.2.3 and restarting using that version.
2026-04-17T22:34:22.3626627Z Fetching gem metadata from https://rubygems.org/.
2026-04-17T22:34:22.3700312Z Fetching bundler 2.2.3
2026-04-17T22:34:22.6064195Z Installing bundler 2.2.3
2026-04-17T22:34:22.8134383Z Calling `DidYouMean::SPELL_CHECKERS.merge!(error_name => spell_checker)' has been deprecated. Please call `DidYouMean.correct_error(error_name, spell_checker)' instead.
2026-04-17T22:34:24.2824361Z Fetching gem metadata from https://rubygems.org/.........
2026-04-17T22:34:24.2922377Z Fetching minitest 5.18.0
2026-04-17T22:34:24.2923003Z Fetching zeitwerk 2.6.7
2026-04-17T22:34:24.2929267Z Fetching concurrent-ruby 1.2.2
2026-04-17T22:34:24.2939426Z Fetching public_suffix 4.0.7
2026-04-17T22:34:24.4329250Z Installing zeitwerk 2.6.7
2026-04-17T22:34:24.4458600Z Installing minitest 5.18.0
2026-04-17T22:34:24.4822699Z Fetching ast 2.4.2
2026-04-17T22:34:24.5098696Z Installing public_suffix 4.0.7
2026-04-17T22:34:24.5165961Z Using bundler 2.2.3
2026-04-17T22:34:24.5175387Z Fetching byebug 11.1.3
2026-04-17T22:34:24.5473564Z Installing concurrent-ruby 1.2.2
2026-04-17T22:34:24.5630528Z Fetching diff-lcs 1.4.4
2026-04-17T22:34:24.5902531Z Installing ast 2.4.2
2026-04-17T22:34:24.6006690Z Fetching faraday-net_http 2.0.3
2026-04-17T22:34:24.6650366Z Installing byebug 11.1.3 with native extensions
2026-04-17T22:34:24.6839643Z Installing faraday-net_http 2.0.3
2026-04-17T22:34:24.6853950Z Using ruby2_keywords 0.0.5
2026-04-17T22:34:24.6880656Z Fetching json 2.7.1
2026-04-17T22:34:24.7172723Z Installing diff-lcs 1.4.4
2026-04-17T22:34:24.7232822Z Fetching language_server-protocol 3.17.0.3
2026-04-17T22:34:24.7741598Z Fetching lint_roller 1.1.0
2026-04-17T22:34:24.8221256Z Installing json 2.7.1 with native extensions
2026-04-17T22:34:24.8455675Z Installing language_server-protocol 3.17.0.3
2026-04-17T22:34:24.8588302Z Installing lint_roller 1.1.0
2026-04-17T22:34:24.8745680Z Fetching parallel 1.24.0
2026-04-17T22:34:24.9793603Z Installing parallel 1.24.0
2026-04-17T22:34:24.9893012Z Fetching racc 1.7.3
2026-04-17T22:34:25.0229484Z Fetching rainbow 3.1.1
2026-04-17T22:34:25.1046559Z Installing rainbow 3.1.1
2026-04-17T22:34:25.1106507Z Installing racc 1.7.3 with native extensions
2026-04-17T22:34:25.1160288Z Fetching regexp_parser 2.8.3
2026-04-17T22:34:25.2204315Z Installing regexp_parser 2.8.3
2026-04-17T22:34:25.2464032Z Fetching rexml 3.2.6
2026-04-17T22:34:25.3594007Z Installing rexml 3.2.6
2026-04-17T22:34:25.5011160Z Fetching rspec-support 3.10.1
2026-04-17T22:34:25.6100790Z Installing rspec-support 3.10.1
2026-04-17T22:34:25.6310787Z Fetching ruby-progressbar 1.13.0
2026-04-17T22:34:25.7341157Z Installing ruby-progressbar 1.13.0
2026-04-17T22:34:25.7486853Z Fetching unicode-display_width 2.5.0
2026-04-17T22:34:25.8530955Z Installing unicode-display_width 2.5.0
2026-04-17T22:34:25.8587465Z Fetching addressable 2.8.0
2026-04-17T22:34:25.9196578Z Fetching i18n 1.12.0
2026-04-17T22:34:26.0072925Z Installing addressable 2.8.0
2026-04-17T22:34:26.0309847Z Fetching tzinfo 2.0.6
2026-04-17T22:34:26.0716924Z Installing i18n 1.12.0
2026-04-17T22:34:26.0924998Z Fetching faraday 2.3.0
2026-04-17T22:34:26.1770416Z Installing tzinfo 2.0.6
2026-04-17T22:34:26.2019586Z Fetching rspec-core 3.10.1
2026-04-17T22:34:26.2460789Z Installing faraday 2.3.0
2026-04-17T22:34:26.2694798Z Fetching rspec-expectations 3.10.1
2026-04-17T22:34:26.3728700Z Installing rspec-core 3.10.1
2026-04-17T22:34:26.4003167Z Installing rspec-expectations 3.10.1
2026-04-17T22:34:26.4430126Z Fetching rspec-mocks 3.10.1
2026-04-17T22:34:26.4850741Z Fetching parser 3.2.2.4
2026-04-17T22:34:26.5915843Z Installing rspec-mocks 3.10.1
2026-04-17T22:34:26.6172273Z Fetching activesupport 6.1.7.3
2026-04-17T22:34:26.7756526Z Installing activesupport 6.1.7.3
2026-04-17T22:34:26.7834982Z Installing parser 3.2.2.4
2026-04-17T22:34:26.9241294Z Fetching faraday-retry 2.0.0
2026-04-17T22:34:26.9736952Z Fetching sawyer 0.9.2
2026-04-17T22:34:27.0079368Z Fetching rspec 3.10.0
2026-04-17T22:34:27.0331177Z Installing faraday-retry 2.0.0
2026-04-17T22:34:27.0400233Z Fetching rubocop-ast 1.30.0
2026-04-17T22:34:27.0841532Z Installing sawyer 0.9.2
2026-04-17T22:34:27.0919532Z Fetching octokit 4.25.0
2026-04-17T22:34:27.1537310Z Installing rubocop-ast 1.30.0
2026-04-17T22:34:27.2018096Z Installing octokit 4.25.0
2026-04-17T22:34:27.2295493Z Installing rspec 3.10.0
2026-04-17T22:34:27.8357118Z Fetching rubocop 1.57.2
2026-04-17T22:34:28.0190755Z Installing rubocop 1.57.2
2026-04-17T22:34:28.1660290Z Fetching rubocop-performance 1.19.1
2026-04-17T22:34:28.1662148Z Fetching standard-custom 1.0.2
2026-04-17T22:34:28.2657304Z Installing standard-custom 1.0.2
2026-04-17T22:34:28.2821669Z Installing rubocop-performance 1.19.1
2026-04-17T22:34:28.2954527Z Fetching standard-performance 1.2.1
2026-04-17T22:34:28.3751089Z Installing standard-performance 1.2.1
2026-04-17T22:34:28.3820362Z Fetching standard 1.32.1
2026-04-17T22:34:28.4803846Z Installing standard 1.32.1
2026-04-17T22:34:28.5687506Z Bundle complete! 6 Gemfile dependencies, 40 gems now installed.
2026-04-17T22:34:28.5688885Z Use `bundle info [gemname]` to see where a bundled gem is installed.
2026-04-17T22:34:28.6348513Z ##[group]Run ruby entrypoint.rb
2026-04-17T22:34:28.6348793Z [36;1mruby entrypoint.rb[0m
2026-04-17T22:34:28.6371251Z shell: /usr/bin/bash --noprofile --norc -e -o pipefail {0}
2026-04-17T22:34:28.6371567Z env:
2026-04-17T22:34:28.6371737Z   WAIT_INTERVAL: 30
2026-04-17T22:34:28.6371953Z   ALLOWED_CONCLUSIONS: success,skipped
2026-04-17T22:34:28.6372192Z   IGNORE_CHECKS: 
2026-04-17T22:34:28.6372372Z   CHECK_NAME: 
2026-04-17T22:34:28.6372544Z   CHECK_REGEXP: 
2026-04-17T22:34:28.6372760Z   REF: 1d5ae94ec5756ed14fcc1880b13c187de34c17f6
2026-04-17T22:34:28.6373261Z   REPO_TOKEN: ***
2026-04-17T22:34:28.6373454Z   VERBOSE: true
2026-04-17T22:34:28.6373658Z   RUNNING_WORKFLOW_NAME: Auto-merge
2026-04-17T22:34:28.6373896Z   API_ENDPOINT: 
2026-04-17T22:34:28.6374080Z ##[endgroup]
2026-04-17T22:41:04.0497956Z Checks running on ref:
2026-04-17T22:41:04.0498313Z Checks in_progress: lint-and-test, autofix, Auto-merge
2026-04-17T22:41:04.0498895Z Checks completed: Version Bump, Build & Firebase Distribute
2026-04-17T22:41:04.0499398Z Checks after ignore checks filter:
2026-04-17T22:41:04.0499939Z Checks in_progress: lint-and-test, autofix
2026-04-17T22:41:04.0500401Z Checks completed: Version Bump, Build & Firebase Distribute
2026-04-17T22:41:04.0500871Z Checks after check_name filter:
2026-04-17T22:41:04.0501288Z Checks in_progress: lint-and-test, autofix
2026-04-17T22:41:04.0501655Z Checks completed: Version Bump, Build & Firebase Distribute
2026-04-17T22:41:04.0502044Z Checks after Regexp filter:
2026-04-17T22:41:04.0502529Z Checks in_progress: lint-and-test, autofix
2026-04-17T22:41:04.0503019Z Checks completed: Version Bump, Build & Firebase Distribute
2026-04-17T22:41:04.0503653Z The requested checks aren't complete yet, will check back in 30 seconds...
2026-04-17T22:41:04.0504211Z Checks running on ref:
2026-04-17T22:41:04.0504580Z Checks in_progress: lint-and-test, autofix, Auto-merge
2026-04-17T22:41:04.0505138Z Checks completed: Version Bump, Build & Firebase Distribute
2026-04-17T22:41:04.0505623Z Checks after ignore checks filter:
2026-04-17T22:41:04.0505998Z Checks in_progress: lint-and-test, autofix
2026-04-17T22:41:04.0506483Z Checks completed: Version Bump, Build & Firebase Distribute
2026-04-17T22:41:04.0506799Z Checks after check_name filter:
2026-04-17T22:41:04.0507027Z Checks in_progress: lint-and-test, autofix
2026-04-17T22:41:04.0507306Z Checks completed: Version Bump, Build & Firebase Distribute
2026-04-17T22:41:04.0507586Z Checks after Regexp filter:
2026-04-17T22:41:04.0507793Z Checks in_progress: lint-and-test, autofix
2026-04-17T22:41:04.0508098Z Checks completed: Version Bump, Build & Firebase Distribute
2026-04-17T22:41:04.0508485Z The requested checks aren't complete yet, will check back in 30 seconds...
2026-04-17T22:41:04.0508816Z Checks running on ref:
2026-04-17T22:41:04.0509054Z Checks in_progress: lint-and-test, autofix, Auto-merge
2026-04-17T22:41:04.0509383Z Checks completed: Version Bump, Build & Firebase Distribute
2026-04-17T22:41:04.0509894Z Checks after ignore checks filter:
2026-04-17T22:41:04.0510150Z Checks in_progress: lint-and-test, autofix
2026-04-17T22:41:04.0510455Z Checks completed: Version Bump, Build & Firebase Distribute
2026-04-17T22:41:04.0510747Z Checks after check_name filter:
2026-04-17T22:41:04.0510997Z Checks in_progress: lint-and-test, autofix
2026-04-17T22:41:04.0511399Z Checks completed: Version Bump, Build & Firebase Distribute
2026-04-17T22:41:04.0511683Z Checks after Regexp filter:
2026-04-17T22:41:04.0511898Z Checks in_progress: lint-and-test, autofix
2026-04-17T22:41:04.0512176Z Checks completed: Version Bump, Build & Firebase Distribute
2026-04-17T22:41:04.0512546Z The requested checks aren't complete yet, will check back in 30 seconds...
2026-04-17T22:41:04.0512879Z Checks running on ref:
2026-04-17T22:41:04.0513101Z Checks in_progress: lint-and-test, Auto-merge
2026-04-17T22:41:04.0513447Z Checks completed: autofix, Version Bump, Build & Firebase Distribute
2026-04-17T22:41:04.0514180Z Checks after ignore checks filter:
2026-04-17T22:41:04.0514555Z Checks in_progress: lint-and-test
2026-04-17T22:41:04.0514857Z Checks completed: autofix, Version Bump, Build & Firebase Distribute
2026-04-17T22:41:04.0515177Z Checks after check_name filter:
2026-04-17T22:41:04.0515450Z Checks in_progress: lint-and-test
2026-04-17T22:41:04.0515914Z Checks completed: autofix, Version Bump, Build & Firebase Distribute
2026-04-17T22:41:04.0516245Z Checks after Regexp filter:
2026-04-17T22:41:04.0516462Z Checks in_progress: lint-and-test
2026-04-17T22:41:04.0516764Z Checks completed: autofix, Version Bump, Build & Firebase Distribute
2026-04-17T22:41:04.0517168Z The requested checks aren't complete yet, will check back in 30 seconds...
2026-04-17T22:41:04.0517503Z Checks running on ref:
2026-04-17T22:41:04.0517725Z Checks in_progress: lint-and-test, Auto-merge
2026-04-17T22:41:04.0518055Z Checks completed: autofix, Version Bump, Build & Firebase Distribute
2026-04-17T22:41:04.0518373Z Checks after ignore checks filter:
2026-04-17T22:41:04.0518620Z Checks in_progress: lint-and-test
2026-04-17T22:41:04.0518928Z Checks completed: autofix, Version Bump, Build & Firebase Distribute
2026-04-17T22:41:04.0519247Z Checks after check_name filter:
2026-04-17T22:41:04.0519471Z Checks in_progress: lint-and-test
2026-04-17T22:41:04.0520019Z Checks completed: autofix, Version Bump, Build & Firebase Distribute
2026-04-17T22:41:04.0520345Z Checks after Regexp filter:
2026-04-17T22:41:04.0520556Z Checks in_progress: lint-and-test
2026-04-17T22:41:04.0520847Z Checks completed: autofix, Version Bump, Build & Firebase Distribute
2026-04-17T22:41:04.0521245Z The requested checks aren't complete yet, will check back in 30 seconds...
2026-04-17T22:41:04.0521580Z Checks running on ref:
2026-04-17T22:41:04.0521801Z Checks in_progress: lint-and-test, Auto-merge
2026-04-17T22:41:04.0522127Z Checks completed: autofix, Version Bump, Build & Firebase Distribute
2026-04-17T22:41:04.0522445Z Checks after ignore checks filter:
2026-04-17T22:41:04.0522673Z Checks in_progress: lint-and-test
2026-04-17T22:41:04.0522970Z Checks completed: autofix, Version Bump, Build & Firebase Distribute
2026-04-17T22:41:04.0523275Z Checks after check_name filter:
2026-04-17T22:41:04.0523490Z Checks in_progress: lint-and-test
2026-04-17T22:41:04.0523770Z Checks completed: autofix, Version Bump, Build & Firebase Distribute
2026-04-17T22:41:04.0524076Z Checks after Regexp filter:
2026-04-17T22:41:04.0524292Z Checks in_progress: lint-and-test
2026-04-17T22:41:04.0524582Z Checks completed: autofix, Version Bump, Build & Firebase Distribute
2026-04-17T22:41:04.0524985Z The requested checks aren't complete yet, will check back in 30 seconds...
2026-04-17T22:41:04.0525308Z Checks running on ref:
2026-04-17T22:41:04.0525527Z Checks in_progress: lint-and-test, Auto-merge
2026-04-17T22:41:04.0525846Z Checks completed: autofix, Version Bump, Build & Firebase Distribute
2026-04-17T22:41:04.0526157Z Checks after ignore checks filter:
2026-04-17T22:41:04.0526382Z Checks in_progress: lint-and-test
2026-04-17T22:41:04.0526679Z Checks completed: autofix, Version Bump, Build & Firebase Distribute
2026-04-17T22:41:04.0526986Z Checks after check_name filter:
2026-04-17T22:41:04.0527197Z Checks in_progress: lint-and-test
2026-04-17T22:41:04.0527490Z Checks completed: autofix, Version Bump, Build & Firebase Distribute
2026-04-17T22:41:04.0527792Z Checks after Regexp filter:
2026-04-17T22:41:04.0527997Z Checks in_progress: lint-and-test
2026-04-17T22:41:04.0528277Z Checks completed: autofix, Version Bump, Build & Firebase Distribute
2026-04-17T22:41:04.0528668Z The requested checks aren't complete yet, will check back in 30 seconds...
2026-04-17T22:41:04.0528987Z Checks running on ref:
2026-04-17T22:41:04.0529191Z Checks in_progress: lint-and-test, Auto-merge
2026-04-17T22:41:04.0529509Z Checks completed: autofix, Version Bump, Build & Firebase Distribute
2026-04-17T22:41:04.0530010Z Checks after ignore checks filter:
2026-04-17T22:41:04.0530247Z Checks in_progress: lint-and-test
2026-04-17T22:41:04.0530699Z Checks completed: autofix, Version Bump, Build & Firebase Distribute
2026-04-17T22:41:04.0531158Z Checks after check_name filter:
2026-04-17T22:41:04.0531383Z Checks in_progress: lint-and-test
2026-04-17T22:41:04.0531670Z Checks completed: autofix, Version Bump, Build & Firebase Distribute
2026-04-17T22:41:04.0531980Z Checks after Regexp filter:
2026-04-17T22:41:04.0532191Z Checks in_progress: lint-and-test
2026-04-17T22:41:04.0532482Z Checks completed: autofix, Version Bump, Build & Firebase Distribute
2026-04-17T22:41:04.0532880Z The requested checks aren't complete yet, will check back in 30 seconds...
2026-04-17T22:41:04.0533216Z Checks running on ref:
2026-04-17T22:41:04.0533436Z Checks in_progress: lint-and-test, Auto-merge
2026-04-17T22:41:04.0533765Z Checks completed: autofix, Version Bump, Build & Firebase Distribute
2026-04-17T22:41:04.0534096Z Checks after ignore checks filter:
2026-04-17T22:41:04.0534324Z Checks in_progress: lint-and-test
2026-04-17T22:41:04.0534627Z Checks completed: autofix, Version Bump, Build & Firebase Distribute
2026-04-17T22:41:04.0534944Z Checks after check_name filter:
2026-04-17T22:41:04.0535165Z Checks in_progress: lint-and-test
2026-04-17T22:41:04.0535452Z Checks completed: autofix, Version Bump, Build & Firebase Distribute
2026-04-17T22:41:04.0535765Z Checks after Regexp filter:
2026-04-17T22:41:04.0535985Z Checks in_progress: lint-and-test
2026-04-17T22:41:04.0536278Z Checks completed: autofix, Version Bump, Build & Firebase Distribute
2026-04-17T22:41:04.0536690Z The requested checks aren't complete yet, will check back in 30 seconds...
2026-04-17T22:41:04.0537016Z Checks running on ref:
2026-04-17T22:41:04.0537237Z Checks in_progress: lint-and-test, Auto-merge
2026-04-17T22:41:04.0537561Z Checks completed: autofix, Version Bump, Build & Firebase Distribute
2026-04-17T22:41:04.0537879Z Checks after ignore checks filter:
2026-04-17T22:41:04.0538102Z Checks in_progress: lint-and-test
2026-04-17T22:41:04.0538402Z Checks completed: autofix, Version Bump, Build & Firebase Distribute
2026-04-17T22:41:04.0538719Z Checks after check_name filter:
2026-04-17T22:41:04.0538931Z Checks in_progress: lint-and-test
2026-04-17T22:41:04.0539218Z Checks completed: autofix, Version Bump, Build & Firebase Distribute
2026-04-17T22:41:04.0539521Z Checks after Regexp filter:
2026-04-17T22:41:04.0539931Z Checks in_progress: lint-and-test
2026-04-17T22:41:04.0540254Z Checks completed: autofix, Version Bump, Build & Firebase Distribute
2026-04-17T22:41:04.0540651Z The requested checks aren't complete yet, will check back in 30 seconds...
2026-04-17T22:41:04.0540974Z Checks running on ref:
2026-04-17T22:41:04.0541180Z Checks in_progress: lint-and-test, Auto-merge
2026-04-17T22:41:04.0541500Z Checks completed: autofix, Version Bump, Build & Firebase Distribute
2026-04-17T22:41:04.0541806Z Checks after ignore checks filter:
2026-04-17T22:41:04.0542030Z Checks in_progress: lint-and-test
2026-04-17T22:41:04.0542311Z Checks completed: autofix, Version Bump, Build & Firebase Distribute
2026-04-17T22:41:04.0542632Z Checks after check_name filter:
2026-04-17T22:41:04.0542838Z Checks in_progress: lint-and-test
2026-04-17T22:41:04.0543125Z Checks completed: autofix, Version Bump, Build & Firebase Distribute
2026-04-17T22:41:04.0543432Z Checks after Regexp filter:
2026-04-17T22:41:04.0543635Z Checks in_progress: lint-and-test
2026-04-17T22:41:04.0543921Z Checks completed: autofix, Version Bump, Build & Firebase Distribute
2026-04-17T22:41:04.0544308Z The requested checks aren't complete yet, will check back in 30 seconds...
2026-04-17T22:41:04.0544629Z Checks running on ref:
2026-04-17T22:41:04.0544829Z Checks in_progress: lint-and-test, Auto-merge
2026-04-17T22:41:04.0545143Z Checks completed: autofix, Version Bump, Build & Firebase Distribute
2026-04-17T22:41:04.0545449Z Checks after ignore checks filter:
2026-04-17T22:41:04.0545669Z Checks in_progress: lint-and-test
2026-04-17T22:41:04.0545955Z Checks completed: autofix, Version Bump, Build & Firebase Distribute
2026-04-17T22:41:04.0546396Z Checks after check_name filter:
2026-04-17T22:41:04.0546724Z Checks in_progress: lint-and-test
2026-04-17T22:41:04.0547007Z Checks completed: autofix, Version Bump, Build & Firebase Distribute
2026-04-17T22:41:04.0547315Z Checks after Regexp filter:
2026-04-17T22:41:04.0547515Z Checks in_progress: lint-and-test
2026-04-17T22:41:04.0547802Z Checks completed: autofix, Version Bump, Build & Firebase Distribute
2026-04-17T22:41:04.0548186Z The requested checks aren't complete yet, will check back in 30 seconds...
2026-04-17T22:41:04.0548502Z Checks running on ref:
2026-04-17T22:41:04.0548898Z Checks completed: firebase-distribute, lint-and-test, autofix, Version Bump, Build & Firebase Distribute
2026-04-17T22:41:04.0549385Z Checks in_progress: capture-failure-log, Auto-merge
2026-04-17T22:41:04.0549828Z Checks after ignore checks filter:
2026-04-17T22:41:04.0550289Z Checks completed: firebase-distribute, lint-and-test, autofix, Version Bump, Build & Firebase Distribute
2026-04-17T22:41:04.0550768Z Checks in_progress: capture-failure-log
2026-04-17T22:41:04.0551023Z Checks after check_name filter:
2026-04-17T22:41:04.0551439Z Checks completed: firebase-distribute, lint-and-test, autofix, Version Bump, Build & Firebase Distribute
2026-04-17T22:41:04.0551882Z Checks in_progress: capture-failure-log
2026-04-17T22:41:04.0552113Z Checks after Regexp filter:
2026-04-17T22:41:04.0552504Z Checks completed: firebase-distribute, lint-and-test, autofix, Version Bump, Build & Firebase Distribute
2026-04-17T22:41:04.0552933Z Checks in_progress: capture-failure-log
2026-04-17T22:41:04.0553268Z The requested checks aren't complete yet, will check back in 30 seconds...
2026-04-17T22:41:04.0592812Z Checks running on ref:
2026-04-17T22:41:04.0593663Z Checks completed: firebase-distribute, capture-failure-log, lint-and-test, autofix, Version Bump, Build & Firebase Distribute
2026-04-17T22:41:04.0594381Z Checks in_progress: Auto-merge
2026-04-17T22:41:04.0594616Z Checks after ignore checks filter:
2026-04-17T22:41:04.0595132Z Checks completed: firebase-distribute, capture-failure-log, lint-and-test, autofix, Version Bump, Build & Firebase Distribute
2026-04-17T22:41:04.0595651Z Checks after check_name filter:
2026-04-17T22:41:04.0596128Z Checks completed: firebase-distribute, capture-failure-log, lint-and-test, autofix, Version Bump, Build & Firebase Distribute
2026-04-17T22:41:04.0596616Z Checks after Regexp filter:
2026-04-17T22:41:04.0597101Z Checks completed: firebase-distribute, capture-failure-log, lint-and-test, autofix, Version Bump, Build & Firebase Distribute
2026-04-17T22:41:04.0597634Z Checks completed:
2026-04-17T22:41:04.0597842Z firebase-distribute: completed (skipped)
2026-04-17T22:41:04.0598114Z capture-failure-log: completed (success)
2026-04-17T22:41:04.0598361Z lint-and-test: completed (failure)
2026-04-17T22:41:04.0598600Z autofix: completed (success)
2026-04-17T22:41:04.0598884Z Version Bump, Build & Firebase Distribute: completed (skipped)
2026-04-17T22:41:04.0599564Z The conclusion of one or more checks were not allowed. Allowed conclusions are: success, skipped. This can be configured with the 'allowed-conclusions' param.
2026-04-17T22:41:04.0683097Z ##[error]Process completed with exit code 1.
2026-04-17T22:41:04.0796822Z Post job cleanup.
2026-04-17T22:41:04.0854688Z Cleaning up orphan processes
2026-04-17T22:41:04.1153927Z ##[warning]Node.js 20 actions are deprecated. The following actions are running on Node.js 20 and may not work as expected: actions/cache@v4. Actions will be forced to run with Node.js 24 by default starting June 2nd, 2026. Node.js 20 will be removed from the runner on September 16th, 2026. Please check if updated versions of these actions are available that support Node.js 24. To opt into Node.js 24 now, set the FORCE_JAVASCRIPT_ACTIONS_TO_NODE24=true environment variable on the runner or in your workflow file. Once Node.js 24 becomes the default, you can temporarily opt out by setting ACTIONS_ALLOW_USE_UNSECURE_NODE_VERSION=true. For more information see: https://github.blog/changelog/2025-09-19-deprecation-of-node-20-on-github-actions-runners/
