=== CI FAILURE ===
Workflow:      Auto-merge & Release
Workflow file: akarlin3/prismTask/.github/workflows/auto-merge.yml@refs/pull/673/merge
Job(s):        Auto-merge
Run ID:        24806977854
Run attempt:   1
Run URL:       https://github.com/akarlin3/prismTask/actions/runs/24806977854
Commit:        46b80cf4d22a39965dc2478b231d66d027c9c189
Branch:        673/merge
Event:         pull_request
Actor:         akarlin3
Runner OS:     Linux
Timestamp:     2026-04-22T23:01:38.491Z

Failed steps:
  - Auto-merge: #3 Wait for all other CI checks to pass

=== FAILED JOB LOG ===

--- Job: Auto-merge (id 72603317494) ---
2026-04-22T22:57:52.6289397Z Current runner version: '2.333.1'
2026-04-22T22:57:52.6322216Z ##[group]Runner Image Provisioner
2026-04-22T22:57:52.6323303Z Hosted Compute Agent
2026-04-22T22:57:52.6324064Z Version: 20260415.520
2026-04-22T22:57:52.6325140Z Commit: af089020f5f67b61ccc91db6c07980876c02bf7b
2026-04-22T22:57:52.6326175Z Build Date: 2026-04-15T18:07:08Z
2026-04-22T22:57:52.6327143Z Worker ID: {32674058-8392-46bc-8977-1bac9c438817}
2026-04-22T22:57:52.6328371Z Azure Region: eastus2
2026-04-22T22:57:52.6329380Z ##[endgroup]
2026-04-22T22:57:52.6331502Z ##[group]Operating System
2026-04-22T22:57:52.6332551Z Ubuntu
2026-04-22T22:57:52.6333330Z 24.04.4
2026-04-22T22:57:52.6333932Z LTS
2026-04-22T22:57:52.6334776Z ##[endgroup]
2026-04-22T22:57:52.6335488Z ##[group]Runner Image
2026-04-22T22:57:52.6336325Z Image: ubuntu-24.04
2026-04-22T22:57:52.6337305Z Version: 20260420.95.1
2026-04-22T22:57:52.6339305Z Included Software: https://github.com/actions/runner-images/blob/ubuntu24/20260420.95/images/ubuntu/Ubuntu2404-Readme.md
2026-04-22T22:57:52.6341838Z Image Release: https://github.com/actions/runner-images/releases/tag/ubuntu24%2F20260420.95
2026-04-22T22:57:52.6343314Z ##[endgroup]
2026-04-22T22:57:52.6345399Z ##[group]GITHUB_TOKEN Permissions
2026-04-22T22:57:52.6348158Z Actions: read
2026-04-22T22:57:52.6349151Z Checks: read
2026-04-22T22:57:52.6350073Z Contents: write
2026-04-22T22:57:52.6350803Z Metadata: read
2026-04-22T22:57:52.6351597Z PullRequests: write
2026-04-22T22:57:52.6352395Z ##[endgroup]
2026-04-22T22:57:52.6355200Z Secret source: Actions
2026-04-22T22:57:52.6356732Z Prepare workflow directory
2026-04-22T22:57:52.6882555Z Prepare all required actions
2026-04-22T22:57:52.6934890Z Getting action download info
2026-04-22T22:57:52.9800603Z Download action repository 'lewagon/wait-on-check-action@ccfb013c15c8afb7bf2b7c028fb74dc5a068cccc' (SHA:ccfb013c15c8afb7bf2b7c028fb74dc5a068cccc)
2026-04-22T22:57:53.2859440Z Getting action download info
2026-04-22T22:57:53.4467444Z Download action repository 'ruby/setup-ruby@v1' (SHA:0cb964fd540e0a24c900370abf38a33466142735)
2026-04-22T22:57:53.6724417Z Download action repository 'actions/cache@v4' (SHA:0057852bfaa89a56745cba8c7296529d2fc39830)
2026-04-22T22:57:53.8110578Z Complete job name: Auto-merge
2026-04-22T22:57:53.8716267Z ##[group]Run set -euo pipefail
2026-04-22T22:57:53.8716988Z [36;1mset -euo pipefail[0m
2026-04-22T22:57:53.8717764Z [36;1m# Give GitHub a short grace period to schedule workflow runs for[0m
2026-04-22T22:57:53.8718756Z [36;1m# the head commit. Paths-filtered workflows (android/backend/web CI)[0m
2026-04-22T22:57:53.8719853Z [36;1m# won't run for doc-only or cross-cutting config PRs, so the[0m
2026-04-22T22:57:53.8720757Z [36;1m# wait-on-check-action step below would otherwise hang waiting for[0m
2026-04-22T22:57:53.8721553Z [36;1m# checks that will never appear.[0m
2026-04-22T22:57:53.8722155Z [36;1msleep 20[0m
2026-04-22T22:57:53.8722772Z [36;1mCOUNT=$(gh api "repos/$REPO/commits/$HEAD_SHA/check-runs" \[0m
2026-04-22T22:57:53.8723669Z [36;1m  --jq '[.check_runs[] | select(.name != "Auto-merge")] | length')[0m
2026-04-22T22:57:53.8724554Z [36;1mecho "Non-Auto-merge check runs on head: $COUNT"[0m
2026-04-22T22:57:53.8725281Z [36;1mif [ "$COUNT" -gt 0 ]; then[0m
2026-04-22T22:57:53.8725901Z [36;1m  echo "has_ci=true" >> "$GITHUB_OUTPUT"[0m
2026-04-22T22:57:53.8726514Z [36;1melse[0m
2026-04-22T22:57:53.8727001Z [36;1m  echo "has_ci=false" >> "$GITHUB_OUTPUT"[0m
2026-04-22T22:57:53.8727762Z [36;1m  echo "No CI checks on this PR — will merge without waiting."[0m
2026-04-22T22:57:53.8728474Z [36;1mfi[0m
2026-04-22T22:57:53.8838069Z shell: /usr/bin/bash -e {0}
2026-04-22T22:57:53.8839120Z env:
2026-04-22T22:57:53.8839593Z   WAIT_INTERVAL: 30
2026-04-22T22:57:53.8840361Z   GH_TOKEN: ***
2026-04-22T22:57:53.8840926Z   HEAD_SHA: d3e62d1bb023a4a3c38d9dee3e7bba69a64482bb
2026-04-22T22:57:53.8841579Z   REPO: akarlin3/prismTask
2026-04-22T22:57:53.8842096Z ##[endgroup]
2026-04-22T22:58:14.2882696Z Non-Auto-merge check runs on head: 3
2026-04-22T22:58:14.3117159Z ##[group]Run lewagon/wait-on-check-action@ccfb013c15c8afb7bf2b7c028fb74dc5a068cccc
2026-04-22T22:58:14.3117671Z with:
2026-04-22T22:58:14.3117954Z   ref: d3e62d1bb023a4a3c38d9dee3e7bba69a64482bb
2026-04-22T22:58:14.3118320Z   running-workflow-name: Auto-merge
2026-04-22T22:58:14.3119358Z   repo-token: ***
2026-04-22T22:58:14.3119609Z   wait-interval: 30
2026-04-22T22:58:14.3119871Z   allowed-conclusions: success,skipped
2026-04-22T22:58:14.3120163Z   verbose: true
2026-04-22T22:58:14.3120466Z env:
2026-04-22T22:58:14.3120671Z   WAIT_INTERVAL: 30
2026-04-22T22:58:14.3120905Z ##[endgroup]
2026-04-22T22:58:14.3258378Z ##[group]Run ruby/setup-ruby@v1
2026-04-22T22:58:14.3258698Z with:
2026-04-22T22:58:14.3259122Z   ruby-version: 3.2
2026-04-22T22:58:14.3259401Z   bundler-cache: false
2026-04-22T22:58:14.3259811Z   token: ***
2026-04-22T22:58:14.3260032Z env:
2026-04-22T22:58:14.3260246Z   WAIT_INTERVAL: 30
2026-04-22T22:58:14.3260473Z ##[endgroup]
2026-04-22T22:58:14.4533315Z ##[group]Modifying PATH
2026-04-22T22:58:14.4533794Z Entries added to PATH to use selected Ruby:
2026-04-22T22:58:14.4534154Z   /opt/hostedtoolcache/Ruby/3.2.11/x64/bin
2026-04-22T22:58:14.4534703Z ##[endgroup]
2026-04-22T22:58:14.4535144Z ##[group]Print Ruby version
2026-04-22T22:58:14.4566132Z [command]/opt/hostedtoolcache/Ruby/3.2.11/x64/bin/ruby --version
2026-04-22T22:58:15.6194157Z ruby 3.2.11 (2026-03-27 revision 5483bfc1ae) [x86_64-linux]
2026-04-22T22:58:15.6234809Z Took   1.17 seconds
2026-04-22T22:58:15.6235781Z ##[endgroup]
2026-04-22T22:58:15.6237198Z ##[group]Installing Bundler
2026-04-22T22:58:15.6242635Z Using Bundler shipped with ruby-3.2.11
2026-04-22T22:58:15.6244303Z Took   0.00 seconds
2026-04-22T22:58:15.6244928Z ##[endgroup]
2026-04-22T22:58:15.6885764Z ##[group]Run actions/cache@v4
2026-04-22T22:58:15.6886087Z with:
2026-04-22T22:58:15.6886560Z   path: /home/runner/work/_actions/lewagon/wait-on-check-action/ccfb013c15c8afb7bf2b7c028fb74dc5a068cccc
2026-04-22T22:58:15.6967024Z   key: Linux-gems-
2026-04-22T22:58:15.6967286Z   restore-keys: Linux-gems-
2026-04-22T22:58:15.6967532Z   enableCrossOsArchive: false
2026-04-22T22:58:15.6967773Z   fail-on-cache-miss: false
2026-04-22T22:58:15.6968012Z   lookup-only: false
2026-04-22T22:58:15.6968229Z   save-always: false
2026-04-22T22:58:15.6968420Z env:
2026-04-22T22:58:15.6968631Z   WAIT_INTERVAL: 30
2026-04-22T22:58:15.6969057Z ##[endgroup]
2026-04-22T22:58:15.9347551Z Cache not found for input keys: Linux-gems-, Linux-gems-
2026-04-22T22:58:15.9419904Z ##[group]Run bundle install --jobs 4 --retry 3
2026-04-22T22:58:15.9420263Z [36;1mbundle install --jobs 4 --retry 3[0m
2026-04-22T22:58:15.9486874Z shell: /usr/bin/bash --noprofile --norc -e -o pipefail {0}
2026-04-22T22:58:15.9487236Z env:
2026-04-22T22:58:15.9487446Z   WAIT_INTERVAL: 30
2026-04-22T22:58:15.9487653Z ##[endgroup]
2026-04-22T22:58:17.2671331Z Bundler 2.4.19 is running, but your lockfile was generated with 2.2.3. Installing Bundler 2.2.3 and restarting using that version.
2026-04-22T22:58:19.5874176Z Fetching gem metadata from https://rubygems.org/.
2026-04-22T22:58:19.5950062Z Fetching bundler 2.2.3
2026-04-22T22:58:19.7439354Z Installing bundler 2.2.3
2026-04-22T22:58:19.9761683Z Calling `DidYouMean::SPELL_CHECKERS.merge!(error_name => spell_checker)' has been deprecated. Please call `DidYouMean.correct_error(error_name, spell_checker)' instead.
2026-04-22T22:58:21.3393659Z Fetching gem metadata from https://rubygems.org/.........
2026-04-22T22:58:21.3488325Z Fetching zeitwerk 2.6.7
2026-04-22T22:58:21.3493126Z Fetching public_suffix 4.0.7
2026-04-22T22:58:21.3499562Z Fetching minitest 5.18.0
2026-04-22T22:58:21.3504708Z Fetching concurrent-ruby 1.2.2
2026-04-22T22:58:21.4683517Z Installing zeitwerk 2.6.7
2026-04-22T22:58:21.4930399Z Installing minitest 5.18.0
2026-04-22T22:58:21.4974893Z Installing public_suffix 4.0.7
2026-04-22T22:58:21.5412167Z Installing concurrent-ruby 1.2.2
2026-04-22T22:58:21.5417274Z Fetching ast 2.4.2
2026-04-22T22:58:21.5747610Z Using bundler 2.2.3
2026-04-22T22:58:21.5758193Z Fetching byebug 11.1.3
2026-04-22T22:58:21.6091777Z Installing ast 2.4.2
2026-04-22T22:58:21.6158431Z Fetching diff-lcs 1.4.4
2026-04-22T22:58:21.6493757Z Fetching faraday-net_http 2.0.3
2026-04-22T22:58:21.6777647Z Installing byebug 11.1.3 with native extensions
2026-04-22T22:58:21.7066163Z Installing diff-lcs 1.4.4
2026-04-22T22:58:21.7114473Z Installing faraday-net_http 2.0.3
2026-04-22T22:58:21.7244816Z Using ruby2_keywords 0.0.5
2026-04-22T22:58:21.7255228Z Fetching json 2.7.1
2026-04-22T22:58:21.7866550Z Installing json 2.7.1 with native extensions
2026-04-22T22:58:21.7894182Z Fetching language_server-protocol 3.17.0.3
2026-04-22T22:58:21.8533911Z Installing language_server-protocol 3.17.0.3
2026-04-22T22:58:21.9067637Z Fetching lint_roller 1.1.0
2026-04-22T22:58:21.9703461Z Installing lint_roller 1.1.0
2026-04-22T22:58:21.9844268Z Fetching parallel 1.24.0
2026-04-22T22:58:22.0345912Z Installing parallel 1.24.0
2026-04-22T22:58:22.0478251Z Fetching racc 1.7.3
2026-04-22T22:58:22.0836943Z Fetching rainbow 3.1.1
2026-04-22T22:58:22.1259448Z Installing racc 1.7.3 with native extensions
2026-04-22T22:58:22.1326943Z Installing rainbow 3.1.1
2026-04-22T22:58:22.1431839Z Fetching regexp_parser 2.8.3
2026-04-22T22:58:22.1970293Z Installing regexp_parser 2.8.3
2026-04-22T22:58:22.2287730Z Fetching rexml 3.2.6
2026-04-22T22:58:22.2864816Z Installing rexml 3.2.6
2026-04-22T22:58:22.3815917Z Fetching rspec-support 3.10.1
2026-04-22T22:58:22.4446571Z Installing rspec-support 3.10.1
2026-04-22T22:58:22.4586054Z Fetching ruby-progressbar 1.13.0
2026-04-22T22:58:22.5070204Z Installing ruby-progressbar 1.13.0
2026-04-22T22:58:22.5186422Z Fetching unicode-display_width 2.5.0
2026-04-22T22:58:22.5717832Z Installing unicode-display_width 2.5.0
2026-04-22T22:58:22.5776952Z Fetching addressable 2.8.0
2026-04-22T22:58:22.6399791Z Installing addressable 2.8.0
2026-04-22T22:58:22.6589810Z Fetching faraday 2.3.0
2026-04-22T22:58:22.7347871Z Installing faraday 2.3.0
2026-04-22T22:58:22.7669793Z Fetching i18n 1.12.0
2026-04-22T22:58:22.8388580Z Installing i18n 1.12.0
2026-04-22T22:58:22.8609733Z Fetching tzinfo 2.0.6
2026-04-22T22:58:22.9369789Z Installing tzinfo 2.0.6
2026-04-22T22:58:22.9599439Z Fetching rspec-core 3.10.1
2026-04-22T22:58:23.0388204Z Installing rspec-core 3.10.1
2026-04-22T22:58:23.0696754Z Fetching rspec-expectations 3.10.1
2026-04-22T22:58:23.1381765Z Installing rspec-expectations 3.10.1
2026-04-22T22:58:23.1634542Z Fetching rspec-mocks 3.10.1
2026-04-22T22:58:23.2385815Z Installing rspec-mocks 3.10.1
2026-04-22T22:58:23.2611401Z Fetching faraday-retry 2.0.0
2026-04-22T22:58:23.3363680Z Installing faraday-retry 2.0.0
2026-04-22T22:58:23.3481834Z Fetching sawyer 0.9.2
2026-04-22T22:58:23.4133757Z Installing sawyer 0.9.2
2026-04-22T22:58:23.4290008Z Fetching activesupport 6.1.7.3
2026-04-22T22:58:23.4679553Z Fetching rspec 3.10.0
2026-04-22T22:58:23.5317187Z Installing rspec 3.10.0
2026-04-22T22:58:23.5409568Z Fetching octokit 4.25.0
2026-04-22T22:58:23.6019923Z Installing activesupport 6.1.7.3
2026-04-22T22:58:23.6148437Z Installing octokit 4.25.0
2026-04-22T22:58:23.6771078Z Fetching parser 3.2.2.4
2026-04-22T22:58:23.8253843Z Installing parser 3.2.2.4
2026-04-22T22:58:23.9391353Z Fetching rubocop-ast 1.30.0
2026-04-22T22:58:24.0121946Z Installing rubocop-ast 1.30.0
2026-04-22T22:58:25.1522885Z Fetching rubocop 1.57.2
2026-04-22T22:58:25.2545000Z Installing rubocop 1.57.2
2026-04-22T22:58:25.4225555Z Fetching standard-custom 1.0.2
2026-04-22T22:58:25.4225891Z Fetching rubocop-performance 1.19.1
2026-04-22T22:58:25.4912635Z Installing standard-custom 1.0.2
2026-04-22T22:58:25.4977949Z Installing rubocop-performance 1.19.1
2026-04-22T22:58:25.5122978Z Fetching standard-performance 1.2.1
2026-04-22T22:58:25.5563589Z Installing standard-performance 1.2.1
2026-04-22T22:58:25.5629635Z Fetching standard 1.32.1
2026-04-22T22:58:25.6161730Z Installing standard 1.32.1
2026-04-22T22:58:25.6354692Z Bundle complete! 6 Gemfile dependencies, 40 gems now installed.
2026-04-22T22:58:25.6355572Z Use `bundle info [gemname]` to see where a bundled gem is installed.
2026-04-22T22:58:25.6878146Z ##[group]Run ruby entrypoint.rb
2026-04-22T22:58:25.6878434Z [36;1mruby entrypoint.rb[0m
2026-04-22T22:58:25.6936958Z shell: /usr/bin/bash --noprofile --norc -e -o pipefail {0}
2026-04-22T22:58:25.6937270Z env:
2026-04-22T22:58:25.6937438Z   WAIT_INTERVAL: 30
2026-04-22T22:58:25.6937649Z   ALLOWED_CONCLUSIONS: success,skipped
2026-04-22T22:58:25.6937893Z   IGNORE_CHECKS: 
2026-04-22T22:58:25.6938077Z   CHECK_NAME: 
2026-04-22T22:58:25.6938248Z   CHECK_REGEXP: 
2026-04-22T22:58:25.6938478Z   REF: d3e62d1bb023a4a3c38d9dee3e7bba69a64482bb
2026-04-22T22:58:25.6939183Z   REPO_TOKEN: ***
2026-04-22T22:58:25.6939371Z   VERBOSE: true
2026-04-22T22:58:25.6939574Z   RUNNING_WORKFLOW_NAME: Auto-merge
2026-04-22T22:58:25.6939810Z   API_ENDPOINT: 
2026-04-22T22:58:25.6939989Z ##[endgroup]
2026-04-22T23:01:28.0710895Z Checks running on ref:
2026-04-22T23:01:28.0711351Z Checks completed: capture-failure-log, connected-tests
2026-04-22T23:01:28.0711848Z Checks in_progress: autofix, Auto-merge
2026-04-22T23:01:28.0712266Z Checks after ignore checks filter:
2026-04-22T23:01:28.0713018Z Checks completed: capture-failure-log, connected-tests
2026-04-22T23:01:28.0713459Z Checks in_progress: autofix
2026-04-22T23:01:28.0713784Z Checks after check_name filter:
2026-04-22T23:01:28.0714197Z Checks completed: capture-failure-log, connected-tests
2026-04-22T23:01:28.0714691Z Checks in_progress: autofix
2026-04-22T23:01:28.0715012Z Checks after Regexp filter:
2026-04-22T23:01:28.0715415Z Checks completed: capture-failure-log, connected-tests
2026-04-22T23:01:28.0715873Z Checks in_progress: autofix
2026-04-22T23:01:28.0716370Z The requested checks aren't complete yet, will check back in 30 seconds...
2026-04-22T23:01:28.0716916Z Checks running on ref:
2026-04-22T23:01:28.0717288Z Checks completed: capture-failure-log, connected-tests
2026-04-22T23:01:28.0717758Z Checks in_progress: autofix, Auto-merge
2026-04-22T23:01:28.0718147Z Checks after ignore checks filter:
2026-04-22T23:01:28.0718594Z Checks completed: capture-failure-log, connected-tests
2026-04-22T23:01:28.0719269Z Checks in_progress: autofix
2026-04-22T23:01:28.0719591Z Checks after check_name filter:
2026-04-22T23:01:28.0719981Z Checks completed: capture-failure-log, connected-tests
2026-04-22T23:01:28.0720264Z Checks in_progress: autofix
2026-04-22T23:01:28.0720464Z Checks after Regexp filter:
2026-04-22T23:01:28.0720710Z Checks completed: capture-failure-log, connected-tests
2026-04-22T23:01:28.0720976Z Checks in_progress: autofix
2026-04-22T23:01:28.0721277Z The requested checks aren't complete yet, will check back in 30 seconds...
2026-04-22T23:01:28.0721608Z Checks running on ref:
2026-04-22T23:01:28.0721850Z Checks completed: capture-failure-log, connected-tests
2026-04-22T23:01:28.0722138Z Checks in_progress: autofix, Auto-merge
2026-04-22T23:01:28.0722383Z Checks after ignore checks filter:
2026-04-22T23:01:28.0722649Z Checks completed: capture-failure-log, connected-tests
2026-04-22T23:01:28.0722921Z Checks in_progress: autofix
2026-04-22T23:01:28.0723137Z Checks after check_name filter:
2026-04-22T23:01:28.0723409Z Checks completed: capture-failure-log, connected-tests
2026-04-22T23:01:28.0723802Z Checks in_progress: autofix
2026-04-22T23:01:28.0724009Z Checks after Regexp filter:
2026-04-22T23:01:28.0724260Z Checks completed: capture-failure-log, connected-tests
2026-04-22T23:01:28.0724556Z Checks in_progress: autofix
2026-04-22T23:01:28.0724849Z The requested checks aren't complete yet, will check back in 30 seconds...
2026-04-22T23:01:28.0725179Z Checks running on ref:
2026-04-22T23:01:28.0725404Z Checks completed: capture-failure-log, connected-tests
2026-04-22T23:01:28.0725686Z Checks in_progress: autofix, Auto-merge
2026-04-22T23:01:28.0725921Z Checks after ignore checks filter:
2026-04-22T23:01:28.0726184Z Checks completed: capture-failure-log, connected-tests
2026-04-22T23:01:28.0726451Z Checks in_progress: autofix
2026-04-22T23:01:28.0726667Z Checks after check_name filter:
2026-04-22T23:01:28.0727322Z Checks completed: capture-failure-log, connected-tests
2026-04-22T23:01:28.0727732Z Checks in_progress: autofix
2026-04-22T23:01:28.0727943Z Checks after Regexp filter:
2026-04-22T23:01:28.0728184Z Checks completed: capture-failure-log, connected-tests
2026-04-22T23:01:28.0728445Z Checks in_progress: autofix
2026-04-22T23:01:28.0728735Z The requested checks aren't complete yet, will check back in 30 seconds...
2026-04-22T23:01:28.0729284Z Checks running on ref:
2026-04-22T23:01:28.0729507Z Checks in_progress: lint-and-test, Auto-merge
2026-04-22T23:01:28.0729834Z Checks completed: capture-failure-log, connected-tests, autofix
2026-04-22T23:01:28.0730171Z Checks after ignore checks filter:
2026-04-22T23:01:28.0730405Z Checks in_progress: lint-and-test
2026-04-22T23:01:28.0730706Z Checks completed: capture-failure-log, connected-tests, autofix
2026-04-22T23:01:28.0731020Z Checks after check_name filter:
2026-04-22T23:01:28.0731233Z Checks in_progress: lint-and-test
2026-04-22T23:01:28.0731525Z Checks completed: capture-failure-log, connected-tests, autofix
2026-04-22T23:01:28.0731831Z Checks after Regexp filter:
2026-04-22T23:01:28.0732037Z Checks in_progress: lint-and-test
2026-04-22T23:01:28.0732353Z Checks completed: capture-failure-log, connected-tests, autofix
2026-04-22T23:01:28.0732815Z The requested checks aren't complete yet, will check back in 30 seconds...
2026-04-22T23:01:28.0733226Z Checks running on ref:
2026-04-22T23:01:28.0733717Z Checks completed: firebase-distribute, lint-and-test, capture-failure-log, connected-tests, autofix
2026-04-22T23:01:28.0734338Z Checks in_progress: capture-failure-log, Auto-merge
2026-04-22T23:01:28.0734669Z Checks after ignore checks filter:
2026-04-22T23:01:28.0735184Z Checks completed: firebase-distribute, lint-and-test, capture-failure-log, connected-tests, autofix
2026-04-22T23:01:28.0735700Z Checks in_progress: capture-failure-log
2026-04-22T23:01:28.0736022Z Checks after check_name filter:
2026-04-22T23:01:28.0736491Z Checks completed: firebase-distribute, lint-and-test, capture-failure-log, connected-tests, autofix
2026-04-22T23:01:28.0737028Z Checks in_progress: capture-failure-log
2026-04-22T23:01:28.0737317Z Checks after Regexp filter:
2026-04-22T23:01:28.0737769Z Checks completed: firebase-distribute, lint-and-test, capture-failure-log, connected-tests, autofix
2026-04-22T23:01:28.0738302Z Checks in_progress: capture-failure-log
2026-04-22T23:01:28.0738696Z The requested checks aren't complete yet, will check back in 30 seconds...
2026-04-22T23:01:28.0739293Z Checks running on ref:
2026-04-22T23:01:28.0739855Z Checks completed: firebase-distribute, capture-failure-log, lint-and-test, capture-failure-log, connected-tests, autofix
2026-04-22T23:01:28.0740426Z Checks in_progress: Auto-merge
2026-04-22T23:01:28.0740654Z Checks after ignore checks filter:
2026-04-22T23:01:28.0741132Z Checks completed: firebase-distribute, capture-failure-log, lint-and-test, capture-failure-log, connected-tests, autofix
2026-04-22T23:01:28.0741623Z Checks after check_name filter:
2026-04-22T23:01:28.0742093Z Checks completed: firebase-distribute, capture-failure-log, lint-and-test, capture-failure-log, connected-tests, autofix
2026-04-22T23:01:28.0742579Z Checks after Regexp filter:
2026-04-22T23:01:28.0743023Z Checks completed: firebase-distribute, capture-failure-log, lint-and-test, capture-failure-log, connected-tests, autofix
2026-04-22T23:01:28.0743500Z Checks completed:
2026-04-22T23:01:28.0743711Z firebase-distribute: completed (skipped)
2026-04-22T23:01:28.0743971Z capture-failure-log: completed (success)
2026-04-22T23:01:28.0744225Z lint-and-test: completed (failure)
2026-04-22T23:01:28.0744587Z capture-failure-log: completed (skipped)
2026-04-22T23:01:28.0744949Z connected-tests: completed (skipped)
2026-04-22T23:01:28.0745285Z autofix: completed (failure)
2026-04-22T23:01:28.0746141Z The conclusion of one or more checks were not allowed. Allowed conclusions are: success, skipped. This can be configured with the 'allowed-conclusions' param.
2026-04-22T23:01:28.0804854Z ##[error]Process completed with exit code 1.
2026-04-22T23:01:28.0920352Z Post job cleanup.
2026-04-22T23:01:28.0980333Z Cleaning up orphan processes
2026-04-22T23:01:28.1257282Z ##[warning]Node.js 20 actions are deprecated. The following actions are running on Node.js 20 and may not work as expected: actions/cache@v4. Actions will be forced to run with Node.js 24 by default starting June 2nd, 2026. Node.js 20 will be removed from the runner on September 16th, 2026. Please check if updated versions of these actions are available that support Node.js 24. To opt into Node.js 24 now, set the FORCE_JAVASCRIPT_ACTIONS_TO_NODE24=true environment variable on the runner or in your workflow file. Once Node.js 24 becomes the default, you can temporarily opt out by setting ACTIONS_ALLOW_USE_UNSECURE_NODE_VERSION=true. For more information see: https://github.blog/changelog/2025-09-19-deprecation-of-node-20-on-github-actions-runners/
