=== CI FAILURE ===
Workflow:      Auto-merge & Release
Workflow file: averycorp/prismTask/.github/workflows/auto-merge.yml@refs/pull/918/merge
Job(s):        Auto-merge
Run ID:        25073255773
Run attempt:   1
Run URL:       https://github.com/averycorp/prismTask/actions/runs/25073255773
Commit:        9a509c73ec1839055f610af7c92674c3897ee492
Branch:        918/merge
Event:         pull_request
Actor:         akarlin3
Runner OS:     Linux
Timestamp:     2026-04-28T19:33:35.779Z

Failed steps:
  - Auto-merge: #4 Wait for all other CI checks to pass

=== FAILED JOB LOG ===

--- Job: Auto-merge (id 73459008116) ---
2026-04-28T19:28:25.8566085Z Current runner version: '2.334.0'
2026-04-28T19:28:25.8591832Z ##[group]Runner Image Provisioner
2026-04-28T19:28:25.8592657Z Hosted Compute Agent
2026-04-28T19:28:25.8593223Z Version: 20260422.526
2026-04-28T19:28:25.8593959Z Commit: e1a9e573f4d0838b3a7c1b07401aeb29ed3635a9
2026-04-28T19:28:25.8595079Z Build Date: 2026-04-22T09:31:31Z
2026-04-28T19:28:25.8595740Z Worker ID: {c1647913-7552-450c-a3d6-7f0904e58516}
2026-04-28T19:28:25.8596435Z Azure Region: northcentralus
2026-04-28T19:28:25.8597069Z ##[endgroup]
2026-04-28T19:28:25.8598613Z ##[group]Operating System
2026-04-28T19:28:25.8599243Z Ubuntu
2026-04-28T19:28:25.8599734Z 24.04.4
2026-04-28T19:28:25.8600153Z LTS
2026-04-28T19:28:25.8600649Z ##[endgroup]
2026-04-28T19:28:25.8601228Z ##[group]Runner Image
2026-04-28T19:28:25.8601732Z Image: ubuntu-24.04
2026-04-28T19:28:25.8602272Z Version: 20260426.100.1
2026-04-28T19:28:25.8603455Z Included Software: https://github.com/actions/runner-images/blob/ubuntu24/20260426.100/images/ubuntu/Ubuntu2404-Readme.md
2026-04-28T19:28:25.8605218Z Image Release: https://github.com/actions/runner-images/releases/tag/ubuntu24%2F20260426.100
2026-04-28T19:28:25.8606099Z ##[endgroup]
2026-04-28T19:28:25.8607323Z ##[group]GITHUB_TOKEN Permissions
2026-04-28T19:28:25.8609527Z Actions: read
2026-04-28T19:28:25.8610086Z Checks: read
2026-04-28T19:28:25.8610674Z Contents: write
2026-04-28T19:28:25.8611194Z Metadata: read
2026-04-28T19:28:25.8611698Z PullRequests: write
2026-04-28T19:28:25.8612190Z ##[endgroup]
2026-04-28T19:28:25.8615033Z Secret source: Actions
2026-04-28T19:28:25.8616129Z Prepare workflow directory
2026-04-28T19:28:25.9048949Z Prepare all required actions
2026-04-28T19:28:25.9088794Z Getting action download info
2026-04-28T19:28:26.2686956Z Download action repository 'lewagon/wait-on-check-action@ccfb013c15c8afb7bf2b7c028fb74dc5a068cccc' (SHA:ccfb013c15c8afb7bf2b7c028fb74dc5a068cccc)
2026-04-28T19:28:28.6150244Z Getting action download info
2026-04-28T19:28:28.7920037Z Download action repository 'ruby/setup-ruby@v1' (SHA:c4e5b1316158f92e3d49443a9d58b31d25ac0f8f)
2026-04-28T19:28:29.1749252Z Download action repository 'actions/cache@v4' (SHA:0057852bfaa89a56745cba8c7296529d2fc39830)
2026-04-28T19:28:29.6269511Z Complete job name: Auto-merge
2026-04-28T19:28:29.7027582Z ##[group]Run set -euo pipefail
2026-04-28T19:28:29.7028748Z [36;1mset -euo pipefail[0m
2026-04-28T19:28:29.7030068Z [36;1m# Audit item #5 — poll check-runs for up to 60s instead of a bare[0m
2026-04-28T19:28:29.7031835Z [36;1m# 20s sleep. On a busy runner cohort the initial 20s wasn't enough[0m
2026-04-28T19:28:29.7033557Z [36;1m# for the API to reflect queued workflow runs, which could merge[0m
2026-04-28T19:28:29.7035878Z [36;1m# PRs without waiting for CI. Bail out early as soon as ≥1 real[0m
2026-04-28T19:28:29.7037282Z [36;1m# check shows up.[0m
2026-04-28T19:28:29.7038162Z [36;1mCOUNT=0[0m
2026-04-28T19:28:29.7038953Z [36;1mfor i in $(seq 1 6); do[0m
2026-04-28T19:28:29.7039900Z [36;1m  sleep 10[0m
2026-04-28T19:28:29.7041032Z [36;1m  COUNT=$(gh api "repos/$REPO/commits/$HEAD_SHA/check-runs" \[0m
2026-04-28T19:28:29.7042732Z [36;1m    --jq '[.check_runs[] | select(.name != "Auto-merge")] | length')[0m
2026-04-28T19:28:29.7044159Z [36;1m  if [ "$COUNT" -gt 0 ]; then[0m
2026-04-28T19:28:29.7045604Z [36;1m    echo "Found $COUNT non-Auto-merge check(s) after ${i}0s"[0m
2026-04-28T19:28:29.7046914Z [36;1m    break[0m
2026-04-28T19:28:29.7047683Z [36;1m  fi[0m
2026-04-28T19:28:29.7048651Z [36;1m  echo "No non-Auto-merge checks yet (attempt $i/6)"[0m
2026-04-28T19:28:29.7049871Z [36;1mdone[0m
2026-04-28T19:28:29.7050638Z [36;1mif [ "$COUNT" -gt 0 ]; then[0m
2026-04-28T19:28:29.7051731Z [36;1m  echo "has_ci=true" >> "$GITHUB_OUTPUT"[0m
2026-04-28T19:28:29.7052807Z [36;1melse[0m
2026-04-28T19:28:29.7053649Z [36;1m  echo "has_ci=false" >> "$GITHUB_OUTPUT"[0m
2026-04-28T19:28:29.7055260Z [36;1m  echo "No CI checks on this PR after 60s — will merge without waiting."[0m
2026-04-28T19:28:29.7056651Z [36;1mfi[0m
2026-04-28T19:28:29.9008621Z shell: /usr/bin/bash -e {0}
2026-04-28T19:28:29.9010066Z env:
2026-04-28T19:28:29.9010824Z   WAIT_INTERVAL: 15
2026-04-28T19:28:29.9012412Z   GH_TOKEN: ***
2026-04-28T19:28:29.9013402Z   HEAD_SHA: 06998b573d1eebbfd74e12e84bccee259b6a754e
2026-04-28T19:28:29.9014996Z   REPO: averycorp/prismTask
2026-04-28T19:28:29.9016012Z ##[endgroup]
2026-04-28T19:28:49.2327336Z Found 10 non-Auto-merge check(s) after 10s
2026-04-28T19:28:49.2485781Z ##[group]Run set -euo pipefail
2026-04-28T19:28:49.2486230Z [36;1mset -euo pipefail[0m
2026-04-28T19:28:49.2486708Z [36;1mREQUIRED=$(gh api "repos/$REPO/branches/main/protection/required_status_checks" \[0m
2026-04-28T19:28:49.2487209Z [36;1m  --jq '.contexts[]' 2>/dev/null || true)[0m
2026-04-28T19:28:49.2487542Z [36;1mif [ -z "$REQUIRED" ]; then[0m
2026-04-28T19:28:49.2488106Z [36;1m  echo "::warning::Could not query branch protection (likely a permission issue) — using hardcoded fallback list."[0m
2026-04-28T19:28:49.2488698Z [36;1m  REQUIRED="$FALLBACK_REQUIRED"[0m
2026-04-28T19:28:49.2489007Z [36;1mfi[0m
2026-04-28T19:28:49.2489321Z [36;1m# Strip Auto-merge from the required list so we don't wait on[0m
2026-04-28T19:28:49.2489788Z [36;1m# ourselves (it's listed because we ARE the running workflow).[0m
2026-04-28T19:28:49.2490325Z [36;1mREQUIRED=$(echo "$REQUIRED" | grep -vE '^\s*Auto-merge\s*$' | grep -vE '^\s*$' || true)[0m
2026-04-28T19:28:49.2490825Z [36;1mif [ -z "$REQUIRED" ]; then[0m
2026-04-28T19:28:49.2491211Z [36;1m  echo "No required checks beyond Auto-merge; skipping queue wait."[0m
2026-04-28T19:28:49.2491667Z [36;1m  exit 0[0m
2026-04-28T19:28:49.2491907Z [36;1mfi[0m
2026-04-28T19:28:49.2492180Z [36;1mecho "Waiting until these required checks queue:"[0m
2026-04-28T19:28:49.2492544Z [36;1mecho "$REQUIRED" | sed 's/^/  /'[0m
2026-04-28T19:28:49.2492938Z [36;1m# Audit PR #876 → CI pathway efficiency: this loop was burning[0m
2026-04-28T19:28:49.2493405Z [36;1m# ~315s/PR (PR #874 run 25035518360 + PR #873 run 25035513300)[0m
2026-04-28T19:28:49.2493875Z [36;1m# while underlying required checks were observably complete in[0m
2026-04-28T19:28:49.2494349Z [36;1m# ~30s. Mean job wall-clock was 343s with std-dev ~7s across 10[0m
2026-04-28T19:28:49.2495181Z [36;1m# runs — i.e. the loop almost always ran to its 5-minute ceiling.[0m
2026-04-28T19:28:49.2495626Z [36;1m# Two compensating mitigations + diagnostics:[0m
2026-04-28T19:28:49.2495957Z [36;1m#[0m
2026-04-28T19:28:49.2496263Z [36;1m#   (a) Cap dropped 30 → 18 attempts at 5s interval = 90s ceiling[0m
2026-04-28T19:28:49.2496722Z [36;1m#       (still > 2× the 43s race window from PR #804).[0m
2026-04-28T19:28:49.2497156Z [36;1m#   (b) Poll interval dropped 10s → 5s for faster detection.[0m
2026-04-28T19:28:49.2497636Z [36;1m#   (c) Per-iteration diagnostic prints MISSING + visible CHECK_RUNS[0m
2026-04-28T19:28:49.2498165Z [36;1m#       so future investigation can pinpoint the matching mismatch[0m
2026-04-28T19:28:49.2498657Z [36;1m#       (the immediate root-cause was not yet identified — the[0m
2026-04-28T19:28:49.2499123Z [36;1m#       MISSING list never empties even though CHECK_RUNS clearly[0m
2026-04-28T19:28:49.2499587Z [36;1m#       contains every REQUIRED name. Likely a trim/encoding edge[0m
2026-04-28T19:28:49.2500120Z [36;1m#       case in the comparison loop, but observability beats[0m
2026-04-28T19:28:49.2500506Z [36;1m#       guessing).[0m
2026-04-28T19:28:49.2500806Z [36;1mfor attempt in $(seq 1 18); do[0m
2026-04-28T19:28:49.2501223Z [36;1m  CHECK_RUNS=$(gh api --paginate "repos/$REPO/commits/$HEAD_SHA/check-runs" \[0m
2026-04-28T19:28:49.2501681Z [36;1m    --jq '.check_runs[].name' | sort -u)[0m
2026-04-28T19:28:49.2501987Z [36;1m  MISSING=""[0m
2026-04-28T19:28:49.2502241Z [36;1m  while IFS= read -r req; do[0m
2026-04-28T19:28:49.2502540Z [36;1m    [ -z "$req" ] && continue[0m
2026-04-28T19:28:49.2502842Z [36;1m    req_trimmed=$(echo "$req" | xargs)[0m
2026-04-28T19:28:49.2503214Z [36;1m    if ! echo "$CHECK_RUNS" | grep -qxF "$req_trimmed"; then[0m
2026-04-28T19:28:49.2503797Z [36;1m      MISSING="$MISSING $req_trimmed"[0m
2026-04-28T19:28:49.2504089Z [36;1m    fi[0m
2026-04-28T19:28:49.2504314Z [36;1m  done <<< "$REQUIRED"[0m
2026-04-28T19:28:49.2504767Z [36;1m  if [ -z "$MISSING" ]; then[0m
2026-04-28T19:28:49.2505229Z [36;1m    echo "All required checks have queued after attempt $attempt (~$((attempt * 5))s)."[0m
2026-04-28T19:28:49.2505863Z [36;1m    exit 0[0m
2026-04-28T19:28:49.2506102Z [36;1m  fi[0m
2026-04-28T19:28:49.2506386Z [36;1m  echo "Attempt $attempt/18 — still missing:$MISSING"[0m
2026-04-28T19:28:49.2506863Z [36;1m  echo "  Visible check-runs: $(echo "$CHECK_RUNS" | tr '\n' ',' | sed 's/,$//')"[0m
2026-04-28T19:28:49.2507277Z [36;1m  sleep 5[0m
2026-04-28T19:28:49.2507498Z [36;1mdone[0m
2026-04-28T19:28:49.2507992Z [36;1mecho "::warning::Some required checks never queued after 90s:$MISSING — proceeding to wait-on-check-action anyway."[0m
2026-04-28T19:28:49.2562098Z shell: /usr/bin/bash -e {0}
2026-04-28T19:28:49.2562394Z env:
2026-04-28T19:28:49.2562607Z   WAIT_INTERVAL: 15
2026-04-28T19:28:49.2563237Z   GH_TOKEN: ***
2026-04-28T19:28:49.2563522Z   HEAD_SHA: 06998b573d1eebbfd74e12e84bccee259b6a754e
2026-04-28T19:28:49.2563881Z   REPO: averycorp/prismTask
2026-04-28T19:28:49.2564263Z   FALLBACK_REQUIRED: lint-and-test
connected-tests
test
web-lint-and-test

2026-04-28T19:28:49.2565097Z ##[endgroup]
2026-04-28T19:28:49.4543356Z Waiting until these required checks queue:
2026-04-28T19:28:49.4557324Z   {"message":"Resource not accessible by integration","documentation_url":"https://docs.github.com/rest/branches/branch-protection#get-status-checks-protection","status":"403"}
2026-04-28T19:28:49.9487008Z Attempt 1/18 — still missing: {message:Resource not accessible by integration,documentation_url:https://docs.github.com/rest/branches/branch-protection#get-status-checks-protection,status:403}
2026-04-28T19:28:49.9507540Z   Visible check-runs: Auto-merge,autofix,capture-failure-log,connected-tests,cross-device-tests,e2e,lint-and-test,maybe-label,test,web-lint-and-test
2026-04-28T19:28:55.4652204Z Attempt 2/18 — still missing: {message:Resource not accessible by integration,documentation_url:https://docs.github.com/rest/branches/branch-protection#get-status-checks-protection,status:403}
2026-04-28T19:28:55.4674144Z   Visible check-runs: Auto-merge,autofix,capture-failure-log,connected-tests,cross-device-tests,e2e,lint-and-test,maybe-label,test,web-lint-and-test
2026-04-28T19:29:00.9557886Z Attempt 3/18 — still missing: {message:Resource not accessible by integration,documentation_url:https://docs.github.com/rest/branches/branch-protection#get-status-checks-protection,status:403}
2026-04-28T19:29:00.9579439Z   Visible check-runs: Auto-merge,autofix,capture-failure-log,connected-tests,cross-device-tests,e2e,lint-and-test,maybe-label,test,web-lint-and-test
2026-04-28T19:29:06.5989284Z Attempt 4/18 — still missing: {message:Resource not accessible by integration,documentation_url:https://docs.github.com/rest/branches/branch-protection#get-status-checks-protection,status:403}
2026-04-28T19:29:06.6010422Z   Visible check-runs: Auto-merge,autofix,capture-failure-log,connected-tests,cross-device-tests,e2e,lint-and-test,maybe-label,test,web-lint-and-test
2026-04-28T19:29:12.0515560Z Attempt 5/18 — still missing: {message:Resource not accessible by integration,documentation_url:https://docs.github.com/rest/branches/branch-protection#get-status-checks-protection,status:403}
2026-04-28T19:29:12.0539421Z   Visible check-runs: Auto-merge,autofix,capture-failure-log,connected-tests,cross-device-tests,e2e,lint-and-test,maybe-label,test,web-lint-and-test
2026-04-28T19:29:17.5907709Z Attempt 6/18 — still missing: {message:Resource not accessible by integration,documentation_url:https://docs.github.com/rest/branches/branch-protection#get-status-checks-protection,status:403}
2026-04-28T19:29:17.5931844Z   Visible check-runs: Auto-merge,autofix,capture-failure-log,connected-tests,cross-device-tests,e2e,lint-and-test,maybe-label,test,web-lint-and-test
2026-04-28T19:29:23.1525934Z Attempt 7/18 — still missing: {message:Resource not accessible by integration,documentation_url:https://docs.github.com/rest/branches/branch-protection#get-status-checks-protection,status:403}
2026-04-28T19:29:23.1547875Z   Visible check-runs: Auto-merge,autofix,capture-failure-log,connected-tests,cross-device-tests,e2e,lint-and-test,maybe-label,test,web-lint-and-test
2026-04-28T19:29:28.6806862Z Attempt 8/18 — still missing: {message:Resource not accessible by integration,documentation_url:https://docs.github.com/rest/branches/branch-protection#get-status-checks-protection,status:403}
2026-04-28T19:29:28.6828941Z   Visible check-runs: Auto-merge,autofix,capture-failure-log,connected-tests,cross-device-tests,e2e,lint-and-test,maybe-label,test,web-lint-and-test
2026-04-28T19:29:34.4218851Z Attempt 9/18 — still missing: {message:Resource not accessible by integration,documentation_url:https://docs.github.com/rest/branches/branch-protection#get-status-checks-protection,status:403}
2026-04-28T19:29:34.4240306Z   Visible check-runs: Auto-merge,autofix,capture-failure-log,connected-tests,cross-device-tests,e2e,lint-and-test,maybe-label,test,web-lint-and-test
2026-04-28T19:29:39.9297067Z Attempt 10/18 — still missing: {message:Resource not accessible by integration,documentation_url:https://docs.github.com/rest/branches/branch-protection#get-status-checks-protection,status:403}
2026-04-28T19:29:39.9324303Z   Visible check-runs: Auto-merge,autofix,capture-failure-log,connected-tests,cross-device-tests,e2e,lint-and-test,maybe-label,test,web-lint-and-test
2026-04-28T19:29:45.8895756Z Attempt 11/18 — still missing: {message:Resource not accessible by integration,documentation_url:https://docs.github.com/rest/branches/branch-protection#get-status-checks-protection,status:403}
2026-04-28T19:29:45.8917264Z   Visible check-runs: Auto-merge,autofix,capture-failure-log,connected-tests,cross-device-tests,e2e,lint-and-test,maybe-label,test,web-lint-and-test
2026-04-28T19:29:51.3421351Z Attempt 12/18 — still missing: {message:Resource not accessible by integration,documentation_url:https://docs.github.com/rest/branches/branch-protection#get-status-checks-protection,status:403}
2026-04-28T19:29:51.3443201Z   Visible check-runs: Auto-merge,autofix,capture-failure-log,connected-tests,cross-device-tests,e2e,lint-and-test,maybe-label,test,web-lint-and-test
2026-04-28T19:29:56.8540195Z Attempt 13/18 — still missing: {message:Resource not accessible by integration,documentation_url:https://docs.github.com/rest/branches/branch-protection#get-status-checks-protection,status:403}
2026-04-28T19:29:56.8562415Z   Visible check-runs: Auto-merge,autofix,capture-failure-log,connected-tests,cross-device-tests,e2e,lint-and-test,maybe-label,test,web-lint-and-test
2026-04-28T19:30:02.4070948Z Attempt 14/18 — still missing: {message:Resource not accessible by integration,documentation_url:https://docs.github.com/rest/branches/branch-protection#get-status-checks-protection,status:403}
2026-04-28T19:30:02.4098009Z   Visible check-runs: Auto-merge,autofix,capture-failure-log,connected-tests,cross-device-tests,e2e,lint-and-test,maybe-label,test,web-lint-and-test
2026-04-28T19:30:07.9058874Z Attempt 15/18 — still missing: {message:Resource not accessible by integration,documentation_url:https://docs.github.com/rest/branches/branch-protection#get-status-checks-protection,status:403}
2026-04-28T19:30:07.9080996Z   Visible check-runs: Auto-merge,autofix,capture-failure-log,connected-tests,cross-device-tests,e2e,lint-and-test,maybe-label,test,web-lint-and-test
2026-04-28T19:30:13.4840223Z Attempt 16/18 — still missing: {message:Resource not accessible by integration,documentation_url:https://docs.github.com/rest/branches/branch-protection#get-status-checks-protection,status:403}
2026-04-28T19:30:13.4865869Z   Visible check-runs: Auto-merge,autofix,capture-failure-log,connected-tests,cross-device-tests,e2e,lint-and-test,maybe-label,test,web-lint-and-test
2026-04-28T19:30:18.9813515Z Attempt 17/18 — still missing: {message:Resource not accessible by integration,documentation_url:https://docs.github.com/rest/branches/branch-protection#get-status-checks-protection,status:403}
2026-04-28T19:30:18.9838694Z   Visible check-runs: Auto-merge,autofix,capture-failure-log,connected-tests,cross-device-tests,e2e,lint-and-test,maybe-label,test,web-lint-and-test
2026-04-28T19:30:24.4659458Z Attempt 18/18 — still missing: {message:Resource not accessible by integration,documentation_url:https://docs.github.com/rest/branches/branch-protection#get-status-checks-protection,status:403}
2026-04-28T19:30:24.4682306Z   Visible check-runs: Auto-merge,autofix,capture-failure-log,connected-tests,cross-device-tests,e2e,lint-and-test,maybe-label,test,web-lint-and-test
2026-04-28T19:30:29.4728538Z ##[warning]Some required checks never queued after 90s: {message:Resource not accessible by integration,documentation_url:https://docs.github.com/rest/branches/branch-protection#get-status-checks-protection,status:403} — proceeding to wait-on-check-action anyway.
2026-04-28T19:30:29.4948382Z ##[group]Run lewagon/wait-on-check-action@ccfb013c15c8afb7bf2b7c028fb74dc5a068cccc
2026-04-28T19:30:29.4948819Z with:
2026-04-28T19:30:29.4949029Z   ref: 06998b573d1eebbfd74e12e84bccee259b6a754e
2026-04-28T19:30:29.4949320Z   running-workflow-name: Auto-merge
2026-04-28T19:30:29.4949796Z   repo-token: ***
2026-04-28T19:30:29.4949993Z   wait-interval: 15
2026-04-28T19:30:29.4950221Z   allowed-conclusions: success,skipped,neutral
2026-04-28T19:30:29.4950489Z   verbose: true
2026-04-28T19:30:29.4950655Z env:
2026-04-28T19:30:29.4950805Z   WAIT_INTERVAL: 15
2026-04-28T19:30:29.4950980Z ##[endgroup]
2026-04-28T19:30:29.5081740Z ##[group]Run ruby/setup-ruby@v1
2026-04-28T19:30:29.5082003Z with:
2026-04-28T19:30:29.5082173Z   ruby-version: 3.2
2026-04-28T19:30:29.5082369Z   bundler-cache: false
2026-04-28T19:30:29.5082699Z   token: ***
2026-04-28T19:30:29.5082868Z env:
2026-04-28T19:30:29.5083028Z   WAIT_INTERVAL: 15
2026-04-28T19:30:29.5083205Z ##[endgroup]
2026-04-28T19:30:29.6855222Z ##[group]Modifying PATH
2026-04-28T19:30:29.6855810Z Entries added to PATH to use selected Ruby:
2026-04-28T19:30:29.6856417Z   /opt/hostedtoolcache/Ruby/3.2.11/x64/bin
2026-04-28T19:30:29.6861151Z ##[endgroup]
2026-04-28T19:30:29.6862996Z ##[group]Print Ruby version
2026-04-28T19:30:29.7095870Z [command]/opt/hostedtoolcache/Ruby/3.2.11/x64/bin/ruby --version
2026-04-28T19:30:30.7211995Z ruby 3.2.11 (2026-03-27 revision 5483bfc1ae) [x86_64-linux]
2026-04-28T19:30:30.7252141Z Took   1.04 seconds
2026-04-28T19:30:30.7253129Z ##[endgroup]
2026-04-28T19:30:30.7254330Z ##[group]Installing Bundler
2026-04-28T19:30:30.7259643Z Using Bundler shipped with ruby-3.2.11
2026-04-28T19:30:30.7260566Z Took   0.00 seconds
2026-04-28T19:30:30.7261285Z ##[endgroup]
2026-04-28T19:30:30.7923051Z ##[group]Run actions/cache@v4
2026-04-28T19:30:30.7923305Z with:
2026-04-28T19:30:30.7923729Z   path: /home/runner/work/_actions/lewagon/wait-on-check-action/ccfb013c15c8afb7bf2b7c028fb74dc5a068cccc
2026-04-28T19:30:30.7924237Z   key: Linux-gems-
2026-04-28T19:30:30.7924755Z   restore-keys: Linux-gems-
2026-04-28T19:30:30.7925133Z   enableCrossOsArchive: false
2026-04-28T19:30:30.7925516Z   fail-on-cache-miss: false
2026-04-28T19:30:30.7925734Z   lookup-only: false
2026-04-28T19:30:30.7925914Z   save-always: false
2026-04-28T19:30:30.7926089Z env:
2026-04-28T19:30:30.7926243Z   WAIT_INTERVAL: 15
2026-04-28T19:30:30.7926419Z ##[endgroup]
2026-04-28T19:30:31.0894697Z Cache not found for input keys: Linux-gems-, Linux-gems-
2026-04-28T19:30:31.0964920Z ##[group]Run bundle install --jobs 4 --retry 3
2026-04-28T19:30:31.0965330Z [36;1mbundle install --jobs 4 --retry 3[0m
2026-04-28T19:30:31.1021490Z shell: /usr/bin/bash --noprofile --norc -e -o pipefail {0}
2026-04-28T19:30:31.1021824Z env:
2026-04-28T19:30:31.1021989Z   WAIT_INTERVAL: 15
2026-04-28T19:30:31.1022175Z ##[endgroup]
2026-04-28T19:30:33.8078145Z Bundler 2.4.19 is running, but your lockfile was generated with 2.2.3. Installing Bundler 2.2.3 and restarting using that version.
2026-04-28T19:30:36.2407763Z Fetching gem metadata from https://rubygems.org/.
2026-04-28T19:30:36.2484314Z Fetching bundler 2.2.3
2026-04-28T19:30:36.5690499Z Installing bundler 2.2.3
2026-04-28T19:30:36.7964355Z Calling `DidYouMean::SPELL_CHECKERS.merge!(error_name => spell_checker)' has been deprecated. Please call `DidYouMean.correct_error(error_name, spell_checker)' instead.
2026-04-28T19:30:38.1842069Z Fetching gem metadata from https://rubygems.org/.........
2026-04-28T19:30:38.1947299Z Fetching zeitwerk 2.6.7
2026-04-28T19:30:38.2240089Z Fetching concurrent-ruby 1.2.2
2026-04-28T19:30:38.2247314Z Fetching public_suffix 4.0.7
2026-04-28T19:30:38.2251238Z Fetching minitest 5.18.0
2026-04-28T19:30:38.3251999Z Installing zeitwerk 2.6.7
2026-04-28T19:30:38.3366071Z Installing minitest 5.18.0
2026-04-28T19:30:38.3412686Z Installing public_suffix 4.0.7
2026-04-28T19:30:38.3732639Z Installing concurrent-ruby 1.2.2
2026-04-28T19:30:38.3943264Z Fetching ast 2.4.2
2026-04-28T19:30:38.4210937Z Using bundler 2.2.3
2026-04-28T19:30:38.4222973Z Fetching byebug 11.1.3
2026-04-28T19:30:38.4574641Z Installing ast 2.4.2
2026-04-28T19:30:38.4730369Z Installing byebug 11.1.3 with native extensions
2026-04-28T19:30:38.4756571Z Fetching diff-lcs 1.4.4
2026-04-28T19:30:38.5125391Z Fetching faraday-net_http 2.0.3
2026-04-28T19:30:38.5480220Z Installing diff-lcs 1.4.4
2026-04-28T19:30:38.5683916Z Installing faraday-net_http 2.0.3
2026-04-28T19:30:38.5856559Z Using ruby2_keywords 0.0.5
2026-04-28T19:30:38.5863315Z Fetching json 2.7.1
2026-04-28T19:30:38.6277027Z Installing json 2.7.1 with native extensions
2026-04-28T19:30:38.6834086Z Fetching language_server-protocol 3.17.0.3
2026-04-28T19:30:38.7308116Z Installing language_server-protocol 3.17.0.3
2026-04-28T19:30:38.7996417Z Fetching lint_roller 1.1.0
2026-04-28T19:30:38.8607992Z Installing lint_roller 1.1.0
2026-04-28T19:30:38.8731751Z Fetching parallel 1.24.0
2026-04-28T19:30:38.9121943Z Installing parallel 1.24.0
2026-04-28T19:30:38.9224085Z Fetching racc 1.7.3
2026-04-28T19:30:39.0049263Z Installing racc 1.7.3 with native extensions
2026-04-28T19:30:39.0691066Z Fetching rainbow 3.1.1
2026-04-28T19:30:39.1034433Z Installing rainbow 3.1.1
2026-04-28T19:30:39.1108995Z Fetching regexp_parser 2.8.3
2026-04-28T19:30:39.1493581Z Installing regexp_parser 2.8.3
2026-04-28T19:30:39.1748633Z Fetching rexml 3.2.6
2026-04-28T19:30:39.2135103Z Installing rexml 3.2.6
2026-04-28T19:30:39.3063653Z Fetching rspec-support 3.10.1
2026-04-28T19:30:39.3437292Z Installing rspec-support 3.10.1
2026-04-28T19:30:39.3563948Z Fetching ruby-progressbar 1.13.0
2026-04-28T19:30:39.3923719Z Installing ruby-progressbar 1.13.0
2026-04-28T19:30:39.4025813Z Fetching unicode-display_width 2.5.0
2026-04-28T19:30:39.4373904Z Installing unicode-display_width 2.5.0
2026-04-28T19:30:39.4431888Z Fetching addressable 2.8.0
2026-04-28T19:30:39.4820170Z Installing addressable 2.8.0
2026-04-28T19:30:39.4958408Z Fetching faraday 2.3.0
2026-04-28T19:30:39.5353615Z Installing faraday 2.3.0
2026-04-28T19:30:39.5572775Z Fetching i18n 1.12.0
2026-04-28T19:30:39.5950711Z Installing i18n 1.12.0
2026-04-28T19:30:39.6093980Z Fetching tzinfo 2.0.6
2026-04-28T19:30:39.6487534Z Installing tzinfo 2.0.6
2026-04-28T19:30:39.6658649Z Fetching rspec-core 3.10.1
2026-04-28T19:30:39.7112837Z Installing rspec-core 3.10.1
2026-04-28T19:30:39.7381960Z Fetching rspec-expectations 3.10.1
2026-04-28T19:30:39.7775840Z Installing rspec-expectations 3.10.1
2026-04-28T19:30:39.7959231Z Fetching rspec-mocks 3.10.1
2026-04-28T19:30:39.8352974Z Installing rspec-mocks 3.10.1
2026-04-28T19:30:39.8512995Z Fetching faraday-retry 2.0.0
2026-04-28T19:30:39.8874055Z Installing faraday-retry 2.0.0
2026-04-28T19:30:39.8936188Z Fetching sawyer 0.9.2
2026-04-28T19:30:39.9275438Z Installing sawyer 0.9.2
2026-04-28T19:30:39.9358163Z Fetching activesupport 6.1.7.3
2026-04-28T19:30:39.9837882Z Installing activesupport 6.1.7.3
2026-04-28T19:30:40.0429560Z Fetching rspec 3.10.0
2026-04-28T19:30:40.0789050Z Installing rspec 3.10.0
2026-04-28T19:30:40.0844518Z Fetching octokit 4.25.0
2026-04-28T19:30:40.1334764Z Installing octokit 4.25.0
2026-04-28T19:30:45.8516601Z Fetching parser 3.2.2.4
2026-04-28T19:30:45.9563433Z Installing parser 3.2.2.4
2026-04-28T19:30:46.0715578Z Fetching rubocop-ast 1.30.0
2026-04-28T19:30:46.1209100Z Installing rubocop-ast 1.30.0
2026-04-28T19:30:47.4713190Z Fetching rubocop 1.57.2
2026-04-28T19:30:47.5300504Z Installing rubocop 1.57.2
2026-04-28T19:30:47.7083759Z Fetching rubocop-performance 1.19.1
2026-04-28T19:30:47.7084391Z Fetching standard-custom 1.0.2
2026-04-28T19:30:47.7639901Z Installing standard-custom 1.0.2
2026-04-28T19:30:47.7809209Z Installing rubocop-performance 1.19.1
2026-04-28T19:30:47.7955368Z Fetching standard-performance 1.2.1
2026-04-28T19:30:47.8310562Z Installing standard-performance 1.2.1
2026-04-28T19:30:47.8383363Z Fetching standard 1.32.1
2026-04-28T19:30:47.8773636Z Installing standard 1.32.1
2026-04-28T19:30:47.8989106Z Bundle complete! 6 Gemfile dependencies, 40 gems now installed.
2026-04-28T19:30:47.8990111Z Use `bundle info [gemname]` to see where a bundled gem is installed.
2026-04-28T19:30:47.9511299Z ##[group]Run ruby entrypoint.rb
2026-04-28T19:30:47.9511591Z [36;1mruby entrypoint.rb[0m
2026-04-28T19:30:47.9567596Z shell: /usr/bin/bash --noprofile --norc -e -o pipefail {0}
2026-04-28T19:30:47.9567928Z env:
2026-04-28T19:30:47.9568095Z   WAIT_INTERVAL: 15
2026-04-28T19:30:47.9568327Z   ALLOWED_CONCLUSIONS: success,skipped,neutral
2026-04-28T19:30:47.9568600Z   IGNORE_CHECKS: 
2026-04-28T19:30:47.9568778Z   CHECK_NAME: 
2026-04-28T19:30:47.9568958Z   CHECK_REGEXP: 
2026-04-28T19:30:47.9569176Z   REF: 06998b573d1eebbfd74e12e84bccee259b6a754e
2026-04-28T19:30:47.9569674Z   REPO_TOKEN: ***
2026-04-28T19:30:47.9569858Z   VERBOSE: true
2026-04-28T19:30:47.9570050Z   RUNNING_WORKFLOW_NAME: Auto-merge
2026-04-28T19:30:47.9570287Z   API_ENDPOINT: 
2026-04-28T19:30:47.9570456Z ##[endgroup]
2026-04-28T19:32:53.5010053Z Checks running on ref:
2026-04-28T19:32:53.5011203Z Checks completed: capture-failure-log, capture-failure-log, e2e, capture-failure-log, cross-device-tests, connected-tests, test, web-lint-and-test, maybe-label
2026-04-28T19:32:53.5012508Z Checks in_progress: Auto-merge, lint-and-test, autofix
2026-04-28T19:32:53.5012984Z Checks after ignore checks filter:
2026-04-28T19:32:53.5014068Z Checks completed: capture-failure-log, capture-failure-log, e2e, capture-failure-log, cross-device-tests, connected-tests, test, web-lint-and-test, maybe-label
2026-04-28T19:32:53.5015478Z Checks in_progress: lint-and-test, autofix
2026-04-28T19:32:53.5015898Z Checks after check_name filter:
2026-04-28T19:32:53.5016635Z Checks completed: capture-failure-log, capture-failure-log, e2e, capture-failure-log, cross-device-tests, connected-tests, test, web-lint-and-test, maybe-label
2026-04-28T19:32:53.5017428Z Checks in_progress: lint-and-test, autofix
2026-04-28T19:32:53.5017723Z Checks after Regexp filter:
2026-04-28T19:32:53.5018459Z Checks completed: capture-failure-log, capture-failure-log, e2e, capture-failure-log, cross-device-tests, connected-tests, test, web-lint-and-test, maybe-label
2026-04-28T19:32:53.5019245Z Checks in_progress: lint-and-test, autofix
2026-04-28T19:32:53.5019701Z The requested checks aren't complete yet, will check back in 15 seconds...
2026-04-28T19:32:53.5020103Z Checks running on ref:
2026-04-28T19:32:53.5020810Z Checks completed: capture-failure-log, capture-failure-log, e2e, capture-failure-log, cross-device-tests, connected-tests, test, web-lint-and-test, maybe-label
2026-04-28T19:32:53.5021622Z Checks in_progress: Auto-merge, lint-and-test, autofix
2026-04-28T19:32:53.5021949Z Checks after ignore checks filter:
2026-04-28T19:32:53.5022684Z Checks completed: capture-failure-log, capture-failure-log, e2e, capture-failure-log, cross-device-tests, connected-tests, test, web-lint-and-test, maybe-label
2026-04-28T19:32:53.5023462Z Checks in_progress: lint-and-test, autofix
2026-04-28T19:32:53.5023749Z Checks after check_name filter:
2026-04-28T19:32:53.5024707Z Checks completed: capture-failure-log, capture-failure-log, e2e, capture-failure-log, cross-device-tests, connected-tests, test, web-lint-and-test, maybe-label
2026-04-28T19:32:53.5025857Z Checks in_progress: lint-and-test, autofix
2026-04-28T19:32:53.5026146Z Checks after Regexp filter:
2026-04-28T19:32:53.5026869Z Checks completed: capture-failure-log, capture-failure-log, e2e, capture-failure-log, cross-device-tests, connected-tests, test, web-lint-and-test, maybe-label
2026-04-28T19:32:53.5027642Z Checks in_progress: lint-and-test, autofix
2026-04-28T19:32:53.5028044Z The requested checks aren't complete yet, will check back in 15 seconds...
2026-04-28T19:32:53.5028440Z Checks running on ref:
2026-04-28T19:32:53.5029128Z Checks completed: capture-failure-log, capture-failure-log, e2e, capture-failure-log, cross-device-tests, connected-tests, test, web-lint-and-test, maybe-label
2026-04-28T19:32:53.5029935Z Checks in_progress: Auto-merge, lint-and-test, autofix
2026-04-28T19:32:53.5030262Z Checks after ignore checks filter:
2026-04-28T19:32:53.5031138Z Checks completed: capture-failure-log, capture-failure-log, e2e, capture-failure-log, cross-device-tests, connected-tests, test, web-lint-and-test, maybe-label
2026-04-28T19:32:53.5031914Z Checks in_progress: lint-and-test, autofix
2026-04-28T19:32:53.5032200Z Checks after check_name filter:
2026-04-28T19:32:53.5032841Z Checks completed: capture-failure-log, capture-failure-log, e2e, capture-failure-log, cross-device-tests, connected-tests, test, web-lint-and-test, maybe-label
2026-04-28T19:32:53.5033509Z Checks in_progress: lint-and-test, autofix
2026-04-28T19:32:53.5033753Z Checks after Regexp filter:
2026-04-28T19:32:53.5034374Z Checks completed: capture-failure-log, capture-failure-log, e2e, capture-failure-log, cross-device-tests, connected-tests, test, web-lint-and-test, maybe-label
2026-04-28T19:32:53.5035282Z Checks in_progress: lint-and-test, autofix
2026-04-28T19:32:53.5035626Z The requested checks aren't complete yet, will check back in 15 seconds...
2026-04-28T19:32:53.5035975Z Checks running on ref:
2026-04-28T19:32:53.5036588Z Checks completed: capture-failure-log, capture-failure-log, e2e, capture-failure-log, cross-device-tests, connected-tests, test, web-lint-and-test, maybe-label
2026-04-28T19:32:53.5037277Z Checks in_progress: Auto-merge, lint-and-test, autofix
2026-04-28T19:32:53.5037568Z Checks after ignore checks filter:
2026-04-28T19:32:53.5038204Z Checks completed: capture-failure-log, capture-failure-log, e2e, capture-failure-log, cross-device-tests, connected-tests, test, web-lint-and-test, maybe-label
2026-04-28T19:32:53.5038879Z Checks in_progress: lint-and-test, autofix
2026-04-28T19:32:53.5039131Z Checks after check_name filter:
2026-04-28T19:32:53.5039748Z Checks completed: capture-failure-log, capture-failure-log, e2e, capture-failure-log, cross-device-tests, connected-tests, test, web-lint-and-test, maybe-label
2026-04-28T19:32:53.5040409Z Checks in_progress: lint-and-test, autofix
2026-04-28T19:32:53.5040657Z Checks after Regexp filter:
2026-04-28T19:32:53.5041265Z Checks completed: capture-failure-log, capture-failure-log, e2e, capture-failure-log, cross-device-tests, connected-tests, test, web-lint-and-test, maybe-label
2026-04-28T19:32:53.5041936Z Checks in_progress: lint-and-test, autofix
2026-04-28T19:32:53.5042287Z The requested checks aren't complete yet, will check back in 15 seconds...
2026-04-28T19:32:53.5042627Z Checks running on ref:
2026-04-28T19:32:53.5043229Z Checks completed: capture-failure-log, capture-failure-log, e2e, capture-failure-log, cross-device-tests, connected-tests, test, web-lint-and-test, maybe-label
2026-04-28T19:32:53.5043924Z Checks in_progress: Auto-merge, lint-and-test, autofix
2026-04-28T19:32:53.5044210Z Checks after ignore checks filter:
2026-04-28T19:32:53.5045193Z Checks completed: capture-failure-log, capture-failure-log, e2e, capture-failure-log, cross-device-tests, connected-tests, test, web-lint-and-test, maybe-label
2026-04-28T19:32:53.5045872Z Checks in_progress: lint-and-test, autofix
2026-04-28T19:32:53.5046121Z Checks after check_name filter:
2026-04-28T19:32:53.5046893Z Checks completed: capture-failure-log, capture-failure-log, e2e, capture-failure-log, cross-device-tests, connected-tests, test, web-lint-and-test, maybe-label
2026-04-28T19:32:53.5047559Z Checks in_progress: lint-and-test, autofix
2026-04-28T19:32:53.5047811Z Checks after Regexp filter:
2026-04-28T19:32:53.5048421Z Checks completed: capture-failure-log, capture-failure-log, e2e, capture-failure-log, cross-device-tests, connected-tests, test, web-lint-and-test, maybe-label
2026-04-28T19:32:53.5049076Z Checks in_progress: lint-and-test, autofix
2026-04-28T19:32:53.5049418Z The requested checks aren't complete yet, will check back in 15 seconds...
2026-04-28T19:32:53.5049829Z Checks running on ref:
2026-04-28T19:32:53.5050459Z Checks completed: capture-failure-log, capture-failure-log, e2e, capture-failure-log, cross-device-tests, connected-tests, test, autofix, web-lint-and-test, maybe-label
2026-04-28T19:32:53.5051163Z Checks in_progress: Auto-merge, lint-and-test
2026-04-28T19:32:53.5051711Z Checks after ignore checks filter:
2026-04-28T19:32:53.5052992Z Checks completed: capture-failure-log, capture-failure-log, e2e, capture-failure-log, cross-device-tests, connected-tests, test, autofix, web-lint-and-test, maybe-label
2026-04-28T19:32:53.5053861Z Checks in_progress: lint-and-test
2026-04-28T19:32:53.5054102Z Checks after check_name filter:
2026-04-28T19:32:53.5055245Z Checks completed: capture-failure-log, capture-failure-log, e2e, capture-failure-log, cross-device-tests, connected-tests, test, autofix, web-lint-and-test, maybe-label
2026-04-28T19:32:53.5055987Z Checks in_progress: lint-and-test
2026-04-28T19:32:53.5056231Z Checks after Regexp filter:
2026-04-28T19:32:53.5056894Z Checks completed: capture-failure-log, capture-failure-log, e2e, capture-failure-log, cross-device-tests, connected-tests, test, autofix, web-lint-and-test, maybe-label
2026-04-28T19:32:53.5057596Z Checks in_progress: lint-and-test
2026-04-28T19:32:53.5057943Z The requested checks aren't complete yet, will check back in 15 seconds...
2026-04-28T19:32:53.5058670Z Checks running on ref:
2026-04-28T19:32:53.5059321Z Checks completed: capture-failure-log, capture-failure-log, e2e, capture-failure-log, cross-device-tests, connected-tests, test, autofix, web-lint-and-test, maybe-label
2026-04-28T19:32:53.5060037Z Checks in_progress: Auto-merge, lint-and-test
2026-04-28T19:32:53.5060315Z Checks after ignore checks filter:
2026-04-28T19:32:53.5060996Z Checks completed: capture-failure-log, capture-failure-log, e2e, capture-failure-log, cross-device-tests, connected-tests, test, autofix, web-lint-and-test, maybe-label
2026-04-28T19:32:53.5061691Z Checks in_progress: lint-and-test
2026-04-28T19:32:53.5061918Z Checks after check_name filter:
2026-04-28T19:32:53.5062577Z Checks completed: capture-failure-log, capture-failure-log, e2e, capture-failure-log, cross-device-tests, connected-tests, test, autofix, web-lint-and-test, maybe-label
2026-04-28T19:32:53.5063255Z Checks in_progress: lint-and-test
2026-04-28T19:32:53.5063495Z Checks after Regexp filter:
2026-04-28T19:32:53.5064139Z Checks completed: capture-failure-log, capture-failure-log, e2e, capture-failure-log, cross-device-tests, connected-tests, test, autofix, web-lint-and-test, maybe-label
2026-04-28T19:32:53.5065058Z Checks in_progress: lint-and-test
2026-04-28T19:32:53.5065399Z The requested checks aren't complete yet, will check back in 15 seconds...
2026-04-28T19:32:53.5065752Z Checks running on ref:
2026-04-28T19:32:53.5066377Z Checks completed: capture-failure-log, capture-failure-log, e2e, capture-failure-log, cross-device-tests, connected-tests, test, autofix, web-lint-and-test, maybe-label
2026-04-28T19:32:53.5067084Z Checks in_progress: Auto-merge, lint-and-test
2026-04-28T19:32:53.5067350Z Checks after ignore checks filter:
2026-04-28T19:32:53.5068006Z Checks completed: capture-failure-log, capture-failure-log, e2e, capture-failure-log, cross-device-tests, connected-tests, test, autofix, web-lint-and-test, maybe-label
2026-04-28T19:32:53.5069200Z Checks in_progress: lint-and-test
2026-04-28T19:32:53.5069438Z Checks after check_name filter:
2026-04-28T19:32:53.5070118Z Checks completed: capture-failure-log, capture-failure-log, e2e, capture-failure-log, cross-device-tests, connected-tests, test, autofix, web-lint-and-test, maybe-label
2026-04-28T19:32:53.5070819Z Checks in_progress: lint-and-test
2026-04-28T19:32:53.5071047Z Checks after Regexp filter:
2026-04-28T19:32:53.5071695Z Checks completed: capture-failure-log, capture-failure-log, e2e, capture-failure-log, cross-device-tests, connected-tests, test, autofix, web-lint-and-test, maybe-label
2026-04-28T19:32:53.5072382Z Checks in_progress: lint-and-test
2026-04-28T19:32:53.5072711Z The requested checks aren't complete yet, will check back in 15 seconds...
2026-04-28T19:32:53.5073058Z Checks running on ref:
2026-04-28T19:33:24.5386994Z Checks completed: capture-failure-log, capture-failure-log, e2e, capture-failure-log, cross-device-tests, connected-tests, test, autofix, web-lint-and-test, maybe-label
2026-04-28T19:33:24.5389287Z Checks in_progress: Auto-merge, lint-and-test
2026-04-28T19:33:24.5389957Z Checks after ignore checks filter:
2026-04-28T19:33:24.5391510Z Checks completed: capture-failure-log, capture-failure-log, e2e, capture-failure-log, cross-device-tests, connected-tests, test, autofix, web-lint-and-test, maybe-label
2026-04-28T19:33:24.5393029Z Checks in_progress: lint-and-test
2026-04-28T19:33:24.5393500Z Checks after check_name filter:
2026-04-28T19:33:24.5395367Z Checks completed: capture-failure-log, capture-failure-log, e2e, capture-failure-log, cross-device-tests, connected-tests, test, autofix, web-lint-and-test, maybe-label
2026-04-28T19:33:24.5396937Z Checks in_progress: lint-and-test
2026-04-28T19:33:24.5397368Z Checks after Regexp filter:
2026-04-28T19:33:24.5398638Z Checks completed: capture-failure-log, capture-failure-log, e2e, capture-failure-log, cross-device-tests, connected-tests, test, autofix, web-lint-and-test, maybe-label
2026-04-28T19:33:24.5400001Z Checks in_progress: lint-and-test
2026-04-28T19:33:24.5400635Z The requested checks aren't complete yet, will check back in 15 seconds...
2026-04-28T19:33:24.5401217Z Checks running on ref:
2026-04-28T19:33:24.5401537Z Checks in_progress: capture-failure-log / capture, Auto-merge
2026-04-28T19:33:24.5402558Z Checks completed: capture-failure-log, capture-failure-log, e2e, capture-failure-log, cross-device-tests, connected-tests, test, lint-and-test, autofix, web-lint-and-test, maybe-label
2026-04-28T19:33:24.5403496Z Checks after ignore checks filter:
2026-04-28T19:33:24.5403818Z Checks in_progress: capture-failure-log / capture
2026-04-28T19:33:24.5405001Z Checks completed: capture-failure-log, capture-failure-log, e2e, capture-failure-log, cross-device-tests, connected-tests, test, lint-and-test, autofix, web-lint-and-test, maybe-label
2026-04-28T19:33:24.5405966Z Checks after check_name filter:
2026-04-28T19:33:24.5406275Z Checks in_progress: capture-failure-log / capture
2026-04-28T19:33:24.5407195Z Checks completed: capture-failure-log, capture-failure-log, e2e, capture-failure-log, cross-device-tests, connected-tests, test, lint-and-test, autofix, web-lint-and-test, maybe-label
2026-04-28T19:33:24.5407950Z Checks after Regexp filter:
2026-04-28T19:33:24.5408199Z Checks in_progress: capture-failure-log / capture
2026-04-28T19:33:24.5408961Z Checks completed: capture-failure-log, capture-failure-log, e2e, capture-failure-log, cross-device-tests, connected-tests, test, lint-and-test, autofix, web-lint-and-test, maybe-label
2026-04-28T19:33:24.5409800Z The requested checks aren't complete yet, will check back in 15 seconds...
2026-04-28T19:33:24.5410155Z Checks running on ref:
2026-04-28T19:33:24.5410948Z Checks completed: capture-failure-log / capture, capture-failure-log, capture-failure-log, e2e, capture-failure-log, cross-device-tests, connected-tests, test, lint-and-test, autofix, web-lint-and-test, maybe-label
2026-04-28T19:33:24.5411796Z Checks in_progress: Auto-merge
2026-04-28T19:33:24.5412025Z Checks after ignore checks filter:
2026-04-28T19:33:24.5413128Z Checks completed: capture-failure-log / capture, capture-failure-log, capture-failure-log, e2e, capture-failure-log, cross-device-tests, connected-tests, test, lint-and-test, autofix, web-lint-and-test, maybe-label
2026-04-28T19:33:24.5413972Z Checks after check_name filter:
2026-04-28T19:33:24.5415078Z Checks completed: capture-failure-log / capture, capture-failure-log, capture-failure-log, e2e, capture-failure-log, cross-device-tests, connected-tests, test, lint-and-test, autofix, web-lint-and-test, maybe-label
2026-04-28T19:33:24.5415942Z Checks after Regexp filter:
2026-04-28T19:33:24.5416739Z Checks completed: capture-failure-log / capture, capture-failure-log, capture-failure-log, e2e, capture-failure-log, cross-device-tests, connected-tests, test, lint-and-test, autofix, web-lint-and-test, maybe-label
2026-04-28T19:33:24.5417572Z Checks completed:
2026-04-28T19:33:24.5417795Z capture-failure-log / capture: completed (success)
2026-04-28T19:33:24.5418221Z capture-failure-log: completed (skipped)
2026-04-28T19:33:24.5418504Z capture-failure-log: completed (skipped)
2026-04-28T19:33:24.5418745Z e2e: completed (success)
2026-04-28T19:33:24.5418967Z capture-failure-log: completed (skipped)
2026-04-28T19:33:24.5419228Z cross-device-tests: completed (skipped)
2026-04-28T19:33:24.5419481Z connected-tests: completed (skipped)
2026-04-28T19:33:24.5419720Z test: completed (success)
2026-04-28T19:33:24.5419933Z lint-and-test: completed (success)
2026-04-28T19:33:24.5420169Z autofix: completed (failure)
2026-04-28T19:33:24.5420399Z web-lint-and-test: completed (success)
2026-04-28T19:33:24.5420646Z maybe-label: completed (success)
2026-04-28T19:33:24.5421295Z The conclusion of one or more checks were not allowed. Allowed conclusions are: success, skipped, neutral. This can be configured with the 'allowed-conclusions' param.
2026-04-28T19:33:24.5485174Z ##[error]Process completed with exit code 1.
2026-04-28T19:33:24.5593267Z Post job cleanup.
2026-04-28T19:33:24.5646905Z Cleaning up orphan processes
2026-04-28T19:33:24.5909631Z ##[warning]Node.js 20 actions are deprecated. The following actions are running on Node.js 20 and may not work as expected: actions/cache@v4. Actions will be forced to run with Node.js 24 by default starting June 2nd, 2026. Node.js 20 will be removed from the runner on September 16th, 2026. Please check if updated versions of these actions are available that support Node.js 24. To opt into Node.js 24 now, set the FORCE_JAVASCRIPT_ACTIONS_TO_NODE24=true environment variable on the runner or in your workflow file. Once Node.js 24 becomes the default, you can temporarily opt out by setting ACTIONS_ALLOW_USE_UNSECURE_NODE_VERSION=true. For more information see: https://github.blog/changelog/2025-09-19-deprecation-of-node-20-on-github-actions-runners/
