=== CI FAILURE ===
Workflow:      Auto-merge & Release
Workflow file: averycorp/prismTask/.github/workflows/auto-merge.yml@refs/pull/968/merge
Job(s):        Auto-merge
Run ID:        25149831970
Run attempt:   1
Run URL:       https://github.com/averycorp/prismTask/actions/runs/25149831970
Commit:        aaa007fd2be512ad6d3403021ad0f5ad67a3944a
Branch:        968/merge
Event:         pull_request
Actor:         akarlin3
Runner OS:     Linux
Timestamp:     2026-04-30T06:55:59.187Z

Failed steps:
  - Auto-merge: #4 Wait for all other CI checks to pass

=== FAILED JOB LOG ===

--- Job: Auto-merge (id 73717658011) ---
2026-04-30T06:00:42.0840982Z Current runner version: '2.334.0'
2026-04-30T06:00:42.0865311Z ##[group]Runner Image Provisioner
2026-04-30T06:00:42.0866223Z Hosted Compute Agent
2026-04-30T06:00:42.0866779Z Version: 20260213.493
2026-04-30T06:00:42.0867394Z Commit: 5c115507f6dd24b8de37d8bbe0bb4509d0cc0fa3
2026-04-30T06:00:42.0868110Z Build Date: 2026-02-13T00:28:41Z
2026-04-30T06:00:42.0868777Z Worker ID: {056d95eb-530b-4580-9da8-e1483e8823c5}
2026-04-30T06:00:42.0869484Z Azure Region: westus
2026-04-30T06:00:42.0870038Z ##[endgroup]
2026-04-30T06:00:42.0871801Z ##[group]Operating System
2026-04-30T06:00:42.0872461Z Ubuntu
2026-04-30T06:00:42.0872943Z 24.04.4
2026-04-30T06:00:42.0873399Z LTS
2026-04-30T06:00:42.0873920Z ##[endgroup]
2026-04-30T06:00:42.0874393Z ##[group]Runner Image
2026-04-30T06:00:42.0874943Z Image: ubuntu-24.04
2026-04-30T06:00:42.0875481Z Version: 20260413.86.1
2026-04-30T06:00:42.0876633Z Included Software: https://github.com/actions/runner-images/blob/ubuntu24/20260413.86/images/ubuntu/Ubuntu2404-Readme.md
2026-04-30T06:00:42.0878136Z Image Release: https://github.com/actions/runner-images/releases/tag/ubuntu24%2F20260413.86
2026-04-30T06:00:42.0878979Z ##[endgroup]
2026-04-30T06:00:42.0880663Z ##[group]GITHUB_TOKEN Permissions
2026-04-30T06:00:42.0882698Z Actions: read
2026-04-30T06:00:42.0883243Z Checks: read
2026-04-30T06:00:42.0883739Z Contents: write
2026-04-30T06:00:42.0884344Z Metadata: read
2026-04-30T06:00:42.0884853Z PullRequests: write
2026-04-30T06:00:42.0885324Z ##[endgroup]
2026-04-30T06:00:42.0887452Z Secret source: Actions
2026-04-30T06:00:42.0888202Z Prepare workflow directory
2026-04-30T06:00:42.1303469Z Prepare all required actions
2026-04-30T06:00:42.1341775Z Getting action download info
2026-04-30T06:00:42.5977346Z Download action repository 'lewagon/wait-on-check-action@ccfb013c15c8afb7bf2b7c028fb74dc5a068cccc' (SHA:ccfb013c15c8afb7bf2b7c028fb74dc5a068cccc)
2026-04-30T06:00:43.1896175Z Getting action download info
2026-04-30T06:00:43.4175125Z Download action repository 'ruby/setup-ruby@v1' (SHA:c4e5b1316158f92e3d49443a9d58b31d25ac0f8f)
2026-04-30T06:00:44.0623077Z Download action repository 'actions/cache@v4' (SHA:0057852bfaa89a56745cba8c7296529d2fc39830)
2026-04-30T06:00:44.2129239Z Complete job name: Auto-merge
2026-04-30T06:00:44.2854445Z ##[group]Run set -euo pipefail
2026-04-30T06:00:44.2855551Z [36;1mset -euo pipefail[0m
2026-04-30T06:00:44.2856772Z [36;1m# Audit item #5 — poll check-runs for up to 60s instead of a bare[0m
2026-04-30T06:00:44.2858469Z [36;1m# 20s sleep. On a busy runner cohort the initial 20s wasn't enough[0m
2026-04-30T06:00:44.2860319Z [36;1m# for the API to reflect queued workflow runs, which could merge[0m
2026-04-30T06:00:44.2861972Z [36;1m# PRs without waiting for CI. Bail out early as soon as ≥1 real[0m
2026-04-30T06:00:44.2863283Z [36;1m# check shows up.[0m
2026-04-30T06:00:44.2864086Z [36;1mCOUNT=0[0m
2026-04-30T06:00:44.2864791Z [36;1mfor i in $(seq 1 6); do[0m
2026-04-30T06:00:44.2865655Z [36;1m  sleep 10[0m
2026-04-30T06:00:44.2866689Z [36;1m  COUNT=$(gh api "repos/$REPO/commits/$HEAD_SHA/check-runs" \[0m
2026-04-30T06:00:44.2868311Z [36;1m    --jq '[.check_runs[] | select(.name != "Auto-merge")] | length')[0m
2026-04-30T06:00:44.2869687Z [36;1m  if [ "$COUNT" -gt 0 ]; then[0m
2026-04-30T06:00:44.2871035Z [36;1m    echo "Found $COUNT non-Auto-merge check(s) after ${i}0s"[0m
2026-04-30T06:00:44.2872253Z [36;1m    break[0m
2026-04-30T06:00:44.2872954Z [36;1m  fi[0m
2026-04-30T06:00:44.2873855Z [36;1m  echo "No non-Auto-merge checks yet (attempt $i/6)"[0m
2026-04-30T06:00:44.2874986Z [36;1mdone[0m
2026-04-30T06:00:44.2875729Z [36;1mif [ "$COUNT" -gt 0 ]; then[0m
2026-04-30T06:00:44.2876750Z [36;1m  echo "has_ci=true" >> "$GITHUB_OUTPUT"[0m
2026-04-30T06:00:44.2877765Z [36;1melse[0m
2026-04-30T06:00:44.2878546Z [36;1m  echo "has_ci=false" >> "$GITHUB_OUTPUT"[0m
2026-04-30T06:00:44.2879992Z [36;1m  echo "No CI checks on this PR after 60s — will merge without waiting."[0m
2026-04-30T06:00:44.2881737Z [36;1mfi[0m
2026-04-30T06:00:44.2908310Z shell: /usr/bin/bash -e {0}
2026-04-30T06:00:44.2909421Z env:
2026-04-30T06:00:44.2910270Z   WAIT_INTERVAL: 15
2026-04-30T06:00:44.2911481Z   GH_TOKEN: ***
2026-04-30T06:00:44.2912328Z   HEAD_SHA: 81459fd8d5a3d2270c5ccceddd7ec91099664487
2026-04-30T06:00:44.2913408Z   REPO: averycorp/prismTask
2026-04-30T06:00:44.2914188Z ##[endgroup]
2026-04-30T06:00:55.4844510Z Found 13 non-Auto-merge check(s) after 10s
2026-04-30T06:00:55.5036358Z ##[group]Run set -euo pipefail
2026-04-30T06:00:55.5036779Z [36;1mset -euo pipefail[0m
2026-04-30T06:00:55.5037240Z [36;1mREQUIRED=$(gh api "repos/$REPO/branches/main/protection/required_status_checks" \[0m
2026-04-30T06:00:55.5037748Z [36;1m  --jq '.contexts[]' 2>/dev/null || true)[0m
2026-04-30T06:00:55.5038097Z [36;1mif [ -z "$REQUIRED" ]; then[0m
2026-04-30T06:00:55.5038661Z [36;1m  echo "::warning::Could not query branch protection (likely a permission issue) — using hardcoded fallback list."[0m
2026-04-30T06:00:55.5039234Z [36;1m  REQUIRED="$FALLBACK_REQUIRED"[0m
2026-04-30T06:00:55.5039553Z [36;1mfi[0m
2026-04-30T06:00:55.5039865Z [36;1m# Strip Auto-merge from the required list so we don't wait on[0m
2026-04-30T06:00:55.5040522Z [36;1m# ourselves (it's listed because we ARE the running workflow).[0m
2026-04-30T06:00:55.5041065Z [36;1mREQUIRED=$(echo "$REQUIRED" | grep -vE '^\s*Auto-merge\s*$' | grep -vE '^\s*$' || true)[0m
2026-04-30T06:00:55.5041554Z [36;1mif [ -z "$REQUIRED" ]; then[0m
2026-04-30T06:00:55.5041944Z [36;1m  echo "No required checks beyond Auto-merge; skipping queue wait."[0m
2026-04-30T06:00:55.5042352Z [36;1m  exit 0[0m
2026-04-30T06:00:55.5042591Z [36;1mfi[0m
2026-04-30T06:00:55.5042866Z [36;1mecho "Waiting until these required checks queue:"[0m
2026-04-30T06:00:55.5043224Z [36;1mecho "$REQUIRED" | sed 's/^/  /'[0m
2026-04-30T06:00:55.5043614Z [36;1m# Audit PR #876 → CI pathway efficiency: this loop was burning[0m
2026-04-30T06:00:55.5044068Z [36;1m# ~315s/PR (PR #874 run 25035518360 + PR #873 run 25035513300)[0m
2026-04-30T06:00:55.5044527Z [36;1m# while underlying required checks were observably complete in[0m
2026-04-30T06:00:55.5045046Z [36;1m# ~30s. Mean job wall-clock was 343s with std-dev ~7s across 10[0m
2026-04-30T06:00:55.5045516Z [36;1m# runs — i.e. the loop almost always ran to its 5-minute ceiling.[0m
2026-04-30T06:00:55.5045978Z [36;1m# Two compensating mitigations + diagnostics:[0m
2026-04-30T06:00:55.5046309Z [36;1m#[0m
2026-04-30T06:00:55.5046629Z [36;1m#   (a) Cap dropped 30 → 18 attempts at 5s interval = 90s ceiling[0m
2026-04-30T06:00:55.5047066Z [36;1m#       (still > 2× the 43s race window from PR #804).[0m
2026-04-30T06:00:55.5047486Z [36;1m#   (b) Poll interval dropped 10s → 5s for faster detection.[0m
2026-04-30T06:00:55.5047967Z [36;1m#   (c) Per-iteration diagnostic prints MISSING + visible CHECK_RUNS[0m
2026-04-30T06:00:55.5048496Z [36;1m#       so future investigation can pinpoint the matching mismatch[0m
2026-04-30T06:00:55.5048989Z [36;1m#       (the immediate root-cause was not yet identified — the[0m
2026-04-30T06:00:55.5049458Z [36;1m#       MISSING list never empties even though CHECK_RUNS clearly[0m
2026-04-30T06:00:55.5049924Z [36;1m#       contains every REQUIRED name. Likely a trim/encoding edge[0m
2026-04-30T06:00:55.5050592Z [36;1m#       case in the comparison loop, but observability beats[0m
2026-04-30T06:00:55.5050988Z [36;1m#       guessing).[0m
2026-04-30T06:00:55.5051277Z [36;1mfor attempt in $(seq 1 18); do[0m
2026-04-30T06:00:55.5051704Z [36;1m  CHECK_RUNS=$(gh api --paginate "repos/$REPO/commits/$HEAD_SHA/check-runs" \[0m
2026-04-30T06:00:55.5052174Z [36;1m    --jq '.check_runs[].name' | sort -u)[0m
2026-04-30T06:00:55.5052492Z [36;1m  MISSING=""[0m
2026-04-30T06:00:55.5052758Z [36;1m  while IFS= read -r req; do[0m
2026-04-30T06:00:55.5053045Z [36;1m    [ -z "$req" ] && continue[0m
2026-04-30T06:00:55.5053353Z [36;1m    req_trimmed=$(echo "$req" | xargs)[0m
2026-04-30T06:00:55.5053728Z [36;1m    if ! echo "$CHECK_RUNS" | grep -qxF "$req_trimmed"; then[0m
2026-04-30T06:00:55.5054360Z [36;1m      MISSING="$MISSING $req_trimmed"[0m
2026-04-30T06:00:55.5054667Z [36;1m    fi[0m
2026-04-30T06:00:55.5054891Z [36;1m  done <<< "$REQUIRED"[0m
2026-04-30T06:00:55.5055163Z [36;1m  if [ -z "$MISSING" ]; then[0m
2026-04-30T06:00:55.5055616Z [36;1m    echo "All required checks have queued after attempt $attempt (~$((attempt * 5))s)."[0m
2026-04-30T06:00:55.5056233Z [36;1m    exit 0[0m
2026-04-30T06:00:55.5056469Z [36;1m  fi[0m
2026-04-30T06:00:55.5056749Z [36;1m  echo "Attempt $attempt/18 — still missing:$MISSING"[0m
2026-04-30T06:00:55.5057229Z [36;1m  echo "  Visible check-runs: $(echo "$CHECK_RUNS" | tr '\n' ',' | sed 's/,$//')"[0m
2026-04-30T06:00:55.5057653Z [36;1m  sleep 5[0m
2026-04-30T06:00:55.5057874Z [36;1mdone[0m
2026-04-30T06:00:55.5058421Z [36;1mecho "::warning::Some required checks never queued after 90s:$MISSING — proceeding to wait-on-check-action anyway."[0m
2026-04-30T06:00:55.5080574Z shell: /usr/bin/bash -e {0}
2026-04-30T06:00:55.5080864Z env:
2026-04-30T06:00:55.5081068Z   WAIT_INTERVAL: 15
2026-04-30T06:00:55.5081587Z   GH_TOKEN: ***
2026-04-30T06:00:55.5081863Z   HEAD_SHA: 81459fd8d5a3d2270c5ccceddd7ec91099664487
2026-04-30T06:00:55.5082198Z   REPO: averycorp/prismTask
2026-04-30T06:00:55.5082589Z   FALLBACK_REQUIRED: lint-and-test
connected-tests
test
web-lint-and-test

2026-04-30T06:00:55.5083010Z ##[endgroup]
2026-04-30T06:00:55.7796643Z Waiting until these required checks queue:
2026-04-30T06:00:55.7811067Z   {"message":"Resource not accessible by integration","documentation_url":"https://docs.github.com/rest/branches/branch-protection#get-status-checks-protection","status":"403"}
2026-04-30T06:00:56.3169944Z Attempt 1/18 — still missing: {message:Resource not accessible by integration,documentation_url:https://docs.github.com/rest/branches/branch-protection#get-status-checks-protection,status:403}
2026-04-30T06:00:56.3190887Z   Visible check-runs: Auto-merge,Tag & Release,autofix,capture-failure-log,connected-tests,cross-device-tests,e2e,lint-and-test,maybe-label,test,web-lint-and-test
2026-04-30T06:01:01.9306855Z Attempt 2/18 — still missing: {message:Resource not accessible by integration,documentation_url:https://docs.github.com/rest/branches/branch-protection#get-status-checks-protection,status:403}
2026-04-30T06:01:01.9327699Z   Visible check-runs: Auto-merge,Tag & Release,autofix,capture-failure-log,connected-tests,cross-device-tests,e2e,lint-and-test,maybe-label,test,web-lint-and-test
2026-04-30T06:01:07.5343870Z Attempt 3/18 — still missing: {message:Resource not accessible by integration,documentation_url:https://docs.github.com/rest/branches/branch-protection#get-status-checks-protection,status:403}
2026-04-30T06:01:07.5369493Z   Visible check-runs: Auto-merge,Tag & Release,autofix,capture-failure-log,connected-tests,cross-device-tests,e2e,lint-and-test,maybe-label,test,web-lint-and-test
2026-04-30T06:01:13.1107566Z Attempt 4/18 — still missing: {message:Resource not accessible by integration,documentation_url:https://docs.github.com/rest/branches/branch-protection#get-status-checks-protection,status:403}
2026-04-30T06:01:13.1134034Z   Visible check-runs: Auto-merge,Tag & Release,autofix,capture-failure-log,connected-tests,cross-device-tests,e2e,lint-and-test,maybe-label,test,web-lint-and-test
2026-04-30T06:01:18.7627381Z Attempt 5/18 — still missing: {message:Resource not accessible by integration,documentation_url:https://docs.github.com/rest/branches/branch-protection#get-status-checks-protection,status:403}
2026-04-30T06:01:18.7652071Z   Visible check-runs: Auto-merge,Tag & Release,autofix,capture-failure-log,connected-tests,cross-device-tests,e2e,lint-and-test,maybe-label,test,web-lint-and-test
2026-04-30T06:01:24.3559424Z Attempt 6/18 — still missing: {message:Resource not accessible by integration,documentation_url:https://docs.github.com/rest/branches/branch-protection#get-status-checks-protection,status:403}
2026-04-30T06:01:24.3582377Z   Visible check-runs: Auto-merge,Tag & Release,autofix,capture-failure-log,connected-tests,cross-device-tests,e2e,lint-and-test,maybe-label,test,web-lint-and-test
2026-04-30T06:01:29.8771549Z Attempt 7/18 — still missing: {message:Resource not accessible by integration,documentation_url:https://docs.github.com/rest/branches/branch-protection#get-status-checks-protection,status:403}
2026-04-30T06:01:29.8793890Z   Visible check-runs: Auto-merge,Tag & Release,autofix,capture-failure-log,connected-tests,cross-device-tests,e2e,lint-and-test,maybe-label,test,web-lint-and-test
2026-04-30T06:01:35.4458765Z Attempt 8/18 — still missing: {message:Resource not accessible by integration,documentation_url:https://docs.github.com/rest/branches/branch-protection#get-status-checks-protection,status:403}
2026-04-30T06:01:35.4479295Z   Visible check-runs: Auto-merge,Tag & Release,autofix,capture-failure-log,connected-tests,cross-device-tests,e2e,lint-and-test,maybe-label,test,web-lint-and-test
2026-04-30T06:01:41.0027701Z Attempt 9/18 — still missing: {message:Resource not accessible by integration,documentation_url:https://docs.github.com/rest/branches/branch-protection#get-status-checks-protection,status:403}
2026-04-30T06:01:41.0049206Z   Visible check-runs: Auto-merge,Tag & Release,autofix,capture-failure-log,connected-tests,cross-device-tests,e2e,lint-and-test,maybe-label,test,web-lint-and-test
2026-04-30T06:01:46.5655031Z Attempt 10/18 — still missing: {message:Resource not accessible by integration,documentation_url:https://docs.github.com/rest/branches/branch-protection#get-status-checks-protection,status:403}
2026-04-30T06:01:46.5677070Z   Visible check-runs: Auto-merge,Tag & Release,autofix,capture-failure-log,connected-tests,cross-device-tests,e2e,lint-and-test,maybe-label,test,web-lint-and-test
2026-04-30T06:01:52.1198698Z Attempt 11/18 — still missing: {message:Resource not accessible by integration,documentation_url:https://docs.github.com/rest/branches/branch-protection#get-status-checks-protection,status:403}
2026-04-30T06:01:52.1225621Z   Visible check-runs: Auto-merge,Tag & Release,autofix,capture-failure-log,connected-tests,cross-device-tests,e2e,lint-and-test,maybe-label,test,web-lint-and-test
2026-04-30T06:01:57.8813388Z Attempt 12/18 — still missing: {message:Resource not accessible by integration,documentation_url:https://docs.github.com/rest/branches/branch-protection#get-status-checks-protection,status:403}
2026-04-30T06:01:57.8838577Z   Visible check-runs: Auto-merge,Tag & Release,autofix,capture-failure-log,connected-tests,cross-device-tests,e2e,lint-and-test,maybe-label,test,web-lint-and-test
2026-04-30T06:02:03.4690056Z Attempt 13/18 — still missing: {message:Resource not accessible by integration,documentation_url:https://docs.github.com/rest/branches/branch-protection#get-status-checks-protection,status:403}
2026-04-30T06:02:03.4716709Z   Visible check-runs: Auto-merge,Tag & Release,autofix,capture-failure-log,connected-tests,cross-device-tests,e2e,lint-and-test,maybe-label,test,web-lint-and-test
2026-04-30T06:02:08.9945173Z Attempt 14/18 — still missing: {message:Resource not accessible by integration,documentation_url:https://docs.github.com/rest/branches/branch-protection#get-status-checks-protection,status:403}
2026-04-30T06:02:08.9972086Z   Visible check-runs: Auto-merge,Tag & Release,autofix,capture-failure-log,connected-tests,cross-device-tests,e2e,lint-and-test,maybe-label,test,web-lint-and-test
2026-04-30T06:02:14.5081434Z Attempt 15/18 — still missing: {message:Resource not accessible by integration,documentation_url:https://docs.github.com/rest/branches/branch-protection#get-status-checks-protection,status:403}
2026-04-30T06:02:14.5105014Z   Visible check-runs: Auto-merge,Tag & Release,autofix,capture-failure-log,connected-tests,cross-device-tests,e2e,lint-and-test,maybe-label,test,web-lint-and-test
2026-04-30T06:02:20.0718088Z Attempt 16/18 — still missing: {message:Resource not accessible by integration,documentation_url:https://docs.github.com/rest/branches/branch-protection#get-status-checks-protection,status:403}
2026-04-30T06:02:20.0739645Z   Visible check-runs: Auto-merge,Tag & Release,autofix,capture-failure-log,connected-tests,cross-device-tests,e2e,lint-and-test,maybe-label,test,web-lint-and-test
2026-04-30T06:02:25.6529375Z Attempt 17/18 — still missing: {message:Resource not accessible by integration,documentation_url:https://docs.github.com/rest/branches/branch-protection#get-status-checks-protection,status:403}
2026-04-30T06:02:25.6555044Z   Visible check-runs: Auto-merge,Tag & Release,autofix,capture-failure-log,connected-tests,cross-device-tests,e2e,lint-and-test,maybe-label,test,web-lint-and-test
2026-04-30T06:02:31.1824274Z Attempt 18/18 — still missing: {message:Resource not accessible by integration,documentation_url:https://docs.github.com/rest/branches/branch-protection#get-status-checks-protection,status:403}
2026-04-30T06:02:31.1845881Z   Visible check-runs: Auto-merge,Tag & Release,autofix,capture-failure-log,connected-tests,cross-device-tests,e2e,lint-and-test,maybe-label,test,web-lint-and-test
2026-04-30T06:02:36.1895143Z ##[warning]Some required checks never queued after 90s: {message:Resource not accessible by integration,documentation_url:https://docs.github.com/rest/branches/branch-protection#get-status-checks-protection,status:403} — proceeding to wait-on-check-action anyway.
2026-04-30T06:02:36.2121447Z ##[group]Run lewagon/wait-on-check-action@ccfb013c15c8afb7bf2b7c028fb74dc5a068cccc
2026-04-30T06:02:36.2121870Z with:
2026-04-30T06:02:36.2122084Z   ref: 81459fd8d5a3d2270c5ccceddd7ec91099664487
2026-04-30T06:02:36.2122369Z   running-workflow-name: Auto-merge
2026-04-30T06:02:36.2122819Z   repo-token: ***
2026-04-30T06:02:36.2123017Z   wait-interval: 15
2026-04-30T06:02:36.2123246Z   allowed-conclusions: success,skipped,neutral
2026-04-30T06:02:36.2123521Z   verbose: true
2026-04-30T06:02:36.2123693Z env:
2026-04-30T06:02:36.2123844Z   WAIT_INTERVAL: 15
2026-04-30T06:02:36.2124021Z ##[endgroup]
2026-04-30T06:02:36.2253963Z ##[group]Run ruby/setup-ruby@v1
2026-04-30T06:02:36.2254227Z with:
2026-04-30T06:02:36.2254400Z   ruby-version: 3.2
2026-04-30T06:02:36.2254628Z   bundler-cache: false
2026-04-30T06:02:36.2254972Z   token: ***
2026-04-30T06:02:36.2255139Z env:
2026-04-30T06:02:36.2255298Z   WAIT_INTERVAL: 15
2026-04-30T06:02:36.2255475Z ##[endgroup]
2026-04-30T06:02:36.3726700Z ##[group]Modifying PATH
2026-04-30T06:02:36.3727391Z Entries added to PATH to use selected Ruby:
2026-04-30T06:02:36.3728083Z   /opt/hostedtoolcache/Ruby/3.2.11/x64/bin
2026-04-30T06:02:36.3733194Z ##[endgroup]
2026-04-30T06:02:36.3734147Z ##[group]Print Ruby version
2026-04-30T06:02:36.3822128Z [command]/opt/hostedtoolcache/Ruby/3.2.11/x64/bin/ruby --version
2026-04-30T06:02:36.5342581Z ruby 3.2.11 (2026-03-27 revision 5483bfc1ae) [x86_64-linux]
2026-04-30T06:02:36.5382079Z Took   0.16 seconds
2026-04-30T06:02:36.5384460Z ##[endgroup]
2026-04-30T06:02:36.5385464Z ##[group]Installing Bundler
2026-04-30T06:02:36.5388977Z Using Bundler shipped with ruby-3.2.11
2026-04-30T06:02:36.5390933Z Took   0.00 seconds
2026-04-30T06:02:36.5393930Z ##[endgroup]
2026-04-30T06:02:36.6055303Z ##[group]Run actions/cache@v4
2026-04-30T06:02:36.6055566Z with:
2026-04-30T06:02:36.6055992Z   path: /home/runner/work/_actions/lewagon/wait-on-check-action/ccfb013c15c8afb7bf2b7c028fb74dc5a068cccc
2026-04-30T06:02:36.6056500Z   key: Linux-gems-
2026-04-30T06:02:36.6056699Z   restore-keys: Linux-gems-
2026-04-30T06:02:36.6056922Z   enableCrossOsArchive: false
2026-04-30T06:02:36.6057149Z   fail-on-cache-miss: false
2026-04-30T06:02:36.6057355Z   lookup-only: false
2026-04-30T06:02:36.6057536Z   save-always: false
2026-04-30T06:02:36.6057711Z env:
2026-04-30T06:02:36.6057861Z   WAIT_INTERVAL: 15
2026-04-30T06:02:36.6058043Z ##[endgroup]
2026-04-30T06:02:37.0344060Z Cache not found for input keys: Linux-gems-, Linux-gems-
2026-04-30T06:02:37.0460823Z ##[group]Run bundle install --jobs 4 --retry 3
2026-04-30T06:02:37.0461152Z [36;1mbundle install --jobs 4 --retry 3[0m
2026-04-30T06:02:37.0483903Z shell: /usr/bin/bash --noprofile --norc -e -o pipefail {0}
2026-04-30T06:02:37.0484217Z env:
2026-04-30T06:02:37.0484563Z   WAIT_INTERVAL: 15
2026-04-30T06:02:37.0484743Z ##[endgroup]
2026-04-30T06:02:38.3366291Z Bundler 2.4.19 is running, but your lockfile was generated with 2.2.3. Installing Bundler 2.2.3 and restarting using that version.
2026-04-30T06:02:39.7593776Z Fetching gem metadata from https://rubygems.org/.
2026-04-30T06:02:39.7669957Z Fetching bundler 2.2.3
2026-04-30T06:02:39.8986842Z Installing bundler 2.2.3
2026-04-30T06:02:40.0982775Z Calling `DidYouMean::SPELL_CHECKERS.merge!(error_name => spell_checker)' has been deprecated. Please call `DidYouMean.correct_error(error_name, spell_checker)' instead.
2026-04-30T06:02:41.3663359Z Fetching gem metadata from https://rubygems.org/.........
2026-04-30T06:02:41.3773354Z Fetching minitest 5.18.0
2026-04-30T06:02:41.4069224Z Fetching concurrent-ruby 1.2.2
2026-04-30T06:02:41.4291121Z Fetching zeitwerk 2.6.7
2026-04-30T06:02:41.4296277Z Fetching public_suffix 4.0.7
2026-04-30T06:02:41.4998971Z Installing zeitwerk 2.6.7
2026-04-30T06:02:41.5113948Z Installing minitest 5.18.0
2026-04-30T06:02:41.5170847Z Installing public_suffix 4.0.7
2026-04-30T06:02:41.5686460Z Fetching ast 2.4.2
2026-04-30T06:02:41.5953684Z Installing concurrent-ruby 1.2.2
2026-04-30T06:02:41.6061499Z Installing ast 2.4.2
2026-04-30T06:02:41.6073924Z Using bundler 2.2.3
2026-04-30T06:02:41.6087096Z Fetching byebug 11.1.3
2026-04-30T06:02:41.6511660Z Fetching diff-lcs 1.4.4
2026-04-30T06:02:41.6752508Z Installing byebug 11.1.3 with native extensions
2026-04-30T06:02:41.6909825Z Fetching faraday-net_http 2.0.3
2026-04-30T06:02:41.7171933Z Installing diff-lcs 1.4.4
2026-04-30T06:02:41.7440992Z Installing faraday-net_http 2.0.3
2026-04-30T06:02:41.7590750Z Using ruby2_keywords 0.0.5
2026-04-30T06:02:41.7603152Z Fetching json 2.7.1
2026-04-30T06:02:41.8050003Z Installing json 2.7.1 with native extensions
2026-04-30T06:02:41.8269309Z Fetching language_server-protocol 3.17.0.3
2026-04-30T06:02:41.8739579Z Installing language_server-protocol 3.17.0.3
2026-04-30T06:02:41.9679165Z Fetching lint_roller 1.1.0
2026-04-30T06:02:42.0246564Z Installing lint_roller 1.1.0
2026-04-30T06:02:42.0445637Z Fetching parallel 1.24.0
2026-04-30T06:02:42.0929018Z Installing parallel 1.24.0
2026-04-30T06:02:42.1035780Z Fetching racc 1.7.3
2026-04-30T06:02:42.1493917Z Installing racc 1.7.3 with native extensions
2026-04-30T06:02:42.1965629Z Fetching rainbow 3.1.1
2026-04-30T06:02:42.2275053Z Installing rainbow 3.1.1
2026-04-30T06:02:42.2357108Z Fetching regexp_parser 2.8.3
2026-04-30T06:02:42.2807164Z Installing regexp_parser 2.8.3
2026-04-30T06:02:42.3066635Z Fetching rexml 3.2.6
2026-04-30T06:02:42.3454816Z Installing rexml 3.2.6
2026-04-30T06:02:42.3681370Z Fetching rspec-support 3.10.1
2026-04-30T06:02:42.4039092Z Installing rspec-support 3.10.1
2026-04-30T06:02:42.4984769Z Fetching ruby-progressbar 1.13.0
2026-04-30T06:02:42.5379426Z Installing ruby-progressbar 1.13.0
2026-04-30T06:02:42.5487593Z Fetching unicode-display_width 2.5.0
2026-04-30T06:02:42.5852008Z Installing unicode-display_width 2.5.0
2026-04-30T06:02:42.5925451Z Fetching addressable 2.8.0
2026-04-30T06:02:42.6300604Z Installing addressable 2.8.0
2026-04-30T06:02:42.6442697Z Fetching faraday 2.3.0
2026-04-30T06:02:42.6834629Z Installing faraday 2.3.0
2026-04-30T06:02:42.7084882Z Fetching i18n 1.12.0
2026-04-30T06:02:42.7660055Z Installing i18n 1.12.0
2026-04-30T06:02:42.7901266Z Fetching tzinfo 2.0.6
2026-04-30T06:02:42.8443347Z Installing tzinfo 2.0.6
2026-04-30T06:02:42.8711016Z Fetching rspec-core 3.10.1
2026-04-30T06:02:42.9388091Z Installing rspec-core 3.10.1
2026-04-30T06:02:42.9801278Z Fetching rspec-expectations 3.10.1
2026-04-30T06:02:43.0411139Z Installing rspec-expectations 3.10.1
2026-04-30T06:02:43.0674332Z Fetching rspec-mocks 3.10.1
2026-04-30T06:02:43.1282910Z Installing rspec-mocks 3.10.1
2026-04-30T06:02:43.1507301Z Fetching faraday-retry 2.0.0
2026-04-30T06:02:43.2058856Z Installing faraday-retry 2.0.0
2026-04-30T06:02:43.2148888Z Fetching sawyer 0.9.2
2026-04-30T06:02:43.2735055Z Installing sawyer 0.9.2
2026-04-30T06:02:43.2856447Z Fetching activesupport 6.1.7.3
2026-04-30T06:02:43.3582902Z Installing activesupport 6.1.7.3
2026-04-30T06:02:43.3757352Z Fetching rspec 3.10.0
2026-04-30T06:02:43.4330581Z Installing rspec 3.10.0
2026-04-30T06:02:43.4463748Z Fetching octokit 4.25.0
2026-04-30T06:02:43.5041412Z Installing octokit 4.25.0
2026-04-30T06:02:43.5746548Z Fetching parser 3.2.2.4
2026-04-30T06:02:43.6967244Z Installing parser 3.2.2.4
2026-04-30T06:02:43.7986190Z Fetching rubocop-ast 1.30.0
2026-04-30T06:02:43.8310019Z Installing rubocop-ast 1.30.0
2026-04-30T06:02:45.1785823Z Fetching rubocop 1.57.2
2026-04-30T06:02:45.2394268Z Installing rubocop 1.57.2
2026-04-30T06:02:45.4279026Z Fetching rubocop-performance 1.19.1
2026-04-30T06:02:45.4281650Z Fetching standard-custom 1.0.2
2026-04-30T06:02:45.4820389Z Installing standard-custom 1.0.2
2026-04-30T06:02:45.4849696Z Installing rubocop-performance 1.19.1
2026-04-30T06:02:45.5034235Z Fetching standard-performance 1.2.1
2026-04-30T06:02:45.5348936Z Installing standard-performance 1.2.1
2026-04-30T06:02:45.5417209Z Fetching standard 1.32.1
2026-04-30T06:02:45.5750868Z Installing standard 1.32.1
2026-04-30T06:02:45.5975124Z Bundle complete! 6 Gemfile dependencies, 40 gems now installed.
2026-04-30T06:02:45.5976251Z Use `bundle info [gemname]` to see where a bundled gem is installed.
2026-04-30T06:02:45.6479462Z ##[group]Run ruby entrypoint.rb
2026-04-30T06:02:45.6479778Z [36;1mruby entrypoint.rb[0m
2026-04-30T06:02:45.6502499Z shell: /usr/bin/bash --noprofile --norc -e -o pipefail {0}
2026-04-30T06:02:45.6502819Z env:
2026-04-30T06:02:45.6502983Z   WAIT_INTERVAL: 15
2026-04-30T06:02:45.6503218Z   ALLOWED_CONCLUSIONS: success,skipped,neutral
2026-04-30T06:02:45.6503490Z   IGNORE_CHECKS: 
2026-04-30T06:02:45.6503660Z   CHECK_NAME: 
2026-04-30T06:02:45.6503826Z   CHECK_REGEXP: 
2026-04-30T06:02:45.6504031Z   REF: 81459fd8d5a3d2270c5ccceddd7ec91099664487
2026-04-30T06:02:45.6504502Z   REPO_TOKEN: ***
2026-04-30T06:02:45.6504690Z   VERBOSE: true
2026-04-30T06:02:45.6504878Z   RUNNING_WORKFLOW_NAME: Auto-merge
2026-04-30T06:02:45.6505128Z   API_ENDPOINT: 
2026-04-30T06:02:45.6505305Z ##[endgroup]
2026-04-30T06:02:46.7463551Z Checks running on ref:
2026-04-30T06:02:46.7464735Z Checks completed: capture-failure-log, capture-failure-log, capture-failure-log, e2e, Tag & Release, capture-failure-log, connected-tests, cross-device-tests, web-lint-and-test, lint-and-test, test, autofix, maybe-label
2026-04-30T06:02:46.7465853Z Checks in_progress: Auto-merge
2026-04-30T06:02:46.7466129Z Checks after ignore checks filter:
2026-04-30T06:02:46.7467195Z Checks completed: capture-failure-log, capture-failure-log, capture-failure-log, e2e, Tag & Release, capture-failure-log, connected-tests, cross-device-tests, web-lint-and-test, lint-and-test, test, autofix, maybe-label
2026-04-30T06:02:46.7468276Z Checks after check_name filter:
2026-04-30T06:02:46.7469303Z Checks completed: capture-failure-log, capture-failure-log, capture-failure-log, e2e, Tag & Release, capture-failure-log, connected-tests, cross-device-tests, web-lint-and-test, lint-and-test, test, autofix, maybe-label
2026-04-30T06:02:46.7470582Z Checks after Regexp filter:
2026-04-30T06:02:46.7471613Z Checks completed: capture-failure-log, capture-failure-log, capture-failure-log, e2e, Tag & Release, capture-failure-log, connected-tests, cross-device-tests, web-lint-and-test, lint-and-test, test, autofix, maybe-label
2026-04-30T06:02:46.7472674Z Checks completed:
2026-04-30T06:02:46.7472918Z capture-failure-log: completed (skipped)
2026-04-30T06:02:46.7473244Z capture-failure-log: completed (skipped)
2026-04-30T06:02:46.7473556Z capture-failure-log: completed (skipped)
2026-04-30T06:02:46.7473855Z e2e: completed (cancelled)
2026-04-30T06:02:46.7474114Z Tag & Release: completed (cancelled)
2026-04-30T06:02:46.7474412Z capture-failure-log: completed (skipped)
2026-04-30T06:02:46.7474836Z connected-tests: completed (skipped)
2026-04-30T06:02:46.7475297Z cross-device-tests: completed (skipped)
2026-04-30T06:02:46.7475793Z web-lint-and-test: completed (cancelled)
2026-04-30T06:02:46.7476605Z lint-and-test: completed (cancelled)
2026-04-30T06:02:46.7476904Z test: completed (cancelled)
2026-04-30T06:02:46.7477166Z autofix: completed (cancelled)
2026-04-30T06:02:46.7477434Z maybe-label: completed (cancelled)
2026-04-30T06:02:46.7478210Z The conclusion of one or more checks were not allowed. Allowed conclusions are: success, skipped, neutral. This can be configured with the 'allowed-conclusions' param.
2026-04-30T06:02:46.7535741Z ##[error]Process completed with exit code 1.
2026-04-30T06:02:46.7644990Z Post job cleanup.
2026-04-30T06:02:46.7696958Z Cleaning up orphan processes
2026-04-30T06:02:46.8067756Z ##[warning]Node.js 20 actions are deprecated. The following actions are running on Node.js 20 and may not work as expected: actions/cache@v4. Actions will be forced to run with Node.js 24 by default starting June 2nd, 2026. Node.js 20 will be removed from the runner on September 16th, 2026. Please check if updated versions of these actions are available that support Node.js 24. To opt into Node.js 24 now, set the FORCE_JAVASCRIPT_ACTIONS_TO_NODE24=true environment variable on the runner or in your workflow file. Once Node.js 24 becomes the default, you can temporarily opt out by setting ACTIONS_ALLOW_USE_UNSECURE_NODE_VERSION=true. For more information see: https://github.blog/changelog/2025-09-19-deprecation-of-node-20-on-github-actions-runners/
