=== CI FAILURE ===
Workflow:      Auto-merge & Release
Workflow file: akarlin3/prismTask/.github/workflows/auto-merge.yml@refs/pull/856/merge
Job(s):        Auto-merge
Run ID:        25015271847
Run attempt:   1
Run URL:       https://github.com/akarlin3/prismTask/actions/runs/25015271847
Commit:        3e7fa7e16a401b03631805ad82f97fe91a27d5e8
Branch:        856/merge
Event:         pull_request
Actor:         akarlin3
Runner OS:     Linux
Timestamp:     2026-04-27T19:41:45.234Z

Failed steps:
  - Auto-merge: #4 Wait for all other CI checks to pass

=== FAILED JOB LOG ===

--- Job: Auto-merge (id 73261327067) ---
2026-04-27T19:31:57.1876508Z Current runner version: '2.333.1'
2026-04-27T19:31:57.1909631Z ##[group]Runner Image Provisioner
2026-04-27T19:31:57.1911475Z Hosted Compute Agent
2026-04-27T19:31:57.1912363Z Version: 20260213.493
2026-04-27T19:31:57.1913378Z Commit: 5c115507f6dd24b8de37d8bbe0bb4509d0cc0fa3
2026-04-27T19:31:57.1914505Z Build Date: 2026-02-13T00:28:41Z
2026-04-27T19:31:57.1915598Z Worker ID: {3a933067-a5b5-4352-aaec-3755c79891fb}
2026-04-27T19:31:57.1916731Z Azure Region: eastus
2026-04-27T19:31:57.1917615Z ##[endgroup]
2026-04-27T19:31:57.1919900Z ##[group]Operating System
2026-04-27T19:31:57.1920910Z Ubuntu
2026-04-27T19:31:57.1922077Z 24.04.4
2026-04-27T19:31:57.1922839Z LTS
2026-04-27T19:31:57.1923510Z ##[endgroup]
2026-04-27T19:31:57.1924361Z ##[group]Runner Image
2026-04-27T19:31:57.1925277Z Image: ubuntu-24.04
2026-04-27T19:31:57.1926095Z Version: 20260413.86.1
2026-04-27T19:31:57.1928110Z Included Software: https://github.com/actions/runner-images/blob/ubuntu24/20260413.86/images/ubuntu/Ubuntu2404-Readme.md
2026-04-27T19:31:57.1930647Z Image Release: https://github.com/actions/runner-images/releases/tag/ubuntu24%2F20260413.86
2026-04-27T19:31:57.1932574Z ##[endgroup]
2026-04-27T19:31:57.1934813Z ##[group]GITHUB_TOKEN Permissions
2026-04-27T19:31:57.1937608Z Actions: read
2026-04-27T19:31:57.1938437Z Checks: read
2026-04-27T19:31:57.1939327Z Contents: write
2026-04-27T19:31:57.1940104Z Metadata: read
2026-04-27T19:31:57.1941213Z PullRequests: write
2026-04-27T19:31:57.1942236Z ##[endgroup]
2026-04-27T19:31:57.1945014Z Secret source: Actions
2026-04-27T19:31:57.1946081Z Prepare workflow directory
2026-04-27T19:31:57.2499284Z Prepare all required actions
2026-04-27T19:31:57.2556049Z Getting action download info
2026-04-27T19:31:57.5853875Z Download action repository 'lewagon/wait-on-check-action@ccfb013c15c8afb7bf2b7c028fb74dc5a068cccc' (SHA:ccfb013c15c8afb7bf2b7c028fb74dc5a068cccc)
2026-04-27T19:31:58.0222053Z Getting action download info
2026-04-27T19:31:58.2184305Z Download action repository 'ruby/setup-ruby@v1' (SHA:c4e5b1316158f92e3d49443a9d58b31d25ac0f8f)
2026-04-27T19:31:58.4735930Z Download action repository 'actions/cache@v4' (SHA:0057852bfaa89a56745cba8c7296529d2fc39830)
2026-04-27T19:31:58.6788916Z Complete job name: Auto-merge
2026-04-27T19:31:58.7493777Z ##[group]Run set -euo pipefail
2026-04-27T19:31:58.7494931Z [36;1mset -euo pipefail[0m
2026-04-27T19:31:58.7496258Z [36;1m# Audit item #5 — poll check-runs for up to 60s instead of a bare[0m
2026-04-27T19:31:58.7498030Z [36;1m# 20s sleep. On a busy runner cohort the initial 20s wasn't enough[0m
2026-04-27T19:31:58.7499755Z [36;1m# for the API to reflect queued workflow runs, which could merge[0m
2026-04-27T19:31:58.7501772Z [36;1m# PRs without waiting for CI. Bail out early as soon as ≥1 real[0m
2026-04-27T19:31:58.7503208Z [36;1m# check shows up.[0m
2026-04-27T19:31:58.7504082Z [36;1mCOUNT=0[0m
2026-04-27T19:31:58.7504870Z [36;1mfor i in $(seq 1 6); do[0m
2026-04-27T19:31:58.7505838Z [36;1m  sleep 10[0m
2026-04-27T19:31:58.7506946Z [36;1m  COUNT=$(gh api "repos/$REPO/commits/$HEAD_SHA/check-runs" \[0m
2026-04-27T19:31:58.7508636Z [36;1m    --jq '[.check_runs[] | select(.name != "Auto-merge")] | length')[0m
2026-04-27T19:31:58.7510085Z [36;1m  if [ "$COUNT" -gt 0 ]; then[0m
2026-04-27T19:31:58.7511596Z [36;1m    echo "Found $COUNT non-Auto-merge check(s) after ${i}0s"[0m
2026-04-27T19:31:58.7512896Z [36;1m    break[0m
2026-04-27T19:31:58.7513666Z [36;1m  fi[0m
2026-04-27T19:31:58.7514646Z [36;1m  echo "No non-Auto-merge checks yet (attempt $i/6)"[0m
2026-04-27T19:31:58.7515852Z [36;1mdone[0m
2026-04-27T19:31:58.7516616Z [36;1mif [ "$COUNT" -gt 0 ]; then[0m
2026-04-27T19:31:58.7517673Z [36;1m  echo "has_ci=true" >> "$GITHUB_OUTPUT"[0m
2026-04-27T19:31:58.7518743Z [36;1melse[0m
2026-04-27T19:31:58.7519573Z [36;1m  echo "has_ci=false" >> "$GITHUB_OUTPUT"[0m
2026-04-27T19:31:58.7521291Z [36;1m  echo "No CI checks on this PR after 60s — will merge without waiting."[0m
2026-04-27T19:31:58.7522702Z [36;1mfi[0m
2026-04-27T19:31:58.7549353Z shell: /usr/bin/bash -e {0}
2026-04-27T19:31:58.7550555Z env:
2026-04-27T19:31:58.7551543Z   WAIT_INTERVAL: 30
2026-04-27T19:31:58.7552765Z   GH_TOKEN: ***
2026-04-27T19:31:58.7553675Z   HEAD_SHA: d1e14267405ddc1a77465b48c8a612bbdd503b8c
2026-04-27T19:31:58.7554817Z   REPO: akarlin3/prismTask
2026-04-27T19:31:58.7555774Z ##[endgroup]
2026-04-27T19:32:09.2617015Z Found 9 non-Auto-merge check(s) after 10s
2026-04-27T19:32:09.2740558Z ##[group]Run set -euo pipefail
2026-04-27T19:32:09.2741156Z [36;1mset -euo pipefail[0m
2026-04-27T19:32:09.2741613Z [36;1mREQUIRED=$(gh api "repos/$REPO/branches/main/protection/required_status_checks" \[0m
2026-04-27T19:32:09.2742133Z [36;1m  --jq '.contexts[]' 2>/dev/null || true)[0m
2026-04-27T19:32:09.2742475Z [36;1mif [ -z "$REQUIRED" ]; then[0m
2026-04-27T19:32:09.2743041Z [36;1m  echo "::warning::Could not query branch protection (likely a permission issue) — using hardcoded fallback list."[0m
2026-04-27T19:32:09.2743644Z [36;1m  REQUIRED="$FALLBACK_REQUIRED"[0m
2026-04-27T19:32:09.2743956Z [36;1mfi[0m
2026-04-27T19:32:09.2744266Z [36;1m# Strip Auto-merge from the required list so we don't wait on[0m
2026-04-27T19:32:09.2744742Z [36;1m# ourselves (it's listed because we ARE the running workflow).[0m
2026-04-27T19:32:09.2745281Z [36;1mREQUIRED=$(echo "$REQUIRED" | grep -vE '^\s*Auto-merge\s*$' | grep -vE '^\s*$' || true)[0m
2026-04-27T19:32:09.2745841Z [36;1mif [ -z "$REQUIRED" ]; then[0m
2026-04-27T19:32:09.2746229Z [36;1m  echo "No required checks beyond Auto-merge; skipping queue wait."[0m
2026-04-27T19:32:09.2746628Z [36;1m  exit 0[0m
2026-04-27T19:32:09.2746872Z [36;1mfi[0m
2026-04-27T19:32:09.2747154Z [36;1mecho "Waiting until these required checks queue:"[0m
2026-04-27T19:32:09.2747517Z [36;1mecho "$REQUIRED" | sed 's/^/  /'[0m
2026-04-27T19:32:09.2747913Z [36;1m# 30 attempts × 10s = 5 min ceiling. If checks haven't queued[0m
2026-04-27T19:32:09.2748398Z [36;1m# by then something is genuinely broken (workflow file invalid,[0m
2026-04-27T19:32:09.2748890Z [36;1m# path filter excluding everything, etc.) — log and proceed so[0m
2026-04-27T19:32:09.2749340Z [36;1m# wait-on-check-action can decide how to handle it.[0m
2026-04-27T19:32:09.2749705Z [36;1mfor attempt in $(seq 1 30); do[0m
2026-04-27T19:32:09.2750148Z [36;1m  CHECK_RUNS=$(gh api --paginate "repos/$REPO/commits/$HEAD_SHA/check-runs" \[0m
2026-04-27T19:32:09.2750639Z [36;1m    --jq '.check_runs[].name' | sort -u)[0m
2026-04-27T19:32:09.2751099Z [36;1m  MISSING=""[0m
2026-04-27T19:32:09.2751368Z [36;1m  while IFS= read -r req; do[0m
2026-04-27T19:32:09.2751671Z [36;1m    [ -z "$req" ] && continue[0m
2026-04-27T19:32:09.2751987Z [36;1m    req_trimmed=$(echo "$req" | xargs)[0m
2026-04-27T19:32:09.2752385Z [36;1m    if ! echo "$CHECK_RUNS" | grep -qxF "$req_trimmed"; then[0m
2026-04-27T19:32:09.2752792Z [36;1m      MISSING="$MISSING $req_trimmed"[0m
2026-04-27T19:32:09.2753089Z [36;1m    fi[0m
2026-04-27T19:32:09.2753310Z [36;1m  done <<< "$REQUIRED"[0m
2026-04-27T19:32:09.2753680Z [36;1m  if [ -z "$MISSING" ]; then[0m
2026-04-27T19:32:09.2754112Z [36;1m    echo "All required checks have queued after attempt $attempt."[0m
2026-04-27T19:32:09.2754495Z [36;1m    exit 0[0m
2026-04-27T19:32:09.2754720Z [36;1m  fi[0m
2026-04-27T19:32:09.2755013Z [36;1m  echo "Still waiting for:$MISSING (attempt $attempt/30)"[0m
2026-04-27T19:32:09.2755402Z [36;1m  sleep 10[0m
2026-04-27T19:32:09.2755623Z [36;1mdone[0m
2026-04-27T19:32:09.2756130Z [36;1mecho "::warning::Some required checks never queued after 5 min:$MISSING — proceeding to wait-on-check-action anyway."[0m
2026-04-27T19:32:09.2778465Z shell: /usr/bin/bash -e {0}
2026-04-27T19:32:09.2778737Z env:
2026-04-27T19:32:09.2778951Z   WAIT_INTERVAL: 30
2026-04-27T19:32:09.2779527Z   GH_TOKEN: ***
2026-04-27T19:32:09.2779801Z   HEAD_SHA: d1e14267405ddc1a77465b48c8a612bbdd503b8c
2026-04-27T19:32:09.2780140Z   REPO: akarlin3/prismTask
2026-04-27T19:32:09.2780526Z   FALLBACK_REQUIRED: lint-and-test
connected-tests
test
web-lint-and-test

2026-04-27T19:32:09.2781346Z ##[endgroup]
2026-04-27T19:32:09.4348944Z Waiting until these required checks queue:
2026-04-27T19:32:09.4363533Z   {"message":"Resource not accessible by integration","documentation_url":"https://docs.github.com/rest/branches/branch-protection#get-status-checks-protection","status":"403"}
2026-04-27T19:32:09.8579262Z Still waiting for: {message:Resource not accessible by integration,documentation_url:https://docs.github.com/rest/branches/branch-protection#get-status-checks-protection,status:403} (attempt 1/30)
2026-04-27T19:32:20.3331927Z Still waiting for: {message:Resource not accessible by integration,documentation_url:https://docs.github.com/rest/branches/branch-protection#get-status-checks-protection,status:403} (attempt 2/30)
2026-04-27T19:32:30.8102322Z Still waiting for: {message:Resource not accessible by integration,documentation_url:https://docs.github.com/rest/branches/branch-protection#get-status-checks-protection,status:403} (attempt 3/30)
2026-04-27T19:32:41.3560678Z Still waiting for: {message:Resource not accessible by integration,documentation_url:https://docs.github.com/rest/branches/branch-protection#get-status-checks-protection,status:403} (attempt 4/30)
2026-04-27T19:32:51.8145333Z Still waiting for: {message:Resource not accessible by integration,documentation_url:https://docs.github.com/rest/branches/branch-protection#get-status-checks-protection,status:403} (attempt 5/30)
2026-04-27T19:33:02.2633240Z Still waiting for: {message:Resource not accessible by integration,documentation_url:https://docs.github.com/rest/branches/branch-protection#get-status-checks-protection,status:403} (attempt 6/30)
2026-04-27T19:33:12.7120400Z Still waiting for: {message:Resource not accessible by integration,documentation_url:https://docs.github.com/rest/branches/branch-protection#get-status-checks-protection,status:403} (attempt 7/30)
2026-04-27T19:33:23.1634699Z Still waiting for: {message:Resource not accessible by integration,documentation_url:https://docs.github.com/rest/branches/branch-protection#get-status-checks-protection,status:403} (attempt 8/30)
2026-04-27T19:33:33.5849726Z Still waiting for: {message:Resource not accessible by integration,documentation_url:https://docs.github.com/rest/branches/branch-protection#get-status-checks-protection,status:403} (attempt 9/30)
2026-04-27T19:33:44.0019803Z Still waiting for: {message:Resource not accessible by integration,documentation_url:https://docs.github.com/rest/branches/branch-protection#get-status-checks-protection,status:403} (attempt 10/30)
2026-04-27T19:33:54.4500769Z Still waiting for: {message:Resource not accessible by integration,documentation_url:https://docs.github.com/rest/branches/branch-protection#get-status-checks-protection,status:403} (attempt 11/30)
2026-04-27T19:34:04.9148897Z Still waiting for: {message:Resource not accessible by integration,documentation_url:https://docs.github.com/rest/branches/branch-protection#get-status-checks-protection,status:403} (attempt 12/30)
2026-04-27T19:34:15.2945908Z Still waiting for: {message:Resource not accessible by integration,documentation_url:https://docs.github.com/rest/branches/branch-protection#get-status-checks-protection,status:403} (attempt 13/30)
2026-04-27T19:34:25.7513298Z Still waiting for: {message:Resource not accessible by integration,documentation_url:https://docs.github.com/rest/branches/branch-protection#get-status-checks-protection,status:403} (attempt 14/30)
2026-04-27T19:34:36.2095559Z Still waiting for: {message:Resource not accessible by integration,documentation_url:https://docs.github.com/rest/branches/branch-protection#get-status-checks-protection,status:403} (attempt 15/30)
2026-04-27T19:34:46.6938066Z Still waiting for: {message:Resource not accessible by integration,documentation_url:https://docs.github.com/rest/branches/branch-protection#get-status-checks-protection,status:403} (attempt 16/30)
2026-04-27T19:34:57.1396921Z Still waiting for: {message:Resource not accessible by integration,documentation_url:https://docs.github.com/rest/branches/branch-protection#get-status-checks-protection,status:403} (attempt 17/30)
2026-04-27T19:35:07.6146452Z Still waiting for: {message:Resource not accessible by integration,documentation_url:https://docs.github.com/rest/branches/branch-protection#get-status-checks-protection,status:403} (attempt 18/30)
2026-04-27T19:35:18.0330409Z Still waiting for: {message:Resource not accessible by integration,documentation_url:https://docs.github.com/rest/branches/branch-protection#get-status-checks-protection,status:403} (attempt 19/30)
2026-04-27T19:35:28.5445594Z Still waiting for: {message:Resource not accessible by integration,documentation_url:https://docs.github.com/rest/branches/branch-protection#get-status-checks-protection,status:403} (attempt 20/30)
2026-04-27T19:35:39.0249116Z Still waiting for: {message:Resource not accessible by integration,documentation_url:https://docs.github.com/rest/branches/branch-protection#get-status-checks-protection,status:403} (attempt 21/30)
2026-04-27T19:35:49.4808989Z Still waiting for: {message:Resource not accessible by integration,documentation_url:https://docs.github.com/rest/branches/branch-protection#get-status-checks-protection,status:403} (attempt 22/30)
2026-04-27T19:35:59.9505254Z Still waiting for: {message:Resource not accessible by integration,documentation_url:https://docs.github.com/rest/branches/branch-protection#get-status-checks-protection,status:403} (attempt 23/30)
2026-04-27T19:36:10.4589844Z Still waiting for: {message:Resource not accessible by integration,documentation_url:https://docs.github.com/rest/branches/branch-protection#get-status-checks-protection,status:403} (attempt 24/30)
2026-04-27T19:36:20.9135463Z Still waiting for: {message:Resource not accessible by integration,documentation_url:https://docs.github.com/rest/branches/branch-protection#get-status-checks-protection,status:403} (attempt 25/30)
2026-04-27T19:36:31.3343410Z Still waiting for: {message:Resource not accessible by integration,documentation_url:https://docs.github.com/rest/branches/branch-protection#get-status-checks-protection,status:403} (attempt 26/30)
2026-04-27T19:36:41.8170168Z Still waiting for: {message:Resource not accessible by integration,documentation_url:https://docs.github.com/rest/branches/branch-protection#get-status-checks-protection,status:403} (attempt 27/30)
2026-04-27T19:36:52.3175100Z Still waiting for: {message:Resource not accessible by integration,documentation_url:https://docs.github.com/rest/branches/branch-protection#get-status-checks-protection,status:403} (attempt 28/30)
2026-04-27T19:37:02.9265324Z Still waiting for: {message:Resource not accessible by integration,documentation_url:https://docs.github.com/rest/branches/branch-protection#get-status-checks-protection,status:403} (attempt 29/30)
2026-04-27T19:37:13.3790160Z Still waiting for: {message:Resource not accessible by integration,documentation_url:https://docs.github.com/rest/branches/branch-protection#get-status-checks-protection,status:403} (attempt 30/30)
2026-04-27T19:37:23.3900532Z ##[warning]Some required checks never queued after 5 min: {message:Resource not accessible by integration,documentation_url:https://docs.github.com/rest/branches/branch-protection#get-status-checks-protection,status:403} — proceeding to wait-on-check-action anyway.
2026-04-27T19:37:23.4047627Z ##[group]Run lewagon/wait-on-check-action@ccfb013c15c8afb7bf2b7c028fb74dc5a068cccc
2026-04-27T19:37:23.4048061Z with:
2026-04-27T19:37:23.4048297Z   ref: d1e14267405ddc1a77465b48c8a612bbdd503b8c
2026-04-27T19:37:23.4048581Z   running-workflow-name: Auto-merge
2026-04-27T19:37:23.4049034Z   repo-token: ***
2026-04-27T19:37:23.4049230Z   wait-interval: 30
2026-04-27T19:37:23.4049454Z   allowed-conclusions: success,skipped,neutral
2026-04-27T19:37:23.4049723Z   verbose: true
2026-04-27T19:37:23.4049893Z env:
2026-04-27T19:37:23.4050043Z   WAIT_INTERVAL: 30
2026-04-27T19:37:23.4050221Z ##[endgroup]
2026-04-27T19:37:23.4173219Z ##[group]Run ruby/setup-ruby@v1
2026-04-27T19:37:23.4173469Z with:
2026-04-27T19:37:23.4173881Z   ruby-version: 3.2
2026-04-27T19:37:23.4174084Z   bundler-cache: false
2026-04-27T19:37:23.4174411Z   token: ***
2026-04-27T19:37:23.4174584Z env:
2026-04-27T19:37:23.4174743Z   WAIT_INTERVAL: 30
2026-04-27T19:37:23.4174924Z ##[endgroup]
2026-04-27T19:37:23.5757777Z ##[group]Modifying PATH
2026-04-27T19:37:23.5758430Z Entries added to PATH to use selected Ruby:
2026-04-27T19:37:23.5759159Z   /opt/hostedtoolcache/Ruby/3.2.11/x64/bin
2026-04-27T19:37:23.5764312Z ##[endgroup]
2026-04-27T19:37:23.5765028Z ##[group]Print Ruby version
2026-04-27T19:37:23.5838765Z [command]/opt/hostedtoolcache/Ruby/3.2.11/x64/bin/ruby --version
2026-04-27T19:37:23.6789314Z ruby 3.2.11 (2026-03-27 revision 5483bfc1ae) [x86_64-linux]
2026-04-27T19:37:23.6821682Z Took   0.11 seconds
2026-04-27T19:37:23.6822847Z ##[endgroup]
2026-04-27T19:37:23.6825207Z ##[group]Installing Bundler
2026-04-27T19:37:23.6830311Z Using Bundler shipped with ruby-3.2.11
2026-04-27T19:37:23.6831480Z Took   0.00 seconds
2026-04-27T19:37:23.6832589Z ##[endgroup]
2026-04-27T19:37:23.7507971Z ##[group]Run actions/cache@v4
2026-04-27T19:37:23.7508234Z with:
2026-04-27T19:37:23.7508656Z   path: /home/runner/work/_actions/lewagon/wait-on-check-action/ccfb013c15c8afb7bf2b7c028fb74dc5a068cccc
2026-04-27T19:37:23.7509165Z   key: Linux-gems-
2026-04-27T19:37:23.7509368Z   restore-keys: Linux-gems-
2026-04-27T19:37:23.7509596Z   enableCrossOsArchive: false
2026-04-27T19:37:23.7509833Z   fail-on-cache-miss: false
2026-04-27T19:37:23.7510047Z   lookup-only: false
2026-04-27T19:37:23.7510240Z   save-always: false
2026-04-27T19:37:23.7510415Z env:
2026-04-27T19:37:23.7510571Z   WAIT_INTERVAL: 30
2026-04-27T19:37:23.7510743Z ##[endgroup]
2026-04-27T19:37:23.9564345Z Cache not found for input keys: Linux-gems-, Linux-gems-
2026-04-27T19:37:23.9632660Z ##[group]Run bundle install --jobs 4 --retry 3
2026-04-27T19:37:23.9632981Z [36;1mbundle install --jobs 4 --retry 3[0m
2026-04-27T19:37:23.9656135Z shell: /usr/bin/bash --noprofile --norc -e -o pipefail {0}
2026-04-27T19:37:23.9656470Z env:
2026-04-27T19:37:23.9656631Z   WAIT_INTERVAL: 30
2026-04-27T19:37:23.9656822Z ##[endgroup]
2026-04-27T19:37:24.8742332Z Bundler 2.4.19 is running, but your lockfile was generated with 2.2.3. Installing Bundler 2.2.3 and restarting using that version.
2026-04-27T19:37:26.1136710Z Fetching gem metadata from https://rubygems.org/.
2026-04-27T19:37:26.1216932Z Fetching bundler 2.2.3
2026-04-27T19:37:26.2564097Z Installing bundler 2.2.3
2026-04-27T19:37:26.4448156Z Calling `DidYouMean::SPELL_CHECKERS.merge!(error_name => spell_checker)' has been deprecated. Please call `DidYouMean.correct_error(error_name, spell_checker)' instead.
2026-04-27T19:37:27.7528707Z Fetching gem metadata from https://rubygems.org/.........
2026-04-27T19:37:27.7625975Z Fetching minitest 5.18.0
2026-04-27T19:37:27.7917752Z Fetching zeitwerk 2.6.7
2026-04-27T19:37:27.7923206Z Fetching concurrent-ruby 1.2.2
2026-04-27T19:37:27.8370856Z Fetching public_suffix 4.0.7
2026-04-27T19:37:27.8844041Z Installing zeitwerk 2.6.7
2026-04-27T19:37:27.9053320Z Installing public_suffix 4.0.7
2026-04-27T19:37:27.9108956Z Installing minitest 5.18.0
2026-04-27T19:37:27.9440847Z Installing concurrent-ruby 1.2.2
2026-04-27T19:37:27.9593748Z Fetching ast 2.4.2
2026-04-27T19:37:27.9982347Z Installing ast 2.4.2
2026-04-27T19:37:27.9987447Z Using bundler 2.2.3
2026-04-27T19:37:27.9996727Z Fetching byebug 11.1.3
2026-04-27T19:37:28.0428498Z Fetching diff-lcs 1.4.4
2026-04-27T19:37:28.0712374Z Fetching faraday-net_http 2.0.3
2026-04-27T19:37:28.0956786Z Installing byebug 11.1.3 with native extensions
2026-04-27T19:37:28.1077515Z Installing diff-lcs 1.4.4
2026-04-27T19:37:28.1280501Z Installing faraday-net_http 2.0.3
2026-04-27T19:37:28.1422195Z Using ruby2_keywords 0.0.5
2026-04-27T19:37:28.1429338Z Fetching json 2.7.1
2026-04-27T19:37:28.1878627Z Installing json 2.7.1 with native extensions
2026-04-27T19:37:28.2250612Z Fetching language_server-protocol 3.17.0.3
2026-04-27T19:37:28.2722028Z Installing language_server-protocol 3.17.0.3
2026-04-27T19:37:28.3476045Z Fetching lint_roller 1.1.0
2026-04-27T19:37:28.4065938Z Installing lint_roller 1.1.0
2026-04-27T19:37:28.4393852Z Fetching parallel 1.24.0
2026-04-27T19:37:28.4867714Z Installing parallel 1.24.0
2026-04-27T19:37:28.4940068Z Fetching racc 1.7.3
2026-04-27T19:37:28.5408864Z Installing racc 1.7.3 with native extensions
2026-04-27T19:37:28.5853034Z Fetching rainbow 3.1.1
2026-04-27T19:37:28.6330342Z Installing rainbow 3.1.1
2026-04-27T19:37:28.6420446Z Fetching regexp_parser 2.8.3
2026-04-27T19:37:28.6814211Z Installing regexp_parser 2.8.3
2026-04-27T19:37:28.7936263Z Fetching rexml 3.2.6
2026-04-27T19:37:28.8389777Z Installing rexml 3.2.6
2026-04-27T19:37:28.8623260Z Fetching rspec-support 3.10.1
2026-04-27T19:37:28.9172133Z Installing rspec-support 3.10.1
2026-04-27T19:37:28.9322699Z Fetching ruby-progressbar 1.13.0
2026-04-27T19:37:28.9925296Z Installing ruby-progressbar 1.13.0
2026-04-27T19:37:29.0102210Z Fetching unicode-display_width 2.5.0
2026-04-27T19:37:29.0680001Z Installing unicode-display_width 2.5.0
2026-04-27T19:37:29.0791994Z Fetching addressable 2.8.0
2026-04-27T19:37:29.1422146Z Installing addressable 2.8.0
2026-04-27T19:37:29.1651920Z Fetching faraday 2.3.0
2026-04-27T19:37:29.2202168Z Installing faraday 2.3.0
2026-04-27T19:37:29.2511967Z Fetching i18n 1.12.0
2026-04-27T19:37:29.3110803Z Installing i18n 1.12.0
2026-04-27T19:37:29.3327059Z Fetching tzinfo 2.0.6
2026-04-27T19:37:29.3964250Z Installing tzinfo 2.0.6
2026-04-27T19:37:29.4225365Z Fetching rspec-core 3.10.1
2026-04-27T19:37:29.4919306Z Fetching rspec-expectations 3.10.1
2026-04-27T19:37:29.5402238Z Installing rspec-core 3.10.1
2026-04-27T19:37:29.5560016Z Installing rspec-expectations 3.10.1
2026-04-27T19:37:29.6075057Z Fetching rspec-mocks 3.10.1
2026-04-27T19:37:29.6628838Z Fetching faraday-retry 2.0.0
2026-04-27T19:37:29.7115592Z Installing rspec-mocks 3.10.1
2026-04-27T19:37:29.7265882Z Installing faraday-retry 2.0.0
2026-04-27T19:37:29.7426215Z Fetching sawyer 0.9.2
2026-04-27T19:37:29.8015707Z Fetching activesupport 6.1.7.3
2026-04-27T19:37:29.8496640Z Installing sawyer 0.9.2
2026-04-27T19:37:29.8756312Z Fetching parser 3.2.2.4
2026-04-27T19:37:29.9242274Z Installing activesupport 6.1.7.3
2026-04-27T19:37:30.0329602Z Installing parser 3.2.2.4
2026-04-27T19:37:30.1254172Z Fetching rspec 3.10.0
2026-04-27T19:37:30.1834523Z Installing rspec 3.10.0
2026-04-27T19:37:30.1952394Z Fetching octokit 4.25.0
2026-04-27T19:37:30.2614202Z Installing octokit 4.25.0
2026-04-27T19:37:30.3191301Z Fetching rubocop-ast 1.30.0
2026-04-27T19:37:30.3732792Z Installing rubocop-ast 1.30.0
2026-04-27T19:37:31.4506412Z Fetching rubocop 1.57.2
2026-04-27T19:37:31.5155390Z Installing rubocop 1.57.2
2026-04-27T19:37:31.6866370Z Fetching rubocop-performance 1.19.1
2026-04-27T19:37:31.6866887Z Fetching standard-custom 1.0.2
2026-04-27T19:37:31.7403331Z Installing standard-custom 1.0.2
2026-04-27T19:37:31.7470310Z Installing rubocop-performance 1.19.1
2026-04-27T19:37:31.7653871Z Fetching standard-performance 1.2.1
2026-04-27T19:37:31.7964730Z Installing standard-performance 1.2.1
2026-04-27T19:37:31.8035278Z Fetching standard 1.32.1
2026-04-27T19:37:31.8410427Z Installing standard 1.32.1
2026-04-27T19:37:31.8628598Z Bundle complete! 6 Gemfile dependencies, 40 gems now installed.
2026-04-27T19:37:31.8629851Z Use `bundle info [gemname]` to see where a bundled gem is installed.
2026-04-27T19:37:31.9149396Z ##[group]Run ruby entrypoint.rb
2026-04-27T19:37:31.9149659Z [36;1mruby entrypoint.rb[0m
2026-04-27T19:37:31.9172587Z shell: /usr/bin/bash --noprofile --norc -e -o pipefail {0}
2026-04-27T19:37:31.9172907Z env:
2026-04-27T19:37:31.9173073Z   WAIT_INTERVAL: 30
2026-04-27T19:37:31.9173299Z   ALLOWED_CONCLUSIONS: success,skipped,neutral
2026-04-27T19:37:31.9173581Z   IGNORE_CHECKS: 
2026-04-27T19:37:31.9173756Z   CHECK_NAME: 
2026-04-27T19:37:31.9173927Z   CHECK_REGEXP: 
2026-04-27T19:37:31.9174140Z   REF: d1e14267405ddc1a77465b48c8a612bbdd503b8c
2026-04-27T19:37:31.9174764Z   REPO_TOKEN: ***
2026-04-27T19:37:31.9174960Z   VERBOSE: true
2026-04-27T19:37:31.9175156Z   RUNNING_WORKFLOW_NAME: Auto-merge
2026-04-27T19:37:31.9175567Z   API_ENDPOINT: 
2026-04-27T19:37:31.9175741Z ##[endgroup]
2026-04-27T19:41:36.2768493Z Checks running on ref:
2026-04-27T19:41:36.2771486Z Checks completed: capture-failure-log, capture-failure-log, connected-tests, e2e, capture-failure-log, cross-device-tests, web-lint-and-test, test, autofix, maybe-label
2026-04-27T19:41:36.2772801Z Checks in_progress: lint-and-test, Auto-merge
2026-04-27T19:41:36.2773267Z Checks after ignore checks filter:
2026-04-27T19:41:36.2774402Z Checks completed: capture-failure-log, capture-failure-log, connected-tests, e2e, capture-failure-log, cross-device-tests, web-lint-and-test, test, autofix, maybe-label
2026-04-27T19:41:36.2775603Z Checks in_progress: lint-and-test
2026-04-27T19:41:36.2775976Z Checks after check_name filter:
2026-04-27T19:41:36.2777128Z Checks completed: capture-failure-log, capture-failure-log, connected-tests, e2e, capture-failure-log, cross-device-tests, web-lint-and-test, test, autofix, maybe-label
2026-04-27T19:41:36.2778353Z Checks in_progress: lint-and-test
2026-04-27T19:41:36.2778722Z Checks after Regexp filter:
2026-04-27T19:41:36.2779830Z Checks completed: capture-failure-log, capture-failure-log, connected-tests, e2e, capture-failure-log, cross-device-tests, web-lint-and-test, test, autofix, maybe-label
2026-04-27T19:41:36.2781181Z Checks in_progress: lint-and-test
2026-04-27T19:41:36.2781725Z The requested checks aren't complete yet, will check back in 30 seconds...
2026-04-27T19:41:36.2782314Z Checks running on ref:
2026-04-27T19:41:36.2783387Z Checks completed: capture-failure-log, capture-failure-log, connected-tests, e2e, capture-failure-log, cross-device-tests, web-lint-and-test, test, autofix, maybe-label
2026-04-27T19:41:36.2784556Z Checks in_progress: lint-and-test, Auto-merge
2026-04-27T19:41:36.2784979Z Checks after ignore checks filter:
2026-04-27T19:41:36.2786071Z Checks completed: capture-failure-log, capture-failure-log, connected-tests, e2e, capture-failure-log, cross-device-tests, web-lint-and-test, test, autofix, maybe-label
2026-04-27T19:41:36.2787228Z Checks in_progress: lint-and-test
2026-04-27T19:41:36.2787583Z Checks after check_name filter:
2026-04-27T19:41:36.2788662Z Checks completed: capture-failure-log, capture-failure-log, connected-tests, e2e, capture-failure-log, cross-device-tests, web-lint-and-test, test, autofix, maybe-label
2026-04-27T19:41:36.2789785Z Checks in_progress: lint-and-test
2026-04-27T19:41:36.2790129Z Checks after Regexp filter:
2026-04-27T19:41:36.2791356Z Checks completed: capture-failure-log, capture-failure-log, connected-tests, e2e, capture-failure-log, cross-device-tests, web-lint-and-test, test, autofix, maybe-label
2026-04-27T19:41:36.2792496Z Checks in_progress: lint-and-test
2026-04-27T19:41:36.2793012Z The requested checks aren't complete yet, will check back in 30 seconds...
2026-04-27T19:41:36.2793543Z Checks running on ref:
2026-04-27T19:41:36.2794550Z Checks completed: capture-failure-log, capture-failure-log, connected-tests, e2e, capture-failure-log, cross-device-tests, web-lint-and-test, test, autofix, maybe-label
2026-04-27T19:41:36.2795723Z Checks in_progress: lint-and-test, Auto-merge
2026-04-27T19:41:36.2796135Z Checks after ignore checks filter:
2026-04-27T19:41:36.2797668Z Checks completed: capture-failure-log, capture-failure-log, connected-tests, e2e, capture-failure-log, cross-device-tests, web-lint-and-test, test, autofix, maybe-label
2026-04-27T19:41:36.2798789Z Checks in_progress: lint-and-test
2026-04-27T19:41:36.2799138Z Checks after check_name filter:
2026-04-27T19:41:36.2800183Z Checks completed: capture-failure-log, capture-failure-log, connected-tests, e2e, capture-failure-log, cross-device-tests, web-lint-and-test, test, autofix, maybe-label
2026-04-27T19:41:36.2801483Z Checks in_progress: lint-and-test
2026-04-27T19:41:36.2801825Z Checks after Regexp filter:
2026-04-27T19:41:36.2802869Z Checks completed: capture-failure-log, capture-failure-log, connected-tests, e2e, capture-failure-log, cross-device-tests, web-lint-and-test, test, autofix, maybe-label
2026-04-27T19:41:36.2804199Z Checks in_progress: lint-and-test
2026-04-27T19:41:36.2804710Z The requested checks aren't complete yet, will check back in 30 seconds...
2026-04-27T19:41:36.2805263Z Checks running on ref:
2026-04-27T19:41:36.2806281Z Checks completed: capture-failure-log, capture-failure-log, connected-tests, e2e, capture-failure-log, cross-device-tests, web-lint-and-test, test, autofix, maybe-label
2026-04-27T19:41:36.2807423Z Checks in_progress: lint-and-test, Auto-merge
2026-04-27T19:41:36.2807836Z Checks after ignore checks filter:
2026-04-27T19:41:36.2808891Z Checks completed: capture-failure-log, capture-failure-log, connected-tests, e2e, capture-failure-log, cross-device-tests, web-lint-and-test, test, autofix, maybe-label
2026-04-27T19:41:36.2809991Z Checks in_progress: lint-and-test
2026-04-27T19:41:36.2810339Z Checks after check_name filter:
2026-04-27T19:41:36.2811575Z Checks completed: capture-failure-log, capture-failure-log, connected-tests, e2e, capture-failure-log, cross-device-tests, web-lint-and-test, test, autofix, maybe-label
2026-04-27T19:41:36.2812716Z Checks in_progress: lint-and-test
2026-04-27T19:41:36.2813068Z Checks after Regexp filter:
2026-04-27T19:41:36.2814142Z Checks completed: capture-failure-log, capture-failure-log, connected-tests, e2e, capture-failure-log, cross-device-tests, web-lint-and-test, test, autofix, maybe-label
2026-04-27T19:41:36.2815272Z Checks in_progress: lint-and-test
2026-04-27T19:41:36.2815799Z The requested checks aren't complete yet, will check back in 30 seconds...
2026-04-27T19:41:36.2816363Z Checks running on ref:
2026-04-27T19:41:36.2817377Z Checks completed: capture-failure-log, capture-failure-log, connected-tests, e2e, capture-failure-log, cross-device-tests, web-lint-and-test, test, autofix, maybe-label
2026-04-27T19:41:36.2818512Z Checks in_progress: lint-and-test, Auto-merge
2026-04-27T19:41:36.2818930Z Checks after ignore checks filter:
2026-04-27T19:41:36.2819994Z Checks completed: capture-failure-log, capture-failure-log, connected-tests, e2e, capture-failure-log, cross-device-tests, web-lint-and-test, test, autofix, maybe-label
2026-04-27T19:41:36.2821282Z Checks in_progress: lint-and-test
2026-04-27T19:41:36.2821636Z Checks after check_name filter:
2026-04-27T19:41:36.2822693Z Checks completed: capture-failure-log, capture-failure-log, connected-tests, e2e, capture-failure-log, cross-device-tests, web-lint-and-test, test, autofix, maybe-label
2026-04-27T19:41:36.2823826Z Checks in_progress: lint-and-test
2026-04-27T19:41:36.2824178Z Checks after Regexp filter:
2026-04-27T19:41:36.2825245Z Checks completed: capture-failure-log, capture-failure-log, connected-tests, e2e, capture-failure-log, cross-device-tests, web-lint-and-test, test, autofix, maybe-label
2026-04-27T19:41:36.2826390Z Checks in_progress: lint-and-test
2026-04-27T19:41:36.2826933Z The requested checks aren't complete yet, will check back in 30 seconds...
2026-04-27T19:41:36.2827637Z Checks running on ref:
2026-04-27T19:41:36.2828638Z Checks completed: capture-failure-log, capture-failure-log, connected-tests, e2e, capture-failure-log, cross-device-tests, web-lint-and-test, test, autofix, maybe-label
2026-04-27T19:41:36.2829784Z Checks in_progress: lint-and-test, Auto-merge
2026-04-27T19:41:36.2830394Z Checks after ignore checks filter:
2026-04-27T19:41:36.2831692Z Checks completed: capture-failure-log, capture-failure-log, connected-tests, e2e, capture-failure-log, cross-device-tests, web-lint-and-test, test, autofix, maybe-label
2026-04-27T19:41:36.2832828Z Checks in_progress: lint-and-test
2026-04-27T19:41:36.2833202Z Checks after check_name filter:
2026-04-27T19:41:36.2834271Z Checks completed: capture-failure-log, capture-failure-log, connected-tests, e2e, capture-failure-log, cross-device-tests, web-lint-and-test, test, autofix, maybe-label
2026-04-27T19:41:36.2835419Z Checks in_progress: lint-and-test
2026-04-27T19:41:36.2835786Z Checks after Regexp filter:
2026-04-27T19:41:36.2836852Z Checks completed: capture-failure-log, capture-failure-log, connected-tests, e2e, capture-failure-log, cross-device-tests, web-lint-and-test, test, autofix, maybe-label
2026-04-27T19:41:36.2838292Z Checks in_progress: lint-and-test
2026-04-27T19:41:36.2838884Z The requested checks aren't complete yet, will check back in 30 seconds...
2026-04-27T19:41:36.2839520Z Checks running on ref:
2026-04-27T19:41:36.2840739Z Checks completed: capture-failure-log, capture-failure-log, connected-tests, e2e, capture-failure-log, cross-device-tests, web-lint-and-test, test, autofix, maybe-label
2026-04-27T19:41:36.2842111Z Checks in_progress: lint-and-test, Auto-merge
2026-04-27T19:41:36.2842562Z Checks after ignore checks filter:
2026-04-27T19:41:36.2843716Z Checks completed: capture-failure-log, capture-failure-log, connected-tests, e2e, capture-failure-log, cross-device-tests, web-lint-and-test, test, autofix, maybe-label
2026-04-27T19:41:36.2844927Z Checks in_progress: lint-and-test
2026-04-27T19:41:36.2845318Z Checks after check_name filter:
2026-04-27T19:41:36.2846480Z Checks completed: capture-failure-log, capture-failure-log, connected-tests, e2e, capture-failure-log, cross-device-tests, web-lint-and-test, test, autofix, maybe-label
2026-04-27T19:41:36.2847702Z Checks in_progress: lint-and-test
2026-04-27T19:41:36.2848098Z Checks after Regexp filter:
2026-04-27T19:41:36.2849255Z Checks completed: capture-failure-log, capture-failure-log, connected-tests, e2e, capture-failure-log, cross-device-tests, web-lint-and-test, test, autofix, maybe-label
2026-04-27T19:41:36.2850510Z Checks in_progress: lint-and-test
2026-04-27T19:41:36.2851341Z The requested checks aren't complete yet, will check back in 30 seconds...
2026-04-27T19:41:36.2852095Z Checks running on ref:
2026-04-27T19:41:36.2853503Z Checks completed: capture-failure-log, capture-failure-log, connected-tests, e2e, capture-failure-log, cross-device-tests, web-lint-and-test, test, autofix, maybe-label
2026-04-27T19:41:36.2855104Z Checks in_progress: lint-and-test, Auto-merge
2026-04-27T19:41:36.2855656Z Checks after ignore checks filter:
2026-04-27T19:41:36.2857137Z Checks completed: capture-failure-log, capture-failure-log, connected-tests, e2e, capture-failure-log, cross-device-tests, web-lint-and-test, test, autofix, maybe-label
2026-04-27T19:41:36.2858659Z Checks in_progress: lint-and-test
2026-04-27T19:41:36.2859112Z Checks after check_name filter:
2026-04-27T19:41:36.2860573Z Checks completed: capture-failure-log, capture-failure-log, connected-tests, e2e, capture-failure-log, cross-device-tests, web-lint-and-test, test, autofix, maybe-label
2026-04-27T19:41:36.2862345Z Checks in_progress: lint-and-test
2026-04-27T19:41:36.2862798Z Checks after Regexp filter:
2026-04-27T19:41:36.2864262Z Checks completed: capture-failure-log, capture-failure-log, connected-tests, e2e, capture-failure-log, cross-device-tests, web-lint-and-test, test, autofix, maybe-label
2026-04-27T19:41:36.2865781Z Checks in_progress: lint-and-test
2026-04-27T19:41:36.2866376Z The requested checks aren't complete yet, will check back in 30 seconds...
2026-04-27T19:41:36.2866913Z Checks running on ref:
2026-04-27T19:41:36.2868575Z Checks completed: capture-failure-log / capture, firebase-distribute, capture-failure-log, capture-failure-log, connected-tests, e2e, capture-failure-log, cross-device-tests, web-lint-and-test, test, autofix, lint-and-test, maybe-label
2026-04-27T19:41:36.2870113Z Checks in_progress: Auto-merge
2026-04-27T19:41:36.2870472Z Checks after ignore checks filter:
2026-04-27T19:41:36.2872221Z Checks completed: capture-failure-log / capture, firebase-distribute, capture-failure-log, capture-failure-log, connected-tests, e2e, capture-failure-log, cross-device-tests, web-lint-and-test, test, autofix, lint-and-test, maybe-label
2026-04-27T19:41:36.2873843Z Checks after check_name filter:
2026-04-27T19:41:36.2875398Z Checks completed: capture-failure-log / capture, firebase-distribute, capture-failure-log, capture-failure-log, connected-tests, e2e, capture-failure-log, cross-device-tests, web-lint-and-test, test, autofix, lint-and-test, maybe-label
2026-04-27T19:41:36.2877171Z Checks after Regexp filter:
2026-04-27T19:41:36.2878658Z Checks completed: capture-failure-log / capture, firebase-distribute, capture-failure-log, capture-failure-log, connected-tests, e2e, capture-failure-log, cross-device-tests, web-lint-and-test, test, autofix, lint-and-test, maybe-label
2026-04-27T19:41:36.2880249Z Checks completed:
2026-04-27T19:41:36.2880626Z capture-failure-log / capture: completed (success)
2026-04-27T19:41:36.2881319Z firebase-distribute: completed (skipped)
2026-04-27T19:41:36.2881762Z capture-failure-log: completed (skipped)
2026-04-27T19:41:36.2882188Z capture-failure-log: completed (skipped)
2026-04-27T19:41:36.2882619Z connected-tests: completed (skipped)
2026-04-27T19:41:36.2883023Z e2e: completed (success)
2026-04-27T19:41:36.2883368Z capture-failure-log: completed (skipped)
2026-04-27T19:41:36.2883820Z cross-device-tests: completed (skipped)
2026-04-27T19:41:36.2884250Z web-lint-and-test: completed (success)
2026-04-27T19:41:36.2884661Z test: completed (success)
2026-04-27T19:41:36.2885011Z autofix: completed (failure)
2026-04-27T19:41:36.2885374Z lint-and-test: completed (failure)
2026-04-27T19:41:36.2885777Z maybe-label: completed (success)
2026-04-27T19:41:36.2886900Z The conclusion of one or more checks were not allowed. Allowed conclusions are: success, skipped, neutral. This can be configured with the 'allowed-conclusions' param.
2026-04-27T19:41:36.2926385Z ##[error]Process completed with exit code 1.
2026-04-27T19:41:36.3040376Z Post job cleanup.
2026-04-27T19:41:36.3091495Z Cleaning up orphan processes
2026-04-27T19:41:36.3382075Z ##[warning]Node.js 20 actions are deprecated. The following actions are running on Node.js 20 and may not work as expected: actions/cache@v4. Actions will be forced to run with Node.js 24 by default starting June 2nd, 2026. Node.js 20 will be removed from the runner on September 16th, 2026. Please check if updated versions of these actions are available that support Node.js 24. To opt into Node.js 24 now, set the FORCE_JAVASCRIPT_ACTIONS_TO_NODE24=true environment variable on the runner or in your workflow file. Once Node.js 24 becomes the default, you can temporarily opt out by setting ACTIONS_ALLOW_USE_UNSECURE_NODE_VERSION=true. For more information see: https://github.blog/changelog/2025-09-19-deprecation-of-node-20-on-github-actions-runners/
