=== CI FAILURE ===
Workflow:      Auto-merge & Release
Workflow file: akarlin3/prismTask/.github/workflows/auto-merge.yml@refs/pull/832/merge
Job(s):        Auto-merge
Run ID:        24977695888
Run attempt:   1
Run URL:       https://github.com/akarlin3/prismTask/actions/runs/24977695888
Commit:        c0571f70109a8ecfd4e87deba923058453a73a58
Branch:        832/merge
Event:         pull_request
Actor:         akarlin3
Runner OS:     Linux
Timestamp:     2026-04-27T05:17:25.976Z

Failed steps:
  - Auto-merge: #4 Wait for all other CI checks to pass

=== FAILED JOB LOG ===

--- Job: Auto-merge (id 73132781935) ---
2026-04-27T05:11:42.5927042Z Current runner version: '2.333.1'
2026-04-27T05:11:42.5959697Z ##[group]Runner Image Provisioner
2026-04-27T05:11:42.5961084Z Hosted Compute Agent
2026-04-27T05:11:42.5961981Z Version: 20260213.493
2026-04-27T05:11:42.5963002Z Commit: 5c115507f6dd24b8de37d8bbe0bb4509d0cc0fa3
2026-04-27T05:11:42.5963976Z Build Date: 2026-02-13T00:28:41Z
2026-04-27T05:11:42.5965042Z Worker ID: {2d368ebe-dba5-4400-a4f9-778dcc016ae9}
2026-04-27T05:11:42.5966023Z Azure Region: eastus
2026-04-27T05:11:42.5966817Z ##[endgroup]
2026-04-27T05:11:42.5968864Z ##[group]Operating System
2026-04-27T05:11:42.5969914Z Ubuntu
2026-04-27T05:11:42.5970587Z 24.04.4
2026-04-27T05:11:42.5971375Z LTS
2026-04-27T05:11:42.5972011Z ##[endgroup]
2026-04-27T05:11:42.5972743Z ##[group]Runner Image
2026-04-27T05:11:42.5973584Z Image: ubuntu-24.04
2026-04-27T05:11:42.5974404Z Version: 20260413.86.1
2026-04-27T05:11:42.5976229Z Included Software: https://github.com/actions/runner-images/blob/ubuntu24/20260413.86/images/ubuntu/Ubuntu2404-Readme.md
2026-04-27T05:11:42.5978521Z Image Release: https://github.com/actions/runner-images/releases/tag/ubuntu24%2F20260413.86
2026-04-27T05:11:42.5980279Z ##[endgroup]
2026-04-27T05:11:42.5982195Z ##[group]GITHUB_TOKEN Permissions
2026-04-27T05:11:42.5984849Z Actions: read
2026-04-27T05:11:42.5985664Z Checks: read
2026-04-27T05:11:42.5986405Z Contents: write
2026-04-27T05:11:42.5987146Z Metadata: read
2026-04-27T05:11:42.5987927Z PullRequests: write
2026-04-27T05:11:42.5988691Z ##[endgroup]
2026-04-27T05:11:42.5991873Z Secret source: Actions
2026-04-27T05:11:42.5992941Z Prepare workflow directory
2026-04-27T05:11:42.6518271Z Prepare all required actions
2026-04-27T05:11:42.6571459Z Getting action download info
2026-04-27T05:11:42.8963356Z Download action repository 'lewagon/wait-on-check-action@ccfb013c15c8afb7bf2b7c028fb74dc5a068cccc' (SHA:ccfb013c15c8afb7bf2b7c028fb74dc5a068cccc)
2026-04-27T05:11:43.2005338Z Getting action download info
2026-04-27T05:11:43.3195450Z Download action repository 'ruby/setup-ruby@v1' (SHA:c4e5b1316158f92e3d49443a9d58b31d25ac0f8f)
2026-04-27T05:11:43.5011167Z Download action repository 'actions/cache@v4' (SHA:0057852bfaa89a56745cba8c7296529d2fc39830)
2026-04-27T05:11:43.6582601Z Complete job name: Auto-merge
2026-04-27T05:11:43.7252502Z ##[group]Run set -euo pipefail
2026-04-27T05:11:43.7253672Z [36;1mset -euo pipefail[0m
2026-04-27T05:11:43.7255008Z [36;1m# Audit item #5 — poll check-runs for up to 60s instead of a bare[0m
2026-04-27T05:11:43.7256791Z [36;1m# 20s sleep. On a busy runner cohort the initial 20s wasn't enough[0m
2026-04-27T05:11:43.7258544Z [36;1m# for the API to reflect queued workflow runs, which could merge[0m
2026-04-27T05:11:43.7260626Z [36;1m# PRs without waiting for CI. Bail out early as soon as ≥1 real[0m
2026-04-27T05:11:43.7262045Z [36;1m# check shows up.[0m
2026-04-27T05:11:43.7262941Z [36;1mCOUNT=0[0m
2026-04-27T05:11:43.7263752Z [36;1mfor i in $(seq 1 6); do[0m
2026-04-27T05:11:43.7264717Z [36;1m  sleep 10[0m
2026-04-27T05:11:43.7265851Z [36;1m  COUNT=$(gh api "repos/$REPO/commits/$HEAD_SHA/check-runs" \[0m
2026-04-27T05:11:43.7267587Z [36;1m    --jq '[.check_runs[] | select(.name != "Auto-merge")] | length')[0m
2026-04-27T05:11:43.7269074Z [36;1m  if [ "$COUNT" -gt 0 ]; then[0m
2026-04-27T05:11:43.7270844Z [36;1m    echo "Found $COUNT non-Auto-merge check(s) after ${i}0s"[0m
2026-04-27T05:11:43.7272172Z [36;1m    break[0m
2026-04-27T05:11:43.7272967Z [36;1m  fi[0m
2026-04-27T05:11:43.7273965Z [36;1m  echo "No non-Auto-merge checks yet (attempt $i/6)"[0m
2026-04-27T05:11:43.7275217Z [36;1mdone[0m
2026-04-27T05:11:43.7276014Z [36;1mif [ "$COUNT" -gt 0 ]; then[0m
2026-04-27T05:11:43.7277115Z [36;1m  echo "has_ci=true" >> "$GITHUB_OUTPUT"[0m
2026-04-27T05:11:43.7278232Z [36;1melse[0m
2026-04-27T05:11:43.7279102Z [36;1m  echo "has_ci=false" >> "$GITHUB_OUTPUT"[0m
2026-04-27T05:11:43.7280865Z [36;1m  echo "No CI checks on this PR after 60s — will merge without waiting."[0m
2026-04-27T05:11:43.7282298Z [36;1mfi[0m
2026-04-27T05:11:43.7310357Z shell: /usr/bin/bash -e {0}
2026-04-27T05:11:43.7311516Z env:
2026-04-27T05:11:43.7312246Z   WAIT_INTERVAL: 30
2026-04-27T05:11:43.7313489Z   GH_TOKEN: ***
2026-04-27T05:11:43.7314396Z   HEAD_SHA: 09a90b2897889f3e13289910aac0f6858be42f0e
2026-04-27T05:11:43.7315544Z   REPO: akarlin3/prismTask
2026-04-27T05:11:43.7316420Z ##[endgroup]
2026-04-27T05:11:54.7404837Z Found 7 non-Auto-merge check(s) after 10s
2026-04-27T05:11:54.7526607Z ##[group]Run set -euo pipefail
2026-04-27T05:11:54.7526988Z [36;1mset -euo pipefail[0m
2026-04-27T05:11:54.7527435Z [36;1mREQUIRED=$(gh api "repos/$REPO/branches/main/protection/required_status_checks" \[0m
2026-04-27T05:11:54.7527946Z [36;1m  --jq '.contexts[]' 2>/dev/null || true)[0m
2026-04-27T05:11:54.7528278Z [36;1mif [ -z "$REQUIRED" ]; then[0m
2026-04-27T05:11:54.7528817Z [36;1m  echo "::warning::Could not query branch protection (likely a permission issue) — using hardcoded fallback list."[0m
2026-04-27T05:11:54.7529540Z [36;1m  REQUIRED="$FALLBACK_REQUIRED"[0m
2026-04-27T05:11:54.7529849Z [36;1mfi[0m
2026-04-27T05:11:54.7530162Z [36;1m# Strip Auto-merge from the required list so we don't wait on[0m
2026-04-27T05:11:54.7530624Z [36;1m# ourselves (it's listed because we ARE the running workflow).[0m
2026-04-27T05:11:54.7531142Z [36;1mREQUIRED=$(echo "$REQUIRED" | grep -vE '^\s*Auto-merge\s*$' | grep -vE '^\s*$' || true)[0m
2026-04-27T05:11:54.7531635Z [36;1mif [ -z "$REQUIRED" ]; then[0m
2026-04-27T05:11:54.7532018Z [36;1m  echo "No required checks beyond Auto-merge; skipping queue wait."[0m
2026-04-27T05:11:54.7532423Z [36;1m  exit 0[0m
2026-04-27T05:11:54.7532677Z [36;1mfi[0m
2026-04-27T05:11:54.7532956Z [36;1mecho "Waiting until these required checks queue:"[0m
2026-04-27T05:11:54.7533312Z [36;1mecho "$REQUIRED" | sed 's/^/  /'[0m
2026-04-27T05:11:54.7533682Z [36;1m# 30 attempts × 10s = 5 min ceiling. If checks haven't queued[0m
2026-04-27T05:11:54.7534142Z [36;1m# by then something is genuinely broken (workflow file invalid,[0m
2026-04-27T05:11:54.7534617Z [36;1m# path filter excluding everything, etc.) — log and proceed so[0m
2026-04-27T05:11:54.7535052Z [36;1m# wait-on-check-action can decide how to handle it.[0m
2026-04-27T05:11:54.7535407Z [36;1mfor attempt in $(seq 1 30); do[0m
2026-04-27T05:11:54.7535833Z [36;1m  CHECK_RUNS=$(gh api --paginate "repos/$REPO/commits/$HEAD_SHA/check-runs" \[0m
2026-04-27T05:11:54.7536287Z [36;1m    --jq '.check_runs[].name' | sort -u)[0m
2026-04-27T05:11:54.7536613Z [36;1m  MISSING=""[0m
2026-04-27T05:11:54.7536874Z [36;1m  while IFS= read -r req; do[0m
2026-04-27T05:11:54.7537160Z [36;1m    [ -z "$req" ] && continue[0m
2026-04-27T05:11:54.7537460Z [36;1m    req_trimmed=$(echo "$req" | xargs)[0m
2026-04-27T05:11:54.7537858Z [36;1m    if ! echo "$CHECK_RUNS" | grep -qxF "$req_trimmed"; then[0m
2026-04-27T05:11:54.7538270Z [36;1m      MISSING="$MISSING $req_trimmed"[0m
2026-04-27T05:11:54.7538565Z [36;1m    fi[0m
2026-04-27T05:11:54.7538793Z [36;1m  done <<< "$REQUIRED"[0m
2026-04-27T05:11:54.7539164Z [36;1m  if [ -z "$MISSING" ]; then[0m
2026-04-27T05:11:54.7539750Z [36;1m    echo "All required checks have queued after attempt $attempt."[0m
2026-04-27T05:11:54.7540131Z [36;1m    exit 0[0m
2026-04-27T05:11:54.7540358Z [36;1m  fi[0m
2026-04-27T05:11:54.7540663Z [36;1m  echo "Still waiting for:$MISSING (attempt $attempt/30)"[0m
2026-04-27T05:11:54.7541019Z [36;1m  sleep 10[0m
2026-04-27T05:11:54.7541250Z [36;1mdone[0m
2026-04-27T05:11:54.7541737Z [36;1mecho "::warning::Some required checks never queued after 5 min:$MISSING — proceeding to wait-on-check-action anyway."[0m
2026-04-27T05:11:54.7563988Z shell: /usr/bin/bash -e {0}
2026-04-27T05:11:54.7564258Z env:
2026-04-27T05:11:54.7564494Z   WAIT_INTERVAL: 30
2026-04-27T05:11:54.7565062Z   GH_TOKEN: ***
2026-04-27T05:11:54.7565344Z   HEAD_SHA: 09a90b2897889f3e13289910aac0f6858be42f0e
2026-04-27T05:11:54.7565671Z   REPO: akarlin3/prismTask
2026-04-27T05:11:54.7566059Z   FALLBACK_REQUIRED: lint-and-test
connected-tests
test
web-lint-and-test

2026-04-27T05:11:54.7566706Z ##[endgroup]
2026-04-27T05:11:54.8963696Z Waiting until these required checks queue:
2026-04-27T05:11:54.8978575Z   {"message":"Resource not accessible by integration","documentation_url":"https://docs.github.com/rest/branches/branch-protection#get-status-checks-protection","status":"403"}
2026-04-27T05:11:55.2534948Z Still waiting for: {message:Resource not accessible by integration,documentation_url:https://docs.github.com/rest/branches/branch-protection#get-status-checks-protection,status:403} (attempt 1/30)
2026-04-27T05:12:05.6025738Z Still waiting for: {message:Resource not accessible by integration,documentation_url:https://docs.github.com/rest/branches/branch-protection#get-status-checks-protection,status:403} (attempt 2/30)
2026-04-27T05:12:15.9587444Z Still waiting for: {message:Resource not accessible by integration,documentation_url:https://docs.github.com/rest/branches/branch-protection#get-status-checks-protection,status:403} (attempt 3/30)
2026-04-27T05:12:26.3296611Z Still waiting for: {message:Resource not accessible by integration,documentation_url:https://docs.github.com/rest/branches/branch-protection#get-status-checks-protection,status:403} (attempt 4/30)
2026-04-27T05:12:36.6683778Z Still waiting for: {message:Resource not accessible by integration,documentation_url:https://docs.github.com/rest/branches/branch-protection#get-status-checks-protection,status:403} (attempt 5/30)
2026-04-27T05:12:47.0438689Z Still waiting for: {message:Resource not accessible by integration,documentation_url:https://docs.github.com/rest/branches/branch-protection#get-status-checks-protection,status:403} (attempt 6/30)
2026-04-27T05:12:57.4123228Z Still waiting for: {message:Resource not accessible by integration,documentation_url:https://docs.github.com/rest/branches/branch-protection#get-status-checks-protection,status:403} (attempt 7/30)
2026-04-27T05:13:07.7441156Z Still waiting for: {message:Resource not accessible by integration,documentation_url:https://docs.github.com/rest/branches/branch-protection#get-status-checks-protection,status:403} (attempt 8/30)
2026-04-27T05:13:18.0910493Z Still waiting for: {message:Resource not accessible by integration,documentation_url:https://docs.github.com/rest/branches/branch-protection#get-status-checks-protection,status:403} (attempt 9/30)
2026-04-27T05:13:28.4565272Z Still waiting for: {message:Resource not accessible by integration,documentation_url:https://docs.github.com/rest/branches/branch-protection#get-status-checks-protection,status:403} (attempt 10/30)
2026-04-27T05:13:38.9607422Z Still waiting for: {message:Resource not accessible by integration,documentation_url:https://docs.github.com/rest/branches/branch-protection#get-status-checks-protection,status:403} (attempt 11/30)
2026-04-27T05:13:49.3242287Z Still waiting for: {message:Resource not accessible by integration,documentation_url:https://docs.github.com/rest/branches/branch-protection#get-status-checks-protection,status:403} (attempt 12/30)
2026-04-27T05:13:59.7141476Z Still waiting for: {message:Resource not accessible by integration,documentation_url:https://docs.github.com/rest/branches/branch-protection#get-status-checks-protection,status:403} (attempt 13/30)
2026-04-27T05:14:10.0450875Z Still waiting for: {message:Resource not accessible by integration,documentation_url:https://docs.github.com/rest/branches/branch-protection#get-status-checks-protection,status:403} (attempt 14/30)
2026-04-27T05:14:20.3633420Z Still waiting for: {message:Resource not accessible by integration,documentation_url:https://docs.github.com/rest/branches/branch-protection#get-status-checks-protection,status:403} (attempt 15/30)
2026-04-27T05:14:30.7145723Z Still waiting for: {message:Resource not accessible by integration,documentation_url:https://docs.github.com/rest/branches/branch-protection#get-status-checks-protection,status:403} (attempt 16/30)
2026-04-27T05:14:41.0886934Z Still waiting for: {message:Resource not accessible by integration,documentation_url:https://docs.github.com/rest/branches/branch-protection#get-status-checks-protection,status:403} (attempt 17/30)
2026-04-27T05:14:51.4821207Z Still waiting for: {message:Resource not accessible by integration,documentation_url:https://docs.github.com/rest/branches/branch-protection#get-status-checks-protection,status:403} (attempt 18/30)
2026-04-27T05:15:01.8644239Z Still waiting for: {message:Resource not accessible by integration,documentation_url:https://docs.github.com/rest/branches/branch-protection#get-status-checks-protection,status:403} (attempt 19/30)
2026-04-27T05:15:12.2525279Z Still waiting for: {message:Resource not accessible by integration,documentation_url:https://docs.github.com/rest/branches/branch-protection#get-status-checks-protection,status:403} (attempt 20/30)
2026-04-27T05:15:22.5897248Z Still waiting for: {message:Resource not accessible by integration,documentation_url:https://docs.github.com/rest/branches/branch-protection#get-status-checks-protection,status:403} (attempt 21/30)
2026-04-27T05:15:32.9775782Z Still waiting for: {message:Resource not accessible by integration,documentation_url:https://docs.github.com/rest/branches/branch-protection#get-status-checks-protection,status:403} (attempt 22/30)
2026-04-27T05:15:43.3672967Z Still waiting for: {message:Resource not accessible by integration,documentation_url:https://docs.github.com/rest/branches/branch-protection#get-status-checks-protection,status:403} (attempt 23/30)
2026-04-27T05:15:53.7368853Z Still waiting for: {message:Resource not accessible by integration,documentation_url:https://docs.github.com/rest/branches/branch-protection#get-status-checks-protection,status:403} (attempt 24/30)
2026-04-27T05:16:04.1125520Z Still waiting for: {message:Resource not accessible by integration,documentation_url:https://docs.github.com/rest/branches/branch-protection#get-status-checks-protection,status:403} (attempt 25/30)
2026-04-27T05:16:14.6938792Z Still waiting for: {message:Resource not accessible by integration,documentation_url:https://docs.github.com/rest/branches/branch-protection#get-status-checks-protection,status:403} (attempt 26/30)
2026-04-27T05:16:25.0520810Z Still waiting for: {message:Resource not accessible by integration,documentation_url:https://docs.github.com/rest/branches/branch-protection#get-status-checks-protection,status:403} (attempt 27/30)
2026-04-27T05:16:35.3933170Z Still waiting for: {message:Resource not accessible by integration,documentation_url:https://docs.github.com/rest/branches/branch-protection#get-status-checks-protection,status:403} (attempt 28/30)
2026-04-27T05:16:45.7353136Z Still waiting for: {message:Resource not accessible by integration,documentation_url:https://docs.github.com/rest/branches/branch-protection#get-status-checks-protection,status:403} (attempt 29/30)
2026-04-27T05:16:56.0908814Z Still waiting for: {message:Resource not accessible by integration,documentation_url:https://docs.github.com/rest/branches/branch-protection#get-status-checks-protection,status:403} (attempt 30/30)
2026-04-27T05:17:06.0956452Z ##[warning]Some required checks never queued after 5 min: {message:Resource not accessible by integration,documentation_url:https://docs.github.com/rest/branches/branch-protection#get-status-checks-protection,status:403} — proceeding to wait-on-check-action anyway.
2026-04-27T05:17:06.1172896Z ##[group]Run lewagon/wait-on-check-action@ccfb013c15c8afb7bf2b7c028fb74dc5a068cccc
2026-04-27T05:17:06.1173317Z with:
2026-04-27T05:17:06.1173529Z   ref: 09a90b2897889f3e13289910aac0f6858be42f0e
2026-04-27T05:17:06.1173814Z   running-workflow-name: Auto-merge
2026-04-27T05:17:06.1174283Z   repo-token: ***
2026-04-27T05:17:06.1174480Z   wait-interval: 30
2026-04-27T05:17:06.1174711Z   allowed-conclusions: success,skipped,neutral
2026-04-27T05:17:06.1174976Z   verbose: true
2026-04-27T05:17:06.1175148Z env:
2026-04-27T05:17:06.1175304Z   WAIT_INTERVAL: 30
2026-04-27T05:17:06.1175484Z ##[endgroup]
2026-04-27T05:17:06.1302544Z ##[group]Run ruby/setup-ruby@v1
2026-04-27T05:17:06.1302801Z with:
2026-04-27T05:17:06.1303215Z   ruby-version: 3.2
2026-04-27T05:17:06.1303413Z   bundler-cache: false
2026-04-27T05:17:06.1303752Z   token: ***
2026-04-27T05:17:06.1303928Z env:
2026-04-27T05:17:06.1304091Z   WAIT_INTERVAL: 30
2026-04-27T05:17:06.1304279Z ##[endgroup]
2026-04-27T05:17:06.2932852Z ##[group]Modifying PATH
2026-04-27T05:17:06.2933414Z Entries added to PATH to use selected Ruby:
2026-04-27T05:17:06.2936312Z   /opt/hostedtoolcache/Ruby/3.2.11/x64/bin
2026-04-27T05:17:06.2940237Z ##[endgroup]
2026-04-27T05:17:06.2940883Z ##[group]Print Ruby version
2026-04-27T05:17:06.3024582Z [command]/opt/hostedtoolcache/Ruby/3.2.11/x64/bin/ruby --version
2026-04-27T05:17:06.4961351Z ruby 3.2.11 (2026-03-27 revision 5483bfc1ae) [x86_64-linux]
2026-04-27T05:17:06.4991963Z Took   0.20 seconds
2026-04-27T05:17:06.4992698Z ##[endgroup]
2026-04-27T05:17:06.4995165Z ##[group]Installing Bundler
2026-04-27T05:17:06.4998016Z Using Bundler shipped with ruby-3.2.11
2026-04-27T05:17:06.4999187Z Took   0.00 seconds
2026-04-27T05:17:06.4999951Z ##[endgroup]
2026-04-27T05:17:06.5632939Z ##[group]Run actions/cache@v4
2026-04-27T05:17:06.5633201Z with:
2026-04-27T05:17:06.5633625Z   path: /home/runner/work/_actions/lewagon/wait-on-check-action/ccfb013c15c8afb7bf2b7c028fb74dc5a068cccc
2026-04-27T05:17:06.5634132Z   key: Linux-gems-
2026-04-27T05:17:06.5634330Z   restore-keys: Linux-gems-
2026-04-27T05:17:06.5634559Z   enableCrossOsArchive: false
2026-04-27T05:17:06.5634781Z   fail-on-cache-miss: false
2026-04-27T05:17:06.5634978Z   lookup-only: false
2026-04-27T05:17:06.5635166Z   save-always: false
2026-04-27T05:17:06.5635335Z env:
2026-04-27T05:17:06.5635495Z   WAIT_INTERVAL: 30
2026-04-27T05:17:06.5635677Z ##[endgroup]
2026-04-27T05:17:06.7709961Z Cache hit for: Linux-gems-
2026-04-27T05:17:06.8405637Z Received 13179 of 13179 (100.0%), 0.8 MBs/sec
2026-04-27T05:17:06.8406170Z Cache Size: ~0 MB (13179 B)
2026-04-27T05:17:06.8443788Z [command]/usr/bin/tar -xf /home/runner/work/_temp/d0616014-16c0-4da7-82cf-a35ee565eceb/cache.tzst -P -C /home/runner/work/prismTask/prismTask --use-compress-program unzstd
2026-04-27T05:17:06.8506694Z Cache restored successfully
2026-04-27T05:17:06.8586341Z Cache restored from key: Linux-gems-
2026-04-27T05:17:06.8663211Z ##[group]Run bundle install --jobs 4 --retry 3
2026-04-27T05:17:06.8663550Z [36;1mbundle install --jobs 4 --retry 3[0m
2026-04-27T05:17:06.8688029Z shell: /usr/bin/bash --noprofile --norc -e -o pipefail {0}
2026-04-27T05:17:06.8688343Z env:
2026-04-27T05:17:06.8688522Z   WAIT_INTERVAL: 30
2026-04-27T05:17:06.8688716Z ##[endgroup]
2026-04-27T05:17:08.3044187Z Bundler 2.4.19 is running, but your lockfile was generated with 2.2.3. Installing Bundler 2.2.3 and restarting using that version.
2026-04-27T05:17:10.0368846Z Fetching gem metadata from https://rubygems.org/.
2026-04-27T05:17:10.0443184Z Fetching bundler 2.2.3
2026-04-27T05:17:10.1986829Z Installing bundler 2.2.3
2026-04-27T05:17:10.4006851Z Calling `DidYouMean::SPELL_CHECKERS.merge!(error_name => spell_checker)' has been deprecated. Please call `DidYouMean.correct_error(error_name, spell_checker)' instead.
2026-04-27T05:17:11.7002290Z Fetching gem metadata from https://rubygems.org/.........
2026-04-27T05:17:11.7100389Z Fetching public_suffix 4.0.7
2026-04-27T05:17:11.7104282Z Fetching concurrent-ruby 1.2.2
2026-04-27T05:17:11.7108250Z Fetching minitest 5.18.0
2026-04-27T05:17:11.7111633Z Fetching zeitwerk 2.6.7
2026-04-27T05:17:11.8347126Z Installing zeitwerk 2.6.7
2026-04-27T05:17:11.8493373Z Installing minitest 5.18.0
2026-04-27T05:17:11.8573695Z Installing public_suffix 4.0.7
2026-04-27T05:17:11.8723383Z Installing concurrent-ruby 1.2.2
2026-04-27T05:17:11.9025292Z Fetching ast 2.4.2
2026-04-27T05:17:11.9353834Z Using bundler 2.2.3
2026-04-27T05:17:11.9366926Z Fetching byebug 11.1.3
2026-04-27T05:17:11.9741084Z Installing ast 2.4.2
2026-04-27T05:17:11.9842822Z Installing byebug 11.1.3 with native extensions
2026-04-27T05:17:11.9924118Z Fetching diff-lcs 1.4.4
2026-04-27T05:17:12.0196901Z Fetching faraday-net_http 2.0.3
2026-04-27T05:17:12.0724953Z Installing faraday-net_http 2.0.3
2026-04-27T05:17:12.0800521Z Installing diff-lcs 1.4.4
2026-04-27T05:17:12.0886238Z Using ruby2_keywords 0.0.5
2026-04-27T05:17:12.0892967Z Fetching json 2.7.1
2026-04-27T05:17:12.1352697Z Installing json 2.7.1 with native extensions
2026-04-27T05:17:12.1823483Z Fetching language_server-protocol 3.17.0.3
2026-04-27T05:17:12.2433026Z Installing language_server-protocol 3.17.0.3
2026-04-27T05:17:12.2870824Z Fetching lint_roller 1.1.0
2026-04-27T05:17:12.3496116Z Installing lint_roller 1.1.0
2026-04-27T05:17:12.3633245Z Fetching parallel 1.24.0
2026-04-27T05:17:12.4067179Z Installing parallel 1.24.0
2026-04-27T05:17:12.4164116Z Fetching racc 1.7.3
2026-04-27T05:17:12.4626441Z Installing racc 1.7.3 with native extensions
2026-04-27T05:17:12.4935625Z Fetching rainbow 3.1.1
2026-04-27T05:17:12.5340067Z Installing rainbow 3.1.1
2026-04-27T05:17:12.5421839Z Fetching regexp_parser 2.8.3
2026-04-27T05:17:12.5897185Z Installing regexp_parser 2.8.3
2026-04-27T05:17:12.6142689Z Fetching rexml 3.2.6
2026-04-27T05:17:12.6536418Z Installing rexml 3.2.6
2026-04-27T05:17:12.6836022Z Fetching rspec-support 3.10.1
2026-04-27T05:17:12.8044804Z Installing rspec-support 3.10.1
2026-04-27T05:17:12.8196179Z Fetching ruby-progressbar 1.13.0
2026-04-27T05:17:12.8584928Z Installing ruby-progressbar 1.13.0
2026-04-27T05:17:12.8692376Z Fetching unicode-display_width 2.5.0
2026-04-27T05:17:12.9063014Z Installing unicode-display_width 2.5.0
2026-04-27T05:17:12.9125923Z Fetching addressable 2.8.0
2026-04-27T05:17:12.9579122Z Installing addressable 2.8.0
2026-04-27T05:17:12.9782556Z Fetching faraday 2.3.0
2026-04-27T05:17:13.0350321Z Installing faraday 2.3.0
2026-04-27T05:17:13.0616718Z Fetching i18n 1.12.0
2026-04-27T05:17:13.1160228Z Installing i18n 1.12.0
2026-04-27T05:17:13.1385378Z Fetching tzinfo 2.0.6
2026-04-27T05:17:13.1980480Z Installing tzinfo 2.0.6
2026-04-27T05:17:13.2240230Z Fetching rspec-core 3.10.1
2026-04-27T05:17:13.2900342Z Installing rspec-core 3.10.1
2026-04-27T05:17:13.3295975Z Fetching rspec-expectations 3.10.1
2026-04-27T05:17:13.3884850Z Installing rspec-expectations 3.10.1
2026-04-27T05:17:13.4152101Z Fetching rspec-mocks 3.10.1
2026-04-27T05:17:13.4743594Z Installing rspec-mocks 3.10.1
2026-04-27T05:17:13.4984017Z Fetching faraday-retry 2.0.0
2026-04-27T05:17:13.5523915Z Installing faraday-retry 2.0.0
2026-04-27T05:17:13.5624787Z Fetching sawyer 0.9.2
2026-04-27T05:17:13.6132367Z Installing sawyer 0.9.2
2026-04-27T05:17:13.6250522Z Fetching activesupport 6.1.7.3
2026-04-27T05:17:13.6600460Z Fetching rspec 3.10.0
2026-04-27T05:17:13.6938189Z Installing rspec 3.10.0
2026-04-27T05:17:13.7022199Z Installing activesupport 6.1.7.3
2026-04-27T05:17:13.7023956Z Fetching octokit 4.25.0
2026-04-27T05:17:13.7428586Z Installing octokit 4.25.0
2026-04-27T05:17:13.7980702Z Fetching parser 3.2.2.4
2026-04-27T05:17:13.8951402Z Installing parser 3.2.2.4
2026-04-27T05:17:13.9840576Z Fetching rubocop-ast 1.30.0
2026-04-27T05:17:14.0202313Z Installing rubocop-ast 1.30.0
2026-04-27T05:17:15.4619536Z Fetching rubocop 1.57.2
2026-04-27T05:17:15.5259367Z Installing rubocop 1.57.2
2026-04-27T05:17:15.7066918Z Fetching rubocop-performance 1.19.1
2026-04-27T05:17:15.7067293Z Fetching standard-custom 1.0.2
2026-04-27T05:17:15.7654601Z Installing standard-custom 1.0.2
2026-04-27T05:17:15.7665632Z Installing rubocop-performance 1.19.1
2026-04-27T05:17:15.7862973Z Fetching standard-performance 1.2.1
2026-04-27T05:17:15.8174832Z Installing standard-performance 1.2.1
2026-04-27T05:17:15.8245249Z Fetching standard 1.32.1
2026-04-27T05:17:15.8626843Z Installing standard 1.32.1
2026-04-27T05:17:15.8848036Z Bundle complete! 6 Gemfile dependencies, 40 gems now installed.
2026-04-27T05:17:15.8848758Z Use `bundle info [gemname]` to see where a bundled gem is installed.
2026-04-27T05:17:15.9411363Z ##[group]Run ruby entrypoint.rb
2026-04-27T05:17:15.9411656Z [36;1mruby entrypoint.rb[0m
2026-04-27T05:17:15.9434120Z shell: /usr/bin/bash --noprofile --norc -e -o pipefail {0}
2026-04-27T05:17:15.9434460Z env:
2026-04-27T05:17:15.9434639Z   WAIT_INTERVAL: 30
2026-04-27T05:17:15.9435070Z   ALLOWED_CONCLUSIONS: success,skipped,neutral
2026-04-27T05:17:15.9435350Z   IGNORE_CHECKS: 
2026-04-27T05:17:15.9435538Z   CHECK_NAME: 
2026-04-27T05:17:15.9435708Z   CHECK_REGEXP: 
2026-04-27T05:17:15.9435931Z   REF: 09a90b2897889f3e13289910aac0f6858be42f0e
2026-04-27T05:17:15.9436456Z   REPO_TOKEN: ***
2026-04-27T05:17:15.9436658Z   VERBOSE: true
2026-04-27T05:17:15.9436870Z   RUNNING_WORKFLOW_NAME: Auto-merge
2026-04-27T05:17:15.9437116Z   API_ENDPOINT: 
2026-04-27T05:17:15.9437301Z ##[endgroup]
2026-04-27T05:17:16.8439135Z Checks running on ref:
2026-04-27T05:17:16.8440220Z Checks completed: capture-failure-log, capture-failure-log, e2e, capture-failure-log, connected-tests, cross-device-tests, web-lint-and-test, test, maybe-label
2026-04-27T05:17:16.8440896Z Checks in_progress: Auto-merge
2026-04-27T05:17:16.8441147Z Checks after ignore checks filter:
2026-04-27T05:17:16.8464134Z Checks completed: capture-failure-log, capture-failure-log, e2e, capture-failure-log, connected-tests, cross-device-tests, web-lint-and-test, test, maybe-label
2026-04-27T05:17:16.8465461Z Checks after check_name filter:
2026-04-27T05:17:16.8466556Z Checks completed: capture-failure-log, capture-failure-log, e2e, capture-failure-log, connected-tests, cross-device-tests, web-lint-and-test, test, maybe-label
2026-04-27T05:17:16.8467527Z Checks after Regexp filter:
2026-04-27T05:17:16.8468422Z Checks completed: capture-failure-log, capture-failure-log, e2e, capture-failure-log, connected-tests, cross-device-tests, web-lint-and-test, test, maybe-label
2026-04-27T05:17:16.8469651Z Checks completed:
2026-04-27T05:17:16.8469979Z capture-failure-log: completed (skipped)
2026-04-27T05:17:16.8470386Z capture-failure-log: completed (skipped)
2026-04-27T05:17:16.8470759Z e2e: completed (success)
2026-04-27T05:17:16.8471081Z capture-failure-log: completed (skipped)
2026-04-27T05:17:16.8471454Z connected-tests: completed (skipped)
2026-04-27T05:17:16.8471833Z cross-device-tests: completed (skipped)
2026-04-27T05:17:16.8472200Z web-lint-and-test: completed (success)
2026-04-27T05:17:16.8472465Z test: completed (cancelled)
2026-04-27T05:17:16.8472702Z maybe-label: completed (success)
2026-04-27T05:17:16.8473520Z The conclusion of one or more checks were not allowed. Allowed conclusions are: success, skipped, neutral. This can be configured with the 'allowed-conclusions' param.
2026-04-27T05:17:16.8514263Z ##[error]Process completed with exit code 1.
2026-04-27T05:17:16.8622172Z Post job cleanup.
2026-04-27T05:17:16.8672665Z Cleaning up orphan processes
2026-04-27T05:17:16.8948143Z ##[warning]Node.js 20 actions are deprecated. The following actions are running on Node.js 20 and may not work as expected: actions/cache@v4. Actions will be forced to run with Node.js 24 by default starting June 2nd, 2026. Node.js 20 will be removed from the runner on September 16th, 2026. Please check if updated versions of these actions are available that support Node.js 24. To opt into Node.js 24 now, set the FORCE_JAVASCRIPT_ACTIONS_TO_NODE24=true environment variable on the runner or in your workflow file. Once Node.js 24 becomes the default, you can temporarily opt out by setting ACTIONS_ALLOW_USE_UNSECURE_NODE_VERSION=true. For more information see: https://github.blog/changelog/2025-09-19-deprecation-of-node-20-on-github-actions-runners/
