=== CI FAILURE ===
Workflow:      Auto-merge & Release
Workflow file: averycorp/prismTask/.github/workflows/auto-merge.yml@refs/pull/937/merge
Job(s):        Auto-merge
Run ID:        25092332160
Run attempt:   1
Run URL:       https://github.com/averycorp/prismTask/actions/runs/25092332160
Commit:        503a07924cb71e24f269a136d8436b3f75870b29
Branch:        937/merge
Event:         pull_request
Actor:         akarlin3
Runner OS:     Linux
Timestamp:     2026-04-29T05:24:25.567Z

Failed steps:
  - Auto-merge: #4 Wait for all other CI checks to pass

=== FAILED JOB LOG ===

--- Job: Auto-merge (id 73521003094) ---
2026-04-29T05:22:12.1901094Z Current runner version: '2.334.0'
2026-04-29T05:22:12.1923930Z ##[group]Runner Image Provisioner
2026-04-29T05:22:12.1924828Z Hosted Compute Agent
2026-04-29T05:22:12.1925352Z Version: 20260213.493
2026-04-29T05:22:12.1925951Z Commit: 5c115507f6dd24b8de37d8bbe0bb4509d0cc0fa3
2026-04-29T05:22:12.1926735Z Build Date: 2026-02-13T00:28:41Z
2026-04-29T05:22:12.1927350Z Worker ID: {364c5f72-4a60-48b9-b1b0-e766374ab18a}
2026-04-29T05:22:12.1928049Z Azure Region: westus
2026-04-29T05:22:12.1928574Z ##[endgroup]
2026-04-29T05:22:12.1929999Z ##[group]Operating System
2026-04-29T05:22:12.1930591Z Ubuntu
2026-04-29T05:22:12.1931086Z 24.04.4
2026-04-29T05:22:12.1931589Z LTS
2026-04-29T05:22:12.1932044Z ##[endgroup]
2026-04-29T05:22:12.1932529Z ##[group]Runner Image
2026-04-29T05:22:12.1933510Z Image: ubuntu-24.04
2026-04-29T05:22:12.1934010Z Version: 20260413.86.1
2026-04-29T05:22:12.1935269Z Included Software: https://github.com/actions/runner-images/blob/ubuntu24/20260413.86/images/ubuntu/Ubuntu2404-Readme.md
2026-04-29T05:22:12.1936673Z Image Release: https://github.com/actions/runner-images/releases/tag/ubuntu24%2F20260413.86
2026-04-29T05:22:12.1937608Z ##[endgroup]
2026-04-29T05:22:12.1938826Z ##[group]GITHUB_TOKEN Permissions
2026-04-29T05:22:12.1940738Z Actions: read
2026-04-29T05:22:12.1941274Z Checks: read
2026-04-29T05:22:12.1941856Z Contents: write
2026-04-29T05:22:12.1942390Z Metadata: read
2026-04-29T05:22:12.1942878Z PullRequests: write
2026-04-29T05:22:12.1943775Z ##[endgroup]
2026-04-29T05:22:12.1945926Z Secret source: Actions
2026-04-29T05:22:12.1946619Z Prepare workflow directory
2026-04-29T05:22:12.2356482Z Prepare all required actions
2026-04-29T05:22:12.2412293Z Getting action download info
2026-04-29T05:22:12.7225475Z Download action repository 'lewagon/wait-on-check-action@ccfb013c15c8afb7bf2b7c028fb74dc5a068cccc' (SHA:ccfb013c15c8afb7bf2b7c028fb74dc5a068cccc)
2026-04-29T05:22:13.3590918Z Getting action download info
2026-04-29T05:22:13.6272720Z Download action repository 'ruby/setup-ruby@v1' (SHA:c4e5b1316158f92e3d49443a9d58b31d25ac0f8f)
2026-04-29T05:22:14.1661977Z Download action repository 'actions/cache@v4' (SHA:0057852bfaa89a56745cba8c7296529d2fc39830)
2026-04-29T05:22:14.3160496Z Complete job name: Auto-merge
2026-04-29T05:22:14.3869042Z ##[group]Run set -euo pipefail
2026-04-29T05:22:14.3870160Z [36;1mset -euo pipefail[0m
2026-04-29T05:22:14.3871461Z [36;1m# Audit item #5 — poll check-runs for up to 60s instead of a bare[0m
2026-04-29T05:22:14.3873502Z [36;1m# 20s sleep. On a busy runner cohort the initial 20s wasn't enough[0m
2026-04-29T05:22:14.3875244Z [36;1m# for the API to reflect queued workflow runs, which could merge[0m
2026-04-29T05:22:14.3876961Z [36;1m# PRs without waiting for CI. Bail out early as soon as ≥1 real[0m
2026-04-29T05:22:14.3878355Z [36;1m# check shows up.[0m
2026-04-29T05:22:14.3879243Z [36;1mCOUNT=0[0m
2026-04-29T05:22:14.3880029Z [36;1mfor i in $(seq 1 6); do[0m
2026-04-29T05:22:14.3880956Z [36;1m  sleep 10[0m
2026-04-29T05:22:14.3882067Z [36;1m  COUNT=$(gh api "repos/$REPO/commits/$HEAD_SHA/check-runs" \[0m
2026-04-29T05:22:14.3883880Z [36;1m    --jq '[.check_runs[] | select(.name != "Auto-merge")] | length')[0m
2026-04-29T05:22:14.3885283Z [36;1m  if [ "$COUNT" -gt 0 ]; then[0m
2026-04-29T05:22:14.3886560Z [36;1m    echo "Found $COUNT non-Auto-merge check(s) after ${i}0s"[0m
2026-04-29T05:22:14.3887828Z [36;1m    break[0m
2026-04-29T05:22:14.3888609Z [36;1m  fi[0m
2026-04-29T05:22:14.3889570Z [36;1m  echo "No non-Auto-merge checks yet (attempt $i/6)"[0m
2026-04-29T05:22:14.3890759Z [36;1mdone[0m
2026-04-29T05:22:14.3891500Z [36;1mif [ "$COUNT" -gt 0 ]; then[0m
2026-04-29T05:22:14.3892543Z [36;1m  echo "has_ci=true" >> "$GITHUB_OUTPUT"[0m
2026-04-29T05:22:14.3893729Z [36;1melse[0m
2026-04-29T05:22:14.3894568Z [36;1m  echo "has_ci=false" >> "$GITHUB_OUTPUT"[0m
2026-04-29T05:22:14.3896070Z [36;1m  echo "No CI checks on this PR after 60s — will merge without waiting."[0m
2026-04-29T05:22:14.3897450Z [36;1mfi[0m
2026-04-29T05:22:14.3924021Z shell: /usr/bin/bash -e {0}
2026-04-29T05:22:14.3925241Z env:
2026-04-29T05:22:14.3925935Z   WAIT_INTERVAL: 15
2026-04-29T05:22:14.3927102Z   GH_TOKEN: ***
2026-04-29T05:22:14.3928025Z   HEAD_SHA: fb0d0e949a782ac3ae94487aa478c3fbe443faaa
2026-04-29T05:22:14.3929176Z   REPO: averycorp/prismTask
2026-04-29T05:22:14.3930034Z ##[endgroup]
2026-04-29T05:22:25.3459709Z Found 9 non-Auto-merge check(s) after 10s
2026-04-29T05:22:25.3581030Z ##[group]Run set -euo pipefail
2026-04-29T05:22:25.3581420Z [36;1mset -euo pipefail[0m
2026-04-29T05:22:25.3581872Z [36;1mREQUIRED=$(gh api "repos/$REPO/branches/main/protection/required_status_checks" \[0m
2026-04-29T05:22:25.3582365Z [36;1m  --jq '.contexts[]' 2>/dev/null || true)[0m
2026-04-29T05:22:25.3582702Z [36;1mif [ -z "$REQUIRED" ]; then[0m
2026-04-29T05:22:25.3583470Z [36;1m  echo "::warning::Could not query branch protection (likely a permission issue) — using hardcoded fallback list."[0m
2026-04-29T05:22:25.3584048Z [36;1m  REQUIRED="$FALLBACK_REQUIRED"[0m
2026-04-29T05:22:25.3584354Z [36;1mfi[0m
2026-04-29T05:22:25.3584661Z [36;1m# Strip Auto-merge from the required list so we don't wait on[0m
2026-04-29T05:22:25.3585125Z [36;1m# ourselves (it's listed because we ARE the running workflow).[0m
2026-04-29T05:22:25.3585661Z [36;1mREQUIRED=$(echo "$REQUIRED" | grep -vE '^\s*Auto-merge\s*$' | grep -vE '^\s*$' || true)[0m
2026-04-29T05:22:25.3586173Z [36;1mif [ -z "$REQUIRED" ]; then[0m
2026-04-29T05:22:25.3586566Z [36;1m  echo "No required checks beyond Auto-merge; skipping queue wait."[0m
2026-04-29T05:22:25.3587015Z [36;1m  exit 0[0m
2026-04-29T05:22:25.3587255Z [36;1mfi[0m
2026-04-29T05:22:25.3587526Z [36;1mecho "Waiting until these required checks queue:"[0m
2026-04-29T05:22:25.3587883Z [36;1mecho "$REQUIRED" | sed 's/^/  /'[0m
2026-04-29T05:22:25.3588264Z [36;1m# Audit PR #876 → CI pathway efficiency: this loop was burning[0m
2026-04-29T05:22:25.3588711Z [36;1m# ~315s/PR (PR #874 run 25035518360 + PR #873 run 25035513300)[0m
2026-04-29T05:22:25.3589160Z [36;1m# while underlying required checks were observably complete in[0m
2026-04-29T05:22:25.3589623Z [36;1m# ~30s. Mean job wall-clock was 343s with std-dev ~7s across 10[0m
2026-04-29T05:22:25.3590076Z [36;1m# runs — i.e. the loop almost always ran to its 5-minute ceiling.[0m
2026-04-29T05:22:25.3590504Z [36;1m# Two compensating mitigations + diagnostics:[0m
2026-04-29T05:22:25.3590825Z [36;1m#[0m
2026-04-29T05:22:25.3591128Z [36;1m#   (a) Cap dropped 30 → 18 attempts at 5s interval = 90s ceiling[0m
2026-04-29T05:22:25.3591555Z [36;1m#       (still > 2× the 43s race window from PR #804).[0m
2026-04-29T05:22:25.3591970Z [36;1m#   (b) Poll interval dropped 10s → 5s for faster detection.[0m
2026-04-29T05:22:25.3592431Z [36;1m#   (c) Per-iteration diagnostic prints MISSING + visible CHECK_RUNS[0m
2026-04-29T05:22:25.3593147Z [36;1m#       so future investigation can pinpoint the matching mismatch[0m
2026-04-29T05:22:25.3593650Z [36;1m#       (the immediate root-cause was not yet identified — the[0m
2026-04-29T05:22:25.3594107Z [36;1m#       MISSING list never empties even though CHECK_RUNS clearly[0m
2026-04-29T05:22:25.3594563Z [36;1m#       contains every REQUIRED name. Likely a trim/encoding edge[0m
2026-04-29T05:22:25.3595086Z [36;1m#       case in the comparison loop, but observability beats[0m
2026-04-29T05:22:25.3595480Z [36;1m#       guessing).[0m
2026-04-29T05:22:25.3595759Z [36;1mfor attempt in $(seq 1 18); do[0m
2026-04-29T05:22:25.3596169Z [36;1m  CHECK_RUNS=$(gh api --paginate "repos/$REPO/commits/$HEAD_SHA/check-runs" \[0m
2026-04-29T05:22:25.3596627Z [36;1m    --jq '.check_runs[].name' | sort -u)[0m
2026-04-29T05:22:25.3596931Z [36;1m  MISSING=""[0m
2026-04-29T05:22:25.3597170Z [36;1m  while IFS= read -r req; do[0m
2026-04-29T05:22:25.3597452Z [36;1m    [ -z "$req" ] && continue[0m
2026-04-29T05:22:25.3597750Z [36;1m    req_trimmed=$(echo "$req" | xargs)[0m
2026-04-29T05:22:25.3598125Z [36;1m    if ! echo "$CHECK_RUNS" | grep -qxF "$req_trimmed"; then[0m
2026-04-29T05:22:25.3598686Z [36;1m      MISSING="$MISSING $req_trimmed"[0m
2026-04-29T05:22:25.3598970Z [36;1m    fi[0m
2026-04-29T05:22:25.3599194Z [36;1m  done <<< "$REQUIRED"[0m
2026-04-29T05:22:25.3599463Z [36;1m  if [ -z "$MISSING" ]; then[0m
2026-04-29T05:22:25.3599893Z [36;1m    echo "All required checks have queued after attempt $attempt (~$((attempt * 5))s)."[0m
2026-04-29T05:22:25.3600490Z [36;1m    exit 0[0m
2026-04-29T05:22:25.3600716Z [36;1m  fi[0m
2026-04-29T05:22:25.3601004Z [36;1m  echo "Attempt $attempt/18 — still missing:$MISSING"[0m
2026-04-29T05:22:25.3601478Z [36;1m  echo "  Visible check-runs: $(echo "$CHECK_RUNS" | tr '\n' ',' | sed 's/,$//')"[0m
2026-04-29T05:22:25.3601886Z [36;1m  sleep 5[0m
2026-04-29T05:22:25.3602107Z [36;1mdone[0m
2026-04-29T05:22:25.3602590Z [36;1mecho "::warning::Some required checks never queued after 90s:$MISSING — proceeding to wait-on-check-action anyway."[0m
2026-04-29T05:22:25.3624980Z shell: /usr/bin/bash -e {0}
2026-04-29T05:22:25.3625272Z env:
2026-04-29T05:22:25.3625479Z   WAIT_INTERVAL: 15
2026-04-29T05:22:25.3625972Z   GH_TOKEN: ***
2026-04-29T05:22:25.3626250Z   HEAD_SHA: fb0d0e949a782ac3ae94487aa478c3fbe443faaa
2026-04-29T05:22:25.3626590Z   REPO: averycorp/prismTask
2026-04-29T05:22:25.3626970Z   FALLBACK_REQUIRED: lint-and-test
connected-tests
test
web-lint-and-test

2026-04-29T05:22:25.3627397Z ##[endgroup]
2026-04-29T05:22:25.6302080Z Waiting until these required checks queue:
2026-04-29T05:22:25.6316974Z   {"message":"Resource not accessible by integration","documentation_url":"https://docs.github.com/rest/branches/branch-protection#get-status-checks-protection","status":"403"}
2026-04-29T05:22:26.0715917Z Attempt 1/18 — still missing: {message:Resource not accessible by integration,documentation_url:https://docs.github.com/rest/branches/branch-protection#get-status-checks-protection,status:403}
2026-04-29T05:22:26.0741585Z   Visible check-runs: Auto-merge,autofix,capture-failure-log,connected-tests,cross-device-tests,e2e,lint-and-test,maybe-label,test,web-lint-and-test
2026-04-29T05:22:31.6027713Z Attempt 2/18 — still missing: {message:Resource not accessible by integration,documentation_url:https://docs.github.com/rest/branches/branch-protection#get-status-checks-protection,status:403}
2026-04-29T05:22:31.6049229Z   Visible check-runs: Auto-merge,autofix,capture-failure-log,connected-tests,cross-device-tests,e2e,lint-and-test,maybe-label,test,web-lint-and-test
2026-04-29T05:22:37.2364050Z Attempt 3/18 — still missing: {message:Resource not accessible by integration,documentation_url:https://docs.github.com/rest/branches/branch-protection#get-status-checks-protection,status:403}
2026-04-29T05:22:37.2385119Z   Visible check-runs: Auto-merge,autofix,capture-failure-log,connected-tests,cross-device-tests,e2e,lint-and-test,maybe-label,test,web-lint-and-test
2026-04-29T05:22:42.7657487Z Attempt 4/18 — still missing: {message:Resource not accessible by integration,documentation_url:https://docs.github.com/rest/branches/branch-protection#get-status-checks-protection,status:403}
2026-04-29T05:22:42.7679651Z   Visible check-runs: Auto-merge,autofix,capture-failure-log,connected-tests,cross-device-tests,e2e,lint-and-test,maybe-label,test,web-lint-and-test
2026-04-29T05:22:48.2957450Z Attempt 5/18 — still missing: {message:Resource not accessible by integration,documentation_url:https://docs.github.com/rest/branches/branch-protection#get-status-checks-protection,status:403}
2026-04-29T05:22:48.2981158Z   Visible check-runs: Auto-merge,autofix,capture-failure-log,connected-tests,cross-device-tests,e2e,lint-and-test,maybe-label,test,web-lint-and-test
2026-04-29T05:22:53.8095442Z Attempt 6/18 — still missing: {message:Resource not accessible by integration,documentation_url:https://docs.github.com/rest/branches/branch-protection#get-status-checks-protection,status:403}
2026-04-29T05:22:53.8118791Z   Visible check-runs: Auto-merge,autofix,capture-failure-log,connected-tests,cross-device-tests,e2e,lint-and-test,maybe-label,test,web-lint-and-test
2026-04-29T05:22:59.3434846Z Attempt 7/18 — still missing: {message:Resource not accessible by integration,documentation_url:https://docs.github.com/rest/branches/branch-protection#get-status-checks-protection,status:403}
2026-04-29T05:22:59.3456621Z   Visible check-runs: Auto-merge,autofix,capture-failure-log,connected-tests,cross-device-tests,e2e,lint-and-test,maybe-label,test,web-lint-and-test
2026-04-29T05:23:04.8838249Z Attempt 8/18 — still missing: {message:Resource not accessible by integration,documentation_url:https://docs.github.com/rest/branches/branch-protection#get-status-checks-protection,status:403}
2026-04-29T05:23:04.8859525Z   Visible check-runs: Auto-merge,autofix,capture-failure-log,connected-tests,cross-device-tests,e2e,lint-and-test,maybe-label,test,web-lint-and-test
2026-04-29T05:23:10.3844223Z Attempt 9/18 — still missing: {message:Resource not accessible by integration,documentation_url:https://docs.github.com/rest/branches/branch-protection#get-status-checks-protection,status:403}
2026-04-29T05:23:10.3865166Z   Visible check-runs: Auto-merge,autofix,capture-failure-log,connected-tests,cross-device-tests,e2e,lint-and-test,maybe-label,test,web-lint-and-test
2026-04-29T05:23:15.8785248Z Attempt 10/18 — still missing: {message:Resource not accessible by integration,documentation_url:https://docs.github.com/rest/branches/branch-protection#get-status-checks-protection,status:403}
2026-04-29T05:23:15.8811528Z   Visible check-runs: Auto-merge,autofix,capture-failure-log,connected-tests,cross-device-tests,e2e,lint-and-test,maybe-label,test,web-lint-and-test
2026-04-29T05:23:21.3307656Z Attempt 11/18 — still missing: {message:Resource not accessible by integration,documentation_url:https://docs.github.com/rest/branches/branch-protection#get-status-checks-protection,status:403}
2026-04-29T05:23:21.3331956Z   Visible check-runs: Auto-merge,autofix,capture-failure-log,connected-tests,cross-device-tests,e2e,lint-and-test,maybe-label,test,web-lint-and-test
2026-04-29T05:23:26.8583888Z Attempt 12/18 — still missing: {message:Resource not accessible by integration,documentation_url:https://docs.github.com/rest/branches/branch-protection#get-status-checks-protection,status:403}
2026-04-29T05:23:26.8604572Z   Visible check-runs: Auto-merge,autofix,capture-failure-log,connected-tests,cross-device-tests,e2e,lint-and-test,maybe-label,test,web-lint-and-test
2026-04-29T05:23:32.3384707Z Attempt 13/18 — still missing: {message:Resource not accessible by integration,documentation_url:https://docs.github.com/rest/branches/branch-protection#get-status-checks-protection,status:403}
2026-04-29T05:23:32.3408619Z   Visible check-runs: Auto-merge,autofix,capture-failure-log,connected-tests,cross-device-tests,e2e,lint-and-test,maybe-label,test,web-lint-and-test
2026-04-29T05:23:37.8321716Z Attempt 14/18 — still missing: {message:Resource not accessible by integration,documentation_url:https://docs.github.com/rest/branches/branch-protection#get-status-checks-protection,status:403}
2026-04-29T05:23:37.8344054Z   Visible check-runs: Auto-merge,autofix,capture-failure-log,connected-tests,cross-device-tests,e2e,lint-and-test,maybe-label,test,web-lint-and-test
2026-04-29T05:23:43.3003417Z Attempt 15/18 — still missing: {message:Resource not accessible by integration,documentation_url:https://docs.github.com/rest/branches/branch-protection#get-status-checks-protection,status:403}
2026-04-29T05:23:43.3028217Z   Visible check-runs: Auto-merge,autofix,capture-failure-log,connected-tests,cross-device-tests,e2e,lint-and-test,maybe-label,test,web-lint-and-test
2026-04-29T05:23:48.8258820Z Attempt 16/18 — still missing: {message:Resource not accessible by integration,documentation_url:https://docs.github.com/rest/branches/branch-protection#get-status-checks-protection,status:403}
2026-04-29T05:23:48.8279208Z   Visible check-runs: Auto-merge,autofix,capture-failure-log,connected-tests,cross-device-tests,e2e,lint-and-test,maybe-label,test,web-lint-and-test
2026-04-29T05:23:54.3332660Z Attempt 17/18 — still missing: {message:Resource not accessible by integration,documentation_url:https://docs.github.com/rest/branches/branch-protection#get-status-checks-protection,status:403}
2026-04-29T05:23:54.3354980Z   Visible check-runs: Auto-merge,autofix,capture-failure-log,connected-tests,cross-device-tests,e2e,lint-and-test,maybe-label,test,web-lint-and-test
2026-04-29T05:23:59.8621491Z Attempt 18/18 — still missing: {message:Resource not accessible by integration,documentation_url:https://docs.github.com/rest/branches/branch-protection#get-status-checks-protection,status:403}
2026-04-29T05:23:59.8642238Z   Visible check-runs: Auto-merge,autofix,capture-failure-log,connected-tests,cross-device-tests,e2e,lint-and-test,maybe-label,test,web-lint-and-test
2026-04-29T05:24:04.8688314Z ##[warning]Some required checks never queued after 90s: {message:Resource not accessible by integration,documentation_url:https://docs.github.com/rest/branches/branch-protection#get-status-checks-protection,status:403} — proceeding to wait-on-check-action anyway.
2026-04-29T05:24:04.8899282Z ##[group]Run lewagon/wait-on-check-action@ccfb013c15c8afb7bf2b7c028fb74dc5a068cccc
2026-04-29T05:24:04.8899715Z with:
2026-04-29T05:24:04.8899925Z   ref: fb0d0e949a782ac3ae94487aa478c3fbe443faaa
2026-04-29T05:24:04.8900206Z   running-workflow-name: Auto-merge
2026-04-29T05:24:04.8900641Z   repo-token: ***
2026-04-29T05:24:04.8900899Z   wait-interval: 15
2026-04-29T05:24:04.8901124Z   allowed-conclusions: success,skipped,neutral
2026-04-29T05:24:04.8901400Z   verbose: true
2026-04-29T05:24:04.8901569Z env:
2026-04-29T05:24:04.8901724Z   WAIT_INTERVAL: 15
2026-04-29T05:24:04.8901903Z ##[endgroup]
2026-04-29T05:24:04.9021518Z ##[group]Run ruby/setup-ruby@v1
2026-04-29T05:24:04.9021770Z with:
2026-04-29T05:24:04.9021939Z   ruby-version: 3.2
2026-04-29T05:24:04.9022135Z   bundler-cache: false
2026-04-29T05:24:04.9022457Z   token: ***
2026-04-29T05:24:04.9022617Z env:
2026-04-29T05:24:04.9022776Z   WAIT_INTERVAL: 15
2026-04-29T05:24:04.9023232Z ##[endgroup]
2026-04-29T05:24:05.0300367Z ##[group]Modifying PATH
2026-04-29T05:24:05.0300887Z Entries added to PATH to use selected Ruby:
2026-04-29T05:24:05.0301429Z   /opt/hostedtoolcache/Ruby/3.2.11/x64/bin
2026-04-29T05:24:05.0306048Z ##[endgroup]
2026-04-29T05:24:05.0306834Z ##[group]Print Ruby version
2026-04-29T05:24:05.0348510Z [command]/opt/hostedtoolcache/Ruby/3.2.11/x64/bin/ruby --version
2026-04-29T05:24:05.2433917Z ruby 3.2.11 (2026-03-27 revision 5483bfc1ae) [x86_64-linux]
2026-04-29T05:24:05.2463124Z Took   0.22 seconds
2026-04-29T05:24:05.2464088Z ##[endgroup]
2026-04-29T05:24:05.2465857Z ##[group]Installing Bundler
2026-04-29T05:24:05.2469297Z Using Bundler shipped with ruby-3.2.11
2026-04-29T05:24:05.2470443Z Took   0.00 seconds
2026-04-29T05:24:05.2470991Z ##[endgroup]
2026-04-29T05:24:05.3127274Z ##[group]Run actions/cache@v4
2026-04-29T05:24:05.3127530Z with:
2026-04-29T05:24:05.3127947Z   path: /home/runner/work/_actions/lewagon/wait-on-check-action/ccfb013c15c8afb7bf2b7c028fb74dc5a068cccc
2026-04-29T05:24:05.3128448Z   key: Linux-gems-
2026-04-29T05:24:05.3128652Z   restore-keys: Linux-gems-
2026-04-29T05:24:05.3128881Z   enableCrossOsArchive: false
2026-04-29T05:24:05.3129111Z   fail-on-cache-miss: false
2026-04-29T05:24:05.3129316Z   lookup-only: false
2026-04-29T05:24:05.3129500Z   save-always: false
2026-04-29T05:24:05.3129667Z env:
2026-04-29T05:24:05.3129828Z   WAIT_INTERVAL: 15
2026-04-29T05:24:05.3130007Z ##[endgroup]
2026-04-29T05:24:05.7397187Z Cache not found for input keys: Linux-gems-, Linux-gems-
2026-04-29T05:24:05.7461033Z ##[group]Run bundle install --jobs 4 --retry 3
2026-04-29T05:24:05.7461342Z [36;1mbundle install --jobs 4 --retry 3[0m
2026-04-29T05:24:05.7484555Z shell: /usr/bin/bash --noprofile --norc -e -o pipefail {0}
2026-04-29T05:24:05.7484871Z env:
2026-04-29T05:24:05.7485035Z   WAIT_INTERVAL: 15
2026-04-29T05:24:05.7485215Z ##[endgroup]
2026-04-29T05:24:06.9245535Z Bundler 2.4.19 is running, but your lockfile was generated with 2.2.3. Installing Bundler 2.2.3 and restarting using that version.
2026-04-29T05:24:08.3301558Z Fetching gem metadata from https://rubygems.org/.
2026-04-29T05:24:08.3377073Z Fetching bundler 2.2.3
2026-04-29T05:24:08.4779099Z Installing bundler 2.2.3
2026-04-29T05:24:08.6684564Z Calling `DidYouMean::SPELL_CHECKERS.merge!(error_name => spell_checker)' has been deprecated. Please call `DidYouMean.correct_error(error_name, spell_checker)' instead.
2026-04-29T05:24:09.9865890Z Fetching gem metadata from https://rubygems.org/.........
2026-04-29T05:24:09.9966292Z Fetching zeitwerk 2.6.7
2026-04-29T05:24:10.0253648Z Fetching concurrent-ruby 1.2.2
2026-04-29T05:24:10.0261598Z Fetching minitest 5.18.0
2026-04-29T05:24:10.0490670Z Fetching public_suffix 4.0.7
2026-04-29T05:24:10.1125339Z Installing zeitwerk 2.6.7
2026-04-29T05:24:10.1270448Z Installing minitest 5.18.0
2026-04-29T05:24:10.1333425Z Installing public_suffix 4.0.7
2026-04-29T05:24:10.1766301Z Fetching ast 2.4.2
2026-04-29T05:24:10.2091565Z Installing concurrent-ruby 1.2.2
2026-04-29T05:24:10.2118485Z Installing ast 2.4.2
2026-04-29T05:24:10.2211146Z Using bundler 2.2.3
2026-04-29T05:24:10.2215811Z Fetching byebug 11.1.3
2026-04-29T05:24:10.2521171Z Fetching diff-lcs 1.4.4
2026-04-29T05:24:10.2901211Z Installing byebug 11.1.3 with native extensions
2026-04-29T05:24:10.2906704Z Installing diff-lcs 1.4.4
2026-04-29T05:24:10.3161699Z Fetching faraday-net_http 2.0.3
2026-04-29T05:24:10.3518355Z Installing faraday-net_http 2.0.3
2026-04-29T05:24:10.3687847Z Using ruby2_keywords 0.0.5
2026-04-29T05:24:10.3701447Z Fetching json 2.7.1
2026-04-29T05:24:10.4129470Z Installing json 2.7.1 with native extensions
2026-04-29T05:24:10.4272694Z Fetching language_server-protocol 3.17.0.3
2026-04-29T05:24:10.4700957Z Installing language_server-protocol 3.17.0.3
2026-04-29T05:24:10.5760391Z Fetching lint_roller 1.1.0
2026-04-29T05:24:10.6336987Z Installing lint_roller 1.1.0
2026-04-29T05:24:10.6503612Z Fetching parallel 1.24.0
2026-04-29T05:24:10.6871985Z Installing parallel 1.24.0
2026-04-29T05:24:10.6939040Z Fetching racc 1.7.3
2026-04-29T05:24:10.7365633Z Installing racc 1.7.3 with native extensions
2026-04-29T05:24:10.7812264Z Fetching rainbow 3.1.1
2026-04-29T05:24:10.8124598Z Installing rainbow 3.1.1
2026-04-29T05:24:10.8188338Z Fetching regexp_parser 2.8.3
2026-04-29T05:24:10.8627762Z Installing regexp_parser 2.8.3
2026-04-29T05:24:10.8862054Z Fetching rexml 3.2.6
2026-04-29T05:24:10.9308581Z Installing rexml 3.2.6
2026-04-29T05:24:11.0194828Z Fetching rspec-support 3.10.1
2026-04-29T05:24:11.0646476Z Installing rspec-support 3.10.1
2026-04-29T05:24:11.0765855Z Fetching ruby-progressbar 1.13.0
2026-04-29T05:24:11.1095473Z Installing ruby-progressbar 1.13.0
2026-04-29T05:24:11.1210040Z Fetching unicode-display_width 2.5.0
2026-04-29T05:24:11.1526727Z Installing unicode-display_width 2.5.0
2026-04-29T05:24:11.1592593Z Fetching addressable 2.8.0
2026-04-29T05:24:11.2045410Z Installing addressable 2.8.0
2026-04-29T05:24:11.2198677Z Fetching faraday 2.3.0
2026-04-29T05:24:11.2589206Z Installing faraday 2.3.0
2026-04-29T05:24:11.2820149Z Fetching i18n 1.12.0
2026-04-29T05:24:11.3244126Z Installing i18n 1.12.0
2026-04-29T05:24:11.3446340Z Fetching tzinfo 2.0.6
2026-04-29T05:24:11.4021781Z Installing tzinfo 2.0.6
2026-04-29T05:24:11.4286128Z Fetching rspec-core 3.10.1
2026-04-29T05:24:11.5064118Z Installing rspec-core 3.10.1
2026-04-29T05:24:11.5513953Z Fetching rspec-expectations 3.10.1
2026-04-29T05:24:11.6096045Z Installing rspec-expectations 3.10.1
2026-04-29T05:24:11.6368422Z Fetching rspec-mocks 3.10.1
2026-04-29T05:24:11.6992904Z Installing rspec-mocks 3.10.1
2026-04-29T05:24:11.7229546Z Fetching faraday-retry 2.0.0
2026-04-29T05:24:11.7817668Z Installing faraday-retry 2.0.0
2026-04-29T05:24:11.7908217Z Fetching sawyer 0.9.2
2026-04-29T05:24:11.8474095Z Installing sawyer 0.9.2
2026-04-29T05:24:11.8557879Z Fetching activesupport 6.1.7.3
2026-04-29T05:24:11.9268741Z Fetching rspec 3.10.0
2026-04-29T05:24:11.9754032Z Installing activesupport 6.1.7.3
2026-04-29T05:24:11.9923666Z Installing rspec 3.10.0
2026-04-29T05:24:12.0040630Z Fetching octokit 4.25.0
2026-04-29T05:24:12.0654035Z Installing octokit 4.25.0
2026-04-29T05:24:12.1347963Z Fetching parser 3.2.2.4
2026-04-29T05:24:12.2602441Z Installing parser 3.2.2.4
2026-04-29T05:24:12.3596768Z Fetching rubocop-ast 1.30.0
2026-04-29T05:24:12.4187833Z Installing rubocop-ast 1.30.0
2026-04-29T05:24:13.7169242Z Fetching rubocop 1.57.2
2026-04-29T05:24:13.7802545Z Installing rubocop 1.57.2
2026-04-29T05:24:13.9640710Z Fetching standard-custom 1.0.2
2026-04-29T05:24:13.9643585Z Fetching rubocop-performance 1.19.1
2026-04-29T05:24:14.0197808Z Installing standard-custom 1.0.2
2026-04-29T05:24:14.0203596Z Installing rubocop-performance 1.19.1
2026-04-29T05:24:14.0458306Z Fetching standard-performance 1.2.1
2026-04-29T05:24:14.0769112Z Installing standard-performance 1.2.1
2026-04-29T05:24:14.0841301Z Fetching standard 1.32.1
2026-04-29T05:24:14.1172941Z Installing standard 1.32.1
2026-04-29T05:24:14.1397110Z Bundle complete! 6 Gemfile dependencies, 40 gems now installed.
2026-04-29T05:24:14.1398177Z Use `bundle info [gemname]` to see where a bundled gem is installed.
2026-04-29T05:24:14.1919305Z ##[group]Run ruby entrypoint.rb
2026-04-29T05:24:14.1919571Z [36;1mruby entrypoint.rb[0m
2026-04-29T05:24:14.1941083Z shell: /usr/bin/bash --noprofile --norc -e -o pipefail {0}
2026-04-29T05:24:14.1941413Z env:
2026-04-29T05:24:14.1941578Z   WAIT_INTERVAL: 15
2026-04-29T05:24:14.1941806Z   ALLOWED_CONCLUSIONS: success,skipped,neutral
2026-04-29T05:24:14.1942071Z   IGNORE_CHECKS: 
2026-04-29T05:24:14.1942246Z   CHECK_NAME: 
2026-04-29T05:24:14.1942403Z   CHECK_REGEXP: 
2026-04-29T05:24:14.1942608Z   REF: fb0d0e949a782ac3ae94487aa478c3fbe443faaa
2026-04-29T05:24:14.1943508Z   REPO_TOKEN: ***
2026-04-29T05:24:14.1943705Z   VERBOSE: true
2026-04-29T05:24:14.1943899Z   RUNNING_WORKFLOW_NAME: Auto-merge
2026-04-29T05:24:14.1944138Z   API_ENDPOINT: 
2026-04-29T05:24:14.1944307Z ##[endgroup]
2026-04-29T05:24:15.1746405Z Checks running on ref:
2026-04-29T05:24:15.1747804Z Checks completed: capture-failure-log, capture-failure-log, capture-failure-log, e2e, cross-device-tests, capture-failure-log, connected-tests, test, autofix, lint-and-test, web-lint-and-test, maybe-label
2026-04-29T05:24:15.1749186Z Checks in_progress: Auto-merge
2026-04-29T05:24:15.1749564Z Checks after ignore checks filter:
2026-04-29T05:24:15.1750895Z Checks completed: capture-failure-log, capture-failure-log, capture-failure-log, e2e, cross-device-tests, capture-failure-log, connected-tests, test, autofix, lint-and-test, web-lint-and-test, maybe-label
2026-04-29T05:24:15.1752280Z Checks after check_name filter:
2026-04-29T05:24:15.1753891Z Checks completed: capture-failure-log, capture-failure-log, capture-failure-log, e2e, cross-device-tests, capture-failure-log, connected-tests, test, autofix, lint-and-test, web-lint-and-test, maybe-label
2026-04-29T05:24:15.1755221Z Checks after Regexp filter:
2026-04-29T05:24:15.1756491Z Checks completed: capture-failure-log, capture-failure-log, capture-failure-log, e2e, cross-device-tests, capture-failure-log, connected-tests, test, autofix, lint-and-test, web-lint-and-test, maybe-label
2026-04-29T05:24:15.1757815Z Checks completed:
2026-04-29T05:24:15.1758121Z capture-failure-log: completed (skipped)
2026-04-29T05:24:15.1758541Z capture-failure-log: completed (skipped)
2026-04-29T05:24:15.1758955Z capture-failure-log: completed (skipped)
2026-04-29T05:24:15.1759349Z e2e: completed (cancelled)
2026-04-29T05:24:15.1759708Z cross-device-tests: completed (skipped)
2026-04-29T05:24:15.1760129Z capture-failure-log: completed (skipped)
2026-04-29T05:24:15.1760555Z connected-tests: completed (skipped)
2026-04-29T05:24:15.1760953Z test: completed (cancelled)
2026-04-29T05:24:15.1761299Z autofix: completed (cancelled)
2026-04-29T05:24:15.1761667Z lint-and-test: completed (success)
2026-04-29T05:24:15.1762063Z web-lint-and-test: completed (success)
2026-04-29T05:24:15.1762472Z maybe-label: completed (success)
2026-04-29T05:24:15.1763761Z The conclusion of one or more checks were not allowed. Allowed conclusions are: success, skipped, neutral. This can be configured with the 'allowed-conclusions' param.
2026-04-29T05:24:15.1817852Z ##[error]Process completed with exit code 1.
2026-04-29T05:24:15.1925302Z Post job cleanup.
2026-04-29T05:24:15.1998219Z Cleaning up orphan processes
2026-04-29T05:24:15.2286519Z ##[warning]Node.js 20 actions are deprecated. The following actions are running on Node.js 20 and may not work as expected: actions/cache@v4. Actions will be forced to run with Node.js 24 by default starting June 2nd, 2026. Node.js 20 will be removed from the runner on September 16th, 2026. Please check if updated versions of these actions are available that support Node.js 24. To opt into Node.js 24 now, set the FORCE_JAVASCRIPT_ACTIONS_TO_NODE24=true environment variable on the runner or in your workflow file. Once Node.js 24 becomes the default, you can temporarily opt out by setting ACTIONS_ALLOW_USE_UNSECURE_NODE_VERSION=true. For more information see: https://github.blog/changelog/2025-09-19-deprecation-of-node-20-on-github-actions-runners/
