=== CI FAILURE ===
Workflow:      Auto-merge & Release
Workflow file: averycorp/prismTask/.github/workflows/auto-merge.yml@refs/pull/971/merge
Job(s):        Auto-merge
Run ID:        25149653894
Run attempt:   1
Run URL:       https://github.com/averycorp/prismTask/actions/runs/25149653894
Commit:        fdd179178a1d375c85094478cbf7e514117a0e96
Branch:        971/merge
Event:         pull_request
Actor:         akarlin3
Runner OS:     Linux
Timestamp:     2026-04-30T06:00:02.036Z

Failed steps:
  - Auto-merge: #4 Wait for all other CI checks to pass

=== FAILED JOB LOG ===

--- Job: Auto-merge (id 73717102394) ---
2026-04-30T05:50:55.2155845Z Current runner version: '2.334.0'
2026-04-30T05:50:55.2180881Z ##[group]Runner Image Provisioner
2026-04-30T05:50:55.2181749Z Hosted Compute Agent
2026-04-30T05:50:55.2182351Z Version: 20260213.493
2026-04-30T05:50:55.2183004Z Commit: 5c115507f6dd24b8de37d8bbe0bb4509d0cc0fa3
2026-04-30T05:50:55.2183703Z Build Date: 2026-02-13T00:28:41Z
2026-04-30T05:50:55.2184375Z Worker ID: {d95f5b36-d0a8-4394-8352-eaa255615d1c}
2026-04-30T05:50:55.2185031Z Azure Region: westus
2026-04-30T05:50:55.2186236Z ##[endgroup]
2026-04-30T05:50:55.2187785Z ##[group]Operating System
2026-04-30T05:50:55.2188384Z Ubuntu
2026-04-30T05:50:55.2188932Z 24.04.4
2026-04-30T05:50:55.2189397Z LTS
2026-04-30T05:50:55.2189872Z ##[endgroup]
2026-04-30T05:50:55.2190412Z ##[group]Runner Image
2026-04-30T05:50:55.2190963Z Image: ubuntu-24.04
2026-04-30T05:50:55.2191526Z Version: 20260413.86.1
2026-04-30T05:50:55.2192718Z Included Software: https://github.com/actions/runner-images/blob/ubuntu24/20260413.86/images/ubuntu/Ubuntu2404-Readme.md
2026-04-30T05:50:55.2194125Z Image Release: https://github.com/actions/runner-images/releases/tag/ubuntu24%2F20260413.86
2026-04-30T05:50:55.2195042Z ##[endgroup]
2026-04-30T05:50:55.2196578Z ##[group]GITHUB_TOKEN Permissions
2026-04-30T05:50:55.2198484Z Actions: read
2026-04-30T05:50:55.2199154Z Checks: read
2026-04-30T05:50:55.2199689Z Contents: write
2026-04-30T05:50:55.2200157Z Metadata: read
2026-04-30T05:50:55.2200738Z PullRequests: write
2026-04-30T05:50:55.2201285Z ##[endgroup]
2026-04-30T05:50:55.2203391Z Secret source: Actions
2026-04-30T05:50:55.2204217Z Prepare workflow directory
2026-04-30T05:50:55.2622564Z Prepare all required actions
2026-04-30T05:50:55.2660247Z Getting action download info
2026-04-30T05:50:55.6949715Z Download action repository 'lewagon/wait-on-check-action@ccfb013c15c8afb7bf2b7c028fb74dc5a068cccc' (SHA:ccfb013c15c8afb7bf2b7c028fb74dc5a068cccc)
2026-04-30T05:50:56.2762025Z Getting action download info
2026-04-30T05:50:56.5054683Z Download action repository 'ruby/setup-ruby@v1' (SHA:c4e5b1316158f92e3d49443a9d58b31d25ac0f8f)
2026-04-30T05:50:57.0632152Z Download action repository 'actions/cache@v4' (SHA:0057852bfaa89a56745cba8c7296529d2fc39830)
2026-04-30T05:50:57.1925273Z Complete job name: Auto-merge
2026-04-30T05:50:57.2593353Z ##[group]Run set -euo pipefail
2026-04-30T05:50:57.2593874Z [36;1mset -euo pipefail[0m
2026-04-30T05:50:57.2594346Z [36;1m# Audit item #5 — poll check-runs for up to 60s instead of a bare[0m
2026-04-30T05:50:57.2594950Z [36;1m# 20s sleep. On a busy runner cohort the initial 20s wasn't enough[0m
2026-04-30T05:50:57.2596344Z [36;1m# for the API to reflect queued workflow runs, which could merge[0m
2026-04-30T05:50:57.2596931Z [36;1m# PRs without waiting for CI. Bail out early as soon as ≥1 real[0m
2026-04-30T05:50:57.2597375Z [36;1m# check shows up.[0m
2026-04-30T05:50:57.2597673Z [36;1mCOUNT=0[0m
2026-04-30T05:50:57.2597942Z [36;1mfor i in $(seq 1 6); do[0m
2026-04-30T05:50:57.2598244Z [36;1m  sleep 10[0m
2026-04-30T05:50:57.2598632Z [36;1m  COUNT=$(gh api "repos/$REPO/commits/$HEAD_SHA/check-runs" \[0m
2026-04-30T05:50:57.2599252Z [36;1m    --jq '[.check_runs[] | select(.name != "Auto-merge")] | length')[0m
2026-04-30T05:50:57.2599789Z [36;1m  if [ "$COUNT" -gt 0 ]; then[0m
2026-04-30T05:50:57.2600219Z [36;1m    echo "Found $COUNT non-Auto-merge check(s) after ${i}0s"[0m
2026-04-30T05:50:57.2600642Z [36;1m    break[0m
2026-04-30T05:50:57.2600903Z [36;1m  fi[0m
2026-04-30T05:50:57.2601239Z [36;1m  echo "No non-Auto-merge checks yet (attempt $i/6)"[0m
2026-04-30T05:50:57.2601645Z [36;1mdone[0m
2026-04-30T05:50:57.2601914Z [36;1mif [ "$COUNT" -gt 0 ]; then[0m
2026-04-30T05:50:57.2602285Z [36;1m  echo "has_ci=true" >> "$GITHUB_OUTPUT"[0m
2026-04-30T05:50:57.2602651Z [36;1melse[0m
2026-04-30T05:50:57.2602941Z [36;1m  echo "has_ci=false" >> "$GITHUB_OUTPUT"[0m
2026-04-30T05:50:57.2603446Z [36;1m  echo "No CI checks on this PR after 60s — will merge without waiting."[0m
2026-04-30T05:50:57.2603904Z [36;1mfi[0m
2026-04-30T05:50:57.2629852Z shell: /usr/bin/bash -e {0}
2026-04-30T05:50:57.2630467Z env:
2026-04-30T05:50:57.2630760Z   WAIT_INTERVAL: 15
2026-04-30T05:50:57.2631416Z   GH_TOKEN: ***
2026-04-30T05:50:57.2631761Z   HEAD_SHA: 960b57f37960964d2635d48e11af189197c42076
2026-04-30T05:50:57.2632148Z   REPO: averycorp/prismTask
2026-04-30T05:50:57.2632507Z ##[endgroup]
2026-04-30T05:51:07.8297053Z Found 10 non-Auto-merge check(s) after 10s
2026-04-30T05:51:07.8427123Z ##[group]Run set -euo pipefail
2026-04-30T05:51:07.8427539Z [36;1mset -euo pipefail[0m
2026-04-30T05:51:07.8428015Z [36;1mREQUIRED=$(gh api "repos/$REPO/branches/main/protection/required_status_checks" \[0m
2026-04-30T05:51:07.8428539Z [36;1m  --jq '.contexts[]' 2>/dev/null || true)[0m
2026-04-30T05:51:07.8428894Z [36;1mif [ -z "$REQUIRED" ]; then[0m
2026-04-30T05:51:07.8429465Z [36;1m  echo "::warning::Could not query branch protection (likely a permission issue) — using hardcoded fallback list."[0m
2026-04-30T05:51:07.8430045Z [36;1m  REQUIRED="$FALLBACK_REQUIRED"[0m
2026-04-30T05:51:07.8430353Z [36;1mfi[0m
2026-04-30T05:51:07.8430665Z [36;1m# Strip Auto-merge from the required list so we don't wait on[0m
2026-04-30T05:51:07.8431136Z [36;1m# ourselves (it's listed because we ARE the running workflow).[0m
2026-04-30T05:51:07.8431681Z [36;1mREQUIRED=$(echo "$REQUIRED" | grep -vE '^\s*Auto-merge\s*$' | grep -vE '^\s*$' || true)[0m
2026-04-30T05:51:07.8432184Z [36;1mif [ -z "$REQUIRED" ]; then[0m
2026-04-30T05:51:07.8432581Z [36;1m  echo "No required checks beyond Auto-merge; skipping queue wait."[0m
2026-04-30T05:51:07.8432988Z [36;1m  exit 0[0m
2026-04-30T05:51:07.8433224Z [36;1mfi[0m
2026-04-30T05:51:07.8433545Z [36;1mecho "Waiting until these required checks queue:"[0m
2026-04-30T05:51:07.8433911Z [36;1mecho "$REQUIRED" | sed 's/^/  /'[0m
2026-04-30T05:51:07.8434306Z [36;1m# Audit PR #876 → CI pathway efficiency: this loop was burning[0m
2026-04-30T05:51:07.8434771Z [36;1m# ~315s/PR (PR #874 run 25035518360 + PR #873 run 25035513300)[0m
2026-04-30T05:51:07.8435623Z [36;1m# while underlying required checks were observably complete in[0m
2026-04-30T05:51:07.8436116Z [36;1m# ~30s. Mean job wall-clock was 343s with std-dev ~7s across 10[0m
2026-04-30T05:51:07.8436591Z [36;1m# runs — i.e. the loop almost always ran to its 5-minute ceiling.[0m
2026-04-30T05:51:07.8437057Z [36;1m# Two compensating mitigations + diagnostics:[0m
2026-04-30T05:51:07.8437394Z [36;1m#[0m
2026-04-30T05:51:07.8437716Z [36;1m#   (a) Cap dropped 30 → 18 attempts at 5s interval = 90s ceiling[0m
2026-04-30T05:51:07.8438155Z [36;1m#       (still > 2× the 43s race window from PR #804).[0m
2026-04-30T05:51:07.8438569Z [36;1m#   (b) Poll interval dropped 10s → 5s for faster detection.[0m
2026-04-30T05:51:07.8439040Z [36;1m#   (c) Per-iteration diagnostic prints MISSING + visible CHECK_RUNS[0m
2026-04-30T05:51:07.8439569Z [36;1m#       so future investigation can pinpoint the matching mismatch[0m
2026-04-30T05:51:07.8440068Z [36;1m#       (the immediate root-cause was not yet identified — the[0m
2026-04-30T05:51:07.8440541Z [36;1m#       MISSING list never empties even though CHECK_RUNS clearly[0m
2026-04-30T05:51:07.8441014Z [36;1m#       contains every REQUIRED name. Likely a trim/encoding edge[0m
2026-04-30T05:51:07.8441466Z [36;1m#       case in the comparison loop, but observability beats[0m
2026-04-30T05:51:07.8441928Z [36;1m#       guessing).[0m
2026-04-30T05:51:07.8442244Z [36;1mfor attempt in $(seq 1 18); do[0m
2026-04-30T05:51:07.8442672Z [36;1m  CHECK_RUNS=$(gh api --paginate "repos/$REPO/commits/$HEAD_SHA/check-runs" \[0m
2026-04-30T05:51:07.8443146Z [36;1m    --jq '.check_runs[].name' | sort -u)[0m
2026-04-30T05:51:07.8443466Z [36;1m  MISSING=""[0m
2026-04-30T05:51:07.8443714Z [36;1m  while IFS= read -r req; do[0m
2026-04-30T05:51:07.8444004Z [36;1m    [ -z "$req" ] && continue[0m
2026-04-30T05:51:07.8444313Z [36;1m    req_trimmed=$(echo "$req" | xargs)[0m
2026-04-30T05:51:07.8444691Z [36;1m    if ! echo "$CHECK_RUNS" | grep -qxF "$req_trimmed"; then[0m
2026-04-30T05:51:07.8445654Z [36;1m      MISSING="$MISSING $req_trimmed"[0m
2026-04-30T05:51:07.8445972Z [36;1m    fi[0m
2026-04-30T05:51:07.8446203Z [36;1m  done <<< "$REQUIRED"[0m
2026-04-30T05:51:07.8446482Z [36;1m  if [ -z "$MISSING" ]; then[0m
2026-04-30T05:51:07.8446937Z [36;1m    echo "All required checks have queued after attempt $attempt (~$((attempt * 5))s)."[0m
2026-04-30T05:51:07.8447589Z [36;1m    exit 0[0m
2026-04-30T05:51:07.8447832Z [36;1m  fi[0m
2026-04-30T05:51:07.8448118Z [36;1m  echo "Attempt $attempt/18 — still missing:$MISSING"[0m
2026-04-30T05:51:07.8448607Z [36;1m  echo "  Visible check-runs: $(echo "$CHECK_RUNS" | tr '\n' ',' | sed 's/,$//')"[0m
2026-04-30T05:51:07.8449027Z [36;1m  sleep 5[0m
2026-04-30T05:51:07.8449258Z [36;1mdone[0m
2026-04-30T05:51:07.8449763Z [36;1mecho "::warning::Some required checks never queued after 90s:$MISSING — proceeding to wait-on-check-action anyway."[0m
2026-04-30T05:51:07.8472645Z shell: /usr/bin/bash -e {0}
2026-04-30T05:51:07.8472933Z env:
2026-04-30T05:51:07.8473145Z   WAIT_INTERVAL: 15
2026-04-30T05:51:07.8473707Z   GH_TOKEN: ***
2026-04-30T05:51:07.8473982Z   HEAD_SHA: 960b57f37960964d2635d48e11af189197c42076
2026-04-30T05:51:07.8474319Z   REPO: averycorp/prismTask
2026-04-30T05:51:07.8474724Z   FALLBACK_REQUIRED: lint-and-test
connected-tests
test
web-lint-and-test

2026-04-30T05:51:07.8475502Z ##[endgroup]
2026-04-30T05:51:08.1328805Z Waiting until these required checks queue:
2026-04-30T05:51:08.1344110Z   {"message":"Resource not accessible by integration","documentation_url":"https://docs.github.com/rest/branches/branch-protection#get-status-checks-protection","status":"403"}
2026-04-30T05:51:08.6530041Z Attempt 1/18 — still missing: {message:Resource not accessible by integration,documentation_url:https://docs.github.com/rest/branches/branch-protection#get-status-checks-protection,status:403}
2026-04-30T05:51:08.6554078Z   Visible check-runs: Auto-merge,Tag & Release,autofix,capture-failure-log,connected-tests,cross-device-tests,lint-and-test,maybe-label,test,web-lint-and-test
2026-04-30T05:51:14.1736055Z Attempt 2/18 — still missing: {message:Resource not accessible by integration,documentation_url:https://docs.github.com/rest/branches/branch-protection#get-status-checks-protection,status:403}
2026-04-30T05:51:14.1757283Z   Visible check-runs: Auto-merge,Tag & Release,autofix,capture-failure-log,connected-tests,cross-device-tests,lint-and-test,maybe-label,test,web-lint-and-test
2026-04-30T05:51:19.6835970Z Attempt 3/18 — still missing: {message:Resource not accessible by integration,documentation_url:https://docs.github.com/rest/branches/branch-protection#get-status-checks-protection,status:403}
2026-04-30T05:51:19.6859242Z   Visible check-runs: Auto-merge,Tag & Release,autofix,capture-failure-log,connected-tests,cross-device-tests,lint-and-test,maybe-label,test,web-lint-and-test
2026-04-30T05:51:25.2082556Z Attempt 4/18 — still missing: {message:Resource not accessible by integration,documentation_url:https://docs.github.com/rest/branches/branch-protection#get-status-checks-protection,status:403}
2026-04-30T05:51:25.2108135Z   Visible check-runs: Auto-merge,Tag & Release,autofix,capture-failure-log,connected-tests,cross-device-tests,lint-and-test,maybe-label,test,web-lint-and-test
2026-04-30T05:51:30.7508286Z Attempt 5/18 — still missing: {message:Resource not accessible by integration,documentation_url:https://docs.github.com/rest/branches/branch-protection#get-status-checks-protection,status:403}
2026-04-30T05:51:30.7532354Z   Visible check-runs: Auto-merge,Tag & Release,autofix,capture-failure-log,connected-tests,cross-device-tests,lint-and-test,maybe-label,test,web-lint-and-test
2026-04-30T05:51:36.3015016Z Attempt 6/18 — still missing: {message:Resource not accessible by integration,documentation_url:https://docs.github.com/rest/branches/branch-protection#get-status-checks-protection,status:403}
2026-04-30T05:51:36.3038196Z   Visible check-runs: Auto-merge,Tag & Release,autofix,capture-failure-log,connected-tests,cross-device-tests,lint-and-test,maybe-label,test,web-lint-and-test
2026-04-30T05:51:41.8197044Z Attempt 7/18 — still missing: {message:Resource not accessible by integration,documentation_url:https://docs.github.com/rest/branches/branch-protection#get-status-checks-protection,status:403}
2026-04-30T05:51:41.8221106Z   Visible check-runs: Auto-merge,Tag & Release,autofix,capture-failure-log,connected-tests,cross-device-tests,lint-and-test,maybe-label,test,web-lint-and-test
2026-04-30T05:51:47.3191653Z Attempt 8/18 — still missing: {message:Resource not accessible by integration,documentation_url:https://docs.github.com/rest/branches/branch-protection#get-status-checks-protection,status:403}
2026-04-30T05:51:47.3213013Z   Visible check-runs: Auto-merge,Tag & Release,autofix,capture-failure-log,connected-tests,cross-device-tests,lint-and-test,maybe-label,test,web-lint-and-test
2026-04-30T05:51:52.8750990Z Attempt 9/18 — still missing: {message:Resource not accessible by integration,documentation_url:https://docs.github.com/rest/branches/branch-protection#get-status-checks-protection,status:403}
2026-04-30T05:51:52.8773031Z   Visible check-runs: Auto-merge,Tag & Release,autofix,capture-failure-log,connected-tests,cross-device-tests,lint-and-test,maybe-label,test,web-lint-and-test
2026-04-30T05:51:58.3922522Z Attempt 10/18 — still missing: {message:Resource not accessible by integration,documentation_url:https://docs.github.com/rest/branches/branch-protection#get-status-checks-protection,status:403}
2026-04-30T05:51:58.3947973Z   Visible check-runs: Auto-merge,Tag & Release,autofix,capture-failure-log,connected-tests,cross-device-tests,lint-and-test,maybe-label,test,web-lint-and-test
2026-04-30T05:52:03.8976822Z Attempt 11/18 — still missing: {message:Resource not accessible by integration,documentation_url:https://docs.github.com/rest/branches/branch-protection#get-status-checks-protection,status:403}
2026-04-30T05:52:03.8998298Z   Visible check-runs: Auto-merge,Tag & Release,autofix,capture-failure-log,connected-tests,cross-device-tests,lint-and-test,maybe-label,test,web-lint-and-test
2026-04-30T05:52:09.4278521Z Attempt 12/18 — still missing: {message:Resource not accessible by integration,documentation_url:https://docs.github.com/rest/branches/branch-protection#get-status-checks-protection,status:403}
2026-04-30T05:52:09.4304420Z   Visible check-runs: Auto-merge,Tag & Release,autofix,capture-failure-log,connected-tests,cross-device-tests,lint-and-test,maybe-label,test,web-lint-and-test
2026-04-30T05:52:14.9082181Z Attempt 13/18 — still missing: {message:Resource not accessible by integration,documentation_url:https://docs.github.com/rest/branches/branch-protection#get-status-checks-protection,status:403}
2026-04-30T05:52:14.9107652Z   Visible check-runs: Auto-merge,Tag & Release,autofix,capture-failure-log,connected-tests,cross-device-tests,lint-and-test,maybe-label,test,web-lint-and-test
2026-04-30T05:52:20.4015316Z Attempt 14/18 — still missing: {message:Resource not accessible by integration,documentation_url:https://docs.github.com/rest/branches/branch-protection#get-status-checks-protection,status:403}
2026-04-30T05:52:20.4037573Z   Visible check-runs: Auto-merge,Tag & Release,autofix,capture-failure-log,connected-tests,cross-device-tests,lint-and-test,maybe-label,test,web-lint-and-test
2026-04-30T05:52:25.9126924Z Attempt 15/18 — still missing: {message:Resource not accessible by integration,documentation_url:https://docs.github.com/rest/branches/branch-protection#get-status-checks-protection,status:403}
2026-04-30T05:52:25.9148493Z   Visible check-runs: Auto-merge,Tag & Release,autofix,capture-failure-log,connected-tests,cross-device-tests,lint-and-test,maybe-label,test,web-lint-and-test
2026-04-30T05:52:31.4108280Z Attempt 16/18 — still missing: {message:Resource not accessible by integration,documentation_url:https://docs.github.com/rest/branches/branch-protection#get-status-checks-protection,status:403}
2026-04-30T05:52:31.4129949Z   Visible check-runs: Auto-merge,Tag & Release,autofix,capture-failure-log,connected-tests,cross-device-tests,lint-and-test,maybe-label,test,web-lint-and-test
2026-04-30T05:52:36.9021035Z Attempt 17/18 — still missing: {message:Resource not accessible by integration,documentation_url:https://docs.github.com/rest/branches/branch-protection#get-status-checks-protection,status:403}
2026-04-30T05:52:36.9043318Z   Visible check-runs: Auto-merge,Tag & Release,autofix,capture-failure-log,connected-tests,cross-device-tests,lint-and-test,maybe-label,test,web-lint-and-test
2026-04-30T05:52:42.4420902Z Attempt 18/18 — still missing: {message:Resource not accessible by integration,documentation_url:https://docs.github.com/rest/branches/branch-protection#get-status-checks-protection,status:403}
2026-04-30T05:52:42.4443233Z   Visible check-runs: Auto-merge,Tag & Release,autofix,capture-failure-log,connected-tests,cross-device-tests,lint-and-test,maybe-label,test,web-lint-and-test
2026-04-30T05:52:47.4492829Z ##[warning]Some required checks never queued after 90s: {message:Resource not accessible by integration,documentation_url:https://docs.github.com/rest/branches/branch-protection#get-status-checks-protection,status:403} — proceeding to wait-on-check-action anyway.
2026-04-30T05:52:47.4707156Z ##[group]Run lewagon/wait-on-check-action@ccfb013c15c8afb7bf2b7c028fb74dc5a068cccc
2026-04-30T05:52:47.4707577Z with:
2026-04-30T05:52:47.4707777Z   ref: 960b57f37960964d2635d48e11af189197c42076
2026-04-30T05:52:47.4708058Z   running-workflow-name: Auto-merge
2026-04-30T05:52:47.4708489Z   repo-token: ***
2026-04-30T05:52:47.4708680Z   wait-interval: 15
2026-04-30T05:52:47.4708905Z   allowed-conclusions: success,skipped,neutral
2026-04-30T05:52:47.4709172Z   verbose: true
2026-04-30T05:52:47.4709363Z env:
2026-04-30T05:52:47.4709512Z   WAIT_INTERVAL: 15
2026-04-30T05:52:47.4709693Z ##[endgroup]
2026-04-30T05:52:47.4836978Z ##[group]Run ruby/setup-ruby@v1
2026-04-30T05:52:47.4837223Z with:
2026-04-30T05:52:47.4837392Z   ruby-version: 3.2
2026-04-30T05:52:47.4837594Z   bundler-cache: false
2026-04-30T05:52:47.4837936Z   token: ***
2026-04-30T05:52:47.4838105Z env:
2026-04-30T05:52:47.4838264Z   WAIT_INTERVAL: 15
2026-04-30T05:52:47.4838441Z ##[endgroup]
2026-04-30T05:52:47.6259650Z ##[group]Modifying PATH
2026-04-30T05:52:47.6260161Z Entries added to PATH to use selected Ruby:
2026-04-30T05:52:47.6260697Z   /opt/hostedtoolcache/Ruby/3.2.11/x64/bin
2026-04-30T05:52:47.6264857Z ##[endgroup]
2026-04-30T05:52:47.6265949Z ##[group]Print Ruby version
2026-04-30T05:52:47.6343329Z [command]/opt/hostedtoolcache/Ruby/3.2.11/x64/bin/ruby --version
2026-04-30T05:52:47.8279077Z ruby 3.2.11 (2026-03-27 revision 5483bfc1ae) [x86_64-linux]
2026-04-30T05:52:47.8307297Z Took   0.20 seconds
2026-04-30T05:52:47.8308078Z ##[endgroup]
2026-04-30T05:52:47.8309146Z ##[group]Installing Bundler
2026-04-30T05:52:47.8313175Z Using Bundler shipped with ruby-3.2.11
2026-04-30T05:52:47.8314179Z Took   0.00 seconds
2026-04-30T05:52:47.8314924Z ##[endgroup]
2026-04-30T05:52:47.8984288Z ##[group]Run actions/cache@v4
2026-04-30T05:52:47.8984558Z with:
2026-04-30T05:52:47.8984969Z   path: /home/runner/work/_actions/lewagon/wait-on-check-action/ccfb013c15c8afb7bf2b7c028fb74dc5a068cccc
2026-04-30T05:52:47.8986030Z   key: Linux-gems-
2026-04-30T05:52:47.8986230Z   restore-keys: Linux-gems-
2026-04-30T05:52:47.8986458Z   enableCrossOsArchive: false
2026-04-30T05:52:47.8986684Z   fail-on-cache-miss: false
2026-04-30T05:52:47.8986882Z   lookup-only: false
2026-04-30T05:52:47.8987068Z   save-always: false
2026-04-30T05:52:47.8987241Z env:
2026-04-30T05:52:47.8987401Z   WAIT_INTERVAL: 15
2026-04-30T05:52:47.8987580Z ##[endgroup]
2026-04-30T05:52:48.2920595Z Cache hit for: Linux-gems-
2026-04-30T05:52:48.6717006Z Received 13141 of 13141 (100.0%), 0.2 MBs/sec
2026-04-30T05:52:48.6717866Z Cache Size: ~0 MB (13141 B)
2026-04-30T05:52:48.6762928Z [command]/usr/bin/tar -xf /home/runner/work/_temp/0313ba47-e9d7-4ab7-a7e5-eed2b860a5fe/cache.tzst -P -C /home/runner/work/prismTask/prismTask --use-compress-program unzstd
2026-04-30T05:52:48.6828852Z Cache restored successfully
2026-04-30T05:52:48.6908265Z Cache restored from key: Linux-gems-
2026-04-30T05:52:48.6987988Z ##[group]Run bundle install --jobs 4 --retry 3
2026-04-30T05:52:48.6988321Z [36;1mbundle install --jobs 4 --retry 3[0m
2026-04-30T05:52:48.7011042Z shell: /usr/bin/bash --noprofile --norc -e -o pipefail {0}
2026-04-30T05:52:48.7011361Z env:
2026-04-30T05:52:48.7011529Z   WAIT_INTERVAL: 15
2026-04-30T05:52:48.7011718Z ##[endgroup]
2026-04-30T05:52:49.8976037Z Bundler 2.4.19 is running, but your lockfile was generated with 2.2.3. Installing Bundler 2.2.3 and restarting using that version.
2026-04-30T05:52:51.4869937Z Fetching gem metadata from https://rubygems.org/.
2026-04-30T05:52:51.4970121Z Fetching bundler 2.2.3
2026-04-30T05:52:51.6332451Z Installing bundler 2.2.3
2026-04-30T05:52:51.8236000Z Calling `DidYouMean::SPELL_CHECKERS.merge!(error_name => spell_checker)' has been deprecated. Please call `DidYouMean.correct_error(error_name, spell_checker)' instead.
2026-04-30T05:52:53.1267077Z Fetching gem metadata from https://rubygems.org/.........
2026-04-30T05:52:53.1373968Z Fetching minitest 5.18.0
2026-04-30T05:52:53.1379554Z Fetching concurrent-ruby 1.2.2
2026-04-30T05:52:53.1382009Z Fetching zeitwerk 2.6.7
2026-04-30T05:52:53.1390710Z Fetching public_suffix 4.0.7
2026-04-30T05:52:53.2629440Z Installing zeitwerk 2.6.7
2026-04-30T05:52:53.2765198Z Installing minitest 5.18.0
2026-04-30T05:52:53.2828001Z Installing public_suffix 4.0.7
2026-04-30T05:52:53.3179767Z Installing concurrent-ruby 1.2.2
2026-04-30T05:52:53.3349414Z Fetching ast 2.4.2
2026-04-30T05:52:53.3703613Z Using bundler 2.2.3
2026-04-30T05:52:53.3725863Z Fetching byebug 11.1.3
2026-04-30T05:52:53.3736805Z Installing ast 2.4.2
2026-04-30T05:52:53.4144180Z Fetching diff-lcs 1.4.4
2026-04-30T05:52:53.4420227Z Installing byebug 11.1.3 with native extensions
2026-04-30T05:52:53.4591122Z Fetching faraday-net_http 2.0.3
2026-04-30T05:52:53.5017370Z Installing diff-lcs 1.4.4
2026-04-30T05:52:53.5120589Z Installing faraday-net_http 2.0.3
2026-04-30T05:52:53.5280512Z Using ruby2_keywords 0.0.5
2026-04-30T05:52:53.5290913Z Fetching json 2.7.1
2026-04-30T05:52:53.5741150Z Installing json 2.7.1 with native extensions
2026-04-30T05:52:53.5993883Z Fetching language_server-protocol 3.17.0.3
2026-04-30T05:52:53.6448709Z Installing language_server-protocol 3.17.0.3
2026-04-30T05:52:53.7339354Z Fetching lint_roller 1.1.0
2026-04-30T05:52:53.7930959Z Installing lint_roller 1.1.0
2026-04-30T05:52:53.8132576Z Fetching parallel 1.24.0
2026-04-30T05:52:53.8557533Z Installing parallel 1.24.0
2026-04-30T05:52:53.8669510Z Fetching racc 1.7.3
2026-04-30T05:52:53.9140059Z Installing racc 1.7.3 with native extensions
2026-04-30T05:52:53.9498587Z Fetching rainbow 3.1.1
2026-04-30T05:52:53.9847693Z Installing rainbow 3.1.1
2026-04-30T05:52:53.9930089Z Fetching regexp_parser 2.8.3
2026-04-30T05:52:54.0359777Z Installing regexp_parser 2.8.3
2026-04-30T05:52:54.0652044Z Fetching rexml 3.2.6
2026-04-30T05:52:54.1185305Z Installing rexml 3.2.6
2026-04-30T05:52:54.1426614Z Fetching rspec-support 3.10.1
2026-04-30T05:52:54.1883279Z Installing rspec-support 3.10.1
2026-04-30T05:52:54.2814042Z Fetching ruby-progressbar 1.13.0
2026-04-30T05:52:54.3182246Z Installing ruby-progressbar 1.13.0
2026-04-30T05:52:54.3315465Z Fetching unicode-display_width 2.5.0
2026-04-30T05:52:54.3856353Z Installing unicode-display_width 2.5.0
2026-04-30T05:52:54.3966250Z Fetching addressable 2.8.0
2026-04-30T05:52:54.4586245Z Installing addressable 2.8.0
2026-04-30T05:52:54.4796181Z Fetching faraday 2.3.0
2026-04-30T05:52:54.5416226Z Installing faraday 2.3.0
2026-04-30T05:52:54.5716320Z Fetching i18n 1.12.0
2026-04-30T05:52:54.6306299Z Installing i18n 1.12.0
2026-04-30T05:52:54.6526030Z Fetching tzinfo 2.0.6
2026-04-30T05:52:54.7116282Z Installing tzinfo 2.0.6
2026-04-30T05:52:54.7358307Z Fetching rspec-core 3.10.1
2026-04-30T05:52:54.8172486Z Installing rspec-core 3.10.1
2026-04-30T05:52:54.8616584Z Fetching rspec-expectations 3.10.1
2026-04-30T05:52:54.9227141Z Installing rspec-expectations 3.10.1
2026-04-30T05:52:54.9574111Z Fetching rspec-mocks 3.10.1
2026-04-30T05:52:55.0214323Z Installing rspec-mocks 3.10.1
2026-04-30T05:52:55.0289530Z Fetching faraday-retry 2.0.0
2026-04-30T05:52:55.0895672Z Installing faraday-retry 2.0.0
2026-04-30T05:52:55.1025907Z Fetching sawyer 0.9.2
2026-04-30T05:52:55.1322106Z Fetching activesupport 6.1.7.3
2026-04-30T05:52:55.1592213Z Installing sawyer 0.9.2
2026-04-30T05:52:55.1705558Z Fetching parser 3.2.2.4
2026-04-30T05:52:55.2041105Z Installing activesupport 6.1.7.3
2026-04-30T05:52:55.2890681Z Installing parser 3.2.2.4
2026-04-30T05:52:55.3837195Z Fetching rspec 3.10.0
2026-04-30T05:52:55.4172392Z Installing rspec 3.10.0
2026-04-30T05:52:55.4276439Z Fetching octokit 4.25.0
2026-04-30T05:52:55.4667005Z Installing octokit 4.25.0
2026-04-30T05:52:55.5072671Z Fetching rubocop-ast 1.30.0
2026-04-30T05:52:55.5447319Z Installing rubocop-ast 1.30.0
2026-04-30T05:52:56.9639363Z Fetching rubocop 1.57.2
2026-04-30T05:52:57.0192421Z Installing rubocop 1.57.2
2026-04-30T05:52:57.1882729Z Fetching standard-custom 1.0.2
2026-04-30T05:52:57.1883260Z Fetching rubocop-performance 1.19.1
2026-04-30T05:52:57.2453940Z Installing standard-custom 1.0.2
2026-04-30T05:52:57.2471774Z Installing rubocop-performance 1.19.1
2026-04-30T05:52:57.2669847Z Fetching standard-performance 1.2.1
2026-04-30T05:52:57.2985955Z Installing standard-performance 1.2.1
2026-04-30T05:52:57.3060285Z Fetching standard 1.32.1
2026-04-30T05:52:57.3408205Z Installing standard 1.32.1
2026-04-30T05:52:57.3622369Z Bundle complete! 6 Gemfile dependencies, 40 gems now installed.
2026-04-30T05:52:57.3623075Z Use `bundle info [gemname]` to see where a bundled gem is installed.
2026-04-30T05:52:57.4167713Z ##[group]Run ruby entrypoint.rb
2026-04-30T05:52:57.4168013Z [36;1mruby entrypoint.rb[0m
2026-04-30T05:52:57.4190286Z shell: /usr/bin/bash --noprofile --norc -e -o pipefail {0}
2026-04-30T05:52:57.4190614Z env:
2026-04-30T05:52:57.4190785Z   WAIT_INTERVAL: 15
2026-04-30T05:52:57.4191024Z   ALLOWED_CONCLUSIONS: success,skipped,neutral
2026-04-30T05:52:57.4191321Z   IGNORE_CHECKS: 
2026-04-30T05:52:57.4191502Z   CHECK_NAME: 
2026-04-30T05:52:57.4191674Z   CHECK_REGEXP: 
2026-04-30T05:52:57.4191910Z   REF: 960b57f37960964d2635d48e11af189197c42076
2026-04-30T05:52:57.4192386Z   REPO_TOKEN: ***
2026-04-30T05:52:57.4192579Z   VERBOSE: true
2026-04-30T05:52:57.4192776Z   RUNNING_WORKFLOW_NAME: Auto-merge
2026-04-30T05:52:57.4193022Z   API_ENDPOINT: 
2026-04-30T05:52:57.4193197Z ##[endgroup]
2026-04-30T05:55:02.4994020Z Checks running on ref:
2026-04-30T05:55:02.4995681Z Checks completed: Tag & Release, capture-failure-log, capture-failure-log, connected-tests, cross-device-tests, test, lint-and-test
2026-04-30T05:55:02.4997130Z Checks queued: web-lint-and-test, autofix, maybe-label
2026-04-30T05:55:02.4997849Z Checks in_progress: Auto-merge
2026-04-30T05:55:02.4998382Z Checks after ignore checks filter:
2026-04-30T05:55:02.4999714Z Checks completed: Tag & Release, capture-failure-log, capture-failure-log, connected-tests, cross-device-tests, test, lint-and-test
2026-04-30T05:55:02.5000974Z Checks queued: web-lint-and-test, autofix, maybe-label
2026-04-30T05:55:02.5001671Z Checks after check_name filter:
2026-04-30T05:55:02.5002584Z Checks completed: Tag & Release, capture-failure-log, capture-failure-log, connected-tests, cross-device-tests, test, lint-and-test
2026-04-30T05:55:02.5003349Z Checks queued: web-lint-and-test, autofix, maybe-label
2026-04-30T05:55:02.5003705Z Checks after Regexp filter:
2026-04-30T05:55:02.5004458Z Checks completed: Tag & Release, capture-failure-log, capture-failure-log, connected-tests, cross-device-tests, test, lint-and-test
2026-04-30T05:55:02.5005456Z Checks queued: web-lint-and-test, autofix, maybe-label
2026-04-30T05:55:02.5005926Z The requested checks aren't complete yet, will check back in 15 seconds...
2026-04-30T05:55:02.5006341Z Checks running on ref:
2026-04-30T05:55:02.5006944Z Checks completed: Tag & Release, capture-failure-log, capture-failure-log, connected-tests, cross-device-tests, test, lint-and-test
2026-04-30T05:55:02.5007940Z Checks queued: web-lint-and-test, autofix, maybe-label
2026-04-30T05:55:02.5008276Z Checks in_progress: Auto-merge
2026-04-30T05:55:02.5008543Z Checks after ignore checks filter:
2026-04-30T05:55:02.5009171Z Checks completed: Tag & Release, capture-failure-log, capture-failure-log, connected-tests, cross-device-tests, test, lint-and-test
2026-04-30T05:55:02.5009871Z Checks queued: web-lint-and-test, autofix, maybe-label
2026-04-30T05:55:02.5010199Z Checks after check_name filter:
2026-04-30T05:55:02.5010806Z Checks completed: Tag & Release, capture-failure-log, capture-failure-log, connected-tests, cross-device-tests, test, lint-and-test
2026-04-30T05:55:02.5011513Z Checks queued: web-lint-and-test, autofix, maybe-label
2026-04-30T05:55:02.5011844Z Checks after Regexp filter:
2026-04-30T05:55:02.5012400Z Checks completed: Tag & Release, capture-failure-log, capture-failure-log, connected-tests, cross-device-tests, test, lint-and-test
2026-04-30T05:55:02.5013013Z Checks queued: web-lint-and-test, autofix, maybe-label
2026-04-30T05:55:02.5013418Z The requested checks aren't complete yet, will check back in 15 seconds...
2026-04-30T05:55:02.5013938Z Checks running on ref:
2026-04-30T05:55:02.5014469Z Checks completed: Tag & Release, capture-failure-log, capture-failure-log, connected-tests, cross-device-tests, test, lint-and-test
2026-04-30T05:55:02.5015373Z Checks queued: web-lint-and-test, autofix, maybe-label
2026-04-30T05:55:02.5015746Z Checks in_progress: Auto-merge
2026-04-30T05:55:02.5015979Z Checks after ignore checks filter:
2026-04-30T05:55:02.5016527Z Checks completed: Tag & Release, capture-failure-log, capture-failure-log, connected-tests, cross-device-tests, test, lint-and-test
2026-04-30T05:55:02.5017134Z Checks queued: web-lint-and-test, autofix, maybe-label
2026-04-30T05:55:02.5017424Z Checks after check_name filter:
2026-04-30T05:55:02.5017950Z Checks completed: Tag & Release, capture-failure-log, capture-failure-log, connected-tests, cross-device-tests, test, lint-and-test
2026-04-30T05:55:02.5018560Z Checks queued: web-lint-and-test, autofix, maybe-label
2026-04-30T05:55:02.5018853Z Checks after Regexp filter:
2026-04-30T05:55:02.5019376Z Checks completed: Tag & Release, capture-failure-log, capture-failure-log, connected-tests, cross-device-tests, test, lint-and-test
2026-04-30T05:55:02.5019978Z Checks queued: web-lint-and-test, autofix, maybe-label
2026-04-30T05:55:02.5020376Z The requested checks aren't complete yet, will check back in 15 seconds...
2026-04-30T05:55:02.5020728Z Checks running on ref:
2026-04-30T05:55:02.5021227Z Checks completed: Tag & Release, capture-failure-log, capture-failure-log, connected-tests, cross-device-tests, test, lint-and-test
2026-04-30T05:55:02.5021839Z Checks queued: web-lint-and-test, autofix, maybe-label
2026-04-30T05:55:02.5022131Z Checks in_progress: Auto-merge
2026-04-30T05:55:02.5022361Z Checks after ignore checks filter:
2026-04-30T05:55:02.5022899Z Checks completed: Tag & Release, capture-failure-log, capture-failure-log, connected-tests, cross-device-tests, test, lint-and-test
2026-04-30T05:55:02.5023498Z Checks queued: web-lint-and-test, autofix, maybe-label
2026-04-30T05:55:02.5023790Z Checks after check_name filter:
2026-04-30T05:55:02.5024317Z Checks completed: Tag & Release, capture-failure-log, capture-failure-log, connected-tests, cross-device-tests, test, lint-and-test
2026-04-30T05:55:02.5024918Z Checks queued: web-lint-and-test, autofix, maybe-label
2026-04-30T05:55:02.5025443Z Checks after Regexp filter:
2026-04-30T05:55:02.5025962Z Checks completed: Tag & Release, capture-failure-log, capture-failure-log, connected-tests, cross-device-tests, test, lint-and-test
2026-04-30T05:55:02.5026561Z Checks queued: web-lint-and-test, autofix, maybe-label
2026-04-30T05:55:02.5026953Z The requested checks aren't complete yet, will check back in 15 seconds...
2026-04-30T05:55:02.5027303Z Checks running on ref:
2026-04-30T05:55:02.5027794Z Checks completed: Tag & Release, capture-failure-log, capture-failure-log, connected-tests, cross-device-tests, test, lint-and-test
2026-04-30T05:55:02.5028551Z Checks queued: web-lint-and-test, autofix, maybe-label
2026-04-30T05:55:02.5028849Z Checks in_progress: Auto-merge
2026-04-30T05:55:02.5029077Z Checks after ignore checks filter:
2026-04-30T05:55:02.5029607Z Checks completed: Tag & Release, capture-failure-log, capture-failure-log, connected-tests, cross-device-tests, test, lint-and-test
2026-04-30T05:55:02.5030211Z Checks queued: web-lint-and-test, autofix, maybe-label
2026-04-30T05:55:02.5030503Z Checks after check_name filter:
2026-04-30T05:55:02.5031034Z Checks completed: Tag & Release, capture-failure-log, capture-failure-log, connected-tests, cross-device-tests, test, lint-and-test
2026-04-30T05:55:02.5031634Z Checks queued: web-lint-and-test, autofix, maybe-label
2026-04-30T05:55:02.5031925Z Checks after Regexp filter:
2026-04-30T05:55:02.5032441Z Checks completed: Tag & Release, capture-failure-log, capture-failure-log, connected-tests, cross-device-tests, test, lint-and-test
2026-04-30T05:55:02.5033046Z Checks queued: web-lint-and-test, autofix, maybe-label
2026-04-30T05:55:02.5033439Z The requested checks aren't complete yet, will check back in 15 seconds...
2026-04-30T05:55:02.5033897Z Checks running on ref:
2026-04-30T05:55:02.5034474Z Checks completed: Tag & Release, capture-failure-log, capture-failure-log, connected-tests, cross-device-tests, test, lint-and-test
2026-04-30T05:55:02.5035337Z Checks queued: web-lint-and-test, autofix, maybe-label
2026-04-30T05:55:02.5035638Z Checks in_progress: Auto-merge
2026-04-30T05:55:02.5035864Z Checks after ignore checks filter:
2026-04-30T05:55:02.5036399Z Checks completed: Tag & Release, capture-failure-log, capture-failure-log, connected-tests, cross-device-tests, test, lint-and-test
2026-04-30T05:55:02.5036995Z Checks queued: web-lint-and-test, autofix, maybe-label
2026-04-30T05:55:02.5037283Z Checks after check_name filter:
2026-04-30T05:55:02.5037809Z Checks completed: Tag & Release, capture-failure-log, capture-failure-log, connected-tests, cross-device-tests, test, lint-and-test
2026-04-30T05:55:02.5038420Z Checks queued: web-lint-and-test, autofix, maybe-label
2026-04-30T05:55:02.5038709Z Checks after Regexp filter:
2026-04-30T05:55:02.5039227Z Checks completed: Tag & Release, capture-failure-log, capture-failure-log, connected-tests, cross-device-tests, test, lint-and-test
2026-04-30T05:55:02.5039832Z Checks queued: web-lint-and-test, autofix, maybe-label
2026-04-30T05:55:02.5040223Z The requested checks aren't complete yet, will check back in 15 seconds...
2026-04-30T05:55:02.5040570Z Checks running on ref:
2026-04-30T05:55:02.5041064Z Checks completed: Tag & Release, capture-failure-log, capture-failure-log, connected-tests, cross-device-tests, test, lint-and-test
2026-04-30T05:55:02.5041666Z Checks queued: web-lint-and-test, autofix, maybe-label
2026-04-30T05:55:02.5041955Z Checks in_progress: Auto-merge
2026-04-30T05:55:02.5042183Z Checks after ignore checks filter:
2026-04-30T05:55:02.5042716Z Checks completed: Tag & Release, capture-failure-log, capture-failure-log, connected-tests, cross-device-tests, test, lint-and-test
2026-04-30T05:55:02.5043322Z Checks queued: web-lint-and-test, autofix, maybe-label
2026-04-30T05:55:02.5043614Z Checks after check_name filter:
2026-04-30T05:55:02.5044139Z Checks completed: Tag & Release, capture-failure-log, capture-failure-log, connected-tests, cross-device-tests, test, lint-and-test
2026-04-30T05:55:02.5044742Z Checks queued: web-lint-and-test, autofix, maybe-label
2026-04-30T05:55:02.5045258Z Checks after Regexp filter:
2026-04-30T05:55:02.5045818Z Checks completed: Tag & Release, capture-failure-log, capture-failure-log, connected-tests, cross-device-tests, test, lint-and-test
2026-04-30T05:55:02.5046424Z Checks queued: web-lint-and-test, autofix, maybe-label
2026-04-30T05:55:02.5046813Z The requested checks aren't complete yet, will check back in 15 seconds...
2026-04-30T05:55:02.5047160Z Checks running on ref:
2026-04-30T05:55:02.5047665Z Checks completed: Tag & Release, capture-failure-log, capture-failure-log, connected-tests, cross-device-tests, test, lint-and-test
2026-04-30T05:55:02.5048409Z Checks queued: web-lint-and-test, autofix, maybe-label
2026-04-30T05:55:02.5048710Z Checks in_progress: Auto-merge
2026-04-30T05:55:02.5067529Z Checks after ignore checks filter:
2026-04-30T05:55:02.5068200Z Checks completed: Tag & Release, capture-failure-log, capture-failure-log, connected-tests, cross-device-tests, test, lint-and-test
2026-04-30T05:55:02.5068862Z Checks queued: web-lint-and-test, autofix, maybe-label
2026-04-30T05:55:02.5069179Z Checks after check_name filter:
2026-04-30T05:55:02.5069759Z Checks completed: Tag & Release, capture-failure-log, capture-failure-log, connected-tests, cross-device-tests, test, lint-and-test
2026-04-30T05:55:02.5070381Z Checks queued: web-lint-and-test, autofix, maybe-label
2026-04-30T05:55:02.5070690Z Checks after Regexp filter:
2026-04-30T05:55:02.5071228Z Checks completed: Tag & Release, capture-failure-log, capture-failure-log, connected-tests, cross-device-tests, test, lint-and-test
2026-04-30T05:55:02.5071864Z Checks queued: web-lint-and-test, autofix, maybe-label
2026-04-30T05:55:02.5072450Z The requested checks aren't complete yet, will check back in 15 seconds...
2026-04-30T05:55:02.5072826Z Checks running on ref:
2026-04-30T05:55:02.5073351Z Checks completed: Tag & Release, capture-failure-log, capture-failure-log, connected-tests, cross-device-tests, test, lint-and-test
2026-04-30T05:55:02.5073971Z Checks queued: web-lint-and-test, autofix, maybe-label
2026-04-30T05:55:02.5074278Z Checks in_progress: Auto-merge
2026-04-30T05:55:02.5074515Z Checks after ignore checks filter:
2026-04-30T05:55:02.5075347Z Checks completed: Tag & Release, capture-failure-log, capture-failure-log, connected-tests, cross-device-tests, test, lint-and-test
2026-04-30T05:57:06.3623909Z Checks queued: web-lint-and-test, autofix, maybe-label
2026-04-30T05:57:06.3624527Z Checks after check_name filter:
2026-04-30T05:57:06.3625896Z Checks completed: Tag & Release, capture-failure-log, capture-failure-log, connected-tests, cross-device-tests, test, lint-and-test
2026-04-30T05:57:06.3627516Z Checks queued: web-lint-and-test, autofix, maybe-label
2026-04-30T05:57:06.3628241Z Checks after Regexp filter:
2026-04-30T05:57:06.3628936Z Checks completed: Tag & Release, capture-failure-log, capture-failure-log, connected-tests, cross-device-tests, test, lint-and-test
2026-04-30T05:57:06.3629715Z Checks queued: web-lint-and-test, autofix, maybe-label
2026-04-30T05:57:06.3630213Z The requested checks aren't complete yet, will check back in 15 seconds...
2026-04-30T05:57:06.3630658Z Checks running on ref:
2026-04-30T05:57:06.3631296Z Checks completed: Tag & Release, capture-failure-log, capture-failure-log, connected-tests, cross-device-tests, test, lint-and-test
2026-04-30T05:57:06.3632064Z Checks queued: web-lint-and-test, autofix, maybe-label
2026-04-30T05:57:06.3632428Z Checks in_progress: Auto-merge
2026-04-30T05:57:06.3632711Z Checks after ignore checks filter:
2026-04-30T05:57:06.3633394Z Checks completed: Tag & Release, capture-failure-log, capture-failure-log, connected-tests, cross-device-tests, test, lint-and-test
2026-04-30T05:57:06.3634156Z Checks queued: web-lint-and-test, autofix, maybe-label
2026-04-30T05:57:06.3634520Z Checks after check_name filter:
2026-04-30T05:57:06.3635490Z Checks completed: Tag & Release, capture-failure-log, capture-failure-log, connected-tests, cross-device-tests, test, lint-and-test
2026-04-30T05:57:06.3636275Z Checks queued: web-lint-and-test, autofix, maybe-label
2026-04-30T05:57:06.3636628Z Checks after Regexp filter:
2026-04-30T05:57:06.3637279Z Checks completed: Tag & Release, capture-failure-log, capture-failure-log, connected-tests, cross-device-tests, test, lint-and-test
2026-04-30T05:57:06.3638044Z Checks queued: web-lint-and-test, autofix, maybe-label
2026-04-30T05:57:06.3638543Z The requested checks aren't complete yet, will check back in 15 seconds...
2026-04-30T05:57:06.3638945Z Checks running on ref:
2026-04-30T05:57:06.3639442Z Checks completed: Tag & Release, capture-failure-log, capture-failure-log, connected-tests, cross-device-tests, test, lint-and-test
2026-04-30T05:57:06.3640663Z Checks queued: web-lint-and-test, autofix, maybe-label
2026-04-30T05:57:06.3640970Z Checks in_progress: Auto-merge
2026-04-30T05:57:06.3641206Z Checks after ignore checks filter:
2026-04-30T05:57:06.3641754Z Checks completed: Tag & Release, capture-failure-log, capture-failure-log, connected-tests, cross-device-tests, test, lint-and-test
2026-04-30T05:57:06.3642364Z Checks queued: web-lint-and-test, autofix, maybe-label
2026-04-30T05:57:06.3642654Z Checks after check_name filter:
2026-04-30T05:57:06.3643197Z Checks completed: Tag & Release, capture-failure-log, capture-failure-log, connected-tests, cross-device-tests, test, lint-and-test
2026-04-30T05:57:06.3643805Z Checks queued: web-lint-and-test, autofix, maybe-label
2026-04-30T05:57:06.3644094Z Checks after Regexp filter:
2026-04-30T05:57:06.3644615Z Checks completed: Tag & Release, capture-failure-log, capture-failure-log, connected-tests, cross-device-tests, test, lint-and-test
2026-04-30T05:57:06.3645559Z Checks queued: web-lint-and-test, autofix, maybe-label
2026-04-30T05:57:06.3646153Z The requested checks aren't complete yet, will check back in 15 seconds...
2026-04-30T05:57:06.3646518Z Checks running on ref:
2026-04-30T05:57:06.3647039Z Checks completed: Tag & Release, capture-failure-log, capture-failure-log, connected-tests, cross-device-tests, test, lint-and-test
2026-04-30T05:57:06.3647656Z Checks queued: web-lint-and-test, autofix, maybe-label
2026-04-30T05:57:06.3647964Z Checks in_progress: Auto-merge
2026-04-30T05:57:06.3648203Z Checks after ignore checks filter:
2026-04-30T05:57:06.3648759Z Checks completed: Tag & Release, capture-failure-log, capture-failure-log, connected-tests, cross-device-tests, test, lint-and-test
2026-04-30T05:57:06.3649378Z Checks queued: web-lint-and-test, autofix, maybe-label
2026-04-30T05:57:06.3649680Z Checks after check_name filter:
2026-04-30T05:57:06.3650224Z Checks completed: Tag & Release, capture-failure-log, capture-failure-log, connected-tests, cross-device-tests, test, lint-and-test
2026-04-30T05:57:06.3650861Z Checks queued: web-lint-and-test, autofix, maybe-label
2026-04-30T05:57:06.3651171Z Checks after Regexp filter:
2026-04-30T05:57:06.3651710Z Checks completed: Tag & Release, capture-failure-log, capture-failure-log, connected-tests, cross-device-tests, test, lint-and-test
2026-04-30T05:57:06.3652325Z Checks queued: web-lint-and-test, autofix, maybe-label
2026-04-30T05:57:06.3652735Z The requested checks aren't complete yet, will check back in 15 seconds...
2026-04-30T05:57:06.3653102Z Checks running on ref:
2026-04-30T05:57:06.3653617Z Checks completed: Tag & Release, capture-failure-log, capture-failure-log, connected-tests, cross-device-tests, test, lint-and-test
2026-04-30T05:57:06.3654226Z Checks queued: web-lint-and-test, autofix, maybe-label
2026-04-30T05:57:06.3654523Z Checks in_progress: Auto-merge
2026-04-30T05:57:06.3654753Z Checks after ignore checks filter:
2026-04-30T05:57:06.3655544Z Checks completed: Tag & Release, capture-failure-log, capture-failure-log, connected-tests, cross-device-tests, test, lint-and-test
2026-04-30T05:57:06.3656158Z Checks queued: web-lint-and-test, autofix, maybe-label
2026-04-30T05:57:06.3656452Z Checks after check_name filter:
2026-04-30T05:57:06.3656981Z Checks completed: Tag & Release, capture-failure-log, capture-failure-log, connected-tests, cross-device-tests, test, lint-and-test
2026-04-30T05:57:06.3657576Z Checks queued: web-lint-and-test, autofix, maybe-label
2026-04-30T05:57:06.3657867Z Checks after Regexp filter:
2026-04-30T05:57:06.3658383Z Checks completed: Tag & Release, capture-failure-log, capture-failure-log, connected-tests, cross-device-tests, test, lint-and-test
2026-04-30T05:57:06.3658983Z Checks queued: web-lint-and-test, autofix, maybe-label
2026-04-30T05:57:06.3659371Z The requested checks aren't complete yet, will check back in 15 seconds...
2026-04-30T05:57:06.3659726Z Checks running on ref:
2026-04-30T05:57:06.3660373Z Checks completed: Tag & Release, capture-failure-log, capture-failure-log, connected-tests, cross-device-tests, test, lint-and-test
2026-04-30T05:57:06.3660977Z Checks queued: web-lint-and-test, autofix, maybe-label
2026-04-30T05:57:06.3661274Z Checks in_progress: Auto-merge
2026-04-30T05:57:06.3661498Z Checks after ignore checks filter:
2026-04-30T05:57:06.3662034Z Checks completed: Tag & Release, capture-failure-log, capture-failure-log, connected-tests, cross-device-tests, test, lint-and-test
2026-04-30T05:57:06.3662639Z Checks queued: web-lint-and-test, autofix, maybe-label
2026-04-30T05:57:06.3662929Z Checks after check_name filter:
2026-04-30T05:57:06.3663446Z Checks completed: Tag & Release, capture-failure-log, capture-failure-log, connected-tests, cross-device-tests, test, lint-and-test
2026-04-30T05:57:06.3664044Z Checks queued: web-lint-and-test, autofix, maybe-label
2026-04-30T05:57:06.3664333Z Checks after Regexp filter:
2026-04-30T05:57:06.3664850Z Checks completed: Tag & Release, capture-failure-log, capture-failure-log, connected-tests, cross-device-tests, test, lint-and-test
2026-04-30T05:57:06.3665839Z Checks queued: web-lint-and-test, autofix, maybe-label
2026-04-30T05:57:06.3666239Z The requested checks aren't complete yet, will check back in 15 seconds...
2026-04-30T05:57:06.3666592Z Checks running on ref:
2026-04-30T05:57:06.3667095Z Checks completed: Tag & Release, capture-failure-log, capture-failure-log, connected-tests, cross-device-tests, test, lint-and-test
2026-04-30T05:57:06.3667695Z Checks queued: web-lint-and-test, autofix, maybe-label
2026-04-30T05:57:06.3667982Z Checks in_progress: Auto-merge
2026-04-30T05:57:06.3668215Z Checks after ignore checks filter:
2026-04-30T05:57:06.3668760Z Checks completed: Tag & Release, capture-failure-log, capture-failure-log, connected-tests, cross-device-tests, test, lint-and-test
2026-04-30T05:57:06.3669360Z Checks queued: web-lint-and-test, autofix, maybe-label
2026-04-30T05:57:06.3669645Z Checks after check_name filter:
2026-04-30T05:57:06.3670173Z Checks completed: Tag & Release, capture-failure-log, capture-failure-log, connected-tests, cross-device-tests, test, lint-and-test
2026-04-30T05:57:06.3670788Z Checks queued: web-lint-and-test, autofix, maybe-label
2026-04-30T05:57:06.3671075Z Checks after Regexp filter:
2026-04-30T05:57:06.3671590Z Checks completed: Tag & Release, capture-failure-log, capture-failure-log, connected-tests, cross-device-tests, test, lint-and-test
2026-04-30T05:57:06.3672184Z Checks queued: web-lint-and-test, autofix, maybe-label
2026-04-30T05:57:06.3672574Z The requested checks aren't complete yet, will check back in 15 seconds...
2026-04-30T05:57:06.3672923Z Checks running on ref:
2026-04-30T05:57:06.3673423Z Checks completed: Tag & Release, capture-failure-log, capture-failure-log, connected-tests, cross-device-tests, test, lint-and-test
2026-04-30T05:57:06.3674024Z Checks queued: web-lint-and-test, autofix, maybe-label
2026-04-30T05:57:06.3674318Z Checks in_progress: Auto-merge
2026-04-30T05:57:06.3674549Z Checks after ignore checks filter:
2026-04-30T05:57:06.3675385Z Checks completed: Tag & Release, capture-failure-log, capture-failure-log, connected-tests, cross-device-tests, test, lint-and-test
2026-04-30T05:57:06.3676013Z Checks queued: web-lint-and-test, autofix, maybe-label
2026-04-30T05:57:06.3676297Z Checks after check_name filter:
2026-04-30T05:57:06.3676817Z Checks completed: Tag & Release, capture-failure-log, capture-failure-log, connected-tests, cross-device-tests, test, lint-and-test
2026-04-30T05:57:06.3677418Z Checks queued: web-lint-and-test, autofix, maybe-label
2026-04-30T05:57:06.3677706Z Checks after Regexp filter:
2026-04-30T05:57:06.3678215Z Checks completed: Tag & Release, capture-failure-log, capture-failure-log, connected-tests, cross-device-tests, test, lint-and-test
2026-04-30T05:57:06.3678823Z Checks queued: web-lint-and-test, autofix, maybe-label
2026-04-30T05:57:06.3679214Z The requested checks aren't complete yet, will check back in 15 seconds...
2026-04-30T05:57:06.3679701Z Checks running on ref:
2026-04-30T05:57:06.3680260Z Checks completed: Tag & Release, capture-failure-log, capture-failure-log, connected-tests, cross-device-tests, test, lint-and-test, maybe-label
2026-04-30T05:57:06.3680900Z Checks in_progress: web-lint-and-test, Auto-merge
2026-04-30T05:57:06.3681178Z Checks queued: autofix
2026-04-30T05:57:06.3681376Z Checks after ignore checks filter:
2026-04-30T05:57:06.3681967Z Checks completed: Tag & Release, capture-failure-log, capture-failure-log, connected-tests, cross-device-tests, test, lint-and-test, maybe-label
2026-04-30T05:57:06.3682582Z Checks in_progress: web-lint-and-test
2026-04-30T05:57:06.3682826Z Checks queued: autofix
2026-04-30T05:57:06.3683025Z Checks after check_name filter:
2026-04-30T05:57:06.3683602Z Checks completed: Tag & Release, capture-failure-log, capture-failure-log, connected-tests, cross-device-tests, test, lint-and-test, maybe-label
2026-04-30T05:57:06.3684217Z Checks in_progress: web-lint-and-test
2026-04-30T05:57:06.3684457Z Checks queued: autofix
2026-04-30T05:57:06.3684658Z Checks after Regexp filter:
2026-04-30T05:57:52.8850259Z Checks completed: Tag & Release, capture-failure-log, capture-failure-log, connected-tests, cross-device-tests, test, lint-and-test, maybe-label
2026-04-30T05:57:52.8851384Z Checks in_progress: web-lint-and-test
2026-04-30T05:57:52.8851782Z Checks queued: autofix
2026-04-30T05:57:52.8852277Z The requested checks aren't complete yet, will check back in 15 seconds...
2026-04-30T05:57:52.8852863Z Checks running on ref:
2026-04-30T05:57:52.8853792Z Checks completed: Tag & Release, capture-failure-log, capture-failure-log, connected-tests, cross-device-tests, test, lint-and-test, maybe-label
2026-04-30T05:57:52.8854868Z Checks in_progress: web-lint-and-test, Auto-merge
2026-04-30T05:57:52.8855598Z Checks queued: autofix
2026-04-30T05:57:52.8855940Z Checks after ignore checks filter:
2026-04-30T05:57:52.8856933Z Checks completed: Tag & Release, capture-failure-log, capture-failure-log, connected-tests, cross-device-tests, test, lint-and-test, maybe-label
2026-04-30T05:57:52.8857993Z Checks in_progress: web-lint-and-test
2026-04-30T05:57:52.8858358Z Checks queued: autofix
2026-04-30T05:57:52.8858668Z Checks after check_name filter:
2026-04-30T05:57:52.8859579Z Checks completed: Tag & Release, capture-failure-log, capture-failure-log, connected-tests, cross-device-tests, test, lint-and-test, maybe-label
2026-04-30T05:57:52.8860563Z Checks in_progress: web-lint-and-test
2026-04-30T05:57:52.8860941Z Checks queued: autofix
2026-04-30T05:57:52.8861249Z Checks after Regexp filter:
2026-04-30T05:57:52.8862174Z Checks completed: Tag & Release, capture-failure-log, capture-failure-log, connected-tests, cross-device-tests, test, lint-and-test, maybe-label
2026-04-30T05:57:52.8863183Z Checks in_progress: web-lint-and-test
2026-04-30T05:57:52.8863552Z Checks queued: autofix
2026-04-30T05:57:52.8864033Z The requested checks aren't complete yet, will check back in 15 seconds...
2026-04-30T05:57:52.8864611Z Checks running on ref:
2026-04-30T05:57:52.8865741Z Checks completed: Tag & Release, capture-failure-log, capture-failure-log, connected-tests, cross-device-tests, test, lint-and-test, maybe-label
2026-04-30T05:57:52.8866801Z Checks in_progress: web-lint-and-test, Auto-merge
2026-04-30T05:57:52.8867256Z Checks queued: autofix
2026-04-30T05:57:52.8867579Z Checks after ignore checks filter:
2026-04-30T05:57:52.8868590Z Checks completed: Tag & Release, capture-failure-log, capture-failure-log, connected-tests, cross-device-tests, test, lint-and-test, maybe-label
2026-04-30T05:57:52.8870659Z Checks in_progress: web-lint-and-test
2026-04-30T05:57:52.8871096Z Checks queued: autofix
2026-04-30T05:57:52.8871452Z Checks after check_name filter:
2026-04-30T05:57:52.8872489Z Checks completed: Tag & Release, capture-failure-log, capture-failure-log, connected-tests, cross-device-tests, test, lint-and-test, maybe-label
2026-04-30T05:57:52.8873655Z Checks in_progress: web-lint-and-test
2026-04-30T05:57:52.8874086Z Checks queued: autofix
2026-04-30T05:57:52.8874668Z Checks after Regexp filter:
2026-04-30T05:57:52.8875832Z Checks completed: Tag & Release, capture-failure-log, capture-failure-log, connected-tests, cross-device-tests, test, lint-and-test, maybe-label
2026-04-30T05:57:52.8876872Z Checks in_progress: web-lint-and-test
2026-04-30T05:57:52.8877269Z Checks queued: autofix
2026-04-30T05:57:52.8877773Z The requested checks aren't complete yet, will check back in 15 seconds...
2026-04-30T05:57:52.8878368Z Checks running on ref:
2026-04-30T05:57:52.8879765Z Checks completed: capture-failure-log, e2e, capture-failure-log, Tag & Release, capture-failure-log, capture-failure-log, connected-tests, cross-device-tests, test, web-lint-and-test, autofix, lint-and-test, maybe-label
2026-04-30T05:57:52.8881308Z Checks in_progress: Auto-merge
2026-04-30T05:57:52.8881690Z Checks after ignore checks filter:
2026-04-30T05:57:52.8883187Z Checks completed: capture-failure-log, e2e, capture-failure-log, Tag & Release, capture-failure-log, capture-failure-log, connected-tests, cross-device-tests, test, web-lint-and-test, autofix, lint-and-test, maybe-label
2026-04-30T05:57:52.8884748Z Checks after check_name filter:
2026-04-30T05:57:52.8886603Z Checks completed: capture-failure-log, e2e, capture-failure-log, Tag & Release, capture-failure-log, capture-failure-log, connected-tests, cross-device-tests, test, web-lint-and-test, autofix, lint-and-test, maybe-label
2026-04-30T05:57:52.8888147Z Checks after Regexp filter:
2026-04-30T05:57:52.8889627Z Checks completed: capture-failure-log, e2e, capture-failure-log, Tag & Release, capture-failure-log, capture-failure-log, connected-tests, cross-device-tests, test, web-lint-and-test, autofix, lint-and-test, maybe-label
2026-04-30T05:57:52.8891197Z Checks completed:
2026-04-30T05:57:52.8891555Z capture-failure-log: completed (skipped)
2026-04-30T05:57:52.8891996Z e2e: completed (cancelled)
2026-04-30T05:57:52.8892390Z capture-failure-log: completed (skipped)
2026-04-30T05:57:52.8892831Z Tag & Release: completed (skipped)
2026-04-30T05:57:52.8893274Z capture-failure-log: completed (skipped)
2026-04-30T05:57:52.8893739Z capture-failure-log: completed (skipped)
2026-04-30T05:57:52.8894252Z connected-tests: completed (skipped)
2026-04-30T05:57:52.8894755Z cross-device-tests: completed (skipped)
2026-04-30T05:57:52.8895520Z test: completed (success)
2026-04-30T05:57:52.8896026Z web-lint-and-test: completed (cancelled)
2026-04-30T05:57:52.8896631Z autofix: completed (cancelled)
2026-04-30T05:57:52.8897142Z lint-and-test: completed (success)
2026-04-30T05:57:52.8897677Z maybe-label: completed (success)
2026-04-30T05:57:52.8899127Z The conclusion of one or more checks were not allowed. Allowed conclusions are: success, skipped, neutral. This can be configured with the 'allowed-conclusions' param.
2026-04-30T05:57:52.8970805Z ##[error]Process completed with exit code 1.
2026-04-30T05:57:52.9081142Z Post job cleanup.
2026-04-30T05:57:52.9133937Z Cleaning up orphan processes
2026-04-30T05:57:52.9381219Z ##[warning]Node.js 20 actions are deprecated. The following actions are running on Node.js 20 and may not work as expected: actions/cache@v4. Actions will be forced to run with Node.js 24 by default starting June 2nd, 2026. Node.js 20 will be removed from the runner on September 16th, 2026. Please check if updated versions of these actions are available that support Node.js 24. To opt into Node.js 24 now, set the FORCE_JAVASCRIPT_ACTIONS_TO_NODE24=true environment variable on the runner or in your workflow file. Once Node.js 24 becomes the default, you can temporarily opt out by setting ACTIONS_ALLOW_USE_UNSECURE_NODE_VERSION=true. For more information see: https://github.blog/changelog/2025-09-19-deprecation-of-node-20-on-github-actions-runners/
