=== CI FAILURE ===
Workflow:      Auto-merge & Release
Workflow file: akarlin3/prismTask/.github/workflows/auto-merge.yml@refs/pull/873/merge
Job(s):        Auto-merge
Run ID:        25035473690
Run attempt:   1
Run URL:       https://github.com/akarlin3/prismTask/actions/runs/25035473690
Commit:        914f273a7438cf0204224b5cdb284e54ea4ec6e0
Branch:        873/merge
Event:         pull_request
Actor:         akarlin3
Runner OS:     Linux
Timestamp:     2026-04-28T05:28:35.015Z

Failed steps:
  - Auto-merge: #4 Wait for all other CI checks to pass

=== FAILED JOB LOG ===

--- Job: Auto-merge (id 73326054620) ---
2026-04-28T05:22:51.2397450Z Current runner version: '2.333.1'
2026-04-28T05:22:51.2423328Z ##[group]Runner Image Provisioner
2026-04-28T05:22:51.2424389Z Hosted Compute Agent
2026-04-28T05:22:51.2424967Z Version: 20260213.493
2026-04-28T05:22:51.2425544Z Commit: 5c115507f6dd24b8de37d8bbe0bb4509d0cc0fa3
2026-04-28T05:22:51.2426349Z Build Date: 2026-02-13T00:28:41Z
2026-04-28T05:22:51.2427022Z Worker ID: {607eab7f-3acd-41e2-a633-b116b468e09f}
2026-04-28T05:22:51.2427702Z Azure Region: eastus
2026-04-28T05:22:51.2428362Z ##[endgroup]
2026-04-28T05:22:51.2429864Z ##[group]Operating System
2026-04-28T05:22:51.2430435Z Ubuntu
2026-04-28T05:22:51.2431000Z 24.04.4
2026-04-28T05:22:51.2431441Z LTS
2026-04-28T05:22:51.2431906Z ##[endgroup]
2026-04-28T05:22:51.2432479Z ##[group]Runner Image
2026-04-28T05:22:51.2433259Z Image: ubuntu-24.04
2026-04-28T05:22:51.2434156Z Version: 20260413.86.1
2026-04-28T05:22:51.2435540Z Included Software: https://github.com/actions/runner-images/blob/ubuntu24/20260413.86/images/ubuntu/Ubuntu2404-Readme.md
2026-04-28T05:22:51.2437016Z Image Release: https://github.com/actions/runner-images/releases/tag/ubuntu24%2F20260413.86
2026-04-28T05:22:51.2438082Z ##[endgroup]
2026-04-28T05:22:51.2439370Z ##[group]GITHUB_TOKEN Permissions
2026-04-28T05:22:51.2441634Z Actions: read
2026-04-28T05:22:51.2442223Z Checks: read
2026-04-28T05:22:51.2442740Z Contents: write
2026-04-28T05:22:51.2443562Z Metadata: read
2026-04-28T05:22:51.2444123Z PullRequests: write
2026-04-28T05:22:51.2444615Z ##[endgroup]
2026-04-28T05:22:51.2446931Z Secret source: Actions
2026-04-28T05:22:51.2448004Z Prepare workflow directory
2026-04-28T05:22:51.2854149Z Prepare all required actions
2026-04-28T05:22:51.2893502Z Getting action download info
2026-04-28T05:22:51.6122677Z Download action repository 'lewagon/wait-on-check-action@ccfb013c15c8afb7bf2b7c028fb74dc5a068cccc' (SHA:ccfb013c15c8afb7bf2b7c028fb74dc5a068cccc)
2026-04-28T05:22:51.9808017Z Getting action download info
2026-04-28T05:22:52.1280384Z Download action repository 'ruby/setup-ruby@v1' (SHA:c4e5b1316158f92e3d49443a9d58b31d25ac0f8f)
2026-04-28T05:22:52.3144605Z Download action repository 'actions/cache@v4' (SHA:0057852bfaa89a56745cba8c7296529d2fc39830)
2026-04-28T05:22:52.4678920Z Complete job name: Auto-merge
2026-04-28T05:22:52.5396996Z ##[group]Run set -euo pipefail
2026-04-28T05:22:52.5398204Z [36;1mset -euo pipefail[0m
2026-04-28T05:22:52.5399551Z [36;1m# Audit item #5 — poll check-runs for up to 60s instead of a bare[0m
2026-04-28T05:22:52.5401334Z [36;1m# 20s sleep. On a busy runner cohort the initial 20s wasn't enough[0m
2026-04-28T05:22:52.5403303Z [36;1m# for the API to reflect queued workflow runs, which could merge[0m
2026-04-28T05:22:52.5405045Z [36;1m# PRs without waiting for CI. Bail out early as soon as ≥1 real[0m
2026-04-28T05:22:52.5406495Z [36;1m# check shows up.[0m
2026-04-28T05:22:52.5407425Z [36;1mCOUNT=0[0m
2026-04-28T05:22:52.5408242Z [36;1mfor i in $(seq 1 6); do[0m
2026-04-28T05:22:52.5409207Z [36;1m  sleep 10[0m
2026-04-28T05:22:52.5410355Z [36;1m  COUNT=$(gh api "repos/$REPO/commits/$HEAD_SHA/check-runs" \[0m
2026-04-28T05:22:52.5412096Z [36;1m    --jq '[.check_runs[] | select(.name != "Auto-merge")] | length')[0m
2026-04-28T05:22:52.5413688Z [36;1m  if [ "$COUNT" -gt 0 ]; then[0m
2026-04-28T05:22:52.5415007Z [36;1m    echo "Found $COUNT non-Auto-merge check(s) after ${i}0s"[0m
2026-04-28T05:22:52.5416939Z [36;1m    break[0m
2026-04-28T05:22:52.5417759Z [36;1m  fi[0m
2026-04-28T05:22:52.5418768Z [36;1m  echo "No non-Auto-merge checks yet (attempt $i/6)"[0m
2026-04-28T05:22:52.5419987Z [36;1mdone[0m
2026-04-28T05:22:52.5420767Z [36;1mif [ "$COUNT" -gt 0 ]; then[0m
2026-04-28T05:22:52.5421848Z [36;1m  echo "has_ci=true" >> "$GITHUB_OUTPUT"[0m
2026-04-28T05:22:52.5423120Z [36;1melse[0m
2026-04-28T05:22:52.5423989Z [36;1m  echo "has_ci=false" >> "$GITHUB_OUTPUT"[0m
2026-04-28T05:22:52.5425507Z [36;1m  echo "No CI checks on this PR after 60s — will merge without waiting."[0m
2026-04-28T05:22:52.5426905Z [36;1mfi[0m
2026-04-28T05:22:52.5453763Z shell: /usr/bin/bash -e {0}
2026-04-28T05:22:52.5455017Z env:
2026-04-28T05:22:52.5455741Z   WAIT_INTERVAL: 30
2026-04-28T05:22:52.5456983Z   GH_TOKEN: ***
2026-04-28T05:22:52.5457922Z   HEAD_SHA: 6a6daad946d10ab1e24709a446d62a97cff104af
2026-04-28T05:22:52.5459115Z   REPO: akarlin3/prismTask
2026-04-28T05:22:52.5459998Z ##[endgroup]
2026-04-28T05:23:03.0574984Z Found 9 non-Auto-merge check(s) after 10s
2026-04-28T05:23:03.0705368Z ##[group]Run set -euo pipefail
2026-04-28T05:23:03.0705794Z [36;1mset -euo pipefail[0m
2026-04-28T05:23:03.0706250Z [36;1mREQUIRED=$(gh api "repos/$REPO/branches/main/protection/required_status_checks" \[0m
2026-04-28T05:23:03.0706764Z [36;1m  --jq '.contexts[]' 2>/dev/null || true)[0m
2026-04-28T05:23:03.0707107Z [36;1mif [ -z "$REQUIRED" ]; then[0m
2026-04-28T05:23:03.0707668Z [36;1m  echo "::warning::Could not query branch protection (likely a permission issue) — using hardcoded fallback list."[0m
2026-04-28T05:23:03.0708264Z [36;1m  REQUIRED="$FALLBACK_REQUIRED"[0m
2026-04-28T05:23:03.0708568Z [36;1mfi[0m
2026-04-28T05:23:03.0708879Z [36;1m# Strip Auto-merge from the required list so we don't wait on[0m
2026-04-28T05:23:03.0709349Z [36;1m# ourselves (it's listed because we ARE the running workflow).[0m
2026-04-28T05:23:03.0709880Z [36;1mREQUIRED=$(echo "$REQUIRED" | grep -vE '^\s*Auto-merge\s*$' | grep -vE '^\s*$' || true)[0m
2026-04-28T05:23:03.0710401Z [36;1mif [ -z "$REQUIRED" ]; then[0m
2026-04-28T05:23:03.0710781Z [36;1m  echo "No required checks beyond Auto-merge; skipping queue wait."[0m
2026-04-28T05:23:03.0711183Z [36;1m  exit 0[0m
2026-04-28T05:23:03.0711432Z [36;1mfi[0m
2026-04-28T05:23:03.0711700Z [36;1mecho "Waiting until these required checks queue:"[0m
2026-04-28T05:23:03.0712059Z [36;1mecho "$REQUIRED" | sed 's/^/  /'[0m
2026-04-28T05:23:03.0712432Z [36;1m# 30 attempts × 10s = 5 min ceiling. If checks haven't queued[0m
2026-04-28T05:23:03.0713099Z [36;1m# by then something is genuinely broken (workflow file invalid,[0m
2026-04-28T05:23:03.0713597Z [36;1m# path filter excluding everything, etc.) — log and proceed so[0m
2026-04-28T05:23:03.0714036Z [36;1m# wait-on-check-action can decide how to handle it.[0m
2026-04-28T05:23:03.0714395Z [36;1mfor attempt in $(seq 1 30); do[0m
2026-04-28T05:23:03.0714823Z [36;1m  CHECK_RUNS=$(gh api --paginate "repos/$REPO/commits/$HEAD_SHA/check-runs" \[0m
2026-04-28T05:23:03.0715286Z [36;1m    --jq '.check_runs[].name' | sort -u)[0m
2026-04-28T05:23:03.0715600Z [36;1m  MISSING=""[0m
2026-04-28T05:23:03.0715853Z [36;1m  while IFS= read -r req; do[0m
2026-04-28T05:23:03.0716136Z [36;1m    [ -z "$req" ] && continue[0m
2026-04-28T05:23:03.0716444Z [36;1m    req_trimmed=$(echo "$req" | xargs)[0m
2026-04-28T05:23:03.0716840Z [36;1m    if ! echo "$CHECK_RUNS" | grep -qxF "$req_trimmed"; then[0m
2026-04-28T05:23:03.0717254Z [36;1m      MISSING="$MISSING $req_trimmed"[0m
2026-04-28T05:23:03.0717549Z [36;1m    fi[0m
2026-04-28T05:23:03.0717772Z [36;1m  done <<< "$REQUIRED"[0m
2026-04-28T05:23:03.0718161Z [36;1m  if [ -z "$MISSING" ]; then[0m
2026-04-28T05:23:03.0718593Z [36;1m    echo "All required checks have queued after attempt $attempt."[0m
2026-04-28T05:23:03.0718973Z [36;1m    exit 0[0m
2026-04-28T05:23:03.0719198Z [36;1m  fi[0m
2026-04-28T05:23:03.0719492Z [36;1m  echo "Still waiting for:$MISSING (attempt $attempt/30)"[0m
2026-04-28T05:23:03.0719904Z [36;1m  sleep 10[0m
2026-04-28T05:23:03.0720129Z [36;1mdone[0m
2026-04-28T05:23:03.0720625Z [36;1mecho "::warning::Some required checks never queued after 5 min:$MISSING — proceeding to wait-on-check-action anyway."[0m
2026-04-28T05:23:03.0743480Z shell: /usr/bin/bash -e {0}
2026-04-28T05:23:03.0743768Z env:
2026-04-28T05:23:03.0743986Z   WAIT_INTERVAL: 30
2026-04-28T05:23:03.0744665Z   GH_TOKEN: ***
2026-04-28T05:23:03.0744939Z   HEAD_SHA: 6a6daad946d10ab1e24709a446d62a97cff104af
2026-04-28T05:23:03.0745278Z   REPO: akarlin3/prismTask
2026-04-28T05:23:03.0745661Z   FALLBACK_REQUIRED: lint-and-test
connected-tests
test
web-lint-and-test

2026-04-28T05:23:03.0746303Z ##[endgroup]
2026-04-28T05:23:03.3080185Z Waiting until these required checks queue:
2026-04-28T05:23:03.3093998Z   {"message":"Resource not accessible by integration","documentation_url":"https://docs.github.com/rest/branches/branch-protection#get-status-checks-protection","status":"403"}
2026-04-28T05:23:03.7078013Z Still waiting for: {message:Resource not accessible by integration,documentation_url:https://docs.github.com/rest/branches/branch-protection#get-status-checks-protection,status:403} (attempt 1/30)
2026-04-28T05:23:14.1291928Z Still waiting for: {message:Resource not accessible by integration,documentation_url:https://docs.github.com/rest/branches/branch-protection#get-status-checks-protection,status:403} (attempt 2/30)
2026-04-28T05:23:24.5564156Z Still waiting for: {message:Resource not accessible by integration,documentation_url:https://docs.github.com/rest/branches/branch-protection#get-status-checks-protection,status:403} (attempt 3/30)
2026-04-28T05:23:35.0212585Z Still waiting for: {message:Resource not accessible by integration,documentation_url:https://docs.github.com/rest/branches/branch-protection#get-status-checks-protection,status:403} (attempt 4/30)
2026-04-28T05:23:45.4225823Z Still waiting for: {message:Resource not accessible by integration,documentation_url:https://docs.github.com/rest/branches/branch-protection#get-status-checks-protection,status:403} (attempt 5/30)
2026-04-28T05:23:55.8885297Z Still waiting for: {message:Resource not accessible by integration,documentation_url:https://docs.github.com/rest/branches/branch-protection#get-status-checks-protection,status:403} (attempt 6/30)
2026-04-28T05:24:06.3132703Z Still waiting for: {message:Resource not accessible by integration,documentation_url:https://docs.github.com/rest/branches/branch-protection#get-status-checks-protection,status:403} (attempt 7/30)
2026-04-28T05:24:16.7307655Z Still waiting for: {message:Resource not accessible by integration,documentation_url:https://docs.github.com/rest/branches/branch-protection#get-status-checks-protection,status:403} (attempt 8/30)
2026-04-28T05:24:27.1647839Z Still waiting for: {message:Resource not accessible by integration,documentation_url:https://docs.github.com/rest/branches/branch-protection#get-status-checks-protection,status:403} (attempt 9/30)
2026-04-28T05:24:37.6198916Z Still waiting for: {message:Resource not accessible by integration,documentation_url:https://docs.github.com/rest/branches/branch-protection#get-status-checks-protection,status:403} (attempt 10/30)
2026-04-28T05:24:48.0587630Z Still waiting for: {message:Resource not accessible by integration,documentation_url:https://docs.github.com/rest/branches/branch-protection#get-status-checks-protection,status:403} (attempt 11/30)
2026-04-28T05:24:58.4611030Z Still waiting for: {message:Resource not accessible by integration,documentation_url:https://docs.github.com/rest/branches/branch-protection#get-status-checks-protection,status:403} (attempt 12/30)
2026-04-28T05:25:08.8653377Z Still waiting for: {message:Resource not accessible by integration,documentation_url:https://docs.github.com/rest/branches/branch-protection#get-status-checks-protection,status:403} (attempt 13/30)
2026-04-28T05:25:19.2136314Z Still waiting for: {message:Resource not accessible by integration,documentation_url:https://docs.github.com/rest/branches/branch-protection#get-status-checks-protection,status:403} (attempt 14/30)
2026-04-28T05:25:29.6531818Z Still waiting for: {message:Resource not accessible by integration,documentation_url:https://docs.github.com/rest/branches/branch-protection#get-status-checks-protection,status:403} (attempt 15/30)
2026-04-28T05:25:40.1189295Z Still waiting for: {message:Resource not accessible by integration,documentation_url:https://docs.github.com/rest/branches/branch-protection#get-status-checks-protection,status:403} (attempt 16/30)
2026-04-28T05:25:50.5227337Z Still waiting for: {message:Resource not accessible by integration,documentation_url:https://docs.github.com/rest/branches/branch-protection#get-status-checks-protection,status:403} (attempt 17/30)
2026-04-28T05:26:00.9363171Z Still waiting for: {message:Resource not accessible by integration,documentation_url:https://docs.github.com/rest/branches/branch-protection#get-status-checks-protection,status:403} (attempt 18/30)
2026-04-28T05:26:11.3454704Z Still waiting for: {message:Resource not accessible by integration,documentation_url:https://docs.github.com/rest/branches/branch-protection#get-status-checks-protection,status:403} (attempt 19/30)
2026-04-28T05:26:21.7639689Z Still waiting for: {message:Resource not accessible by integration,documentation_url:https://docs.github.com/rest/branches/branch-protection#get-status-checks-protection,status:403} (attempt 20/30)
2026-04-28T05:26:32.1403764Z Still waiting for: {message:Resource not accessible by integration,documentation_url:https://docs.github.com/rest/branches/branch-protection#get-status-checks-protection,status:403} (attempt 21/30)
2026-04-28T05:26:42.5259407Z Still waiting for: {message:Resource not accessible by integration,documentation_url:https://docs.github.com/rest/branches/branch-protection#get-status-checks-protection,status:403} (attempt 22/30)
2026-04-28T05:26:52.9150990Z Still waiting for: {message:Resource not accessible by integration,documentation_url:https://docs.github.com/rest/branches/branch-protection#get-status-checks-protection,status:403} (attempt 23/30)
2026-04-28T05:27:03.2645807Z Still waiting for: {message:Resource not accessible by integration,documentation_url:https://docs.github.com/rest/branches/branch-protection#get-status-checks-protection,status:403} (attempt 24/30)
2026-04-28T05:27:13.6362577Z Still waiting for: {message:Resource not accessible by integration,documentation_url:https://docs.github.com/rest/branches/branch-protection#get-status-checks-protection,status:403} (attempt 25/30)
2026-04-28T05:27:23.9525230Z Still waiting for: {message:Resource not accessible by integration,documentation_url:https://docs.github.com/rest/branches/branch-protection#get-status-checks-protection,status:403} (attempt 26/30)
2026-04-28T05:27:34.3297329Z Still waiting for: {message:Resource not accessible by integration,documentation_url:https://docs.github.com/rest/branches/branch-protection#get-status-checks-protection,status:403} (attempt 27/30)
2026-04-28T05:27:44.6944824Z Still waiting for: {message:Resource not accessible by integration,documentation_url:https://docs.github.com/rest/branches/branch-protection#get-status-checks-protection,status:403} (attempt 28/30)
2026-04-28T05:27:55.0744131Z Still waiting for: {message:Resource not accessible by integration,documentation_url:https://docs.github.com/rest/branches/branch-protection#get-status-checks-protection,status:403} (attempt 29/30)
2026-04-28T05:28:05.4755945Z Still waiting for: {message:Resource not accessible by integration,documentation_url:https://docs.github.com/rest/branches/branch-protection#get-status-checks-protection,status:403} (attempt 30/30)
2026-04-28T05:28:15.4807152Z ##[warning]Some required checks never queued after 5 min: {message:Resource not accessible by integration,documentation_url:https://docs.github.com/rest/branches/branch-protection#get-status-checks-protection,status:403} — proceeding to wait-on-check-action anyway.
2026-04-28T05:28:15.5046163Z ##[group]Run lewagon/wait-on-check-action@ccfb013c15c8afb7bf2b7c028fb74dc5a068cccc
2026-04-28T05:28:15.5046603Z with:
2026-04-28T05:28:15.5046845Z   ref: 6a6daad946d10ab1e24709a446d62a97cff104af
2026-04-28T05:28:15.5047133Z   running-workflow-name: Auto-merge
2026-04-28T05:28:15.5047611Z   repo-token: ***
2026-04-28T05:28:15.5047805Z   wait-interval: 30
2026-04-28T05:28:15.5048034Z   allowed-conclusions: success,skipped,neutral
2026-04-28T05:28:15.5048301Z   verbose: true
2026-04-28T05:28:15.5048468Z env:
2026-04-28T05:28:15.5048624Z   WAIT_INTERVAL: 30
2026-04-28T05:28:15.5048806Z ##[endgroup]
2026-04-28T05:28:15.5176986Z ##[group]Run ruby/setup-ruby@v1
2026-04-28T05:28:15.5177247Z with:
2026-04-28T05:28:15.5177652Z   ruby-version: 3.2
2026-04-28T05:28:15.5177851Z   bundler-cache: false
2026-04-28T05:28:15.5178181Z   token: ***
2026-04-28T05:28:15.5178346Z env:
2026-04-28T05:28:15.5178508Z   WAIT_INTERVAL: 30
2026-04-28T05:28:15.5178694Z ##[endgroup]
2026-04-28T05:28:15.6621465Z ##[group]Modifying PATH
2026-04-28T05:28:15.6622078Z Entries added to PATH to use selected Ruby:
2026-04-28T05:28:15.6622719Z   /opt/hostedtoolcache/Ruby/3.2.11/x64/bin
2026-04-28T05:28:15.6628163Z ##[endgroup]
2026-04-28T05:28:15.6629238Z ##[group]Print Ruby version
2026-04-28T05:28:15.6728936Z [command]/opt/hostedtoolcache/Ruby/3.2.11/x64/bin/ruby --version
2026-04-28T05:28:15.8676636Z ruby 3.2.11 (2026-03-27 revision 5483bfc1ae) [x86_64-linux]
2026-04-28T05:28:15.8708146Z Took   0.21 seconds
2026-04-28T05:28:15.8709414Z ##[endgroup]
2026-04-28T05:28:15.8710493Z ##[group]Installing Bundler
2026-04-28T05:28:15.8715493Z Using Bundler shipped with ruby-3.2.11
2026-04-28T05:28:15.8716375Z Took   0.00 seconds
2026-04-28T05:28:15.8717586Z ##[endgroup]
2026-04-28T05:28:15.9389238Z ##[group]Run actions/cache@v4
2026-04-28T05:28:15.9389499Z with:
2026-04-28T05:28:15.9389907Z   path: /home/runner/work/_actions/lewagon/wait-on-check-action/ccfb013c15c8afb7bf2b7c028fb74dc5a068cccc
2026-04-28T05:28:15.9390406Z   key: Linux-gems-
2026-04-28T05:28:15.9390598Z   restore-keys: Linux-gems-
2026-04-28T05:28:15.9390823Z   enableCrossOsArchive: false
2026-04-28T05:28:15.9391045Z   fail-on-cache-miss: false
2026-04-28T05:28:15.9391243Z   lookup-only: false
2026-04-28T05:28:15.9391635Z   save-always: false
2026-04-28T05:28:15.9391835Z env:
2026-04-28T05:28:15.9391994Z   WAIT_INTERVAL: 30
2026-04-28T05:28:15.9392173Z ##[endgroup]
2026-04-28T05:28:16.1566167Z Cache hit for: Linux-gems-
2026-04-28T05:28:16.2245204Z Received 13110 of 13110 (100.0%), 0.8 MBs/sec
2026-04-28T05:28:16.2246434Z Cache Size: ~0 MB (13110 B)
2026-04-28T05:28:16.2286131Z [command]/usr/bin/tar -xf /home/runner/work/_temp/9f60b567-3883-46c5-b4ec-9b1501f45549/cache.tzst -P -C /home/runner/work/prismTask/prismTask --use-compress-program unzstd
2026-04-28T05:28:16.2352657Z Cache restored successfully
2026-04-28T05:28:16.2431614Z Cache restored from key: Linux-gems-
2026-04-28T05:28:16.2498868Z ##[group]Run bundle install --jobs 4 --retry 3
2026-04-28T05:28:16.2499203Z [36;1mbundle install --jobs 4 --retry 3[0m
2026-04-28T05:28:16.2522077Z shell: /usr/bin/bash --noprofile --norc -e -o pipefail {0}
2026-04-28T05:28:16.2522412Z env:
2026-04-28T05:28:16.2522575Z   WAIT_INTERVAL: 30
2026-04-28T05:28:16.2522763Z ##[endgroup]
2026-04-28T05:28:17.5755797Z Bundler 2.4.19 is running, but your lockfile was generated with 2.2.3. Installing Bundler 2.2.3 and restarting using that version.
2026-04-28T05:28:19.6277101Z Fetching gem metadata from https://rubygems.org/.
2026-04-28T05:28:19.6353088Z Fetching bundler 2.2.3
2026-04-28T05:28:19.8048254Z Installing bundler 2.2.3
2026-04-28T05:28:20.0140951Z Calling `DidYouMean::SPELL_CHECKERS.merge!(error_name => spell_checker)' has been deprecated. Please call `DidYouMean.correct_error(error_name, spell_checker)' instead.
2026-04-28T05:28:21.2975028Z Fetching gem metadata from https://rubygems.org/.........
2026-04-28T05:28:21.3071888Z Fetching concurrent-ruby 1.2.2
2026-04-28T05:28:21.3362562Z Fetching minitest 5.18.0
2026-04-28T05:28:21.3370520Z Fetching zeitwerk 2.6.7
2026-04-28T05:28:21.3815967Z Fetching public_suffix 4.0.7
2026-04-28T05:28:21.4228781Z Installing zeitwerk 2.6.7
2026-04-28T05:28:21.4525905Z Installing public_suffix 4.0.7
2026-04-28T05:28:21.4565844Z Installing minitest 5.18.0
2026-04-28T05:28:21.4747102Z Fetching ast 2.4.2
2026-04-28T05:28:21.5125983Z Installing ast 2.4.2
2026-04-28T05:28:21.5167994Z Installing concurrent-ruby 1.2.2
2026-04-28T05:28:21.5307159Z Using bundler 2.2.3
2026-04-28T05:28:21.5316622Z Fetching byebug 11.1.3
2026-04-28T05:28:21.5761598Z Fetching diff-lcs 1.4.4
2026-04-28T05:28:21.6004279Z Installing byebug 11.1.3 with native extensions
2026-04-28T05:28:21.6101991Z Fetching faraday-net_http 2.0.3
2026-04-28T05:28:21.6462371Z Installing diff-lcs 1.4.4
2026-04-28T05:28:21.6642357Z Installing faraday-net_http 2.0.3
2026-04-28T05:28:21.6776322Z Using ruby2_keywords 0.0.5
2026-04-28T05:28:21.6790616Z Fetching json 2.7.1
2026-04-28T05:28:21.7244352Z Installing json 2.7.1 with native extensions
2026-04-28T05:28:21.7536661Z Fetching language_server-protocol 3.17.0.3
2026-04-28T05:28:21.8004188Z Installing language_server-protocol 3.17.0.3
2026-04-28T05:28:21.8884227Z Fetching lint_roller 1.1.0
2026-04-28T05:28:21.9462178Z Installing lint_roller 1.1.0
2026-04-28T05:28:21.9607175Z Fetching parallel 1.24.0
2026-04-28T05:28:21.9975396Z Installing parallel 1.24.0
2026-04-28T05:28:22.0078169Z Fetching racc 1.7.3
2026-04-28T05:28:22.0586853Z Installing racc 1.7.3 with native extensions
2026-04-28T05:28:22.1074480Z Fetching rainbow 3.1.1
2026-04-28T05:28:22.1474611Z Installing rainbow 3.1.1
2026-04-28T05:28:22.1546199Z Fetching regexp_parser 2.8.3
2026-04-28T05:28:22.2049376Z Installing regexp_parser 2.8.3
2026-04-28T05:28:22.2289306Z Fetching rexml 3.2.6
2026-04-28T05:28:22.2758671Z Installing rexml 3.2.6
2026-04-28T05:28:22.3494932Z Fetching rspec-support 3.10.1
2026-04-28T05:28:22.3835890Z Installing rspec-support 3.10.1
2026-04-28T05:28:22.3962701Z Fetching ruby-progressbar 1.13.0
2026-04-28T05:28:22.4291449Z Installing ruby-progressbar 1.13.0
2026-04-28T05:28:22.4387486Z Fetching unicode-display_width 2.5.0
2026-04-28T05:28:22.4727434Z Installing unicode-display_width 2.5.0
2026-04-28T05:28:22.4782096Z Fetching addressable 2.8.0
2026-04-28T05:28:22.5168822Z Installing addressable 2.8.0
2026-04-28T05:28:22.5354067Z Fetching faraday 2.3.0
2026-04-28T05:28:22.5836300Z Installing faraday 2.3.0
2026-04-28T05:28:22.6073396Z Fetching i18n 1.12.0
2026-04-28T05:28:22.6457182Z Installing i18n 1.12.0
2026-04-28T05:28:22.6630036Z Fetching tzinfo 2.0.6
2026-04-28T05:28:22.7036997Z Installing tzinfo 2.0.6
2026-04-28T05:28:22.7219609Z Fetching rspec-core 3.10.1
2026-04-28T05:28:22.7737777Z Installing rspec-core 3.10.1
2026-04-28T05:28:22.8144720Z Fetching rspec-expectations 3.10.1
2026-04-28T05:28:22.8794093Z Installing rspec-expectations 3.10.1
2026-04-28T05:28:22.9073996Z Fetching rspec-mocks 3.10.1
2026-04-28T05:28:22.9674092Z Installing rspec-mocks 3.10.1
2026-04-28T05:28:22.9913856Z Fetching faraday-retry 2.0.0
2026-04-28T05:28:23.0484198Z Installing faraday-retry 2.0.0
2026-04-28T05:28:23.0543744Z Fetching sawyer 0.9.2
2026-04-28T05:28:23.1154062Z Installing sawyer 0.9.2
2026-04-28T05:28:23.1274014Z Fetching activesupport 6.1.7.3
2026-04-28T05:28:23.1919613Z Installing activesupport 6.1.7.3
2026-04-28T05:28:23.2847386Z Fetching rspec 3.10.0
2026-04-28T05:28:23.3454013Z Installing rspec 3.10.0
2026-04-28T05:28:23.3527222Z Fetching octokit 4.25.0
2026-04-28T05:28:23.4190167Z Installing octokit 4.25.0
2026-04-28T05:28:23.4247383Z Fetching parser 3.2.2.4
2026-04-28T05:28:23.5520999Z Installing parser 3.2.2.4
2026-04-28T05:28:23.6645411Z Fetching rubocop-ast 1.30.0
2026-04-28T05:28:23.7283137Z Installing rubocop-ast 1.30.0
2026-04-28T05:28:25.1970195Z Fetching rubocop 1.57.2
2026-04-28T05:28:25.2551494Z Installing rubocop 1.57.2
2026-04-28T05:28:25.4323360Z Fetching rubocop-performance 1.19.1
2026-04-28T05:28:25.4327100Z Fetching standard-custom 1.0.2
2026-04-28T05:28:25.4881946Z Installing standard-custom 1.0.2
2026-04-28T05:28:25.4946622Z Installing rubocop-performance 1.19.1
2026-04-28T05:28:25.5114756Z Fetching standard-performance 1.2.1
2026-04-28T05:28:25.5445653Z Installing standard-performance 1.2.1
2026-04-28T05:28:25.5516102Z Fetching standard 1.32.1
2026-04-28T05:28:25.5865178Z Installing standard 1.32.1
2026-04-28T05:28:25.6082611Z Bundle complete! 6 Gemfile dependencies, 40 gems now installed.
2026-04-28T05:28:25.6083717Z Use `bundle info [gemname]` to see where a bundled gem is installed.
2026-04-28T05:28:25.6585003Z ##[group]Run ruby entrypoint.rb
2026-04-28T05:28:25.6585294Z [36;1mruby entrypoint.rb[0m
2026-04-28T05:28:25.6606978Z shell: /usr/bin/bash --noprofile --norc -e -o pipefail {0}
2026-04-28T05:28:25.6607293Z env:
2026-04-28T05:28:25.6607454Z   WAIT_INTERVAL: 30
2026-04-28T05:28:25.6607854Z   ALLOWED_CONCLUSIONS: success,skipped,neutral
2026-04-28T05:28:25.6608126Z   IGNORE_CHECKS: 
2026-04-28T05:28:25.6608303Z   CHECK_NAME: 
2026-04-28T05:28:25.6608462Z   CHECK_REGEXP: 
2026-04-28T05:28:25.6608679Z   REF: 6a6daad946d10ab1e24709a446d62a97cff104af
2026-04-28T05:28:25.6609291Z   REPO_TOKEN: ***
2026-04-28T05:28:25.6609489Z   VERBOSE: true
2026-04-28T05:28:25.6609684Z   RUNNING_WORKFLOW_NAME: Auto-merge
2026-04-28T05:28:25.6609925Z   API_ENDPOINT: 
2026-04-28T05:28:25.6610107Z ##[endgroup]
2026-04-28T05:28:26.6458614Z Checks running on ref:
2026-04-28T05:28:26.6460321Z Checks completed: capture-failure-log, capture-failure-log, capture-failure-log, e2e, test, connected-tests, capture-failure-log, cross-device-tests, autofix, lint-and-test, web-lint-and-test, maybe-label
2026-04-28T05:28:26.6462030Z Checks in_progress: Auto-merge
2026-04-28T05:28:26.6484951Z Checks after ignore checks filter:
2026-04-28T05:28:26.6486080Z Checks completed: capture-failure-log, capture-failure-log, capture-failure-log, e2e, test, connected-tests, capture-failure-log, cross-device-tests, autofix, lint-and-test, web-lint-and-test, maybe-label
2026-04-28T05:28:26.6487590Z Checks after check_name filter:
2026-04-28T05:28:26.6489053Z Checks completed: capture-failure-log, capture-failure-log, capture-failure-log, e2e, test, connected-tests, capture-failure-log, cross-device-tests, autofix, lint-and-test, web-lint-and-test, maybe-label
2026-04-28T05:28:26.6490586Z Checks after Regexp filter:
2026-04-28T05:28:26.6491423Z Checks completed: capture-failure-log, capture-failure-log, capture-failure-log, e2e, test, connected-tests, capture-failure-log, cross-device-tests, autofix, lint-and-test, web-lint-and-test, maybe-label
2026-04-28T05:28:26.6492259Z Checks completed:
2026-04-28T05:28:26.6492487Z capture-failure-log: completed (skipped)
2026-04-28T05:28:26.6492769Z capture-failure-log: completed (skipped)
2026-04-28T05:28:26.6493253Z capture-failure-log: completed (skipped)
2026-04-28T05:28:26.6493510Z e2e: completed (success)
2026-04-28T05:28:26.6493726Z test: completed (cancelled)
2026-04-28T05:28:26.6493959Z connected-tests: completed (skipped)
2026-04-28T05:28:26.6494218Z capture-failure-log: completed (skipped)
2026-04-28T05:28:26.6494485Z cross-device-tests: completed (skipped)
2026-04-28T05:28:26.6494749Z autofix: completed (success)
2026-04-28T05:28:26.6494985Z lint-and-test: completed (success)
2026-04-28T05:28:26.6495686Z web-lint-and-test: completed (success)
2026-04-28T05:28:26.6495945Z maybe-label: completed (success)
2026-04-28T05:28:26.6496611Z The conclusion of one or more checks were not allowed. Allowed conclusions are: success, skipped, neutral. This can be configured with the 'allowed-conclusions' param.
2026-04-28T05:28:26.6524599Z ##[error]Process completed with exit code 1.
2026-04-28T05:28:26.6633604Z Post job cleanup.
2026-04-28T05:28:26.6683677Z Cleaning up orphan processes
2026-04-28T05:28:26.6997472Z ##[warning]Node.js 20 actions are deprecated. The following actions are running on Node.js 20 and may not work as expected: actions/cache@v4. Actions will be forced to run with Node.js 24 by default starting June 2nd, 2026. Node.js 20 will be removed from the runner on September 16th, 2026. Please check if updated versions of these actions are available that support Node.js 24. To opt into Node.js 24 now, set the FORCE_JAVASCRIPT_ACTIONS_TO_NODE24=true environment variable on the runner or in your workflow file. Once Node.js 24 becomes the default, you can temporarily opt out by setting ACTIONS_ALLOW_USE_UNSECURE_NODE_VERSION=true. For more information see: https://github.blog/changelog/2025-09-19-deprecation-of-node-20-on-github-actions-runners/
