=== CI FAILURE ===
Workflow:      Auto-merge & Release
Workflow file: akarlin3/prismTask/.github/workflows/auto-merge.yml@refs/pull/832/merge
Job(s):        Auto-merge
Run ID:        24974291125
Run attempt:   1
Run URL:       https://github.com/akarlin3/prismTask/actions/runs/24974291125
Commit:        faeb72ea9ce5004e4ee32fb8e0d14eea01bf3ef4
Branch:        832/merge
Event:         pull_request
Actor:         akarlin3
Runner OS:     Linux
Timestamp:     2026-04-27T03:04:44.469Z

Failed steps:
  - Auto-merge: #4 Wait for all other CI checks to pass

=== FAILED JOB LOG ===

--- Job: Auto-merge (id 73122999351) ---
2026-04-27T02:53:56.0732714Z Current runner version: '2.333.1'
2026-04-27T02:53:56.0757643Z ##[group]Runner Image Provisioner
2026-04-27T02:53:56.0758482Z Hosted Compute Agent
2026-04-27T02:53:56.0759008Z Version: 20260213.493
2026-04-27T02:53:56.0759655Z Commit: 5c115507f6dd24b8de37d8bbe0bb4509d0cc0fa3
2026-04-27T02:53:56.0760384Z Build Date: 2026-02-13T00:28:41Z
2026-04-27T02:53:56.0761010Z Worker ID: {a92d4267-a610-4671-b239-cd4ab669fa23}
2026-04-27T02:53:56.0761766Z Azure Region: northcentralus
2026-04-27T02:53:56.0762327Z ##[endgroup]
2026-04-27T02:53:56.0763748Z ##[group]Operating System
2026-04-27T02:53:56.0764398Z Ubuntu
2026-04-27T02:53:56.0765239Z 24.04.4
2026-04-27T02:53:56.0765756Z LTS
2026-04-27T02:53:56.0766301Z ##[endgroup]
2026-04-27T02:53:56.0766793Z ##[group]Runner Image
2026-04-27T02:53:56.0767341Z Image: ubuntu-24.04
2026-04-27T02:53:56.0767803Z Version: 20260413.86.1
2026-04-27T02:53:56.0769052Z Included Software: https://github.com/actions/runner-images/blob/ubuntu24/20260413.86/images/ubuntu/Ubuntu2404-Readme.md
2026-04-27T02:53:56.0770823Z Image Release: https://github.com/actions/runner-images/releases/tag/ubuntu24%2F20260413.86
2026-04-27T02:53:56.0771772Z ##[endgroup]
2026-04-27T02:53:56.0773019Z ##[group]GITHUB_TOKEN Permissions
2026-04-27T02:53:56.0775399Z Actions: read
2026-04-27T02:53:56.0775935Z Checks: read
2026-04-27T02:53:56.0776462Z Contents: write
2026-04-27T02:53:56.0777064Z Metadata: read
2026-04-27T02:53:56.0777540Z PullRequests: write
2026-04-27T02:53:56.0778044Z ##[endgroup]
2026-04-27T02:53:56.0780098Z Secret source: Actions
2026-04-27T02:53:56.0780877Z Prepare workflow directory
2026-04-27T02:53:56.1299697Z Prepare all required actions
2026-04-27T02:53:56.1355759Z Getting action download info
2026-04-27T02:53:56.4184726Z Download action repository 'lewagon/wait-on-check-action@ccfb013c15c8afb7bf2b7c028fb74dc5a068cccc' (SHA:ccfb013c15c8afb7bf2b7c028fb74dc5a068cccc)
2026-04-27T02:53:56.8893713Z Getting action download info
2026-04-27T02:53:57.0213661Z Download action repository 'ruby/setup-ruby@v1' (SHA:c4e5b1316158f92e3d49443a9d58b31d25ac0f8f)
2026-04-27T02:53:57.4162814Z Download action repository 'actions/cache@v4' (SHA:0057852bfaa89a56745cba8c7296529d2fc39830)
2026-04-27T02:53:57.6548030Z Complete job name: Auto-merge
2026-04-27T02:53:57.7232758Z ##[group]Run set -euo pipefail
2026-04-27T02:53:57.7233864Z [36;1mset -euo pipefail[0m
2026-04-27T02:53:57.7235399Z [36;1m# Audit item #5 — poll check-runs for up to 60s instead of a bare[0m
2026-04-27T02:53:57.7237167Z [36;1m# 20s sleep. On a busy runner cohort the initial 20s wasn't enough[0m
2026-04-27T02:53:57.7238901Z [36;1m# for the API to reflect queued workflow runs, which could merge[0m
2026-04-27T02:53:57.7240618Z [36;1m# PRs without waiting for CI. Bail out early as soon as ≥1 real[0m
2026-04-27T02:53:57.7241991Z [36;1m# check shows up.[0m
2026-04-27T02:53:57.7242865Z [36;1mCOUNT=0[0m
2026-04-27T02:53:57.7243655Z [36;1mfor i in $(seq 1 6); do[0m
2026-04-27T02:53:57.7244583Z [36;1m  sleep 10[0m
2026-04-27T02:53:57.7245847Z [36;1m  COUNT=$(gh api "repos/$REPO/commits/$HEAD_SHA/check-runs" \[0m
2026-04-27T02:53:57.7247549Z [36;1m    --jq '[.check_runs[] | select(.name != "Auto-merge")] | length')[0m
2026-04-27T02:53:57.7248969Z [36;1m  if [ "$COUNT" -gt 0 ]; then[0m
2026-04-27T02:53:57.7250256Z [36;1m    echo "Found $COUNT non-Auto-merge check(s) after ${i}0s"[0m
2026-04-27T02:53:57.7251551Z [36;1m    break[0m
2026-04-27T02:53:57.7252329Z [36;1m  fi[0m
2026-04-27T02:53:57.7253299Z [36;1m  echo "No non-Auto-merge checks yet (attempt $i/6)"[0m
2026-04-27T02:53:57.7254533Z [36;1mdone[0m
2026-04-27T02:53:57.7255446Z [36;1mif [ "$COUNT" -gt 0 ]; then[0m
2026-04-27T02:53:57.7256542Z [36;1m  echo "has_ci=true" >> "$GITHUB_OUTPUT"[0m
2026-04-27T02:53:57.7257638Z [36;1melse[0m
2026-04-27T02:53:57.7258495Z [36;1m  echo "has_ci=false" >> "$GITHUB_OUTPUT"[0m
2026-04-27T02:53:57.7260002Z [36;1m  echo "No CI checks on this PR after 60s — will merge without waiting."[0m
2026-04-27T02:53:57.7261409Z [36;1mfi[0m
2026-04-27T02:53:57.7288510Z shell: /usr/bin/bash -e {0}
2026-04-27T02:53:57.7289743Z env:
2026-04-27T02:53:57.7290467Z   WAIT_INTERVAL: 30
2026-04-27T02:53:57.7291644Z   GH_TOKEN: ***
2026-04-27T02:53:57.7292599Z   HEAD_SHA: 1a86f6b6db734d60a22b355a34e473aad7630ab2
2026-04-27T02:53:57.7293782Z   REPO: akarlin3/prismTask
2026-04-27T02:53:57.7294661Z ##[endgroup]
2026-04-27T02:54:08.1690453Z Found 7 non-Auto-merge check(s) after 10s
2026-04-27T02:54:08.1814554Z ##[group]Run set -euo pipefail
2026-04-27T02:54:08.1815197Z [36;1mset -euo pipefail[0m
2026-04-27T02:54:08.1815669Z [36;1mREQUIRED=$(gh api "repos/$REPO/branches/main/protection/required_status_checks" \[0m
2026-04-27T02:54:08.1816184Z [36;1m  --jq '.contexts[]' 2>/dev/null || true)[0m
2026-04-27T02:54:08.1816515Z [36;1mif [ -z "$REQUIRED" ]; then[0m
2026-04-27T02:54:08.1817073Z [36;1m  echo "::warning::Could not query branch protection (likely a permission issue) — using hardcoded fallback list."[0m
2026-04-27T02:54:08.1817665Z [36;1m  REQUIRED="$FALLBACK_REQUIRED"[0m
2026-04-27T02:54:08.1817986Z [36;1mfi[0m
2026-04-27T02:54:08.1818305Z [36;1m# Strip Auto-merge from the required list so we don't wait on[0m
2026-04-27T02:54:08.1818776Z [36;1m# ourselves (it's listed because we ARE the running workflow).[0m
2026-04-27T02:54:08.1819314Z [36;1mREQUIRED=$(echo "$REQUIRED" | grep -vE '^\s*Auto-merge\s*$' | grep -vE '^\s*$' || true)[0m
2026-04-27T02:54:08.1819821Z [36;1mif [ -z "$REQUIRED" ]; then[0m
2026-04-27T02:54:08.1820214Z [36;1m  echo "No required checks beyond Auto-merge; skipping queue wait."[0m
2026-04-27T02:54:08.1820619Z [36;1m  exit 0[0m
2026-04-27T02:54:08.1820859Z [36;1mfi[0m
2026-04-27T02:54:08.1821137Z [36;1mecho "Waiting until these required checks queue:"[0m
2026-04-27T02:54:08.1821502Z [36;1mecho "$REQUIRED" | sed 's/^/  /'[0m
2026-04-27T02:54:08.1821888Z [36;1m# 30 attempts × 10s = 5 min ceiling. If checks haven't queued[0m
2026-04-27T02:54:08.1822370Z [36;1m# by then something is genuinely broken (workflow file invalid,[0m
2026-04-27T02:54:08.1822867Z [36;1m# path filter excluding everything, etc.) — log and proceed so[0m
2026-04-27T02:54:08.1823317Z [36;1m# wait-on-check-action can decide how to handle it.[0m
2026-04-27T02:54:08.1823685Z [36;1mfor attempt in $(seq 1 30); do[0m
2026-04-27T02:54:08.1824113Z [36;1m  CHECK_RUNS=$(gh api --paginate "repos/$REPO/commits/$HEAD_SHA/check-runs" \[0m
2026-04-27T02:54:08.1824587Z [36;1m    --jq '.check_runs[].name' | sort -u)[0m
2026-04-27T02:54:08.1825055Z [36;1m  MISSING=""[0m
2026-04-27T02:54:08.1825323Z [36;1m  while IFS= read -r req; do[0m
2026-04-27T02:54:08.1825626Z [36;1m    [ -z "$req" ] && continue[0m
2026-04-27T02:54:08.1825935Z [36;1m    req_trimmed=$(echo "$req" | xargs)[0m
2026-04-27T02:54:08.1826335Z [36;1m    if ! echo "$CHECK_RUNS" | grep -qxF "$req_trimmed"; then[0m
2026-04-27T02:54:08.1826742Z [36;1m      MISSING="$MISSING $req_trimmed"[0m
2026-04-27T02:54:08.1827041Z [36;1m    fi[0m
2026-04-27T02:54:08.1827262Z [36;1m  done <<< "$REQUIRED"[0m
2026-04-27T02:54:08.1827685Z [36;1m  if [ -z "$MISSING" ]; then[0m
2026-04-27T02:54:08.1828098Z [36;1m    echo "All required checks have queued after attempt $attempt."[0m
2026-04-27T02:54:08.1828481Z [36;1m    exit 0[0m
2026-04-27T02:54:08.1828720Z [36;1m  fi[0m
2026-04-27T02:54:08.1829015Z [36;1m  echo "Still waiting for:$MISSING (attempt $attempt/30)"[0m
2026-04-27T02:54:08.1829371Z [36;1m  sleep 10[0m
2026-04-27T02:54:08.1829595Z [36;1mdone[0m
2026-04-27T02:54:08.1830089Z [36;1mecho "::warning::Some required checks never queued after 5 min:$MISSING — proceeding to wait-on-check-action anyway."[0m
2026-04-27T02:54:08.1852545Z shell: /usr/bin/bash -e {0}
2026-04-27T02:54:08.1852825Z env:
2026-04-27T02:54:08.1853030Z   WAIT_INTERVAL: 30
2026-04-27T02:54:08.1853551Z   GH_TOKEN: ***
2026-04-27T02:54:08.1853836Z   HEAD_SHA: 1a86f6b6db734d60a22b355a34e473aad7630ab2
2026-04-27T02:54:08.1854168Z   REPO: akarlin3/prismTask
2026-04-27T02:54:08.1854554Z   FALLBACK_REQUIRED: lint-and-test
connected-tests
test
web-lint-and-test

2026-04-27T02:54:08.1855407Z ##[endgroup]
2026-04-27T02:54:08.3692530Z Waiting until these required checks queue:
2026-04-27T02:54:08.3707752Z   {"message":"Resource not accessible by integration","documentation_url":"https://docs.github.com/rest/branches/branch-protection#get-status-checks-protection","status":"403"}
2026-04-27T02:54:08.7669026Z Still waiting for: {message:Resource not accessible by integration,documentation_url:https://docs.github.com/rest/branches/branch-protection#get-status-checks-protection,status:403} (attempt 1/30)
2026-04-27T02:54:19.1426622Z Still waiting for: {message:Resource not accessible by integration,documentation_url:https://docs.github.com/rest/branches/branch-protection#get-status-checks-protection,status:403} (attempt 2/30)
2026-04-27T02:54:29.5272895Z Still waiting for: {message:Resource not accessible by integration,documentation_url:https://docs.github.com/rest/branches/branch-protection#get-status-checks-protection,status:403} (attempt 3/30)
2026-04-27T02:54:39.9047759Z Still waiting for: {message:Resource not accessible by integration,documentation_url:https://docs.github.com/rest/branches/branch-protection#get-status-checks-protection,status:403} (attempt 4/30)
2026-04-27T02:54:50.2901118Z Still waiting for: {message:Resource not accessible by integration,documentation_url:https://docs.github.com/rest/branches/branch-protection#get-status-checks-protection,status:403} (attempt 5/30)
2026-04-27T02:55:00.6810253Z Still waiting for: {message:Resource not accessible by integration,documentation_url:https://docs.github.com/rest/branches/branch-protection#get-status-checks-protection,status:403} (attempt 6/30)
2026-04-27T02:55:11.0458545Z Still waiting for: {message:Resource not accessible by integration,documentation_url:https://docs.github.com/rest/branches/branch-protection#get-status-checks-protection,status:403} (attempt 7/30)
2026-04-27T02:55:21.4070931Z Still waiting for: {message:Resource not accessible by integration,documentation_url:https://docs.github.com/rest/branches/branch-protection#get-status-checks-protection,status:403} (attempt 8/30)
2026-04-27T02:55:31.7862133Z Still waiting for: {message:Resource not accessible by integration,documentation_url:https://docs.github.com/rest/branches/branch-protection#get-status-checks-protection,status:403} (attempt 9/30)
2026-04-27T02:55:42.1475864Z Still waiting for: {message:Resource not accessible by integration,documentation_url:https://docs.github.com/rest/branches/branch-protection#get-status-checks-protection,status:403} (attempt 10/30)
2026-04-27T02:55:52.5443343Z Still waiting for: {message:Resource not accessible by integration,documentation_url:https://docs.github.com/rest/branches/branch-protection#get-status-checks-protection,status:403} (attempt 11/30)
2026-04-27T02:56:02.9430382Z Still waiting for: {message:Resource not accessible by integration,documentation_url:https://docs.github.com/rest/branches/branch-protection#get-status-checks-protection,status:403} (attempt 12/30)
2026-04-27T02:56:13.3634328Z Still waiting for: {message:Resource not accessible by integration,documentation_url:https://docs.github.com/rest/branches/branch-protection#get-status-checks-protection,status:403} (attempt 13/30)
2026-04-27T02:56:23.7687236Z Still waiting for: {message:Resource not accessible by integration,documentation_url:https://docs.github.com/rest/branches/branch-protection#get-status-checks-protection,status:403} (attempt 14/30)
2026-04-27T02:56:34.1532438Z Still waiting for: {message:Resource not accessible by integration,documentation_url:https://docs.github.com/rest/branches/branch-protection#get-status-checks-protection,status:403} (attempt 15/30)
2026-04-27T02:56:44.5513888Z Still waiting for: {message:Resource not accessible by integration,documentation_url:https://docs.github.com/rest/branches/branch-protection#get-status-checks-protection,status:403} (attempt 16/30)
2026-04-27T02:56:54.9558599Z Still waiting for: {message:Resource not accessible by integration,documentation_url:https://docs.github.com/rest/branches/branch-protection#get-status-checks-protection,status:403} (attempt 17/30)
2026-04-27T02:57:05.4378398Z Still waiting for: {message:Resource not accessible by integration,documentation_url:https://docs.github.com/rest/branches/branch-protection#get-status-checks-protection,status:403} (attempt 18/30)
2026-04-27T02:57:15.8663462Z Still waiting for: {message:Resource not accessible by integration,documentation_url:https://docs.github.com/rest/branches/branch-protection#get-status-checks-protection,status:403} (attempt 19/30)
2026-04-27T02:57:26.2093545Z Still waiting for: {message:Resource not accessible by integration,documentation_url:https://docs.github.com/rest/branches/branch-protection#get-status-checks-protection,status:403} (attempt 20/30)
2026-04-27T02:57:36.6241995Z Still waiting for: {message:Resource not accessible by integration,documentation_url:https://docs.github.com/rest/branches/branch-protection#get-status-checks-protection,status:403} (attempt 21/30)
2026-04-27T02:57:47.0244239Z Still waiting for: {message:Resource not accessible by integration,documentation_url:https://docs.github.com/rest/branches/branch-protection#get-status-checks-protection,status:403} (attempt 22/30)
2026-04-27T02:57:57.4340427Z Still waiting for: {message:Resource not accessible by integration,documentation_url:https://docs.github.com/rest/branches/branch-protection#get-status-checks-protection,status:403} (attempt 23/30)
2026-04-27T02:58:07.9054096Z Still waiting for: {message:Resource not accessible by integration,documentation_url:https://docs.github.com/rest/branches/branch-protection#get-status-checks-protection,status:403} (attempt 24/30)
2026-04-27T02:58:18.3052152Z Still waiting for: {message:Resource not accessible by integration,documentation_url:https://docs.github.com/rest/branches/branch-protection#get-status-checks-protection,status:403} (attempt 25/30)
2026-04-27T02:58:28.6952840Z Still waiting for: {message:Resource not accessible by integration,documentation_url:https://docs.github.com/rest/branches/branch-protection#get-status-checks-protection,status:403} (attempt 26/30)
2026-04-27T02:58:39.1066250Z Still waiting for: {message:Resource not accessible by integration,documentation_url:https://docs.github.com/rest/branches/branch-protection#get-status-checks-protection,status:403} (attempt 27/30)
2026-04-27T02:58:49.5101413Z Still waiting for: {message:Resource not accessible by integration,documentation_url:https://docs.github.com/rest/branches/branch-protection#get-status-checks-protection,status:403} (attempt 28/30)
2026-04-27T02:58:59.9470885Z Still waiting for: {message:Resource not accessible by integration,documentation_url:https://docs.github.com/rest/branches/branch-protection#get-status-checks-protection,status:403} (attempt 29/30)
2026-04-27T02:59:10.3806921Z Still waiting for: {message:Resource not accessible by integration,documentation_url:https://docs.github.com/rest/branches/branch-protection#get-status-checks-protection,status:403} (attempt 30/30)
2026-04-27T02:59:20.3859103Z ##[warning]Some required checks never queued after 5 min: {message:Resource not accessible by integration,documentation_url:https://docs.github.com/rest/branches/branch-protection#get-status-checks-protection,status:403} — proceeding to wait-on-check-action anyway.
2026-04-27T02:59:20.4087638Z ##[group]Run lewagon/wait-on-check-action@ccfb013c15c8afb7bf2b7c028fb74dc5a068cccc
2026-04-27T02:59:20.4088075Z with:
2026-04-27T02:59:20.4088287Z   ref: 1a86f6b6db734d60a22b355a34e473aad7630ab2
2026-04-27T02:59:20.4088576Z   running-workflow-name: Auto-merge
2026-04-27T02:59:20.4089060Z   repo-token: ***
2026-04-27T02:59:20.4089253Z   wait-interval: 30
2026-04-27T02:59:20.4089483Z   allowed-conclusions: success,skipped,neutral
2026-04-27T02:59:20.4089750Z   verbose: true
2026-04-27T02:59:20.4089921Z env:
2026-04-27T02:59:20.4090073Z   WAIT_INTERVAL: 30
2026-04-27T02:59:20.4090250Z ##[endgroup]
2026-04-27T02:59:20.4218304Z ##[group]Run ruby/setup-ruby@v1
2026-04-27T02:59:20.4218575Z with:
2026-04-27T02:59:20.4218998Z   ruby-version: 3.2
2026-04-27T02:59:20.4219196Z   bundler-cache: false
2026-04-27T02:59:20.4219548Z   token: ***
2026-04-27T02:59:20.4219719Z env:
2026-04-27T02:59:20.4219878Z   WAIT_INTERVAL: 30
2026-04-27T02:59:20.4220065Z ##[endgroup]
2026-04-27T02:59:20.5777325Z ##[group]Modifying PATH
2026-04-27T02:59:20.5778085Z Entries added to PATH to use selected Ruby:
2026-04-27T02:59:20.5778968Z   /opt/hostedtoolcache/Ruby/3.2.11/x64/bin
2026-04-27T02:59:20.5783084Z ##[endgroup]
2026-04-27T02:59:20.5784195Z ##[group]Print Ruby version
2026-04-27T02:59:20.5887899Z [command]/opt/hostedtoolcache/Ruby/3.2.11/x64/bin/ruby --version
2026-04-27T02:59:20.7343627Z ruby 3.2.11 (2026-03-27 revision 5483bfc1ae) [x86_64-linux]
2026-04-27T02:59:20.7376069Z Took   0.16 seconds
2026-04-27T02:59:20.7376845Z ##[endgroup]
2026-04-27T02:59:20.7378754Z ##[group]Installing Bundler
2026-04-27T02:59:20.7382278Z Using Bundler shipped with ruby-3.2.11
2026-04-27T02:59:20.7383544Z Took   0.00 seconds
2026-04-27T02:59:20.7386042Z ##[endgroup]
2026-04-27T02:59:20.8064057Z ##[group]Run actions/cache@v4
2026-04-27T02:59:20.8064316Z with:
2026-04-27T02:59:20.8064733Z   path: /home/runner/work/_actions/lewagon/wait-on-check-action/ccfb013c15c8afb7bf2b7c028fb74dc5a068cccc
2026-04-27T02:59:20.8065564Z   key: Linux-gems-
2026-04-27T02:59:20.8065768Z   restore-keys: Linux-gems-
2026-04-27T02:59:20.8065998Z   enableCrossOsArchive: false
2026-04-27T02:59:20.8066224Z   fail-on-cache-miss: false
2026-04-27T02:59:20.8066435Z   lookup-only: false
2026-04-27T02:59:20.8066617Z   save-always: false
2026-04-27T02:59:20.8066794Z env:
2026-04-27T02:59:20.8066943Z   WAIT_INTERVAL: 30
2026-04-27T02:59:20.8067122Z ##[endgroup]
2026-04-27T02:59:21.0568209Z Cache hit for: Linux-gems-
2026-04-27T02:59:21.1983798Z Received 13179 of 13179 (100.0%), 0.4 MBs/sec
2026-04-27T02:59:21.1984609Z Cache Size: ~0 MB (13179 B)
2026-04-27T02:59:21.2030754Z [command]/usr/bin/tar -xf /home/runner/work/_temp/dc358edd-7619-4844-aa4c-ee9f33ed7e96/cache.tzst -P -C /home/runner/work/prismTask/prismTask --use-compress-program unzstd
2026-04-27T02:59:21.2093881Z Cache restored successfully
2026-04-27T02:59:21.2173913Z Cache restored from key: Linux-gems-
2026-04-27T02:59:21.2244045Z ##[group]Run bundle install --jobs 4 --retry 3
2026-04-27T02:59:21.2244389Z [36;1mbundle install --jobs 4 --retry 3[0m
2026-04-27T02:59:21.2267718Z shell: /usr/bin/bash --noprofile --norc -e -o pipefail {0}
2026-04-27T02:59:21.2268046Z env:
2026-04-27T02:59:21.2268216Z   WAIT_INTERVAL: 30
2026-04-27T02:59:21.2268408Z ##[endgroup]
2026-04-27T02:59:22.2964703Z Bundler 2.4.19 is running, but your lockfile was generated with 2.2.3. Installing Bundler 2.2.3 and restarting using that version.
2026-04-27T02:59:23.7240486Z Fetching gem metadata from https://rubygems.org/.
2026-04-27T02:59:23.7317243Z Fetching bundler 2.2.3
2026-04-27T02:59:23.8754699Z Installing bundler 2.2.3
2026-04-27T02:59:24.0793685Z Calling `DidYouMean::SPELL_CHECKERS.merge!(error_name => spell_checker)' has been deprecated. Please call `DidYouMean.correct_error(error_name, spell_checker)' instead.
2026-04-27T02:59:25.4504086Z Fetching gem metadata from https://rubygems.org/.........
2026-04-27T02:59:25.4599548Z Fetching concurrent-ruby 1.2.2
2026-04-27T02:59:25.4895184Z Fetching minitest 5.18.0
2026-04-27T02:59:25.5127845Z Fetching zeitwerk 2.6.7
2026-04-27T02:59:25.5128447Z Fetching public_suffix 4.0.7
2026-04-27T02:59:25.5828134Z Installing zeitwerk 2.6.7
2026-04-27T02:59:25.6096243Z Installing minitest 5.18.0
2026-04-27T02:59:25.6177206Z Installing public_suffix 4.0.7
2026-04-27T02:59:25.6452769Z Installing concurrent-ruby 1.2.2
2026-04-27T02:59:25.6595429Z Fetching ast 2.4.2
2026-04-27T02:59:25.6637222Z Using bundler 2.2.3
2026-04-27T02:59:25.6647405Z Fetching byebug 11.1.3
2026-04-27T02:59:25.7235439Z Installing ast 2.4.2
2026-04-27T02:59:25.7375947Z Installing byebug 11.1.3 with native extensions
2026-04-27T02:59:25.7430733Z Fetching diff-lcs 1.4.4
2026-04-27T02:59:25.8115335Z Fetching faraday-net_http 2.0.3
2026-04-27T02:59:25.8394663Z Installing diff-lcs 1.4.4
2026-04-27T02:59:25.8501926Z Installing faraday-net_http 2.0.3
2026-04-27T02:59:25.8654271Z Using ruby2_keywords 0.0.5
2026-04-27T02:59:25.8672857Z Fetching json 2.7.1
2026-04-27T02:59:25.9143193Z Installing json 2.7.1 with native extensions
2026-04-27T02:59:25.9417283Z Fetching language_server-protocol 3.17.0.3
2026-04-27T02:59:25.9908736Z Installing language_server-protocol 3.17.0.3
2026-04-27T02:59:26.0569076Z Fetching lint_roller 1.1.0
2026-04-27T02:59:26.1154519Z Installing lint_roller 1.1.0
2026-04-27T02:59:26.1319686Z Fetching parallel 1.24.0
2026-04-27T02:59:26.1907683Z Installing parallel 1.24.0
2026-04-27T02:59:26.2018544Z Fetching racc 1.7.3
2026-04-27T02:59:26.2488860Z Installing racc 1.7.3 with native extensions
2026-04-27T02:59:26.2707062Z Fetching rainbow 3.1.1
2026-04-27T02:59:26.3145116Z Installing rainbow 3.1.1
2026-04-27T02:59:26.3233910Z Fetching regexp_parser 2.8.3
2026-04-27T02:59:26.3700787Z Installing regexp_parser 2.8.3
2026-04-27T02:59:26.3950469Z Fetching rexml 3.2.6
2026-04-27T02:59:26.4359116Z Installing rexml 3.2.6
2026-04-27T02:59:26.5390724Z Fetching rspec-support 3.10.1
2026-04-27T02:59:26.5931883Z Installing rspec-support 3.10.1
2026-04-27T02:59:26.6061222Z Fetching ruby-progressbar 1.13.0
2026-04-27T02:59:26.6505449Z Installing ruby-progressbar 1.13.0
2026-04-27T02:59:26.6602196Z Fetching unicode-display_width 2.5.0
2026-04-27T02:59:26.7020414Z Installing unicode-display_width 2.5.0
2026-04-27T02:59:26.7087222Z Fetching addressable 2.8.0
2026-04-27T02:59:26.7735850Z Installing addressable 2.8.0
2026-04-27T02:59:26.7946130Z Fetching faraday 2.3.0
2026-04-27T02:59:26.8606962Z Installing faraday 2.3.0
2026-04-27T02:59:26.8955838Z Fetching i18n 1.12.0
2026-04-27T02:59:26.9586083Z Installing i18n 1.12.0
2026-04-27T02:59:26.9825965Z Fetching tzinfo 2.0.6
2026-04-27T02:59:27.0456747Z Installing tzinfo 2.0.6
2026-04-27T02:59:27.0708355Z Fetching rspec-core 3.10.1
2026-04-27T02:59:27.1358840Z Installing rspec-core 3.10.1
2026-04-27T02:59:27.1635639Z Fetching rspec-expectations 3.10.1
2026-04-27T02:59:27.2048248Z Installing rspec-expectations 3.10.1
2026-04-27T02:59:27.2246015Z Fetching rspec-mocks 3.10.1
2026-04-27T02:59:27.2694674Z Installing rspec-mocks 3.10.1
2026-04-27T02:59:27.2946023Z Fetching faraday-retry 2.0.0
2026-04-27T02:59:27.3396926Z Installing faraday-retry 2.0.0
2026-04-27T02:59:27.3451551Z Fetching sawyer 0.9.2
2026-04-27T02:59:27.3726688Z Fetching activesupport 6.1.7.3
2026-04-27T02:59:27.4056835Z Installing sawyer 0.9.2
2026-04-27T02:59:27.4159073Z Fetching rspec 3.10.0
2026-04-27T02:59:27.4477001Z Installing activesupport 6.1.7.3
2026-04-27T02:59:27.4630098Z Installing rspec 3.10.0
2026-04-27T02:59:27.4736550Z Fetching parser 3.2.2.4
2026-04-27T02:59:27.5866826Z Installing parser 3.2.2.4
2026-04-27T02:59:27.6174674Z Fetching octokit 4.25.0
2026-04-27T02:59:27.6635585Z Installing octokit 4.25.0
2026-04-27T02:59:27.7491160Z Fetching rubocop-ast 1.30.0
2026-04-27T02:59:27.7904518Z Installing rubocop-ast 1.30.0
2026-04-27T02:59:29.3390367Z Fetching rubocop 1.57.2
2026-04-27T02:59:29.4016161Z Installing rubocop 1.57.2
2026-04-27T02:59:29.5874615Z Fetching standard-custom 1.0.2
2026-04-27T02:59:29.5875439Z Fetching rubocop-performance 1.19.1
2026-04-27T02:59:29.6448470Z Installing standard-custom 1.0.2
2026-04-27T02:59:29.6522270Z Installing rubocop-performance 1.19.1
2026-04-27T02:59:29.6719440Z Fetching standard-performance 1.2.1
2026-04-27T02:59:29.7080154Z Installing standard-performance 1.2.1
2026-04-27T02:59:29.7156849Z Fetching standard 1.32.1
2026-04-27T02:59:29.7558086Z Installing standard 1.32.1
2026-04-27T02:59:29.7777431Z Bundle complete! 6 Gemfile dependencies, 40 gems now installed.
2026-04-27T02:59:29.7778140Z Use `bundle info [gemname]` to see where a bundled gem is installed.
2026-04-27T02:59:29.8330511Z ##[group]Run ruby entrypoint.rb
2026-04-27T02:59:29.8330799Z [36;1mruby entrypoint.rb[0m
2026-04-27T02:59:29.8352092Z shell: /usr/bin/bash --noprofile --norc -e -o pipefail {0}
2026-04-27T02:59:29.8352417Z env:
2026-04-27T02:59:29.8352774Z   WAIT_INTERVAL: 30
2026-04-27T02:59:29.8353011Z   ALLOWED_CONCLUSIONS: success,skipped,neutral
2026-04-27T02:59:29.8353291Z   IGNORE_CHECKS: 
2026-04-27T02:59:29.8353465Z   CHECK_NAME: 
2026-04-27T02:59:29.8353633Z   CHECK_REGEXP: 
2026-04-27T02:59:29.8353856Z   REF: 1a86f6b6db734d60a22b355a34e473aad7630ab2
2026-04-27T02:59:29.8354333Z   REPO_TOKEN: ***
2026-04-27T02:59:29.8354525Z   VERBOSE: true
2026-04-27T02:59:29.8354714Z   RUNNING_WORKFLOW_NAME: Auto-merge
2026-04-27T02:59:29.8355335Z   API_ENDPOINT: 
2026-04-27T02:59:29.8355530Z ##[endgroup]
2026-04-27T03:03:34.1562630Z Checks running on ref:
2026-04-27T03:03:34.1564990Z Checks in_progress: lint-and-test, autofix, Auto-merge
2026-04-27T03:03:34.1566954Z Checks completed: capture-failure-log, capture-failure-log, e2e, connected-tests, capture-failure-log, cross-device-tests, web-lint-and-test, test, maybe-label
2026-04-27T03:03:34.1568174Z Checks after ignore checks filter:
2026-04-27T03:03:34.1568510Z Checks in_progress: lint-and-test, autofix
2026-04-27T03:03:34.1569432Z Checks completed: capture-failure-log, capture-failure-log, e2e, connected-tests, capture-failure-log, cross-device-tests, web-lint-and-test, test, maybe-label
2026-04-27T03:03:34.1570320Z Checks after check_name filter:
2026-04-27T03:03:34.1570656Z Checks in_progress: lint-and-test, autofix
2026-04-27T03:03:34.1571545Z Checks completed: capture-failure-log, capture-failure-log, e2e, connected-tests, capture-failure-log, cross-device-tests, web-lint-and-test, test, maybe-label
2026-04-27T03:03:34.1572325Z Checks after Regexp filter:
2026-04-27T03:03:34.1572585Z Checks in_progress: lint-and-test, autofix
2026-04-27T03:03:34.1573356Z Checks completed: capture-failure-log, capture-failure-log, e2e, connected-tests, capture-failure-log, cross-device-tests, web-lint-and-test, test, maybe-label
2026-04-27T03:03:34.1574257Z The requested checks aren't complete yet, will check back in 30 seconds...
2026-04-27T03:03:34.1574671Z Checks running on ref:
2026-04-27T03:03:34.1575221Z Checks in_progress: lint-and-test, autofix, Auto-merge
2026-04-27T03:03:34.1576058Z Checks completed: capture-failure-log, capture-failure-log, e2e, connected-tests, capture-failure-log, cross-device-tests, web-lint-and-test, test, maybe-label
2026-04-27T03:03:34.1576855Z Checks after ignore checks filter:
2026-04-27T03:03:34.1577149Z Checks in_progress: lint-and-test, autofix
2026-04-27T03:03:34.1577926Z Checks completed: capture-failure-log, capture-failure-log, e2e, connected-tests, capture-failure-log, cross-device-tests, web-lint-and-test, test, maybe-label
2026-04-27T03:03:34.1578706Z Checks after check_name filter:
2026-04-27T03:03:34.1578981Z Checks in_progress: lint-and-test, autofix
2026-04-27T03:03:34.1579757Z Checks completed: capture-failure-log, capture-failure-log, e2e, connected-tests, capture-failure-log, cross-device-tests, web-lint-and-test, test, maybe-label
2026-04-27T03:03:34.1580535Z Checks after Regexp filter:
2026-04-27T03:03:34.1580790Z Checks in_progress: lint-and-test, autofix
2026-04-27T03:03:34.1581562Z Checks completed: capture-failure-log, capture-failure-log, e2e, connected-tests, capture-failure-log, cross-device-tests, web-lint-and-test, test, maybe-label
2026-04-27T03:03:34.1582399Z The requested checks aren't complete yet, will check back in 30 seconds...
2026-04-27T03:03:34.1583151Z Checks running on ref:
2026-04-27T03:03:34.1583414Z Checks in_progress: lint-and-test, autofix, Auto-merge
2026-04-27T03:03:34.1584107Z Checks completed: capture-failure-log, capture-failure-log, e2e, connected-tests, capture-failure-log, cross-device-tests, web-lint-and-test, test, maybe-label
2026-04-27T03:03:34.1584794Z Checks after ignore checks filter:
2026-04-27T03:03:34.1585316Z Checks in_progress: lint-and-test, autofix
2026-04-27T03:03:34.1585993Z Checks completed: capture-failure-log, capture-failure-log, e2e, connected-tests, capture-failure-log, cross-device-tests, web-lint-and-test, test, maybe-label
2026-04-27T03:03:34.1586662Z Checks after check_name filter:
2026-04-27T03:03:34.1586908Z Checks in_progress: lint-and-test, autofix
2026-04-27T03:03:34.1587747Z Checks completed: capture-failure-log, capture-failure-log, e2e, connected-tests, capture-failure-log, cross-device-tests, web-lint-and-test, test, maybe-label
2026-04-27T03:03:34.1588414Z Checks after Regexp filter:
2026-04-27T03:03:34.1588654Z Checks in_progress: lint-and-test, autofix
2026-04-27T03:03:34.1589313Z Checks completed: capture-failure-log, capture-failure-log, e2e, connected-tests, capture-failure-log, cross-device-tests, web-lint-and-test, test, maybe-label
2026-04-27T03:03:34.1590081Z The requested checks aren't complete yet, will check back in 30 seconds...
2026-04-27T03:03:34.1590440Z Checks running on ref:
2026-04-27T03:03:34.1590690Z Checks in_progress: lint-and-test, autofix, Auto-merge
2026-04-27T03:03:34.1591394Z Checks completed: capture-failure-log, capture-failure-log, e2e, connected-tests, capture-failure-log, cross-device-tests, web-lint-and-test, test, maybe-label
2026-04-27T03:03:34.1592055Z Checks after ignore checks filter:
2026-04-27T03:03:34.1592315Z Checks in_progress: lint-and-test, autofix
2026-04-27T03:03:34.1593001Z Checks completed: capture-failure-log, capture-failure-log, e2e, connected-tests, capture-failure-log, cross-device-tests, web-lint-and-test, test, maybe-label
2026-04-27T03:03:34.1593684Z Checks after check_name filter:
2026-04-27T03:03:34.1593923Z Checks in_progress: lint-and-test, autofix
2026-04-27T03:03:34.1594586Z Checks completed: capture-failure-log, capture-failure-log, e2e, connected-tests, capture-failure-log, cross-device-tests, web-lint-and-test, test, maybe-label
2026-04-27T03:03:34.1595466Z Checks after Regexp filter:
2026-04-27T03:03:34.1595703Z Checks in_progress: lint-and-test, autofix
2026-04-27T03:03:34.1596366Z Checks completed: capture-failure-log, capture-failure-log, e2e, connected-tests, capture-failure-log, cross-device-tests, web-lint-and-test, test, maybe-label
2026-04-27T03:03:34.1597122Z The requested checks aren't complete yet, will check back in 30 seconds...
2026-04-27T03:03:34.1597489Z Checks running on ref:
2026-04-27T03:03:34.1597739Z Checks in_progress: lint-and-test, autofix, Auto-merge
2026-04-27T03:03:34.1598443Z Checks completed: capture-failure-log, capture-failure-log, e2e, connected-tests, capture-failure-log, cross-device-tests, web-lint-and-test, test, maybe-label
2026-04-27T03:03:34.1599110Z Checks after ignore checks filter:
2026-04-27T03:03:34.1599360Z Checks in_progress: lint-and-test, autofix
2026-04-27T03:03:34.1600017Z Checks completed: capture-failure-log, capture-failure-log, e2e, connected-tests, capture-failure-log, cross-device-tests, web-lint-and-test, test, maybe-label
2026-04-27T03:03:34.1600684Z Checks after check_name filter:
2026-04-27T03:03:34.1600931Z Checks in_progress: lint-and-test, autofix
2026-04-27T03:03:34.1601596Z Checks completed: capture-failure-log, capture-failure-log, e2e, connected-tests, capture-failure-log, cross-device-tests, web-lint-and-test, test, maybe-label
2026-04-27T03:03:34.1602257Z Checks after Regexp filter:
2026-04-27T03:03:34.1602496Z Checks in_progress: lint-and-test, autofix
2026-04-27T03:03:34.1603159Z Checks completed: capture-failure-log, capture-failure-log, e2e, connected-tests, capture-failure-log, cross-device-tests, web-lint-and-test, test, maybe-label
2026-04-27T03:03:34.1604052Z The requested checks aren't complete yet, will check back in 30 seconds...
2026-04-27T03:03:34.1604526Z Checks running on ref:
2026-04-27T03:03:34.1604771Z Checks in_progress: lint-and-test, autofix, Auto-merge
2026-04-27T03:03:34.1605780Z Checks completed: capture-failure-log, capture-failure-log, e2e, connected-tests, capture-failure-log, cross-device-tests, web-lint-and-test, test, maybe-label
2026-04-27T03:03:34.1606449Z Checks after ignore checks filter:
2026-04-27T03:03:34.1606706Z Checks in_progress: lint-and-test, autofix
2026-04-27T03:03:34.1607363Z Checks completed: capture-failure-log, capture-failure-log, e2e, connected-tests, capture-failure-log, cross-device-tests, web-lint-and-test, test, maybe-label
2026-04-27T03:03:34.1608197Z Checks after check_name filter:
2026-04-27T03:03:34.1608445Z Checks in_progress: lint-and-test, autofix
2026-04-27T03:03:34.1609111Z Checks completed: capture-failure-log, capture-failure-log, e2e, connected-tests, capture-failure-log, cross-device-tests, web-lint-and-test, test, maybe-label
2026-04-27T03:03:34.1609775Z Checks after Regexp filter:
2026-04-27T03:03:34.1610000Z Checks in_progress: lint-and-test, autofix
2026-04-27T03:03:34.1610659Z Checks completed: capture-failure-log, capture-failure-log, e2e, connected-tests, capture-failure-log, cross-device-tests, web-lint-and-test, test, maybe-label
2026-04-27T03:03:34.1611430Z The requested checks aren't complete yet, will check back in 30 seconds...
2026-04-27T03:03:34.1611788Z Checks running on ref:
2026-04-27T03:03:34.1612016Z Checks in_progress: lint-and-test, Auto-merge
2026-04-27T03:03:34.1612719Z Checks completed: autofix, capture-failure-log, capture-failure-log, e2e, connected-tests, capture-failure-log, cross-device-tests, web-lint-and-test, test, maybe-label
2026-04-27T03:03:34.1613429Z Checks after ignore checks filter:
2026-04-27T03:03:34.1613678Z Checks in_progress: lint-and-test
2026-04-27T03:03:34.1614355Z Checks completed: autofix, capture-failure-log, capture-failure-log, e2e, connected-tests, capture-failure-log, cross-device-tests, web-lint-and-test, test, maybe-label
2026-04-27T03:03:34.1615347Z Checks after check_name filter:
2026-04-27T03:03:34.1615584Z Checks in_progress: lint-and-test
2026-04-27T03:03:34.1616251Z Checks completed: autofix, capture-failure-log, capture-failure-log, e2e, connected-tests, capture-failure-log, cross-device-tests, web-lint-and-test, test, maybe-label
2026-04-27T03:03:34.1616941Z Checks after Regexp filter:
2026-04-27T03:03:34.1617162Z Checks in_progress: lint-and-test
2026-04-27T03:03:34.1617817Z Checks completed: autofix, capture-failure-log, capture-failure-log, e2e, connected-tests, capture-failure-log, cross-device-tests, web-lint-and-test, test, maybe-label
2026-04-27T03:03:34.1618613Z The requested checks aren't complete yet, will check back in 30 seconds...
2026-04-27T03:03:34.1618976Z Checks running on ref:
2026-04-27T03:03:34.1619203Z Checks in_progress: lint-and-test, Auto-merge
2026-04-27T03:03:34.1619906Z Checks completed: autofix, capture-failure-log, capture-failure-log, e2e, connected-tests, capture-failure-log, cross-device-tests, web-lint-and-test, test, maybe-label
2026-04-27T03:03:34.1620602Z Checks after ignore checks filter:
2026-04-27T03:03:34.1620845Z Checks in_progress: lint-and-test
2026-04-27T03:03:34.1621509Z Checks completed: autofix, capture-failure-log, capture-failure-log, e2e, connected-tests, capture-failure-log, cross-device-tests, web-lint-and-test, test, maybe-label
2026-04-27T03:03:34.1622202Z Checks after check_name filter:
2026-04-27T03:03:34.1622425Z Checks in_progress: lint-and-test
2026-04-27T03:03:34.1623088Z Checks completed: autofix, capture-failure-log, capture-failure-log, e2e, connected-tests, capture-failure-log, cross-device-tests, web-lint-and-test, test, maybe-label
2026-04-27T03:03:34.1623780Z Checks after Regexp filter:
2026-04-27T03:03:34.1624000Z Checks in_progress: lint-and-test
2026-04-27T03:03:34.1624793Z Checks completed: autofix, capture-failure-log, capture-failure-log, e2e, connected-tests, capture-failure-log, cross-device-tests, web-lint-and-test, test, maybe-label
2026-04-27T03:03:34.1625812Z The requested checks aren't complete yet, will check back in 30 seconds...
2026-04-27T03:03:34.1626164Z Checks running on ref:
2026-04-27T03:04:35.0327670Z Checks in_progress: lint-and-test, Auto-merge
2026-04-27T03:04:35.0329141Z Checks completed: autofix, capture-failure-log, capture-failure-log, e2e, connected-tests, capture-failure-log, cross-device-tests, web-lint-and-test, test, maybe-label
2026-04-27T03:04:35.0330748Z Checks after ignore checks filter:
2026-04-27T03:04:35.0331202Z Checks in_progress: lint-and-test
2026-04-27T03:04:35.0332080Z Checks completed: autofix, capture-failure-log, capture-failure-log, e2e, connected-tests, capture-failure-log, cross-device-tests, web-lint-and-test, test, maybe-label
2026-04-27T03:04:35.0333403Z Checks after check_name filter:
2026-04-27T03:04:35.0333700Z Checks in_progress: lint-and-test
2026-04-27T03:04:35.0334543Z Checks completed: autofix, capture-failure-log, capture-failure-log, e2e, connected-tests, capture-failure-log, cross-device-tests, web-lint-and-test, test, maybe-label
2026-04-27T03:04:35.0335690Z Checks after Regexp filter:
2026-04-27T03:04:35.0335968Z Checks in_progress: lint-and-test
2026-04-27T03:04:35.0336790Z Checks completed: autofix, capture-failure-log, capture-failure-log, e2e, connected-tests, capture-failure-log, cross-device-tests, web-lint-and-test, test, maybe-label
2026-04-27T03:04:35.0337823Z The requested checks aren't complete yet, will check back in 30 seconds...
2026-04-27T03:04:35.0338236Z Checks running on ref:
2026-04-27T03:04:35.0338487Z Checks in_progress: lint-and-test, Auto-merge
2026-04-27T03:04:35.0339302Z Checks completed: autofix, capture-failure-log, capture-failure-log, e2e, connected-tests, capture-failure-log, cross-device-tests, web-lint-and-test, test, maybe-label
2026-04-27T03:04:35.0340120Z Checks after ignore checks filter:
2026-04-27T03:04:35.0340392Z Checks in_progress: lint-and-test
2026-04-27T03:04:35.0341167Z Checks completed: autofix, capture-failure-log, capture-failure-log, e2e, connected-tests, capture-failure-log, cross-device-tests, web-lint-and-test, test, maybe-label
2026-04-27T03:04:35.0341968Z Checks after check_name filter:
2026-04-27T03:04:35.0342228Z Checks in_progress: lint-and-test
2026-04-27T03:04:35.0342998Z Checks completed: autofix, capture-failure-log, capture-failure-log, e2e, connected-tests, capture-failure-log, cross-device-tests, web-lint-and-test, test, maybe-label
2026-04-27T03:04:35.0343802Z Checks after Regexp filter:
2026-04-27T03:04:35.0344050Z Checks in_progress: lint-and-test
2026-04-27T03:04:35.0344816Z Checks completed: autofix, capture-failure-log, capture-failure-log, e2e, connected-tests, capture-failure-log, cross-device-tests, web-lint-and-test, test, maybe-label
2026-04-27T03:04:35.0345997Z The requested checks aren't complete yet, will check back in 30 seconds...
2026-04-27T03:04:35.0346407Z Checks running on ref:
2026-04-27T03:04:35.0347402Z Checks completed: capture-failure-log, firebase-distribute, lint-and-test, autofix, capture-failure-log, capture-failure-log, e2e, connected-tests, capture-failure-log, cross-device-tests, web-lint-and-test, test, maybe-label
2026-04-27T03:04:35.0348452Z Checks in_progress: Auto-merge
2026-04-27T03:04:35.0348682Z Checks after ignore checks filter:
2026-04-27T03:04:35.0349558Z Checks completed: capture-failure-log, firebase-distribute, lint-and-test, autofix, capture-failure-log, capture-failure-log, e2e, connected-tests, capture-failure-log, cross-device-tests, web-lint-and-test, test, maybe-label
2026-04-27T03:04:35.0350449Z Checks after check_name filter:
2026-04-27T03:04:35.0351344Z Checks completed: capture-failure-log, firebase-distribute, lint-and-test, autofix, capture-failure-log, capture-failure-log, e2e, connected-tests, capture-failure-log, cross-device-tests, web-lint-and-test, test, maybe-label
2026-04-27T03:04:35.0352246Z Checks after Regexp filter:
2026-04-27T03:04:35.0353496Z Checks completed: capture-failure-log, firebase-distribute, lint-and-test, autofix, capture-failure-log, capture-failure-log, e2e, connected-tests, capture-failure-log, cross-device-tests, web-lint-and-test, test, maybe-label
2026-04-27T03:04:35.0354432Z Checks completed:
2026-04-27T03:04:35.0354657Z capture-failure-log: completed (skipped)
2026-04-27T03:04:35.0355147Z firebase-distribute: completed (cancelled)
2026-04-27T03:04:35.0355421Z lint-and-test: completed (cancelled)
2026-04-27T03:04:35.0355672Z autofix: completed (cancelled)
2026-04-27T03:04:35.0355922Z capture-failure-log: completed (skipped)
2026-04-27T03:04:35.0356194Z capture-failure-log: completed (skipped)
2026-04-27T03:04:35.0356448Z e2e: completed (success)
2026-04-27T03:04:35.0356664Z connected-tests: completed (skipped)
2026-04-27T03:04:35.0357071Z capture-failure-log: completed (skipped)
2026-04-27T03:04:35.0357341Z cross-device-tests: completed (skipped)
2026-04-27T03:04:35.0357608Z web-lint-and-test: completed (success)
2026-04-27T03:04:35.0357860Z test: completed (success)
2026-04-27T03:04:35.0358087Z maybe-label: completed (success)
2026-04-27T03:04:35.0358739Z The conclusion of one or more checks were not allowed. Allowed conclusions are: success, skipped, neutral. This can be configured with the 'allowed-conclusions' param.
2026-04-27T03:04:35.0429072Z ##[error]Process completed with exit code 1.
2026-04-27T03:04:35.0548903Z Post job cleanup.
2026-04-27T03:04:35.0605555Z Cleaning up orphan processes
2026-04-27T03:04:35.0899738Z ##[warning]Node.js 20 actions are deprecated. The following actions are running on Node.js 20 and may not work as expected: actions/cache@v4. Actions will be forced to run with Node.js 24 by default starting June 2nd, 2026. Node.js 20 will be removed from the runner on September 16th, 2026. Please check if updated versions of these actions are available that support Node.js 24. To opt into Node.js 24 now, set the FORCE_JAVASCRIPT_ACTIONS_TO_NODE24=true environment variable on the runner or in your workflow file. Once Node.js 24 becomes the default, you can temporarily opt out by setting ACTIONS_ALLOW_USE_UNSECURE_NODE_VERSION=true. For more information see: https://github.blog/changelog/2025-09-19-deprecation-of-node-20-on-github-actions-runners/
