=== CI FAILURE ===
Workflow:      Auto-merge & Release
Workflow file: akarlin3/prismTask/.github/workflows/auto-merge.yml@refs/pull/841/merge
Job(s):        Auto-merge
Run ID:        24977828871
Run attempt:   1
Run URL:       https://github.com/akarlin3/prismTask/actions/runs/24977828871
Commit:        f9ff63458cecf66844f2bd915ba38205265aa61a
Branch:        841/merge
Event:         pull_request
Actor:         akarlin3
Runner OS:     Linux
Timestamp:     2026-04-27T05:29:27.618Z

Failed steps:
  - Auto-merge: #4 Wait for all other CI checks to pass

=== FAILED JOB LOG ===

--- Job: Auto-merge (id 73133183733) ---
2026-04-27T05:16:31.7221820Z Current runner version: '2.333.1'
2026-04-27T05:16:31.7246425Z ##[group]Runner Image Provisioner
2026-04-27T05:16:31.7247168Z Hosted Compute Agent
2026-04-27T05:16:31.7247645Z Version: 20260213.493
2026-04-27T05:16:31.7248252Z Commit: 5c115507f6dd24b8de37d8bbe0bb4509d0cc0fa3
2026-04-27T05:16:31.7248876Z Build Date: 2026-02-13T00:28:41Z
2026-04-27T05:16:31.7249428Z Worker ID: {e9b04c0b-b02a-40a5-a4c4-7509373bbc2c}
2026-04-27T05:16:31.7250092Z Azure Region: centralus
2026-04-27T05:16:31.7250580Z ##[endgroup]
2026-04-27T05:16:31.7252244Z ##[group]Operating System
2026-04-27T05:16:31.7252834Z Ubuntu
2026-04-27T05:16:31.7253239Z 24.04.4
2026-04-27T05:16:31.7253603Z LTS
2026-04-27T05:16:31.7254062Z ##[endgroup]
2026-04-27T05:16:31.7254463Z ##[group]Runner Image
2026-04-27T05:16:31.7254938Z Image: ubuntu-24.04
2026-04-27T05:16:31.7255604Z Version: 20260413.86.1
2026-04-27T05:16:31.7256735Z Included Software: https://github.com/actions/runner-images/blob/ubuntu24/20260413.86/images/ubuntu/Ubuntu2404-Readme.md
2026-04-27T05:16:31.7257997Z Image Release: https://github.com/actions/runner-images/releases/tag/ubuntu24%2F20260413.86
2026-04-27T05:16:31.7258786Z ##[endgroup]
2026-04-27T05:16:31.7259946Z ##[group]GITHUB_TOKEN Permissions
2026-04-27T05:16:31.7262109Z Actions: read
2026-04-27T05:16:31.7262609Z Checks: read
2026-04-27T05:16:31.7263052Z Contents: write
2026-04-27T05:16:31.7263708Z Metadata: read
2026-04-27T05:16:31.7264120Z PullRequests: write
2026-04-27T05:16:31.7264633Z ##[endgroup]
2026-04-27T05:16:31.7267227Z Secret source: Actions
2026-04-27T05:16:31.7268092Z Prepare workflow directory
2026-04-27T05:16:31.7651791Z Prepare all required actions
2026-04-27T05:16:31.7708062Z Getting action download info
2026-04-27T05:16:32.0776126Z Download action repository 'lewagon/wait-on-check-action@ccfb013c15c8afb7bf2b7c028fb74dc5a068cccc' (SHA:ccfb013c15c8afb7bf2b7c028fb74dc5a068cccc)
2026-04-27T05:16:32.5846779Z Getting action download info
2026-04-27T05:16:32.7580003Z Download action repository 'ruby/setup-ruby@v1' (SHA:c4e5b1316158f92e3d49443a9d58b31d25ac0f8f)
2026-04-27T05:16:33.2641775Z Download action repository 'actions/cache@v4' (SHA:0057852bfaa89a56745cba8c7296529d2fc39830)
2026-04-27T05:16:33.4065666Z Complete job name: Auto-merge
2026-04-27T05:16:33.4848031Z ##[group]Run set -euo pipefail
2026-04-27T05:16:33.4849388Z [36;1mset -euo pipefail[0m
2026-04-27T05:16:33.4850666Z [36;1m# Audit item #5 — poll check-runs for up to 60s instead of a bare[0m
2026-04-27T05:16:33.4852455Z [36;1m# 20s sleep. On a busy runner cohort the initial 20s wasn't enough[0m
2026-04-27T05:16:33.4854226Z [36;1m# for the API to reflect queued workflow runs, which could merge[0m
2026-04-27T05:16:33.4855975Z [36;1m# PRs without waiting for CI. Bail out early as soon as ≥1 real[0m
2026-04-27T05:16:33.4857302Z [36;1m# check shows up.[0m
2026-04-27T05:16:33.4858253Z [36;1mCOUNT=0[0m
2026-04-27T05:16:33.4859016Z [36;1mfor i in $(seq 1 6); do[0m
2026-04-27T05:16:33.4859964Z [36;1m  sleep 10[0m
2026-04-27T05:16:33.4861039Z [36;1m  COUNT=$(gh api "repos/$REPO/commits/$HEAD_SHA/check-runs" \[0m
2026-04-27T05:16:33.4862602Z [36;1m    --jq '[.check_runs[] | select(.name != "Auto-merge")] | length')[0m
2026-04-27T05:16:33.4863968Z [36;1m  if [ "$COUNT" -gt 0 ]; then[0m
2026-04-27T05:16:33.4865197Z [36;1m    echo "Found $COUNT non-Auto-merge check(s) after ${i}0s"[0m
2026-04-27T05:16:33.4866468Z [36;1m    break[0m
2026-04-27T05:16:33.4867225Z [36;1m  fi[0m
2026-04-27T05:16:33.4868149Z [36;1m  echo "No non-Auto-merge checks yet (attempt $i/6)"[0m
2026-04-27T05:16:33.4869348Z [36;1mdone[0m
2026-04-27T05:16:33.4870112Z [36;1mif [ "$COUNT" -gt 0 ]; then[0m
2026-04-27T05:16:33.4871162Z [36;1m  echo "has_ci=true" >> "$GITHUB_OUTPUT"[0m
2026-04-27T05:16:33.4872189Z [36;1melse[0m
2026-04-27T05:16:33.4872997Z [36;1m  echo "has_ci=false" >> "$GITHUB_OUTPUT"[0m
2026-04-27T05:16:33.4874412Z [36;1m  echo "No CI checks on this PR after 60s — will merge without waiting."[0m
2026-04-27T05:16:33.4875786Z [36;1mfi[0m
2026-04-27T05:16:33.4895334Z shell: /usr/bin/bash -e {0}
2026-04-27T05:16:33.4896815Z env:
2026-04-27T05:16:33.4897513Z   WAIT_INTERVAL: 30
2026-04-27T05:16:33.4898772Z   GH_TOKEN: ***
2026-04-27T05:16:33.4899675Z   HEAD_SHA: 00f89e6e1cc8e1a9ce4fe2c52ed656828b53c10d
2026-04-27T05:16:33.4900771Z   REPO: akarlin3/prismTask
2026-04-27T05:16:33.4901579Z ##[endgroup]
2026-04-27T05:16:43.9248287Z Found 6 non-Auto-merge check(s) after 10s
2026-04-27T05:16:43.9375252Z ##[group]Run set -euo pipefail
2026-04-27T05:16:43.9375866Z [36;1mset -euo pipefail[0m
2026-04-27T05:16:43.9376297Z [36;1mREQUIRED=$(gh api "repos/$REPO/branches/main/protection/required_status_checks" \[0m
2026-04-27T05:16:43.9376773Z [36;1m  --jq '.contexts[]' 2>/dev/null || true)[0m
2026-04-27T05:16:43.9377094Z [36;1mif [ -z "$REQUIRED" ]; then[0m
2026-04-27T05:16:43.9377606Z [36;1m  echo "::warning::Could not query branch protection (likely a permission issue) — using hardcoded fallback list."[0m
2026-04-27T05:16:43.9378149Z [36;1m  REQUIRED="$FALLBACK_REQUIRED"[0m
2026-04-27T05:16:43.9378453Z [36;1mfi[0m
2026-04-27T05:16:43.9378778Z [36;1m# Strip Auto-merge from the required list so we don't wait on[0m
2026-04-27T05:16:43.9379223Z [36;1m# ourselves (it's listed because we ARE the running workflow).[0m
2026-04-27T05:16:43.9379731Z [36;1mREQUIRED=$(echo "$REQUIRED" | grep -vE '^\s*Auto-merge\s*$' | grep -vE '^\s*$' || true)[0m
2026-04-27T05:16:43.9380224Z [36;1mif [ -z "$REQUIRED" ]; then[0m
2026-04-27T05:16:43.9380589Z [36;1m  echo "No required checks beyond Auto-merge; skipping queue wait."[0m
2026-04-27T05:16:43.9380981Z [36;1m  exit 0[0m
2026-04-27T05:16:43.9381226Z [36;1mfi[0m
2026-04-27T05:16:43.9381492Z [36;1mecho "Waiting until these required checks queue:"[0m
2026-04-27T05:16:43.9381829Z [36;1mecho "$REQUIRED" | sed 's/^/  /'[0m
2026-04-27T05:16:43.9382188Z [36;1m# 30 attempts × 10s = 5 min ceiling. If checks haven't queued[0m
2026-04-27T05:16:43.9382623Z [36;1m# by then something is genuinely broken (workflow file invalid,[0m
2026-04-27T05:16:43.9383088Z [36;1m# path filter excluding everything, etc.) — log and proceed so[0m
2026-04-27T05:16:43.9383505Z [36;1m# wait-on-check-action can decide how to handle it.[0m
2026-04-27T05:16:43.9383848Z [36;1mfor attempt in $(seq 1 30); do[0m
2026-04-27T05:16:43.9384255Z [36;1m  CHECK_RUNS=$(gh api --paginate "repos/$REPO/commits/$HEAD_SHA/check-runs" \[0m
2026-04-27T05:16:43.9384709Z [36;1m    --jq '.check_runs[].name' | sort -u)[0m
2026-04-27T05:16:43.9385012Z [36;1m  MISSING=""[0m
2026-04-27T05:16:43.9385266Z [36;1m  while IFS= read -r req; do[0m
2026-04-27T05:16:43.9385634Z [36;1m    [ -z "$req" ] && continue[0m
2026-04-27T05:16:43.9385931Z [36;1m    req_trimmed=$(echo "$req" | xargs)[0m
2026-04-27T05:16:43.9386332Z [36;1m    if ! echo "$CHECK_RUNS" | grep -qxF "$req_trimmed"; then[0m
2026-04-27T05:16:43.9386736Z [36;1m      MISSING="$MISSING $req_trimmed"[0m
2026-04-27T05:16:43.9387023Z [36;1m    fi[0m
2026-04-27T05:16:43.9387247Z [36;1m  done <<< "$REQUIRED"[0m
2026-04-27T05:16:43.9387640Z [36;1m  if [ -z "$MISSING" ]; then[0m
2026-04-27T05:16:43.9388048Z [36;1m    echo "All required checks have queued after attempt $attempt."[0m
2026-04-27T05:16:43.9388435Z [36;1m    exit 0[0m
2026-04-27T05:16:43.9388664Z [36;1m  fi[0m
2026-04-27T05:16:43.9388964Z [36;1m  echo "Still waiting for:$MISSING (attempt $attempt/30)"[0m
2026-04-27T05:16:43.9389314Z [36;1m  sleep 10[0m
2026-04-27T05:16:43.9389542Z [36;1mdone[0m
2026-04-27T05:16:43.9390010Z [36;1mecho "::warning::Some required checks never queued after 5 min:$MISSING — proceeding to wait-on-check-action anyway."[0m
2026-04-27T05:16:43.9404467Z shell: /usr/bin/bash -e {0}
2026-04-27T05:16:43.9404753Z env:
2026-04-27T05:16:43.9404969Z   WAIT_INTERVAL: 30
2026-04-27T05:16:43.9405730Z   GH_TOKEN: ***
2026-04-27T05:16:43.9406005Z   HEAD_SHA: 00f89e6e1cc8e1a9ce4fe2c52ed656828b53c10d
2026-04-27T05:16:43.9406336Z   REPO: akarlin3/prismTask
2026-04-27T05:16:43.9406714Z   FALLBACK_REQUIRED: lint-and-test
connected-tests
test
web-lint-and-test

2026-04-27T05:16:43.9407313Z ##[endgroup]
2026-04-27T05:16:44.1446282Z Waiting until these required checks queue:
2026-04-27T05:16:44.1458266Z   {"message":"Resource not accessible by integration","documentation_url":"https://docs.github.com/rest/branches/branch-protection#get-status-checks-protection","status":"403"}
2026-04-27T05:16:44.5771162Z Still waiting for: {message:Resource not accessible by integration,documentation_url:https://docs.github.com/rest/branches/branch-protection#get-status-checks-protection,status:403} (attempt 1/30)
2026-04-27T05:16:54.9908596Z Still waiting for: {message:Resource not accessible by integration,documentation_url:https://docs.github.com/rest/branches/branch-protection#get-status-checks-protection,status:403} (attempt 2/30)
2026-04-27T05:17:05.4206357Z Still waiting for: {message:Resource not accessible by integration,documentation_url:https://docs.github.com/rest/branches/branch-protection#get-status-checks-protection,status:403} (attempt 3/30)
2026-04-27T05:17:15.8331216Z Still waiting for: {message:Resource not accessible by integration,documentation_url:https://docs.github.com/rest/branches/branch-protection#get-status-checks-protection,status:403} (attempt 4/30)
2026-04-27T05:17:26.2708251Z Still waiting for: {message:Resource not accessible by integration,documentation_url:https://docs.github.com/rest/branches/branch-protection#get-status-checks-protection,status:403} (attempt 5/30)
2026-04-27T05:17:36.7085831Z Still waiting for: {message:Resource not accessible by integration,documentation_url:https://docs.github.com/rest/branches/branch-protection#get-status-checks-protection,status:403} (attempt 6/30)
2026-04-27T05:17:47.1352170Z Still waiting for: {message:Resource not accessible by integration,documentation_url:https://docs.github.com/rest/branches/branch-protection#get-status-checks-protection,status:403} (attempt 7/30)
2026-04-27T05:17:57.5492262Z Still waiting for: {message:Resource not accessible by integration,documentation_url:https://docs.github.com/rest/branches/branch-protection#get-status-checks-protection,status:403} (attempt 8/30)
2026-04-27T05:18:07.9656943Z Still waiting for: {message:Resource not accessible by integration,documentation_url:https://docs.github.com/rest/branches/branch-protection#get-status-checks-protection,status:403} (attempt 9/30)
2026-04-27T05:18:18.3682887Z Still waiting for: {message:Resource not accessible by integration,documentation_url:https://docs.github.com/rest/branches/branch-protection#get-status-checks-protection,status:403} (attempt 10/30)
2026-04-27T05:18:28.7575186Z Still waiting for: {message:Resource not accessible by integration,documentation_url:https://docs.github.com/rest/branches/branch-protection#get-status-checks-protection,status:403} (attempt 11/30)
2026-04-27T05:18:39.1950834Z Still waiting for: {message:Resource not accessible by integration,documentation_url:https://docs.github.com/rest/branches/branch-protection#get-status-checks-protection,status:403} (attempt 12/30)
2026-04-27T05:18:49.6372693Z Still waiting for: {message:Resource not accessible by integration,documentation_url:https://docs.github.com/rest/branches/branch-protection#get-status-checks-protection,status:403} (attempt 13/30)
2026-04-27T05:19:00.0635217Z Still waiting for: {message:Resource not accessible by integration,documentation_url:https://docs.github.com/rest/branches/branch-protection#get-status-checks-protection,status:403} (attempt 14/30)
2026-04-27T05:19:10.5041013Z Still waiting for: {message:Resource not accessible by integration,documentation_url:https://docs.github.com/rest/branches/branch-protection#get-status-checks-protection,status:403} (attempt 15/30)
2026-04-27T05:19:20.9108818Z Still waiting for: {message:Resource not accessible by integration,documentation_url:https://docs.github.com/rest/branches/branch-protection#get-status-checks-protection,status:403} (attempt 16/30)
2026-04-27T05:19:31.4005665Z Still waiting for: {message:Resource not accessible by integration,documentation_url:https://docs.github.com/rest/branches/branch-protection#get-status-checks-protection,status:403} (attempt 17/30)
2026-04-27T05:19:41.8110434Z Still waiting for: {message:Resource not accessible by integration,documentation_url:https://docs.github.com/rest/branches/branch-protection#get-status-checks-protection,status:403} (attempt 18/30)
2026-04-27T05:19:52.1700979Z Still waiting for: {message:Resource not accessible by integration,documentation_url:https://docs.github.com/rest/branches/branch-protection#get-status-checks-protection,status:403} (attempt 19/30)
2026-04-27T05:20:02.5808869Z Still waiting for: {message:Resource not accessible by integration,documentation_url:https://docs.github.com/rest/branches/branch-protection#get-status-checks-protection,status:403} (attempt 20/30)
2026-04-27T05:20:12.9815819Z Still waiting for: {message:Resource not accessible by integration,documentation_url:https://docs.github.com/rest/branches/branch-protection#get-status-checks-protection,status:403} (attempt 21/30)
2026-04-27T05:20:23.4775574Z Still waiting for: {message:Resource not accessible by integration,documentation_url:https://docs.github.com/rest/branches/branch-protection#get-status-checks-protection,status:403} (attempt 22/30)
2026-04-27T05:20:33.8789727Z Still waiting for: {message:Resource not accessible by integration,documentation_url:https://docs.github.com/rest/branches/branch-protection#get-status-checks-protection,status:403} (attempt 23/30)
2026-04-27T05:20:44.2804059Z Still waiting for: {message:Resource not accessible by integration,documentation_url:https://docs.github.com/rest/branches/branch-protection#get-status-checks-protection,status:403} (attempt 24/30)
2026-04-27T05:20:54.7187069Z Still waiting for: {message:Resource not accessible by integration,documentation_url:https://docs.github.com/rest/branches/branch-protection#get-status-checks-protection,status:403} (attempt 25/30)
2026-04-27T05:21:05.1161420Z Still waiting for: {message:Resource not accessible by integration,documentation_url:https://docs.github.com/rest/branches/branch-protection#get-status-checks-protection,status:403} (attempt 26/30)
2026-04-27T05:21:15.5170527Z Still waiting for: {message:Resource not accessible by integration,documentation_url:https://docs.github.com/rest/branches/branch-protection#get-status-checks-protection,status:403} (attempt 27/30)
2026-04-27T05:21:25.9440965Z Still waiting for: {message:Resource not accessible by integration,documentation_url:https://docs.github.com/rest/branches/branch-protection#get-status-checks-protection,status:403} (attempt 28/30)
2026-04-27T05:21:36.4198721Z Still waiting for: {message:Resource not accessible by integration,documentation_url:https://docs.github.com/rest/branches/branch-protection#get-status-checks-protection,status:403} (attempt 29/30)
2026-04-27T05:21:46.8959195Z Still waiting for: {message:Resource not accessible by integration,documentation_url:https://docs.github.com/rest/branches/branch-protection#get-status-checks-protection,status:403} (attempt 30/30)
2026-04-27T05:21:56.9008313Z ##[warning]Some required checks never queued after 5 min: {message:Resource not accessible by integration,documentation_url:https://docs.github.com/rest/branches/branch-protection#get-status-checks-protection,status:403} — proceeding to wait-on-check-action anyway.
2026-04-27T05:21:56.9150576Z ##[group]Run lewagon/wait-on-check-action@ccfb013c15c8afb7bf2b7c028fb74dc5a068cccc
2026-04-27T05:21:56.9150984Z with:
2026-04-27T05:21:56.9151210Z   ref: 00f89e6e1cc8e1a9ce4fe2c52ed656828b53c10d
2026-04-27T05:21:56.9151487Z   running-workflow-name: Auto-merge
2026-04-27T05:21:56.9151931Z   repo-token: ***
2026-04-27T05:21:56.9152104Z   wait-interval: 30
2026-04-27T05:21:56.9152323Z   allowed-conclusions: success,skipped,neutral
2026-04-27T05:21:56.9152578Z   verbose: true
2026-04-27T05:21:56.9152737Z env:
2026-04-27T05:21:56.9152892Z   WAIT_INTERVAL: 30
2026-04-27T05:21:56.9153059Z ##[endgroup]
2026-04-27T05:21:56.9278379Z ##[group]Run ruby/setup-ruby@v1
2026-04-27T05:21:56.9278631Z with:
2026-04-27T05:21:56.9279022Z   ruby-version: 3.2
2026-04-27T05:21:56.9279225Z   bundler-cache: false
2026-04-27T05:21:56.9279568Z   token: ***
2026-04-27T05:21:56.9279731Z env:
2026-04-27T05:21:56.9279881Z   WAIT_INTERVAL: 30
2026-04-27T05:21:56.9280063Z ##[endgroup]
2026-04-27T05:21:57.1206420Z ##[group]Modifying PATH
2026-04-27T05:21:57.1207546Z Entries added to PATH to use selected Ruby:
2026-04-27T05:21:57.1209587Z   /opt/hostedtoolcache/Ruby/3.2.11/x64/bin
2026-04-27T05:21:57.1213271Z ##[endgroup]
2026-04-27T05:21:57.1213928Z ##[group]Print Ruby version
2026-04-27T05:21:57.1294184Z [command]/opt/hostedtoolcache/Ruby/3.2.11/x64/bin/ruby --version
2026-04-27T05:21:57.2935254Z ruby 3.2.11 (2026-03-27 revision 5483bfc1ae) [x86_64-linux]
2026-04-27T05:21:57.2961201Z Took   0.17 seconds
2026-04-27T05:21:57.2962013Z ##[endgroup]
2026-04-27T05:21:57.2963820Z ##[group]Installing Bundler
2026-04-27T05:21:57.2968247Z Using Bundler shipped with ruby-3.2.11
2026-04-27T05:21:57.2969524Z Took   0.00 seconds
2026-04-27T05:21:57.2970319Z ##[endgroup]
2026-04-27T05:21:57.3577096Z ##[group]Run actions/cache@v4
2026-04-27T05:21:57.3577346Z with:
2026-04-27T05:21:57.3577738Z   path: /home/runner/work/_actions/lewagon/wait-on-check-action/ccfb013c15c8afb7bf2b7c028fb74dc5a068cccc
2026-04-27T05:21:57.3578207Z   key: Linux-gems-
2026-04-27T05:21:57.3578388Z   restore-keys: Linux-gems-
2026-04-27T05:21:57.3578613Z   enableCrossOsArchive: false
2026-04-27T05:21:57.3578836Z   fail-on-cache-miss: false
2026-04-27T05:21:57.3579035Z   lookup-only: false
2026-04-27T05:21:57.3579218Z   save-always: false
2026-04-27T05:21:57.3579382Z env:
2026-04-27T05:21:57.3579538Z   WAIT_INTERVAL: 30
2026-04-27T05:21:57.3579708Z ##[endgroup]
2026-04-27T05:21:57.6210089Z Cache hit for: Linux-gems-
2026-04-27T05:21:57.8465370Z Received 13127 of 13127 (100.0%), 0.3 MBs/sec
2026-04-27T05:21:57.8466040Z Cache Size: ~0 MB (13127 B)
2026-04-27T05:21:57.8507603Z [command]/usr/bin/tar -xf /home/runner/work/_temp/3ae2306e-8919-4b60-8786-e2d972e43f11/cache.tzst -P -C /home/runner/work/prismTask/prismTask --use-compress-program unzstd
2026-04-27T05:21:57.8557933Z Cache restored successfully
2026-04-27T05:21:57.8636152Z Cache restored from key: Linux-gems-
2026-04-27T05:21:57.8687853Z ##[group]Run bundle install --jobs 4 --retry 3
2026-04-27T05:21:57.8688197Z [36;1mbundle install --jobs 4 --retry 3[0m
2026-04-27T05:21:57.8703732Z shell: /usr/bin/bash --noprofile --norc -e -o pipefail {0}
2026-04-27T05:21:57.8704040Z env:
2026-04-27T05:21:57.8704217Z   WAIT_INTERVAL: 30
2026-04-27T05:21:57.8704400Z ##[endgroup]
2026-04-27T05:21:59.1647034Z Bundler 2.4.19 is running, but your lockfile was generated with 2.2.3. Installing Bundler 2.2.3 and restarting using that version.
2026-04-27T05:22:00.8253238Z Fetching gem metadata from https://rubygems.org/.
2026-04-27T05:22:00.8323199Z Fetching bundler 2.2.3
2026-04-27T05:22:01.0366688Z Installing bundler 2.2.3
2026-04-27T05:22:01.1849979Z Calling `DidYouMean::SPELL_CHECKERS.merge!(error_name => spell_checker)' has been deprecated. Please call `DidYouMean.correct_error(error_name, spell_checker)' instead.
2026-04-27T05:22:02.5524128Z Fetching gem metadata from https://rubygems.org/.........
2026-04-27T05:22:02.5607262Z Fetching minitest 5.18.0
2026-04-27T05:22:02.5669952Z Fetching zeitwerk 2.6.7
2026-04-27T05:22:02.6122824Z Fetching concurrent-ruby 1.2.2
2026-04-27T05:22:02.6352189Z Fetching public_suffix 4.0.7
2026-04-27T05:22:02.6931832Z Installing zeitwerk 2.6.7
2026-04-27T05:22:02.7047584Z Installing minitest 5.18.0
2026-04-27T05:22:02.7171342Z Installing public_suffix 4.0.7
2026-04-27T05:22:02.7494550Z Fetching ast 2.4.2
2026-04-27T05:22:02.7821090Z Using bundler 2.2.3
2026-04-27T05:22:02.7830546Z Fetching byebug 11.1.3
2026-04-27T05:22:02.8087322Z Installing concurrent-ruby 1.2.2
2026-04-27T05:22:02.8197406Z Fetching diff-lcs 1.4.4
2026-04-27T05:22:02.8645994Z Installing ast 2.4.2
2026-04-27T05:22:02.8736842Z Fetching faraday-net_http 2.0.3
2026-04-27T05:22:02.9051019Z Installing byebug 11.1.3 with native extensions
2026-04-27T05:22:02.9321557Z Installing diff-lcs 1.4.4
2026-04-27T05:22:02.9562602Z Installing faraday-net_http 2.0.3
2026-04-27T05:22:02.9657883Z Using ruby2_keywords 0.0.5
2026-04-27T05:22:02.9664521Z Fetching json 2.7.1
2026-04-27T05:22:02.9948945Z Fetching language_server-protocol 3.17.0.3
2026-04-27T05:22:03.0234118Z Fetching lint_roller 1.1.0
2026-04-27T05:22:03.0812197Z Installing json 2.7.1 with native extensions
2026-04-27T05:22:03.0876614Z Installing lint_roller 1.1.0
2026-04-27T05:22:03.1049344Z Fetching parallel 1.24.0
2026-04-27T05:22:03.1343912Z Installing language_server-protocol 3.17.0.3
2026-04-27T05:22:03.1677016Z Installing parallel 1.24.0
2026-04-27T05:22:03.1771436Z Fetching racc 1.7.3
2026-04-27T05:22:03.2452829Z Fetching rainbow 3.1.1
2026-04-27T05:22:03.2820508Z Installing racc 1.7.3 with native extensions
2026-04-27T05:22:03.3154593Z Installing rainbow 3.1.1
2026-04-27T05:22:03.3215229Z Fetching regexp_parser 2.8.3
2026-04-27T05:22:03.4057225Z Installing regexp_parser 2.8.3
2026-04-27T05:22:03.4210623Z Fetching rexml 3.2.6
2026-04-27T05:22:03.5135323Z Installing rexml 3.2.6
2026-04-27T05:22:03.5298994Z Fetching rspec-support 3.10.1
2026-04-27T05:22:03.6053598Z Installing rspec-support 3.10.1
2026-04-27T05:22:03.6711515Z Fetching ruby-progressbar 1.13.0
2026-04-27T05:22:03.7436757Z Installing ruby-progressbar 1.13.0
2026-04-27T05:22:03.7516885Z Fetching unicode-display_width 2.5.0
2026-04-27T05:22:03.8064722Z Installing unicode-display_width 2.5.0
2026-04-27T05:22:03.8113695Z Fetching addressable 2.8.0
2026-04-27T05:22:03.9020512Z Installing addressable 2.8.0
2026-04-27T05:22:03.9185244Z Fetching faraday 2.3.0
2026-04-27T05:22:03.9906856Z Installing faraday 2.3.0
2026-04-27T05:22:04.0061876Z Fetching i18n 1.12.0
2026-04-27T05:22:04.0899919Z Installing i18n 1.12.0
2026-04-27T05:22:04.1019838Z Fetching tzinfo 2.0.6
2026-04-27T05:22:04.1940524Z Installing tzinfo 2.0.6
2026-04-27T05:22:04.2070578Z Fetching rspec-core 3.10.1
2026-04-27T05:22:04.2867362Z Installing rspec-core 3.10.1
2026-04-27T05:22:04.3074183Z Fetching rspec-expectations 3.10.1
2026-04-27T05:22:04.3994515Z Installing rspec-expectations 3.10.1
2026-04-27T05:22:04.4136386Z Fetching rspec-mocks 3.10.1
2026-04-27T05:22:04.4949666Z Installing rspec-mocks 3.10.1
2026-04-27T05:22:04.5079821Z Fetching faraday-retry 2.0.0
2026-04-27T05:22:04.5756201Z Installing faraday-retry 2.0.0
2026-04-27T05:22:04.5806827Z Fetching sawyer 0.9.2
2026-04-27T05:22:04.6521046Z Installing sawyer 0.9.2
2026-04-27T05:22:04.6594414Z Fetching activesupport 6.1.7.3
2026-04-27T05:22:04.7476054Z Installing activesupport 6.1.7.3
2026-04-27T05:22:04.7879131Z Fetching rspec 3.10.0
2026-04-27T05:22:04.8456448Z Installing rspec 3.10.0
2026-04-27T05:22:04.8498798Z Fetching octokit 4.25.0
2026-04-27T05:22:04.9194211Z Installing octokit 4.25.0
2026-04-27T05:22:07.2294081Z Fetching parser 3.2.2.4
2026-04-27T05:22:07.4366161Z Installing parser 3.2.2.4
2026-04-27T05:22:07.5433164Z Fetching rubocop-ast 1.30.0
2026-04-27T05:22:07.6530599Z Installing rubocop-ast 1.30.0
2026-04-27T05:22:08.8598060Z Fetching rubocop 1.57.2
2026-04-27T05:22:09.0168801Z Installing rubocop 1.57.2
2026-04-27T05:22:09.1370504Z Fetching rubocop-performance 1.19.1
2026-04-27T05:22:09.1370846Z Fetching standard-custom 1.0.2
2026-04-27T05:22:09.2238601Z Installing rubocop-performance 1.19.1
2026-04-27T05:22:09.2281847Z Installing standard-custom 1.0.2
2026-04-27T05:22:09.2464178Z Fetching standard-performance 1.2.1
2026-04-27T05:22:09.3035088Z Installing standard-performance 1.2.1
2026-04-27T05:22:09.3094234Z Fetching standard 1.32.1
2026-04-27T05:22:09.3937418Z Installing standard 1.32.1
2026-04-27T05:22:09.4121018Z Bundle complete! 6 Gemfile dependencies, 40 gems now installed.
2026-04-27T05:22:09.4121775Z Use `bundle info [gemname]` to see where a bundled gem is installed.
2026-04-27T05:22:09.4547525Z ##[group]Run ruby entrypoint.rb
2026-04-27T05:22:09.4547795Z [36;1mruby entrypoint.rb[0m
2026-04-27T05:22:09.4560367Z shell: /usr/bin/bash --noprofile --norc -e -o pipefail {0}
2026-04-27T05:22:09.4560664Z env:
2026-04-27T05:22:09.4560837Z   WAIT_INTERVAL: 30
2026-04-27T05:22:09.4561202Z   ALLOWED_CONCLUSIONS: success,skipped,neutral
2026-04-27T05:22:09.4561464Z   IGNORE_CHECKS: 
2026-04-27T05:22:09.4561635Z   CHECK_NAME: 
2026-04-27T05:22:09.4561808Z   CHECK_REGEXP: 
2026-04-27T05:22:09.4562032Z   REF: 00f89e6e1cc8e1a9ce4fe2c52ed656828b53c10d
2026-04-27T05:22:09.4562527Z   REPO_TOKEN: ***
2026-04-27T05:22:09.4562701Z   VERBOSE: true
2026-04-27T05:22:09.4562882Z   RUNNING_WORKFLOW_NAME: Auto-merge
2026-04-27T05:22:09.4563111Z   API_ENDPOINT: 
2026-04-27T05:22:09.4563284Z ##[endgroup]
2026-04-27T05:26:14.1492765Z Checks running on ref:
2026-04-27T05:26:14.1493365Z Checks in_progress: lint-and-test, autofix, cross-device-tests, connected-tests, Auto-merge
2026-04-27T05:26:14.1493979Z Checks completed: capture-failure-log, capture-failure-log, e2e, test, web-lint-and-test, maybe-label
2026-04-27T05:26:14.1494686Z Checks after ignore checks filter:
2026-04-27T05:26:14.1495239Z Checks in_progress: lint-and-test, autofix, cross-device-tests, connected-tests
2026-04-27T05:26:14.1496274Z Checks completed: capture-failure-log, capture-failure-log, e2e, test, web-lint-and-test, maybe-label
2026-04-27T05:26:14.1496872Z Checks after check_name filter:
2026-04-27T05:26:14.1497235Z Checks in_progress: lint-and-test, autofix, cross-device-tests, connected-tests
2026-04-27T05:26:14.1497768Z Checks completed: capture-failure-log, capture-failure-log, e2e, test, web-lint-and-test, maybe-label
2026-04-27T05:26:14.1498204Z Checks after Regexp filter:
2026-04-27T05:26:14.1498541Z Checks in_progress: lint-and-test, autofix, cross-device-tests, connected-tests
2026-04-27T05:26:14.1499078Z Checks completed: capture-failure-log, capture-failure-log, e2e, test, web-lint-and-test, maybe-label
2026-04-27T05:26:14.1499603Z The requested checks aren't complete yet, will check back in 30 seconds...
2026-04-27T05:26:14.1499935Z Checks running on ref:
2026-04-27T05:26:14.1500288Z Checks in_progress: lint-and-test, autofix, cross-device-tests, connected-tests, Auto-merge
2026-04-27T05:26:14.1500879Z Checks completed: capture-failure-log, capture-failure-log, e2e, test, web-lint-and-test, maybe-label
2026-04-27T05:26:14.1501317Z Checks after ignore checks filter:
2026-04-27T05:26:14.1501654Z Checks in_progress: lint-and-test, autofix, cross-device-tests, connected-tests
2026-04-27T05:26:14.1502194Z Checks completed: capture-failure-log, capture-failure-log, e2e, test, web-lint-and-test, maybe-label
2026-04-27T05:26:14.1502623Z Checks after check_name filter:
2026-04-27T05:26:14.1502958Z Checks in_progress: lint-and-test, autofix, cross-device-tests, connected-tests
2026-04-27T05:26:14.1503483Z Checks completed: capture-failure-log, capture-failure-log, e2e, test, web-lint-and-test, maybe-label
2026-04-27T05:26:14.1503906Z Checks after Regexp filter:
2026-04-27T05:26:14.1504232Z Checks in_progress: lint-and-test, autofix, cross-device-tests, connected-tests
2026-04-27T05:26:14.1504760Z Checks completed: capture-failure-log, capture-failure-log, e2e, test, web-lint-and-test, maybe-label
2026-04-27T05:26:14.1505289Z The requested checks aren't complete yet, will check back in 30 seconds...
2026-04-27T05:26:14.1505827Z Checks running on ref:
2026-04-27T05:26:14.1506182Z Checks in_progress: lint-and-test, autofix, cross-device-tests, connected-tests, Auto-merge
2026-04-27T05:26:14.1507098Z Checks completed: capture-failure-log, capture-failure-log, e2e, test, web-lint-and-test, maybe-label
2026-04-27T05:26:14.1507543Z Checks after ignore checks filter:
2026-04-27T05:26:14.1507879Z Checks in_progress: lint-and-test, autofix, cross-device-tests, connected-tests
2026-04-27T05:26:14.1508412Z Checks completed: capture-failure-log, capture-failure-log, e2e, test, web-lint-and-test, maybe-label
2026-04-27T05:26:14.1508843Z Checks after check_name filter:
2026-04-27T05:26:14.1509176Z Checks in_progress: lint-and-test, autofix, cross-device-tests, connected-tests
2026-04-27T05:26:14.1509716Z Checks completed: capture-failure-log, capture-failure-log, e2e, test, web-lint-and-test, maybe-label
2026-04-27T05:26:14.1510236Z Checks after Regexp filter:
2026-04-27T05:26:14.1510570Z Checks in_progress: lint-and-test, autofix, cross-device-tests, connected-tests
2026-04-27T05:26:14.1511106Z Checks completed: capture-failure-log, capture-failure-log, e2e, test, web-lint-and-test, maybe-label
2026-04-27T05:26:14.1511635Z The requested checks aren't complete yet, will check back in 30 seconds...
2026-04-27T05:26:14.1511967Z Checks running on ref:
2026-04-27T05:26:14.1512316Z Checks in_progress: lint-and-test, autofix, cross-device-tests, connected-tests, Auto-merge
2026-04-27T05:26:14.1512900Z Checks completed: capture-failure-log, capture-failure-log, e2e, test, web-lint-and-test, maybe-label
2026-04-27T05:26:14.1513338Z Checks after ignore checks filter:
2026-04-27T05:26:14.1513674Z Checks in_progress: lint-and-test, autofix, cross-device-tests, connected-tests
2026-04-27T05:26:14.1514216Z Checks completed: capture-failure-log, capture-failure-log, e2e, test, web-lint-and-test, maybe-label
2026-04-27T05:26:14.1514654Z Checks after check_name filter:
2026-04-27T05:26:14.1514990Z Checks in_progress: lint-and-test, autofix, cross-device-tests, connected-tests
2026-04-27T05:26:14.1515677Z Checks completed: capture-failure-log, capture-failure-log, e2e, test, web-lint-and-test, maybe-label
2026-04-27T05:26:14.1516115Z Checks after Regexp filter:
2026-04-27T05:26:14.1516451Z Checks in_progress: lint-and-test, autofix, cross-device-tests, connected-tests
2026-04-27T05:26:14.1516996Z Checks completed: capture-failure-log, capture-failure-log, e2e, test, web-lint-and-test, maybe-label
2026-04-27T05:26:14.1517524Z The requested checks aren't complete yet, will check back in 30 seconds...
2026-04-27T05:26:14.1517860Z Checks running on ref:
2026-04-27T05:26:14.1518203Z Checks in_progress: lint-and-test, autofix, cross-device-tests, connected-tests, Auto-merge
2026-04-27T05:26:14.1518780Z Checks completed: capture-failure-log, capture-failure-log, e2e, test, web-lint-and-test, maybe-label
2026-04-27T05:26:14.1519221Z Checks after ignore checks filter:
2026-04-27T05:26:14.1519568Z Checks in_progress: lint-and-test, autofix, cross-device-tests, connected-tests
2026-04-27T05:26:14.1520090Z Checks completed: capture-failure-log, capture-failure-log, e2e, test, web-lint-and-test, maybe-label
2026-04-27T05:26:14.1520523Z Checks after check_name filter:
2026-04-27T05:26:14.1520854Z Checks in_progress: lint-and-test, autofix, cross-device-tests, connected-tests
2026-04-27T05:26:14.1521390Z Checks completed: capture-failure-log, capture-failure-log, e2e, test, web-lint-and-test, maybe-label
2026-04-27T05:26:14.1521818Z Checks after Regexp filter:
2026-04-27T05:26:14.1522132Z Checks in_progress: lint-and-test, autofix, cross-device-tests, connected-tests
2026-04-27T05:26:14.1522661Z Checks completed: capture-failure-log, capture-failure-log, e2e, test, web-lint-and-test, maybe-label
2026-04-27T05:26:14.1523183Z The requested checks aren't complete yet, will check back in 30 seconds...
2026-04-27T05:26:14.1523642Z Checks running on ref:
2026-04-27T05:26:14.1524253Z Checks completed: capture-failure-log, autofix, capture-failure-log, capture-failure-log, e2e, cross-device-tests, connected-tests, test, web-lint-and-test, maybe-label
2026-04-27T05:26:14.1524920Z Checks in_progress: lint-and-test, Auto-merge
2026-04-27T05:26:14.1525289Z Checks after ignore checks filter:
2026-04-27T05:26:14.1526054Z Checks completed: capture-failure-log, autofix, capture-failure-log, capture-failure-log, e2e, cross-device-tests, connected-tests, test, web-lint-and-test, maybe-label
2026-04-27T05:26:14.1526712Z Checks in_progress: lint-and-test
2026-04-27T05:26:14.1526946Z Checks after check_name filter:
2026-04-27T05:26:14.1527555Z Checks completed: capture-failure-log, autofix, capture-failure-log, capture-failure-log, e2e, cross-device-tests, connected-tests, test, web-lint-and-test, maybe-label
2026-04-27T05:26:14.1528202Z Checks in_progress: lint-and-test
2026-04-27T05:26:14.1528430Z Checks after Regexp filter:
2026-04-27T05:26:14.1529043Z Checks completed: capture-failure-log, autofix, capture-failure-log, capture-failure-log, e2e, cross-device-tests, connected-tests, test, web-lint-and-test, maybe-label
2026-04-27T05:26:14.1529777Z Checks in_progress: lint-and-test
2026-04-27T05:26:14.1530105Z The requested checks aren't complete yet, will check back in 30 seconds...
2026-04-27T05:26:14.1530446Z Checks running on ref:
2026-04-27T05:26:14.1531042Z Checks completed: capture-failure-log, autofix, capture-failure-log, capture-failure-log, e2e, cross-device-tests, connected-tests, test, web-lint-and-test, maybe-label
2026-04-27T05:26:14.1531702Z Checks in_progress: lint-and-test, Auto-merge
2026-04-27T05:26:14.1531964Z Checks after ignore checks filter:
2026-04-27T05:26:14.1532592Z Checks completed: capture-failure-log, autofix, capture-failure-log, capture-failure-log, e2e, cross-device-tests, connected-tests, test, web-lint-and-test, maybe-label
2026-04-27T05:26:14.1533239Z Checks in_progress: lint-and-test
2026-04-27T05:26:14.1533473Z Checks after check_name filter:
2026-04-27T05:26:14.1534098Z Checks completed: capture-failure-log, autofix, capture-failure-log, capture-failure-log, e2e, cross-device-tests, connected-tests, test, web-lint-and-test, maybe-label
2026-04-27T05:26:14.1534732Z Checks in_progress: lint-and-test
2026-04-27T05:26:14.1534962Z Checks after Regexp filter:
2026-04-27T05:26:14.1535720Z Checks completed: capture-failure-log, autofix, capture-failure-log, capture-failure-log, e2e, cross-device-tests, connected-tests, test, web-lint-and-test, maybe-label
2026-04-27T05:26:14.1536357Z Checks in_progress: lint-and-test
2026-04-27T05:26:14.1536674Z The requested checks aren't complete yet, will check back in 30 seconds...
2026-04-27T05:26:14.1537018Z Checks running on ref:
2026-04-27T05:26:14.1537607Z Checks completed: capture-failure-log, autofix, capture-failure-log, capture-failure-log, e2e, cross-device-tests, connected-tests, test, web-lint-and-test, maybe-label
2026-04-27T05:26:14.1538273Z Checks in_progress: lint-and-test, Auto-merge
2026-04-27T05:26:14.1538541Z Checks after ignore checks filter:
2026-04-27T05:26:14.1539160Z Checks completed: capture-failure-log, autofix, capture-failure-log, capture-failure-log, e2e, cross-device-tests, connected-tests, test, web-lint-and-test, maybe-label
2026-04-27T05:26:14.1539814Z Checks in_progress: lint-and-test
2026-04-27T05:26:14.1540037Z Checks after check_name filter:
2026-04-27T05:26:14.1540653Z Checks completed: capture-failure-log, autofix, capture-failure-log, capture-failure-log, e2e, cross-device-tests, connected-tests, test, web-lint-and-test, maybe-label
2026-04-27T05:26:14.1541294Z Checks in_progress: lint-and-test
2026-04-27T05:26:14.1541512Z Checks after Regexp filter:
2026-04-27T05:26:14.1542117Z Checks completed: capture-failure-log, autofix, capture-failure-log, capture-failure-log, e2e, cross-device-tests, connected-tests, test, web-lint-and-test, maybe-label
2026-04-27T05:26:14.1542757Z Checks in_progress: lint-and-test
2026-04-27T05:26:14.1543079Z The requested checks aren't complete yet, will check back in 30 seconds...
2026-04-27T05:26:14.1543407Z Checks running on ref:
2026-04-27T05:26:14.1543999Z Checks completed: capture-failure-log, autofix, capture-failure-log, capture-failure-log, e2e, cross-device-tests, connected-tests, test, web-lint-and-test, maybe-label
2026-04-27T05:26:14.1544747Z Checks in_progress: lint-and-test, Auto-merge
2026-04-27T05:26:14.1545044Z Checks after ignore checks filter:
2026-04-27T05:26:14.1545973Z Checks completed: capture-failure-log, autofix, capture-failure-log, capture-failure-log, e2e, cross-device-tests, connected-tests, test, web-lint-and-test, maybe-label
2026-04-27T05:26:14.1546627Z Checks in_progress: lint-and-test
2026-04-27T05:29:16.9713031Z Checks after check_name filter:
2026-04-27T05:29:16.9714267Z Checks completed: capture-failure-log, autofix, capture-failure-log, capture-failure-log, e2e, cross-device-tests, connected-tests, test, web-lint-and-test, maybe-label
2026-04-27T05:29:16.9715603Z Checks in_progress: lint-and-test
2026-04-27T05:29:16.9715975Z Checks after Regexp filter:
2026-04-27T05:29:16.9717563Z Checks completed: capture-failure-log, autofix, capture-failure-log, capture-failure-log, e2e, cross-device-tests, connected-tests, test, web-lint-and-test, maybe-label
2026-04-27T05:29:16.9718738Z Checks in_progress: lint-and-test
2026-04-27T05:29:16.9719304Z The requested checks aren't complete yet, will check back in 30 seconds...
2026-04-27T05:29:16.9719901Z Checks running on ref:
2026-04-27T05:29:16.9721022Z Checks completed: capture-failure-log, autofix, capture-failure-log, capture-failure-log, e2e, cross-device-tests, connected-tests, test, web-lint-and-test, maybe-label
2026-04-27T05:29:16.9722125Z Checks in_progress: lint-and-test, Auto-merge
2026-04-27T05:29:16.9722573Z Checks after ignore checks filter:
2026-04-27T05:29:16.9723650Z Checks completed: capture-failure-log, autofix, capture-failure-log, capture-failure-log, e2e, cross-device-tests, connected-tests, test, web-lint-and-test, maybe-label
2026-04-27T05:29:16.9724780Z Checks in_progress: lint-and-test
2026-04-27T05:29:16.9725178Z Checks after check_name filter:
2026-04-27T05:29:16.9726394Z Checks completed: capture-failure-log, autofix, capture-failure-log, capture-failure-log, e2e, cross-device-tests, connected-tests, test, web-lint-and-test, maybe-label
2026-04-27T05:29:16.9727571Z Checks in_progress: lint-and-test
2026-04-27T05:29:16.9727958Z Checks after Regexp filter:
2026-04-27T05:29:16.9729078Z Checks completed: capture-failure-log, autofix, capture-failure-log, capture-failure-log, e2e, cross-device-tests, connected-tests, test, web-lint-and-test, maybe-label
2026-04-27T05:29:16.9730296Z Checks in_progress: lint-and-test
2026-04-27T05:29:16.9730856Z The requested checks aren't complete yet, will check back in 30 seconds...
2026-04-27T05:29:16.9731482Z Checks running on ref:
2026-04-27T05:29:16.9732638Z Checks completed: capture-failure-log, autofix, capture-failure-log, capture-failure-log, e2e, cross-device-tests, connected-tests, test, web-lint-and-test, maybe-label
2026-04-27T05:29:16.9733963Z Checks in_progress: lint-and-test, Auto-merge
2026-04-27T05:29:16.9734416Z Checks after ignore checks filter:
2026-04-27T05:29:16.9735675Z Checks completed: capture-failure-log, autofix, capture-failure-log, capture-failure-log, e2e, cross-device-tests, connected-tests, test, web-lint-and-test, maybe-label
2026-04-27T05:29:16.9736837Z Checks in_progress: lint-and-test
2026-04-27T05:29:16.9737243Z Checks after check_name filter:
2026-04-27T05:29:16.9738368Z Checks completed: capture-failure-log, autofix, capture-failure-log, capture-failure-log, e2e, cross-device-tests, connected-tests, test, web-lint-and-test, maybe-label
2026-04-27T05:29:16.9739528Z Checks in_progress: lint-and-test
2026-04-27T05:29:16.9739923Z Checks after Regexp filter:
2026-04-27T05:29:16.9741059Z Checks completed: capture-failure-log, autofix, capture-failure-log, capture-failure-log, e2e, cross-device-tests, connected-tests, test, web-lint-and-test, maybe-label
2026-04-27T05:29:16.9742314Z Checks in_progress: lint-and-test
2026-04-27T05:29:16.9742935Z The requested checks aren't complete yet, will check back in 30 seconds...
2026-04-27T05:29:16.9743568Z Checks running on ref:
2026-04-27T05:29:16.9745268Z Checks completed: capture-failure-log, autofix, capture-failure-log, capture-failure-log, e2e, cross-device-tests, connected-tests, test, web-lint-and-test, maybe-label
2026-04-27T05:29:16.9746739Z Checks in_progress: lint-and-test, Auto-merge
2026-04-27T05:29:16.9747195Z Checks after ignore checks filter:
2026-04-27T05:29:16.9748321Z Checks completed: capture-failure-log, autofix, capture-failure-log, capture-failure-log, e2e, cross-device-tests, connected-tests, test, web-lint-and-test, maybe-label
2026-04-27T05:29:16.9749481Z Checks in_progress: lint-and-test
2026-04-27T05:29:16.9749834Z Checks after check_name filter:
2026-04-27T05:29:16.9750868Z Checks completed: capture-failure-log, autofix, capture-failure-log, capture-failure-log, e2e, cross-device-tests, connected-tests, test, web-lint-and-test, maybe-label
2026-04-27T05:29:16.9752170Z Checks in_progress: lint-and-test
2026-04-27T05:29:16.9752534Z Checks after Regexp filter:
2026-04-27T05:29:16.9753560Z Checks completed: capture-failure-log, autofix, capture-failure-log, capture-failure-log, e2e, cross-device-tests, connected-tests, test, web-lint-and-test, maybe-label
2026-04-27T05:29:16.9754629Z Checks in_progress: lint-and-test
2026-04-27T05:29:16.9755153Z The requested checks aren't complete yet, will check back in 30 seconds...
2026-04-27T05:29:16.9755844Z Checks running on ref:
2026-04-27T05:29:16.9756831Z Checks completed: capture-failure-log, autofix, capture-failure-log, capture-failure-log, e2e, cross-device-tests, connected-tests, test, web-lint-and-test, maybe-label
2026-04-27T05:29:16.9757950Z Checks in_progress: lint-and-test, Auto-merge
2026-04-27T05:29:16.9758360Z Checks after ignore checks filter:
2026-04-27T05:29:16.9759418Z Checks completed: capture-failure-log, autofix, capture-failure-log, capture-failure-log, e2e, cross-device-tests, connected-tests, test, web-lint-and-test, maybe-label
2026-04-27T05:29:16.9760513Z Checks in_progress: lint-and-test
2026-04-27T05:29:16.9760883Z Checks after check_name filter:
2026-04-27T05:29:16.9761949Z Checks completed: capture-failure-log, autofix, capture-failure-log, capture-failure-log, e2e, cross-device-tests, connected-tests, test, web-lint-and-test, maybe-label
2026-04-27T05:29:16.9763051Z Checks in_progress: lint-and-test
2026-04-27T05:29:16.9763426Z Checks after Regexp filter:
2026-04-27T05:29:16.9764477Z Checks completed: capture-failure-log, autofix, capture-failure-log, capture-failure-log, e2e, cross-device-tests, connected-tests, test, web-lint-and-test, maybe-label
2026-04-27T05:29:16.9765689Z Checks in_progress: lint-and-test
2026-04-27T05:29:16.9766223Z The requested checks aren't complete yet, will check back in 30 seconds...
2026-04-27T05:29:16.9766729Z Checks running on ref:
2026-04-27T05:29:16.9767675Z Checks completed: capture-failure-log, autofix, capture-failure-log, capture-failure-log, e2e, cross-device-tests, connected-tests, test, web-lint-and-test, maybe-label
2026-04-27T05:29:16.9768854Z Checks in_progress: lint-and-test, Auto-merge
2026-04-27T05:29:16.9769289Z Checks after ignore checks filter:
2026-04-27T05:29:16.9770459Z Checks completed: capture-failure-log, autofix, capture-failure-log, capture-failure-log, e2e, cross-device-tests, connected-tests, test, web-lint-and-test, maybe-label
2026-04-27T05:29:16.9771473Z Checks in_progress: lint-and-test
2026-04-27T05:29:16.9771767Z Checks after check_name filter:
2026-04-27T05:29:16.9772376Z Checks completed: capture-failure-log, autofix, capture-failure-log, capture-failure-log, e2e, cross-device-tests, connected-tests, test, web-lint-and-test, maybe-label
2026-04-27T05:29:16.9773006Z Checks in_progress: lint-and-test
2026-04-27T05:29:16.9773238Z Checks after Regexp filter:
2026-04-27T05:29:16.9773854Z Checks completed: capture-failure-log, autofix, capture-failure-log, capture-failure-log, e2e, cross-device-tests, connected-tests, test, web-lint-and-test, maybe-label
2026-04-27T05:29:16.9774497Z Checks in_progress: lint-and-test
2026-04-27T05:29:16.9774822Z The requested checks aren't complete yet, will check back in 30 seconds...
2026-04-27T05:29:16.9775145Z Checks running on ref:
2026-04-27T05:29:16.9776288Z Checks completed: firebase-distribute, capture-failure-log, capture-failure-log, lint-and-test, autofix, capture-failure-log, capture-failure-log, e2e, cross-device-tests, connected-tests, test, web-lint-and-test, maybe-label
2026-04-27T05:29:16.9777182Z Checks in_progress: Auto-merge
2026-04-27T05:29:16.9777421Z Checks after ignore checks filter:
2026-04-27T05:29:16.9778238Z Checks completed: firebase-distribute, capture-failure-log, capture-failure-log, lint-and-test, autofix, capture-failure-log, capture-failure-log, e2e, cross-device-tests, connected-tests, test, web-lint-and-test, maybe-label
2026-04-27T05:29:16.9779057Z Checks after check_name filter:
2026-04-27T05:29:16.9779869Z Checks completed: firebase-distribute, capture-failure-log, capture-failure-log, lint-and-test, autofix, capture-failure-log, capture-failure-log, e2e, cross-device-tests, connected-tests, test, web-lint-and-test, maybe-label
2026-04-27T05:29:16.9780768Z Checks after Regexp filter:
2026-04-27T05:29:16.9781565Z Checks completed: firebase-distribute, capture-failure-log, capture-failure-log, lint-and-test, autofix, capture-failure-log, capture-failure-log, e2e, cross-device-tests, connected-tests, test, web-lint-and-test, maybe-label
2026-04-27T05:29:16.9782409Z Checks completed:
2026-04-27T05:29:16.9782615Z firebase-distribute: completed (cancelled)
2026-04-27T05:29:16.9782890Z capture-failure-log: completed (skipped)
2026-04-27T05:29:16.9783153Z capture-failure-log: completed (skipped)
2026-04-27T05:29:16.9783406Z lint-and-test: completed (cancelled)
2026-04-27T05:29:16.9783640Z autofix: completed (success)
2026-04-27T05:29:16.9783874Z capture-failure-log: completed (skipped)
2026-04-27T05:29:16.9784128Z capture-failure-log: completed (skipped)
2026-04-27T05:29:16.9784379Z e2e: completed (success)
2026-04-27T05:29:16.9784595Z cross-device-tests: completed (cancelled)
2026-04-27T05:29:16.9784860Z connected-tests: completed (cancelled)
2026-04-27T05:29:16.9785096Z test: completed (success)
2026-04-27T05:29:16.9785322Z web-lint-and-test: completed (success)
2026-04-27T05:29:16.9785681Z maybe-label: completed (success)
2026-04-27T05:29:16.9786284Z The conclusion of one or more checks were not allowed. Allowed conclusions are: success, skipped, neutral. This can be configured with the 'allowed-conclusions' param.
2026-04-27T05:29:16.9809033Z ##[error]Process completed with exit code 1.
2026-04-27T05:29:16.9913223Z Post job cleanup.
2026-04-27T05:29:16.9972600Z Cleaning up orphan processes
2026-04-27T05:29:17.0191039Z ##[warning]Node.js 20 actions are deprecated. The following actions are running on Node.js 20 and may not work as expected: actions/cache@v4. Actions will be forced to run with Node.js 24 by default starting June 2nd, 2026. Node.js 20 will be removed from the runner on September 16th, 2026. Please check if updated versions of these actions are available that support Node.js 24. To opt into Node.js 24 now, set the FORCE_JAVASCRIPT_ACTIONS_TO_NODE24=true environment variable on the runner or in your workflow file. Once Node.js 24 becomes the default, you can temporarily opt out by setting ACTIONS_ALLOW_USE_UNSECURE_NODE_VERSION=true. For more information see: https://github.blog/changelog/2025-09-19-deprecation-of-node-20-on-github-actions-runners/
