=== CI FAILURE ===
Workflow:      Auto-merge & Release
Workflow file: akarlin3/prismTask/.github/workflows/auto-merge.yml@refs/pull/630/merge
Job(s):        Auto-merge
Run ID:        24763353956
Run attempt:   1
Run URL:       https://github.com/akarlin3/prismTask/actions/runs/24763353956
Commit:        33b2dfd7f0924db280948ab6c721ec2544fc8113
Branch:        630/merge
Event:         pull_request
Actor:         akarlin3
Runner OS:     Linux
Timestamp:     2026-04-22T06:19:20.028Z

Failed steps:
  - Auto-merge: #3 Wait for all other CI checks to pass

=== FAILED JOB LOG ===

--- Job: Auto-merge (id 72451802800) ---
2026-04-22T06:16:07.5814882Z Current runner version: '2.333.1'
2026-04-22T06:16:07.5841792Z ##[group]Runner Image Provisioner
2026-04-22T06:16:07.5842688Z Hosted Compute Agent
2026-04-22T06:16:07.5843262Z Version: 20260213.493
2026-04-22T06:16:07.5843942Z Commit: 5c115507f6dd24b8de37d8bbe0bb4509d0cc0fa3
2026-04-22T06:16:07.5844657Z Build Date: 2026-02-13T00:28:41Z
2026-04-22T06:16:07.5845317Z Worker ID: {e9cb7c82-9d5f-43fa-98d9-b2660edf9bbe}
2026-04-22T06:16:07.5846031Z Azure Region: eastus
2026-04-22T06:16:07.5846849Z ##[endgroup]
2026-04-22T06:16:07.5848371Z ##[group]Operating System
2026-04-22T06:16:07.5848993Z Ubuntu
2026-04-22T06:16:07.5849480Z 24.04.4
2026-04-22T06:16:07.5849900Z LTS
2026-04-22T06:16:07.5850450Z ##[endgroup]
2026-04-22T06:16:07.5850915Z ##[group]Runner Image
2026-04-22T06:16:07.5851464Z Image: ubuntu-24.04
2026-04-22T06:16:07.5852096Z Version: 20260413.86.1
2026-04-22T06:16:07.5853349Z Included Software: https://github.com/actions/runner-images/blob/ubuntu24/20260413.86/images/ubuntu/Ubuntu2404-Readme.md
2026-04-22T06:16:07.5854807Z Image Release: https://github.com/actions/runner-images/releases/tag/ubuntu24%2F20260413.86
2026-04-22T06:16:07.5855709Z ##[endgroup]
2026-04-22T06:16:07.5857223Z ##[group]GITHUB_TOKEN Permissions
2026-04-22T06:16:07.5859418Z Actions: read
2026-04-22T06:16:07.5859942Z Checks: read
2026-04-22T06:16:07.5860636Z Contents: write
2026-04-22T06:16:07.5861118Z Metadata: read
2026-04-22T06:16:07.5861654Z PullRequests: write
2026-04-22T06:16:07.5862218Z ##[endgroup]
2026-04-22T06:16:07.5864389Z Secret source: Actions
2026-04-22T06:16:07.5865470Z Prepare workflow directory
2026-04-22T06:16:07.6258129Z Prepare all required actions
2026-04-22T06:16:07.6296683Z Getting action download info
2026-04-22T06:16:07.9122924Z Download action repository 'lewagon/wait-on-check-action@ccfb013c15c8afb7bf2b7c028fb74dc5a068cccc' (SHA:ccfb013c15c8afb7bf2b7c028fb74dc5a068cccc)
2026-04-22T06:16:08.5260328Z Getting action download info
2026-04-22T06:16:08.6923598Z Download action repository 'ruby/setup-ruby@v1' (SHA:0cb964fd540e0a24c900370abf38a33466142735)
2026-04-22T06:16:08.8820959Z Download action repository 'actions/cache@v4' (SHA:0057852bfaa89a56745cba8c7296529d2fc39830)
2026-04-22T06:16:09.0382170Z Complete job name: Auto-merge
2026-04-22T06:16:09.1069010Z ##[group]Run set -euo pipefail
2026-04-22T06:16:09.1070223Z [36;1mset -euo pipefail[0m
2026-04-22T06:16:09.1071577Z [36;1m# Give GitHub a short grace period to schedule workflow runs for[0m
2026-04-22T06:16:09.1073540Z [36;1m# the head commit. Paths-filtered workflows (android/backend/web CI)[0m
2026-04-22T06:16:09.1075326Z [36;1m# won't run for doc-only or cross-cutting config PRs, so the[0m
2026-04-22T06:16:09.1077300Z [36;1m# wait-on-check-action step below would otherwise hang waiting for[0m
2026-04-22T06:16:09.1078863Z [36;1m# checks that will never appear.[0m
2026-04-22T06:16:09.1079936Z [36;1msleep 20[0m
2026-04-22T06:16:09.1081060Z [36;1mCOUNT=$(gh api "repos/$REPO/commits/$HEAD_SHA/check-runs" \[0m
2026-04-22T06:16:09.1082742Z [36;1m  --jq '[.check_runs[] | select(.name != "Auto-merge")] | length')[0m
2026-04-22T06:16:09.1084379Z [36;1mecho "Non-Auto-merge check runs on head: $COUNT"[0m
2026-04-22T06:16:09.1085723Z [36;1mif [ "$COUNT" -gt 0 ]; then[0m
2026-04-22T06:16:09.1087192Z [36;1m  echo "has_ci=true" >> "$GITHUB_OUTPUT"[0m
2026-04-22T06:16:09.1088333Z [36;1melse[0m
2026-04-22T06:16:09.1089221Z [36;1m  echo "has_ci=false" >> "$GITHUB_OUTPUT"[0m
2026-04-22T06:16:09.1090666Z [36;1m  echo "No CI checks on this PR — will merge without waiting."[0m
2026-04-22T06:16:09.1092017Z [36;1mfi[0m
2026-04-22T06:16:09.1120491Z shell: /usr/bin/bash -e {0}
2026-04-22T06:16:09.1121687Z env:
2026-04-22T06:16:09.1122463Z   WAIT_INTERVAL: 30
2026-04-22T06:16:09.1123862Z   GH_TOKEN: ***
2026-04-22T06:16:09.1124813Z   HEAD_SHA: 1326dd4296935f3354c6de6347ac02b969c3d7ff
2026-04-22T06:16:09.1126003Z   REPO: akarlin3/prismTask
2026-04-22T06:16:09.1127355Z ##[endgroup]
2026-04-22T06:16:29.3896121Z Non-Auto-merge check runs on head: 1
2026-04-22T06:16:29.4130116Z ##[group]Run lewagon/wait-on-check-action@ccfb013c15c8afb7bf2b7c028fb74dc5a068cccc
2026-04-22T06:16:29.4130670Z with:
2026-04-22T06:16:29.4130924Z   ref: 1326dd4296935f3354c6de6347ac02b969c3d7ff
2026-04-22T06:16:29.4131311Z   running-workflow-name: Auto-merge
2026-04-22T06:16:29.4132083Z   repo-token: ***
2026-04-22T06:16:29.4132327Z   wait-interval: 30
2026-04-22T06:16:29.4132588Z   allowed-conclusions: success,skipped
2026-04-22T06:16:29.4132879Z   verbose: true
2026-04-22T06:16:29.4133100Z env:
2026-04-22T06:16:29.4133303Z   WAIT_INTERVAL: 30
2026-04-22T06:16:29.4133531Z ##[endgroup]
2026-04-22T06:16:29.4274024Z ##[group]Run ruby/setup-ruby@v1
2026-04-22T06:16:29.4274363Z with:
2026-04-22T06:16:29.4274600Z   ruby-version: 3.2
2026-04-22T06:16:29.4274880Z   bundler-cache: false
2026-04-22T06:16:29.4275329Z   token: ***
2026-04-22T06:16:29.4275546Z env:
2026-04-22T06:16:29.4275763Z   WAIT_INTERVAL: 30
2026-04-22T06:16:29.4275989Z ##[endgroup]
2026-04-22T06:16:29.5540167Z ##[group]Modifying PATH
2026-04-22T06:16:29.5540796Z Entries added to PATH to use selected Ruby:
2026-04-22T06:16:29.5541325Z   /opt/hostedtoolcache/Ruby/3.2.11/x64/bin
2026-04-22T06:16:29.5542080Z ##[endgroup]
2026-04-22T06:16:29.5542496Z ##[group]Print Ruby version
2026-04-22T06:16:29.5577828Z [command]/opt/hostedtoolcache/Ruby/3.2.11/x64/bin/ruby --version
2026-04-22T06:16:29.7782486Z ruby 3.2.11 (2026-03-27 revision 5483bfc1ae) [x86_64-linux]
2026-04-22T06:16:29.7811759Z Took   0.23 seconds
2026-04-22T06:16:29.7812733Z ##[endgroup]
2026-04-22T06:16:29.7813870Z ##[group]Installing Bundler
2026-04-22T06:16:29.7817631Z Using Bundler shipped with ruby-3.2.11
2026-04-22T06:16:29.7818566Z Took   0.00 seconds
2026-04-22T06:16:29.7819109Z ##[endgroup]
2026-04-22T06:16:29.8482386Z ##[group]Run actions/cache@v4
2026-04-22T06:16:29.8482728Z with:
2026-04-22T06:16:29.8483194Z   path: /home/runner/work/_actions/lewagon/wait-on-check-action/ccfb013c15c8afb7bf2b7c028fb74dc5a068cccc
2026-04-22T06:16:29.8561517Z   key: Linux-gems-
2026-04-22T06:16:29.8561853Z   restore-keys: Linux-gems-
2026-04-22T06:16:29.8562139Z   enableCrossOsArchive: false
2026-04-22T06:16:29.8562408Z   fail-on-cache-miss: false
2026-04-22T06:16:29.8562671Z   lookup-only: false
2026-04-22T06:16:29.8562902Z   save-always: false
2026-04-22T06:16:29.8563129Z env:
2026-04-22T06:16:29.8563354Z   WAIT_INTERVAL: 30
2026-04-22T06:16:29.8563574Z ##[endgroup]
2026-04-22T06:16:30.0823533Z Cache not found for input keys: Linux-gems-, Linux-gems-
2026-04-22T06:16:30.0906011Z ##[group]Run bundle install --jobs 4 --retry 3
2026-04-22T06:16:30.0906602Z [36;1mbundle install --jobs 4 --retry 3[0m
2026-04-22T06:16:30.0931290Z shell: /usr/bin/bash --noprofile --norc -e -o pipefail {0}
2026-04-22T06:16:30.0931634Z env:
2026-04-22T06:16:30.0931810Z   WAIT_INTERVAL: 30
2026-04-22T06:16:30.0932008Z ##[endgroup]
2026-04-22T06:16:31.7140660Z Bundler 2.4.19 is running, but your lockfile was generated with 2.2.3. Installing Bundler 2.2.3 and restarting using that version.
2026-04-22T06:16:33.3930487Z Fetching gem metadata from https://rubygems.org/.
2026-04-22T06:16:33.4006218Z Fetching bundler 2.2.3
2026-04-22T06:16:33.6114631Z Installing bundler 2.2.3
2026-04-22T06:16:33.8259382Z Calling `DidYouMean::SPELL_CHECKERS.merge!(error_name => spell_checker)' has been deprecated. Please call `DidYouMean.correct_error(error_name, spell_checker)' instead.
2026-04-22T06:16:35.1945760Z Fetching gem metadata from https://rubygems.org/.........
2026-04-22T06:16:35.2047066Z Fetching minitest 5.18.0
2026-04-22T06:16:35.2052556Z Fetching concurrent-ruby 1.2.2
2026-04-22T06:16:35.2052958Z Fetching zeitwerk 2.6.7
2026-04-22T06:16:35.2061091Z Fetching public_suffix 4.0.7
2026-04-22T06:16:35.3241718Z Installing zeitwerk 2.6.7
2026-04-22T06:16:35.3414993Z Installing minitest 5.18.0
2026-04-22T06:16:35.3421252Z Installing public_suffix 4.0.7
2026-04-22T06:16:35.3603058Z Installing concurrent-ruby 1.2.2
2026-04-22T06:16:35.3925019Z Fetching ast 2.4.2
2026-04-22T06:16:35.4325755Z Installing ast 2.4.2
2026-04-22T06:16:35.4389536Z Using bundler 2.2.3
2026-04-22T06:16:35.4405833Z Fetching byebug 11.1.3
2026-04-22T06:16:35.4735248Z Fetching diff-lcs 1.4.4
2026-04-22T06:16:35.5088757Z Fetching faraday-net_http 2.0.3
2026-04-22T06:16:35.5353015Z Installing byebug 11.1.3 with native extensions
2026-04-22T06:16:35.5599314Z Installing faraday-net_http 2.0.3
2026-04-22T06:16:35.5608384Z Installing diff-lcs 1.4.4
2026-04-22T06:16:35.5783845Z Using ruby2_keywords 0.0.5
2026-04-22T06:16:35.5795677Z Fetching json 2.7.1
2026-04-22T06:16:35.6265030Z Installing json 2.7.1 with native extensions
2026-04-22T06:16:35.6553874Z Fetching language_server-protocol 3.17.0.3
2026-04-22T06:16:35.7050780Z Installing language_server-protocol 3.17.0.3
2026-04-22T06:16:35.7628360Z Fetching lint_roller 1.1.0
2026-04-22T06:16:35.8157878Z Installing lint_roller 1.1.0
2026-04-22T06:16:35.8308173Z Fetching parallel 1.24.0
2026-04-22T06:16:35.8687572Z Installing parallel 1.24.0
2026-04-22T06:16:35.8776144Z Fetching racc 1.7.3
2026-04-22T06:16:35.9222241Z Installing racc 1.7.3 with native extensions
2026-04-22T06:16:35.9741025Z Fetching rainbow 3.1.1
2026-04-22T06:16:36.0090908Z Installing rainbow 3.1.1
2026-04-22T06:16:36.0180219Z Fetching regexp_parser 2.8.3
2026-04-22T06:16:36.0627283Z Installing regexp_parser 2.8.3
2026-04-22T06:16:36.0936202Z Fetching rexml 3.2.6
2026-04-22T06:16:36.1304204Z Installing rexml 3.2.6
2026-04-22T06:16:36.2528093Z Fetching rspec-support 3.10.1
2026-04-22T06:16:36.2909141Z Installing rspec-support 3.10.1
2026-04-22T06:16:36.3062594Z Fetching ruby-progressbar 1.13.0
2026-04-22T06:16:36.3420930Z Installing ruby-progressbar 1.13.0
2026-04-22T06:16:36.3528954Z Fetching unicode-display_width 2.5.0
2026-04-22T06:16:36.3961822Z Installing unicode-display_width 2.5.0
2026-04-22T06:16:36.4060845Z Fetching addressable 2.8.0
2026-04-22T06:16:36.4658249Z Installing addressable 2.8.0
2026-04-22T06:16:36.4888178Z Fetching faraday 2.3.0
2026-04-22T06:16:36.5457668Z Installing faraday 2.3.0
2026-04-22T06:16:36.5807613Z Fetching i18n 1.12.0
2026-04-22T06:16:36.6367316Z Installing i18n 1.12.0
2026-04-22T06:16:36.6548095Z Fetching tzinfo 2.0.6
2026-04-22T06:16:36.7087735Z Installing tzinfo 2.0.6
2026-04-22T06:16:36.7337423Z Fetching rspec-core 3.10.1
2026-04-22T06:16:36.7922279Z Installing rspec-core 3.10.1
2026-04-22T06:16:36.8330793Z Fetching rspec-expectations 3.10.1
2026-04-22T06:16:36.8929337Z Installing rspec-expectations 3.10.1
2026-04-22T06:16:36.9206726Z Fetching rspec-mocks 3.10.1
2026-04-22T06:16:36.9779378Z Installing rspec-mocks 3.10.1
2026-04-22T06:16:37.0057541Z Fetching faraday-retry 2.0.0
2026-04-22T06:16:37.0600479Z Installing faraday-retry 2.0.0
2026-04-22T06:16:37.0713047Z Fetching sawyer 0.9.2
2026-04-22T06:16:37.1036876Z Fetching activesupport 6.1.7.3
2026-04-22T06:16:37.1320301Z Installing sawyer 0.9.2
2026-04-22T06:16:37.1558285Z Installing activesupport 6.1.7.3
2026-04-22T06:16:37.1617234Z Fetching rspec 3.10.0
2026-04-22T06:16:37.2176059Z Installing rspec 3.10.0
2026-04-22T06:16:37.2295666Z Fetching parser 3.2.2.4
2026-04-22T06:16:37.3662302Z Installing parser 3.2.2.4
2026-04-22T06:16:37.4197161Z Fetching octokit 4.25.0
2026-04-22T06:16:37.4838864Z Installing octokit 4.25.0
2026-04-22T06:16:37.5837892Z Fetching rubocop-ast 1.30.0
2026-04-22T06:16:37.6423481Z Installing rubocop-ast 1.30.0
2026-04-22T06:16:38.9923717Z Fetching rubocop 1.57.2
2026-04-22T06:16:39.0503531Z Installing rubocop 1.57.2
2026-04-22T06:16:39.2150623Z Fetching rubocop-performance 1.19.1
2026-04-22T06:16:39.2157354Z Fetching standard-custom 1.0.2
2026-04-22T06:16:39.2726173Z Installing standard-custom 1.0.2
2026-04-22T06:16:39.2743527Z Installing rubocop-performance 1.19.1
2026-04-22T06:16:39.2924574Z Fetching standard-performance 1.2.1
2026-04-22T06:16:39.3248024Z Installing standard-performance 1.2.1
2026-04-22T06:16:39.3313557Z Fetching standard 1.32.1
2026-04-22T06:16:39.3683850Z Installing standard 1.32.1
2026-04-22T06:16:39.3883461Z Bundle complete! 6 Gemfile dependencies, 40 gems now installed.
2026-04-22T06:16:39.3884334Z Use `bundle info [gemname]` to see where a bundled gem is installed.
2026-04-22T06:16:39.4471835Z ##[group]Run ruby entrypoint.rb
2026-04-22T06:16:39.4472123Z [36;1mruby entrypoint.rb[0m
2026-04-22T06:16:39.4495687Z shell: /usr/bin/bash --noprofile --norc -e -o pipefail {0}
2026-04-22T06:16:39.4496008Z env:
2026-04-22T06:16:39.4496179Z   WAIT_INTERVAL: 30
2026-04-22T06:16:39.4496639Z   ALLOWED_CONCLUSIONS: success,skipped
2026-04-22T06:16:39.4496885Z   IGNORE_CHECKS: 
2026-04-22T06:16:39.4497074Z   CHECK_NAME: 
2026-04-22T06:16:39.4497247Z   CHECK_REGEXP: 
2026-04-22T06:16:39.4497454Z   REF: 1326dd4296935f3354c6de6347ac02b969c3d7ff
2026-04-22T06:16:39.4497980Z   REPO_TOKEN: ***
2026-04-22T06:16:39.4498173Z   VERBOSE: true
2026-04-22T06:16:39.4498385Z   RUNNING_WORKFLOW_NAME: Auto-merge
2026-04-22T06:16:39.4498622Z   API_ENDPOINT: 
2026-04-22T06:16:39.4498808Z ##[endgroup]
2026-04-22T06:19:11.2465806Z Checks running on ref:
2026-04-22T06:19:11.2466585Z Checks in_progress: autofix, Auto-merge
2026-04-22T06:19:11.2469278Z Checks after ignore checks filter:
2026-04-22T06:19:11.2469722Z Checks in_progress: autofix
2026-04-22T06:19:11.2470065Z Checks after check_name filter:
2026-04-22T06:19:11.2470415Z Checks in_progress: autofix
2026-04-22T06:19:11.2470741Z Checks after Regexp filter:
2026-04-22T06:19:11.2471047Z Checks in_progress: autofix
2026-04-22T06:19:11.2471362Z The requested check isn't complete yet, will check back in 30 seconds...
2026-04-22T06:19:11.2471706Z Checks running on ref:
2026-04-22T06:19:11.2471929Z Checks in_progress: autofix, Auto-merge
2026-04-22T06:19:11.2472183Z Checks after ignore checks filter:
2026-04-22T06:19:11.2472422Z Checks in_progress: autofix
2026-04-22T06:19:11.2472641Z Checks after check_name filter:
2026-04-22T06:19:11.2472874Z Checks in_progress: autofix
2026-04-22T06:19:11.2473088Z Checks after Regexp filter:
2026-04-22T06:19:11.2473284Z Checks in_progress: autofix
2026-04-22T06:19:11.2473587Z The requested check isn't complete yet, will check back in 30 seconds...
2026-04-22T06:19:11.2473928Z Checks running on ref:
2026-04-22T06:19:11.2474145Z Checks in_progress: autofix, Auto-merge
2026-04-22T06:19:11.2474389Z Checks after ignore checks filter:
2026-04-22T06:19:11.2474617Z Checks in_progress: autofix
2026-04-22T06:19:11.2474818Z Checks after check_name filter:
2026-04-22T06:19:11.2475028Z Checks in_progress: autofix
2026-04-22T06:19:11.2475222Z Checks after Regexp filter:
2026-04-22T06:19:11.2475419Z Checks in_progress: autofix
2026-04-22T06:19:11.2475700Z The requested check isn't complete yet, will check back in 30 seconds...
2026-04-22T06:19:11.2476012Z Checks running on ref:
2026-04-22T06:19:11.2476213Z Checks queued: lint-and-test
2026-04-22T06:19:11.2476573Z Checks completed: autofix
2026-04-22T06:19:11.2476787Z Checks in_progress: Auto-merge
2026-04-22T06:19:11.2477004Z Checks after ignore checks filter:
2026-04-22T06:19:11.2477226Z Checks queued: lint-and-test
2026-04-22T06:19:11.2477453Z Checks completed: autofix
2026-04-22T06:19:11.2477824Z Checks after check_name filter:
2026-04-22T06:19:11.2478047Z Checks queued: lint-and-test
2026-04-22T06:19:11.2478250Z Checks completed: autofix
2026-04-22T06:19:11.2478458Z Checks after Regexp filter:
2026-04-22T06:19:11.2478664Z Checks queued: lint-and-test
2026-04-22T06:19:11.2478877Z Checks completed: autofix
2026-04-22T06:19:11.2479183Z The requested checks aren't complete yet, will check back in 30 seconds...
2026-04-22T06:19:11.2479514Z Checks running on ref:
2026-04-22T06:19:11.2479746Z Checks in_progress: lint-and-test, Auto-merge
2026-04-22T06:19:11.2480005Z Checks completed: autofix
2026-04-22T06:19:11.2480228Z Checks after ignore checks filter:
2026-04-22T06:19:11.2480463Z Checks in_progress: lint-and-test
2026-04-22T06:19:11.2480691Z Checks completed: autofix
2026-04-22T06:19:11.2480892Z Checks after check_name filter:
2026-04-22T06:19:11.2481162Z Checks in_progress: lint-and-test
2026-04-22T06:19:11.2481383Z Checks completed: autofix
2026-04-22T06:19:11.2481585Z Checks after Regexp filter:
2026-04-22T06:19:11.2482250Z Checks in_progress: lint-and-test
2026-04-22T06:19:11.2482607Z Checks completed: autofix
2026-04-22T06:19:11.2482901Z The requested checks aren't complete yet, will check back in 30 seconds...
2026-04-22T06:19:11.2483238Z Checks running on ref:
2026-04-22T06:19:11.2483587Z Checks completed: firebase-distribute, capture-failure-log, lint-and-test, autofix
2026-04-22T06:19:11.2483974Z Checks in_progress: Auto-merge
2026-04-22T06:19:11.2484206Z Checks after ignore checks filter:
2026-04-22T06:19:11.2484563Z Checks completed: firebase-distribute, capture-failure-log, lint-and-test, autofix
2026-04-22T06:19:11.2484934Z Checks after check_name filter:
2026-04-22T06:19:11.2485265Z Checks completed: firebase-distribute, capture-failure-log, lint-and-test, autofix
2026-04-22T06:19:11.2485630Z Checks after Regexp filter:
2026-04-22T06:19:11.2485962Z Checks completed: firebase-distribute, capture-failure-log, lint-and-test, autofix
2026-04-22T06:19:11.2486427Z Checks completed:
2026-04-22T06:19:11.2486637Z firebase-distribute: completed (skipped)
2026-04-22T06:19:11.2486913Z capture-failure-log: completed (success)
2026-04-22T06:19:11.2487160Z lint-and-test: completed (failure)
2026-04-22T06:19:11.2487388Z autofix: completed (success)
2026-04-22T06:19:11.2487972Z The conclusion of one or more checks were not allowed. Allowed conclusions are: success, skipped. This can be configured with the 'allowed-conclusions' param.
2026-04-22T06:19:11.2558372Z ##[error]Process completed with exit code 1.
2026-04-22T06:19:11.2672159Z Post job cleanup.
2026-04-22T06:19:11.2732119Z Cleaning up orphan processes
2026-04-22T06:19:11.3002820Z ##[warning]Node.js 20 actions are deprecated. The following actions are running on Node.js 20 and may not work as expected: actions/cache@v4. Actions will be forced to run with Node.js 24 by default starting June 2nd, 2026. Node.js 20 will be removed from the runner on September 16th, 2026. Please check if updated versions of these actions are available that support Node.js 24. To opt into Node.js 24 now, set the FORCE_JAVASCRIPT_ACTIONS_TO_NODE24=true environment variable on the runner or in your workflow file. Once Node.js 24 becomes the default, you can temporarily opt out by setting ACTIONS_ALLOW_USE_UNSECURE_NODE_VERSION=true. For more information see: https://github.blog/changelog/2025-09-19-deprecation-of-node-20-on-github-actions-runners/
