=== CI FAILURE ===
Workflow:      Auto-merge & Release
Workflow file: averycorp/prismTask/.github/workflows/auto-merge.yml@refs/pull/921/merge
Job(s):        Auto-merge
Run ID:        25078438640
Run attempt:   1
Run URL:       https://github.com/averycorp/prismTask/actions/runs/25078438640
Commit:        4a740bef57ad7312c1252ef9c44f08073dcd9372
Branch:        921/merge
Event:         pull_request
Actor:         akarlin3
Runner OS:     Linux
Timestamp:     2026-04-28T21:26:07.038Z

Failed steps:
  - Auto-merge: #4 Wait for all other CI checks to pass

=== FAILED JOB LOG ===

--- Job: Auto-merge (id 73477238766) ---
2026-04-28T21:23:50.5494700Z Current runner version: '2.334.0'
2026-04-28T21:23:50.5517262Z ##[group]Runner Image Provisioner
2026-04-28T21:23:50.5518025Z Hosted Compute Agent
2026-04-28T21:23:50.5518660Z Version: 20260213.493
2026-04-28T21:23:50.5519272Z Commit: 5c115507f6dd24b8de37d8bbe0bb4509d0cc0fa3
2026-04-28T21:23:50.5519941Z Build Date: 2026-02-13T00:28:41Z
2026-04-28T21:23:50.5520651Z Worker ID: {a1b66a9c-c16e-4366-ba2a-e8257b9d7f71}
2026-04-28T21:23:50.5521378Z Azure Region: westus
2026-04-28T21:23:50.5521888Z ##[endgroup]
2026-04-28T21:23:50.5523277Z ##[group]Operating System
2026-04-28T21:23:50.5524064Z Ubuntu
2026-04-28T21:23:50.5524536Z 24.04.4
2026-04-28T21:23:50.5525068Z LTS
2026-04-28T21:23:50.5525523Z ##[endgroup]
2026-04-28T21:23:50.5526017Z ##[group]Runner Image
2026-04-28T21:23:50.5526602Z Image: ubuntu-24.04
2026-04-28T21:23:50.5527075Z Version: 20260413.86.1
2026-04-28T21:23:50.5528311Z Included Software: https://github.com/actions/runner-images/blob/ubuntu24/20260413.86/images/ubuntu/Ubuntu2404-Readme.md
2026-04-28T21:23:50.5529769Z Image Release: https://github.com/actions/runner-images/releases/tag/ubuntu24%2F20260413.86
2026-04-28T21:23:50.5530659Z ##[endgroup]
2026-04-28T21:23:50.5531959Z ##[group]GITHUB_TOKEN Permissions
2026-04-28T21:23:50.5533939Z Actions: read
2026-04-28T21:23:50.5534524Z Checks: read
2026-04-28T21:23:50.5535079Z Contents: write
2026-04-28T21:23:50.5535540Z Metadata: read
2026-04-28T21:23:50.5536081Z PullRequests: write
2026-04-28T21:23:50.5536601Z ##[endgroup]
2026-04-28T21:23:50.5538547Z Secret source: Actions
2026-04-28T21:23:50.5539304Z Prepare workflow directory
2026-04-28T21:23:50.5933486Z Prepare all required actions
2026-04-28T21:23:50.5970968Z Getting action download info
2026-04-28T21:23:51.1233940Z Download action repository 'lewagon/wait-on-check-action@ccfb013c15c8afb7bf2b7c028fb74dc5a068cccc' (SHA:ccfb013c15c8afb7bf2b7c028fb74dc5a068cccc)
2026-04-28T21:23:51.9315086Z Getting action download info
2026-04-28T21:23:52.1977846Z Download action repository 'ruby/setup-ruby@v1' (SHA:c4e5b1316158f92e3d49443a9d58b31d25ac0f8f)
2026-04-28T21:23:52.9543468Z Download action repository 'actions/cache@v4' (SHA:0057852bfaa89a56745cba8c7296529d2fc39830)
2026-04-28T21:23:53.3765162Z Complete job name: Auto-merge
2026-04-28T21:23:53.4391986Z ##[group]Run set -euo pipefail
2026-04-28T21:23:53.4392506Z [36;1mset -euo pipefail[0m
2026-04-28T21:23:53.4392955Z [36;1m# Audit item #5 — poll check-runs for up to 60s instead of a bare[0m
2026-04-28T21:23:53.4393769Z [36;1m# 20s sleep. On a busy runner cohort the initial 20s wasn't enough[0m
2026-04-28T21:23:53.4394308Z [36;1m# for the API to reflect queued workflow runs, which could merge[0m
2026-04-28T21:23:53.4394804Z [36;1m# PRs without waiting for CI. Bail out early as soon as ≥1 real[0m
2026-04-28T21:23:53.4395233Z [36;1m# check shows up.[0m
2026-04-28T21:23:53.4395497Z [36;1mCOUNT=0[0m
2026-04-28T21:23:53.4395744Z [36;1mfor i in $(seq 1 6); do[0m
2026-04-28T21:23:53.4396035Z [36;1m  sleep 10[0m
2026-04-28T21:23:53.4396396Z [36;1m  COUNT=$(gh api "repos/$REPO/commits/$HEAD_SHA/check-runs" \[0m
2026-04-28T21:23:53.4396946Z [36;1m    --jq '[.check_runs[] | select(.name != "Auto-merge")] | length')[0m
2026-04-28T21:23:53.4397408Z [36;1m  if [ "$COUNT" -gt 0 ]; then[0m
2026-04-28T21:23:53.4397802Z [36;1m    echo "Found $COUNT non-Auto-merge check(s) after ${i}0s"[0m
2026-04-28T21:23:53.4398175Z [36;1m    break[0m
2026-04-28T21:23:53.4398413Z [36;1m  fi[0m
2026-04-28T21:23:53.4398715Z [36;1m  echo "No non-Auto-merge checks yet (attempt $i/6)"[0m
2026-04-28T21:23:53.4399082Z [36;1mdone[0m
2026-04-28T21:23:53.4399331Z [36;1mif [ "$COUNT" -gt 0 ]; then[0m
2026-04-28T21:23:53.4399654Z [36;1m  echo "has_ci=true" >> "$GITHUB_OUTPUT"[0m
2026-04-28T21:23:53.4399973Z [36;1melse[0m
2026-04-28T21:23:53.4400231Z [36;1m  echo "has_ci=false" >> "$GITHUB_OUTPUT"[0m
2026-04-28T21:23:53.4400680Z [36;1m  echo "No CI checks on this PR after 60s — will merge without waiting."[0m
2026-04-28T21:23:53.4401096Z [36;1mfi[0m
2026-04-28T21:23:53.4426445Z shell: /usr/bin/bash -e {0}
2026-04-28T21:23:53.4427059Z env:
2026-04-28T21:23:53.4427327Z   WAIT_INTERVAL: 15
2026-04-28T21:23:53.4427872Z   GH_TOKEN: ***
2026-04-28T21:23:53.4428182Z   HEAD_SHA: 8d84840a0a0226d53f7488053eeefe4cd9cb523c
2026-04-28T21:23:53.4428543Z   REPO: averycorp/prismTask
2026-04-28T21:23:53.4428818Z ##[endgroup]
2026-04-28T21:24:04.0433096Z Found 8 non-Auto-merge check(s) after 10s
2026-04-28T21:24:04.0559072Z ##[group]Run set -euo pipefail
2026-04-28T21:24:04.0559471Z [36;1mset -euo pipefail[0m
2026-04-28T21:24:04.0559934Z [36;1mREQUIRED=$(gh api "repos/$REPO/branches/main/protection/required_status_checks" \[0m
2026-04-28T21:24:04.0560445Z [36;1m  --jq '.contexts[]' 2>/dev/null || true)[0m
2026-04-28T21:24:04.0560789Z [36;1mif [ -z "$REQUIRED" ]; then[0m
2026-04-28T21:24:04.0561364Z [36;1m  echo "::warning::Could not query branch protection (likely a permission issue) — using hardcoded fallback list."[0m
2026-04-28T21:24:04.0561965Z [36;1m  REQUIRED="$FALLBACK_REQUIRED"[0m
2026-04-28T21:24:04.0562287Z [36;1mfi[0m
2026-04-28T21:24:04.0562654Z [36;1m# Strip Auto-merge from the required list so we don't wait on[0m
2026-04-28T21:24:04.0563128Z [36;1m# ourselves (it's listed because we ARE the running workflow).[0m
2026-04-28T21:24:04.0563869Z [36;1mREQUIRED=$(echo "$REQUIRED" | grep -vE '^\s*Auto-merge\s*$' | grep -vE '^\s*$' || true)[0m
2026-04-28T21:24:04.0564395Z [36;1mif [ -z "$REQUIRED" ]; then[0m
2026-04-28T21:24:04.0564789Z [36;1m  echo "No required checks beyond Auto-merge; skipping queue wait."[0m
2026-04-28T21:24:04.0565198Z [36;1m  exit 0[0m
2026-04-28T21:24:04.0565447Z [36;1mfi[0m
2026-04-28T21:24:04.0565727Z [36;1mecho "Waiting until these required checks queue:"[0m
2026-04-28T21:24:04.0566091Z [36;1mecho "$REQUIRED" | sed 's/^/  /'[0m
2026-04-28T21:24:04.0566483Z [36;1m# Audit PR #876 → CI pathway efficiency: this loop was burning[0m
2026-04-28T21:24:04.0566959Z [36;1m# ~315s/PR (PR #874 run 25035518360 + PR #873 run 25035513300)[0m
2026-04-28T21:24:04.0567422Z [36;1m# while underlying required checks were observably complete in[0m
2026-04-28T21:24:04.0567898Z [36;1m# ~30s. Mean job wall-clock was 343s with std-dev ~7s across 10[0m
2026-04-28T21:24:04.0568366Z [36;1m# runs — i.e. the loop almost always ran to its 5-minute ceiling.[0m
2026-04-28T21:24:04.0568830Z [36;1m# Two compensating mitigations + diagnostics:[0m
2026-04-28T21:24:04.0569161Z [36;1m#[0m
2026-04-28T21:24:04.0569481Z [36;1m#   (a) Cap dropped 30 → 18 attempts at 5s interval = 90s ceiling[0m
2026-04-28T21:24:04.0569919Z [36;1m#       (still > 2× the 43s race window from PR #804).[0m
2026-04-28T21:24:04.0570336Z [36;1m#   (b) Poll interval dropped 10s → 5s for faster detection.[0m
2026-04-28T21:24:04.0570812Z [36;1m#   (c) Per-iteration diagnostic prints MISSING + visible CHECK_RUNS[0m
2026-04-28T21:24:04.0571333Z [36;1m#       so future investigation can pinpoint the matching mismatch[0m
2026-04-28T21:24:04.0571846Z [36;1m#       (the immediate root-cause was not yet identified — the[0m
2026-04-28T21:24:04.0572319Z [36;1m#       MISSING list never empties even though CHECK_RUNS clearly[0m
2026-04-28T21:24:04.0572793Z [36;1m#       contains every REQUIRED name. Likely a trim/encoding edge[0m
2026-04-28T21:24:04.0573323Z [36;1m#       case in the comparison loop, but observability beats[0m
2026-04-28T21:24:04.0573934Z [36;1m#       guessing).[0m
2026-04-28T21:24:04.0574230Z [36;1mfor attempt in $(seq 1 18); do[0m
2026-04-28T21:24:04.0574658Z [36;1m  CHECK_RUNS=$(gh api --paginate "repos/$REPO/commits/$HEAD_SHA/check-runs" \[0m
2026-04-28T21:24:04.0575134Z [36;1m    --jq '.check_runs[].name' | sort -u)[0m
2026-04-28T21:24:04.0575451Z [36;1m  MISSING=""[0m
2026-04-28T21:24:04.0575714Z [36;1m  while IFS= read -r req; do[0m
2026-04-28T21:24:04.0576026Z [36;1m    [ -z "$req" ] && continue[0m
2026-04-28T21:24:04.0576331Z [36;1m    req_trimmed=$(echo "$req" | xargs)[0m
2026-04-28T21:24:04.0576710Z [36;1m    if ! echo "$CHECK_RUNS" | grep -qxF "$req_trimmed"; then[0m
2026-04-28T21:24:04.0577306Z [36;1m      MISSING="$MISSING $req_trimmed"[0m
2026-04-28T21:24:04.0577604Z [36;1m    fi[0m
2026-04-28T21:24:04.0577839Z [36;1m  done <<< "$REQUIRED"[0m
2026-04-28T21:24:04.0578114Z [36;1m  if [ -z "$MISSING" ]; then[0m
2026-04-28T21:24:04.0578567Z [36;1m    echo "All required checks have queued after attempt $attempt (~$((attempt * 5))s)."[0m
2026-04-28T21:24:04.0579180Z [36;1m    exit 0[0m
2026-04-28T21:24:04.0579415Z [36;1m  fi[0m
2026-04-28T21:24:04.0579706Z [36;1m  echo "Attempt $attempt/18 — still missing:$MISSING"[0m
2026-04-28T21:24:04.0580192Z [36;1m  echo "  Visible check-runs: $(echo "$CHECK_RUNS" | tr '\n' ',' | sed 's/,$//')"[0m
2026-04-28T21:24:04.0580618Z [36;1m  sleep 5[0m
2026-04-28T21:24:04.0580847Z [36;1mdone[0m
2026-04-28T21:24:04.0581347Z [36;1mecho "::warning::Some required checks never queued after 90s:$MISSING — proceeding to wait-on-check-action anyway."[0m
2026-04-28T21:24:04.0602914Z shell: /usr/bin/bash -e {0}
2026-04-28T21:24:04.0603217Z env:
2026-04-28T21:24:04.0603436Z   WAIT_INTERVAL: 15
2026-04-28T21:24:04.0604147Z   GH_TOKEN: ***
2026-04-28T21:24:04.0604433Z   HEAD_SHA: 8d84840a0a0226d53f7488053eeefe4cd9cb523c
2026-04-28T21:24:04.0604773Z   REPO: averycorp/prismTask
2026-04-28T21:24:04.0605167Z   FALLBACK_REQUIRED: lint-and-test
connected-tests
test
web-lint-and-test

2026-04-28T21:24:04.0605604Z ##[endgroup]
2026-04-28T21:24:04.3349014Z Waiting until these required checks queue:
2026-04-28T21:24:04.3363784Z   {"message":"Resource not accessible by integration","documentation_url":"https://docs.github.com/rest/branches/branch-protection#get-status-checks-protection","status":"403"}
2026-04-28T21:24:04.9590844Z Attempt 1/18 — still missing: {message:Resource not accessible by integration,documentation_url:https://docs.github.com/rest/branches/branch-protection#get-status-checks-protection,status:403}
2026-04-28T21:24:04.9612779Z   Visible check-runs: Auto-merge,autofix,capture-failure-log,connected-tests,cross-device-tests,lint-and-test,maybe-label,test,web-lint-and-test
2026-04-28T21:24:10.5085881Z Attempt 2/18 — still missing: {message:Resource not accessible by integration,documentation_url:https://docs.github.com/rest/branches/branch-protection#get-status-checks-protection,status:403}
2026-04-28T21:24:10.5106184Z   Visible check-runs: Auto-merge,autofix,capture-failure-log,connected-tests,cross-device-tests,e2e,lint-and-test,maybe-label,test,web-lint-and-test
2026-04-28T21:24:16.0480213Z Attempt 3/18 — still missing: {message:Resource not accessible by integration,documentation_url:https://docs.github.com/rest/branches/branch-protection#get-status-checks-protection,status:403}
2026-04-28T21:24:16.0500875Z   Visible check-runs: Auto-merge,autofix,capture-failure-log,connected-tests,cross-device-tests,e2e,lint-and-test,maybe-label,test,web-lint-and-test
2026-04-28T21:24:21.5747002Z Attempt 4/18 — still missing: {message:Resource not accessible by integration,documentation_url:https://docs.github.com/rest/branches/branch-protection#get-status-checks-protection,status:403}
2026-04-28T21:24:21.5769023Z   Visible check-runs: Auto-merge,autofix,capture-failure-log,connected-tests,cross-device-tests,e2e,lint-and-test,maybe-label,test,web-lint-and-test
2026-04-28T21:24:27.1316682Z Attempt 5/18 — still missing: {message:Resource not accessible by integration,documentation_url:https://docs.github.com/rest/branches/branch-protection#get-status-checks-protection,status:403}
2026-04-28T21:24:27.1337859Z   Visible check-runs: Auto-merge,autofix,capture-failure-log,connected-tests,cross-device-tests,e2e,lint-and-test,maybe-label,test,web-lint-and-test
2026-04-28T21:24:32.6695049Z Attempt 6/18 — still missing: {message:Resource not accessible by integration,documentation_url:https://docs.github.com/rest/branches/branch-protection#get-status-checks-protection,status:403}
2026-04-28T21:24:32.6717476Z   Visible check-runs: Auto-merge,autofix,capture-failure-log,connected-tests,cross-device-tests,e2e,lint-and-test,maybe-label,test,web-lint-and-test
2026-04-28T21:24:38.2262491Z Attempt 7/18 — still missing: {message:Resource not accessible by integration,documentation_url:https://docs.github.com/rest/branches/branch-protection#get-status-checks-protection,status:403}
2026-04-28T21:24:38.2284558Z   Visible check-runs: Auto-merge,autofix,capture-failure-log,capture-failure-log / capture,connected-tests,cross-device-tests,e2e,lint-and-test,maybe-label,test,web-lint-and-test
2026-04-28T21:24:43.7967514Z Attempt 8/18 — still missing: {message:Resource not accessible by integration,documentation_url:https://docs.github.com/rest/branches/branch-protection#get-status-checks-protection,status:403}
2026-04-28T21:24:43.7988764Z   Visible check-runs: Auto-merge,autofix,capture-failure-log,capture-failure-log / capture,connected-tests,cross-device-tests,e2e,lint-and-test,maybe-label,test,web-lint-and-test
2026-04-28T21:24:49.3260000Z Attempt 9/18 — still missing: {message:Resource not accessible by integration,documentation_url:https://docs.github.com/rest/branches/branch-protection#get-status-checks-protection,status:403}
2026-04-28T21:24:49.3281579Z   Visible check-runs: Auto-merge,autofix,capture-failure-log,capture-failure-log / capture,connected-tests,cross-device-tests,e2e,lint-and-test,maybe-label,test,web-lint-and-test
2026-04-28T21:24:54.8620903Z Attempt 10/18 — still missing: {message:Resource not accessible by integration,documentation_url:https://docs.github.com/rest/branches/branch-protection#get-status-checks-protection,status:403}
2026-04-28T21:24:54.8645606Z   Visible check-runs: Auto-merge,autofix,capture-failure-log,capture-failure-log / capture,connected-tests,cross-device-tests,e2e,lint-and-test,maybe-label,test,web-lint-and-test
2026-04-28T21:25:00.4489864Z Attempt 11/18 — still missing: {message:Resource not accessible by integration,documentation_url:https://docs.github.com/rest/branches/branch-protection#get-status-checks-protection,status:403}
2026-04-28T21:25:00.4513495Z   Visible check-runs: Auto-merge,autofix,capture-failure-log,capture-failure-log / capture,connected-tests,cross-device-tests,e2e,lint-and-test,maybe-label,test,web-lint-and-test
2026-04-28T21:25:06.0204200Z Attempt 12/18 — still missing: {message:Resource not accessible by integration,documentation_url:https://docs.github.com/rest/branches/branch-protection#get-status-checks-protection,status:403}
2026-04-28T21:25:06.0226360Z   Visible check-runs: Auto-merge,autofix,capture-failure-log,capture-failure-log / capture,connected-tests,cross-device-tests,e2e,lint-and-test,maybe-label,test,web-lint-and-test
2026-04-28T21:25:11.6062756Z Attempt 13/18 — still missing: {message:Resource not accessible by integration,documentation_url:https://docs.github.com/rest/branches/branch-protection#get-status-checks-protection,status:403}
2026-04-28T21:25:11.6088430Z   Visible check-runs: Auto-merge,autofix,capture-failure-log,capture-failure-log / capture,connected-tests,cross-device-tests,e2e,lint-and-test,maybe-label,test,web-lint-and-test
2026-04-28T21:25:17.1508560Z Attempt 14/18 — still missing: {message:Resource not accessible by integration,documentation_url:https://docs.github.com/rest/branches/branch-protection#get-status-checks-protection,status:403}
2026-04-28T21:25:17.1530227Z   Visible check-runs: Auto-merge,autofix,capture-failure-log,capture-failure-log / capture,connected-tests,cross-device-tests,e2e,lint-and-test,maybe-label,test,web-lint-and-test
2026-04-28T21:25:22.6790187Z Attempt 15/18 — still missing: {message:Resource not accessible by integration,documentation_url:https://docs.github.com/rest/branches/branch-protection#get-status-checks-protection,status:403}
2026-04-28T21:25:22.6811244Z   Visible check-runs: Auto-merge,autofix,capture-failure-log,capture-failure-log / capture,connected-tests,cross-device-tests,e2e,lint-and-test,maybe-label,test,web-lint-and-test
2026-04-28T21:25:28.2512078Z Attempt 16/18 — still missing: {message:Resource not accessible by integration,documentation_url:https://docs.github.com/rest/branches/branch-protection#get-status-checks-protection,status:403}
2026-04-28T21:25:28.2533056Z   Visible check-runs: Auto-merge,autofix,capture-failure-log,capture-failure-log / capture,connected-tests,cross-device-tests,e2e,lint-and-test,maybe-label,test,web-lint-and-test
2026-04-28T21:25:33.7879448Z Attempt 17/18 — still missing: {message:Resource not accessible by integration,documentation_url:https://docs.github.com/rest/branches/branch-protection#get-status-checks-protection,status:403}
2026-04-28T21:25:33.7900754Z   Visible check-runs: Auto-merge,autofix,capture-failure-log,capture-failure-log / capture,connected-tests,cross-device-tests,e2e,lint-and-test,maybe-label,test,web-lint-and-test
2026-04-28T21:25:39.3006065Z Attempt 18/18 — still missing: {message:Resource not accessible by integration,documentation_url:https://docs.github.com/rest/branches/branch-protection#get-status-checks-protection,status:403}
2026-04-28T21:25:39.3028156Z   Visible check-runs: Auto-merge,autofix,capture-failure-log,capture-failure-log / capture,connected-tests,cross-device-tests,e2e,lint-and-test,maybe-label,test,web-lint-and-test
2026-04-28T21:25:44.3074331Z ##[warning]Some required checks never queued after 90s: {message:Resource not accessible by integration,documentation_url:https://docs.github.com/rest/branches/branch-protection#get-status-checks-protection,status:403} — proceeding to wait-on-check-action anyway.
2026-04-28T21:25:44.3286988Z ##[group]Run lewagon/wait-on-check-action@ccfb013c15c8afb7bf2b7c028fb74dc5a068cccc
2026-04-28T21:25:44.3287425Z with:
2026-04-28T21:25:44.3287637Z   ref: 8d84840a0a0226d53f7488053eeefe4cd9cb523c
2026-04-28T21:25:44.3287931Z   running-workflow-name: Auto-merge
2026-04-28T21:25:44.3288364Z   repo-token: ***
2026-04-28T21:25:44.3288558Z   wait-interval: 15
2026-04-28T21:25:44.3288785Z   allowed-conclusions: success,skipped,neutral
2026-04-28T21:25:44.3289058Z   verbose: true
2026-04-28T21:25:44.3289254Z env:
2026-04-28T21:25:44.3289415Z   WAIT_INTERVAL: 15
2026-04-28T21:25:44.3289587Z ##[endgroup]
2026-04-28T21:25:44.3410209Z ##[group]Run ruby/setup-ruby@v1
2026-04-28T21:25:44.3410483Z with:
2026-04-28T21:25:44.3410658Z   ruby-version: 3.2
2026-04-28T21:25:44.3410864Z   bundler-cache: false
2026-04-28T21:25:44.3411200Z   token: ***
2026-04-28T21:25:44.3411372Z env:
2026-04-28T21:25:44.3411534Z   WAIT_INTERVAL: 15
2026-04-28T21:25:44.3411719Z ##[endgroup]
2026-04-28T21:25:44.4779805Z ##[group]Modifying PATH
2026-04-28T21:25:44.4780278Z Entries added to PATH to use selected Ruby:
2026-04-28T21:25:44.4781322Z   /opt/hostedtoolcache/Ruby/3.2.11/x64/bin
2026-04-28T21:25:44.4786518Z ##[endgroup]
2026-04-28T21:25:44.4787595Z ##[group]Print Ruby version
2026-04-28T21:25:44.4859093Z [command]/opt/hostedtoolcache/Ruby/3.2.11/x64/bin/ruby --version
2026-04-28T21:25:44.6390018Z ruby 3.2.11 (2026-03-27 revision 5483bfc1ae) [x86_64-linux]
2026-04-28T21:25:44.6418199Z Took   0.16 seconds
2026-04-28T21:25:44.6419003Z ##[endgroup]
2026-04-28T21:25:44.6420788Z ##[group]Installing Bundler
2026-04-28T21:25:44.6424485Z Using Bundler shipped with ruby-3.2.11
2026-04-28T21:25:44.6425573Z Took   0.00 seconds
2026-04-28T21:25:44.6426329Z ##[endgroup]
2026-04-28T21:25:44.7095379Z ##[group]Run actions/cache@v4
2026-04-28T21:25:44.7095645Z with:
2026-04-28T21:25:44.7096091Z   path: /home/runner/work/_actions/lewagon/wait-on-check-action/ccfb013c15c8afb7bf2b7c028fb74dc5a068cccc
2026-04-28T21:25:44.7096629Z   key: Linux-gems-
2026-04-28T21:25:44.7096842Z   restore-keys: Linux-gems-
2026-04-28T21:25:44.7097073Z   enableCrossOsArchive: false
2026-04-28T21:25:44.7097313Z   fail-on-cache-miss: false
2026-04-28T21:25:44.7097534Z   lookup-only: false
2026-04-28T21:25:44.7097724Z   save-always: false
2026-04-28T21:25:44.7097901Z env:
2026-04-28T21:25:44.7098057Z   WAIT_INTERVAL: 15
2026-04-28T21:25:44.7098239Z ##[endgroup]
2026-04-28T21:25:45.1099553Z Cache not found for input keys: Linux-gems-, Linux-gems-
2026-04-28T21:25:45.1166997Z ##[group]Run bundle install --jobs 4 --retry 3
2026-04-28T21:25:45.1167320Z [36;1mbundle install --jobs 4 --retry 3[0m
2026-04-28T21:25:45.1190113Z shell: /usr/bin/bash --noprofile --norc -e -o pipefail {0}
2026-04-28T21:25:45.1190445Z env:
2026-04-28T21:25:45.1190614Z   WAIT_INTERVAL: 15
2026-04-28T21:25:45.1190797Z ##[endgroup]
2026-04-28T21:25:46.5888929Z Bundler 2.4.19 is running, but your lockfile was generated with 2.2.3. Installing Bundler 2.2.3 and restarting using that version.
2026-04-28T21:25:47.9913357Z Fetching gem metadata from https://rubygems.org/.
2026-04-28T21:25:47.9985328Z Fetching bundler 2.2.3
2026-04-28T21:25:48.2095960Z Installing bundler 2.2.3
2026-04-28T21:25:48.4120870Z Calling `DidYouMean::SPELL_CHECKERS.merge!(error_name => spell_checker)' has been deprecated. Please call `DidYouMean.correct_error(error_name, spell_checker)' instead.
2026-04-28T21:25:49.6135579Z Fetching gem metadata from https://rubygems.org/.........
2026-04-28T21:25:49.6230782Z Fetching minitest 5.18.0
2026-04-28T21:25:49.6235963Z Fetching zeitwerk 2.6.7
2026-04-28T21:25:49.6237900Z Fetching concurrent-ruby 1.2.2
2026-04-28T21:25:49.6525204Z Fetching public_suffix 4.0.7
2026-04-28T21:25:49.7328629Z Installing zeitwerk 2.6.7
2026-04-28T21:25:49.7542274Z Installing public_suffix 4.0.7
2026-04-28T21:25:49.7601529Z Installing minitest 5.18.0
2026-04-28T21:25:49.7977407Z Installing concurrent-ruby 1.2.2
2026-04-28T21:25:49.8036623Z Fetching ast 2.4.2
2026-04-28T21:25:49.8416973Z Installing ast 2.4.2
2026-04-28T21:25:49.8520078Z Using bundler 2.2.3
2026-04-28T21:25:49.8530358Z Fetching byebug 11.1.3
2026-04-28T21:25:49.8834301Z Fetching faraday-net_http 2.0.3
2026-04-28T21:25:49.8834972Z Fetching diff-lcs 1.4.4
2026-04-28T21:25:49.9390733Z Installing faraday-net_http 2.0.3
2026-04-28T21:25:49.9511831Z Installing byebug 11.1.3 with native extensions
2026-04-28T21:25:49.9521585Z Installing diff-lcs 1.4.4
2026-04-28T21:25:49.9712193Z Using ruby2_keywords 0.0.5
2026-04-28T21:25:49.9721694Z Fetching json 2.7.1
2026-04-28T21:25:50.0135557Z Installing json 2.7.1 with native extensions
2026-04-28T21:25:50.0567980Z Fetching language_server-protocol 3.17.0.3
2026-04-28T21:25:50.1008557Z Installing language_server-protocol 3.17.0.3
2026-04-28T21:25:50.1770236Z Fetching lint_roller 1.1.0
2026-04-28T21:25:50.2339227Z Installing lint_roller 1.1.0
2026-04-28T21:25:50.2532234Z Fetching parallel 1.24.0
2026-04-28T21:25:50.3072871Z Installing parallel 1.24.0
2026-04-28T21:25:50.3179330Z Fetching racc 1.7.3
2026-04-28T21:25:50.3552913Z Installing racc 1.7.3 with native extensions
2026-04-28T21:25:50.3984786Z Fetching rainbow 3.1.1
2026-04-28T21:25:50.4284108Z Installing rainbow 3.1.1
2026-04-28T21:25:50.4346971Z Fetching regexp_parser 2.8.3
2026-04-28T21:25:50.4693021Z Installing regexp_parser 2.8.3
2026-04-28T21:25:50.4928170Z Fetching rexml 3.2.6
2026-04-28T21:25:50.5290792Z Installing rexml 3.2.6
2026-04-28T21:25:50.6121647Z Fetching rspec-support 3.10.1
2026-04-28T21:25:50.6447652Z Installing rspec-support 3.10.1
2026-04-28T21:25:50.6562450Z Fetching ruby-progressbar 1.13.0
2026-04-28T21:25:50.6899131Z Installing ruby-progressbar 1.13.0
2026-04-28T21:25:50.6999150Z Fetching unicode-display_width 2.5.0
2026-04-28T21:25:50.7351858Z Installing unicode-display_width 2.5.0
2026-04-28T21:25:50.7403833Z Fetching addressable 2.8.0
2026-04-28T21:25:50.7743208Z Installing addressable 2.8.0
2026-04-28T21:25:50.7873174Z Fetching faraday 2.3.0
2026-04-28T21:25:50.8203563Z Installing faraday 2.3.0
2026-04-28T21:25:50.8401130Z Fetching i18n 1.12.0
2026-04-28T21:25:50.8725281Z Installing i18n 1.12.0
2026-04-28T21:25:50.8855963Z Fetching tzinfo 2.0.6
2026-04-28T21:25:50.9206866Z Installing tzinfo 2.0.6
2026-04-28T21:25:50.9359707Z Fetching rspec-core 3.10.1
2026-04-28T21:25:50.9742237Z Installing rspec-core 3.10.1
2026-04-28T21:25:50.9990911Z Fetching rspec-expectations 3.10.1
2026-04-28T21:25:51.0344722Z Installing rspec-expectations 3.10.1
2026-04-28T21:25:51.0501937Z Fetching rspec-mocks 3.10.1
2026-04-28T21:25:51.0853989Z Installing rspec-mocks 3.10.1
2026-04-28T21:25:51.1006533Z Fetching faraday-retry 2.0.0
2026-04-28T21:25:51.1329223Z Installing faraday-retry 2.0.0
2026-04-28T21:25:51.1382205Z Fetching sawyer 0.9.2
2026-04-28T21:25:51.1699665Z Installing sawyer 0.9.2
2026-04-28T21:25:51.1773881Z Fetching activesupport 6.1.7.3
2026-04-28T21:25:51.2175828Z Installing activesupport 6.1.7.3
2026-04-28T21:25:51.2741444Z Fetching rspec 3.10.0
2026-04-28T21:25:51.3097992Z Installing rspec 3.10.0
2026-04-28T21:25:51.3145125Z Fetching octokit 4.25.0
2026-04-28T21:25:51.3479974Z Installing octokit 4.25.0
2026-04-28T21:25:53.2372395Z Fetching parser 3.2.2.4
2026-04-28T21:25:53.3474081Z Installing parser 3.2.2.4
2026-04-28T21:25:53.4654730Z Fetching rubocop-ast 1.30.0
2026-04-28T21:25:53.5201911Z Installing rubocop-ast 1.30.0
2026-04-28T21:25:54.8893474Z Fetching rubocop 1.57.2
2026-04-28T21:25:54.9448107Z Installing rubocop 1.57.2
2026-04-28T21:25:55.1119887Z Fetching rubocop-performance 1.19.1
2026-04-28T21:25:55.1122771Z Fetching standard-custom 1.0.2
2026-04-28T21:25:55.1677299Z Installing standard-custom 1.0.2
2026-04-28T21:25:55.1699342Z Installing rubocop-performance 1.19.1
2026-04-28T21:25:55.1912348Z Fetching standard-performance 1.2.1
2026-04-28T21:25:55.2212947Z Installing standard-performance 1.2.1
2026-04-28T21:25:55.2293422Z Fetching standard 1.32.1
2026-04-28T21:25:55.2614459Z Installing standard 1.32.1
2026-04-28T21:25:55.2832983Z Bundle complete! 6 Gemfile dependencies, 40 gems now installed.
2026-04-28T21:25:55.2834198Z Use `bundle info [gemname]` to see where a bundled gem is installed.
2026-04-28T21:25:55.3346123Z ##[group]Run ruby entrypoint.rb
2026-04-28T21:25:55.3346404Z [36;1mruby entrypoint.rb[0m
2026-04-28T21:25:55.3367456Z shell: /usr/bin/bash --noprofile --norc -e -o pipefail {0}
2026-04-28T21:25:55.3367793Z env:
2026-04-28T21:25:55.3367962Z   WAIT_INTERVAL: 15
2026-04-28T21:25:55.3368202Z   ALLOWED_CONCLUSIONS: success,skipped,neutral
2026-04-28T21:25:55.3368474Z   IGNORE_CHECKS: 
2026-04-28T21:25:55.3368649Z   CHECK_NAME: 
2026-04-28T21:25:55.3368827Z   CHECK_REGEXP: 
2026-04-28T21:25:55.3369044Z   REF: 8d84840a0a0226d53f7488053eeefe4cd9cb523c
2026-04-28T21:25:55.3369499Z   REPO_TOKEN: ***
2026-04-28T21:25:55.3369709Z   VERBOSE: true
2026-04-28T21:25:55.3369903Z   RUNNING_WORKFLOW_NAME: Auto-merge
2026-04-28T21:25:55.3370137Z   API_ENDPOINT: 
2026-04-28T21:25:55.3370323Z ##[endgroup]
2026-04-28T21:25:56.4124489Z Checks running on ref:
2026-04-28T21:25:56.4126294Z Checks completed: capture-failure-log / capture, capture-failure-log, capture-failure-log, e2e, capture-failure-log, cross-device-tests, connected-tests, lint-and-test, autofix, web-lint-and-test, maybe-label, test
2026-04-28T21:25:56.4127823Z Checks in_progress: Auto-merge
2026-04-28T21:25:56.4128157Z Checks after ignore checks filter:
2026-04-28T21:25:56.4129149Z Checks completed: capture-failure-log / capture, capture-failure-log, capture-failure-log, e2e, capture-failure-log, cross-device-tests, connected-tests, lint-and-test, autofix, web-lint-and-test, maybe-label, test
2026-04-28T21:25:56.4130146Z Checks after check_name filter:
2026-04-28T21:25:56.4131102Z Checks completed: capture-failure-log / capture, capture-failure-log, capture-failure-log, e2e, capture-failure-log, cross-device-tests, connected-tests, lint-and-test, autofix, web-lint-and-test, maybe-label, test
2026-04-28T21:25:56.4132095Z Checks after Regexp filter:
2026-04-28T21:25:56.4133038Z Checks completed: capture-failure-log / capture, capture-failure-log, capture-failure-log, e2e, capture-failure-log, cross-device-tests, connected-tests, lint-and-test, autofix, web-lint-and-test, maybe-label, test
2026-04-28T21:25:56.4134369Z Checks completed:
2026-04-28T21:25:56.4134636Z capture-failure-log / capture: completed (success)
2026-04-28T21:25:56.4134975Z capture-failure-log: completed (skipped)
2026-04-28T21:25:56.4135274Z capture-failure-log: completed (skipped)
2026-04-28T21:25:56.4135551Z e2e: completed (success)
2026-04-28T21:25:56.4135798Z capture-failure-log: completed (skipped)
2026-04-28T21:25:56.4136092Z cross-device-tests: completed (skipped)
2026-04-28T21:25:56.4136377Z connected-tests: completed (skipped)
2026-04-28T21:25:56.4136654Z lint-and-test: completed (success)
2026-04-28T21:25:56.4137282Z autofix: completed (success)
2026-04-28T21:25:56.4137532Z web-lint-and-test: completed (success)
2026-04-28T21:25:56.4137820Z maybe-label: completed (success)
2026-04-28T21:25:56.4138077Z test: completed (failure)
2026-04-28T21:25:56.4138787Z The conclusion of one or more checks were not allowed. Allowed conclusions are: success, skipped, neutral. This can be configured with the 'allowed-conclusions' param.
2026-04-28T21:25:56.4189169Z ##[error]Process completed with exit code 1.
2026-04-28T21:25:56.4296411Z Post job cleanup.
2026-04-28T21:25:56.4370729Z Cleaning up orphan processes
2026-04-28T21:25:56.4650476Z ##[warning]Node.js 20 actions are deprecated. The following actions are running on Node.js 20 and may not work as expected: actions/cache@v4. Actions will be forced to run with Node.js 24 by default starting June 2nd, 2026. Node.js 20 will be removed from the runner on September 16th, 2026. Please check if updated versions of these actions are available that support Node.js 24. To opt into Node.js 24 now, set the FORCE_JAVASCRIPT_ACTIONS_TO_NODE24=true environment variable on the runner or in your workflow file. Once Node.js 24 becomes the default, you can temporarily opt out by setting ACTIONS_ALLOW_USE_UNSECURE_NODE_VERSION=true. For more information see: https://github.blog/changelog/2025-09-19-deprecation-of-node-20-on-github-actions-runners/
