=== CI FAILURE ===
Workflow:      Auto-merge & Release
Workflow file: akarlin3/prismTask/.github/workflows/auto-merge.yml@refs/pull/832/merge
Job(s):        Auto-merge
Run ID:        24973894507
Run attempt:   1
Run URL:       https://github.com/akarlin3/prismTask/actions/runs/24973894507
Commit:        d6a541f74388c460d1eb4f46f49a35b99eaa2a65
Branch:        832/merge
Event:         pull_request
Actor:         akarlin3
Runner OS:     Linux
Timestamp:     2026-04-27T02:43:55.020Z

Failed steps:
  - Auto-merge: #4 Wait for all other CI checks to pass

=== FAILED JOB LOG ===

--- Job: Auto-merge (id 73121905334) ---
2026-04-27T02:36:37.7389977Z Current runner version: '2.333.1'
2026-04-27T02:36:37.7417822Z ##[group]Runner Image Provisioner
2026-04-27T02:36:37.7418601Z Hosted Compute Agent
2026-04-27T02:36:37.7419240Z Version: 20260213.493
2026-04-27T02:36:37.7419806Z Commit: 5c115507f6dd24b8de37d8bbe0bb4509d0cc0fa3
2026-04-27T02:36:37.7420548Z Build Date: 2026-02-13T00:28:41Z
2026-04-27T02:36:37.7421533Z Worker ID: {6c13a8a2-97c5-47ca-8307-11242f7a9837}
2026-04-27T02:36:37.7422206Z Azure Region: northcentralus
2026-04-27T02:36:37.7422790Z ##[endgroup]
2026-04-27T02:36:37.7424332Z ##[group]Operating System
2026-04-27T02:36:37.7424907Z Ubuntu
2026-04-27T02:36:37.7425392Z 24.04.4
2026-04-27T02:36:37.7425989Z LTS
2026-04-27T02:36:37.7426491Z ##[endgroup]
2026-04-27T02:36:37.7426990Z ##[group]Runner Image
2026-04-27T02:36:37.7427565Z Image: ubuntu-24.04
2026-04-27T02:36:37.7428066Z Version: 20260413.86.1
2026-04-27T02:36:37.7429313Z Included Software: https://github.com/actions/runner-images/blob/ubuntu24/20260413.86/images/ubuntu/Ubuntu2404-Readme.md
2026-04-27T02:36:37.7431121Z Image Release: https://github.com/actions/runner-images/releases/tag/ubuntu24%2F20260413.86
2026-04-27T02:36:37.7432063Z ##[endgroup]
2026-04-27T02:36:37.7433414Z ##[group]GITHUB_TOKEN Permissions
2026-04-27T02:36:37.7435589Z Actions: read
2026-04-27T02:36:37.7436227Z Checks: read
2026-04-27T02:36:37.7436735Z Contents: write
2026-04-27T02:36:37.7437211Z Metadata: read
2026-04-27T02:36:37.7437771Z PullRequests: write
2026-04-27T02:36:37.7438255Z ##[endgroup]
2026-04-27T02:36:37.7440380Z Secret source: Actions
2026-04-27T02:36:37.7441716Z Prepare workflow directory
2026-04-27T02:36:37.7851699Z Prepare all required actions
2026-04-27T02:36:37.7890533Z Getting action download info
2026-04-27T02:36:38.0874510Z Download action repository 'lewagon/wait-on-check-action@ccfb013c15c8afb7bf2b7c028fb74dc5a068cccc' (SHA:ccfb013c15c8afb7bf2b7c028fb74dc5a068cccc)
2026-04-27T02:36:38.5975206Z Getting action download info
2026-04-27T02:36:38.7225109Z Download action repository 'ruby/setup-ruby@v1' (SHA:c4e5b1316158f92e3d49443a9d58b31d25ac0f8f)
2026-04-27T02:36:39.1552928Z Download action repository 'actions/cache@v4' (SHA:0057852bfaa89a56745cba8c7296529d2fc39830)
2026-04-27T02:36:39.3961964Z Complete job name: Auto-merge
2026-04-27T02:36:39.4663903Z ##[group]Run set -euo pipefail
2026-04-27T02:36:39.4665056Z [36;1mset -euo pipefail[0m
2026-04-27T02:36:39.4666445Z [36;1m# Audit item #5 — poll check-runs for up to 60s instead of a bare[0m
2026-04-27T02:36:39.4668263Z [36;1m# 20s sleep. On a busy runner cohort the initial 20s wasn't enough[0m
2026-04-27T02:36:39.4670048Z [36;1m# for the API to reflect queued workflow runs, which could merge[0m
2026-04-27T02:36:39.4672028Z [36;1m# PRs without waiting for CI. Bail out early as soon as ≥1 real[0m
2026-04-27T02:36:39.4673469Z [36;1m# check shows up.[0m
2026-04-27T02:36:39.4674400Z [36;1mCOUNT=0[0m
2026-04-27T02:36:39.4675236Z [36;1mfor i in $(seq 1 6); do[0m
2026-04-27T02:36:39.4676224Z [36;1m  sleep 10[0m
2026-04-27T02:36:39.4677394Z [36;1m  COUNT=$(gh api "repos/$REPO/commits/$HEAD_SHA/check-runs" \[0m
2026-04-27T02:36:39.4679167Z [36;1m    --jq '[.check_runs[] | select(.name != "Auto-merge")] | length')[0m
2026-04-27T02:36:39.4680789Z [36;1m  if [ "$COUNT" -gt 0 ]; then[0m
2026-04-27T02:36:39.4682163Z [36;1m    echo "Found $COUNT non-Auto-merge check(s) after ${i}0s"[0m
2026-04-27T02:36:39.4683497Z [36;1m    break[0m
2026-04-27T02:36:39.4684321Z [36;1m  fi[0m
2026-04-27T02:36:39.4685335Z [36;1m  echo "No non-Auto-merge checks yet (attempt $i/6)"[0m
2026-04-27T02:36:39.4686610Z [36;1mdone[0m
2026-04-27T02:36:39.4687416Z [36;1mif [ "$COUNT" -gt 0 ]; then[0m
2026-04-27T02:36:39.4688545Z [36;1m  echo "has_ci=true" >> "$GITHUB_OUTPUT"[0m
2026-04-27T02:36:39.4689687Z [36;1melse[0m
2026-04-27T02:36:39.4690771Z [36;1m  echo "has_ci=false" >> "$GITHUB_OUTPUT"[0m
2026-04-27T02:36:39.4692337Z [36;1m  echo "No CI checks on this PR after 60s — will merge without waiting."[0m
2026-04-27T02:36:39.4693786Z [36;1mfi[0m
2026-04-27T02:36:39.4720865Z shell: /usr/bin/bash -e {0}
2026-04-27T02:36:39.4722128Z env:
2026-04-27T02:36:39.4722867Z   WAIT_INTERVAL: 30
2026-04-27T02:36:39.4724124Z   GH_TOKEN: ***
2026-04-27T02:36:39.4725078Z   HEAD_SHA: 69d0849bbbc543b30935cb1619c3978499581b0f
2026-04-27T02:36:39.4726259Z   REPO: akarlin3/prismTask
2026-04-27T02:36:39.4727150Z ##[endgroup]
2026-04-27T02:36:50.6091511Z Found 9 non-Auto-merge check(s) after 10s
2026-04-27T02:36:50.6202296Z ##[group]Run set -euo pipefail
2026-04-27T02:36:50.6202670Z [36;1mset -euo pipefail[0m
2026-04-27T02:36:50.6203094Z [36;1mREQUIRED=$(gh api "repos/$REPO/branches/main/protection/required_status_checks" \[0m
2026-04-27T02:36:50.6203579Z [36;1m  --jq '.contexts[]' 2>/dev/null || true)[0m
2026-04-27T02:36:50.6203891Z [36;1mif [ -z "$REQUIRED" ]; then[0m
2026-04-27T02:36:50.6204404Z [36;1m  echo "::warning::Could not query branch protection (likely a permission issue) — using hardcoded fallback list."[0m
2026-04-27T02:36:50.6204954Z [36;1m  REQUIRED="$FALLBACK_REQUIRED"[0m
2026-04-27T02:36:50.6205229Z [36;1mfi[0m
2026-04-27T02:36:50.6205502Z [36;1m# Strip Auto-merge from the required list so we don't wait on[0m
2026-04-27T02:36:50.6205937Z [36;1m# ourselves (it's listed because we ARE the running workflow).[0m
2026-04-27T02:36:50.6206431Z [36;1mREQUIRED=$(echo "$REQUIRED" | grep -vE '^\s*Auto-merge\s*$' | grep -vE '^\s*$' || true)[0m
2026-04-27T02:36:50.6206893Z [36;1mif [ -z "$REQUIRED" ]; then[0m
2026-04-27T02:36:50.6207253Z [36;1m  echo "No required checks beyond Auto-merge; skipping queue wait."[0m
2026-04-27T02:36:50.6207645Z [36;1m  exit 0[0m
2026-04-27T02:36:50.6207860Z [36;1mfi[0m
2026-04-27T02:36:50.6208100Z [36;1mecho "Waiting until these required checks queue:"[0m
2026-04-27T02:36:50.6208423Z [36;1mecho "$REQUIRED" | sed 's/^/  /'[0m
2026-04-27T02:36:50.6208769Z [36;1m# 30 attempts × 10s = 5 min ceiling. If checks haven't queued[0m
2026-04-27T02:36:50.6209209Z [36;1m# by then something is genuinely broken (workflow file invalid,[0m
2026-04-27T02:36:50.6209658Z [36;1m# path filter excluding everything, etc.) — log and proceed so[0m
2026-04-27T02:36:50.6210067Z [36;1m# wait-on-check-action can decide how to handle it.[0m
2026-04-27T02:36:50.6210402Z [36;1mfor attempt in $(seq 1 30); do[0m
2026-04-27T02:36:50.6210993Z [36;1m  CHECK_RUNS=$(gh api --paginate "repos/$REPO/commits/$HEAD_SHA/check-runs" \[0m
2026-04-27T02:36:50.6211430Z [36;1m    --jq '.check_runs[].name' | sort -u)[0m
2026-04-27T02:36:50.6211767Z [36;1m  MISSING=""[0m
2026-04-27T02:36:50.6212023Z [36;1m  while IFS= read -r req; do[0m
2026-04-27T02:36:50.6212278Z [36;1m    [ -z "$req" ] && continue[0m
2026-04-27T02:36:50.6212549Z [36;1m    req_trimmed=$(echo "$req" | xargs)[0m
2026-04-27T02:36:50.6212907Z [36;1m    if ! echo "$CHECK_RUNS" | grep -qxF "$req_trimmed"; then[0m
2026-04-27T02:36:50.6213280Z [36;1m      MISSING="$MISSING $req_trimmed"[0m
2026-04-27T02:36:50.6213543Z [36;1m    fi[0m
2026-04-27T02:36:50.6213731Z [36;1m  done <<< "$REQUIRED"[0m
2026-04-27T02:36:50.6214068Z [36;1m  if [ -z "$MISSING" ]; then[0m
2026-04-27T02:36:50.6214471Z [36;1m    echo "All required checks have queued after attempt $attempt."[0m
2026-04-27T02:36:50.6214817Z [36;1m    exit 0[0m
2026-04-27T02:36:50.6215021Z [36;1m  fi[0m
2026-04-27T02:36:50.6215289Z [36;1m  echo "Still waiting for:$MISSING (attempt $attempt/30)"[0m
2026-04-27T02:36:50.6215620Z [36;1m  sleep 10[0m
2026-04-27T02:36:50.6215821Z [36;1mdone[0m
2026-04-27T02:36:50.6216287Z [36;1mecho "::warning::Some required checks never queued after 5 min:$MISSING — proceeding to wait-on-check-action anyway."[0m
2026-04-27T02:36:50.6237464Z shell: /usr/bin/bash -e {0}
2026-04-27T02:36:50.6237712Z env:
2026-04-27T02:36:50.6237903Z   WAIT_INTERVAL: 30
2026-04-27T02:36:50.6238429Z   GH_TOKEN: ***
2026-04-27T02:36:50.6238679Z   HEAD_SHA: 69d0849bbbc543b30935cb1619c3978499581b0f
2026-04-27T02:36:50.6238984Z   REPO: akarlin3/prismTask
2026-04-27T02:36:50.6239339Z   FALLBACK_REQUIRED: lint-and-test
connected-tests
test
web-lint-and-test

2026-04-27T02:36:50.6239921Z ##[endgroup]
2026-04-27T02:36:50.7978797Z Waiting until these required checks queue:
2026-04-27T02:36:50.7993036Z   {"message":"Resource not accessible by integration","documentation_url":"https://docs.github.com/rest/branches/branch-protection#get-status-checks-protection","status":"403"}
2026-04-27T02:36:51.2566411Z Still waiting for: {message:Resource not accessible by integration,documentation_url:https://docs.github.com/rest/branches/branch-protection#get-status-checks-protection,status:403} (attempt 1/30)
2026-04-27T02:37:01.6682506Z Still waiting for: {message:Resource not accessible by integration,documentation_url:https://docs.github.com/rest/branches/branch-protection#get-status-checks-protection,status:403} (attempt 2/30)
2026-04-27T02:37:12.0924149Z Still waiting for: {message:Resource not accessible by integration,documentation_url:https://docs.github.com/rest/branches/branch-protection#get-status-checks-protection,status:403} (attempt 3/30)
2026-04-27T02:37:22.5203088Z Still waiting for: {message:Resource not accessible by integration,documentation_url:https://docs.github.com/rest/branches/branch-protection#get-status-checks-protection,status:403} (attempt 4/30)
2026-04-27T02:37:32.9804421Z Still waiting for: {message:Resource not accessible by integration,documentation_url:https://docs.github.com/rest/branches/branch-protection#get-status-checks-protection,status:403} (attempt 5/30)
2026-04-27T02:37:43.4159144Z Still waiting for: {message:Resource not accessible by integration,documentation_url:https://docs.github.com/rest/branches/branch-protection#get-status-checks-protection,status:403} (attempt 6/30)
2026-04-27T02:37:53.8954552Z Still waiting for: {message:Resource not accessible by integration,documentation_url:https://docs.github.com/rest/branches/branch-protection#get-status-checks-protection,status:403} (attempt 7/30)
2026-04-27T02:38:04.3523354Z Still waiting for: {message:Resource not accessible by integration,documentation_url:https://docs.github.com/rest/branches/branch-protection#get-status-checks-protection,status:403} (attempt 8/30)
2026-04-27T02:38:14.7724342Z Still waiting for: {message:Resource not accessible by integration,documentation_url:https://docs.github.com/rest/branches/branch-protection#get-status-checks-protection,status:403} (attempt 9/30)
2026-04-27T02:38:25.2279978Z Still waiting for: {message:Resource not accessible by integration,documentation_url:https://docs.github.com/rest/branches/branch-protection#get-status-checks-protection,status:403} (attempt 10/30)
2026-04-27T02:38:35.6649260Z Still waiting for: {message:Resource not accessible by integration,documentation_url:https://docs.github.com/rest/branches/branch-protection#get-status-checks-protection,status:403} (attempt 11/30)
2026-04-27T02:38:46.0580469Z Still waiting for: {message:Resource not accessible by integration,documentation_url:https://docs.github.com/rest/branches/branch-protection#get-status-checks-protection,status:403} (attempt 12/30)
2026-04-27T02:38:56.5117428Z Still waiting for: {message:Resource not accessible by integration,documentation_url:https://docs.github.com/rest/branches/branch-protection#get-status-checks-protection,status:403} (attempt 13/30)
2026-04-27T02:39:06.9923084Z Still waiting for: {message:Resource not accessible by integration,documentation_url:https://docs.github.com/rest/branches/branch-protection#get-status-checks-protection,status:403} (attempt 14/30)
2026-04-27T02:39:17.4919735Z Still waiting for: {message:Resource not accessible by integration,documentation_url:https://docs.github.com/rest/branches/branch-protection#get-status-checks-protection,status:403} (attempt 15/30)
2026-04-27T02:39:27.9523002Z Still waiting for: {message:Resource not accessible by integration,documentation_url:https://docs.github.com/rest/branches/branch-protection#get-status-checks-protection,status:403} (attempt 16/30)
2026-04-27T02:39:38.4070100Z Still waiting for: {message:Resource not accessible by integration,documentation_url:https://docs.github.com/rest/branches/branch-protection#get-status-checks-protection,status:403} (attempt 17/30)
2026-04-27T02:39:48.8357712Z Still waiting for: {message:Resource not accessible by integration,documentation_url:https://docs.github.com/rest/branches/branch-protection#get-status-checks-protection,status:403} (attempt 18/30)
2026-04-27T02:39:59.2649074Z Still waiting for: {message:Resource not accessible by integration,documentation_url:https://docs.github.com/rest/branches/branch-protection#get-status-checks-protection,status:403} (attempt 19/30)
2026-04-27T02:40:09.7136932Z Still waiting for: {message:Resource not accessible by integration,documentation_url:https://docs.github.com/rest/branches/branch-protection#get-status-checks-protection,status:403} (attempt 20/30)
2026-04-27T02:40:20.1399245Z Still waiting for: {message:Resource not accessible by integration,documentation_url:https://docs.github.com/rest/branches/branch-protection#get-status-checks-protection,status:403} (attempt 21/30)
2026-04-27T02:40:30.5946239Z Still waiting for: {message:Resource not accessible by integration,documentation_url:https://docs.github.com/rest/branches/branch-protection#get-status-checks-protection,status:403} (attempt 22/30)
2026-04-27T02:40:40.9839079Z Still waiting for: {message:Resource not accessible by integration,documentation_url:https://docs.github.com/rest/branches/branch-protection#get-status-checks-protection,status:403} (attempt 23/30)
2026-04-27T02:40:51.3988177Z Still waiting for: {message:Resource not accessible by integration,documentation_url:https://docs.github.com/rest/branches/branch-protection#get-status-checks-protection,status:403} (attempt 24/30)
2026-04-27T02:41:01.8376224Z Still waiting for: {message:Resource not accessible by integration,documentation_url:https://docs.github.com/rest/branches/branch-protection#get-status-checks-protection,status:403} (attempt 25/30)
2026-04-27T02:41:12.2522142Z Still waiting for: {message:Resource not accessible by integration,documentation_url:https://docs.github.com/rest/branches/branch-protection#get-status-checks-protection,status:403} (attempt 26/30)
2026-04-27T02:41:22.6363381Z Still waiting for: {message:Resource not accessible by integration,documentation_url:https://docs.github.com/rest/branches/branch-protection#get-status-checks-protection,status:403} (attempt 27/30)
2026-04-27T02:41:33.0165162Z Still waiting for: {message:Resource not accessible by integration,documentation_url:https://docs.github.com/rest/branches/branch-protection#get-status-checks-protection,status:403} (attempt 28/30)
2026-04-27T02:41:43.4299673Z Still waiting for: {message:Resource not accessible by integration,documentation_url:https://docs.github.com/rest/branches/branch-protection#get-status-checks-protection,status:403} (attempt 29/30)
2026-04-27T02:41:53.8512280Z Still waiting for: {message:Resource not accessible by integration,documentation_url:https://docs.github.com/rest/branches/branch-protection#get-status-checks-protection,status:403} (attempt 30/30)
2026-04-27T02:42:03.8565000Z ##[warning]Some required checks never queued after 5 min: {message:Resource not accessible by integration,documentation_url:https://docs.github.com/rest/branches/branch-protection#get-status-checks-protection,status:403} — proceeding to wait-on-check-action anyway.
2026-04-27T02:42:03.8770520Z ##[group]Run lewagon/wait-on-check-action@ccfb013c15c8afb7bf2b7c028fb74dc5a068cccc
2026-04-27T02:42:03.8771154Z with:
2026-04-27T02:42:03.8771365Z   ref: 69d0849bbbc543b30935cb1619c3978499581b0f
2026-04-27T02:42:03.8771667Z   running-workflow-name: Auto-merge
2026-04-27T02:42:03.8772106Z   repo-token: ***
2026-04-27T02:42:03.8772301Z   wait-interval: 30
2026-04-27T02:42:03.8772535Z   allowed-conclusions: success,skipped,neutral
2026-04-27T02:42:03.8772806Z   verbose: true
2026-04-27T02:42:03.8772975Z env:
2026-04-27T02:42:03.8773127Z   WAIT_INTERVAL: 30
2026-04-27T02:42:03.8773300Z ##[endgroup]
2026-04-27T02:42:03.8896666Z ##[group]Run ruby/setup-ruby@v1
2026-04-27T02:42:03.8896909Z with:
2026-04-27T02:42:03.8897297Z   ruby-version: 3.2
2026-04-27T02:42:03.8897488Z   bundler-cache: false
2026-04-27T02:42:03.8897823Z   token: ***
2026-04-27T02:42:03.8897996Z env:
2026-04-27T02:42:03.8898155Z   WAIT_INTERVAL: 30
2026-04-27T02:42:03.8898338Z ##[endgroup]
2026-04-27T02:42:04.0649541Z ##[group]Modifying PATH
2026-04-27T02:42:04.0650101Z Entries added to PATH to use selected Ruby:
2026-04-27T02:42:04.0651287Z   /opt/hostedtoolcache/Ruby/3.2.11/x64/bin
2026-04-27T02:42:04.0655329Z ##[endgroup]
2026-04-27T02:42:04.0656792Z ##[group]Print Ruby version
2026-04-27T02:42:04.0758731Z [command]/opt/hostedtoolcache/Ruby/3.2.11/x64/bin/ruby --version
2026-04-27T02:42:04.3651232Z ruby 3.2.11 (2026-03-27 revision 5483bfc1ae) [x86_64-linux]
2026-04-27T02:42:04.3681190Z Took   0.30 seconds
2026-04-27T02:42:04.3681877Z ##[endgroup]
2026-04-27T02:42:04.3684012Z ##[group]Installing Bundler
2026-04-27T02:42:04.3687749Z Using Bundler shipped with ruby-3.2.11
2026-04-27T02:42:04.3688985Z Took   0.00 seconds
2026-04-27T02:42:04.3689690Z ##[endgroup]
2026-04-27T02:42:04.4328227Z ##[group]Run actions/cache@v4
2026-04-27T02:42:04.4328480Z with:
2026-04-27T02:42:04.4328900Z   path: /home/runner/work/_actions/lewagon/wait-on-check-action/ccfb013c15c8afb7bf2b7c028fb74dc5a068cccc
2026-04-27T02:42:04.4329390Z   key: Linux-gems-
2026-04-27T02:42:04.4329592Z   restore-keys: Linux-gems-
2026-04-27T02:42:04.4329816Z   enableCrossOsArchive: false
2026-04-27T02:42:04.4330046Z   fail-on-cache-miss: false
2026-04-27T02:42:04.4330262Z   lookup-only: false
2026-04-27T02:42:04.4330450Z   save-always: false
2026-04-27T02:42:04.4330916Z env:
2026-04-27T02:42:04.4331097Z   WAIT_INTERVAL: 30
2026-04-27T02:42:04.4331280Z ##[endgroup]
2026-04-27T02:42:04.6749342Z Cache not found for input keys: Linux-gems-, Linux-gems-
2026-04-27T02:42:04.6834226Z ##[group]Run bundle install --jobs 4 --retry 3
2026-04-27T02:42:04.6834558Z [36;1mbundle install --jobs 4 --retry 3[0m
2026-04-27T02:42:04.6857312Z shell: /usr/bin/bash --noprofile --norc -e -o pipefail {0}
2026-04-27T02:42:04.6857656Z env:
2026-04-27T02:42:04.6857818Z   WAIT_INTERVAL: 30
2026-04-27T02:42:04.6858004Z ##[endgroup]
2026-04-27T02:42:06.3346778Z Bundler 2.4.19 is running, but your lockfile was generated with 2.2.3. Installing Bundler 2.2.3 and restarting using that version.
2026-04-27T02:42:08.1577712Z Fetching gem metadata from https://rubygems.org/.
2026-04-27T02:42:08.1657398Z Fetching bundler 2.2.3
2026-04-27T02:42:08.3147479Z Installing bundler 2.2.3
2026-04-27T02:42:08.5069774Z Calling `DidYouMean::SPELL_CHECKERS.merge!(error_name => spell_checker)' has been deprecated. Please call `DidYouMean.correct_error(error_name, spell_checker)' instead.
2026-04-27T02:42:09.7544809Z Fetching gem metadata from https://rubygems.org/.........
2026-04-27T02:42:09.7644431Z Fetching zeitwerk 2.6.7
2026-04-27T02:42:09.7649393Z Fetching public_suffix 4.0.7
2026-04-27T02:42:09.7656431Z Fetching minitest 5.18.0
2026-04-27T02:42:09.8391386Z Fetching concurrent-ruby 1.2.2
2026-04-27T02:42:09.9015924Z Installing zeitwerk 2.6.7
2026-04-27T02:42:09.9189611Z Installing minitest 5.18.0
2026-04-27T02:42:09.9252528Z Installing public_suffix 4.0.7
2026-04-27T02:42:09.9372409Z Installing concurrent-ruby 1.2.2
2026-04-27T02:42:09.9681027Z Fetching ast 2.4.2
2026-04-27T02:42:10.0009379Z Using bundler 2.2.3
2026-04-27T02:42:10.0018268Z Fetching byebug 11.1.3
2026-04-27T02:42:10.0292729Z Installing ast 2.4.2
2026-04-27T02:42:10.0464966Z Fetching diff-lcs 1.4.4
2026-04-27T02:42:10.0750877Z Installing byebug 11.1.3 with native extensions
2026-04-27T02:42:10.1097101Z Fetching faraday-net_http 2.0.3
2026-04-27T02:42:10.1321559Z Installing diff-lcs 1.4.4
2026-04-27T02:42:10.1501915Z Installing faraday-net_http 2.0.3
2026-04-27T02:42:10.1627746Z Using ruby2_keywords 0.0.5
2026-04-27T02:42:10.1640695Z Fetching json 2.7.1
2026-04-27T02:42:10.2089112Z Installing json 2.7.1 with native extensions
2026-04-27T02:42:10.2309854Z Fetching language_server-protocol 3.17.0.3
2026-04-27T02:42:10.2804157Z Installing language_server-protocol 3.17.0.3
2026-04-27T02:42:10.3486001Z Fetching lint_roller 1.1.0
2026-04-27T02:42:10.4079394Z Installing lint_roller 1.1.0
2026-04-27T02:42:10.4230956Z Fetching parallel 1.24.0
2026-04-27T02:42:10.4649121Z Installing parallel 1.24.0
2026-04-27T02:42:10.4739596Z Fetching racc 1.7.3
2026-04-27T02:42:10.5222397Z Installing racc 1.7.3 with native extensions
2026-04-27T02:42:10.5633916Z Fetching rainbow 3.1.1
2026-04-27T02:42:10.5971897Z Installing rainbow 3.1.1
2026-04-27T02:42:10.6043170Z Fetching regexp_parser 2.8.3
2026-04-27T02:42:10.6452127Z Installing regexp_parser 2.8.3
2026-04-27T02:42:10.7527132Z Fetching rexml 3.2.6
2026-04-27T02:42:10.7968122Z Installing rexml 3.2.6
2026-04-27T02:42:10.8196112Z Fetching rspec-support 3.10.1
2026-04-27T02:42:10.8601726Z Installing rspec-support 3.10.1
2026-04-27T02:42:10.8776479Z Fetching ruby-progressbar 1.13.0
2026-04-27T02:42:10.9183157Z Installing ruby-progressbar 1.13.0
2026-04-27T02:42:10.9279287Z Fetching unicode-display_width 2.5.0
2026-04-27T02:42:10.9657180Z Installing unicode-display_width 2.5.0
2026-04-27T02:42:10.9724111Z Fetching addressable 2.8.0
2026-04-27T02:42:11.0223508Z Installing addressable 2.8.0
2026-04-27T02:42:11.0369406Z Fetching faraday 2.3.0
2026-04-27T02:42:11.0829949Z Installing faraday 2.3.0
2026-04-27T02:42:11.1067736Z Fetching i18n 1.12.0
2026-04-27T02:42:11.1598750Z Installing i18n 1.12.0
2026-04-27T02:42:11.1739161Z Fetching tzinfo 2.0.6
2026-04-27T02:42:11.2262229Z Installing tzinfo 2.0.6
2026-04-27T02:42:11.2523111Z Fetching rspec-core 3.10.1
2026-04-27T02:42:11.3263304Z Installing rspec-core 3.10.1
2026-04-27T02:42:11.3681935Z Fetching rspec-expectations 3.10.1
2026-04-27T02:42:11.4351862Z Installing rspec-expectations 3.10.1
2026-04-27T02:42:11.4621658Z Fetching rspec-mocks 3.10.1
2026-04-27T02:42:11.5226445Z Installing rspec-mocks 3.10.1
2026-04-27T02:42:11.5441764Z Fetching faraday-retry 2.0.0
2026-04-27T02:42:11.6031846Z Installing faraday-retry 2.0.0
2026-04-27T02:42:11.6086968Z Fetching sawyer 0.9.2
2026-04-27T02:42:11.6445240Z Installing sawyer 0.9.2
2026-04-27T02:42:11.6524531Z Fetching activesupport 6.1.7.3
2026-04-27T02:42:11.7041787Z Installing activesupport 6.1.7.3
2026-04-27T02:42:11.8018740Z Fetching rspec 3.10.0
2026-04-27T02:42:11.8071738Z Fetching octokit 4.25.0
2026-04-27T02:42:11.9111713Z Installing rspec 3.10.0
2026-04-27T02:42:11.9191334Z Installing octokit 4.25.0
2026-04-27T02:42:11.9302715Z Fetching parser 3.2.2.4
2026-04-27T02:42:12.0331159Z Installing parser 3.2.2.4
2026-04-27T02:42:12.1432860Z Fetching rubocop-ast 1.30.0
2026-04-27T02:42:12.2004877Z Installing rubocop-ast 1.30.0
2026-04-27T02:42:13.6468516Z Fetching rubocop 1.57.2
2026-04-27T02:42:13.7283896Z Installing rubocop 1.57.2
2026-04-27T02:42:13.8857335Z Fetching rubocop-performance 1.19.1
2026-04-27T02:42:13.8857921Z Fetching standard-custom 1.0.2
2026-04-27T02:42:13.9442736Z Installing standard-custom 1.0.2
2026-04-27T02:42:13.9462716Z Installing rubocop-performance 1.19.1
2026-04-27T02:42:13.9680529Z Fetching standard-performance 1.2.1
2026-04-27T02:42:14.0035932Z Installing standard-performance 1.2.1
2026-04-27T02:42:14.0105970Z Fetching standard 1.32.1
2026-04-27T02:42:14.0566920Z Installing standard 1.32.1
2026-04-27T02:42:14.0778915Z Bundle complete! 6 Gemfile dependencies, 40 gems now installed.
2026-04-27T02:42:14.0780215Z Use `bundle info [gemname]` to see where a bundled gem is installed.
2026-04-27T02:42:14.1284110Z ##[group]Run ruby entrypoint.rb
2026-04-27T02:42:14.1284375Z [36;1mruby entrypoint.rb[0m
2026-04-27T02:42:14.1306627Z shell: /usr/bin/bash --noprofile --norc -e -o pipefail {0}
2026-04-27T02:42:14.1306944Z env:
2026-04-27T02:42:14.1307105Z   WAIT_INTERVAL: 30
2026-04-27T02:42:14.1307326Z   ALLOWED_CONCLUSIONS: success,skipped,neutral
2026-04-27T02:42:14.1307602Z   IGNORE_CHECKS: 
2026-04-27T02:42:14.1307782Z   CHECK_NAME: 
2026-04-27T02:42:14.1307943Z   CHECK_REGEXP: 
2026-04-27T02:42:14.1308146Z   REF: 69d0849bbbc543b30935cb1619c3978499581b0f
2026-04-27T02:42:14.1308623Z   REPO_TOKEN: ***
2026-04-27T02:42:14.1308807Z   VERBOSE: true
2026-04-27T02:42:14.1309201Z   RUNNING_WORKFLOW_NAME: Auto-merge
2026-04-27T02:42:14.1309434Z   API_ENDPOINT: 
2026-04-27T02:42:14.1309611Z ##[endgroup]
2026-04-27T02:43:46.4700242Z Checks running on ref:
2026-04-27T02:43:46.4701685Z Checks completed: capture-failure-log, capture-failure-log, e2e, connected-tests, cross-device-tests, capture-failure-log, autofix, maybe-label, web-lint-and-test, test
2026-04-27T02:43:46.4702894Z Checks in_progress: lint-and-test, Auto-merge
2026-04-27T02:43:46.4703465Z Checks after ignore checks filter:
2026-04-27T02:43:46.4731579Z Checks completed: capture-failure-log, capture-failure-log, e2e, connected-tests, cross-device-tests, capture-failure-log, autofix, maybe-label, web-lint-and-test, test
2026-04-27T02:43:46.4733249Z Checks in_progress: lint-and-test
2026-04-27T02:43:46.4733781Z Checks after check_name filter:
2026-04-27T02:43:46.4735340Z Checks completed: capture-failure-log, capture-failure-log, e2e, connected-tests, cross-device-tests, capture-failure-log, autofix, maybe-label, web-lint-and-test, test
2026-04-27T02:43:46.4737030Z Checks in_progress: lint-and-test
2026-04-27T02:43:46.4737539Z Checks after Regexp filter:
2026-04-27T02:43:46.4739030Z Checks completed: capture-failure-log, capture-failure-log, e2e, connected-tests, cross-device-tests, capture-failure-log, autofix, maybe-label, web-lint-and-test, test
2026-04-27T02:43:46.4740543Z Checks in_progress: lint-and-test
2026-04-27T02:43:46.4741461Z The requested checks aren't complete yet, will check back in 30 seconds...
2026-04-27T02:43:46.4742111Z Checks running on ref:
2026-04-27T02:43:46.4743113Z Checks completed: capture-failure-log, capture-failure-log, e2e, connected-tests, cross-device-tests, capture-failure-log, autofix, maybe-label, web-lint-and-test, test
2026-04-27T02:43:46.4744292Z Checks in_progress: lint-and-test, Auto-merge
2026-04-27T02:43:46.4744727Z Checks after ignore checks filter:
2026-04-27T02:43:46.4745784Z Checks completed: capture-failure-log, capture-failure-log, e2e, connected-tests, cross-device-tests, capture-failure-log, autofix, maybe-label, web-lint-and-test, test
2026-04-27T02:43:46.4746925Z Checks in_progress: lint-and-test
2026-04-27T02:43:46.4747184Z Checks after check_name filter:
2026-04-27T02:43:46.4747883Z Checks completed: capture-failure-log, capture-failure-log, e2e, connected-tests, cross-device-tests, capture-failure-log, autofix, maybe-label, web-lint-and-test, test
2026-04-27T02:43:46.4748605Z Checks in_progress: lint-and-test
2026-04-27T02:43:46.4748841Z Checks after Regexp filter:
2026-04-27T02:43:46.4749489Z Checks completed: capture-failure-log, capture-failure-log, e2e, connected-tests, cross-device-tests, capture-failure-log, autofix, maybe-label, web-lint-and-test, test
2026-04-27T02:43:46.4750179Z Checks in_progress: lint-and-test
2026-04-27T02:43:46.4750516Z The requested checks aren't complete yet, will check back in 30 seconds...
2026-04-27T02:43:46.4751210Z Checks running on ref:
2026-04-27T02:43:46.4751871Z Checks completed: capture-failure-log, capture-failure-log, e2e, connected-tests, cross-device-tests, capture-failure-log, autofix, maybe-label, web-lint-and-test, test
2026-04-27T02:43:46.4752606Z Checks in_progress: lint-and-test, Auto-merge
2026-04-27T02:43:46.4752878Z Checks after ignore checks filter:
2026-04-27T02:43:46.4753915Z Checks completed: capture-failure-log, capture-failure-log, e2e, connected-tests, cross-device-tests, capture-failure-log, autofix, maybe-label, web-lint-and-test, test
2026-04-27T02:43:46.4754676Z Checks in_progress: lint-and-test
2026-04-27T02:43:46.4754914Z Checks after check_name filter:
2026-04-27T02:43:46.4755578Z Checks completed: capture-failure-log, capture-failure-log, e2e, connected-tests, cross-device-tests, capture-failure-log, autofix, maybe-label, web-lint-and-test, test
2026-04-27T02:43:46.4756267Z Checks in_progress: lint-and-test
2026-04-27T02:43:46.4756500Z Checks after Regexp filter:
2026-04-27T02:43:46.4757148Z Checks completed: capture-failure-log, capture-failure-log, e2e, connected-tests, cross-device-tests, capture-failure-log, autofix, maybe-label, web-lint-and-test, test
2026-04-27T02:43:46.4757987Z Checks in_progress: lint-and-test
2026-04-27T02:43:46.4758320Z The requested checks aren't complete yet, will check back in 30 seconds...
2026-04-27T02:43:46.4758667Z Checks running on ref:
2026-04-27T02:43:46.4759519Z Checks completed: capture-failure-log, firebase-distribute, capture-failure-log, capture-failure-log, e2e, connected-tests, cross-device-tests, capture-failure-log, autofix, maybe-label, lint-and-test, web-lint-and-test, test
2026-04-27T02:43:46.4760453Z Checks in_progress: Auto-merge
2026-04-27T02:43:46.4760939Z Checks after ignore checks filter:
2026-04-27T02:43:46.4761845Z Checks completed: capture-failure-log, firebase-distribute, capture-failure-log, capture-failure-log, e2e, connected-tests, cross-device-tests, capture-failure-log, autofix, maybe-label, lint-and-test, web-lint-and-test, test
2026-04-27T02:43:46.4762748Z Checks after check_name filter:
2026-04-27T02:43:46.4763618Z Checks completed: capture-failure-log, firebase-distribute, capture-failure-log, capture-failure-log, e2e, connected-tests, cross-device-tests, capture-failure-log, autofix, maybe-label, lint-and-test, web-lint-and-test, test
2026-04-27T02:43:46.4764533Z Checks after Regexp filter:
2026-04-27T02:43:46.4765396Z Checks completed: capture-failure-log, firebase-distribute, capture-failure-log, capture-failure-log, e2e, connected-tests, cross-device-tests, capture-failure-log, autofix, maybe-label, lint-and-test, web-lint-and-test, test
2026-04-27T02:43:46.4766283Z Checks completed:
2026-04-27T02:43:46.4766488Z capture-failure-log: completed (skipped)
2026-04-27T02:43:46.4766763Z firebase-distribute: completed (cancelled)
2026-04-27T02:43:46.4767032Z capture-failure-log: completed (skipped)
2026-04-27T02:43:46.4767291Z capture-failure-log: completed (skipped)
2026-04-27T02:43:46.4767536Z e2e: completed (success)
2026-04-27T02:43:46.4767743Z connected-tests: completed (skipped)
2026-04-27T02:43:46.4767998Z cross-device-tests: completed (skipped)
2026-04-27T02:43:46.4768261Z capture-failure-log: completed (skipped)
2026-04-27T02:43:46.4768518Z autofix: completed (cancelled)
2026-04-27T02:43:46.4768744Z maybe-label: completed (success)
2026-04-27T02:43:46.4768982Z lint-and-test: completed (cancelled)
2026-04-27T02:43:46.4769238Z web-lint-and-test: completed (success)
2026-04-27T02:43:46.4769480Z test: completed (success)
2026-04-27T02:43:46.4770112Z The conclusion of one or more checks were not allowed. Allowed conclusions are: success, skipped, neutral. This can be configured with the 'allowed-conclusions' param.
2026-04-27T02:43:46.4797760Z ##[error]Process completed with exit code 1.
2026-04-27T02:43:46.4908029Z Post job cleanup.
2026-04-27T02:43:46.4959147Z Cleaning up orphan processes
2026-04-27T02:43:46.5260012Z ##[warning]Node.js 20 actions are deprecated. The following actions are running on Node.js 20 and may not work as expected: actions/cache@v4. Actions will be forced to run with Node.js 24 by default starting June 2nd, 2026. Node.js 20 will be removed from the runner on September 16th, 2026. Please check if updated versions of these actions are available that support Node.js 24. To opt into Node.js 24 now, set the FORCE_JAVASCRIPT_ACTIONS_TO_NODE24=true environment variable on the runner or in your workflow file. Once Node.js 24 becomes the default, you can temporarily opt out by setting ACTIONS_ALLOW_USE_UNSECURE_NODE_VERSION=true. For more information see: https://github.blog/changelog/2025-09-19-deprecation-of-node-20-on-github-actions-runners/
