=== CI FAILURE ===
Workflow:      Auto-merge & Release
Workflow file: akarlin3/prismTask/.github/workflows/auto-merge.yml@refs/pull/870/merge
Job(s):        Auto-merge
Run ID:        25034576387
Run attempt:   1
Run URL:       https://github.com/akarlin3/prismTask/actions/runs/25034576387
Commit:        e16a08c2d785f85ba2b46e497d0bc28b1ac9794f
Branch:        870/merge
Event:         pull_request
Actor:         akarlin3
Runner OS:     Linux
Timestamp:     2026-04-28T05:06:17.212Z

Failed steps:
  - Auto-merge: #4 Wait for all other CI checks to pass

=== FAILED JOB LOG ===

--- Job: Auto-merge (id 73323301921) ---
2026-04-28T04:51:45.7157628Z Current runner version: '2.333.1'
2026-04-28T04:51:45.7180144Z ##[group]Runner Image Provisioner
2026-04-28T04:51:45.7180994Z Hosted Compute Agent
2026-04-28T04:51:45.7181470Z Version: 20260213.493
2026-04-28T04:51:45.7182262Z Commit: 5c115507f6dd24b8de37d8bbe0bb4509d0cc0fa3
2026-04-28T04:51:45.7182887Z Build Date: 2026-02-13T00:28:41Z
2026-04-28T04:51:45.7183496Z Worker ID: {90de873e-33ac-47a6-abb8-2a4aa0734d16}
2026-04-28T04:51:45.7184120Z Azure Region: westus3
2026-04-28T04:51:45.7184600Z ##[endgroup]
2026-04-28T04:51:45.7185925Z ##[group]Operating System
2026-04-28T04:51:45.7186442Z Ubuntu
2026-04-28T04:51:45.7186870Z 24.04.4
2026-04-28T04:51:45.7187305Z LTS
2026-04-28T04:51:45.7187692Z ##[endgroup]
2026-04-28T04:51:45.7188173Z ##[group]Runner Image
2026-04-28T04:51:45.7188686Z Image: ubuntu-24.04
2026-04-28T04:51:45.7189115Z Version: 20260413.86.1
2026-04-28T04:51:45.7190210Z Included Software: https://github.com/actions/runner-images/blob/ubuntu24/20260413.86/images/ubuntu/Ubuntu2404-Readme.md
2026-04-28T04:51:45.7191463Z Image Release: https://github.com/actions/runner-images/releases/tag/ubuntu24%2F20260413.86
2026-04-28T04:51:45.7192465Z ##[endgroup]
2026-04-28T04:51:45.7193579Z ##[group]GITHUB_TOKEN Permissions
2026-04-28T04:51:45.7195635Z Actions: read
2026-04-28T04:51:45.7196108Z Checks: read
2026-04-28T04:51:45.7196556Z Contents: write
2026-04-28T04:51:45.7197048Z Metadata: read
2026-04-28T04:51:45.7197492Z PullRequests: write
2026-04-28T04:51:45.7197953Z ##[endgroup]
2026-04-28T04:51:45.7199855Z Secret source: Actions
2026-04-28T04:51:45.7200541Z Prepare workflow directory
2026-04-28T04:51:45.7562989Z Prepare all required actions
2026-04-28T04:51:45.7600130Z Getting action download info
2026-04-28T04:51:46.2384752Z Download action repository 'lewagon/wait-on-check-action@ccfb013c15c8afb7bf2b7c028fb74dc5a068cccc' (SHA:ccfb013c15c8afb7bf2b7c028fb74dc5a068cccc)
2026-04-28T04:51:46.9580004Z Getting action download info
2026-04-28T04:51:47.1752366Z Download action repository 'ruby/setup-ruby@v1' (SHA:c4e5b1316158f92e3d49443a9d58b31d25ac0f8f)
2026-04-28T04:51:48.0219744Z Download action repository 'actions/cache@v4' (SHA:0057852bfaa89a56745cba8c7296529d2fc39830)
2026-04-28T04:51:48.1382762Z Complete job name: Auto-merge
2026-04-28T04:51:48.1909739Z ##[group]Run set -euo pipefail
2026-04-28T04:51:48.2019624Z [36;1mset -euo pipefail[0m
2026-04-28T04:51:48.2020174Z [36;1m# Audit item #5 — poll check-runs for up to 60s instead of a bare[0m
2026-04-28T04:51:48.2020764Z [36;1m# 20s sleep. On a busy runner cohort the initial 20s wasn't enough[0m
2026-04-28T04:51:48.2021292Z [36;1m# for the API to reflect queued workflow runs, which could merge[0m
2026-04-28T04:51:48.2022025Z [36;1m# PRs without waiting for CI. Bail out early as soon as ≥1 real[0m
2026-04-28T04:51:48.2022526Z [36;1m# check shows up.[0m
2026-04-28T04:51:48.2022831Z [36;1mCOUNT=0[0m
2026-04-28T04:51:48.2023098Z [36;1mfor i in $(seq 1 6); do[0m
2026-04-28T04:51:48.2023397Z [36;1m  sleep 10[0m
2026-04-28T04:51:48.2023762Z [36;1m  COUNT=$(gh api "repos/$REPO/commits/$HEAD_SHA/check-runs" \[0m
2026-04-28T04:51:48.2024338Z [36;1m    --jq '[.check_runs[] | select(.name != "Auto-merge")] | length')[0m
2026-04-28T04:51:48.2024889Z [36;1m  if [ "$COUNT" -gt 0 ]; then[0m
2026-04-28T04:51:48.2025292Z [36;1m    echo "Found $COUNT non-Auto-merge check(s) after ${i}0s"[0m
2026-04-28T04:51:48.2025683Z [36;1m    break[0m
2026-04-28T04:51:48.2025946Z [36;1m  fi[0m
2026-04-28T04:51:48.2026277Z [36;1m  echo "No non-Auto-merge checks yet (attempt $i/6)"[0m
2026-04-28T04:51:48.2026651Z [36;1mdone[0m
2026-04-28T04:51:48.2026916Z [36;1mif [ "$COUNT" -gt 0 ]; then[0m
2026-04-28T04:51:48.2027265Z [36;1m  echo "has_ci=true" >> "$GITHUB_OUTPUT"[0m
2026-04-28T04:51:48.2027602Z [36;1melse[0m
2026-04-28T04:51:48.2027888Z [36;1m  echo "has_ci=false" >> "$GITHUB_OUTPUT"[0m
2026-04-28T04:51:48.2028349Z [36;1m  echo "No CI checks on this PR after 60s — will merge without waiting."[0m
2026-04-28T04:51:48.2028768Z [36;1mfi[0m
2026-04-28T04:51:48.2046744Z shell: /usr/bin/bash -e {0}
2026-04-28T04:51:48.2047570Z env:
2026-04-28T04:51:48.2047845Z   WAIT_INTERVAL: 30
2026-04-28T04:51:48.2048489Z   GH_TOKEN: ***
2026-04-28T04:51:48.2048840Z   HEAD_SHA: 494f2f6c6eef6ad1fdecace285178dbbe411cac7
2026-04-28T04:51:48.2049241Z   REPO: akarlin3/prismTask
2026-04-28T04:51:48.2049524Z ##[endgroup]
2026-04-28T04:51:58.7354890Z Found 7 non-Auto-merge check(s) after 10s
2026-04-28T04:51:58.7472642Z ##[group]Run set -euo pipefail
2026-04-28T04:51:58.7473008Z [36;1mset -euo pipefail[0m
2026-04-28T04:51:58.7473435Z [36;1mREQUIRED=$(gh api "repos/$REPO/branches/main/protection/required_status_checks" \[0m
2026-04-28T04:51:58.7473908Z [36;1m  --jq '.contexts[]' 2>/dev/null || true)[0m
2026-04-28T04:51:58.7474229Z [36;1mif [ -z "$REQUIRED" ]; then[0m
2026-04-28T04:51:58.7474749Z [36;1m  echo "::warning::Could not query branch protection (likely a permission issue) — using hardcoded fallback list."[0m
2026-04-28T04:51:58.7475287Z [36;1m  REQUIRED="$FALLBACK_REQUIRED"[0m
2026-04-28T04:51:58.7475582Z [36;1mfi[0m
2026-04-28T04:51:58.7475871Z [36;1m# Strip Auto-merge from the required list so we don't wait on[0m
2026-04-28T04:51:58.7476314Z [36;1m# ourselves (it's listed because we ARE the running workflow).[0m
2026-04-28T04:51:58.7476823Z [36;1mREQUIRED=$(echo "$REQUIRED" | grep -vE '^\s*Auto-merge\s*$' | grep -vE '^\s*$' || true)[0m
2026-04-28T04:51:58.7477297Z [36;1mif [ -z "$REQUIRED" ]; then[0m
2026-04-28T04:51:58.7477659Z [36;1m  echo "No required checks beyond Auto-merge; skipping queue wait."[0m
2026-04-28T04:51:58.7478043Z [36;1m  exit 0[0m
2026-04-28T04:51:58.7478293Z [36;1mfi[0m
2026-04-28T04:51:58.7478559Z [36;1mecho "Waiting until these required checks queue:"[0m
2026-04-28T04:51:58.7478901Z [36;1mecho "$REQUIRED" | sed 's/^/  /'[0m
2026-04-28T04:51:58.7479259Z [36;1m# 30 attempts × 10s = 5 min ceiling. If checks haven't queued[0m
2026-04-28T04:51:58.7479687Z [36;1m# by then something is genuinely broken (workflow file invalid,[0m
2026-04-28T04:51:58.7480139Z [36;1m# path filter excluding everything, etc.) — log and proceed so[0m
2026-04-28T04:51:58.7480549Z [36;1m# wait-on-check-action can decide how to handle it.[0m
2026-04-28T04:51:58.7480896Z [36;1mfor attempt in $(seq 1 30); do[0m
2026-04-28T04:51:58.7481302Z [36;1m  CHECK_RUNS=$(gh api --paginate "repos/$REPO/commits/$HEAD_SHA/check-runs" \[0m
2026-04-28T04:51:58.7481738Z [36;1m    --jq '.check_runs[].name' | sort -u)[0m
2026-04-28T04:51:58.7482253Z [36;1m  MISSING=""[0m
2026-04-28T04:51:58.7482517Z [36;1m  while IFS= read -r req; do[0m
2026-04-28T04:51:58.7482793Z [36;1m    [ -z "$req" ] && continue[0m
2026-04-28T04:51:58.7483089Z [36;1m    req_trimmed=$(echo "$req" | xargs)[0m
2026-04-28T04:51:58.7483474Z [36;1m    if ! echo "$CHECK_RUNS" | grep -qxF "$req_trimmed"; then[0m
2026-04-28T04:51:58.7483862Z [36;1m      MISSING="$MISSING $req_trimmed"[0m
2026-04-28T04:51:58.7484143Z [36;1m    fi[0m
2026-04-28T04:51:58.7484361Z [36;1m  done <<< "$REQUIRED"[0m
2026-04-28T04:51:58.7484635Z [36;1m  if [ -z "$MISSING" ]; then[0m
2026-04-28T04:51:58.7485004Z [36;1m    echo "All required checks have queued after attempt $attempt."[0m
2026-04-28T04:51:58.7485362Z [36;1m    exit 0[0m
2026-04-28T04:51:58.7485587Z [36;1m  fi[0m
2026-04-28T04:51:58.7485877Z [36;1m  echo "Still waiting for:$MISSING (attempt $attempt/30)"[0m
2026-04-28T04:51:58.7486214Z [36;1m  sleep 10[0m
2026-04-28T04:51:58.7486452Z [36;1mdone[0m
2026-04-28T04:51:58.7486916Z [36;1mecho "::warning::Some required checks never queued after 5 min:$MISSING — proceeding to wait-on-check-action anyway."[0m
2026-04-28T04:51:58.7501200Z shell: /usr/bin/bash -e {0}
2026-04-28T04:51:58.7501481Z env:
2026-04-28T04:51:58.7501698Z   WAIT_INTERVAL: 30
2026-04-28T04:51:58.7502392Z   GH_TOKEN: ***
2026-04-28T04:51:58.7502673Z   HEAD_SHA: 494f2f6c6eef6ad1fdecace285178dbbe411cac7
2026-04-28T04:51:58.7503026Z   REPO: akarlin3/prismTask
2026-04-28T04:51:58.7503416Z   FALLBACK_REQUIRED: lint-and-test
connected-tests
test
web-lint-and-test

2026-04-28T04:51:58.7504006Z ##[endgroup]
2026-04-28T04:51:59.0763205Z Waiting until these required checks queue:
2026-04-28T04:51:59.0774746Z   {"message":"Resource not accessible by integration","documentation_url":"https://docs.github.com/rest/branches/branch-protection#get-status-checks-protection","status":"403"}
2026-04-28T04:51:59.5619509Z Still waiting for: {message:Resource not accessible by integration,documentation_url:https://docs.github.com/rest/branches/branch-protection#get-status-checks-protection,status:403} (attempt 1/30)
2026-04-28T04:52:10.1040327Z Still waiting for: {message:Resource not accessible by integration,documentation_url:https://docs.github.com/rest/branches/branch-protection#get-status-checks-protection,status:403} (attempt 2/30)
2026-04-28T04:52:20.6364915Z Still waiting for: {message:Resource not accessible by integration,documentation_url:https://docs.github.com/rest/branches/branch-protection#get-status-checks-protection,status:403} (attempt 3/30)
2026-04-28T04:52:31.1724198Z Still waiting for: {message:Resource not accessible by integration,documentation_url:https://docs.github.com/rest/branches/branch-protection#get-status-checks-protection,status:403} (attempt 4/30)
2026-04-28T04:52:41.7000741Z Still waiting for: {message:Resource not accessible by integration,documentation_url:https://docs.github.com/rest/branches/branch-protection#get-status-checks-protection,status:403} (attempt 5/30)
2026-04-28T04:52:52.2141140Z Still waiting for: {message:Resource not accessible by integration,documentation_url:https://docs.github.com/rest/branches/branch-protection#get-status-checks-protection,status:403} (attempt 6/30)
2026-04-28T04:53:02.7684395Z Still waiting for: {message:Resource not accessible by integration,documentation_url:https://docs.github.com/rest/branches/branch-protection#get-status-checks-protection,status:403} (attempt 7/30)
2026-04-28T04:53:13.3112722Z Still waiting for: {message:Resource not accessible by integration,documentation_url:https://docs.github.com/rest/branches/branch-protection#get-status-checks-protection,status:403} (attempt 8/30)
2026-04-28T04:53:23.8713272Z Still waiting for: {message:Resource not accessible by integration,documentation_url:https://docs.github.com/rest/branches/branch-protection#get-status-checks-protection,status:403} (attempt 9/30)
2026-04-28T04:53:34.3873518Z Still waiting for: {message:Resource not accessible by integration,documentation_url:https://docs.github.com/rest/branches/branch-protection#get-status-checks-protection,status:403} (attempt 10/30)
2026-04-28T04:53:44.9530147Z Still waiting for: {message:Resource not accessible by integration,documentation_url:https://docs.github.com/rest/branches/branch-protection#get-status-checks-protection,status:403} (attempt 11/30)
2026-04-28T04:53:55.4958109Z Still waiting for: {message:Resource not accessible by integration,documentation_url:https://docs.github.com/rest/branches/branch-protection#get-status-checks-protection,status:403} (attempt 12/30)
2026-04-28T04:54:05.9936313Z Still waiting for: {message:Resource not accessible by integration,documentation_url:https://docs.github.com/rest/branches/branch-protection#get-status-checks-protection,status:403} (attempt 13/30)
2026-04-28T04:54:16.4969078Z Still waiting for: {message:Resource not accessible by integration,documentation_url:https://docs.github.com/rest/branches/branch-protection#get-status-checks-protection,status:403} (attempt 14/30)
2026-04-28T04:54:27.0737881Z Still waiting for: {message:Resource not accessible by integration,documentation_url:https://docs.github.com/rest/branches/branch-protection#get-status-checks-protection,status:403} (attempt 15/30)
2026-04-28T04:54:37.6191624Z Still waiting for: {message:Resource not accessible by integration,documentation_url:https://docs.github.com/rest/branches/branch-protection#get-status-checks-protection,status:403} (attempt 16/30)
2026-04-28T04:54:48.1403623Z Still waiting for: {message:Resource not accessible by integration,documentation_url:https://docs.github.com/rest/branches/branch-protection#get-status-checks-protection,status:403} (attempt 17/30)
2026-04-28T04:54:58.6928798Z Still waiting for: {message:Resource not accessible by integration,documentation_url:https://docs.github.com/rest/branches/branch-protection#get-status-checks-protection,status:403} (attempt 18/30)
2026-04-28T04:55:09.2481574Z Still waiting for: {message:Resource not accessible by integration,documentation_url:https://docs.github.com/rest/branches/branch-protection#get-status-checks-protection,status:403} (attempt 19/30)
2026-04-28T04:55:19.7672919Z Still waiting for: {message:Resource not accessible by integration,documentation_url:https://docs.github.com/rest/branches/branch-protection#get-status-checks-protection,status:403} (attempt 20/30)
2026-04-28T04:55:30.2994715Z Still waiting for: {message:Resource not accessible by integration,documentation_url:https://docs.github.com/rest/branches/branch-protection#get-status-checks-protection,status:403} (attempt 21/30)
2026-04-28T04:55:40.8618025Z Still waiting for: {message:Resource not accessible by integration,documentation_url:https://docs.github.com/rest/branches/branch-protection#get-status-checks-protection,status:403} (attempt 22/30)
2026-04-28T04:55:51.3255839Z Still waiting for: {message:Resource not accessible by integration,documentation_url:https://docs.github.com/rest/branches/branch-protection#get-status-checks-protection,status:403} (attempt 23/30)
2026-04-28T04:56:01.9052593Z Still waiting for: {message:Resource not accessible by integration,documentation_url:https://docs.github.com/rest/branches/branch-protection#get-status-checks-protection,status:403} (attempt 24/30)
2026-04-28T04:56:12.4399538Z Still waiting for: {message:Resource not accessible by integration,documentation_url:https://docs.github.com/rest/branches/branch-protection#get-status-checks-protection,status:403} (attempt 25/30)
2026-04-28T04:56:23.0282772Z Still waiting for: {message:Resource not accessible by integration,documentation_url:https://docs.github.com/rest/branches/branch-protection#get-status-checks-protection,status:403} (attempt 26/30)
2026-04-28T04:56:33.5572723Z Still waiting for: {message:Resource not accessible by integration,documentation_url:https://docs.github.com/rest/branches/branch-protection#get-status-checks-protection,status:403} (attempt 27/30)
2026-04-28T04:56:44.1182538Z Still waiting for: {message:Resource not accessible by integration,documentation_url:https://docs.github.com/rest/branches/branch-protection#get-status-checks-protection,status:403} (attempt 28/30)
2026-04-28T04:56:54.7146291Z Still waiting for: {message:Resource not accessible by integration,documentation_url:https://docs.github.com/rest/branches/branch-protection#get-status-checks-protection,status:403} (attempt 29/30)
2026-04-28T04:57:05.3053674Z Still waiting for: {message:Resource not accessible by integration,documentation_url:https://docs.github.com/rest/branches/branch-protection#get-status-checks-protection,status:403} (attempt 30/30)
2026-04-28T04:57:15.3099338Z ##[warning]Some required checks never queued after 5 min: {message:Resource not accessible by integration,documentation_url:https://docs.github.com/rest/branches/branch-protection#get-status-checks-protection,status:403} — proceeding to wait-on-check-action anyway.
2026-04-28T04:57:15.3236068Z ##[group]Run lewagon/wait-on-check-action@ccfb013c15c8afb7bf2b7c028fb74dc5a068cccc
2026-04-28T04:57:15.3236470Z with:
2026-04-28T04:57:15.3236689Z   ref: 494f2f6c6eef6ad1fdecace285178dbbe411cac7
2026-04-28T04:57:15.3236974Z   running-workflow-name: Auto-merge
2026-04-28T04:57:15.3237420Z   repo-token: ***
2026-04-28T04:57:15.3237618Z   wait-interval: 30
2026-04-28T04:57:15.3237840Z   allowed-conclusions: success,skipped,neutral
2026-04-28T04:57:15.3238113Z   verbose: true
2026-04-28T04:57:15.3238301Z env:
2026-04-28T04:57:15.3238458Z   WAIT_INTERVAL: 30
2026-04-28T04:57:15.3238647Z ##[endgroup]
2026-04-28T04:57:15.3357684Z ##[group]Run ruby/setup-ruby@v1
2026-04-28T04:57:15.3357936Z with:
2026-04-28T04:57:15.3358288Z   ruby-version: 3.2
2026-04-28T04:57:15.3358480Z   bundler-cache: false
2026-04-28T04:57:15.3358812Z   token: ***
2026-04-28T04:57:15.3358968Z env:
2026-04-28T04:57:15.3359136Z   WAIT_INTERVAL: 30
2026-04-28T04:57:15.3359310Z ##[endgroup]
2026-04-28T04:57:15.4867986Z ##[group]Modifying PATH
2026-04-28T04:57:15.4868701Z Entries added to PATH to use selected Ruby:
2026-04-28T04:57:15.4869540Z   /opt/hostedtoolcache/Ruby/3.2.11/x64/bin
2026-04-28T04:57:15.4873612Z ##[endgroup]
2026-04-28T04:57:15.4874607Z ##[group]Print Ruby version
2026-04-28T04:57:15.5048735Z [command]/opt/hostedtoolcache/Ruby/3.2.11/x64/bin/ruby --version
2026-04-28T04:57:15.6070652Z ruby 3.2.11 (2026-03-27 revision 5483bfc1ae) [x86_64-linux]
2026-04-28T04:57:15.6092503Z Took   0.12 seconds
2026-04-28T04:57:15.6093246Z ##[endgroup]
2026-04-28T04:57:15.6095232Z ##[group]Installing Bundler
2026-04-28T04:57:15.6098232Z Using Bundler shipped with ruby-3.2.11
2026-04-28T04:57:15.6098871Z Took   0.00 seconds
2026-04-28T04:57:15.6099510Z ##[endgroup]
2026-04-28T04:57:15.6706879Z ##[group]Run actions/cache@v4
2026-04-28T04:57:15.6707270Z with:
2026-04-28T04:57:15.6707881Z   path: /home/runner/work/_actions/lewagon/wait-on-check-action/ccfb013c15c8afb7bf2b7c028fb74dc5a068cccc
2026-04-28T04:57:15.6708622Z   key: Linux-gems-
2026-04-28T04:57:15.6708958Z   restore-keys: Linux-gems-
2026-04-28T04:57:15.6709335Z   enableCrossOsArchive: false
2026-04-28T04:57:15.6709730Z   fail-on-cache-miss: false
2026-04-28T04:57:15.6710109Z   lookup-only: false
2026-04-28T04:57:15.6710438Z   save-always: false
2026-04-28T04:57:15.6710753Z env:
2026-04-28T04:57:15.6711027Z   WAIT_INTERVAL: 30
2026-04-28T04:57:15.6711352Z ##[endgroup]
2026-04-28T04:57:16.0364842Z Cache not found for input keys: Linux-gems-, Linux-gems-
2026-04-28T04:57:16.0416967Z ##[group]Run bundle install --jobs 4 --retry 3
2026-04-28T04:57:16.0417273Z [36;1mbundle install --jobs 4 --retry 3[0m
2026-04-28T04:57:16.0432244Z shell: /usr/bin/bash --noprofile --norc -e -o pipefail {0}
2026-04-28T04:57:16.0432568Z env:
2026-04-28T04:57:16.0432743Z   WAIT_INTERVAL: 30
2026-04-28T04:57:16.0432922Z ##[endgroup]
2026-04-28T04:57:17.2132669Z Bundler 2.4.19 is running, but your lockfile was generated with 2.2.3. Installing Bundler 2.2.3 and restarting using that version.
2026-04-28T04:57:18.7053648Z Fetching gem metadata from https://rubygems.org/.
2026-04-28T04:57:18.7123982Z Fetching bundler 2.2.3
2026-04-28T04:57:18.9220262Z Installing bundler 2.2.3
2026-04-28T04:57:19.0809978Z Calling `DidYouMean::SPELL_CHECKERS.merge!(error_name => spell_checker)' has been deprecated. Please call `DidYouMean.correct_error(error_name, spell_checker)' instead.
2026-04-28T04:57:20.2951191Z Fetching gem metadata from https://rubygems.org/.........
2026-04-28T04:57:20.3039405Z Fetching concurrent-ruby 1.2.2
2026-04-28T04:57:20.3099017Z Fetching minitest 5.18.0
2026-04-28T04:57:20.3321697Z Fetching zeitwerk 2.6.7
2026-04-28T04:57:20.3762586Z Fetching public_suffix 4.0.7
2026-04-28T04:57:20.4437301Z Installing zeitwerk 2.6.7
2026-04-28T04:57:20.4547385Z Installing minitest 5.18.0
2026-04-28T04:57:20.4597886Z Installing public_suffix 4.0.7
2026-04-28T04:57:20.5063717Z Fetching ast 2.4.2
2026-04-28T04:57:20.5070457Z Using bundler 2.2.3
2026-04-28T04:57:20.5074791Z Fetching byebug 11.1.3
2026-04-28T04:57:20.5550931Z Installing concurrent-ruby 1.2.2
2026-04-28T04:57:20.5587420Z Fetching diff-lcs 1.4.4
2026-04-28T04:57:20.6107553Z Installing ast 2.4.2
2026-04-28T04:57:20.6333529Z Fetching faraday-net_http 2.0.3
2026-04-28T04:57:20.6601272Z Installing byebug 11.1.3 with native extensions
2026-04-28T04:57:20.6643218Z Installing diff-lcs 1.4.4
2026-04-28T04:57:20.6896892Z Installing faraday-net_http 2.0.3
2026-04-28T04:57:20.6992377Z Using ruby2_keywords 0.0.5
2026-04-28T04:57:20.6997865Z Fetching json 2.7.1
2026-04-28T04:57:20.7236688Z Fetching language_server-protocol 3.17.0.3
2026-04-28T04:57:20.7570416Z Fetching lint_roller 1.1.0
2026-04-28T04:57:20.8158876Z Installing json 2.7.1 with native extensions
2026-04-28T04:57:20.8178125Z Installing language_server-protocol 3.17.0.3
2026-04-28T04:57:20.8261007Z Installing lint_roller 1.1.0
2026-04-28T04:57:20.8348290Z Fetching parallel 1.24.0
2026-04-28T04:57:20.8994774Z Installing parallel 1.24.0
2026-04-28T04:57:20.9113443Z Fetching racc 1.7.3
2026-04-28T04:57:20.9730867Z Fetching rainbow 3.1.1
2026-04-28T04:57:21.0055398Z Installing racc 1.7.3 with native extensions
2026-04-28T04:57:21.0409333Z Installing rainbow 3.1.1
2026-04-28T04:57:21.0486237Z Fetching regexp_parser 2.8.3
2026-04-28T04:57:21.1370043Z Installing regexp_parser 2.8.3
2026-04-28T04:57:21.1535997Z Fetching rexml 3.2.6
2026-04-28T04:57:21.2262793Z Installing rexml 3.2.6
2026-04-28T04:57:21.3016808Z Fetching rspec-support 3.10.1
2026-04-28T04:57:21.3674690Z Installing rspec-support 3.10.1
2026-04-28T04:57:21.3769234Z Fetching ruby-progressbar 1.13.0
2026-04-28T04:57:21.4415055Z Installing ruby-progressbar 1.13.0
2026-04-28T04:57:21.4542908Z Fetching unicode-display_width 2.5.0
2026-04-28T04:57:21.5341230Z Installing unicode-display_width 2.5.0
2026-04-28T04:57:21.5419281Z Fetching addressable 2.8.0
2026-04-28T04:57:21.6462974Z Installing addressable 2.8.0
2026-04-28T04:57:21.6642695Z Fetching faraday 2.3.0
2026-04-28T04:57:21.7598646Z Installing faraday 2.3.0
2026-04-28T04:57:21.7760684Z Fetching i18n 1.12.0
2026-04-28T04:57:21.8419006Z Installing i18n 1.12.0
2026-04-28T04:57:21.8595376Z Fetching tzinfo 2.0.6
2026-04-28T04:57:21.9532604Z Fetching rspec-core 3.10.1
2026-04-28T04:57:22.0049896Z Installing tzinfo 2.0.6
2026-04-28T04:57:22.0287961Z Fetching rspec-expectations 3.10.1
2026-04-28T04:57:22.1016648Z Installing rspec-core 3.10.1
2026-04-28T04:57:22.1252027Z Installing rspec-expectations 3.10.1
2026-04-28T04:57:22.1632813Z Fetching rspec-mocks 3.10.1
2026-04-28T04:57:22.1878714Z Fetching faraday-retry 2.0.0
2026-04-28T04:57:22.2539569Z Installing faraday-retry 2.0.0
2026-04-28T04:57:22.2586336Z Installing rspec-mocks 3.10.1
2026-04-28T04:57:22.2728945Z Fetching sawyer 0.9.2
2026-04-28T04:57:22.3305188Z Fetching parser 3.2.2.4
2026-04-28T04:57:22.3923041Z Installing sawyer 0.9.2
2026-04-28T04:57:22.4061978Z Fetching activesupport 6.1.7.3
2026-04-28T04:57:22.5311605Z Installing activesupport 6.1.7.3
2026-04-28T04:57:22.5740784Z Installing parser 3.2.2.4
2026-04-28T04:57:22.6876640Z Fetching rspec 3.10.0
2026-04-28T04:57:22.7684568Z Fetching octokit 4.25.0
2026-04-28T04:57:22.7993190Z Installing rspec 3.10.0
2026-04-28T04:57:22.8072959Z Fetching rubocop-ast 1.30.0
2026-04-28T04:57:22.8809927Z Installing octokit 4.25.0
2026-04-28T04:57:22.8978110Z Installing rubocop-ast 1.30.0
2026-04-28T04:57:23.8140773Z Fetching rubocop 1.57.2
2026-04-28T04:57:23.9389387Z Installing rubocop 1.57.2
2026-04-28T04:57:24.0511326Z Fetching rubocop-performance 1.19.1
2026-04-28T04:57:24.0511713Z Fetching standard-custom 1.0.2
2026-04-28T04:57:24.1318513Z Installing standard-custom 1.0.2
2026-04-28T04:57:24.1415012Z Installing rubocop-performance 1.19.1
2026-04-28T04:57:24.1517040Z Fetching standard-performance 1.2.1
2026-04-28T04:57:24.2087946Z Installing standard-performance 1.2.1
2026-04-28T04:57:24.2140840Z Fetching standard 1.32.1
2026-04-28T04:57:24.2765593Z Installing standard 1.32.1
2026-04-28T04:57:24.2926985Z Bundle complete! 6 Gemfile dependencies, 40 gems now installed.
2026-04-28T04:57:24.2928018Z Use `bundle info [gemname]` to see where a bundled gem is installed.
2026-04-28T04:57:24.3356383Z ##[group]Run ruby entrypoint.rb
2026-04-28T04:57:24.3356638Z [36;1mruby entrypoint.rb[0m
2026-04-28T04:57:24.3370263Z shell: /usr/bin/bash --noprofile --norc -e -o pipefail {0}
2026-04-28T04:57:24.3370560Z env:
2026-04-28T04:57:24.3370730Z   WAIT_INTERVAL: 30
2026-04-28T04:57:24.3370944Z   ALLOWED_CONCLUSIONS: success,skipped,neutral
2026-04-28T04:57:24.3371203Z   IGNORE_CHECKS: 
2026-04-28T04:57:24.3371375Z   CHECK_NAME: 
2026-04-28T04:57:24.3371539Z   CHECK_REGEXP: 
2026-04-28T04:57:24.3371748Z   REF: 494f2f6c6eef6ad1fdecace285178dbbe411cac7
2026-04-28T04:57:24.3372464Z   REPO_TOKEN: ***
2026-04-28T04:57:24.3372647Z   VERBOSE: true
2026-04-28T04:57:24.3372842Z   RUNNING_WORKFLOW_NAME: Auto-merge
2026-04-28T04:57:24.3373186Z   API_ENDPOINT: 
2026-04-28T04:57:24.3373358Z ##[endgroup]
2026-04-28T05:01:29.8978585Z Checks running on ref:
2026-04-28T05:01:29.8979181Z Checks in_progress: lint-and-test, autofix, Auto-merge
2026-04-28T05:01:29.8980296Z Checks completed: capture-failure-log, capture-failure-log, e2e, connected-tests, capture-failure-log, cross-device-tests, web-lint-and-test, maybe-label, test
2026-04-28T05:01:29.8981063Z Checks after ignore checks filter:
2026-04-28T05:01:29.8981371Z Checks in_progress: lint-and-test, autofix
2026-04-28T05:01:29.8982432Z Checks completed: capture-failure-log, capture-failure-log, e2e, connected-tests, capture-failure-log, cross-device-tests, web-lint-and-test, maybe-label, test
2026-04-28T05:01:29.8983528Z Checks after check_name filter:
2026-04-28T05:01:29.8983953Z Checks in_progress: lint-and-test, autofix
2026-04-28T05:01:29.8985041Z Checks completed: capture-failure-log, capture-failure-log, e2e, connected-tests, capture-failure-log, cross-device-tests, web-lint-and-test, maybe-label, test
2026-04-28T05:01:29.8986145Z Checks after Regexp filter:
2026-04-28T05:01:29.8986511Z Checks in_progress: lint-and-test, autofix
2026-04-28T05:01:29.8987263Z Checks completed: capture-failure-log, capture-failure-log, e2e, connected-tests, capture-failure-log, cross-device-tests, web-lint-and-test, maybe-label, test
2026-04-28T05:01:29.8988112Z The requested checks aren't complete yet, will check back in 30 seconds...
2026-04-28T05:01:29.8988511Z Checks running on ref:
2026-04-28T05:01:29.8988803Z Checks in_progress: lint-and-test, autofix, Auto-merge
2026-04-28T05:01:29.8989583Z Checks completed: capture-failure-log, capture-failure-log, e2e, connected-tests, capture-failure-log, cross-device-tests, web-lint-and-test, maybe-label, test
2026-04-28T05:01:29.8990314Z Checks after ignore checks filter:
2026-04-28T05:01:29.8990611Z Checks in_progress: lint-and-test, autofix
2026-04-28T05:01:29.8991344Z Checks completed: capture-failure-log, capture-failure-log, e2e, connected-tests, capture-failure-log, cross-device-tests, web-lint-and-test, maybe-label, test
2026-04-28T05:01:29.8992348Z Checks after check_name filter:
2026-04-28T05:01:29.8992636Z Checks in_progress: lint-and-test, autofix
2026-04-28T05:01:29.8993370Z Checks completed: capture-failure-log, capture-failure-log, e2e, connected-tests, capture-failure-log, cross-device-tests, web-lint-and-test, maybe-label, test
2026-04-28T05:01:29.8994103Z Checks after Regexp filter:
2026-04-28T05:01:29.8994381Z Checks in_progress: lint-and-test, autofix
2026-04-28T05:01:29.8995105Z Checks completed: capture-failure-log, capture-failure-log, e2e, connected-tests, capture-failure-log, cross-device-tests, web-lint-and-test, maybe-label, test
2026-04-28T05:01:29.8995944Z The requested checks aren't complete yet, will check back in 30 seconds...
2026-04-28T05:01:29.8996346Z Checks running on ref:
2026-04-28T05:01:29.8996646Z Checks in_progress: lint-and-test, autofix, Auto-merge
2026-04-28T05:01:29.8997423Z Checks completed: capture-failure-log, capture-failure-log, e2e, connected-tests, capture-failure-log, cross-device-tests, web-lint-and-test, maybe-label, test
2026-04-28T05:01:29.8998154Z Checks after ignore checks filter:
2026-04-28T05:01:29.8998778Z Checks in_progress: lint-and-test, autofix
2026-04-28T05:01:29.8999439Z Checks completed: capture-failure-log, capture-failure-log, e2e, connected-tests, capture-failure-log, cross-device-tests, web-lint-and-test, maybe-label, test
2026-04-28T05:01:29.9000051Z Checks after check_name filter:
2026-04-28T05:01:29.9000280Z Checks in_progress: lint-and-test, autofix
2026-04-28T05:01:29.9000885Z Checks completed: capture-failure-log, capture-failure-log, e2e, connected-tests, capture-failure-log, cross-device-tests, web-lint-and-test, maybe-label, test
2026-04-28T05:01:29.9001483Z Checks after Regexp filter:
2026-04-28T05:01:29.9001713Z Checks in_progress: lint-and-test, autofix
2026-04-28T05:01:29.9002542Z Checks completed: capture-failure-log, capture-failure-log, e2e, connected-tests, capture-failure-log, cross-device-tests, web-lint-and-test, maybe-label, test
2026-04-28T05:01:29.9003340Z The requested checks aren't complete yet, will check back in 30 seconds...
2026-04-28T05:01:29.9003684Z Checks running on ref:
2026-04-28T05:01:29.9003926Z Checks in_progress: lint-and-test, autofix, Auto-merge
2026-04-28T05:01:29.9004559Z Checks completed: capture-failure-log, capture-failure-log, e2e, connected-tests, capture-failure-log, cross-device-tests, web-lint-and-test, maybe-label, test
2026-04-28T05:01:29.9005176Z Checks after ignore checks filter:
2026-04-28T05:01:29.9005422Z Checks in_progress: lint-and-test, autofix
2026-04-28T05:01:29.9006024Z Checks completed: capture-failure-log, capture-failure-log, e2e, connected-tests, capture-failure-log, cross-device-tests, web-lint-and-test, maybe-label, test
2026-04-28T05:01:29.9006631Z Checks after check_name filter:
2026-04-28T05:01:29.9006875Z Checks in_progress: lint-and-test, autofix
2026-04-28T05:01:29.9007481Z Checks completed: capture-failure-log, capture-failure-log, e2e, connected-tests, capture-failure-log, cross-device-tests, web-lint-and-test, maybe-label, test
2026-04-28T05:01:29.9008089Z Checks after Regexp filter:
2026-04-28T05:01:29.9008310Z Checks in_progress: lint-and-test, autofix
2026-04-28T05:01:29.9008916Z Checks completed: capture-failure-log, capture-failure-log, e2e, connected-tests, capture-failure-log, cross-device-tests, web-lint-and-test, maybe-label, test
2026-04-28T05:01:29.9009618Z The requested checks aren't complete yet, will check back in 30 seconds...
2026-04-28T05:01:29.9009943Z Checks running on ref:
2026-04-28T05:01:29.9010180Z Checks in_progress: lint-and-test, autofix, Auto-merge
2026-04-28T05:01:29.9010822Z Checks completed: capture-failure-log, capture-failure-log, e2e, connected-tests, capture-failure-log, cross-device-tests, web-lint-and-test, maybe-label, test
2026-04-28T05:01:29.9011420Z Checks after ignore checks filter:
2026-04-28T05:01:29.9011670Z Checks in_progress: lint-and-test, autofix
2026-04-28T05:01:29.9012439Z Checks completed: capture-failure-log, capture-failure-log, e2e, connected-tests, capture-failure-log, cross-device-tests, web-lint-and-test, maybe-label, test
2026-04-28T05:01:29.9013035Z Checks after check_name filter:
2026-04-28T05:01:29.9013310Z Checks in_progress: lint-and-test, autofix
2026-04-28T05:01:29.9013908Z Checks completed: capture-failure-log, capture-failure-log, e2e, connected-tests, capture-failure-log, cross-device-tests, web-lint-and-test, maybe-label, test
2026-04-28T05:01:29.9014516Z Checks after Regexp filter:
2026-04-28T05:01:29.9014747Z Checks in_progress: lint-and-test, autofix
2026-04-28T05:01:29.9015345Z Checks completed: capture-failure-log, capture-failure-log, e2e, connected-tests, capture-failure-log, cross-device-tests, web-lint-and-test, maybe-label, test
2026-04-28T05:01:29.9016049Z The requested checks aren't complete yet, will check back in 30 seconds...
2026-04-28T05:01:29.9016499Z Checks running on ref:
2026-04-28T05:01:29.9016762Z Checks in_progress: lint-and-test, Auto-merge
2026-04-28T05:01:29.9017409Z Checks completed: autofix, capture-failure-log, capture-failure-log, e2e, connected-tests, capture-failure-log, cross-device-tests, web-lint-and-test, maybe-label, test
2026-04-28T05:01:29.9018185Z Checks after ignore checks filter:
2026-04-28T05:01:29.9018435Z Checks in_progress: lint-and-test
2026-04-28T05:01:29.9019046Z Checks completed: autofix, capture-failure-log, capture-failure-log, e2e, connected-tests, capture-failure-log, cross-device-tests, web-lint-and-test, maybe-label, test
2026-04-28T05:01:29.9019689Z Checks after check_name filter:
2026-04-28T05:01:29.9019923Z Checks in_progress: lint-and-test
2026-04-28T05:01:29.9020528Z Checks completed: autofix, capture-failure-log, capture-failure-log, e2e, connected-tests, capture-failure-log, cross-device-tests, web-lint-and-test, maybe-label, test
2026-04-28T05:01:29.9021161Z Checks after Regexp filter:
2026-04-28T05:01:29.9021383Z Checks in_progress: lint-and-test
2026-04-28T05:01:29.9022244Z Checks completed: autofix, capture-failure-log, capture-failure-log, e2e, connected-tests, capture-failure-log, cross-device-tests, web-lint-and-test, maybe-label, test
2026-04-28T05:01:29.9022979Z The requested checks aren't complete yet, will check back in 30 seconds...
2026-04-28T05:01:29.9023312Z Checks running on ref:
2026-04-28T05:01:29.9023528Z Checks in_progress: lint-and-test, Auto-merge
2026-04-28T05:01:29.9024621Z Checks completed: autofix, capture-failure-log, capture-failure-log, e2e, connected-tests, capture-failure-log, cross-device-tests, web-lint-and-test, maybe-label, test
2026-04-28T05:01:29.9025668Z Checks after ignore checks filter:
2026-04-28T05:01:29.9026033Z Checks in_progress: lint-and-test
2026-04-28T05:01:29.9026796Z Checks completed: autofix, capture-failure-log, capture-failure-log, e2e, connected-tests, capture-failure-log, cross-device-tests, web-lint-and-test, maybe-label, test
2026-04-28T05:01:29.9027423Z Checks after check_name filter:
2026-04-28T05:01:29.9027659Z Checks in_progress: lint-and-test
2026-04-28T05:01:29.9028271Z Checks completed: autofix, capture-failure-log, capture-failure-log, e2e, connected-tests, capture-failure-log, cross-device-tests, web-lint-and-test, maybe-label, test
2026-04-28T05:01:29.9028897Z Checks after Regexp filter:
2026-04-28T05:01:29.9029113Z Checks in_progress: lint-and-test
2026-04-28T05:01:29.9029723Z Checks completed: autofix, capture-failure-log, capture-failure-log, e2e, connected-tests, capture-failure-log, cross-device-tests, web-lint-and-test, maybe-label, test
2026-04-28T05:01:29.9030437Z The requested checks aren't complete yet, will check back in 30 seconds...
2026-04-28T05:01:29.9030769Z Checks running on ref:
2026-04-28T05:01:29.9030986Z Checks in_progress: lint-and-test, Auto-merge
2026-04-28T05:01:29.9031629Z Checks completed: autofix, capture-failure-log, capture-failure-log, e2e, connected-tests, capture-failure-log, cross-device-tests, web-lint-and-test, maybe-label, test
2026-04-28T05:01:29.9032468Z Checks after ignore checks filter:
2026-04-28T05:01:29.9032705Z Checks in_progress: lint-and-test
2026-04-28T05:01:29.9033323Z Checks completed: autofix, capture-failure-log, capture-failure-log, e2e, connected-tests, capture-failure-log, cross-device-tests, web-lint-and-test, maybe-label, test
2026-04-28T05:01:29.9033954Z Checks after check_name filter:
2026-04-28T05:01:29.9034168Z Checks in_progress: lint-and-test
2026-04-28T05:01:29.9034780Z Checks completed: autofix, capture-failure-log, capture-failure-log, e2e, connected-tests, capture-failure-log, cross-device-tests, web-lint-and-test, maybe-label, test
2026-04-28T05:01:29.9035414Z Checks after Regexp filter:
2026-04-28T05:01:29.9035625Z Checks in_progress: lint-and-test
2026-04-28T05:01:29.9036240Z Checks completed: autofix, capture-failure-log, capture-failure-log, e2e, connected-tests, capture-failure-log, cross-device-tests, web-lint-and-test, maybe-label, test
2026-04-28T05:01:29.9036962Z The requested checks aren't complete yet, will check back in 30 seconds...
2026-04-28T05:01:29.9037288Z Checks running on ref:
2026-04-28T05:05:34.7394703Z Checks in_progress: lint-and-test, Auto-merge
2026-04-28T05:05:34.7396156Z Checks completed: autofix, capture-failure-log, capture-failure-log, e2e, connected-tests, capture-failure-log, cross-device-tests, web-lint-and-test, maybe-label, test
2026-04-28T05:05:34.7397411Z Checks after ignore checks filter:
2026-04-28T05:05:34.7397896Z Checks in_progress: lint-and-test
2026-04-28T05:05:34.7399181Z Checks completed: autofix, capture-failure-log, capture-failure-log, e2e, connected-tests, capture-failure-log, cross-device-tests, web-lint-and-test, maybe-label, test
2026-04-28T05:05:34.7400638Z Checks after check_name filter:
2026-04-28T05:05:34.7401107Z Checks in_progress: lint-and-test
2026-04-28T05:05:34.7402302Z Checks completed: autofix, capture-failure-log, capture-failure-log, e2e, connected-tests, capture-failure-log, cross-device-tests, web-lint-and-test, maybe-label, test
2026-04-28T05:05:34.7403077Z Checks after Regexp filter:
2026-04-28T05:05:34.7403609Z Checks in_progress: lint-and-test
2026-04-28T05:05:34.7404409Z Checks completed: autofix, capture-failure-log, capture-failure-log, e2e, connected-tests, capture-failure-log, cross-device-tests, web-lint-and-test, maybe-label, test
2026-04-28T05:05:34.7405285Z The requested checks aren't complete yet, will check back in 30 seconds...
2026-04-28T05:05:34.7405680Z Checks running on ref:
2026-04-28T05:05:34.7405948Z Checks in_progress: lint-and-test, Auto-merge
2026-04-28T05:05:34.7406723Z Checks completed: autofix, capture-failure-log, capture-failure-log, e2e, connected-tests, capture-failure-log, cross-device-tests, web-lint-and-test, maybe-label, test
2026-04-28T05:05:34.7407475Z Checks after ignore checks filter:
2026-04-28T05:05:34.7407753Z Checks in_progress: lint-and-test
2026-04-28T05:05:34.7408489Z Checks completed: autofix, capture-failure-log, capture-failure-log, e2e, connected-tests, capture-failure-log, cross-device-tests, web-lint-and-test, maybe-label, test
2026-04-28T05:05:34.7409245Z Checks after check_name filter:
2026-04-28T05:05:34.7409514Z Checks in_progress: lint-and-test
2026-04-28T05:05:34.7410255Z Checks completed: autofix, capture-failure-log, capture-failure-log, e2e, connected-tests, capture-failure-log, cross-device-tests, web-lint-and-test, maybe-label, test
2026-04-28T05:05:34.7411002Z Checks after Regexp filter:
2026-04-28T05:05:34.7411262Z Checks in_progress: lint-and-test
2026-04-28T05:05:34.7412167Z Checks completed: autofix, capture-failure-log, capture-failure-log, e2e, connected-tests, capture-failure-log, cross-device-tests, web-lint-and-test, maybe-label, test
2026-04-28T05:05:34.7413047Z The requested checks aren't complete yet, will check back in 30 seconds...
2026-04-28T05:05:34.7413446Z Checks running on ref:
2026-04-28T05:05:34.7413709Z Checks in_progress: lint-and-test, Auto-merge
2026-04-28T05:05:34.7414490Z Checks completed: autofix, capture-failure-log, capture-failure-log, e2e, connected-tests, capture-failure-log, cross-device-tests, web-lint-and-test, maybe-label, test
2026-04-28T05:05:34.7415260Z Checks after ignore checks filter:
2026-04-28T05:05:34.7415537Z Checks in_progress: lint-and-test
2026-04-28T05:05:34.7416283Z Checks completed: autofix, capture-failure-log, capture-failure-log, e2e, connected-tests, capture-failure-log, cross-device-tests, web-lint-and-test, maybe-label, test
2026-04-28T05:05:34.7417054Z Checks after check_name filter:
2026-04-28T05:05:34.7417312Z Checks in_progress: lint-and-test
2026-04-28T05:05:34.7418054Z Checks completed: autofix, capture-failure-log, capture-failure-log, e2e, connected-tests, capture-failure-log, cross-device-tests, web-lint-and-test, maybe-label, test
2026-04-28T05:05:34.7418806Z Checks after Regexp filter:
2026-04-28T05:05:34.7419057Z Checks in_progress: lint-and-test
2026-04-28T05:05:34.7419789Z Checks completed: autofix, capture-failure-log, capture-failure-log, e2e, connected-tests, capture-failure-log, cross-device-tests, web-lint-and-test, maybe-label, test
2026-04-28T05:05:34.7420647Z The requested checks aren't complete yet, will check back in 30 seconds...
2026-04-28T05:05:34.7421037Z Checks running on ref:
2026-04-28T05:05:34.7421297Z Checks in_progress: lint-and-test, Auto-merge
2026-04-28T05:05:34.7422506Z Checks completed: autofix, capture-failure-log, capture-failure-log, e2e, connected-tests, capture-failure-log, cross-device-tests, web-lint-and-test, maybe-label, test
2026-04-28T05:05:34.7423279Z Checks after ignore checks filter:
2026-04-28T05:05:34.7423554Z Checks in_progress: lint-and-test
2026-04-28T05:05:34.7424277Z Checks completed: autofix, capture-failure-log, capture-failure-log, e2e, connected-tests, capture-failure-log, cross-device-tests, web-lint-and-test, maybe-label, test
2026-04-28T05:05:34.7425033Z Checks after check_name filter:
2026-04-28T05:05:34.7425293Z Checks in_progress: lint-and-test
2026-04-28T05:05:34.7426013Z Checks completed: autofix, capture-failure-log, capture-failure-log, e2e, connected-tests, capture-failure-log, cross-device-tests, web-lint-and-test, maybe-label, test
2026-04-28T05:05:34.7426865Z Checks after Regexp filter:
2026-04-28T05:05:34.7427112Z Checks in_progress: lint-and-test
2026-04-28T05:05:34.7427772Z Checks completed: autofix, capture-failure-log, capture-failure-log, e2e, connected-tests, capture-failure-log, cross-device-tests, web-lint-and-test, maybe-label, test
2026-04-28T05:05:34.7428487Z The requested checks aren't complete yet, will check back in 30 seconds...
2026-04-28T05:05:34.7428799Z Checks running on ref:
2026-04-28T05:05:34.7429019Z Checks in_progress: lint-and-test, Auto-merge
2026-04-28T05:05:34.7429655Z Checks completed: autofix, capture-failure-log, capture-failure-log, e2e, connected-tests, capture-failure-log, cross-device-tests, web-lint-and-test, maybe-label, test
2026-04-28T05:05:34.7430278Z Checks after ignore checks filter:
2026-04-28T05:05:34.7430503Z Checks in_progress: lint-and-test
2026-04-28T05:05:34.7431107Z Checks completed: autofix, capture-failure-log, capture-failure-log, e2e, connected-tests, capture-failure-log, cross-device-tests, web-lint-and-test, maybe-label, test
2026-04-28T05:05:34.7431738Z Checks after check_name filter:
2026-04-28T05:05:34.7432092Z Checks in_progress: lint-and-test
2026-04-28T05:05:34.7432706Z Checks completed: autofix, capture-failure-log, capture-failure-log, e2e, connected-tests, capture-failure-log, cross-device-tests, web-lint-and-test, maybe-label, test
2026-04-28T05:05:34.7433318Z Checks after Regexp filter:
2026-04-28T05:05:34.7433534Z Checks in_progress: lint-and-test
2026-04-28T05:05:34.7434165Z Checks completed: autofix, capture-failure-log, capture-failure-log, e2e, connected-tests, capture-failure-log, cross-device-tests, web-lint-and-test, maybe-label, test
2026-04-28T05:05:34.7434883Z The requested checks aren't complete yet, will check back in 30 seconds...
2026-04-28T05:05:34.7435214Z Checks running on ref:
2026-04-28T05:05:34.7435430Z Checks in_progress: lint-and-test, Auto-merge
2026-04-28T05:05:34.7436072Z Checks completed: autofix, capture-failure-log, capture-failure-log, e2e, connected-tests, capture-failure-log, cross-device-tests, web-lint-and-test, maybe-label, test
2026-04-28T05:05:34.7436711Z Checks after ignore checks filter:
2026-04-28T05:05:34.7436927Z Checks in_progress: lint-and-test
2026-04-28T05:05:34.7437542Z Checks completed: autofix, capture-failure-log, capture-failure-log, e2e, connected-tests, capture-failure-log, cross-device-tests, web-lint-and-test, maybe-label, test
2026-04-28T05:05:34.7438172Z Checks after check_name filter:
2026-04-28T05:05:34.7438384Z Checks in_progress: lint-and-test
2026-04-28T05:05:34.7438989Z Checks completed: autofix, capture-failure-log, capture-failure-log, e2e, connected-tests, capture-failure-log, cross-device-tests, web-lint-and-test, maybe-label, test
2026-04-28T05:05:34.7439617Z Checks after Regexp filter:
2026-04-28T05:05:34.7439821Z Checks in_progress: lint-and-test
2026-04-28T05:05:34.7440426Z Checks completed: autofix, capture-failure-log, capture-failure-log, e2e, connected-tests, capture-failure-log, cross-device-tests, web-lint-and-test, maybe-label, test
2026-04-28T05:05:34.7441143Z The requested checks aren't complete yet, will check back in 30 seconds...
2026-04-28T05:05:34.7441473Z Checks running on ref:
2026-04-28T05:05:34.7441870Z Checks in_progress: lint-and-test, Auto-merge
2026-04-28T05:05:34.7442574Z Checks completed: autofix, capture-failure-log, capture-failure-log, e2e, connected-tests, capture-failure-log, cross-device-tests, web-lint-and-test, maybe-label, test
2026-04-28T05:05:34.7443214Z Checks after ignore checks filter:
2026-04-28T05:05:34.7443450Z Checks in_progress: lint-and-test
2026-04-28T05:05:34.7444051Z Checks completed: autofix, capture-failure-log, capture-failure-log, e2e, connected-tests, capture-failure-log, cross-device-tests, web-lint-and-test, maybe-label, test
2026-04-28T05:05:34.7444682Z Checks after check_name filter:
2026-04-28T05:05:34.7444906Z Checks in_progress: lint-and-test
2026-04-28T05:05:34.7445504Z Checks completed: autofix, capture-failure-log, capture-failure-log, e2e, connected-tests, capture-failure-log, cross-device-tests, web-lint-and-test, maybe-label, test
2026-04-28T05:05:34.7446210Z Checks after Regexp filter:
2026-04-28T05:05:34.7446420Z Checks in_progress: lint-and-test
2026-04-28T05:05:34.7447017Z Checks completed: autofix, capture-failure-log, capture-failure-log, e2e, connected-tests, capture-failure-log, cross-device-tests, web-lint-and-test, maybe-label, test
2026-04-28T05:05:34.7447732Z The requested checks aren't complete yet, will check back in 30 seconds...
2026-04-28T05:05:34.7448048Z Checks running on ref:
2026-04-28T05:05:34.7448262Z Checks in_progress: lint-and-test, Auto-merge
2026-04-28T05:05:34.7448897Z Checks completed: autofix, capture-failure-log, capture-failure-log, e2e, connected-tests, capture-failure-log, cross-device-tests, web-lint-and-test, maybe-label, test
2026-04-28T05:05:34.7449515Z Checks after ignore checks filter:
2026-04-28T05:05:34.7449746Z Checks in_progress: lint-and-test
2026-04-28T05:05:34.7450357Z Checks completed: autofix, capture-failure-log, capture-failure-log, e2e, connected-tests, capture-failure-log, cross-device-tests, web-lint-and-test, maybe-label, test
2026-04-28T05:05:34.7450970Z Checks after check_name filter:
2026-04-28T05:05:34.7451189Z Checks in_progress: lint-and-test
2026-04-28T05:05:34.7451903Z Checks completed: autofix, capture-failure-log, capture-failure-log, e2e, connected-tests, capture-failure-log, cross-device-tests, web-lint-and-test, maybe-label, test
2026-04-28T05:05:34.7452556Z Checks after Regexp filter:
2026-04-28T05:05:34.7452766Z Checks in_progress: lint-and-test
2026-04-28T05:05:34.7453364Z Checks completed: autofix, capture-failure-log, capture-failure-log, e2e, connected-tests, capture-failure-log, cross-device-tests, web-lint-and-test, maybe-label, test
2026-04-28T05:05:34.7454084Z The requested checks aren't complete yet, will check back in 30 seconds...
2026-04-28T05:05:34.7454412Z Checks running on ref:
2026-04-28T05:05:34.7454626Z Checks in_progress: lint-and-test, Auto-merge
2026-04-28T05:06:05.3135047Z Checks completed: autofix, capture-failure-log, capture-failure-log, e2e, connected-tests, capture-failure-log, cross-device-tests, web-lint-and-test, maybe-label, test
2026-04-28T05:06:05.3136351Z Checks after ignore checks filter:
2026-04-28T05:06:05.3136846Z Checks in_progress: lint-and-test
2026-04-28T05:06:05.3138131Z Checks completed: autofix, capture-failure-log, capture-failure-log, e2e, connected-tests, capture-failure-log, cross-device-tests, web-lint-and-test, maybe-label, test
2026-04-28T05:06:05.3139594Z Checks after check_name filter:
2026-04-28T05:06:05.3140062Z Checks in_progress: lint-and-test
2026-04-28T05:06:05.3140843Z Checks completed: autofix, capture-failure-log, capture-failure-log, e2e, connected-tests, capture-failure-log, cross-device-tests, web-lint-and-test, maybe-label, test
2026-04-28T05:06:05.3141599Z Checks after Regexp filter:
2026-04-28T05:06:05.3142102Z Checks in_progress: lint-and-test
2026-04-28T05:06:05.3142844Z Checks completed: autofix, capture-failure-log, capture-failure-log, e2e, connected-tests, capture-failure-log, cross-device-tests, web-lint-and-test, maybe-label, test
2026-04-28T05:06:05.3143738Z The requested checks aren't complete yet, will check back in 30 seconds...
2026-04-28T05:06:05.3144466Z Checks running on ref:
2026-04-28T05:06:05.3145369Z Checks completed: capture-failure-log / capture, lint-and-test, autofix, capture-failure-log, capture-failure-log, e2e, connected-tests, capture-failure-log, cross-device-tests, web-lint-and-test, maybe-label, test
2026-04-28T05:06:05.3146316Z Checks in_progress: Auto-merge
2026-04-28T05:06:05.3146585Z Checks after ignore checks filter:
2026-04-28T05:06:05.3147491Z Checks completed: capture-failure-log / capture, lint-and-test, autofix, capture-failure-log, capture-failure-log, e2e, connected-tests, capture-failure-log, cross-device-tests, web-lint-and-test, maybe-label, test
2026-04-28T05:06:05.3148424Z Checks after check_name filter:
2026-04-28T05:06:05.3149170Z Checks completed: capture-failure-log / capture, lint-and-test, autofix, capture-failure-log, capture-failure-log, e2e, connected-tests, capture-failure-log, cross-device-tests, web-lint-and-test, maybe-label, test
2026-04-28T05:06:05.3150034Z Checks after Regexp filter:
2026-04-28T05:06:05.3150780Z Checks completed: capture-failure-log / capture, lint-and-test, autofix, capture-failure-log, capture-failure-log, e2e, connected-tests, capture-failure-log, cross-device-tests, web-lint-and-test, maybe-label, test
2026-04-28T05:06:05.3151537Z Checks completed:
2026-04-28T05:06:05.3151764Z capture-failure-log / capture: completed (success)
2026-04-28T05:06:05.3152166Z lint-and-test: completed (success)
2026-04-28T05:06:05.3152395Z autofix: completed (failure)
2026-04-28T05:06:05.3152631Z capture-failure-log: completed (skipped)
2026-04-28T05:06:05.3152896Z capture-failure-log: completed (skipped)
2026-04-28T05:06:05.3153139Z e2e: completed (success)
2026-04-28T05:06:05.3153360Z connected-tests: completed (skipped)
2026-04-28T05:06:05.3153614Z capture-failure-log: completed (skipped)
2026-04-28T05:06:05.3153869Z cross-device-tests: completed (skipped)
2026-04-28T05:06:05.3154127Z web-lint-and-test: completed (success)
2026-04-28T05:06:05.3154362Z maybe-label: completed (success)
2026-04-28T05:06:05.3154585Z test: completed (success)
2026-04-28T05:06:05.3155166Z The conclusion of one or more checks were not allowed. Allowed conclusions are: success, skipped, neutral. This can be configured with the 'allowed-conclusions' param.
2026-04-28T05:06:05.3210237Z ##[error]Process completed with exit code 1.
2026-04-28T05:06:05.3309039Z Post job cleanup.
2026-04-28T05:06:05.3358221Z Cleaning up orphan processes
2026-04-28T05:06:05.3565966Z ##[warning]Node.js 20 actions are deprecated. The following actions are running on Node.js 20 and may not work as expected: actions/cache@v4. Actions will be forced to run with Node.js 24 by default starting June 2nd, 2026. Node.js 20 will be removed from the runner on September 16th, 2026. Please check if updated versions of these actions are available that support Node.js 24. To opt into Node.js 24 now, set the FORCE_JAVASCRIPT_ACTIONS_TO_NODE24=true environment variable on the runner or in your workflow file. Once Node.js 24 becomes the default, you can temporarily opt out by setting ACTIONS_ALLOW_USE_UNSECURE_NODE_VERSION=true. For more information see: https://github.blog/changelog/2025-09-19-deprecation-of-node-20-on-github-actions-runners/
