=== CI FAILURE ===
Workflow:      Auto-merge & Release
Workflow file: averycorp/prismTask/.github/workflows/auto-merge.yml@refs/pull/940/merge
Job(s):        Auto-merge
Run ID:        25092651559
Run attempt:   1
Run URL:       https://github.com/averycorp/prismTask/actions/runs/25092651559
Commit:        844606e6a6b08f6e3a391dde9f5cb56f3d678e42
Branch:        940/merge
Event:         pull_request
Actor:         akarlin3
Runner OS:     Linux
Timestamp:     2026-04-29T05:36:01.486Z

Failed steps:
  - Auto-merge: #4 Wait for all other CI checks to pass

=== FAILED JOB LOG ===

--- Job: Auto-merge (id 73522060200) ---
2026-04-29T05:33:45.5170764Z Current runner version: '2.334.0'
2026-04-29T05:33:45.5196758Z ##[group]Runner Image Provisioner
2026-04-29T05:33:45.5197624Z Hosted Compute Agent
2026-04-29T05:33:45.5198235Z Version: 20260213.493
2026-04-29T05:33:45.5198857Z Commit: 5c115507f6dd24b8de37d8bbe0bb4509d0cc0fa3
2026-04-29T05:33:45.5199593Z Build Date: 2026-02-13T00:28:41Z
2026-04-29T05:33:45.5200262Z Worker ID: {8dac01b7-ebee-4443-8e5f-5daced63e8f5}
2026-04-29T05:33:45.5201011Z Azure Region: westcentralus
2026-04-29T05:33:45.5201845Z ##[endgroup]
2026-04-29T05:33:45.5203340Z ##[group]Operating System
2026-04-29T05:33:45.5204012Z Ubuntu
2026-04-29T05:33:45.5204515Z 24.04.4
2026-04-29T05:33:45.5204945Z LTS
2026-04-29T05:33:45.5205453Z ##[endgroup]
2026-04-29T05:33:45.5205946Z ##[group]Runner Image
2026-04-29T05:33:45.5206534Z Image: ubuntu-24.04
2026-04-29T05:33:45.5207084Z Version: 20260413.86.1
2026-04-29T05:33:45.5208248Z Included Software: https://github.com/actions/runner-images/blob/ubuntu24/20260413.86/images/ubuntu/Ubuntu2404-Readme.md
2026-04-29T05:33:45.5209784Z Image Release: https://github.com/actions/runner-images/releases/tag/ubuntu24%2F20260413.86
2026-04-29T05:33:45.5210861Z ##[endgroup]
2026-04-29T05:33:45.5212591Z ##[group]GITHUB_TOKEN Permissions
2026-04-29T05:33:45.5214705Z Actions: read
2026-04-29T05:33:45.5215294Z Checks: read
2026-04-29T05:33:45.5215766Z Contents: write
2026-04-29T05:33:45.5216398Z Metadata: read
2026-04-29T05:33:45.5216940Z PullRequests: write
2026-04-29T05:33:45.5217504Z ##[endgroup]
2026-04-29T05:33:45.5219768Z Secret source: Actions
2026-04-29T05:33:45.5220443Z Prepare workflow directory
2026-04-29T05:33:45.5682839Z Prepare all required actions
2026-04-29T05:33:45.5720491Z Getting action download info
2026-04-29T05:33:45.9792537Z Download action repository 'lewagon/wait-on-check-action@ccfb013c15c8afb7bf2b7c028fb74dc5a068cccc' (SHA:ccfb013c15c8afb7bf2b7c028fb74dc5a068cccc)
2026-04-29T05:33:46.6318628Z Getting action download info
2026-04-29T05:33:46.8215245Z Download action repository 'ruby/setup-ruby@v1' (SHA:c4e5b1316158f92e3d49443a9d58b31d25ac0f8f)
2026-04-29T05:33:47.6357103Z Download action repository 'actions/cache@v4' (SHA:0057852bfaa89a56745cba8c7296529d2fc39830)
2026-04-29T05:33:47.7886812Z Complete job name: Auto-merge
2026-04-29T05:33:47.8613790Z ##[group]Run set -euo pipefail
2026-04-29T05:33:47.8614944Z [36;1mset -euo pipefail[0m
2026-04-29T05:33:47.8616287Z [36;1m# Audit item #5 — poll check-runs for up to 60s instead of a bare[0m
2026-04-29T05:33:47.8618082Z [36;1m# 20s sleep. On a busy runner cohort the initial 20s wasn't enough[0m
2026-04-29T05:33:47.8619839Z [36;1m# for the API to reflect queued workflow runs, which could merge[0m
2026-04-29T05:33:47.8621770Z [36;1m# PRs without waiting for CI. Bail out early as soon as ≥1 real[0m
2026-04-29T05:33:47.8623198Z [36;1m# check shows up.[0m
2026-04-29T05:33:47.8624103Z [36;1mCOUNT=0[0m
2026-04-29T05:33:47.8624919Z [36;1mfor i in $(seq 1 6); do[0m
2026-04-29T05:33:47.8625870Z [36;1m  sleep 10[0m
2026-04-29T05:33:47.8627012Z [36;1m  COUNT=$(gh api "repos/$REPO/commits/$HEAD_SHA/check-runs" \[0m
2026-04-29T05:33:47.8628741Z [36;1m    --jq '[.check_runs[] | select(.name != "Auto-merge")] | length')[0m
2026-04-29T05:33:47.8630199Z [36;1m  if [ "$COUNT" -gt 0 ]; then[0m
2026-04-29T05:33:47.8631517Z [36;1m    echo "Found $COUNT non-Auto-merge check(s) after ${i}0s"[0m
2026-04-29T05:33:47.8633226Z [36;1m    break[0m
2026-04-29T05:33:47.8634033Z [36;1m  fi[0m
2026-04-29T05:33:47.8635023Z [36;1m  echo "No non-Auto-merge checks yet (attempt $i/6)"[0m
2026-04-29T05:33:47.8636248Z [36;1mdone[0m
2026-04-29T05:33:47.8637034Z [36;1mif [ "$COUNT" -gt 0 ]; then[0m
2026-04-29T05:33:47.8638129Z [36;1m  echo "has_ci=true" >> "$GITHUB_OUTPUT"[0m
2026-04-29T05:33:47.8639213Z [36;1melse[0m
2026-04-29T05:33:47.8640079Z [36;1m  echo "has_ci=false" >> "$GITHUB_OUTPUT"[0m
2026-04-29T05:33:47.8641722Z [36;1m  echo "No CI checks on this PR after 60s — will merge without waiting."[0m
2026-04-29T05:33:47.8643129Z [36;1mfi[0m
2026-04-29T05:33:47.8670145Z shell: /usr/bin/bash -e {0}
2026-04-29T05:33:47.8671334Z env:
2026-04-29T05:33:47.8672576Z   WAIT_INTERVAL: 15
2026-04-29T05:33:47.8673829Z   GH_TOKEN: ***
2026-04-29T05:33:47.8674751Z   HEAD_SHA: 97bdf1e648c2f9ac587e41f6e1de67efcfd47a42
2026-04-29T05:33:47.8676031Z   REPO: averycorp/prismTask
2026-04-29T05:33:47.8676898Z ##[endgroup]
2026-04-29T05:33:58.4535910Z Found 11 non-Auto-merge check(s) after 10s
2026-04-29T05:33:58.4648532Z ##[group]Run set -euo pipefail
2026-04-29T05:33:58.4648901Z [36;1mset -euo pipefail[0m
2026-04-29T05:33:58.4649320Z [36;1mREQUIRED=$(gh api "repos/$REPO/branches/main/protection/required_status_checks" \[0m
2026-04-29T05:33:58.4649790Z [36;1m  --jq '.contexts[]' 2>/dev/null || true)[0m
2026-04-29T05:33:58.4650090Z [36;1mif [ -z "$REQUIRED" ]; then[0m
2026-04-29T05:33:58.4650608Z [36;1m  echo "::warning::Could not query branch protection (likely a permission issue) — using hardcoded fallback list."[0m
2026-04-29T05:33:58.4651145Z [36;1m  REQUIRED="$FALLBACK_REQUIRED"[0m
2026-04-29T05:33:58.4651415Z [36;1mfi[0m
2026-04-29T05:33:58.4652065Z [36;1m# Strip Auto-merge from the required list so we don't wait on[0m
2026-04-29T05:33:58.4652517Z [36;1m# ourselves (it's listed because we ARE the running workflow).[0m
2026-04-29T05:33:58.4653009Z [36;1mREQUIRED=$(echo "$REQUIRED" | grep -vE '^\s*Auto-merge\s*$' | grep -vE '^\s*$' || true)[0m
2026-04-29T05:33:58.4653461Z [36;1mif [ -z "$REQUIRED" ]; then[0m
2026-04-29T05:33:58.4653847Z [36;1m  echo "No required checks beyond Auto-merge; skipping queue wait."[0m
2026-04-29T05:33:58.4654203Z [36;1m  exit 0[0m
2026-04-29T05:33:58.4654412Z [36;1mfi[0m
2026-04-29T05:33:58.4654641Z [36;1mecho "Waiting until these required checks queue:"[0m
2026-04-29T05:33:58.4654953Z [36;1mecho "$REQUIRED" | sed 's/^/  /'[0m
2026-04-29T05:33:58.4655288Z [36;1m# Audit PR #876 → CI pathway efficiency: this loop was burning[0m
2026-04-29T05:33:58.4655692Z [36;1m# ~315s/PR (PR #874 run 25035518360 + PR #873 run 25035513300)[0m
2026-04-29T05:33:58.4656121Z [36;1m# while underlying required checks were observably complete in[0m
2026-04-29T05:33:58.4656547Z [36;1m# ~30s. Mean job wall-clock was 343s with std-dev ~7s across 10[0m
2026-04-29T05:33:58.4656964Z [36;1m# runs — i.e. the loop almost always ran to its 5-minute ceiling.[0m
2026-04-29T05:33:58.4657360Z [36;1m# Two compensating mitigations + diagnostics:[0m
2026-04-29T05:33:58.4657639Z [36;1m#[0m
2026-04-29T05:33:58.4657906Z [36;1m#   (a) Cap dropped 30 → 18 attempts at 5s interval = 90s ceiling[0m
2026-04-29T05:33:58.4658292Z [36;1m#       (still > 2× the 43s race window from PR #804).[0m
2026-04-29T05:33:58.4658676Z [36;1m#   (b) Poll interval dropped 10s → 5s for faster detection.[0m
2026-04-29T05:33:58.4659108Z [36;1m#   (c) Per-iteration diagnostic prints MISSING + visible CHECK_RUNS[0m
2026-04-29T05:33:58.4659585Z [36;1m#       so future investigation can pinpoint the matching mismatch[0m
2026-04-29T05:33:58.4660037Z [36;1m#       (the immediate root-cause was not yet identified — the[0m
2026-04-29T05:33:58.4660447Z [36;1m#       MISSING list never empties even though CHECK_RUNS clearly[0m
2026-04-29T05:33:58.4660862Z [36;1m#       contains every REQUIRED name. Likely a trim/encoding edge[0m
2026-04-29T05:33:58.4661341Z [36;1m#       case in the comparison loop, but observability beats[0m
2026-04-29T05:33:58.4662919Z [36;1m#       guessing).[0m
2026-04-29T05:33:58.4663174Z [36;1mfor attempt in $(seq 1 18); do[0m
2026-04-29T05:33:58.4663554Z [36;1m  CHECK_RUNS=$(gh api --paginate "repos/$REPO/commits/$HEAD_SHA/check-runs" \[0m
2026-04-29T05:33:58.4663976Z [36;1m    --jq '.check_runs[].name' | sort -u)[0m
2026-04-29T05:33:58.4664247Z [36;1m  MISSING=""[0m
2026-04-29T05:33:58.4664450Z [36;1m  while IFS= read -r req; do[0m
2026-04-29T05:33:58.4664694Z [36;1m    [ -z "$req" ] && continue[0m
2026-04-29T05:33:58.4664977Z [36;1m    req_trimmed=$(echo "$req" | xargs)[0m
2026-04-29T05:33:58.4665305Z [36;1m    if ! echo "$CHECK_RUNS" | grep -qxF "$req_trimmed"; then[0m
2026-04-29T05:33:58.4665858Z [36;1m      MISSING="$MISSING $req_trimmed"[0m
2026-04-29T05:33:58.4666111Z [36;1m    fi[0m
2026-04-29T05:33:58.4666290Z [36;1m  done <<< "$REQUIRED"[0m
2026-04-29T05:33:58.4666521Z [36;1m  if [ -z "$MISSING" ]; then[0m
2026-04-29T05:33:58.4666945Z [36;1m    echo "All required checks have queued after attempt $attempt (~$((attempt * 5))s)."[0m
2026-04-29T05:33:58.4667514Z [36;1m    exit 0[0m
2026-04-29T05:33:58.4667715Z [36;1m  fi[0m
2026-04-29T05:33:58.4667957Z [36;1m  echo "Attempt $attempt/18 — still missing:$MISSING"[0m
2026-04-29T05:33:58.4668389Z [36;1m  echo "  Visible check-runs: $(echo "$CHECK_RUNS" | tr '\n' ',' | sed 's/,$//')"[0m
2026-04-29T05:33:58.4668769Z [36;1m  sleep 5[0m
2026-04-29T05:33:58.4668950Z [36;1mdone[0m
2026-04-29T05:33:58.4669393Z [36;1mecho "::warning::Some required checks never queued after 90s:$MISSING — proceeding to wait-on-check-action anyway."[0m
2026-04-29T05:33:58.4690435Z shell: /usr/bin/bash -e {0}
2026-04-29T05:33:58.4690682Z env:
2026-04-29T05:33:58.4690846Z   WAIT_INTERVAL: 15
2026-04-29T05:33:58.4691260Z   GH_TOKEN: ***
2026-04-29T05:33:58.4691497Z   HEAD_SHA: 97bdf1e648c2f9ac587e41f6e1de67efcfd47a42
2026-04-29T05:33:58.4692094Z   REPO: averycorp/prismTask
2026-04-29T05:33:58.4692445Z   FALLBACK_REQUIRED: lint-and-test
connected-tests
test
web-lint-and-test

2026-04-29T05:33:58.4692836Z ##[endgroup]
2026-04-29T05:33:58.7914277Z Waiting until these required checks queue:
2026-04-29T05:33:58.7928439Z   {"message":"Resource not accessible by integration","documentation_url":"https://docs.github.com/rest/branches/branch-protection#get-status-checks-protection","status":"403"}
2026-04-29T05:33:59.5822326Z Attempt 1/18 — still missing: {message:Resource not accessible by integration,documentation_url:https://docs.github.com/rest/branches/branch-protection#get-status-checks-protection,status:403}
2026-04-29T05:33:59.5846077Z   Visible check-runs: Auto-merge,autofix,capture-failure-log,connected-tests,cross-device-tests,e2e,lint-and-test,maybe-label,test,web-lint-and-test
2026-04-29T05:34:05.1770769Z Attempt 2/18 — still missing: {message:Resource not accessible by integration,documentation_url:https://docs.github.com/rest/branches/branch-protection#get-status-checks-protection,status:403}
2026-04-29T05:34:05.1793186Z   Visible check-runs: Auto-merge,autofix,capture-failure-log,connected-tests,cross-device-tests,e2e,lint-and-test,maybe-label,test,web-lint-and-test
2026-04-29T05:34:10.7592437Z Attempt 3/18 — still missing: {message:Resource not accessible by integration,documentation_url:https://docs.github.com/rest/branches/branch-protection#get-status-checks-protection,status:403}
2026-04-29T05:34:10.7613707Z   Visible check-runs: Auto-merge,autofix,capture-failure-log,connected-tests,cross-device-tests,e2e,lint-and-test,maybe-label,test,web-lint-and-test
2026-04-29T05:34:16.3512576Z Attempt 4/18 — still missing: {message:Resource not accessible by integration,documentation_url:https://docs.github.com/rest/branches/branch-protection#get-status-checks-protection,status:403}
2026-04-29T05:34:16.3534628Z   Visible check-runs: Auto-merge,autofix,capture-failure-log,connected-tests,cross-device-tests,e2e,lint-and-test,maybe-label,test,web-lint-and-test
2026-04-29T05:34:21.9552730Z Attempt 5/18 — still missing: {message:Resource not accessible by integration,documentation_url:https://docs.github.com/rest/branches/branch-protection#get-status-checks-protection,status:403}
2026-04-29T05:34:21.9573494Z   Visible check-runs: Auto-merge,autofix,capture-failure-log,connected-tests,cross-device-tests,e2e,lint-and-test,maybe-label,test,web-lint-and-test
2026-04-29T05:34:27.5013504Z Attempt 6/18 — still missing: {message:Resource not accessible by integration,documentation_url:https://docs.github.com/rest/branches/branch-protection#get-status-checks-protection,status:403}
2026-04-29T05:34:27.5033709Z   Visible check-runs: Auto-merge,autofix,capture-failure-log,connected-tests,cross-device-tests,e2e,lint-and-test,maybe-label,test,web-lint-and-test
2026-04-29T05:34:33.0653417Z Attempt 7/18 — still missing: {message:Resource not accessible by integration,documentation_url:https://docs.github.com/rest/branches/branch-protection#get-status-checks-protection,status:403}
2026-04-29T05:34:33.0674148Z   Visible check-runs: Auto-merge,autofix,capture-failure-log,connected-tests,cross-device-tests,e2e,lint-and-test,maybe-label,test,web-lint-and-test
2026-04-29T05:34:38.6438797Z Attempt 8/18 — still missing: {message:Resource not accessible by integration,documentation_url:https://docs.github.com/rest/branches/branch-protection#get-status-checks-protection,status:403}
2026-04-29T05:34:38.6460120Z   Visible check-runs: Auto-merge,autofix,capture-failure-log,connected-tests,cross-device-tests,e2e,lint-and-test,maybe-label,test,web-lint-and-test
2026-04-29T05:34:44.2354578Z Attempt 9/18 — still missing: {message:Resource not accessible by integration,documentation_url:https://docs.github.com/rest/branches/branch-protection#get-status-checks-protection,status:403}
2026-04-29T05:34:44.2379221Z   Visible check-runs: Auto-merge,autofix,capture-failure-log,connected-tests,cross-device-tests,e2e,lint-and-test,maybe-label,test,web-lint-and-test
2026-04-29T05:34:49.7620137Z Attempt 10/18 — still missing: {message:Resource not accessible by integration,documentation_url:https://docs.github.com/rest/branches/branch-protection#get-status-checks-protection,status:403}
2026-04-29T05:34:49.7644951Z   Visible check-runs: Auto-merge,autofix,capture-failure-log,connected-tests,cross-device-tests,e2e,lint-and-test,maybe-label,test,web-lint-and-test
2026-04-29T05:34:55.2971226Z Attempt 11/18 — still missing: {message:Resource not accessible by integration,documentation_url:https://docs.github.com/rest/branches/branch-protection#get-status-checks-protection,status:403}
2026-04-29T05:34:55.2997584Z   Visible check-runs: Auto-merge,autofix,capture-failure-log,connected-tests,cross-device-tests,e2e,lint-and-test,maybe-label,test,web-lint-and-test
2026-04-29T05:35:00.8220959Z Attempt 12/18 — still missing: {message:Resource not accessible by integration,documentation_url:https://docs.github.com/rest/branches/branch-protection#get-status-checks-protection,status:403}
2026-04-29T05:35:00.8243427Z   Visible check-runs: Auto-merge,autofix,capture-failure-log,connected-tests,cross-device-tests,e2e,lint-and-test,maybe-label,test,web-lint-and-test
2026-04-29T05:35:06.3676486Z Attempt 13/18 — still missing: {message:Resource not accessible by integration,documentation_url:https://docs.github.com/rest/branches/branch-protection#get-status-checks-protection,status:403}
2026-04-29T05:35:06.3698675Z   Visible check-runs: Auto-merge,autofix,capture-failure-log,connected-tests,cross-device-tests,e2e,lint-and-test,maybe-label,test,web-lint-and-test
2026-04-29T05:35:11.9055274Z Attempt 14/18 — still missing: {message:Resource not accessible by integration,documentation_url:https://docs.github.com/rest/branches/branch-protection#get-status-checks-protection,status:403}
2026-04-29T05:35:11.9078683Z   Visible check-runs: Auto-merge,autofix,capture-failure-log,connected-tests,cross-device-tests,e2e,lint-and-test,maybe-label,test,web-lint-and-test
2026-04-29T05:35:17.4677172Z Attempt 15/18 — still missing: {message:Resource not accessible by integration,documentation_url:https://docs.github.com/rest/branches/branch-protection#get-status-checks-protection,status:403}
2026-04-29T05:35:17.4699084Z   Visible check-runs: Auto-merge,autofix,capture-failure-log,connected-tests,cross-device-tests,e2e,lint-and-test,maybe-label,test,web-lint-and-test
2026-04-29T05:35:23.0064136Z Attempt 16/18 — still missing: {message:Resource not accessible by integration,documentation_url:https://docs.github.com/rest/branches/branch-protection#get-status-checks-protection,status:403}
2026-04-29T05:35:23.0087875Z   Visible check-runs: Auto-merge,autofix,capture-failure-log,connected-tests,cross-device-tests,e2e,lint-and-test,maybe-label,test,web-lint-and-test
2026-04-29T05:35:28.5484926Z Attempt 17/18 — still missing: {message:Resource not accessible by integration,documentation_url:https://docs.github.com/rest/branches/branch-protection#get-status-checks-protection,status:403}
2026-04-29T05:35:28.5510974Z   Visible check-runs: Auto-merge,autofix,capture-failure-log,connected-tests,cross-device-tests,e2e,lint-and-test,maybe-label,test,web-lint-and-test
2026-04-29T05:35:34.0745092Z Attempt 18/18 — still missing: {message:Resource not accessible by integration,documentation_url:https://docs.github.com/rest/branches/branch-protection#get-status-checks-protection,status:403}
2026-04-29T05:35:34.0765676Z   Visible check-runs: Auto-merge,autofix,capture-failure-log,connected-tests,cross-device-tests,e2e,lint-and-test,maybe-label,test,web-lint-and-test
2026-04-29T05:35:39.0815990Z ##[warning]Some required checks never queued after 90s: {message:Resource not accessible by integration,documentation_url:https://docs.github.com/rest/branches/branch-protection#get-status-checks-protection,status:403} — proceeding to wait-on-check-action anyway.
2026-04-29T05:35:39.1028967Z ##[group]Run lewagon/wait-on-check-action@ccfb013c15c8afb7bf2b7c028fb74dc5a068cccc
2026-04-29T05:35:39.1029384Z with:
2026-04-29T05:35:39.1029586Z   ref: 97bdf1e648c2f9ac587e41f6e1de67efcfd47a42
2026-04-29T05:35:39.1029867Z   running-workflow-name: Auto-merge
2026-04-29T05:35:39.1030320Z   repo-token: ***
2026-04-29T05:35:39.1030503Z   wait-interval: 15
2026-04-29T05:35:39.1030724Z   allowed-conclusions: success,skipped,neutral
2026-04-29T05:35:39.1030987Z   verbose: true
2026-04-29T05:35:39.1031144Z env:
2026-04-29T05:35:39.1031296Z   WAIT_INTERVAL: 15
2026-04-29T05:35:39.1031460Z ##[endgroup]
2026-04-29T05:35:39.1159439Z ##[group]Run ruby/setup-ruby@v1
2026-04-29T05:35:39.1159692Z with:
2026-04-29T05:35:39.1159862Z   ruby-version: 3.2
2026-04-29T05:35:39.1160056Z   bundler-cache: false
2026-04-29T05:35:39.1160374Z   token: ***
2026-04-29T05:35:39.1160538Z env:
2026-04-29T05:35:39.1160688Z   WAIT_INTERVAL: 15
2026-04-29T05:35:39.1160868Z ##[endgroup]
2026-04-29T05:35:39.2478124Z ##[group]Modifying PATH
2026-04-29T05:35:39.2478596Z Entries added to PATH to use selected Ruby:
2026-04-29T05:35:39.2479179Z   /opt/hostedtoolcache/Ruby/3.2.11/x64/bin
2026-04-29T05:35:39.2484137Z ##[endgroup]
2026-04-29T05:35:39.2485328Z ##[group]Print Ruby version
2026-04-29T05:35:39.2522383Z [command]/opt/hostedtoolcache/Ruby/3.2.11/x64/bin/ruby --version
2026-04-29T05:35:39.3848542Z ruby 3.2.11 (2026-03-27 revision 5483bfc1ae) [x86_64-linux]
2026-04-29T05:35:39.3877742Z Took   0.14 seconds
2026-04-29T05:35:39.3878610Z ##[endgroup]
2026-04-29T05:35:39.3880053Z ##[group]Installing Bundler
2026-04-29T05:35:39.3884502Z Using Bundler shipped with ruby-3.2.11
2026-04-29T05:35:39.3885575Z Took   0.00 seconds
2026-04-29T05:35:39.3886270Z ##[endgroup]
2026-04-29T05:35:39.4573245Z ##[group]Run actions/cache@v4
2026-04-29T05:35:39.4573501Z with:
2026-04-29T05:35:39.4573920Z   path: /home/runner/work/_actions/lewagon/wait-on-check-action/ccfb013c15c8afb7bf2b7c028fb74dc5a068cccc
2026-04-29T05:35:39.4574426Z   key: Linux-gems-
2026-04-29T05:35:39.4574630Z   restore-keys: Linux-gems-
2026-04-29T05:35:39.4574859Z   enableCrossOsArchive: false
2026-04-29T05:35:39.4575095Z   fail-on-cache-miss: false
2026-04-29T05:35:39.4575302Z   lookup-only: false
2026-04-29T05:35:39.4575481Z   save-always: false
2026-04-29T05:35:39.4575655Z env:
2026-04-29T05:35:39.4575807Z   WAIT_INTERVAL: 15
2026-04-29T05:35:39.4575981Z ##[endgroup]
2026-04-29T05:35:39.7912934Z Cache not found for input keys: Linux-gems-, Linux-gems-
2026-04-29T05:35:39.7983522Z ##[group]Run bundle install --jobs 4 --retry 3
2026-04-29T05:35:39.7983845Z [36;1mbundle install --jobs 4 --retry 3[0m
2026-04-29T05:35:39.8006969Z shell: /usr/bin/bash --noprofile --norc -e -o pipefail {0}
2026-04-29T05:35:39.8007275Z env:
2026-04-29T05:35:39.8007437Z   WAIT_INTERVAL: 15
2026-04-29T05:35:39.8007615Z ##[endgroup]
2026-04-29T05:35:40.6843937Z Bundler 2.4.19 is running, but your lockfile was generated with 2.2.3. Installing Bundler 2.2.3 and restarting using that version.
2026-04-29T05:35:42.2338540Z Fetching gem metadata from https://rubygems.org/.
2026-04-29T05:35:42.2417296Z Fetching bundler 2.2.3
2026-04-29T05:35:42.4929604Z Installing bundler 2.2.3
2026-04-29T05:35:42.6840296Z Calling `DidYouMean::SPELL_CHECKERS.merge!(error_name => spell_checker)' has been deprecated. Please call `DidYouMean.correct_error(error_name, spell_checker)' instead.
2026-04-29T05:35:44.2232531Z Fetching gem metadata from https://rubygems.org/.........
2026-04-29T05:35:44.2333527Z Fetching minitest 5.18.0
2026-04-29T05:35:44.2398155Z Fetching zeitwerk 2.6.7
2026-04-29T05:35:44.2403495Z Fetching concurrent-ruby 1.2.2
2026-04-29T05:35:44.2870730Z Fetching public_suffix 4.0.7
2026-04-29T05:35:44.3694381Z Installing zeitwerk 2.6.7
2026-04-29T05:35:44.4121446Z Fetching ast 2.4.2
2026-04-29T05:35:44.4360720Z Installing minitest 5.18.0
2026-04-29T05:35:44.4451058Z Installing public_suffix 4.0.7
2026-04-29T05:35:44.4778148Z Using bundler 2.2.3
2026-04-29T05:35:44.4787302Z Fetching byebug 11.1.3
2026-04-29T05:35:44.5067855Z Installing ast 2.4.2
2026-04-29T05:35:44.5123332Z Installing concurrent-ruby 1.2.2
2026-04-29T05:35:44.5228625Z Fetching diff-lcs 1.4.4
2026-04-29T05:35:44.5558972Z Fetching faraday-net_http 2.0.3
2026-04-29T05:35:44.6053875Z Installing byebug 11.1.3 with native extensions
2026-04-29T05:35:44.6427479Z Installing diff-lcs 1.4.4
2026-04-29T05:35:44.6506078Z Installing faraday-net_http 2.0.3
2026-04-29T05:35:44.6649287Z Using ruby2_keywords 0.0.5
2026-04-29T05:35:44.6661829Z Fetching json 2.7.1
2026-04-29T05:35:44.7287054Z Fetching language_server-protocol 3.17.0.3
2026-04-29T05:35:44.7542422Z Fetching lint_roller 1.1.0
2026-04-29T05:35:44.7847143Z Installing json 2.7.1 with native extensions
2026-04-29T05:35:44.8364951Z Installing lint_roller 1.1.0
2026-04-29T05:35:44.8517696Z Installing language_server-protocol 3.17.0.3
2026-04-29T05:35:44.8625255Z Fetching parallel 1.24.0
2026-04-29T05:35:44.9678326Z Installing parallel 1.24.0
2026-04-29T05:35:44.9751871Z Fetching racc 1.7.3
2026-04-29T05:35:45.0235520Z Fetching rainbow 3.1.1
2026-04-29T05:35:45.0895545Z Installing racc 1.7.3 with native extensions
2026-04-29T05:35:45.1079391Z Installing rainbow 3.1.1
2026-04-29T05:35:45.1149002Z Fetching regexp_parser 2.8.3
2026-04-29T05:35:45.2150912Z Installing regexp_parser 2.8.3
2026-04-29T05:35:45.2365901Z Fetching rexml 3.2.6
2026-04-29T05:35:45.3475151Z Installing rexml 3.2.6
2026-04-29T05:35:45.3684776Z Fetching rspec-support 3.10.1
2026-04-29T05:35:45.4632257Z Installing rspec-support 3.10.1
2026-04-29T05:35:45.5282947Z Fetching ruby-progressbar 1.13.0
2026-04-29T05:35:45.6151469Z Installing ruby-progressbar 1.13.0
2026-04-29T05:35:45.6376697Z Fetching unicode-display_width 2.5.0
2026-04-29T05:35:45.7225192Z Installing unicode-display_width 2.5.0
2026-04-29T05:35:45.7290169Z Fetching addressable 2.8.0
2026-04-29T05:35:45.8379546Z Installing addressable 2.8.0
2026-04-29T05:35:45.8520468Z Fetching faraday 2.3.0
2026-04-29T05:35:45.9609684Z Installing faraday 2.3.0
2026-04-29T05:35:45.9825923Z Fetching i18n 1.12.0
2026-04-29T05:35:46.0861004Z Installing i18n 1.12.0
2026-04-29T05:35:46.1022221Z Fetching tzinfo 2.0.6
2026-04-29T05:35:46.2140811Z Installing tzinfo 2.0.6
2026-04-29T05:35:46.2412923Z Fetching rspec-core 3.10.1
2026-04-29T05:35:46.3763059Z Installing rspec-core 3.10.1
2026-04-29T05:35:46.4182590Z Fetching rspec-expectations 3.10.1
2026-04-29T05:35:46.5485010Z Installing rspec-expectations 3.10.1
2026-04-29T05:35:46.5779906Z Fetching rspec-mocks 3.10.1
2026-04-29T05:35:46.7086122Z Installing rspec-mocks 3.10.1
2026-04-29T05:35:46.7342809Z Fetching faraday-retry 2.0.0
2026-04-29T05:35:46.8011461Z Fetching sawyer 0.9.2
2026-04-29T05:35:46.8692826Z Installing faraday-retry 2.0.0
2026-04-29T05:35:46.8794753Z Fetching activesupport 6.1.7.3
2026-04-29T05:35:46.9460529Z Installing sawyer 0.9.2
2026-04-29T05:35:46.9575411Z Fetching rspec 3.10.0
2026-04-29T05:35:47.0644731Z Installing rspec 3.10.0
2026-04-29T05:35:47.0730067Z Fetching parser 3.2.2.4
2026-04-29T05:35:47.1248625Z Installing activesupport 6.1.7.3
2026-04-29T05:35:47.2141384Z Fetching octokit 4.25.0
2026-04-29T05:35:47.3472683Z Installing octokit 4.25.0
2026-04-29T05:35:47.3520418Z Installing parser 3.2.2.4
2026-04-29T05:35:47.4922102Z Fetching rubocop-ast 1.30.0
2026-04-29T05:35:47.6172741Z Installing rubocop-ast 1.30.0
2026-04-29T05:35:48.6634654Z Fetching rubocop 1.57.2
2026-04-29T05:35:48.8513789Z Installing rubocop 1.57.2
2026-04-29T05:35:49.0320277Z Fetching standard-custom 1.0.2
2026-04-29T05:35:49.0322744Z Fetching rubocop-performance 1.19.1
2026-04-29T05:35:49.1365294Z Installing standard-custom 1.0.2
2026-04-29T05:35:49.1536557Z Installing rubocop-performance 1.19.1
2026-04-29T05:35:49.1701223Z Fetching standard-performance 1.2.1
2026-04-29T05:35:49.2505190Z Installing standard-performance 1.2.1
2026-04-29T05:35:49.2578650Z Fetching standard 1.32.1
2026-04-29T05:35:49.3575882Z Installing standard 1.32.1
2026-04-29T05:35:49.3788817Z Bundle complete! 6 Gemfile dependencies, 40 gems now installed.
2026-04-29T05:35:49.3789692Z Use `bundle info [gemname]` to see where a bundled gem is installed.
2026-04-29T05:35:49.4323135Z ##[group]Run ruby entrypoint.rb
2026-04-29T05:35:49.4323424Z [36;1mruby entrypoint.rb[0m
2026-04-29T05:35:49.4345270Z shell: /usr/bin/bash --noprofile --norc -e -o pipefail {0}
2026-04-29T05:35:49.4345587Z env:
2026-04-29T05:35:49.4345748Z   WAIT_INTERVAL: 15
2026-04-29T05:35:49.4345993Z   ALLOWED_CONCLUSIONS: success,skipped,neutral
2026-04-29T05:35:49.4346259Z   IGNORE_CHECKS: 
2026-04-29T05:35:49.4346426Z   CHECK_NAME: 
2026-04-29T05:35:49.4346591Z   CHECK_REGEXP: 
2026-04-29T05:35:49.4346799Z   REF: 97bdf1e648c2f9ac587e41f6e1de67efcfd47a42
2026-04-29T05:35:49.4347305Z   REPO_TOKEN: ***
2026-04-29T05:35:49.4347491Z   VERBOSE: true
2026-04-29T05:35:49.4347683Z   RUNNING_WORKFLOW_NAME: Auto-merge
2026-04-29T05:35:49.4347919Z   API_ENDPOINT: 
2026-04-29T05:35:49.4348094Z ##[endgroup]
2026-04-29T05:35:50.4238941Z Checks running on ref:
2026-04-29T05:35:50.4240275Z Checks completed: capture-failure-log, capture-failure-log, e2e, capture-failure-log, capture-failure-log, connected-tests, cross-device-tests, web-lint-and-test, maybe-label, autofix, lint-and-test, test
2026-04-29T05:35:50.4241434Z Checks in_progress: Auto-merge
2026-04-29T05:35:50.4242225Z Checks after ignore checks filter:
2026-04-29T05:35:50.4243351Z Checks completed: capture-failure-log, capture-failure-log, e2e, capture-failure-log, capture-failure-log, connected-tests, cross-device-tests, web-lint-and-test, maybe-label, autofix, lint-and-test, test
2026-04-29T05:35:50.4244482Z Checks after check_name filter:
2026-04-29T05:35:50.4245332Z Checks completed: capture-failure-log, capture-failure-log, e2e, capture-failure-log, capture-failure-log, connected-tests, cross-device-tests, web-lint-and-test, maybe-label, autofix, lint-and-test, test
2026-04-29T05:35:50.4246217Z Checks after Regexp filter:
2026-04-29T05:35:50.4247062Z Checks completed: capture-failure-log, capture-failure-log, e2e, capture-failure-log, capture-failure-log, connected-tests, cross-device-tests, web-lint-and-test, maybe-label, autofix, lint-and-test, test
2026-04-29T05:35:50.4247933Z Checks completed:
2026-04-29T05:35:50.4248148Z capture-failure-log: completed (skipped)
2026-04-29T05:35:50.4248430Z capture-failure-log: completed (skipped)
2026-04-29T05:35:50.4248694Z e2e: completed (cancelled)
2026-04-29T05:35:50.4248926Z capture-failure-log: completed (skipped)
2026-04-29T05:35:50.4249194Z capture-failure-log: completed (skipped)
2026-04-29T05:35:50.4249467Z connected-tests: completed (skipped)
2026-04-29T05:35:50.4249735Z cross-device-tests: completed (skipped)
2026-04-29T05:35:50.4250010Z web-lint-and-test: completed (cancelled)
2026-04-29T05:35:50.4250288Z maybe-label: completed (success)
2026-04-29T05:35:50.4250535Z autofix: completed (cancelled)
2026-04-29T05:35:50.4250770Z lint-and-test: completed (cancelled)
2026-04-29T05:35:50.4251022Z test: completed (cancelled)
2026-04-29T05:35:50.4251862Z The conclusion of one or more checks were not allowed. Allowed conclusions are: success, skipped, neutral. This can be configured with the 'allowed-conclusions' param.
2026-04-29T05:35:50.4307488Z ##[error]Process completed with exit code 1.
2026-04-29T05:35:50.4414683Z Post job cleanup.
2026-04-29T05:35:50.4485477Z Cleaning up orphan processes
2026-04-29T05:35:50.4768379Z ##[warning]Node.js 20 actions are deprecated. The following actions are running on Node.js 20 and may not work as expected: actions/cache@v4. Actions will be forced to run with Node.js 24 by default starting June 2nd, 2026. Node.js 20 will be removed from the runner on September 16th, 2026. Please check if updated versions of these actions are available that support Node.js 24. To opt into Node.js 24 now, set the FORCE_JAVASCRIPT_ACTIONS_TO_NODE24=true environment variable on the runner or in your workflow file. Once Node.js 24 becomes the default, you can temporarily opt out by setting ACTIONS_ALLOW_USE_UNSECURE_NODE_VERSION=true. For more information see: https://github.blog/changelog/2025-09-19-deprecation-of-node-20-on-github-actions-runners/
