=== CI FAILURE ===
Workflow:      Auto-merge & Release
Workflow file: akarlin3/prismTask/.github/workflows/auto-merge.yml@refs/pull/853/merge
Job(s):        Auto-merge
Run ID:        24984756926
Run attempt:   1
Run URL:       https://github.com/akarlin3/prismTask/actions/runs/24984756926
Commit:        abc6aad925a40759056aa68595269740ef5ed4cb
Branch:        853/merge
Event:         pull_request
Actor:         akarlin3
Runner OS:     Linux
Timestamp:     2026-04-27T08:38:12.135Z

Failed steps:
  - Auto-merge: #4 Wait for all other CI checks to pass

=== FAILED JOB LOG ===

--- Job: Auto-merge (id 73155158980) ---
2026-04-27T08:32:17.4701551Z Current runner version: '2.333.1'
2026-04-27T08:32:17.4726993Z ##[group]Runner Image Provisioner
2026-04-27T08:32:17.4728052Z Hosted Compute Agent
2026-04-27T08:32:17.4728635Z Version: 20260213.493
2026-04-27T08:32:17.4729295Z Commit: 5c115507f6dd24b8de37d8bbe0bb4509d0cc0fa3
2026-04-27T08:32:17.4730040Z Build Date: 2026-02-13T00:28:41Z
2026-04-27T08:32:17.4730753Z Worker ID: {598a3c4e-0cf2-4393-87d1-39d9b6782ccf}
2026-04-27T08:32:17.4731471Z Azure Region: westus3
2026-04-27T08:32:17.4732044Z ##[endgroup]
2026-04-27T08:32:17.4733420Z ##[group]Operating System
2026-04-27T08:32:17.4734096Z Ubuntu
2026-04-27T08:32:17.4734599Z 24.04.4
2026-04-27T08:32:17.4735036Z LTS
2026-04-27T08:32:17.4735546Z ##[endgroup]
2026-04-27T08:32:17.4736030Z ##[group]Runner Image
2026-04-27T08:32:17.4736600Z Image: ubuntu-24.04
2026-04-27T08:32:17.4737192Z Version: 20260413.86.1
2026-04-27T08:32:17.4738542Z Included Software: https://github.com/actions/runner-images/blob/ubuntu24/20260413.86/images/ubuntu/Ubuntu2404-Readme.md
2026-04-27T08:32:17.4740068Z Image Release: https://github.com/actions/runner-images/releases/tag/ubuntu24%2F20260413.86
2026-04-27T08:32:17.4740945Z ##[endgroup]
2026-04-27T08:32:17.4742214Z ##[group]GITHUB_TOKEN Permissions
2026-04-27T08:32:17.4744097Z Actions: read
2026-04-27T08:32:17.4744652Z Checks: read
2026-04-27T08:32:17.4745117Z Contents: write
2026-04-27T08:32:17.4745748Z Metadata: read
2026-04-27T08:32:17.4746307Z PullRequests: write
2026-04-27T08:32:17.4746795Z ##[endgroup]
2026-04-27T08:32:17.4749388Z Secret source: Actions
2026-04-27T08:32:17.4750063Z Prepare workflow directory
2026-04-27T08:32:17.5191718Z Prepare all required actions
2026-04-27T08:32:17.5229457Z Getting action download info
2026-04-27T08:32:17.9402212Z Download action repository 'lewagon/wait-on-check-action@ccfb013c15c8afb7bf2b7c028fb74dc5a068cccc' (SHA:ccfb013c15c8afb7bf2b7c028fb74dc5a068cccc)
2026-04-27T08:32:18.6897806Z Getting action download info
2026-04-27T08:32:18.8948521Z Download action repository 'ruby/setup-ruby@v1' (SHA:c4e5b1316158f92e3d49443a9d58b31d25ac0f8f)
2026-04-27T08:32:19.9049400Z Download action repository 'actions/cache@v4' (SHA:0057852bfaa89a56745cba8c7296529d2fc39830)
2026-04-27T08:32:20.0557747Z Complete job name: Auto-merge
2026-04-27T08:32:20.1217183Z ##[group]Run set -euo pipefail
2026-04-27T08:32:20.1218461Z [36;1mset -euo pipefail[0m
2026-04-27T08:32:20.1219635Z [36;1m# Audit item #5 — poll check-runs for up to 60s instead of a bare[0m
2026-04-27T08:32:20.1221093Z [36;1m# 20s sleep. On a busy runner cohort the initial 20s wasn't enough[0m
2026-04-27T08:32:20.1222525Z [36;1m# for the API to reflect queued workflow runs, which could merge[0m
2026-04-27T08:32:20.1223935Z [36;1m# PRs without waiting for CI. Bail out early as soon as ≥1 real[0m
2026-04-27T08:32:20.1225133Z [36;1m# check shows up.[0m
2026-04-27T08:32:20.1225911Z [36;1mCOUNT=0[0m
2026-04-27T08:32:20.1226620Z [36;1mfor i in $(seq 1 6); do[0m
2026-04-27T08:32:20.1227530Z [36;1m  sleep 10[0m
2026-04-27T08:32:20.1228519Z [36;1m  COUNT=$(gh api "repos/$REPO/commits/$HEAD_SHA/check-runs" \[0m
2026-04-27T08:32:20.1229909Z [36;1m    --jq '[.check_runs[] | select(.name != "Auto-merge")] | length')[0m
2026-04-27T08:32:20.1231107Z [36;1m  if [ "$COUNT" -gt 0 ]; then[0m
2026-04-27T08:32:20.1232186Z [36;1m    echo "Found $COUNT non-Auto-merge check(s) after ${i}0s"[0m
2026-04-27T08:32:20.1233251Z [36;1m    break[0m
2026-04-27T08:32:20.1233921Z [36;1m  fi[0m
2026-04-27T08:32:20.1234758Z [36;1m  echo "No non-Auto-merge checks yet (attempt $i/6)"[0m
2026-04-27T08:32:20.1235755Z [36;1mdone[0m
2026-04-27T08:32:20.1236425Z [36;1mif [ "$COUNT" -gt 0 ]; then[0m
2026-04-27T08:32:20.1237455Z [36;1m  echo "has_ci=true" >> "$GITHUB_OUTPUT"[0m
2026-04-27T08:32:20.1238362Z [36;1melse[0m
2026-04-27T08:32:20.1239111Z [36;1m  echo "has_ci=false" >> "$GITHUB_OUTPUT"[0m
2026-04-27T08:32:20.1240355Z [36;1m  echo "No CI checks on this PR after 60s — will merge without waiting."[0m
2026-04-27T08:32:20.1241521Z [36;1mfi[0m
2026-04-27T08:32:20.1269880Z shell: /usr/bin/bash -e {0}
2026-04-27T08:32:20.1270912Z env:
2026-04-27T08:32:20.1271537Z   WAIT_INTERVAL: 30
2026-04-27T08:32:20.1272752Z   GH_TOKEN: ***
2026-04-27T08:32:20.1273546Z   HEAD_SHA: c90f8140bb550506784d2021673fd4a89ef6b47f
2026-04-27T08:32:20.1274527Z   REPO: akarlin3/prismTask
2026-04-27T08:32:20.1275269Z ##[endgroup]
2026-04-27T08:32:30.6763101Z Found 6 non-Auto-merge check(s) after 10s
2026-04-27T08:32:30.6871735Z ##[group]Run set -euo pipefail
2026-04-27T08:32:30.6872064Z [36;1mset -euo pipefail[0m
2026-04-27T08:32:30.6872464Z [36;1mREQUIRED=$(gh api "repos/$REPO/branches/main/protection/required_status_checks" \[0m
2026-04-27T08:32:30.6872942Z [36;1m  --jq '.contexts[]' 2>/dev/null || true)[0m
2026-04-27T08:32:30.6873259Z [36;1mif [ -z "$REQUIRED" ]; then[0m
2026-04-27T08:32:30.6873763Z [36;1m  echo "::warning::Could not query branch protection (likely a permission issue) — using hardcoded fallback list."[0m
2026-04-27T08:32:30.6874287Z [36;1m  REQUIRED="$FALLBACK_REQUIRED"[0m
2026-04-27T08:32:30.6874551Z [36;1mfi[0m
2026-04-27T08:32:30.6874819Z [36;1m# Strip Auto-merge from the required list so we don't wait on[0m
2026-04-27T08:32:30.6875239Z [36;1m# ourselves (it's listed because we ARE the running workflow).[0m
2026-04-27T08:32:30.6875716Z [36;1mREQUIRED=$(echo "$REQUIRED" | grep -vE '^\s*Auto-merge\s*$' | grep -vE '^\s*$' || true)[0m
2026-04-27T08:32:30.6876163Z [36;1mif [ -z "$REQUIRED" ]; then[0m
2026-04-27T08:32:30.6876497Z [36;1m  echo "No required checks beyond Auto-merge; skipping queue wait."[0m
2026-04-27T08:32:30.6876857Z [36;1m  exit 0[0m
2026-04-27T08:32:30.6877070Z [36;1mfi[0m
2026-04-27T08:32:30.6877564Z [36;1mecho "Waiting until these required checks queue:"[0m
2026-04-27T08:32:30.6877998Z [36;1mecho "$REQUIRED" | sed 's/^/  /'[0m
2026-04-27T08:32:30.6878329Z [36;1m# 30 attempts × 10s = 5 min ceiling. If checks haven't queued[0m
2026-04-27T08:32:30.6878761Z [36;1m# by then something is genuinely broken (workflow file invalid,[0m
2026-04-27T08:32:30.6879206Z [36;1m# path filter excluding everything, etc.) — log and proceed so[0m
2026-04-27T08:32:30.6879607Z [36;1m# wait-on-check-action can decide how to handle it.[0m
2026-04-27T08:32:30.6879927Z [36;1mfor attempt in $(seq 1 30); do[0m
2026-04-27T08:32:30.6880335Z [36;1m  CHECK_RUNS=$(gh api --paginate "repos/$REPO/commits/$HEAD_SHA/check-runs" \[0m
2026-04-27T08:32:30.6880747Z [36;1m    --jq '.check_runs[].name' | sort -u)[0m
2026-04-27T08:32:30.6881032Z [36;1m  MISSING=""[0m
2026-04-27T08:32:30.6881259Z [36;1m  while IFS= read -r req; do[0m
2026-04-27T08:32:30.6881505Z [36;1m    [ -z "$req" ] && continue[0m
2026-04-27T08:32:30.6881773Z [36;1m    req_trimmed=$(echo "$req" | xargs)[0m
2026-04-27T08:32:30.6882126Z [36;1m    if ! echo "$CHECK_RUNS" | grep -qxF "$req_trimmed"; then[0m
2026-04-27T08:32:30.6882533Z [36;1m      MISSING="$MISSING $req_trimmed"[0m
2026-04-27T08:32:30.6882790Z [36;1m    fi[0m
2026-04-27T08:32:30.6882975Z [36;1m  done <<< "$REQUIRED"[0m
2026-04-27T08:32:30.6883310Z [36;1m  if [ -z "$MISSING" ]; then[0m
2026-04-27T08:32:30.6883696Z [36;1m    echo "All required checks have queued after attempt $attempt."[0m
2026-04-27T08:32:30.6884032Z [36;1m    exit 0[0m
2026-04-27T08:32:30.6884230Z [36;1m  fi[0m
2026-04-27T08:32:30.6884518Z [36;1m  echo "Still waiting for:$MISSING (attempt $attempt/30)"[0m
2026-04-27T08:32:30.6884834Z [36;1m  sleep 10[0m
2026-04-27T08:32:30.6885021Z [36;1mdone[0m
2026-04-27T08:32:30.6885463Z [36;1mecho "::warning::Some required checks never queued after 5 min:$MISSING — proceeding to wait-on-check-action anyway."[0m
2026-04-27T08:32:30.6907242Z shell: /usr/bin/bash -e {0}
2026-04-27T08:32:30.6907581Z env:
2026-04-27T08:32:30.6907766Z   WAIT_INTERVAL: 30
2026-04-27T08:32:30.6908280Z   GH_TOKEN: ***
2026-04-27T08:32:30.6908518Z   HEAD_SHA: c90f8140bb550506784d2021673fd4a89ef6b47f
2026-04-27T08:32:30.6908821Z   REPO: akarlin3/prismTask
2026-04-27T08:32:30.6909162Z   FALLBACK_REQUIRED: lint-and-test
connected-tests
test
web-lint-and-test

2026-04-27T08:32:30.6909757Z ##[endgroup]
2026-04-27T08:32:31.0119215Z Waiting until these required checks queue:
2026-04-27T08:32:31.0133768Z   {"message":"Resource not accessible by integration","documentation_url":"https://docs.github.com/rest/branches/branch-protection#get-status-checks-protection","status":"403"}
2026-04-27T08:32:31.5348868Z Still waiting for: {message:Resource not accessible by integration,documentation_url:https://docs.github.com/rest/branches/branch-protection#get-status-checks-protection,status:403} (attempt 1/30)
2026-04-27T08:32:42.0718530Z Still waiting for: {message:Resource not accessible by integration,documentation_url:https://docs.github.com/rest/branches/branch-protection#get-status-checks-protection,status:403} (attempt 2/30)
2026-04-27T08:32:52.6160514Z Still waiting for: {message:Resource not accessible by integration,documentation_url:https://docs.github.com/rest/branches/branch-protection#get-status-checks-protection,status:403} (attempt 3/30)
2026-04-27T08:33:03.1686182Z Still waiting for: {message:Resource not accessible by integration,documentation_url:https://docs.github.com/rest/branches/branch-protection#get-status-checks-protection,status:403} (attempt 4/30)
2026-04-27T08:33:13.7619334Z Still waiting for: {message:Resource not accessible by integration,documentation_url:https://docs.github.com/rest/branches/branch-protection#get-status-checks-protection,status:403} (attempt 5/30)
2026-04-27T08:33:24.2955119Z Still waiting for: {message:Resource not accessible by integration,documentation_url:https://docs.github.com/rest/branches/branch-protection#get-status-checks-protection,status:403} (attempt 6/30)
2026-04-27T08:33:34.8413108Z Still waiting for: {message:Resource not accessible by integration,documentation_url:https://docs.github.com/rest/branches/branch-protection#get-status-checks-protection,status:403} (attempt 7/30)
2026-04-27T08:33:45.4729346Z Still waiting for: {message:Resource not accessible by integration,documentation_url:https://docs.github.com/rest/branches/branch-protection#get-status-checks-protection,status:403} (attempt 8/30)
2026-04-27T08:33:56.0094334Z Still waiting for: {message:Resource not accessible by integration,documentation_url:https://docs.github.com/rest/branches/branch-protection#get-status-checks-protection,status:403} (attempt 9/30)
2026-04-27T08:34:06.5254519Z Still waiting for: {message:Resource not accessible by integration,documentation_url:https://docs.github.com/rest/branches/branch-protection#get-status-checks-protection,status:403} (attempt 10/30)
2026-04-27T08:34:17.0838529Z Still waiting for: {message:Resource not accessible by integration,documentation_url:https://docs.github.com/rest/branches/branch-protection#get-status-checks-protection,status:403} (attempt 11/30)
2026-04-27T08:34:27.5933598Z Still waiting for: {message:Resource not accessible by integration,documentation_url:https://docs.github.com/rest/branches/branch-protection#get-status-checks-protection,status:403} (attempt 12/30)
2026-04-27T08:34:38.1381092Z Still waiting for: {message:Resource not accessible by integration,documentation_url:https://docs.github.com/rest/branches/branch-protection#get-status-checks-protection,status:403} (attempt 13/30)
2026-04-27T08:34:48.6762188Z Still waiting for: {message:Resource not accessible by integration,documentation_url:https://docs.github.com/rest/branches/branch-protection#get-status-checks-protection,status:403} (attempt 14/30)
2026-04-27T08:34:59.2384315Z Still waiting for: {message:Resource not accessible by integration,documentation_url:https://docs.github.com/rest/branches/branch-protection#get-status-checks-protection,status:403} (attempt 15/30)
2026-04-27T08:35:09.7322603Z Still waiting for: {message:Resource not accessible by integration,documentation_url:https://docs.github.com/rest/branches/branch-protection#get-status-checks-protection,status:403} (attempt 16/30)
2026-04-27T08:35:20.2918859Z Still waiting for: {message:Resource not accessible by integration,documentation_url:https://docs.github.com/rest/branches/branch-protection#get-status-checks-protection,status:403} (attempt 17/30)
2026-04-27T08:35:30.9035593Z Still waiting for: {message:Resource not accessible by integration,documentation_url:https://docs.github.com/rest/branches/branch-protection#get-status-checks-protection,status:403} (attempt 18/30)
2026-04-27T08:35:41.4722124Z Still waiting for: {message:Resource not accessible by integration,documentation_url:https://docs.github.com/rest/branches/branch-protection#get-status-checks-protection,status:403} (attempt 19/30)
2026-04-27T08:35:52.0345468Z Still waiting for: {message:Resource not accessible by integration,documentation_url:https://docs.github.com/rest/branches/branch-protection#get-status-checks-protection,status:403} (attempt 20/30)
2026-04-27T08:36:02.6091559Z Still waiting for: {message:Resource not accessible by integration,documentation_url:https://docs.github.com/rest/branches/branch-protection#get-status-checks-protection,status:403} (attempt 21/30)
2026-04-27T08:36:13.2290950Z Still waiting for: {message:Resource not accessible by integration,documentation_url:https://docs.github.com/rest/branches/branch-protection#get-status-checks-protection,status:403} (attempt 22/30)
2026-04-27T08:36:23.8462110Z Still waiting for: {message:Resource not accessible by integration,documentation_url:https://docs.github.com/rest/branches/branch-protection#get-status-checks-protection,status:403} (attempt 23/30)
2026-04-27T08:36:34.4143051Z Still waiting for: {message:Resource not accessible by integration,documentation_url:https://docs.github.com/rest/branches/branch-protection#get-status-checks-protection,status:403} (attempt 24/30)
2026-04-27T08:36:45.0077652Z Still waiting for: {message:Resource not accessible by integration,documentation_url:https://docs.github.com/rest/branches/branch-protection#get-status-checks-protection,status:403} (attempt 25/30)
2026-04-27T08:36:55.6556595Z Still waiting for: {message:Resource not accessible by integration,documentation_url:https://docs.github.com/rest/branches/branch-protection#get-status-checks-protection,status:403} (attempt 26/30)
2026-04-27T08:37:06.1911255Z Still waiting for: {message:Resource not accessible by integration,documentation_url:https://docs.github.com/rest/branches/branch-protection#get-status-checks-protection,status:403} (attempt 27/30)
2026-04-27T08:37:16.7361430Z Still waiting for: {message:Resource not accessible by integration,documentation_url:https://docs.github.com/rest/branches/branch-protection#get-status-checks-protection,status:403} (attempt 28/30)
2026-04-27T08:37:27.3111404Z Still waiting for: {message:Resource not accessible by integration,documentation_url:https://docs.github.com/rest/branches/branch-protection#get-status-checks-protection,status:403} (attempt 29/30)
2026-04-27T08:37:37.9150026Z Still waiting for: {message:Resource not accessible by integration,documentation_url:https://docs.github.com/rest/branches/branch-protection#get-status-checks-protection,status:403} (attempt 30/30)
2026-04-27T08:37:47.9197991Z ##[warning]Some required checks never queued after 5 min: {message:Resource not accessible by integration,documentation_url:https://docs.github.com/rest/branches/branch-protection#get-status-checks-protection,status:403} — proceeding to wait-on-check-action anyway.
2026-04-27T08:37:47.9338912Z ##[group]Run lewagon/wait-on-check-action@ccfb013c15c8afb7bf2b7c028fb74dc5a068cccc
2026-04-27T08:37:47.9339324Z with:
2026-04-27T08:37:47.9339541Z   ref: c90f8140bb550506784d2021673fd4a89ef6b47f
2026-04-27T08:37:47.9339836Z   running-workflow-name: Auto-merge
2026-04-27T08:37:47.9340295Z   repo-token: ***
2026-04-27T08:37:47.9340499Z   wait-interval: 30
2026-04-27T08:37:47.9340735Z   allowed-conclusions: success,skipped,neutral
2026-04-27T08:37:47.9341011Z   verbose: true
2026-04-27T08:37:47.9341220Z env:
2026-04-27T08:37:47.9341382Z   WAIT_INTERVAL: 30
2026-04-27T08:37:47.9341568Z ##[endgroup]
2026-04-27T08:37:47.9458201Z ##[group]Run ruby/setup-ruby@v1
2026-04-27T08:37:47.9458455Z with:
2026-04-27T08:37:47.9458888Z   ruby-version: 3.2
2026-04-27T08:37:47.9459097Z   bundler-cache: false
2026-04-27T08:37:47.9459433Z   token: ***
2026-04-27T08:37:47.9459609Z env:
2026-04-27T08:37:47.9459778Z   WAIT_INTERVAL: 30
2026-04-27T08:37:47.9459963Z ##[endgroup]
2026-04-27T08:37:48.0891917Z ##[group]Modifying PATH
2026-04-27T08:37:48.0892336Z Entries added to PATH to use selected Ruby:
2026-04-27T08:37:48.0892789Z   /opt/hostedtoolcache/Ruby/3.2.11/x64/bin
2026-04-27T08:37:48.0896592Z ##[endgroup]
2026-04-27T08:37:48.0897665Z ##[group]Print Ruby version
2026-04-27T08:37:48.0966538Z [command]/opt/hostedtoolcache/Ruby/3.2.11/x64/bin/ruby --version
2026-04-27T08:37:48.2400706Z ruby 3.2.11 (2026-03-27 revision 5483bfc1ae) [x86_64-linux]
2026-04-27T08:37:48.2448294Z Took   0.15 seconds
2026-04-27T08:37:48.2449404Z ##[endgroup]
2026-04-27T08:37:48.2450161Z ##[group]Installing Bundler
2026-04-27T08:37:48.2450731Z Using Bundler shipped with ruby-3.2.11
2026-04-27T08:37:48.2451406Z Took   0.00 seconds
2026-04-27T08:37:48.2452101Z ##[endgroup]
2026-04-27T08:37:48.3080897Z ##[group]Run actions/cache@v4
2026-04-27T08:37:48.3081156Z with:
2026-04-27T08:37:48.3081577Z   path: /home/runner/work/_actions/lewagon/wait-on-check-action/ccfb013c15c8afb7bf2b7c028fb74dc5a068cccc
2026-04-27T08:37:48.3082052Z   key: Linux-gems-
2026-04-27T08:37:48.3082257Z   restore-keys: Linux-gems-
2026-04-27T08:37:48.3082481Z   enableCrossOsArchive: false
2026-04-27T08:37:48.3082707Z   fail-on-cache-miss: false
2026-04-27T08:37:48.3082910Z   lookup-only: false
2026-04-27T08:37:48.3083092Z   save-always: false
2026-04-27T08:37:48.3083272Z env:
2026-04-27T08:37:48.3083432Z   WAIT_INTERVAL: 30
2026-04-27T08:37:48.3083617Z ##[endgroup]
2026-04-27T08:37:48.6998945Z Cache not found for input keys: Linux-gems-, Linux-gems-
2026-04-27T08:37:48.7069334Z ##[group]Run bundle install --jobs 4 --retry 3
2026-04-27T08:37:48.7069653Z [36;1mbundle install --jobs 4 --retry 3[0m
2026-04-27T08:37:48.7093986Z shell: /usr/bin/bash --noprofile --norc -e -o pipefail {0}
2026-04-27T08:37:48.7094329Z env:
2026-04-27T08:37:48.7094507Z   WAIT_INTERVAL: 30
2026-04-27T08:37:48.7094696Z ##[endgroup]
2026-04-27T08:37:49.7711598Z Bundler 2.4.19 is running, but your lockfile was generated with 2.2.3. Installing Bundler 2.2.3 and restarting using that version.
2026-04-27T08:37:51.3215392Z Fetching gem metadata from https://rubygems.org/.
2026-04-27T08:37:51.3289192Z Fetching bundler 2.2.3
2026-04-27T08:37:51.5096755Z Installing bundler 2.2.3
2026-04-27T08:37:51.6922578Z Calling `DidYouMean::SPELL_CHECKERS.merge!(error_name => spell_checker)' has been deprecated. Please call `DidYouMean.correct_error(error_name, spell_checker)' instead.
2026-04-27T08:37:53.0012734Z Fetching gem metadata from https://rubygems.org/.........
2026-04-27T08:37:53.0106546Z Fetching zeitwerk 2.6.7
2026-04-27T08:37:53.0111704Z Fetching concurrent-ruby 1.2.2
2026-04-27T08:37:53.0114494Z Fetching public_suffix 4.0.7
2026-04-27T08:37:53.0178610Z Fetching minitest 5.18.0
2026-04-27T08:37:53.1353211Z Installing zeitwerk 2.6.7
2026-04-27T08:37:53.1586579Z Installing minitest 5.18.0
2026-04-27T08:37:53.1614111Z Installing public_suffix 4.0.7
2026-04-27T08:37:53.2000463Z Fetching ast 2.4.2
2026-04-27T08:37:53.2278149Z Installing concurrent-ruby 1.2.2
2026-04-27T08:37:53.2376748Z Using bundler 2.2.3
2026-04-27T08:37:53.2385197Z Fetching byebug 11.1.3
2026-04-27T08:37:53.2727597Z Fetching diff-lcs 1.4.4
2026-04-27T08:37:53.2989394Z Installing ast 2.4.2
2026-04-27T08:37:53.3094623Z Fetching faraday-net_http 2.0.3
2026-04-27T08:37:53.3391833Z Installing byebug 11.1.3 with native extensions
2026-04-27T08:37:53.3673505Z Installing diff-lcs 1.4.4
2026-04-27T08:37:53.3721589Z Installing faraday-net_http 2.0.3
2026-04-27T08:37:53.3856500Z Using ruby2_keywords 0.0.5
2026-04-27T08:37:53.3867215Z Fetching json 2.7.1
2026-04-27T08:37:53.4526407Z Fetching language_server-protocol 3.17.0.3
2026-04-27T08:37:53.4769000Z Installing json 2.7.1 with native extensions
2026-04-27T08:37:53.5256147Z Installing language_server-protocol 3.17.0.3
2026-04-27T08:37:53.5330856Z Fetching lint_roller 1.1.0
2026-04-27T08:37:53.5924999Z Installing lint_roller 1.1.0
2026-04-27T08:37:53.6109823Z Fetching parallel 1.24.0
2026-04-27T08:37:53.6853750Z Installing parallel 1.24.0
2026-04-27T08:37:53.6948271Z Fetching racc 1.7.3
2026-04-27T08:37:53.7461626Z Fetching rainbow 3.1.1
2026-04-27T08:37:53.7781369Z Installing racc 1.7.3 with native extensions
2026-04-27T08:37:53.7979061Z Installing rainbow 3.1.1
2026-04-27T08:37:53.8039671Z Fetching regexp_parser 2.8.3
2026-04-27T08:37:53.8645149Z Installing regexp_parser 2.8.3
2026-04-27T08:37:53.8874657Z Fetching rexml 3.2.6
2026-04-27T08:37:53.9522770Z Installing rexml 3.2.6
2026-04-27T08:37:53.9929357Z Fetching rspec-support 3.10.1
2026-04-27T08:37:54.0984203Z Installing rspec-support 3.10.1
2026-04-27T08:37:54.1098088Z Fetching ruby-progressbar 1.13.0
2026-04-27T08:37:54.1676249Z Installing ruby-progressbar 1.13.0
2026-04-27T08:37:54.1766475Z Fetching unicode-display_width 2.5.0
2026-04-27T08:37:54.2292256Z Installing unicode-display_width 2.5.0
2026-04-27T08:37:54.2345934Z Fetching addressable 2.8.0
2026-04-27T08:37:54.3099236Z Installing addressable 2.8.0
2026-04-27T08:37:54.3235300Z Fetching faraday 2.3.0
2026-04-27T08:37:54.3858445Z Installing faraday 2.3.0
2026-04-27T08:37:54.4046518Z Fetching i18n 1.12.0
2026-04-27T08:37:54.4666095Z Installing i18n 1.12.0
2026-04-27T08:37:54.4811855Z Fetching tzinfo 2.0.6
2026-04-27T08:37:54.5529831Z Installing tzinfo 2.0.6
2026-04-27T08:37:54.5685902Z Fetching rspec-core 3.10.1
2026-04-27T08:37:54.6512150Z Installing rspec-core 3.10.1
2026-04-27T08:37:54.6767797Z Fetching rspec-expectations 3.10.1
2026-04-27T08:37:54.7473737Z Installing rspec-expectations 3.10.1
2026-04-27T08:37:54.7654101Z Fetching rspec-mocks 3.10.1
2026-04-27T08:37:54.8305282Z Installing rspec-mocks 3.10.1
2026-04-27T08:37:54.8458317Z Fetching faraday-retry 2.0.0
2026-04-27T08:37:54.9040187Z Installing faraday-retry 2.0.0
2026-04-27T08:37:54.9099704Z Fetching sawyer 0.9.2
2026-04-27T08:37:54.9664705Z Installing sawyer 0.9.2
2026-04-27T08:37:54.9740356Z Fetching activesupport 6.1.7.3
2026-04-27T08:37:55.0646721Z Installing activesupport 6.1.7.3
2026-04-27T08:37:55.1193611Z Fetching rspec 3.10.0
2026-04-27T08:37:55.1798222Z Installing rspec 3.10.0
2026-04-27T08:37:55.1857985Z Fetching octokit 4.25.0
2026-04-27T08:37:55.2596430Z Installing octokit 4.25.0
2026-04-27T08:37:55.9795877Z Fetching parser 3.2.2.4
2026-04-27T08:37:56.1513426Z Installing parser 3.2.2.4
2026-04-27T08:37:56.2651315Z Fetching rubocop-ast 1.30.0
2026-04-27T08:37:56.3338319Z Installing rubocop-ast 1.30.0
2026-04-27T08:37:57.7380617Z Fetching rubocop 1.57.2
2026-04-27T08:37:57.8626653Z Installing rubocop 1.57.2
2026-04-27T08:37:58.0258429Z Fetching rubocop-performance 1.19.1
2026-04-27T08:37:58.0258920Z Fetching standard-custom 1.0.2
2026-04-27T08:37:58.0994094Z Installing standard-custom 1.0.2
2026-04-27T08:37:58.1069843Z Installing rubocop-performance 1.19.1
2026-04-27T08:37:58.1198233Z Fetching standard-performance 1.2.1
2026-04-27T08:37:58.1710306Z Installing standard-performance 1.2.1
2026-04-27T08:37:58.1777175Z Fetching standard 1.32.1
2026-04-27T08:37:58.2422901Z Installing standard 1.32.1
2026-04-27T08:37:58.2730712Z Bundle complete! 6 Gemfile dependencies, 40 gems now installed.
2026-04-27T08:37:58.2731532Z Use `bundle info [gemname]` to see where a bundled gem is installed.
2026-04-27T08:37:58.3948504Z ##[group]Run ruby entrypoint.rb
2026-04-27T08:37:58.3948792Z [36;1mruby entrypoint.rb[0m
2026-04-27T08:37:58.3972121Z shell: /usr/bin/bash --noprofile --norc -e -o pipefail {0}
2026-04-27T08:37:58.3972442Z env:
2026-04-27T08:37:58.3972614Z   WAIT_INTERVAL: 30
2026-04-27T08:37:58.3972846Z   ALLOWED_CONCLUSIONS: success,skipped,neutral
2026-04-27T08:37:58.3973111Z   IGNORE_CHECKS: 
2026-04-27T08:37:58.3973288Z   CHECK_NAME: 
2026-04-27T08:37:58.3973460Z   CHECK_REGEXP: 
2026-04-27T08:37:58.3973662Z   REF: c90f8140bb550506784d2021673fd4a89ef6b47f
2026-04-27T08:37:58.3974308Z   REPO_TOKEN: ***
2026-04-27T08:37:58.3974509Z   VERBOSE: true
2026-04-27T08:37:58.3974707Z   RUNNING_WORKFLOW_NAME: Auto-merge
2026-04-27T08:37:58.3975144Z   API_ENDPOINT: 
2026-04-27T08:37:58.3975328Z ##[endgroup]
2026-04-27T08:37:59.4647248Z Checks running on ref:
2026-04-27T08:37:59.4648487Z Checks completed: capture-failure-log, capture-failure-log, capture-failure-log, e2e, cross-device-tests, connected-tests, test, web-lint-and-test, maybe-label
2026-04-27T08:37:59.4649164Z Checks in_progress: Auto-merge
2026-04-27T08:37:59.4649418Z Checks after ignore checks filter:
2026-04-27T08:37:59.4650060Z Checks completed: capture-failure-log, capture-failure-log, capture-failure-log, e2e, cross-device-tests, connected-tests, test, web-lint-and-test, maybe-label
2026-04-27T08:37:59.4650720Z Checks after check_name filter:
2026-04-27T08:37:59.4651323Z Checks completed: capture-failure-log, capture-failure-log, capture-failure-log, e2e, cross-device-tests, connected-tests, test, web-lint-and-test, maybe-label
2026-04-27T08:37:59.4651941Z Checks after Regexp filter:
2026-04-27T08:37:59.4652527Z Checks completed: capture-failure-log, capture-failure-log, capture-failure-log, e2e, cross-device-tests, connected-tests, test, web-lint-and-test, maybe-label
2026-04-27T08:37:59.4653150Z Checks completed:
2026-04-27T08:37:59.4653363Z capture-failure-log: completed (skipped)
2026-04-27T08:37:59.4653633Z capture-failure-log: completed (skipped)
2026-04-27T08:37:59.4653879Z capture-failure-log: completed (skipped)
2026-04-27T08:37:59.4654120Z e2e: completed (success)
2026-04-27T08:37:59.4654347Z cross-device-tests: completed (cancelled)
2026-04-27T08:37:59.4654607Z connected-tests: completed (cancelled)
2026-04-27T08:37:59.4654851Z test: completed (success)
2026-04-27T08:37:59.4655068Z web-lint-and-test: completed (success)
2026-04-27T08:37:59.4655317Z maybe-label: completed (success)
2026-04-27T08:37:59.4655973Z The conclusion of one or more checks were not allowed. Allowed conclusions are: success, skipped, neutral. This can be configured with the 'allowed-conclusions' param.
2026-04-27T08:37:59.4717549Z ##[error]Process completed with exit code 1.
2026-04-27T08:37:59.4844192Z Post job cleanup.
2026-04-27T08:37:59.4890057Z Cleaning up orphan processes
2026-04-27T08:37:59.5162025Z ##[warning]Node.js 20 actions are deprecated. The following actions are running on Node.js 20 and may not work as expected: actions/cache@v4. Actions will be forced to run with Node.js 24 by default starting June 2nd, 2026. Node.js 20 will be removed from the runner on September 16th, 2026. Please check if updated versions of these actions are available that support Node.js 24. To opt into Node.js 24 now, set the FORCE_JAVASCRIPT_ACTIONS_TO_NODE24=true environment variable on the runner or in your workflow file. Once Node.js 24 becomes the default, you can temporarily opt out by setting ACTIONS_ALLOW_USE_UNSECURE_NODE_VERSION=true. For more information see: https://github.blog/changelog/2025-09-19-deprecation-of-node-20-on-github-actions-runners/
