=== CI FAILURE ===
Workflow:      Auto-merge & Release
Workflow file: akarlin3/prismTask/.github/workflows/auto-merge.yml@refs/pull/749/merge
Job(s):        Auto-merge
Run ID:        24871576034
Run attempt:   1
Run URL:       https://github.com/akarlin3/prismTask/actions/runs/24871576034
Commit:        a6eae086508e672180c5e21d7b188675acd15190
Branch:        749/merge
Event:         pull_request
Actor:         akarlin3
Runner OS:     Linux
Timestamp:     2026-04-24T04:18:33.860Z

Failed steps:
  - Auto-merge: #3 Wait for all other CI checks to pass

=== FAILED JOB LOG ===

--- Job: Auto-merge (id 72819020804) ---
2026-04-24T04:03:43.8799975Z Current runner version: '2.333.1'
2026-04-24T04:03:43.8823674Z ##[group]Runner Image Provisioner
2026-04-24T04:03:43.8824486Z Hosted Compute Agent
2026-04-24T04:03:43.8825138Z Version: 20260213.493
2026-04-24T04:03:43.8825746Z Commit: 5c115507f6dd24b8de37d8bbe0bb4509d0cc0fa3
2026-04-24T04:03:43.8826462Z Build Date: 2026-02-13T00:28:41Z
2026-04-24T04:03:43.8827189Z Worker ID: {f599e82f-37f1-42ed-8c70-857a1d669086}
2026-04-24T04:03:43.8827824Z Azure Region: westus3
2026-04-24T04:03:43.8828391Z ##[endgroup]
2026-04-24T04:03:43.8829801Z ##[group]Operating System
2026-04-24T04:03:43.8830416Z Ubuntu
2026-04-24T04:03:43.8830877Z 24.04.4
2026-04-24T04:03:43.8831676Z LTS
2026-04-24T04:03:43.8832227Z ##[endgroup]
2026-04-24T04:03:43.8832733Z ##[group]Runner Image
2026-04-24T04:03:43.8833441Z Image: ubuntu-24.04
2026-04-24T04:03:43.8833937Z Version: 20260413.86.1
2026-04-24T04:03:43.8835132Z Included Software: https://github.com/actions/runner-images/blob/ubuntu24/20260413.86/images/ubuntu/Ubuntu2404-Readme.md
2026-04-24T04:03:43.8836653Z Image Release: https://github.com/actions/runner-images/releases/tag/ubuntu24%2F20260413.86
2026-04-24T04:03:43.8837568Z ##[endgroup]
2026-04-24T04:03:43.8838846Z ##[group]GITHUB_TOKEN Permissions
2026-04-24T04:03:43.8840661Z Actions: read
2026-04-24T04:03:43.8841196Z Checks: read
2026-04-24T04:03:43.8842165Z Contents: write
2026-04-24T04:03:43.8842649Z Metadata: read
2026-04-24T04:03:43.8843183Z PullRequests: write
2026-04-24T04:03:43.8843751Z ##[endgroup]
2026-04-24T04:03:43.8845853Z Secret source: Actions
2026-04-24T04:03:43.8846507Z Prepare workflow directory
2026-04-24T04:03:43.9288615Z Prepare all required actions
2026-04-24T04:03:43.9326044Z Getting action download info
2026-04-24T04:03:44.3524305Z Download action repository 'lewagon/wait-on-check-action@ccfb013c15c8afb7bf2b7c028fb74dc5a068cccc' (SHA:ccfb013c15c8afb7bf2b7c028fb74dc5a068cccc)
2026-04-24T04:03:45.0726001Z Getting action download info
2026-04-24T04:03:45.2586605Z Download action repository 'ruby/setup-ruby@v1' (SHA:0cb964fd540e0a24c900370abf38a33466142735)
2026-04-24T04:03:46.1923623Z Download action repository 'actions/cache@v4' (SHA:0057852bfaa89a56745cba8c7296529d2fc39830)
2026-04-24T04:03:46.3225664Z Complete job name: Auto-merge
2026-04-24T04:03:46.3828725Z ##[group]Run set -euo pipefail
2026-04-24T04:03:46.3829212Z [36;1mset -euo pipefail[0m
2026-04-24T04:03:46.3829702Z [36;1m# Audit item #5 — poll check-runs for up to 60s instead of a bare[0m
2026-04-24T04:03:46.3830275Z [36;1m# 20s sleep. On a busy runner cohort the initial 20s wasn't enough[0m
2026-04-24T04:03:46.3830818Z [36;1m# for the API to reflect queued workflow runs, which could merge[0m
2026-04-24T04:03:46.3831616Z [36;1m# PRs without waiting for CI. Bail out early as soon as ≥1 real[0m
2026-04-24T04:03:46.3832096Z [36;1m# check shows up.[0m
2026-04-24T04:03:46.3832394Z [36;1mCOUNT=0[0m
2026-04-24T04:03:46.3832656Z [36;1mfor i in $(seq 1 6); do[0m
2026-04-24T04:03:46.3832970Z [36;1m  sleep 10[0m
2026-04-24T04:03:46.3833343Z [36;1m  COUNT=$(gh api "repos/$REPO/commits/$HEAD_SHA/check-runs" \[0m
2026-04-24T04:03:46.3833932Z [36;1m    --jq '[.check_runs[] | select(.name != "Auto-merge")] | length')[0m
2026-04-24T04:03:46.3834440Z [36;1m  if [ "$COUNT" -gt 0 ]; then[0m
2026-04-24T04:03:46.3834852Z [36;1m    echo "Found $COUNT non-Auto-merge check(s) after ${i}0s"[0m
2026-04-24T04:03:46.3835269Z [36;1m    break[0m
2026-04-24T04:03:46.3835529Z [36;1m  fi[0m
2026-04-24T04:03:46.3835853Z [36;1m  echo "No non-Auto-merge checks yet (attempt $i/6)"[0m
2026-04-24T04:03:46.3836239Z [36;1mdone[0m
2026-04-24T04:03:46.3836501Z [36;1mif [ "$COUNT" -gt 0 ]; then[0m
2026-04-24T04:03:46.3836862Z [36;1m  echo "has_ci=true" >> "$GITHUB_OUTPUT"[0m
2026-04-24T04:03:46.3837203Z [36;1melse[0m
2026-04-24T04:03:46.3837494Z [36;1m  echo "has_ci=false" >> "$GITHUB_OUTPUT"[0m
2026-04-24T04:03:46.3837971Z [36;1m  echo "No CI checks on this PR after 60s — will merge without waiting."[0m
2026-04-24T04:03:46.3838417Z [36;1mfi[0m
2026-04-24T04:03:46.3863829Z shell: /usr/bin/bash -e {0}
2026-04-24T04:03:46.3864482Z env:
2026-04-24T04:03:46.3864753Z   WAIT_INTERVAL: 30
2026-04-24T04:03:46.3865341Z   GH_TOKEN: ***
2026-04-24T04:03:46.3865672Z   HEAD_SHA: 604a92645ce956d4c4512e48dd894e8c8da39c9a
2026-04-24T04:03:46.3866051Z   REPO: akarlin3/prismTask
2026-04-24T04:03:46.3866338Z ##[endgroup]
2026-04-24T04:03:56.9870144Z Found 6 non-Auto-merge check(s) after 10s
2026-04-24T04:03:57.0070719Z ##[group]Run lewagon/wait-on-check-action@ccfb013c15c8afb7bf2b7c028fb74dc5a068cccc
2026-04-24T04:03:57.0071207Z with:
2026-04-24T04:03:57.0071630Z   ref: 604a92645ce956d4c4512e48dd894e8c8da39c9a
2026-04-24T04:03:57.0071917Z   running-workflow-name: Auto-merge
2026-04-24T04:03:57.0072389Z   repo-token: ***
2026-04-24T04:03:57.0072578Z   wait-interval: 30
2026-04-24T04:03:57.0072806Z   allowed-conclusions: success,skipped,neutral
2026-04-24T04:03:57.0073073Z   verbose: true
2026-04-24T04:03:57.0073263Z env:
2026-04-24T04:03:57.0073421Z   WAIT_INTERVAL: 30
2026-04-24T04:03:57.0073612Z ##[endgroup]
2026-04-24T04:03:57.0196985Z ##[group]Run ruby/setup-ruby@v1
2026-04-24T04:03:57.0197239Z with:
2026-04-24T04:03:57.0197427Z   ruby-version: 3.2
2026-04-24T04:03:57.0197653Z   bundler-cache: false
2026-04-24T04:03:57.0197984Z   token: ***
2026-04-24T04:03:57.0198149Z env:
2026-04-24T04:03:57.0198310Z   WAIT_INTERVAL: 30
2026-04-24T04:03:57.0198489Z ##[endgroup]
2026-04-24T04:03:57.1404724Z ##[group]Modifying PATH
2026-04-24T04:03:57.1405053Z Entries added to PATH to use selected Ruby:
2026-04-24T04:03:57.1405395Z   /opt/hostedtoolcache/Ruby/3.2.11/x64/bin
2026-04-24T04:03:57.1408076Z ##[endgroup]
2026-04-24T04:03:57.1409435Z ##[group]Print Ruby version
2026-04-24T04:03:57.1444530Z [command]/opt/hostedtoolcache/Ruby/3.2.11/x64/bin/ruby --version
2026-04-24T04:03:57.2739636Z ruby 3.2.11 (2026-03-27 revision 5483bfc1ae) [x86_64-linux]
2026-04-24T04:03:57.2769309Z Took   0.14 seconds
2026-04-24T04:03:57.2770162Z ##[endgroup]
2026-04-24T04:03:57.2771817Z ##[group]Installing Bundler
2026-04-24T04:03:57.2775987Z Using Bundler shipped with ruby-3.2.11
2026-04-24T04:03:57.2777065Z Took   0.00 seconds
2026-04-24T04:03:57.2777770Z ##[endgroup]
2026-04-24T04:03:57.3478641Z ##[group]Run actions/cache@v4
2026-04-24T04:03:57.3478897Z with:
2026-04-24T04:03:57.3479313Z   path: /home/runner/work/_actions/lewagon/wait-on-check-action/ccfb013c15c8afb7bf2b7c028fb74dc5a068cccc
2026-04-24T04:03:57.3479787Z   key: Linux-gems-
2026-04-24T04:03:57.3479983Z   restore-keys: Linux-gems-
2026-04-24T04:03:57.3480205Z   enableCrossOsArchive: false
2026-04-24T04:03:57.3480432Z   fail-on-cache-miss: false
2026-04-24T04:03:57.3480644Z   lookup-only: false
2026-04-24T04:03:57.3480828Z   save-always: false
2026-04-24T04:03:57.3481004Z env:
2026-04-24T04:03:57.3481160Z   WAIT_INTERVAL: 30
2026-04-24T04:03:57.3481340Z ##[endgroup]
2026-04-24T04:03:57.7266600Z Cache not found for input keys: Linux-gems-, Linux-gems-
2026-04-24T04:03:57.7338770Z ##[group]Run bundle install --jobs 4 --retry 3
2026-04-24T04:03:57.7339089Z [36;1mbundle install --jobs 4 --retry 3[0m
2026-04-24T04:03:57.7362510Z shell: /usr/bin/bash --noprofile --norc -e -o pipefail {0}
2026-04-24T04:03:57.7362842Z env:
2026-04-24T04:03:57.7363005Z   WAIT_INTERVAL: 30
2026-04-24T04:03:57.7363191Z ##[endgroup]
2026-04-24T04:03:58.7550965Z Bundler 2.4.19 is running, but your lockfile was generated with 2.2.3. Installing Bundler 2.2.3 and restarting using that version.
2026-04-24T04:04:00.2105219Z Fetching gem metadata from https://rubygems.org/.
2026-04-24T04:04:00.2181118Z Fetching bundler 2.2.3
2026-04-24T04:04:00.3961260Z Installing bundler 2.2.3
2026-04-24T04:04:00.6005119Z Calling `DidYouMean::SPELL_CHECKERS.merge!(error_name => spell_checker)' has been deprecated. Please call `DidYouMean.correct_error(error_name, spell_checker)' instead.
2026-04-24T04:04:01.9656826Z Fetching gem metadata from https://rubygems.org/.........
2026-04-24T04:04:01.9757818Z Fetching zeitwerk 2.6.7
2026-04-24T04:04:01.9762089Z Fetching concurrent-ruby 1.2.2
2026-04-24T04:04:01.9825910Z Fetching public_suffix 4.0.7
2026-04-24T04:04:02.0069980Z Fetching minitest 5.18.0
2026-04-24T04:04:02.1029084Z Installing zeitwerk 2.6.7
2026-04-24T04:04:02.1234674Z Installing public_suffix 4.0.7
2026-04-24T04:04:02.1433154Z Installing minitest 5.18.0
2026-04-24T04:04:02.1625180Z Fetching ast 2.4.2
2026-04-24T04:04:02.2006895Z Installing concurrent-ruby 1.2.2
2026-04-24T04:04:02.2207454Z Using bundler 2.2.3
2026-04-24T04:04:02.2220498Z Fetching byebug 11.1.3
2026-04-24T04:04:02.2502994Z Installing ast 2.4.2
2026-04-24T04:04:02.2521744Z Fetching diff-lcs 1.4.4
2026-04-24T04:04:02.2897746Z Fetching faraday-net_http 2.0.3
2026-04-24T04:04:02.3343158Z Installing byebug 11.1.3 with native extensions
2026-04-24T04:04:02.3568347Z Installing faraday-net_http 2.0.3
2026-04-24T04:04:02.3636775Z Installing diff-lcs 1.4.4
2026-04-24T04:04:02.3664959Z Using ruby2_keywords 0.0.5
2026-04-24T04:04:02.3681051Z Fetching json 2.7.1
2026-04-24T04:04:02.4437660Z Fetching language_server-protocol 3.17.0.3
2026-04-24T04:04:02.4710084Z Installing json 2.7.1 with native extensions
2026-04-24T04:04:02.4979998Z Fetching lint_roller 1.1.0
2026-04-24T04:04:02.5441036Z Installing language_server-protocol 3.17.0.3
2026-04-24T04:04:02.5599522Z Installing lint_roller 1.1.0
2026-04-24T04:04:02.5763286Z Fetching parallel 1.24.0
2026-04-24T04:04:02.6412461Z Installing parallel 1.24.0
2026-04-24T04:04:02.6602978Z Fetching racc 1.7.3
2026-04-24T04:04:02.7577183Z Installing racc 1.7.3 with native extensions
2026-04-24T04:04:02.7650091Z Fetching rainbow 3.1.1
2026-04-24T04:04:02.8260089Z Installing rainbow 3.1.1
2026-04-24T04:04:02.8332654Z Fetching regexp_parser 2.8.3
2026-04-24T04:04:02.9009538Z Installing regexp_parser 2.8.3
2026-04-24T04:04:02.9235208Z Fetching rexml 3.2.6
2026-04-24T04:04:03.0054551Z Installing rexml 3.2.6
2026-04-24T04:04:03.0937772Z Fetching rspec-support 3.10.1
2026-04-24T04:04:03.1632486Z Installing rspec-support 3.10.1
2026-04-24T04:04:03.1799725Z Fetching ruby-progressbar 1.13.0
2026-04-24T04:04:03.2433517Z Installing ruby-progressbar 1.13.0
2026-04-24T04:04:03.2545643Z Fetching unicode-display_width 2.5.0
2026-04-24T04:04:03.3187755Z Installing unicode-display_width 2.5.0
2026-04-24T04:04:03.3252407Z Fetching addressable 2.8.0
2026-04-24T04:04:03.4112627Z Installing addressable 2.8.0
2026-04-24T04:04:03.4322579Z Fetching faraday 2.3.0
2026-04-24T04:04:03.5262677Z Installing faraday 2.3.0
2026-04-24T04:04:03.5602458Z Fetching i18n 1.12.0
2026-04-24T04:04:03.6512495Z Installing i18n 1.12.0
2026-04-24T04:04:03.6702620Z Fetching tzinfo 2.0.6
2026-04-24T04:04:03.7574275Z Installing tzinfo 2.0.6
2026-04-24T04:04:03.7831623Z Fetching rspec-core 3.10.1
2026-04-24T04:04:03.8936748Z Installing rspec-core 3.10.1
2026-04-24T04:04:03.9353723Z Fetching rspec-expectations 3.10.1
2026-04-24T04:04:03.9938000Z Fetching rspec-mocks 3.10.1
2026-04-24T04:04:04.0665923Z Installing rspec-expectations 3.10.1
2026-04-24T04:04:04.1021053Z Fetching faraday-retry 2.0.0
2026-04-24T04:04:04.1435427Z Installing rspec-mocks 3.10.1
2026-04-24T04:04:04.1702896Z Fetching sawyer 0.9.2
2026-04-24T04:04:04.2162443Z Installing faraday-retry 2.0.0
2026-04-24T04:04:04.2286582Z Fetching activesupport 6.1.7.3
2026-04-24T04:04:04.2880660Z Installing sawyer 0.9.2
2026-04-24T04:04:04.3015859Z Fetching parser 3.2.2.4
2026-04-24T04:04:04.3755761Z Installing activesupport 6.1.7.3
2026-04-24T04:04:04.4975944Z Fetching rspec 3.10.0
2026-04-24T04:04:04.5246703Z Installing parser 3.2.2.4
2026-04-24T04:04:04.5583739Z Installing rspec 3.10.0
2026-04-24T04:04:04.5733144Z Fetching octokit 4.25.0
2026-04-24T04:04:04.6725230Z Installing octokit 4.25.0
2026-04-24T04:04:04.7398613Z Fetching rubocop-ast 1.30.0
2026-04-24T04:04:04.8372021Z Installing rubocop-ast 1.30.0
2026-04-24T04:04:05.8749634Z Fetching rubocop 1.57.2
2026-04-24T04:04:06.0047004Z Installing rubocop 1.57.2
2026-04-24T04:04:06.1780458Z Fetching rubocop-performance 1.19.1
2026-04-24T04:04:06.1783666Z Fetching standard-custom 1.0.2
2026-04-24T04:04:06.2604745Z Installing standard-custom 1.0.2
2026-04-24T04:04:06.2691200Z Installing rubocop-performance 1.19.1
2026-04-24T04:04:06.2852525Z Fetching standard-performance 1.2.1
2026-04-24T04:04:06.3454377Z Installing standard-performance 1.2.1
2026-04-24T04:04:06.3524688Z Fetching standard 1.32.1
2026-04-24T04:04:06.4203811Z Installing standard 1.32.1
2026-04-24T04:04:06.4414774Z Bundle complete! 6 Gemfile dependencies, 40 gems now installed.
2026-04-24T04:04:06.4416256Z Use `bundle info [gemname]` to see where a bundled gem is installed.
2026-04-24T04:04:06.4973403Z ##[group]Run ruby entrypoint.rb
2026-04-24T04:04:06.4973668Z [36;1mruby entrypoint.rb[0m
2026-04-24T04:04:06.4995111Z shell: /usr/bin/bash --noprofile --norc -e -o pipefail {0}
2026-04-24T04:04:06.4995421Z env:
2026-04-24T04:04:06.4995580Z   WAIT_INTERVAL: 30
2026-04-24T04:04:06.4995801Z   ALLOWED_CONCLUSIONS: success,skipped,neutral
2026-04-24T04:04:06.4996056Z   IGNORE_CHECKS: 
2026-04-24T04:04:06.4996224Z   CHECK_NAME: 
2026-04-24T04:04:06.4996381Z   CHECK_REGEXP: 
2026-04-24T04:04:06.4996579Z   REF: 604a92645ce956d4c4512e48dd894e8c8da39c9a
2026-04-24T04:04:06.4997047Z   REPO_TOKEN: ***
2026-04-24T04:04:06.4997224Z   VERBOSE: true
2026-04-24T04:04:06.4997413Z   RUNNING_WORKFLOW_NAME: Auto-merge
2026-04-24T04:04:06.4997634Z   API_ENDPOINT: 
2026-04-24T04:04:06.4997806Z ##[endgroup]
2026-04-24T04:09:12.4933676Z Checks running on ref:
2026-04-24T04:09:12.4934452Z Checks completed: capture-failure-log, e2e, web-lint-and-test, maybe-label
2026-04-24T04:09:12.4935214Z Checks in_progress: autofix, connected-tests, test, Auto-merge
2026-04-24T04:09:12.4935720Z Checks after ignore checks filter:
2026-04-24T04:09:12.4936151Z Checks completed: capture-failure-log, e2e, web-lint-and-test, maybe-label
2026-04-24T04:09:12.4936640Z Checks in_progress: autofix, connected-tests, test
2026-04-24T04:09:12.4936979Z Checks after check_name filter:
2026-04-24T04:09:12.4937381Z Checks completed: capture-failure-log, e2e, web-lint-and-test, maybe-label
2026-04-24T04:09:12.4937868Z Checks in_progress: autofix, connected-tests, test
2026-04-24T04:09:12.4938214Z Checks after Regexp filter:
2026-04-24T04:09:12.4938602Z Checks completed: capture-failure-log, e2e, web-lint-and-test, maybe-label
2026-04-24T04:09:12.4939083Z Checks in_progress: autofix, connected-tests, test
2026-04-24T04:09:12.4939534Z The requested checks aren't complete yet, will check back in 30 seconds...
2026-04-24T04:09:12.4939953Z Checks running on ref:
2026-04-24T04:09:12.4940440Z Checks completed: capture-failure-log, capture-failure-log, e2e, web-lint-and-test, maybe-label, test
2026-04-24T04:09:12.4941107Z Checks in_progress: autofix, connected-tests, Auto-merge
2026-04-24T04:09:12.4941725Z Checks after ignore checks filter:
2026-04-24T04:09:12.4942262Z Checks completed: capture-failure-log, capture-failure-log, e2e, web-lint-and-test, maybe-label, test
2026-04-24T04:09:12.4942854Z Checks in_progress: autofix, connected-tests
2026-04-24T04:09:12.4943164Z Checks after check_name filter:
2026-04-24T04:09:12.4943679Z Checks completed: capture-failure-log, capture-failure-log, e2e, web-lint-and-test, maybe-label, test
2026-04-24T04:09:12.4944264Z Checks in_progress: autofix, connected-tests
2026-04-24T04:09:12.4944576Z Checks after Regexp filter:
2026-04-24T04:09:12.4945076Z Checks completed: capture-failure-log, capture-failure-log, e2e, web-lint-and-test, maybe-label, test
2026-04-24T04:09:12.4945659Z Checks in_progress: autofix, connected-tests
2026-04-24T04:09:12.4946104Z The requested checks aren't complete yet, will check back in 30 seconds...
2026-04-24T04:09:12.4946519Z Checks running on ref:
2026-04-24T04:09:12.4946975Z Checks completed: capture-failure-log, capture-failure-log, e2e, web-lint-and-test, maybe-label, test
2026-04-24T04:09:12.4947464Z Checks in_progress: autofix, connected-tests, Auto-merge
2026-04-24T04:09:12.4947757Z Checks after ignore checks filter:
2026-04-24T04:09:12.4948195Z Checks completed: capture-failure-log, capture-failure-log, e2e, web-lint-and-test, maybe-label, test
2026-04-24T04:09:12.4948674Z Checks in_progress: autofix, connected-tests
2026-04-24T04:09:12.4949185Z Checks after check_name filter:
2026-04-24T04:09:12.4949601Z Checks completed: capture-failure-log, capture-failure-log, e2e, web-lint-and-test, maybe-label, test
2026-04-24T04:09:12.4950155Z Checks in_progress: autofix, connected-tests
2026-04-24T04:09:12.4950401Z Checks after Regexp filter:
2026-04-24T04:09:12.4950938Z Checks completed: capture-failure-log, capture-failure-log, e2e, web-lint-and-test, maybe-label, test
2026-04-24T04:09:12.4951702Z Checks in_progress: autofix, connected-tests
2026-04-24T04:09:12.4952067Z The requested checks aren't complete yet, will check back in 30 seconds...
2026-04-24T04:09:12.4952407Z Checks running on ref:
2026-04-24T04:09:12.4952802Z Checks completed: capture-failure-log, capture-failure-log, e2e, web-lint-and-test, maybe-label, test
2026-04-24T04:09:12.4953306Z Checks in_progress: autofix, connected-tests, Auto-merge
2026-04-24T04:09:12.4953592Z Checks after ignore checks filter:
2026-04-24T04:09:12.4954016Z Checks completed: capture-failure-log, capture-failure-log, e2e, web-lint-and-test, maybe-label, test
2026-04-24T04:09:12.4954488Z Checks in_progress: autofix, connected-tests
2026-04-24T04:09:12.4954736Z Checks after check_name filter:
2026-04-24T04:09:12.4955146Z Checks completed: capture-failure-log, capture-failure-log, e2e, web-lint-and-test, maybe-label, test
2026-04-24T04:09:12.4955606Z Checks in_progress: autofix, connected-tests
2026-04-24T04:09:12.4955873Z Checks after Regexp filter:
2026-04-24T04:09:12.4956276Z Checks completed: capture-failure-log, capture-failure-log, e2e, web-lint-and-test, maybe-label, test
2026-04-24T04:09:12.4956735Z Checks in_progress: autofix, connected-tests
2026-04-24T04:09:12.4957076Z The requested checks aren't complete yet, will check back in 30 seconds...
2026-04-24T04:09:12.4957413Z Checks running on ref:
2026-04-24T04:09:12.4957800Z Checks completed: capture-failure-log, capture-failure-log, e2e, web-lint-and-test, maybe-label, test
2026-04-24T04:09:12.4958291Z Checks in_progress: autofix, connected-tests, Auto-merge
2026-04-24T04:09:12.4958583Z Checks after ignore checks filter:
2026-04-24T04:09:12.4959006Z Checks completed: capture-failure-log, capture-failure-log, e2e, web-lint-and-test, maybe-label, test
2026-04-24T04:09:12.4959491Z Checks in_progress: autofix, connected-tests
2026-04-24T04:09:12.4959739Z Checks after check_name filter:
2026-04-24T04:09:12.4960157Z Checks completed: capture-failure-log, capture-failure-log, e2e, web-lint-and-test, maybe-label, test
2026-04-24T04:09:12.4960621Z Checks in_progress: autofix, connected-tests
2026-04-24T04:09:12.4960866Z Checks after Regexp filter:
2026-04-24T04:09:12.4961268Z Checks completed: capture-failure-log, capture-failure-log, e2e, web-lint-and-test, maybe-label, test
2026-04-24T04:09:12.4962089Z Checks in_progress: autofix, connected-tests
2026-04-24T04:09:12.4962449Z The requested checks aren't complete yet, will check back in 30 seconds...
2026-04-24T04:09:12.4962788Z Checks running on ref:
2026-04-24T04:09:12.4963050Z Checks in_progress: lint-and-test, connected-tests, Auto-merge
2026-04-24T04:09:12.4963603Z Checks completed: capture-failure-log, capture-failure-log, e2e, web-lint-and-test, autofix, maybe-label, test
2026-04-24T04:09:12.4964082Z Checks after ignore checks filter:
2026-04-24T04:09:12.4964347Z Checks in_progress: lint-and-test, connected-tests
2026-04-24T04:09:12.4964852Z Checks completed: capture-failure-log, capture-failure-log, e2e, web-lint-and-test, autofix, maybe-label, test
2026-04-24T04:09:12.4965336Z Checks after check_name filter:
2026-04-24T04:09:12.4965579Z Checks in_progress: lint-and-test, connected-tests
2026-04-24T04:09:12.4966077Z Checks completed: capture-failure-log, capture-failure-log, e2e, web-lint-and-test, autofix, maybe-label, test
2026-04-24T04:09:12.4966552Z Checks after Regexp filter:
2026-04-24T04:09:12.4966784Z Checks in_progress: lint-and-test, connected-tests
2026-04-24T04:09:12.4967278Z Checks completed: capture-failure-log, capture-failure-log, e2e, web-lint-and-test, autofix, maybe-label, test
2026-04-24T04:09:12.4967997Z The requested checks aren't complete yet, will check back in 30 seconds...
2026-04-24T04:09:12.4968337Z Checks running on ref:
2026-04-24T04:09:12.4968600Z Checks in_progress: lint-and-test, connected-tests, Auto-merge
2026-04-24T04:09:12.4969143Z Checks completed: capture-failure-log, capture-failure-log, e2e, web-lint-and-test, autofix, maybe-label, test
2026-04-24T04:09:12.4969735Z Checks after ignore checks filter:
2026-04-24T04:09:12.4969999Z Checks in_progress: lint-and-test, connected-tests
2026-04-24T04:09:12.4970510Z Checks completed: capture-failure-log, capture-failure-log, e2e, web-lint-and-test, autofix, maybe-label, test
2026-04-24T04:09:12.4970989Z Checks after check_name filter:
2026-04-24T04:09:12.4971239Z Checks in_progress: lint-and-test, connected-tests
2026-04-24T04:09:12.4972020Z Checks completed: capture-failure-log, capture-failure-log, e2e, web-lint-and-test, autofix, maybe-label, test
2026-04-24T04:09:12.4972502Z Checks after Regexp filter:
2026-04-24T04:09:12.4972750Z Checks in_progress: lint-and-test, connected-tests
2026-04-24T04:09:12.4973241Z Checks completed: capture-failure-log, capture-failure-log, e2e, web-lint-and-test, autofix, maybe-label, test
2026-04-24T04:09:12.4973819Z The requested checks aren't complete yet, will check back in 30 seconds...
2026-04-24T04:09:12.4974153Z Checks running on ref:
2026-04-24T04:09:12.4974422Z Checks in_progress: lint-and-test, connected-tests, Auto-merge
2026-04-24T04:09:12.4974953Z Checks completed: capture-failure-log, capture-failure-log, e2e, web-lint-and-test, autofix, maybe-label, test
2026-04-24T04:09:12.4975433Z Checks after ignore checks filter:
2026-04-24T04:09:12.4975688Z Checks in_progress: lint-and-test, connected-tests
2026-04-24T04:09:12.4976177Z Checks completed: capture-failure-log, capture-failure-log, e2e, web-lint-and-test, autofix, maybe-label, test
2026-04-24T04:09:12.4976662Z Checks after check_name filter:
2026-04-24T04:09:12.4976910Z Checks in_progress: lint-and-test, connected-tests
2026-04-24T04:09:12.4977405Z Checks completed: capture-failure-log, capture-failure-log, e2e, web-lint-and-test, autofix, maybe-label, test
2026-04-24T04:09:12.4977877Z Checks after Regexp filter:
2026-04-24T04:09:12.4978107Z Checks in_progress: lint-and-test, connected-tests
2026-04-24T04:09:12.4978623Z Checks completed: capture-failure-log, capture-failure-log, e2e, web-lint-and-test, autofix, maybe-label, test
2026-04-24T04:09:12.4979211Z The requested checks aren't complete yet, will check back in 30 seconds...
2026-04-24T04:09:12.4979552Z Checks running on ref:
2026-04-24T04:09:12.4979813Z Checks in_progress: lint-and-test, connected-tests, Auto-merge
2026-04-24T04:09:12.4980346Z Checks completed: capture-failure-log, capture-failure-log, e2e, web-lint-and-test, autofix, maybe-label, test
2026-04-24T04:09:12.4980827Z Checks after ignore checks filter:
2026-04-24T04:09:12.4981079Z Checks in_progress: lint-and-test, connected-tests
2026-04-24T04:09:12.4981831Z Checks completed: capture-failure-log, capture-failure-log, e2e, web-lint-and-test, autofix, maybe-label, test
2026-04-24T04:09:12.4982319Z Checks after check_name filter:
2026-04-24T04:09:12.4982565Z Checks in_progress: lint-and-test, connected-tests
2026-04-24T04:09:12.4983062Z Checks completed: capture-failure-log, capture-failure-log, e2e, web-lint-and-test, autofix, maybe-label, test
2026-04-24T04:09:12.4983531Z Checks after Regexp filter:
2026-04-24T04:09:12.4983770Z Checks in_progress: lint-and-test, connected-tests
2026-04-24T04:09:12.4984262Z Checks completed: capture-failure-log, capture-failure-log, e2e, web-lint-and-test, autofix, maybe-label, test
2026-04-24T04:09:12.4984838Z The requested checks aren't complete yet, will check back in 30 seconds...
2026-04-24T04:09:12.4985170Z Checks running on ref:
2026-04-24T04:09:12.4985428Z Checks in_progress: lint-and-test, connected-tests, Auto-merge
2026-04-24T04:09:12.4985964Z Checks completed: capture-failure-log, capture-failure-log, e2e, web-lint-and-test, autofix, maybe-label, test
2026-04-24T04:09:12.4986583Z Checks after ignore checks filter:
2026-04-24T04:09:12.4986839Z Checks in_progress: lint-and-test, connected-tests
2026-04-24T04:09:12.4987326Z Checks completed: capture-failure-log, capture-failure-log, e2e, web-lint-and-test, autofix, maybe-label, test
2026-04-24T04:09:12.4987802Z Checks after check_name filter:
2026-04-24T04:09:12.4988043Z Checks in_progress: lint-and-test, connected-tests
2026-04-24T04:09:12.4988636Z Checks completed: capture-failure-log, capture-failure-log, e2e, web-lint-and-test, autofix, maybe-label, test
2026-04-24T04:09:12.4989122Z Checks after Regexp filter:
2026-04-24T04:09:12.4989352Z Checks in_progress: lint-and-test, connected-tests
2026-04-24T04:09:12.4989847Z Checks completed: capture-failure-log, capture-failure-log, e2e, web-lint-and-test, autofix, maybe-label, test
2026-04-24T04:09:12.4990422Z The requested checks aren't complete yet, will check back in 30 seconds...
2026-04-24T04:09:12.4990760Z Checks running on ref:
2026-04-24T04:13:17.0260407Z Checks completed: firebase-distribute, capture-failure-log, lint-and-test, capture-failure-log, capture-failure-log, e2e, web-lint-and-test, autofix, maybe-label, test
2026-04-24T04:13:17.0262687Z Checks in_progress: connected-tests, Auto-merge
2026-04-24T04:13:17.0263409Z Checks after ignore checks filter:
2026-04-24T04:13:17.0264929Z Checks completed: firebase-distribute, capture-failure-log, lint-and-test, capture-failure-log, capture-failure-log, e2e, web-lint-and-test, autofix, maybe-label, test
2026-04-24T04:13:17.0266732Z Checks in_progress: connected-tests
2026-04-24T04:13:17.0267300Z Checks after check_name filter:
2026-04-24T04:13:17.0268605Z Checks completed: firebase-distribute, capture-failure-log, lint-and-test, capture-failure-log, capture-failure-log, e2e, web-lint-and-test, autofix, maybe-label, test
2026-04-24T04:13:17.0269911Z Checks in_progress: connected-tests
2026-04-24T04:13:17.0270201Z Checks after Regexp filter:
2026-04-24T04:13:17.0271004Z Checks completed: firebase-distribute, capture-failure-log, lint-and-test, capture-failure-log, capture-failure-log, e2e, web-lint-and-test, autofix, maybe-label, test
2026-04-24T04:13:17.0272196Z Checks in_progress: connected-tests
2026-04-24T04:13:17.0272609Z The requested checks aren't complete yet, will check back in 30 seconds...
2026-04-24T04:13:17.0273039Z Checks running on ref:
2026-04-24T04:13:17.0273837Z Checks completed: firebase-distribute, capture-failure-log, lint-and-test, capture-failure-log, capture-failure-log, e2e, web-lint-and-test, autofix, maybe-label, test
2026-04-24T04:13:17.0274733Z Checks in_progress: connected-tests, Auto-merge
2026-04-24T04:13:17.0275067Z Checks after ignore checks filter:
2026-04-24T04:13:17.0275895Z Checks completed: firebase-distribute, capture-failure-log, lint-and-test, capture-failure-log, capture-failure-log, e2e, web-lint-and-test, autofix, maybe-label, test
2026-04-24T04:13:17.0276768Z Checks in_progress: connected-tests
2026-04-24T04:13:17.0277050Z Checks after check_name filter:
2026-04-24T04:13:17.0277877Z Checks completed: firebase-distribute, capture-failure-log, lint-and-test, capture-failure-log, capture-failure-log, e2e, web-lint-and-test, autofix, maybe-label, test
2026-04-24T04:13:17.0278610Z Checks in_progress: connected-tests
2026-04-24T04:13:17.0278843Z Checks after Regexp filter:
2026-04-24T04:13:17.0279502Z Checks completed: firebase-distribute, capture-failure-log, lint-and-test, capture-failure-log, capture-failure-log, e2e, web-lint-and-test, autofix, maybe-label, test
2026-04-24T04:13:17.0280184Z Checks in_progress: connected-tests
2026-04-24T04:13:17.0280525Z The requested checks aren't complete yet, will check back in 30 seconds...
2026-04-24T04:13:17.0280882Z Checks running on ref:
2026-04-24T04:13:17.0281778Z Checks completed: firebase-distribute, capture-failure-log, lint-and-test, capture-failure-log, capture-failure-log, e2e, web-lint-and-test, autofix, maybe-label, test
2026-04-24T04:13:17.0282512Z Checks in_progress: connected-tests, Auto-merge
2026-04-24T04:13:17.0282785Z Checks after ignore checks filter:
2026-04-24T04:13:17.0283824Z Checks completed: firebase-distribute, capture-failure-log, lint-and-test, capture-failure-log, capture-failure-log, e2e, web-lint-and-test, autofix, maybe-label, test
2026-04-24T04:13:17.0284540Z Checks in_progress: connected-tests
2026-04-24T04:13:17.0284776Z Checks after check_name filter:
2026-04-24T04:13:17.0285575Z Checks completed: firebase-distribute, capture-failure-log, lint-and-test, capture-failure-log, capture-failure-log, e2e, web-lint-and-test, autofix, maybe-label, test
2026-04-24T04:13:17.0286297Z Checks in_progress: connected-tests
2026-04-24T04:13:17.0286537Z Checks after Regexp filter:
2026-04-24T04:13:17.0287190Z Checks completed: firebase-distribute, capture-failure-log, lint-and-test, capture-failure-log, capture-failure-log, e2e, web-lint-and-test, autofix, maybe-label, test
2026-04-24T04:13:17.0287892Z Checks in_progress: connected-tests
2026-04-24T04:13:17.0288228Z The requested checks aren't complete yet, will check back in 30 seconds...
2026-04-24T04:13:17.0288577Z Checks running on ref:
2026-04-24T04:13:17.0289207Z Checks completed: firebase-distribute, capture-failure-log, lint-and-test, capture-failure-log, capture-failure-log, e2e, web-lint-and-test, autofix, maybe-label, test
2026-04-24T04:13:17.0289913Z Checks in_progress: connected-tests, Auto-merge
2026-04-24T04:13:17.0290187Z Checks after ignore checks filter:
2026-04-24T04:13:17.0290847Z Checks completed: firebase-distribute, capture-failure-log, lint-and-test, capture-failure-log, capture-failure-log, e2e, web-lint-and-test, autofix, maybe-label, test
2026-04-24T04:13:17.0291770Z Checks in_progress: connected-tests
2026-04-24T04:13:17.0292010Z Checks after check_name filter:
2026-04-24T04:13:17.0292660Z Checks completed: firebase-distribute, capture-failure-log, lint-and-test, capture-failure-log, capture-failure-log, e2e, web-lint-and-test, autofix, maybe-label, test
2026-04-24T04:13:17.0293349Z Checks in_progress: connected-tests
2026-04-24T04:13:17.0293574Z Checks after Regexp filter:
2026-04-24T04:13:17.0294222Z Checks completed: firebase-distribute, capture-failure-log, lint-and-test, capture-failure-log, capture-failure-log, e2e, web-lint-and-test, autofix, maybe-label, test
2026-04-24T04:13:17.0294913Z Checks in_progress: connected-tests
2026-04-24T04:13:17.0295237Z The requested checks aren't complete yet, will check back in 30 seconds...
2026-04-24T04:13:17.0295587Z Checks running on ref:
2026-04-24T04:13:17.0296210Z Checks completed: firebase-distribute, capture-failure-log, lint-and-test, capture-failure-log, capture-failure-log, e2e, web-lint-and-test, autofix, maybe-label, test
2026-04-24T04:13:17.0296945Z Checks in_progress: connected-tests, Auto-merge
2026-04-24T04:13:17.0297216Z Checks after ignore checks filter:
2026-04-24T04:13:17.0297877Z Checks completed: firebase-distribute, capture-failure-log, lint-and-test, capture-failure-log, capture-failure-log, e2e, web-lint-and-test, autofix, maybe-label, test
2026-04-24T04:13:17.0298560Z Checks in_progress: connected-tests
2026-04-24T04:13:17.0298787Z Checks after check_name filter:
2026-04-24T04:13:17.0299433Z Checks completed: firebase-distribute, capture-failure-log, lint-and-test, capture-failure-log, capture-failure-log, e2e, web-lint-and-test, autofix, maybe-label, test
2026-04-24T04:13:17.0300111Z Checks in_progress: connected-tests
2026-04-24T04:13:17.0300338Z Checks after Regexp filter:
2026-04-24T04:13:17.0300987Z Checks completed: firebase-distribute, capture-failure-log, lint-and-test, capture-failure-log, capture-failure-log, e2e, web-lint-and-test, autofix, maybe-label, test
2026-04-24T04:13:17.0301949Z Checks in_progress: connected-tests
2026-04-24T04:13:17.0302277Z The requested checks aren't complete yet, will check back in 30 seconds...
2026-04-24T04:13:17.0302611Z Checks running on ref:
2026-04-24T04:13:17.0303236Z Checks completed: firebase-distribute, capture-failure-log, lint-and-test, capture-failure-log, capture-failure-log, e2e, web-lint-and-test, autofix, maybe-label, test
2026-04-24T04:13:17.0303947Z Checks in_progress: connected-tests, Auto-merge
2026-04-24T04:13:17.0304351Z Checks after ignore checks filter:
2026-04-24T04:13:17.0305009Z Checks completed: firebase-distribute, capture-failure-log, lint-and-test, capture-failure-log, capture-failure-log, e2e, web-lint-and-test, autofix, maybe-label, test
2026-04-24T04:13:17.0305693Z Checks in_progress: connected-tests
2026-04-24T04:13:17.0306100Z Checks after check_name filter:
2026-04-24T04:13:17.0306757Z Checks completed: firebase-distribute, capture-failure-log, lint-and-test, capture-failure-log, capture-failure-log, e2e, web-lint-and-test, autofix, maybe-label, test
2026-04-24T04:13:17.0307446Z Checks in_progress: connected-tests
2026-04-24T04:13:17.0307672Z Checks after Regexp filter:
2026-04-24T04:13:17.0308307Z Checks completed: firebase-distribute, capture-failure-log, lint-and-test, capture-failure-log, capture-failure-log, e2e, web-lint-and-test, autofix, maybe-label, test
2026-04-24T04:13:17.0308991Z Checks in_progress: connected-tests
2026-04-24T04:13:17.0309320Z The requested checks aren't complete yet, will check back in 30 seconds...
2026-04-24T04:13:17.0309660Z Checks running on ref:
2026-04-24T04:13:17.0310280Z Checks completed: firebase-distribute, capture-failure-log, lint-and-test, capture-failure-log, capture-failure-log, e2e, web-lint-and-test, autofix, maybe-label, test
2026-04-24T04:13:17.0310988Z Checks in_progress: connected-tests, Auto-merge
2026-04-24T04:13:17.0311259Z Checks after ignore checks filter:
2026-04-24T04:13:17.0312167Z Checks completed: firebase-distribute, capture-failure-log, lint-and-test, capture-failure-log, capture-failure-log, e2e, web-lint-and-test, autofix, maybe-label, test
2026-04-24T04:13:17.0312857Z Checks in_progress: connected-tests
2026-04-24T04:13:17.0313080Z Checks after check_name filter:
2026-04-24T04:13:17.0313724Z Checks completed: firebase-distribute, capture-failure-log, lint-and-test, capture-failure-log, capture-failure-log, e2e, web-lint-and-test, autofix, maybe-label, test
2026-04-24T04:13:17.0314416Z Checks in_progress: connected-tests
2026-04-24T04:13:17.0314636Z Checks after Regexp filter:
2026-04-24T04:13:17.0315273Z Checks completed: firebase-distribute, capture-failure-log, lint-and-test, capture-failure-log, capture-failure-log, e2e, web-lint-and-test, autofix, maybe-label, test
2026-04-24T04:13:17.0315952Z Checks in_progress: connected-tests
2026-04-24T04:13:17.0316282Z The requested checks aren't complete yet, will check back in 30 seconds...
2026-04-24T04:13:17.0316614Z Checks running on ref:
2026-04-24T04:13:17.0317246Z Checks completed: firebase-distribute, capture-failure-log, lint-and-test, capture-failure-log, capture-failure-log, e2e, web-lint-and-test, autofix, maybe-label, test
2026-04-24T04:13:17.0317956Z Checks in_progress: connected-tests, Auto-merge
2026-04-24T04:13:17.0318219Z Checks after ignore checks filter:
2026-04-24T04:13:17.0318877Z Checks completed: firebase-distribute, capture-failure-log, lint-and-test, capture-failure-log, capture-failure-log, e2e, web-lint-and-test, autofix, maybe-label, test
2026-04-24T04:13:17.0319565Z Checks in_progress: connected-tests
2026-04-24T04:13:17.0319792Z Checks after check_name filter:
2026-04-24T04:13:17.0320433Z Checks completed: firebase-distribute, capture-failure-log, lint-and-test, capture-failure-log, capture-failure-log, e2e, web-lint-and-test, autofix, maybe-label, test
2026-04-24T04:13:17.0321120Z Checks in_progress: connected-tests
2026-04-24T04:13:17.0321570Z Checks after Regexp filter:
2026-04-24T04:13:17.0322240Z Checks completed: firebase-distribute, capture-failure-log, lint-and-test, capture-failure-log, capture-failure-log, e2e, web-lint-and-test, autofix, maybe-label, test
2026-04-24T04:13:17.0322936Z Checks in_progress: connected-tests
2026-04-24T04:13:17.0323262Z The requested checks aren't complete yet, will check back in 30 seconds...
2026-04-24T04:13:17.0323603Z Checks running on ref:
2026-04-24T04:13:17.0324239Z Checks completed: firebase-distribute, capture-failure-log, lint-and-test, capture-failure-log, capture-failure-log, e2e, web-lint-and-test, autofix, maybe-label, test
2026-04-24T04:17:21.3953084Z Checks in_progress: connected-tests, Auto-merge
2026-04-24T04:17:21.3953829Z Checks after ignore checks filter:
2026-04-24T04:17:21.3955455Z Checks completed: firebase-distribute, capture-failure-log, lint-and-test, capture-failure-log, capture-failure-log, e2e, web-lint-and-test, autofix, maybe-label, test
2026-04-24T04:17:21.3957258Z Checks in_progress: connected-tests
2026-04-24T04:17:21.3957633Z Checks after check_name filter:
2026-04-24T04:17:21.3958482Z Checks completed: firebase-distribute, capture-failure-log, lint-and-test, capture-failure-log, capture-failure-log, e2e, web-lint-and-test, autofix, maybe-label, test
2026-04-24T04:17:21.3959361Z Checks in_progress: connected-tests
2026-04-24T04:17:21.3959648Z Checks after Regexp filter:
2026-04-24T04:17:21.3960456Z Checks completed: firebase-distribute, capture-failure-log, lint-and-test, capture-failure-log, capture-failure-log, e2e, web-lint-and-test, autofix, maybe-label, test
2026-04-24T04:17:21.3961654Z Checks in_progress: connected-tests
2026-04-24T04:17:21.3962077Z The requested checks aren't complete yet, will check back in 30 seconds...
2026-04-24T04:17:21.3962508Z Checks running on ref:
2026-04-24T04:17:21.3963305Z Checks completed: firebase-distribute, capture-failure-log, lint-and-test, capture-failure-log, capture-failure-log, e2e, web-lint-and-test, autofix, maybe-label, test
2026-04-24T04:17:21.3964201Z Checks in_progress: connected-tests, Auto-merge
2026-04-24T04:17:21.3964534Z Checks after ignore checks filter:
2026-04-24T04:17:21.3965363Z Checks completed: firebase-distribute, capture-failure-log, lint-and-test, capture-failure-log, capture-failure-log, e2e, web-lint-and-test, autofix, maybe-label, test
2026-04-24T04:17:21.3966227Z Checks in_progress: connected-tests
2026-04-24T04:17:21.3966503Z Checks after check_name filter:
2026-04-24T04:17:21.3967255Z Checks completed: firebase-distribute, capture-failure-log, lint-and-test, capture-failure-log, capture-failure-log, e2e, web-lint-and-test, autofix, maybe-label, test
2026-04-24T04:17:21.3968059Z Checks in_progress: connected-tests
2026-04-24T04:17:21.3968316Z Checks after Regexp filter:
2026-04-24T04:17:21.3969057Z Checks completed: firebase-distribute, capture-failure-log, lint-and-test, capture-failure-log, capture-failure-log, e2e, web-lint-and-test, autofix, maybe-label, test
2026-04-24T04:17:21.3969853Z Checks in_progress: connected-tests
2026-04-24T04:17:21.3970231Z The requested checks aren't complete yet, will check back in 30 seconds...
2026-04-24T04:17:21.3970621Z Checks running on ref:
2026-04-24T04:17:21.3971538Z Checks completed: firebase-distribute, capture-failure-log, lint-and-test, capture-failure-log, capture-failure-log, e2e, web-lint-and-test, autofix, maybe-label, test
2026-04-24T04:17:21.3972374Z Checks in_progress: connected-tests, Auto-merge
2026-04-24T04:17:21.3972678Z Checks after ignore checks filter:
2026-04-24T04:17:21.3973440Z Checks completed: firebase-distribute, capture-failure-log, lint-and-test, capture-failure-log, capture-failure-log, e2e, web-lint-and-test, autofix, maybe-label, test
2026-04-24T04:17:21.3974247Z Checks in_progress: connected-tests
2026-04-24T04:17:21.3974502Z Checks after check_name filter:
2026-04-24T04:17:21.3975254Z Checks completed: firebase-distribute, capture-failure-log, lint-and-test, capture-failure-log, capture-failure-log, e2e, web-lint-and-test, autofix, maybe-label, test
2026-04-24T04:17:21.3976055Z Checks in_progress: connected-tests
2026-04-24T04:17:21.3976300Z Checks after Regexp filter:
2026-04-24T04:17:21.3976928Z Checks completed: firebase-distribute, capture-failure-log, lint-and-test, capture-failure-log, capture-failure-log, e2e, web-lint-and-test, autofix, maybe-label, test
2026-04-24T04:17:21.3977605Z Checks in_progress: connected-tests
2026-04-24T04:17:21.3977925Z The requested checks aren't complete yet, will check back in 30 seconds...
2026-04-24T04:17:21.3978257Z Checks running on ref:
2026-04-24T04:17:21.3978873Z Checks completed: firebase-distribute, capture-failure-log, lint-and-test, capture-failure-log, capture-failure-log, e2e, web-lint-and-test, autofix, maybe-label, test
2026-04-24T04:17:21.3979750Z Checks in_progress: connected-tests, Auto-merge
2026-04-24T04:17:21.3980024Z Checks after ignore checks filter:
2026-04-24T04:17:21.3980802Z Checks completed: firebase-distribute, capture-failure-log, lint-and-test, capture-failure-log, capture-failure-log, e2e, web-lint-and-test, autofix, maybe-label, test
2026-04-24T04:17:21.3981757Z Checks in_progress: connected-tests
2026-04-24T04:17:21.3981993Z Checks after check_name filter:
2026-04-24T04:17:21.3982636Z Checks completed: firebase-distribute, capture-failure-log, lint-and-test, capture-failure-log, capture-failure-log, e2e, web-lint-and-test, autofix, maybe-label, test
2026-04-24T04:17:21.3983323Z Checks in_progress: connected-tests
2026-04-24T04:17:21.3983543Z Checks after Regexp filter:
2026-04-24T04:17:21.3984181Z Checks completed: firebase-distribute, capture-failure-log, lint-and-test, capture-failure-log, capture-failure-log, e2e, web-lint-and-test, autofix, maybe-label, test
2026-04-24T04:17:21.3984873Z Checks in_progress: connected-tests
2026-04-24T04:17:21.3985197Z The requested checks aren't complete yet, will check back in 30 seconds...
2026-04-24T04:17:21.3985546Z Checks running on ref:
2026-04-24T04:17:21.3986174Z Checks completed: firebase-distribute, capture-failure-log, lint-and-test, capture-failure-log, capture-failure-log, e2e, web-lint-and-test, autofix, maybe-label, test
2026-04-24T04:17:21.3986886Z Checks in_progress: connected-tests, Auto-merge
2026-04-24T04:17:21.3987147Z Checks after ignore checks filter:
2026-04-24T04:17:21.3987805Z Checks completed: firebase-distribute, capture-failure-log, lint-and-test, capture-failure-log, capture-failure-log, e2e, web-lint-and-test, autofix, maybe-label, test
2026-04-24T04:17:21.3988487Z Checks in_progress: connected-tests
2026-04-24T04:17:21.3988708Z Checks after check_name filter:
2026-04-24T04:17:21.3989369Z Checks completed: firebase-distribute, capture-failure-log, lint-and-test, capture-failure-log, capture-failure-log, e2e, web-lint-and-test, autofix, maybe-label, test
2026-04-24T04:17:21.3990073Z Checks in_progress: connected-tests
2026-04-24T04:17:21.3990303Z Checks after Regexp filter:
2026-04-24T04:17:21.3990983Z Checks completed: firebase-distribute, capture-failure-log, lint-and-test, capture-failure-log, capture-failure-log, e2e, web-lint-and-test, autofix, maybe-label, test
2026-04-24T04:17:21.3991946Z Checks in_progress: connected-tests
2026-04-24T04:17:21.3992291Z The requested checks aren't complete yet, will check back in 30 seconds...
2026-04-24T04:17:21.3992631Z Checks running on ref:
2026-04-24T04:17:21.3993295Z Checks completed: firebase-distribute, capture-failure-log, lint-and-test, capture-failure-log, capture-failure-log, e2e, web-lint-and-test, autofix, maybe-label, test
2026-04-24T04:17:21.3994013Z Checks in_progress: connected-tests, Auto-merge
2026-04-24T04:17:21.3994282Z Checks after ignore checks filter:
2026-04-24T04:17:21.3994962Z Checks completed: firebase-distribute, capture-failure-log, lint-and-test, capture-failure-log, capture-failure-log, e2e, web-lint-and-test, autofix, maybe-label, test
2026-04-24T04:17:21.3995658Z Checks in_progress: connected-tests
2026-04-24T04:17:21.3995892Z Checks after check_name filter:
2026-04-24T04:17:21.3996539Z Checks completed: firebase-distribute, capture-failure-log, lint-and-test, capture-failure-log, capture-failure-log, e2e, web-lint-and-test, autofix, maybe-label, test
2026-04-24T04:17:21.3997222Z Checks in_progress: connected-tests
2026-04-24T04:17:21.3997451Z Checks after Regexp filter:
2026-04-24T04:17:21.3998087Z Checks completed: firebase-distribute, capture-failure-log, lint-and-test, capture-failure-log, capture-failure-log, e2e, web-lint-and-test, autofix, maybe-label, test
2026-04-24T04:17:21.3998769Z Checks in_progress: connected-tests
2026-04-24T04:17:21.3999091Z The requested checks aren't complete yet, will check back in 30 seconds...
2026-04-24T04:17:21.3999572Z Checks running on ref:
2026-04-24T04:17:21.4000195Z Checks completed: firebase-distribute, capture-failure-log, lint-and-test, capture-failure-log, capture-failure-log, e2e, web-lint-and-test, autofix, maybe-label, test
2026-04-24T04:17:21.4000905Z Checks in_progress: connected-tests, Auto-merge
2026-04-24T04:17:21.4001179Z Checks after ignore checks filter:
2026-04-24T04:17:21.4002299Z Checks completed: firebase-distribute, capture-failure-log, lint-and-test, capture-failure-log, capture-failure-log, e2e, web-lint-and-test, autofix, maybe-label, test
2026-04-24T04:17:21.4002998Z Checks in_progress: connected-tests
2026-04-24T04:17:21.4003224Z Checks after check_name filter:
2026-04-24T04:17:21.4003872Z Checks completed: firebase-distribute, capture-failure-log, lint-and-test, capture-failure-log, capture-failure-log, e2e, web-lint-and-test, autofix, maybe-label, test
2026-04-24T04:17:21.4004554Z Checks in_progress: connected-tests
2026-04-24T04:17:21.4004778Z Checks after Regexp filter:
2026-04-24T04:17:21.4005420Z Checks completed: firebase-distribute, capture-failure-log, lint-and-test, capture-failure-log, capture-failure-log, e2e, web-lint-and-test, autofix, maybe-label, test
2026-04-24T04:17:21.4006095Z Checks in_progress: connected-tests
2026-04-24T04:17:21.4006424Z The requested checks aren't complete yet, will check back in 30 seconds...
2026-04-24T04:17:21.4006759Z Checks running on ref:
2026-04-24T04:17:21.4007384Z Checks completed: firebase-distribute, capture-failure-log, lint-and-test, capture-failure-log, capture-failure-log, e2e, web-lint-and-test, autofix, maybe-label, test
2026-04-24T04:17:21.4008089Z Checks in_progress: connected-tests, Auto-merge
2026-04-24T04:17:21.4008352Z Checks after ignore checks filter:
2026-04-24T04:17:21.4009013Z Checks completed: firebase-distribute, capture-failure-log, lint-and-test, capture-failure-log, capture-failure-log, e2e, web-lint-and-test, autofix, maybe-label, test
2026-04-24T04:17:21.4009689Z Checks in_progress: connected-tests
2026-04-24T04:17:21.4009925Z Checks after check_name filter:
2026-04-24T04:17:21.4010568Z Checks completed: firebase-distribute, capture-failure-log, lint-and-test, capture-failure-log, capture-failure-log, e2e, web-lint-and-test, autofix, maybe-label, test
2026-04-24T04:17:21.4011254Z Checks in_progress: connected-tests
2026-04-24T04:17:21.4011616Z Checks after Regexp filter:
2026-04-24T04:17:21.4012250Z Checks completed: firebase-distribute, capture-failure-log, lint-and-test, capture-failure-log, capture-failure-log, e2e, web-lint-and-test, autofix, maybe-label, test
2026-04-24T04:17:21.4012933Z Checks in_progress: connected-tests
2026-04-24T04:17:21.4013252Z The requested checks aren't complete yet, will check back in 30 seconds...
2026-04-24T04:17:21.4013589Z Checks running on ref:
2026-04-24T04:17:21.4014215Z Checks completed: firebase-distribute, capture-failure-log, lint-and-test, capture-failure-log, capture-failure-log, e2e, web-lint-and-test, autofix, maybe-label, test
2026-04-24T04:17:21.4014922Z Checks in_progress: connected-tests, Auto-merge
2026-04-24T04:18:22.5437421Z Checks after ignore checks filter:
2026-04-24T04:18:22.5439177Z Checks completed: firebase-distribute, capture-failure-log, lint-and-test, capture-failure-log, capture-failure-log, e2e, web-lint-and-test, autofix, maybe-label, test
2026-04-24T04:18:22.5440863Z Checks in_progress: connected-tests
2026-04-24T04:18:22.5441239Z Checks after check_name filter:
2026-04-24T04:18:22.5442302Z Checks completed: firebase-distribute, capture-failure-log, lint-and-test, capture-failure-log, capture-failure-log, e2e, web-lint-and-test, autofix, maybe-label, test
2026-04-24T04:18:22.5443183Z Checks in_progress: connected-tests
2026-04-24T04:18:22.5443469Z Checks after Regexp filter:
2026-04-24T04:18:22.5444620Z Checks completed: firebase-distribute, capture-failure-log, lint-and-test, capture-failure-log, capture-failure-log, e2e, web-lint-and-test, autofix, maybe-label, test
2026-04-24T04:18:22.5445499Z Checks in_progress: connected-tests
2026-04-24T04:18:22.5446300Z The requested checks aren't complete yet, will check back in 30 seconds...
2026-04-24T04:18:22.5446727Z Checks running on ref:
2026-04-24T04:18:22.5447507Z Checks completed: firebase-distribute, capture-failure-log, lint-and-test, capture-failure-log, capture-failure-log, e2e, web-lint-and-test, autofix, maybe-label, test
2026-04-24T04:18:22.5448548Z Checks in_progress: connected-tests, Auto-merge
2026-04-24T04:18:22.5448886Z Checks after ignore checks filter:
2026-04-24T04:18:22.5449709Z Checks completed: firebase-distribute, capture-failure-log, lint-and-test, capture-failure-log, capture-failure-log, e2e, web-lint-and-test, autofix, maybe-label, test
2026-04-24T04:18:22.5450585Z Checks in_progress: connected-tests
2026-04-24T04:18:22.5450862Z Checks after check_name filter:
2026-04-24T04:18:22.5451806Z Checks completed: firebase-distribute, capture-failure-log, lint-and-test, capture-failure-log, capture-failure-log, e2e, web-lint-and-test, autofix, maybe-label, test
2026-04-24T04:18:22.5452492Z Checks in_progress: connected-tests
2026-04-24T04:18:22.5452711Z Checks after Regexp filter:
2026-04-24T04:18:22.5453344Z Checks completed: firebase-distribute, capture-failure-log, lint-and-test, capture-failure-log, capture-failure-log, e2e, web-lint-and-test, autofix, maybe-label, test
2026-04-24T04:18:22.5454020Z Checks in_progress: connected-tests
2026-04-24T04:18:22.5454360Z The requested checks aren't complete yet, will check back in 30 seconds...
2026-04-24T04:18:22.5454722Z Checks running on ref:
2026-04-24T04:18:22.5455523Z Checks completed: capture-failure-log / capture, firebase-distribute, capture-failure-log, lint-and-test, capture-failure-log, capture-failure-log, e2e, web-lint-and-test, autofix, connected-tests, maybe-label, test
2026-04-24T04:18:22.5456374Z Checks in_progress: Auto-merge
2026-04-24T04:18:22.5456592Z Checks after ignore checks filter:
2026-04-24T04:18:22.5457420Z Checks completed: capture-failure-log / capture, firebase-distribute, capture-failure-log, lint-and-test, capture-failure-log, capture-failure-log, e2e, web-lint-and-test, autofix, connected-tests, maybe-label, test
2026-04-24T04:18:22.5458285Z Checks after check_name filter:
2026-04-24T04:18:22.5459095Z Checks completed: capture-failure-log / capture, firebase-distribute, capture-failure-log, lint-and-test, capture-failure-log, capture-failure-log, e2e, web-lint-and-test, autofix, connected-tests, maybe-label, test
2026-04-24T04:18:22.5459946Z Checks after Regexp filter:
2026-04-24T04:18:22.5460773Z Checks completed: capture-failure-log / capture, firebase-distribute, capture-failure-log, lint-and-test, capture-failure-log, capture-failure-log, e2e, web-lint-and-test, autofix, connected-tests, maybe-label, test
2026-04-24T04:18:22.5461828Z Checks completed:
2026-04-24T04:18:22.5462056Z capture-failure-log / capture: completed (success)
2026-04-24T04:18:22.5462349Z firebase-distribute: completed (skipped)
2026-04-24T04:18:22.5462610Z capture-failure-log: completed (skipped)
2026-04-24T04:18:22.5462862Z lint-and-test: completed (success)
2026-04-24T04:18:22.5463103Z capture-failure-log: completed (skipped)
2026-04-24T04:18:22.5463351Z capture-failure-log: completed (skipped)
2026-04-24T04:18:22.5463588Z e2e: completed (success)
2026-04-24T04:18:22.5463794Z web-lint-and-test: completed (success)
2026-04-24T04:18:22.5464040Z autofix: completed (success)
2026-04-24T04:18:22.5464262Z connected-tests: completed (failure)
2026-04-24T04:18:22.5464506Z maybe-label: completed (success)
2026-04-24T04:18:22.5464732Z test: completed (success)
2026-04-24T04:18:22.5465356Z The conclusion of one or more checks were not allowed. Allowed conclusions are: success, skipped, neutral. This can be configured with the 'allowed-conclusions' param.
2026-04-24T04:18:22.5580361Z ##[error]Process completed with exit code 1.
2026-04-24T04:18:22.5704159Z Post job cleanup.
2026-04-24T04:18:22.5761046Z Cleaning up orphan processes
2026-04-24T04:18:22.6036812Z ##[warning]Node.js 20 actions are deprecated. The following actions are running on Node.js 20 and may not work as expected: actions/cache@v4. Actions will be forced to run with Node.js 24 by default starting June 2nd, 2026. Node.js 20 will be removed from the runner on September 16th, 2026. Please check if updated versions of these actions are available that support Node.js 24. To opt into Node.js 24 now, set the FORCE_JAVASCRIPT_ACTIONS_TO_NODE24=true environment variable on the runner or in your workflow file. Once Node.js 24 becomes the default, you can temporarily opt out by setting ACTIONS_ALLOW_USE_UNSECURE_NODE_VERSION=true. For more information see: https://github.blog/changelog/2025-09-19-deprecation-of-node-20-on-github-actions-runners/
