=== CI FAILURE ===
Workflow:      Auto-merge & Release
Workflow file: akarlin3/prismTask/.github/workflows/auto-merge.yml@refs/pull/782/merge
Job(s):        Auto-merge
Run ID:        24943306942
Run attempt:   1
Run URL:       https://github.com/akarlin3/prismTask/actions/runs/24943306942
Commit:        4ce35c077aace9a4fcc7f4a530660522509ab57d
Branch:        782/merge
Event:         pull_request
Actor:         akarlin3
Runner OS:     Linux
Timestamp:     2026-04-25T23:36:31.256Z

Failed steps:
  - Auto-merge: #3 Wait for all other CI checks to pass

=== FAILED JOB LOG ===

--- Job: Auto-merge (id 73040418105) ---
2026-04-25T23:34:26.5022311Z Current runner version: '2.333.1'
2026-04-25T23:34:26.5051841Z ##[group]Runner Image Provisioner
2026-04-25T23:34:26.5052732Z Hosted Compute Agent
2026-04-25T23:34:26.5053431Z Version: 20260213.493
2026-04-25T23:34:26.5054204Z Commit: 5c115507f6dd24b8de37d8bbe0bb4509d0cc0fa3
2026-04-25T23:34:26.5055020Z Build Date: 2026-02-13T00:28:41Z
2026-04-25T23:34:26.5055712Z Worker ID: {31946176-c6be-40e7-8543-d1446793fe80}
2026-04-25T23:34:26.5056544Z Azure Region: eastus
2026-04-25T23:34:26.5057163Z ##[endgroup]
2026-04-25T23:34:26.5058841Z ##[group]Operating System
2026-04-25T23:34:26.5059611Z Ubuntu
2026-04-25T23:34:26.5060210Z 24.04.4
2026-04-25T23:34:26.5060651Z LTS
2026-04-25T23:34:26.5061483Z ##[endgroup]
2026-04-25T23:34:26.5062105Z ##[group]Runner Image
2026-04-25T23:34:26.5062766Z Image: ubuntu-24.04
2026-04-25T23:34:26.5063445Z Version: 20260413.86.1
2026-04-25T23:34:26.5064763Z Included Software: https://github.com/actions/runner-images/blob/ubuntu24/20260413.86/images/ubuntu/Ubuntu2404-Readme.md
2026-04-25T23:34:26.5066632Z Image Release: https://github.com/actions/runner-images/releases/tag/ubuntu24%2F20260413.86
2026-04-25T23:34:26.5067914Z ##[endgroup]
2026-04-25T23:34:26.5069943Z ##[group]GITHUB_TOKEN Permissions
2026-04-25T23:34:26.5072889Z Actions: read
2026-04-25T23:34:26.5073730Z Checks: read
2026-04-25T23:34:26.5074625Z Contents: write
2026-04-25T23:34:26.5075346Z Metadata: read
2026-04-25T23:34:26.5076160Z PullRequests: write
2026-04-25T23:34:26.5077261Z ##[endgroup]
2026-04-25T23:34:26.5079823Z Secret source: Actions
2026-04-25T23:34:26.5081647Z Prepare workflow directory
2026-04-25T23:34:26.5526871Z Prepare all required actions
2026-04-25T23:34:26.5565302Z Getting action download info
2026-04-25T23:34:26.8438370Z Download action repository 'lewagon/wait-on-check-action@ccfb013c15c8afb7bf2b7c028fb74dc5a068cccc' (SHA:ccfb013c15c8afb7bf2b7c028fb74dc5a068cccc)
2026-04-25T23:34:27.2103206Z Getting action download info
2026-04-25T23:34:27.3192382Z Download action repository 'ruby/setup-ruby@v1' (SHA:0cb964fd540e0a24c900370abf38a33466142735)
2026-04-25T23:34:27.5509276Z Download action repository 'actions/cache@v4' (SHA:0057852bfaa89a56745cba8c7296529d2fc39830)
2026-04-25T23:34:27.8575820Z Complete job name: Auto-merge
2026-04-25T23:34:27.9245617Z ##[group]Run set -euo pipefail
2026-04-25T23:34:27.9246784Z [36;1mset -euo pipefail[0m
2026-04-25T23:34:27.9248098Z [36;1m# Audit item #5 — poll check-runs for up to 60s instead of a bare[0m
2026-04-25T23:34:27.9249899Z [36;1m# 20s sleep. On a busy runner cohort the initial 20s wasn't enough[0m
2026-04-25T23:34:27.9251950Z [36;1m# for the API to reflect queued workflow runs, which could merge[0m
2026-04-25T23:34:27.9253687Z [36;1m# PRs without waiting for CI. Bail out early as soon as ≥1 real[0m
2026-04-25T23:34:27.9255093Z [36;1m# check shows up.[0m
2026-04-25T23:34:27.9256002Z [36;1mCOUNT=0[0m
2026-04-25T23:34:27.9256813Z [36;1mfor i in $(seq 1 6); do[0m
2026-04-25T23:34:27.9257757Z [36;1m  sleep 10[0m
2026-04-25T23:34:27.9258880Z [36;1m  COUNT=$(gh api "repos/$REPO/commits/$HEAD_SHA/check-runs" \[0m
2026-04-25T23:34:27.9260579Z [36;1m    --jq '[.check_runs[] | select(.name != "Auto-merge")] | length')[0m
2026-04-25T23:34:27.9262303Z [36;1m  if [ "$COUNT" -gt 0 ]; then[0m
2026-04-25T23:34:27.9263630Z [36;1m    echo "Found $COUNT non-Auto-merge check(s) after ${i}0s"[0m
2026-04-25T23:34:27.9264943Z [36;1m    break[0m
2026-04-25T23:34:27.9265745Z [36;1m  fi[0m
2026-04-25T23:34:27.9266732Z [36;1m  echo "No non-Auto-merge checks yet (attempt $i/6)"[0m
2026-04-25T23:34:27.9267966Z [36;1mdone[0m
2026-04-25T23:34:27.9268764Z [36;1mif [ "$COUNT" -gt 0 ]; then[0m
2026-04-25T23:34:27.9269858Z [36;1m  echo "has_ci=true" >> "$GITHUB_OUTPUT"[0m
2026-04-25T23:34:27.9270956Z [36;1melse[0m
2026-04-25T23:34:27.9271969Z [36;1m  echo "has_ci=false" >> "$GITHUB_OUTPUT"[0m
2026-04-25T23:34:27.9273500Z [36;1m  echo "No CI checks on this PR after 60s — will merge without waiting."[0m
2026-04-25T23:34:27.9274926Z [36;1mfi[0m
2026-04-25T23:34:27.9302721Z shell: /usr/bin/bash -e {0}
2026-04-25T23:34:27.9303931Z env:
2026-04-25T23:34:27.9304665Z   WAIT_INTERVAL: 30
2026-04-25T23:34:27.9305961Z   GH_TOKEN: ***
2026-04-25T23:34:27.9306943Z   HEAD_SHA: d02bbed0ce3d70633971ad8e9dab54e15bec1827
2026-04-25T23:34:27.9308120Z   REPO: akarlin3/prismTask
2026-04-25T23:34:27.9308993Z ##[endgroup]
2026-04-25T23:34:38.7167747Z Found 5 non-Auto-merge check(s) after 10s
2026-04-25T23:34:38.7397223Z ##[group]Run lewagon/wait-on-check-action@ccfb013c15c8afb7bf2b7c028fb74dc5a068cccc
2026-04-25T23:34:38.7397701Z with:
2026-04-25T23:34:38.7397964Z   ref: d02bbed0ce3d70633971ad8e9dab54e15bec1827
2026-04-25T23:34:38.7398308Z   running-workflow-name: Auto-merge
2026-04-25T23:34:38.7399028Z   repo-token: ***
2026-04-25T23:34:38.7399272Z   wait-interval: 30
2026-04-25T23:34:38.7399560Z   allowed-conclusions: success,skipped,neutral
2026-04-25T23:34:38.7399880Z   verbose: true
2026-04-25T23:34:38.7400136Z env:
2026-04-25T23:34:38.7400351Z   WAIT_INTERVAL: 30
2026-04-25T23:34:38.7400607Z ##[endgroup]
2026-04-25T23:34:38.7538171Z ##[group]Run ruby/setup-ruby@v1
2026-04-25T23:34:38.7538487Z with:
2026-04-25T23:34:38.7538717Z   ruby-version: 3.2
2026-04-25T23:34:38.7538993Z   bundler-cache: false
2026-04-25T23:34:38.7539398Z   token: ***
2026-04-25T23:34:38.7539616Z env:
2026-04-25T23:34:38.7539830Z   WAIT_INTERVAL: 30
2026-04-25T23:34:38.7540056Z ##[endgroup]
2026-04-25T23:34:38.8850879Z ##[group]Modifying PATH
2026-04-25T23:34:38.8851639Z Entries added to PATH to use selected Ruby:
2026-04-25T23:34:38.8852715Z   /opt/hostedtoolcache/Ruby/3.2.11/x64/bin
2026-04-25T23:34:38.8856476Z ##[endgroup]
2026-04-25T23:34:38.8857108Z ##[group]Print Ruby version
2026-04-25T23:34:38.8929430Z [command]/opt/hostedtoolcache/Ruby/3.2.11/x64/bin/ruby --version
2026-04-25T23:34:39.1201853Z ruby 3.2.11 (2026-03-27 revision 5483bfc1ae) [x86_64-linux]
2026-04-25T23:34:39.1230595Z Took   0.24 seconds
2026-04-25T23:34:39.1231512Z ##[endgroup]
2026-04-25T23:34:39.1232708Z ##[group]Installing Bundler
2026-04-25T23:34:39.1236241Z Using Bundler shipped with ruby-3.2.11
2026-04-25T23:34:39.1237215Z Took   0.00 seconds
2026-04-25T23:34:39.1237726Z ##[endgroup]
2026-04-25T23:34:39.1955263Z ##[group]Run actions/cache@v4
2026-04-25T23:34:39.1955548Z with:
2026-04-25T23:34:39.1955990Z   path: /home/runner/work/_actions/lewagon/wait-on-check-action/ccfb013c15c8afb7bf2b7c028fb74dc5a068cccc
2026-04-25T23:34:39.1956512Z   key: Linux-gems-
2026-04-25T23:34:39.1956723Z   restore-keys: Linux-gems-
2026-04-25T23:34:39.1956958Z   enableCrossOsArchive: false
2026-04-25T23:34:39.1957193Z   fail-on-cache-miss: false
2026-04-25T23:34:39.1957412Z   lookup-only: false
2026-04-25T23:34:39.1957607Z   save-always: false
2026-04-25T23:34:39.1957785Z env:
2026-04-25T23:34:39.1957960Z   WAIT_INTERVAL: 30
2026-04-25T23:34:39.1958144Z ##[endgroup]
2026-04-25T23:34:39.3899203Z Cache not found for input keys: Linux-gems-, Linux-gems-
2026-04-25T23:34:39.4027208Z ##[group]Run bundle install --jobs 4 --retry 3
2026-04-25T23:34:39.4027553Z [36;1mbundle install --jobs 4 --retry 3[0m
2026-04-25T23:34:39.4052674Z shell: /usr/bin/bash --noprofile --norc -e -o pipefail {0}
2026-04-25T23:34:39.4053006Z env:
2026-04-25T23:34:39.4053192Z   WAIT_INTERVAL: 30
2026-04-25T23:34:39.4053382Z ##[endgroup]
2026-04-25T23:34:40.9037524Z Bundler 2.4.19 is running, but your lockfile was generated with 2.2.3. Installing Bundler 2.2.3 and restarting using that version.
2026-04-25T23:34:42.4747996Z Fetching gem metadata from https://rubygems.org/.
2026-04-25T23:34:42.4820795Z Fetching bundler 2.2.3
2026-04-25T23:34:42.6493836Z Installing bundler 2.2.3
2026-04-25T23:34:42.8565158Z Calling `DidYouMean::SPELL_CHECKERS.merge!(error_name => spell_checker)' has been deprecated. Please call `DidYouMean.correct_error(error_name, spell_checker)' instead.
2026-04-25T23:34:44.1114722Z Fetching gem metadata from https://rubygems.org/.........
2026-04-25T23:34:44.1210247Z Fetching public_suffix 4.0.7
2026-04-25T23:34:44.1215456Z Fetching minitest 5.18.0
2026-04-25T23:34:44.1280478Z Fetching zeitwerk 2.6.7
2026-04-25T23:34:44.1281444Z Fetching concurrent-ruby 1.2.2
2026-04-25T23:34:44.2416724Z Installing zeitwerk 2.6.7
2026-04-25T23:34:44.2547073Z Installing minitest 5.18.0
2026-04-25T23:34:44.2594559Z Installing public_suffix 4.0.7
2026-04-25T23:34:44.2911552Z Installing concurrent-ruby 1.2.2
2026-04-25T23:34:44.3075254Z Fetching ast 2.4.2
2026-04-25T23:34:44.3395033Z Using bundler 2.2.3
2026-04-25T23:34:44.3405604Z Fetching byebug 11.1.3
2026-04-25T23:34:44.3661739Z Installing ast 2.4.2
2026-04-25T23:34:44.3827360Z Fetching diff-lcs 1.4.4
2026-04-25T23:34:44.3844322Z Fetching faraday-net_http 2.0.3
2026-04-25T23:34:44.4327066Z Installing byebug 11.1.3 with native extensions
2026-04-25T23:34:44.4406793Z Installing faraday-net_http 2.0.3
2026-04-25T23:34:44.4507125Z Installing diff-lcs 1.4.4
2026-04-25T23:34:44.4709087Z Using ruby2_keywords 0.0.5
2026-04-25T23:34:44.4719180Z Fetching json 2.7.1
2026-04-25T23:34:44.5201511Z Installing json 2.7.1 with native extensions
2026-04-25T23:34:44.5308173Z Fetching language_server-protocol 3.17.0.3
2026-04-25T23:34:44.5782425Z Installing language_server-protocol 3.17.0.3
2026-04-25T23:34:44.6717716Z Fetching lint_roller 1.1.0
2026-04-25T23:34:44.7240304Z Installing lint_roller 1.1.0
2026-04-25T23:34:44.7383847Z Fetching parallel 1.24.0
2026-04-25T23:34:44.7944532Z Installing parallel 1.24.0
2026-04-25T23:34:44.8059479Z Fetching racc 1.7.3
2026-04-25T23:34:44.8500922Z Installing racc 1.7.3 with native extensions
2026-04-25T23:34:44.8741069Z Fetching rainbow 3.1.1
2026-04-25T23:34:44.9083080Z Installing rainbow 3.1.1
2026-04-25T23:34:44.9162558Z Fetching regexp_parser 2.8.3
2026-04-25T23:34:44.9673718Z Installing regexp_parser 2.8.3
2026-04-25T23:34:44.9896722Z Fetching rexml 3.2.6
2026-04-25T23:34:45.0303559Z Installing rexml 3.2.6
2026-04-25T23:34:45.0515499Z Fetching rspec-support 3.10.1
2026-04-25T23:34:45.0871823Z Installing rspec-support 3.10.1
2026-04-25T23:34:45.1745647Z Fetching ruby-progressbar 1.13.0
2026-04-25T23:34:45.2084506Z Installing ruby-progressbar 1.13.0
2026-04-25T23:34:45.2178421Z Fetching unicode-display_width 2.5.0
2026-04-25T23:34:45.2611498Z Installing unicode-display_width 2.5.0
2026-04-25T23:34:45.2664871Z Fetching addressable 2.8.0
2026-04-25T23:34:45.3054821Z Installing addressable 2.8.0
2026-04-25T23:34:45.3187247Z Fetching faraday 2.3.0
2026-04-25T23:34:45.3555401Z Installing faraday 2.3.0
2026-04-25T23:34:45.3766943Z Fetching i18n 1.12.0
2026-04-25T23:34:45.4123879Z Installing i18n 1.12.0
2026-04-25T23:34:45.4257265Z Fetching tzinfo 2.0.6
2026-04-25T23:34:45.4628177Z Installing tzinfo 2.0.6
2026-04-25T23:34:45.4788686Z Fetching rspec-core 3.10.1
2026-04-25T23:34:45.5208402Z Installing rspec-core 3.10.1
2026-04-25T23:34:45.5464317Z Fetching rspec-expectations 3.10.1
2026-04-25T23:34:45.5832868Z Installing rspec-expectations 3.10.1
2026-04-25T23:34:45.5991686Z Fetching rspec-mocks 3.10.1
2026-04-25T23:34:45.6395265Z Installing rspec-mocks 3.10.1
2026-04-25T23:34:45.6542574Z Fetching faraday-retry 2.0.0
2026-04-25T23:34:45.6887242Z Installing faraday-retry 2.0.0
2026-04-25T23:34:45.6946653Z Fetching sawyer 0.9.2
2026-04-25T23:34:45.7266820Z Installing sawyer 0.9.2
2026-04-25T23:34:45.7345596Z Fetching activesupport 6.1.7.3
2026-04-25T23:34:45.7784928Z Installing activesupport 6.1.7.3
2026-04-25T23:34:45.8331136Z Fetching rspec 3.10.0
2026-04-25T23:34:45.8706498Z Installing rspec 3.10.0
2026-04-25T23:34:45.8758092Z Fetching octokit 4.25.0
2026-04-25T23:34:45.9136519Z Installing octokit 4.25.0
2026-04-25T23:34:47.6844944Z Fetching parser 3.2.2.4
2026-04-25T23:34:47.7965289Z Installing parser 3.2.2.4
2026-04-25T23:34:47.9105692Z Fetching rubocop-ast 1.30.0
2026-04-25T23:34:47.9584295Z Installing rubocop-ast 1.30.0
2026-04-25T23:34:49.3357835Z Fetching rubocop 1.57.2
2026-04-25T23:34:49.3936117Z Installing rubocop 1.57.2
2026-04-25T23:34:49.5529893Z Fetching rubocop-performance 1.19.1
2026-04-25T23:34:49.5530262Z Fetching standard-custom 1.0.2
2026-04-25T23:34:49.6075174Z Installing standard-custom 1.0.2
2026-04-25T23:34:49.6276016Z Installing rubocop-performance 1.19.1
2026-04-25T23:34:49.6426769Z Fetching standard-performance 1.2.1
2026-04-25T23:34:49.6763265Z Installing standard-performance 1.2.1
2026-04-25T23:34:49.6842193Z Fetching standard 1.32.1
2026-04-25T23:34:49.7184498Z Installing standard 1.32.1
2026-04-25T23:34:49.7399393Z Bundle complete! 6 Gemfile dependencies, 40 gems now installed.
2026-04-25T23:34:49.7400890Z Use `bundle info [gemname]` to see where a bundled gem is installed.
2026-04-25T23:34:49.7939584Z ##[group]Run ruby entrypoint.rb
2026-04-25T23:34:49.7939874Z [36;1mruby entrypoint.rb[0m
2026-04-25T23:34:49.7962641Z shell: /usr/bin/bash --noprofile --norc -e -o pipefail {0}
2026-04-25T23:34:49.7962961Z env:
2026-04-25T23:34:49.7963140Z   WAIT_INTERVAL: 30
2026-04-25T23:34:49.7963371Z   ALLOWED_CONCLUSIONS: success,skipped,neutral
2026-04-25T23:34:49.7963644Z   IGNORE_CHECKS: 
2026-04-25T23:34:49.7963828Z   CHECK_NAME: 
2026-04-25T23:34:49.7963995Z   CHECK_REGEXP: 
2026-04-25T23:34:49.7964214Z   REF: d02bbed0ce3d70633971ad8e9dab54e15bec1827
2026-04-25T23:34:49.7964728Z   REPO_TOKEN: ***
2026-04-25T23:34:49.7964930Z   VERBOSE: true
2026-04-25T23:34:49.7965136Z   RUNNING_WORKFLOW_NAME: Auto-merge
2026-04-25T23:34:49.7965375Z   API_ENDPOINT: 
2026-04-25T23:34:49.7965566Z ##[endgroup]
2026-04-25T23:36:21.5819010Z Checks running on ref:
2026-04-25T23:36:21.5819615Z Checks completed: capture-failure-log, e2e, web-lint-and-test, maybe-label
2026-04-25T23:36:21.5820404Z Checks in_progress: test, connected-tests, cross-device-tests, Auto-merge
2026-04-25T23:36:21.5820979Z Checks after ignore checks filter:
2026-04-25T23:36:21.5821667Z Checks completed: capture-failure-log, e2e, web-lint-and-test, maybe-label
2026-04-25T23:36:21.5822337Z Checks in_progress: test, connected-tests, cross-device-tests
2026-04-25T23:36:21.5822654Z Checks after check_name filter:
2026-04-25T23:36:21.5822981Z Checks completed: capture-failure-log, e2e, web-lint-and-test, maybe-label
2026-04-25T23:36:21.5823380Z Checks in_progress: test, connected-tests, cross-device-tests
2026-04-25T23:36:21.5823702Z Checks after Regexp filter:
2026-04-25T23:36:21.5824019Z Checks completed: capture-failure-log, e2e, web-lint-and-test, maybe-label
2026-04-25T23:36:21.5824429Z Checks in_progress: test, connected-tests, cross-device-tests
2026-04-25T23:36:21.5824856Z The requested checks aren't complete yet, will check back in 30 seconds...
2026-04-25T23:36:21.5825204Z Checks running on ref:
2026-04-25T23:36:21.5825512Z Checks completed: capture-failure-log, e2e, web-lint-and-test, maybe-label
2026-04-25T23:36:21.5825960Z Checks in_progress: test, connected-tests, cross-device-tests, Auto-merge
2026-04-25T23:36:21.5826305Z Checks after ignore checks filter:
2026-04-25T23:36:21.5826635Z Checks completed: capture-failure-log, e2e, web-lint-and-test, maybe-label
2026-04-25T23:36:21.5827068Z Checks in_progress: test, connected-tests, cross-device-tests
2026-04-25T23:36:21.5827364Z Checks after check_name filter:
2026-04-25T23:36:21.5827682Z Checks completed: capture-failure-log, e2e, web-lint-and-test, maybe-label
2026-04-25T23:36:21.5828075Z Checks in_progress: test, connected-tests, cross-device-tests
2026-04-25T23:36:21.5828365Z Checks after Regexp filter:
2026-04-25T23:36:21.5828672Z Checks completed: capture-failure-log, e2e, web-lint-and-test, maybe-label
2026-04-25T23:36:21.5829055Z Checks in_progress: test, connected-tests, cross-device-tests
2026-04-25T23:36:21.5829435Z The requested checks aren't complete yet, will check back in 30 seconds...
2026-04-25T23:36:21.5829756Z Checks running on ref:
2026-04-25T23:36:21.5830256Z Checks completed: capture-failure-log, capture-failure-log, e2e, connected-tests, cross-device-tests, web-lint-and-test, maybe-label
2026-04-25T23:36:21.5830806Z Checks in_progress: test, Auto-merge
2026-04-25T23:36:21.5831052Z Checks after ignore checks filter:
2026-04-25T23:36:21.5831815Z Checks completed: capture-failure-log, capture-failure-log, e2e, connected-tests, cross-device-tests, web-lint-and-test, maybe-label
2026-04-25T23:36:21.5832359Z Checks in_progress: test
2026-04-25T23:36:21.5832990Z Checks after check_name filter:
2026-04-25T23:36:21.5833513Z Checks completed: capture-failure-log, capture-failure-log, e2e, connected-tests, cross-device-tests, web-lint-and-test, maybe-label
2026-04-25T23:36:21.5834140Z Checks in_progress: test
2026-04-25T23:36:21.5834344Z Checks after Regexp filter:
2026-04-25T23:36:21.5835014Z Checks completed: capture-failure-log, capture-failure-log, e2e, connected-tests, cross-device-tests, web-lint-and-test, maybe-label
2026-04-25T23:36:21.5835539Z Checks in_progress: test
2026-04-25T23:36:21.5835836Z The requested checks aren't complete yet, will check back in 30 seconds...
2026-04-25T23:36:21.5836166Z Checks running on ref:
2026-04-25T23:36:21.5836744Z Checks completed: capture-failure-log, capture-failure-log, capture-failure-log, test, e2e, connected-tests, cross-device-tests, web-lint-and-test, maybe-label
2026-04-25T23:36:21.5837360Z Checks in_progress: Auto-merge
2026-04-25T23:36:21.5837593Z Checks after ignore checks filter:
2026-04-25T23:36:21.5838193Z Checks completed: capture-failure-log, capture-failure-log, capture-failure-log, test, e2e, connected-tests, cross-device-tests, web-lint-and-test, maybe-label
2026-04-25T23:36:21.5838791Z Checks after check_name filter:
2026-04-25T23:36:21.5839364Z Checks completed: capture-failure-log, capture-failure-log, capture-failure-log, test, e2e, connected-tests, cross-device-tests, web-lint-and-test, maybe-label
2026-04-25T23:36:21.5839965Z Checks after Regexp filter:
2026-04-25T23:36:21.5840521Z Checks completed: capture-failure-log, capture-failure-log, capture-failure-log, test, e2e, connected-tests, cross-device-tests, web-lint-and-test, maybe-label
2026-04-25T23:36:21.5841129Z Checks completed:
2026-04-25T23:36:21.5841520Z capture-failure-log: completed (skipped)
2026-04-25T23:36:21.5841783Z capture-failure-log: completed (skipped)
2026-04-25T23:36:21.5842082Z capture-failure-log: completed (skipped)
2026-04-25T23:36:21.5842376Z test: completed (cancelled)
2026-04-25T23:36:21.5842644Z e2e: completed (success)
2026-04-25T23:36:21.5842942Z connected-tests: completed (cancelled)
2026-04-25T23:36:21.5843253Z cross-device-tests: completed (cancelled)
2026-04-25T23:36:21.5843597Z web-lint-and-test: completed (success)
2026-04-25T23:36:21.5843901Z maybe-label: completed (success)
2026-04-25T23:36:21.5844683Z The conclusion of one or more checks were not allowed. Allowed conclusions are: success, skipped, neutral. This can be configured with the 'allowed-conclusions' param.
2026-04-25T23:36:21.5915127Z ##[error]Process completed with exit code 1.
2026-04-25T23:36:21.6052623Z Post job cleanup.
2026-04-25T23:36:21.6116015Z Cleaning up orphan processes
2026-04-25T23:36:21.6389325Z ##[warning]Node.js 20 actions are deprecated. The following actions are running on Node.js 20 and may not work as expected: actions/cache@v4. Actions will be forced to run with Node.js 24 by default starting June 2nd, 2026. Node.js 20 will be removed from the runner on September 16th, 2026. Please check if updated versions of these actions are available that support Node.js 24. To opt into Node.js 24 now, set the FORCE_JAVASCRIPT_ACTIONS_TO_NODE24=true environment variable on the runner or in your workflow file. Once Node.js 24 becomes the default, you can temporarily opt out by setting ACTIONS_ALLOW_USE_UNSECURE_NODE_VERSION=true. For more information see: https://github.blog/changelog/2025-09-19-deprecation-of-node-20-on-github-actions-runners/
