=== CI FAILURE ===
Workflow:      Auto-merge & Release
Workflow file: averycorp/prismTask/.github/workflows/auto-merge.yml@refs/pull/986/merge
Job(s):        Auto-merge
Run ID:        25149628803
Run attempt:   1
Run URL:       https://github.com/averycorp/prismTask/actions/runs/25149628803
Commit:        5630eab5254a02c0fbd33ac880fa87130aca123b
Branch:        986/merge
Event:         pull_request
Actor:         akarlin3
Runner OS:     Linux
Timestamp:     2026-04-30T06:20:49.390Z

Failed steps:
  - Auto-merge: #4 Wait for all other CI checks to pass

=== FAILED JOB LOG ===

--- Job: Auto-merge (id 73717022327) ---
2026-04-30T05:50:08.5812161Z Current runner version: '2.334.0'
2026-04-30T05:50:08.5836236Z ##[group]Runner Image Provisioner
2026-04-30T05:50:08.5837041Z Hosted Compute Agent
2026-04-30T05:50:08.5837819Z Version: 20260213.493
2026-04-30T05:50:08.5838492Z Commit: 5c115507f6dd24b8de37d8bbe0bb4509d0cc0fa3
2026-04-30T05:50:08.5839226Z Build Date: 2026-02-13T00:28:41Z
2026-04-30T05:50:08.5839897Z Worker ID: {51b7ab0e-9c26-4062-b4d1-24282141782b}
2026-04-30T05:50:08.5840619Z Azure Region: westcentralus
2026-04-30T05:50:08.5841196Z ##[endgroup]
2026-04-30T05:50:08.5842554Z ##[group]Operating System
2026-04-30T05:50:08.5843219Z Ubuntu
2026-04-30T05:50:08.5843692Z 24.04.4
2026-04-30T05:50:08.5844151Z LTS
2026-04-30T05:50:08.5844703Z ##[endgroup]
2026-04-30T05:50:08.5845164Z ##[group]Runner Image
2026-04-30T05:50:08.5845720Z Image: ubuntu-24.04
2026-04-30T05:50:08.5846269Z Version: 20260413.86.1
2026-04-30T05:50:08.5847689Z Included Software: https://github.com/actions/runner-images/blob/ubuntu24/20260413.86/images/ubuntu/Ubuntu2404-Readme.md
2026-04-30T05:50:08.5849234Z Image Release: https://github.com/actions/runner-images/releases/tag/ubuntu24%2F20260413.86
2026-04-30T05:50:08.5850083Z ##[endgroup]
2026-04-30T05:50:08.5851363Z ##[group]GITHUB_TOKEN Permissions
2026-04-30T05:50:08.5853217Z Actions: read
2026-04-30T05:50:08.5853804Z Checks: read
2026-04-30T05:50:08.5854336Z Contents: write
2026-04-30T05:50:08.5854913Z Metadata: read
2026-04-30T05:50:08.5855435Z PullRequests: write
2026-04-30T05:50:08.5856073Z ##[endgroup]
2026-04-30T05:50:08.5858350Z Secret source: Actions
2026-04-30T05:50:08.5859068Z Prepare workflow directory
2026-04-30T05:50:08.6308778Z Prepare all required actions
2026-04-30T05:50:08.6345748Z Getting action download info
2026-04-30T05:50:09.0420178Z Download action repository 'lewagon/wait-on-check-action@ccfb013c15c8afb7bf2b7c028fb74dc5a068cccc' (SHA:ccfb013c15c8afb7bf2b7c028fb74dc5a068cccc)
2026-04-30T05:50:09.7507651Z Getting action download info
2026-04-30T05:50:09.9511474Z Download action repository 'ruby/setup-ruby@v1' (SHA:c4e5b1316158f92e3d49443a9d58b31d25ac0f8f)
2026-04-30T05:50:10.7342184Z Download action repository 'actions/cache@v4' (SHA:0057852bfaa89a56745cba8c7296529d2fc39830)
2026-04-30T05:50:10.8630437Z Complete job name: Auto-merge
2026-04-30T05:50:10.9260534Z ##[group]Run set -euo pipefail
2026-04-30T05:50:10.9261066Z [36;1mset -euo pipefail[0m
2026-04-30T05:50:10.9261662Z [36;1m# Audit item #5 — poll check-runs for up to 60s instead of a bare[0m
2026-04-30T05:50:10.9262270Z [36;1m# 20s sleep. On a busy runner cohort the initial 20s wasn't enough[0m
2026-04-30T05:50:10.9262820Z [36;1m# for the API to reflect queued workflow runs, which could merge[0m
2026-04-30T05:50:10.9263379Z [36;1m# PRs without waiting for CI. Bail out early as soon as ≥1 real[0m
2026-04-30T05:50:10.9263816Z [36;1m# check shows up.[0m
2026-04-30T05:50:10.9264145Z [36;1mCOUNT=0[0m
2026-04-30T05:50:10.9264408Z [36;1mfor i in $(seq 1 6); do[0m
2026-04-30T05:50:10.9264722Z [36;1m  sleep 10[0m
2026-04-30T05:50:10.9265143Z [36;1m  COUNT=$(gh api "repos/$REPO/commits/$HEAD_SHA/check-runs" \[0m
2026-04-30T05:50:10.9265726Z [36;1m    --jq '[.check_runs[] | select(.name != "Auto-merge")] | length')[0m
2026-04-30T05:50:10.9266247Z [36;1m  if [ "$COUNT" -gt 0 ]; then[0m
2026-04-30T05:50:10.9266667Z [36;1m    echo "Found $COUNT non-Auto-merge check(s) after ${i}0s"[0m
2026-04-30T05:50:10.9267069Z [36;1m    break[0m
2026-04-30T05:50:10.9267632Z [36;1m  fi[0m
2026-04-30T05:50:10.9268089Z [36;1m  echo "No non-Auto-merge checks yet (attempt $i/6)"[0m
2026-04-30T05:50:10.9268484Z [36;1mdone[0m
2026-04-30T05:50:10.9268768Z [36;1mif [ "$COUNT" -gt 0 ]; then[0m
2026-04-30T05:50:10.9269127Z [36;1m  echo "has_ci=true" >> "$GITHUB_OUTPUT"[0m
2026-04-30T05:50:10.9269462Z [36;1melse[0m
2026-04-30T05:50:10.9269777Z [36;1m  echo "has_ci=false" >> "$GITHUB_OUTPUT"[0m
2026-04-30T05:50:10.9270380Z [36;1m  echo "No CI checks on this PR after 60s — will merge without waiting."[0m
2026-04-30T05:50:10.9270844Z [36;1mfi[0m
2026-04-30T05:50:10.9297600Z shell: /usr/bin/bash -e {0}
2026-04-30T05:50:10.9298308Z env:
2026-04-30T05:50:10.9298564Z   WAIT_INTERVAL: 15
2026-04-30T05:50:10.9299207Z   GH_TOKEN: ***
2026-04-30T05:50:10.9299557Z   HEAD_SHA: adad041d3e5f90a239d1820c58f636f1266bd6cc
2026-04-30T05:50:10.9299935Z   REPO: averycorp/prismTask
2026-04-30T05:50:10.9300259Z ##[endgroup]
2026-04-30T05:50:21.5123825Z Found 8 non-Auto-merge check(s) after 10s
2026-04-30T05:50:21.5245189Z ##[group]Run set -euo pipefail
2026-04-30T05:50:21.5245580Z [36;1mset -euo pipefail[0m
2026-04-30T05:50:21.5246042Z [36;1mREQUIRED=$(gh api "repos/$REPO/branches/main/protection/required_status_checks" \[0m
2026-04-30T05:50:21.5246570Z [36;1m  --jq '.contexts[]' 2>/dev/null || true)[0m
2026-04-30T05:50:21.5246927Z [36;1mif [ -z "$REQUIRED" ]; then[0m
2026-04-30T05:50:21.5247701Z [36;1m  echo "::warning::Could not query branch protection (likely a permission issue) — using hardcoded fallback list."[0m
2026-04-30T05:50:21.5248285Z [36;1m  REQUIRED="$FALLBACK_REQUIRED"[0m
2026-04-30T05:50:21.5248590Z [36;1mfi[0m
2026-04-30T05:50:21.5248913Z [36;1m# Strip Auto-merge from the required list so we don't wait on[0m
2026-04-30T05:50:21.5249385Z [36;1m# ourselves (it's listed because we ARE the running workflow).[0m
2026-04-30T05:50:21.5249928Z [36;1mREQUIRED=$(echo "$REQUIRED" | grep -vE '^\s*Auto-merge\s*$' | grep -vE '^\s*$' || true)[0m
2026-04-30T05:50:21.5250419Z [36;1mif [ -z "$REQUIRED" ]; then[0m
2026-04-30T05:50:21.5250808Z [36;1m  echo "No required checks beyond Auto-merge; skipping queue wait."[0m
2026-04-30T05:50:21.5251211Z [36;1m  exit 0[0m
2026-04-30T05:50:21.5251451Z [36;1mfi[0m
2026-04-30T05:50:21.5251724Z [36;1mecho "Waiting until these required checks queue:"[0m
2026-04-30T05:50:21.5252080Z [36;1mecho "$REQUIRED" | sed 's/^/  /'[0m
2026-04-30T05:50:21.5252468Z [36;1m# Audit PR #876 → CI pathway efficiency: this loop was burning[0m
2026-04-30T05:50:21.5252966Z [36;1m# ~315s/PR (PR #874 run 25035518360 + PR #873 run 25035513300)[0m
2026-04-30T05:50:21.5253422Z [36;1m# while underlying required checks were observably complete in[0m
2026-04-30T05:50:21.5253897Z [36;1m# ~30s. Mean job wall-clock was 343s with std-dev ~7s across 10[0m
2026-04-30T05:50:21.5254357Z [36;1m# runs — i.e. the loop almost always ran to its 5-minute ceiling.[0m
2026-04-30T05:50:21.5254796Z [36;1m# Two compensating mitigations + diagnostics:[0m
2026-04-30T05:50:21.5255117Z [36;1m#[0m
2026-04-30T05:50:21.5255422Z [36;1m#   (a) Cap dropped 30 → 18 attempts at 5s interval = 90s ceiling[0m
2026-04-30T05:50:21.5255849Z [36;1m#       (still > 2× the 43s race window from PR #804).[0m
2026-04-30T05:50:21.5256265Z [36;1m#   (b) Poll interval dropped 10s → 5s for faster detection.[0m
2026-04-30T05:50:21.5256740Z [36;1m#   (c) Per-iteration diagnostic prints MISSING + visible CHECK_RUNS[0m
2026-04-30T05:50:21.5257385Z [36;1m#       so future investigation can pinpoint the matching mismatch[0m
2026-04-30T05:50:21.5257883Z [36;1m#       (the immediate root-cause was not yet identified — the[0m
2026-04-30T05:50:21.5258354Z [36;1m#       MISSING list never empties even though CHECK_RUNS clearly[0m
2026-04-30T05:50:21.5258818Z [36;1m#       contains every REQUIRED name. Likely a trim/encoding edge[0m
2026-04-30T05:50:21.5259336Z [36;1m#       case in the comparison loop, but observability beats[0m
2026-04-30T05:50:21.5259727Z [36;1m#       guessing).[0m
2026-04-30T05:50:21.5260003Z [36;1mfor attempt in $(seq 1 18); do[0m
2026-04-30T05:50:21.5260425Z [36;1m  CHECK_RUNS=$(gh api --paginate "repos/$REPO/commits/$HEAD_SHA/check-runs" \[0m
2026-04-30T05:50:21.5260888Z [36;1m    --jq '.check_runs[].name' | sort -u)[0m
2026-04-30T05:50:21.5261196Z [36;1m  MISSING=""[0m
2026-04-30T05:50:21.5261438Z [36;1m  while IFS= read -r req; do[0m
2026-04-30T05:50:21.5261737Z [36;1m    [ -z "$req" ] && continue[0m
2026-04-30T05:50:21.5262039Z [36;1m    req_trimmed=$(echo "$req" | xargs)[0m
2026-04-30T05:50:21.5262406Z [36;1m    if ! echo "$CHECK_RUNS" | grep -qxF "$req_trimmed"; then[0m
2026-04-30T05:50:21.5262973Z [36;1m      MISSING="$MISSING $req_trimmed"[0m
2026-04-30T05:50:21.5263259Z [36;1m    fi[0m
2026-04-30T05:50:21.5263486Z [36;1m  done <<< "$REQUIRED"[0m
2026-04-30T05:50:21.5263758Z [36;1m  if [ -z "$MISSING" ]; then[0m
2026-04-30T05:50:21.5264215Z [36;1m    echo "All required checks have queued after attempt $attempt (~$((attempt * 5))s)."[0m
2026-04-30T05:50:21.5264822Z [36;1m    exit 0[0m
2026-04-30T05:50:21.5265051Z [36;1m  fi[0m
2026-04-30T05:50:21.5265350Z [36;1m  echo "Attempt $attempt/18 — still missing:$MISSING"[0m
2026-04-30T05:50:21.5265833Z [36;1m  echo "  Visible check-runs: $(echo "$CHECK_RUNS" | tr '\n' ',' | sed 's/,$//')"[0m
2026-04-30T05:50:21.5266248Z [36;1m  sleep 5[0m
2026-04-30T05:50:21.5266475Z [36;1mdone[0m
2026-04-30T05:50:21.5266974Z [36;1mecho "::warning::Some required checks never queued after 90s:$MISSING — proceeding to wait-on-check-action anyway."[0m
2026-04-30T05:50:21.5288550Z shell: /usr/bin/bash -e {0}
2026-04-30T05:50:21.5288835Z env:
2026-04-30T05:50:21.5289050Z   WAIT_INTERVAL: 15
2026-04-30T05:50:21.5289546Z   GH_TOKEN: ***
2026-04-30T05:50:21.5289816Z   HEAD_SHA: adad041d3e5f90a239d1820c58f636f1266bd6cc
2026-04-30T05:50:21.5290153Z   REPO: averycorp/prismTask
2026-04-30T05:50:21.5290532Z   FALLBACK_REQUIRED: lint-and-test
connected-tests
test
web-lint-and-test

2026-04-30T05:50:21.5290994Z ##[endgroup]
2026-04-30T05:50:21.8436074Z Waiting until these required checks queue:
2026-04-30T05:50:21.8451565Z   {"message":"Resource not accessible by integration","documentation_url":"https://docs.github.com/rest/branches/branch-protection#get-status-checks-protection","status":"403"}
2026-04-30T05:50:22.3700011Z Attempt 1/18 — still missing: {message:Resource not accessible by integration,documentation_url:https://docs.github.com/rest/branches/branch-protection#get-status-checks-protection,status:403}
2026-04-30T05:50:22.3720275Z   Visible check-runs: Auto-merge,autofix,capture-failure-log,connected-tests,cross-device-tests,lint-and-test,maybe-label,test,web-lint-and-test
2026-04-30T05:50:27.9471087Z Attempt 2/18 — still missing: {message:Resource not accessible by integration,documentation_url:https://docs.github.com/rest/branches/branch-protection#get-status-checks-protection,status:403}
2026-04-30T05:50:27.9492735Z   Visible check-runs: Auto-merge,autofix,capture-failure-log,connected-tests,cross-device-tests,lint-and-test,maybe-label,test,web-lint-and-test
2026-04-30T05:50:33.4328570Z Attempt 3/18 — still missing: {message:Resource not accessible by integration,documentation_url:https://docs.github.com/rest/branches/branch-protection#get-status-checks-protection,status:403}
2026-04-30T05:50:33.4349491Z   Visible check-runs: Auto-merge,autofix,capture-failure-log,connected-tests,cross-device-tests,lint-and-test,maybe-label,test,web-lint-and-test
2026-04-30T05:50:38.9768681Z Attempt 4/18 — still missing: {message:Resource not accessible by integration,documentation_url:https://docs.github.com/rest/branches/branch-protection#get-status-checks-protection,status:403}
2026-04-30T05:50:38.9789736Z   Visible check-runs: Auto-merge,autofix,capture-failure-log,connected-tests,cross-device-tests,lint-and-test,maybe-label,test,web-lint-and-test
2026-04-30T05:50:44.5160927Z Attempt 5/18 — still missing: {message:Resource not accessible by integration,documentation_url:https://docs.github.com/rest/branches/branch-protection#get-status-checks-protection,status:403}
2026-04-30T05:50:44.5182210Z   Visible check-runs: Auto-merge,autofix,capture-failure-log,connected-tests,cross-device-tests,lint-and-test,maybe-label,test,web-lint-and-test
2026-04-30T05:50:50.0395865Z Attempt 6/18 — still missing: {message:Resource not accessible by integration,documentation_url:https://docs.github.com/rest/branches/branch-protection#get-status-checks-protection,status:403}
2026-04-30T05:50:50.0421313Z   Visible check-runs: Auto-merge,autofix,capture-failure-log,connected-tests,cross-device-tests,lint-and-test,maybe-label,test,web-lint-and-test
2026-04-30T05:50:55.5465821Z Attempt 7/18 — still missing: {message:Resource not accessible by integration,documentation_url:https://docs.github.com/rest/branches/branch-protection#get-status-checks-protection,status:403}
2026-04-30T05:50:55.5486723Z   Visible check-runs: Auto-merge,autofix,capture-failure-log,connected-tests,cross-device-tests,lint-and-test,maybe-label,test,web-lint-and-test
2026-04-30T05:51:01.0735610Z Attempt 8/18 — still missing: {message:Resource not accessible by integration,documentation_url:https://docs.github.com/rest/branches/branch-protection#get-status-checks-protection,status:403}
2026-04-30T05:51:01.0758542Z   Visible check-runs: Auto-merge,autofix,capture-failure-log,connected-tests,cross-device-tests,lint-and-test,maybe-label,test,web-lint-and-test
2026-04-30T05:51:06.6306893Z Attempt 9/18 — still missing: {message:Resource not accessible by integration,documentation_url:https://docs.github.com/rest/branches/branch-protection#get-status-checks-protection,status:403}
2026-04-30T05:51:06.6330085Z   Visible check-runs: Auto-merge,autofix,capture-failure-log,connected-tests,cross-device-tests,lint-and-test,maybe-label,test,web-lint-and-test
2026-04-30T05:51:12.2579669Z Attempt 10/18 — still missing: {message:Resource not accessible by integration,documentation_url:https://docs.github.com/rest/branches/branch-protection#get-status-checks-protection,status:403}
2026-04-30T05:51:12.2606348Z   Visible check-runs: Auto-merge,autofix,capture-failure-log,connected-tests,cross-device-tests,lint-and-test,maybe-label,test,web-lint-and-test
2026-04-30T05:51:17.7994149Z Attempt 11/18 — still missing: {message:Resource not accessible by integration,documentation_url:https://docs.github.com/rest/branches/branch-protection#get-status-checks-protection,status:403}
2026-04-30T05:51:17.8018435Z   Visible check-runs: Auto-merge,autofix,capture-failure-log,connected-tests,cross-device-tests,lint-and-test,maybe-label,test,web-lint-and-test
2026-04-30T05:51:23.3422106Z Attempt 12/18 — still missing: {message:Resource not accessible by integration,documentation_url:https://docs.github.com/rest/branches/branch-protection#get-status-checks-protection,status:403}
2026-04-30T05:51:23.3444941Z   Visible check-runs: Auto-merge,autofix,capture-failure-log,connected-tests,cross-device-tests,lint-and-test,maybe-label,test,web-lint-and-test
2026-04-30T05:51:28.8914817Z Attempt 13/18 — still missing: {message:Resource not accessible by integration,documentation_url:https://docs.github.com/rest/branches/branch-protection#get-status-checks-protection,status:403}
2026-04-30T05:51:28.8940993Z   Visible check-runs: Auto-merge,autofix,capture-failure-log,connected-tests,cross-device-tests,lint-and-test,maybe-label,test,web-lint-and-test
2026-04-30T05:51:34.4369866Z Attempt 14/18 — still missing: {message:Resource not accessible by integration,documentation_url:https://docs.github.com/rest/branches/branch-protection#get-status-checks-protection,status:403}
2026-04-30T05:51:34.4392848Z   Visible check-runs: Auto-merge,autofix,capture-failure-log,connected-tests,cross-device-tests,lint-and-test,maybe-label,test,web-lint-and-test
2026-04-30T05:51:39.9796328Z Attempt 15/18 — still missing: {message:Resource not accessible by integration,documentation_url:https://docs.github.com/rest/branches/branch-protection#get-status-checks-protection,status:403}
2026-04-30T05:51:39.9823333Z   Visible check-runs: Auto-merge,autofix,capture-failure-log,connected-tests,cross-device-tests,lint-and-test,maybe-label,test,web-lint-and-test
2026-04-30T05:51:45.5175813Z Attempt 16/18 — still missing: {message:Resource not accessible by integration,documentation_url:https://docs.github.com/rest/branches/branch-protection#get-status-checks-protection,status:403}
2026-04-30T05:51:45.5197027Z   Visible check-runs: Auto-merge,autofix,capture-failure-log,connected-tests,cross-device-tests,lint-and-test,maybe-label,test,web-lint-and-test
2026-04-30T05:51:51.0232091Z Attempt 17/18 — still missing: {message:Resource not accessible by integration,documentation_url:https://docs.github.com/rest/branches/branch-protection#get-status-checks-protection,status:403}
2026-04-30T05:51:51.0254062Z   Visible check-runs: Auto-merge,autofix,capture-failure-log,connected-tests,cross-device-tests,lint-and-test,maybe-label,test,web-lint-and-test
2026-04-30T05:51:56.5493642Z Attempt 18/18 — still missing: {message:Resource not accessible by integration,documentation_url:https://docs.github.com/rest/branches/branch-protection#get-status-checks-protection,status:403}
2026-04-30T05:51:56.5514156Z   Visible check-runs: Auto-merge,autofix,capture-failure-log,connected-tests,cross-device-tests,lint-and-test,maybe-label,test,web-lint-and-test
2026-04-30T05:52:01.5560190Z ##[warning]Some required checks never queued after 90s: {message:Resource not accessible by integration,documentation_url:https://docs.github.com/rest/branches/branch-protection#get-status-checks-protection,status:403} — proceeding to wait-on-check-action anyway.
2026-04-30T05:52:01.5776595Z ##[group]Run lewagon/wait-on-check-action@ccfb013c15c8afb7bf2b7c028fb74dc5a068cccc
2026-04-30T05:52:01.5777040Z with:
2026-04-30T05:52:01.5777529Z   ref: adad041d3e5f90a239d1820c58f636f1266bd6cc
2026-04-30T05:52:01.5777879Z   running-workflow-name: Auto-merge
2026-04-30T05:52:01.5778337Z   repo-token: ***
2026-04-30T05:52:01.5778522Z   wait-interval: 15
2026-04-30T05:52:01.5778747Z   allowed-conclusions: success,skipped,neutral
2026-04-30T05:52:01.5779011Z   verbose: true
2026-04-30T05:52:01.5779176Z env:
2026-04-30T05:52:01.5779323Z   WAIT_INTERVAL: 15
2026-04-30T05:52:01.5779534Z ##[endgroup]
2026-04-30T05:52:01.5903267Z ##[group]Run ruby/setup-ruby@v1
2026-04-30T05:52:01.5903521Z with:
2026-04-30T05:52:01.5903690Z   ruby-version: 3.2
2026-04-30T05:52:01.5903888Z   bundler-cache: false
2026-04-30T05:52:01.5904210Z   token: ***
2026-04-30T05:52:01.5904372Z env:
2026-04-30T05:52:01.5904527Z   WAIT_INTERVAL: 15
2026-04-30T05:52:01.5904700Z ##[endgroup]
2026-04-30T05:52:01.7342593Z ##[group]Modifying PATH
2026-04-30T05:52:01.7345520Z Entries added to PATH to use selected Ruby:
2026-04-30T05:52:01.7346094Z   /opt/hostedtoolcache/Ruby/3.2.11/x64/bin
2026-04-30T05:52:01.7349606Z ##[endgroup]
2026-04-30T05:52:01.7350363Z ##[group]Print Ruby version
2026-04-30T05:52:01.7419217Z [command]/opt/hostedtoolcache/Ruby/3.2.11/x64/bin/ruby --version
2026-04-30T05:52:01.8435321Z ruby 3.2.11 (2026-03-27 revision 5483bfc1ae) [x86_64-linux]
2026-04-30T05:52:01.8463518Z Took   0.11 seconds
2026-04-30T05:52:01.8464393Z ##[endgroup]
2026-04-30T05:52:01.8465702Z ##[group]Installing Bundler
2026-04-30T05:52:01.8470261Z Using Bundler shipped with ruby-3.2.11
2026-04-30T05:52:01.8471283Z Took   0.00 seconds
2026-04-30T05:52:01.8471928Z ##[endgroup]
2026-04-30T05:52:01.9163103Z ##[group]Run actions/cache@v4
2026-04-30T05:52:01.9163358Z with:
2026-04-30T05:52:01.9163769Z   path: /home/runner/work/_actions/lewagon/wait-on-check-action/ccfb013c15c8afb7bf2b7c028fb74dc5a068cccc
2026-04-30T05:52:01.9164262Z   key: Linux-gems-
2026-04-30T05:52:01.9164460Z   restore-keys: Linux-gems-
2026-04-30T05:52:01.9164695Z   enableCrossOsArchive: false
2026-04-30T05:52:01.9164921Z   fail-on-cache-miss: false
2026-04-30T05:52:01.9165125Z   lookup-only: false
2026-04-30T05:52:01.9165304Z   save-always: false
2026-04-30T05:52:01.9165475Z env:
2026-04-30T05:52:01.9165621Z   WAIT_INTERVAL: 15
2026-04-30T05:52:01.9165798Z ##[endgroup]
2026-04-30T05:52:02.2683261Z Cache not found for input keys: Linux-gems-, Linux-gems-
2026-04-30T05:52:02.2753967Z ##[group]Run bundle install --jobs 4 --retry 3
2026-04-30T05:52:02.2754296Z [36;1mbundle install --jobs 4 --retry 3[0m
2026-04-30T05:52:02.2776950Z shell: /usr/bin/bash --noprofile --norc -e -o pipefail {0}
2026-04-30T05:52:02.2777593Z env:
2026-04-30T05:52:02.2777767Z   WAIT_INTERVAL: 15
2026-04-30T05:52:02.2777970Z ##[endgroup]
2026-04-30T05:52:03.2131613Z Bundler 2.4.19 is running, but your lockfile was generated with 2.2.3. Installing Bundler 2.2.3 and restarting using that version.
2026-04-30T05:52:04.8507112Z Fetching gem metadata from https://rubygems.org/.
2026-04-30T05:52:04.8584049Z Fetching bundler 2.2.3
2026-04-30T05:52:05.1480844Z Installing bundler 2.2.3
2026-04-30T05:52:05.3405906Z Calling `DidYouMean::SPELL_CHECKERS.merge!(error_name => spell_checker)' has been deprecated. Please call `DidYouMean.correct_error(error_name, spell_checker)' instead.
2026-04-30T05:52:06.8282431Z Fetching gem metadata from https://rubygems.org/.........
2026-04-30T05:52:06.8385971Z Fetching minitest 5.18.0
2026-04-30T05:52:06.8391171Z Fetching concurrent-ruby 1.2.2
2026-04-30T05:52:06.8677727Z Fetching public_suffix 4.0.7
2026-04-30T05:52:06.8895025Z Fetching zeitwerk 2.6.7
2026-04-30T05:52:07.0037272Z Installing zeitwerk 2.6.7
2026-04-30T05:52:07.0238257Z Installing minitest 5.18.0
2026-04-30T05:52:07.0253330Z Installing public_suffix 4.0.7
2026-04-30T05:52:07.0721436Z Fetching ast 2.4.2
2026-04-30T05:52:07.1066678Z Using bundler 2.2.3
2026-04-30T05:52:07.1076391Z Fetching byebug 11.1.3
2026-04-30T05:52:07.1356213Z Installing concurrent-ruby 1.2.2
2026-04-30T05:52:07.1411976Z Fetching diff-lcs 1.4.4
2026-04-30T05:52:07.1890918Z Installing ast 2.4.2
2026-04-30T05:52:07.1978622Z Fetching faraday-net_http 2.0.3
2026-04-30T05:52:07.2392853Z Using ruby2_keywords 0.0.5
2026-04-30T05:52:07.2406603Z Fetching json 2.7.1
2026-04-30T05:52:07.2860486Z Installing diff-lcs 1.4.4
2026-04-30T05:52:07.2898975Z Installing byebug 11.1.3 with native extensions
2026-04-30T05:52:07.3014261Z Installing faraday-net_http 2.0.3
2026-04-30T05:52:07.3133271Z Fetching language_server-protocol 3.17.0.3
2026-04-30T05:52:07.3548151Z Fetching lint_roller 1.1.0
2026-04-30T05:52:07.3832727Z Installing json 2.7.1 with native extensions
2026-04-30T05:52:07.4365691Z Installing lint_roller 1.1.0
2026-04-30T05:52:07.4513060Z Installing language_server-protocol 3.17.0.3
2026-04-30T05:52:07.4616458Z Fetching parallel 1.24.0
2026-04-30T05:52:07.5661371Z Installing parallel 1.24.0
2026-04-30T05:52:07.5758761Z Fetching racc 1.7.3
2026-04-30T05:52:07.6188120Z Fetching rainbow 3.1.1
2026-04-30T05:52:07.7051994Z Installing rainbow 3.1.1
2026-04-30T05:52:07.7138656Z Installing racc 1.7.3 with native extensions
2026-04-30T05:52:07.7238924Z Fetching regexp_parser 2.8.3
2026-04-30T05:52:07.8388448Z Installing regexp_parser 2.8.3
2026-04-30T05:52:07.8621098Z Fetching rexml 3.2.6
2026-04-30T05:52:07.9788203Z Installing rexml 3.2.6
2026-04-30T05:52:08.0029026Z Fetching rspec-support 3.10.1
2026-04-30T05:52:08.1173089Z Installing rspec-support 3.10.1
2026-04-30T05:52:08.1368311Z Fetching ruby-progressbar 1.13.0
2026-04-30T05:52:08.2758457Z Installing ruby-progressbar 1.13.0
2026-04-30T05:52:08.4164813Z Fetching unicode-display_width 2.5.0
2026-04-30T05:52:08.5251121Z Installing unicode-display_width 2.5.0
2026-04-30T05:52:08.5350867Z Fetching addressable 2.8.0
2026-04-30T05:52:08.6208431Z Fetching i18n 1.12.0
2026-04-30T05:52:08.6894227Z Installing addressable 2.8.0
2026-04-30T05:52:08.7116060Z Fetching tzinfo 2.0.6
2026-04-30T05:52:08.7580222Z Installing i18n 1.12.0
2026-04-30T05:52:08.7792628Z Fetching faraday 2.3.0
2026-04-30T05:52:08.8684886Z Installing tzinfo 2.0.6
2026-04-30T05:52:08.8971547Z Fetching rspec-core 3.10.1
2026-04-30T05:52:08.9498514Z Installing faraday 2.3.0
2026-04-30T05:52:08.9830199Z Fetching rspec-expectations 3.10.1
2026-04-30T05:52:09.0719099Z Installing rspec-core 3.10.1
2026-04-30T05:52:09.1173078Z Installing rspec-expectations 3.10.1
2026-04-30T05:52:09.1259260Z Fetching rspec-mocks 3.10.1
2026-04-30T05:52:09.1978429Z Fetching parser 3.2.2.4
2026-04-30T05:52:09.2890781Z Installing rspec-mocks 3.10.1
2026-04-30T05:52:09.3145085Z Fetching activesupport 6.1.7.3
2026-04-30T05:52:09.4888153Z Installing activesupport 6.1.7.3
2026-04-30T05:52:09.4903447Z Installing parser 3.2.2.4
2026-04-30T05:52:09.6115096Z Fetching faraday-retry 2.0.0
2026-04-30T05:52:09.6942898Z Fetching sawyer 0.9.2
2026-04-30T05:52:09.6967845Z Installing faraday-retry 2.0.0
2026-04-30T05:52:09.7316220Z Fetching rspec 3.10.0
2026-04-30T05:52:09.7575797Z Fetching rubocop-ast 1.30.0
2026-04-30T05:52:09.8122574Z Installing sawyer 0.9.2
2026-04-30T05:52:09.8286987Z Fetching octokit 4.25.0
2026-04-30T05:52:09.8540594Z Installing rspec 3.10.0
2026-04-30T05:52:09.8742781Z Installing rubocop-ast 1.30.0
2026-04-30T05:52:09.9367807Z Installing octokit 4.25.0
2026-04-30T05:52:10.5950039Z Fetching rubocop 1.57.2
2026-04-30T05:52:10.7785649Z Installing rubocop 1.57.2
2026-04-30T05:52:10.9497811Z Fetching standard-custom 1.0.2
2026-04-30T05:52:10.9498491Z Fetching rubocop-performance 1.19.1
2026-04-30T05:52:11.0517585Z Installing standard-custom 1.0.2
2026-04-30T05:52:11.0678379Z Installing rubocop-performance 1.19.1
2026-04-30T05:52:11.0820285Z Fetching standard-performance 1.2.1
2026-04-30T05:52:11.1615375Z Installing standard-performance 1.2.1
2026-04-30T05:52:11.1683914Z Fetching standard 1.32.1
2026-04-30T05:52:11.2675955Z Installing standard 1.32.1
2026-04-30T05:52:11.2904598Z Bundle complete! 6 Gemfile dependencies, 40 gems now installed.
2026-04-30T05:52:11.2905820Z Use `bundle info [gemname]` to see where a bundled gem is installed.
2026-04-30T05:52:11.3483879Z ##[group]Run ruby entrypoint.rb
2026-04-30T05:52:11.3484143Z [36;1mruby entrypoint.rb[0m
2026-04-30T05:52:11.3505467Z shell: /usr/bin/bash --noprofile --norc -e -o pipefail {0}
2026-04-30T05:52:11.3505780Z env:
2026-04-30T05:52:11.3505945Z   WAIT_INTERVAL: 15
2026-04-30T05:52:11.3506165Z   ALLOWED_CONCLUSIONS: success,skipped,neutral
2026-04-30T05:52:11.3506426Z   IGNORE_CHECKS: 
2026-04-30T05:52:11.3506601Z   CHECK_NAME: 
2026-04-30T05:52:11.3506760Z   CHECK_REGEXP: 
2026-04-30T05:52:11.3506958Z   REF: adad041d3e5f90a239d1820c58f636f1266bd6cc
2026-04-30T05:52:11.3507759Z   REPO_TOKEN: ***
2026-04-30T05:52:11.3507944Z   VERBOSE: true
2026-04-30T05:52:11.3508131Z   RUNNING_WORKFLOW_NAME: Auto-merge
2026-04-30T05:52:11.3508358Z   API_ENDPOINT: 
2026-04-30T05:52:11.3508532Z ##[endgroup]
2026-04-30T05:54:16.3659095Z Checks running on ref:
2026-04-30T05:54:16.3659786Z Checks completed: capture-failure-log, capture-failure-log, connected-tests, cross-device-tests, maybe-label, test
2026-04-30T05:54:16.3660370Z Checks queued: web-lint-and-test, lint-and-test
2026-04-30T05:54:16.3660667Z Checks in_progress: autofix, Auto-merge
2026-04-30T05:54:16.3660923Z Checks after ignore checks filter:
2026-04-30T05:54:16.3661418Z Checks completed: capture-failure-log, capture-failure-log, connected-tests, cross-device-tests, maybe-label, test
2026-04-30T05:54:16.3661955Z Checks queued: web-lint-and-test, lint-and-test
2026-04-30T05:54:16.3662222Z Checks in_progress: autofix
2026-04-30T05:54:16.3662436Z Checks after check_name filter:
2026-04-30T05:54:16.3662910Z Checks completed: capture-failure-log, capture-failure-log, connected-tests, cross-device-tests, maybe-label, test
2026-04-30T05:54:16.3663439Z Checks queued: web-lint-and-test, lint-and-test
2026-04-30T05:54:16.3663713Z Checks in_progress: autofix
2026-04-30T05:54:16.3663921Z Checks after Regexp filter:
2026-04-30T05:54:16.3664392Z Checks completed: capture-failure-log, capture-failure-log, connected-tests, cross-device-tests, maybe-label, test
2026-04-30T05:54:16.3664929Z Checks queued: web-lint-and-test, lint-and-test
2026-04-30T05:54:16.3665201Z Checks in_progress: autofix
2026-04-30T05:54:16.3665521Z The requested checks aren't complete yet, will check back in 15 seconds...
2026-04-30T05:54:16.3665875Z Checks running on ref:
2026-04-30T05:54:16.3666324Z Checks completed: capture-failure-log, capture-failure-log, connected-tests, cross-device-tests, maybe-label, test
2026-04-30T05:54:16.3666836Z Checks queued: web-lint-and-test
2026-04-30T05:54:16.3667109Z Checks in_progress: autofix, lint-and-test, Auto-merge
2026-04-30T05:54:16.3667740Z Checks after ignore checks filter:
2026-04-30T05:54:16.3668245Z Checks completed: capture-failure-log, capture-failure-log, connected-tests, cross-device-tests, maybe-label, test
2026-04-30T05:54:16.3668749Z Checks queued: web-lint-and-test
2026-04-30T05:54:16.3668993Z Checks in_progress: autofix, lint-and-test
2026-04-30T05:54:16.3669285Z Checks after check_name filter:
2026-04-30T05:54:16.3669748Z Checks completed: capture-failure-log, capture-failure-log, connected-tests, cross-device-tests, maybe-label, test
2026-04-30T05:54:16.3670609Z Checks queued: web-lint-and-test
2026-04-30T05:54:16.3670846Z Checks in_progress: autofix, lint-and-test
2026-04-30T05:54:16.3671096Z Checks after Regexp filter:
2026-04-30T05:54:16.3671558Z Checks completed: capture-failure-log, capture-failure-log, connected-tests, cross-device-tests, maybe-label, test
2026-04-30T05:54:16.3672050Z Checks queued: web-lint-and-test
2026-04-30T05:54:16.3672286Z Checks in_progress: autofix, lint-and-test
2026-04-30T05:54:16.3672631Z The requested checks aren't complete yet, will check back in 15 seconds...
2026-04-30T05:54:16.3672976Z Checks running on ref:
2026-04-30T05:54:16.3673421Z Checks completed: capture-failure-log, capture-failure-log, connected-tests, cross-device-tests, maybe-label, test
2026-04-30T05:54:16.3673932Z Checks queued: web-lint-and-test
2026-04-30T05:54:16.3674363Z Checks in_progress: autofix, lint-and-test, Auto-merge
2026-04-30T05:54:16.3674670Z Checks after ignore checks filter:
2026-04-30T05:54:16.3675146Z Checks completed: capture-failure-log, capture-failure-log, connected-tests, cross-device-tests, maybe-label, test
2026-04-30T05:54:16.3675642Z Checks queued: web-lint-and-test
2026-04-30T05:54:16.3675885Z Checks in_progress: autofix, lint-and-test
2026-04-30T05:54:16.3676131Z Checks after check_name filter:
2026-04-30T05:54:16.3676600Z Checks completed: capture-failure-log, capture-failure-log, connected-tests, cross-device-tests, maybe-label, test
2026-04-30T05:54:16.3677100Z Checks queued: web-lint-and-test
2026-04-30T05:54:16.3677576Z Checks in_progress: autofix, lint-and-test
2026-04-30T05:54:16.3677831Z Checks after Regexp filter:
2026-04-30T05:54:16.3678282Z Checks completed: capture-failure-log, capture-failure-log, connected-tests, cross-device-tests, maybe-label, test
2026-04-30T05:54:16.3678778Z Checks queued: web-lint-and-test
2026-04-30T05:54:16.3679022Z Checks in_progress: autofix, lint-and-test
2026-04-30T05:54:16.3679366Z The requested checks aren't complete yet, will check back in 15 seconds...
2026-04-30T05:54:16.3679710Z Checks running on ref:
2026-04-30T05:54:16.3680152Z Checks completed: capture-failure-log, capture-failure-log, connected-tests, cross-device-tests, maybe-label, test
2026-04-30T05:54:16.3680644Z Checks queued: web-lint-and-test
2026-04-30T05:54:16.3680910Z Checks in_progress: autofix, lint-and-test, Auto-merge
2026-04-30T05:54:16.3681191Z Checks after ignore checks filter:
2026-04-30T05:54:16.3681664Z Checks completed: capture-failure-log, capture-failure-log, connected-tests, cross-device-tests, maybe-label, test
2026-04-30T05:54:16.3682159Z Checks queued: web-lint-and-test
2026-04-30T05:54:16.3682392Z Checks in_progress: autofix, lint-and-test
2026-04-30T05:54:16.3682641Z Checks after check_name filter:
2026-04-30T05:54:16.3683110Z Checks completed: capture-failure-log, capture-failure-log, connected-tests, cross-device-tests, maybe-label, test
2026-04-30T05:54:16.3683599Z Checks queued: web-lint-and-test
2026-04-30T05:54:16.3683838Z Checks in_progress: autofix, lint-and-test
2026-04-30T05:54:16.3684078Z Checks after Regexp filter:
2026-04-30T05:54:16.3684539Z Checks completed: capture-failure-log, capture-failure-log, connected-tests, cross-device-tests, maybe-label, test
2026-04-30T05:54:16.3685134Z Checks queued: web-lint-and-test
2026-04-30T05:54:16.3685376Z Checks in_progress: autofix, lint-and-test
2026-04-30T05:54:16.3685723Z The requested checks aren't complete yet, will check back in 15 seconds...
2026-04-30T05:54:16.3686073Z Checks running on ref:
2026-04-30T05:54:16.3686518Z Checks completed: capture-failure-log, capture-failure-log, connected-tests, cross-device-tests, maybe-label, test
2026-04-30T05:54:16.3687019Z Checks queued: web-lint-and-test
2026-04-30T05:54:16.3687488Z Checks in_progress: autofix, lint-and-test, Auto-merge
2026-04-30T05:54:16.3687785Z Checks after ignore checks filter:
2026-04-30T05:54:16.3688271Z Checks completed: capture-failure-log, capture-failure-log, connected-tests, cross-device-tests, maybe-label, test
2026-04-30T05:54:16.3688906Z Checks queued: web-lint-and-test
2026-04-30T05:54:16.3689138Z Checks in_progress: autofix, lint-and-test
2026-04-30T05:54:16.3689384Z Checks after check_name filter:
2026-04-30T05:54:16.3689840Z Checks completed: capture-failure-log, capture-failure-log, connected-tests, cross-device-tests, maybe-label, test
2026-04-30T05:54:16.3690336Z Checks queued: web-lint-and-test
2026-04-30T05:54:16.3690576Z Checks in_progress: autofix, lint-and-test
2026-04-30T05:54:16.3690818Z Checks after Regexp filter:
2026-04-30T05:54:16.3691271Z Checks completed: capture-failure-log, capture-failure-log, connected-tests, cross-device-tests, maybe-label, test
2026-04-30T05:54:16.3691766Z Checks queued: web-lint-and-test
2026-04-30T05:54:16.3691998Z Checks in_progress: autofix, lint-and-test
2026-04-30T05:54:16.3692339Z The requested checks aren't complete yet, will check back in 15 seconds...
2026-04-30T05:54:16.3692803Z Checks running on ref:
2026-04-30T05:54:16.3693257Z Checks completed: capture-failure-log, capture-failure-log, connected-tests, cross-device-tests, maybe-label, test
2026-04-30T05:54:16.3693755Z Checks queued: web-lint-and-test
2026-04-30T05:54:16.3694014Z Checks in_progress: autofix, lint-and-test, Auto-merge
2026-04-30T05:54:16.3694303Z Checks after ignore checks filter:
2026-04-30T05:54:16.3694778Z Checks completed: capture-failure-log, capture-failure-log, connected-tests, cross-device-tests, maybe-label, test
2026-04-30T05:54:16.3695271Z Checks queued: web-lint-and-test
2026-04-30T05:54:16.3695507Z Checks in_progress: autofix, lint-and-test
2026-04-30T05:54:16.3695748Z Checks after check_name filter:
2026-04-30T05:54:16.3696214Z Checks completed: capture-failure-log, capture-failure-log, connected-tests, cross-device-tests, maybe-label, test
2026-04-30T05:54:16.3696713Z Checks queued: web-lint-and-test
2026-04-30T05:54:16.3696942Z Checks in_progress: autofix, lint-and-test
2026-04-30T05:54:16.3697196Z Checks after Regexp filter:
2026-04-30T05:54:16.3697886Z Checks completed: capture-failure-log, capture-failure-log, connected-tests, cross-device-tests, maybe-label, test
2026-04-30T05:54:16.3698381Z Checks queued: web-lint-and-test
2026-04-30T05:54:16.3698613Z Checks in_progress: autofix, lint-and-test
2026-04-30T05:54:16.3698953Z The requested checks aren't complete yet, will check back in 15 seconds...
2026-04-30T05:54:16.3699301Z Checks running on ref:
2026-04-30T05:54:16.3699808Z Checks completed: capture-failure-log, capture-failure-log, connected-tests, cross-device-tests, maybe-label, autofix, test
2026-04-30T05:54:16.3700354Z Checks queued: web-lint-and-test
2026-04-30T05:54:16.3700596Z Checks in_progress: lint-and-test, Auto-merge
2026-04-30T05:54:16.3700862Z Checks after ignore checks filter:
2026-04-30T05:54:16.3701362Z Checks completed: capture-failure-log, capture-failure-log, connected-tests, cross-device-tests, maybe-label, autofix, test
2026-04-30T05:54:16.3701911Z Checks queued: web-lint-and-test
2026-04-30T05:54:16.3702137Z Checks in_progress: lint-and-test
2026-04-30T05:54:16.3702366Z Checks after check_name filter:
2026-04-30T05:54:16.3702868Z Checks completed: capture-failure-log, capture-failure-log, connected-tests, cross-device-tests, maybe-label, autofix, test
2026-04-30T05:54:16.3703403Z Checks queued: web-lint-and-test
2026-04-30T05:54:16.3703625Z Checks in_progress: lint-and-test
2026-04-30T05:54:16.3703853Z Checks after Regexp filter:
2026-04-30T05:54:16.3704343Z Checks completed: capture-failure-log, capture-failure-log, connected-tests, cross-device-tests, maybe-label, autofix, test
2026-04-30T05:54:16.3704880Z Checks queued: web-lint-and-test
2026-04-30T05:54:16.3705104Z Checks in_progress: lint-and-test
2026-04-30T05:54:16.3705422Z The requested checks aren't complete yet, will check back in 15 seconds...
2026-04-30T05:54:16.3705767Z Checks running on ref:
2026-04-30T05:54:16.3706248Z Checks completed: capture-failure-log, capture-failure-log, connected-tests, cross-device-tests, maybe-label, autofix, test
2026-04-30T05:54:16.3706910Z Checks queued: web-lint-and-test
2026-04-30T05:54:16.3707158Z Checks in_progress: lint-and-test, Auto-merge
2026-04-30T05:54:16.3707714Z Checks after ignore checks filter:
2026-04-30T05:54:16.3708225Z Checks completed: capture-failure-log, capture-failure-log, connected-tests, cross-device-tests, maybe-label, autofix, test
2026-04-30T05:54:16.3708758Z Checks queued: web-lint-and-test
2026-04-30T05:54:16.3708976Z Checks in_progress: lint-and-test
2026-04-30T05:54:16.3709207Z Checks after check_name filter:
2026-04-30T05:54:16.3709704Z Checks completed: capture-failure-log, capture-failure-log, connected-tests, cross-device-tests, maybe-label, autofix, test
2026-04-30T05:54:16.3710226Z Checks queued: web-lint-and-test
2026-04-30T05:54:16.3710450Z Checks in_progress: lint-and-test
2026-04-30T05:54:16.3710668Z Checks after Regexp filter:
2026-04-30T05:54:16.3711281Z Checks completed: capture-failure-log, capture-failure-log, connected-tests, cross-device-tests, maybe-label, autofix, test
2026-04-30T05:54:16.3711817Z Checks queued: web-lint-and-test
2026-04-30T05:54:16.3730468Z Checks in_progress: lint-and-test
2026-04-30T05:54:16.3731071Z The requested checks aren't complete yet, will check back in 15 seconds...
2026-04-30T05:54:16.3731619Z Checks running on ref:
2026-04-30T05:54:16.3732399Z Checks completed: capture-failure-log, capture-failure-log, connected-tests, cross-device-tests, maybe-label, autofix, test
2026-04-30T05:54:16.3732989Z Checks queued: web-lint-and-test
2026-04-30T05:54:16.3733255Z Checks in_progress: lint-and-test, Auto-merge
2026-04-30T05:54:16.3733539Z Checks after ignore checks filter:
2026-04-30T05:54:16.3734071Z Checks completed: capture-failure-log, capture-failure-log, connected-tests, cross-device-tests, maybe-label, autofix, test
2026-04-30T05:54:16.3734616Z Checks queued: web-lint-and-test
2026-04-30T05:56:20.2968487Z Checks in_progress: lint-and-test
2026-04-30T05:56:20.2969098Z Checks after check_name filter:
2026-04-30T05:56:20.2969940Z Checks completed: capture-failure-log, capture-failure-log, connected-tests, cross-device-tests, maybe-label, autofix, test
2026-04-30T05:56:20.2971155Z Checks queued: web-lint-and-test
2026-04-30T05:56:20.2971712Z Checks in_progress: lint-and-test
2026-04-30T05:56:20.2972186Z Checks after Regexp filter:
2026-04-30T05:56:20.2973272Z Checks completed: capture-failure-log, capture-failure-log, connected-tests, cross-device-tests, maybe-label, autofix, test
2026-04-30T05:56:20.2974007Z Checks queued: web-lint-and-test
2026-04-30T05:56:20.2974323Z Checks in_progress: lint-and-test
2026-04-30T05:56:20.2974768Z The requested checks aren't complete yet, will check back in 15 seconds...
2026-04-30T05:56:20.2975165Z Checks running on ref:
2026-04-30T05:56:20.2975711Z Checks completed: capture-failure-log, capture-failure-log, connected-tests, cross-device-tests, maybe-label, autofix, test
2026-04-30T05:56:20.2976325Z Checks queued: web-lint-and-test
2026-04-30T05:56:20.2976616Z Checks in_progress: lint-and-test, Auto-merge
2026-04-30T05:56:20.2976919Z Checks after ignore checks filter:
2026-04-30T05:56:20.2977878Z Checks completed: capture-failure-log, capture-failure-log, connected-tests, cross-device-tests, maybe-label, autofix, test
2026-04-30T05:56:20.2978498Z Checks queued: web-lint-and-test
2026-04-30T05:56:20.2978757Z Checks in_progress: lint-and-test
2026-04-30T05:56:20.2979013Z Checks after check_name filter:
2026-04-30T05:56:20.2979575Z Checks completed: capture-failure-log, capture-failure-log, connected-tests, cross-device-tests, maybe-label, autofix, test
2026-04-30T05:56:20.2980181Z Checks queued: web-lint-and-test
2026-04-30T05:56:20.2980435Z Checks in_progress: lint-and-test
2026-04-30T05:56:20.2980683Z Checks after Regexp filter:
2026-04-30T05:56:20.2981241Z Checks completed: capture-failure-log, capture-failure-log, connected-tests, cross-device-tests, maybe-label, autofix, test
2026-04-30T05:56:20.2981840Z Checks queued: web-lint-and-test
2026-04-30T05:56:20.2982098Z Checks in_progress: lint-and-test
2026-04-30T05:56:20.2983061Z The requested checks aren't complete yet, will check back in 15 seconds...
2026-04-30T05:56:20.2983451Z Checks running on ref:
2026-04-30T05:56:20.2984002Z Checks completed: capture-failure-log, capture-failure-log, connected-tests, cross-device-tests, maybe-label, autofix, test
2026-04-30T05:56:20.2984625Z Checks queued: web-lint-and-test
2026-04-30T05:56:20.2984899Z Checks in_progress: lint-and-test, Auto-merge
2026-04-30T05:56:20.2985200Z Checks after ignore checks filter:
2026-04-30T05:56:20.2985724Z Checks completed: capture-failure-log, capture-failure-log, connected-tests, cross-device-tests, maybe-label, autofix, test
2026-04-30T05:56:20.2986259Z Checks queued: web-lint-and-test
2026-04-30T05:56:20.2986487Z Checks in_progress: lint-and-test
2026-04-30T05:56:20.2986711Z Checks after check_name filter:
2026-04-30T05:56:20.2987632Z Checks completed: capture-failure-log, capture-failure-log, connected-tests, cross-device-tests, maybe-label, autofix, test
2026-04-30T05:56:20.2988215Z Checks queued: web-lint-and-test
2026-04-30T05:56:20.2988457Z Checks in_progress: lint-and-test
2026-04-30T05:56:20.2988688Z Checks after Regexp filter:
2026-04-30T05:56:20.2989187Z Checks completed: capture-failure-log, capture-failure-log, connected-tests, cross-device-tests, maybe-label, autofix, test
2026-04-30T05:56:20.2989732Z Checks queued: web-lint-and-test
2026-04-30T05:56:20.2989967Z Checks in_progress: lint-and-test
2026-04-30T05:56:20.2990294Z The requested checks aren't complete yet, will check back in 15 seconds...
2026-04-30T05:56:20.2990652Z Checks running on ref:
2026-04-30T05:56:20.2991150Z Checks completed: capture-failure-log, capture-failure-log, connected-tests, cross-device-tests, maybe-label, autofix, test
2026-04-30T05:56:20.2991687Z Checks queued: web-lint-and-test
2026-04-30T05:56:20.2991940Z Checks in_progress: lint-and-test, Auto-merge
2026-04-30T05:56:20.2992202Z Checks after ignore checks filter:
2026-04-30T05:56:20.2992723Z Checks completed: capture-failure-log, capture-failure-log, connected-tests, cross-device-tests, maybe-label, autofix, test
2026-04-30T05:56:20.2993266Z Checks queued: web-lint-and-test
2026-04-30T05:56:20.2993490Z Checks in_progress: lint-and-test
2026-04-30T05:56:20.2993719Z Checks after check_name filter:
2026-04-30T05:56:20.2994218Z Checks completed: capture-failure-log, capture-failure-log, connected-tests, cross-device-tests, maybe-label, autofix, test
2026-04-30T05:56:20.2994763Z Checks queued: web-lint-and-test
2026-04-30T05:56:20.2994997Z Checks in_progress: lint-and-test
2026-04-30T05:56:20.2995217Z Checks after Regexp filter:
2026-04-30T05:56:20.2995758Z Checks completed: capture-failure-log, capture-failure-log, connected-tests, cross-device-tests, maybe-label, autofix, test
2026-04-30T05:56:20.2996306Z Checks queued: web-lint-and-test
2026-04-30T05:56:20.2996530Z Checks in_progress: lint-and-test
2026-04-30T05:56:20.2996864Z The requested checks aren't complete yet, will check back in 15 seconds...
2026-04-30T05:56:20.2997415Z Checks running on ref:
2026-04-30T05:56:20.2997931Z Checks completed: capture-failure-log, capture-failure-log, connected-tests, cross-device-tests, maybe-label, autofix, test
2026-04-30T05:56:20.2998477Z Checks queued: web-lint-and-test
2026-04-30T05:56:20.2998721Z Checks in_progress: lint-and-test, Auto-merge
2026-04-30T05:56:20.2998989Z Checks after ignore checks filter:
2026-04-30T05:56:20.2999498Z Checks completed: capture-failure-log, capture-failure-log, connected-tests, cross-device-tests, maybe-label, autofix, test
2026-04-30T05:56:20.3000030Z Checks queued: web-lint-and-test
2026-04-30T05:56:20.3000254Z Checks in_progress: lint-and-test
2026-04-30T05:56:20.3000481Z Checks after check_name filter:
2026-04-30T05:56:20.3000972Z Checks completed: capture-failure-log, capture-failure-log, connected-tests, cross-device-tests, maybe-label, autofix, test
2026-04-30T05:56:20.3001503Z Checks queued: web-lint-and-test
2026-04-30T05:56:20.3001722Z Checks in_progress: lint-and-test
2026-04-30T05:56:20.3001947Z Checks after Regexp filter:
2026-04-30T05:56:20.3002577Z Checks completed: capture-failure-log, capture-failure-log, connected-tests, cross-device-tests, maybe-label, autofix, test
2026-04-30T05:56:20.3003116Z Checks queued: web-lint-and-test
2026-04-30T05:56:20.3003347Z Checks in_progress: lint-and-test
2026-04-30T05:56:20.3003685Z The requested checks aren't complete yet, will check back in 15 seconds...
2026-04-30T05:56:20.3004032Z Checks running on ref:
2026-04-30T05:56:20.3004521Z Checks completed: capture-failure-log, capture-failure-log, connected-tests, cross-device-tests, maybe-label, autofix, test
2026-04-30T05:56:20.3005057Z Checks queued: web-lint-and-test
2026-04-30T05:56:20.3005307Z Checks in_progress: lint-and-test, Auto-merge
2026-04-30T05:56:20.3005572Z Checks after ignore checks filter:
2026-04-30T05:56:20.3006075Z Checks completed: capture-failure-log, capture-failure-log, connected-tests, cross-device-tests, maybe-label, autofix, test
2026-04-30T05:56:20.3006714Z Checks queued: web-lint-and-test
2026-04-30T05:56:20.3006949Z Checks in_progress: lint-and-test
2026-04-30T05:56:20.3007178Z Checks after check_name filter:
2026-04-30T05:56:20.3007893Z Checks completed: capture-failure-log, capture-failure-log, connected-tests, cross-device-tests, maybe-label, autofix, test
2026-04-30T05:56:20.3008436Z Checks queued: web-lint-and-test
2026-04-30T05:56:20.3008664Z Checks in_progress: lint-and-test
2026-04-30T05:56:20.3008889Z Checks after Regexp filter:
2026-04-30T05:56:20.3009382Z Checks completed: capture-failure-log, capture-failure-log, connected-tests, cross-device-tests, maybe-label, autofix, test
2026-04-30T05:56:20.3009916Z Checks queued: web-lint-and-test
2026-04-30T05:56:20.3010139Z Checks in_progress: lint-and-test
2026-04-30T05:56:20.3010463Z The requested checks aren't complete yet, will check back in 15 seconds...
2026-04-30T05:56:20.3010804Z Checks running on ref:
2026-04-30T05:56:20.3011289Z Checks completed: capture-failure-log, capture-failure-log, connected-tests, cross-device-tests, maybe-label, autofix, test
2026-04-30T05:56:20.3011826Z Checks queued: web-lint-and-test
2026-04-30T05:56:20.3012068Z Checks in_progress: lint-and-test, Auto-merge
2026-04-30T05:56:20.3012325Z Checks after ignore checks filter:
2026-04-30T05:56:20.3012835Z Checks completed: capture-failure-log, capture-failure-log, connected-tests, cross-device-tests, maybe-label, autofix, test
2026-04-30T05:56:20.3013365Z Checks queued: web-lint-and-test
2026-04-30T05:56:20.3013582Z Checks in_progress: lint-and-test
2026-04-30T05:56:20.3013804Z Checks after check_name filter:
2026-04-30T05:56:20.3014290Z Checks completed: capture-failure-log, capture-failure-log, connected-tests, cross-device-tests, maybe-label, autofix, test
2026-04-30T05:56:20.3014827Z Checks queued: web-lint-and-test
2026-04-30T05:56:20.3015051Z Checks in_progress: lint-and-test
2026-04-30T05:56:20.3015266Z Checks after Regexp filter:
2026-04-30T05:56:20.3015760Z Checks completed: capture-failure-log, capture-failure-log, connected-tests, cross-device-tests, maybe-label, autofix, test
2026-04-30T05:56:20.3016296Z Checks queued: web-lint-and-test
2026-04-30T05:56:20.3016518Z Checks in_progress: lint-and-test
2026-04-30T05:56:20.3016850Z The requested checks aren't complete yet, will check back in 15 seconds...
2026-04-30T05:56:20.3017191Z Checks running on ref:
2026-04-30T05:56:20.3017951Z Checks completed: capture-failure-log, capture-failure-log, connected-tests, cross-device-tests, maybe-label, autofix, test
2026-04-30T05:56:20.3018578Z Checks in_progress: web-lint-and-test, lint-and-test, Auto-merge
2026-04-30T05:56:20.3018902Z Checks after ignore checks filter:
2026-04-30T05:56:20.3019424Z Checks completed: capture-failure-log, capture-failure-log, connected-tests, cross-device-tests, maybe-label, autofix, test
2026-04-30T05:56:20.3020007Z Checks in_progress: web-lint-and-test, lint-and-test
2026-04-30T05:56:20.3020313Z Checks after check_name filter:
2026-04-30T05:56:20.3020824Z Checks completed: capture-failure-log, capture-failure-log, connected-tests, cross-device-tests, maybe-label, autofix, test
2026-04-30T05:56:20.3021550Z Checks in_progress: web-lint-and-test, lint-and-test
2026-04-30T05:56:20.3021826Z Checks after Regexp filter:
2026-04-30T05:56:20.3022322Z Checks completed: capture-failure-log, capture-failure-log, connected-tests, cross-device-tests, maybe-label, autofix, test
2026-04-30T05:56:20.3022881Z Checks in_progress: web-lint-and-test, lint-and-test
2026-04-30T05:56:20.3023263Z The requested checks aren't complete yet, will check back in 15 seconds...
2026-04-30T05:56:20.3023610Z Checks running on ref:
2026-04-30T05:56:20.3023793Z Checks queued: e2e
2026-04-30T05:56:20.3024331Z Checks completed: capture-failure-log, capture-failure-log, connected-tests, cross-device-tests, web-lint-and-test, maybe-label, autofix, test
2026-04-30T05:56:20.3024967Z Checks in_progress: lint-and-test, Auto-merge
2026-04-30T05:56:20.3025256Z Checks after ignore checks filter:
2026-04-30T05:56:20.3025472Z Checks queued: e2e
2026-04-30T05:56:20.3026118Z Checks completed: capture-failure-log, capture-failure-log, connected-tests, cross-device-tests, web-lint-and-test, maybe-label, autofix, test
2026-04-30T05:56:20.3026735Z Checks in_progress: lint-and-test
2026-04-30T05:56:20.3026964Z Checks after check_name filter:
2026-04-30T05:56:20.3027173Z Checks queued: e2e
2026-04-30T05:56:20.3028238Z Checks completed: capture-failure-log, capture-failure-log, connected-tests, cross-device-tests, web-lint-and-test, maybe-label, autofix, test
2026-04-30T05:56:20.3028869Z Checks in_progress: lint-and-test
2026-04-30T05:56:20.3029107Z Checks after Regexp filter:
2026-04-30T05:56:20.3029310Z Checks queued: e2e
2026-04-30T05:56:20.3029842Z Checks completed: capture-failure-log, capture-failure-log, connected-tests, cross-device-tests, web-lint-and-test, maybe-label, autofix, test
2026-04-30T05:56:20.3030445Z Checks in_progress: lint-and-test
2026-04-30T05:58:40.0483591Z The requested checks aren't complete yet, will check back in 15 seconds...
2026-04-30T05:58:40.0484369Z Checks running on ref:
2026-04-30T05:58:40.0485592Z Checks completed: capture-failure-log, e2e, capture-failure-log, capture-failure-log, connected-tests, cross-device-tests, web-lint-and-test, maybe-label, autofix, test
2026-04-30T05:58:40.0486518Z Checks in_progress: lint-and-test, Auto-merge
2026-04-30T05:58:40.0486866Z Checks after ignore checks filter:
2026-04-30T05:58:40.0488123Z Checks completed: capture-failure-log, e2e, capture-failure-log, capture-failure-log, connected-tests, cross-device-tests, web-lint-and-test, maybe-label, autofix, test
2026-04-30T05:58:40.0489001Z Checks in_progress: lint-and-test
2026-04-30T05:58:40.0489296Z Checks after check_name filter:
2026-04-30T05:58:40.0490122Z Checks completed: capture-failure-log, e2e, capture-failure-log, capture-failure-log, connected-tests, cross-device-tests, web-lint-and-test, maybe-label, autofix, test
2026-04-30T05:58:40.0490983Z Checks in_progress: lint-and-test
2026-04-30T05:58:40.0491296Z Checks after Regexp filter:
2026-04-30T05:58:40.0492080Z Checks completed: capture-failure-log, e2e, capture-failure-log, capture-failure-log, connected-tests, cross-device-tests, web-lint-and-test, maybe-label, autofix, test
2026-04-30T05:58:40.0492863Z Checks in_progress: lint-and-test
2026-04-30T05:58:40.0493233Z The requested checks aren't complete yet, will check back in 15 seconds...
2026-04-30T05:58:40.0493621Z Checks running on ref:
2026-04-30T05:58:40.0494338Z Checks completed: capture-failure-log, e2e, capture-failure-log, capture-failure-log, connected-tests, cross-device-tests, web-lint-and-test, maybe-label, autofix, test
2026-04-30T05:58:40.0495137Z Checks in_progress: lint-and-test, Auto-merge
2026-04-30T05:58:40.0495431Z Checks after ignore checks filter:
2026-04-30T05:58:40.0496180Z Checks completed: capture-failure-log, e2e, capture-failure-log, capture-failure-log, connected-tests, cross-device-tests, web-lint-and-test, maybe-label, autofix, test
2026-04-30T05:58:40.0496957Z Checks in_progress: lint-and-test
2026-04-30T05:58:40.0497208Z Checks after check_name filter:
2026-04-30T05:58:40.0498479Z Checks completed: capture-failure-log, e2e, capture-failure-log, capture-failure-log, connected-tests, cross-device-tests, web-lint-and-test, maybe-label, autofix, test
2026-04-30T05:58:40.0499255Z Checks in_progress: lint-and-test
2026-04-30T05:58:40.0499506Z Checks after Regexp filter:
2026-04-30T05:58:40.0500230Z Checks completed: capture-failure-log, e2e, capture-failure-log, capture-failure-log, connected-tests, cross-device-tests, web-lint-and-test, maybe-label, autofix, test
2026-04-30T05:58:40.0501001Z Checks in_progress: lint-and-test
2026-04-30T05:58:40.0501363Z The requested checks aren't complete yet, will check back in 15 seconds...
2026-04-30T05:58:40.0501753Z Checks running on ref:
2026-04-30T05:58:40.0502456Z Checks completed: capture-failure-log, e2e, capture-failure-log, capture-failure-log, connected-tests, cross-device-tests, web-lint-and-test, maybe-label, autofix, test
2026-04-30T05:58:40.0503333Z Checks in_progress: lint-and-test, Auto-merge
2026-04-30T05:58:40.0503604Z Checks after ignore checks filter:
2026-04-30T05:58:40.0504284Z Checks completed: capture-failure-log, e2e, capture-failure-log, capture-failure-log, connected-tests, cross-device-tests, web-lint-and-test, maybe-label, autofix, test
2026-04-30T05:58:40.0504972Z Checks in_progress: lint-and-test
2026-04-30T05:58:40.0505201Z Checks after check_name filter:
2026-04-30T05:58:40.0505845Z Checks completed: capture-failure-log, e2e, capture-failure-log, capture-failure-log, connected-tests, cross-device-tests, web-lint-and-test, maybe-label, autofix, test
2026-04-30T05:58:40.0506525Z Checks in_progress: lint-and-test
2026-04-30T05:58:40.0506746Z Checks after Regexp filter:
2026-04-30T05:58:40.0507517Z Checks completed: capture-failure-log, e2e, capture-failure-log, capture-failure-log, connected-tests, cross-device-tests, web-lint-and-test, maybe-label, autofix, test
2026-04-30T05:58:40.0508199Z Checks in_progress: lint-and-test
2026-04-30T05:58:40.0508530Z The requested checks aren't complete yet, will check back in 15 seconds...
2026-04-30T05:58:40.0508873Z Checks running on ref:
2026-04-30T05:58:40.0509496Z Checks completed: capture-failure-log, e2e, capture-failure-log, capture-failure-log, connected-tests, cross-device-tests, web-lint-and-test, maybe-label, autofix, test
2026-04-30T05:58:40.0510192Z Checks in_progress: lint-and-test, Auto-merge
2026-04-30T05:58:40.0510456Z Checks after ignore checks filter:
2026-04-30T05:58:40.0511121Z Checks completed: capture-failure-log, e2e, capture-failure-log, capture-failure-log, connected-tests, cross-device-tests, web-lint-and-test, maybe-label, autofix, test
2026-04-30T05:58:40.0511831Z Checks in_progress: lint-and-test
2026-04-30T05:58:40.0512067Z Checks after check_name filter:
2026-04-30T05:58:40.0512729Z Checks completed: capture-failure-log, e2e, capture-failure-log, capture-failure-log, connected-tests, cross-device-tests, web-lint-and-test, maybe-label, autofix, test
2026-04-30T05:58:40.0513416Z Checks in_progress: lint-and-test
2026-04-30T05:58:40.0513641Z Checks after Regexp filter:
2026-04-30T05:58:40.0514283Z Checks completed: capture-failure-log, e2e, capture-failure-log, capture-failure-log, connected-tests, cross-device-tests, web-lint-and-test, maybe-label, autofix, test
2026-04-30T05:58:40.0514959Z Checks in_progress: lint-and-test
2026-04-30T05:58:40.0515287Z The requested checks aren't complete yet, will check back in 15 seconds...
2026-04-30T05:58:40.0515635Z Checks running on ref:
2026-04-30T05:58:40.0516261Z Checks completed: capture-failure-log, e2e, capture-failure-log, capture-failure-log, connected-tests, cross-device-tests, web-lint-and-test, maybe-label, autofix, test
2026-04-30T05:58:40.0516967Z Checks in_progress: lint-and-test, Auto-merge
2026-04-30T05:58:40.0517337Z Checks after ignore checks filter:
2026-04-30T05:58:40.0518007Z Checks completed: capture-failure-log, e2e, capture-failure-log, capture-failure-log, connected-tests, cross-device-tests, web-lint-and-test, maybe-label, autofix, test
2026-04-30T05:58:40.0518700Z Checks in_progress: lint-and-test
2026-04-30T05:58:40.0519051Z Checks after check_name filter:
2026-04-30T05:58:40.0519698Z Checks completed: capture-failure-log, e2e, capture-failure-log, capture-failure-log, connected-tests, cross-device-tests, web-lint-and-test, maybe-label, autofix, test
2026-04-30T05:58:40.0520386Z Checks in_progress: lint-and-test
2026-04-30T05:58:40.0520607Z Checks after Regexp filter:
2026-04-30T05:58:40.0521253Z Checks completed: capture-failure-log, e2e, capture-failure-log, capture-failure-log, connected-tests, cross-device-tests, web-lint-and-test, maybe-label, autofix, test
2026-04-30T05:58:40.0521941Z Checks in_progress: lint-and-test
2026-04-30T05:58:40.0522469Z The requested checks aren't complete yet, will check back in 15 seconds...
2026-04-30T05:58:40.0523052Z Checks running on ref:
2026-04-30T05:58:40.0523815Z Checks completed: capture-failure-log, e2e, capture-failure-log, capture-failure-log, connected-tests, cross-device-tests, web-lint-and-test, maybe-label, autofix, test
2026-04-30T05:58:40.0524526Z Checks in_progress: lint-and-test, Auto-merge
2026-04-30T05:58:40.0524798Z Checks after ignore checks filter:
2026-04-30T05:58:40.0525452Z Checks completed: capture-failure-log, e2e, capture-failure-log, capture-failure-log, connected-tests, cross-device-tests, web-lint-and-test, maybe-label, autofix, test
2026-04-30T05:58:40.0526132Z Checks in_progress: lint-and-test
2026-04-30T05:58:40.0526357Z Checks after check_name filter:
2026-04-30T05:58:40.0527003Z Checks completed: capture-failure-log, e2e, capture-failure-log, capture-failure-log, connected-tests, cross-device-tests, web-lint-and-test, maybe-label, autofix, test
2026-04-30T05:58:40.0528097Z Checks in_progress: lint-and-test
2026-04-30T05:58:40.0528328Z Checks after Regexp filter:
2026-04-30T05:58:40.0528964Z Checks completed: capture-failure-log, e2e, capture-failure-log, capture-failure-log, connected-tests, cross-device-tests, web-lint-and-test, maybe-label, autofix, test
2026-04-30T05:58:40.0529653Z Checks in_progress: lint-and-test
2026-04-30T05:58:40.0529987Z The requested checks aren't complete yet, will check back in 15 seconds...
2026-04-30T05:58:40.0530330Z Checks running on ref:
2026-04-30T05:58:40.0530997Z Checks completed: capture-failure-log, e2e, capture-failure-log, capture-failure-log, connected-tests, cross-device-tests, web-lint-and-test, maybe-label, autofix, test
2026-04-30T05:58:40.0531712Z Checks in_progress: lint-and-test, Auto-merge
2026-04-30T05:58:40.0531974Z Checks after ignore checks filter:
2026-04-30T05:58:40.0532626Z Checks completed: capture-failure-log, e2e, capture-failure-log, capture-failure-log, connected-tests, cross-device-tests, web-lint-and-test, maybe-label, autofix, test
2026-04-30T05:58:40.0533302Z Checks in_progress: lint-and-test
2026-04-30T05:58:40.0533524Z Checks after check_name filter:
2026-04-30T05:58:40.0534171Z Checks completed: capture-failure-log, e2e, capture-failure-log, capture-failure-log, connected-tests, cross-device-tests, web-lint-and-test, maybe-label, autofix, test
2026-04-30T05:58:40.0534859Z Checks in_progress: lint-and-test
2026-04-30T05:58:40.0535085Z Checks after Regexp filter:
2026-04-30T05:58:40.0535727Z Checks completed: capture-failure-log, e2e, capture-failure-log, capture-failure-log, connected-tests, cross-device-tests, web-lint-and-test, maybe-label, autofix, test
2026-04-30T05:58:40.0536409Z Checks in_progress: lint-and-test
2026-04-30T05:58:40.0536733Z The requested checks aren't complete yet, will check back in 15 seconds...
2026-04-30T05:58:40.0537079Z Checks running on ref:
2026-04-30T05:58:40.0537960Z Checks completed: capture-failure-log, e2e, capture-failure-log, capture-failure-log, connected-tests, cross-device-tests, web-lint-and-test, maybe-label, autofix, test
2026-04-30T05:58:40.0538667Z Checks in_progress: lint-and-test, Auto-merge
2026-04-30T05:58:40.0538928Z Checks after ignore checks filter:
2026-04-30T05:58:40.0539590Z Checks completed: capture-failure-log, e2e, capture-failure-log, capture-failure-log, connected-tests, cross-device-tests, web-lint-and-test, maybe-label, autofix, test
2026-04-30T05:58:40.0540437Z Checks in_progress: lint-and-test
2026-04-30T05:58:40.0540656Z Checks after check_name filter:
2026-04-30T05:58:40.0541300Z Checks completed: capture-failure-log, e2e, capture-failure-log, capture-failure-log, connected-tests, cross-device-tests, web-lint-and-test, maybe-label, autofix, test
2026-04-30T05:58:40.0541979Z Checks in_progress: lint-and-test
2026-04-30T05:58:40.0542196Z Checks after Regexp filter:
2026-04-30T05:58:40.0542837Z Checks completed: capture-failure-log, e2e, capture-failure-log, capture-failure-log, connected-tests, cross-device-tests, web-lint-and-test, maybe-label, autofix, test
2026-04-30T05:58:40.0543514Z Checks in_progress: lint-and-test
2026-04-30T05:58:40.0543829Z The requested checks aren't complete yet, will check back in 15 seconds...
2026-04-30T05:58:40.0544172Z Checks running on ref:
2026-04-30T06:00:13.4253354Z Checks completed: capture-failure-log, e2e, capture-failure-log, capture-failure-log, connected-tests, cross-device-tests, web-lint-and-test, maybe-label, autofix, test
2026-04-30T06:00:13.4255122Z Checks in_progress: lint-and-test, Auto-merge
2026-04-30T06:00:13.4255752Z Checks after ignore checks filter:
2026-04-30T06:00:13.4257470Z Checks completed: capture-failure-log, e2e, capture-failure-log, capture-failure-log, connected-tests, cross-device-tests, web-lint-and-test, maybe-label, autofix, test
2026-04-30T06:00:13.4258713Z Checks in_progress: lint-and-test
2026-04-30T06:00:13.4259115Z Checks after check_name filter:
2026-04-30T06:00:13.4260273Z Checks completed: capture-failure-log, e2e, capture-failure-log, capture-failure-log, connected-tests, cross-device-tests, web-lint-and-test, maybe-label, autofix, test
2026-04-30T06:00:13.4261080Z Checks in_progress: lint-and-test
2026-04-30T06:00:13.4261339Z Checks after Regexp filter:
2026-04-30T06:00:13.4262083Z Checks completed: capture-failure-log, e2e, capture-failure-log, capture-failure-log, connected-tests, cross-device-tests, web-lint-and-test, maybe-label, autofix, test
2026-04-30T06:00:13.4262867Z Checks in_progress: lint-and-test
2026-04-30T06:00:13.4263258Z The requested checks aren't complete yet, will check back in 15 seconds...
2026-04-30T06:00:13.4263647Z Checks running on ref:
2026-04-30T06:00:13.4264364Z Checks completed: capture-failure-log, e2e, capture-failure-log, capture-failure-log, connected-tests, cross-device-tests, web-lint-and-test, maybe-label, autofix, test
2026-04-30T06:00:13.4265157Z Checks in_progress: lint-and-test, Auto-merge
2026-04-30T06:00:13.4265456Z Checks after ignore checks filter:
2026-04-30T06:00:13.4266209Z Checks completed: capture-failure-log, e2e, capture-failure-log, capture-failure-log, connected-tests, cross-device-tests, web-lint-and-test, maybe-label, autofix, test
2026-04-30T06:00:13.4266977Z Checks in_progress: lint-and-test
2026-04-30T06:00:13.4267462Z Checks after check_name filter:
2026-04-30T06:00:13.4268194Z Checks completed: capture-failure-log, e2e, capture-failure-log, capture-failure-log, connected-tests, cross-device-tests, web-lint-and-test, maybe-label, autofix, test
2026-04-30T06:00:13.4268864Z Checks in_progress: lint-and-test
2026-04-30T06:00:13.4269090Z Checks after Regexp filter:
2026-04-30T06:00:13.4269727Z Checks completed: capture-failure-log, e2e, capture-failure-log, capture-failure-log, connected-tests, cross-device-tests, web-lint-and-test, maybe-label, autofix, test
2026-04-30T06:00:13.4270401Z Checks in_progress: lint-and-test
2026-04-30T06:00:13.4270731Z The requested checks aren't complete yet, will check back in 15 seconds...
2026-04-30T06:00:13.4271087Z Checks running on ref:
2026-04-30T06:00:13.4271723Z Checks completed: capture-failure-log, e2e, capture-failure-log, capture-failure-log, connected-tests, cross-device-tests, web-lint-and-test, maybe-label, autofix, test
2026-04-30T06:00:13.4272432Z Checks in_progress: lint-and-test, Auto-merge
2026-04-30T06:00:13.4272695Z Checks after ignore checks filter:
2026-04-30T06:00:13.4273363Z Checks completed: capture-failure-log, e2e, capture-failure-log, capture-failure-log, connected-tests, cross-device-tests, web-lint-and-test, maybe-label, autofix, test
2026-04-30T06:00:13.4274258Z Checks in_progress: lint-and-test
2026-04-30T06:00:13.4274477Z Checks after check_name filter:
2026-04-30T06:00:13.4275117Z Checks completed: capture-failure-log, e2e, capture-failure-log, capture-failure-log, connected-tests, cross-device-tests, web-lint-and-test, maybe-label, autofix, test
2026-04-30T06:00:13.4275792Z Checks in_progress: lint-and-test
2026-04-30T06:00:13.4276006Z Checks after Regexp filter:
2026-04-30T06:00:13.4276637Z Checks completed: capture-failure-log, e2e, capture-failure-log, capture-failure-log, connected-tests, cross-device-tests, web-lint-and-test, maybe-label, autofix, test
2026-04-30T06:00:13.4277629Z Checks in_progress: lint-and-test
2026-04-30T06:00:13.4277984Z The requested checks aren't complete yet, will check back in 15 seconds...
2026-04-30T06:00:13.4278475Z Checks running on ref:
2026-04-30T06:00:13.4279116Z Checks completed: capture-failure-log, e2e, capture-failure-log, capture-failure-log, connected-tests, cross-device-tests, web-lint-and-test, maybe-label, autofix, test
2026-04-30T06:00:13.4279812Z Checks in_progress: lint-and-test, Auto-merge
2026-04-30T06:00:13.4280076Z Checks after ignore checks filter:
2026-04-30T06:00:13.4280722Z Checks completed: capture-failure-log, e2e, capture-failure-log, capture-failure-log, connected-tests, cross-device-tests, web-lint-and-test, maybe-label, autofix, test
2026-04-30T06:00:13.4281401Z Checks in_progress: lint-and-test
2026-04-30T06:00:13.4281624Z Checks after check_name filter:
2026-04-30T06:00:13.4282258Z Checks completed: capture-failure-log, e2e, capture-failure-log, capture-failure-log, connected-tests, cross-device-tests, web-lint-and-test, maybe-label, autofix, test
2026-04-30T06:00:13.4282924Z Checks in_progress: lint-and-test
2026-04-30T06:00:13.4283144Z Checks after Regexp filter:
2026-04-30T06:00:13.4283775Z Checks completed: capture-failure-log, e2e, capture-failure-log, capture-failure-log, connected-tests, cross-device-tests, web-lint-and-test, maybe-label, autofix, test
2026-04-30T06:00:13.4284447Z Checks in_progress: lint-and-test
2026-04-30T06:00:13.4284766Z The requested checks aren't complete yet, will check back in 15 seconds...
2026-04-30T06:00:13.4285099Z Checks running on ref:
2026-04-30T06:00:13.4285716Z Checks completed: capture-failure-log, e2e, capture-failure-log, capture-failure-log, connected-tests, cross-device-tests, web-lint-and-test, maybe-label, autofix, test
2026-04-30T06:00:13.4286411Z Checks in_progress: lint-and-test, Auto-merge
2026-04-30T06:00:13.4286667Z Checks after ignore checks filter:
2026-04-30T06:00:13.4287585Z Checks completed: capture-failure-log, e2e, capture-failure-log, capture-failure-log, connected-tests, cross-device-tests, web-lint-and-test, maybe-label, autofix, test
2026-04-30T06:00:13.4288265Z Checks in_progress: lint-and-test
2026-04-30T06:00:13.4288494Z Checks after check_name filter:
2026-04-30T06:00:13.4289141Z Checks completed: capture-failure-log, e2e, capture-failure-log, capture-failure-log, connected-tests, cross-device-tests, web-lint-and-test, maybe-label, autofix, test
2026-04-30T06:00:13.4289939Z Checks in_progress: lint-and-test
2026-04-30T06:00:13.4290214Z Checks after Regexp filter:
2026-04-30T06:00:13.4291006Z Checks completed: capture-failure-log, e2e, capture-failure-log, capture-failure-log, connected-tests, cross-device-tests, web-lint-and-test, maybe-label, autofix, test
2026-04-30T06:00:13.4291827Z Checks in_progress: lint-and-test
2026-04-30T06:00:13.4292248Z The requested checks aren't complete yet, will check back in 15 seconds...
2026-04-30T06:00:13.4292669Z Checks running on ref:
2026-04-30T06:00:13.4293435Z Checks completed: capture-failure-log, e2e, capture-failure-log, capture-failure-log, connected-tests, cross-device-tests, web-lint-and-test, maybe-label, autofix, test
2026-04-30T06:00:13.4294277Z Checks in_progress: lint-and-test, Auto-merge
2026-04-30T06:00:13.4294616Z Checks after ignore checks filter:
2026-04-30T06:00:13.4296451Z Checks completed: capture-failure-log, e2e, capture-failure-log, capture-failure-log, connected-tests, cross-device-tests, web-lint-and-test, maybe-label, autofix, test
2026-04-30T06:00:13.4298149Z Checks in_progress: lint-and-test
2026-04-30T06:00:13.4298661Z Checks after check_name filter:
2026-04-30T06:00:13.4300069Z Checks completed: capture-failure-log, e2e, capture-failure-log, capture-failure-log, connected-tests, cross-device-tests, web-lint-and-test, maybe-label, autofix, test
2026-04-30T06:00:13.4301569Z Checks in_progress: lint-and-test
2026-04-30T06:00:13.4302067Z Checks after Regexp filter:
2026-04-30T06:00:13.4303090Z Checks completed: capture-failure-log, e2e, capture-failure-log, capture-failure-log, connected-tests, cross-device-tests, web-lint-and-test, maybe-label, autofix, test
2026-04-30T06:00:13.4303948Z Checks in_progress: lint-and-test
2026-04-30T06:00:13.4304647Z The requested checks aren't complete yet, will check back in 15 seconds...
2026-04-30T06:00:13.4305161Z Checks running on ref:
2026-04-30T06:00:13.4306179Z Checks completed: capture-failure-log, Tag & Release, capture-failure-log, e2e, capture-failure-log, capture-failure-log, connected-tests, cross-device-tests, web-lint-and-test, maybe-label, autofix, lint-and-test, test
2026-04-30T06:00:13.4307164Z Checks in_progress: Auto-merge
2026-04-30T06:00:13.4307618Z Checks after ignore checks filter:
2026-04-30T06:00:13.4308646Z Checks completed: capture-failure-log, Tag & Release, capture-failure-log, e2e, capture-failure-log, capture-failure-log, connected-tests, cross-device-tests, web-lint-and-test, maybe-label, autofix, lint-and-test, test
2026-04-30T06:00:13.4309595Z Checks after check_name filter:
2026-04-30T06:00:13.4310411Z Checks completed: capture-failure-log, Tag & Release, capture-failure-log, e2e, capture-failure-log, capture-failure-log, connected-tests, cross-device-tests, web-lint-and-test, maybe-label, autofix, lint-and-test, test
2026-04-30T06:00:13.4311266Z Checks after Regexp filter:
2026-04-30T06:00:13.4312062Z Checks completed: capture-failure-log, Tag & Release, capture-failure-log, e2e, capture-failure-log, capture-failure-log, connected-tests, cross-device-tests, web-lint-and-test, maybe-label, autofix, lint-and-test, test
2026-04-30T06:00:13.4313053Z Checks completed:
2026-04-30T06:00:13.4313375Z capture-failure-log: completed (skipped)
2026-04-30T06:00:13.4313782Z Tag & Release: completed (cancelled)
2026-04-30T06:00:13.4314178Z capture-failure-log: completed (skipped)
2026-04-30T06:00:13.4314562Z e2e: completed (cancelled)
2026-04-30T06:00:13.4314908Z capture-failure-log: completed (skipped)
2026-04-30T06:00:13.4315317Z capture-failure-log: completed (skipped)
2026-04-30T06:00:13.4315703Z connected-tests: completed (skipped)
2026-04-30T06:00:13.4316091Z cross-device-tests: completed (skipped)
2026-04-30T06:00:13.4316497Z web-lint-and-test: completed (success)
2026-04-30T06:00:13.4316893Z maybe-label: completed (success)
2026-04-30T06:00:13.4317445Z autofix: completed (success)
2026-04-30T06:00:13.4317808Z lint-and-test: completed (cancelled)
2026-04-30T06:00:13.4318178Z test: completed (success)
2026-04-30T06:00:13.4319139Z The conclusion of one or more checks were not allowed. Allowed conclusions are: success, skipped, neutral. This can be configured with the 'allowed-conclusions' param.
2026-04-30T06:00:13.4376098Z ##[error]Process completed with exit code 1.
2026-04-30T06:00:13.4483798Z Post job cleanup.
2026-04-30T06:00:13.4533449Z Cleaning up orphan processes
2026-04-30T06:00:13.4923885Z ##[warning]Node.js 20 actions are deprecated. The following actions are running on Node.js 20 and may not work as expected: actions/cache@v4. Actions will be forced to run with Node.js 24 by default starting June 2nd, 2026. Node.js 20 will be removed from the runner on September 16th, 2026. Please check if updated versions of these actions are available that support Node.js 24. To opt into Node.js 24 now, set the FORCE_JAVASCRIPT_ACTIONS_TO_NODE24=true environment variable on the runner or in your workflow file. Once Node.js 24 becomes the default, you can temporarily opt out by setting ACTIONS_ALLOW_USE_UNSECURE_NODE_VERSION=true. For more information see: https://github.blog/changelog/2025-09-19-deprecation-of-node-20-on-github-actions-runners/
