=== CI FAILURE ===
Workflow:      Auto-merge & Release
Workflow file: akarlin3/prismTask/.github/workflows/auto-merge.yml@refs/pull/841/merge
Job(s):        Auto-merge
Run ID:        24978489107
Run attempt:   1
Run URL:       https://github.com/akarlin3/prismTask/actions/runs/24978489107
Commit:        49e73249bc7c6d1c4a556505bf1691b9bade390d
Branch:        841/merge
Event:         pull_request
Actor:         akarlin3
Runner OS:     Linux
Timestamp:     2026-04-27T05:57:43.472Z

Failed steps:
  - Auto-merge: #4 Wait for all other CI checks to pass

=== FAILED JOB LOG ===

--- Job: Auto-merge (id 73135273905) ---
2026-04-27T05:40:22.1495703Z Current runner version: '2.333.1'
2026-04-27T05:40:22.1521520Z ##[group]Runner Image Provisioner
2026-04-27T05:40:22.1522840Z Hosted Compute Agent
2026-04-27T05:40:22.1523393Z Version: 20260213.493
2026-04-27T05:40:22.1524030Z Commit: 5c115507f6dd24b8de37d8bbe0bb4509d0cc0fa3
2026-04-27T05:40:22.1524843Z Build Date: 2026-02-13T00:28:41Z
2026-04-27T05:40:22.1525516Z Worker ID: {fd811dc7-ef4c-480f-9d60-d75ecbe2b6b6}
2026-04-27T05:40:22.1526194Z Azure Region: eastus
2026-04-27T05:40:22.1526889Z ##[endgroup]
2026-04-27T05:40:22.1528261Z ##[group]Operating System
2026-04-27T05:40:22.1528841Z Ubuntu
2026-04-27T05:40:22.1529451Z 24.04.4
2026-04-27T05:40:22.1529932Z LTS
2026-04-27T05:40:22.1530371Z ##[endgroup]
2026-04-27T05:40:22.1530967Z ##[group]Runner Image
2026-04-27T05:40:22.1531535Z Image: ubuntu-24.04
2026-04-27T05:40:22.1532017Z Version: 20260413.86.1
2026-04-27T05:40:22.1533436Z Included Software: https://github.com/actions/runner-images/blob/ubuntu24/20260413.86/images/ubuntu/Ubuntu2404-Readme.md
2026-04-27T05:40:22.1534837Z Image Release: https://github.com/actions/runner-images/releases/tag/ubuntu24%2F20260413.86
2026-04-27T05:40:22.1535882Z ##[endgroup]
2026-04-27T05:40:22.1537180Z ##[group]GITHUB_TOKEN Permissions
2026-04-27T05:40:22.1539376Z Actions: read
2026-04-27T05:40:22.1539896Z Checks: read
2026-04-27T05:40:22.1540433Z Contents: write
2026-04-27T05:40:22.1541065Z Metadata: read
2026-04-27T05:40:22.1541547Z PullRequests: write
2026-04-27T05:40:22.1542088Z ##[endgroup]
2026-04-27T05:40:22.1544437Z Secret source: Actions
2026-04-27T05:40:22.1545103Z Prepare workflow directory
2026-04-27T05:40:22.1929946Z Prepare all required actions
2026-04-27T05:40:22.1967654Z Getting action download info
2026-04-27T05:40:22.5077192Z Download action repository 'lewagon/wait-on-check-action@ccfb013c15c8afb7bf2b7c028fb74dc5a068cccc' (SHA:ccfb013c15c8afb7bf2b7c028fb74dc5a068cccc)
2026-04-27T05:40:22.8524206Z Getting action download info
2026-04-27T05:40:22.9915239Z Download action repository 'ruby/setup-ruby@v1' (SHA:c4e5b1316158f92e3d49443a9d58b31d25ac0f8f)
2026-04-27T05:40:23.1883644Z Download action repository 'actions/cache@v4' (SHA:0057852bfaa89a56745cba8c7296529d2fc39830)
2026-04-27T05:40:23.4872255Z Complete job name: Auto-merge
2026-04-27T05:40:23.5510203Z ##[group]Run set -euo pipefail
2026-04-27T05:40:23.5511059Z [36;1mset -euo pipefail[0m
2026-04-27T05:40:23.5512063Z [36;1m# Audit item #5 — poll check-runs for up to 60s instead of a bare[0m
2026-04-27T05:40:23.5513659Z [36;1m# 20s sleep. On a busy runner cohort the initial 20s wasn't enough[0m
2026-04-27T05:40:23.5515011Z [36;1m# for the API to reflect queued workflow runs, which could merge[0m
2026-04-27T05:40:23.5516355Z [36;1m# PRs without waiting for CI. Bail out early as soon as ≥1 real[0m
2026-04-27T05:40:23.5517411Z [36;1m# check shows up.[0m
2026-04-27T05:40:23.5518024Z [36;1mCOUNT=0[0m
2026-04-27T05:40:23.5518559Z [36;1mfor i in $(seq 1 6); do[0m
2026-04-27T05:40:23.5519225Z [36;1m  sleep 10[0m
2026-04-27T05:40:23.5520039Z [36;1m  COUNT=$(gh api "repos/$REPO/commits/$HEAD_SHA/check-runs" \[0m
2026-04-27T05:40:23.5521380Z [36;1m    --jq '[.check_runs[] | select(.name != "Auto-merge")] | length')[0m
2026-04-27T05:40:23.5522672Z [36;1m  if [ "$COUNT" -gt 0 ]; then[0m
2026-04-27T05:40:23.5523654Z [36;1m    echo "Found $COUNT non-Auto-merge check(s) after ${i}0s"[0m
2026-04-27T05:40:23.5524613Z [36;1m    break[0m
2026-04-27T05:40:23.5525133Z [36;1m  fi[0m
2026-04-27T05:40:23.5525819Z [36;1m  echo "No non-Auto-merge checks yet (attempt $i/6)"[0m
2026-04-27T05:40:23.5526718Z [36;1mdone[0m
2026-04-27T05:40:23.5527235Z [36;1mif [ "$COUNT" -gt 0 ]; then[0m
2026-04-27T05:40:23.5528018Z [36;1m  echo "has_ci=true" >> "$GITHUB_OUTPUT"[0m
2026-04-27T05:40:23.5528807Z [36;1melse[0m
2026-04-27T05:40:23.5529389Z [36;1m  echo "has_ci=false" >> "$GITHUB_OUTPUT"[0m
2026-04-27T05:40:23.5530532Z [36;1m  echo "No CI checks on this PR after 60s — will merge without waiting."[0m
2026-04-27T05:40:23.5531609Z [36;1mfi[0m
2026-04-27T05:40:23.5558252Z shell: /usr/bin/bash -e {0}
2026-04-27T05:40:23.5559136Z env:
2026-04-27T05:40:23.5559616Z   WAIT_INTERVAL: 30
2026-04-27T05:40:23.5560516Z   GH_TOKEN: ***
2026-04-27T05:40:23.5561210Z   HEAD_SHA: 174aa5286fae7d2b5f48a2b62149aed706ce2e44
2026-04-27T05:40:23.5562092Z   REPO: akarlin3/prismTask
2026-04-27T05:40:23.5562977Z ##[endgroup]
2026-04-27T05:40:33.8997754Z Found 4 non-Auto-merge check(s) after 10s
2026-04-27T05:40:33.9123007Z ##[group]Run set -euo pipefail
2026-04-27T05:40:33.9123401Z [36;1mset -euo pipefail[0m
2026-04-27T05:40:33.9123862Z [36;1mREQUIRED=$(gh api "repos/$REPO/branches/main/protection/required_status_checks" \[0m
2026-04-27T05:40:33.9124375Z [36;1m  --jq '.contexts[]' 2>/dev/null || true)[0m
2026-04-27T05:40:33.9124711Z [36;1mif [ -z "$REQUIRED" ]; then[0m
2026-04-27T05:40:33.9125270Z [36;1m  echo "::warning::Could not query branch protection (likely a permission issue) — using hardcoded fallback list."[0m
2026-04-27T05:40:33.9125830Z [36;1m  REQUIRED="$FALLBACK_REQUIRED"[0m
2026-04-27T05:40:33.9126149Z [36;1mfi[0m
2026-04-27T05:40:33.9126468Z [36;1m# Strip Auto-merge from the required list so we don't wait on[0m
2026-04-27T05:40:33.9126920Z [36;1m# ourselves (it's listed because we ARE the running workflow).[0m
2026-04-27T05:40:33.9127447Z [36;1mREQUIRED=$(echo "$REQUIRED" | grep -vE '^\s*Auto-merge\s*$' | grep -vE '^\s*$' || true)[0m
2026-04-27T05:40:33.9127930Z [36;1mif [ -z "$REQUIRED" ]; then[0m
2026-04-27T05:40:33.9128318Z [36;1m  echo "No required checks beyond Auto-merge; skipping queue wait."[0m
2026-04-27T05:40:33.9128722Z [36;1m  exit 0[0m
2026-04-27T05:40:33.9128967Z [36;1mfi[0m
2026-04-27T05:40:33.9129257Z [36;1mecho "Waiting until these required checks queue:"[0m
2026-04-27T05:40:33.9129612Z [36;1mecho "$REQUIRED" | sed 's/^/  /'[0m
2026-04-27T05:40:33.9129988Z [36;1m# 30 attempts × 10s = 5 min ceiling. If checks haven't queued[0m
2026-04-27T05:40:33.9130461Z [36;1m# by then something is genuinely broken (workflow file invalid,[0m
2026-04-27T05:40:33.9130945Z [36;1m# path filter excluding everything, etc.) — log and proceed so[0m
2026-04-27T05:40:33.9131381Z [36;1m# wait-on-check-action can decide how to handle it.[0m
2026-04-27T05:40:33.9131736Z [36;1mfor attempt in $(seq 1 30); do[0m
2026-04-27T05:40:33.9132155Z [36;1m  CHECK_RUNS=$(gh api --paginate "repos/$REPO/commits/$HEAD_SHA/check-runs" \[0m
2026-04-27T05:40:33.9132790Z [36;1m    --jq '.check_runs[].name' | sort -u)[0m
2026-04-27T05:40:33.9133116Z [36;1m  MISSING=""[0m
2026-04-27T05:40:33.9133372Z [36;1m  while IFS= read -r req; do[0m
2026-04-27T05:40:33.9133667Z [36;1m    [ -z "$req" ] && continue[0m
2026-04-27T05:40:33.9133977Z [36;1m    req_trimmed=$(echo "$req" | xargs)[0m
2026-04-27T05:40:33.9134388Z [36;1m    if ! echo "$CHECK_RUNS" | grep -qxF "$req_trimmed"; then[0m
2026-04-27T05:40:33.9134803Z [36;1m      MISSING="$MISSING $req_trimmed"[0m
2026-04-27T05:40:33.9135101Z [36;1m    fi[0m
2026-04-27T05:40:33.9135330Z [36;1m  done <<< "$REQUIRED"[0m
2026-04-27T05:40:33.9135704Z [36;1m  if [ -z "$MISSING" ]; then[0m
2026-04-27T05:40:33.9136131Z [36;1m    echo "All required checks have queued after attempt $attempt."[0m
2026-04-27T05:40:33.9136571Z [36;1m    exit 0[0m
2026-04-27T05:40:33.9136803Z [36;1m  fi[0m
2026-04-27T05:40:33.9137094Z [36;1m  echo "Still waiting for:$MISSING (attempt $attempt/30)"[0m
2026-04-27T05:40:33.9137451Z [36;1m  sleep 10[0m
2026-04-27T05:40:33.9137678Z [36;1mdone[0m
2026-04-27T05:40:33.9138179Z [36;1mecho "::warning::Some required checks never queued after 5 min:$MISSING — proceeding to wait-on-check-action anyway."[0m
2026-04-27T05:40:33.9161411Z shell: /usr/bin/bash -e {0}
2026-04-27T05:40:33.9161708Z env:
2026-04-27T05:40:33.9161922Z   WAIT_INTERVAL: 30
2026-04-27T05:40:33.9162935Z   GH_TOKEN: ***
2026-04-27T05:40:33.9163268Z   HEAD_SHA: 174aa5286fae7d2b5f48a2b62149aed706ce2e44
2026-04-27T05:40:33.9163607Z   REPO: akarlin3/prismTask
2026-04-27T05:40:33.9163999Z   FALLBACK_REQUIRED: lint-and-test
connected-tests
test
web-lint-and-test

2026-04-27T05:40:33.9164703Z ##[endgroup]
2026-04-27T05:40:34.0631041Z Waiting until these required checks queue:
2026-04-27T05:40:34.0645839Z   {"message":"Resource not accessible by integration","documentation_url":"https://docs.github.com/rest/branches/branch-protection#get-status-checks-protection","status":"403"}
2026-04-27T05:40:34.3788916Z Still waiting for: {message:Resource not accessible by integration,documentation_url:https://docs.github.com/rest/branches/branch-protection#get-status-checks-protection,status:403} (attempt 1/30)
2026-04-27T05:40:44.7254063Z Still waiting for: {message:Resource not accessible by integration,documentation_url:https://docs.github.com/rest/branches/branch-protection#get-status-checks-protection,status:403} (attempt 2/30)
2026-04-27T05:40:55.0944109Z Still waiting for: {message:Resource not accessible by integration,documentation_url:https://docs.github.com/rest/branches/branch-protection#get-status-checks-protection,status:403} (attempt 3/30)
2026-04-27T05:41:05.5027552Z Still waiting for: {message:Resource not accessible by integration,documentation_url:https://docs.github.com/rest/branches/branch-protection#get-status-checks-protection,status:403} (attempt 4/30)
2026-04-27T05:41:15.8566018Z Still waiting for: {message:Resource not accessible by integration,documentation_url:https://docs.github.com/rest/branches/branch-protection#get-status-checks-protection,status:403} (attempt 5/30)
2026-04-27T05:41:26.2240905Z Still waiting for: {message:Resource not accessible by integration,documentation_url:https://docs.github.com/rest/branches/branch-protection#get-status-checks-protection,status:403} (attempt 6/30)
2026-04-27T05:41:36.5933348Z Still waiting for: {message:Resource not accessible by integration,documentation_url:https://docs.github.com/rest/branches/branch-protection#get-status-checks-protection,status:403} (attempt 7/30)
2026-04-27T05:41:46.9654872Z Still waiting for: {message:Resource not accessible by integration,documentation_url:https://docs.github.com/rest/branches/branch-protection#get-status-checks-protection,status:403} (attempt 8/30)
2026-04-27T05:41:57.3336162Z Still waiting for: {message:Resource not accessible by integration,documentation_url:https://docs.github.com/rest/branches/branch-protection#get-status-checks-protection,status:403} (attempt 9/30)
2026-04-27T05:42:07.7038133Z Still waiting for: {message:Resource not accessible by integration,documentation_url:https://docs.github.com/rest/branches/branch-protection#get-status-checks-protection,status:403} (attempt 10/30)
2026-04-27T05:42:18.0143002Z Still waiting for: {message:Resource not accessible by integration,documentation_url:https://docs.github.com/rest/branches/branch-protection#get-status-checks-protection,status:403} (attempt 11/30)
2026-04-27T05:42:28.3496727Z Still waiting for: {message:Resource not accessible by integration,documentation_url:https://docs.github.com/rest/branches/branch-protection#get-status-checks-protection,status:403} (attempt 12/30)
2026-04-27T05:42:38.7114633Z Still waiting for: {message:Resource not accessible by integration,documentation_url:https://docs.github.com/rest/branches/branch-protection#get-status-checks-protection,status:403} (attempt 13/30)
2026-04-27T05:42:49.0843917Z Still waiting for: {message:Resource not accessible by integration,documentation_url:https://docs.github.com/rest/branches/branch-protection#get-status-checks-protection,status:403} (attempt 14/30)
2026-04-27T05:42:59.4456911Z Still waiting for: {message:Resource not accessible by integration,documentation_url:https://docs.github.com/rest/branches/branch-protection#get-status-checks-protection,status:403} (attempt 15/30)
2026-04-27T05:43:09.7589755Z Still waiting for: {message:Resource not accessible by integration,documentation_url:https://docs.github.com/rest/branches/branch-protection#get-status-checks-protection,status:403} (attempt 16/30)
2026-04-27T05:43:20.1130756Z Still waiting for: {message:Resource not accessible by integration,documentation_url:https://docs.github.com/rest/branches/branch-protection#get-status-checks-protection,status:403} (attempt 17/30)
2026-04-27T05:43:30.4388430Z Still waiting for: {message:Resource not accessible by integration,documentation_url:https://docs.github.com/rest/branches/branch-protection#get-status-checks-protection,status:403} (attempt 18/30)
2026-04-27T05:43:40.7994076Z Still waiting for: {message:Resource not accessible by integration,documentation_url:https://docs.github.com/rest/branches/branch-protection#get-status-checks-protection,status:403} (attempt 19/30)
2026-04-27T05:43:51.1332866Z Still waiting for: {message:Resource not accessible by integration,documentation_url:https://docs.github.com/rest/branches/branch-protection#get-status-checks-protection,status:403} (attempt 20/30)
2026-04-27T05:44:01.4790852Z Still waiting for: {message:Resource not accessible by integration,documentation_url:https://docs.github.com/rest/branches/branch-protection#get-status-checks-protection,status:403} (attempt 21/30)
2026-04-27T05:44:11.8516373Z Still waiting for: {message:Resource not accessible by integration,documentation_url:https://docs.github.com/rest/branches/branch-protection#get-status-checks-protection,status:403} (attempt 22/30)
2026-04-27T05:44:22.2008425Z Still waiting for: {message:Resource not accessible by integration,documentation_url:https://docs.github.com/rest/branches/branch-protection#get-status-checks-protection,status:403} (attempt 23/30)
2026-04-27T05:44:32.5605753Z Still waiting for: {message:Resource not accessible by integration,documentation_url:https://docs.github.com/rest/branches/branch-protection#get-status-checks-protection,status:403} (attempt 24/30)
2026-04-27T05:44:42.9076752Z Still waiting for: {message:Resource not accessible by integration,documentation_url:https://docs.github.com/rest/branches/branch-protection#get-status-checks-protection,status:403} (attempt 25/30)
2026-04-27T05:44:53.2873724Z Still waiting for: {message:Resource not accessible by integration,documentation_url:https://docs.github.com/rest/branches/branch-protection#get-status-checks-protection,status:403} (attempt 26/30)
2026-04-27T05:45:03.6398901Z Still waiting for: {message:Resource not accessible by integration,documentation_url:https://docs.github.com/rest/branches/branch-protection#get-status-checks-protection,status:403} (attempt 27/30)
2026-04-27T05:45:13.9738864Z Still waiting for: {message:Resource not accessible by integration,documentation_url:https://docs.github.com/rest/branches/branch-protection#get-status-checks-protection,status:403} (attempt 28/30)
2026-04-27T05:45:24.3747417Z Still waiting for: {message:Resource not accessible by integration,documentation_url:https://docs.github.com/rest/branches/branch-protection#get-status-checks-protection,status:403} (attempt 29/30)
2026-04-27T05:45:34.7604465Z Still waiting for: {message:Resource not accessible by integration,documentation_url:https://docs.github.com/rest/branches/branch-protection#get-status-checks-protection,status:403} (attempt 30/30)
2026-04-27T05:45:44.7653578Z ##[warning]Some required checks never queued after 5 min: {message:Resource not accessible by integration,documentation_url:https://docs.github.com/rest/branches/branch-protection#get-status-checks-protection,status:403} — proceeding to wait-on-check-action anyway.
2026-04-27T05:45:44.7800590Z ##[group]Run lewagon/wait-on-check-action@ccfb013c15c8afb7bf2b7c028fb74dc5a068cccc
2026-04-27T05:45:44.7800997Z with:
2026-04-27T05:45:44.7801212Z   ref: 174aa5286fae7d2b5f48a2b62149aed706ce2e44
2026-04-27T05:45:44.7801499Z   running-workflow-name: Auto-merge
2026-04-27T05:45:44.7801975Z   repo-token: ***
2026-04-27T05:45:44.7802174Z   wait-interval: 30
2026-04-27T05:45:44.7802598Z   allowed-conclusions: success,skipped,neutral
2026-04-27T05:45:44.7802867Z   verbose: true
2026-04-27T05:45:44.7803039Z env:
2026-04-27T05:45:44.7803190Z   WAIT_INTERVAL: 30
2026-04-27T05:45:44.7803370Z ##[endgroup]
2026-04-27T05:45:44.7926319Z ##[group]Run ruby/setup-ruby@v1
2026-04-27T05:45:44.7926570Z with:
2026-04-27T05:45:44.7927013Z   ruby-version: 3.2
2026-04-27T05:45:44.7927215Z   bundler-cache: false
2026-04-27T05:45:44.7927554Z   token: ***
2026-04-27T05:45:44.7927725Z env:
2026-04-27T05:45:44.7927892Z   WAIT_INTERVAL: 30
2026-04-27T05:45:44.7928073Z ##[endgroup]
2026-04-27T05:45:44.9992784Z ##[group]Modifying PATH
2026-04-27T05:45:44.9993254Z Entries added to PATH to use selected Ruby:
2026-04-27T05:45:44.9995454Z   /opt/hostedtoolcache/Ruby/3.2.11/x64/bin
2026-04-27T05:45:44.9998452Z ##[endgroup]
2026-04-27T05:45:44.9999479Z ##[group]Print Ruby version
2026-04-27T05:45:45.0078789Z [command]/opt/hostedtoolcache/Ruby/3.2.11/x64/bin/ruby --version
2026-04-27T05:45:45.3096613Z ruby 3.2.11 (2026-03-27 revision 5483bfc1ae) [x86_64-linux]
2026-04-27T05:45:45.3133779Z Took   0.31 seconds
2026-04-27T05:45:45.3134611Z ##[endgroup]
2026-04-27T05:45:45.3137809Z ##[group]Installing Bundler
2026-04-27T05:45:45.3140938Z Using Bundler shipped with ruby-3.2.11
2026-04-27T05:45:45.3142692Z Took   0.00 seconds
2026-04-27T05:45:45.3144120Z ##[endgroup]
2026-04-27T05:45:45.3783234Z ##[group]Run actions/cache@v4
2026-04-27T05:45:45.3783503Z with:
2026-04-27T05:45:45.3783929Z   path: /home/runner/work/_actions/lewagon/wait-on-check-action/ccfb013c15c8afb7bf2b7c028fb74dc5a068cccc
2026-04-27T05:45:45.3784430Z   key: Linux-gems-
2026-04-27T05:45:45.3784629Z   restore-keys: Linux-gems-
2026-04-27T05:45:45.3784868Z   enableCrossOsArchive: false
2026-04-27T05:45:45.3785096Z   fail-on-cache-miss: false
2026-04-27T05:45:45.3785293Z   lookup-only: false
2026-04-27T05:45:45.3785489Z   save-always: false
2026-04-27T05:45:45.3785660Z env:
2026-04-27T05:45:45.3785824Z   WAIT_INTERVAL: 30
2026-04-27T05:45:45.3786005Z ##[endgroup]
2026-04-27T05:45:45.5847954Z Cache hit for: Linux-gems-
2026-04-27T05:45:45.6571846Z Received 13127 of 13127 (100.0%), 0.7 MBs/sec
2026-04-27T05:45:45.6572705Z Cache Size: ~0 MB (13127 B)
2026-04-27T05:45:45.6611139Z [command]/usr/bin/tar -xf /home/runner/work/_temp/6c737d44-847b-461b-8eaa-028d6013c81f/cache.tzst -P -C /home/runner/work/prismTask/prismTask --use-compress-program unzstd
2026-04-27T05:45:45.6675926Z Cache restored successfully
2026-04-27T05:45:45.6756198Z Cache restored from key: Linux-gems-
2026-04-27T05:45:45.6829598Z ##[group]Run bundle install --jobs 4 --retry 3
2026-04-27T05:45:45.6829954Z [36;1mbundle install --jobs 4 --retry 3[0m
2026-04-27T05:45:45.6854826Z shell: /usr/bin/bash --noprofile --norc -e -o pipefail {0}
2026-04-27T05:45:45.6855222Z env:
2026-04-27T05:45:45.6855401Z   WAIT_INTERVAL: 30
2026-04-27T05:45:45.6855597Z ##[endgroup]
2026-04-27T05:45:47.3786509Z Bundler 2.4.19 is running, but your lockfile was generated with 2.2.3. Installing Bundler 2.2.3 and restarting using that version.
2026-04-27T05:45:48.9987643Z Fetching gem metadata from https://rubygems.org/.
2026-04-27T05:45:49.0065645Z Fetching bundler 2.2.3
2026-04-27T05:45:49.1444490Z Installing bundler 2.2.3
2026-04-27T05:45:49.3353638Z Calling `DidYouMean::SPELL_CHECKERS.merge!(error_name => spell_checker)' has been deprecated. Please call `DidYouMean.correct_error(error_name, spell_checker)' instead.
2026-04-27T05:45:50.6700443Z Fetching gem metadata from https://rubygems.org/.........
2026-04-27T05:45:50.6800196Z Fetching public_suffix 4.0.7
2026-04-27T05:45:50.6803566Z Fetching zeitwerk 2.6.7
2026-04-27T05:45:50.6807382Z Fetching concurrent-ruby 1.2.2
2026-04-27T05:45:50.6814314Z Fetching minitest 5.18.0
2026-04-27T05:45:50.7955924Z Installing zeitwerk 2.6.7
2026-04-27T05:45:50.8153809Z Installing minitest 5.18.0
2026-04-27T05:45:50.8217554Z Installing public_suffix 4.0.7
2026-04-27T05:45:50.8379268Z Installing concurrent-ruby 1.2.2
2026-04-27T05:45:50.8638643Z Fetching ast 2.4.2
2026-04-27T05:45:50.9014528Z Installing ast 2.4.2
2026-04-27T05:45:50.9148284Z Using bundler 2.2.3
2026-04-27T05:45:50.9158514Z Fetching byebug 11.1.3
2026-04-27T05:45:50.9438973Z Fetching diff-lcs 1.4.4
2026-04-27T05:45:50.9826707Z Fetching faraday-net_http 2.0.3
2026-04-27T05:45:51.0098746Z Installing byebug 11.1.3 with native extensions
2026-04-27T05:45:51.0149392Z Installing diff-lcs 1.4.4
2026-04-27T05:45:51.0364246Z Installing faraday-net_http 2.0.3
2026-04-27T05:45:51.0538389Z Using ruby2_keywords 0.0.5
2026-04-27T05:45:51.0544853Z Fetching json 2.7.1
2026-04-27T05:45:51.0968663Z Installing json 2.7.1 with native extensions
2026-04-27T05:45:51.1231921Z Fetching language_server-protocol 3.17.0.3
2026-04-27T05:45:51.1705730Z Installing language_server-protocol 3.17.0.3
2026-04-27T05:45:51.2356550Z Fetching lint_roller 1.1.0
2026-04-27T05:45:51.2831904Z Installing lint_roller 1.1.0
2026-04-27T05:45:51.3020772Z Fetching parallel 1.24.0
2026-04-27T05:45:51.3613306Z Installing parallel 1.24.0
2026-04-27T05:45:51.3694012Z Fetching racc 1.7.3
2026-04-27T05:45:51.4245789Z Installing racc 1.7.3 with native extensions
2026-04-27T05:45:51.4833136Z Fetching rainbow 3.1.1
2026-04-27T05:45:51.5170391Z Installing rainbow 3.1.1
2026-04-27T05:45:51.5244812Z Fetching regexp_parser 2.8.3
2026-04-27T05:45:51.5683893Z Installing regexp_parser 2.8.3
2026-04-27T05:45:51.5973657Z Fetching rexml 3.2.6
2026-04-27T05:45:51.6339543Z Installing rexml 3.2.6
2026-04-27T05:45:51.6561643Z Fetching rspec-support 3.10.1
2026-04-27T05:45:51.7028832Z Installing rspec-support 3.10.1
2026-04-27T05:45:51.7942973Z Fetching ruby-progressbar 1.13.0
2026-04-27T05:45:51.8330162Z Installing ruby-progressbar 1.13.0
2026-04-27T05:45:51.8434037Z Fetching unicode-display_width 2.5.0
2026-04-27T05:45:51.8801369Z Installing unicode-display_width 2.5.0
2026-04-27T05:45:51.8879828Z Fetching addressable 2.8.0
2026-04-27T05:45:51.9288644Z Installing addressable 2.8.0
2026-04-27T05:45:51.9434661Z Fetching faraday 2.3.0
2026-04-27T05:45:51.9819375Z Installing faraday 2.3.0
2026-04-27T05:45:52.0104521Z Fetching i18n 1.12.0
2026-04-27T05:45:52.0713369Z Installing i18n 1.12.0
2026-04-27T05:45:52.0923334Z Fetching tzinfo 2.0.6
2026-04-27T05:45:52.1483473Z Installing tzinfo 2.0.6
2026-04-27T05:45:52.1753423Z Fetching rspec-core 3.10.1
2026-04-27T05:45:52.2391932Z Installing rspec-core 3.10.1
2026-04-27T05:45:52.2763491Z Fetching rspec-expectations 3.10.1
2026-04-27T05:45:52.3323114Z Installing rspec-expectations 3.10.1
2026-04-27T05:45:52.3563334Z Fetching rspec-mocks 3.10.1
2026-04-27T05:45:52.4167111Z Installing rspec-mocks 3.10.1
2026-04-27T05:45:52.4400867Z Fetching faraday-retry 2.0.0
2026-04-27T05:45:52.4989340Z Installing faraday-retry 2.0.0
2026-04-27T05:45:52.5084025Z Fetching sawyer 0.9.2
2026-04-27T05:45:52.5605092Z Installing sawyer 0.9.2
2026-04-27T05:45:52.5726411Z Fetching activesupport 6.1.7.3
2026-04-27T05:45:52.6443589Z Installing activesupport 6.1.7.3
2026-04-27T05:45:52.6879748Z Fetching rspec 3.10.0
2026-04-27T05:45:52.7382779Z Installing rspec 3.10.0
2026-04-27T05:45:52.7492026Z Fetching octokit 4.25.0
2026-04-27T05:45:52.8058628Z Installing octokit 4.25.0
2026-04-27T05:45:52.8648235Z Fetching parser 3.2.2.4
2026-04-27T05:45:52.9762538Z Installing parser 3.2.2.4
2026-04-27T05:45:53.1013522Z Fetching rubocop-ast 1.30.0
2026-04-27T05:45:53.1438511Z Installing rubocop-ast 1.30.0
2026-04-27T05:45:54.4816833Z Fetching rubocop 1.57.2
2026-04-27T05:45:54.5517767Z Installing rubocop 1.57.2
2026-04-27T05:45:54.7284141Z Fetching rubocop-performance 1.19.1
2026-04-27T05:45:54.7284531Z Fetching standard-custom 1.0.2
2026-04-27T05:45:54.7835746Z Installing standard-custom 1.0.2
2026-04-27T05:45:54.7864558Z Installing rubocop-performance 1.19.1
2026-04-27T05:45:54.8052186Z Fetching standard-performance 1.2.1
2026-04-27T05:45:54.8387553Z Installing standard-performance 1.2.1
2026-04-27T05:45:54.8459780Z Fetching standard 1.32.1
2026-04-27T05:45:54.8861565Z Installing standard 1.32.1
2026-04-27T05:45:54.9120606Z Bundle complete! 6 Gemfile dependencies, 40 gems now installed.
2026-04-27T05:45:54.9121345Z Use `bundle info [gemname]` to see where a bundled gem is installed.
2026-04-27T05:45:54.9684084Z ##[group]Run ruby entrypoint.rb
2026-04-27T05:45:54.9684380Z [36;1mruby entrypoint.rb[0m
2026-04-27T05:45:54.9706813Z shell: /usr/bin/bash --noprofile --norc -e -o pipefail {0}
2026-04-27T05:45:54.9707140Z env:
2026-04-27T05:45:54.9707315Z   WAIT_INTERVAL: 30
2026-04-27T05:45:54.9707795Z   ALLOWED_CONCLUSIONS: success,skipped,neutral
2026-04-27T05:45:54.9708072Z   IGNORE_CHECKS: 
2026-04-27T05:45:54.9708265Z   CHECK_NAME: 
2026-04-27T05:45:54.9708439Z   CHECK_REGEXP: 
2026-04-27T05:45:54.9708677Z   REF: 174aa5286fae7d2b5f48a2b62149aed706ce2e44
2026-04-27T05:45:54.9709209Z   REPO_TOKEN: ***
2026-04-27T05:45:54.9709410Z   VERBOSE: true
2026-04-27T05:45:54.9709617Z   RUNNING_WORKFLOW_NAME: Auto-merge
2026-04-27T05:45:54.9709859Z   API_ENDPOINT: 
2026-04-27T05:45:54.9710049Z ##[endgroup]
2026-04-27T05:49:59.2449285Z Checks running on ref:
2026-04-27T05:49:59.2453237Z Checks in_progress: autofix, lint-and-test, cross-device-tests, connected-tests, Auto-merge
2026-04-27T05:49:59.2454364Z Checks completed: capture-failure-log, capture-failure-log, e2e, test, web-lint-and-test, maybe-label
2026-04-27T05:49:59.2455164Z Checks after ignore checks filter:
2026-04-27T05:49:59.2455749Z Checks in_progress: autofix, lint-and-test, cross-device-tests, connected-tests
2026-04-27T05:49:59.2456732Z Checks completed: capture-failure-log, capture-failure-log, e2e, test, web-lint-and-test, maybe-label
2026-04-27T05:49:59.2457485Z Checks after check_name filter:
2026-04-27T05:49:59.2458069Z Checks in_progress: autofix, lint-and-test, cross-device-tests, connected-tests
2026-04-27T05:49:59.2458985Z Checks completed: capture-failure-log, capture-failure-log, e2e, test, web-lint-and-test, maybe-label
2026-04-27T05:49:59.2459722Z Checks after Regexp filter:
2026-04-27T05:49:59.2460257Z Checks in_progress: autofix, lint-and-test, cross-device-tests, connected-tests
2026-04-27T05:49:59.2460964Z Checks completed: capture-failure-log, capture-failure-log, e2e, test, web-lint-and-test, maybe-label
2026-04-27T05:49:59.2461539Z The requested checks aren't complete yet, will check back in 30 seconds...
2026-04-27T05:49:59.2461899Z Checks running on ref:
2026-04-27T05:49:59.2462476Z Checks in_progress: autofix, lint-and-test, cross-device-tests, connected-tests, Auto-merge
2026-04-27T05:49:59.2463110Z Checks completed: capture-failure-log, capture-failure-log, e2e, test, web-lint-and-test, maybe-label
2026-04-27T05:49:59.2463570Z Checks after ignore checks filter:
2026-04-27T05:49:59.2463936Z Checks in_progress: autofix, lint-and-test, cross-device-tests, connected-tests
2026-04-27T05:49:59.2464495Z Checks completed: capture-failure-log, capture-failure-log, e2e, test, web-lint-and-test, maybe-label
2026-04-27T05:49:59.2464940Z Checks after check_name filter:
2026-04-27T05:49:59.2465300Z Checks in_progress: autofix, lint-and-test, cross-device-tests, connected-tests
2026-04-27T05:49:59.2465857Z Checks completed: capture-failure-log, capture-failure-log, e2e, test, web-lint-and-test, maybe-label
2026-04-27T05:49:59.2466292Z Checks after Regexp filter:
2026-04-27T05:49:59.2466623Z Checks in_progress: autofix, lint-and-test, cross-device-tests, connected-tests
2026-04-27T05:49:59.2467161Z Checks completed: capture-failure-log, capture-failure-log, e2e, test, web-lint-and-test, maybe-label
2026-04-27T05:49:59.2467698Z The requested checks aren't complete yet, will check back in 30 seconds...
2026-04-27T05:49:59.2468034Z Checks running on ref:
2026-04-27T05:49:59.2468397Z Checks in_progress: autofix, lint-and-test, cross-device-tests, connected-tests, Auto-merge
2026-04-27T05:49:59.2469378Z Checks completed: capture-failure-log, capture-failure-log, e2e, test, web-lint-and-test, maybe-label
2026-04-27T05:49:59.2469842Z Checks after ignore checks filter:
2026-04-27T05:49:59.2470216Z Checks in_progress: autofix, lint-and-test, cross-device-tests, connected-tests
2026-04-27T05:49:59.2470775Z Checks completed: capture-failure-log, capture-failure-log, e2e, test, web-lint-and-test, maybe-label
2026-04-27T05:49:59.2471217Z Checks after check_name filter:
2026-04-27T05:49:59.2471557Z Checks in_progress: autofix, lint-and-test, cross-device-tests, connected-tests
2026-04-27T05:49:59.2472098Z Checks completed: capture-failure-log, capture-failure-log, e2e, test, web-lint-and-test, maybe-label
2026-04-27T05:49:59.2472862Z Checks after Regexp filter:
2026-04-27T05:49:59.2473195Z Checks in_progress: autofix, lint-and-test, cross-device-tests, connected-tests
2026-04-27T05:49:59.2473738Z Checks completed: capture-failure-log, capture-failure-log, e2e, test, web-lint-and-test, maybe-label
2026-04-27T05:49:59.2474288Z The requested checks aren't complete yet, will check back in 30 seconds...
2026-04-27T05:49:59.2474630Z Checks running on ref:
2026-04-27T05:49:59.2474983Z Checks in_progress: autofix, lint-and-test, cross-device-tests, connected-tests, Auto-merge
2026-04-27T05:49:59.2475567Z Checks completed: capture-failure-log, capture-failure-log, e2e, test, web-lint-and-test, maybe-label
2026-04-27T05:49:59.2476006Z Checks after ignore checks filter:
2026-04-27T05:49:59.2476353Z Checks in_progress: autofix, lint-and-test, cross-device-tests, connected-tests
2026-04-27T05:49:59.2476882Z Checks completed: capture-failure-log, capture-failure-log, e2e, test, web-lint-and-test, maybe-label
2026-04-27T05:49:59.2477313Z Checks after check_name filter:
2026-04-27T05:49:59.2477651Z Checks in_progress: autofix, lint-and-test, cross-device-tests, connected-tests
2026-04-27T05:49:59.2478184Z Checks completed: capture-failure-log, capture-failure-log, e2e, test, web-lint-and-test, maybe-label
2026-04-27T05:49:59.2478617Z Checks after Regexp filter:
2026-04-27T05:49:59.2478933Z Checks in_progress: autofix, lint-and-test, cross-device-tests, connected-tests
2026-04-27T05:49:59.2479466Z Checks completed: capture-failure-log, capture-failure-log, e2e, test, web-lint-and-test, maybe-label
2026-04-27T05:49:59.2479989Z The requested checks aren't complete yet, will check back in 30 seconds...
2026-04-27T05:49:59.2480323Z Checks running on ref:
2026-04-27T05:49:59.2480657Z Checks in_progress: autofix, lint-and-test, cross-device-tests, connected-tests, Auto-merge
2026-04-27T05:49:59.2481231Z Checks completed: capture-failure-log, capture-failure-log, e2e, test, web-lint-and-test, maybe-label
2026-04-27T05:49:59.2481665Z Checks after ignore checks filter:
2026-04-27T05:49:59.2482007Z Checks in_progress: autofix, lint-and-test, cross-device-tests, connected-tests
2026-04-27T05:49:59.2482720Z Checks completed: capture-failure-log, capture-failure-log, e2e, test, web-lint-and-test, maybe-label
2026-04-27T05:49:59.2483175Z Checks after check_name filter:
2026-04-27T05:49:59.2483534Z Checks in_progress: autofix, lint-and-test, cross-device-tests, connected-tests
2026-04-27T05:49:59.2484089Z Checks completed: capture-failure-log, capture-failure-log, e2e, test, web-lint-and-test, maybe-label
2026-04-27T05:49:59.2484527Z Checks after Regexp filter:
2026-04-27T05:49:59.2484843Z Checks in_progress: autofix, lint-and-test, cross-device-tests, connected-tests
2026-04-27T05:49:59.2485401Z Checks completed: capture-failure-log, capture-failure-log, e2e, test, web-lint-and-test, maybe-label
2026-04-27T05:49:59.2485935Z The requested checks aren't complete yet, will check back in 30 seconds...
2026-04-27T05:49:59.2486359Z Checks running on ref:
2026-04-27T05:49:59.2486789Z Checks completed: autofix, capture-failure-log, capture-failure-log, e2e, test, web-lint-and-test, maybe-label
2026-04-27T05:49:59.2487389Z Checks in_progress: lint-and-test, cross-device-tests, connected-tests, Auto-merge
2026-04-27T05:49:59.2487940Z Checks after ignore checks filter:
2026-04-27T05:49:59.2488391Z Checks completed: autofix, capture-failure-log, capture-failure-log, e2e, test, web-lint-and-test, maybe-label
2026-04-27T05:49:59.2488947Z Checks in_progress: lint-and-test, cross-device-tests, connected-tests
2026-04-27T05:49:59.2489285Z Checks after check_name filter:
2026-04-27T05:49:59.2489715Z Checks completed: autofix, capture-failure-log, capture-failure-log, e2e, test, web-lint-and-test, maybe-label
2026-04-27T05:49:59.2490252Z Checks in_progress: lint-and-test, cross-device-tests, connected-tests
2026-04-27T05:49:59.2490579Z Checks after Regexp filter:
2026-04-27T05:49:59.2490998Z Checks completed: autofix, capture-failure-log, capture-failure-log, e2e, test, web-lint-and-test, maybe-label
2026-04-27T05:49:59.2491663Z Checks in_progress: lint-and-test, cross-device-tests, connected-tests
2026-04-27T05:49:59.2492088Z The requested checks aren't complete yet, will check back in 30 seconds...
2026-04-27T05:49:59.2492605Z Checks running on ref:
2026-04-27T05:49:59.2493107Z Checks completed: autofix, capture-failure-log, cross-device-tests, capture-failure-log, e2e, test, web-lint-and-test, maybe-label
2026-04-27T05:49:59.2493721Z Checks in_progress: lint-and-test, connected-tests, Auto-merge
2026-04-27T05:49:59.2494049Z Checks after ignore checks filter:
2026-04-27T05:49:59.2494554Z Checks completed: autofix, capture-failure-log, cross-device-tests, capture-failure-log, e2e, test, web-lint-and-test, maybe-label
2026-04-27T05:49:59.2495119Z Checks in_progress: lint-and-test, connected-tests
2026-04-27T05:49:59.2495401Z Checks after check_name filter:
2026-04-27T05:49:59.2495900Z Checks completed: autofix, capture-failure-log, cross-device-tests, capture-failure-log, e2e, test, web-lint-and-test, maybe-label
2026-04-27T05:49:59.2496460Z Checks in_progress: lint-and-test, connected-tests
2026-04-27T05:49:59.2496725Z Checks after Regexp filter:
2026-04-27T05:49:59.2497216Z Checks completed: autofix, capture-failure-log, cross-device-tests, capture-failure-log, e2e, test, web-lint-and-test, maybe-label
2026-04-27T05:49:59.2497935Z Checks in_progress: lint-and-test, connected-tests
2026-04-27T05:49:59.2498538Z The requested checks aren't complete yet, will check back in 30 seconds...
2026-04-27T05:49:59.2499004Z Checks running on ref:
2026-04-27T05:49:59.2499480Z Checks completed: autofix, capture-failure-log, cross-device-tests, capture-failure-log, e2e, test, web-lint-and-test, maybe-label
2026-04-27T05:49:59.2500071Z Checks in_progress: lint-and-test, connected-tests, Auto-merge
2026-04-27T05:49:59.2500385Z Checks after ignore checks filter:
2026-04-27T05:49:59.2500888Z Checks completed: autofix, capture-failure-log, cross-device-tests, capture-failure-log, e2e, test, web-lint-and-test, maybe-label
2026-04-27T05:49:59.2501441Z Checks in_progress: lint-and-test, connected-tests
2026-04-27T05:49:59.2501714Z Checks after check_name filter:
2026-04-27T05:49:59.2502215Z Checks completed: autofix, capture-failure-log, cross-device-tests, capture-failure-log, e2e, test, web-lint-and-test, maybe-label
2026-04-27T05:49:59.2502991Z Checks in_progress: lint-and-test, connected-tests
2026-04-27T05:49:59.2503270Z Checks after Regexp filter:
2026-04-27T05:49:59.2503772Z Checks completed: autofix, capture-failure-log, cross-device-tests, capture-failure-log, e2e, test, web-lint-and-test, maybe-label
2026-04-27T05:49:59.2504335Z Checks in_progress: lint-and-test, connected-tests
2026-04-27T05:49:59.2504709Z The requested checks aren't complete yet, will check back in 30 seconds...
2026-04-27T05:49:59.2505054Z Checks running on ref:
2026-04-27T05:49:59.2505520Z Checks completed: autofix, capture-failure-log, cross-device-tests, capture-failure-log, e2e, test, web-lint-and-test, maybe-label
2026-04-27T05:49:59.2506113Z Checks in_progress: lint-and-test, connected-tests, Auto-merge
2026-04-27T05:49:59.2506430Z Checks after ignore checks filter:
2026-04-27T05:49:59.2507092Z Checks completed: autofix, capture-failure-log, cross-device-tests, capture-failure-log, e2e, test, web-lint-and-test, maybe-label
2026-04-27T05:49:59.2507660Z Checks in_progress: lint-and-test, connected-tests
2026-04-27T05:49:59.2507929Z Checks after check_name filter:
2026-04-27T05:49:59.2508439Z Checks completed: autofix, capture-failure-log, cross-device-tests, capture-failure-log, e2e, test, web-lint-and-test, maybe-label
2026-04-27T05:49:59.2508985Z Checks in_progress: lint-and-test, connected-tests
2026-04-27T05:49:59.2509259Z Checks after Regexp filter:
2026-04-27T05:54:32.5997775Z Checks completed: autofix, capture-failure-log, cross-device-tests, capture-failure-log, e2e, test, web-lint-and-test, maybe-label
2026-04-27T05:54:32.5999445Z Checks in_progress: lint-and-test, connected-tests
2026-04-27T05:54:32.6000143Z The requested checks aren't complete yet, will check back in 30 seconds...
2026-04-27T05:54:32.6003219Z Checks running on ref:
2026-04-27T05:54:32.6003766Z Checks completed: autofix, capture-failure-log, cross-device-tests, capture-failure-log, e2e, test, web-lint-and-test, maybe-label
2026-04-27T05:54:32.6004462Z Checks in_progress: lint-and-test, connected-tests, Auto-merge
2026-04-27T05:54:32.6004799Z Checks after ignore checks filter:
2026-04-27T05:54:32.6005337Z Checks completed: autofix, capture-failure-log, cross-device-tests, capture-failure-log, e2e, test, web-lint-and-test, maybe-label
2026-04-27T05:54:32.6005908Z Checks in_progress: lint-and-test, connected-tests
2026-04-27T05:54:32.6006196Z Checks after check_name filter:
2026-04-27T05:54:32.6006704Z Checks completed: autofix, capture-failure-log, cross-device-tests, capture-failure-log, e2e, test, web-lint-and-test, maybe-label
2026-04-27T05:54:32.6007260Z Checks in_progress: lint-and-test, connected-tests
2026-04-27T05:54:32.6007543Z Checks after Regexp filter:
2026-04-27T05:54:32.6008054Z Checks completed: autofix, capture-failure-log, cross-device-tests, capture-failure-log, e2e, test, web-lint-and-test, maybe-label
2026-04-27T05:54:32.6008630Z Checks in_progress: lint-and-test, connected-tests
2026-04-27T05:54:32.6009011Z The requested checks aren't complete yet, will check back in 30 seconds...
2026-04-27T05:54:32.6009367Z Checks running on ref:
2026-04-27T05:54:32.6009851Z Checks completed: autofix, capture-failure-log, cross-device-tests, capture-failure-log, e2e, test, web-lint-and-test, maybe-label
2026-04-27T05:54:32.6010445Z Checks in_progress: lint-and-test, connected-tests, Auto-merge
2026-04-27T05:54:32.6010770Z Checks after ignore checks filter:
2026-04-27T05:54:32.6011280Z Checks completed: autofix, capture-failure-log, cross-device-tests, capture-failure-log, e2e, test, web-lint-and-test, maybe-label
2026-04-27T05:54:32.6011833Z Checks in_progress: lint-and-test, connected-tests
2026-04-27T05:54:32.6012110Z Checks after check_name filter:
2026-04-27T05:54:32.6012840Z Checks completed: autofix, capture-failure-log, cross-device-tests, capture-failure-log, e2e, test, web-lint-and-test, maybe-label
2026-04-27T05:54:32.6013406Z Checks in_progress: lint-and-test, connected-tests
2026-04-27T05:54:32.6013699Z Checks after Regexp filter:
2026-04-27T05:54:32.6014234Z Checks completed: autofix, capture-failure-log, cross-device-tests, capture-failure-log, e2e, test, web-lint-and-test, maybe-label
2026-04-27T05:54:32.6014809Z Checks in_progress: lint-and-test, connected-tests
2026-04-27T05:54:32.6015197Z The requested checks aren't complete yet, will check back in 30 seconds...
2026-04-27T05:54:32.6015547Z Checks running on ref:
2026-04-27T05:54:32.6016033Z Checks completed: autofix, capture-failure-log, cross-device-tests, capture-failure-log, e2e, test, web-lint-and-test, maybe-label
2026-04-27T05:54:32.6016631Z Checks in_progress: lint-and-test, connected-tests, Auto-merge
2026-04-27T05:54:32.6016956Z Checks after ignore checks filter:
2026-04-27T05:54:32.6017481Z Checks completed: autofix, capture-failure-log, cross-device-tests, capture-failure-log, e2e, test, web-lint-and-test, maybe-label
2026-04-27T05:54:32.6018078Z Checks in_progress: lint-and-test, connected-tests
2026-04-27T05:54:32.6018365Z Checks after check_name filter:
2026-04-27T05:54:32.6019059Z Checks completed: autofix, capture-failure-log, cross-device-tests, capture-failure-log, e2e, test, web-lint-and-test, maybe-label
2026-04-27T05:54:32.6019627Z Checks in_progress: lint-and-test, connected-tests
2026-04-27T05:54:32.6019897Z Checks after Regexp filter:
2026-04-27T05:54:32.6020386Z Checks completed: autofix, capture-failure-log, cross-device-tests, capture-failure-log, e2e, test, web-lint-and-test, maybe-label
2026-04-27T05:54:32.6020934Z Checks in_progress: lint-and-test, connected-tests
2026-04-27T05:54:32.6021325Z The requested checks aren't complete yet, will check back in 30 seconds...
2026-04-27T05:54:32.6021672Z Checks running on ref:
2026-04-27T05:54:32.6022162Z Checks completed: autofix, capture-failure-log, cross-device-tests, capture-failure-log, e2e, test, web-lint-and-test, maybe-label
2026-04-27T05:54:32.6023150Z Checks in_progress: lint-and-test, connected-tests, Auto-merge
2026-04-27T05:54:32.6023469Z Checks after ignore checks filter:
2026-04-27T05:54:32.6023985Z Checks completed: autofix, capture-failure-log, cross-device-tests, capture-failure-log, e2e, test, web-lint-and-test, maybe-label
2026-04-27T05:54:32.6024529Z Checks in_progress: lint-and-test, connected-tests
2026-04-27T05:54:32.6024804Z Checks after check_name filter:
2026-04-27T05:54:32.6025301Z Checks completed: autofix, capture-failure-log, cross-device-tests, capture-failure-log, e2e, test, web-lint-and-test, maybe-label
2026-04-27T05:54:32.6025849Z Checks in_progress: lint-and-test, connected-tests
2026-04-27T05:54:32.6026114Z Checks after Regexp filter:
2026-04-27T05:54:32.6026598Z Checks completed: autofix, capture-failure-log, cross-device-tests, capture-failure-log, e2e, test, web-lint-and-test, maybe-label
2026-04-27T05:54:32.6027146Z Checks in_progress: lint-and-test, connected-tests
2026-04-27T05:54:32.6027511Z The requested checks aren't complete yet, will check back in 30 seconds...
2026-04-27T05:54:32.6027853Z Checks running on ref:
2026-04-27T05:54:32.6028327Z Checks completed: autofix, capture-failure-log, cross-device-tests, capture-failure-log, e2e, test, web-lint-and-test, maybe-label
2026-04-27T05:54:32.6028907Z Checks in_progress: lint-and-test, connected-tests, Auto-merge
2026-04-27T05:54:32.6029215Z Checks after ignore checks filter:
2026-04-27T05:54:32.6029718Z Checks completed: autofix, capture-failure-log, cross-device-tests, capture-failure-log, e2e, test, web-lint-and-test, maybe-label
2026-04-27T05:54:32.6030274Z Checks in_progress: lint-and-test, connected-tests
2026-04-27T05:54:32.6030555Z Checks after check_name filter:
2026-04-27T05:54:32.6031064Z Checks completed: autofix, capture-failure-log, cross-device-tests, capture-failure-log, e2e, test, web-lint-and-test, maybe-label
2026-04-27T05:54:32.6031629Z Checks in_progress: lint-and-test, connected-tests
2026-04-27T05:54:32.6031902Z Checks after Regexp filter:
2026-04-27T05:54:32.6032727Z Checks completed: autofix, capture-failure-log, cross-device-tests, capture-failure-log, e2e, test, web-lint-and-test, maybe-label
2026-04-27T05:54:32.6033290Z Checks in_progress: lint-and-test, connected-tests
2026-04-27T05:54:32.6033662Z The requested checks aren't complete yet, will check back in 30 seconds...
2026-04-27T05:54:32.6034003Z Checks running on ref:
2026-04-27T05:54:32.6034472Z Checks completed: autofix, capture-failure-log, cross-device-tests, capture-failure-log, e2e, test, web-lint-and-test, maybe-label
2026-04-27T05:54:32.6035090Z Checks in_progress: lint-and-test, connected-tests, Auto-merge
2026-04-27T05:54:32.6035418Z Checks after ignore checks filter:
2026-04-27T05:54:32.6035928Z Checks completed: autofix, capture-failure-log, cross-device-tests, capture-failure-log, e2e, test, web-lint-and-test, maybe-label
2026-04-27T05:54:32.6036474Z Checks in_progress: lint-and-test, connected-tests
2026-04-27T05:54:32.6036747Z Checks after check_name filter:
2026-04-27T05:54:32.6037239Z Checks completed: autofix, capture-failure-log, cross-device-tests, capture-failure-log, e2e, test, web-lint-and-test, maybe-label
2026-04-27T05:54:32.6037944Z Checks in_progress: lint-and-test, connected-tests
2026-04-27T05:54:32.6038219Z Checks after Regexp filter:
2026-04-27T05:54:32.6038699Z Checks completed: autofix, capture-failure-log, cross-device-tests, capture-failure-log, e2e, test, web-lint-and-test, maybe-label
2026-04-27T05:54:32.6039243Z Checks in_progress: lint-and-test, connected-tests
2026-04-27T05:54:32.6039604Z The requested checks aren't complete yet, will check back in 30 seconds...
2026-04-27T05:54:32.6039944Z Checks running on ref:
2026-04-27T05:54:32.6040415Z Checks completed: autofix, capture-failure-log, cross-device-tests, capture-failure-log, e2e, test, web-lint-and-test, maybe-label
2026-04-27T05:54:32.6040996Z Checks in_progress: lint-and-test, connected-tests, Auto-merge
2026-04-27T05:54:32.6041458Z Checks after ignore checks filter:
2026-04-27T05:54:32.6041971Z Checks completed: autofix, capture-failure-log, cross-device-tests, capture-failure-log, e2e, test, web-lint-and-test, maybe-label
2026-04-27T05:54:32.6042773Z Checks in_progress: lint-and-test, connected-tests
2026-04-27T05:54:32.6043052Z Checks after check_name filter:
2026-04-27T05:54:32.6043561Z Checks completed: autofix, capture-failure-log, cross-device-tests, capture-failure-log, e2e, test, web-lint-and-test, maybe-label
2026-04-27T05:54:32.6044129Z Checks in_progress: lint-and-test, connected-tests
2026-04-27T05:54:32.6044411Z Checks after Regexp filter:
2026-04-27T05:54:32.6044915Z Checks completed: autofix, capture-failure-log, cross-device-tests, capture-failure-log, e2e, test, web-lint-and-test, maybe-label
2026-04-27T05:54:32.6045466Z Checks in_progress: lint-and-test, connected-tests
2026-04-27T05:54:32.6045841Z The requested checks aren't complete yet, will check back in 30 seconds...
2026-04-27T05:54:32.6046202Z Checks running on ref:
2026-04-27T05:54:32.6046684Z Checks completed: autofix, capture-failure-log, cross-device-tests, capture-failure-log, e2e, test, web-lint-and-test, maybe-label
2026-04-27T05:54:32.6047275Z Checks in_progress: lint-and-test, connected-tests, Auto-merge
2026-04-27T05:54:32.6047601Z Checks after ignore checks filter:
2026-04-27T05:54:32.6048112Z Checks completed: autofix, capture-failure-log, cross-device-tests, capture-failure-log, e2e, test, web-lint-and-test, maybe-label
2026-04-27T05:54:32.6048674Z Checks in_progress: lint-and-test, connected-tests
2026-04-27T05:54:32.6048974Z Checks after check_name filter:
2026-04-27T05:54:32.6049482Z Checks completed: autofix, capture-failure-log, cross-device-tests, capture-failure-log, e2e, test, web-lint-and-test, maybe-label
2026-04-27T05:54:32.6050032Z Checks in_progress: lint-and-test, connected-tests
2026-04-27T05:54:32.6050305Z Checks after Regexp filter:
2026-04-27T05:54:32.6050801Z Checks completed: autofix, capture-failure-log, cross-device-tests, capture-failure-log, e2e, test, web-lint-and-test, maybe-label
2026-04-27T05:54:32.6051350Z Checks in_progress: lint-and-test, connected-tests
2026-04-27T05:54:32.6051721Z The requested checks aren't complete yet, will check back in 30 seconds...
2026-04-27T05:54:32.6052062Z Checks running on ref:
2026-04-27T05:54:32.6052924Z Checks completed: capture-failure-log, firebase-distribute, autofix, lint-and-test, capture-failure-log, cross-device-tests, capture-failure-log, e2e, test, web-lint-and-test, maybe-label
2026-04-27T05:54:32.6053703Z Checks in_progress: connected-tests, Auto-merge
2026-04-27T05:54:32.6053984Z Checks after ignore checks filter:
2026-04-27T05:54:32.6054708Z Checks completed: capture-failure-log, firebase-distribute, autofix, lint-and-test, capture-failure-log, cross-device-tests, capture-failure-log, e2e, test, web-lint-and-test, maybe-label
2026-04-27T05:54:32.6055437Z Checks in_progress: connected-tests
2026-04-27T05:54:32.6055685Z Checks after check_name filter:
2026-04-27T05:57:34.9135281Z Checks completed: capture-failure-log, firebase-distribute, autofix, lint-and-test, capture-failure-log, cross-device-tests, capture-failure-log, e2e, test, web-lint-and-test, maybe-label
2026-04-27T05:57:34.9139566Z Checks in_progress: connected-tests
2026-04-27T05:57:34.9140044Z Checks after Regexp filter:
2026-04-27T05:57:34.9141259Z Checks completed: capture-failure-log, firebase-distribute, autofix, lint-and-test, capture-failure-log, cross-device-tests, capture-failure-log, e2e, test, web-lint-and-test, maybe-label
2026-04-27T05:57:34.9142704Z Checks in_progress: connected-tests
2026-04-27T05:57:34.9143074Z The requested checks aren't complete yet, will check back in 30 seconds...
2026-04-27T05:57:34.9143434Z Checks running on ref:
2026-04-27T05:57:34.9144125Z Checks completed: capture-failure-log, firebase-distribute, autofix, lint-and-test, capture-failure-log, cross-device-tests, capture-failure-log, e2e, test, web-lint-and-test, maybe-label
2026-04-27T05:57:34.9145098Z Checks in_progress: connected-tests, Auto-merge
2026-04-27T05:57:34.9145387Z Checks after ignore checks filter:
2026-04-27T05:57:34.9146097Z Checks completed: capture-failure-log, firebase-distribute, autofix, lint-and-test, capture-failure-log, cross-device-tests, capture-failure-log, e2e, test, web-lint-and-test, maybe-label
2026-04-27T05:57:34.9146816Z Checks in_progress: connected-tests
2026-04-27T05:57:34.9147063Z Checks after check_name filter:
2026-04-27T05:57:34.9147739Z Checks completed: capture-failure-log, firebase-distribute, autofix, lint-and-test, capture-failure-log, cross-device-tests, capture-failure-log, e2e, test, web-lint-and-test, maybe-label
2026-04-27T05:57:34.9148441Z Checks in_progress: connected-tests
2026-04-27T05:57:34.9148678Z Checks after Regexp filter:
2026-04-27T05:57:34.9149379Z Checks completed: capture-failure-log, firebase-distribute, autofix, lint-and-test, capture-failure-log, cross-device-tests, capture-failure-log, e2e, test, web-lint-and-test, maybe-label
2026-04-27T05:57:34.9150100Z Checks in_progress: connected-tests
2026-04-27T05:57:34.9150439Z The requested checks aren't complete yet, will check back in 30 seconds...
2026-04-27T05:57:34.9150782Z Checks running on ref:
2026-04-27T05:57:34.9151447Z Checks completed: capture-failure-log, firebase-distribute, autofix, lint-and-test, capture-failure-log, cross-device-tests, capture-failure-log, e2e, test, web-lint-and-test, maybe-label
2026-04-27T05:57:34.9152181Z Checks in_progress: connected-tests, Auto-merge
2026-04-27T05:57:34.9152642Z Checks after ignore checks filter:
2026-04-27T05:57:34.9153334Z Checks completed: capture-failure-log, firebase-distribute, autofix, lint-and-test, capture-failure-log, cross-device-tests, capture-failure-log, e2e, test, web-lint-and-test, maybe-label
2026-04-27T05:57:34.9154036Z Checks in_progress: connected-tests
2026-04-27T05:57:34.9154273Z Checks after check_name filter:
2026-04-27T05:57:34.9154950Z Checks completed: capture-failure-log, firebase-distribute, autofix, lint-and-test, capture-failure-log, cross-device-tests, capture-failure-log, e2e, test, web-lint-and-test, maybe-label
2026-04-27T05:57:34.9155658Z Checks in_progress: connected-tests
2026-04-27T05:57:34.9155885Z Checks after Regexp filter:
2026-04-27T05:57:34.9156579Z Checks completed: capture-failure-log, firebase-distribute, autofix, lint-and-test, capture-failure-log, cross-device-tests, capture-failure-log, e2e, test, web-lint-and-test, maybe-label
2026-04-27T05:57:34.9157314Z Checks in_progress: connected-tests
2026-04-27T05:57:34.9157666Z The requested checks aren't complete yet, will check back in 30 seconds...
2026-04-27T05:57:34.9158020Z Checks running on ref:
2026-04-27T05:57:34.9158712Z Checks completed: capture-failure-log, firebase-distribute, autofix, lint-and-test, capture-failure-log, cross-device-tests, capture-failure-log, e2e, test, web-lint-and-test, maybe-label
2026-04-27T05:57:34.9159491Z Checks in_progress: connected-tests, Auto-merge
2026-04-27T05:57:34.9159774Z Checks after ignore checks filter:
2026-04-27T05:57:34.9160488Z Checks completed: capture-failure-log, firebase-distribute, autofix, lint-and-test, capture-failure-log, cross-device-tests, capture-failure-log, e2e, test, web-lint-and-test, maybe-label
2026-04-27T05:57:34.9161373Z Checks in_progress: connected-tests
2026-04-27T05:57:34.9161616Z Checks after check_name filter:
2026-04-27T05:57:34.9162465Z Checks completed: capture-failure-log, firebase-distribute, autofix, lint-and-test, capture-failure-log, cross-device-tests, capture-failure-log, e2e, test, web-lint-and-test, maybe-label
2026-04-27T05:57:34.9163183Z Checks in_progress: connected-tests
2026-04-27T05:57:34.9163418Z Checks after Regexp filter:
2026-04-27T05:57:34.9164087Z Checks completed: capture-failure-log, firebase-distribute, autofix, lint-and-test, capture-failure-log, cross-device-tests, capture-failure-log, e2e, test, web-lint-and-test, maybe-label
2026-04-27T05:57:34.9164797Z Checks in_progress: connected-tests
2026-04-27T05:57:34.9165135Z The requested checks aren't complete yet, will check back in 30 seconds...
2026-04-27T05:57:34.9165628Z Checks running on ref:
2026-04-27T05:57:34.9166311Z Checks completed: capture-failure-log, firebase-distribute, autofix, lint-and-test, capture-failure-log, cross-device-tests, capture-failure-log, e2e, test, web-lint-and-test, maybe-label
2026-04-27T05:57:34.9167043Z Checks in_progress: connected-tests, Auto-merge
2026-04-27T05:57:34.9167317Z Checks after ignore checks filter:
2026-04-27T05:57:34.9168003Z Checks completed: capture-failure-log, firebase-distribute, autofix, lint-and-test, capture-failure-log, cross-device-tests, capture-failure-log, e2e, test, web-lint-and-test, maybe-label
2026-04-27T05:57:34.9168706Z Checks in_progress: connected-tests
2026-04-27T05:57:34.9168940Z Checks after check_name filter:
2026-04-27T05:57:34.9169606Z Checks completed: capture-failure-log, firebase-distribute, autofix, lint-and-test, capture-failure-log, cross-device-tests, capture-failure-log, e2e, test, web-lint-and-test, maybe-label
2026-04-27T05:57:34.9170317Z Checks in_progress: connected-tests
2026-04-27T05:57:34.9170561Z Checks after Regexp filter:
2026-04-27T05:57:34.9171257Z Checks completed: capture-failure-log, firebase-distribute, autofix, lint-and-test, capture-failure-log, cross-device-tests, capture-failure-log, e2e, test, web-lint-and-test, maybe-label
2026-04-27T05:57:34.9171982Z Checks in_progress: connected-tests
2026-04-27T05:57:34.9172530Z The requested checks aren't complete yet, will check back in 30 seconds...
2026-04-27T05:57:34.9172940Z Checks running on ref:
2026-04-27T05:57:34.9173621Z Checks completed: capture-failure-log, firebase-distribute, autofix, lint-and-test, capture-failure-log, cross-device-tests, capture-failure-log, e2e, test, web-lint-and-test, maybe-label
2026-04-27T05:57:34.9174363Z Checks in_progress: connected-tests, Auto-merge
2026-04-27T05:57:34.9174639Z Checks after ignore checks filter:
2026-04-27T05:57:34.9175336Z Checks completed: capture-failure-log, firebase-distribute, autofix, lint-and-test, capture-failure-log, cross-device-tests, capture-failure-log, e2e, test, web-lint-and-test, maybe-label
2026-04-27T05:57:34.9176085Z Checks in_progress: connected-tests
2026-04-27T05:57:34.9176329Z Checks after check_name filter:
2026-04-27T05:57:34.9177060Z Checks completed: capture-failure-log, firebase-distribute, autofix, lint-and-test, capture-failure-log, cross-device-tests, capture-failure-log, e2e, test, web-lint-and-test, maybe-label
2026-04-27T05:57:34.9177963Z Checks in_progress: connected-tests
2026-04-27T05:57:34.9178260Z Checks after Regexp filter:
2026-04-27T05:57:34.9179099Z Checks completed: capture-failure-log, firebase-distribute, autofix, lint-and-test, capture-failure-log, cross-device-tests, capture-failure-log, e2e, test, web-lint-and-test, maybe-label
2026-04-27T05:57:34.9179966Z Checks in_progress: connected-tests
2026-04-27T05:57:34.9180378Z The requested checks aren't complete yet, will check back in 30 seconds...
2026-04-27T05:57:34.9180798Z Checks running on ref:
2026-04-27T05:57:34.9181849Z Checks completed: capture-failure-log / capture, capture-failure-log, firebase-distribute, autofix, lint-and-test, capture-failure-log, cross-device-tests, connected-tests, capture-failure-log, e2e, test, web-lint-and-test, maybe-label
2026-04-27T05:57:34.9183618Z Checks in_progress: Auto-merge
2026-04-27T05:57:34.9183928Z Checks after ignore checks filter:
2026-04-27T05:57:34.9185008Z Checks completed: capture-failure-log / capture, capture-failure-log, firebase-distribute, autofix, lint-and-test, capture-failure-log, cross-device-tests, connected-tests, capture-failure-log, e2e, test, web-lint-and-test, maybe-label
2026-04-27T05:57:34.9186104Z Checks after check_name filter:
2026-04-27T05:57:34.9187151Z Checks completed: capture-failure-log / capture, capture-failure-log, firebase-distribute, autofix, lint-and-test, capture-failure-log, cross-device-tests, connected-tests, capture-failure-log, e2e, test, web-lint-and-test, maybe-label
2026-04-27T05:57:34.9188249Z Checks after Regexp filter:
2026-04-27T05:57:34.9189416Z Checks completed: capture-failure-log / capture, capture-failure-log, firebase-distribute, autofix, lint-and-test, capture-failure-log, cross-device-tests, connected-tests, capture-failure-log, e2e, test, web-lint-and-test, maybe-label
2026-04-27T05:57:34.9190494Z Checks completed:
2026-04-27T05:57:34.9190781Z capture-failure-log / capture: completed (success)
2026-04-27T05:57:34.9191148Z capture-failure-log: completed (skipped)
2026-04-27T05:57:34.9191479Z firebase-distribute: completed (skipped)
2026-04-27T05:57:34.9191823Z autofix: completed (success)
2026-04-27T05:57:34.9192111Z lint-and-test: completed (success)
2026-04-27T05:57:34.9192533Z capture-failure-log: completed (skipped)
2026-04-27T05:57:34.9192889Z cross-device-tests: completed (success)
2026-04-27T05:57:34.9193209Z connected-tests: completed (failure)
2026-04-27T05:57:34.9193523Z capture-failure-log: completed (skipped)
2026-04-27T05:57:34.9193850Z e2e: completed (success)
2026-04-27T05:57:34.9194098Z test: completed (success)
2026-04-27T05:57:34.9194393Z web-lint-and-test: completed (success)
2026-04-27T05:57:34.9194733Z maybe-label: completed (success)
2026-04-27T05:57:34.9195521Z The conclusion of one or more checks were not allowed. Allowed conclusions are: success, skipped, neutral. This can be configured with the 'allowed-conclusions' param.
2026-04-27T05:57:34.9267148Z ##[error]Process completed with exit code 1.
2026-04-27T05:57:34.9373144Z Post job cleanup.
2026-04-27T05:57:34.9429096Z Cleaning up orphan processes
2026-04-27T05:57:34.9721688Z ##[warning]Node.js 20 actions are deprecated. The following actions are running on Node.js 20 and may not work as expected: actions/cache@v4. Actions will be forced to run with Node.js 24 by default starting June 2nd, 2026. Node.js 20 will be removed from the runner on September 16th, 2026. Please check if updated versions of these actions are available that support Node.js 24. To opt into Node.js 24 now, set the FORCE_JAVASCRIPT_ACTIONS_TO_NODE24=true environment variable on the runner or in your workflow file. Once Node.js 24 becomes the default, you can temporarily opt out by setting ACTIONS_ALLOW_USE_UNSECURE_NODE_VERSION=true. For more information see: https://github.blog/changelog/2025-09-19-deprecation-of-node-20-on-github-actions-runners/
