=== CI FAILURE ===
Workflow:      Auto-merge & Release
Workflow file: akarlin3/prismTask/.github/workflows/auto-merge.yml@refs/pull/770/merge
Job(s):        Auto-merge
Run ID:        24922854023
Run attempt:   1
Run URL:       https://github.com/akarlin3/prismTask/actions/runs/24922854023
Commit:        96c33356e932cd523038f162147b41943ea1eff7
Branch:        770/merge
Event:         pull_request
Actor:         akarlin3
Runner OS:     Linux
Timestamp:     2026-04-25T04:46:44.803Z

Failed steps:
  - Auto-merge: #3 Wait for all other CI checks to pass

=== FAILED JOB LOG ===

--- Job: Auto-merge (id 72987487664) ---
2026-04-25T04:45:11.1682695Z Current runner version: '2.333.1'
2026-04-25T04:45:11.1717094Z ##[group]Runner Image Provisioner
2026-04-25T04:45:11.1718768Z Hosted Compute Agent
2026-04-25T04:45:11.1719694Z Version: 20260213.493
2026-04-25T04:45:11.1720779Z Commit: 5c115507f6dd24b8de37d8bbe0bb4509d0cc0fa3
2026-04-25T04:45:11.1722406Z Build Date: 2026-02-13T00:28:41Z
2026-04-25T04:45:11.1723462Z Worker ID: {8ab71960-360a-466d-a46c-d4462381e541}
2026-04-25T04:45:11.1724731Z Azure Region: eastus
2026-04-25T04:45:11.1725623Z ##[endgroup]
2026-04-25T04:45:11.1727708Z ##[group]Operating System
2026-04-25T04:45:11.1728699Z Ubuntu
2026-04-25T04:45:11.1729731Z 24.04.4
2026-04-25T04:45:11.1730449Z LTS
2026-04-25T04:45:11.1731238Z ##[endgroup]
2026-04-25T04:45:11.1732558Z ##[group]Runner Image
2026-04-25T04:45:11.1733489Z Image: ubuntu-24.04
2026-04-25T04:45:11.1734437Z Version: 20260413.86.1
2026-04-25T04:45:11.1736647Z Included Software: https://github.com/actions/runner-images/blob/ubuntu24/20260413.86/images/ubuntu/Ubuntu2404-Readme.md
2026-04-25T04:45:11.1739206Z Image Release: https://github.com/actions/runner-images/releases/tag/ubuntu24%2F20260413.86
2026-04-25T04:45:11.1741017Z ##[endgroup]
2026-04-25T04:45:11.1743505Z ##[group]GITHUB_TOKEN Permissions
2026-04-25T04:45:11.1746576Z Actions: read
2026-04-25T04:45:11.1747450Z Checks: read
2026-04-25T04:45:11.1748354Z Contents: write
2026-04-25T04:45:11.1749223Z Metadata: read
2026-04-25T04:45:11.1750044Z PullRequests: write
2026-04-25T04:45:11.1750855Z ##[endgroup]
2026-04-25T04:45:11.1753997Z Secret source: Actions
2026-04-25T04:45:11.1755396Z Prepare workflow directory
2026-04-25T04:45:11.2306449Z Prepare all required actions
2026-04-25T04:45:11.2361370Z Getting action download info
2026-04-25T04:45:11.5389028Z Download action repository 'lewagon/wait-on-check-action@ccfb013c15c8afb7bf2b7c028fb74dc5a068cccc' (SHA:ccfb013c15c8afb7bf2b7c028fb74dc5a068cccc)
2026-04-25T04:45:11.9026869Z Getting action download info
2026-04-25T04:45:12.0280904Z Download action repository 'ruby/setup-ruby@v1' (SHA:0cb964fd540e0a24c900370abf38a33466142735)
2026-04-25T04:45:12.2063455Z Download action repository 'actions/cache@v4' (SHA:0057852bfaa89a56745cba8c7296529d2fc39830)
2026-04-25T04:45:12.4433848Z Complete job name: Auto-merge
2026-04-25T04:45:12.5115171Z ##[group]Run set -euo pipefail
2026-04-25T04:45:12.5116296Z [36;1mset -euo pipefail[0m
2026-04-25T04:45:12.5117621Z [36;1m# Audit item #5 — poll check-runs for up to 60s instead of a bare[0m
2026-04-25T04:45:12.5119368Z [36;1m# 20s sleep. On a busy runner cohort the initial 20s wasn't enough[0m
2026-04-25T04:45:12.5121088Z [36;1m# for the API to reflect queued workflow runs, which could merge[0m
2026-04-25T04:45:12.5123028Z [36;1m# PRs without waiting for CI. Bail out early as soon as ≥1 real[0m
2026-04-25T04:45:12.5124424Z [36;1m# check shows up.[0m
2026-04-25T04:45:12.5125326Z [36;1mCOUNT=0[0m
2026-04-25T04:45:12.5126110Z [36;1mfor i in $(seq 1 6); do[0m
2026-04-25T04:45:12.5127064Z [36;1m  sleep 10[0m
2026-04-25T04:45:12.5128205Z [36;1m  COUNT=$(gh api "repos/$REPO/commits/$HEAD_SHA/check-runs" \[0m
2026-04-25T04:45:12.5129901Z [36;1m    --jq '[.check_runs[] | select(.name != "Auto-merge")] | length')[0m
2026-04-25T04:45:12.5131338Z [36;1m  if [ "$COUNT" -gt 0 ]; then[0m
2026-04-25T04:45:12.5132767Z [36;1m    echo "Found $COUNT non-Auto-merge check(s) after ${i}0s"[0m
2026-04-25T04:45:12.5134109Z [36;1m    break[0m
2026-04-25T04:45:12.5134885Z [36;1m  fi[0m
2026-04-25T04:45:12.5135875Z [36;1m  echo "No non-Auto-merge checks yet (attempt $i/6)"[0m
2026-04-25T04:45:12.5137105Z [36;1mdone[0m
2026-04-25T04:45:12.5137899Z [36;1mif [ "$COUNT" -gt 0 ]; then[0m
2026-04-25T04:45:12.5138996Z [36;1m  echo "has_ci=true" >> "$GITHUB_OUTPUT"[0m
2026-04-25T04:45:12.5140101Z [36;1melse[0m
2026-04-25T04:45:12.5140974Z [36;1m  echo "has_ci=false" >> "$GITHUB_OUTPUT"[0m
2026-04-25T04:45:12.5142701Z [36;1m  echo "No CI checks on this PR after 60s — will merge without waiting."[0m
2026-04-25T04:45:12.5144129Z [36;1mfi[0m
2026-04-25T04:45:12.5170826Z shell: /usr/bin/bash -e {0}
2026-04-25T04:45:12.5172269Z env:
2026-04-25T04:45:12.5172992Z   WAIT_INTERVAL: 30
2026-04-25T04:45:12.5174209Z   GH_TOKEN: ***
2026-04-25T04:45:12.5175150Z   HEAD_SHA: a4581c02aa350555da995f6c2af47bdbc95d7d72
2026-04-25T04:45:12.5176337Z   REPO: akarlin3/prismTask
2026-04-25T04:45:12.5177200Z ##[endgroup]
2026-04-25T04:45:23.0092742Z Found 21 non-Auto-merge check(s) after 10s
2026-04-25T04:45:23.0322310Z ##[group]Run lewagon/wait-on-check-action@ccfb013c15c8afb7bf2b7c028fb74dc5a068cccc
2026-04-25T04:45:23.0322815Z with:
2026-04-25T04:45:23.0323066Z   ref: a4581c02aa350555da995f6c2af47bdbc95d7d72
2026-04-25T04:45:23.0323402Z   running-workflow-name: Auto-merge
2026-04-25T04:45:23.0324058Z   repo-token: ***
2026-04-25T04:45:23.0324294Z   wait-interval: 30
2026-04-25T04:45:23.0324571Z   allowed-conclusions: success,skipped,neutral
2026-04-25T04:45:23.0324882Z   verbose: true
2026-04-25T04:45:23.0325101Z env:
2026-04-25T04:45:23.0325301Z   WAIT_INTERVAL: 30
2026-04-25T04:45:23.0325548Z ##[endgroup]
2026-04-25T04:45:23.0463680Z ##[group]Run ruby/setup-ruby@v1
2026-04-25T04:45:23.0463976Z with:
2026-04-25T04:45:23.0464198Z   ruby-version: 3.2
2026-04-25T04:45:23.0464462Z   bundler-cache: false
2026-04-25T04:45:23.0464850Z   token: ***
2026-04-25T04:45:23.0465065Z env:
2026-04-25T04:45:23.0465261Z   WAIT_INTERVAL: 30
2026-04-25T04:45:23.0465485Z ##[endgroup]
2026-04-25T04:45:23.1704433Z ##[group]Modifying PATH
2026-04-25T04:45:23.1705030Z Entries added to PATH to use selected Ruby:
2026-04-25T04:45:23.1705738Z   /opt/hostedtoolcache/Ruby/3.2.11/x64/bin
2026-04-25T04:45:23.1710310Z ##[endgroup]
2026-04-25T04:45:23.1711194Z ##[group]Print Ruby version
2026-04-25T04:45:23.1749720Z [command]/opt/hostedtoolcache/Ruby/3.2.11/x64/bin/ruby --version
2026-04-25T04:45:23.3810923Z ruby 3.2.11 (2026-03-27 revision 5483bfc1ae) [x86_64-linux]
2026-04-25T04:45:23.3839498Z Took   0.21 seconds
2026-04-25T04:45:23.3840414Z ##[endgroup]
2026-04-25T04:45:23.3842110Z ##[group]Installing Bundler
2026-04-25T04:45:23.3845610Z Using Bundler shipped with ruby-3.2.11
2026-04-25T04:45:23.3846788Z Took   0.00 seconds
2026-04-25T04:45:23.3847401Z ##[endgroup]
2026-04-25T04:45:23.4578013Z ##[group]Run actions/cache@v4
2026-04-25T04:45:23.4578325Z with:
2026-04-25T04:45:23.4578783Z   path: /home/runner/work/_actions/lewagon/wait-on-check-action/ccfb013c15c8afb7bf2b7c028fb74dc5a068cccc
2026-04-25T04:45:23.4579303Z   key: Linux-gems-
2026-04-25T04:45:23.4579541Z   restore-keys: Linux-gems-
2026-04-25T04:45:23.4579813Z   enableCrossOsArchive: false
2026-04-25T04:45:23.4580076Z   fail-on-cache-miss: false
2026-04-25T04:45:23.4580331Z   lookup-only: false
2026-04-25T04:45:23.4580558Z   save-always: false
2026-04-25T04:45:23.4580777Z env:
2026-04-25T04:45:23.4580967Z   WAIT_INTERVAL: 30
2026-04-25T04:45:23.4581194Z ##[endgroup]
2026-04-25T04:45:23.6597361Z Cache not found for input keys: Linux-gems-, Linux-gems-
2026-04-25T04:45:23.6683735Z ##[group]Run bundle install --jobs 4 --retry 3
2026-04-25T04:45:23.6684067Z [36;1mbundle install --jobs 4 --retry 3[0m
2026-04-25T04:45:23.6707743Z shell: /usr/bin/bash --noprofile --norc -e -o pipefail {0}
2026-04-25T04:45:23.6708066Z env:
2026-04-25T04:45:23.6708234Z   WAIT_INTERVAL: 30
2026-04-25T04:45:23.6708425Z ##[endgroup]
2026-04-25T04:45:25.1441434Z Bundler 2.4.19 is running, but your lockfile was generated with 2.2.3. Installing Bundler 2.2.3 and restarting using that version.
2026-04-25T04:45:26.8510988Z Fetching gem metadata from https://rubygems.org/.
2026-04-25T04:45:26.8589140Z Fetching bundler 2.2.3
2026-04-25T04:45:27.0182617Z Installing bundler 2.2.3
2026-04-25T04:45:27.2063075Z Calling `DidYouMean::SPELL_CHECKERS.merge!(error_name => spell_checker)' has been deprecated. Please call `DidYouMean.correct_error(error_name, spell_checker)' instead.
2026-04-25T04:45:28.4703605Z Fetching gem metadata from https://rubygems.org/.........
2026-04-25T04:45:28.4804925Z Fetching public_suffix 4.0.7
2026-04-25T04:45:28.4871386Z Fetching minitest 5.18.0
2026-04-25T04:45:28.5324358Z Fetching zeitwerk 2.6.7
2026-04-25T04:45:28.5327714Z Fetching concurrent-ruby 1.2.2
2026-04-25T04:45:28.5957055Z Installing zeitwerk 2.6.7
2026-04-25T04:45:28.6104293Z Installing minitest 5.18.0
2026-04-25T04:45:28.6279483Z Installing public_suffix 4.0.7
2026-04-25T04:45:28.6682483Z Fetching ast 2.4.2
2026-04-25T04:45:28.6934297Z Installing concurrent-ruby 1.2.2
2026-04-25T04:45:28.6971586Z Using bundler 2.2.3
2026-04-25T04:45:28.6989608Z Fetching byebug 11.1.3
2026-04-25T04:45:28.7297201Z Installing ast 2.4.2
2026-04-25T04:45:28.7513307Z Fetching diff-lcs 1.4.4
2026-04-25T04:45:28.7747859Z Installing byebug 11.1.3 with native extensions
2026-04-25T04:45:28.7817976Z Fetching faraday-net_http 2.0.3
2026-04-25T04:45:28.8319143Z Installing faraday-net_http 2.0.3
2026-04-25T04:45:28.8383821Z Installing diff-lcs 1.4.4
2026-04-25T04:45:28.8518743Z Using ruby2_keywords 0.0.5
2026-04-25T04:45:28.8527177Z Fetching json 2.7.1
2026-04-25T04:45:28.8974594Z Installing json 2.7.1 with native extensions
2026-04-25T04:45:28.9327000Z Fetching language_server-protocol 3.17.0.3
2026-04-25T04:45:28.9839128Z Installing language_server-protocol 3.17.0.3
2026-04-25T04:45:29.0623657Z Fetching lint_roller 1.1.0
2026-04-25T04:45:29.1193326Z Installing lint_roller 1.1.0
2026-04-25T04:45:29.1318417Z Fetching parallel 1.24.0
2026-04-25T04:45:29.1915837Z Installing parallel 1.24.0
2026-04-25T04:45:29.2076265Z Fetching racc 1.7.3
2026-04-25T04:45:29.2563928Z Installing racc 1.7.3 with native extensions
2026-04-25T04:45:29.2722457Z Fetching rainbow 3.1.1
2026-04-25T04:45:29.3058677Z Installing rainbow 3.1.1
2026-04-25T04:45:29.3148320Z Fetching regexp_parser 2.8.3
2026-04-25T04:45:29.3645374Z Installing regexp_parser 2.8.3
2026-04-25T04:45:29.3930825Z Fetching rexml 3.2.6
2026-04-25T04:45:29.4404932Z Installing rexml 3.2.6
2026-04-25T04:45:29.5308610Z Fetching rspec-support 3.10.1
2026-04-25T04:45:29.5684879Z Installing rspec-support 3.10.1
2026-04-25T04:45:29.5802011Z Fetching ruby-progressbar 1.13.0
2026-04-25T04:45:29.6232714Z Installing ruby-progressbar 1.13.0
2026-04-25T04:45:29.6332494Z Fetching unicode-display_width 2.5.0
2026-04-25T04:45:29.6676175Z Installing unicode-display_width 2.5.0
2026-04-25T04:45:29.6734824Z Fetching addressable 2.8.0
2026-04-25T04:45:29.7153293Z Installing addressable 2.8.0
2026-04-25T04:45:29.7301510Z Fetching faraday 2.3.0
2026-04-25T04:45:29.7689536Z Installing faraday 2.3.0
2026-04-25T04:45:29.7925967Z Fetching i18n 1.12.0
2026-04-25T04:45:29.8346922Z Installing i18n 1.12.0
2026-04-25T04:45:29.8513545Z Fetching tzinfo 2.0.6
2026-04-25T04:45:29.9162423Z Installing tzinfo 2.0.6
2026-04-25T04:45:29.9385769Z Fetching rspec-core 3.10.1
2026-04-25T04:45:30.0062981Z Installing rspec-core 3.10.1
2026-04-25T04:45:30.0472688Z Fetching rspec-expectations 3.10.1
2026-04-25T04:45:30.1102882Z Installing rspec-expectations 3.10.1
2026-04-25T04:45:30.1412595Z Fetching rspec-mocks 3.10.1
2026-04-25T04:45:30.2000385Z Installing rspec-mocks 3.10.1
2026-04-25T04:45:30.2252879Z Fetching faraday-retry 2.0.0
2026-04-25T04:45:30.2912685Z Installing faraday-retry 2.0.0
2026-04-25T04:45:30.3004332Z Fetching sawyer 0.9.2
2026-04-25T04:45:30.3572714Z Installing sawyer 0.9.2
2026-04-25T04:45:30.3684525Z Fetching activesupport 6.1.7.3
2026-04-25T04:45:30.4383315Z Installing activesupport 6.1.7.3
2026-04-25T04:45:30.5269595Z Fetching rspec 3.10.0
2026-04-25T04:45:30.5857775Z Installing rspec 3.10.0
2026-04-25T04:45:30.5952531Z Fetching octokit 4.25.0
2026-04-25T04:45:30.6543093Z Installing octokit 4.25.0
2026-04-25T04:45:30.6606898Z Fetching parser 3.2.2.4
2026-04-25T04:45:30.7859206Z Installing parser 3.2.2.4
2026-04-25T04:45:30.8996516Z Fetching rubocop-ast 1.30.0
2026-04-25T04:45:30.9574651Z Installing rubocop-ast 1.30.0
2026-04-25T04:45:32.2591901Z Fetching rubocop 1.57.2
2026-04-25T04:45:32.3215656Z Installing rubocop 1.57.2
2026-04-25T04:45:32.5049650Z Fetching standard-custom 1.0.2
2026-04-25T04:45:32.5052382Z Fetching rubocop-performance 1.19.1
2026-04-25T04:45:32.5611812Z Installing standard-custom 1.0.2
2026-04-25T04:45:32.5666478Z Installing rubocop-performance 1.19.1
2026-04-25T04:45:32.5845937Z Fetching standard-performance 1.2.1
2026-04-25T04:45:32.6180698Z Installing standard-performance 1.2.1
2026-04-25T04:45:32.6252056Z Fetching standard 1.32.1
2026-04-25T04:45:32.6637877Z Installing standard 1.32.1
2026-04-25T04:45:32.6884392Z Bundle complete! 6 Gemfile dependencies, 40 gems now installed.
2026-04-25T04:45:32.6885743Z Use `bundle info [gemname]` to see where a bundled gem is installed.
2026-04-25T04:45:32.7406911Z ##[group]Run ruby entrypoint.rb
2026-04-25T04:45:32.7407174Z [36;1mruby entrypoint.rb[0m
2026-04-25T04:45:32.7429474Z shell: /usr/bin/bash --noprofile --norc -e -o pipefail {0}
2026-04-25T04:45:32.7429794Z env:
2026-04-25T04:45:32.7429954Z   WAIT_INTERVAL: 30
2026-04-25T04:45:32.7430183Z   ALLOWED_CONCLUSIONS: success,skipped,neutral
2026-04-25T04:45:32.7430444Z   IGNORE_CHECKS: 
2026-04-25T04:45:32.7430626Z   CHECK_NAME: 
2026-04-25T04:45:32.7430790Z   CHECK_REGEXP: 
2026-04-25T04:45:32.7430997Z   REF: a4581c02aa350555da995f6c2af47bdbc95d7d72
2026-04-25T04:45:32.7431482Z   REPO_TOKEN: ***
2026-04-25T04:45:32.7432036Z   VERBOSE: true
2026-04-25T04:45:32.7432262Z   RUNNING_WORKFLOW_NAME: Auto-merge
2026-04-25T04:45:32.7432494Z   API_ENDPOINT: 
2026-04-25T04:45:32.7432674Z ##[endgroup]
2026-04-25T04:46:34.7165389Z Checks running on ref:
2026-04-25T04:46:34.7165920Z Checks queued: lint-and-test
2026-04-25T04:46:34.7169576Z Checks completed: capture-failure-log, e2e, capture-failure-log, connected-tests, web-lint-and-test, maybe-label, autofix, capture-failure-log, Version Bump, Build & Firebase Distribute, capture-failure-log, firebase-distribute, capture-failure-log, capture-failure-log, lint-and-test, capture-failure-log, e2e, test, web-lint-and-test, connected-tests, autofix, Auto-merge, maybe-label
2026-04-25T04:46:34.7174035Z Checks in_progress: test, Auto-merge
2026-04-25T04:46:34.7174723Z Checks after ignore checks filter:
2026-04-25T04:46:34.7175343Z Checks queued: lint-and-test
2026-04-25T04:46:34.7178747Z Checks completed: capture-failure-log, e2e, capture-failure-log, connected-tests, web-lint-and-test, maybe-label, autofix, capture-failure-log, Version Bump, Build & Firebase Distribute, capture-failure-log, firebase-distribute, capture-failure-log, capture-failure-log, lint-and-test, capture-failure-log, e2e, test, web-lint-and-test, connected-tests, autofix, maybe-label
2026-04-25T04:46:34.7181438Z Checks in_progress: test
2026-04-25T04:46:34.7182067Z Checks after check_name filter:
2026-04-25T04:46:34.7182362Z Checks queued: lint-and-test
2026-04-25T04:46:34.7184250Z Checks completed: capture-failure-log, e2e, capture-failure-log, connected-tests, web-lint-and-test, maybe-label, autofix, capture-failure-log, Version Bump, Build & Firebase Distribute, capture-failure-log, firebase-distribute, capture-failure-log, capture-failure-log, lint-and-test, capture-failure-log, e2e, test, web-lint-and-test, connected-tests, autofix, maybe-label
2026-04-25T04:46:34.7186410Z Checks in_progress: test
2026-04-25T04:46:34.7186758Z Checks after Regexp filter:
2026-04-25T04:46:34.7187104Z Checks queued: lint-and-test
2026-04-25T04:46:34.7188811Z Checks completed: capture-failure-log, e2e, capture-failure-log, connected-tests, web-lint-and-test, maybe-label, autofix, capture-failure-log, Version Bump, Build & Firebase Distribute, capture-failure-log, firebase-distribute, capture-failure-log, capture-failure-log, lint-and-test, capture-failure-log, e2e, test, web-lint-and-test, connected-tests, autofix, maybe-label
2026-04-25T04:46:34.7190588Z Checks in_progress: test
2026-04-25T04:46:34.7190979Z The requested checks aren't complete yet, will check back in 30 seconds...
2026-04-25T04:46:34.7191432Z Checks running on ref:
2026-04-25T04:46:34.7193722Z Checks completed: firebase-distribute, capture-failure-log, lint-and-test, capture-failure-log, e2e, capture-failure-log, connected-tests, web-lint-and-test, test, maybe-label, autofix, capture-failure-log, Version Bump, Build & Firebase Distribute, capture-failure-log, firebase-distribute, capture-failure-log, capture-failure-log, lint-and-test, capture-failure-log, e2e, test, web-lint-and-test, connected-tests, autofix, Auto-merge, maybe-label
2026-04-25T04:46:34.7195960Z Checks in_progress: capture-failure-log / capture, Auto-merge
2026-04-25T04:46:34.7196293Z Checks after ignore checks filter:
2026-04-25T04:46:34.7198044Z Checks completed: firebase-distribute, capture-failure-log, lint-and-test, capture-failure-log, e2e, capture-failure-log, connected-tests, web-lint-and-test, test, maybe-label, autofix, capture-failure-log, Version Bump, Build & Firebase Distribute, capture-failure-log, firebase-distribute, capture-failure-log, capture-failure-log, lint-and-test, capture-failure-log, e2e, test, web-lint-and-test, connected-tests, autofix, maybe-label
2026-04-25T04:46:34.7199683Z Checks in_progress: capture-failure-log / capture
2026-04-25T04:46:34.7199958Z Checks after check_name filter:
2026-04-25T04:46:34.7201535Z Checks completed: firebase-distribute, capture-failure-log, lint-and-test, capture-failure-log, e2e, capture-failure-log, connected-tests, web-lint-and-test, test, maybe-label, autofix, capture-failure-log, Version Bump, Build & Firebase Distribute, capture-failure-log, firebase-distribute, capture-failure-log, capture-failure-log, lint-and-test, capture-failure-log, e2e, test, web-lint-and-test, connected-tests, autofix, maybe-label
2026-04-25T04:46:34.7203448Z Checks in_progress: capture-failure-log / capture
2026-04-25T04:46:34.7203721Z Checks after Regexp filter:
2026-04-25T04:46:34.7205284Z Checks completed: firebase-distribute, capture-failure-log, lint-and-test, capture-failure-log, e2e, capture-failure-log, connected-tests, web-lint-and-test, test, maybe-label, autofix, capture-failure-log, Version Bump, Build & Firebase Distribute, capture-failure-log, firebase-distribute, capture-failure-log, capture-failure-log, lint-and-test, capture-failure-log, e2e, test, web-lint-and-test, connected-tests, autofix, maybe-label
2026-04-25T04:46:34.7206905Z Checks in_progress: capture-failure-log / capture
2026-04-25T04:46:34.7207280Z The requested checks aren't complete yet, will check back in 30 seconds...
2026-04-25T04:46:34.7207630Z Checks running on ref:
2026-04-25T04:46:34.7209324Z Checks completed: firebase-distribute, capture-failure-log / capture, capture-failure-log, lint-and-test, capture-failure-log, e2e, capture-failure-log, connected-tests, web-lint-and-test, test, maybe-label, autofix, capture-failure-log, Version Bump, Build & Firebase Distribute, capture-failure-log, firebase-distribute, capture-failure-log, capture-failure-log, lint-and-test, capture-failure-log, e2e, test, web-lint-and-test, connected-tests, autofix, Auto-merge, maybe-label
2026-04-25T04:46:34.7211093Z Checks in_progress: Auto-merge
2026-04-25T04:46:34.7211349Z Checks after ignore checks filter:
2026-04-25T04:46:34.7213463Z Checks completed: firebase-distribute, capture-failure-log / capture, capture-failure-log, lint-and-test, capture-failure-log, e2e, capture-failure-log, connected-tests, web-lint-and-test, test, maybe-label, autofix, capture-failure-log, Version Bump, Build & Firebase Distribute, capture-failure-log, firebase-distribute, capture-failure-log, capture-failure-log, lint-and-test, capture-failure-log, e2e, test, web-lint-and-test, connected-tests, autofix, maybe-label
2026-04-25T04:46:34.7215174Z Checks after check_name filter:
2026-04-25T04:46:34.7216866Z Checks completed: firebase-distribute, capture-failure-log / capture, capture-failure-log, lint-and-test, capture-failure-log, e2e, capture-failure-log, connected-tests, web-lint-and-test, test, maybe-label, autofix, capture-failure-log, Version Bump, Build & Firebase Distribute, capture-failure-log, firebase-distribute, capture-failure-log, capture-failure-log, lint-and-test, capture-failure-log, e2e, test, web-lint-and-test, connected-tests, autofix, maybe-label
2026-04-25T04:46:34.7218573Z Checks after Regexp filter:
2026-04-25T04:46:34.7220227Z Checks completed: firebase-distribute, capture-failure-log / capture, capture-failure-log, lint-and-test, capture-failure-log, e2e, capture-failure-log, connected-tests, web-lint-and-test, test, maybe-label, autofix, capture-failure-log, Version Bump, Build & Firebase Distribute, capture-failure-log, firebase-distribute, capture-failure-log, capture-failure-log, lint-and-test, capture-failure-log, e2e, test, web-lint-and-test, connected-tests, autofix, maybe-label
2026-04-25T04:46:34.7222350Z Checks completed:
2026-04-25T04:46:34.7222691Z firebase-distribute: completed (skipped)
2026-04-25T04:46:34.7222982Z capture-failure-log / capture: completed (success)
2026-04-25T04:46:34.7223276Z capture-failure-log: completed (skipped)
2026-04-25T04:46:34.7223527Z lint-and-test: completed (failure)
2026-04-25T04:46:34.7223772Z capture-failure-log: completed (skipped)
2026-04-25T04:46:34.7224009Z e2e: completed (success)
2026-04-25T04:46:34.7224227Z capture-failure-log: completed (skipped)
2026-04-25T04:46:34.7224476Z connected-tests: completed (skipped)
2026-04-25T04:46:34.7224749Z web-lint-and-test: completed (success)
2026-04-25T04:46:34.7224998Z test: completed (success)
2026-04-25T04:46:34.7225210Z maybe-label: completed (success)
2026-04-25T04:46:34.7225445Z autofix: completed (success)
2026-04-25T04:46:34.7225672Z capture-failure-log: completed (skipped)
2026-04-25T04:46:34.7225993Z Version Bump, Build & Firebase Distribute: completed (success)
2026-04-25T04:46:34.7226313Z capture-failure-log: completed (skipped)
2026-04-25T04:46:34.7226577Z firebase-distribute: completed (skipped)
2026-04-25T04:46:34.7226827Z capture-failure-log: completed (skipped)
2026-04-25T04:46:34.7227081Z capture-failure-log: completed (skipped)
2026-04-25T04:46:34.7227336Z lint-and-test: completed (success)
2026-04-25T04:46:34.7227573Z capture-failure-log: completed (skipped)
2026-04-25T04:46:34.7227835Z e2e: completed (success)
2026-04-25T04:46:34.7228040Z test: completed (success)
2026-04-25T04:46:34.7228250Z web-lint-and-test: completed (success)
2026-04-25T04:46:34.7228501Z connected-tests: completed (success)
2026-04-25T04:46:34.7228736Z autofix: completed (success)
2026-04-25T04:46:34.7228955Z maybe-label: completed (success)
2026-04-25T04:46:34.7229630Z The conclusion of one or more checks were not allowed. Allowed conclusions are: success, skipped, neutral. This can be configured with the 'allowed-conclusions' param.
2026-04-25T04:46:34.7250557Z ##[error]Process completed with exit code 1.
2026-04-25T04:46:34.7374787Z Post job cleanup.
2026-04-25T04:46:34.7437195Z Cleaning up orphan processes
2026-04-25T04:46:34.7732657Z ##[warning]Node.js 20 actions are deprecated. The following actions are running on Node.js 20 and may not work as expected: actions/cache@v4. Actions will be forced to run with Node.js 24 by default starting June 2nd, 2026. Node.js 20 will be removed from the runner on September 16th, 2026. Please check if updated versions of these actions are available that support Node.js 24. To opt into Node.js 24 now, set the FORCE_JAVASCRIPT_ACTIONS_TO_NODE24=true environment variable on the runner or in your workflow file. Once Node.js 24 becomes the default, you can temporarily opt out by setting ACTIONS_ALLOW_USE_UNSECURE_NODE_VERSION=true. For more information see: https://github.blog/changelog/2025-09-19-deprecation-of-node-20-on-github-actions-runners/
