=== CI FAILURE ===
Workflow:      Auto-merge & Release
Workflow file: averycorp/prismTask/.github/workflows/auto-merge.yml@refs/pull/931/merge
Job(s):        Auto-merge
Run ID:        25092095932
Run attempt:   1
Run URL:       https://github.com/averycorp/prismTask/actions/runs/25092095932
Commit:        17a39c10f447598340924d0013c3cb5a98e7bed7
Branch:        931/merge
Event:         pull_request
Actor:         akarlin3
Runner OS:     Linux
Timestamp:     2026-04-29T05:21:08.506Z

Failed steps:
  - Auto-merge: #4 Wait for all other CI checks to pass

=== FAILED JOB LOG ===

--- Job: Auto-merge (id 73520229458) ---
2026-04-29T05:13:13.2376216Z Current runner version: '2.334.0'
2026-04-29T05:13:13.2400822Z ##[group]Runner Image Provisioner
2026-04-29T05:13:13.2401609Z Hosted Compute Agent
2026-04-29T05:13:13.2402582Z Version: 20260213.493
2026-04-29T05:13:13.2403284Z Commit: 5c115507f6dd24b8de37d8bbe0bb4509d0cc0fa3
2026-04-29T05:13:13.2403976Z Build Date: 2026-02-13T00:28:41Z
2026-04-29T05:13:13.2404598Z Worker ID: {c8cb0b48-5a0e-462e-8e88-a63c734ce163}
2026-04-29T05:13:13.2405335Z Azure Region: northcentralus
2026-04-29T05:13:13.2405913Z ##[endgroup]
2026-04-29T05:13:13.2407420Z ##[group]Operating System
2026-04-29T05:13:13.2408075Z Ubuntu
2026-04-29T05:13:13.2408541Z 24.04.4
2026-04-29T05:13:13.2409217Z LTS
2026-04-29T05:13:13.2409759Z ##[endgroup]
2026-04-29T05:13:13.2410209Z ##[group]Runner Image
2026-04-29T05:13:13.2410792Z Image: ubuntu-24.04
2026-04-29T05:13:13.2411440Z Version: 20260413.86.1
2026-04-29T05:13:13.2413038Z Included Software: https://github.com/actions/runner-images/blob/ubuntu24/20260413.86/images/ubuntu/Ubuntu2404-Readme.md
2026-04-29T05:13:13.2414542Z Image Release: https://github.com/actions/runner-images/releases/tag/ubuntu24%2F20260413.86
2026-04-29T05:13:13.2415479Z ##[endgroup]
2026-04-29T05:13:13.2416774Z ##[group]GITHUB_TOKEN Permissions
2026-04-29T05:13:13.2418641Z Actions: read
2026-04-29T05:13:13.2419178Z Checks: read
2026-04-29T05:13:13.2419697Z Contents: write
2026-04-29T05:13:13.2420245Z Metadata: read
2026-04-29T05:13:13.2420706Z PullRequests: write
2026-04-29T05:13:13.2421297Z ##[endgroup]
2026-04-29T05:13:13.2423699Z Secret source: Actions
2026-04-29T05:13:13.2424862Z Prepare workflow directory
2026-04-29T05:13:13.2841770Z Prepare all required actions
2026-04-29T05:13:13.2879685Z Getting action download info
2026-04-29T05:13:13.6396961Z Download action repository 'lewagon/wait-on-check-action@ccfb013c15c8afb7bf2b7c028fb74dc5a068cccc' (SHA:ccfb013c15c8afb7bf2b7c028fb74dc5a068cccc)
2026-04-29T05:13:14.1287468Z Getting action download info
2026-04-29T05:13:14.3181196Z Download action repository 'ruby/setup-ruby@v1' (SHA:c4e5b1316158f92e3d49443a9d58b31d25ac0f8f)
2026-04-29T05:13:14.7029125Z Download action repository 'actions/cache@v4' (SHA:0057852bfaa89a56745cba8c7296529d2fc39830)
2026-04-29T05:13:14.8629659Z Complete job name: Auto-merge
2026-04-29T05:13:14.9382830Z ##[group]Run set -euo pipefail
2026-04-29T05:13:14.9384062Z [36;1mset -euo pipefail[0m
2026-04-29T05:13:14.9385399Z [36;1m# Audit item #5 — poll check-runs for up to 60s instead of a bare[0m
2026-04-29T05:13:14.9387180Z [36;1m# 20s sleep. On a busy runner cohort the initial 20s wasn't enough[0m
2026-04-29T05:13:14.9388924Z [36;1m# for the API to reflect queued workflow runs, which could merge[0m
2026-04-29T05:13:14.9391333Z [36;1m# PRs without waiting for CI. Bail out early as soon as ≥1 real[0m
2026-04-29T05:13:14.9392941Z [36;1m# check shows up.[0m
2026-04-29T05:13:14.9393862Z [36;1mCOUNT=0[0m
2026-04-29T05:13:14.9394682Z [36;1mfor i in $(seq 1 6); do[0m
2026-04-29T05:13:14.9395808Z [36;1m  sleep 10[0m
2026-04-29T05:13:14.9397678Z [36;1m  COUNT=$(gh api "repos/$REPO/commits/$HEAD_SHA/check-runs" \[0m
2026-04-29T05:13:14.9400225Z [36;1m    --jq '[.check_runs[] | select(.name != "Auto-merge")] | length')[0m
2026-04-29T05:13:14.9401742Z [36;1m  if [ "$COUNT" -gt 0 ]; then[0m
2026-04-29T05:13:14.9403361Z [36;1m    echo "Found $COUNT non-Auto-merge check(s) after ${i}0s"[0m
2026-04-29T05:13:14.9404724Z [36;1m    break[0m
2026-04-29T05:13:14.9405530Z [36;1m  fi[0m
2026-04-29T05:13:14.9406535Z [36;1m  echo "No non-Auto-merge checks yet (attempt $i/6)"[0m
2026-04-29T05:13:14.9407798Z [36;1mdone[0m
2026-04-29T05:13:14.9408594Z [36;1mif [ "$COUNT" -gt 0 ]; then[0m
2026-04-29T05:13:14.9409721Z [36;1m  echo "has_ci=true" >> "$GITHUB_OUTPUT"[0m
2026-04-29T05:13:14.9410821Z [36;1melse[0m
2026-04-29T05:13:14.9411700Z [36;1m  echo "has_ci=false" >> "$GITHUB_OUTPUT"[0m
2026-04-29T05:13:14.9413883Z [36;1m  echo "No CI checks on this PR after 60s — will merge without waiting."[0m
2026-04-29T05:13:14.9416205Z [36;1mfi[0m
2026-04-29T05:13:14.9454310Z shell: /usr/bin/bash -e {0}
2026-04-29T05:13:14.9456205Z env:
2026-04-29T05:13:14.9457370Z   WAIT_INTERVAL: 15
2026-04-29T05:13:14.9459396Z   GH_TOKEN: ***
2026-04-29T05:13:14.9460846Z   HEAD_SHA: d7023e7e858529ef155e87833df09b86d9806f50
2026-04-29T05:13:14.9463059Z   REPO: averycorp/prismTask
2026-04-29T05:13:14.9464517Z ##[endgroup]
2026-04-29T05:13:25.5899148Z Found 8 non-Auto-merge check(s) after 10s
2026-04-29T05:13:25.6027401Z ##[group]Run set -euo pipefail
2026-04-29T05:13:25.6027840Z [36;1mset -euo pipefail[0m
2026-04-29T05:13:25.6028306Z [36;1mREQUIRED=$(gh api "repos/$REPO/branches/main/protection/required_status_checks" \[0m
2026-04-29T05:13:25.6028832Z [36;1m  --jq '.contexts[]' 2>/dev/null || true)[0m
2026-04-29T05:13:25.6029170Z [36;1mif [ -z "$REQUIRED" ]; then[0m
2026-04-29T05:13:25.6029731Z [36;1m  echo "::warning::Could not query branch protection (likely a permission issue) — using hardcoded fallback list."[0m
2026-04-29T05:13:25.6030308Z [36;1m  REQUIRED="$FALLBACK_REQUIRED"[0m
2026-04-29T05:13:25.6030621Z [36;1mfi[0m
2026-04-29T05:13:25.6030931Z [36;1m# Strip Auto-merge from the required list so we don't wait on[0m
2026-04-29T05:13:25.6031398Z [36;1m# ourselves (it's listed because we ARE the running workflow).[0m
2026-04-29T05:13:25.6031941Z [36;1mREQUIRED=$(echo "$REQUIRED" | grep -vE '^\s*Auto-merge\s*$' | grep -vE '^\s*$' || true)[0m
2026-04-29T05:13:25.6032697Z [36;1mif [ -z "$REQUIRED" ]; then[0m
2026-04-29T05:13:25.6033089Z [36;1m  echo "No required checks beyond Auto-merge; skipping queue wait."[0m
2026-04-29T05:13:25.6033504Z [36;1m  exit 0[0m
2026-04-29T05:13:25.6033754Z [36;1mfi[0m
2026-04-29T05:13:25.6034031Z [36;1mecho "Waiting until these required checks queue:"[0m
2026-04-29T05:13:25.6034397Z [36;1mecho "$REQUIRED" | sed 's/^/  /'[0m
2026-04-29T05:13:25.6034783Z [36;1m# Audit PR #876 → CI pathway efficiency: this loop was burning[0m
2026-04-29T05:13:25.6035243Z [36;1m# ~315s/PR (PR #874 run 25035518360 + PR #873 run 25035513300)[0m
2026-04-29T05:13:25.6035704Z [36;1m# while underlying required checks were observably complete in[0m
2026-04-29T05:13:25.6036172Z [36;1m# ~30s. Mean job wall-clock was 343s with std-dev ~7s across 10[0m
2026-04-29T05:13:25.6036648Z [36;1m# runs — i.e. the loop almost always ran to its 5-minute ceiling.[0m
2026-04-29T05:13:25.6037096Z [36;1m# Two compensating mitigations + diagnostics:[0m
2026-04-29T05:13:25.6037426Z [36;1m#[0m
2026-04-29T05:13:25.6037793Z [36;1m#   (a) Cap dropped 30 → 18 attempts at 5s interval = 90s ceiling[0m
2026-04-29T05:13:25.6038229Z [36;1m#       (still > 2× the 43s race window from PR #804).[0m
2026-04-29T05:13:25.6038652Z [36;1m#   (b) Poll interval dropped 10s → 5s for faster detection.[0m
2026-04-29T05:13:25.6039124Z [36;1m#   (c) Per-iteration diagnostic prints MISSING + visible CHECK_RUNS[0m
2026-04-29T05:13:25.6039643Z [36;1m#       so future investigation can pinpoint the matching mismatch[0m
2026-04-29T05:13:25.6040159Z [36;1m#       (the immediate root-cause was not yet identified — the[0m
2026-04-29T05:13:25.6040632Z [36;1m#       MISSING list never empties even though CHECK_RUNS clearly[0m
2026-04-29T05:13:25.6041099Z [36;1m#       contains every REQUIRED name. Likely a trim/encoding edge[0m
2026-04-29T05:13:25.6041632Z [36;1m#       case in the comparison loop, but observability beats[0m
2026-04-29T05:13:25.6042181Z [36;1m#       guessing).[0m
2026-04-29T05:13:25.6042480Z [36;1mfor attempt in $(seq 1 18); do[0m
2026-04-29T05:13:25.6042948Z [36;1m  CHECK_RUNS=$(gh api --paginate "repos/$REPO/commits/$HEAD_SHA/check-runs" \[0m
2026-04-29T05:13:25.6043412Z [36;1m    --jq '.check_runs[].name' | sort -u)[0m
2026-04-29T05:13:25.6043729Z [36;1m  MISSING=""[0m
2026-04-29T05:13:25.6043981Z [36;1m  while IFS= read -r req; do[0m
2026-04-29T05:13:25.6044273Z [36;1m    [ -z "$req" ] && continue[0m
2026-04-29T05:13:25.6044573Z [36;1m    req_trimmed=$(echo "$req" | xargs)[0m
2026-04-29T05:13:25.6044943Z [36;1m    if ! echo "$CHECK_RUNS" | grep -qxF "$req_trimmed"; then[0m
2026-04-29T05:13:25.6045573Z [36;1m      MISSING="$MISSING $req_trimmed"[0m
2026-04-29T05:13:25.6045866Z [36;1m    fi[0m
2026-04-29T05:13:25.6046088Z [36;1m  done <<< "$REQUIRED"[0m
2026-04-29T05:13:25.6046363Z [36;1m  if [ -z "$MISSING" ]; then[0m
2026-04-29T05:13:25.6046810Z [36;1m    echo "All required checks have queued after attempt $attempt (~$((attempt * 5))s)."[0m
2026-04-29T05:13:25.6047425Z [36;1m    exit 0[0m
2026-04-29T05:13:25.6047651Z [36;1m  fi[0m
2026-04-29T05:13:25.6047941Z [36;1m  echo "Attempt $attempt/18 — still missing:$MISSING"[0m
2026-04-29T05:13:25.6048433Z [36;1m  echo "  Visible check-runs: $(echo "$CHECK_RUNS" | tr '\n' ',' | sed 's/,$//')"[0m
2026-04-29T05:13:25.6048853Z [36;1m  sleep 5[0m
2026-04-29T05:13:25.6049081Z [36;1mdone[0m
2026-04-29T05:13:25.6049577Z [36;1mecho "::warning::Some required checks never queued after 90s:$MISSING — proceeding to wait-on-check-action anyway."[0m
2026-04-29T05:13:25.6071669Z shell: /usr/bin/bash -e {0}
2026-04-29T05:13:25.6071963Z env:
2026-04-29T05:13:25.6072349Z   WAIT_INTERVAL: 15
2026-04-29T05:13:25.6072978Z   GH_TOKEN: ***
2026-04-29T05:13:25.6073262Z   HEAD_SHA: d7023e7e858529ef155e87833df09b86d9806f50
2026-04-29T05:13:25.6073612Z   REPO: averycorp/prismTask
2026-04-29T05:13:25.6074000Z   FALLBACK_REQUIRED: lint-and-test
connected-tests
test
web-lint-and-test

2026-04-29T05:13:25.6074433Z ##[endgroup]
2026-04-29T05:13:25.8302935Z Waiting until these required checks queue:
2026-04-29T05:13:25.8316590Z   {"message":"Resource not accessible by integration","documentation_url":"https://docs.github.com/rest/branches/branch-protection#get-status-checks-protection","status":"403"}
2026-04-29T05:13:26.2480170Z Attempt 1/18 — still missing: {message:Resource not accessible by integration,documentation_url:https://docs.github.com/rest/branches/branch-protection#get-status-checks-protection,status:403}
2026-04-29T05:13:26.2502928Z   Visible check-runs: Auto-merge,autofix,connected-tests,cross-device-tests,e2e,lint-and-test,maybe-label,test,web-lint-and-test
2026-04-29T05:13:31.7135599Z Attempt 2/18 — still missing: {message:Resource not accessible by integration,documentation_url:https://docs.github.com/rest/branches/branch-protection#get-status-checks-protection,status:403}
2026-04-29T05:13:31.7156769Z   Visible check-runs: Auto-merge,autofix,connected-tests,cross-device-tests,e2e,lint-and-test,maybe-label,test,web-lint-and-test
2026-04-29T05:13:37.1262686Z Attempt 3/18 — still missing: {message:Resource not accessible by integration,documentation_url:https://docs.github.com/rest/branches/branch-protection#get-status-checks-protection,status:403}
2026-04-29T05:13:37.1282660Z   Visible check-runs: Auto-merge,autofix,connected-tests,cross-device-tests,e2e,lint-and-test,maybe-label,test,web-lint-and-test
2026-04-29T05:13:42.5639658Z Attempt 4/18 — still missing: {message:Resource not accessible by integration,documentation_url:https://docs.github.com/rest/branches/branch-protection#get-status-checks-protection,status:403}
2026-04-29T05:13:42.5662303Z   Visible check-runs: Auto-merge,autofix,capture-failure-log,connected-tests,cross-device-tests,e2e,lint-and-test,maybe-label,test,web-lint-and-test
2026-04-29T05:13:48.0438341Z Attempt 5/18 — still missing: {message:Resource not accessible by integration,documentation_url:https://docs.github.com/rest/branches/branch-protection#get-status-checks-protection,status:403}
2026-04-29T05:13:48.0461026Z   Visible check-runs: Auto-merge,autofix,capture-failure-log,connected-tests,cross-device-tests,e2e,lint-and-test,maybe-label,test,web-lint-and-test
2026-04-29T05:13:53.5663509Z Attempt 6/18 — still missing: {message:Resource not accessible by integration,documentation_url:https://docs.github.com/rest/branches/branch-protection#get-status-checks-protection,status:403}
2026-04-29T05:13:53.5685821Z   Visible check-runs: Auto-merge,autofix,capture-failure-log,connected-tests,cross-device-tests,e2e,lint-and-test,maybe-label,test,web-lint-and-test
2026-04-29T05:13:58.9952682Z Attempt 7/18 — still missing: {message:Resource not accessible by integration,documentation_url:https://docs.github.com/rest/branches/branch-protection#get-status-checks-protection,status:403}
2026-04-29T05:13:58.9971184Z   Visible check-runs: Auto-merge,autofix,capture-failure-log,connected-tests,cross-device-tests,e2e,lint-and-test,maybe-label,test,web-lint-and-test
2026-04-29T05:14:04.4691732Z Attempt 8/18 — still missing: {message:Resource not accessible by integration,documentation_url:https://docs.github.com/rest/branches/branch-protection#get-status-checks-protection,status:403}
2026-04-29T05:14:04.4711405Z   Visible check-runs: Auto-merge,autofix,capture-failure-log,connected-tests,cross-device-tests,e2e,lint-and-test,maybe-label,test,web-lint-and-test
2026-04-29T05:14:09.9520775Z Attempt 9/18 — still missing: {message:Resource not accessible by integration,documentation_url:https://docs.github.com/rest/branches/branch-protection#get-status-checks-protection,status:403}
2026-04-29T05:14:09.9545082Z   Visible check-runs: Auto-merge,autofix,capture-failure-log,connected-tests,cross-device-tests,e2e,lint-and-test,maybe-label,test,web-lint-and-test
2026-04-29T05:14:15.4146607Z Attempt 10/18 — still missing: {message:Resource not accessible by integration,documentation_url:https://docs.github.com/rest/branches/branch-protection#get-status-checks-protection,status:403}
2026-04-29T05:14:15.4173267Z   Visible check-runs: Auto-merge,autofix,capture-failure-log,connected-tests,cross-device-tests,e2e,lint-and-test,maybe-label,test,web-lint-and-test
2026-04-29T05:14:20.9308514Z Attempt 11/18 — still missing: {message:Resource not accessible by integration,documentation_url:https://docs.github.com/rest/branches/branch-protection#get-status-checks-protection,status:403}
2026-04-29T05:14:20.9330828Z   Visible check-runs: Auto-merge,autofix,capture-failure-log,connected-tests,cross-device-tests,e2e,lint-and-test,maybe-label,test,web-lint-and-test
2026-04-29T05:14:26.4144194Z Attempt 12/18 — still missing: {message:Resource not accessible by integration,documentation_url:https://docs.github.com/rest/branches/branch-protection#get-status-checks-protection,status:403}
2026-04-29T05:14:26.4166988Z   Visible check-runs: Auto-merge,autofix,capture-failure-log,connected-tests,cross-device-tests,e2e,lint-and-test,maybe-label,test,web-lint-and-test
2026-04-29T05:14:31.8630940Z Attempt 13/18 — still missing: {message:Resource not accessible by integration,documentation_url:https://docs.github.com/rest/branches/branch-protection#get-status-checks-protection,status:403}
2026-04-29T05:14:31.8653624Z   Visible check-runs: Auto-merge,autofix,capture-failure-log,connected-tests,cross-device-tests,e2e,lint-and-test,maybe-label,test,web-lint-and-test
2026-04-29T05:14:37.3470088Z Attempt 14/18 — still missing: {message:Resource not accessible by integration,documentation_url:https://docs.github.com/rest/branches/branch-protection#get-status-checks-protection,status:403}
2026-04-29T05:14:37.3492865Z   Visible check-runs: Auto-merge,autofix,capture-failure-log,connected-tests,cross-device-tests,e2e,lint-and-test,maybe-label,test,web-lint-and-test
2026-04-29T05:14:42.8453413Z Attempt 15/18 — still missing: {message:Resource not accessible by integration,documentation_url:https://docs.github.com/rest/branches/branch-protection#get-status-checks-protection,status:403}
2026-04-29T05:14:42.8475923Z   Visible check-runs: Auto-merge,autofix,capture-failure-log,connected-tests,cross-device-tests,e2e,lint-and-test,maybe-label,test,web-lint-and-test
2026-04-29T05:14:48.3278501Z Attempt 16/18 — still missing: {message:Resource not accessible by integration,documentation_url:https://docs.github.com/rest/branches/branch-protection#get-status-checks-protection,status:403}
2026-04-29T05:14:48.3301264Z   Visible check-runs: Auto-merge,autofix,capture-failure-log,connected-tests,cross-device-tests,e2e,lint-and-test,maybe-label,test,web-lint-and-test
2026-04-29T05:14:53.7778535Z Attempt 17/18 — still missing: {message:Resource not accessible by integration,documentation_url:https://docs.github.com/rest/branches/branch-protection#get-status-checks-protection,status:403}
2026-04-29T05:14:53.7802643Z   Visible check-runs: Auto-merge,autofix,capture-failure-log,connected-tests,cross-device-tests,e2e,lint-and-test,maybe-label,test,web-lint-and-test
2026-04-29T05:14:59.2342553Z Attempt 18/18 — still missing: {message:Resource not accessible by integration,documentation_url:https://docs.github.com/rest/branches/branch-protection#get-status-checks-protection,status:403}
2026-04-29T05:14:59.2364036Z   Visible check-runs: Auto-merge,autofix,capture-failure-log,connected-tests,cross-device-tests,e2e,lint-and-test,maybe-label,test,web-lint-and-test
2026-04-29T05:15:04.2414091Z ##[warning]Some required checks never queued after 90s: {message:Resource not accessible by integration,documentation_url:https://docs.github.com/rest/branches/branch-protection#get-status-checks-protection,status:403} — proceeding to wait-on-check-action anyway.
2026-04-29T05:15:04.2633471Z ##[group]Run lewagon/wait-on-check-action@ccfb013c15c8afb7bf2b7c028fb74dc5a068cccc
2026-04-29T05:15:04.2633925Z with:
2026-04-29T05:15:04.2634127Z   ref: d7023e7e858529ef155e87833df09b86d9806f50
2026-04-29T05:15:04.2634404Z   running-workflow-name: Auto-merge
2026-04-29T05:15:04.2634836Z   repo-token: ***
2026-04-29T05:15:04.2635022Z   wait-interval: 15
2026-04-29T05:15:04.2635245Z   allowed-conclusions: success,skipped,neutral
2026-04-29T05:15:04.2635516Z   verbose: true
2026-04-29T05:15:04.2635689Z env:
2026-04-29T05:15:04.2635840Z   WAIT_INTERVAL: 15
2026-04-29T05:15:04.2636009Z ##[endgroup]
2026-04-29T05:15:04.2765530Z ##[group]Run ruby/setup-ruby@v1
2026-04-29T05:15:04.2765782Z with:
2026-04-29T05:15:04.2765950Z   ruby-version: 3.2
2026-04-29T05:15:04.2766151Z   bundler-cache: false
2026-04-29T05:15:04.2766476Z   token: ***
2026-04-29T05:15:04.2766636Z env:
2026-04-29T05:15:04.2766794Z   WAIT_INTERVAL: 15
2026-04-29T05:15:04.2766968Z ##[endgroup]
2026-04-29T05:15:04.6207556Z ##[group]Modifying PATH
2026-04-29T05:15:04.6210480Z Entries added to PATH to use selected Ruby:
2026-04-29T05:15:04.6211183Z   /opt/hostedtoolcache/Ruby/3.2.11/x64/bin
2026-04-29T05:15:04.6215619Z ##[endgroup]
2026-04-29T05:15:04.6216344Z ##[group]Print Ruby version
2026-04-29T05:15:04.6302580Z [command]/opt/hostedtoolcache/Ruby/3.2.11/x64/bin/ruby --version
2026-04-29T05:15:04.8410259Z ruby 3.2.11 (2026-03-27 revision 5483bfc1ae) [x86_64-linux]
2026-04-29T05:15:04.8439652Z Took   0.22 seconds
2026-04-29T05:15:04.8440460Z ##[endgroup]
2026-04-29T05:15:04.8441706Z ##[group]Installing Bundler
2026-04-29T05:15:04.8446180Z Using Bundler shipped with ruby-3.2.11
2026-04-29T05:15:04.8447121Z Took   0.00 seconds
2026-04-29T05:15:04.8447757Z ##[endgroup]
2026-04-29T05:15:04.9087948Z ##[group]Run actions/cache@v4
2026-04-29T05:15:04.9088220Z with:
2026-04-29T05:15:04.9088662Z   path: /home/runner/work/_actions/lewagon/wait-on-check-action/ccfb013c15c8afb7bf2b7c028fb74dc5a068cccc
2026-04-29T05:15:04.9089204Z   key: Linux-gems-
2026-04-29T05:15:04.9089412Z   restore-keys: Linux-gems-
2026-04-29T05:15:04.9089674Z   enableCrossOsArchive: false
2026-04-29T05:15:04.9089924Z   fail-on-cache-miss: false
2026-04-29T05:15:04.9090148Z   lookup-only: false
2026-04-29T05:15:04.9090354Z   save-always: false
2026-04-29T05:15:04.9090539Z env:
2026-04-29T05:15:04.9090714Z   WAIT_INTERVAL: 15
2026-04-29T05:15:04.9090911Z ##[endgroup]
2026-04-29T05:15:05.1719317Z Cache hit for: Linux-gems-
2026-04-29T05:15:05.3394726Z Received 13088 of 13088 (100.0%), 0.4 MBs/sec
2026-04-29T05:15:05.3395797Z Cache Size: ~0 MB (13088 B)
2026-04-29T05:15:05.3440956Z [command]/usr/bin/tar -xf /home/runner/work/_temp/a42b9911-e35f-4308-932f-24f1866ac1be/cache.tzst -P -C /home/runner/work/prismTask/prismTask --use-compress-program unzstd
2026-04-29T05:15:05.3501973Z Cache restored successfully
2026-04-29T05:15:05.3580029Z Cache restored from key: Linux-gems-
2026-04-29T05:15:05.3652989Z ##[group]Run bundle install --jobs 4 --retry 3
2026-04-29T05:15:05.3653450Z [36;1mbundle install --jobs 4 --retry 3[0m
2026-04-29T05:15:05.3677328Z shell: /usr/bin/bash --noprofile --norc -e -o pipefail {0}
2026-04-29T05:15:05.3677646Z env:
2026-04-29T05:15:05.3677816Z   WAIT_INTERVAL: 15
2026-04-29T05:15:05.3678013Z ##[endgroup]
2026-04-29T05:15:07.1616084Z Bundler 2.4.19 is running, but your lockfile was generated with 2.2.3. Installing Bundler 2.2.3 and restarting using that version.
2026-04-29T05:15:08.9844758Z Fetching gem metadata from https://rubygems.org/.
2026-04-29T05:15:08.9920513Z Fetching bundler 2.2.3
2026-04-29T05:15:09.1384707Z Installing bundler 2.2.3
2026-04-29T05:15:09.3285770Z Calling `DidYouMean::SPELL_CHECKERS.merge!(error_name => spell_checker)' has been deprecated. Please call `DidYouMean.correct_error(error_name, spell_checker)' instead.
2026-04-29T05:15:10.6285180Z Fetching gem metadata from https://rubygems.org/.........
2026-04-29T05:15:10.6385538Z Fetching zeitwerk 2.6.7
2026-04-29T05:15:10.6678040Z Fetching minitest 5.18.0
2026-04-29T05:15:10.6918051Z Fetching public_suffix 4.0.7
2026-04-29T05:15:10.7138835Z Fetching concurrent-ruby 1.2.2
2026-04-29T05:15:10.7550128Z Installing zeitwerk 2.6.7
2026-04-29T05:15:10.7797543Z Installing minitest 5.18.0
2026-04-29T05:15:10.7854578Z Installing public_suffix 4.0.7
2026-04-29T05:15:10.7955343Z Installing concurrent-ruby 1.2.2
2026-04-29T05:15:10.8362155Z Fetching ast 2.4.2
2026-04-29T05:15:10.8627099Z Using bundler 2.2.3
2026-04-29T05:15:10.8642811Z Fetching byebug 11.1.3
2026-04-29T05:15:10.8999132Z Installing ast 2.4.2
2026-04-29T05:15:10.9163376Z Installing byebug 11.1.3 with native extensions
2026-04-29T05:15:10.9220324Z Fetching diff-lcs 1.4.4
2026-04-29T05:15:10.9769691Z Fetching faraday-net_http 2.0.3
2026-04-29T05:15:11.0028319Z Installing diff-lcs 1.4.4
2026-04-29T05:15:11.0176524Z Installing faraday-net_http 2.0.3
2026-04-29T05:15:11.0315158Z Using ruby2_keywords 0.0.5
2026-04-29T05:15:11.0336052Z Fetching json 2.7.1
2026-04-29T05:15:11.0779435Z Installing json 2.7.1 with native extensions
2026-04-29T05:15:11.1008968Z Fetching language_server-protocol 3.17.0.3
2026-04-29T05:15:11.1514714Z Installing language_server-protocol 3.17.0.3
2026-04-29T05:15:11.2139681Z Fetching lint_roller 1.1.0
2026-04-29T05:15:11.2741408Z Installing lint_roller 1.1.0
2026-04-29T05:15:11.3003103Z Fetching parallel 1.24.0
2026-04-29T05:15:11.3495563Z Installing parallel 1.24.0
2026-04-29T05:15:11.3598362Z Fetching racc 1.7.3
2026-04-29T05:15:11.4015872Z Installing racc 1.7.3 with native extensions
2026-04-29T05:15:11.4461040Z Fetching rainbow 3.1.1
2026-04-29T05:15:11.4790620Z Installing rainbow 3.1.1
2026-04-29T05:15:11.4857296Z Fetching regexp_parser 2.8.3
2026-04-29T05:15:11.5249737Z Installing regexp_parser 2.8.3
2026-04-29T05:15:11.5477942Z Fetching rexml 3.2.6
2026-04-29T05:15:11.5903937Z Installing rexml 3.2.6
2026-04-29T05:15:11.6909330Z Fetching rspec-support 3.10.1
2026-04-29T05:15:11.7257077Z Installing rspec-support 3.10.1
2026-04-29T05:15:11.7380797Z Fetching ruby-progressbar 1.13.0
2026-04-29T05:15:11.7765701Z Installing ruby-progressbar 1.13.0
2026-04-29T05:15:11.7871732Z Fetching unicode-display_width 2.5.0
2026-04-29T05:15:11.8273149Z Installing unicode-display_width 2.5.0
2026-04-29T05:15:11.8326411Z Fetching addressable 2.8.0
2026-04-29T05:15:11.8796092Z Installing addressable 2.8.0
2026-04-29T05:15:11.8942162Z Fetching faraday 2.3.0
2026-04-29T05:15:11.9360796Z Installing faraday 2.3.0
2026-04-29T05:15:11.9569949Z Fetching i18n 1.12.0
2026-04-29T05:15:11.9972576Z Installing i18n 1.12.0
2026-04-29T05:15:12.0144388Z Fetching tzinfo 2.0.6
2026-04-29T05:15:12.0562616Z Installing tzinfo 2.0.6
2026-04-29T05:15:12.0729786Z Fetching rspec-core 3.10.1
2026-04-29T05:15:12.1263091Z Installing rspec-core 3.10.1
2026-04-29T05:15:12.1673819Z Fetching rspec-expectations 3.10.1
2026-04-29T05:15:12.2315406Z Installing rspec-expectations 3.10.1
2026-04-29T05:15:12.2613027Z Fetching rspec-mocks 3.10.1
2026-04-29T05:15:12.3239594Z Installing rspec-mocks 3.10.1
2026-04-29T05:15:12.3483746Z Fetching faraday-retry 2.0.0
2026-04-29T05:15:12.4063092Z Installing faraday-retry 2.0.0
2026-04-29T05:15:12.4143419Z Fetching sawyer 0.9.2
2026-04-29T05:15:12.4730723Z Installing sawyer 0.9.2
2026-04-29T05:15:12.4842801Z Fetching activesupport 6.1.7.3
2026-04-29T05:15:12.5597620Z Installing activesupport 6.1.7.3
2026-04-29T05:15:12.6543076Z Fetching rspec 3.10.0
2026-04-29T05:15:12.7140875Z Installing rspec 3.10.0
2026-04-29T05:15:12.7265880Z Fetching octokit 4.25.0
2026-04-29T05:15:12.7717252Z Fetching parser 3.2.2.4
2026-04-29T05:15:12.8578213Z Installing octokit 4.25.0
2026-04-29T05:15:12.9143793Z Installing parser 3.2.2.4
2026-04-29T05:15:13.0379489Z Fetching rubocop-ast 1.30.0
2026-04-29T05:15:13.0977757Z Installing rubocop-ast 1.30.0
2026-04-29T05:15:14.5591181Z Fetching rubocop 1.57.2
2026-04-29T05:15:14.6187591Z Installing rubocop 1.57.2
2026-04-29T05:15:14.7931897Z Fetching rubocop-performance 1.19.1
2026-04-29T05:15:14.7938385Z Fetching standard-custom 1.0.2
2026-04-29T05:15:14.8523096Z Installing standard-custom 1.0.2
2026-04-29T05:15:14.8541491Z Installing rubocop-performance 1.19.1
2026-04-29T05:15:14.8734040Z Fetching standard-performance 1.2.1
2026-04-29T05:15:14.9068659Z Installing standard-performance 1.2.1
2026-04-29T05:15:14.9140594Z Fetching standard 1.32.1
2026-04-29T05:15:14.9491438Z Installing standard 1.32.1
2026-04-29T05:15:15.0381326Z Bundle complete! 6 Gemfile dependencies, 40 gems now installed.
2026-04-29T05:15:15.0382691Z Use `bundle info [gemname]` to see where a bundled gem is installed.
2026-04-29T05:15:15.0954406Z ##[group]Run ruby entrypoint.rb
2026-04-29T05:15:15.0954678Z [36;1mruby entrypoint.rb[0m
2026-04-29T05:15:15.0975699Z shell: /usr/bin/bash --noprofile --norc -e -o pipefail {0}
2026-04-29T05:15:15.0976019Z env:
2026-04-29T05:15:15.0976189Z   WAIT_INTERVAL: 15
2026-04-29T05:15:15.0976420Z   ALLOWED_CONCLUSIONS: success,skipped,neutral
2026-04-29T05:15:15.0976704Z   IGNORE_CHECKS: 
2026-04-29T05:15:15.0976883Z   CHECK_NAME: 
2026-04-29T05:15:15.0977057Z   CHECK_REGEXP: 
2026-04-29T05:15:15.0977280Z   REF: d7023e7e858529ef155e87833df09b86d9806f50
2026-04-29T05:15:15.0977761Z   REPO_TOKEN: ***
2026-04-29T05:15:15.0977953Z   VERBOSE: true
2026-04-29T05:15:15.0978143Z   RUNNING_WORKFLOW_NAME: Auto-merge
2026-04-29T05:15:15.0978384Z   API_ENDPOINT: 
2026-04-29T05:15:15.0978562Z ##[endgroup]
2026-04-29T05:17:19.9287727Z Checks running on ref:
2026-04-29T05:17:19.9288502Z Checks completed: capture-failure-log, capture-failure-log, e2e, maybe-label, test, web-lint-and-test
2026-04-29T05:17:19.9289515Z Checks in_progress: Auto-merge, lint-and-test, autofix, cross-device-tests, connected-tests
2026-04-29T05:17:19.9290233Z Checks after ignore checks filter:
2026-04-29T05:17:19.9291031Z Checks completed: capture-failure-log, capture-failure-log, e2e, maybe-label, test, web-lint-and-test
2026-04-29T05:17:19.9291959Z Checks in_progress: lint-and-test, autofix, cross-device-tests, connected-tests
2026-04-29T05:17:19.9292928Z Checks after check_name filter:
2026-04-29T05:17:19.9293791Z Checks completed: capture-failure-log, capture-failure-log, e2e, maybe-label, test, web-lint-and-test
2026-04-29T05:17:19.9294609Z Checks in_progress: lint-and-test, autofix, cross-device-tests, connected-tests
2026-04-29T05:17:19.9295010Z Checks after Regexp filter:
2026-04-29T05:17:19.9295444Z Checks completed: capture-failure-log, capture-failure-log, e2e, maybe-label, test, web-lint-and-test
2026-04-29T05:17:19.9296031Z Checks in_progress: lint-and-test, autofix, cross-device-tests, connected-tests
2026-04-29T05:17:19.9296533Z The requested checks aren't complete yet, will check back in 15 seconds...
2026-04-29T05:17:19.9296887Z Checks running on ref:
2026-04-29T05:17:19.9297300Z Checks completed: capture-failure-log, capture-failure-log, e2e, maybe-label, test, web-lint-and-test
2026-04-29T05:17:19.9297928Z Checks in_progress: Auto-merge, lint-and-test, autofix, cross-device-tests, connected-tests
2026-04-29T05:17:19.9298359Z Checks after ignore checks filter:
2026-04-29T05:17:19.9298803Z Checks completed: capture-failure-log, capture-failure-log, e2e, maybe-label, test, web-lint-and-test
2026-04-29T05:17:19.9299745Z Checks in_progress: lint-and-test, autofix, cross-device-tests, connected-tests
2026-04-29T05:17:19.9300124Z Checks after check_name filter:
2026-04-29T05:17:19.9300548Z Checks completed: capture-failure-log, capture-failure-log, e2e, maybe-label, test, web-lint-and-test
2026-04-29T05:17:19.9301123Z Checks in_progress: lint-and-test, autofix, cross-device-tests, connected-tests
2026-04-29T05:17:19.9301491Z Checks after Regexp filter:
2026-04-29T05:17:19.9301912Z Checks completed: capture-failure-log, capture-failure-log, e2e, maybe-label, test, web-lint-and-test
2026-04-29T05:17:19.9302814Z Checks in_progress: lint-and-test, autofix, cross-device-tests, connected-tests
2026-04-29T05:17:19.9303292Z The requested checks aren't complete yet, will check back in 15 seconds...
2026-04-29T05:17:19.9303643Z Checks running on ref:
2026-04-29T05:17:19.9304213Z Checks completed: capture-failure-log, capture-failure-log, e2e, maybe-label, test, web-lint-and-test
2026-04-29T05:17:19.9304840Z Checks in_progress: Auto-merge, lint-and-test, autofix, cross-device-tests, connected-tests
2026-04-29T05:17:19.9305267Z Checks after ignore checks filter:
2026-04-29T05:17:19.9305707Z Checks completed: capture-failure-log, capture-failure-log, e2e, maybe-label, test, web-lint-and-test
2026-04-29T05:17:19.9306274Z Checks in_progress: lint-and-test, autofix, cross-device-tests, connected-tests
2026-04-29T05:17:19.9306651Z Checks after check_name filter:
2026-04-29T05:17:19.9307073Z Checks completed: capture-failure-log, capture-failure-log, e2e, maybe-label, test, web-lint-and-test
2026-04-29T05:17:19.9307650Z Checks in_progress: lint-and-test, autofix, cross-device-tests, connected-tests
2026-04-29T05:17:19.9308021Z Checks after Regexp filter:
2026-04-29T05:17:19.9308427Z Checks completed: capture-failure-log, capture-failure-log, e2e, maybe-label, test, web-lint-and-test
2026-04-29T05:17:19.9309002Z Checks in_progress: lint-and-test, autofix, cross-device-tests, connected-tests
2026-04-29T05:17:19.9309473Z The requested checks aren't complete yet, will check back in 15 seconds...
2026-04-29T05:17:19.9309822Z Checks running on ref:
2026-04-29T05:17:19.9310249Z Checks completed: capture-failure-log, capture-failure-log, e2e, autofix, maybe-label, test, web-lint-and-test
2026-04-29T05:17:19.9310874Z Checks in_progress: Auto-merge, lint-and-test, cross-device-tests, connected-tests
2026-04-29T05:17:19.9311267Z Checks after ignore checks filter:
2026-04-29T05:17:19.9311733Z Checks completed: capture-failure-log, capture-failure-log, e2e, autofix, maybe-label, test, web-lint-and-test
2026-04-29T05:17:19.9312774Z Checks in_progress: lint-and-test, cross-device-tests, connected-tests
2026-04-29T05:17:19.9313232Z Checks after check_name filter:
2026-04-29T05:17:19.9313684Z Checks completed: capture-failure-log, capture-failure-log, e2e, autofix, maybe-label, test, web-lint-and-test
2026-04-29T05:17:19.9314264Z Checks in_progress: lint-and-test, cross-device-tests, connected-tests
2026-04-29T05:17:19.9314613Z Checks after Regexp filter:
2026-04-29T05:17:19.9315054Z Checks completed: capture-failure-log, capture-failure-log, e2e, autofix, maybe-label, test, web-lint-and-test
2026-04-29T05:17:19.9315628Z Checks in_progress: lint-and-test, cross-device-tests, connected-tests
2026-04-29T05:17:19.9316067Z The requested checks aren't complete yet, will check back in 15 seconds...
2026-04-29T05:17:19.9316415Z Checks running on ref:
2026-04-29T05:17:19.9316837Z Checks completed: capture-failure-log, capture-failure-log, e2e, autofix, maybe-label, test, web-lint-and-test
2026-04-29T05:17:19.9317442Z Checks in_progress: Auto-merge, lint-and-test, cross-device-tests, connected-tests
2026-04-29T05:17:19.9317830Z Checks after ignore checks filter:
2026-04-29T05:17:19.9318288Z Checks completed: capture-failure-log, capture-failure-log, e2e, autofix, maybe-label, test, web-lint-and-test
2026-04-29T05:17:19.9318860Z Checks in_progress: lint-and-test, cross-device-tests, connected-tests
2026-04-29T05:17:19.9319199Z Checks after check_name filter:
2026-04-29T05:17:19.9319808Z Checks completed: capture-failure-log, capture-failure-log, e2e, autofix, maybe-label, test, web-lint-and-test
2026-04-29T05:17:19.9320383Z Checks in_progress: lint-and-test, cross-device-tests, connected-tests
2026-04-29T05:17:19.9320727Z Checks after Regexp filter:
2026-04-29T05:17:19.9321164Z Checks completed: capture-failure-log, capture-failure-log, e2e, autofix, maybe-label, test, web-lint-and-test
2026-04-29T05:17:19.9321732Z Checks in_progress: lint-and-test, cross-device-tests, connected-tests
2026-04-29T05:17:19.9322421Z The requested checks aren't complete yet, will check back in 15 seconds...
2026-04-29T05:17:19.9322836Z Checks running on ref:
2026-04-29T05:17:19.9323262Z Checks completed: capture-failure-log, capture-failure-log, e2e, autofix, maybe-label, test, web-lint-and-test
2026-04-29T05:17:19.9323874Z Checks in_progress: Auto-merge, lint-and-test, cross-device-tests, connected-tests
2026-04-29T05:17:19.9324395Z Checks after ignore checks filter:
2026-04-29T05:17:19.9324860Z Checks completed: capture-failure-log, capture-failure-log, e2e, autofix, maybe-label, test, web-lint-and-test
2026-04-29T05:17:19.9325438Z Checks in_progress: lint-and-test, cross-device-tests, connected-tests
2026-04-29T05:17:19.9325782Z Checks after check_name filter:
2026-04-29T05:17:19.9326228Z Checks completed: capture-failure-log, capture-failure-log, e2e, autofix, maybe-label, test, web-lint-and-test
2026-04-29T05:17:19.9326794Z Checks in_progress: lint-and-test, cross-device-tests, connected-tests
2026-04-29T05:17:19.9327134Z Checks after Regexp filter:
2026-04-29T05:17:19.9327575Z Checks completed: capture-failure-log, capture-failure-log, e2e, autofix, maybe-label, test, web-lint-and-test
2026-04-29T05:17:19.9328148Z Checks in_progress: lint-and-test, cross-device-tests, connected-tests
2026-04-29T05:17:19.9328586Z The requested checks aren't complete yet, will check back in 15 seconds...
2026-04-29T05:17:19.9328923Z Checks running on ref:
2026-04-29T05:17:19.9329354Z Checks completed: capture-failure-log, capture-failure-log, e2e, autofix, maybe-label, test, web-lint-and-test
2026-04-29T05:17:19.9348631Z Checks in_progress: Auto-merge, lint-and-test, cross-device-tests, connected-tests
2026-04-29T05:17:19.9349115Z Checks after ignore checks filter:
2026-04-29T05:17:19.9349625Z Checks completed: capture-failure-log, capture-failure-log, e2e, autofix, maybe-label, test, web-lint-and-test
2026-04-29T05:17:19.9350244Z Checks in_progress: lint-and-test, cross-device-tests, connected-tests
2026-04-29T05:17:19.9350607Z Checks after check_name filter:
2026-04-29T05:17:19.9351076Z Checks completed: capture-failure-log, capture-failure-log, e2e, autofix, maybe-label, test, web-lint-and-test
2026-04-29T05:17:19.9351666Z Checks in_progress: lint-and-test, cross-device-tests, connected-tests
2026-04-29T05:17:19.9352305Z Checks after Regexp filter:
2026-04-29T05:17:19.9352834Z Checks completed: capture-failure-log, capture-failure-log, e2e, autofix, maybe-label, test, web-lint-and-test
2026-04-29T05:17:19.9353451Z Checks in_progress: lint-and-test, cross-device-tests, connected-tests
2026-04-29T05:17:19.9353897Z The requested checks aren't complete yet, will check back in 15 seconds...
2026-04-29T05:17:19.9354255Z Checks running on ref:
2026-04-29T05:17:19.9354699Z Checks completed: capture-failure-log, capture-failure-log, e2e, autofix, maybe-label, test, web-lint-and-test
2026-04-29T05:17:19.9355326Z Checks in_progress: Auto-merge, lint-and-test, cross-device-tests, connected-tests
2026-04-29T05:17:19.9355725Z Checks after ignore checks filter:
2026-04-29T05:17:19.9356181Z Checks completed: capture-failure-log, capture-failure-log, e2e, autofix, maybe-label, test, web-lint-and-test
2026-04-29T05:17:19.9356781Z Checks in_progress: lint-and-test, cross-device-tests, connected-tests
2026-04-29T05:17:19.9357134Z Checks after check_name filter:
2026-04-29T05:17:19.9357593Z Checks completed: capture-failure-log, capture-failure-log, e2e, autofix, maybe-label, test, web-lint-and-test
2026-04-29T05:17:19.9358163Z Checks in_progress: lint-and-test, cross-device-tests, connected-tests
2026-04-29T05:17:19.9358694Z Checks after Regexp filter:
2026-04-29T05:17:19.9359140Z Checks completed: capture-failure-log, capture-failure-log, e2e, autofix, maybe-label, test, web-lint-and-test
2026-04-29T05:17:19.9359716Z Checks in_progress: lint-and-test, cross-device-tests, connected-tests
2026-04-29T05:17:19.9360159Z The requested checks aren't complete yet, will check back in 15 seconds...
2026-04-29T05:17:19.9360503Z Checks running on ref:
2026-04-29T05:17:19.9360931Z Checks completed: capture-failure-log, capture-failure-log, e2e, autofix, maybe-label, test, web-lint-and-test
2026-04-29T05:17:19.9361548Z Checks in_progress: Auto-merge, lint-and-test, cross-device-tests, connected-tests
2026-04-29T05:17:19.9361943Z Checks after ignore checks filter:
2026-04-29T05:17:19.9362547Z Checks completed: capture-failure-log, capture-failure-log, e2e, autofix, maybe-label, test, web-lint-and-test
2026-04-29T05:17:19.9363266Z Checks in_progress: lint-and-test, cross-device-tests, connected-tests
2026-04-29T05:17:19.9363641Z Checks after check_name filter:
2026-04-29T05:17:19.9364091Z Checks completed: capture-failure-log, capture-failure-log, e2e, autofix, maybe-label, test, web-lint-and-test
2026-04-29T05:17:19.9364666Z Checks in_progress: lint-and-test, cross-device-tests, connected-tests
2026-04-29T05:17:19.9365006Z Checks after Regexp filter:
2026-04-29T05:19:38.8777406Z Checks completed: capture-failure-log, capture-failure-log, e2e, autofix, maybe-label, test, web-lint-and-test
2026-04-29T05:19:38.8778708Z Checks in_progress: lint-and-test, cross-device-tests, connected-tests
2026-04-29T05:19:38.8779731Z The requested checks aren't complete yet, will check back in 15 seconds...
2026-04-29T05:19:38.8780554Z Checks running on ref:
2026-04-29T05:19:38.8781461Z Checks completed: capture-failure-log, capture-failure-log, e2e, autofix, maybe-label, test, web-lint-and-test
2026-04-29T05:19:38.8783200Z Checks in_progress: Auto-merge, lint-and-test, cross-device-tests, connected-tests
2026-04-29T05:19:38.8783778Z Checks after ignore checks filter:
2026-04-29T05:19:38.8784374Z Checks completed: capture-failure-log, capture-failure-log, e2e, autofix, maybe-label, test, web-lint-and-test
2026-04-29T05:19:38.8785109Z Checks in_progress: lint-and-test, cross-device-tests, connected-tests
2026-04-29T05:19:38.8785536Z Checks after check_name filter:
2026-04-29T05:19:38.8786104Z Checks completed: capture-failure-log, capture-failure-log, e2e, autofix, maybe-label, test, web-lint-and-test
2026-04-29T05:19:38.8786831Z Checks in_progress: lint-and-test, cross-device-tests, connected-tests
2026-04-29T05:19:38.8787267Z Checks after Regexp filter:
2026-04-29T05:19:38.8787823Z Checks completed: capture-failure-log, capture-failure-log, e2e, autofix, maybe-label, test, web-lint-and-test
2026-04-29T05:19:38.8788555Z Checks in_progress: lint-and-test, cross-device-tests, connected-tests
2026-04-29T05:19:38.8789121Z The requested checks aren't complete yet, will check back in 15 seconds...
2026-04-29T05:19:38.8789566Z Checks running on ref:
2026-04-29T05:19:38.8790106Z Checks completed: capture-failure-log, capture-failure-log, e2e, autofix, maybe-label, test, web-lint-and-test
2026-04-29T05:19:38.8790874Z Checks in_progress: Auto-merge, lint-and-test, cross-device-tests, connected-tests
2026-04-29T05:19:38.8791363Z Checks after ignore checks filter:
2026-04-29T05:19:38.8791941Z Checks completed: capture-failure-log, capture-failure-log, e2e, autofix, maybe-label, test, web-lint-and-test
2026-04-29T05:19:38.8792892Z Checks in_progress: lint-and-test, cross-device-tests, connected-tests
2026-04-29T05:19:38.8793319Z Checks after check_name filter:
2026-04-29T05:19:38.8793989Z Checks completed: capture-failure-log, capture-failure-log, e2e, autofix, maybe-label, test, web-lint-and-test
2026-04-29T05:19:38.8795022Z Checks in_progress: lint-and-test, cross-device-tests, connected-tests
2026-04-29T05:19:38.8795482Z Checks after Regexp filter:
2026-04-29T05:19:38.8795948Z Checks completed: capture-failure-log, capture-failure-log, e2e, autofix, maybe-label, test, web-lint-and-test
2026-04-29T05:19:38.8797140Z Checks in_progress: lint-and-test, cross-device-tests, connected-tests
2026-04-29T05:19:38.8797610Z The requested checks aren't complete yet, will check back in 15 seconds...
2026-04-29T05:19:38.8797965Z Checks running on ref:
2026-04-29T05:19:38.8798481Z Checks completed: capture-failure-log, capture-failure-log, e2e, autofix, cross-device-tests, maybe-label, test, web-lint-and-test
2026-04-29T05:19:38.8799118Z Checks in_progress: Auto-merge, lint-and-test, connected-tests
2026-04-29T05:19:38.8799451Z Checks after ignore checks filter:
2026-04-29T05:19:38.8799991Z Checks completed: capture-failure-log, capture-failure-log, e2e, autofix, cross-device-tests, maybe-label, test, web-lint-and-test
2026-04-29T05:19:38.8800583Z Checks in_progress: lint-and-test, connected-tests
2026-04-29T05:19:38.8800874Z Checks after check_name filter:
2026-04-29T05:19:38.8801540Z Checks completed: capture-failure-log, capture-failure-log, e2e, autofix, cross-device-tests, maybe-label, test, web-lint-and-test
2026-04-29T05:19:38.8802407Z Checks in_progress: lint-and-test, connected-tests
2026-04-29T05:19:38.8802688Z Checks after Regexp filter:
2026-04-29T05:19:38.8803206Z Checks completed: capture-failure-log, capture-failure-log, e2e, autofix, cross-device-tests, maybe-label, test, web-lint-and-test
2026-04-29T05:19:38.8803814Z Checks in_progress: lint-and-test, connected-tests
2026-04-29T05:19:38.8804203Z The requested checks aren't complete yet, will check back in 15 seconds...
2026-04-29T05:19:38.8804555Z Checks running on ref:
2026-04-29T05:19:38.8805053Z Checks completed: capture-failure-log, capture-failure-log, e2e, autofix, cross-device-tests, maybe-label, test, web-lint-and-test
2026-04-29T05:19:38.8805674Z Checks in_progress: Auto-merge, lint-and-test, connected-tests
2026-04-29T05:19:38.8806000Z Checks after ignore checks filter:
2026-04-29T05:19:38.8806545Z Checks completed: capture-failure-log, capture-failure-log, e2e, autofix, cross-device-tests, maybe-label, test, web-lint-and-test
2026-04-29T05:19:38.8807138Z Checks in_progress: lint-and-test, connected-tests
2026-04-29T05:19:38.8807419Z Checks after check_name filter:
2026-04-29T05:19:38.8807938Z Checks completed: capture-failure-log, capture-failure-log, e2e, autofix, cross-device-tests, maybe-label, test, web-lint-and-test
2026-04-29T05:19:38.8808547Z Checks in_progress: lint-and-test, connected-tests
2026-04-29T05:19:38.8808839Z Checks after Regexp filter:
2026-04-29T05:19:38.8809367Z Checks completed: capture-failure-log, capture-failure-log, e2e, autofix, cross-device-tests, maybe-label, test, web-lint-and-test
2026-04-29T05:19:38.8809963Z Checks in_progress: lint-and-test, connected-tests
2026-04-29T05:19:38.8810349Z The requested checks aren't complete yet, will check back in 15 seconds...
2026-04-29T05:19:38.8810705Z Checks running on ref:
2026-04-29T05:19:38.8811358Z Checks completed: capture-failure-log, capture-failure-log, capture-failure-log, e2e, autofix, cross-device-tests, connected-tests, maybe-label, test, web-lint-and-test
2026-04-29T05:19:38.8812332Z Checks in_progress: Auto-merge, lint-and-test
2026-04-29T05:19:38.8812604Z Checks after ignore checks filter:
2026-04-29T05:19:38.8813279Z Checks completed: capture-failure-log, capture-failure-log, capture-failure-log, e2e, autofix, cross-device-tests, connected-tests, maybe-label, test, web-lint-and-test
2026-04-29T05:19:38.8813983Z Checks in_progress: lint-and-test
2026-04-29T05:19:38.8814239Z Checks after check_name filter:
2026-04-29T05:19:38.8814897Z Checks completed: capture-failure-log, capture-failure-log, capture-failure-log, e2e, autofix, cross-device-tests, connected-tests, maybe-label, test, web-lint-and-test
2026-04-29T05:19:38.8815588Z Checks in_progress: lint-and-test
2026-04-29T05:19:38.8815815Z Checks after Regexp filter:
2026-04-29T05:19:38.8816472Z Checks completed: capture-failure-log, capture-failure-log, capture-failure-log, e2e, autofix, cross-device-tests, connected-tests, maybe-label, test, web-lint-and-test
2026-04-29T05:19:38.8817311Z Checks in_progress: lint-and-test
2026-04-29T05:19:38.8817648Z The requested checks aren't complete yet, will check back in 15 seconds...
2026-04-29T05:19:38.8817993Z Checks running on ref:
2026-04-29T05:19:38.8818622Z Checks completed: capture-failure-log, capture-failure-log, capture-failure-log, e2e, autofix, cross-device-tests, connected-tests, maybe-label, test, web-lint-and-test
2026-04-29T05:19:38.8819332Z Checks in_progress: Auto-merge, lint-and-test
2026-04-29T05:19:38.8819604Z Checks after ignore checks filter:
2026-04-29T05:19:38.8820270Z Checks completed: capture-failure-log, capture-failure-log, capture-failure-log, e2e, autofix, cross-device-tests, connected-tests, maybe-label, test, web-lint-and-test
2026-04-29T05:19:38.8820955Z Checks in_progress: lint-and-test
2026-04-29T05:19:38.8821187Z Checks after check_name filter:
2026-04-29T05:19:38.8821958Z Checks completed: capture-failure-log, capture-failure-log, capture-failure-log, e2e, autofix, cross-device-tests, connected-tests, maybe-label, test, web-lint-and-test
2026-04-29T05:19:38.8822978Z Checks in_progress: lint-and-test
2026-04-29T05:19:38.8823214Z Checks after Regexp filter:
2026-04-29T05:19:38.8823875Z Checks completed: capture-failure-log, capture-failure-log, capture-failure-log, e2e, autofix, cross-device-tests, connected-tests, maybe-label, test, web-lint-and-test
2026-04-29T05:19:38.8824573Z Checks in_progress: lint-and-test
2026-04-29T05:19:38.8824909Z The requested checks aren't complete yet, will check back in 15 seconds...
2026-04-29T05:19:38.8825261Z Checks running on ref:
2026-04-29T05:19:38.8825899Z Checks completed: capture-failure-log, capture-failure-log, capture-failure-log, e2e, autofix, cross-device-tests, connected-tests, maybe-label, test, web-lint-and-test
2026-04-29T05:19:38.8826611Z Checks in_progress: Auto-merge, lint-and-test
2026-04-29T05:19:38.8826891Z Checks after ignore checks filter:
2026-04-29T05:19:38.8827561Z Checks completed: capture-failure-log, capture-failure-log, capture-failure-log, e2e, autofix, cross-device-tests, connected-tests, maybe-label, test, web-lint-and-test
2026-04-29T05:19:38.8828258Z Checks in_progress: lint-and-test
2026-04-29T05:19:38.8828486Z Checks after check_name filter:
2026-04-29T05:19:38.8829144Z Checks completed: capture-failure-log, capture-failure-log, capture-failure-log, e2e, autofix, cross-device-tests, connected-tests, maybe-label, test, web-lint-and-test
2026-04-29T05:19:38.8829831Z Checks in_progress: lint-and-test
2026-04-29T05:19:38.8830057Z Checks after Regexp filter:
2026-04-29T05:19:38.8830699Z Checks completed: capture-failure-log, capture-failure-log, capture-failure-log, e2e, autofix, cross-device-tests, connected-tests, maybe-label, test, web-lint-and-test
2026-04-29T05:19:38.8831392Z Checks in_progress: lint-and-test
2026-04-29T05:19:38.8831724Z The requested checks aren't complete yet, will check back in 15 seconds...
2026-04-29T05:19:38.8832318Z Checks running on ref:
2026-04-29T05:19:38.8832963Z Checks completed: capture-failure-log, capture-failure-log, capture-failure-log, e2e, autofix, cross-device-tests, connected-tests, maybe-label, test, web-lint-and-test
2026-04-29T05:19:38.8833670Z Checks in_progress: Auto-merge, lint-and-test
2026-04-29T05:19:38.8833940Z Checks after ignore checks filter:
2026-04-29T05:19:38.8834601Z Checks completed: capture-failure-log, capture-failure-log, capture-failure-log, e2e, autofix, cross-device-tests, connected-tests, maybe-label, test, web-lint-and-test
2026-04-29T05:19:38.8835288Z Checks in_progress: lint-and-test
2026-04-29T05:19:38.8835514Z Checks after check_name filter:
2026-04-29T05:19:38.8836168Z Checks completed: capture-failure-log, capture-failure-log, capture-failure-log, e2e, autofix, cross-device-tests, connected-tests, maybe-label, test, web-lint-and-test
2026-04-29T05:19:38.8836856Z Checks in_progress: lint-and-test
2026-04-29T05:19:38.8837090Z Checks after Regexp filter:
2026-04-29T05:19:38.8837736Z Checks completed: capture-failure-log, capture-failure-log, capture-failure-log, e2e, autofix, cross-device-tests, connected-tests, maybe-label, test, web-lint-and-test
2026-04-29T05:19:38.8838570Z Checks in_progress: lint-and-test
2026-04-29T05:19:38.8838903Z The requested checks aren't complete yet, will check back in 15 seconds...
2026-04-29T05:19:38.8839253Z Checks running on ref:
2026-04-29T05:19:38.8839892Z Checks completed: capture-failure-log, capture-failure-log, capture-failure-log, e2e, autofix, cross-device-tests, connected-tests, maybe-label, test, web-lint-and-test
2026-04-29T05:19:38.8840603Z Checks in_progress: Auto-merge, lint-and-test
2026-04-29T05:20:56.0412506Z Checks after ignore checks filter:
2026-04-29T05:20:56.0414166Z Checks completed: capture-failure-log, capture-failure-log, capture-failure-log, e2e, autofix, cross-device-tests, connected-tests, maybe-label, test, web-lint-and-test
2026-04-29T05:20:56.0416108Z Checks in_progress: lint-and-test
2026-04-29T05:20:56.0417229Z Checks after check_name filter:
2026-04-29T05:20:56.0419059Z Checks completed: capture-failure-log, capture-failure-log, capture-failure-log, e2e, autofix, cross-device-tests, connected-tests, maybe-label, test, web-lint-and-test
2026-04-29T05:20:56.0420976Z Checks in_progress: lint-and-test
2026-04-29T05:20:56.0421403Z Checks after Regexp filter:
2026-04-29T05:20:56.0422675Z Checks completed: capture-failure-log, capture-failure-log, capture-failure-log, e2e, autofix, cross-device-tests, connected-tests, maybe-label, test, web-lint-and-test
2026-04-29T05:20:56.0423657Z Checks in_progress: lint-and-test
2026-04-29T05:20:56.0424122Z The requested checks aren't complete yet, will check back in 15 seconds...
2026-04-29T05:20:56.0424606Z Checks running on ref:
2026-04-29T05:20:56.0425480Z Checks completed: capture-failure-log, capture-failure-log, capture-failure-log, e2e, autofix, cross-device-tests, connected-tests, maybe-label, test, web-lint-and-test
2026-04-29T05:20:56.0426463Z Checks in_progress: Auto-merge, lint-and-test
2026-04-29T05:20:56.0426831Z Checks after ignore checks filter:
2026-04-29T05:20:56.0427746Z Checks completed: capture-failure-log, capture-failure-log, capture-failure-log, e2e, autofix, cross-device-tests, connected-tests, maybe-label, test, web-lint-and-test
2026-04-29T05:20:56.0428692Z Checks in_progress: lint-and-test
2026-04-29T05:20:56.0428999Z Checks after check_name filter:
2026-04-29T05:20:56.0429900Z Checks completed: capture-failure-log, capture-failure-log, capture-failure-log, e2e, autofix, cross-device-tests, connected-tests, maybe-label, test, web-lint-and-test
2026-04-29T05:20:56.0430850Z Checks in_progress: lint-and-test
2026-04-29T05:20:56.0431158Z Checks after Regexp filter:
2026-04-29T05:20:56.0432314Z Checks completed: capture-failure-log, capture-failure-log, capture-failure-log, e2e, autofix, cross-device-tests, connected-tests, maybe-label, test, web-lint-and-test
2026-04-29T05:20:56.0433352Z Checks in_progress: lint-and-test
2026-04-29T05:20:56.0433714Z The requested checks aren't complete yet, will check back in 15 seconds...
2026-04-29T05:20:56.0434087Z Checks running on ref:
2026-04-29T05:20:56.0434749Z Checks completed: capture-failure-log, capture-failure-log, capture-failure-log, e2e, autofix, cross-device-tests, connected-tests, maybe-label, test, web-lint-and-test
2026-04-29T05:20:56.0435470Z Checks in_progress: Auto-merge, lint-and-test
2026-04-29T05:20:56.0435747Z Checks after ignore checks filter:
2026-04-29T05:20:56.0436421Z Checks completed: capture-failure-log, capture-failure-log, capture-failure-log, e2e, autofix, cross-device-tests, connected-tests, maybe-label, test, web-lint-and-test
2026-04-29T05:20:56.0437112Z Checks in_progress: lint-and-test
2026-04-29T05:20:56.0437349Z Checks after check_name filter:
2026-04-29T05:20:56.0438001Z Checks completed: capture-failure-log, capture-failure-log, capture-failure-log, e2e, autofix, cross-device-tests, connected-tests, maybe-label, test, web-lint-and-test
2026-04-29T05:20:56.0438695Z Checks in_progress: lint-and-test
2026-04-29T05:20:56.0439161Z Checks after Regexp filter:
2026-04-29T05:20:56.0439808Z Checks completed: capture-failure-log, capture-failure-log, capture-failure-log, e2e, autofix, cross-device-tests, connected-tests, maybe-label, test, web-lint-and-test
2026-04-29T05:20:56.0440498Z Checks in_progress: lint-and-test
2026-04-29T05:20:56.0440827Z The requested checks aren't complete yet, will check back in 15 seconds...
2026-04-29T05:20:56.0441179Z Checks running on ref:
2026-04-29T05:20:56.0441815Z Checks completed: capture-failure-log, capture-failure-log, capture-failure-log, e2e, autofix, cross-device-tests, connected-tests, maybe-label, test, web-lint-and-test
2026-04-29T05:20:56.0442893Z Checks in_progress: Auto-merge, lint-and-test
2026-04-29T05:20:56.0443178Z Checks after ignore checks filter:
2026-04-29T05:20:56.0443994Z Checks completed: capture-failure-log, capture-failure-log, capture-failure-log, e2e, autofix, cross-device-tests, connected-tests, maybe-label, test, web-lint-and-test
2026-04-29T05:20:56.0444705Z Checks in_progress: lint-and-test
2026-04-29T05:20:56.0444946Z Checks after check_name filter:
2026-04-29T05:20:56.0445603Z Checks completed: capture-failure-log, capture-failure-log, capture-failure-log, e2e, autofix, cross-device-tests, connected-tests, maybe-label, test, web-lint-and-test
2026-04-29T05:20:56.0446295Z Checks in_progress: lint-and-test
2026-04-29T05:20:56.0446528Z Checks after Regexp filter:
2026-04-29T05:20:56.0447177Z Checks completed: capture-failure-log, capture-failure-log, capture-failure-log, e2e, autofix, cross-device-tests, connected-tests, maybe-label, test, web-lint-and-test
2026-04-29T05:20:56.0447865Z Checks in_progress: lint-and-test
2026-04-29T05:20:56.0448200Z The requested checks aren't complete yet, will check back in 15 seconds...
2026-04-29T05:20:56.0448548Z Checks running on ref:
2026-04-29T05:20:56.0449191Z Checks completed: capture-failure-log, capture-failure-log, capture-failure-log, e2e, autofix, cross-device-tests, connected-tests, maybe-label, test, web-lint-and-test
2026-04-29T05:20:56.0449903Z Checks in_progress: Auto-merge, lint-and-test
2026-04-29T05:20:56.0450177Z Checks after ignore checks filter:
2026-04-29T05:20:56.0450839Z Checks completed: capture-failure-log, capture-failure-log, capture-failure-log, e2e, autofix, cross-device-tests, connected-tests, maybe-label, test, web-lint-and-test
2026-04-29T05:20:56.0451530Z Checks in_progress: lint-and-test
2026-04-29T05:20:56.0451760Z Checks after check_name filter:
2026-04-29T05:20:56.0452722Z Checks completed: capture-failure-log, capture-failure-log, capture-failure-log, e2e, autofix, cross-device-tests, connected-tests, maybe-label, test, web-lint-and-test
2026-04-29T05:20:56.0453611Z Checks in_progress: lint-and-test
2026-04-29T05:20:56.0453893Z Checks after Regexp filter:
2026-04-29T05:20:56.0454694Z Checks completed: capture-failure-log, capture-failure-log, capture-failure-log, e2e, autofix, cross-device-tests, connected-tests, maybe-label, test, web-lint-and-test
2026-04-29T05:20:56.0455569Z Checks in_progress: lint-and-test
2026-04-29T05:20:56.0455989Z The requested checks aren't complete yet, will check back in 15 seconds...
2026-04-29T05:20:56.0456417Z Checks running on ref:
2026-04-29T05:20:56.0457384Z Checks completed: capture-failure-log, capture-failure-log, capture-failure-log, capture-failure-log, e2e, lint-and-test, autofix, cross-device-tests, connected-tests, maybe-label, test, web-lint-and-test
2026-04-29T05:20:56.0458392Z Checks in_progress: Auto-merge
2026-04-29T05:20:56.0458675Z Checks after ignore checks filter:
2026-04-29T05:20:56.0459679Z Checks completed: capture-failure-log, capture-failure-log, capture-failure-log, capture-failure-log, e2e, lint-and-test, autofix, cross-device-tests, connected-tests, maybe-label, test, web-lint-and-test
2026-04-29T05:20:56.0460700Z Checks after check_name filter:
2026-04-29T05:20:56.0461686Z Checks completed: capture-failure-log, capture-failure-log, capture-failure-log, capture-failure-log, e2e, lint-and-test, autofix, cross-device-tests, connected-tests, maybe-label, test, web-lint-and-test
2026-04-29T05:20:56.0463191Z Checks after Regexp filter:
2026-04-29T05:20:56.0464176Z Checks completed: capture-failure-log, capture-failure-log, capture-failure-log, capture-failure-log, e2e, lint-and-test, autofix, cross-device-tests, connected-tests, maybe-label, test, web-lint-and-test
2026-04-29T05:20:56.0465204Z Checks completed:
2026-04-29T05:20:56.0465461Z capture-failure-log: completed (skipped)
2026-04-29T05:20:56.0465786Z capture-failure-log: completed (skipped)
2026-04-29T05:20:56.0466130Z capture-failure-log: completed (skipped)
2026-04-29T05:20:56.0466447Z capture-failure-log: completed (skipped)
2026-04-29T05:20:56.0466741Z e2e: completed (success)
2026-04-29T05:20:56.0467019Z lint-and-test: completed (cancelled)
2026-04-29T05:20:56.0467343Z autofix: completed (success)
2026-04-29T05:20:56.0467637Z cross-device-tests: completed (cancelled)
2026-04-29T05:20:56.0467958Z connected-tests: completed (cancelled)
2026-04-29T05:20:56.0468427Z maybe-label: completed (success)
2026-04-29T05:20:56.0468752Z test: completed (success)
2026-04-29T05:20:56.0468979Z web-lint-and-test: completed (success)
2026-04-29T05:20:56.0469671Z The conclusion of one or more checks were not allowed. Allowed conclusions are: success, skipped, neutral. This can be configured with the 'allowed-conclusions' param.
2026-04-29T05:20:56.0531055Z ##[error]Process completed with exit code 1.
2026-04-29T05:20:56.0643569Z Post job cleanup.
2026-04-29T05:20:56.0702439Z Cleaning up orphan processes
2026-04-29T05:20:56.0984478Z ##[warning]Node.js 20 actions are deprecated. The following actions are running on Node.js 20 and may not work as expected: actions/cache@v4. Actions will be forced to run with Node.js 24 by default starting June 2nd, 2026. Node.js 20 will be removed from the runner on September 16th, 2026. Please check if updated versions of these actions are available that support Node.js 24. To opt into Node.js 24 now, set the FORCE_JAVASCRIPT_ACTIONS_TO_NODE24=true environment variable on the runner or in your workflow file. Once Node.js 24 becomes the default, you can temporarily opt out by setting ACTIONS_ALLOW_USE_UNSECURE_NODE_VERSION=true. For more information see: https://github.blog/changelog/2025-09-19-deprecation-of-node-20-on-github-actions-runners/
