=== CI FAILURE ===
Workflow:      Auto-merge & Release
Workflow file: akarlin3/prismTask/.github/workflows/auto-merge.yml@refs/pull/772/merge
Job(s):        Auto-merge
Run ID:        24938939910
Run attempt:   1
Run URL:       https://github.com/akarlin3/prismTask/actions/runs/24938939910
Commit:        a8f2b2bb69cebfd1d6b7ded580ec222b11c986e4
Branch:        772/merge
Event:         pull_request
Actor:         akarlin3
Runner OS:     Linux
Timestamp:     2026-04-25T19:43:43.258Z

Failed steps:
  - Auto-merge: #3 Wait for all other CI checks to pass

=== FAILED JOB LOG ===

--- Job: Auto-merge (id 73029272376) ---
2026-04-25T19:35:06.3240297Z Current runner version: '2.333.1'
2026-04-25T19:35:06.3263677Z ##[group]Runner Image Provisioner
2026-04-25T19:35:06.3264619Z Hosted Compute Agent
2026-04-25T19:35:06.3265470Z Version: 20260213.493
2026-04-25T19:35:06.3266157Z Commit: 5c115507f6dd24b8de37d8bbe0bb4509d0cc0fa3
2026-04-25T19:35:06.3266900Z Build Date: 2026-02-13T00:28:41Z
2026-04-25T19:35:06.3267624Z Worker ID: {2f83ebb9-6a1a-40de-96b7-2ac3530de329}
2026-04-25T19:35:06.3268349Z Azure Region: eastus
2026-04-25T19:35:06.3268875Z ##[endgroup]
2026-04-25T19:35:06.3270749Z ##[group]Operating System
2026-04-25T19:35:06.3271416Z Ubuntu
2026-04-25T19:35:06.3271908Z 24.04.4
2026-04-25T19:35:06.3272338Z LTS
2026-04-25T19:35:06.3272889Z ##[endgroup]
2026-04-25T19:35:06.3273382Z ##[group]Runner Image
2026-04-25T19:35:06.3273935Z Image: ubuntu-24.04
2026-04-25T19:35:06.3274557Z Version: 20260413.86.1
2026-04-25T19:35:06.3275723Z Included Software: https://github.com/actions/runner-images/blob/ubuntu24/20260413.86/images/ubuntu/Ubuntu2404-Readme.md
2026-04-25T19:35:06.3277196Z Image Release: https://github.com/actions/runner-images/releases/tag/ubuntu24%2F20260413.86
2026-04-25T19:35:06.3278103Z ##[endgroup]
2026-04-25T19:35:06.3279458Z ##[group]GITHUB_TOKEN Permissions
2026-04-25T19:35:06.3281776Z Actions: read
2026-04-25T19:35:06.3282315Z Checks: read
2026-04-25T19:35:06.3282921Z Contents: write
2026-04-25T19:35:06.3283424Z Metadata: read
2026-04-25T19:35:06.3283984Z PullRequests: write
2026-04-25T19:35:06.3284527Z ##[endgroup]
2026-04-25T19:35:06.3287070Z Secret source: Actions
2026-04-25T19:35:06.3288139Z Prepare workflow directory
2026-04-25T19:35:06.3691574Z Prepare all required actions
2026-04-25T19:35:06.3729224Z Getting action download info
2026-04-25T19:35:06.6573288Z Download action repository 'lewagon/wait-on-check-action@ccfb013c15c8afb7bf2b7c028fb74dc5a068cccc' (SHA:ccfb013c15c8afb7bf2b7c028fb74dc5a068cccc)
2026-04-25T19:35:07.0236693Z Getting action download info
2026-04-25T19:35:07.1497355Z Download action repository 'ruby/setup-ruby@v1' (SHA:0cb964fd540e0a24c900370abf38a33466142735)
2026-04-25T19:35:07.4635791Z Download action repository 'actions/cache@v4' (SHA:0057852bfaa89a56745cba8c7296529d2fc39830)
2026-04-25T19:35:07.6143671Z Complete job name: Auto-merge
2026-04-25T19:35:07.6825442Z ##[group]Run set -euo pipefail
2026-04-25T19:35:07.6826596Z [36;1mset -euo pipefail[0m
2026-04-25T19:35:07.6827934Z [36;1m# Audit item #5 — poll check-runs for up to 60s instead of a bare[0m
2026-04-25T19:35:07.6829719Z [36;1m# 20s sleep. On a busy runner cohort the initial 20s wasn't enough[0m
2026-04-25T19:35:07.6831746Z [36;1m# for the API to reflect queued workflow runs, which could merge[0m
2026-04-25T19:35:07.6833484Z [36;1m# PRs without waiting for CI. Bail out early as soon as ≥1 real[0m
2026-04-25T19:35:07.6834885Z [36;1m# check shows up.[0m
2026-04-25T19:35:07.6835780Z [36;1mCOUNT=0[0m
2026-04-25T19:35:07.6836593Z [36;1mfor i in $(seq 1 6); do[0m
2026-04-25T19:35:07.6837532Z [36;1m  sleep 10[0m
2026-04-25T19:35:07.6838674Z [36;1m  COUNT=$(gh api "repos/$REPO/commits/$HEAD_SHA/check-runs" \[0m
2026-04-25T19:35:07.6840571Z [36;1m    --jq '[.check_runs[] | select(.name != "Auto-merge")] | length')[0m
2026-04-25T19:35:07.6842042Z [36;1m  if [ "$COUNT" -gt 0 ]; then[0m
2026-04-25T19:35:07.6843368Z [36;1m    echo "Found $COUNT non-Auto-merge check(s) after ${i}0s"[0m
2026-04-25T19:35:07.6844677Z [36;1m    break[0m
2026-04-25T19:35:07.6845459Z [36;1m  fi[0m
2026-04-25T19:35:07.6846453Z [36;1m  echo "No non-Auto-merge checks yet (attempt $i/6)"[0m
2026-04-25T19:35:07.6847701Z [36;1mdone[0m
2026-04-25T19:35:07.6848502Z [36;1mif [ "$COUNT" -gt 0 ]; then[0m
2026-04-25T19:35:07.6849607Z [36;1m  echo "has_ci=true" >> "$GITHUB_OUTPUT"[0m
2026-04-25T19:35:07.6850856Z [36;1melse[0m
2026-04-25T19:35:07.6851728Z [36;1m  echo "has_ci=false" >> "$GITHUB_OUTPUT"[0m
2026-04-25T19:35:07.6853257Z [36;1m  echo "No CI checks on this PR after 60s — will merge without waiting."[0m
2026-04-25T19:35:07.6854669Z [36;1mfi[0m
2026-04-25T19:35:07.6881384Z shell: /usr/bin/bash -e {0}
2026-04-25T19:35:07.6882611Z env:
2026-04-25T19:35:07.6883353Z   WAIT_INTERVAL: 30
2026-04-25T19:35:07.6884558Z   GH_TOKEN: ***
2026-04-25T19:35:07.6885499Z   HEAD_SHA: 0261dde8b739f81e5c9ebb6da612b0c7735abc41
2026-04-25T19:35:07.6886676Z   REPO: akarlin3/prismTask
2026-04-25T19:35:07.6887536Z ##[endgroup]
2026-04-25T19:35:18.0311605Z Found 7 non-Auto-merge check(s) after 10s
2026-04-25T19:35:18.0547536Z ##[group]Run lewagon/wait-on-check-action@ccfb013c15c8afb7bf2b7c028fb74dc5a068cccc
2026-04-25T19:35:18.0548032Z with:
2026-04-25T19:35:18.0548285Z   ref: 0261dde8b739f81e5c9ebb6da612b0c7735abc41
2026-04-25T19:35:18.0548618Z   running-workflow-name: Auto-merge
2026-04-25T19:35:18.0549266Z   repo-token: ***
2026-04-25T19:35:18.0549511Z   wait-interval: 30
2026-04-25T19:35:18.0549780Z   allowed-conclusions: success,skipped,neutral
2026-04-25T19:35:18.0550400Z   verbose: true
2026-04-25T19:35:18.0550662Z env:
2026-04-25T19:35:18.0550865Z   WAIT_INTERVAL: 30
2026-04-25T19:35:18.0551126Z ##[endgroup]
2026-04-25T19:35:18.0696774Z ##[group]Run ruby/setup-ruby@v1
2026-04-25T19:35:18.0697077Z with:
2026-04-25T19:35:18.0697313Z   ruby-version: 3.2
2026-04-25T19:35:18.0697578Z   bundler-cache: false
2026-04-25T19:35:18.0697967Z   token: ***
2026-04-25T19:35:18.0698177Z env:
2026-04-25T19:35:18.0698379Z   WAIT_INTERVAL: 30
2026-04-25T19:35:18.0698605Z ##[endgroup]
2026-04-25T19:35:18.1942363Z ##[group]Modifying PATH
2026-04-25T19:35:18.1943006Z Entries added to PATH to use selected Ruby:
2026-04-25T19:35:18.1943580Z   /opt/hostedtoolcache/Ruby/3.2.11/x64/bin
2026-04-25T19:35:18.1947011Z ##[endgroup]
2026-04-25T19:35:18.1948129Z ##[group]Print Ruby version
2026-04-25T19:35:18.1986603Z [command]/opt/hostedtoolcache/Ruby/3.2.11/x64/bin/ruby --version
2026-04-25T19:35:18.4171691Z ruby 3.2.11 (2026-03-27 revision 5483bfc1ae) [x86_64-linux]
2026-04-25T19:35:18.4200853Z Took   0.23 seconds
2026-04-25T19:35:18.4201667Z ##[endgroup]
2026-04-25T19:35:18.4203698Z ##[group]Installing Bundler
2026-04-25T19:35:18.4207594Z Using Bundler shipped with ruby-3.2.11
2026-04-25T19:35:18.4208639Z Took   0.00 seconds
2026-04-25T19:35:18.4209338Z ##[endgroup]
2026-04-25T19:35:18.4837585Z ##[group]Run actions/cache@v4
2026-04-25T19:35:18.4837855Z with:
2026-04-25T19:35:18.4838276Z   path: /home/runner/work/_actions/lewagon/wait-on-check-action/ccfb013c15c8afb7bf2b7c028fb74dc5a068cccc
2026-04-25T19:35:18.4838757Z   key: Linux-gems-
2026-04-25T19:35:18.4838960Z   restore-keys: Linux-gems-
2026-04-25T19:35:18.4839188Z   enableCrossOsArchive: false
2026-04-25T19:35:18.4839429Z   fail-on-cache-miss: false
2026-04-25T19:35:18.4839640Z   lookup-only: false
2026-04-25T19:35:18.4839835Z   save-always: false
2026-04-25T19:35:18.4840486Z env:
2026-04-25T19:35:18.4840721Z   WAIT_INTERVAL: 30
2026-04-25T19:35:18.4840910Z ##[endgroup]
2026-04-25T19:35:18.6818340Z Cache hit for: Linux-gems-
2026-04-25T19:35:18.7544009Z Received 13157 of 13157 (100.0%), 0.7 MBs/sec
2026-04-25T19:35:18.7545065Z Cache Size: ~0 MB (13157 B)
2026-04-25T19:35:18.7584197Z [command]/usr/bin/tar -xf /home/runner/work/_temp/c0793c10-b77a-4676-8bd6-0916cd1ff676/cache.tzst -P -C /home/runner/work/prismTask/prismTask --use-compress-program unzstd
2026-04-25T19:35:18.7645623Z Cache restored successfully
2026-04-25T19:35:18.7723025Z Cache restored from key: Linux-gems-
2026-04-25T19:35:18.7844462Z ##[group]Run bundle install --jobs 4 --retry 3
2026-04-25T19:35:18.7844808Z [36;1mbundle install --jobs 4 --retry 3[0m
2026-04-25T19:35:18.7869012Z shell: /usr/bin/bash --noprofile --norc -e -o pipefail {0}
2026-04-25T19:35:18.7869338Z env:
2026-04-25T19:35:18.7869516Z   WAIT_INTERVAL: 30
2026-04-25T19:35:18.7869717Z ##[endgroup]
2026-04-25T19:35:19.5826315Z Bundler 2.4.19 is running, but your lockfile was generated with 2.2.3. Installing Bundler 2.2.3 and restarting using that version.
2026-04-25T19:35:21.0374342Z Fetching gem metadata from https://rubygems.org/.
2026-04-25T19:35:21.0451926Z Fetching bundler 2.2.3
2026-04-25T19:35:21.1977696Z Installing bundler 2.2.3
2026-04-25T19:35:21.4036990Z Calling `DidYouMean::SPELL_CHECKERS.merge!(error_name => spell_checker)' has been deprecated. Please call `DidYouMean.correct_error(error_name, spell_checker)' instead.
2026-04-25T19:35:22.6594258Z Fetching gem metadata from https://rubygems.org/.........
2026-04-25T19:35:22.6695210Z Fetching zeitwerk 2.6.7
2026-04-25T19:35:22.6702811Z Fetching public_suffix 4.0.7
2026-04-25T19:35:22.6706429Z Fetching concurrent-ruby 1.2.2
2026-04-25T19:35:22.6712684Z Fetching minitest 5.18.0
2026-04-25T19:35:22.7880779Z Installing zeitwerk 2.6.7
2026-04-25T19:35:22.8109521Z Installing public_suffix 4.0.7
2026-04-25T19:35:22.8124367Z Installing minitest 5.18.0
2026-04-25T19:35:22.8507719Z Fetching ast 2.4.2
2026-04-25T19:35:22.8814639Z Installing concurrent-ruby 1.2.2
2026-04-25T19:35:22.8889539Z Installing ast 2.4.2
2026-04-25T19:35:22.9051015Z Using bundler 2.2.3
2026-04-25T19:35:22.9057316Z Fetching byebug 11.1.3
2026-04-25T19:35:22.9088263Z Fetching diff-lcs 1.4.4
2026-04-25T19:35:22.9638065Z Fetching faraday-net_http 2.0.3
2026-04-25T19:35:22.9965984Z Installing diff-lcs 1.4.4
2026-04-25T19:35:22.9982547Z Installing byebug 11.1.3 with native extensions
2026-04-25T19:35:23.0053750Z Installing faraday-net_http 2.0.3
2026-04-25T19:35:23.0333186Z Using ruby2_keywords 0.0.5
2026-04-25T19:35:23.0345029Z Fetching json 2.7.1
2026-04-25T19:35:23.0829991Z Installing json 2.7.1 with native extensions
2026-04-25T19:35:23.1080211Z Fetching language_server-protocol 3.17.0.3
2026-04-25T19:35:23.1548363Z Installing language_server-protocol 3.17.0.3
2026-04-25T19:35:23.2498607Z Fetching lint_roller 1.1.0
2026-04-25T19:35:23.3036400Z Installing lint_roller 1.1.0
2026-04-25T19:35:23.3200742Z Fetching parallel 1.24.0
2026-04-25T19:35:23.3686439Z Installing parallel 1.24.0
2026-04-25T19:35:23.3772482Z Fetching racc 1.7.3
2026-04-25T19:35:23.4199882Z Installing racc 1.7.3 with native extensions
2026-04-25T19:35:23.4622794Z Fetching rainbow 3.1.1
2026-04-25T19:35:23.4972742Z Installing rainbow 3.1.1
2026-04-25T19:35:23.5070355Z Fetching regexp_parser 2.8.3
2026-04-25T19:35:23.5591342Z Installing regexp_parser 2.8.3
2026-04-25T19:35:23.5838030Z Fetching rexml 3.2.6
2026-04-25T19:35:23.6293538Z Installing rexml 3.2.6
2026-04-25T19:35:23.6535528Z Fetching rspec-support 3.10.1
2026-04-25T19:35:23.6994700Z Installing rspec-support 3.10.1
2026-04-25T19:35:23.7395321Z Fetching ruby-progressbar 1.13.0
2026-04-25T19:35:23.8249769Z Installing ruby-progressbar 1.13.0
2026-04-25T19:35:23.8356341Z Fetching unicode-display_width 2.5.0
2026-04-25T19:35:23.8725233Z Installing unicode-display_width 2.5.0
2026-04-25T19:35:23.8783616Z Fetching addressable 2.8.0
2026-04-25T19:35:23.9285605Z Installing addressable 2.8.0
2026-04-25T19:35:23.9492502Z Fetching faraday 2.3.0
2026-04-25T19:35:24.0141191Z Installing faraday 2.3.0
2026-04-25T19:35:24.0431697Z Fetching i18n 1.12.0
2026-04-25T19:35:24.1051252Z Installing i18n 1.12.0
2026-04-25T19:35:24.1291038Z Fetching tzinfo 2.0.6
2026-04-25T19:35:24.1921253Z Installing tzinfo 2.0.6
2026-04-25T19:35:24.2171154Z Fetching rspec-core 3.10.1
2026-04-25T19:35:24.2841088Z Installing rspec-core 3.10.1
2026-04-25T19:35:24.3140927Z Fetching rspec-expectations 3.10.1
2026-04-25T19:35:24.3562987Z Installing rspec-expectations 3.10.1
2026-04-25T19:35:24.3752504Z Fetching rspec-mocks 3.10.1
2026-04-25T19:35:24.4371702Z Installing rspec-mocks 3.10.1
2026-04-25T19:35:24.4603597Z Fetching faraday-retry 2.0.0
2026-04-25T19:35:24.5183929Z Installing faraday-retry 2.0.0
2026-04-25T19:35:24.5274488Z Fetching sawyer 0.9.2
2026-04-25T19:35:24.5880888Z Installing sawyer 0.9.2
2026-04-25T19:35:24.6033638Z Fetching activesupport 6.1.7.3
2026-04-25T19:35:24.6589075Z Fetching rspec 3.10.0
2026-04-25T19:35:24.7188458Z Installing rspec 3.10.0
2026-04-25T19:35:24.7264141Z Installing activesupport 6.1.7.3
2026-04-25T19:35:24.7332802Z Fetching octokit 4.25.0
2026-04-25T19:35:24.7957097Z Installing octokit 4.25.0
2026-04-25T19:35:24.8625163Z Fetching parser 3.2.2.4
2026-04-25T19:35:25.0078640Z Installing parser 3.2.2.4
2026-04-25T19:35:25.1131614Z Fetching rubocop-ast 1.30.0
2026-04-25T19:35:25.1494927Z Installing rubocop-ast 1.30.0
2026-04-25T19:35:26.4546466Z Fetching rubocop 1.57.2
2026-04-25T19:35:26.5138657Z Installing rubocop 1.57.2
2026-04-25T19:35:26.6954838Z Fetching rubocop-performance 1.19.1
2026-04-25T19:35:26.6958118Z Fetching standard-custom 1.0.2
2026-04-25T19:35:26.7514768Z Installing standard-custom 1.0.2
2026-04-25T19:35:26.7571654Z Installing rubocop-performance 1.19.1
2026-04-25T19:35:26.7753827Z Fetching standard-performance 1.2.1
2026-04-25T19:35:26.8273522Z Installing standard-performance 1.2.1
2026-04-25T19:35:26.8347278Z Fetching standard 1.32.1
2026-04-25T19:35:26.8708244Z Installing standard 1.32.1
2026-04-25T19:35:26.8917556Z Bundle complete! 6 Gemfile dependencies, 40 gems now installed.
2026-04-25T19:35:26.8918800Z Use `bundle info [gemname]` to see where a bundled gem is installed.
2026-04-25T19:35:26.9419991Z ##[group]Run ruby entrypoint.rb
2026-04-25T19:35:26.9420576Z [36;1mruby entrypoint.rb[0m
2026-04-25T19:35:26.9443108Z shell: /usr/bin/bash --noprofile --norc -e -o pipefail {0}
2026-04-25T19:35:26.9443420Z env:
2026-04-25T19:35:26.9443591Z   WAIT_INTERVAL: 30
2026-04-25T19:35:26.9443837Z   ALLOWED_CONCLUSIONS: success,skipped,neutral
2026-04-25T19:35:26.9444122Z   IGNORE_CHECKS: 
2026-04-25T19:35:26.9444297Z   CHECK_NAME: 
2026-04-25T19:35:26.9444467Z   CHECK_REGEXP: 
2026-04-25T19:35:26.9444694Z   REF: 0261dde8b739f81e5c9ebb6da612b0c7735abc41
2026-04-25T19:35:26.9445164Z   REPO_TOKEN: ***
2026-04-25T19:35:26.9445359Z   VERBOSE: true
2026-04-25T19:35:26.9445556Z   RUNNING_WORKFLOW_NAME: Auto-merge
2026-04-25T19:35:26.9445798Z   API_ENDPOINT: 
2026-04-25T19:35:26.9445983Z ##[endgroup]
2026-04-25T19:39:30.2147355Z Checks running on ref:
2026-04-25T19:39:30.2149117Z Checks in_progress: connected-tests, cross-device-tests, web-lint-and-test, autofix, lint-and-test, test, Auto-merge
2026-04-25T19:39:30.2150471Z Checks completed: maybe-label
2026-04-25T19:39:30.2150917Z Checks after ignore checks filter:
2026-04-25T19:39:30.2151822Z Checks in_progress: connected-tests, cross-device-tests, web-lint-and-test, autofix, lint-and-test, test
2026-04-25T19:39:30.2152746Z Checks completed: maybe-label
2026-04-25T19:39:30.2153165Z Checks after check_name filter:
2026-04-25T19:39:30.2153966Z Checks in_progress: connected-tests, cross-device-tests, web-lint-and-test, autofix, lint-and-test, test
2026-04-25T19:39:30.2154843Z Checks completed: maybe-label
2026-04-25T19:39:30.2155235Z Checks after Regexp filter:
2026-04-25T19:39:30.2156011Z Checks in_progress: connected-tests, cross-device-tests, web-lint-and-test, autofix, lint-and-test, test
2026-04-25T19:39:30.2156806Z Checks completed: maybe-label
2026-04-25T19:39:30.2157173Z The requested checks aren't complete yet, will check back in 30 seconds...
2026-04-25T19:39:30.2157545Z Checks running on ref:
2026-04-25T19:39:30.2158008Z Checks in_progress: capture-failure-log / capture, web-lint-and-test, autofix, lint-and-test, test, Auto-merge
2026-04-25T19:39:30.2158649Z Checks completed: connected-tests, cross-device-tests, maybe-label
2026-04-25T19:39:30.2159043Z Checks after ignore checks filter:
2026-04-25T19:39:30.2159554Z Checks in_progress: capture-failure-log / capture, web-lint-and-test, autofix, lint-and-test, test
2026-04-25T19:39:30.2160468Z Checks completed: connected-tests, cross-device-tests, maybe-label
2026-04-25T19:39:30.2160846Z Checks after check_name filter:
2026-04-25T19:39:30.2161291Z Checks in_progress: capture-failure-log / capture, web-lint-and-test, autofix, lint-and-test, test
2026-04-25T19:39:30.2161856Z Checks completed: connected-tests, cross-device-tests, maybe-label
2026-04-25T19:39:30.2162211Z Checks after Regexp filter:
2026-04-25T19:39:30.2162632Z Checks in_progress: capture-failure-log / capture, web-lint-and-test, autofix, lint-and-test, test
2026-04-25T19:39:30.2163193Z Checks completed: connected-tests, cross-device-tests, maybe-label
2026-04-25T19:39:30.2163666Z The requested checks aren't complete yet, will check back in 30 seconds...
2026-04-25T19:39:30.2164369Z Checks running on ref:
2026-04-25T19:39:30.2164666Z Checks in_progress: e2e, autofix, lint-and-test, test, Auto-merge
2026-04-25T19:39:30.2165292Z Checks completed: capture-failure-log / capture, connected-tests, cross-device-tests, web-lint-and-test, maybe-label
2026-04-25T19:39:30.2165843Z Checks after ignore checks filter:
2026-04-25T19:39:30.2166292Z Checks in_progress: e2e, autofix, lint-and-test, test
2026-04-25T19:39:30.2166881Z Checks completed: capture-failure-log / capture, connected-tests, cross-device-tests, web-lint-and-test, maybe-label
2026-04-25T19:39:30.2167420Z Checks after check_name filter:
2026-04-25T19:39:30.2167721Z Checks in_progress: e2e, autofix, lint-and-test, test
2026-04-25T19:39:30.2168354Z Checks completed: capture-failure-log / capture, connected-tests, cross-device-tests, web-lint-and-test, maybe-label
2026-04-25T19:39:30.2168896Z Checks after Regexp filter:
2026-04-25T19:39:30.2169170Z Checks in_progress: e2e, autofix, lint-and-test, test
2026-04-25T19:39:30.2169741Z Checks completed: capture-failure-log / capture, connected-tests, cross-device-tests, web-lint-and-test, maybe-label
2026-04-25T19:39:30.2170652Z The requested checks aren't complete yet, will check back in 30 seconds...
2026-04-25T19:39:30.2171034Z Checks running on ref:
2026-04-25T19:39:30.2171342Z Checks in_progress: e2e, autofix, lint-and-test, test, Auto-merge
2026-04-25T19:39:30.2171958Z Checks completed: capture-failure-log / capture, connected-tests, cross-device-tests, web-lint-and-test, maybe-label
2026-04-25T19:39:30.2172504Z Checks after ignore checks filter:
2026-04-25T19:39:30.2172804Z Checks in_progress: e2e, autofix, lint-and-test, test
2026-04-25T19:39:30.2173376Z Checks completed: capture-failure-log / capture, connected-tests, cross-device-tests, web-lint-and-test, maybe-label
2026-04-25T19:39:30.2173912Z Checks after check_name filter:
2026-04-25T19:39:30.2174196Z Checks in_progress: e2e, autofix, lint-and-test, test
2026-04-25T19:39:30.2174759Z Checks completed: capture-failure-log / capture, connected-tests, cross-device-tests, web-lint-and-test, maybe-label
2026-04-25T19:39:30.2175306Z Checks after Regexp filter:
2026-04-25T19:39:30.2175580Z Checks in_progress: e2e, autofix, lint-and-test, test
2026-04-25T19:39:30.2176149Z Checks completed: capture-failure-log / capture, connected-tests, cross-device-tests, web-lint-and-test, maybe-label
2026-04-25T19:39:30.2176803Z The requested checks aren't complete yet, will check back in 30 seconds...
2026-04-25T19:39:30.2177182Z Checks running on ref:
2026-04-25T19:39:30.2177481Z Checks in_progress: e2e, autofix, lint-and-test, test, Auto-merge
2026-04-25T19:39:30.2178100Z Checks completed: capture-failure-log / capture, connected-tests, cross-device-tests, web-lint-and-test, maybe-label
2026-04-25T19:39:30.2178641Z Checks after ignore checks filter:
2026-04-25T19:39:30.2178935Z Checks in_progress: e2e, autofix, lint-and-test, test
2026-04-25T19:39:30.2179499Z Checks completed: capture-failure-log / capture, connected-tests, cross-device-tests, web-lint-and-test, maybe-label
2026-04-25T19:39:30.2180243Z Checks after check_name filter:
2026-04-25T19:39:30.2180546Z Checks in_progress: e2e, autofix, lint-and-test, test
2026-04-25T19:39:30.2181115Z Checks completed: capture-failure-log / capture, connected-tests, cross-device-tests, web-lint-and-test, maybe-label
2026-04-25T19:39:30.2181646Z Checks after Regexp filter:
2026-04-25T19:39:30.2181913Z Checks in_progress: e2e, autofix, lint-and-test, test
2026-04-25T19:39:30.2182474Z Checks completed: capture-failure-log / capture, connected-tests, cross-device-tests, web-lint-and-test, maybe-label
2026-04-25T19:39:30.2183117Z The requested checks aren't complete yet, will check back in 30 seconds...
2026-04-25T19:39:30.2183486Z Checks running on ref:
2026-04-25T19:39:30.2184094Z Checks completed: capture-failure-log, e2e, capture-failure-log / capture, connected-tests, cross-device-tests, web-lint-and-test, maybe-label, autofix
2026-04-25T19:39:30.2184801Z Checks in_progress: lint-and-test, test, Auto-merge
2026-04-25T19:39:30.2185272Z Checks after ignore checks filter:
2026-04-25T19:39:30.2185909Z Checks completed: capture-failure-log, e2e, capture-failure-log / capture, connected-tests, cross-device-tests, web-lint-and-test, maybe-label, autofix
2026-04-25T19:39:30.2186589Z Checks in_progress: lint-and-test, test
2026-04-25T19:39:30.2186863Z Checks after check_name filter:
2026-04-25T19:39:30.2187594Z Checks completed: capture-failure-log, e2e, capture-failure-log / capture, connected-tests, cross-device-tests, web-lint-and-test, maybe-label, autofix
2026-04-25T19:39:30.2188266Z Checks in_progress: lint-and-test, test
2026-04-25T19:39:30.2188532Z Checks after Regexp filter:
2026-04-25T19:39:30.2189186Z Checks completed: capture-failure-log, e2e, capture-failure-log / capture, connected-tests, cross-device-tests, web-lint-and-test, maybe-label, autofix
2026-04-25T19:39:30.2189846Z Checks in_progress: lint-and-test, test
2026-04-25T19:39:30.2190491Z The requested checks aren't complete yet, will check back in 30 seconds...
2026-04-25T19:39:30.2190868Z Checks running on ref:
2026-04-25T19:39:30.2191583Z Checks completed: capture-failure-log, capture-failure-log, e2e, capture-failure-log / capture, connected-tests, cross-device-tests, web-lint-and-test, maybe-label, autofix, test
2026-04-25T19:39:30.2192372Z Checks in_progress: lint-and-test, Auto-merge
2026-04-25T19:39:30.2192670Z Checks after ignore checks filter:
2026-04-25T19:39:30.2193419Z Checks completed: capture-failure-log, capture-failure-log, e2e, capture-failure-log / capture, connected-tests, cross-device-tests, web-lint-and-test, maybe-label, autofix, test
2026-04-25T19:39:30.2194188Z Checks in_progress: lint-and-test
2026-04-25T19:39:30.2194438Z Checks after check_name filter:
2026-04-25T19:39:30.2195167Z Checks completed: capture-failure-log, capture-failure-log, e2e, capture-failure-log / capture, connected-tests, cross-device-tests, web-lint-and-test, maybe-label, autofix, test
2026-04-25T19:39:30.2195930Z Checks in_progress: lint-and-test
2026-04-25T19:39:30.2196176Z Checks after Regexp filter:
2026-04-25T19:39:30.2196900Z Checks completed: capture-failure-log, capture-failure-log, e2e, capture-failure-log / capture, connected-tests, cross-device-tests, web-lint-and-test, maybe-label, autofix, test
2026-04-25T19:39:30.2197663Z Checks in_progress: lint-and-test
2026-04-25T19:39:30.2198020Z The requested checks aren't complete yet, will check back in 30 seconds...
2026-04-25T19:39:30.2198383Z Checks running on ref:
2026-04-25T19:39:30.2199093Z Checks completed: capture-failure-log, capture-failure-log, e2e, capture-failure-log / capture, connected-tests, cross-device-tests, web-lint-and-test, maybe-label, autofix, test
2026-04-25T19:39:30.2199878Z Checks in_progress: lint-and-test, Auto-merge
2026-04-25T19:39:30.2200415Z Checks after ignore checks filter:
2026-04-25T19:39:30.2201162Z Checks completed: capture-failure-log, capture-failure-log, e2e, capture-failure-log / capture, connected-tests, cross-device-tests, web-lint-and-test, maybe-label, autofix, test
2026-04-25T19:39:30.2201937Z Checks in_progress: lint-and-test
2026-04-25T19:39:30.2202197Z Checks after check_name filter:
2026-04-25T19:39:30.2202929Z Checks completed: capture-failure-log, capture-failure-log, e2e, capture-failure-log / capture, connected-tests, cross-device-tests, web-lint-and-test, maybe-label, autofix, test
2026-04-25T19:39:30.2203686Z Checks in_progress: lint-and-test
2026-04-25T19:39:30.2203940Z Checks after Regexp filter:
2026-04-25T19:39:30.2204656Z Checks completed: capture-failure-log, capture-failure-log, e2e, capture-failure-log / capture, connected-tests, cross-device-tests, web-lint-and-test, maybe-label, autofix, test
2026-04-25T19:39:30.2205417Z Checks in_progress: lint-and-test
2026-04-25T19:39:30.2205765Z The requested checks aren't complete yet, will check back in 30 seconds...
2026-04-25T19:39:30.2206132Z Checks running on ref:
2026-04-25T19:39:30.2206840Z Checks completed: capture-failure-log, capture-failure-log, e2e, capture-failure-log / capture, connected-tests, cross-device-tests, web-lint-and-test, maybe-label, autofix, test
2026-04-25T19:39:30.2207772Z Checks in_progress: lint-and-test, Auto-merge
2026-04-25T19:39:30.2208064Z Checks after ignore checks filter:
2026-04-25T19:39:30.2208906Z Checks completed: capture-failure-log, capture-failure-log, e2e, capture-failure-log / capture, connected-tests, cross-device-tests, web-lint-and-test, maybe-label, autofix, test
2026-04-25T19:39:30.2209676Z Checks in_progress: lint-and-test
2026-04-25T19:39:30.2209918Z Checks after check_name filter:
2026-04-25T19:39:30.2210913Z Checks completed: capture-failure-log, capture-failure-log, e2e, capture-failure-log / capture, connected-tests, cross-device-tests, web-lint-and-test, maybe-label, autofix, test
2026-04-25T19:39:30.2211684Z Checks in_progress: lint-and-test
2026-04-25T19:39:30.2211922Z Checks after Regexp filter:
2026-04-25T19:43:32.8497688Z Checks completed: capture-failure-log, capture-failure-log, e2e, capture-failure-log / capture, connected-tests, cross-device-tests, web-lint-and-test, maybe-label, autofix, test
2026-04-25T19:43:32.8499121Z Checks in_progress: lint-and-test
2026-04-25T19:43:32.8499702Z The requested checks aren't complete yet, will check back in 30 seconds...
2026-04-25T19:43:32.8500543Z Checks running on ref:
2026-04-25T19:43:32.8501754Z Checks completed: capture-failure-log, capture-failure-log, e2e, capture-failure-log / capture, connected-tests, cross-device-tests, web-lint-and-test, maybe-label, autofix, test
2026-04-25T19:43:32.8503057Z Checks in_progress: lint-and-test, Auto-merge
2026-04-25T19:43:32.8503516Z Checks after ignore checks filter:
2026-04-25T19:43:32.8504754Z Checks completed: capture-failure-log, capture-failure-log, e2e, capture-failure-log / capture, connected-tests, cross-device-tests, web-lint-and-test, maybe-label, autofix, test
2026-04-25T19:43:32.8506039Z Checks in_progress: lint-and-test
2026-04-25T19:43:32.8506420Z Checks after check_name filter:
2026-04-25T19:43:32.8507590Z Checks completed: capture-failure-log, capture-failure-log, e2e, capture-failure-log / capture, connected-tests, cross-device-tests, web-lint-and-test, maybe-label, autofix, test
2026-04-25T19:43:32.8508845Z Checks in_progress: lint-and-test
2026-04-25T19:43:32.8509247Z Checks after Regexp filter:
2026-04-25T19:43:32.8510639Z Checks completed: capture-failure-log, capture-failure-log, e2e, capture-failure-log / capture, connected-tests, cross-device-tests, web-lint-and-test, maybe-label, autofix, test
2026-04-25T19:43:32.8511936Z Checks in_progress: lint-and-test
2026-04-25T19:43:32.8512511Z The requested checks aren't complete yet, will check back in 30 seconds...
2026-04-25T19:43:32.8513104Z Checks running on ref:
2026-04-25T19:43:32.8514287Z Checks completed: capture-failure-log, capture-failure-log, e2e, capture-failure-log / capture, connected-tests, cross-device-tests, web-lint-and-test, maybe-label, autofix, test
2026-04-25T19:43:32.8515600Z Checks in_progress: lint-and-test, Auto-merge
2026-04-25T19:43:32.8516062Z Checks after ignore checks filter:
2026-04-25T19:43:32.8517370Z Checks completed: capture-failure-log, capture-failure-log, e2e, capture-failure-log / capture, connected-tests, cross-device-tests, web-lint-and-test, maybe-label, autofix, test
2026-04-25T19:43:32.8518707Z Checks in_progress: lint-and-test
2026-04-25T19:43:32.8519123Z Checks after check_name filter:
2026-04-25T19:43:32.8520609Z Checks completed: capture-failure-log, capture-failure-log, e2e, capture-failure-log / capture, connected-tests, cross-device-tests, web-lint-and-test, maybe-label, autofix, test
2026-04-25T19:43:32.8521956Z Checks in_progress: lint-and-test
2026-04-25T19:43:32.8522366Z Checks after Regexp filter:
2026-04-25T19:43:32.8523637Z Checks completed: capture-failure-log, capture-failure-log, e2e, capture-failure-log / capture, connected-tests, cross-device-tests, web-lint-and-test, maybe-label, autofix, test
2026-04-25T19:43:32.8524973Z Checks in_progress: lint-and-test
2026-04-25T19:43:32.8525569Z The requested checks aren't complete yet, will check back in 30 seconds...
2026-04-25T19:43:32.8526605Z Checks running on ref:
2026-04-25T19:43:32.8527733Z Checks completed: capture-failure-log, capture-failure-log, e2e, capture-failure-log / capture, connected-tests, cross-device-tests, web-lint-and-test, maybe-label, autofix, test
2026-04-25T19:43:32.8528985Z Checks in_progress: lint-and-test, Auto-merge
2026-04-25T19:43:32.8529625Z Checks after ignore checks filter:
2026-04-25T19:43:32.8531034Z Checks completed: capture-failure-log, capture-failure-log, e2e, capture-failure-log / capture, connected-tests, cross-device-tests, web-lint-and-test, maybe-label, autofix, test
2026-04-25T19:43:32.8532302Z Checks in_progress: lint-and-test
2026-04-25T19:43:32.8532686Z Checks after check_name filter:
2026-04-25T19:43:32.8533839Z Checks completed: capture-failure-log, capture-failure-log, e2e, capture-failure-log / capture, connected-tests, cross-device-tests, web-lint-and-test, maybe-label, autofix, test
2026-04-25T19:43:32.8535064Z Checks in_progress: lint-and-test
2026-04-25T19:43:32.8535438Z Checks after Regexp filter:
2026-04-25T19:43:32.8536609Z Checks completed: capture-failure-log, capture-failure-log, e2e, capture-failure-log / capture, connected-tests, cross-device-tests, web-lint-and-test, maybe-label, autofix, test
2026-04-25T19:43:32.8537846Z Checks in_progress: lint-and-test
2026-04-25T19:43:32.8538408Z The requested checks aren't complete yet, will check back in 30 seconds...
2026-04-25T19:43:32.8539007Z Checks running on ref:
2026-04-25T19:43:32.8540290Z Checks completed: capture-failure-log, capture-failure-log, e2e, capture-failure-log / capture, connected-tests, cross-device-tests, web-lint-and-test, maybe-label, autofix, test
2026-04-25T19:43:32.8541587Z Checks in_progress: lint-and-test, Auto-merge
2026-04-25T19:43:32.8542032Z Checks after ignore checks filter:
2026-04-25T19:43:32.8543222Z Checks completed: capture-failure-log, capture-failure-log, e2e, capture-failure-log / capture, connected-tests, cross-device-tests, web-lint-and-test, maybe-label, autofix, test
2026-04-25T19:43:32.8544469Z Checks in_progress: lint-and-test
2026-04-25T19:43:32.8544827Z Checks after check_name filter:
2026-04-25T19:43:32.8545963Z Checks completed: capture-failure-log, capture-failure-log, e2e, capture-failure-log / capture, connected-tests, cross-device-tests, web-lint-and-test, maybe-label, autofix, test
2026-04-25T19:43:32.8547165Z Checks in_progress: lint-and-test
2026-04-25T19:43:32.8547531Z Checks after Regexp filter:
2026-04-25T19:43:32.8548636Z Checks completed: capture-failure-log, capture-failure-log, e2e, capture-failure-log / capture, connected-tests, cross-device-tests, web-lint-and-test, maybe-label, autofix, test
2026-04-25T19:43:32.8549826Z Checks in_progress: lint-and-test
2026-04-25T19:43:32.8550533Z The requested checks aren't complete yet, will check back in 30 seconds...
2026-04-25T19:43:32.8551081Z Checks running on ref:
2026-04-25T19:43:32.8552165Z Checks completed: capture-failure-log, capture-failure-log, e2e, capture-failure-log / capture, connected-tests, cross-device-tests, web-lint-and-test, maybe-label, autofix, test
2026-04-25T19:43:32.8553402Z Checks in_progress: lint-and-test, Auto-merge
2026-04-25T19:43:32.8553828Z Checks after ignore checks filter:
2026-04-25T19:43:32.8554974Z Checks completed: capture-failure-log, capture-failure-log, e2e, capture-failure-log / capture, connected-tests, cross-device-tests, web-lint-and-test, maybe-label, autofix, test
2026-04-25T19:43:32.8556175Z Checks in_progress: lint-and-test
2026-04-25T19:43:32.8556533Z Checks after check_name filter:
2026-04-25T19:43:32.8557678Z Checks completed: capture-failure-log, capture-failure-log, e2e, capture-failure-log / capture, connected-tests, cross-device-tests, web-lint-and-test, maybe-label, autofix, test
2026-04-25T19:43:32.8558880Z Checks in_progress: lint-and-test
2026-04-25T19:43:32.8559240Z Checks after Regexp filter:
2026-04-25T19:43:32.8560564Z Checks completed: capture-failure-log, capture-failure-log, e2e, capture-failure-log / capture, connected-tests, cross-device-tests, web-lint-and-test, maybe-label, autofix, test
2026-04-25T19:43:32.8561939Z Checks in_progress: lint-and-test
2026-04-25T19:43:32.8562458Z The requested checks aren't complete yet, will check back in 30 seconds...
2026-04-25T19:43:32.8563017Z Checks running on ref:
2026-04-25T19:43:32.8564285Z Checks completed: capture-failure-log, capture-failure-log, e2e, capture-failure-log / capture, connected-tests, cross-device-tests, web-lint-and-test, maybe-label, autofix, test
2026-04-25T19:43:32.8565524Z Checks in_progress: lint-and-test, Auto-merge
2026-04-25T19:43:32.8565947Z Checks after ignore checks filter:
2026-04-25T19:43:32.8567089Z Checks completed: capture-failure-log, capture-failure-log, e2e, capture-failure-log / capture, connected-tests, cross-device-tests, web-lint-and-test, maybe-label, autofix, test
2026-04-25T19:43:32.8568272Z Checks in_progress: lint-and-test
2026-04-25T19:43:32.8568625Z Checks after check_name filter:
2026-04-25T19:43:32.8569748Z Checks completed: capture-failure-log, capture-failure-log, e2e, capture-failure-log / capture, connected-tests, cross-device-tests, web-lint-and-test, maybe-label, autofix, test
2026-04-25T19:43:32.8571137Z Checks in_progress: lint-and-test
2026-04-25T19:43:32.8571480Z Checks after Regexp filter:
2026-04-25T19:43:32.8572605Z Checks completed: capture-failure-log, capture-failure-log, e2e, capture-failure-log / capture, connected-tests, cross-device-tests, web-lint-and-test, maybe-label, autofix, test
2026-04-25T19:43:32.8573796Z Checks in_progress: lint-and-test
2026-04-25T19:43:32.8574329Z The requested checks aren't complete yet, will check back in 30 seconds...
2026-04-25T19:43:32.8574971Z Checks running on ref:
2026-04-25T19:43:32.8576072Z Checks completed: capture-failure-log, capture-failure-log, e2e, capture-failure-log / capture, connected-tests, cross-device-tests, web-lint-and-test, maybe-label, autofix, test
2026-04-25T19:43:32.8577308Z Checks in_progress: lint-and-test, Auto-merge
2026-04-25T19:43:32.8577741Z Checks after ignore checks filter:
2026-04-25T19:43:32.8578915Z Checks completed: capture-failure-log, capture-failure-log, e2e, capture-failure-log / capture, connected-tests, cross-device-tests, web-lint-and-test, maybe-label, autofix, test
2026-04-25T19:43:32.8580290Z Checks in_progress: lint-and-test
2026-04-25T19:43:32.8580657Z Checks after check_name filter:
2026-04-25T19:43:32.8581794Z Checks completed: capture-failure-log, capture-failure-log, e2e, capture-failure-log / capture, connected-tests, cross-device-tests, web-lint-and-test, maybe-label, autofix, test
2026-04-25T19:43:32.8582986Z Checks in_progress: lint-and-test
2026-04-25T19:43:32.8583350Z Checks after Regexp filter:
2026-04-25T19:43:32.8584484Z Checks completed: capture-failure-log, capture-failure-log, e2e, capture-failure-log / capture, connected-tests, cross-device-tests, web-lint-and-test, maybe-label, autofix, test
2026-04-25T19:43:32.8585705Z Checks in_progress: lint-and-test
2026-04-25T19:43:32.8586246Z The requested checks aren't complete yet, will check back in 30 seconds...
2026-04-25T19:43:32.8586830Z Checks running on ref:
2026-04-25T19:43:32.8588341Z Checks completed: capture-failure-log, firebase-distribute, capture-failure-log, capture-failure-log, e2e, capture-failure-log / capture, connected-tests, cross-device-tests, web-lint-and-test, maybe-label, autofix, lint-and-test, test
2026-04-25T19:43:32.8590204Z Checks in_progress: Auto-merge
2026-04-25T19:43:32.8590582Z Checks after ignore checks filter:
2026-04-25T19:43:32.8592094Z Checks completed: capture-failure-log, firebase-distribute, capture-failure-log, capture-failure-log, e2e, capture-failure-log / capture, connected-tests, cross-device-tests, web-lint-and-test, maybe-label, autofix, lint-and-test, test
2026-04-25T19:43:32.8593649Z Checks after check_name filter:
2026-04-25T19:43:32.8595178Z Checks completed: capture-failure-log, firebase-distribute, capture-failure-log, capture-failure-log, e2e, capture-failure-log / capture, connected-tests, cross-device-tests, web-lint-and-test, maybe-label, autofix, lint-and-test, test
2026-04-25T19:43:32.8597072Z Checks after Regexp filter:
2026-04-25T19:43:32.8598611Z Checks completed: capture-failure-log, firebase-distribute, capture-failure-log, capture-failure-log, e2e, capture-failure-log / capture, connected-tests, cross-device-tests, web-lint-and-test, maybe-label, autofix, lint-and-test, test
2026-04-25T19:43:32.8600445Z Checks completed:
2026-04-25T19:43:32.8601150Z capture-failure-log: completed (skipped)
2026-04-25T19:43:32.8601651Z firebase-distribute: completed (skipped)
2026-04-25T19:43:32.8602123Z capture-failure-log: completed (skipped)
2026-04-25T19:43:32.8602605Z capture-failure-log: completed (skipped)
2026-04-25T19:43:32.8603042Z e2e: completed (success)
2026-04-25T19:43:32.8603430Z capture-failure-log / capture: completed (success)
2026-04-25T19:43:32.8603924Z connected-tests: completed (failure)
2026-04-25T19:43:32.8604349Z cross-device-tests: completed (failure)
2026-04-25T19:43:32.8604792Z web-lint-and-test: completed (success)
2026-04-25T19:43:32.8605227Z maybe-label: completed (success)
2026-04-25T19:43:32.8605620Z autofix: completed (success)
2026-04-25T19:43:32.8605991Z lint-and-test: completed (success)
2026-04-25T19:43:32.8606386Z test: completed (success)
2026-04-25T19:43:32.8607450Z The conclusion of one or more checks were not allowed. Allowed conclusions are: success, skipped, neutral. This can be configured with the 'allowed-conclusions' param.
2026-04-25T19:43:32.8697411Z ##[error]Process completed with exit code 1.
2026-04-25T19:43:32.8844259Z Post job cleanup.
2026-04-25T19:43:32.8903281Z Cleaning up orphan processes
2026-04-25T19:43:32.9190538Z ##[warning]Node.js 20 actions are deprecated. The following actions are running on Node.js 20 and may not work as expected: actions/cache@v4. Actions will be forced to run with Node.js 24 by default starting June 2nd, 2026. Node.js 20 will be removed from the runner on September 16th, 2026. Please check if updated versions of these actions are available that support Node.js 24. To opt into Node.js 24 now, set the FORCE_JAVASCRIPT_ACTIONS_TO_NODE24=true environment variable on the runner or in your workflow file. Once Node.js 24 becomes the default, you can temporarily opt out by setting ACTIONS_ALLOW_USE_UNSECURE_NODE_VERSION=true. For more information see: https://github.blog/changelog/2025-09-19-deprecation-of-node-20-on-github-actions-runners/
