=== CI FAILURE ===
Workflow:      Auto-merge & Release
Workflow file: akarlin3/prismTask/.github/workflows/auto-merge.yml@refs/pull/841/merge
Job(s):        Auto-merge
Run ID:        24978471480
Run attempt:   1
Run URL:       https://github.com/akarlin3/prismTask/actions/runs/24978471480
Commit:        c31cdf604384a5beb880b6548dc11c7a1a635f37
Branch:        841/merge
Event:         pull_request
Actor:         akarlin3
Runner OS:     Linux
Timestamp:     2026-04-27T05:45:43.070Z

Failed steps:
  - Auto-merge: #4 Wait for all other CI checks to pass

=== FAILED JOB LOG ===

--- Job: Auto-merge (id 73135220239) ---
2026-04-27T05:39:48.8203770Z Current runner version: '2.333.1'
2026-04-27T05:39:48.8228931Z ##[group]Runner Image Provisioner
2026-04-27T05:39:48.8229794Z Hosted Compute Agent
2026-04-27T05:39:48.8230412Z Version: 20260213.493
2026-04-27T05:39:48.8231059Z Commit: 5c115507f6dd24b8de37d8bbe0bb4509d0cc0fa3
2026-04-27T05:39:48.8231807Z Build Date: 2026-02-13T00:28:41Z
2026-04-27T05:39:48.8232520Z Worker ID: {76600d43-1079-40dc-a38e-9e6d641eaa12}
2026-04-27T05:39:48.8233250Z Azure Region: westus
2026-04-27T05:39:48.8233751Z ##[endgroup]
2026-04-27T05:39:48.8235496Z ##[group]Operating System
2026-04-27T05:39:48.8236173Z Ubuntu
2026-04-27T05:39:48.8236617Z 24.04.4
2026-04-27T05:39:48.8237125Z LTS
2026-04-27T05:39:48.8237577Z ##[endgroup]
2026-04-27T05:39:48.8238085Z ##[group]Runner Image
2026-04-27T05:39:48.8238681Z Image: ubuntu-24.04
2026-04-27T05:39:48.8239189Z Version: 20260413.86.1
2026-04-27T05:39:48.8240428Z Included Software: https://github.com/actions/runner-images/blob/ubuntu24/20260413.86/images/ubuntu/Ubuntu2404-Readme.md
2026-04-27T05:39:48.8242016Z Image Release: https://github.com/actions/runner-images/releases/tag/ubuntu24%2F20260413.86
2026-04-27T05:39:48.8242936Z ##[endgroup]
2026-04-27T05:39:48.8244294Z ##[group]GITHUB_TOKEN Permissions
2026-04-27T05:39:48.8246518Z Actions: read
2026-04-27T05:39:48.8247032Z Checks: read
2026-04-27T05:39:48.8247653Z Contents: write
2026-04-27T05:39:48.8248168Z Metadata: read
2026-04-27T05:39:48.8248653Z PullRequests: write
2026-04-27T05:39:48.8249283Z ##[endgroup]
2026-04-27T05:39:48.8251431Z Secret source: Actions
2026-04-27T05:39:48.8252153Z Prepare workflow directory
2026-04-27T05:39:48.8721403Z Prepare all required actions
2026-04-27T05:39:48.8760937Z Getting action download info
2026-04-27T05:39:49.2667526Z Download action repository 'lewagon/wait-on-check-action@ccfb013c15c8afb7bf2b7c028fb74dc5a068cccc' (SHA:ccfb013c15c8afb7bf2b7c028fb74dc5a068cccc)
2026-04-27T05:39:49.8626779Z Getting action download info
2026-04-27T05:39:50.0665678Z Download action repository 'ruby/setup-ruby@v1' (SHA:c4e5b1316158f92e3d49443a9d58b31d25ac0f8f)
2026-04-27T05:39:50.6064169Z Download action repository 'actions/cache@v4' (SHA:0057852bfaa89a56745cba8c7296529d2fc39830)
2026-04-27T05:39:50.8285101Z Complete job name: Auto-merge
2026-04-27T05:39:50.8919324Z ##[group]Run set -euo pipefail
2026-04-27T05:39:50.8919816Z [36;1mset -euo pipefail[0m
2026-04-27T05:39:50.8920278Z [36;1m# Audit item #5 — poll check-runs for up to 60s instead of a bare[0m
2026-04-27T05:39:50.8920862Z [36;1m# 20s sleep. On a busy runner cohort the initial 20s wasn't enough[0m
2026-04-27T05:39:50.8921403Z [36;1m# for the API to reflect queued workflow runs, which could merge[0m
2026-04-27T05:39:50.8921935Z [36;1m# PRs without waiting for CI. Bail out early as soon as ≥1 real[0m
2026-04-27T05:39:50.8922366Z [36;1m# check shows up.[0m
2026-04-27T05:39:50.8922648Z [36;1mCOUNT=0[0m
2026-04-27T05:39:50.8922914Z [36;1mfor i in $(seq 1 6); do[0m
2026-04-27T05:39:50.8923211Z [36;1m  sleep 10[0m
2026-04-27T05:39:50.8923584Z [36;1m  COUNT=$(gh api "repos/$REPO/commits/$HEAD_SHA/check-runs" \[0m
2026-04-27T05:39:50.8924184Z [36;1m    --jq '[.check_runs[] | select(.name != "Auto-merge")] | length')[0m
2026-04-27T05:39:50.8924913Z [36;1m  if [ "$COUNT" -gt 0 ]; then[0m
2026-04-27T05:39:50.8925334Z [36;1m    echo "Found $COUNT non-Auto-merge check(s) after ${i}0s"[0m
2026-04-27T05:39:50.8925754Z [36;1m    break[0m
2026-04-27T05:39:50.8926010Z [36;1m  fi[0m
2026-04-27T05:39:50.8926348Z [36;1m  echo "No non-Auto-merge checks yet (attempt $i/6)"[0m
2026-04-27T05:39:50.8926735Z [36;1mdone[0m
2026-04-27T05:39:50.8927004Z [36;1mif [ "$COUNT" -gt 0 ]; then[0m
2026-04-27T05:39:50.8927354Z [36;1m  echo "has_ci=true" >> "$GITHUB_OUTPUT"[0m
2026-04-27T05:39:50.8927699Z [36;1melse[0m
2026-04-27T05:39:50.8927980Z [36;1m  echo "has_ci=false" >> "$GITHUB_OUTPUT"[0m
2026-04-27T05:39:50.8928465Z [36;1m  echo "No CI checks on this PR after 60s — will merge without waiting."[0m
2026-04-27T05:39:50.8928904Z [36;1mfi[0m
2026-04-27T05:39:50.8954114Z shell: /usr/bin/bash -e {0}
2026-04-27T05:39:50.8954940Z env:
2026-04-27T05:39:50.8955229Z   WAIT_INTERVAL: 30
2026-04-27T05:39:50.8955853Z   GH_TOKEN: ***
2026-04-27T05:39:50.8956195Z   HEAD_SHA: ed24099d9757c344fe2cfcac419695c9b43c9c15
2026-04-27T05:39:50.8956582Z   REPO: akarlin3/prismTask
2026-04-27T05:39:50.8956865Z ##[endgroup]
2026-04-27T05:40:01.4869184Z Found 10 non-Auto-merge check(s) after 10s
2026-04-27T05:40:01.4992515Z ##[group]Run set -euo pipefail
2026-04-27T05:40:01.4992908Z [36;1mset -euo pipefail[0m
2026-04-27T05:40:01.4993352Z [36;1mREQUIRED=$(gh api "repos/$REPO/branches/main/protection/required_status_checks" \[0m
2026-04-27T05:40:01.4993856Z [36;1m  --jq '.contexts[]' 2>/dev/null || true)[0m
2026-04-27T05:40:01.4994203Z [36;1mif [ -z "$REQUIRED" ]; then[0m
2026-04-27T05:40:01.4995153Z [36;1m  echo "::warning::Could not query branch protection (likely a permission issue) — using hardcoded fallback list."[0m
2026-04-27T05:40:01.4995743Z [36;1m  REQUIRED="$FALLBACK_REQUIRED"[0m
2026-04-27T05:40:01.4996046Z [36;1mfi[0m
2026-04-27T05:40:01.4996350Z [36;1m# Strip Auto-merge from the required list so we don't wait on[0m
2026-04-27T05:40:01.4996820Z [36;1m# ourselves (it's listed because we ARE the running workflow).[0m
2026-04-27T05:40:01.4997353Z [36;1mREQUIRED=$(echo "$REQUIRED" | grep -vE '^\s*Auto-merge\s*$' | grep -vE '^\s*$' || true)[0m
2026-04-27T05:40:01.4997900Z [36;1mif [ -z "$REQUIRED" ]; then[0m
2026-04-27T05:40:01.4998285Z [36;1m  echo "No required checks beyond Auto-merge; skipping queue wait."[0m
2026-04-27T05:40:01.4998696Z [36;1m  exit 0[0m
2026-04-27T05:40:01.4998927Z [36;1mfi[0m
2026-04-27T05:40:01.4999202Z [36;1mecho "Waiting until these required checks queue:"[0m
2026-04-27T05:40:01.4999556Z [36;1mecho "$REQUIRED" | sed 's/^/  /'[0m
2026-04-27T05:40:01.4999924Z [36;1m# 30 attempts × 10s = 5 min ceiling. If checks haven't queued[0m
2026-04-27T05:40:01.5000394Z [36;1m# by then something is genuinely broken (workflow file invalid,[0m
2026-04-27T05:40:01.5000881Z [36;1m# path filter excluding everything, etc.) — log and proceed so[0m
2026-04-27T05:40:01.5001328Z [36;1m# wait-on-check-action can decide how to handle it.[0m
2026-04-27T05:40:01.5001685Z [36;1mfor attempt in $(seq 1 30); do[0m
2026-04-27T05:40:01.5002112Z [36;1m  CHECK_RUNS=$(gh api --paginate "repos/$REPO/commits/$HEAD_SHA/check-runs" \[0m
2026-04-27T05:40:01.5002566Z [36;1m    --jq '.check_runs[].name' | sort -u)[0m
2026-04-27T05:40:01.5002890Z [36;1m  MISSING=""[0m
2026-04-27T05:40:01.5003149Z [36;1m  while IFS= read -r req; do[0m
2026-04-27T05:40:01.5003431Z [36;1m    [ -z "$req" ] && continue[0m
2026-04-27T05:40:01.5003730Z [36;1m    req_trimmed=$(echo "$req" | xargs)[0m
2026-04-27T05:40:01.5004120Z [36;1m    if ! echo "$CHECK_RUNS" | grep -qxF "$req_trimmed"; then[0m
2026-04-27T05:40:01.5004758Z [36;1m      MISSING="$MISSING $req_trimmed"[0m
2026-04-27T05:40:01.5005084Z [36;1m    fi[0m
2026-04-27T05:40:01.5005309Z [36;1m  done <<< "$REQUIRED"[0m
2026-04-27T05:40:01.5005706Z [36;1m  if [ -z "$MISSING" ]; then[0m
2026-04-27T05:40:01.5006112Z [36;1m    echo "All required checks have queued after attempt $attempt."[0m
2026-04-27T05:40:01.5006503Z [36;1m    exit 0[0m
2026-04-27T05:40:01.5006729Z [36;1m  fi[0m
2026-04-27T05:40:01.5007024Z [36;1m  echo "Still waiting for:$MISSING (attempt $attempt/30)"[0m
2026-04-27T05:40:01.5007388Z [36;1m  sleep 10[0m
2026-04-27T05:40:01.5007609Z [36;1mdone[0m
2026-04-27T05:40:01.5008109Z [36;1mecho "::warning::Some required checks never queued after 5 min:$MISSING — proceeding to wait-on-check-action anyway."[0m
2026-04-27T05:40:01.5031249Z shell: /usr/bin/bash -e {0}
2026-04-27T05:40:01.5031529Z env:
2026-04-27T05:40:01.5031735Z   WAIT_INTERVAL: 30
2026-04-27T05:40:01.5032305Z   GH_TOKEN: ***
2026-04-27T05:40:01.5032582Z   HEAD_SHA: ed24099d9757c344fe2cfcac419695c9b43c9c15
2026-04-27T05:40:01.5032917Z   REPO: akarlin3/prismTask
2026-04-27T05:40:01.5033297Z   FALLBACK_REQUIRED: lint-and-test
connected-tests
test
web-lint-and-test

2026-04-27T05:40:01.5033947Z ##[endgroup]
2026-04-27T05:40:01.7629281Z Waiting until these required checks queue:
2026-04-27T05:40:01.7643909Z   {"message":"Resource not accessible by integration","documentation_url":"https://docs.github.com/rest/branches/branch-protection#get-status-checks-protection","status":"403"}
2026-04-27T05:40:02.3337653Z Still waiting for: {message:Resource not accessible by integration,documentation_url:https://docs.github.com/rest/branches/branch-protection#get-status-checks-protection,status:403} (attempt 1/30)
2026-04-27T05:40:12.8095940Z Still waiting for: {message:Resource not accessible by integration,documentation_url:https://docs.github.com/rest/branches/branch-protection#get-status-checks-protection,status:403} (attempt 2/30)
2026-04-27T05:40:23.2746865Z Still waiting for: {message:Resource not accessible by integration,documentation_url:https://docs.github.com/rest/branches/branch-protection#get-status-checks-protection,status:403} (attempt 3/30)
2026-04-27T05:40:33.8072028Z Still waiting for: {message:Resource not accessible by integration,documentation_url:https://docs.github.com/rest/branches/branch-protection#get-status-checks-protection,status:403} (attempt 4/30)
2026-04-27T05:40:44.3077669Z Still waiting for: {message:Resource not accessible by integration,documentation_url:https://docs.github.com/rest/branches/branch-protection#get-status-checks-protection,status:403} (attempt 5/30)
2026-04-27T05:40:54.7897614Z Still waiting for: {message:Resource not accessible by integration,documentation_url:https://docs.github.com/rest/branches/branch-protection#get-status-checks-protection,status:403} (attempt 6/30)
2026-04-27T05:41:05.2448201Z Still waiting for: {message:Resource not accessible by integration,documentation_url:https://docs.github.com/rest/branches/branch-protection#get-status-checks-protection,status:403} (attempt 7/30)
2026-04-27T05:41:15.7146710Z Still waiting for: {message:Resource not accessible by integration,documentation_url:https://docs.github.com/rest/branches/branch-protection#get-status-checks-protection,status:403} (attempt 8/30)
2026-04-27T05:41:26.1635441Z Still waiting for: {message:Resource not accessible by integration,documentation_url:https://docs.github.com/rest/branches/branch-protection#get-status-checks-protection,status:403} (attempt 9/30)
2026-04-27T05:41:36.6373333Z Still waiting for: {message:Resource not accessible by integration,documentation_url:https://docs.github.com/rest/branches/branch-protection#get-status-checks-protection,status:403} (attempt 10/30)
2026-04-27T05:41:47.0691976Z Still waiting for: {message:Resource not accessible by integration,documentation_url:https://docs.github.com/rest/branches/branch-protection#get-status-checks-protection,status:403} (attempt 11/30)
2026-04-27T05:41:57.5496724Z Still waiting for: {message:Resource not accessible by integration,documentation_url:https://docs.github.com/rest/branches/branch-protection#get-status-checks-protection,status:403} (attempt 12/30)
2026-04-27T05:42:08.0272294Z Still waiting for: {message:Resource not accessible by integration,documentation_url:https://docs.github.com/rest/branches/branch-protection#get-status-checks-protection,status:403} (attempt 13/30)
2026-04-27T05:42:18.5167278Z Still waiting for: {message:Resource not accessible by integration,documentation_url:https://docs.github.com/rest/branches/branch-protection#get-status-checks-protection,status:403} (attempt 14/30)
2026-04-27T05:42:28.9730409Z Still waiting for: {message:Resource not accessible by integration,documentation_url:https://docs.github.com/rest/branches/branch-protection#get-status-checks-protection,status:403} (attempt 15/30)
2026-04-27T05:42:39.4885924Z Still waiting for: {message:Resource not accessible by integration,documentation_url:https://docs.github.com/rest/branches/branch-protection#get-status-checks-protection,status:403} (attempt 16/30)
2026-04-27T05:42:49.9513308Z Still waiting for: {message:Resource not accessible by integration,documentation_url:https://docs.github.com/rest/branches/branch-protection#get-status-checks-protection,status:403} (attempt 17/30)
2026-04-27T05:43:00.4699113Z Still waiting for: {message:Resource not accessible by integration,documentation_url:https://docs.github.com/rest/branches/branch-protection#get-status-checks-protection,status:403} (attempt 18/30)
2026-04-27T05:43:10.9859145Z Still waiting for: {message:Resource not accessible by integration,documentation_url:https://docs.github.com/rest/branches/branch-protection#get-status-checks-protection,status:403} (attempt 19/30)
2026-04-27T05:43:21.4935864Z Still waiting for: {message:Resource not accessible by integration,documentation_url:https://docs.github.com/rest/branches/branch-protection#get-status-checks-protection,status:403} (attempt 20/30)
2026-04-27T05:43:32.1587946Z Still waiting for: {message:Resource not accessible by integration,documentation_url:https://docs.github.com/rest/branches/branch-protection#get-status-checks-protection,status:403} (attempt 21/30)
2026-04-27T05:43:42.5970242Z Still waiting for: {message:Resource not accessible by integration,documentation_url:https://docs.github.com/rest/branches/branch-protection#get-status-checks-protection,status:403} (attempt 22/30)
2026-04-27T05:43:53.0969788Z Still waiting for: {message:Resource not accessible by integration,documentation_url:https://docs.github.com/rest/branches/branch-protection#get-status-checks-protection,status:403} (attempt 23/30)
2026-04-27T05:44:03.5834453Z Still waiting for: {message:Resource not accessible by integration,documentation_url:https://docs.github.com/rest/branches/branch-protection#get-status-checks-protection,status:403} (attempt 24/30)
2026-04-27T05:44:14.0480789Z Still waiting for: {message:Resource not accessible by integration,documentation_url:https://docs.github.com/rest/branches/branch-protection#get-status-checks-protection,status:403} (attempt 25/30)
2026-04-27T05:44:24.5716220Z Still waiting for: {message:Resource not accessible by integration,documentation_url:https://docs.github.com/rest/branches/branch-protection#get-status-checks-protection,status:403} (attempt 26/30)
2026-04-27T05:44:35.0947529Z Still waiting for: {message:Resource not accessible by integration,documentation_url:https://docs.github.com/rest/branches/branch-protection#get-status-checks-protection,status:403} (attempt 27/30)
2026-04-27T05:44:45.5664246Z Still waiting for: {message:Resource not accessible by integration,documentation_url:https://docs.github.com/rest/branches/branch-protection#get-status-checks-protection,status:403} (attempt 28/30)
2026-04-27T05:44:56.2175244Z Still waiting for: {message:Resource not accessible by integration,documentation_url:https://docs.github.com/rest/branches/branch-protection#get-status-checks-protection,status:403} (attempt 29/30)
2026-04-27T05:45:06.6811621Z Still waiting for: {message:Resource not accessible by integration,documentation_url:https://docs.github.com/rest/branches/branch-protection#get-status-checks-protection,status:403} (attempt 30/30)
2026-04-27T05:45:16.6798004Z ##[warning]Some required checks never queued after 5 min: {message:Resource not accessible by integration,documentation_url:https://docs.github.com/rest/branches/branch-protection#get-status-checks-protection,status:403} — proceeding to wait-on-check-action anyway.
2026-04-27T05:45:16.6945636Z ##[group]Run lewagon/wait-on-check-action@ccfb013c15c8afb7bf2b7c028fb74dc5a068cccc
2026-04-27T05:45:16.6946214Z with:
2026-04-27T05:45:16.6946425Z   ref: ed24099d9757c344fe2cfcac419695c9b43c9c15
2026-04-27T05:45:16.6946718Z   running-workflow-name: Auto-merge
2026-04-27T05:45:16.6947153Z   repo-token: ***
2026-04-27T05:45:16.6947338Z   wait-interval: 30
2026-04-27T05:45:16.6947563Z   allowed-conclusions: success,skipped,neutral
2026-04-27T05:45:16.6947825Z   verbose: true
2026-04-27T05:45:16.6947992Z env:
2026-04-27T05:45:16.6948146Z   WAIT_INTERVAL: 30
2026-04-27T05:45:16.6948316Z ##[endgroup]
2026-04-27T05:45:16.7091220Z ##[group]Run ruby/setup-ruby@v1
2026-04-27T05:45:16.7091469Z with:
2026-04-27T05:45:16.7091874Z   ruby-version: 3.2
2026-04-27T05:45:16.7092070Z   bundler-cache: false
2026-04-27T05:45:16.7092393Z   token: ***
2026-04-27T05:45:16.7092554Z env:
2026-04-27T05:45:16.7092718Z   WAIT_INTERVAL: 30
2026-04-27T05:45:16.7092891Z ##[endgroup]
2026-04-27T05:45:16.8877604Z ##[group]Modifying PATH
2026-04-27T05:45:16.8878265Z Entries added to PATH to use selected Ruby:
2026-04-27T05:45:16.8879013Z   /opt/hostedtoolcache/Ruby/3.2.11/x64/bin
2026-04-27T05:45:16.8884196Z ##[endgroup]
2026-04-27T05:45:16.8885378Z ##[group]Print Ruby version
2026-04-27T05:45:16.9072584Z [command]/opt/hostedtoolcache/Ruby/3.2.11/x64/bin/ruby --version
2026-04-27T05:45:17.2831150Z ruby 3.2.11 (2026-03-27 revision 5483bfc1ae) [x86_64-linux]
2026-04-27T05:45:17.2871053Z Took   0.40 seconds
2026-04-27T05:45:17.2873665Z ##[endgroup]
2026-04-27T05:45:17.2874241Z ##[group]Installing Bundler
2026-04-27T05:45:17.2878834Z Using Bundler shipped with ruby-3.2.11
2026-04-27T05:45:17.2880061Z Took   0.00 seconds
2026-04-27T05:45:17.2880652Z ##[endgroup]
2026-04-27T05:45:17.3512064Z ##[group]Run actions/cache@v4
2026-04-27T05:45:17.3512327Z with:
2026-04-27T05:45:17.3512754Z   path: /home/runner/work/_actions/lewagon/wait-on-check-action/ccfb013c15c8afb7bf2b7c028fb74dc5a068cccc
2026-04-27T05:45:17.3513282Z   key: Linux-gems-
2026-04-27T05:45:17.3513483Z   restore-keys: Linux-gems-
2026-04-27T05:45:17.3513721Z   enableCrossOsArchive: false
2026-04-27T05:45:17.3513949Z   fail-on-cache-miss: false
2026-04-27T05:45:17.3514148Z   lookup-only: false
2026-04-27T05:45:17.3514338Z   save-always: false
2026-04-27T05:45:17.3514513Z env:
2026-04-27T05:45:17.3515006Z   WAIT_INTERVAL: 30
2026-04-27T05:45:17.3515187Z ##[endgroup]
2026-04-27T05:45:17.7357061Z Cache hit for: Linux-gems-
2026-04-27T05:45:18.1407544Z Received 13127 of 13127 (100.0%), 0.2 MBs/sec
2026-04-27T05:45:18.1408124Z Cache Size: ~0 MB (13127 B)
2026-04-27T05:45:18.1451990Z [command]/usr/bin/tar -xf /home/runner/work/_temp/66004bc1-d0be-4631-bea9-370d637f50b2/cache.tzst -P -C /home/runner/work/prismTask/prismTask --use-compress-program unzstd
2026-04-27T05:45:18.1515350Z Cache restored successfully
2026-04-27T05:45:18.1595675Z Cache restored from key: Linux-gems-
2026-04-27T05:45:18.1669570Z ##[group]Run bundle install --jobs 4 --retry 3
2026-04-27T05:45:18.1669911Z [36;1mbundle install --jobs 4 --retry 3[0m
2026-04-27T05:45:18.1692792Z shell: /usr/bin/bash --noprofile --norc -e -o pipefail {0}
2026-04-27T05:45:18.1693114Z env:
2026-04-27T05:45:18.1693289Z   WAIT_INTERVAL: 30
2026-04-27T05:45:18.1693481Z ##[endgroup]
2026-04-27T05:45:20.5775482Z Bundler 2.4.19 is running, but your lockfile was generated with 2.2.3. Installing Bundler 2.2.3 and restarting using that version.
2026-04-27T05:45:23.0034969Z Fetching gem metadata from https://rubygems.org/.
2026-04-27T05:45:23.0110841Z Fetching bundler 2.2.3
2026-04-27T05:45:23.2567672Z Installing bundler 2.2.3
2026-04-27T05:45:23.4708626Z Calling `DidYouMean::SPELL_CHECKERS.merge!(error_name => spell_checker)' has been deprecated. Please call `DidYouMean.correct_error(error_name, spell_checker)' instead.
2026-04-27T05:45:24.8303271Z Fetching gem metadata from https://rubygems.org/.........
2026-04-27T05:45:24.8407714Z Fetching minitest 5.18.0
2026-04-27T05:45:24.8475403Z Fetching concurrent-ruby 1.2.2
2026-04-27T05:45:24.8705708Z Fetching public_suffix 4.0.7
2026-04-27T05:45:24.9165356Z Fetching zeitwerk 2.6.7
2026-04-27T05:45:24.9734101Z Installing zeitwerk 2.6.7
2026-04-27T05:45:24.9915476Z Installing minitest 5.18.0
2026-04-27T05:45:24.9954423Z Installing public_suffix 4.0.7
2026-04-27T05:45:25.0250192Z Installing concurrent-ruby 1.2.2
2026-04-27T05:45:25.0395792Z Fetching ast 2.4.2
2026-04-27T05:45:25.0759274Z Installing ast 2.4.2
2026-04-27T05:45:25.0885607Z Using bundler 2.2.3
2026-04-27T05:45:25.0890832Z Fetching byebug 11.1.3
2026-04-27T05:45:25.1211107Z Fetching diff-lcs 1.4.4
2026-04-27T05:45:25.1550303Z Fetching faraday-net_http 2.0.3
2026-04-27T05:45:25.1915594Z Installing byebug 11.1.3 with native extensions
2026-04-27T05:45:25.1978154Z Installing faraday-net_http 2.0.3
2026-04-27T05:45:25.2004873Z Installing diff-lcs 1.4.4
2026-04-27T05:45:25.2314185Z Using ruby2_keywords 0.0.5
2026-04-27T05:45:25.2321796Z Fetching json 2.7.1
2026-04-27T05:45:25.2764773Z Installing json 2.7.1 with native extensions
2026-04-27T05:45:25.3168022Z Fetching language_server-protocol 3.17.0.3
2026-04-27T05:45:25.3636496Z Installing language_server-protocol 3.17.0.3
2026-04-27T05:45:25.4376009Z Fetching lint_roller 1.1.0
2026-04-27T05:45:25.4940715Z Installing lint_roller 1.1.0
2026-04-27T05:45:25.5112402Z Fetching parallel 1.24.0
2026-04-27T05:45:25.6083984Z Installing parallel 1.24.0
2026-04-27T05:45:25.6170613Z Fetching racc 1.7.3
2026-04-27T05:45:25.6629286Z Installing racc 1.7.3 with native extensions
2026-04-27T05:45:25.7196578Z Fetching rainbow 3.1.1
2026-04-27T05:45:25.7510319Z Installing rainbow 3.1.1
2026-04-27T05:45:25.7578140Z Fetching regexp_parser 2.8.3
2026-04-27T05:45:25.7941307Z Installing regexp_parser 2.8.3
2026-04-27T05:45:25.8165870Z Fetching rexml 3.2.6
2026-04-27T05:45:25.8527554Z Installing rexml 3.2.6
2026-04-27T05:45:25.8764035Z Fetching rspec-support 3.10.1
2026-04-27T05:45:25.9082538Z Installing rspec-support 3.10.1
2026-04-27T05:45:25.9705199Z Fetching ruby-progressbar 1.13.0
2026-04-27T05:45:26.0586040Z Installing ruby-progressbar 1.13.0
2026-04-27T05:45:26.0700258Z Fetching unicode-display_width 2.5.0
2026-04-27T05:45:26.1057566Z Installing unicode-display_width 2.5.0
2026-04-27T05:45:26.1122768Z Fetching addressable 2.8.0
2026-04-27T05:45:26.1507863Z Installing addressable 2.8.0
2026-04-27T05:45:26.1651853Z Fetching faraday 2.3.0
2026-04-27T05:45:26.2015093Z Installing faraday 2.3.0
2026-04-27T05:45:26.2235068Z Fetching i18n 1.12.0
2026-04-27T05:45:26.2584584Z Installing i18n 1.12.0
2026-04-27T05:45:26.2752308Z Fetching tzinfo 2.0.6
2026-04-27T05:45:26.3135801Z Installing tzinfo 2.0.6
2026-04-27T05:45:26.3383164Z Fetching rspec-core 3.10.1
2026-04-27T05:45:26.3815080Z Installing rspec-core 3.10.1
2026-04-27T05:45:26.4081907Z Fetching rspec-expectations 3.10.1
2026-04-27T05:45:26.4477087Z Installing rspec-expectations 3.10.1
2026-04-27T05:45:26.4683193Z Fetching rspec-mocks 3.10.1
2026-04-27T05:45:26.5062285Z Installing rspec-mocks 3.10.1
2026-04-27T05:45:26.5229518Z Fetching faraday-retry 2.0.0
2026-04-27T05:45:26.5570164Z Installing faraday-retry 2.0.0
2026-04-27T05:45:26.5632531Z Fetching sawyer 0.9.2
2026-04-27T05:45:26.6020368Z Installing sawyer 0.9.2
2026-04-27T05:45:26.6132731Z Fetching activesupport 6.1.7.3
2026-04-27T05:45:26.6568963Z Installing activesupport 6.1.7.3
2026-04-27T05:45:26.7162947Z Fetching rspec 3.10.0
2026-04-27T05:45:26.7520762Z Installing rspec 3.10.0
2026-04-27T05:45:26.7574657Z Fetching octokit 4.25.0
2026-04-27T05:45:26.7940638Z Installing octokit 4.25.0
2026-04-27T05:45:27.7887531Z Fetching parser 3.2.2.4
2026-04-27T05:45:27.9053382Z Installing parser 3.2.2.4
2026-04-27T05:45:28.0235778Z Fetching rubocop-ast 1.30.0
2026-04-27T05:45:28.0800994Z Installing rubocop-ast 1.30.0
2026-04-27T05:45:29.3285701Z Fetching rubocop 1.57.2
2026-04-27T05:45:29.3816520Z Installing rubocop 1.57.2
2026-04-27T05:45:29.5530293Z Fetching rubocop-performance 1.19.1
2026-04-27T05:45:29.5533137Z Fetching standard-custom 1.0.2
2026-04-27T05:45:29.6056063Z Installing standard-custom 1.0.2
2026-04-27T05:45:29.6120134Z Installing rubocop-performance 1.19.1
2026-04-27T05:45:29.6315410Z Fetching standard-performance 1.2.1
2026-04-27T05:45:29.6637572Z Installing standard-performance 1.2.1
2026-04-27T05:45:29.6717646Z Fetching standard 1.32.1
2026-04-27T05:45:29.7073807Z Installing standard 1.32.1
2026-04-27T05:45:29.7311252Z Bundle complete! 6 Gemfile dependencies, 40 gems now installed.
2026-04-27T05:45:29.7312246Z Use `bundle info [gemname]` to see where a bundled gem is installed.
2026-04-27T05:45:29.7824995Z ##[group]Run ruby entrypoint.rb
2026-04-27T05:45:29.7825297Z [36;1mruby entrypoint.rb[0m
2026-04-27T05:45:29.7846802Z shell: /usr/bin/bash --noprofile --norc -e -o pipefail {0}
2026-04-27T05:45:29.7847133Z env:
2026-04-27T05:45:29.7847313Z   WAIT_INTERVAL: 30
2026-04-27T05:45:29.7847742Z   ALLOWED_CONCLUSIONS: success,skipped,neutral
2026-04-27T05:45:29.7848033Z   IGNORE_CHECKS: 
2026-04-27T05:45:29.7848218Z   CHECK_NAME: 
2026-04-27T05:45:29.7848396Z   CHECK_REGEXP: 
2026-04-27T05:45:29.7848624Z   REF: ed24099d9757c344fe2cfcac419695c9b43c9c15
2026-04-27T05:45:29.7849134Z   REPO_TOKEN: ***
2026-04-27T05:45:29.7849333Z   VERBOSE: true
2026-04-27T05:45:29.7849527Z   RUNNING_WORKFLOW_NAME: Auto-merge
2026-04-27T05:45:29.7849778Z   API_ENDPOINT: 
2026-04-27T05:45:29.7849967Z ##[endgroup]
2026-04-27T05:45:31.2015353Z Checks running on ref:
2026-04-27T05:45:31.2016578Z Checks completed: firebase-distribute, capture-failure-log, capture-failure-log, capture-failure-log, e2e, test, web-lint-and-test, maybe-label, lint-and-test, autofix
2026-04-27T05:45:31.2017762Z Checks in_progress: Auto-merge
2026-04-27T05:45:31.2018141Z Checks after ignore checks filter:
2026-04-27T05:45:31.2019301Z Checks completed: firebase-distribute, capture-failure-log, capture-failure-log, capture-failure-log, e2e, test, web-lint-and-test, maybe-label, lint-and-test, autofix
2026-04-27T05:45:31.2020538Z Checks after check_name filter:
2026-04-27T05:45:31.2021700Z Checks completed: firebase-distribute, capture-failure-log, capture-failure-log, capture-failure-log, e2e, test, web-lint-and-test, maybe-label, lint-and-test, autofix
2026-04-27T05:45:31.2022918Z Checks after Regexp filter:
2026-04-27T05:45:31.2024016Z Checks completed: firebase-distribute, capture-failure-log, capture-failure-log, capture-failure-log, e2e, test, web-lint-and-test, maybe-label, lint-and-test, autofix
2026-04-27T05:45:31.2025403Z Checks completed:
2026-04-27T05:45:31.2025739Z firebase-distribute: completed (cancelled)
2026-04-27T05:45:31.2026185Z capture-failure-log: completed (skipped)
2026-04-27T05:45:31.2026622Z capture-failure-log: completed (skipped)
2026-04-27T05:45:31.2027049Z capture-failure-log: completed (skipped)
2026-04-27T05:45:31.2027455Z e2e: completed (cancelled)
2026-04-27T05:45:31.2027791Z test: completed (cancelled)
2026-04-27T05:45:31.2028179Z web-lint-and-test: completed (cancelled)
2026-04-27T05:45:31.2028604Z maybe-label: completed (success)
2026-04-27T05:45:31.2029001Z lint-and-test: completed (cancelled)
2026-04-27T05:45:31.2029406Z autofix: completed (cancelled)
2026-04-27T05:45:31.2030498Z The conclusion of one or more checks were not allowed. Allowed conclusions are: success, skipped, neutral. This can be configured with the 'allowed-conclusions' param.
2026-04-27T05:45:31.2090210Z ##[error]Process completed with exit code 1.
2026-04-27T05:45:31.2201960Z Post job cleanup.
2026-04-27T05:45:31.2249286Z Cleaning up orphan processes
2026-04-27T05:45:31.2517825Z ##[warning]Node.js 20 actions are deprecated. The following actions are running on Node.js 20 and may not work as expected: actions/cache@v4. Actions will be forced to run with Node.js 24 by default starting June 2nd, 2026. Node.js 20 will be removed from the runner on September 16th, 2026. Please check if updated versions of these actions are available that support Node.js 24. To opt into Node.js 24 now, set the FORCE_JAVASCRIPT_ACTIONS_TO_NODE24=true environment variable on the runner or in your workflow file. Once Node.js 24 becomes the default, you can temporarily opt out by setting ACTIONS_ALLOW_USE_UNSECURE_NODE_VERSION=true. For more information see: https://github.blog/changelog/2025-09-19-deprecation-of-node-20-on-github-actions-runners/
