=== CI FAILURE ===
Workflow:      Auto-merge & Release
Workflow file: akarlin3/prismTask/.github/workflows/auto-merge.yml@refs/pull/851/merge
Job(s):        Auto-merge
Run ID:        24984749526
Run attempt:   1
Run URL:       https://github.com/akarlin3/prismTask/actions/runs/24984749526
Commit:        8f329075d624b355c2a015bd29f34a2dd7d6f6b8
Branch:        851/merge
Event:         pull_request
Actor:         akarlin3
Runner OS:     Linux
Timestamp:     2026-04-27T08:40:56.702Z

Failed steps:
  - Auto-merge: #4 Wait for all other CI checks to pass

=== FAILED JOB LOG ===

--- Job: Auto-merge (id 73155135163) ---
2026-04-27T08:32:06.1279941Z Current runner version: '2.333.1'
2026-04-27T08:32:06.1318299Z ##[group]Runner Image Provisioner
2026-04-27T08:32:06.1319607Z Hosted Compute Agent
2026-04-27T08:32:06.1320461Z Version: 20260213.493
2026-04-27T08:32:06.1321331Z Commit: 5c115507f6dd24b8de37d8bbe0bb4509d0cc0fa3
2026-04-27T08:32:06.1322744Z Build Date: 2026-02-13T00:28:41Z
2026-04-27T08:32:06.1323770Z Worker ID: {257fad44-e0d9-4b48-8a45-7817e6f78bb5}
2026-04-27T08:32:06.1324820Z Azure Region: northcentralus
2026-04-27T08:32:06.1325859Z ##[endgroup]
2026-04-27T08:32:06.1327639Z ##[group]Operating System
2026-04-27T08:32:06.1328504Z Ubuntu
2026-04-27T08:32:06.1329303Z 24.04.4
2026-04-27T08:32:06.1329807Z LTS
2026-04-27T08:32:06.1330336Z ##[endgroup]
2026-04-27T08:32:06.1330853Z ##[group]Runner Image
2026-04-27T08:32:06.1331472Z Image: ubuntu-24.04
2026-04-27T08:32:06.1332278Z Version: 20260413.86.1
2026-04-27T08:32:06.1333548Z Included Software: https://github.com/actions/runner-images/blob/ubuntu24/20260413.86/images/ubuntu/Ubuntu2404-Readme.md
2026-04-27T08:32:06.1335046Z Image Release: https://github.com/actions/runner-images/releases/tag/ubuntu24%2F20260413.86
2026-04-27T08:32:06.1336039Z ##[endgroup]
2026-04-27T08:32:06.1337321Z ##[group]GITHUB_TOKEN Permissions
2026-04-27T08:32:06.1339322Z Actions: read
2026-04-27T08:32:06.1339940Z Checks: read
2026-04-27T08:32:06.1340423Z Contents: write
2026-04-27T08:32:06.1340999Z Metadata: read
2026-04-27T08:32:06.1341579Z PullRequests: write
2026-04-27T08:32:06.1342327Z ##[endgroup]
2026-04-27T08:32:06.1344647Z Secret source: Actions
2026-04-27T08:32:06.1345834Z Prepare workflow directory
2026-04-27T08:32:06.1831614Z Prepare all required actions
2026-04-27T08:32:06.1886298Z Getting action download info
2026-04-27T08:32:06.4944817Z Download action repository 'lewagon/wait-on-check-action@ccfb013c15c8afb7bf2b7c028fb74dc5a068cccc' (SHA:ccfb013c15c8afb7bf2b7c028fb74dc5a068cccc)
2026-04-27T08:32:06.9731284Z Getting action download info
2026-04-27T08:32:07.1958826Z Download action repository 'ruby/setup-ruby@v1' (SHA:c4e5b1316158f92e3d49443a9d58b31d25ac0f8f)
2026-04-27T08:32:07.6544532Z Download action repository 'actions/cache@v4' (SHA:0057852bfaa89a56745cba8c7296529d2fc39830)
2026-04-27T08:32:07.8683544Z Complete job name: Auto-merge
2026-04-27T08:32:07.9344683Z ##[group]Run set -euo pipefail
2026-04-27T08:32:07.9345808Z [36;1mset -euo pipefail[0m
2026-04-27T08:32:07.9347087Z [36;1m# Audit item #5 — poll check-runs for up to 60s instead of a bare[0m
2026-04-27T08:32:07.9348805Z [36;1m# 20s sleep. On a busy runner cohort the initial 20s wasn't enough[0m
2026-04-27T08:32:07.9350490Z [36;1m# for the API to reflect queued workflow runs, which could merge[0m
2026-04-27T08:32:07.9352356Z [36;1m# PRs without waiting for CI. Bail out early as soon as ≥1 real[0m
2026-04-27T08:32:07.9353719Z [36;1m# check shows up.[0m
2026-04-27T08:32:07.9354605Z [36;1mCOUNT=0[0m
2026-04-27T08:32:07.9355386Z [36;1mfor i in $(seq 1 6); do[0m
2026-04-27T08:32:07.9356319Z [36;1m  sleep 10[0m
2026-04-27T08:32:07.9357408Z [36;1m  COUNT=$(gh api "repos/$REPO/commits/$HEAD_SHA/check-runs" \[0m
2026-04-27T08:32:07.9359051Z [36;1m    --jq '[.check_runs[] | select(.name != "Auto-merge")] | length')[0m
2026-04-27T08:32:07.9360454Z [36;1m  if [ "$COUNT" -gt 0 ]; then[0m
2026-04-27T08:32:07.9361738Z [36;1m    echo "Found $COUNT non-Auto-merge check(s) after ${i}0s"[0m
2026-04-27T08:32:07.9363169Z [36;1m    break[0m
2026-04-27T08:32:07.9363952Z [36;1m  fi[0m
2026-04-27T08:32:07.9364918Z [36;1m  echo "No non-Auto-merge checks yet (attempt $i/6)"[0m
2026-04-27T08:32:07.9366120Z [36;1mdone[0m
2026-04-27T08:32:07.9366937Z [36;1mif [ "$COUNT" -gt 0 ]; then[0m
2026-04-27T08:32:07.9367994Z [36;1m  echo "has_ci=true" >> "$GITHUB_OUTPUT"[0m
2026-04-27T08:32:07.9369042Z [36;1melse[0m
2026-04-27T08:32:07.9369883Z [36;1m  echo "has_ci=false" >> "$GITHUB_OUTPUT"[0m
2026-04-27T08:32:07.9371339Z [36;1m  echo "No CI checks on this PR after 60s — will merge without waiting."[0m
2026-04-27T08:32:07.9373003Z [36;1mfi[0m
2026-04-27T08:32:07.9400244Z shell: /usr/bin/bash -e {0}
2026-04-27T08:32:07.9401332Z env:
2026-04-27T08:32:07.9402198Z   WAIT_INTERVAL: 30
2026-04-27T08:32:07.9403469Z   GH_TOKEN: ***
2026-04-27T08:32:07.9404370Z   HEAD_SHA: 347b95589421cc7d9925f851129b937d0a334d92
2026-04-27T08:32:07.9405476Z   REPO: akarlin3/prismTask
2026-04-27T08:32:07.9406317Z ##[endgroup]
2026-04-27T08:32:18.3755855Z Found 6 non-Auto-merge check(s) after 10s
2026-04-27T08:32:18.3881540Z ##[group]Run set -euo pipefail
2026-04-27T08:32:18.3882264Z [36;1mset -euo pipefail[0m
2026-04-27T08:32:18.3882733Z [36;1mREQUIRED=$(gh api "repos/$REPO/branches/main/protection/required_status_checks" \[0m
2026-04-27T08:32:18.3883252Z [36;1m  --jq '.contexts[]' 2>/dev/null || true)[0m
2026-04-27T08:32:18.3883606Z [36;1mif [ -z "$REQUIRED" ]; then[0m
2026-04-27T08:32:18.3884156Z [36;1m  echo "::warning::Could not query branch protection (likely a permission issue) — using hardcoded fallback list."[0m
2026-04-27T08:32:18.3884738Z [36;1m  REQUIRED="$FALLBACK_REQUIRED"[0m
2026-04-27T08:32:18.3885055Z [36;1mfi[0m
2026-04-27T08:32:18.3885372Z [36;1m# Strip Auto-merge from the required list so we don't wait on[0m
2026-04-27T08:32:18.3885839Z [36;1m# ourselves (it's listed because we ARE the running workflow).[0m
2026-04-27T08:32:18.3886378Z [36;1mREQUIRED=$(echo "$REQUIRED" | grep -vE '^\s*Auto-merge\s*$' | grep -vE '^\s*$' || true)[0m
2026-04-27T08:32:18.3886887Z [36;1mif [ -z "$REQUIRED" ]; then[0m
2026-04-27T08:32:18.3887272Z [36;1m  echo "No required checks beyond Auto-merge; skipping queue wait."[0m
2026-04-27T08:32:18.3887678Z [36;1m  exit 0[0m
2026-04-27T08:32:18.3887942Z [36;1mfi[0m
2026-04-27T08:32:18.3888227Z [36;1mecho "Waiting until these required checks queue:"[0m
2026-04-27T08:32:18.3888583Z [36;1mecho "$REQUIRED" | sed 's/^/  /'[0m
2026-04-27T08:32:18.3888968Z [36;1m# 30 attempts × 10s = 5 min ceiling. If checks haven't queued[0m
2026-04-27T08:32:18.3889439Z [36;1m# by then something is genuinely broken (workflow file invalid,[0m
2026-04-27T08:32:18.3889925Z [36;1m# path filter excluding everything, etc.) — log and proceed so[0m
2026-04-27T08:32:18.3890375Z [36;1m# wait-on-check-action can decide how to handle it.[0m
2026-04-27T08:32:18.3890742Z [36;1mfor attempt in $(seq 1 30); do[0m
2026-04-27T08:32:18.3891172Z [36;1m  CHECK_RUNS=$(gh api --paginate "repos/$REPO/commits/$HEAD_SHA/check-runs" \[0m
2026-04-27T08:32:18.3891626Z [36;1m    --jq '.check_runs[].name' | sort -u)[0m
2026-04-27T08:32:18.3892148Z [36;1m  MISSING=""[0m
2026-04-27T08:32:18.3892419Z [36;1m  while IFS= read -r req; do[0m
2026-04-27T08:32:18.3892723Z [36;1m    [ -z "$req" ] && continue[0m
2026-04-27T08:32:18.3893033Z [36;1m    req_trimmed=$(echo "$req" | xargs)[0m
2026-04-27T08:32:18.3893441Z [36;1m    if ! echo "$CHECK_RUNS" | grep -qxF "$req_trimmed"; then[0m
2026-04-27T08:32:18.3893854Z [36;1m      MISSING="$MISSING $req_trimmed"[0m
2026-04-27T08:32:18.3894158Z [36;1m    fi[0m
2026-04-27T08:32:18.3894390Z [36;1m  done <<< "$REQUIRED"[0m
2026-04-27T08:32:18.3894699Z [36;1m  if [ -z "$MISSING" ]; then[0m
2026-04-27T08:32:18.3895234Z [36;1m    echo "All required checks have queued after attempt $attempt."[0m
2026-04-27T08:32:18.3895674Z [36;1m    exit 0[0m
2026-04-27T08:32:18.3896029Z [36;1m  fi[0m
2026-04-27T08:32:18.3896508Z [36;1m  echo "Still waiting for:$MISSING (attempt $attempt/30)"[0m
2026-04-27T08:32:18.3897033Z [36;1m  sleep 10[0m
2026-04-27T08:32:18.3897373Z [36;1mdone[0m
2026-04-27T08:32:18.3898024Z [36;1mecho "::warning::Some required checks never queued after 5 min:$MISSING — proceeding to wait-on-check-action anyway."[0m
2026-04-27T08:32:18.3921560Z shell: /usr/bin/bash -e {0}
2026-04-27T08:32:18.3921841Z env:
2026-04-27T08:32:18.3922287Z   WAIT_INTERVAL: 30
2026-04-27T08:32:18.3923005Z   GH_TOKEN: ***
2026-04-27T08:32:18.3923283Z   HEAD_SHA: 347b95589421cc7d9925f851129b937d0a334d92
2026-04-27T08:32:18.3923620Z   REPO: akarlin3/prismTask
2026-04-27T08:32:18.3924021Z   FALLBACK_REQUIRED: lint-and-test
connected-tests
test
web-lint-and-test

2026-04-27T08:32:18.3924677Z ##[endgroup]
2026-04-27T08:32:18.5899225Z Waiting until these required checks queue:
2026-04-27T08:32:18.5913259Z   {"message":"Resource not accessible by integration","documentation_url":"https://docs.github.com/rest/branches/branch-protection#get-status-checks-protection","status":"403"}
2026-04-27T08:32:18.9863016Z Still waiting for: {message:Resource not accessible by integration,documentation_url:https://docs.github.com/rest/branches/branch-protection#get-status-checks-protection,status:403} (attempt 1/30)
2026-04-27T08:32:29.5126973Z Still waiting for: {message:Resource not accessible by integration,documentation_url:https://docs.github.com/rest/branches/branch-protection#get-status-checks-protection,status:403} (attempt 2/30)
2026-04-27T08:32:39.9316883Z Still waiting for: {message:Resource not accessible by integration,documentation_url:https://docs.github.com/rest/branches/branch-protection#get-status-checks-protection,status:403} (attempt 3/30)
2026-04-27T08:32:50.3772407Z Still waiting for: {message:Resource not accessible by integration,documentation_url:https://docs.github.com/rest/branches/branch-protection#get-status-checks-protection,status:403} (attempt 4/30)
2026-04-27T08:33:00.8145975Z Still waiting for: {message:Resource not accessible by integration,documentation_url:https://docs.github.com/rest/branches/branch-protection#get-status-checks-protection,status:403} (attempt 5/30)
2026-04-27T08:33:11.2700006Z Still waiting for: {message:Resource not accessible by integration,documentation_url:https://docs.github.com/rest/branches/branch-protection#get-status-checks-protection,status:403} (attempt 6/30)
2026-04-27T08:33:21.7825716Z Still waiting for: {message:Resource not accessible by integration,documentation_url:https://docs.github.com/rest/branches/branch-protection#get-status-checks-protection,status:403} (attempt 7/30)
2026-04-27T08:33:32.1851547Z Still waiting for: {message:Resource not accessible by integration,documentation_url:https://docs.github.com/rest/branches/branch-protection#get-status-checks-protection,status:403} (attempt 8/30)
2026-04-27T08:33:42.6361926Z Still waiting for: {message:Resource not accessible by integration,documentation_url:https://docs.github.com/rest/branches/branch-protection#get-status-checks-protection,status:403} (attempt 9/30)
2026-04-27T08:33:53.0544621Z Still waiting for: {message:Resource not accessible by integration,documentation_url:https://docs.github.com/rest/branches/branch-protection#get-status-checks-protection,status:403} (attempt 10/30)
2026-04-27T08:34:03.5028528Z Still waiting for: {message:Resource not accessible by integration,documentation_url:https://docs.github.com/rest/branches/branch-protection#get-status-checks-protection,status:403} (attempt 11/30)
2026-04-27T08:34:13.9499560Z Still waiting for: {message:Resource not accessible by integration,documentation_url:https://docs.github.com/rest/branches/branch-protection#get-status-checks-protection,status:403} (attempt 12/30)
2026-04-27T08:34:24.3570048Z Still waiting for: {message:Resource not accessible by integration,documentation_url:https://docs.github.com/rest/branches/branch-protection#get-status-checks-protection,status:403} (attempt 13/30)
2026-04-27T08:34:34.8128456Z Still waiting for: {message:Resource not accessible by integration,documentation_url:https://docs.github.com/rest/branches/branch-protection#get-status-checks-protection,status:403} (attempt 14/30)
2026-04-27T08:34:45.2037740Z Still waiting for: {message:Resource not accessible by integration,documentation_url:https://docs.github.com/rest/branches/branch-protection#get-status-checks-protection,status:403} (attempt 15/30)
2026-04-27T08:34:55.6698063Z Still waiting for: {message:Resource not accessible by integration,documentation_url:https://docs.github.com/rest/branches/branch-protection#get-status-checks-protection,status:403} (attempt 16/30)
2026-04-27T08:35:06.1772705Z Still waiting for: {message:Resource not accessible by integration,documentation_url:https://docs.github.com/rest/branches/branch-protection#get-status-checks-protection,status:403} (attempt 17/30)
2026-04-27T08:35:16.6545814Z Still waiting for: {message:Resource not accessible by integration,documentation_url:https://docs.github.com/rest/branches/branch-protection#get-status-checks-protection,status:403} (attempt 18/30)
2026-04-27T08:35:27.1310068Z Still waiting for: {message:Resource not accessible by integration,documentation_url:https://docs.github.com/rest/branches/branch-protection#get-status-checks-protection,status:403} (attempt 19/30)
2026-04-27T08:35:37.5989357Z Still waiting for: {message:Resource not accessible by integration,documentation_url:https://docs.github.com/rest/branches/branch-protection#get-status-checks-protection,status:403} (attempt 20/30)
2026-04-27T08:35:48.1475053Z Still waiting for: {message:Resource not accessible by integration,documentation_url:https://docs.github.com/rest/branches/branch-protection#get-status-checks-protection,status:403} (attempt 21/30)
2026-04-27T08:35:58.6421516Z Still waiting for: {message:Resource not accessible by integration,documentation_url:https://docs.github.com/rest/branches/branch-protection#get-status-checks-protection,status:403} (attempt 22/30)
2026-04-27T08:36:09.1050783Z Still waiting for: {message:Resource not accessible by integration,documentation_url:https://docs.github.com/rest/branches/branch-protection#get-status-checks-protection,status:403} (attempt 23/30)
2026-04-27T08:36:19.5971744Z Still waiting for: {message:Resource not accessible by integration,documentation_url:https://docs.github.com/rest/branches/branch-protection#get-status-checks-protection,status:403} (attempt 24/30)
2026-04-27T08:36:30.1529615Z Still waiting for: {message:Resource not accessible by integration,documentation_url:https://docs.github.com/rest/branches/branch-protection#get-status-checks-protection,status:403} (attempt 25/30)
2026-04-27T08:36:40.6486326Z Still waiting for: {message:Resource not accessible by integration,documentation_url:https://docs.github.com/rest/branches/branch-protection#get-status-checks-protection,status:403} (attempt 26/30)
2026-04-27T08:36:51.1139444Z Still waiting for: {message:Resource not accessible by integration,documentation_url:https://docs.github.com/rest/branches/branch-protection#get-status-checks-protection,status:403} (attempt 27/30)
2026-04-27T08:37:01.5853633Z Still waiting for: {message:Resource not accessible by integration,documentation_url:https://docs.github.com/rest/branches/branch-protection#get-status-checks-protection,status:403} (attempt 28/30)
2026-04-27T08:37:12.0476589Z Still waiting for: {message:Resource not accessible by integration,documentation_url:https://docs.github.com/rest/branches/branch-protection#get-status-checks-protection,status:403} (attempt 29/30)
2026-04-27T08:37:22.5691211Z Still waiting for: {message:Resource not accessible by integration,documentation_url:https://docs.github.com/rest/branches/branch-protection#get-status-checks-protection,status:403} (attempt 30/30)
2026-04-27T08:37:32.5804651Z ##[warning]Some required checks never queued after 5 min: {message:Resource not accessible by integration,documentation_url:https://docs.github.com/rest/branches/branch-protection#get-status-checks-protection,status:403} — proceeding to wait-on-check-action anyway.
2026-04-27T08:37:32.5951833Z ##[group]Run lewagon/wait-on-check-action@ccfb013c15c8afb7bf2b7c028fb74dc5a068cccc
2026-04-27T08:37:32.5952527Z with:
2026-04-27T08:37:32.5952744Z   ref: 347b95589421cc7d9925f851129b937d0a334d92
2026-04-27T08:37:32.5953025Z   running-workflow-name: Auto-merge
2026-04-27T08:37:32.5953488Z   repo-token: ***
2026-04-27T08:37:32.5953696Z   wait-interval: 30
2026-04-27T08:37:32.5953930Z   allowed-conclusions: success,skipped,neutral
2026-04-27T08:37:32.5954206Z   verbose: true
2026-04-27T08:37:32.5954382Z env:
2026-04-27T08:37:32.5954551Z   WAIT_INTERVAL: 30
2026-04-27T08:37:32.5954741Z ##[endgroup]
2026-04-27T08:37:32.6075548Z ##[group]Run ruby/setup-ruby@v1
2026-04-27T08:37:32.6075798Z with:
2026-04-27T08:37:32.6076237Z   ruby-version: 3.2
2026-04-27T08:37:32.6076447Z   bundler-cache: false
2026-04-27T08:37:32.6076792Z   token: ***
2026-04-27T08:37:32.6076973Z env:
2026-04-27T08:37:32.6077139Z   WAIT_INTERVAL: 30
2026-04-27T08:37:32.6077327Z ##[endgroup]
2026-04-27T08:37:32.7477981Z ##[group]Modifying PATH
2026-04-27T08:37:32.7478469Z Entries added to PATH to use selected Ruby:
2026-04-27T08:37:32.7478949Z   /opt/hostedtoolcache/Ruby/3.2.11/x64/bin
2026-04-27T08:37:32.7483621Z ##[endgroup]
2026-04-27T08:37:32.7484311Z ##[group]Print Ruby version
2026-04-27T08:37:32.7552795Z [command]/opt/hostedtoolcache/Ruby/3.2.11/x64/bin/ruby --version
2026-04-27T08:37:32.9138870Z ruby 3.2.11 (2026-03-27 revision 5483bfc1ae) [x86_64-linux]
2026-04-27T08:37:32.9173326Z Took   0.17 seconds
2026-04-27T08:37:32.9174280Z ##[endgroup]
2026-04-27T08:37:32.9175654Z ##[group]Installing Bundler
2026-04-27T08:37:32.9180392Z Using Bundler shipped with ruby-3.2.11
2026-04-27T08:37:32.9181776Z Took   0.00 seconds
2026-04-27T08:37:32.9182421Z ##[endgroup]
2026-04-27T08:37:32.9881062Z ##[group]Run actions/cache@v4
2026-04-27T08:37:32.9881334Z with:
2026-04-27T08:37:32.9881747Z   path: /home/runner/work/_actions/lewagon/wait-on-check-action/ccfb013c15c8afb7bf2b7c028fb74dc5a068cccc
2026-04-27T08:37:32.9882554Z   key: Linux-gems-
2026-04-27T08:37:32.9882761Z   restore-keys: Linux-gems-
2026-04-27T08:37:32.9882990Z   enableCrossOsArchive: false
2026-04-27T08:37:32.9883218Z   fail-on-cache-miss: false
2026-04-27T08:37:32.9883433Z   lookup-only: false
2026-04-27T08:37:32.9883619Z   save-always: false
2026-04-27T08:37:32.9883793Z env:
2026-04-27T08:37:32.9883953Z   WAIT_INTERVAL: 30
2026-04-27T08:37:32.9884127Z ##[endgroup]
2026-04-27T08:37:33.2671148Z Cache not found for input keys: Linux-gems-, Linux-gems-
2026-04-27T08:37:33.2754233Z ##[group]Run bundle install --jobs 4 --retry 3
2026-04-27T08:37:33.2754560Z [36;1mbundle install --jobs 4 --retry 3[0m
2026-04-27T08:37:33.2778538Z shell: /usr/bin/bash --noprofile --norc -e -o pipefail {0}
2026-04-27T08:37:33.2778877Z env:
2026-04-27T08:37:33.2779057Z   WAIT_INTERVAL: 30
2026-04-27T08:37:33.2779254Z ##[endgroup]
2026-04-27T08:37:33.9103678Z Bundler 2.4.19 is running, but your lockfile was generated with 2.2.3. Installing Bundler 2.2.3 and restarting using that version.
2026-04-27T08:37:35.1056518Z Fetching gem metadata from https://rubygems.org/.
2026-04-27T08:37:35.1127970Z Fetching bundler 2.2.3
2026-04-27T08:37:35.2312795Z Installing bundler 2.2.3
2026-04-27T08:37:35.4176354Z Calling `DidYouMean::SPELL_CHECKERS.merge!(error_name => spell_checker)' has been deprecated. Please call `DidYouMean.correct_error(error_name, spell_checker)' instead.
2026-04-27T08:37:36.7245925Z Fetching gem metadata from https://rubygems.org/.........
2026-04-27T08:37:36.7340172Z Fetching minitest 5.18.0
2026-04-27T08:37:36.7345701Z Fetching zeitwerk 2.6.7
2026-04-27T08:37:36.7354724Z Fetching public_suffix 4.0.7
2026-04-27T08:37:36.7625976Z Fetching concurrent-ruby 1.2.2
2026-04-27T08:37:36.8546990Z Installing zeitwerk 2.6.7
2026-04-27T08:37:36.8709891Z Installing minitest 5.18.0
2026-04-27T08:37:36.8736819Z Installing public_suffix 4.0.7
2026-04-27T08:37:36.9049749Z Installing concurrent-ruby 1.2.2
2026-04-27T08:37:36.9169870Z Fetching ast 2.4.2
2026-04-27T08:37:36.9539312Z Installing ast 2.4.2
2026-04-27T08:37:36.9612478Z Using bundler 2.2.3
2026-04-27T08:37:36.9628206Z Fetching byebug 11.1.3
2026-04-27T08:37:36.9900246Z Fetching diff-lcs 1.4.4
2026-04-27T08:37:37.0501400Z Installing diff-lcs 1.4.4
2026-04-27T08:37:37.0545253Z Installing byebug 11.1.3 with native extensions
2026-04-27T08:37:37.0559906Z Fetching faraday-net_http 2.0.3
2026-04-27T08:37:37.0923255Z Installing faraday-net_http 2.0.3
2026-04-27T08:37:37.1077548Z Using ruby2_keywords 0.0.5
2026-04-27T08:37:37.1092383Z Fetching json 2.7.1
2026-04-27T08:37:37.1538985Z Installing json 2.7.1 with native extensions
2026-04-27T08:37:37.1638746Z Fetching language_server-protocol 3.17.0.3
2026-04-27T08:37:37.2122255Z Installing language_server-protocol 3.17.0.3
2026-04-27T08:37:37.2972545Z Fetching lint_roller 1.1.0
2026-04-27T08:37:37.3499741Z Installing lint_roller 1.1.0
2026-04-27T08:37:37.3647512Z Fetching parallel 1.24.0
2026-04-27T08:37:37.4133763Z Installing parallel 1.24.0
2026-04-27T08:37:37.4215241Z Fetching racc 1.7.3
2026-04-27T08:37:37.4605740Z Installing racc 1.7.3 with native extensions
2026-04-27T08:37:37.4977549Z Fetching rainbow 3.1.1
2026-04-27T08:37:37.5324665Z Installing rainbow 3.1.1
2026-04-27T08:37:37.5387214Z Fetching regexp_parser 2.8.3
2026-04-27T08:37:37.5777391Z Installing regexp_parser 2.8.3
2026-04-27T08:37:37.6000373Z Fetching rexml 3.2.6
2026-04-27T08:37:37.6370879Z Installing rexml 3.2.6
2026-04-27T08:37:37.6576307Z Fetching rspec-support 3.10.1
2026-04-27T08:37:37.6943437Z Installing rspec-support 3.10.1
2026-04-27T08:37:37.7928408Z Fetching ruby-progressbar 1.13.0
2026-04-27T08:37:37.8263936Z Installing ruby-progressbar 1.13.0
2026-04-27T08:37:37.8360739Z Fetching unicode-display_width 2.5.0
2026-04-27T08:37:37.8689887Z Installing unicode-display_width 2.5.0
2026-04-27T08:37:37.8747247Z Fetching addressable 2.8.0
2026-04-27T08:37:37.9115537Z Installing addressable 2.8.0
2026-04-27T08:37:37.9255193Z Fetching faraday 2.3.0
2026-04-27T08:37:37.9624882Z Installing faraday 2.3.0
2026-04-27T08:37:37.9824263Z Fetching i18n 1.12.0
2026-04-27T08:37:38.0172436Z Installing i18n 1.12.0
2026-04-27T08:37:38.0311785Z Fetching tzinfo 2.0.6
2026-04-27T08:37:38.0677090Z Installing tzinfo 2.0.6
2026-04-27T08:37:38.0838674Z Fetching rspec-core 3.10.1
2026-04-27T08:37:38.1388713Z Installing rspec-core 3.10.1
2026-04-27T08:37:38.1656874Z Fetching rspec-expectations 3.10.1
2026-04-27T08:37:38.2037582Z Installing rspec-expectations 3.10.1
2026-04-27T08:37:38.2213734Z Fetching rspec-mocks 3.10.1
2026-04-27T08:37:38.2584196Z Installing rspec-mocks 3.10.1
2026-04-27T08:37:38.2735867Z Fetching faraday-retry 2.0.0
2026-04-27T08:37:38.3085891Z Installing faraday-retry 2.0.0
2026-04-27T08:37:38.3166372Z Fetching sawyer 0.9.2
2026-04-27T08:37:38.3633660Z Installing sawyer 0.9.2
2026-04-27T08:37:38.3707405Z Fetching activesupport 6.1.7.3
2026-04-27T08:37:38.4185086Z Installing activesupport 6.1.7.3
2026-04-27T08:37:38.4873786Z Fetching rspec 3.10.0
2026-04-27T08:37:38.5239518Z Installing rspec 3.10.0
2026-04-27T08:37:38.5333693Z Fetching octokit 4.25.0
2026-04-27T08:37:38.5777285Z Installing octokit 4.25.0
2026-04-27T08:37:39.1323854Z Fetching parser 3.2.2.4
2026-04-27T08:37:39.2518598Z Installing parser 3.2.2.4
2026-04-27T08:37:39.3693600Z Fetching rubocop-ast 1.30.0
2026-04-27T08:37:39.4312363Z Installing rubocop-ast 1.30.0
2026-04-27T08:37:40.9456437Z Fetching rubocop 1.57.2
2026-04-27T08:37:41.0055127Z Installing rubocop 1.57.2
2026-04-27T08:37:41.1674540Z Fetching rubocop-performance 1.19.1
2026-04-27T08:37:41.1676974Z Fetching standard-custom 1.0.2
2026-04-27T08:37:41.2213765Z Installing standard-custom 1.0.2
2026-04-27T08:37:41.2278082Z Installing rubocop-performance 1.19.1
2026-04-27T08:37:41.2466150Z Fetching standard-performance 1.2.1
2026-04-27T08:37:41.2787901Z Installing standard-performance 1.2.1
2026-04-27T08:37:41.2875405Z Fetching standard 1.32.1
2026-04-27T08:37:41.3233999Z Installing standard 1.32.1
2026-04-27T08:37:41.3449545Z Bundle complete! 6 Gemfile dependencies, 40 gems now installed.
2026-04-27T08:37:41.3450638Z Use `bundle info [gemname]` to see where a bundled gem is installed.
2026-04-27T08:37:41.4041512Z ##[group]Run ruby entrypoint.rb
2026-04-27T08:37:41.4041796Z [36;1mruby entrypoint.rb[0m
2026-04-27T08:37:41.4064104Z shell: /usr/bin/bash --noprofile --norc -e -o pipefail {0}
2026-04-27T08:37:41.4064434Z env:
2026-04-27T08:37:41.4064615Z   WAIT_INTERVAL: 30
2026-04-27T08:37:41.4064851Z   ALLOWED_CONCLUSIONS: success,skipped,neutral
2026-04-27T08:37:41.4065124Z   IGNORE_CHECKS: 
2026-04-27T08:37:41.4065311Z   CHECK_NAME: 
2026-04-27T08:37:41.4065480Z   CHECK_REGEXP: 
2026-04-27T08:37:41.4065685Z   REF: 347b95589421cc7d9925f851129b937d0a334d92
2026-04-27T08:37:41.4066192Z   REPO_TOKEN: ***
2026-04-27T08:37:41.4066384Z   VERBOSE: true
2026-04-27T08:37:41.4066801Z   RUNNING_WORKFLOW_NAME: Auto-merge
2026-04-27T08:37:41.4067044Z   API_ENDPOINT: 
2026-04-27T08:37:41.4067228Z ##[endgroup]
2026-04-27T08:40:45.2497605Z Checks running on ref:
2026-04-27T08:40:45.2498733Z Checks completed: capture-failure-log, capture-failure-log, capture-failure-log, e2e, cross-device-tests, connected-tests, web-lint-and-test, test, maybe-label
2026-04-27T08:40:45.2499855Z Checks in_progress: lint-and-test, autofix, Auto-merge
2026-04-27T08:40:45.2500310Z Checks after ignore checks filter:
2026-04-27T08:40:45.2501298Z Checks completed: capture-failure-log, capture-failure-log, capture-failure-log, e2e, cross-device-tests, connected-tests, web-lint-and-test, test, maybe-label
2026-04-27T08:40:45.2502556Z Checks in_progress: lint-and-test, autofix
2026-04-27T08:40:45.2502956Z Checks after check_name filter:
2026-04-27T08:40:45.2503923Z Checks completed: capture-failure-log, capture-failure-log, capture-failure-log, e2e, cross-device-tests, connected-tests, web-lint-and-test, test, maybe-label
2026-04-27T08:40:45.2505012Z Checks in_progress: lint-and-test, autofix
2026-04-27T08:40:45.2505415Z Checks after Regexp filter:
2026-04-27T08:40:45.2506410Z Checks completed: capture-failure-log, capture-failure-log, capture-failure-log, e2e, cross-device-tests, connected-tests, web-lint-and-test, test, maybe-label
2026-04-27T08:40:45.2507403Z Checks in_progress: lint-and-test, autofix
2026-04-27T08:40:45.2507937Z The requested checks aren't complete yet, will check back in 30 seconds...
2026-04-27T08:40:45.2508466Z Checks running on ref:
2026-04-27T08:40:45.2509426Z Checks completed: capture-failure-log, autofix, capture-failure-log, capture-failure-log, e2e, cross-device-tests, connected-tests, web-lint-and-test, test, maybe-label
2026-04-27T08:40:45.2510501Z Checks in_progress: lint-and-test, Auto-merge
2026-04-27T08:40:45.2510914Z Checks after ignore checks filter:
2026-04-27T08:40:45.2511916Z Checks completed: capture-failure-log, autofix, capture-failure-log, capture-failure-log, e2e, cross-device-tests, connected-tests, web-lint-and-test, test, maybe-label
2026-04-27T08:40:45.2513155Z Checks in_progress: lint-and-test
2026-04-27T08:40:45.2513514Z Checks after check_name filter:
2026-04-27T08:40:45.2514519Z Checks completed: capture-failure-log, autofix, capture-failure-log, capture-failure-log, e2e, cross-device-tests, connected-tests, web-lint-and-test, test, maybe-label
2026-04-27T08:40:45.2515599Z Checks in_progress: lint-and-test
2026-04-27T08:40:45.2515959Z Checks after Regexp filter:
2026-04-27T08:40:45.2516977Z Checks completed: capture-failure-log, autofix, capture-failure-log, capture-failure-log, e2e, cross-device-tests, connected-tests, web-lint-and-test, test, maybe-label
2026-04-27T08:40:45.2518158Z Checks in_progress: lint-and-test
2026-04-27T08:40:45.2518718Z The requested checks aren't complete yet, will check back in 30 seconds...
2026-04-27T08:40:45.2519315Z Checks running on ref:
2026-04-27T08:40:45.2520419Z Checks completed: capture-failure-log, autofix, capture-failure-log, capture-failure-log, e2e, cross-device-tests, connected-tests, web-lint-and-test, test, maybe-label
2026-04-27T08:40:45.2521612Z Checks in_progress: lint-and-test, Auto-merge
2026-04-27T08:40:45.2522204Z Checks after ignore checks filter:
2026-04-27T08:40:45.2523751Z Checks completed: capture-failure-log, autofix, capture-failure-log, capture-failure-log, e2e, cross-device-tests, connected-tests, web-lint-and-test, test, maybe-label
2026-04-27T08:40:45.2524878Z Checks in_progress: lint-and-test
2026-04-27T08:40:45.2525311Z Checks after check_name filter:
2026-04-27T08:40:45.2526418Z Checks completed: capture-failure-log, autofix, capture-failure-log, capture-failure-log, e2e, cross-device-tests, connected-tests, web-lint-and-test, test, maybe-label
2026-04-27T08:40:45.2527645Z Checks in_progress: lint-and-test
2026-04-27T08:40:45.2528030Z Checks after Regexp filter:
2026-04-27T08:40:45.2529131Z Checks completed: capture-failure-log, autofix, capture-failure-log, capture-failure-log, e2e, cross-device-tests, connected-tests, web-lint-and-test, test, maybe-label
2026-04-27T08:40:45.2530570Z Checks in_progress: lint-and-test
2026-04-27T08:40:45.2531241Z The requested checks aren't complete yet, will check back in 30 seconds...
2026-04-27T08:40:45.2532092Z Checks running on ref:
2026-04-27T08:40:45.2533388Z Checks completed: capture-failure-log, autofix, capture-failure-log, capture-failure-log, e2e, cross-device-tests, connected-tests, web-lint-and-test, test, maybe-label
2026-04-27T08:40:45.2534780Z Checks in_progress: lint-and-test, Auto-merge
2026-04-27T08:40:45.2535320Z Checks after ignore checks filter:
2026-04-27T08:40:45.2536670Z Checks completed: capture-failure-log, autofix, capture-failure-log, capture-failure-log, e2e, cross-device-tests, connected-tests, web-lint-and-test, test, maybe-label
2026-04-27T08:40:45.2538060Z Checks in_progress: lint-and-test
2026-04-27T08:40:45.2538538Z Checks after check_name filter:
2026-04-27T08:40:45.2539807Z Checks completed: capture-failure-log, autofix, capture-failure-log, capture-failure-log, e2e, cross-device-tests, connected-tests, web-lint-and-test, test, maybe-label
2026-04-27T08:40:45.2541187Z Checks in_progress: lint-and-test
2026-04-27T08:40:45.2541647Z Checks after Regexp filter:
2026-04-27T08:40:45.2543035Z Checks completed: capture-failure-log, autofix, capture-failure-log, capture-failure-log, e2e, cross-device-tests, connected-tests, web-lint-and-test, test, maybe-label
2026-04-27T08:40:45.2544415Z Checks in_progress: lint-and-test
2026-04-27T08:40:45.2545024Z The requested checks aren't complete yet, will check back in 30 seconds...
2026-04-27T08:40:45.2545544Z Checks running on ref:
2026-04-27T08:40:45.2546508Z Checks completed: capture-failure-log, autofix, capture-failure-log, capture-failure-log, e2e, cross-device-tests, connected-tests, web-lint-and-test, test, maybe-label
2026-04-27T08:40:45.2547632Z Checks in_progress: lint-and-test, Auto-merge
2026-04-27T08:40:45.2548063Z Checks after ignore checks filter:
2026-04-27T08:40:45.2549071Z Checks completed: capture-failure-log, autofix, capture-failure-log, capture-failure-log, e2e, cross-device-tests, connected-tests, web-lint-and-test, test, maybe-label
2026-04-27T08:40:45.2550088Z Checks in_progress: lint-and-test
2026-04-27T08:40:45.2550422Z Checks after check_name filter:
2026-04-27T08:40:45.2551045Z Checks completed: capture-failure-log, autofix, capture-failure-log, capture-failure-log, e2e, cross-device-tests, connected-tests, web-lint-and-test, test, maybe-label
2026-04-27T08:40:45.2551678Z Checks in_progress: lint-and-test
2026-04-27T08:40:45.2551906Z Checks after Regexp filter:
2026-04-27T08:40:45.2552853Z Checks completed: capture-failure-log, autofix, capture-failure-log, capture-failure-log, e2e, cross-device-tests, connected-tests, web-lint-and-test, test, maybe-label
2026-04-27T08:40:45.2553536Z Checks in_progress: lint-and-test
2026-04-27T08:40:45.2553886Z The requested checks aren't complete yet, will check back in 30 seconds...
2026-04-27T08:40:45.2554325Z Checks running on ref:
2026-04-27T08:40:45.2554950Z Checks completed: capture-failure-log, autofix, capture-failure-log, capture-failure-log, e2e, cross-device-tests, connected-tests, web-lint-and-test, test, maybe-label
2026-04-27T08:40:45.2555613Z Checks in_progress: lint-and-test, Auto-merge
2026-04-27T08:40:45.2556085Z Checks after ignore checks filter:
2026-04-27T08:40:45.2556712Z Checks completed: capture-failure-log, autofix, capture-failure-log, capture-failure-log, e2e, cross-device-tests, connected-tests, web-lint-and-test, test, maybe-label
2026-04-27T08:40:45.2557347Z Checks in_progress: lint-and-test
2026-04-27T08:40:45.2557578Z Checks after check_name filter:
2026-04-27T08:40:45.2558180Z Checks completed: capture-failure-log, autofix, capture-failure-log, capture-failure-log, e2e, cross-device-tests, connected-tests, web-lint-and-test, test, maybe-label
2026-04-27T08:40:45.2558811Z Checks in_progress: lint-and-test
2026-04-27T08:40:45.2559030Z Checks after Regexp filter:
2026-04-27T08:40:45.2559634Z Checks completed: capture-failure-log, autofix, capture-failure-log, capture-failure-log, e2e, cross-device-tests, connected-tests, web-lint-and-test, test, maybe-label
2026-04-27T08:40:45.2560402Z Checks in_progress: lint-and-test
2026-04-27T08:40:45.2560722Z The requested checks aren't complete yet, will check back in 30 seconds...
2026-04-27T08:40:45.2561059Z Checks running on ref:
2026-04-27T08:40:45.2561875Z Checks completed: capture-failure-log, firebase-distribute, capture-failure-log, lint-and-test, autofix, capture-failure-log, capture-failure-log, e2e, cross-device-tests, connected-tests, web-lint-and-test, test, maybe-label
2026-04-27T08:40:45.2562966Z Checks in_progress: Auto-merge
2026-04-27T08:40:45.2563205Z Checks after ignore checks filter:
2026-04-27T08:40:45.2564061Z Checks completed: capture-failure-log, firebase-distribute, capture-failure-log, lint-and-test, autofix, capture-failure-log, capture-failure-log, e2e, cross-device-tests, connected-tests, web-lint-and-test, test, maybe-label
2026-04-27T08:40:45.2564895Z Checks after check_name filter:
2026-04-27T08:40:45.2565737Z Checks completed: capture-failure-log, firebase-distribute, capture-failure-log, lint-and-test, autofix, capture-failure-log, capture-failure-log, e2e, cross-device-tests, connected-tests, web-lint-and-test, test, maybe-label
2026-04-27T08:40:45.2566575Z Checks after Regexp filter:
2026-04-27T08:40:45.2567401Z Checks completed: capture-failure-log, firebase-distribute, capture-failure-log, lint-and-test, autofix, capture-failure-log, capture-failure-log, e2e, cross-device-tests, connected-tests, web-lint-and-test, test, maybe-label
2026-04-27T08:40:45.2568343Z Checks completed:
2026-04-27T08:40:45.2568566Z capture-failure-log: completed (skipped)
2026-04-27T08:40:45.2568846Z firebase-distribute: completed (cancelled)
2026-04-27T08:40:45.2569122Z capture-failure-log: completed (skipped)
2026-04-27T08:40:45.2569380Z lint-and-test: completed (cancelled)
2026-04-27T08:40:45.2569626Z autofix: completed (cancelled)
2026-04-27T08:40:45.2569866Z capture-failure-log: completed (skipped)
2026-04-27T08:40:45.2570140Z capture-failure-log: completed (skipped)
2026-04-27T08:40:45.2570392Z e2e: completed (success)
2026-04-27T08:40:45.2570627Z cross-device-tests: completed (cancelled)
2026-04-27T08:40:45.2570898Z connected-tests: completed (cancelled)
2026-04-27T08:40:45.2571160Z web-lint-and-test: completed (success)
2026-04-27T08:40:45.2571403Z test: completed (success)
2026-04-27T08:40:45.2571630Z maybe-label: completed (success)
2026-04-27T08:40:45.2572440Z The conclusion of one or more checks were not allowed. Allowed conclusions are: success, skipped, neutral. This can be configured with the 'allowed-conclusions' param.
2026-04-27T08:40:45.2605113Z ##[error]Process completed with exit code 1.
2026-04-27T08:40:45.2711208Z Post job cleanup.
2026-04-27T08:40:45.2769814Z Cleaning up orphan processes
2026-04-27T08:40:45.3070544Z ##[warning]Node.js 20 actions are deprecated. The following actions are running on Node.js 20 and may not work as expected: actions/cache@v4. Actions will be forced to run with Node.js 24 by default starting June 2nd, 2026. Node.js 20 will be removed from the runner on September 16th, 2026. Please check if updated versions of these actions are available that support Node.js 24. To opt into Node.js 24 now, set the FORCE_JAVASCRIPT_ACTIONS_TO_NODE24=true environment variable on the runner or in your workflow file. Once Node.js 24 becomes the default, you can temporarily opt out by setting ACTIONS_ALLOW_USE_UNSECURE_NODE_VERSION=true. For more information see: https://github.blog/changelog/2025-09-19-deprecation-of-node-20-on-github-actions-runners/
