=== CI FAILURE ===
Workflow:      Auto-merge & Release
Workflow file: akarlin3/prismTask/.github/workflows/auto-merge.yml@refs/pull/774/merge
Job(s):        Auto-merge
Run ID:        24937267532
Run attempt:   1
Run URL:       https://github.com/akarlin3/prismTask/actions/runs/24937267532
Commit:        71562a01c1dd0df523ec5ea8de1d1aac44fbf63e
Branch:        774/merge
Event:         pull_request
Actor:         akarlin3
Runner OS:     Linux
Timestamp:     2026-04-25T18:26:01.844Z

Failed steps:
  - Auto-merge: #3 Wait for all other CI checks to pass

=== FAILED JOB LOG ===

--- Job: Auto-merge (id 73024856862) ---
2026-04-25T18:08:10.8319076Z Current runner version: '2.333.1'
2026-04-25T18:08:10.8342261Z ##[group]Runner Image Provisioner
2026-04-25T18:08:10.8343445Z Hosted Compute Agent
2026-04-25T18:08:10.8344038Z Version: 20260213.493
2026-04-25T18:08:10.8344623Z Commit: 5c115507f6dd24b8de37d8bbe0bb4509d0cc0fa3
2026-04-25T18:08:10.8345394Z Build Date: 2026-02-13T00:28:41Z
2026-04-25T18:08:10.8346029Z Worker ID: {5071c893-e720-441c-a113-f9e84018d3b8}
2026-04-25T18:08:10.8346706Z Azure Region: westus2
2026-04-25T18:08:10.8347213Z ##[endgroup]
2026-04-25T18:08:10.8348684Z ##[group]Operating System
2026-04-25T18:08:10.8349307Z Ubuntu
2026-04-25T18:08:10.8349753Z 24.04.4
2026-04-25T18:08:10.8350300Z LTS
2026-04-25T18:08:10.8350722Z ##[endgroup]
2026-04-25T18:08:10.8351193Z ##[group]Runner Image
2026-04-25T18:08:10.8351781Z Image: ubuntu-24.04
2026-04-25T18:08:10.8352336Z Version: 20260413.86.1
2026-04-25T18:08:10.8353947Z Included Software: https://github.com/actions/runner-images/blob/ubuntu24/20260413.86/images/ubuntu/Ubuntu2404-Readme.md
2026-04-25T18:08:10.8355419Z Image Release: https://github.com/actions/runner-images/releases/tag/ubuntu24%2F20260413.86
2026-04-25T18:08:10.8356317Z ##[endgroup]
2026-04-25T18:08:10.8357623Z ##[group]GITHUB_TOKEN Permissions
2026-04-25T18:08:10.8359734Z Actions: read
2026-04-25T18:08:10.8360368Z Checks: read
2026-04-25T18:08:10.8360865Z Contents: write
2026-04-25T18:08:10.8361362Z Metadata: read
2026-04-25T18:08:10.8361870Z PullRequests: write
2026-04-25T18:08:10.8362406Z ##[endgroup]
2026-04-25T18:08:10.8364848Z Secret source: Actions
2026-04-25T18:08:10.8366018Z Prepare workflow directory
2026-04-25T18:08:10.8750415Z Prepare all required actions
2026-04-25T18:08:10.8787780Z Getting action download info
2026-04-25T18:08:11.3492713Z Download action repository 'lewagon/wait-on-check-action@ccfb013c15c8afb7bf2b7c028fb74dc5a068cccc' (SHA:ccfb013c15c8afb7bf2b7c028fb74dc5a068cccc)
2026-04-25T18:08:11.8710511Z Getting action download info
2026-04-25T18:08:12.0774102Z Download action repository 'ruby/setup-ruby@v1' (SHA:0cb964fd540e0a24c900370abf38a33466142735)
2026-04-25T18:08:12.4257108Z Download action repository 'actions/cache@v4' (SHA:0057852bfaa89a56745cba8c7296529d2fc39830)
2026-04-25T18:08:12.5740289Z Complete job name: Auto-merge
2026-04-25T18:08:12.6461748Z ##[group]Run set -euo pipefail
2026-04-25T18:08:12.6462883Z [36;1mset -euo pipefail[0m
2026-04-25T18:08:12.6464452Z [36;1m# Audit item #5 — poll check-runs for up to 60s instead of a bare[0m
2026-04-25T18:08:12.6466242Z [36;1m# 20s sleep. On a busy runner cohort the initial 20s wasn't enough[0m
2026-04-25T18:08:12.6467991Z [36;1m# for the API to reflect queued workflow runs, which could merge[0m
2026-04-25T18:08:12.6469771Z [36;1m# PRs without waiting for CI. Bail out early as soon as ≥1 real[0m
2026-04-25T18:08:12.6471200Z [36;1m# check shows up.[0m
2026-04-25T18:08:12.6472094Z [36;1mCOUNT=0[0m
2026-04-25T18:08:12.6473044Z [36;1mfor i in $(seq 1 6); do[0m
2026-04-25T18:08:12.6474009Z [36;1m  sleep 10[0m
2026-04-25T18:08:12.6475162Z [36;1m  COUNT=$(gh api "repos/$REPO/commits/$HEAD_SHA/check-runs" \[0m
2026-04-25T18:08:12.6476913Z [36;1m    --jq '[.check_runs[] | select(.name != "Auto-merge")] | length')[0m
2026-04-25T18:08:12.6478375Z [36;1m  if [ "$COUNT" -gt 0 ]; then[0m
2026-04-25T18:08:12.6479700Z [36;1m    echo "Found $COUNT non-Auto-merge check(s) after ${i}0s"[0m
2026-04-25T18:08:12.6481025Z [36;1m    break[0m
2026-04-25T18:08:12.6481811Z [36;1m  fi[0m
2026-04-25T18:08:12.6482813Z [36;1m  echo "No non-Auto-merge checks yet (attempt $i/6)"[0m
2026-04-25T18:08:12.6484196Z [36;1mdone[0m
2026-04-25T18:08:12.6484996Z [36;1mif [ "$COUNT" -gt 0 ]; then[0m
2026-04-25T18:08:12.6486112Z [36;1m  echo "has_ci=true" >> "$GITHUB_OUTPUT"[0m
2026-04-25T18:08:12.6487211Z [36;1melse[0m
2026-04-25T18:08:12.6488126Z [36;1m  echo "has_ci=false" >> "$GITHUB_OUTPUT"[0m
2026-04-25T18:08:12.6489680Z [36;1m  echo "No CI checks on this PR after 60s — will merge without waiting."[0m
2026-04-25T18:08:12.6491129Z [36;1mfi[0m
2026-04-25T18:08:12.6517418Z shell: /usr/bin/bash -e {0}
2026-04-25T18:08:12.6518612Z env:
2026-04-25T18:08:12.6519349Z   WAIT_INTERVAL: 30
2026-04-25T18:08:12.6520530Z   GH_TOKEN: ***
2026-04-25T18:08:12.6521498Z   HEAD_SHA: c69ecf2662ce1fcaa8867ebfa78c5a75c41fd1ee
2026-04-25T18:08:12.6522710Z   REPO: akarlin3/prismTask
2026-04-25T18:08:12.6523813Z ##[endgroup]
2026-04-25T18:08:23.0909867Z Found 7 non-Auto-merge check(s) after 10s
2026-04-25T18:08:23.1143779Z ##[group]Run lewagon/wait-on-check-action@ccfb013c15c8afb7bf2b7c028fb74dc5a068cccc
2026-04-25T18:08:23.1144288Z with:
2026-04-25T18:08:23.1144545Z   ref: c69ecf2662ce1fcaa8867ebfa78c5a75c41fd1ee
2026-04-25T18:08:23.1144881Z   running-workflow-name: Auto-merge
2026-04-25T18:08:23.1145468Z   repo-token: ***
2026-04-25T18:08:23.1145706Z   wait-interval: 30
2026-04-25T18:08:23.1145982Z   allowed-conclusions: success,skipped,neutral
2026-04-25T18:08:23.1146313Z   verbose: true
2026-04-25T18:08:23.1146524Z env:
2026-04-25T18:08:23.1146717Z   WAIT_INTERVAL: 30
2026-04-25T18:08:23.1146960Z ##[endgroup]
2026-04-25T18:08:23.1332368Z ##[group]Run ruby/setup-ruby@v1
2026-04-25T18:08:23.1332663Z with:
2026-04-25T18:08:23.1332887Z   ruby-version: 3.2
2026-04-25T18:08:23.1333388Z   bundler-cache: false
2026-04-25T18:08:23.1333778Z   token: ***
2026-04-25T18:08:23.1333982Z env:
2026-04-25T18:08:23.1334179Z   WAIT_INTERVAL: 30
2026-04-25T18:08:23.1334392Z ##[endgroup]
2026-04-25T18:08:23.2564557Z ##[group]Modifying PATH
2026-04-25T18:08:23.2565116Z Entries added to PATH to use selected Ruby:
2026-04-25T18:08:23.2569044Z   /opt/hostedtoolcache/Ruby/3.2.11/x64/bin
2026-04-25T18:08:23.2570388Z ##[endgroup]
2026-04-25T18:08:23.2571609Z ##[group]Print Ruby version
2026-04-25T18:08:23.2610495Z [command]/opt/hostedtoolcache/Ruby/3.2.11/x64/bin/ruby --version
2026-04-25T18:08:23.4378018Z ruby 3.2.11 (2026-03-27 revision 5483bfc1ae) [x86_64-linux]
2026-04-25T18:08:23.4413921Z Took   0.18 seconds
2026-04-25T18:08:23.4415419Z ##[endgroup]
2026-04-25T18:08:23.4417357Z ##[group]Installing Bundler
2026-04-25T18:08:23.4422047Z Using Bundler shipped with ruby-3.2.11
2026-04-25T18:08:23.4423938Z Took   0.00 seconds
2026-04-25T18:08:23.4424545Z ##[endgroup]
2026-04-25T18:08:23.5142063Z ##[group]Run actions/cache@v4
2026-04-25T18:08:23.5142321Z with:
2026-04-25T18:08:23.5142742Z   path: /home/runner/work/_actions/lewagon/wait-on-check-action/ccfb013c15c8afb7bf2b7c028fb74dc5a068cccc
2026-04-25T18:08:23.5143595Z   key: Linux-gems-
2026-04-25T18:08:23.5143805Z   restore-keys: Linux-gems-
2026-04-25T18:08:23.5144031Z   enableCrossOsArchive: false
2026-04-25T18:08:23.5144256Z   fail-on-cache-miss: false
2026-04-25T18:08:23.5144454Z   lookup-only: false
2026-04-25T18:08:23.5144645Z   save-always: false
2026-04-25T18:08:23.5144816Z env:
2026-04-25T18:08:23.5144975Z   WAIT_INTERVAL: 30
2026-04-25T18:08:23.5145146Z ##[endgroup]
2026-04-25T18:08:23.9176640Z Cache hit for: Linux-gems-
2026-04-25T18:08:24.2931278Z Received 13110 of 13110 (100.0%), 0.2 MBs/sec
2026-04-25T18:08:24.2932136Z Cache Size: ~0 MB (13110 B)
2026-04-25T18:08:24.2975627Z [command]/usr/bin/tar -xf /home/runner/work/_temp/1ae80b98-4f76-4aeb-8a41-bce6799c7546/cache.tzst -P -C /home/runner/work/prismTask/prismTask --use-compress-program unzstd
2026-04-25T18:08:24.3037559Z Cache restored successfully
2026-04-25T18:08:24.3116078Z Cache restored from key: Linux-gems-
2026-04-25T18:08:24.3192189Z ##[group]Run bundle install --jobs 4 --retry 3
2026-04-25T18:08:24.3192536Z [36;1mbundle install --jobs 4 --retry 3[0m
2026-04-25T18:08:24.3215694Z shell: /usr/bin/bash --noprofile --norc -e -o pipefail {0}
2026-04-25T18:08:24.3216003Z env:
2026-04-25T18:08:24.3216174Z   WAIT_INTERVAL: 30
2026-04-25T18:08:24.3216358Z ##[endgroup]
2026-04-25T18:08:25.3882366Z Bundler 2.4.19 is running, but your lockfile was generated with 2.2.3. Installing Bundler 2.2.3 and restarting using that version.
2026-04-25T18:08:27.1369597Z Fetching gem metadata from https://rubygems.org/.
2026-04-25T18:08:27.1450253Z Fetching bundler 2.2.3
2026-04-25T18:08:27.3082445Z Installing bundler 2.2.3
2026-04-25T18:08:27.4938772Z Calling `DidYouMean::SPELL_CHECKERS.merge!(error_name => spell_checker)' has been deprecated. Please call `DidYouMean.correct_error(error_name, spell_checker)' instead.
2026-04-25T18:08:28.7324352Z Fetching gem metadata from https://rubygems.org/.........
2026-04-25T18:08:28.7418511Z Fetching zeitwerk 2.6.7
2026-04-25T18:08:28.7435375Z Fetching minitest 5.18.0
2026-04-25T18:08:28.7443801Z Fetching concurrent-ruby 1.2.2
2026-04-25T18:08:28.7444272Z Fetching public_suffix 4.0.7
2026-04-25T18:08:28.8696040Z Installing zeitwerk 2.6.7
2026-04-25T18:08:28.8936530Z Installing minitest 5.18.0
2026-04-25T18:08:28.8951181Z Installing public_suffix 4.0.7
2026-04-25T18:08:28.9397976Z Fetching ast 2.4.2
2026-04-25T18:08:28.9684534Z Installing concurrent-ruby 1.2.2
2026-04-25T18:08:28.9706511Z Using bundler 2.2.3
2026-04-25T18:08:28.9711549Z Fetching byebug 11.1.3
2026-04-25T18:08:29.0096265Z Installing ast 2.4.2
2026-04-25T18:08:29.0178936Z Fetching diff-lcs 1.4.4
2026-04-25T18:08:29.0475049Z Fetching faraday-net_http 2.0.3
2026-04-25T18:08:29.0811603Z Installing byebug 11.1.3 with native extensions
2026-04-25T18:08:29.0912812Z Installing diff-lcs 1.4.4
2026-04-25T18:08:29.1116376Z Installing faraday-net_http 2.0.3
2026-04-25T18:08:29.1369721Z Using ruby2_keywords 0.0.5
2026-04-25T18:08:29.1385321Z Fetching json 2.7.1
2026-04-25T18:08:29.1956035Z Fetching language_server-protocol 3.17.0.3
2026-04-25T18:08:29.2218759Z Installing json 2.7.1 with native extensions
2026-04-25T18:08:29.2574498Z Installing language_server-protocol 3.17.0.3
2026-04-25T18:08:29.3143961Z Fetching lint_roller 1.1.0
2026-04-25T18:08:29.3817430Z Installing lint_roller 1.1.0
2026-04-25T18:08:29.3936254Z Fetching parallel 1.24.0
2026-04-25T18:08:29.4394004Z Installing parallel 1.24.0
2026-04-25T18:08:29.4480393Z Fetching racc 1.7.3
2026-04-25T18:08:29.4997685Z Fetching rainbow 3.1.1
2026-04-25T18:08:29.5279648Z Installing racc 1.7.3 with native extensions
2026-04-25T18:08:29.5470611Z Installing rainbow 3.1.1
2026-04-25T18:08:29.5555658Z Fetching regexp_parser 2.8.3
2026-04-25T18:08:29.6177054Z Installing regexp_parser 2.8.3
2026-04-25T18:08:29.6441153Z Fetching rexml 3.2.6
2026-04-25T18:08:29.7099054Z Installing rexml 3.2.6
2026-04-25T18:08:29.7372555Z Fetching rspec-support 3.10.1
2026-04-25T18:08:29.8235554Z Installing rspec-support 3.10.1
2026-04-25T18:08:29.8650002Z Fetching ruby-progressbar 1.13.0
2026-04-25T18:08:29.9189580Z Installing ruby-progressbar 1.13.0
2026-04-25T18:08:29.9304281Z Fetching unicode-display_width 2.5.0
2026-04-25T18:08:29.9843827Z Installing unicode-display_width 2.5.0
2026-04-25T18:08:29.9907699Z Fetching addressable 2.8.0
2026-04-25T18:08:30.0724130Z Installing addressable 2.8.0
2026-04-25T18:08:30.0923833Z Fetching faraday 2.3.0
2026-04-25T18:08:30.1683921Z Installing faraday 2.3.0
2026-04-25T18:08:30.1973780Z Fetching i18n 1.12.0
2026-04-25T18:08:30.2643996Z Installing i18n 1.12.0
2026-04-25T18:08:30.2903879Z Fetching tzinfo 2.0.6
2026-04-25T18:08:30.3664042Z Installing tzinfo 2.0.6
2026-04-25T18:08:30.3933908Z Fetching rspec-core 3.10.1
2026-04-25T18:08:30.4794777Z Installing rspec-core 3.10.1
2026-04-25T18:08:30.5191835Z Fetching rspec-expectations 3.10.1
2026-04-25T18:08:30.5959171Z Installing rspec-expectations 3.10.1
2026-04-25T18:08:30.6237866Z Fetching rspec-mocks 3.10.1
2026-04-25T18:08:30.7021804Z Installing rspec-mocks 3.10.1
2026-04-25T18:08:30.7240325Z Fetching faraday-retry 2.0.0
2026-04-25T18:08:30.7881360Z Fetching sawyer 0.9.2
2026-04-25T18:08:30.8331349Z Installing faraday-retry 2.0.0
2026-04-25T18:08:30.8441519Z Fetching activesupport 6.1.7.3
2026-04-25T18:08:30.8981154Z Installing sawyer 0.9.2
2026-04-25T18:08:30.9116798Z Fetching rspec 3.10.0
2026-04-25T18:08:30.9767416Z Installing activesupport 6.1.7.3
2026-04-25T18:08:30.9842233Z Installing rspec 3.10.0
2026-04-25T18:08:30.9959607Z Fetching parser 3.2.2.4
2026-04-25T18:08:31.1684176Z Installing parser 3.2.2.4
2026-04-25T18:08:31.1691449Z Fetching octokit 4.25.0
2026-04-25T18:08:31.2459256Z Installing octokit 4.25.0
2026-04-25T18:08:31.3391076Z Fetching rubocop-ast 1.30.0
2026-04-25T18:08:31.3916623Z Installing rubocop-ast 1.30.0
2026-04-25T18:08:32.4898435Z Fetching rubocop 1.57.2
2026-04-25T18:08:32.5836558Z Installing rubocop 1.57.2
2026-04-25T18:08:32.7596464Z Fetching rubocop-performance 1.19.1
2026-04-25T18:08:32.7597003Z Fetching standard-custom 1.0.2
2026-04-25T18:08:32.8272459Z Installing standard-custom 1.0.2
2026-04-25T18:08:32.8332786Z Installing rubocop-performance 1.19.1
2026-04-25T18:08:32.8499977Z Fetching standard-performance 1.2.1
2026-04-25T18:08:32.8938442Z Installing standard-performance 1.2.1
2026-04-25T18:08:32.9007835Z Fetching standard 1.32.1
2026-04-25T18:08:32.9506922Z Installing standard 1.32.1
2026-04-25T18:08:32.9707562Z Bundle complete! 6 Gemfile dependencies, 40 gems now installed.
2026-04-25T18:08:32.9708376Z Use `bundle info [gemname]` to see where a bundled gem is installed.
2026-04-25T18:08:33.0224413Z ##[group]Run ruby entrypoint.rb
2026-04-25T18:08:33.0224888Z [36;1mruby entrypoint.rb[0m
2026-04-25T18:08:33.0255539Z shell: /usr/bin/bash --noprofile --norc -e -o pipefail {0}
2026-04-25T18:08:33.0256103Z env:
2026-04-25T18:08:33.0256396Z   WAIT_INTERVAL: 30
2026-04-25T18:08:33.0256806Z   ALLOWED_CONCLUSIONS: success,skipped,neutral
2026-04-25T18:08:33.0257310Z   IGNORE_CHECKS: 
2026-04-25T18:08:33.0257629Z   CHECK_NAME: 
2026-04-25T18:08:33.0257935Z   CHECK_REGEXP: 
2026-04-25T18:08:33.0258335Z   REF: c69ecf2662ce1fcaa8867ebfa78c5a75c41fd1ee
2026-04-25T18:08:33.0259108Z   REPO_TOKEN: ***
2026-04-25T18:08:33.0259493Z   VERBOSE: true
2026-04-25T18:08:33.0259838Z   RUNNING_WORKFLOW_NAME: Auto-merge
2026-04-25T18:08:33.0260270Z   API_ENDPOINT: 
2026-04-25T18:08:33.0260643Z ##[endgroup]
2026-04-25T18:13:07.7599176Z Checks running on ref:
2026-04-25T18:13:07.7601759Z Checks in_progress: web-lint-and-test, test, lint-and-test, connected-tests, autofix, Auto-merge, cross-device-tests
2026-04-25T18:13:07.7603327Z Checks completed: maybe-label
2026-04-25T18:13:07.7603841Z Checks after ignore checks filter:
2026-04-25T18:13:07.7604843Z Checks in_progress: web-lint-and-test, test, lint-and-test, connected-tests, autofix, cross-device-tests
2026-04-25T18:13:07.7606019Z Checks completed: maybe-label
2026-04-25T18:13:07.7606541Z Checks after check_name filter:
2026-04-25T18:13:07.7607568Z Checks in_progress: web-lint-and-test, test, lint-and-test, connected-tests, autofix, cross-device-tests
2026-04-25T18:13:07.7608707Z Checks completed: maybe-label
2026-04-25T18:13:07.7609225Z Checks after Regexp filter:
2026-04-25T18:13:07.7609870Z Checks in_progress: web-lint-and-test, test, lint-and-test, connected-tests, autofix, cross-device-tests
2026-04-25T18:13:07.7610549Z Checks completed: maybe-label
2026-04-25T18:13:07.7611028Z The requested checks aren't complete yet, will check back in 30 seconds...
2026-04-25T18:13:07.7611543Z Checks running on ref:
2026-04-25T18:13:07.7612200Z Checks in_progress: web-lint-and-test, test, lint-and-test, connected-tests, autofix, Auto-merge, cross-device-tests
2026-04-25T18:13:07.7613190Z Checks completed: maybe-label
2026-04-25T18:13:07.7613540Z Checks after ignore checks filter:
2026-04-25T18:13:07.7614165Z Checks in_progress: web-lint-and-test, test, lint-and-test, connected-tests, autofix, cross-device-tests
2026-04-25T18:13:07.7614650Z Checks completed: maybe-label
2026-04-25T18:13:07.7614869Z Checks after check_name filter:
2026-04-25T18:13:07.7615304Z Checks in_progress: web-lint-and-test, test, lint-and-test, connected-tests, autofix, cross-device-tests
2026-04-25T18:13:07.7615766Z Checks completed: maybe-label
2026-04-25T18:13:07.7615988Z Checks after Regexp filter:
2026-04-25T18:13:07.7616396Z Checks in_progress: web-lint-and-test, test, lint-and-test, connected-tests, autofix, cross-device-tests
2026-04-25T18:13:07.7616852Z Checks completed: maybe-label
2026-04-25T18:13:07.7617222Z The requested checks aren't complete yet, will check back in 30 seconds...
2026-04-25T18:13:07.7617574Z Checks running on ref:
2026-04-25T18:13:07.7617961Z Checks in_progress: e2e, test, lint-and-test, connected-tests, autofix, Auto-merge, cross-device-tests
2026-04-25T18:13:07.7618765Z Checks completed: web-lint-and-test, maybe-label
2026-04-25T18:13:07.7619046Z Checks after ignore checks filter:
2026-04-25T18:13:07.7619427Z Checks in_progress: e2e, test, lint-and-test, connected-tests, autofix, cross-device-tests
2026-04-25T18:13:07.7619865Z Checks completed: web-lint-and-test, maybe-label
2026-04-25T18:13:07.7620281Z Checks after check_name filter:
2026-04-25T18:13:07.7620683Z Checks in_progress: e2e, test, lint-and-test, connected-tests, autofix, cross-device-tests
2026-04-25T18:13:07.7621170Z Checks completed: web-lint-and-test, maybe-label
2026-04-25T18:13:07.7621439Z Checks after Regexp filter:
2026-04-25T18:13:07.7621809Z Checks in_progress: e2e, test, lint-and-test, connected-tests, autofix, cross-device-tests
2026-04-25T18:13:07.7622229Z Checks completed: web-lint-and-test, maybe-label
2026-04-25T18:13:07.7622593Z The requested checks aren't complete yet, will check back in 30 seconds...
2026-04-25T18:13:07.7623177Z Checks running on ref:
2026-04-25T18:13:07.7623582Z Checks in_progress: e2e, test, lint-and-test, connected-tests, autofix, Auto-merge, cross-device-tests
2026-04-25T18:13:07.7624056Z Checks completed: web-lint-and-test, maybe-label
2026-04-25T18:13:07.7624325Z Checks after ignore checks filter:
2026-04-25T18:13:07.7624706Z Checks in_progress: e2e, test, lint-and-test, connected-tests, autofix, cross-device-tests
2026-04-25T18:13:07.7625133Z Checks completed: web-lint-and-test, maybe-label
2026-04-25T18:13:07.7625394Z Checks after check_name filter:
2026-04-25T18:13:07.7625757Z Checks in_progress: e2e, test, lint-and-test, connected-tests, autofix, cross-device-tests
2026-04-25T18:13:07.7626176Z Checks completed: web-lint-and-test, maybe-label
2026-04-25T18:13:07.7626438Z Checks after Regexp filter:
2026-04-25T18:13:07.7626792Z Checks in_progress: e2e, test, lint-and-test, connected-tests, autofix, cross-device-tests
2026-04-25T18:13:07.7627214Z Checks completed: web-lint-and-test, maybe-label
2026-04-25T18:13:07.7627580Z The requested checks aren't complete yet, will check back in 30 seconds...
2026-04-25T18:13:07.7627923Z Checks running on ref:
2026-04-25T18:13:07.7628312Z Checks in_progress: e2e, test, lint-and-test, connected-tests, autofix, Auto-merge, cross-device-tests
2026-04-25T18:13:07.7628790Z Checks completed: web-lint-and-test, maybe-label
2026-04-25T18:13:07.7629064Z Checks after ignore checks filter:
2026-04-25T18:13:07.7629444Z Checks in_progress: e2e, test, lint-and-test, connected-tests, autofix, cross-device-tests
2026-04-25T18:13:07.7629876Z Checks completed: web-lint-and-test, maybe-label
2026-04-25T18:13:07.7630141Z Checks after check_name filter:
2026-04-25T18:13:07.7630505Z Checks in_progress: e2e, test, lint-and-test, connected-tests, autofix, cross-device-tests
2026-04-25T18:13:07.7630935Z Checks completed: web-lint-and-test, maybe-label
2026-04-25T18:13:07.7631200Z Checks after Regexp filter:
2026-04-25T18:13:07.7631552Z Checks in_progress: e2e, test, lint-and-test, connected-tests, autofix, cross-device-tests
2026-04-25T18:13:07.7631982Z Checks completed: web-lint-and-test, maybe-label
2026-04-25T18:13:07.7632351Z The requested checks aren't complete yet, will check back in 30 seconds...
2026-04-25T18:13:07.7632688Z Checks running on ref:
2026-04-25T18:13:07.7633211Z Checks completed: capture-failure-log, e2e, web-lint-and-test, maybe-label
2026-04-25T18:13:07.7633763Z Checks in_progress: test, lint-and-test, connected-tests, autofix, Auto-merge, cross-device-tests
2026-04-25T18:13:07.7634200Z Checks after ignore checks filter:
2026-04-25T18:13:07.7634543Z Checks completed: capture-failure-log, e2e, web-lint-and-test, maybe-label
2026-04-25T18:13:07.7635042Z Checks in_progress: test, lint-and-test, connected-tests, autofix, cross-device-tests
2026-04-25T18:13:07.7635433Z Checks after check_name filter:
2026-04-25T18:13:07.7635758Z Checks completed: capture-failure-log, e2e, web-lint-and-test, maybe-label
2026-04-25T18:13:07.7636244Z Checks in_progress: test, lint-and-test, connected-tests, autofix, cross-device-tests
2026-04-25T18:13:07.7636816Z Checks after Regexp filter:
2026-04-25T18:13:07.7637144Z Checks completed: capture-failure-log, e2e, web-lint-and-test, maybe-label
2026-04-25T18:13:07.7637645Z Checks in_progress: test, lint-and-test, connected-tests, autofix, cross-device-tests
2026-04-25T18:13:07.7638239Z The requested checks aren't complete yet, will check back in 30 seconds...
2026-04-25T18:13:07.7638591Z Checks running on ref:
2026-04-25T18:13:07.7639094Z Checks completed: capture-failure-log, capture-failure-log, e2e, web-lint-and-test, test, autofix, cross-device-tests, maybe-label
2026-04-25T18:13:07.7639721Z Checks in_progress: lint-and-test, connected-tests, Auto-merge
2026-04-25T18:13:07.7640044Z Checks after ignore checks filter:
2026-04-25T18:13:07.7640573Z Checks completed: capture-failure-log, capture-failure-log, e2e, web-lint-and-test, test, autofix, cross-device-tests, maybe-label
2026-04-25T18:13:07.7641162Z Checks in_progress: lint-and-test, connected-tests
2026-04-25T18:13:07.7641450Z Checks after check_name filter:
2026-04-25T18:13:07.7641967Z Checks completed: capture-failure-log, capture-failure-log, e2e, web-lint-and-test, test, autofix, cross-device-tests, maybe-label
2026-04-25T18:13:07.7642542Z Checks in_progress: lint-and-test, connected-tests
2026-04-25T18:13:07.7642815Z Checks after Regexp filter:
2026-04-25T18:13:07.7643647Z Checks completed: capture-failure-log, capture-failure-log, e2e, web-lint-and-test, test, autofix, cross-device-tests, maybe-label
2026-04-25T18:13:07.7644232Z Checks in_progress: lint-and-test, connected-tests
2026-04-25T18:13:07.7644613Z The requested checks aren't complete yet, will check back in 30 seconds...
2026-04-25T18:13:07.7644957Z Checks running on ref:
2026-04-25T18:13:07.7645449Z Checks completed: capture-failure-log, capture-failure-log, e2e, web-lint-and-test, test, autofix, cross-device-tests, maybe-label
2026-04-25T18:13:07.7646059Z Checks in_progress: lint-and-test, connected-tests, Auto-merge
2026-04-25T18:13:07.7646384Z Checks after ignore checks filter:
2026-04-25T18:13:07.7646910Z Checks completed: capture-failure-log, capture-failure-log, e2e, web-lint-and-test, test, autofix, cross-device-tests, maybe-label
2026-04-25T18:13:07.7647484Z Checks in_progress: lint-and-test, connected-tests
2026-04-25T18:13:07.7647764Z Checks after check_name filter:
2026-04-25T18:13:07.7648285Z Checks completed: capture-failure-log, capture-failure-log, e2e, web-lint-and-test, test, autofix, cross-device-tests, maybe-label
2026-04-25T18:13:07.7648860Z Checks in_progress: lint-and-test, connected-tests
2026-04-25T18:13:07.7649129Z Checks after Regexp filter:
2026-04-25T18:13:07.7649629Z Checks completed: capture-failure-log, capture-failure-log, e2e, web-lint-and-test, test, autofix, cross-device-tests, maybe-label
2026-04-25T18:13:07.7650201Z Checks in_progress: lint-and-test, connected-tests
2026-04-25T18:13:07.7650572Z The requested checks aren't complete yet, will check back in 30 seconds...
2026-04-25T18:13:07.7650907Z Checks running on ref:
2026-04-25T18:13:07.7651401Z Checks completed: capture-failure-log, capture-failure-log, e2e, web-lint-and-test, test, autofix, cross-device-tests, maybe-label
2026-04-25T18:13:07.7652013Z Checks in_progress: lint-and-test, connected-tests, Auto-merge
2026-04-25T18:13:07.7652344Z Checks after ignore checks filter:
2026-04-25T18:13:07.7652865Z Checks completed: capture-failure-log, capture-failure-log, e2e, web-lint-and-test, test, autofix, cross-device-tests, maybe-label
2026-04-25T18:13:07.7653648Z Checks in_progress: lint-and-test, connected-tests
2026-04-25T18:13:07.7653928Z Checks after check_name filter:
2026-04-25T18:13:07.7654453Z Checks completed: capture-failure-log, capture-failure-log, e2e, web-lint-and-test, test, autofix, cross-device-tests, maybe-label
2026-04-25T18:13:07.7655033Z Checks in_progress: lint-and-test, connected-tests
2026-04-25T18:13:07.7655304Z Checks after Regexp filter:
2026-04-25T18:13:07.7655803Z Checks completed: capture-failure-log, capture-failure-log, e2e, web-lint-and-test, test, autofix, cross-device-tests, maybe-label
2026-04-25T18:13:07.7656506Z Checks in_progress: lint-and-test, connected-tests
2026-04-25T18:13:07.7656885Z The requested checks aren't complete yet, will check back in 30 seconds...
2026-04-25T18:13:07.7657226Z Checks running on ref:
2026-04-25T18:13:07.7657807Z Checks completed: capture-failure-log, capture-failure-log, e2e, web-lint-and-test, test, autofix, cross-device-tests, maybe-label
2026-04-25T18:13:07.7658421Z Checks in_progress: lint-and-test, connected-tests, Auto-merge
2026-04-25T18:13:07.7658736Z Checks after ignore checks filter:
2026-04-25T18:13:07.7659255Z Checks completed: capture-failure-log, capture-failure-log, e2e, web-lint-and-test, test, autofix, cross-device-tests, maybe-label
2026-04-25T18:13:07.7659822Z Checks in_progress: lint-and-test, connected-tests
2026-04-25T18:13:07.7660092Z Checks after check_name filter:
2026-04-25T18:13:07.7660606Z Checks completed: capture-failure-log, capture-failure-log, e2e, web-lint-and-test, test, autofix, cross-device-tests, maybe-label
2026-04-25T18:13:07.7661182Z Checks in_progress: lint-and-test, connected-tests
2026-04-25T18:13:07.7661447Z Checks after Regexp filter:
2026-04-25T18:17:41.8445138Z Checks completed: capture-failure-log, capture-failure-log, e2e, web-lint-and-test, test, autofix, cross-device-tests, maybe-label
2026-04-25T18:17:41.8446738Z Checks in_progress: lint-and-test, connected-tests
2026-04-25T18:17:41.8447498Z The requested checks aren't complete yet, will check back in 30 seconds...
2026-04-25T18:17:41.8448146Z Checks running on ref:
2026-04-25T18:17:41.8448777Z Checks completed: capture-failure-log, capture-failure-log, e2e, web-lint-and-test, test, autofix, cross-device-tests, maybe-label
2026-04-25T18:17:41.8449762Z Checks in_progress: lint-and-test, connected-tests, Auto-merge
2026-04-25T18:17:41.8450308Z Checks after ignore checks filter:
2026-04-25T18:17:41.8451206Z Checks completed: capture-failure-log, capture-failure-log, e2e, web-lint-and-test, test, autofix, cross-device-tests, maybe-label
2026-04-25T18:17:41.8452218Z Checks in_progress: lint-and-test, connected-tests
2026-04-25T18:17:41.8452667Z Checks after check_name filter:
2026-04-25T18:17:41.8453643Z Checks completed: capture-failure-log, capture-failure-log, e2e, web-lint-and-test, test, autofix, cross-device-tests, maybe-label
2026-04-25T18:17:41.8454260Z Checks in_progress: lint-and-test, connected-tests
2026-04-25T18:17:41.8454548Z Checks after Regexp filter:
2026-04-25T18:17:41.8455063Z Checks completed: capture-failure-log, capture-failure-log, e2e, web-lint-and-test, test, autofix, cross-device-tests, maybe-label
2026-04-25T18:17:41.8455672Z Checks in_progress: lint-and-test, connected-tests
2026-04-25T18:17:41.8456056Z The requested checks aren't complete yet, will check back in 30 seconds...
2026-04-25T18:17:41.8456408Z Checks running on ref:
2026-04-25T18:17:41.8456899Z Checks completed: capture-failure-log, capture-failure-log, e2e, web-lint-and-test, test, autofix, cross-device-tests, maybe-label
2026-04-25T18:17:41.8457519Z Checks in_progress: lint-and-test, connected-tests, Auto-merge
2026-04-25T18:17:41.8457840Z Checks after ignore checks filter:
2026-04-25T18:17:41.8458365Z Checks completed: capture-failure-log, capture-failure-log, e2e, web-lint-and-test, test, autofix, cross-device-tests, maybe-label
2026-04-25T18:17:41.8458936Z Checks in_progress: lint-and-test, connected-tests
2026-04-25T18:17:41.8459217Z Checks after check_name filter:
2026-04-25T18:17:41.8459742Z Checks completed: capture-failure-log, capture-failure-log, e2e, web-lint-and-test, test, autofix, cross-device-tests, maybe-label
2026-04-25T18:17:41.8460324Z Checks in_progress: lint-and-test, connected-tests
2026-04-25T18:17:41.8460605Z Checks after Regexp filter:
2026-04-25T18:17:41.8461115Z Checks completed: capture-failure-log, capture-failure-log, e2e, web-lint-and-test, test, autofix, cross-device-tests, maybe-label
2026-04-25T18:17:41.8461694Z Checks in_progress: lint-and-test, connected-tests
2026-04-25T18:17:41.8462434Z The requested checks aren't complete yet, will check back in 30 seconds...
2026-04-25T18:17:41.8462786Z Checks running on ref:
2026-04-25T18:17:41.8463550Z Checks completed: capture-failure-log, capture-failure-log, e2e, web-lint-and-test, test, autofix, cross-device-tests, maybe-label
2026-04-25T18:17:41.8464193Z Checks in_progress: lint-and-test, connected-tests, Auto-merge
2026-04-25T18:17:41.8464687Z Checks after ignore checks filter:
2026-04-25T18:17:41.8465236Z Checks completed: capture-failure-log, capture-failure-log, e2e, web-lint-and-test, test, autofix, cross-device-tests, maybe-label
2026-04-25T18:17:41.8465821Z Checks in_progress: lint-and-test, connected-tests
2026-04-25T18:17:41.8466115Z Checks after check_name filter:
2026-04-25T18:17:41.8466652Z Checks completed: capture-failure-log, capture-failure-log, e2e, web-lint-and-test, test, autofix, cross-device-tests, maybe-label
2026-04-25T18:17:41.8467250Z Checks in_progress: lint-and-test, connected-tests
2026-04-25T18:17:41.8467537Z Checks after Regexp filter:
2026-04-25T18:17:41.8468052Z Checks completed: capture-failure-log, capture-failure-log, e2e, web-lint-and-test, test, autofix, cross-device-tests, maybe-label
2026-04-25T18:17:41.8468639Z Checks in_progress: lint-and-test, connected-tests
2026-04-25T18:17:41.8469024Z The requested checks aren't complete yet, will check back in 30 seconds...
2026-04-25T18:17:41.8469372Z Checks running on ref:
2026-04-25T18:17:41.8469872Z Checks completed: capture-failure-log, capture-failure-log, e2e, web-lint-and-test, test, autofix, cross-device-tests, maybe-label
2026-04-25T18:17:41.8470489Z Checks in_progress: lint-and-test, connected-tests, Auto-merge
2026-04-25T18:17:41.8470811Z Checks after ignore checks filter:
2026-04-25T18:17:41.8471343Z Checks completed: capture-failure-log, capture-failure-log, e2e, web-lint-and-test, test, autofix, cross-device-tests, maybe-label
2026-04-25T18:17:41.8471922Z Checks in_progress: lint-and-test, connected-tests
2026-04-25T18:17:41.8472198Z Checks after check_name filter:
2026-04-25T18:17:41.8472714Z Checks completed: capture-failure-log, capture-failure-log, e2e, web-lint-and-test, test, autofix, cross-device-tests, maybe-label
2026-04-25T18:17:41.8473540Z Checks in_progress: lint-and-test, connected-tests
2026-04-25T18:17:41.8473840Z Checks after Regexp filter:
2026-04-25T18:17:41.8474355Z Checks completed: capture-failure-log, capture-failure-log, e2e, web-lint-and-test, test, autofix, cross-device-tests, maybe-label
2026-04-25T18:17:41.8474928Z Checks in_progress: lint-and-test, connected-tests
2026-04-25T18:17:41.8475317Z The requested checks aren't complete yet, will check back in 30 seconds...
2026-04-25T18:17:41.8475675Z Checks running on ref:
2026-04-25T18:17:41.8476177Z Checks completed: capture-failure-log, capture-failure-log, e2e, web-lint-and-test, test, autofix, cross-device-tests, maybe-label
2026-04-25T18:17:41.8476808Z Checks in_progress: lint-and-test, connected-tests, Auto-merge
2026-04-25T18:17:41.8477133Z Checks after ignore checks filter:
2026-04-25T18:17:41.8477676Z Checks completed: capture-failure-log, capture-failure-log, e2e, web-lint-and-test, test, autofix, cross-device-tests, maybe-label
2026-04-25T18:17:41.8478257Z Checks in_progress: lint-and-test, connected-tests
2026-04-25T18:17:41.8478539Z Checks after check_name filter:
2026-04-25T18:17:41.8479059Z Checks completed: capture-failure-log, capture-failure-log, e2e, web-lint-and-test, test, autofix, cross-device-tests, maybe-label
2026-04-25T18:17:41.8479635Z Checks in_progress: lint-and-test, connected-tests
2026-04-25T18:17:41.8479905Z Checks after Regexp filter:
2026-04-25T18:17:41.8480412Z Checks completed: capture-failure-log, capture-failure-log, e2e, web-lint-and-test, test, autofix, cross-device-tests, maybe-label
2026-04-25T18:17:41.8480989Z Checks in_progress: lint-and-test, connected-tests
2026-04-25T18:17:41.8481360Z The requested checks aren't complete yet, will check back in 30 seconds...
2026-04-25T18:17:41.8481704Z Checks running on ref:
2026-04-25T18:17:41.8482337Z Checks completed: capture-failure-log, capture-failure-log, e2e, web-lint-and-test, test, autofix, cross-device-tests, maybe-label
2026-04-25T18:17:41.8483224Z Checks in_progress: lint-and-test, connected-tests, Auto-merge
2026-04-25T18:17:41.8483594Z Checks after ignore checks filter:
2026-04-25T18:17:41.8484257Z Checks completed: capture-failure-log, capture-failure-log, e2e, web-lint-and-test, test, autofix, cross-device-tests, maybe-label
2026-04-25T18:17:41.8484850Z Checks in_progress: lint-and-test, connected-tests
2026-04-25T18:17:41.8485121Z Checks after check_name filter:
2026-04-25T18:17:41.8485638Z Checks completed: capture-failure-log, capture-failure-log, e2e, web-lint-and-test, test, autofix, cross-device-tests, maybe-label
2026-04-25T18:17:41.8486217Z Checks in_progress: lint-and-test, connected-tests
2026-04-25T18:17:41.8486494Z Checks after Regexp filter:
2026-04-25T18:17:41.8486991Z Checks completed: capture-failure-log, capture-failure-log, e2e, web-lint-and-test, test, autofix, cross-device-tests, maybe-label
2026-04-25T18:17:41.8487577Z Checks in_progress: lint-and-test, connected-tests
2026-04-25T18:17:41.8487949Z The requested checks aren't complete yet, will check back in 30 seconds...
2026-04-25T18:17:41.8488285Z Checks running on ref:
2026-04-25T18:17:41.8488782Z Checks completed: capture-failure-log, capture-failure-log, e2e, web-lint-and-test, test, autofix, cross-device-tests, maybe-label
2026-04-25T18:17:41.8489396Z Checks in_progress: lint-and-test, connected-tests, Auto-merge
2026-04-25T18:17:41.8489717Z Checks after ignore checks filter:
2026-04-25T18:17:41.8490241Z Checks completed: capture-failure-log, capture-failure-log, e2e, web-lint-and-test, test, autofix, cross-device-tests, maybe-label
2026-04-25T18:17:41.8490816Z Checks in_progress: lint-and-test, connected-tests
2026-04-25T18:17:41.8491092Z Checks after check_name filter:
2026-04-25T18:17:41.8491597Z Checks completed: capture-failure-log, capture-failure-log, e2e, web-lint-and-test, test, autofix, cross-device-tests, maybe-label
2026-04-25T18:17:41.8492176Z Checks in_progress: lint-and-test, connected-tests
2026-04-25T18:17:41.8492447Z Checks after Regexp filter:
2026-04-25T18:17:41.8493193Z Checks completed: capture-failure-log, capture-failure-log, e2e, web-lint-and-test, test, autofix, cross-device-tests, maybe-label
2026-04-25T18:17:41.8493837Z Checks in_progress: lint-and-test, connected-tests
2026-04-25T18:17:41.8494228Z The requested checks aren't complete yet, will check back in 30 seconds...
2026-04-25T18:17:41.8494572Z Checks running on ref:
2026-04-25T18:17:41.8495284Z Checks completed: capture-failure-log, firebase-distribute, capture-failure-log, capture-failure-log, e2e, web-lint-and-test, test, lint-and-test, autofix, cross-device-tests, maybe-label
2026-04-25T18:17:41.8496077Z Checks in_progress: connected-tests, Auto-merge
2026-04-25T18:17:41.8496362Z Checks after ignore checks filter:
2026-04-25T18:17:41.8497103Z Checks completed: capture-failure-log, firebase-distribute, capture-failure-log, capture-failure-log, e2e, web-lint-and-test, test, lint-and-test, autofix, cross-device-tests, maybe-label
2026-04-25T18:17:41.8497864Z Checks in_progress: connected-tests
2026-04-25T18:17:41.8498107Z Checks after check_name filter:
2026-04-25T18:17:41.8498844Z Checks completed: capture-failure-log, firebase-distribute, capture-failure-log, capture-failure-log, e2e, web-lint-and-test, test, lint-and-test, autofix, cross-device-tests, maybe-label
2026-04-25T18:17:41.8499605Z Checks in_progress: connected-tests
2026-04-25T18:17:41.8499834Z Checks after Regexp filter:
2026-04-25T18:17:41.8500544Z Checks completed: capture-failure-log, firebase-distribute, capture-failure-log, capture-failure-log, e2e, web-lint-and-test, test, lint-and-test, autofix, cross-device-tests, maybe-label
2026-04-25T18:17:41.8501299Z Checks in_progress: connected-tests
2026-04-25T18:17:41.8501633Z The requested checks aren't complete yet, will check back in 30 seconds...
2026-04-25T18:17:41.8501982Z Checks running on ref:
2026-04-25T18:17:41.8521577Z Checks completed: capture-failure-log, firebase-distribute, capture-failure-log, capture-failure-log, e2e, web-lint-and-test, test, lint-and-test, autofix, cross-device-tests, maybe-label
2026-04-25T18:17:41.8522432Z Checks in_progress: connected-tests, Auto-merge
2026-04-25T18:17:41.8522725Z Checks after ignore checks filter:
2026-04-25T18:21:15.0351229Z Checks completed: capture-failure-log, firebase-distribute, capture-failure-log, capture-failure-log, e2e, web-lint-and-test, test, lint-and-test, autofix, cross-device-tests, maybe-label
2026-04-25T18:21:15.0353336Z Checks in_progress: connected-tests
2026-04-25T18:21:15.0353870Z Checks after check_name filter:
2026-04-25T18:21:15.0355487Z Checks completed: capture-failure-log, firebase-distribute, capture-failure-log, capture-failure-log, e2e, web-lint-and-test, test, lint-and-test, autofix, cross-device-tests, maybe-label
2026-04-25T18:21:15.0356732Z Checks in_progress: connected-tests
2026-04-25T18:21:15.0357050Z Checks after Regexp filter:
2026-04-25T18:21:15.0358061Z Checks completed: capture-failure-log, firebase-distribute, capture-failure-log, capture-failure-log, e2e, web-lint-and-test, test, lint-and-test, autofix, cross-device-tests, maybe-label
2026-04-25T18:21:15.0359109Z Checks in_progress: connected-tests
2026-04-25T18:21:15.0359567Z The requested checks aren't complete yet, will check back in 30 seconds...
2026-04-25T18:21:15.0360048Z Checks running on ref:
2026-04-25T18:21:15.0361005Z Checks completed: capture-failure-log, firebase-distribute, capture-failure-log, capture-failure-log, e2e, web-lint-and-test, test, lint-and-test, autofix, cross-device-tests, maybe-label
2026-04-25T18:21:15.0362068Z Checks in_progress: connected-tests, Auto-merge
2026-04-25T18:21:15.0362404Z Checks after ignore checks filter:
2026-04-25T18:21:15.0363541Z Checks completed: capture-failure-log, firebase-distribute, capture-failure-log, capture-failure-log, e2e, web-lint-and-test, test, lint-and-test, autofix, cross-device-tests, maybe-label
2026-04-25T18:21:15.0364507Z Checks in_progress: connected-tests
2026-04-25T18:21:15.0364791Z Checks after check_name filter:
2026-04-25T18:21:15.0365695Z Checks completed: capture-failure-log, firebase-distribute, capture-failure-log, capture-failure-log, e2e, web-lint-and-test, test, lint-and-test, autofix, cross-device-tests, maybe-label
2026-04-25T18:21:15.0366644Z Checks in_progress: connected-tests
2026-04-25T18:21:15.0366933Z Checks after Regexp filter:
2026-04-25T18:21:15.0367825Z Checks completed: capture-failure-log, firebase-distribute, capture-failure-log, capture-failure-log, e2e, web-lint-and-test, test, lint-and-test, autofix, cross-device-tests, maybe-label
2026-04-25T18:21:15.0368781Z Checks in_progress: connected-tests
2026-04-25T18:21:15.0369196Z The requested checks aren't complete yet, will check back in 30 seconds...
2026-04-25T18:21:15.0369628Z Checks running on ref:
2026-04-25T18:21:15.0370497Z Checks completed: capture-failure-log, firebase-distribute, capture-failure-log, capture-failure-log, e2e, web-lint-and-test, test, lint-and-test, autofix, cross-device-tests, maybe-label
2026-04-25T18:21:15.0371490Z Checks in_progress: connected-tests, Auto-merge
2026-04-25T18:21:15.0371828Z Checks after ignore checks filter:
2026-04-25T18:21:15.0372610Z Checks completed: capture-failure-log, firebase-distribute, capture-failure-log, capture-failure-log, e2e, web-lint-and-test, test, lint-and-test, autofix, cross-device-tests, maybe-label
2026-04-25T18:21:15.0373598Z Checks in_progress: connected-tests
2026-04-25T18:21:15.0373844Z Checks after check_name filter:
2026-04-25T18:21:15.0374557Z Checks completed: capture-failure-log, firebase-distribute, capture-failure-log, capture-failure-log, e2e, web-lint-and-test, test, lint-and-test, autofix, cross-device-tests, maybe-label
2026-04-25T18:21:15.0375299Z Checks in_progress: connected-tests
2026-04-25T18:21:15.0375530Z Checks after Regexp filter:
2026-04-25T18:21:15.0376235Z Checks completed: capture-failure-log, firebase-distribute, capture-failure-log, capture-failure-log, e2e, web-lint-and-test, test, lint-and-test, autofix, cross-device-tests, maybe-label
2026-04-25T18:21:15.0377183Z Checks in_progress: connected-tests
2026-04-25T18:21:15.0377520Z The requested checks aren't complete yet, will check back in 30 seconds...
2026-04-25T18:21:15.0377870Z Checks running on ref:
2026-04-25T18:21:15.0378670Z Checks completed: capture-failure-log, firebase-distribute, capture-failure-log, capture-failure-log, e2e, web-lint-and-test, test, lint-and-test, autofix, cross-device-tests, maybe-label
2026-04-25T18:21:15.0379458Z Checks in_progress: connected-tests, Auto-merge
2026-04-25T18:21:15.0379734Z Checks after ignore checks filter:
2026-04-25T18:21:15.0380459Z Checks completed: capture-failure-log, firebase-distribute, capture-failure-log, capture-failure-log, e2e, web-lint-and-test, test, lint-and-test, autofix, cross-device-tests, maybe-label
2026-04-25T18:21:15.0381236Z Checks in_progress: connected-tests
2026-04-25T18:21:15.0381470Z Checks after check_name filter:
2026-04-25T18:21:15.0382204Z Checks completed: capture-failure-log, firebase-distribute, capture-failure-log, capture-failure-log, e2e, web-lint-and-test, test, lint-and-test, autofix, cross-device-tests, maybe-label
2026-04-25T18:21:15.0383230Z Checks in_progress: connected-tests
2026-04-25T18:21:15.0383491Z Checks after Regexp filter:
2026-04-25T18:21:15.0384228Z Checks completed: capture-failure-log, firebase-distribute, capture-failure-log, capture-failure-log, e2e, web-lint-and-test, test, lint-and-test, autofix, cross-device-tests, maybe-label
2026-04-25T18:21:15.0384988Z Checks in_progress: connected-tests
2026-04-25T18:21:15.0385330Z The requested checks aren't complete yet, will check back in 30 seconds...
2026-04-25T18:21:15.0385674Z Checks running on ref:
2026-04-25T18:21:15.0386369Z Checks completed: capture-failure-log, firebase-distribute, capture-failure-log, capture-failure-log, e2e, web-lint-and-test, test, lint-and-test, autofix, cross-device-tests, maybe-label
2026-04-25T18:21:15.0387158Z Checks in_progress: connected-tests, Auto-merge
2026-04-25T18:21:15.0387441Z Checks after ignore checks filter:
2026-04-25T18:21:15.0388175Z Checks completed: capture-failure-log, firebase-distribute, capture-failure-log, capture-failure-log, e2e, web-lint-and-test, test, lint-and-test, autofix, cross-device-tests, maybe-label
2026-04-25T18:21:15.0388947Z Checks in_progress: connected-tests
2026-04-25T18:21:15.0389188Z Checks after check_name filter:
2026-04-25T18:21:15.0389899Z Checks completed: capture-failure-log, firebase-distribute, capture-failure-log, capture-failure-log, e2e, web-lint-and-test, test, lint-and-test, autofix, cross-device-tests, maybe-label
2026-04-25T18:21:15.0390651Z Checks in_progress: connected-tests
2026-04-25T18:21:15.0390882Z Checks after Regexp filter:
2026-04-25T18:21:15.0391587Z Checks completed: capture-failure-log, firebase-distribute, capture-failure-log, capture-failure-log, e2e, web-lint-and-test, test, lint-and-test, autofix, cross-device-tests, maybe-label
2026-04-25T18:21:15.0392331Z Checks in_progress: connected-tests
2026-04-25T18:21:15.0392669Z The requested checks aren't complete yet, will check back in 30 seconds...
2026-04-25T18:21:15.0393279Z Checks running on ref:
2026-04-25T18:21:15.0394000Z Checks completed: capture-failure-log, firebase-distribute, capture-failure-log, capture-failure-log, e2e, web-lint-and-test, test, lint-and-test, autofix, cross-device-tests, maybe-label
2026-04-25T18:21:15.0394807Z Checks in_progress: connected-tests, Auto-merge
2026-04-25T18:21:15.0395088Z Checks after ignore checks filter:
2026-04-25T18:21:15.0395821Z Checks completed: capture-failure-log, firebase-distribute, capture-failure-log, capture-failure-log, e2e, web-lint-and-test, test, lint-and-test, autofix, cross-device-tests, maybe-label
2026-04-25T18:21:15.0396572Z Checks in_progress: connected-tests
2026-04-25T18:21:15.0396809Z Checks after check_name filter:
2026-04-25T18:21:15.0397518Z Checks completed: capture-failure-log, firebase-distribute, capture-failure-log, capture-failure-log, e2e, web-lint-and-test, test, lint-and-test, autofix, cross-device-tests, maybe-label
2026-04-25T18:21:15.0398407Z Checks in_progress: connected-tests
2026-04-25T18:21:15.0398636Z Checks after Regexp filter:
2026-04-25T18:21:15.0399437Z Checks completed: capture-failure-log, firebase-distribute, capture-failure-log, capture-failure-log, e2e, web-lint-and-test, test, lint-and-test, autofix, cross-device-tests, maybe-label
2026-04-25T18:21:15.0400195Z Checks in_progress: connected-tests
2026-04-25T18:21:15.0400524Z The requested checks aren't complete yet, will check back in 30 seconds...
2026-04-25T18:21:15.0400870Z Checks running on ref:
2026-04-25T18:21:15.0401556Z Checks completed: capture-failure-log, firebase-distribute, capture-failure-log, capture-failure-log, e2e, web-lint-and-test, test, lint-and-test, autofix, cross-device-tests, maybe-label
2026-04-25T18:21:15.0402331Z Checks in_progress: connected-tests, Auto-merge
2026-04-25T18:21:15.0402598Z Checks after ignore checks filter:
2026-04-25T18:21:15.0403600Z Checks completed: capture-failure-log, firebase-distribute, capture-failure-log, capture-failure-log, e2e, web-lint-and-test, test, lint-and-test, autofix, cross-device-tests, maybe-label
2026-04-25T18:21:15.0404393Z Checks in_progress: connected-tests
2026-04-25T18:21:15.0404635Z Checks after check_name filter:
2026-04-25T18:21:15.0405361Z Checks completed: capture-failure-log, firebase-distribute, capture-failure-log, capture-failure-log, e2e, web-lint-and-test, test, lint-and-test, autofix, cross-device-tests, maybe-label
2026-04-25T18:21:15.0406112Z Checks in_progress: connected-tests
2026-04-25T18:21:15.0406346Z Checks after Regexp filter:
2026-04-25T18:21:15.0407048Z Checks completed: capture-failure-log, firebase-distribute, capture-failure-log, capture-failure-log, e2e, web-lint-and-test, test, lint-and-test, autofix, cross-device-tests, maybe-label
2026-04-25T18:21:15.0407800Z Checks in_progress: connected-tests
2026-04-25T18:21:15.0408132Z The requested checks aren't complete yet, will check back in 30 seconds...
2026-04-25T18:21:15.0408481Z Checks running on ref:
2026-04-25T18:21:15.0409167Z Checks completed: capture-failure-log, firebase-distribute, capture-failure-log, capture-failure-log, e2e, web-lint-and-test, test, lint-and-test, autofix, cross-device-tests, maybe-label
2026-04-25T18:21:15.0409943Z Checks in_progress: connected-tests, Auto-merge
2026-04-25T18:21:15.0410221Z Checks after ignore checks filter:
2026-04-25T18:21:15.0410942Z Checks completed: capture-failure-log, firebase-distribute, capture-failure-log, capture-failure-log, e2e, web-lint-and-test, test, lint-and-test, autofix, cross-device-tests, maybe-label
2026-04-25T18:21:15.0411681Z Checks in_progress: connected-tests
2026-04-25T18:21:15.0411915Z Checks after check_name filter:
2026-04-25T18:21:15.0412627Z Checks completed: capture-failure-log, firebase-distribute, capture-failure-log, capture-failure-log, e2e, web-lint-and-test, test, lint-and-test, autofix, cross-device-tests, maybe-label
2026-04-25T18:21:15.0413526Z Checks in_progress: connected-tests
2026-04-25T18:21:15.0413780Z Checks after Regexp filter:
2026-04-25T18:25:18.7782774Z Checks completed: capture-failure-log, firebase-distribute, capture-failure-log, capture-failure-log, e2e, web-lint-and-test, test, lint-and-test, autofix, cross-device-tests, maybe-label
2026-04-25T18:25:18.7784661Z Checks in_progress: connected-tests
2026-04-25T18:25:18.7785209Z The requested checks aren't complete yet, will check back in 30 seconds...
2026-04-25T18:25:18.7785724Z Checks running on ref:
2026-04-25T18:25:18.7786766Z Checks completed: capture-failure-log, firebase-distribute, capture-failure-log, capture-failure-log, e2e, web-lint-and-test, test, lint-and-test, autofix, cross-device-tests, maybe-label
2026-04-25T18:25:18.7787989Z Checks in_progress: connected-tests, Auto-merge
2026-04-25T18:25:18.7788361Z Checks after ignore checks filter:
2026-04-25T18:25:18.7789361Z Checks completed: capture-failure-log, firebase-distribute, capture-failure-log, capture-failure-log, e2e, web-lint-and-test, test, lint-and-test, autofix, cross-device-tests, maybe-label
2026-04-25T18:25:18.7790776Z Checks in_progress: connected-tests
2026-04-25T18:25:18.7791100Z Checks after check_name filter:
2026-04-25T18:25:18.7792240Z Checks completed: capture-failure-log, firebase-distribute, capture-failure-log, capture-failure-log, e2e, web-lint-and-test, test, lint-and-test, autofix, cross-device-tests, maybe-label
2026-04-25T18:25:18.7793549Z Checks in_progress: connected-tests
2026-04-25T18:25:18.7793865Z Checks after Regexp filter:
2026-04-25T18:25:18.7794847Z Checks completed: capture-failure-log, firebase-distribute, capture-failure-log, capture-failure-log, e2e, web-lint-and-test, test, lint-and-test, autofix, cross-device-tests, maybe-label
2026-04-25T18:25:18.7795899Z Checks in_progress: connected-tests
2026-04-25T18:25:18.7796356Z The requested checks aren't complete yet, will check back in 30 seconds...
2026-04-25T18:25:18.7796828Z Checks running on ref:
2026-04-25T18:25:18.7797778Z Checks completed: capture-failure-log, firebase-distribute, capture-failure-log, capture-failure-log, e2e, web-lint-and-test, test, lint-and-test, autofix, cross-device-tests, maybe-label
2026-04-25T18:25:18.7798697Z Checks in_progress: connected-tests, Auto-merge
2026-04-25T18:25:18.7798974Z Checks after ignore checks filter:
2026-04-25T18:25:18.7799700Z Checks completed: capture-failure-log, firebase-distribute, capture-failure-log, capture-failure-log, e2e, web-lint-and-test, test, lint-and-test, autofix, cross-device-tests, maybe-label
2026-04-25T18:25:18.7800454Z Checks in_progress: connected-tests
2026-04-25T18:25:18.7800685Z Checks after check_name filter:
2026-04-25T18:25:18.7801402Z Checks completed: capture-failure-log, firebase-distribute, capture-failure-log, capture-failure-log, e2e, web-lint-and-test, test, lint-and-test, autofix, cross-device-tests, maybe-label
2026-04-25T18:25:18.7802159Z Checks in_progress: connected-tests
2026-04-25T18:25:18.7802395Z Checks after Regexp filter:
2026-04-25T18:25:18.7803362Z Checks completed: capture-failure-log, firebase-distribute, capture-failure-log, capture-failure-log, e2e, web-lint-and-test, test, lint-and-test, autofix, cross-device-tests, maybe-label
2026-04-25T18:25:18.7804130Z Checks in_progress: connected-tests
2026-04-25T18:25:18.7804479Z The requested checks aren't complete yet, will check back in 30 seconds...
2026-04-25T18:25:18.7804828Z Checks running on ref:
2026-04-25T18:25:18.7805529Z Checks completed: capture-failure-log, firebase-distribute, capture-failure-log, capture-failure-log, e2e, web-lint-and-test, test, lint-and-test, autofix, cross-device-tests, maybe-label
2026-04-25T18:25:18.7806309Z Checks in_progress: connected-tests, Auto-merge
2026-04-25T18:25:18.7806589Z Checks after ignore checks filter:
2026-04-25T18:25:18.7807305Z Checks completed: capture-failure-log, firebase-distribute, capture-failure-log, capture-failure-log, e2e, web-lint-and-test, test, lint-and-test, autofix, cross-device-tests, maybe-label
2026-04-25T18:25:18.7808063Z Checks in_progress: connected-tests
2026-04-25T18:25:18.7808306Z Checks after check_name filter:
2026-04-25T18:25:18.7809008Z Checks completed: capture-failure-log, firebase-distribute, capture-failure-log, capture-failure-log, e2e, web-lint-and-test, test, lint-and-test, autofix, cross-device-tests, maybe-label
2026-04-25T18:25:18.7809762Z Checks in_progress: connected-tests
2026-04-25T18:25:18.7810006Z Checks after Regexp filter:
2026-04-25T18:25:18.7810725Z Checks completed: capture-failure-log, firebase-distribute, capture-failure-log, capture-failure-log, e2e, web-lint-and-test, test, lint-and-test, autofix, cross-device-tests, maybe-label
2026-04-25T18:25:18.7811475Z Checks in_progress: connected-tests
2026-04-25T18:25:18.7811818Z The requested checks aren't complete yet, will check back in 30 seconds...
2026-04-25T18:25:18.7812165Z Checks running on ref:
2026-04-25T18:25:18.7812859Z Checks completed: capture-failure-log, firebase-distribute, capture-failure-log, capture-failure-log, e2e, web-lint-and-test, test, lint-and-test, autofix, cross-device-tests, maybe-label
2026-04-25T18:25:18.7814036Z Checks in_progress: connected-tests, Auto-merge
2026-04-25T18:25:18.7814318Z Checks after ignore checks filter:
2026-04-25T18:25:18.7815163Z Checks completed: capture-failure-log, firebase-distribute, capture-failure-log, capture-failure-log, e2e, web-lint-and-test, test, lint-and-test, autofix, cross-device-tests, maybe-label
2026-04-25T18:25:18.7815917Z Checks in_progress: connected-tests
2026-04-25T18:25:18.7816159Z Checks after check_name filter:
2026-04-25T18:25:18.7816872Z Checks completed: capture-failure-log, firebase-distribute, capture-failure-log, capture-failure-log, e2e, web-lint-and-test, test, lint-and-test, autofix, cross-device-tests, maybe-label
2026-04-25T18:25:18.7817619Z Checks in_progress: connected-tests
2026-04-25T18:25:18.7817846Z Checks after Regexp filter:
2026-04-25T18:25:18.7818547Z Checks completed: capture-failure-log, firebase-distribute, capture-failure-log, capture-failure-log, e2e, web-lint-and-test, test, lint-and-test, autofix, cross-device-tests, maybe-label
2026-04-25T18:25:18.7819297Z Checks in_progress: connected-tests
2026-04-25T18:25:18.7819632Z The requested checks aren't complete yet, will check back in 30 seconds...
2026-04-25T18:25:18.7819972Z Checks running on ref:
2026-04-25T18:25:18.7820667Z Checks completed: capture-failure-log, firebase-distribute, capture-failure-log, capture-failure-log, e2e, web-lint-and-test, test, lint-and-test, autofix, cross-device-tests, maybe-label
2026-04-25T18:25:18.7821439Z Checks in_progress: connected-tests, Auto-merge
2026-04-25T18:25:18.7821707Z Checks after ignore checks filter:
2026-04-25T18:25:18.7822427Z Checks completed: capture-failure-log, firebase-distribute, capture-failure-log, capture-failure-log, e2e, web-lint-and-test, test, lint-and-test, autofix, cross-device-tests, maybe-label
2026-04-25T18:25:18.7823474Z Checks in_progress: connected-tests
2026-04-25T18:25:18.7823728Z Checks after check_name filter:
2026-04-25T18:25:18.7824473Z Checks completed: capture-failure-log, firebase-distribute, capture-failure-log, capture-failure-log, e2e, web-lint-and-test, test, lint-and-test, autofix, cross-device-tests, maybe-label
2026-04-25T18:25:18.7825230Z Checks in_progress: connected-tests
2026-04-25T18:25:18.7825468Z Checks after Regexp filter:
2026-04-25T18:25:18.7826176Z Checks completed: capture-failure-log, firebase-distribute, capture-failure-log, capture-failure-log, e2e, web-lint-and-test, test, lint-and-test, autofix, cross-device-tests, maybe-label
2026-04-25T18:25:18.7826931Z Checks in_progress: connected-tests
2026-04-25T18:25:18.7827273Z The requested checks aren't complete yet, will check back in 30 seconds...
2026-04-25T18:25:18.7827625Z Checks running on ref:
2026-04-25T18:25:18.7828310Z Checks completed: capture-failure-log, firebase-distribute, capture-failure-log, capture-failure-log, e2e, web-lint-and-test, test, lint-and-test, autofix, cross-device-tests, maybe-label
2026-04-25T18:25:18.7829079Z Checks in_progress: connected-tests, Auto-merge
2026-04-25T18:25:18.7829361Z Checks after ignore checks filter:
2026-04-25T18:25:18.7830092Z Checks completed: capture-failure-log, firebase-distribute, capture-failure-log, capture-failure-log, e2e, web-lint-and-test, test, lint-and-test, autofix, cross-device-tests, maybe-label
2026-04-25T18:25:18.7830837Z Checks in_progress: connected-tests
2026-04-25T18:25:18.7831078Z Checks after check_name filter:
2026-04-25T18:25:18.7831787Z Checks completed: capture-failure-log, firebase-distribute, capture-failure-log, capture-failure-log, e2e, web-lint-and-test, test, lint-and-test, autofix, cross-device-tests, maybe-label
2026-04-25T18:25:18.7832527Z Checks in_progress: connected-tests
2026-04-25T18:25:18.7832756Z Checks after Regexp filter:
2026-04-25T18:25:18.7833679Z Checks completed: capture-failure-log, firebase-distribute, capture-failure-log, capture-failure-log, e2e, web-lint-and-test, test, lint-and-test, autofix, cross-device-tests, maybe-label
2026-04-25T18:25:18.7834450Z Checks in_progress: connected-tests
2026-04-25T18:25:18.7834943Z The requested checks aren't complete yet, will check back in 30 seconds...
2026-04-25T18:25:18.7835292Z Checks running on ref:
2026-04-25T18:25:18.7836009Z Checks completed: capture-failure-log, firebase-distribute, capture-failure-log, capture-failure-log, e2e, web-lint-and-test, test, lint-and-test, autofix, cross-device-tests, maybe-label
2026-04-25T18:25:18.7836895Z Checks in_progress: connected-tests, Auto-merge
2026-04-25T18:25:18.7837175Z Checks after ignore checks filter:
2026-04-25T18:25:18.7838174Z Checks completed: capture-failure-log, firebase-distribute, capture-failure-log, capture-failure-log, e2e, web-lint-and-test, test, lint-and-test, autofix, cross-device-tests, maybe-label
2026-04-25T18:25:18.7838969Z Checks in_progress: connected-tests
2026-04-25T18:25:18.7839208Z Checks after check_name filter:
2026-04-25T18:25:18.7839939Z Checks completed: capture-failure-log, firebase-distribute, capture-failure-log, capture-failure-log, e2e, web-lint-and-test, test, lint-and-test, autofix, cross-device-tests, maybe-label
2026-04-25T18:25:18.7840703Z Checks in_progress: connected-tests
2026-04-25T18:25:18.7840939Z Checks after Regexp filter:
2026-04-25T18:25:18.7841648Z Checks completed: capture-failure-log, firebase-distribute, capture-failure-log, capture-failure-log, e2e, web-lint-and-test, test, lint-and-test, autofix, cross-device-tests, maybe-label
2026-04-25T18:25:18.7842396Z Checks in_progress: connected-tests
2026-04-25T18:25:18.7842733Z The requested checks aren't complete yet, will check back in 30 seconds...
2026-04-25T18:25:18.7843292Z Checks running on ref:
2026-04-25T18:25:18.7844007Z Checks completed: capture-failure-log, firebase-distribute, capture-failure-log, capture-failure-log, e2e, web-lint-and-test, test, lint-and-test, autofix, cross-device-tests, maybe-label
2026-04-25T18:25:18.7844791Z Checks in_progress: connected-tests, Auto-merge
2026-04-25T18:25:18.7845068Z Checks after ignore checks filter:
2026-04-25T18:25:49.2030218Z Checks completed: capture-failure-log, firebase-distribute, capture-failure-log, capture-failure-log, e2e, web-lint-and-test, test, lint-and-test, autofix, cross-device-tests, maybe-label
2026-04-25T18:25:49.2032055Z Checks in_progress: connected-tests
2026-04-25T18:25:49.2032512Z Checks after check_name filter:
2026-04-25T18:25:49.2034154Z Checks completed: capture-failure-log, firebase-distribute, capture-failure-log, capture-failure-log, e2e, web-lint-and-test, test, lint-and-test, autofix, cross-device-tests, maybe-label
2026-04-25T18:25:49.2035582Z Checks in_progress: connected-tests
2026-04-25T18:25:49.2036010Z Checks after Regexp filter:
2026-04-25T18:25:49.2037103Z Checks completed: capture-failure-log, firebase-distribute, capture-failure-log, capture-failure-log, e2e, web-lint-and-test, test, lint-and-test, autofix, cross-device-tests, maybe-label
2026-04-25T18:25:49.2038026Z Checks in_progress: connected-tests
2026-04-25T18:25:49.2038420Z The requested checks aren't complete yet, will check back in 30 seconds...
2026-04-25T18:25:49.2038840Z Checks running on ref:
2026-04-25T18:25:49.2039830Z Checks completed: capture-failure-log, capture-failure-log, firebase-distribute, capture-failure-log, capture-failure-log, e2e, web-lint-and-test, test, lint-and-test, connected-tests, autofix, cross-device-tests, maybe-label
2026-04-25T18:25:49.2040967Z Checks in_progress: Auto-merge
2026-04-25T18:25:49.2041228Z Checks after ignore checks filter:
2026-04-25T18:25:49.2042259Z Checks completed: capture-failure-log, capture-failure-log, firebase-distribute, capture-failure-log, capture-failure-log, e2e, web-lint-and-test, test, lint-and-test, connected-tests, autofix, cross-device-tests, maybe-label
2026-04-25T18:25:49.2043531Z Checks after check_name filter:
2026-04-25T18:25:49.2044467Z Checks completed: capture-failure-log, capture-failure-log, firebase-distribute, capture-failure-log, capture-failure-log, e2e, web-lint-and-test, test, lint-and-test, connected-tests, autofix, cross-device-tests, maybe-label
2026-04-25T18:25:49.2045835Z Checks after Regexp filter:
2026-04-25T18:25:49.2046768Z Checks completed: capture-failure-log, capture-failure-log, firebase-distribute, capture-failure-log, capture-failure-log, e2e, web-lint-and-test, test, lint-and-test, connected-tests, autofix, cross-device-tests, maybe-label
2026-04-25T18:25:49.2047737Z Checks completed:
2026-04-25T18:25:49.2048095Z capture-failure-log: completed (skipped)
2026-04-25T18:25:49.2048394Z capture-failure-log: completed (skipped)
2026-04-25T18:25:49.2048676Z firebase-distribute: completed (skipped)
2026-04-25T18:25:49.2048949Z capture-failure-log: completed (skipped)
2026-04-25T18:25:49.2049225Z capture-failure-log: completed (skipped)
2026-04-25T18:25:49.2049486Z e2e: completed (success)
2026-04-25T18:25:49.2049712Z web-lint-and-test: completed (success)
2026-04-25T18:25:49.2049974Z test: completed (success)
2026-04-25T18:25:49.2050202Z lint-and-test: completed (success)
2026-04-25T18:25:49.2050463Z connected-tests: completed (success)
2026-04-25T18:25:49.2050728Z autofix: completed (success)
2026-04-25T18:25:49.2050972Z cross-device-tests: completed (failure)
2026-04-25T18:25:49.2051248Z maybe-label: completed (success)
2026-04-25T18:25:49.2051962Z The conclusion of one or more checks were not allowed. Allowed conclusions are: success, skipped, neutral. This can be configured with the 'allowed-conclusions' param.
2026-04-25T18:25:49.2155840Z ##[error]Process completed with exit code 1.
2026-04-25T18:25:49.2278589Z Post job cleanup.
2026-04-25T18:25:49.2334538Z Cleaning up orphan processes
2026-04-25T18:25:49.2610354Z ##[warning]Node.js 20 actions are deprecated. The following actions are running on Node.js 20 and may not work as expected: actions/cache@v4. Actions will be forced to run with Node.js 24 by default starting June 2nd, 2026. Node.js 20 will be removed from the runner on September 16th, 2026. Please check if updated versions of these actions are available that support Node.js 24. To opt into Node.js 24 now, set the FORCE_JAVASCRIPT_ACTIONS_TO_NODE24=true environment variable on the runner or in your workflow file. Once Node.js 24 becomes the default, you can temporarily opt out by setting ACTIONS_ALLOW_USE_UNSECURE_NODE_VERSION=true. For more information see: https://github.blog/changelog/2025-09-19-deprecation-of-node-20-on-github-actions-runners/
