=== CI FAILURE ===
Workflow:      Auto-merge & Release
Workflow file: akarlin3/prismTask/.github/workflows/auto-merge.yml@refs/pull/843/merge
Job(s):        Auto-merge
Run ID:        24977298591
Run attempt:   1
Run URL:       https://github.com/akarlin3/prismTask/actions/runs/24977298591
Commit:        d1def6a256ce73fde77eeb009d6ef3d07255f65b
Branch:        843/merge
Event:         pull_request
Actor:         akarlin3
Runner OS:     Linux
Timestamp:     2026-04-27T05:02:37.837Z

Failed steps:
  - Auto-merge: #4 Wait for all other CI checks to pass

=== FAILED JOB LOG ===

--- Job: Auto-merge (id 73131584434) ---
2026-04-27T04:56:53.9641840Z Current runner version: '2.333.1'
2026-04-27T04:56:53.9665994Z ##[group]Runner Image Provisioner
2026-04-27T04:56:53.9666808Z Hosted Compute Agent
2026-04-27T04:56:53.9667678Z Version: 20260213.493
2026-04-27T04:56:53.9668259Z Commit: 5c115507f6dd24b8de37d8bbe0bb4509d0cc0fa3
2026-04-27T04:56:53.9668950Z Build Date: 2026-02-13T00:28:41Z
2026-04-27T04:56:53.9669634Z Worker ID: {ae273e83-9b9a-4164-8482-fd5866f22abf}
2026-04-27T04:56:53.9670346Z Azure Region: northcentralus
2026-04-27T04:56:53.9670914Z ##[endgroup]
2026-04-27T04:56:53.9672379Z ##[group]Operating System
2026-04-27T04:56:53.9672989Z Ubuntu
2026-04-27T04:56:53.9673461Z 24.04.4
2026-04-27T04:56:53.9673952Z LTS
2026-04-27T04:56:53.9674422Z ##[endgroup]
2026-04-27T04:56:53.9674878Z ##[group]Runner Image
2026-04-27T04:56:53.9675451Z Image: ubuntu-24.04
2026-04-27T04:56:53.9675983Z Version: 20260413.86.1
2026-04-27T04:56:53.9677364Z Included Software: https://github.com/actions/runner-images/blob/ubuntu24/20260413.86/images/ubuntu/Ubuntu2404-Readme.md
2026-04-27T04:56:53.9678917Z Image Release: https://github.com/actions/runner-images/releases/tag/ubuntu24%2F20260413.86
2026-04-27T04:56:53.9679807Z ##[endgroup]
2026-04-27T04:56:53.9681094Z ##[group]GITHUB_TOKEN Permissions
2026-04-27T04:56:53.9683205Z Actions: read
2026-04-27T04:56:53.9683855Z Checks: read
2026-04-27T04:56:53.9684337Z Contents: write
2026-04-27T04:56:53.9684846Z Metadata: read
2026-04-27T04:56:53.9685384Z PullRequests: write
2026-04-27T04:56:53.9685888Z ##[endgroup]
2026-04-27T04:56:53.9688982Z Secret source: Actions
2026-04-27T04:56:53.9689659Z Prepare workflow directory
2026-04-27T04:56:54.0092371Z Prepare all required actions
2026-04-27T04:56:54.0130110Z Getting action download info
2026-04-27T04:56:54.3395981Z Download action repository 'lewagon/wait-on-check-action@ccfb013c15c8afb7bf2b7c028fb74dc5a068cccc' (SHA:ccfb013c15c8afb7bf2b7c028fb74dc5a068cccc)
2026-04-27T04:56:54.7728664Z Getting action download info
2026-04-27T04:56:54.9161568Z Download action repository 'ruby/setup-ruby@v1' (SHA:c4e5b1316158f92e3d49443a9d58b31d25ac0f8f)
2026-04-27T04:56:55.2886627Z Download action repository 'actions/cache@v4' (SHA:0057852bfaa89a56745cba8c7296529d2fc39830)
2026-04-27T04:56:55.4371555Z Complete job name: Auto-merge
2026-04-27T04:56:55.5059237Z ##[group]Run set -euo pipefail
2026-04-27T04:56:55.5060385Z [36;1mset -euo pipefail[0m
2026-04-27T04:56:55.5061718Z [36;1m# Audit item #5 — poll check-runs for up to 60s instead of a bare[0m
2026-04-27T04:56:55.5063583Z [36;1m# 20s sleep. On a busy runner cohort the initial 20s wasn't enough[0m
2026-04-27T04:56:55.5065534Z [36;1m# for the API to reflect queued workflow runs, which could merge[0m
2026-04-27T04:56:55.5067653Z [36;1m# PRs without waiting for CI. Bail out early as soon as ≥1 real[0m
2026-04-27T04:56:55.5069074Z [36;1m# check shows up.[0m
2026-04-27T04:56:55.5069973Z [36;1mCOUNT=0[0m
2026-04-27T04:56:55.5070771Z [36;1mfor i in $(seq 1 6); do[0m
2026-04-27T04:56:55.5071723Z [36;1m  sleep 10[0m
2026-04-27T04:56:55.5072859Z [36;1m  COUNT=$(gh api "repos/$REPO/commits/$HEAD_SHA/check-runs" \[0m
2026-04-27T04:56:55.5074571Z [36;1m    --jq '[.check_runs[] | select(.name != "Auto-merge")] | length')[0m
2026-04-27T04:56:55.5076037Z [36;1m  if [ "$COUNT" -gt 0 ]; then[0m
2026-04-27T04:56:55.5077513Z [36;1m    echo "Found $COUNT non-Auto-merge check(s) after ${i}0s"[0m
2026-04-27T04:56:55.5078822Z [36;1m    break[0m
2026-04-27T04:56:55.5079623Z [36;1m  fi[0m
2026-04-27T04:56:55.5080606Z [36;1m  echo "No non-Auto-merge checks yet (attempt $i/6)"[0m
2026-04-27T04:56:55.5081847Z [36;1mdone[0m
2026-04-27T04:56:55.5082641Z [36;1mif [ "$COUNT" -gt 0 ]; then[0m
2026-04-27T04:56:55.5083735Z [36;1m  echo "has_ci=true" >> "$GITHUB_OUTPUT"[0m
2026-04-27T04:56:55.5084833Z [36;1melse[0m
2026-04-27T04:56:55.5085732Z [36;1m  echo "has_ci=false" >> "$GITHUB_OUTPUT"[0m
2026-04-27T04:56:55.5087380Z [36;1m  echo "No CI checks on this PR after 60s — will merge without waiting."[0m
2026-04-27T04:56:55.5088798Z [36;1mfi[0m
2026-04-27T04:56:55.5114484Z shell: /usr/bin/bash -e {0}
2026-04-27T04:56:55.5115679Z env:
2026-04-27T04:56:55.5116392Z   WAIT_INTERVAL: 30
2026-04-27T04:56:55.5117819Z   GH_TOKEN: ***
2026-04-27T04:56:55.5118756Z   HEAD_SHA: 627c1b660d16635264a0998b07fe981810f9569d
2026-04-27T04:56:55.5119911Z   REPO: akarlin3/prismTask
2026-04-27T04:56:55.5120773Z ##[endgroup]
2026-04-27T04:57:05.9561222Z Found 8 non-Auto-merge check(s) after 10s
2026-04-27T04:57:05.9682728Z ##[group]Run set -euo pipefail
2026-04-27T04:57:05.9683130Z [36;1mset -euo pipefail[0m
2026-04-27T04:57:05.9683591Z [36;1mREQUIRED=$(gh api "repos/$REPO/branches/main/protection/required_status_checks" \[0m
2026-04-27T04:57:05.9684105Z [36;1m  --jq '.contexts[]' 2>/dev/null || true)[0m
2026-04-27T04:57:05.9684438Z [36;1mif [ -z "$REQUIRED" ]; then[0m
2026-04-27T04:57:05.9684995Z [36;1m  echo "::warning::Could not query branch protection (likely a permission issue) — using hardcoded fallback list."[0m
2026-04-27T04:57:05.9685586Z [36;1m  REQUIRED="$FALLBACK_REQUIRED"[0m
2026-04-27T04:57:05.9685895Z [36;1mfi[0m
2026-04-27T04:57:05.9686208Z [36;1m# Strip Auto-merge from the required list so we don't wait on[0m
2026-04-27T04:57:05.9686682Z [36;1m# ourselves (it's listed because we ARE the running workflow).[0m
2026-04-27T04:57:05.9687539Z [36;1mREQUIRED=$(echo "$REQUIRED" | grep -vE '^\s*Auto-merge\s*$' | grep -vE '^\s*$' || true)[0m
2026-04-27T04:57:05.9688050Z [36;1mif [ -z "$REQUIRED" ]; then[0m
2026-04-27T04:57:05.9688435Z [36;1m  echo "No required checks beyond Auto-merge; skipping queue wait."[0m
2026-04-27T04:57:05.9688843Z [36;1m  exit 0[0m
2026-04-27T04:57:05.9689084Z [36;1mfi[0m
2026-04-27T04:57:05.9689358Z [36;1mecho "Waiting until these required checks queue:"[0m
2026-04-27T04:57:05.9689721Z [36;1mecho "$REQUIRED" | sed 's/^/  /'[0m
2026-04-27T04:57:05.9690114Z [36;1m# 30 attempts × 10s = 5 min ceiling. If checks haven't queued[0m
2026-04-27T04:57:05.9690595Z [36;1m# by then something is genuinely broken (workflow file invalid,[0m
2026-04-27T04:57:05.9691088Z [36;1m# path filter excluding everything, etc.) — log and proceed so[0m
2026-04-27T04:57:05.9691548Z [36;1m# wait-on-check-action can decide how to handle it.[0m
2026-04-27T04:57:05.9691912Z [36;1mfor attempt in $(seq 1 30); do[0m
2026-04-27T04:57:05.9692351Z [36;1m  CHECK_RUNS=$(gh api --paginate "repos/$REPO/commits/$HEAD_SHA/check-runs" \[0m
2026-04-27T04:57:05.9692831Z [36;1m    --jq '.check_runs[].name' | sort -u)[0m
2026-04-27T04:57:05.9693159Z [36;1m  MISSING=""[0m
2026-04-27T04:57:05.9693473Z [36;1m  while IFS= read -r req; do[0m
2026-04-27T04:57:05.9693790Z [36;1m    [ -z "$req" ] && continue[0m
2026-04-27T04:57:05.9694098Z [36;1m    req_trimmed=$(echo "$req" | xargs)[0m
2026-04-27T04:57:05.9694486Z [36;1m    if ! echo "$CHECK_RUNS" | grep -qxF "$req_trimmed"; then[0m
2026-04-27T04:57:05.9694890Z [36;1m      MISSING="$MISSING $req_trimmed"[0m
2026-04-27T04:57:05.9695186Z [36;1m    fi[0m
2026-04-27T04:57:05.9695409Z [36;1m  done <<< "$REQUIRED"[0m
2026-04-27T04:57:05.9695706Z [36;1m  if [ -z "$MISSING" ]; then[0m
2026-04-27T04:57:05.9696166Z [36;1m    echo "All required checks have queued after attempt $attempt."[0m
2026-04-27T04:57:05.9696576Z [36;1m    exit 0[0m
2026-04-27T04:57:05.9696808Z [36;1m  fi[0m
2026-04-27T04:57:05.9697357Z [36;1m  echo "Still waiting for:$MISSING (attempt $attempt/30)"[0m
2026-04-27T04:57:05.9697732Z [36;1m  sleep 10[0m
2026-04-27T04:57:05.9697965Z [36;1mdone[0m
2026-04-27T04:57:05.9698472Z [36;1mecho "::warning::Some required checks never queued after 5 min:$MISSING — proceeding to wait-on-check-action anyway."[0m
2026-04-27T04:57:05.9720504Z shell: /usr/bin/bash -e {0}
2026-04-27T04:57:05.9720778Z env:
2026-04-27T04:57:05.9720991Z   WAIT_INTERVAL: 30
2026-04-27T04:57:05.9721608Z   GH_TOKEN: ***
2026-04-27T04:57:05.9721889Z   HEAD_SHA: 627c1b660d16635264a0998b07fe981810f9569d
2026-04-27T04:57:05.9722222Z   REPO: akarlin3/prismTask
2026-04-27T04:57:05.9722626Z   FALLBACK_REQUIRED: lint-and-test
connected-tests
test
web-lint-and-test

2026-04-27T04:57:05.9723278Z ##[endgroup]
2026-04-27T04:57:06.1741456Z Waiting until these required checks queue:
2026-04-27T04:57:06.1754584Z   {"message":"Resource not accessible by integration","documentation_url":"https://docs.github.com/rest/branches/branch-protection#get-status-checks-protection","status":"403"}
2026-04-27T04:57:06.5604223Z Still waiting for: {message:Resource not accessible by integration,documentation_url:https://docs.github.com/rest/branches/branch-protection#get-status-checks-protection,status:403} (attempt 1/30)
2026-04-27T04:57:16.9434599Z Still waiting for: {message:Resource not accessible by integration,documentation_url:https://docs.github.com/rest/branches/branch-protection#get-status-checks-protection,status:403} (attempt 2/30)
2026-04-27T04:57:27.3190276Z Still waiting for: {message:Resource not accessible by integration,documentation_url:https://docs.github.com/rest/branches/branch-protection#get-status-checks-protection,status:403} (attempt 3/30)
2026-04-27T04:57:37.7338698Z Still waiting for: {message:Resource not accessible by integration,documentation_url:https://docs.github.com/rest/branches/branch-protection#get-status-checks-protection,status:403} (attempt 4/30)
2026-04-27T04:57:48.1621476Z Still waiting for: {message:Resource not accessible by integration,documentation_url:https://docs.github.com/rest/branches/branch-protection#get-status-checks-protection,status:403} (attempt 5/30)
2026-04-27T04:57:58.6218312Z Still waiting for: {message:Resource not accessible by integration,documentation_url:https://docs.github.com/rest/branches/branch-protection#get-status-checks-protection,status:403} (attempt 6/30)
2026-04-27T04:58:09.0222316Z Still waiting for: {message:Resource not accessible by integration,documentation_url:https://docs.github.com/rest/branches/branch-protection#get-status-checks-protection,status:403} (attempt 7/30)
2026-04-27T04:58:19.4981025Z Still waiting for: {message:Resource not accessible by integration,documentation_url:https://docs.github.com/rest/branches/branch-protection#get-status-checks-protection,status:403} (attempt 8/30)
2026-04-27T04:58:29.9361135Z Still waiting for: {message:Resource not accessible by integration,documentation_url:https://docs.github.com/rest/branches/branch-protection#get-status-checks-protection,status:403} (attempt 9/30)
2026-04-27T04:58:40.4130434Z Still waiting for: {message:Resource not accessible by integration,documentation_url:https://docs.github.com/rest/branches/branch-protection#get-status-checks-protection,status:403} (attempt 10/30)
2026-04-27T04:58:50.8567845Z Still waiting for: {message:Resource not accessible by integration,documentation_url:https://docs.github.com/rest/branches/branch-protection#get-status-checks-protection,status:403} (attempt 11/30)
2026-04-27T04:59:01.3094245Z Still waiting for: {message:Resource not accessible by integration,documentation_url:https://docs.github.com/rest/branches/branch-protection#get-status-checks-protection,status:403} (attempt 12/30)
2026-04-27T04:59:11.7702199Z Still waiting for: {message:Resource not accessible by integration,documentation_url:https://docs.github.com/rest/branches/branch-protection#get-status-checks-protection,status:403} (attempt 13/30)
2026-04-27T04:59:22.2318992Z Still waiting for: {message:Resource not accessible by integration,documentation_url:https://docs.github.com/rest/branches/branch-protection#get-status-checks-protection,status:403} (attempt 14/30)
2026-04-27T04:59:32.6815513Z Still waiting for: {message:Resource not accessible by integration,documentation_url:https://docs.github.com/rest/branches/branch-protection#get-status-checks-protection,status:403} (attempt 15/30)
2026-04-27T04:59:43.1114996Z Still waiting for: {message:Resource not accessible by integration,documentation_url:https://docs.github.com/rest/branches/branch-protection#get-status-checks-protection,status:403} (attempt 16/30)
2026-04-27T04:59:53.5491860Z Still waiting for: {message:Resource not accessible by integration,documentation_url:https://docs.github.com/rest/branches/branch-protection#get-status-checks-protection,status:403} (attempt 17/30)
2026-04-27T05:00:03.9930157Z Still waiting for: {message:Resource not accessible by integration,documentation_url:https://docs.github.com/rest/branches/branch-protection#get-status-checks-protection,status:403} (attempt 18/30)
2026-04-27T05:00:14.4265967Z Still waiting for: {message:Resource not accessible by integration,documentation_url:https://docs.github.com/rest/branches/branch-protection#get-status-checks-protection,status:403} (attempt 19/30)
2026-04-27T05:00:24.8669327Z Still waiting for: {message:Resource not accessible by integration,documentation_url:https://docs.github.com/rest/branches/branch-protection#get-status-checks-protection,status:403} (attempt 20/30)
2026-04-27T05:00:35.2597288Z Still waiting for: {message:Resource not accessible by integration,documentation_url:https://docs.github.com/rest/branches/branch-protection#get-status-checks-protection,status:403} (attempt 21/30)
2026-04-27T05:00:45.6844618Z Still waiting for: {message:Resource not accessible by integration,documentation_url:https://docs.github.com/rest/branches/branch-protection#get-status-checks-protection,status:403} (attempt 22/30)
2026-04-27T05:00:56.1314224Z Still waiting for: {message:Resource not accessible by integration,documentation_url:https://docs.github.com/rest/branches/branch-protection#get-status-checks-protection,status:403} (attempt 23/30)
2026-04-27T05:01:06.6096417Z Still waiting for: {message:Resource not accessible by integration,documentation_url:https://docs.github.com/rest/branches/branch-protection#get-status-checks-protection,status:403} (attempt 24/30)
2026-04-27T05:01:17.0679437Z Still waiting for: {message:Resource not accessible by integration,documentation_url:https://docs.github.com/rest/branches/branch-protection#get-status-checks-protection,status:403} (attempt 25/30)
2026-04-27T05:01:27.4970992Z Still waiting for: {message:Resource not accessible by integration,documentation_url:https://docs.github.com/rest/branches/branch-protection#get-status-checks-protection,status:403} (attempt 26/30)
2026-04-27T05:01:37.8639939Z Still waiting for: {message:Resource not accessible by integration,documentation_url:https://docs.github.com/rest/branches/branch-protection#get-status-checks-protection,status:403} (attempt 27/30)
2026-04-27T05:01:48.2958653Z Still waiting for: {message:Resource not accessible by integration,documentation_url:https://docs.github.com/rest/branches/branch-protection#get-status-checks-protection,status:403} (attempt 28/30)
2026-04-27T05:01:58.7028443Z Still waiting for: {message:Resource not accessible by integration,documentation_url:https://docs.github.com/rest/branches/branch-protection#get-status-checks-protection,status:403} (attempt 29/30)
2026-04-27T05:02:09.1112550Z Still waiting for: {message:Resource not accessible by integration,documentation_url:https://docs.github.com/rest/branches/branch-protection#get-status-checks-protection,status:403} (attempt 30/30)
2026-04-27T05:02:19.1159456Z ##[warning]Some required checks never queued after 5 min: {message:Resource not accessible by integration,documentation_url:https://docs.github.com/rest/branches/branch-protection#get-status-checks-protection,status:403} — proceeding to wait-on-check-action anyway.
2026-04-27T05:02:19.1372713Z ##[group]Run lewagon/wait-on-check-action@ccfb013c15c8afb7bf2b7c028fb74dc5a068cccc
2026-04-27T05:02:19.1373121Z with:
2026-04-27T05:02:19.1373319Z   ref: 627c1b660d16635264a0998b07fe981810f9569d
2026-04-27T05:02:19.1373596Z   running-workflow-name: Auto-merge
2026-04-27T05:02:19.1374023Z   repo-token: ***
2026-04-27T05:02:19.1374211Z   wait-interval: 30
2026-04-27T05:02:19.1374438Z   allowed-conclusions: success,skipped,neutral
2026-04-27T05:02:19.1374698Z   verbose: true
2026-04-27T05:02:19.1374858Z env:
2026-04-27T05:02:19.1375005Z   WAIT_INTERVAL: 30
2026-04-27T05:02:19.1375175Z ##[endgroup]
2026-04-27T05:02:19.1498934Z ##[group]Run ruby/setup-ruby@v1
2026-04-27T05:02:19.1499168Z with:
2026-04-27T05:02:19.1499547Z   ruby-version: 3.2
2026-04-27T05:02:19.1499745Z   bundler-cache: false
2026-04-27T05:02:19.1500070Z   token: ***
2026-04-27T05:02:19.1500234Z env:
2026-04-27T05:02:19.1500384Z   WAIT_INTERVAL: 30
2026-04-27T05:02:19.1500562Z ##[endgroup]
2026-04-27T05:02:19.2708859Z ##[group]Modifying PATH
2026-04-27T05:02:19.2709387Z Entries added to PATH to use selected Ruby:
2026-04-27T05:02:19.2710071Z   /opt/hostedtoolcache/Ruby/3.2.11/x64/bin
2026-04-27T05:02:19.2713848Z ##[endgroup]
2026-04-27T05:02:19.2714665Z ##[group]Print Ruby version
2026-04-27T05:02:19.2755165Z [command]/opt/hostedtoolcache/Ruby/3.2.11/x64/bin/ruby --version
2026-04-27T05:02:19.4296352Z ruby 3.2.11 (2026-03-27 revision 5483bfc1ae) [x86_64-linux]
2026-04-27T05:02:19.4325263Z Took   0.16 seconds
2026-04-27T05:02:19.4325973Z ##[endgroup]
2026-04-27T05:02:19.4328560Z ##[group]Installing Bundler
2026-04-27T05:02:19.4331290Z Using Bundler shipped with ruby-3.2.11
2026-04-27T05:02:19.4332317Z Took   0.00 seconds
2026-04-27T05:02:19.4333003Z ##[endgroup]
2026-04-27T05:02:19.4946126Z ##[group]Run actions/cache@v4
2026-04-27T05:02:19.4946375Z with:
2026-04-27T05:02:19.4946785Z   path: /home/runner/work/_actions/lewagon/wait-on-check-action/ccfb013c15c8afb7bf2b7c028fb74dc5a068cccc
2026-04-27T05:02:19.4947577Z   key: Linux-gems-
2026-04-27T05:02:19.4947774Z   restore-keys: Linux-gems-
2026-04-27T05:02:19.4948002Z   enableCrossOsArchive: false
2026-04-27T05:02:19.4948225Z   fail-on-cache-miss: false
2026-04-27T05:02:19.4948421Z   lookup-only: false
2026-04-27T05:02:19.4948611Z   save-always: false
2026-04-27T05:02:19.4948776Z env:
2026-04-27T05:02:19.4948931Z   WAIT_INTERVAL: 30
2026-04-27T05:02:19.4949104Z ##[endgroup]
2026-04-27T05:02:19.7336488Z Cache not found for input keys: Linux-gems-, Linux-gems-
2026-04-27T05:02:19.7413601Z ##[group]Run bundle install --jobs 4 --retry 3
2026-04-27T05:02:19.7413916Z [36;1mbundle install --jobs 4 --retry 3[0m
2026-04-27T05:02:19.7436433Z shell: /usr/bin/bash --noprofile --norc -e -o pipefail {0}
2026-04-27T05:02:19.7436764Z env:
2026-04-27T05:02:19.7437203Z   WAIT_INTERVAL: 30
2026-04-27T05:02:19.7437430Z ##[endgroup]
2026-04-27T05:02:20.6715371Z Bundler 2.4.19 is running, but your lockfile was generated with 2.2.3. Installing Bundler 2.2.3 and restarting using that version.
2026-04-27T05:02:21.9389569Z Fetching gem metadata from https://rubygems.org/.
2026-04-27T05:02:21.9462852Z Fetching bundler 2.2.3
2026-04-27T05:02:22.0906553Z Installing bundler 2.2.3
2026-04-27T05:02:22.2803617Z Calling `DidYouMean::SPELL_CHECKERS.merge!(error_name => spell_checker)' has been deprecated. Please call `DidYouMean.correct_error(error_name, spell_checker)' instead.
2026-04-27T05:02:23.5071196Z Fetching gem metadata from https://rubygems.org/.........
2026-04-27T05:02:23.5163855Z Fetching public_suffix 4.0.7
2026-04-27T05:02:23.5228431Z Fetching concurrent-ruby 1.2.2
2026-04-27T05:02:23.5667832Z Fetching zeitwerk 2.6.7
2026-04-27T05:02:23.5673226Z Fetching minitest 5.18.0
2026-04-27T05:02:23.6284599Z Installing zeitwerk 2.6.7
2026-04-27T05:02:23.6420551Z Installing minitest 5.18.0
2026-04-27T05:02:23.6608682Z Installing public_suffix 4.0.7
2026-04-27T05:02:23.6875164Z Fetching ast 2.4.2
2026-04-27T05:02:23.7247918Z Installing ast 2.4.2
2026-04-27T05:02:23.7261756Z Installing concurrent-ruby 1.2.2
2026-04-27T05:02:23.7364033Z Using bundler 2.2.3
2026-04-27T05:02:23.7395835Z Fetching byebug 11.1.3
2026-04-27T05:02:23.7667008Z Fetching diff-lcs 1.4.4
2026-04-27T05:02:23.8107836Z Installing byebug 11.1.3 with native extensions
2026-04-27T05:02:23.8168485Z Installing diff-lcs 1.4.4
2026-04-27T05:02:23.8455359Z Fetching faraday-net_http 2.0.3
2026-04-27T05:02:23.8821338Z Installing faraday-net_http 2.0.3
2026-04-27T05:02:23.8954061Z Using ruby2_keywords 0.0.5
2026-04-27T05:02:23.8965714Z Fetching json 2.7.1
2026-04-27T05:02:23.9424875Z Installing json 2.7.1 with native extensions
2026-04-27T05:02:23.9461939Z Fetching language_server-protocol 3.17.0.3
2026-04-27T05:02:23.9924398Z Installing language_server-protocol 3.17.0.3
2026-04-27T05:02:24.0723934Z Fetching lint_roller 1.1.0
2026-04-27T05:02:24.1310083Z Installing lint_roller 1.1.0
2026-04-27T05:02:24.1480061Z Fetching parallel 1.24.0
2026-04-27T05:02:24.1963073Z Installing parallel 1.24.0
2026-04-27T05:02:24.2033069Z Fetching racc 1.7.3
2026-04-27T05:02:24.2513582Z Installing racc 1.7.3 with native extensions
2026-04-27T05:02:24.2989445Z Fetching rainbow 3.1.1
2026-04-27T05:02:24.3372794Z Installing rainbow 3.1.1
2026-04-27T05:02:24.3463490Z Fetching regexp_parser 2.8.3
2026-04-27T05:02:24.3916220Z Installing regexp_parser 2.8.3
2026-04-27T05:02:24.4138406Z Fetching rexml 3.2.6
2026-04-27T05:02:24.4550998Z Installing rexml 3.2.6
2026-04-27T05:02:24.5534737Z Fetching rspec-support 3.10.1
2026-04-27T05:02:24.5974741Z Installing rspec-support 3.10.1
2026-04-27T05:02:24.6107794Z Fetching ruby-progressbar 1.13.0
2026-04-27T05:02:24.6516684Z Installing ruby-progressbar 1.13.0
2026-04-27T05:02:24.6629004Z Fetching unicode-display_width 2.5.0
2026-04-27T05:02:24.7212226Z Installing unicode-display_width 2.5.0
2026-04-27T05:02:24.7297550Z Fetching addressable 2.8.0
2026-04-27T05:02:24.7945345Z Installing addressable 2.8.0
2026-04-27T05:02:24.8157391Z Fetching faraday 2.3.0
2026-04-27T05:02:24.8800686Z Installing faraday 2.3.0
2026-04-27T05:02:24.9137976Z Fetching i18n 1.12.0
2026-04-27T05:02:24.9727959Z Installing i18n 1.12.0
2026-04-27T05:02:24.9937967Z Fetching tzinfo 2.0.6
2026-04-27T05:02:25.0517170Z Installing tzinfo 2.0.6
2026-04-27T05:02:25.0762155Z Fetching rspec-core 3.10.1
2026-04-27T05:02:25.1227191Z Installing rspec-core 3.10.1
2026-04-27T05:02:25.1497168Z Fetching rspec-expectations 3.10.1
2026-04-27T05:02:25.1879068Z Installing rspec-expectations 3.10.1
2026-04-27T05:02:25.2049976Z Fetching rspec-mocks 3.10.1
2026-04-27T05:02:25.2442325Z Installing rspec-mocks 3.10.1
2026-04-27T05:02:25.2627717Z Fetching faraday-retry 2.0.0
2026-04-27T05:02:25.3148100Z Installing faraday-retry 2.0.0
2026-04-27T05:02:25.3271214Z Fetching sawyer 0.9.2
2026-04-27T05:02:25.3518371Z Fetching activesupport 6.1.7.3
2026-04-27T05:02:25.3829431Z Installing sawyer 0.9.2
2026-04-27T05:02:25.3966151Z Fetching rspec 3.10.0
2026-04-27T05:02:25.4227933Z Installing activesupport 6.1.7.3
2026-04-27T05:02:25.4358180Z Installing rspec 3.10.0
2026-04-27T05:02:25.4467736Z Fetching parser 3.2.2.4
2026-04-27T05:02:25.5865889Z Installing parser 3.2.2.4
2026-04-27T05:02:25.6364174Z Fetching octokit 4.25.0
2026-04-27T05:02:25.7010026Z Installing octokit 4.25.0
2026-04-27T05:02:25.7967456Z Fetching rubocop-ast 1.30.0
2026-04-27T05:02:25.8539594Z Installing rubocop-ast 1.30.0
2026-04-27T05:02:27.1895831Z Fetching rubocop 1.57.2
2026-04-27T05:02:27.2495984Z Installing rubocop 1.57.2
2026-04-27T05:02:27.4189744Z Fetching standard-custom 1.0.2
2026-04-27T05:02:27.4190284Z Fetching rubocop-performance 1.19.1
2026-04-27T05:02:27.4733447Z Installing standard-custom 1.0.2
2026-04-27T05:02:27.4781792Z Installing rubocop-performance 1.19.1
2026-04-27T05:02:27.4954917Z Fetching standard-performance 1.2.1
2026-04-27T05:02:27.5295871Z Installing standard-performance 1.2.1
2026-04-27T05:02:27.5364325Z Fetching standard 1.32.1
2026-04-27T05:02:27.5735545Z Installing standard 1.32.1
2026-04-27T05:02:27.5941126Z Bundle complete! 6 Gemfile dependencies, 40 gems now installed.
2026-04-27T05:02:27.5942057Z Use `bundle info [gemname]` to see where a bundled gem is installed.
2026-04-27T05:02:27.6451165Z ##[group]Run ruby entrypoint.rb
2026-04-27T05:02:27.6451426Z [36;1mruby entrypoint.rb[0m
2026-04-27T05:02:27.6473008Z shell: /usr/bin/bash --noprofile --norc -e -o pipefail {0}
2026-04-27T05:02:27.6473322Z env:
2026-04-27T05:02:27.6473487Z   WAIT_INTERVAL: 30
2026-04-27T05:02:27.6473707Z   ALLOWED_CONCLUSIONS: success,skipped,neutral
2026-04-27T05:02:27.6473972Z   IGNORE_CHECKS: 
2026-04-27T05:02:27.6474138Z   CHECK_NAME: 
2026-04-27T05:02:27.6474299Z   CHECK_REGEXP: 
2026-04-27T05:02:27.6474493Z   REF: 627c1b660d16635264a0998b07fe981810f9569d
2026-04-27T05:02:27.6474946Z   REPO_TOKEN: ***
2026-04-27T05:02:27.6475129Z   VERBOSE: true
2026-04-27T05:02:27.6475488Z   RUNNING_WORKFLOW_NAME: Auto-merge
2026-04-27T05:02:27.6475714Z   API_ENDPOINT: 
2026-04-27T05:02:27.6475886Z ##[endgroup]
2026-04-27T05:02:28.4959863Z Checks running on ref:
2026-04-27T05:02:28.4962079Z Checks completed: capture-failure-log, e2e, capture-failure-log, capture-failure-log, firebase-distribute, capture-failure-log, cross-device-tests, connected-tests, autofix, lint-and-test, web-lint-and-test, test, maybe-label
2026-04-27T05:02:28.4964432Z Checks in_progress: Auto-merge
2026-04-27T05:02:28.4964955Z Checks after ignore checks filter:
2026-04-27T05:02:28.4966329Z Checks completed: capture-failure-log, e2e, capture-failure-log, capture-failure-log, firebase-distribute, capture-failure-log, cross-device-tests, connected-tests, autofix, lint-and-test, web-lint-and-test, test, maybe-label
2026-04-27T05:02:28.4967700Z Checks after check_name filter:
2026-04-27T05:02:28.4968675Z Checks completed: capture-failure-log, e2e, capture-failure-log, capture-failure-log, firebase-distribute, capture-failure-log, cross-device-tests, connected-tests, autofix, lint-and-test, web-lint-and-test, test, maybe-label
2026-04-27T05:02:28.4969672Z Checks after Regexp filter:
2026-04-27T05:02:28.4970615Z Checks completed: capture-failure-log, e2e, capture-failure-log, capture-failure-log, firebase-distribute, capture-failure-log, cross-device-tests, connected-tests, autofix, lint-and-test, web-lint-and-test, test, maybe-label
2026-04-27T05:02:28.4971599Z Checks completed:
2026-04-27T05:02:28.4971808Z capture-failure-log: completed (skipped)
2026-04-27T05:02:28.4972076Z e2e: completed (cancelled)
2026-04-27T05:02:28.4972315Z capture-failure-log: completed (skipped)
2026-04-27T05:02:28.4972600Z capture-failure-log: completed (skipped)
2026-04-27T05:02:28.4972875Z firebase-distribute: completed (skipped)
2026-04-27T05:02:28.4973151Z capture-failure-log: completed (skipped)
2026-04-27T05:02:28.4973421Z cross-device-tests: completed (skipped)
2026-04-27T05:02:28.4973690Z connected-tests: completed (skipped)
2026-04-27T05:02:28.4973946Z autofix: completed (success)
2026-04-27T05:02:28.4974179Z lint-and-test: completed (success)
2026-04-27T05:02:28.4974438Z web-lint-and-test: completed (success)
2026-04-27T05:02:28.4974696Z test: completed (success)
2026-04-27T05:02:28.4974933Z maybe-label: completed (success)
2026-04-27T05:02:28.4975623Z The conclusion of one or more checks were not allowed. Allowed conclusions are: success, skipped, neutral. This can be configured with the 'allowed-conclusions' param.
2026-04-27T05:02:28.5025644Z ##[error]Process completed with exit code 1.
2026-04-27T05:02:28.5153276Z Post job cleanup.
2026-04-27T05:02:28.5199737Z Cleaning up orphan processes
2026-04-27T05:02:28.5499599Z ##[warning]Node.js 20 actions are deprecated. The following actions are running on Node.js 20 and may not work as expected: actions/cache@v4. Actions will be forced to run with Node.js 24 by default starting June 2nd, 2026. Node.js 20 will be removed from the runner on September 16th, 2026. Please check if updated versions of these actions are available that support Node.js 24. To opt into Node.js 24 now, set the FORCE_JAVASCRIPT_ACTIONS_TO_NODE24=true environment variable on the runner or in your workflow file. Once Node.js 24 becomes the default, you can temporarily opt out by setting ACTIONS_ALLOW_USE_UNSECURE_NODE_VERSION=true. For more information see: https://github.blog/changelog/2025-09-19-deprecation-of-node-20-on-github-actions-runners/
