=== CI FAILURE ===
Workflow:      Auto-merge & Release
Workflow file: akarlin3/prismTask/.github/workflows/auto-merge.yml@refs/pull/504/merge
Job(s):        Auto-merge
Run ID:        24586460884
Run attempt:   1
Run URL:       https://github.com/akarlin3/prismTask/actions/runs/24586460884
Commit:        9168dec20c2ec5357f99906d18117731147a66e0
Branch:        504/merge
Event:         pull_request
Actor:         akarlin3
Runner OS:     Linux
Timestamp:     2026-04-17T21:06:37.793Z

Failed steps:
  - Auto-merge: #3 Wait for all other CI checks to pass

=== FAILED JOB LOG ===

--- Job: Auto-merge (id 71897178497) ---
2026-04-17T20:59:52.3951048Z Current runner version: '2.333.1'
2026-04-17T20:59:52.3975683Z ##[group]Runner Image Provisioner
2026-04-17T20:59:52.3976452Z Hosted Compute Agent
2026-04-17T20:59:52.3976941Z Version: 20260213.493
2026-04-17T20:59:52.3977620Z Commit: 5c115507f6dd24b8de37d8bbe0bb4509d0cc0fa3
2026-04-17T20:59:52.3978338Z Build Date: 2026-02-13T00:28:41Z
2026-04-17T20:59:52.3978941Z Worker ID: {03dc2fe0-a5de-4c09-ba07-fb3f143a6ccd}
2026-04-17T20:59:52.3979662Z Azure Region: northcentralus
2026-04-17T20:59:52.3980202Z ##[endgroup]
2026-04-17T20:59:52.3981685Z ##[group]Operating System
2026-04-17T20:59:52.3982314Z Ubuntu
2026-04-17T20:59:52.3983227Z 24.04.4
2026-04-17T20:59:52.3983645Z LTS
2026-04-17T20:59:52.3984170Z ##[endgroup]
2026-04-17T20:59:52.3984627Z ##[group]Runner Image
2026-04-17T20:59:52.3985163Z Image: ubuntu-24.04
2026-04-17T20:59:52.3985711Z Version: 20260413.86.1
2026-04-17T20:59:52.3986875Z Included Software: https://github.com/actions/runner-images/blob/ubuntu24/20260413.86/images/ubuntu/Ubuntu2404-Readme.md
2026-04-17T20:59:52.3988354Z Image Release: https://github.com/actions/runner-images/releases/tag/ubuntu24%2F20260413.86
2026-04-17T20:59:52.3989232Z ##[endgroup]
2026-04-17T20:59:52.3990465Z ##[group]GITHUB_TOKEN Permissions
2026-04-17T20:59:52.3992890Z Actions: read
2026-04-17T20:59:52.3993409Z Checks: read
2026-04-17T20:59:52.3993970Z Contents: write
2026-04-17T20:59:52.3994448Z Metadata: read
2026-04-17T20:59:52.3994949Z PullRequests: write
2026-04-17T20:59:52.3995407Z ##[endgroup]
2026-04-17T20:59:52.3997484Z Secret source: Actions
2026-04-17T20:59:52.3998533Z Prepare workflow directory
2026-04-17T20:59:52.4466096Z Prepare all required actions
2026-04-17T20:59:52.4521782Z Getting action download info
2026-04-17T20:59:52.7480853Z Download action repository 'lewagon/wait-on-check-action@ccfb013c15c8afb7bf2b7c028fb74dc5a068cccc' (SHA:ccfb013c15c8afb7bf2b7c028fb74dc5a068cccc)
2026-04-17T20:59:53.2003408Z Getting action download info
2026-04-17T20:59:53.3689978Z Download action repository 'ruby/setup-ruby@v1' (SHA:7372622e62b60b3cb750dcd2b9e32c247ffec26a)
2026-04-17T20:59:53.7507866Z Download action repository 'actions/cache@v4' (SHA:0057852bfaa89a56745cba8c7296529d2fc39830)
2026-04-17T20:59:53.9022314Z Complete job name: Auto-merge
2026-04-17T20:59:53.9711091Z ##[group]Run set -euo pipefail
2026-04-17T20:59:53.9712254Z [36;1mset -euo pipefail[0m
2026-04-17T20:59:53.9713804Z [36;1m# Give GitHub a short grace period to schedule workflow runs for[0m
2026-04-17T20:59:53.9715692Z [36;1m# the head commit. Paths-filtered workflows (android/backend/web CI)[0m
2026-04-17T20:59:53.9717468Z [36;1m# won't run for doc-only or cross-cutting config PRs, so the[0m
2026-04-17T20:59:53.9719235Z [36;1m# wait-on-check-action step below would otherwise hang waiting for[0m
2026-04-17T20:59:53.9720770Z [36;1m# checks that will never appear.[0m
2026-04-17T20:59:53.9721828Z [36;1msleep 20[0m
2026-04-17T20:59:53.9723160Z [36;1mCOUNT=$(gh api "repos/$REPO/commits/$HEAD_SHA/check-runs" \[0m
2026-04-17T20:59:53.9724825Z [36;1m  --jq '[.check_runs[] | select(.name != "Auto-merge")] | length')[0m
2026-04-17T20:59:53.9726441Z [36;1mecho "Non-Auto-merge check runs on head: $COUNT"[0m
2026-04-17T20:59:53.9727751Z [36;1mif [ "$COUNT" -gt 0 ]; then[0m
2026-04-17T20:59:53.9728879Z [36;1m  echo "has_ci=true" >> "$GITHUB_OUTPUT"[0m
2026-04-17T20:59:53.9729990Z [36;1melse[0m
2026-04-17T20:59:53.9730866Z [36;1m  echo "has_ci=false" >> "$GITHUB_OUTPUT"[0m
2026-04-17T20:59:53.9732319Z [36;1m  echo "No CI checks on this PR — will merge without waiting."[0m
2026-04-17T20:59:53.9733780Z [36;1mfi[0m
2026-04-17T20:59:53.9759599Z shell: /usr/bin/bash -e {0}
2026-04-17T20:59:53.9760805Z env:
2026-04-17T20:59:53.9761527Z   WAIT_INTERVAL: 30
2026-04-17T20:59:53.9763067Z   GH_TOKEN: ***
2026-04-17T20:59:53.9764021Z   HEAD_SHA: 76ef8b0e423ee38b4c2dcd75a8a6cb35e32a2ecb
2026-04-17T20:59:53.9765231Z   REPO: akarlin3/prismTask
2026-04-17T20:59:53.9766131Z ##[endgroup]
2026-04-17T21:00:14.3707719Z Non-Auto-merge check runs on head: 5
2026-04-17T21:00:14.3941208Z ##[group]Run lewagon/wait-on-check-action@ccfb013c15c8afb7bf2b7c028fb74dc5a068cccc
2026-04-17T21:00:14.3941714Z with:
2026-04-17T21:00:14.3941985Z   ref: 76ef8b0e423ee38b4c2dcd75a8a6cb35e32a2ecb
2026-04-17T21:00:14.3942325Z   running-workflow-name: Auto-merge
2026-04-17T21:00:14.3943197Z   repo-token: ***
2026-04-17T21:00:14.3943443Z   wait-interval: 30
2026-04-17T21:00:14.3943709Z   allowed-conclusions: success,skipped
2026-04-17T21:00:14.3944004Z   verbose: true
2026-04-17T21:00:14.3944223Z env:
2026-04-17T21:00:14.3944420Z   WAIT_INTERVAL: 30
2026-04-17T21:00:14.3944652Z ##[endgroup]
2026-04-17T21:00:14.4079367Z ##[group]Run ruby/setup-ruby@v1
2026-04-17T21:00:14.4079676Z with:
2026-04-17T21:00:14.4079894Z   ruby-version: 3.2
2026-04-17T21:00:14.4080153Z   bundler-cache: false
2026-04-17T21:00:14.4080542Z   token: ***
2026-04-17T21:00:14.4080752Z env:
2026-04-17T21:00:14.4080954Z   WAIT_INTERVAL: 30
2026-04-17T21:00:14.4081176Z ##[endgroup]
2026-04-17T21:00:14.5488882Z ##[group]Modifying PATH
2026-04-17T21:00:14.5489531Z Entries added to PATH to use selected Ruby:
2026-04-17T21:00:14.5490727Z   /opt/hostedtoolcache/Ruby/3.2.11/x64/bin
2026-04-17T21:00:14.5495365Z ##[endgroup]
2026-04-17T21:00:14.5496485Z ##[group]Print Ruby version
2026-04-17T21:00:14.5583791Z [command]/opt/hostedtoolcache/Ruby/3.2.11/x64/bin/ruby --version
2026-04-17T21:00:14.7754425Z ruby 3.2.11 (2026-03-27 revision 5483bfc1ae) [x86_64-linux]
2026-04-17T21:00:14.7766996Z Took   0.23 seconds
2026-04-17T21:00:14.7768532Z ##[endgroup]
2026-04-17T21:00:14.7770708Z ##[group]Installing Bundler
2026-04-17T21:00:14.7775091Z Using Bundler shipped with ruby-3.2.11
2026-04-17T21:00:14.7776517Z Took   0.00 seconds
2026-04-17T21:00:14.7777546Z ##[endgroup]
2026-04-17T21:00:14.8421500Z ##[group]Run actions/cache@v4
2026-04-17T21:00:14.8421816Z with:
2026-04-17T21:00:14.8488579Z   path: /home/runner/work/_actions/lewagon/wait-on-check-action/ccfb013c15c8afb7bf2b7c028fb74dc5a068cccc
2026-04-17T21:00:14.8489227Z   key: Linux-gems-
2026-04-17T21:00:14.8489478Z   restore-keys: Linux-gems-
2026-04-17T21:00:14.8489747Z   enableCrossOsArchive: false
2026-04-17T21:00:14.8490072Z   fail-on-cache-miss: false
2026-04-17T21:00:14.8490349Z   lookup-only: false
2026-04-17T21:00:14.8490607Z   save-always: false
2026-04-17T21:00:14.8490849Z env:
2026-04-17T21:00:14.8491064Z   WAIT_INTERVAL: 30
2026-04-17T21:00:14.8491285Z ##[endgroup]
2026-04-17T21:00:15.0913176Z Cache not found for input keys: Linux-gems-, Linux-gems-
2026-04-17T21:00:15.1036550Z ##[group]Run bundle install --jobs 4 --retry 3
2026-04-17T21:00:15.1036903Z [36;1mbundle install --jobs 4 --retry 3[0m
2026-04-17T21:00:15.1060210Z shell: /usr/bin/bash --noprofile --norc -e -o pipefail {0}
2026-04-17T21:00:15.1060539Z env:
2026-04-17T21:00:15.1060705Z   WAIT_INTERVAL: 30
2026-04-17T21:00:15.1060900Z ##[endgroup]
2026-04-17T21:00:16.4060080Z Bundler 2.4.19 is running, but your lockfile was generated with 2.2.3. Installing Bundler 2.2.3 and restarting using that version.
2026-04-17T21:00:18.0199498Z Fetching gem metadata from https://rubygems.org/.
2026-04-17T21:00:18.0282461Z Fetching bundler 2.2.3
2026-04-17T21:00:18.2175739Z Installing bundler 2.2.3
2026-04-17T21:00:18.4095763Z Calling `DidYouMean::SPELL_CHECKERS.merge!(error_name => spell_checker)' has been deprecated. Please call `DidYouMean.correct_error(error_name, spell_checker)' instead.
2026-04-17T21:00:19.6812254Z Fetching gem metadata from https://rubygems.org/.........
2026-04-17T21:00:19.6912887Z Fetching zeitwerk 2.6.7
2026-04-17T21:00:19.6917880Z Fetching minitest 5.18.0
2026-04-17T21:00:19.7214826Z Fetching concurrent-ruby 1.2.2
2026-04-17T21:00:19.7218488Z Fetching public_suffix 4.0.7
2026-04-17T21:00:19.8159600Z Installing zeitwerk 2.6.7
2026-04-17T21:00:19.8282277Z Installing public_suffix 4.0.7
2026-04-17T21:00:19.8286384Z Installing minitest 5.18.0
2026-04-17T21:00:19.8863272Z Fetching ast 2.4.2
2026-04-17T21:00:19.9111731Z Installing concurrent-ruby 1.2.2
2026-04-17T21:00:19.9252691Z Installing ast 2.4.2
2026-04-17T21:00:19.9260059Z Using bundler 2.2.3
2026-04-17T21:00:19.9274985Z Fetching byebug 11.1.3
2026-04-17T21:00:19.9681679Z Fetching diff-lcs 1.4.4
2026-04-17T21:00:19.9962707Z Fetching faraday-net_http 2.0.3
2026-04-17T21:00:20.0257798Z Installing byebug 11.1.3 with native extensions
2026-04-17T21:00:20.0355994Z Installing faraday-net_http 2.0.3
2026-04-17T21:00:20.0599284Z Installing diff-lcs 1.4.4
2026-04-17T21:00:20.0676711Z Using ruby2_keywords 0.0.5
2026-04-17T21:00:20.0689260Z Fetching json 2.7.1
2026-04-17T21:00:20.1146038Z Installing json 2.7.1 with native extensions
2026-04-17T21:00:20.1546291Z Fetching language_server-protocol 3.17.0.3
2026-04-17T21:00:20.2023823Z Installing language_server-protocol 3.17.0.3
2026-04-17T21:00:20.2764617Z Fetching lint_roller 1.1.0
2026-04-17T21:00:20.3332011Z Installing lint_roller 1.1.0
2026-04-17T21:00:20.3473294Z Fetching parallel 1.24.0
2026-04-17T21:00:20.4080777Z Installing parallel 1.24.0
2026-04-17T21:00:20.4181004Z Fetching racc 1.7.3
2026-04-17T21:00:20.4662133Z Installing racc 1.7.3 with native extensions
2026-04-17T21:00:20.5117718Z Fetching rainbow 3.1.1
2026-04-17T21:00:20.5513188Z Installing rainbow 3.1.1
2026-04-17T21:00:20.5630083Z Fetching regexp_parser 2.8.3
2026-04-17T21:00:20.6144756Z Installing regexp_parser 2.8.3
2026-04-17T21:00:20.7116213Z Fetching rexml 3.2.6
2026-04-17T21:00:20.7583666Z Installing rexml 3.2.6
2026-04-17T21:00:20.7841654Z Fetching rspec-support 3.10.1
2026-04-17T21:00:20.8253087Z Installing rspec-support 3.10.1
2026-04-17T21:00:20.8379997Z Fetching ruby-progressbar 1.13.0
2026-04-17T21:00:20.8821369Z Installing ruby-progressbar 1.13.0
2026-04-17T21:00:20.8966932Z Fetching unicode-display_width 2.5.0
2026-04-17T21:00:20.9349897Z Installing unicode-display_width 2.5.0
2026-04-17T21:00:20.9418620Z Fetching addressable 2.8.0
2026-04-17T21:00:20.9875173Z Installing addressable 2.8.0
2026-04-17T21:00:21.0039753Z Fetching faraday 2.3.0
2026-04-17T21:00:21.0633365Z Installing faraday 2.3.0
2026-04-17T21:00:21.0963380Z Fetching i18n 1.12.0
2026-04-17T21:00:21.1583405Z Installing i18n 1.12.0
2026-04-17T21:00:21.1776150Z Fetching tzinfo 2.0.6
2026-04-17T21:00:21.2443516Z Installing tzinfo 2.0.6
2026-04-17T21:00:21.2723549Z Fetching rspec-core 3.10.1
2026-04-17T21:00:21.3393598Z Installing rspec-core 3.10.1
2026-04-17T21:00:21.3783352Z Fetching rspec-expectations 3.10.1
2026-04-17T21:00:21.4480402Z Installing rspec-expectations 3.10.1
2026-04-17T21:00:21.4656903Z Fetching rspec-mocks 3.10.1
2026-04-17T21:00:21.5036669Z Installing rspec-mocks 3.10.1
2026-04-17T21:00:21.5208562Z Fetching faraday-retry 2.0.0
2026-04-17T21:00:21.5777100Z Installing faraday-retry 2.0.0
2026-04-17T21:00:21.5886458Z Fetching sawyer 0.9.2
2026-04-17T21:00:21.6169997Z Fetching activesupport 6.1.7.3
2026-04-17T21:00:21.6459971Z Installing sawyer 0.9.2
2026-04-17T21:00:21.6568077Z Fetching rspec 3.10.0
2026-04-17T21:00:21.6899870Z Installing activesupport 6.1.7.3
2026-04-17T21:00:21.7008373Z Installing rspec 3.10.0
2026-04-17T21:00:21.7104170Z Fetching parser 3.2.2.4
2026-04-17T21:00:21.8363915Z Installing parser 3.2.2.4
2026-04-17T21:00:21.8541220Z Fetching octokit 4.25.0
2026-04-17T21:00:21.8970730Z Installing octokit 4.25.0
2026-04-17T21:00:21.9890543Z Fetching rubocop-ast 1.30.0
2026-04-17T21:00:22.0300713Z Installing rubocop-ast 1.30.0
2026-04-17T21:00:23.5146563Z Fetching rubocop 1.57.2
2026-04-17T21:00:23.5730401Z Installing rubocop 1.57.2
2026-04-17T21:00:23.7469169Z Fetching standard-custom 1.0.2
2026-04-17T21:00:23.7470139Z Fetching rubocop-performance 1.19.1
2026-04-17T21:00:23.8044960Z Installing standard-custom 1.0.2
2026-04-17T21:00:23.8062809Z Installing rubocop-performance 1.19.1
2026-04-17T21:00:23.8990861Z Fetching standard-performance 1.2.1
2026-04-17T21:00:23.9341469Z Installing standard-performance 1.2.1
2026-04-17T21:00:23.9438189Z Fetching standard 1.32.1
2026-04-17T21:00:23.9861551Z Installing standard 1.32.1
2026-04-17T21:00:24.0084266Z Bundle complete! 6 Gemfile dependencies, 40 gems now installed.
2026-04-17T21:00:24.0085303Z Use `bundle info [gemname]` to see where a bundled gem is installed.
2026-04-17T21:00:24.0666551Z ##[group]Run ruby entrypoint.rb
2026-04-17T21:00:24.0666838Z [36;1mruby entrypoint.rb[0m
2026-04-17T21:00:24.0688429Z shell: /usr/bin/bash --noprofile --norc -e -o pipefail {0}
2026-04-17T21:00:24.0688764Z env:
2026-04-17T21:00:24.0688928Z   WAIT_INTERVAL: 30
2026-04-17T21:00:24.0689142Z   ALLOWED_CONCLUSIONS: success,skipped
2026-04-17T21:00:24.0689391Z   IGNORE_CHECKS: 
2026-04-17T21:00:24.0689573Z   CHECK_NAME: 
2026-04-17T21:00:24.0689742Z   CHECK_REGEXP: 
2026-04-17T21:00:24.0689958Z   REF: 76ef8b0e423ee38b4c2dcd75a8a6cb35e32a2ecb
2026-04-17T21:00:24.0690462Z   REPO_TOKEN: ***
2026-04-17T21:00:24.0690649Z   VERBOSE: true
2026-04-17T21:00:24.0690847Z   RUNNING_WORKFLOW_NAME: Auto-merge
2026-04-17T21:00:24.0691089Z   API_ENDPOINT: 
2026-04-17T21:00:24.0691277Z ##[endgroup]
2026-04-17T21:04:58.3218831Z Checks running on ref:
2026-04-17T21:04:58.3219361Z Checks queued: capture-failure-log
2026-04-17T21:04:58.3221492Z Checks completed: e2e, Version Bump, Build & Firebase Distribute, lint-and-test
2026-04-17T21:04:58.3222653Z Checks in_progress: lint-and-test, autofix, test, Auto-merge
2026-04-17T21:04:58.3223217Z Checks after ignore checks filter:
2026-04-17T21:04:58.3223628Z Checks queued: capture-failure-log
2026-04-17T21:04:58.3224250Z Checks completed: e2e, Version Bump, Build & Firebase Distribute, lint-and-test
2026-04-17T21:04:58.3224955Z Checks in_progress: lint-and-test, autofix, test
2026-04-17T21:04:58.3225430Z Checks after check_name filter:
2026-04-17T21:04:58.3225818Z Checks queued: capture-failure-log
2026-04-17T21:04:58.3226427Z Checks completed: e2e, Version Bump, Build & Firebase Distribute, lint-and-test
2026-04-17T21:04:58.3227121Z Checks in_progress: lint-and-test, autofix, test
2026-04-17T21:04:58.3227581Z Checks after Regexp filter:
2026-04-17T21:04:58.3227959Z Checks queued: capture-failure-log
2026-04-17T21:04:58.3228556Z Checks completed: e2e, Version Bump, Build & Firebase Distribute, lint-and-test
2026-04-17T21:04:58.3229287Z Checks in_progress: lint-and-test, autofix, test
2026-04-17T21:04:58.3229933Z The requested checks aren't complete yet, will check back in 30 seconds...
2026-04-17T21:04:58.3230392Z Checks running on ref:
2026-04-17T21:04:58.3230898Z Checks completed: capture-failure-log, capture-failure-log, e2e, Version Bump, Build & Firebase Distribute, lint-and-test, test
2026-04-17T21:04:58.3231494Z Checks in_progress: lint-and-test, autofix, Auto-merge
2026-04-17T21:04:58.3231791Z Checks after ignore checks filter:
2026-04-17T21:04:58.3232315Z Checks completed: capture-failure-log, capture-failure-log, e2e, Version Bump, Build & Firebase Distribute, lint-and-test, test
2026-04-17T21:04:58.3233159Z Checks in_progress: lint-and-test, autofix
2026-04-17T21:04:58.3233418Z Checks after check_name filter:
2026-04-17T21:04:58.3233936Z Checks completed: capture-failure-log, capture-failure-log, e2e, Version Bump, Build & Firebase Distribute, lint-and-test, test
2026-04-17T21:04:58.3234494Z Checks in_progress: lint-and-test, autofix
2026-04-17T21:04:58.3234751Z Checks after Regexp filter:
2026-04-17T21:04:58.3235252Z Checks completed: capture-failure-log, capture-failure-log, e2e, Version Bump, Build & Firebase Distribute, lint-and-test, test
2026-04-17T21:04:58.3235824Z Checks in_progress: lint-and-test, autofix
2026-04-17T21:04:58.3236180Z The requested checks aren't complete yet, will check back in 30 seconds...
2026-04-17T21:04:58.3236526Z Checks running on ref:
2026-04-17T21:04:58.3237013Z Checks completed: capture-failure-log, capture-failure-log, e2e, Version Bump, Build & Firebase Distribute, lint-and-test, test
2026-04-17T21:04:58.3237590Z Checks in_progress: lint-and-test, autofix, Auto-merge
2026-04-17T21:04:58.3237909Z Checks after ignore checks filter:
2026-04-17T21:04:58.3238482Z Checks completed: capture-failure-log, capture-failure-log, e2e, Version Bump, Build & Firebase Distribute, lint-and-test, test
2026-04-17T21:04:58.3239028Z Checks in_progress: lint-and-test, autofix
2026-04-17T21:04:58.3239542Z Checks after check_name filter:
2026-04-17T21:04:58.3240188Z Checks completed: capture-failure-log, capture-failure-log, e2e, Version Bump, Build & Firebase Distribute, lint-and-test, test
2026-04-17T21:04:58.3240741Z Checks in_progress: lint-and-test, autofix
2026-04-17T21:04:58.3240985Z Checks after Regexp filter:
2026-04-17T21:04:58.3241474Z Checks completed: capture-failure-log, capture-failure-log, e2e, Version Bump, Build & Firebase Distribute, lint-and-test, test
2026-04-17T21:04:58.3242015Z Checks in_progress: lint-and-test, autofix
2026-04-17T21:04:58.3242570Z The requested checks aren't complete yet, will check back in 30 seconds...
2026-04-17T21:04:58.3242954Z Checks running on ref:
2026-04-17T21:04:58.3243460Z Checks completed: capture-failure-log, capture-failure-log, e2e, Version Bump, Build & Firebase Distribute, lint-and-test, autofix, test
2026-04-17T21:04:58.3244058Z Checks in_progress: lint-and-test, Auto-merge
2026-04-17T21:04:58.3244323Z Checks after ignore checks filter:
2026-04-17T21:04:58.3244872Z Checks completed: capture-failure-log, capture-failure-log, e2e, Version Bump, Build & Firebase Distribute, lint-and-test, autofix, test
2026-04-17T21:04:58.3245457Z Checks in_progress: lint-and-test
2026-04-17T21:04:58.3245684Z Checks after check_name filter:
2026-04-17T21:04:58.3246214Z Checks completed: capture-failure-log, capture-failure-log, e2e, Version Bump, Build & Firebase Distribute, lint-and-test, autofix, test
2026-04-17T21:04:58.3246772Z Checks in_progress: lint-and-test
2026-04-17T21:04:58.3246999Z Checks after Regexp filter:
2026-04-17T21:04:58.3247510Z Checks completed: capture-failure-log, capture-failure-log, e2e, Version Bump, Build & Firebase Distribute, lint-and-test, autofix, test
2026-04-17T21:04:58.3248069Z Checks in_progress: lint-and-test
2026-04-17T21:04:58.3248398Z The requested checks aren't complete yet, will check back in 30 seconds...
2026-04-17T21:04:58.3248739Z Checks running on ref:
2026-04-17T21:04:58.3249242Z Checks completed: capture-failure-log, capture-failure-log, e2e, Version Bump, Build & Firebase Distribute, lint-and-test, autofix, test
2026-04-17T21:04:58.3249822Z Checks in_progress: lint-and-test, Auto-merge
2026-04-17T21:04:58.3250089Z Checks after ignore checks filter:
2026-04-17T21:04:58.3250617Z Checks completed: capture-failure-log, capture-failure-log, e2e, Version Bump, Build & Firebase Distribute, lint-and-test, autofix, test
2026-04-17T21:04:58.3251178Z Checks in_progress: lint-and-test
2026-04-17T21:04:58.3251404Z Checks after check_name filter:
2026-04-17T21:04:58.3251919Z Checks completed: capture-failure-log, capture-failure-log, e2e, Version Bump, Build & Firebase Distribute, lint-and-test, autofix, test
2026-04-17T21:04:58.3252728Z Checks in_progress: lint-and-test
2026-04-17T21:04:58.3252961Z Checks after Regexp filter:
2026-04-17T21:04:58.3253504Z Checks completed: capture-failure-log, capture-failure-log, e2e, Version Bump, Build & Firebase Distribute, lint-and-test, autofix, test
2026-04-17T21:04:58.3254079Z Checks in_progress: lint-and-test
2026-04-17T21:04:58.3254423Z The requested checks aren't complete yet, will check back in 30 seconds...
2026-04-17T21:04:58.3254775Z Checks running on ref:
2026-04-17T21:04:58.3255282Z Checks completed: capture-failure-log, capture-failure-log, e2e, Version Bump, Build & Firebase Distribute, lint-and-test, autofix, test
2026-04-17T21:04:58.3255875Z Checks in_progress: lint-and-test, Auto-merge
2026-04-17T21:04:58.3256144Z Checks after ignore checks filter:
2026-04-17T21:04:58.3256687Z Checks completed: capture-failure-log, capture-failure-log, e2e, Version Bump, Build & Firebase Distribute, lint-and-test, autofix, test
2026-04-17T21:04:58.3257247Z Checks in_progress: lint-and-test
2026-04-17T21:04:58.3257477Z Checks after check_name filter:
2026-04-17T21:04:58.3258005Z Checks completed: capture-failure-log, capture-failure-log, e2e, Version Bump, Build & Firebase Distribute, lint-and-test, autofix, test
2026-04-17T21:04:58.3258578Z Checks in_progress: lint-and-test
2026-04-17T21:04:58.3258941Z Checks after Regexp filter:
2026-04-17T21:04:58.3259570Z Checks completed: capture-failure-log, capture-failure-log, e2e, Version Bump, Build & Firebase Distribute, lint-and-test, autofix, test
2026-04-17T21:04:58.3260126Z Checks in_progress: lint-and-test
2026-04-17T21:04:58.3260453Z The requested checks aren't complete yet, will check back in 30 seconds...
2026-04-17T21:04:58.3260793Z Checks running on ref:
2026-04-17T21:04:58.3261295Z Checks completed: capture-failure-log, capture-failure-log, e2e, Version Bump, Build & Firebase Distribute, lint-and-test, autofix, test
2026-04-17T21:04:58.3261874Z Checks in_progress: lint-and-test, Auto-merge
2026-04-17T21:04:58.3262141Z Checks after ignore checks filter:
2026-04-17T21:04:58.3262974Z Checks completed: capture-failure-log, capture-failure-log, e2e, Version Bump, Build & Firebase Distribute, lint-and-test, autofix, test
2026-04-17T21:04:58.3263551Z Checks in_progress: lint-and-test
2026-04-17T21:04:58.3263783Z Checks after check_name filter:
2026-04-17T21:04:58.3264314Z Checks completed: capture-failure-log, capture-failure-log, e2e, Version Bump, Build & Firebase Distribute, lint-and-test, autofix, test
2026-04-17T21:04:58.3264884Z Checks in_progress: lint-and-test
2026-04-17T21:04:58.3265105Z Checks after Regexp filter:
2026-04-17T21:04:58.3265624Z Checks completed: capture-failure-log, capture-failure-log, e2e, Version Bump, Build & Firebase Distribute, lint-and-test, autofix, test
2026-04-17T21:04:58.3266185Z Checks in_progress: lint-and-test
2026-04-17T21:04:58.3266512Z The requested checks aren't complete yet, will check back in 30 seconds...
2026-04-17T21:04:58.3266857Z Checks running on ref:
2026-04-17T21:04:58.3267360Z Checks completed: capture-failure-log, capture-failure-log, e2e, Version Bump, Build & Firebase Distribute, lint-and-test, autofix, test
2026-04-17T21:04:58.3267953Z Checks in_progress: lint-and-test, Auto-merge
2026-04-17T21:04:58.3268222Z Checks after ignore checks filter:
2026-04-17T21:04:58.3268758Z Checks completed: capture-failure-log, capture-failure-log, e2e, Version Bump, Build & Firebase Distribute, lint-and-test, autofix, test
2026-04-17T21:04:58.3269325Z Checks in_progress: lint-and-test
2026-04-17T21:04:58.3269544Z Checks after check_name filter:
2026-04-17T21:04:58.3270066Z Checks completed: capture-failure-log, capture-failure-log, e2e, Version Bump, Build & Firebase Distribute, lint-and-test, autofix, test
2026-04-17T21:04:58.3270629Z Checks in_progress: lint-and-test
2026-04-17T21:04:58.3270849Z Checks after Regexp filter:
2026-04-17T21:04:58.3271367Z Checks completed: capture-failure-log, capture-failure-log, e2e, Version Bump, Build & Firebase Distribute, lint-and-test, autofix, test
2026-04-17T21:04:58.3271921Z Checks in_progress: lint-and-test
2026-04-17T21:04:58.3272251Z The requested checks aren't complete yet, will check back in 30 seconds...
2026-04-17T21:04:58.3272887Z Checks running on ref:
2026-04-17T21:04:58.3273403Z Checks completed: capture-failure-log, capture-failure-log, e2e, Version Bump, Build & Firebase Distribute, lint-and-test, autofix, test
2026-04-17T21:04:58.3273991Z Checks in_progress: lint-and-test, Auto-merge
2026-04-17T21:04:58.3274253Z Checks after ignore checks filter:
2026-04-17T21:04:58.3274788Z Checks completed: capture-failure-log, capture-failure-log, e2e, Version Bump, Build & Firebase Distribute, lint-and-test, autofix, test
2026-04-17T21:04:58.3275379Z Checks in_progress: lint-and-test
2026-04-17T21:04:58.3275608Z Checks after check_name filter:
2026-04-17T21:04:58.3276126Z Checks completed: capture-failure-log, capture-failure-log, e2e, Version Bump, Build & Firebase Distribute, lint-and-test, autofix, test
2026-04-17T21:04:58.3276685Z Checks in_progress: lint-and-test
2026-04-17T21:04:58.3276913Z Checks after Regexp filter:
2026-04-17T21:04:58.3277422Z Checks completed: capture-failure-log, capture-failure-log, e2e, Version Bump, Build & Firebase Distribute, lint-and-test, autofix, test
2026-04-17T21:04:58.3277981Z Checks in_progress: lint-and-test
2026-04-17T21:04:58.3278441Z The requested checks aren't complete yet, will check back in 30 seconds...
2026-04-17T21:04:58.3278898Z Checks running on ref:
2026-04-17T21:04:58.3279399Z Checks completed: capture-failure-log, capture-failure-log, e2e, Version Bump, Build & Firebase Distribute, lint-and-test, autofix, test
2026-04-17T21:04:58.3279986Z Checks in_progress: lint-and-test, Auto-merge
2026-04-17T21:06:29.3679620Z Checks after ignore checks filter:
2026-04-17T21:06:29.3681027Z Checks completed: capture-failure-log, capture-failure-log, e2e, Version Bump, Build & Firebase Distribute, lint-and-test, autofix, test
2026-04-17T21:06:29.3682860Z Checks in_progress: lint-and-test
2026-04-17T21:06:29.3683537Z Checks after check_name filter:
2026-04-17T21:06:29.3684917Z Checks completed: capture-failure-log, capture-failure-log, e2e, Version Bump, Build & Firebase Distribute, lint-and-test, autofix, test
2026-04-17T21:06:29.3686342Z Checks in_progress: lint-and-test
2026-04-17T21:06:29.3686884Z Checks after Regexp filter:
2026-04-17T21:06:29.3688072Z Checks completed: capture-failure-log, capture-failure-log, e2e, Version Bump, Build & Firebase Distribute, lint-and-test, autofix, test
2026-04-17T21:06:29.3689334Z Checks in_progress: lint-and-test
2026-04-17T21:06:29.3690199Z The requested checks aren't complete yet, will check back in 30 seconds...
2026-04-17T21:06:29.3691162Z Checks running on ref:
2026-04-17T21:06:29.3692885Z Checks completed: capture-failure-log, capture-failure-log, e2e, Version Bump, Build & Firebase Distribute, lint-and-test, autofix, test
2026-04-17T21:06:29.3693926Z Checks in_progress: lint-and-test, Auto-merge
2026-04-17T21:06:29.3694371Z Checks after ignore checks filter:
2026-04-17T21:06:29.3695329Z Checks completed: capture-failure-log, capture-failure-log, e2e, Version Bump, Build & Firebase Distribute, lint-and-test, autofix, test
2026-04-17T21:06:29.3696179Z Checks in_progress: lint-and-test
2026-04-17T21:06:29.3696513Z Checks after check_name filter:
2026-04-17T21:06:29.3697311Z Checks completed: capture-failure-log, capture-failure-log, e2e, Version Bump, Build & Firebase Distribute, lint-and-test, autofix, test
2026-04-17T21:06:29.3698164Z Checks in_progress: lint-and-test
2026-04-17T21:06:29.3698485Z Checks after Regexp filter:
2026-04-17T21:06:29.3699266Z Checks completed: capture-failure-log, capture-failure-log, e2e, Version Bump, Build & Firebase Distribute, lint-and-test, autofix, test
2026-04-17T21:06:29.3700116Z Checks in_progress: lint-and-test
2026-04-17T21:06:29.3700539Z The requested checks aren't complete yet, will check back in 30 seconds...
2026-04-17T21:06:29.3700915Z Checks running on ref:
2026-04-17T21:06:29.3701460Z Checks completed: capture-failure-log, capture-failure-log, e2e, Version Bump, Build & Firebase Distribute, lint-and-test, autofix, test
2026-04-17T21:06:29.3702096Z Checks in_progress: lint-and-test, Auto-merge
2026-04-17T21:06:29.3702584Z Checks after ignore checks filter:
2026-04-17T21:06:29.3703219Z Checks completed: capture-failure-log, capture-failure-log, e2e, Version Bump, Build & Firebase Distribute, lint-and-test, autofix, test
2026-04-17T21:06:29.3703846Z Checks in_progress: lint-and-test
2026-04-17T21:06:29.3704081Z Checks after check_name filter:
2026-04-17T21:06:29.3704650Z Checks completed: capture-failure-log, capture-failure-log, e2e, Version Bump, Build & Firebase Distribute, lint-and-test, autofix, test
2026-04-17T21:06:29.3705256Z Checks in_progress: lint-and-test
2026-04-17T21:06:29.3705496Z Checks after Regexp filter:
2026-04-17T21:06:29.3706051Z Checks completed: capture-failure-log, capture-failure-log, e2e, Version Bump, Build & Firebase Distribute, lint-and-test, autofix, test
2026-04-17T21:06:29.3706657Z Checks in_progress: lint-and-test
2026-04-17T21:06:29.3707010Z The requested checks aren't complete yet, will check back in 30 seconds...
2026-04-17T21:06:29.3707385Z Checks running on ref:
2026-04-17T21:06:29.3708569Z Checks completed: capture-failure-log, firebase-distribute, capture-failure-log, capture-failure-log, e2e, Version Bump, Build & Firebase Distribute, lint-and-test, lint-and-test, autofix, test
2026-04-17T21:06:29.3709572Z Checks in_progress: Auto-merge
2026-04-17T21:06:29.3709828Z Checks after ignore checks filter:
2026-04-17T21:06:29.3710792Z Checks completed: capture-failure-log, firebase-distribute, capture-failure-log, capture-failure-log, e2e, Version Bump, Build & Firebase Distribute, lint-and-test, lint-and-test, autofix, test
2026-04-17T21:06:29.3711846Z Checks after check_name filter:
2026-04-17T21:06:29.3713108Z Checks completed: capture-failure-log, firebase-distribute, capture-failure-log, capture-failure-log, e2e, Version Bump, Build & Firebase Distribute, lint-and-test, lint-and-test, autofix, test
2026-04-17T21:06:29.3714155Z Checks after Regexp filter:
2026-04-17T21:06:29.3715129Z Checks completed: capture-failure-log, firebase-distribute, capture-failure-log, capture-failure-log, e2e, Version Bump, Build & Firebase Distribute, lint-and-test, lint-and-test, autofix, test
2026-04-17T21:06:29.3717130Z Checks completed:
2026-04-17T21:06:29.3717403Z capture-failure-log: completed (cancelled)
2026-04-17T21:06:29.3717770Z firebase-distribute: completed (cancelled)
2026-04-17T21:06:29.3718112Z capture-failure-log: completed (success)
2026-04-17T21:06:29.3718461Z capture-failure-log: completed (success)
2026-04-17T21:06:29.3718750Z e2e: completed (skipped)
2026-04-17T21:06:29.3719105Z Version Bump, Build & Firebase Distribute: completed (skipped)
2026-04-17T21:06:29.3719501Z lint-and-test: completed (failure)
2026-04-17T21:06:29.3719823Z lint-and-test: completed (cancelled)
2026-04-17T21:06:29.3720156Z autofix: completed (success)
2026-04-17T21:06:29.3720417Z test: completed (failure)
2026-04-17T21:06:29.3721180Z The conclusion of one or more checks were not allowed. Allowed conclusions are: success, skipped. This can be configured with the 'allowed-conclusions' param.
2026-04-17T21:06:29.3780287Z ##[error]Process completed with exit code 1.
2026-04-17T21:06:29.3899782Z Post job cleanup.
2026-04-17T21:06:29.3956962Z Cleaning up orphan processes
2026-04-17T21:06:29.4361302Z ##[warning]Node.js 20 actions are deprecated. The following actions are running on Node.js 20 and may not work as expected: actions/cache@v4. Actions will be forced to run with Node.js 24 by default starting June 2nd, 2026. Node.js 20 will be removed from the runner on September 16th, 2026. Please check if updated versions of these actions are available that support Node.js 24. To opt into Node.js 24 now, set the FORCE_JAVASCRIPT_ACTIONS_TO_NODE24=true environment variable on the runner or in your workflow file. Once Node.js 24 becomes the default, you can temporarily opt out by setting ACTIONS_ALLOW_USE_UNSECURE_NODE_VERSION=true. For more information see: https://github.blog/changelog/2025-09-19-deprecation-of-node-20-on-github-actions-runners/
