=== CI FAILURE ===
Workflow:      Auto-merge & Release
Workflow file: akarlin3/prismTask/.github/workflows/auto-merge.yml@refs/pull/700/merge
Job(s):        Auto-merge
Run ID:        24817378134
Run attempt:   1
Run URL:       https://github.com/akarlin3/prismTask/actions/runs/24817378134
Commit:        8eb3f3902057768922a01e99f6a058fdcb7f2578
Branch:        700/merge
Event:         pull_request
Actor:         akarlin3
Runner OS:     Linux
Timestamp:     2026-04-23T04:53:06.018Z

Failed steps:
  - Auto-merge: #3 Wait for all other CI checks to pass

=== FAILED JOB LOG ===

--- Job: Auto-merge (id 72634434607) ---
2026-04-23T04:49:52.1155696Z Current runner version: '2.333.1'
2026-04-23T04:49:52.1179082Z ##[group]Runner Image Provisioner
2026-04-23T04:49:52.1179982Z Hosted Compute Agent
2026-04-23T04:49:52.1180586Z Version: 20260213.493
2026-04-23T04:49:52.1181379Z Commit: 5c115507f6dd24b8de37d8bbe0bb4509d0cc0fa3
2026-04-23T04:49:52.1182180Z Build Date: 2026-02-13T00:28:41Z
2026-04-23T04:49:52.1182825Z Worker ID: {a9b94233-70fd-4f7d-b428-81c9eb22ea1a}
2026-04-23T04:49:52.1183555Z Azure Region: centralus
2026-04-23T04:49:52.1184115Z ##[endgroup]
2026-04-23T04:49:52.1185639Z ##[group]Operating System
2026-04-23T04:49:52.1186210Z Ubuntu
2026-04-23T04:49:52.1186747Z 24.04.4
2026-04-23T04:49:52.1187298Z LTS
2026-04-23T04:49:52.1187763Z ##[endgroup]
2026-04-23T04:49:52.1188307Z ##[group]Runner Image
2026-04-23T04:49:52.1188849Z Image: ubuntu-24.04
2026-04-23T04:49:52.1189370Z Version: 20260413.86.1
2026-04-23T04:49:52.1190561Z Included Software: https://github.com/actions/runner-images/blob/ubuntu24/20260413.86/images/ubuntu/Ubuntu2404-Readme.md
2026-04-23T04:49:52.1192558Z Image Release: https://github.com/actions/runner-images/releases/tag/ubuntu24%2F20260413.86
2026-04-23T04:49:52.1193527Z ##[endgroup]
2026-04-23T04:49:52.1194806Z ##[group]GITHUB_TOKEN Permissions
2026-04-23T04:49:52.1196985Z Actions: read
2026-04-23T04:49:52.1197605Z Checks: read
2026-04-23T04:49:52.1198163Z Contents: write
2026-04-23T04:49:52.1198681Z Metadata: read
2026-04-23T04:49:52.1199258Z PullRequests: write
2026-04-23T04:49:52.1199799Z ##[endgroup]
2026-04-23T04:49:52.1202223Z Secret source: Actions
2026-04-23T04:49:52.1203355Z Prepare workflow directory
2026-04-23T04:49:52.1596766Z Prepare all required actions
2026-04-23T04:49:52.1651573Z Getting action download info
2026-04-23T04:49:52.4869864Z Download action repository 'lewagon/wait-on-check-action@ccfb013c15c8afb7bf2b7c028fb74dc5a068cccc' (SHA:ccfb013c15c8afb7bf2b7c028fb74dc5a068cccc)
2026-04-23T04:49:53.2640019Z Getting action download info
2026-04-23T04:49:53.4270219Z Download action repository 'ruby/setup-ruby@v1' (SHA:0cb964fd540e0a24c900370abf38a33466142735)
2026-04-23T04:49:53.9198815Z Download action repository 'actions/cache@v4' (SHA:0057852bfaa89a56745cba8c7296529d2fc39830)
2026-04-23T04:49:54.1404568Z Complete job name: Auto-merge
2026-04-23T04:49:54.2104324Z ##[group]Run set -euo pipefail
2026-04-23T04:49:54.2105544Z [36;1mset -euo pipefail[0m
2026-04-23T04:49:54.2106986Z [36;1m# Give GitHub a short grace period to schedule workflow runs for[0m
2026-04-23T04:49:54.2108982Z [36;1m# the head commit. Paths-filtered workflows (android/backend/web CI)[0m
2026-04-23T04:49:54.2111204Z [36;1m# won't run for doc-only or cross-cutting config PRs, so the[0m
2026-04-23T04:49:54.2113148Z [36;1m# wait-on-check-action step below would otherwise hang waiting for[0m
2026-04-23T04:49:54.2114805Z [36;1m# checks that will never appear.[0m
2026-04-23T04:49:54.2115934Z [36;1msleep 20[0m
2026-04-23T04:49:54.2117110Z [36;1mCOUNT=$(gh api "repos/$REPO/commits/$HEAD_SHA/check-runs" \[0m
2026-04-23T04:49:54.2118917Z [36;1m  --jq '[.check_runs[] | select(.name != "Auto-merge")] | length')[0m
2026-04-23T04:49:54.2120641Z [36;1mecho "Non-Auto-merge check runs on head: $COUNT"[0m
2026-04-23T04:49:54.2122310Z [36;1mif [ "$COUNT" -gt 0 ]; then[0m
2026-04-23T04:49:54.2123508Z [36;1m  echo "has_ci=true" >> "$GITHUB_OUTPUT"[0m
2026-04-23T04:49:54.2124691Z [36;1melse[0m
2026-04-23T04:49:54.2125629Z [36;1m  echo "has_ci=false" >> "$GITHUB_OUTPUT"[0m
2026-04-23T04:49:54.2127165Z [36;1m  echo "No CI checks on this PR — will merge without waiting."[0m
2026-04-23T04:49:54.2128574Z [36;1mfi[0m
2026-04-23T04:49:54.2156255Z shell: /usr/bin/bash -e {0}
2026-04-23T04:49:54.2157580Z env:
2026-04-23T04:49:54.2158362Z   WAIT_INTERVAL: 30
2026-04-23T04:49:54.2159659Z   GH_TOKEN: ***
2026-04-23T04:49:54.2160645Z   HEAD_SHA: 94ee4682ea491b9c3a8e8da9813a6885df275fb4
2026-04-23T04:49:54.2162250Z   REPO: akarlin3/prismTask
2026-04-23T04:49:54.2163220Z ##[endgroup]
2026-04-23T04:50:14.9128522Z Non-Auto-merge check runs on head: 1
2026-04-23T04:50:14.9353789Z ##[group]Run lewagon/wait-on-check-action@ccfb013c15c8afb7bf2b7c028fb74dc5a068cccc
2026-04-23T04:50:14.9354313Z with:
2026-04-23T04:50:14.9354583Z   ref: 94ee4682ea491b9c3a8e8da9813a6885df275fb4
2026-04-23T04:50:14.9354926Z   running-workflow-name: Auto-merge
2026-04-23T04:50:14.9355521Z   repo-token: ***
2026-04-23T04:50:14.9355833Z   wait-interval: 30
2026-04-23T04:50:14.9356103Z   allowed-conclusions: success,skipped
2026-04-23T04:50:14.9356410Z   verbose: true
2026-04-23T04:50:14.9356631Z env:
2026-04-23T04:50:14.9356842Z   WAIT_INTERVAL: 30
2026-04-23T04:50:14.9357074Z ##[endgroup]
2026-04-23T04:50:14.9486206Z ##[group]Run ruby/setup-ruby@v1
2026-04-23T04:50:14.9486524Z with:
2026-04-23T04:50:14.9486756Z   ruby-version: 3.2
2026-04-23T04:50:14.9487038Z   bundler-cache: false
2026-04-23T04:50:14.9487434Z   token: ***
2026-04-23T04:50:14.9487652Z env:
2026-04-23T04:50:14.9487870Z   WAIT_INTERVAL: 30
2026-04-23T04:50:14.9488100Z ##[endgroup]
2026-04-23T04:50:15.0813967Z ##[group]Modifying PATH
2026-04-23T04:50:15.0814863Z Entries added to PATH to use selected Ruby:
2026-04-23T04:50:15.0815762Z   /opt/hostedtoolcache/Ruby/3.2.11/x64/bin
2026-04-23T04:50:15.0820717Z ##[endgroup]
2026-04-23T04:50:15.0821883Z ##[group]Print Ruby version
2026-04-23T04:50:15.0889207Z [command]/opt/hostedtoolcache/Ruby/3.2.11/x64/bin/ruby --version
2026-04-23T04:50:15.2248041Z ruby 3.2.11 (2026-03-27 revision 5483bfc1ae) [x86_64-linux]
2026-04-23T04:50:15.2286607Z Took   0.15 seconds
2026-04-23T04:50:15.2288177Z ##[endgroup]
2026-04-23T04:50:15.2290368Z ##[group]Installing Bundler
2026-04-23T04:50:15.2293793Z Using Bundler shipped with ruby-3.2.11
2026-04-23T04:50:15.2295551Z Took   0.00 seconds
2026-04-23T04:50:15.2296241Z ##[endgroup]
2026-04-23T04:50:15.2942217Z ##[group]Run actions/cache@v4
2026-04-23T04:50:15.2942500Z with:
2026-04-23T04:50:15.2942921Z   path: /home/runner/work/_actions/lewagon/wait-on-check-action/ccfb013c15c8afb7bf2b7c028fb74dc5a068cccc
2026-04-23T04:50:15.2943421Z   key: Linux-gems-
2026-04-23T04:50:15.2943641Z   restore-keys: Linux-gems-
2026-04-23T04:50:15.2943878Z   enableCrossOsArchive: false
2026-04-23T04:50:15.2944106Z   fail-on-cache-miss: false
2026-04-23T04:50:15.2944322Z   lookup-only: false
2026-04-23T04:50:15.2944521Z   save-always: false
2026-04-23T04:50:15.2944705Z env:
2026-04-23T04:50:15.2944859Z   WAIT_INTERVAL: 30
2026-04-23T04:50:15.2945041Z ##[endgroup]
2026-04-23T04:50:15.5892114Z Cache not found for input keys: Linux-gems-, Linux-gems-
2026-04-23T04:50:15.5964351Z ##[group]Run bundle install --jobs 4 --retry 3
2026-04-23T04:50:15.5964691Z [36;1mbundle install --jobs 4 --retry 3[0m
2026-04-23T04:50:15.5987202Z shell: /usr/bin/bash --noprofile --norc -e -o pipefail {0}
2026-04-23T04:50:15.5987539Z env:
2026-04-23T04:50:15.5987709Z   WAIT_INTERVAL: 30
2026-04-23T04:50:15.5987906Z ##[endgroup]
2026-04-23T04:50:16.4160233Z Bundler 2.4.19 is running, but your lockfile was generated with 2.2.3. Installing Bundler 2.2.3 and restarting using that version.
2026-04-23T04:50:17.8948803Z Fetching gem metadata from https://rubygems.org/.
2026-04-23T04:50:17.9022398Z Fetching bundler 2.2.3
2026-04-23T04:50:18.1074441Z Installing bundler 2.2.3
2026-04-23T04:50:18.2946795Z Calling `DidYouMean::SPELL_CHECKERS.merge!(error_name => spell_checker)' has been deprecated. Please call `DidYouMean.correct_error(error_name, spell_checker)' instead.
2026-04-23T04:50:19.7306247Z Fetching gem metadata from https://rubygems.org/.........
2026-04-23T04:50:19.7403464Z Fetching concurrent-ruby 1.2.2
2026-04-23T04:50:19.7414001Z Fetching minitest 5.18.0
2026-04-23T04:50:19.7417587Z Fetching public_suffix 4.0.7
2026-04-23T04:50:19.8144971Z Fetching zeitwerk 2.6.7
2026-04-23T04:50:19.8790418Z Installing zeitwerk 2.6.7
2026-04-23T04:50:19.9031281Z Installing minitest 5.18.0
2026-04-23T04:50:19.9081499Z Installing public_suffix 4.0.7
2026-04-23T04:50:19.9485662Z Fetching ast 2.4.2
2026-04-23T04:50:19.9830200Z Using bundler 2.2.3
2026-04-23T04:50:19.9838467Z Fetching byebug 11.1.3
2026-04-23T04:50:20.0134646Z Installing concurrent-ruby 1.2.2
2026-04-23T04:50:20.0256112Z Installing ast 2.4.2
2026-04-23T04:50:20.0263506Z Fetching diff-lcs 1.4.4
2026-04-23T04:50:20.0593032Z Fetching faraday-net_http 2.0.3
2026-04-23T04:50:20.1255626Z Installing faraday-net_http 2.0.3
2026-04-23T04:50:20.1262818Z Installing byebug 11.1.3 with native extensions
2026-04-23T04:50:20.1344694Z Installing diff-lcs 1.4.4
2026-04-23T04:50:20.1417352Z Using ruby2_keywords 0.0.5
2026-04-23T04:50:20.1432559Z Fetching json 2.7.1
2026-04-23T04:50:20.2148526Z Fetching language_server-protocol 3.17.0.3
2026-04-23T04:50:20.2453615Z Installing json 2.7.1 with native extensions
2026-04-23T04:50:20.2817435Z Fetching lint_roller 1.1.0
2026-04-23T04:50:20.3346979Z Installing language_server-protocol 3.17.0.3
2026-04-23T04:50:20.3485449Z Installing lint_roller 1.1.0
2026-04-23T04:50:20.3762048Z Fetching parallel 1.24.0
2026-04-23T04:50:20.4755076Z Installing parallel 1.24.0
2026-04-23T04:50:20.4856443Z Fetching racc 1.7.3
2026-04-23T04:50:20.5437640Z Fetching rainbow 3.1.1
2026-04-23T04:50:20.5771007Z Installing racc 1.7.3 with native extensions
2026-04-23T04:50:20.6136191Z Installing rainbow 3.1.1
2026-04-23T04:50:20.6203038Z Fetching regexp_parser 2.8.3
2026-04-23T04:50:20.7003103Z Installing regexp_parser 2.8.3
2026-04-23T04:50:20.7226460Z Fetching rexml 3.2.6
2026-04-23T04:50:20.8161797Z Installing rexml 3.2.6
2026-04-23T04:50:20.9055270Z Fetching rspec-support 3.10.1
2026-04-23T04:50:20.9825229Z Installing rspec-support 3.10.1
2026-04-23T04:50:20.9953092Z Fetching ruby-progressbar 1.13.0
2026-04-23T04:50:21.0593737Z Installing ruby-progressbar 1.13.0
2026-04-23T04:50:21.0692304Z Fetching unicode-display_width 2.5.0
2026-04-23T04:50:21.1324765Z Installing unicode-display_width 2.5.0
2026-04-23T04:50:21.1380609Z Fetching addressable 2.8.0
2026-04-23T04:50:21.2129290Z Installing addressable 2.8.0
2026-04-23T04:50:21.2262202Z Fetching faraday 2.3.0
2026-04-23T04:50:21.3158215Z Installing faraday 2.3.0
2026-04-23T04:50:21.3363179Z Fetching i18n 1.12.0
2026-04-23T04:50:21.4129395Z Installing i18n 1.12.0
2026-04-23T04:50:21.4265002Z Fetching tzinfo 2.0.6
2026-04-23T04:50:21.5148105Z Installing tzinfo 2.0.6
2026-04-23T04:50:21.5325168Z Fetching rspec-core 3.10.1
2026-04-23T04:50:21.6278498Z Installing rspec-core 3.10.1
2026-04-23T04:50:21.6540370Z Fetching rspec-expectations 3.10.1
2026-04-23T04:50:21.7468087Z Installing rspec-expectations 3.10.1
2026-04-23T04:50:21.7647964Z Fetching rspec-mocks 3.10.1
2026-04-23T04:50:21.8561583Z Installing rspec-mocks 3.10.1
2026-04-23T04:50:21.8752320Z Fetching faraday-retry 2.0.0
2026-04-23T04:50:21.9451291Z Installing faraday-retry 2.0.0
2026-04-23T04:50:21.9511179Z Fetching sawyer 0.9.2
2026-04-23T04:50:22.0262076Z Installing sawyer 0.9.2
2026-04-23T04:50:22.0363069Z Fetching activesupport 6.1.7.3
2026-04-23T04:50:22.1592002Z Installing activesupport 6.1.7.3
2026-04-23T04:50:22.2481922Z Fetching rspec 3.10.0
2026-04-23T04:50:22.3372533Z Installing rspec 3.10.0
2026-04-23T04:50:22.3448267Z Fetching octokit 4.25.0
2026-04-23T04:50:22.4308796Z Installing octokit 4.25.0
2026-04-23T04:50:22.5550149Z Fetching parser 3.2.2.4
2026-04-23T04:50:22.7849629Z Installing parser 3.2.2.4
2026-04-23T04:50:22.8982564Z Fetching rubocop-ast 1.30.0
2026-04-23T04:50:22.9969510Z Installing rubocop-ast 1.30.0
2026-04-23T04:50:24.3669589Z Fetching rubocop 1.57.2
2026-04-23T04:50:24.5080488Z Installing rubocop 1.57.2
2026-04-23T04:50:24.6795015Z Fetching rubocop-performance 1.19.1
2026-04-23T04:50:24.6795734Z Fetching standard-custom 1.0.2
2026-04-23T04:50:24.7721103Z Installing standard-custom 1.0.2
2026-04-23T04:50:24.7831695Z Installing rubocop-performance 1.19.1
2026-04-23T04:50:24.7978066Z Fetching standard-performance 1.2.1
2026-04-23T04:50:24.8608252Z Installing standard-performance 1.2.1
2026-04-23T04:50:24.8680248Z Fetching standard 1.32.1
2026-04-23T04:50:24.9339051Z Installing standard 1.32.1
2026-04-23T04:50:24.9575416Z Bundle complete! 6 Gemfile dependencies, 40 gems now installed.
2026-04-23T04:50:24.9576238Z Use `bundle info [gemname]` to see where a bundled gem is installed.
2026-04-23T04:50:25.0105738Z ##[group]Run ruby entrypoint.rb
2026-04-23T04:50:25.0106022Z [36;1mruby entrypoint.rb[0m
2026-04-23T04:50:25.0127557Z shell: /usr/bin/bash --noprofile --norc -e -o pipefail {0}
2026-04-23T04:50:25.0127884Z env:
2026-04-23T04:50:25.0128049Z   WAIT_INTERVAL: 30
2026-04-23T04:50:25.0128261Z   ALLOWED_CONCLUSIONS: success,skipped
2026-04-23T04:50:25.0128505Z   IGNORE_CHECKS: 
2026-04-23T04:50:25.0128685Z   CHECK_NAME: 
2026-04-23T04:50:25.0128854Z   CHECK_REGEXP: 
2026-04-23T04:50:25.0129072Z   REF: 94ee4682ea491b9c3a8e8da9813a6885df275fb4
2026-04-23T04:50:25.0129531Z   REPO_TOKEN: ***
2026-04-23T04:50:25.0129716Z   VERBOSE: true
2026-04-23T04:50:25.0129913Z   RUNNING_WORKFLOW_NAME: Auto-merge
2026-04-23T04:50:25.0130147Z   API_ENDPOINT: 
2026-04-23T04:50:25.0130329Z ##[endgroup]
2026-04-23T04:52:57.3575526Z Checks running on ref:
2026-04-23T04:52:57.3576051Z Checks in_progress: autofix, Auto-merge
2026-04-23T04:52:57.3576494Z Checks after ignore checks filter:
2026-04-23T04:52:57.3576877Z Checks in_progress: autofix
2026-04-23T04:52:57.3577209Z Checks after check_name filter:
2026-04-23T04:52:57.3577540Z Checks in_progress: autofix
2026-04-23T04:52:57.3577857Z Checks after Regexp filter:
2026-04-23T04:52:57.3578185Z Checks in_progress: autofix
2026-04-23T04:52:57.3578659Z The requested check isn't complete yet, will check back in 30 seconds...
2026-04-23T04:52:57.3579202Z Checks running on ref:
2026-04-23T04:52:57.3579523Z Checks in_progress: autofix, Auto-merge
2026-04-23T04:52:57.3579925Z Checks after ignore checks filter:
2026-04-23T04:52:57.3580298Z Checks in_progress: autofix
2026-04-23T04:52:57.3580634Z Checks after check_name filter:
2026-04-23T04:52:57.3581274Z Checks in_progress: autofix
2026-04-23T04:52:57.3581610Z Checks after Regexp filter:
2026-04-23T04:52:57.3581932Z Checks in_progress: autofix
2026-04-23T04:52:57.3582416Z The requested check isn't complete yet, will check back in 30 seconds...
2026-04-23T04:52:57.3582975Z Checks running on ref:
2026-04-23T04:52:57.3583305Z Checks in_progress: autofix, Auto-merge
2026-04-23T04:52:57.3583719Z Checks after ignore checks filter:
2026-04-23T04:52:57.3584083Z Checks in_progress: autofix
2026-04-23T04:52:57.3584414Z Checks after check_name filter:
2026-04-23T04:52:57.3584758Z Checks in_progress: autofix
2026-04-23T04:52:57.3585085Z Checks after Regexp filter:
2026-04-23T04:52:57.3585406Z Checks in_progress: autofix
2026-04-23T04:52:57.3585887Z The requested check isn't complete yet, will check back in 30 seconds...
2026-04-23T04:52:57.3586423Z Checks running on ref:
2026-04-23T04:52:57.3586759Z Checks in_progress: lint-and-test, Auto-merge
2026-04-23T04:52:57.3587162Z Checks completed: autofix
2026-04-23T04:52:57.3587488Z Checks after ignore checks filter:
2026-04-23T04:52:57.3587852Z Checks in_progress: lint-and-test
2026-04-23T04:52:57.3588197Z Checks completed: autofix
2026-04-23T04:52:57.3588525Z Checks after check_name filter:
2026-04-23T04:52:57.3588971Z Checks in_progress: lint-and-test
2026-04-23T04:52:57.3589324Z Checks completed: autofix
2026-04-23T04:52:57.3589639Z Checks after Regexp filter:
2026-04-23T04:52:57.3589960Z Checks in_progress: lint-and-test
2026-04-23T04:52:57.3590306Z Checks completed: autofix
2026-04-23T04:52:57.3590780Z The requested checks aren't complete yet, will check back in 30 seconds...
2026-04-23T04:52:57.3591514Z Checks running on ref:
2026-04-23T04:52:57.3591854Z Checks in_progress: lint-and-test, Auto-merge
2026-04-23T04:52:57.3592284Z Checks completed: autofix
2026-04-23T04:52:57.3592610Z Checks after ignore checks filter:
2026-04-23T04:52:57.3592974Z Checks in_progress: lint-and-test
2026-04-23T04:52:57.3593323Z Checks completed: autofix
2026-04-23T04:52:57.3593645Z Checks after check_name filter:
2026-04-23T04:52:57.3594013Z Checks in_progress: lint-and-test
2026-04-23T04:52:57.3594381Z Checks completed: autofix
2026-04-23T04:52:57.3594696Z Checks after Regexp filter:
2026-04-23T04:52:57.3595034Z Checks in_progress: lint-and-test
2026-04-23T04:52:57.3595804Z Checks completed: autofix
2026-04-23T04:52:57.3596544Z The requested checks aren't complete yet, will check back in 30 seconds...
2026-04-23T04:52:57.3597096Z Checks running on ref:
2026-04-23T04:52:57.3597698Z Checks completed: firebase-distribute, capture-failure-log, lint-and-test, autofix
2026-04-23T04:52:57.3598438Z Checks in_progress: Auto-merge
2026-04-23T04:52:57.3598846Z Checks after ignore checks filter:
2026-04-23T04:52:57.3599536Z Checks completed: firebase-distribute, capture-failure-log, lint-and-test, autofix
2026-04-23T04:52:57.3600271Z Checks after check_name filter:
2026-04-23T04:52:57.3601137Z Checks completed: firebase-distribute, capture-failure-log, lint-and-test, autofix
2026-04-23T04:52:57.3601859Z Checks after Regexp filter:
2026-04-23T04:52:57.3602506Z Checks completed: firebase-distribute, capture-failure-log, lint-and-test, autofix
2026-04-23T04:52:57.3603215Z Checks completed:
2026-04-23T04:52:57.3603557Z firebase-distribute: completed (skipped)
2026-04-23T04:52:57.3604048Z capture-failure-log: completed (success)
2026-04-23T04:52:57.3604594Z lint-and-test: completed (failure)
2026-04-23T04:52:57.3605111Z autofix: completed (success)
2026-04-23T04:52:57.3606449Z The conclusion of one or more checks were not allowed. Allowed conclusions are: success, skipped. This can be configured with the 'allowed-conclusions' param.
2026-04-23T04:52:57.3667221Z ##[error]Process completed with exit code 1.
2026-04-23T04:52:57.3785481Z Post job cleanup.
2026-04-23T04:52:57.3842400Z Cleaning up orphan processes
2026-04-23T04:52:57.4116878Z ##[warning]Node.js 20 actions are deprecated. The following actions are running on Node.js 20 and may not work as expected: actions/cache@v4. Actions will be forced to run with Node.js 24 by default starting June 2nd, 2026. Node.js 20 will be removed from the runner on September 16th, 2026. Please check if updated versions of these actions are available that support Node.js 24. To opt into Node.js 24 now, set the FORCE_JAVASCRIPT_ACTIONS_TO_NODE24=true environment variable on the runner or in your workflow file. Once Node.js 24 becomes the default, you can temporarily opt out by setting ACTIONS_ALLOW_USE_UNSECURE_NODE_VERSION=true. For more information see: https://github.blog/changelog/2025-09-19-deprecation-of-node-20-on-github-actions-runners/
