=== CI FAILURE ===
Workflow:      Auto-merge & Release
Workflow file: akarlin3/prismTask/.github/workflows/auto-merge.yml@refs/pull/832/merge
Job(s):        Auto-merge
Run ID:        24977706812
Run attempt:   1
Run URL:       https://github.com/akarlin3/prismTask/actions/runs/24977706812
Commit:        a3d1e3972818d8cb22243c2859692c808c36825d
Branch:        832/merge
Event:         pull_request
Actor:         akarlin3
Runner OS:     Linux
Timestamp:     2026-04-27T05:17:50.412Z

Failed steps:
  - Auto-merge: #4 Wait for all other CI checks to pass

=== FAILED JOB LOG ===

--- Job: Auto-merge (id 73132814924) ---
2026-04-27T05:12:06.3888346Z Current runner version: '2.333.1'
2026-04-27T05:12:06.3919712Z ##[group]Runner Image Provisioner
2026-04-27T05:12:06.3920537Z Hosted Compute Agent
2026-04-27T05:12:06.3921134Z Version: 20260213.493
2026-04-27T05:12:06.3921749Z Commit: 5c115507f6dd24b8de37d8bbe0bb4509d0cc0fa3
2026-04-27T05:12:06.3922477Z Build Date: 2026-02-13T00:28:41Z
2026-04-27T05:12:06.3923088Z Worker ID: {486354b9-515c-4ba5-af69-1032b1e42542}
2026-04-27T05:12:06.3923808Z Azure Region: northcentralus
2026-04-27T05:12:06.3924415Z ##[endgroup]
2026-04-27T05:12:06.3925827Z ##[group]Operating System
2026-04-27T05:12:06.3926483Z Ubuntu
2026-04-27T05:12:06.3926977Z 24.04.4
2026-04-27T05:12:06.3927733Z LTS
2026-04-27T05:12:06.3928293Z ##[endgroup]
2026-04-27T05:12:06.3928796Z ##[group]Runner Image
2026-04-27T05:12:06.3929416Z Image: ubuntu-24.04
2026-04-27T05:12:06.3929954Z Version: 20260413.86.1
2026-04-27T05:12:06.3931128Z Included Software: https://github.com/actions/runner-images/blob/ubuntu24/20260413.86/images/ubuntu/Ubuntu2404-Readme.md
2026-04-27T05:12:06.3932561Z Image Release: https://github.com/actions/runner-images/releases/tag/ubuntu24%2F20260413.86
2026-04-27T05:12:06.3933731Z ##[endgroup]
2026-04-27T05:12:06.3934951Z ##[group]GITHUB_TOKEN Permissions
2026-04-27T05:12:06.3937127Z Actions: read
2026-04-27T05:12:06.3938045Z Checks: read
2026-04-27T05:12:06.3938502Z Contents: write
2026-04-27T05:12:06.3939150Z Metadata: read
2026-04-27T05:12:06.3939619Z PullRequests: write
2026-04-27T05:12:06.3940132Z ##[endgroup]
2026-04-27T05:12:06.3942255Z Secret source: Actions
2026-04-27T05:12:06.3942968Z Prepare workflow directory
2026-04-27T05:12:06.4710129Z Prepare all required actions
2026-04-27T05:12:06.4769513Z Getting action download info
2026-04-27T05:12:06.7457497Z Download action repository 'lewagon/wait-on-check-action@ccfb013c15c8afb7bf2b7c028fb74dc5a068cccc' (SHA:ccfb013c15c8afb7bf2b7c028fb74dc5a068cccc)
2026-04-27T05:12:07.8428538Z Getting action download info
2026-04-27T05:12:07.9935326Z Download action repository 'ruby/setup-ruby@v1' (SHA:c4e5b1316158f92e3d49443a9d58b31d25ac0f8f)
2026-04-27T05:12:08.4830060Z Download action repository 'actions/cache@v4' (SHA:0057852bfaa89a56745cba8c7296529d2fc39830)
2026-04-27T05:12:08.6380818Z Complete job name: Auto-merge
2026-04-27T05:12:08.7105215Z ##[group]Run set -euo pipefail
2026-04-27T05:12:08.7106424Z [36;1mset -euo pipefail[0m
2026-04-27T05:12:08.7107993Z [36;1m# Audit item #5 — poll check-runs for up to 60s instead of a bare[0m
2026-04-27T05:12:08.7109812Z [36;1m# 20s sleep. On a busy runner cohort the initial 20s wasn't enough[0m
2026-04-27T05:12:08.7111572Z [36;1m# for the API to reflect queued workflow runs, which could merge[0m
2026-04-27T05:12:08.7113309Z [36;1m# PRs without waiting for CI. Bail out early as soon as ≥1 real[0m
2026-04-27T05:12:08.7114727Z [36;1m# check shows up.[0m
2026-04-27T05:12:08.7115631Z [36;1mCOUNT=0[0m
2026-04-27T05:12:08.7116446Z [36;1mfor i in $(seq 1 6); do[0m
2026-04-27T05:12:08.7117614Z [36;1m  sleep 10[0m
2026-04-27T05:12:08.7118773Z [36;1m  COUNT=$(gh api "repos/$REPO/commits/$HEAD_SHA/check-runs" \[0m
2026-04-27T05:12:08.7120499Z [36;1m    --jq '[.check_runs[] | select(.name != "Auto-merge")] | length')[0m
2026-04-27T05:12:08.7121954Z [36;1m  if [ "$COUNT" -gt 0 ]; then[0m
2026-04-27T05:12:08.7123287Z [36;1m    echo "Found $COUNT non-Auto-merge check(s) after ${i}0s"[0m
2026-04-27T05:12:08.7124613Z [36;1m    break[0m
2026-04-27T05:12:08.7125409Z [36;1m  fi[0m
2026-04-27T05:12:08.7126399Z [36;1m  echo "No non-Auto-merge checks yet (attempt $i/6)"[0m
2026-04-27T05:12:08.7127811Z [36;1mdone[0m
2026-04-27T05:12:08.7128603Z [36;1mif [ "$COUNT" -gt 0 ]; then[0m
2026-04-27T05:12:08.7129695Z [36;1m  echo "has_ci=true" >> "$GITHUB_OUTPUT"[0m
2026-04-27T05:12:08.7130786Z [36;1melse[0m
2026-04-27T05:12:08.7131659Z [36;1m  echo "has_ci=false" >> "$GITHUB_OUTPUT"[0m
2026-04-27T05:12:08.7133167Z [36;1m  echo "No CI checks on this PR after 60s — will merge without waiting."[0m
2026-04-27T05:12:08.7134569Z [36;1mfi[0m
2026-04-27T05:12:08.7161140Z shell: /usr/bin/bash -e {0}
2026-04-27T05:12:08.7162386Z env:
2026-04-27T05:12:08.7163137Z   WAIT_INTERVAL: 30
2026-04-27T05:12:08.7164428Z   GH_TOKEN: ***
2026-04-27T05:12:08.7165361Z   HEAD_SHA: 985756b554db85565bc01c96c276fe47be86894d
2026-04-27T05:12:08.7166526Z   REPO: akarlin3/prismTask
2026-04-27T05:12:08.7167607Z ##[endgroup]
2026-04-27T05:12:19.2541410Z Found 7 non-Auto-merge check(s) after 10s
2026-04-27T05:12:19.2654463Z ##[group]Run set -euo pipefail
2026-04-27T05:12:19.2654828Z [36;1mset -euo pipefail[0m
2026-04-27T05:12:19.2655241Z [36;1mREQUIRED=$(gh api "repos/$REPO/branches/main/protection/required_status_checks" \[0m
2026-04-27T05:12:19.2655715Z [36;1m  --jq '.contexts[]' 2>/dev/null || true)[0m
2026-04-27T05:12:19.2656016Z [36;1mif [ -z "$REQUIRED" ]; then[0m
2026-04-27T05:12:19.2656529Z [36;1m  echo "::warning::Could not query branch protection (likely a permission issue) — using hardcoded fallback list."[0m
2026-04-27T05:12:19.2657080Z [36;1m  REQUIRED="$FALLBACK_REQUIRED"[0m
2026-04-27T05:12:19.2657539Z [36;1mfi[0m
2026-04-27T05:12:19.2657810Z [36;1m# Strip Auto-merge from the required list so we don't wait on[0m
2026-04-27T05:12:19.2658242Z [36;1m# ourselves (it's listed because we ARE the running workflow).[0m
2026-04-27T05:12:19.2658735Z [36;1mREQUIRED=$(echo "$REQUIRED" | grep -vE '^\s*Auto-merge\s*$' | grep -vE '^\s*$' || true)[0m
2026-04-27T05:12:19.2659200Z [36;1mif [ -z "$REQUIRED" ]; then[0m
2026-04-27T05:12:19.2659549Z [36;1m  echo "No required checks beyond Auto-merge; skipping queue wait."[0m
2026-04-27T05:12:19.2659919Z [36;1m  exit 0[0m
2026-04-27T05:12:19.2660122Z [36;1mfi[0m
2026-04-27T05:12:19.2660355Z [36;1mecho "Waiting until these required checks queue:"[0m
2026-04-27T05:12:19.2660670Z [36;1mecho "$REQUIRED" | sed 's/^/  /'[0m
2026-04-27T05:12:19.2661011Z [36;1m# 30 attempts × 10s = 5 min ceiling. If checks haven't queued[0m
2026-04-27T05:12:19.2661443Z [36;1m# by then something is genuinely broken (workflow file invalid,[0m
2026-04-27T05:12:19.2661886Z [36;1m# path filter excluding everything, etc.) — log and proceed so[0m
2026-04-27T05:12:19.2662285Z [36;1m# wait-on-check-action can decide how to handle it.[0m
2026-04-27T05:12:19.2662606Z [36;1mfor attempt in $(seq 1 30); do[0m
2026-04-27T05:12:19.2662999Z [36;1m  CHECK_RUNS=$(gh api --paginate "repos/$REPO/commits/$HEAD_SHA/check-runs" \[0m
2026-04-27T05:12:19.2663421Z [36;1m    --jq '.check_runs[].name' | sort -u)[0m
2026-04-27T05:12:19.2663702Z [36;1m  MISSING=""[0m
2026-04-27T05:12:19.2663918Z [36;1m  while IFS= read -r req; do[0m
2026-04-27T05:12:19.2664166Z [36;1m    [ -z "$req" ] && continue[0m
2026-04-27T05:12:19.2664428Z [36;1m    req_trimmed=$(echo "$req" | xargs)[0m
2026-04-27T05:12:19.2664786Z [36;1m    if ! echo "$CHECK_RUNS" | grep -qxF "$req_trimmed"; then[0m
2026-04-27T05:12:19.2665155Z [36;1m      MISSING="$MISSING $req_trimmed"[0m
2026-04-27T05:12:19.2665425Z [36;1m    fi[0m
2026-04-27T05:12:19.2665609Z [36;1m  done <<< "$REQUIRED"[0m
2026-04-27T05:12:19.2665931Z [36;1m  if [ -z "$MISSING" ]; then[0m
2026-04-27T05:12:19.2666302Z [36;1m    echo "All required checks have queued after attempt $attempt."[0m
2026-04-27T05:12:19.2666651Z [36;1m    exit 0[0m
2026-04-27T05:12:19.2666835Z [36;1m  fi[0m
2026-04-27T05:12:19.2667088Z [36;1m  echo "Still waiting for:$MISSING (attempt $attempt/30)"[0m
2026-04-27T05:12:19.2667540Z [36;1m  sleep 10[0m
2026-04-27T05:12:19.2667726Z [36;1mdone[0m
2026-04-27T05:12:19.2668231Z [36;1mecho "::warning::Some required checks never queued after 5 min:$MISSING — proceeding to wait-on-check-action anyway."[0m
2026-04-27T05:12:19.2688875Z shell: /usr/bin/bash -e {0}
2026-04-27T05:12:19.2689125Z env:
2026-04-27T05:12:19.2689295Z   WAIT_INTERVAL: 30
2026-04-27T05:12:19.2689723Z   GH_TOKEN: ***
2026-04-27T05:12:19.2689949Z   HEAD_SHA: 985756b554db85565bc01c96c276fe47be86894d
2026-04-27T05:12:19.2690249Z   REPO: akarlin3/prismTask
2026-04-27T05:12:19.2690595Z   FALLBACK_REQUIRED: lint-and-test
connected-tests
test
web-lint-and-test

2026-04-27T05:12:19.2691147Z ##[endgroup]
2026-04-27T05:12:19.4701701Z Waiting until these required checks queue:
2026-04-27T05:12:19.4715250Z   {"message":"Resource not accessible by integration","documentation_url":"https://docs.github.com/rest/branches/branch-protection#get-status-checks-protection","status":"403"}
2026-04-27T05:12:19.8923031Z Still waiting for: {message:Resource not accessible by integration,documentation_url:https://docs.github.com/rest/branches/branch-protection#get-status-checks-protection,status:403} (attempt 1/30)
2026-04-27T05:12:30.3138737Z Still waiting for: {message:Resource not accessible by integration,documentation_url:https://docs.github.com/rest/branches/branch-protection#get-status-checks-protection,status:403} (attempt 2/30)
2026-04-27T05:12:40.7008553Z Still waiting for: {message:Resource not accessible by integration,documentation_url:https://docs.github.com/rest/branches/branch-protection#get-status-checks-protection,status:403} (attempt 3/30)
2026-04-27T05:12:51.0993484Z Still waiting for: {message:Resource not accessible by integration,documentation_url:https://docs.github.com/rest/branches/branch-protection#get-status-checks-protection,status:403} (attempt 4/30)
2026-04-27T05:13:01.4867525Z Still waiting for: {message:Resource not accessible by integration,documentation_url:https://docs.github.com/rest/branches/branch-protection#get-status-checks-protection,status:403} (attempt 5/30)
2026-04-27T05:13:11.8995574Z Still waiting for: {message:Resource not accessible by integration,documentation_url:https://docs.github.com/rest/branches/branch-protection#get-status-checks-protection,status:403} (attempt 6/30)
2026-04-27T05:13:22.3315922Z Still waiting for: {message:Resource not accessible by integration,documentation_url:https://docs.github.com/rest/branches/branch-protection#get-status-checks-protection,status:403} (attempt 7/30)
2026-04-27T05:13:32.7626698Z Still waiting for: {message:Resource not accessible by integration,documentation_url:https://docs.github.com/rest/branches/branch-protection#get-status-checks-protection,status:403} (attempt 8/30)
2026-04-27T05:13:43.1738364Z Still waiting for: {message:Resource not accessible by integration,documentation_url:https://docs.github.com/rest/branches/branch-protection#get-status-checks-protection,status:403} (attempt 9/30)
2026-04-27T05:13:53.5992183Z Still waiting for: {message:Resource not accessible by integration,documentation_url:https://docs.github.com/rest/branches/branch-protection#get-status-checks-protection,status:403} (attempt 10/30)
2026-04-27T05:14:04.0251100Z Still waiting for: {message:Resource not accessible by integration,documentation_url:https://docs.github.com/rest/branches/branch-protection#get-status-checks-protection,status:403} (attempt 11/30)
2026-04-27T05:14:14.4392706Z Still waiting for: {message:Resource not accessible by integration,documentation_url:https://docs.github.com/rest/branches/branch-protection#get-status-checks-protection,status:403} (attempt 12/30)
2026-04-27T05:14:24.8488597Z Still waiting for: {message:Resource not accessible by integration,documentation_url:https://docs.github.com/rest/branches/branch-protection#get-status-checks-protection,status:403} (attempt 13/30)
2026-04-27T05:14:35.2621537Z Still waiting for: {message:Resource not accessible by integration,documentation_url:https://docs.github.com/rest/branches/branch-protection#get-status-checks-protection,status:403} (attempt 14/30)
2026-04-27T05:14:45.6686041Z Still waiting for: {message:Resource not accessible by integration,documentation_url:https://docs.github.com/rest/branches/branch-protection#get-status-checks-protection,status:403} (attempt 15/30)
2026-04-27T05:14:56.0729400Z Still waiting for: {message:Resource not accessible by integration,documentation_url:https://docs.github.com/rest/branches/branch-protection#get-status-checks-protection,status:403} (attempt 16/30)
2026-04-27T05:15:06.4759632Z Still waiting for: {message:Resource not accessible by integration,documentation_url:https://docs.github.com/rest/branches/branch-protection#get-status-checks-protection,status:403} (attempt 17/30)
2026-04-27T05:15:16.9005739Z Still waiting for: {message:Resource not accessible by integration,documentation_url:https://docs.github.com/rest/branches/branch-protection#get-status-checks-protection,status:403} (attempt 18/30)
2026-04-27T05:15:27.2788258Z Still waiting for: {message:Resource not accessible by integration,documentation_url:https://docs.github.com/rest/branches/branch-protection#get-status-checks-protection,status:403} (attempt 19/30)
2026-04-27T05:15:37.7509186Z Still waiting for: {message:Resource not accessible by integration,documentation_url:https://docs.github.com/rest/branches/branch-protection#get-status-checks-protection,status:403} (attempt 20/30)
2026-04-27T05:15:48.1693061Z Still waiting for: {message:Resource not accessible by integration,documentation_url:https://docs.github.com/rest/branches/branch-protection#get-status-checks-protection,status:403} (attempt 21/30)
2026-04-27T05:15:58.5960389Z Still waiting for: {message:Resource not accessible by integration,documentation_url:https://docs.github.com/rest/branches/branch-protection#get-status-checks-protection,status:403} (attempt 22/30)
2026-04-27T05:16:09.0043712Z Still waiting for: {message:Resource not accessible by integration,documentation_url:https://docs.github.com/rest/branches/branch-protection#get-status-checks-protection,status:403} (attempt 23/30)
2026-04-27T05:16:19.4303737Z Still waiting for: {message:Resource not accessible by integration,documentation_url:https://docs.github.com/rest/branches/branch-protection#get-status-checks-protection,status:403} (attempt 24/30)
2026-04-27T05:16:29.8373505Z Still waiting for: {message:Resource not accessible by integration,documentation_url:https://docs.github.com/rest/branches/branch-protection#get-status-checks-protection,status:403} (attempt 25/30)
2026-04-27T05:16:40.2303643Z Still waiting for: {message:Resource not accessible by integration,documentation_url:https://docs.github.com/rest/branches/branch-protection#get-status-checks-protection,status:403} (attempt 26/30)
2026-04-27T05:16:50.6934730Z Still waiting for: {message:Resource not accessible by integration,documentation_url:https://docs.github.com/rest/branches/branch-protection#get-status-checks-protection,status:403} (attempt 27/30)
2026-04-27T05:17:01.1649673Z Still waiting for: {message:Resource not accessible by integration,documentation_url:https://docs.github.com/rest/branches/branch-protection#get-status-checks-protection,status:403} (attempt 28/30)
2026-04-27T05:17:11.5893924Z Still waiting for: {message:Resource not accessible by integration,documentation_url:https://docs.github.com/rest/branches/branch-protection#get-status-checks-protection,status:403} (attempt 29/30)
2026-04-27T05:17:22.0422322Z Still waiting for: {message:Resource not accessible by integration,documentation_url:https://docs.github.com/rest/branches/branch-protection#get-status-checks-protection,status:403} (attempt 30/30)
2026-04-27T05:17:32.0473680Z ##[warning]Some required checks never queued after 5 min: {message:Resource not accessible by integration,documentation_url:https://docs.github.com/rest/branches/branch-protection#get-status-checks-protection,status:403} — proceeding to wait-on-check-action anyway.
2026-04-27T05:17:32.0687898Z ##[group]Run lewagon/wait-on-check-action@ccfb013c15c8afb7bf2b7c028fb74dc5a068cccc
2026-04-27T05:17:32.0688342Z with:
2026-04-27T05:17:32.0688552Z   ref: 985756b554db85565bc01c96c276fe47be86894d
2026-04-27T05:17:32.0688844Z   running-workflow-name: Auto-merge
2026-04-27T05:17:32.0689286Z   repo-token: ***
2026-04-27T05:17:32.0689478Z   wait-interval: 30
2026-04-27T05:17:32.0689703Z   allowed-conclusions: success,skipped,neutral
2026-04-27T05:17:32.0689970Z   verbose: true
2026-04-27T05:17:32.0690145Z env:
2026-04-27T05:17:32.0690294Z   WAIT_INTERVAL: 30
2026-04-27T05:17:32.0690468Z ##[endgroup]
2026-04-27T05:17:32.0810252Z ##[group]Run ruby/setup-ruby@v1
2026-04-27T05:17:32.0810495Z with:
2026-04-27T05:17:32.0810886Z   ruby-version: 3.2
2026-04-27T05:17:32.0811081Z   bundler-cache: false
2026-04-27T05:17:32.0811394Z   token: ***
2026-04-27T05:17:32.0811560Z env:
2026-04-27T05:17:32.0811718Z   WAIT_INTERVAL: 30
2026-04-27T05:17:32.0811891Z ##[endgroup]
2026-04-27T05:17:32.2234336Z ##[group]Modifying PATH
2026-04-27T05:17:32.2234900Z Entries added to PATH to use selected Ruby:
2026-04-27T05:17:32.2235512Z   /opt/hostedtoolcache/Ruby/3.2.11/x64/bin
2026-04-27T05:17:32.2240936Z ##[endgroup]
2026-04-27T05:17:32.2241750Z ##[group]Print Ruby version
2026-04-27T05:17:32.2334257Z [command]/opt/hostedtoolcache/Ruby/3.2.11/x64/bin/ruby --version
2026-04-27T05:17:32.3360367Z ruby 3.2.11 (2026-03-27 revision 5483bfc1ae) [x86_64-linux]
2026-04-27T05:17:32.3391559Z Took   0.11 seconds
2026-04-27T05:17:32.3392471Z ##[endgroup]
2026-04-27T05:17:32.3394337Z ##[group]Installing Bundler
2026-04-27T05:17:32.3398026Z Using Bundler shipped with ruby-3.2.11
2026-04-27T05:17:32.3399543Z Took   0.00 seconds
2026-04-27T05:17:32.3400409Z ##[endgroup]
2026-04-27T05:17:32.4055178Z ##[group]Run actions/cache@v4
2026-04-27T05:17:32.4055434Z with:
2026-04-27T05:17:32.4055854Z   path: /home/runner/work/_actions/lewagon/wait-on-check-action/ccfb013c15c8afb7bf2b7c028fb74dc5a068cccc
2026-04-27T05:17:32.4056374Z   key: Linux-gems-
2026-04-27T05:17:32.4056581Z   restore-keys: Linux-gems-
2026-04-27T05:17:32.4056810Z   enableCrossOsArchive: false
2026-04-27T05:17:32.4057031Z   fail-on-cache-miss: false
2026-04-27T05:17:32.4057550Z   lookup-only: false
2026-04-27T05:17:32.4057879Z   save-always: false
2026-04-27T05:17:32.4058118Z env:
2026-04-27T05:17:32.4058283Z   WAIT_INTERVAL: 30
2026-04-27T05:17:32.4058459Z ##[endgroup]
2026-04-27T05:17:32.6652900Z Cache hit for: Linux-gems-
2026-04-27T05:17:32.8485240Z Received 13179 of 13179 (100.0%), 0.3 MBs/sec
2026-04-27T05:17:32.8486288Z Cache Size: ~0 MB (13179 B)
2026-04-27T05:17:32.8529235Z [command]/usr/bin/tar -xf /home/runner/work/_temp/ecde086b-4e79-4f4f-9ec0-483eb32bb135/cache.tzst -P -C /home/runner/work/prismTask/prismTask --use-compress-program unzstd
2026-04-27T05:17:32.8594987Z Cache restored successfully
2026-04-27T05:17:32.8674669Z Cache restored from key: Linux-gems-
2026-04-27T05:17:32.8748480Z ##[group]Run bundle install --jobs 4 --retry 3
2026-04-27T05:17:32.8748820Z [36;1mbundle install --jobs 4 --retry 3[0m
2026-04-27T05:17:32.8771994Z shell: /usr/bin/bash --noprofile --norc -e -o pipefail {0}
2026-04-27T05:17:32.8772315Z env:
2026-04-27T05:17:32.8772477Z   WAIT_INTERVAL: 30
2026-04-27T05:17:32.8772662Z ##[endgroup]
2026-04-27T05:17:33.6249716Z Bundler 2.4.19 is running, but your lockfile was generated with 2.2.3. Installing Bundler 2.2.3 and restarting using that version.
2026-04-27T05:17:34.9682350Z Fetching gem metadata from https://rubygems.org/.
2026-04-27T05:17:34.9758605Z Fetching bundler 2.2.3
2026-04-27T05:17:35.0991179Z Installing bundler 2.2.3
2026-04-27T05:17:35.2912630Z Calling `DidYouMean::SPELL_CHECKERS.merge!(error_name => spell_checker)' has been deprecated. Please call `DidYouMean.correct_error(error_name, spell_checker)' instead.
2026-04-27T05:17:36.5563042Z Fetching gem metadata from https://rubygems.org/.........
2026-04-27T05:17:36.5659832Z Fetching minitest 5.18.0
2026-04-27T05:17:36.5665476Z Fetching concurrent-ruby 1.2.2
2026-04-27T05:17:36.6219200Z Fetching public_suffix 4.0.7
2026-04-27T05:17:36.6219808Z Fetching zeitwerk 2.6.7
2026-04-27T05:17:36.6890710Z Installing zeitwerk 2.6.7
2026-04-27T05:17:36.7100534Z Installing public_suffix 4.0.7
2026-04-27T05:17:36.7166742Z Installing minitest 5.18.0
2026-04-27T05:17:36.7583005Z Fetching ast 2.4.2
2026-04-27T05:17:36.7857065Z Installing concurrent-ruby 1.2.2
2026-04-27T05:17:36.7969833Z Installing ast 2.4.2
2026-04-27T05:17:36.8090160Z Using bundler 2.2.3
2026-04-27T05:17:36.8099381Z Fetching byebug 11.1.3
2026-04-27T05:17:36.8362281Z Fetching diff-lcs 1.4.4
2026-04-27T05:17:36.8715507Z Fetching faraday-net_http 2.0.3
2026-04-27T05:17:36.9014878Z Installing byebug 11.1.3 with native extensions
2026-04-27T05:17:36.9026477Z Installing diff-lcs 1.4.4
2026-04-27T05:17:36.9267885Z Installing faraday-net_http 2.0.3
2026-04-27T05:17:36.9400625Z Using ruby2_keywords 0.0.5
2026-04-27T05:17:36.9409441Z Fetching json 2.7.1
2026-04-27T05:17:36.9841712Z Installing json 2.7.1 with native extensions
2026-04-27T05:17:37.0218753Z Fetching language_server-protocol 3.17.0.3
2026-04-27T05:17:37.0652026Z Installing language_server-protocol 3.17.0.3
2026-04-27T05:17:37.1548716Z Fetching lint_roller 1.1.0
2026-04-27T05:17:37.2190456Z Installing lint_roller 1.1.0
2026-04-27T05:17:37.2331551Z Fetching parallel 1.24.0
2026-04-27T05:17:37.2702844Z Installing parallel 1.24.0
2026-04-27T05:17:37.2784473Z Fetching racc 1.7.3
2026-04-27T05:17:37.3228358Z Installing racc 1.7.3 with native extensions
2026-04-27T05:17:37.3686758Z Fetching rainbow 3.1.1
2026-04-27T05:17:37.4048439Z Installing rainbow 3.1.1
2026-04-27T05:17:37.4115286Z Fetching regexp_parser 2.8.3
2026-04-27T05:17:37.4530079Z Installing regexp_parser 2.8.3
2026-04-27T05:17:37.4768498Z Fetching rexml 3.2.6
2026-04-27T05:17:37.5185132Z Installing rexml 3.2.6
2026-04-27T05:17:37.6225186Z Fetching rspec-support 3.10.1
2026-04-27T05:17:37.6605946Z Installing rspec-support 3.10.1
2026-04-27T05:17:37.6740807Z Fetching ruby-progressbar 1.13.0
2026-04-27T05:17:37.7243602Z Installing ruby-progressbar 1.13.0
2026-04-27T05:17:37.7349827Z Fetching unicode-display_width 2.5.0
2026-04-27T05:17:37.7714960Z Installing unicode-display_width 2.5.0
2026-04-27T05:17:37.7772707Z Fetching addressable 2.8.0
2026-04-27T05:17:37.8209899Z Installing addressable 2.8.0
2026-04-27T05:17:37.8378161Z Fetching faraday 2.3.0
2026-04-27T05:17:37.8784528Z Installing faraday 2.3.0
2026-04-27T05:17:37.9036704Z Fetching i18n 1.12.0
2026-04-27T05:17:37.9624849Z Installing i18n 1.12.0
2026-04-27T05:17:37.9806569Z Fetching tzinfo 2.0.6
2026-04-27T05:17:38.0408503Z Installing tzinfo 2.0.6
2026-04-27T05:17:38.0668880Z Fetching rspec-core 3.10.1
2026-04-27T05:17:38.1398693Z Installing rspec-core 3.10.1
2026-04-27T05:17:38.1838423Z Fetching rspec-expectations 3.10.1
2026-04-27T05:17:38.2478360Z Installing rspec-expectations 3.10.1
2026-04-27T05:17:38.2746508Z Fetching rspec-mocks 3.10.1
2026-04-27T05:17:38.3358238Z Installing rspec-mocks 3.10.1
2026-04-27T05:17:38.3489898Z Fetching faraday-retry 2.0.0
2026-04-27T05:17:38.3918549Z Installing faraday-retry 2.0.0
2026-04-27T05:17:38.3985106Z Fetching sawyer 0.9.2
2026-04-27T05:17:38.4335148Z Installing sawyer 0.9.2
2026-04-27T05:17:38.4440002Z Fetching activesupport 6.1.7.3
2026-04-27T05:17:38.5127942Z Installing activesupport 6.1.7.3
2026-04-27T05:17:38.5194594Z Fetching rspec 3.10.0
2026-04-27T05:17:38.5552746Z Installing rspec 3.10.0
2026-04-27T05:17:38.5654851Z Fetching octokit 4.25.0
2026-04-27T05:17:38.6103804Z Installing octokit 4.25.0
2026-04-27T05:17:38.6768610Z Fetching parser 3.2.2.4
2026-04-27T05:17:38.7529930Z Installing parser 3.2.2.4
2026-04-27T05:17:38.8638467Z Fetching rubocop-ast 1.30.0
2026-04-27T05:17:38.9217924Z Installing rubocop-ast 1.30.0
2026-04-27T05:17:40.3791071Z Fetching rubocop 1.57.2
2026-04-27T05:17:40.4447838Z Installing rubocop 1.57.2
2026-04-27T05:17:40.6215801Z Fetching standard-custom 1.0.2
2026-04-27T05:17:40.6218742Z Fetching rubocop-performance 1.19.1
2026-04-27T05:17:40.6745320Z Installing standard-custom 1.0.2
2026-04-27T05:17:40.6815366Z Installing rubocop-performance 1.19.1
2026-04-27T05:17:40.6977702Z Fetching standard-performance 1.2.1
2026-04-27T05:17:40.7312143Z Installing standard-performance 1.2.1
2026-04-27T05:17:40.7383408Z Fetching standard 1.32.1
2026-04-27T05:17:40.7747180Z Installing standard 1.32.1
2026-04-27T05:17:40.8102455Z Bundle complete! 6 Gemfile dependencies, 40 gems now installed.
2026-04-27T05:17:40.8103434Z Use `bundle info [gemname]` to see where a bundled gem is installed.
2026-04-27T05:17:40.9320758Z ##[group]Run ruby entrypoint.rb
2026-04-27T05:17:40.9321039Z [36;1mruby entrypoint.rb[0m
2026-04-27T05:17:40.9343055Z shell: /usr/bin/bash --noprofile --norc -e -o pipefail {0}
2026-04-27T05:17:40.9343385Z env:
2026-04-27T05:17:40.9343748Z   WAIT_INTERVAL: 30
2026-04-27T05:17:40.9343985Z   ALLOWED_CONCLUSIONS: success,skipped,neutral
2026-04-27T05:17:40.9344252Z   IGNORE_CHECKS: 
2026-04-27T05:17:40.9344431Z   CHECK_NAME: 
2026-04-27T05:17:40.9344591Z   CHECK_REGEXP: 
2026-04-27T05:17:40.9344804Z   REF: 985756b554db85565bc01c96c276fe47be86894d
2026-04-27T05:17:40.9345351Z   REPO_TOKEN: ***
2026-04-27T05:17:40.9345542Z   VERBOSE: true
2026-04-27T05:17:40.9345739Z   RUNNING_WORKFLOW_NAME: Auto-merge
2026-04-27T05:17:40.9345974Z   API_ENDPOINT: 
2026-04-27T05:17:40.9346152Z ##[endgroup]
2026-04-27T05:17:41.8921330Z Checks running on ref:
2026-04-27T05:17:41.8922837Z Checks completed: firebase-distribute, capture-failure-log, autofix, lint-and-test, capture-failure-log, capture-failure-log, e2e, test, capture-failure-log, connected-tests, cross-device-tests, web-lint-and-test, maybe-label
2026-04-27T05:17:41.8924394Z Checks in_progress: Auto-merge
2026-04-27T05:17:41.8924765Z Checks after ignore checks filter:
2026-04-27T05:17:41.8955828Z Checks completed: firebase-distribute, capture-failure-log, autofix, lint-and-test, capture-failure-log, capture-failure-log, e2e, test, capture-failure-log, connected-tests, cross-device-tests, web-lint-and-test, maybe-label
2026-04-27T05:17:41.8957632Z Checks after check_name filter:
2026-04-27T05:17:41.8959112Z Checks completed: firebase-distribute, capture-failure-log, autofix, lint-and-test, capture-failure-log, capture-failure-log, e2e, test, capture-failure-log, connected-tests, cross-device-tests, web-lint-and-test, maybe-label
2026-04-27T05:17:41.8960538Z Checks after Regexp filter:
2026-04-27T05:17:41.8961690Z Checks completed: firebase-distribute, capture-failure-log, autofix, lint-and-test, capture-failure-log, capture-failure-log, e2e, test, capture-failure-log, connected-tests, cross-device-tests, web-lint-and-test, maybe-label
2026-04-27T05:17:41.8962613Z Checks completed:
2026-04-27T05:17:41.8962839Z firebase-distribute: completed (cancelled)
2026-04-27T05:17:41.8963123Z capture-failure-log: completed (skipped)
2026-04-27T05:17:41.8963400Z autofix: completed (cancelled)
2026-04-27T05:17:41.8963638Z lint-and-test: completed (cancelled)
2026-04-27T05:17:41.8963900Z capture-failure-log: completed (skipped)
2026-04-27T05:17:41.8964162Z capture-failure-log: completed (skipped)
2026-04-27T05:17:41.8964415Z e2e: completed (success)
2026-04-27T05:17:41.8964629Z test: completed (success)
2026-04-27T05:17:41.8964857Z capture-failure-log: completed (skipped)
2026-04-27T05:17:41.8965109Z connected-tests: completed (skipped)
2026-04-27T05:17:41.8965367Z cross-device-tests: completed (skipped)
2026-04-27T05:17:41.8965642Z web-lint-and-test: completed (success)
2026-04-27T05:17:41.8965899Z maybe-label: completed (success)
2026-04-27T05:17:41.8966560Z The conclusion of one or more checks were not allowed. Allowed conclusions are: success, skipped, neutral. This can be configured with the 'allowed-conclusions' param.
2026-04-27T05:17:41.9005883Z ##[error]Process completed with exit code 1.
2026-04-27T05:17:41.9114714Z Post job cleanup.
2026-04-27T05:17:41.9164097Z Cleaning up orphan processes
2026-04-27T05:17:41.9442826Z ##[warning]Node.js 20 actions are deprecated. The following actions are running on Node.js 20 and may not work as expected: actions/cache@v4. Actions will be forced to run with Node.js 24 by default starting June 2nd, 2026. Node.js 20 will be removed from the runner on September 16th, 2026. Please check if updated versions of these actions are available that support Node.js 24. To opt into Node.js 24 now, set the FORCE_JAVASCRIPT_ACTIONS_TO_NODE24=true environment variable on the runner or in your workflow file. Once Node.js 24 becomes the default, you can temporarily opt out by setting ACTIONS_ALLOW_USE_UNSECURE_NODE_VERSION=true. For more information see: https://github.blog/changelog/2025-09-19-deprecation-of-node-20-on-github-actions-runners/
