=== CI FAILURE ===
Workflow:      Auto-merge & Release
Workflow file: akarlin3/prismTask/.github/workflows/auto-merge.yml@refs/pull/829/merge
Job(s):        Auto-merge
Run ID:        24972936244
Run attempt:   1
Run URL:       https://github.com/akarlin3/prismTask/actions/runs/24972936244
Commit:        624b63500791427c8abb1c5b6e846c83b147865a
Branch:        829/merge
Event:         pull_request
Actor:         akarlin3
Runner OS:     Linux
Timestamp:     2026-04-27T02:03:59.575Z

Failed steps:
  - Auto-merge: #4 Wait for all other CI checks to pass

=== FAILED JOB LOG ===

--- Job: Auto-merge (id 73119277836) ---
2026-04-27T01:56:08.5158128Z Current runner version: '2.333.1'
2026-04-27T01:56:08.5182580Z ##[group]Runner Image Provisioner
2026-04-27T01:56:08.5183599Z Hosted Compute Agent
2026-04-27T01:56:08.5184157Z Version: 20260213.493
2026-04-27T01:56:08.5184860Z Commit: 5c115507f6dd24b8de37d8bbe0bb4509d0cc0fa3
2026-04-27T01:56:08.5185643Z Build Date: 2026-02-13T00:28:41Z
2026-04-27T01:56:08.5186278Z Worker ID: {463fdcd8-b227-4668-bd57-46684db93a6d}
2026-04-27T01:56:08.5187019Z Azure Region: westus
2026-04-27T01:56:08.5187513Z ##[endgroup]
2026-04-27T01:56:08.5188889Z ##[group]Operating System
2026-04-27T01:56:08.5189554Z Ubuntu
2026-04-27T01:56:08.5190056Z 24.04.4
2026-04-27T01:56:08.5190498Z LTS
2026-04-27T01:56:08.5190970Z ##[endgroup]
2026-04-27T01:56:08.5191461Z ##[group]Runner Image
2026-04-27T01:56:08.5191968Z Image: ubuntu-24.04
2026-04-27T01:56:08.5192507Z Version: 20260413.86.1
2026-04-27T01:56:08.5193906Z Included Software: https://github.com/actions/runner-images/blob/ubuntu24/20260413.86/images/ubuntu/Ubuntu2404-Readme.md
2026-04-27T01:56:08.5195395Z Image Release: https://github.com/actions/runner-images/releases/tag/ubuntu24%2F20260413.86
2026-04-27T01:56:08.5196320Z ##[endgroup]
2026-04-27T01:56:08.5197653Z ##[group]GITHUB_TOKEN Permissions
2026-04-27T01:56:08.5199487Z Actions: read
2026-04-27T01:56:08.5199998Z Checks: read
2026-04-27T01:56:08.5200590Z Contents: write
2026-04-27T01:56:08.5201065Z Metadata: read
2026-04-27T01:56:08.5201574Z PullRequests: write
2026-04-27T01:56:08.5202129Z ##[endgroup]
2026-04-27T01:56:08.5204333Z Secret source: Actions
2026-04-27T01:56:08.5205038Z Prepare workflow directory
2026-04-27T01:56:08.5643588Z Prepare all required actions
2026-04-27T01:56:08.5680900Z Getting action download info
2026-04-27T01:56:08.9899376Z Download action repository 'lewagon/wait-on-check-action@ccfb013c15c8afb7bf2b7c028fb74dc5a068cccc' (SHA:ccfb013c15c8afb7bf2b7c028fb74dc5a068cccc)
2026-04-27T01:56:09.6056864Z Getting action download info
2026-04-27T01:56:09.7953664Z Download action repository 'ruby/setup-ruby@v1' (SHA:c4e5b1316158f92e3d49443a9d58b31d25ac0f8f)
2026-04-27T01:56:10.3609786Z Download action repository 'actions/cache@v4' (SHA:0057852bfaa89a56745cba8c7296529d2fc39830)
2026-04-27T01:56:10.5635010Z Complete job name: Auto-merge
2026-04-27T01:56:10.6324854Z ##[group]Run set -euo pipefail
2026-04-27T01:56:10.6325965Z [36;1mset -euo pipefail[0m
2026-04-27T01:56:10.6327303Z [36;1m# Audit item #5 — poll check-runs for up to 60s instead of a bare[0m
2026-04-27T01:56:10.6329076Z [36;1m# 20s sleep. On a busy runner cohort the initial 20s wasn't enough[0m
2026-04-27T01:56:10.6330811Z [36;1m# for the API to reflect queued workflow runs, which could merge[0m
2026-04-27T01:56:10.6332519Z [36;1m# PRs without waiting for CI. Bail out early as soon as ≥1 real[0m
2026-04-27T01:56:10.6334316Z [36;1m# check shows up.[0m
2026-04-27T01:56:10.6335229Z [36;1mCOUNT=0[0m
2026-04-27T01:56:10.6336039Z [36;1mfor i in $(seq 1 6); do[0m
2026-04-27T01:56:10.6337006Z [36;1m  sleep 10[0m
2026-04-27T01:56:10.6338142Z [36;1m  COUNT=$(gh api "repos/$REPO/commits/$HEAD_SHA/check-runs" \[0m
2026-04-27T01:56:10.6339853Z [36;1m    --jq '[.check_runs[] | select(.name != "Auto-merge")] | length')[0m
2026-04-27T01:56:10.6341291Z [36;1m  if [ "$COUNT" -gt 0 ]; then[0m
2026-04-27T01:56:10.6342593Z [36;1m    echo "Found $COUNT non-Auto-merge check(s) after ${i}0s"[0m
2026-04-27T01:56:10.6344040Z [36;1m    break[0m
2026-04-27T01:56:10.6344819Z [36;1m  fi[0m
2026-04-27T01:56:10.6345813Z [36;1m  echo "No non-Auto-merge checks yet (attempt $i/6)"[0m
2026-04-27T01:56:10.6347047Z [36;1mdone[0m
2026-04-27T01:56:10.6347841Z [36;1mif [ "$COUNT" -gt 0 ]; then[0m
2026-04-27T01:56:10.6348937Z [36;1m  echo "has_ci=true" >> "$GITHUB_OUTPUT"[0m
2026-04-27T01:56:10.6350024Z [36;1melse[0m
2026-04-27T01:56:10.6350882Z [36;1m  echo "has_ci=false" >> "$GITHUB_OUTPUT"[0m
2026-04-27T01:56:10.6352378Z [36;1m  echo "No CI checks on this PR after 60s — will merge without waiting."[0m
2026-04-27T01:56:10.6353877Z [36;1mfi[0m
2026-04-27T01:56:10.6379915Z shell: /usr/bin/bash -e {0}
2026-04-27T01:56:10.6381101Z env:
2026-04-27T01:56:10.6381807Z   WAIT_INTERVAL: 30
2026-04-27T01:56:10.6382960Z   GH_TOKEN: ***
2026-04-27T01:56:10.6384096Z   HEAD_SHA: e0588702baf483a00d68170b13039259ea9b91ff
2026-04-27T01:56:10.6385241Z   REPO: akarlin3/prismTask
2026-04-27T01:56:10.6386091Z ##[endgroup]
2026-04-27T01:56:21.8432032Z Found 9 non-Auto-merge check(s) after 10s
2026-04-27T01:56:21.8552000Z ##[group]Run set -euo pipefail
2026-04-27T01:56:21.8552376Z [36;1mset -euo pipefail[0m
2026-04-27T01:56:21.8552823Z [36;1mREQUIRED=$(gh api "repos/$REPO/branches/main/protection/required_status_checks" \[0m
2026-04-27T01:56:21.8553629Z [36;1m  --jq '.contexts[]' 2>/dev/null || true)[0m
2026-04-27T01:56:21.8553975Z [36;1mif [ -z "$REQUIRED" ]; then[0m
2026-04-27T01:56:21.8554526Z [36;1m  echo "::warning::Could not query branch protection (likely a permission issue) — using hardcoded fallback list."[0m
2026-04-27T01:56:21.8555103Z [36;1m  REQUIRED="$FALLBACK_REQUIRED"[0m
2026-04-27T01:56:21.8555405Z [36;1mfi[0m
2026-04-27T01:56:21.8555708Z [36;1m# Strip Auto-merge from the required list so we don't wait on[0m
2026-04-27T01:56:21.8556171Z [36;1m# ourselves (it's listed because we ARE the running workflow).[0m
2026-04-27T01:56:21.8556702Z [36;1mREQUIRED=$(echo "$REQUIRED" | grep -vE '^\s*Auto-merge\s*$' | grep -vE '^\s*$' || true)[0m
2026-04-27T01:56:21.8557199Z [36;1mif [ -z "$REQUIRED" ]; then[0m
2026-04-27T01:56:21.8557580Z [36;1m  echo "No required checks beyond Auto-merge; skipping queue wait."[0m
2026-04-27T01:56:21.8557969Z [36;1m  exit 0[0m
2026-04-27T01:56:21.8558206Z [36;1mfi[0m
2026-04-27T01:56:21.8558475Z [36;1mecho "Waiting until these required checks queue:"[0m
2026-04-27T01:56:21.8558824Z [36;1mecho "$REQUIRED" | sed 's/^/  /'[0m
2026-04-27T01:56:21.8559196Z [36;1m# 30 attempts × 10s = 5 min ceiling. If checks haven't queued[0m
2026-04-27T01:56:21.8559681Z [36;1m# by then something is genuinely broken (workflow file invalid,[0m
2026-04-27T01:56:21.8560168Z [36;1m# path filter excluding everything, etc.) — log and proceed so[0m
2026-04-27T01:56:21.8560610Z [36;1m# wait-on-check-action can decide how to handle it.[0m
2026-04-27T01:56:21.8561031Z [36;1mfor attempt in $(seq 1 30); do[0m
2026-04-27T01:56:21.8561476Z [36;1m  CHECK_RUNS=$(gh api --paginate "repos/$REPO/commits/$HEAD_SHA/check-runs" \[0m
2026-04-27T01:56:21.8561956Z [36;1m    --jq '.check_runs[].name' | sort -u)[0m
2026-04-27T01:56:21.8562286Z [36;1m  MISSING=""[0m
2026-04-27T01:56:21.8562545Z [36;1m  while IFS= read -r req; do[0m
2026-04-27T01:56:21.8562831Z [36;1m    [ -z "$req" ] && continue[0m
2026-04-27T01:56:21.8563447Z [36;1m    req_trimmed=$(echo "$req" | xargs)[0m
2026-04-27T01:56:21.8563881Z [36;1m    if ! echo "$CHECK_RUNS" | grep -qxF "$req_trimmed"; then[0m
2026-04-27T01:56:21.8564306Z [36;1m      MISSING="$MISSING $req_trimmed"[0m
2026-04-27T01:56:21.8564605Z [36;1m    fi[0m
2026-04-27T01:56:21.8564859Z [36;1m  done <<< "$REQUIRED"[0m
2026-04-27T01:56:21.8565220Z [36;1m  if [ -z "$MISSING" ]; then[0m
2026-04-27T01:56:21.8565624Z [36;1m    echo "All required checks have queued after attempt $attempt."[0m
2026-04-27T01:56:21.8566002Z [36;1m    exit 0[0m
2026-04-27T01:56:21.8566226Z [36;1m  fi[0m
2026-04-27T01:56:21.8566515Z [36;1m  echo "Still waiting for:$MISSING (attempt $attempt/30)"[0m
2026-04-27T01:56:21.8566866Z [36;1m  sleep 10[0m
2026-04-27T01:56:21.8567086Z [36;1mdone[0m
2026-04-27T01:56:21.8567584Z [36;1mecho "::warning::Some required checks never queued after 5 min:$MISSING — proceeding to wait-on-check-action anyway."[0m
2026-04-27T01:56:21.8589630Z shell: /usr/bin/bash -e {0}
2026-04-27T01:56:21.8589899Z env:
2026-04-27T01:56:21.8590108Z   WAIT_INTERVAL: 30
2026-04-27T01:56:21.8590611Z   GH_TOKEN: ***
2026-04-27T01:56:21.8590876Z   HEAD_SHA: e0588702baf483a00d68170b13039259ea9b91ff
2026-04-27T01:56:21.8591198Z   REPO: akarlin3/prismTask
2026-04-27T01:56:21.8591571Z   FALLBACK_REQUIRED: lint-and-test
connected-tests
test
web-lint-and-test

2026-04-27T01:56:21.8592229Z ##[endgroup]
2026-04-27T01:56:22.1000000Z Waiting until these required checks queue:
2026-04-27T01:56:22.1014759Z   {"message":"Resource not accessible by integration","documentation_url":"https://docs.github.com/rest/branches/branch-protection#get-status-checks-protection","status":"403"}
2026-04-27T01:56:22.5965089Z Still waiting for: {message:Resource not accessible by integration,documentation_url:https://docs.github.com/rest/branches/branch-protection#get-status-checks-protection,status:403} (attempt 1/30)
2026-04-27T01:56:33.0270310Z Still waiting for: {message:Resource not accessible by integration,documentation_url:https://docs.github.com/rest/branches/branch-protection#get-status-checks-protection,status:403} (attempt 2/30)
2026-04-27T01:56:43.5216308Z Still waiting for: {message:Resource not accessible by integration,documentation_url:https://docs.github.com/rest/branches/branch-protection#get-status-checks-protection,status:403} (attempt 3/30)
2026-04-27T01:56:54.0022310Z Still waiting for: {message:Resource not accessible by integration,documentation_url:https://docs.github.com/rest/branches/branch-protection#get-status-checks-protection,status:403} (attempt 4/30)
2026-04-27T01:57:04.5061626Z Still waiting for: {message:Resource not accessible by integration,documentation_url:https://docs.github.com/rest/branches/branch-protection#get-status-checks-protection,status:403} (attempt 5/30)
2026-04-27T01:57:14.9834688Z Still waiting for: {message:Resource not accessible by integration,documentation_url:https://docs.github.com/rest/branches/branch-protection#get-status-checks-protection,status:403} (attempt 6/30)
2026-04-27T01:57:25.4581287Z Still waiting for: {message:Resource not accessible by integration,documentation_url:https://docs.github.com/rest/branches/branch-protection#get-status-checks-protection,status:403} (attempt 7/30)
2026-04-27T01:57:35.9621180Z Still waiting for: {message:Resource not accessible by integration,documentation_url:https://docs.github.com/rest/branches/branch-protection#get-status-checks-protection,status:403} (attempt 8/30)
2026-04-27T01:57:46.4669285Z Still waiting for: {message:Resource not accessible by integration,documentation_url:https://docs.github.com/rest/branches/branch-protection#get-status-checks-protection,status:403} (attempt 9/30)
2026-04-27T01:57:56.9613047Z Still waiting for: {message:Resource not accessible by integration,documentation_url:https://docs.github.com/rest/branches/branch-protection#get-status-checks-protection,status:403} (attempt 10/30)
2026-04-27T01:58:07.4639662Z Still waiting for: {message:Resource not accessible by integration,documentation_url:https://docs.github.com/rest/branches/branch-protection#get-status-checks-protection,status:403} (attempt 11/30)
2026-04-27T01:58:17.9432325Z Still waiting for: {message:Resource not accessible by integration,documentation_url:https://docs.github.com/rest/branches/branch-protection#get-status-checks-protection,status:403} (attempt 12/30)
2026-04-27T01:58:28.3719394Z Still waiting for: {message:Resource not accessible by integration,documentation_url:https://docs.github.com/rest/branches/branch-protection#get-status-checks-protection,status:403} (attempt 13/30)
2026-04-27T01:58:38.8635764Z Still waiting for: {message:Resource not accessible by integration,documentation_url:https://docs.github.com/rest/branches/branch-protection#get-status-checks-protection,status:403} (attempt 14/30)
2026-04-27T01:58:49.3976497Z Still waiting for: {message:Resource not accessible by integration,documentation_url:https://docs.github.com/rest/branches/branch-protection#get-status-checks-protection,status:403} (attempt 15/30)
2026-04-27T01:58:59.8722705Z Still waiting for: {message:Resource not accessible by integration,documentation_url:https://docs.github.com/rest/branches/branch-protection#get-status-checks-protection,status:403} (attempt 16/30)
2026-04-27T01:59:10.3474458Z Still waiting for: {message:Resource not accessible by integration,documentation_url:https://docs.github.com/rest/branches/branch-protection#get-status-checks-protection,status:403} (attempt 17/30)
2026-04-27T01:59:20.8196638Z Still waiting for: {message:Resource not accessible by integration,documentation_url:https://docs.github.com/rest/branches/branch-protection#get-status-checks-protection,status:403} (attempt 18/30)
2026-04-27T01:59:31.2684316Z Still waiting for: {message:Resource not accessible by integration,documentation_url:https://docs.github.com/rest/branches/branch-protection#get-status-checks-protection,status:403} (attempt 19/30)
2026-04-27T01:59:41.7296294Z Still waiting for: {message:Resource not accessible by integration,documentation_url:https://docs.github.com/rest/branches/branch-protection#get-status-checks-protection,status:403} (attempt 20/30)
2026-04-27T01:59:52.2207976Z Still waiting for: {message:Resource not accessible by integration,documentation_url:https://docs.github.com/rest/branches/branch-protection#get-status-checks-protection,status:403} (attempt 21/30)
2026-04-27T02:00:02.7001711Z Still waiting for: {message:Resource not accessible by integration,documentation_url:https://docs.github.com/rest/branches/branch-protection#get-status-checks-protection,status:403} (attempt 22/30)
2026-04-27T02:00:13.2011361Z Still waiting for: {message:Resource not accessible by integration,documentation_url:https://docs.github.com/rest/branches/branch-protection#get-status-checks-protection,status:403} (attempt 23/30)
2026-04-27T02:00:23.6577649Z Still waiting for: {message:Resource not accessible by integration,documentation_url:https://docs.github.com/rest/branches/branch-protection#get-status-checks-protection,status:403} (attempt 24/30)
2026-04-27T02:00:34.1745274Z Still waiting for: {message:Resource not accessible by integration,documentation_url:https://docs.github.com/rest/branches/branch-protection#get-status-checks-protection,status:403} (attempt 25/30)
2026-04-27T02:00:44.6957965Z Still waiting for: {message:Resource not accessible by integration,documentation_url:https://docs.github.com/rest/branches/branch-protection#get-status-checks-protection,status:403} (attempt 26/30)
2026-04-27T02:00:55.1656558Z Still waiting for: {message:Resource not accessible by integration,documentation_url:https://docs.github.com/rest/branches/branch-protection#get-status-checks-protection,status:403} (attempt 27/30)
2026-04-27T02:01:05.7011400Z Still waiting for: {message:Resource not accessible by integration,documentation_url:https://docs.github.com/rest/branches/branch-protection#get-status-checks-protection,status:403} (attempt 28/30)
2026-04-27T02:01:16.1644351Z Still waiting for: {message:Resource not accessible by integration,documentation_url:https://docs.github.com/rest/branches/branch-protection#get-status-checks-protection,status:403} (attempt 29/30)
2026-04-27T02:01:26.6932805Z Still waiting for: {message:Resource not accessible by integration,documentation_url:https://docs.github.com/rest/branches/branch-protection#get-status-checks-protection,status:403} (attempt 30/30)
2026-04-27T02:01:36.6983399Z ##[warning]Some required checks never queued after 5 min: {message:Resource not accessible by integration,documentation_url:https://docs.github.com/rest/branches/branch-protection#get-status-checks-protection,status:403} — proceeding to wait-on-check-action anyway.
2026-04-27T02:01:36.7209760Z ##[group]Run lewagon/wait-on-check-action@ccfb013c15c8afb7bf2b7c028fb74dc5a068cccc
2026-04-27T02:01:36.7210181Z with:
2026-04-27T02:01:36.7210380Z   ref: e0588702baf483a00d68170b13039259ea9b91ff
2026-04-27T02:01:36.7210654Z   running-workflow-name: Auto-merge
2026-04-27T02:01:36.7211094Z   repo-token: ***
2026-04-27T02:01:36.7211284Z   wait-interval: 30
2026-04-27T02:01:36.7211507Z   allowed-conclusions: success,skipped,neutral
2026-04-27T02:01:36.7211777Z   verbose: true
2026-04-27T02:01:36.7211946Z env:
2026-04-27T02:01:36.7212108Z   WAIT_INTERVAL: 30
2026-04-27T02:01:36.7212286Z ##[endgroup]
2026-04-27T02:01:36.7334791Z ##[group]Run ruby/setup-ruby@v1
2026-04-27T02:01:36.7335036Z with:
2026-04-27T02:01:36.7335426Z   ruby-version: 3.2
2026-04-27T02:01:36.7335621Z   bundler-cache: false
2026-04-27T02:01:36.7335941Z   token: ***
2026-04-27T02:01:36.7336104Z env:
2026-04-27T02:01:36.7336263Z   WAIT_INTERVAL: 30
2026-04-27T02:01:36.7336445Z ##[endgroup]
2026-04-27T02:01:36.8752664Z ##[group]Modifying PATH
2026-04-27T02:01:36.8753423Z Entries added to PATH to use selected Ruby:
2026-04-27T02:01:36.8754141Z   /opt/hostedtoolcache/Ruby/3.2.11/x64/bin
2026-04-27T02:01:36.8759869Z ##[endgroup]
2026-04-27T02:01:36.8760683Z ##[group]Print Ruby version
2026-04-27T02:01:36.8894320Z [command]/opt/hostedtoolcache/Ruby/3.2.11/x64/bin/ruby --version
2026-04-27T02:01:37.0383253Z ruby 3.2.11 (2026-03-27 revision 5483bfc1ae) [x86_64-linux]
2026-04-27T02:01:37.0414151Z Took   0.17 seconds
2026-04-27T02:01:37.0414871Z ##[endgroup]
2026-04-27T02:01:37.0416483Z ##[group]Installing Bundler
2026-04-27T02:01:37.0419929Z Using Bundler shipped with ruby-3.2.11
2026-04-27T02:01:37.0421263Z Took   0.00 seconds
2026-04-27T02:01:37.0421856Z ##[endgroup]
2026-04-27T02:01:37.1054635Z ##[group]Run actions/cache@v4
2026-04-27T02:01:37.1054891Z with:
2026-04-27T02:01:37.1055304Z   path: /home/runner/work/_actions/lewagon/wait-on-check-action/ccfb013c15c8afb7bf2b7c028fb74dc5a068cccc
2026-04-27T02:01:37.1055801Z   key: Linux-gems-
2026-04-27T02:01:37.1055993Z   restore-keys: Linux-gems-
2026-04-27T02:01:37.1056211Z   enableCrossOsArchive: false
2026-04-27T02:01:37.1056430Z   fail-on-cache-miss: false
2026-04-27T02:01:37.1056628Z   lookup-only: false
2026-04-27T02:01:37.1056806Z   save-always: false
2026-04-27T02:01:37.1056976Z env:
2026-04-27T02:01:37.1057124Z   WAIT_INTERVAL: 30
2026-04-27T02:01:37.1057299Z ##[endgroup]
2026-04-27T02:01:37.5781582Z Cache hit for: Linux-gems-
2026-04-27T02:01:37.9811714Z Received 13147 of 13147 (100.0%), 0.2 MBs/sec
2026-04-27T02:01:37.9812160Z Cache Size: ~0 MB (13147 B)
2026-04-27T02:01:37.9856961Z [command]/usr/bin/tar -xf /home/runner/work/_temp/3106941e-27c2-4ecf-b013-96c1709d2089/cache.tzst -P -C /home/runner/work/prismTask/prismTask --use-compress-program unzstd
2026-04-27T02:01:37.9924119Z Cache restored successfully
2026-04-27T02:01:38.0040982Z Cache restored from key: Linux-gems-
2026-04-27T02:01:38.0125601Z ##[group]Run bundle install --jobs 4 --retry 3
2026-04-27T02:01:38.0125926Z [36;1mbundle install --jobs 4 --retry 3[0m
2026-04-27T02:01:38.0149075Z shell: /usr/bin/bash --noprofile --norc -e -o pipefail {0}
2026-04-27T02:01:38.0149394Z env:
2026-04-27T02:01:38.0149557Z   WAIT_INTERVAL: 30
2026-04-27T02:01:38.0149742Z ##[endgroup]
2026-04-27T02:01:39.0399421Z Bundler 2.4.19 is running, but your lockfile was generated with 2.2.3. Installing Bundler 2.2.3 and restarting using that version.
2026-04-27T02:01:40.3465054Z Fetching gem metadata from https://rubygems.org/.
2026-04-27T02:01:40.3542144Z Fetching bundler 2.2.3
2026-04-27T02:01:40.4907465Z Installing bundler 2.2.3
2026-04-27T02:01:40.6797815Z Calling `DidYouMean::SPELL_CHECKERS.merge!(error_name => spell_checker)' has been deprecated. Please call `DidYouMean.correct_error(error_name, spell_checker)' instead.
2026-04-27T02:01:41.9867659Z Fetching gem metadata from https://rubygems.org/.........
2026-04-27T02:01:41.9967303Z Fetching concurrent-ruby 1.2.2
2026-04-27T02:01:41.9972276Z Fetching zeitwerk 2.6.7
2026-04-27T02:01:42.0263992Z Fetching public_suffix 4.0.7
2026-04-27T02:01:42.0269267Z Fetching minitest 5.18.0
2026-04-27T02:01:42.1214598Z Installing zeitwerk 2.6.7
2026-04-27T02:01:42.1359000Z Installing minitest 5.18.0
2026-04-27T02:01:42.1369514Z Installing public_suffix 4.0.7
2026-04-27T02:01:42.1755925Z Installing concurrent-ruby 1.2.2
2026-04-27T02:01:42.1907479Z Fetching ast 2.4.2
2026-04-27T02:01:42.2277514Z Using bundler 2.2.3
2026-04-27T02:01:42.2298786Z Fetching byebug 11.1.3
2026-04-27T02:01:42.2308011Z Installing ast 2.4.2
2026-04-27T02:01:42.2726697Z Fetching diff-lcs 1.4.4
2026-04-27T02:01:42.3059410Z Installing byebug 11.1.3 with native extensions
2026-04-27T02:01:42.3070844Z Fetching faraday-net_http 2.0.3
2026-04-27T02:01:42.3535073Z Installing diff-lcs 1.4.4
2026-04-27T02:01:42.3566470Z Installing faraday-net_http 2.0.3
2026-04-27T02:01:42.3735207Z Using ruby2_keywords 0.0.5
2026-04-27T02:01:42.3752927Z Fetching json 2.7.1
2026-04-27T02:01:42.4191393Z Installing json 2.7.1 with native extensions
2026-04-27T02:01:42.4564494Z Fetching language_server-protocol 3.17.0.3
2026-04-27T02:01:42.5010864Z Installing language_server-protocol 3.17.0.3
2026-04-27T02:01:42.5564267Z Fetching lint_roller 1.1.0
2026-04-27T02:01:42.5916843Z Installing lint_roller 1.1.0
2026-04-27T02:01:42.6093709Z Fetching parallel 1.24.0
2026-04-27T02:01:42.6500214Z Installing parallel 1.24.0
2026-04-27T02:01:42.6674303Z Fetching racc 1.7.3
2026-04-27T02:01:42.7243571Z Installing racc 1.7.3 with native extensions
2026-04-27T02:01:42.7863347Z Fetching rainbow 3.1.1
2026-04-27T02:01:42.8189817Z Installing rainbow 3.1.1
2026-04-27T02:01:42.8251464Z Fetching regexp_parser 2.8.3
2026-04-27T02:01:42.8671826Z Installing regexp_parser 2.8.3
2026-04-27T02:01:42.8878735Z Fetching rexml 3.2.6
2026-04-27T02:01:42.9282780Z Installing rexml 3.2.6
2026-04-27T02:01:43.0108831Z Fetching rspec-support 3.10.1
2026-04-27T02:01:43.0444421Z Installing rspec-support 3.10.1
2026-04-27T02:01:43.0566055Z Fetching ruby-progressbar 1.13.0
2026-04-27T02:01:43.0923731Z Installing ruby-progressbar 1.13.0
2026-04-27T02:01:43.1023337Z Fetching unicode-display_width 2.5.0
2026-04-27T02:01:43.1431897Z Installing unicode-display_width 2.5.0
2026-04-27T02:01:43.1504293Z Fetching addressable 2.8.0
2026-04-27T02:01:43.1862528Z Installing addressable 2.8.0
2026-04-27T02:01:43.2002689Z Fetching faraday 2.3.0
2026-04-27T02:01:43.2396784Z Installing faraday 2.3.0
2026-04-27T02:01:43.2607049Z Fetching i18n 1.12.0
2026-04-27T02:01:43.2973243Z Installing i18n 1.12.0
2026-04-27T02:01:43.3124812Z Fetching tzinfo 2.0.6
2026-04-27T02:01:43.3484444Z Installing tzinfo 2.0.6
2026-04-27T02:01:43.3649586Z Fetching rspec-core 3.10.1
2026-04-27T02:01:43.4067096Z Installing rspec-core 3.10.1
2026-04-27T02:01:43.4326029Z Fetching rspec-expectations 3.10.1
2026-04-27T02:01:43.4700655Z Installing rspec-expectations 3.10.1
2026-04-27T02:01:43.4892616Z Fetching rspec-mocks 3.10.1
2026-04-27T02:01:43.5237392Z Installing rspec-mocks 3.10.1
2026-04-27T02:01:43.5388296Z Fetching faraday-retry 2.0.0
2026-04-27T02:01:43.5756300Z Installing faraday-retry 2.0.0
2026-04-27T02:01:43.5817674Z Fetching sawyer 0.9.2
2026-04-27T02:01:43.6161222Z Installing sawyer 0.9.2
2026-04-27T02:01:43.6246136Z Fetching activesupport 6.1.7.3
2026-04-27T02:01:43.6679079Z Installing activesupport 6.1.7.3
2026-04-27T02:01:43.7293450Z Fetching rspec 3.10.0
2026-04-27T02:01:43.7670630Z Installing rspec 3.10.0
2026-04-27T02:01:43.7718763Z Fetching octokit 4.25.0
2026-04-27T02:01:43.8079934Z Installing octokit 4.25.0
2026-04-27T02:01:45.1448759Z Fetching parser 3.2.2.4
2026-04-27T02:01:45.2544989Z Installing parser 3.2.2.4
2026-04-27T02:01:45.3458603Z Fetching rubocop-ast 1.30.0
2026-04-27T02:01:45.4012570Z Installing rubocop-ast 1.30.0
2026-04-27T02:01:46.7422767Z Fetching rubocop 1.57.2
2026-04-27T02:01:46.7940914Z Installing rubocop 1.57.2
2026-04-27T02:01:46.9711673Z Fetching rubocop-performance 1.19.1
2026-04-27T02:01:46.9712196Z Fetching standard-custom 1.0.2
2026-04-27T02:01:47.0252681Z Installing standard-custom 1.0.2
2026-04-27T02:01:47.0335777Z Installing rubocop-performance 1.19.1
2026-04-27T02:01:47.0498487Z Fetching standard-performance 1.2.1
2026-04-27T02:01:47.0804698Z Installing standard-performance 1.2.1
2026-04-27T02:01:47.0875052Z Fetching standard 1.32.1
2026-04-27T02:01:47.1217639Z Installing standard 1.32.1
2026-04-27T02:01:47.1549940Z Bundle complete! 6 Gemfile dependencies, 40 gems now installed.
2026-04-27T02:01:47.2650779Z Use `bundle info [gemname]` to see where a bundled gem is installed.
2026-04-27T02:01:47.2682855Z ##[group]Run ruby entrypoint.rb
2026-04-27T02:01:47.2683461Z [36;1mruby entrypoint.rb[0m
2026-04-27T02:01:47.2704913Z shell: /usr/bin/bash --noprofile --norc -e -o pipefail {0}
2026-04-27T02:01:47.2705231Z env:
2026-04-27T02:01:47.2705399Z   WAIT_INTERVAL: 30
2026-04-27T02:01:47.2705806Z   ALLOWED_CONCLUSIONS: success,skipped,neutral
2026-04-27T02:01:47.2706072Z   IGNORE_CHECKS: 
2026-04-27T02:01:47.2706251Z   CHECK_NAME: 
2026-04-27T02:01:47.2706417Z   CHECK_REGEXP: 
2026-04-27T02:01:47.2706626Z   REF: e0588702baf483a00d68170b13039259ea9b91ff
2026-04-27T02:01:47.2707313Z   REPO_TOKEN: ***
2026-04-27T02:01:47.2707507Z   VERBOSE: true
2026-04-27T02:01:47.2707700Z   RUNNING_WORKFLOW_NAME: Auto-merge
2026-04-27T02:01:47.2707936Z   API_ENDPOINT: 
2026-04-27T02:01:47.2708117Z ##[endgroup]
2026-04-27T02:03:50.2963109Z Checks running on ref:
2026-04-27T02:03:50.2965779Z Checks completed: capture-failure-log, capture-failure-log, e2e, capture-failure-log, cross-device-tests, autofix, connected-tests, web-lint-and-test, test, maybe-label
2026-04-27T02:03:50.2967031Z Checks in_progress: lint-and-test, Auto-merge
2026-04-27T02:03:50.2967469Z Checks after ignore checks filter:
2026-04-27T02:03:50.2968570Z Checks completed: capture-failure-log, capture-failure-log, e2e, capture-failure-log, cross-device-tests, autofix, connected-tests, web-lint-and-test, test, maybe-label
2026-04-27T02:03:50.2969753Z Checks in_progress: lint-and-test
2026-04-27T02:03:50.2970139Z Checks after check_name filter:
2026-04-27T02:03:50.2971248Z Checks completed: capture-failure-log, capture-failure-log, e2e, capture-failure-log, cross-device-tests, autofix, connected-tests, web-lint-and-test, test, maybe-label
2026-04-27T02:03:50.2972357Z Checks in_progress: lint-and-test
2026-04-27T02:03:50.2972715Z Checks after Regexp filter:
2026-04-27T02:03:50.2973981Z Checks completed: capture-failure-log, capture-failure-log, e2e, capture-failure-log, cross-device-tests, autofix, connected-tests, web-lint-and-test, test, maybe-label
2026-04-27T02:03:50.2975168Z Checks in_progress: lint-and-test
2026-04-27T02:03:50.2975693Z The requested checks aren't complete yet, will check back in 30 seconds...
2026-04-27T02:03:50.2976259Z Checks running on ref:
2026-04-27T02:03:50.2977301Z Checks completed: capture-failure-log, capture-failure-log, e2e, capture-failure-log, cross-device-tests, autofix, connected-tests, web-lint-and-test, test, maybe-label
2026-04-27T02:03:50.2978501Z Checks in_progress: lint-and-test, Auto-merge
2026-04-27T02:03:50.2978946Z Checks after ignore checks filter:
2026-04-27T02:03:50.2980079Z Checks completed: capture-failure-log, capture-failure-log, e2e, capture-failure-log, cross-device-tests, autofix, connected-tests, web-lint-and-test, test, maybe-label
2026-04-27T02:03:50.2981252Z Checks in_progress: lint-and-test
2026-04-27T02:03:50.2981657Z Checks after check_name filter:
2026-04-27T02:03:50.2982855Z Checks completed: capture-failure-log, capture-failure-log, e2e, capture-failure-log, cross-device-tests, autofix, connected-tests, web-lint-and-test, test, maybe-label
2026-04-27T02:03:50.2984293Z Checks in_progress: lint-and-test
2026-04-27T02:03:50.2984710Z Checks after Regexp filter:
2026-04-27T02:03:50.2985898Z Checks completed: capture-failure-log, capture-failure-log, e2e, capture-failure-log, cross-device-tests, autofix, connected-tests, web-lint-and-test, test, maybe-label
2026-04-27T02:03:50.2987201Z Checks in_progress: lint-and-test
2026-04-27T02:03:50.2987814Z The requested checks aren't complete yet, will check back in 30 seconds...
2026-04-27T02:03:50.2988899Z Checks running on ref:
2026-04-27T02:03:50.2990349Z Checks completed: capture-failure-log, capture-failure-log, e2e, capture-failure-log, cross-device-tests, autofix, connected-tests, web-lint-and-test, test, maybe-label
2026-04-27T02:03:50.2991914Z Checks in_progress: lint-and-test, Auto-merge
2026-04-27T02:03:50.2992522Z Checks after ignore checks filter:
2026-04-27T02:03:50.2994157Z Checks completed: capture-failure-log, capture-failure-log, e2e, capture-failure-log, cross-device-tests, autofix, connected-tests, web-lint-and-test, test, maybe-label
2026-04-27T02:03:50.2995718Z Checks in_progress: lint-and-test
2026-04-27T02:03:50.2996219Z Checks after check_name filter:
2026-04-27T02:03:50.2997696Z Checks completed: capture-failure-log, capture-failure-log, e2e, capture-failure-log, cross-device-tests, autofix, connected-tests, web-lint-and-test, test, maybe-label
2026-04-27T02:03:50.2999597Z Checks in_progress: lint-and-test
2026-04-27T02:03:50.3000133Z Checks after Regexp filter:
2026-04-27T02:03:50.3001188Z Checks completed: capture-failure-log, capture-failure-log, e2e, capture-failure-log, cross-device-tests, autofix, connected-tests, web-lint-and-test, test, maybe-label
2026-04-27T02:03:50.3002366Z Checks in_progress: lint-and-test
2026-04-27T02:03:50.3002937Z The requested checks aren't complete yet, will check back in 30 seconds...
2026-04-27T02:03:50.3003669Z Checks running on ref:
2026-04-27T02:03:50.3004686Z Checks completed: capture-failure-log, capture-failure-log, e2e, capture-failure-log, cross-device-tests, autofix, connected-tests, web-lint-and-test, test, maybe-label
2026-04-27T02:03:50.3005505Z Checks in_progress: lint-and-test, Auto-merge
2026-04-27T02:03:50.3005786Z Checks after ignore checks filter:
2026-04-27T02:03:50.3006478Z Checks completed: capture-failure-log, capture-failure-log, e2e, capture-failure-log, cross-device-tests, autofix, connected-tests, web-lint-and-test, test, maybe-label
2026-04-27T02:03:50.3007168Z Checks in_progress: lint-and-test
2026-04-27T02:03:50.3007407Z Checks after check_name filter:
2026-04-27T02:03:50.3008063Z Checks completed: capture-failure-log, capture-failure-log, e2e, capture-failure-log, cross-device-tests, autofix, connected-tests, web-lint-and-test, test, maybe-label
2026-04-27T02:03:50.3008746Z Checks in_progress: lint-and-test
2026-04-27T02:03:50.3008978Z Checks after Regexp filter:
2026-04-27T02:03:50.3009623Z Checks completed: capture-failure-log, capture-failure-log, e2e, capture-failure-log, cross-device-tests, autofix, connected-tests, web-lint-and-test, test, maybe-label
2026-04-27T02:03:50.3010305Z Checks in_progress: lint-and-test
2026-04-27T02:03:50.3010640Z The requested checks aren't complete yet, will check back in 30 seconds...
2026-04-27T02:03:50.3010994Z Checks running on ref:
2026-04-27T02:03:50.3011839Z Checks completed: firebase-distribute, capture-failure-log, capture-failure-log, capture-failure-log, e2e, capture-failure-log, cross-device-tests, autofix, lint-and-test, connected-tests, web-lint-and-test, test, maybe-label
2026-04-27T02:03:50.3012777Z Checks in_progress: Auto-merge
2026-04-27T02:03:50.3013009Z Checks after ignore checks filter:
2026-04-27T02:03:50.3014264Z Checks completed: firebase-distribute, capture-failure-log, capture-failure-log, capture-failure-log, e2e, capture-failure-log, cross-device-tests, autofix, lint-and-test, connected-tests, web-lint-and-test, test, maybe-label
2026-04-27T02:03:50.3015175Z Checks after check_name filter:
2026-04-27T02:03:50.3016078Z Checks completed: firebase-distribute, capture-failure-log, capture-failure-log, capture-failure-log, e2e, capture-failure-log, cross-device-tests, autofix, lint-and-test, connected-tests, web-lint-and-test, test, maybe-label
2026-04-27T02:03:50.3016983Z Checks after Regexp filter:
2026-04-27T02:03:50.3017848Z Checks completed: firebase-distribute, capture-failure-log, capture-failure-log, capture-failure-log, e2e, capture-failure-log, cross-device-tests, autofix, lint-and-test, connected-tests, web-lint-and-test, test, maybe-label
2026-04-27T02:03:50.3018902Z Checks completed:
2026-04-27T02:03:50.3019126Z firebase-distribute: completed (cancelled)
2026-04-27T02:03:50.3019405Z capture-failure-log: completed (skipped)
2026-04-27T02:03:50.3019674Z capture-failure-log: completed (skipped)
2026-04-27T02:03:50.3020001Z capture-failure-log: completed (skipped)
2026-04-27T02:03:50.3020247Z e2e: completed (success)
2026-04-27T02:03:50.3020467Z capture-failure-log: completed (skipped)
2026-04-27T02:03:50.3020725Z cross-device-tests: completed (skipped)
2026-04-27T02:03:50.3020975Z autofix: completed (success)
2026-04-27T02:03:50.3021203Z lint-and-test: completed (cancelled)
2026-04-27T02:03:50.3021453Z connected-tests: completed (skipped)
2026-04-27T02:03:50.3021701Z web-lint-and-test: completed (success)
2026-04-27T02:03:50.3022064Z test: completed (success)
2026-04-27T02:03:50.3022282Z maybe-label: completed (success)
2026-04-27T02:03:50.3022941Z The conclusion of one or more checks were not allowed. Allowed conclusions are: success, skipped, neutral. This can be configured with the 'allowed-conclusions' param.
2026-04-27T02:03:50.3048441Z ##[error]Process completed with exit code 1.
2026-04-27T02:03:50.3155983Z Post job cleanup.
2026-04-27T02:03:50.3206125Z Cleaning up orphan processes
2026-04-27T02:03:50.3499728Z ##[warning]Node.js 20 actions are deprecated. The following actions are running on Node.js 20 and may not work as expected: actions/cache@v4. Actions will be forced to run with Node.js 24 by default starting June 2nd, 2026. Node.js 20 will be removed from the runner on September 16th, 2026. Please check if updated versions of these actions are available that support Node.js 24. To opt into Node.js 24 now, set the FORCE_JAVASCRIPT_ACTIONS_TO_NODE24=true environment variable on the runner or in your workflow file. Once Node.js 24 becomes the default, you can temporarily opt out by setting ACTIONS_ALLOW_USE_UNSECURE_NODE_VERSION=true. For more information see: https://github.blog/changelog/2025-09-19-deprecation-of-node-20-on-github-actions-runners/
