=== CI FAILURE ===
Workflow:      Auto-merge & Release
Workflow file: akarlin3/prismTask/.github/workflows/auto-merge.yml@refs/pull/829/merge
Job(s):        Auto-merge
Run ID:        24970809330
Run attempt:   1
Run URL:       https://github.com/akarlin3/prismTask/actions/runs/24970809330
Commit:        c46c608e541fbeffc43fd51cda13843ca8d24f2d
Branch:        829/merge
Event:         pull_request
Actor:         akarlin3
Runner OS:     Linux
Timestamp:     2026-04-27T00:29:41.427Z

Failed steps:
  - Auto-merge: #4 Wait for all other CI checks to pass

=== FAILED JOB LOG ===

--- Job: Auto-merge (id 73113351621) ---
2026-04-27T00:21:54.5996004Z Current runner version: '2.333.1'
2026-04-27T00:21:54.6020549Z ##[group]Runner Image Provisioner
2026-04-27T00:21:54.6021402Z Hosted Compute Agent
2026-04-27T00:21:54.6021942Z Version: 20260213.493
2026-04-27T00:21:54.6022656Z Commit: 5c115507f6dd24b8de37d8bbe0bb4509d0cc0fa3
2026-04-27T00:21:54.6023359Z Build Date: 2026-02-13T00:28:41Z
2026-04-27T00:21:54.6024038Z Worker ID: {93578304-575f-45fa-928f-b67ed2eb6367}
2026-04-27T00:21:54.6025132Z Azure Region: eastus
2026-04-27T00:21:54.6025660Z ##[endgroup]
2026-04-27T00:21:54.6027020Z ##[group]Operating System
2026-04-27T00:21:54.6027693Z Ubuntu
2026-04-27T00:21:54.6028151Z 24.04.4
2026-04-27T00:21:54.6028635Z LTS
2026-04-27T00:21:54.6029184Z ##[endgroup]
2026-04-27T00:21:54.6029769Z ##[group]Runner Image
2026-04-27T00:21:54.6030395Z Image: ubuntu-24.04
2026-04-27T00:21:54.6030873Z Version: 20260413.86.1
2026-04-27T00:21:54.6032168Z Included Software: https://github.com/actions/runner-images/blob/ubuntu24/20260413.86/images/ubuntu/Ubuntu2404-Readme.md
2026-04-27T00:21:54.6033641Z Image Release: https://github.com/actions/runner-images/releases/tag/ubuntu24%2F20260413.86
2026-04-27T00:21:54.6034871Z ##[endgroup]
2026-04-27T00:21:54.6036168Z ##[group]GITHUB_TOKEN Permissions
2026-04-27T00:21:54.6038118Z Actions: read
2026-04-27T00:21:54.6038642Z Checks: read
2026-04-27T00:21:54.6039198Z Contents: write
2026-04-27T00:21:54.6039845Z Metadata: read
2026-04-27T00:21:54.6040374Z PullRequests: write
2026-04-27T00:21:54.6040899Z ##[endgroup]
2026-04-27T00:21:54.6042964Z Secret source: Actions
2026-04-27T00:21:54.6043665Z Prepare workflow directory
2026-04-27T00:21:54.6425184Z Prepare all required actions
2026-04-27T00:21:54.6462139Z Getting action download info
2026-04-27T00:21:54.9555528Z Download action repository 'lewagon/wait-on-check-action@ccfb013c15c8afb7bf2b7c028fb74dc5a068cccc' (SHA:ccfb013c15c8afb7bf2b7c028fb74dc5a068cccc)
2026-04-27T00:21:55.3406041Z Getting action download info
2026-04-27T00:21:55.4751059Z Download action repository 'ruby/setup-ruby@v1' (SHA:c4e5b1316158f92e3d49443a9d58b31d25ac0f8f)
2026-04-27T00:21:55.6636362Z Download action repository 'actions/cache@v4' (SHA:0057852bfaa89a56745cba8c7296529d2fc39830)
2026-04-27T00:21:55.8214472Z Complete job name: Auto-merge
2026-04-27T00:21:55.8884474Z ##[group]Run set -euo pipefail
2026-04-27T00:21:55.8885628Z [36;1mset -euo pipefail[0m
2026-04-27T00:21:55.8886965Z [36;1m# Audit item #5 — poll check-runs for up to 60s instead of a bare[0m
2026-04-27T00:21:55.8888724Z [36;1m# 20s sleep. On a busy runner cohort the initial 20s wasn't enough[0m
2026-04-27T00:21:55.8890482Z [36;1m# for the API to reflect queued workflow runs, which could merge[0m
2026-04-27T00:21:55.8892191Z [36;1m# PRs without waiting for CI. Bail out early as soon as ≥1 real[0m
2026-04-27T00:21:55.8893619Z [36;1m# check shows up.[0m
2026-04-27T00:21:55.8894634Z [36;1mCOUNT=0[0m
2026-04-27T00:21:55.8895456Z [36;1mfor i in $(seq 1 6); do[0m
2026-04-27T00:21:55.8896433Z [36;1m  sleep 10[0m
2026-04-27T00:21:55.8897628Z [36;1m  COUNT=$(gh api "repos/$REPO/commits/$HEAD_SHA/check-runs" \[0m
2026-04-27T00:21:55.8899384Z [36;1m    --jq '[.check_runs[] | select(.name != "Auto-merge")] | length')[0m
2026-04-27T00:21:55.8900889Z [36;1m  if [ "$COUNT" -gt 0 ]; then[0m
2026-04-27T00:21:55.8902227Z [36;1m    echo "Found $COUNT non-Auto-merge check(s) after ${i}0s"[0m
2026-04-27T00:21:55.8903554Z [36;1m    break[0m
2026-04-27T00:21:55.8904461Z [36;1m  fi[0m
2026-04-27T00:21:55.8905468Z [36;1m  echo "No non-Auto-merge checks yet (attempt $i/6)"[0m
2026-04-27T00:21:55.8906721Z [36;1mdone[0m
2026-04-27T00:21:55.8907534Z [36;1mif [ "$COUNT" -gt 0 ]; then[0m
2026-04-27T00:21:55.8908632Z [36;1m  echo "has_ci=true" >> "$GITHUB_OUTPUT"[0m
2026-04-27T00:21:55.8909753Z [36;1melse[0m
2026-04-27T00:21:55.8910612Z [36;1m  echo "has_ci=false" >> "$GITHUB_OUTPUT"[0m
2026-04-27T00:21:55.8912133Z [36;1m  echo "No CI checks on this PR after 60s — will merge without waiting."[0m
2026-04-27T00:21:55.8913542Z [36;1mfi[0m
2026-04-27T00:21:55.8941091Z shell: /usr/bin/bash -e {0}
2026-04-27T00:21:55.8942230Z env:
2026-04-27T00:21:55.8942966Z   WAIT_INTERVAL: 30
2026-04-27T00:21:55.8944406Z   GH_TOKEN: ***
2026-04-27T00:21:55.8945330Z   HEAD_SHA: 57c92c973a99465b7e386373a32ba942c50f718f
2026-04-27T00:21:55.8946494Z   REPO: akarlin3/prismTask
2026-04-27T00:21:55.8947366Z ##[endgroup]
2026-04-27T00:22:06.6742370Z Found 9 non-Auto-merge check(s) after 10s
2026-04-27T00:22:06.6865246Z ##[group]Run set -euo pipefail
2026-04-27T00:22:06.6865634Z [36;1mset -euo pipefail[0m
2026-04-27T00:22:06.6866096Z [36;1mREQUIRED=$(gh api "repos/$REPO/branches/main/protection/required_status_checks" \[0m
2026-04-27T00:22:06.6866612Z [36;1m  --jq '.contexts[]' 2>/dev/null || true)[0m
2026-04-27T00:22:06.6866958Z [36;1mif [ -z "$REQUIRED" ]; then[0m
2026-04-27T00:22:06.6867509Z [36;1m  echo "::warning::Could not query branch protection (likely a permission issue) — using hardcoded fallback list."[0m
2026-04-27T00:22:06.6868080Z [36;1m  REQUIRED="$FALLBACK_REQUIRED"[0m
2026-04-27T00:22:06.6868395Z [36;1mfi[0m
2026-04-27T00:22:06.6868711Z [36;1m# Strip Auto-merge from the required list so we don't wait on[0m
2026-04-27T00:22:06.6869183Z [36;1m# ourselves (it's listed because we ARE the running workflow).[0m
2026-04-27T00:22:06.6869715Z [36;1mREQUIRED=$(echo "$REQUIRED" | grep -vE '^\s*Auto-merge\s*$' | grep -vE '^\s*$' || true)[0m
2026-04-27T00:22:06.6870210Z [36;1mif [ -z "$REQUIRED" ]; then[0m
2026-04-27T00:22:06.6870595Z [36;1m  echo "No required checks beyond Auto-merge; skipping queue wait."[0m
2026-04-27T00:22:06.6870996Z [36;1m  exit 0[0m
2026-04-27T00:22:06.6871259Z [36;1mfi[0m
2026-04-27T00:22:06.6871543Z [36;1mecho "Waiting until these required checks queue:"[0m
2026-04-27T00:22:06.6871909Z [36;1mecho "$REQUIRED" | sed 's/^/  /'[0m
2026-04-27T00:22:06.6872340Z [36;1m# 30 attempts × 10s = 5 min ceiling. If checks haven't queued[0m
2026-04-27T00:22:06.6872818Z [36;1m# by then something is genuinely broken (workflow file invalid,[0m
2026-04-27T00:22:06.6873307Z [36;1m# path filter excluding everything, etc.) — log and proceed so[0m
2026-04-27T00:22:06.6873747Z [36;1m# wait-on-check-action can decide how to handle it.[0m
2026-04-27T00:22:06.6874389Z [36;1mfor attempt in $(seq 1 30); do[0m
2026-04-27T00:22:06.6874857Z [36;1m  CHECK_RUNS=$(gh api --paginate "repos/$REPO/commits/$HEAD_SHA/check-runs" \[0m
2026-04-27T00:22:06.6875320Z [36;1m    --jq '.check_runs[].name' | sort -u)[0m
2026-04-27T00:22:06.6875649Z [36;1m  MISSING=""[0m
2026-04-27T00:22:06.6875920Z [36;1m  while IFS= read -r req; do[0m
2026-04-27T00:22:06.6876210Z [36;1m    [ -z "$req" ] && continue[0m
2026-04-27T00:22:06.6876516Z [36;1m    req_trimmed=$(echo "$req" | xargs)[0m
2026-04-27T00:22:06.6876933Z [36;1m    if ! echo "$CHECK_RUNS" | grep -qxF "$req_trimmed"; then[0m
2026-04-27T00:22:06.6877339Z [36;1m      MISSING="$MISSING $req_trimmed"[0m
2026-04-27T00:22:06.6877637Z [36;1m    fi[0m
2026-04-27T00:22:06.6877867Z [36;1m  done <<< "$REQUIRED"[0m
2026-04-27T00:22:06.6878245Z [36;1m  if [ -z "$MISSING" ]; then[0m
2026-04-27T00:22:06.6878682Z [36;1m    echo "All required checks have queued after attempt $attempt."[0m
2026-04-27T00:22:06.6879065Z [36;1m    exit 0[0m
2026-04-27T00:22:06.6879307Z [36;1m  fi[0m
2026-04-27T00:22:06.6879615Z [36;1m  echo "Still waiting for:$MISSING (attempt $attempt/30)"[0m
2026-04-27T00:22:06.6879972Z [36;1m  sleep 10[0m
2026-04-27T00:22:06.6880218Z [36;1mdone[0m
2026-04-27T00:22:06.6880719Z [36;1mecho "::warning::Some required checks never queued after 5 min:$MISSING — proceeding to wait-on-check-action anyway."[0m
2026-04-27T00:22:06.6904350Z shell: /usr/bin/bash -e {0}
2026-04-27T00:22:06.6904638Z env:
2026-04-27T00:22:06.6904862Z   WAIT_INTERVAL: 30
2026-04-27T00:22:06.6905423Z   GH_TOKEN: ***
2026-04-27T00:22:06.6905706Z   HEAD_SHA: 57c92c973a99465b7e386373a32ba942c50f718f
2026-04-27T00:22:06.6906050Z   REPO: akarlin3/prismTask
2026-04-27T00:22:06.6906438Z   FALLBACK_REQUIRED: lint-and-test
connected-tests
test
web-lint-and-test

2026-04-27T00:22:06.6907088Z ##[endgroup]
2026-04-27T00:22:06.8117710Z Waiting until these required checks queue:
2026-04-27T00:22:06.8132072Z   {"message":"Resource not accessible by integration","documentation_url":"https://docs.github.com/rest/branches/branch-protection#get-status-checks-protection","status":"403"}
2026-04-27T00:22:07.1591543Z Still waiting for: {message:Resource not accessible by integration,documentation_url:https://docs.github.com/rest/branches/branch-protection#get-status-checks-protection,status:403} (attempt 1/30)
2026-04-27T00:22:17.5203154Z Still waiting for: {message:Resource not accessible by integration,documentation_url:https://docs.github.com/rest/branches/branch-protection#get-status-checks-protection,status:403} (attempt 2/30)
2026-04-27T00:22:27.8805953Z Still waiting for: {message:Resource not accessible by integration,documentation_url:https://docs.github.com/rest/branches/branch-protection#get-status-checks-protection,status:403} (attempt 3/30)
2026-04-27T00:22:38.3230541Z Still waiting for: {message:Resource not accessible by integration,documentation_url:https://docs.github.com/rest/branches/branch-protection#get-status-checks-protection,status:403} (attempt 4/30)
2026-04-27T00:22:48.7513263Z Still waiting for: {message:Resource not accessible by integration,documentation_url:https://docs.github.com/rest/branches/branch-protection#get-status-checks-protection,status:403} (attempt 5/30)
2026-04-27T00:22:59.1292240Z Still waiting for: {message:Resource not accessible by integration,documentation_url:https://docs.github.com/rest/branches/branch-protection#get-status-checks-protection,status:403} (attempt 6/30)
2026-04-27T00:23:09.4991363Z Still waiting for: {message:Resource not accessible by integration,documentation_url:https://docs.github.com/rest/branches/branch-protection#get-status-checks-protection,status:403} (attempt 7/30)
2026-04-27T00:23:19.8849470Z Still waiting for: {message:Resource not accessible by integration,documentation_url:https://docs.github.com/rest/branches/branch-protection#get-status-checks-protection,status:403} (attempt 8/30)
2026-04-27T00:23:30.2475240Z Still waiting for: {message:Resource not accessible by integration,documentation_url:https://docs.github.com/rest/branches/branch-protection#get-status-checks-protection,status:403} (attempt 9/30)
2026-04-27T00:23:40.5948036Z Still waiting for: {message:Resource not accessible by integration,documentation_url:https://docs.github.com/rest/branches/branch-protection#get-status-checks-protection,status:403} (attempt 10/30)
2026-04-27T00:23:50.9162988Z Still waiting for: {message:Resource not accessible by integration,documentation_url:https://docs.github.com/rest/branches/branch-protection#get-status-checks-protection,status:403} (attempt 11/30)
2026-04-27T00:24:01.3296168Z Still waiting for: {message:Resource not accessible by integration,documentation_url:https://docs.github.com/rest/branches/branch-protection#get-status-checks-protection,status:403} (attempt 12/30)
2026-04-27T00:24:11.7428679Z Still waiting for: {message:Resource not accessible by integration,documentation_url:https://docs.github.com/rest/branches/branch-protection#get-status-checks-protection,status:403} (attempt 13/30)
2026-04-27T00:24:22.1540867Z Still waiting for: {message:Resource not accessible by integration,documentation_url:https://docs.github.com/rest/branches/branch-protection#get-status-checks-protection,status:403} (attempt 14/30)
2026-04-27T00:24:32.5363082Z Still waiting for: {message:Resource not accessible by integration,documentation_url:https://docs.github.com/rest/branches/branch-protection#get-status-checks-protection,status:403} (attempt 15/30)
2026-04-27T00:24:42.9113382Z Still waiting for: {message:Resource not accessible by integration,documentation_url:https://docs.github.com/rest/branches/branch-protection#get-status-checks-protection,status:403} (attempt 16/30)
2026-04-27T00:24:53.2781078Z Still waiting for: {message:Resource not accessible by integration,documentation_url:https://docs.github.com/rest/branches/branch-protection#get-status-checks-protection,status:403} (attempt 17/30)
2026-04-27T00:25:03.6651926Z Still waiting for: {message:Resource not accessible by integration,documentation_url:https://docs.github.com/rest/branches/branch-protection#get-status-checks-protection,status:403} (attempt 18/30)
2026-04-27T00:25:14.0108465Z Still waiting for: {message:Resource not accessible by integration,documentation_url:https://docs.github.com/rest/branches/branch-protection#get-status-checks-protection,status:403} (attempt 19/30)
2026-04-27T00:25:24.4159293Z Still waiting for: {message:Resource not accessible by integration,documentation_url:https://docs.github.com/rest/branches/branch-protection#get-status-checks-protection,status:403} (attempt 20/30)
2026-04-27T00:25:34.7373970Z Still waiting for: {message:Resource not accessible by integration,documentation_url:https://docs.github.com/rest/branches/branch-protection#get-status-checks-protection,status:403} (attempt 21/30)
2026-04-27T00:25:45.1647390Z Still waiting for: {message:Resource not accessible by integration,documentation_url:https://docs.github.com/rest/branches/branch-protection#get-status-checks-protection,status:403} (attempt 22/30)
2026-04-27T00:25:55.5232517Z Still waiting for: {message:Resource not accessible by integration,documentation_url:https://docs.github.com/rest/branches/branch-protection#get-status-checks-protection,status:403} (attempt 23/30)
2026-04-27T00:26:05.9187303Z Still waiting for: {message:Resource not accessible by integration,documentation_url:https://docs.github.com/rest/branches/branch-protection#get-status-checks-protection,status:403} (attempt 24/30)
2026-04-27T00:26:16.2767972Z Still waiting for: {message:Resource not accessible by integration,documentation_url:https://docs.github.com/rest/branches/branch-protection#get-status-checks-protection,status:403} (attempt 25/30)
2026-04-27T00:26:26.6592548Z Still waiting for: {message:Resource not accessible by integration,documentation_url:https://docs.github.com/rest/branches/branch-protection#get-status-checks-protection,status:403} (attempt 26/30)
2026-04-27T00:26:37.0589260Z Still waiting for: {message:Resource not accessible by integration,documentation_url:https://docs.github.com/rest/branches/branch-protection#get-status-checks-protection,status:403} (attempt 27/30)
2026-04-27T00:26:47.4619440Z Still waiting for: {message:Resource not accessible by integration,documentation_url:https://docs.github.com/rest/branches/branch-protection#get-status-checks-protection,status:403} (attempt 28/30)
2026-04-27T00:26:57.8737804Z Still waiting for: {message:Resource not accessible by integration,documentation_url:https://docs.github.com/rest/branches/branch-protection#get-status-checks-protection,status:403} (attempt 29/30)
2026-04-27T00:27:08.2550138Z Still waiting for: {message:Resource not accessible by integration,documentation_url:https://docs.github.com/rest/branches/branch-protection#get-status-checks-protection,status:403} (attempt 30/30)
2026-04-27T00:27:18.2599939Z ##[warning]Some required checks never queued after 5 min: {message:Resource not accessible by integration,documentation_url:https://docs.github.com/rest/branches/branch-protection#get-status-checks-protection,status:403} — proceeding to wait-on-check-action anyway.
2026-04-27T00:27:18.2823574Z ##[group]Run lewagon/wait-on-check-action@ccfb013c15c8afb7bf2b7c028fb74dc5a068cccc
2026-04-27T00:27:18.2823991Z with:
2026-04-27T00:27:18.2824562Z   ref: 57c92c973a99465b7e386373a32ba942c50f718f
2026-04-27T00:27:18.2824844Z   running-workflow-name: Auto-merge
2026-04-27T00:27:18.2825326Z   repo-token: ***
2026-04-27T00:27:18.2825531Z   wait-interval: 30
2026-04-27T00:27:18.2825765Z   allowed-conclusions: success,skipped,neutral
2026-04-27T00:27:18.2826035Z   verbose: true
2026-04-27T00:27:18.2826212Z env:
2026-04-27T00:27:18.2826368Z   WAIT_INTERVAL: 30
2026-04-27T00:27:18.2826621Z ##[endgroup]
2026-04-27T00:27:18.2962660Z ##[group]Run ruby/setup-ruby@v1
2026-04-27T00:27:18.2962923Z with:
2026-04-27T00:27:18.2963337Z   ruby-version: 3.2
2026-04-27T00:27:18.2963543Z   bundler-cache: false
2026-04-27T00:27:18.2963885Z   token: ***
2026-04-27T00:27:18.2964299Z env:
2026-04-27T00:27:18.2964488Z   WAIT_INTERVAL: 30
2026-04-27T00:27:18.2964673Z ##[endgroup]
2026-04-27T00:27:18.5061831Z ##[group]Modifying PATH
2026-04-27T00:27:18.5062274Z Entries added to PATH to use selected Ruby:
2026-04-27T00:27:18.5062725Z   /opt/hostedtoolcache/Ruby/3.2.11/x64/bin
2026-04-27T00:27:18.5068007Z ##[endgroup]
2026-04-27T00:27:18.5068695Z ##[group]Print Ruby version
2026-04-27T00:27:18.5149992Z [command]/opt/hostedtoolcache/Ruby/3.2.11/x64/bin/ruby --version
2026-04-27T00:27:18.6919283Z ruby 3.2.11 (2026-03-27 revision 5483bfc1ae) [x86_64-linux]
2026-04-27T00:27:18.6952430Z Took   0.19 seconds
2026-04-27T00:27:18.6953210Z ##[endgroup]
2026-04-27T00:27:18.6954607Z ##[group]Installing Bundler
2026-04-27T00:27:18.6959202Z Using Bundler shipped with ruby-3.2.11
2026-04-27T00:27:18.6960217Z Took   0.00 seconds
2026-04-27T00:27:18.6960824Z ##[endgroup]
2026-04-27T00:27:18.7618530Z ##[group]Run actions/cache@v4
2026-04-27T00:27:18.7618794Z with:
2026-04-27T00:27:18.7619214Z   path: /home/runner/work/_actions/lewagon/wait-on-check-action/ccfb013c15c8afb7bf2b7c028fb74dc5a068cccc
2026-04-27T00:27:18.7619692Z   key: Linux-gems-
2026-04-27T00:27:18.7619894Z   restore-keys: Linux-gems-
2026-04-27T00:27:18.7620117Z   enableCrossOsArchive: false
2026-04-27T00:27:18.7620344Z   fail-on-cache-miss: false
2026-04-27T00:27:18.7620562Z   lookup-only: false
2026-04-27T00:27:18.7620756Z   save-always: false
2026-04-27T00:27:18.7620931Z env:
2026-04-27T00:27:18.7621091Z   WAIT_INTERVAL: 30
2026-04-27T00:27:18.7621271Z ##[endgroup]
2026-04-27T00:27:18.9623417Z Cache not found for input keys: Linux-gems-, Linux-gems-
2026-04-27T00:27:18.9695760Z ##[group]Run bundle install --jobs 4 --retry 3
2026-04-27T00:27:18.9696096Z [36;1mbundle install --jobs 4 --retry 3[0m
2026-04-27T00:27:18.9720136Z shell: /usr/bin/bash --noprofile --norc -e -o pipefail {0}
2026-04-27T00:27:18.9720482Z env:
2026-04-27T00:27:18.9720663Z   WAIT_INTERVAL: 30
2026-04-27T00:27:18.9720850Z ##[endgroup]
2026-04-27T00:27:20.5688843Z Bundler 2.4.19 is running, but your lockfile was generated with 2.2.3. Installing Bundler 2.2.3 and restarting using that version.
2026-04-27T00:27:22.2858813Z Fetching gem metadata from https://rubygems.org/.
2026-04-27T00:27:22.2935825Z Fetching bundler 2.2.3
2026-04-27T00:27:22.4322047Z Installing bundler 2.2.3
2026-04-27T00:27:22.6392468Z Calling `DidYouMean::SPELL_CHECKERS.merge!(error_name => spell_checker)' has been deprecated. Please call `DidYouMean.correct_error(error_name, spell_checker)' instead.
2026-04-27T00:27:23.9996645Z Fetching gem metadata from https://rubygems.org/.........
2026-04-27T00:27:24.0096145Z Fetching public_suffix 4.0.7
2026-04-27T00:27:24.0101104Z Fetching concurrent-ruby 1.2.2
2026-04-27T00:27:24.0101513Z Fetching minitest 5.18.0
2026-04-27T00:27:24.0104637Z Fetching zeitwerk 2.6.7
2026-04-27T00:27:24.1205547Z Installing zeitwerk 2.6.7
2026-04-27T00:27:24.1380977Z Installing public_suffix 4.0.7
2026-04-27T00:27:24.1496349Z Installing minitest 5.18.0
2026-04-27T00:27:24.1747517Z Installing concurrent-ruby 1.2.2
2026-04-27T00:27:24.1948822Z Fetching ast 2.4.2
2026-04-27T00:27:24.2328433Z Installing ast 2.4.2
2026-04-27T00:27:24.2382751Z Using bundler 2.2.3
2026-04-27T00:27:24.2390002Z Fetching byebug 11.1.3
2026-04-27T00:27:24.2774582Z Fetching diff-lcs 1.4.4
2026-04-27T00:27:24.3021259Z Fetching faraday-net_http 2.0.3
2026-04-27T00:27:24.3283324Z Installing byebug 11.1.3 with native extensions
2026-04-27T00:27:24.3579719Z Installing faraday-net_http 2.0.3
2026-04-27T00:27:24.3646978Z Installing diff-lcs 1.4.4
2026-04-27T00:27:24.3762490Z Using ruby2_keywords 0.0.5
2026-04-27T00:27:24.3775986Z Fetching json 2.7.1
2026-04-27T00:27:24.4224391Z Installing json 2.7.1 with native extensions
2026-04-27T00:27:24.4622705Z Fetching language_server-protocol 3.17.0.3
2026-04-27T00:27:24.5079590Z Installing language_server-protocol 3.17.0.3
2026-04-27T00:27:24.5722580Z Fetching lint_roller 1.1.0
2026-04-27T00:27:24.6253455Z Installing lint_roller 1.1.0
2026-04-27T00:27:24.6384219Z Fetching parallel 1.24.0
2026-04-27T00:27:24.6904876Z Installing parallel 1.24.0
2026-04-27T00:27:24.6968854Z Fetching racc 1.7.3
2026-04-27T00:27:24.7428585Z Installing racc 1.7.3 with native extensions
2026-04-27T00:27:24.7779899Z Fetching rainbow 3.1.1
2026-04-27T00:27:24.8117528Z Installing rainbow 3.1.1
2026-04-27T00:27:24.8192181Z Fetching regexp_parser 2.8.3
2026-04-27T00:27:24.8595748Z Installing regexp_parser 2.8.3
2026-04-27T00:27:24.8824500Z Fetching rexml 3.2.6
2026-04-27T00:27:24.9341442Z Installing rexml 3.2.6
2026-04-27T00:27:25.0296020Z Fetching rspec-support 3.10.1
2026-04-27T00:27:25.0695278Z Installing rspec-support 3.10.1
2026-04-27T00:27:25.0827334Z Fetching ruby-progressbar 1.13.0
2026-04-27T00:27:25.1204605Z Installing ruby-progressbar 1.13.0
2026-04-27T00:27:25.1299610Z Fetching unicode-display_width 2.5.0
2026-04-27T00:27:25.1677045Z Installing unicode-display_width 2.5.0
2026-04-27T00:27:25.1738520Z Fetching addressable 2.8.0
2026-04-27T00:27:25.2138221Z Installing addressable 2.8.0
2026-04-27T00:27:25.2286567Z Fetching faraday 2.3.0
2026-04-27T00:27:25.2926881Z Installing faraday 2.3.0
2026-04-27T00:27:25.3127232Z Fetching i18n 1.12.0
2026-04-27T00:27:25.3524390Z Installing i18n 1.12.0
2026-04-27T00:27:25.3703725Z Fetching tzinfo 2.0.6
2026-04-27T00:27:25.4100872Z Installing tzinfo 2.0.6
2026-04-27T00:27:25.4272875Z Fetching rspec-core 3.10.1
2026-04-27T00:27:25.4791776Z Installing rspec-core 3.10.1
2026-04-27T00:27:25.5078550Z Fetching rspec-expectations 3.10.1
2026-04-27T00:27:25.5491292Z Installing rspec-expectations 3.10.1
2026-04-27T00:27:25.5734956Z Fetching rspec-mocks 3.10.1
2026-04-27T00:27:25.6175098Z Installing rspec-mocks 3.10.1
2026-04-27T00:27:25.6331126Z Fetching faraday-retry 2.0.0
2026-04-27T00:27:25.6720435Z Installing faraday-retry 2.0.0
2026-04-27T00:27:25.6785551Z Fetching sawyer 0.9.2
2026-04-27T00:27:25.7200230Z Installing sawyer 0.9.2
2026-04-27T00:27:25.7293338Z Fetching activesupport 6.1.7.3
2026-04-27T00:27:25.7795167Z Installing activesupport 6.1.7.3
2026-04-27T00:27:25.8538771Z Fetching rspec 3.10.0
2026-04-27T00:27:25.9045267Z Installing rspec 3.10.0
2026-04-27T00:27:25.9113665Z Fetching octokit 4.25.0
2026-04-27T00:27:25.9675622Z Installing octokit 4.25.0
2026-04-27T00:27:26.6104241Z Fetching parser 3.2.2.4
2026-04-27T00:27:26.7219985Z Installing parser 3.2.2.4
2026-04-27T00:27:26.8313047Z Fetching rubocop-ast 1.30.0
2026-04-27T00:27:26.8836434Z Installing rubocop-ast 1.30.0
2026-04-27T00:27:28.2085285Z Fetching rubocop 1.57.2
2026-04-27T00:27:28.2673078Z Installing rubocop 1.57.2
2026-04-27T00:27:28.4311171Z Fetching rubocop-performance 1.19.1
2026-04-27T00:27:28.4313429Z Fetching standard-custom 1.0.2
2026-04-27T00:27:28.4856112Z Installing standard-custom 1.0.2
2026-04-27T00:27:28.4915943Z Installing rubocop-performance 1.19.1
2026-04-27T00:27:28.5065079Z Fetching standard-performance 1.2.1
2026-04-27T00:27:28.5398110Z Installing standard-performance 1.2.1
2026-04-27T00:27:28.5464562Z Fetching standard 1.32.1
2026-04-27T00:27:28.5812084Z Installing standard 1.32.1
2026-04-27T00:27:28.6004866Z Bundle complete! 6 Gemfile dependencies, 40 gems now installed.
2026-04-27T00:27:28.6005639Z Use `bundle info [gemname]` to see where a bundled gem is installed.
2026-04-27T00:27:28.6531433Z ##[group]Run ruby entrypoint.rb
2026-04-27T00:27:28.6531707Z [36;1mruby entrypoint.rb[0m
2026-04-27T00:27:28.6553851Z shell: /usr/bin/bash --noprofile --norc -e -o pipefail {0}
2026-04-27T00:27:28.6554376Z env:
2026-04-27T00:27:28.6554573Z   WAIT_INTERVAL: 30
2026-04-27T00:27:28.6554806Z   ALLOWED_CONCLUSIONS: success,skipped,neutral
2026-04-27T00:27:28.6555077Z   IGNORE_CHECKS: 
2026-04-27T00:27:28.6555252Z   CHECK_NAME: 
2026-04-27T00:27:28.6555425Z   CHECK_REGEXP: 
2026-04-27T00:27:28.6555629Z   REF: 57c92c973a99465b7e386373a32ba942c50f718f
2026-04-27T00:27:28.6556115Z   REPO_TOKEN: ***
2026-04-27T00:27:28.6556317Z   VERBOSE: true
2026-04-27T00:27:28.6556524Z   RUNNING_WORKFLOW_NAME: Auto-merge
2026-04-27T00:27:28.6556963Z   API_ENDPOINT: 
2026-04-27T00:27:28.6557148Z ##[endgroup]
2026-04-27T00:29:31.1045937Z Checks running on ref:
2026-04-27T00:29:31.1047072Z Checks completed: capture-failure-log, capture-failure-log, e2e, cross-device-tests, capture-failure-log, connected-tests, web-lint-and-test, test, maybe-label, autofix
2026-04-27T00:29:31.1047949Z Checks in_progress: lint-and-test, Auto-merge
2026-04-27T00:29:31.1048355Z Checks after ignore checks filter:
2026-04-27T00:29:31.1049305Z Checks completed: capture-failure-log, capture-failure-log, e2e, cross-device-tests, capture-failure-log, connected-tests, web-lint-and-test, test, maybe-label, autofix
2026-04-27T00:29:31.1050604Z Checks in_progress: lint-and-test
2026-04-27T00:29:31.1072724Z Checks after check_name filter:
2026-04-27T00:29:31.1073895Z Checks completed: capture-failure-log, capture-failure-log, e2e, cross-device-tests, capture-failure-log, connected-tests, web-lint-and-test, test, maybe-label, autofix
2026-04-27T00:29:31.1075202Z Checks in_progress: lint-and-test
2026-04-27T00:29:31.1075535Z Checks after Regexp filter:
2026-04-27T00:29:31.1076342Z Checks completed: capture-failure-log, capture-failure-log, e2e, cross-device-tests, capture-failure-log, connected-tests, web-lint-and-test, test, maybe-label, autofix
2026-04-27T00:29:31.1077212Z Checks in_progress: lint-and-test
2026-04-27T00:29:31.1077639Z The requested checks aren't complete yet, will check back in 30 seconds...
2026-04-27T00:29:31.1077984Z Checks running on ref:
2026-04-27T00:29:31.1078596Z Checks completed: capture-failure-log, capture-failure-log, e2e, cross-device-tests, capture-failure-log, connected-tests, web-lint-and-test, test, maybe-label, autofix
2026-04-27T00:29:31.1079269Z Checks in_progress: lint-and-test, Auto-merge
2026-04-27T00:29:31.1079532Z Checks after ignore checks filter:
2026-04-27T00:29:31.1080173Z Checks completed: capture-failure-log, capture-failure-log, e2e, cross-device-tests, capture-failure-log, connected-tests, web-lint-and-test, test, maybe-label, autofix
2026-04-27T00:29:31.1080827Z Checks in_progress: lint-and-test
2026-04-27T00:29:31.1081054Z Checks after check_name filter:
2026-04-27T00:29:31.1081673Z Checks completed: capture-failure-log, capture-failure-log, e2e, cross-device-tests, capture-failure-log, connected-tests, web-lint-and-test, test, maybe-label, autofix
2026-04-27T00:29:31.1082310Z Checks in_progress: lint-and-test
2026-04-27T00:29:31.1082532Z Checks after Regexp filter:
2026-04-27T00:29:31.1083175Z Checks completed: capture-failure-log, capture-failure-log, e2e, cross-device-tests, capture-failure-log, connected-tests, web-lint-and-test, test, maybe-label, autofix
2026-04-27T00:29:31.1083823Z Checks in_progress: lint-and-test
2026-04-27T00:29:31.1084328Z The requested checks aren't complete yet, will check back in 30 seconds...
2026-04-27T00:29:31.1084674Z Checks running on ref:
2026-04-27T00:29:31.1085275Z Checks completed: capture-failure-log, capture-failure-log, e2e, cross-device-tests, capture-failure-log, connected-tests, web-lint-and-test, test, maybe-label, autofix
2026-04-27T00:29:31.1085964Z Checks in_progress: lint-and-test, Auto-merge
2026-04-27T00:29:31.1086233Z Checks after ignore checks filter:
2026-04-27T00:29:31.1087256Z Checks completed: capture-failure-log, capture-failure-log, e2e, cross-device-tests, capture-failure-log, connected-tests, web-lint-and-test, test, maybe-label, autofix
2026-04-27T00:29:31.1087924Z Checks in_progress: lint-and-test
2026-04-27T00:29:31.1088157Z Checks after check_name filter:
2026-04-27T00:29:31.1088774Z Checks completed: capture-failure-log, capture-failure-log, e2e, cross-device-tests, capture-failure-log, connected-tests, web-lint-and-test, test, maybe-label, autofix
2026-04-27T00:29:31.1089444Z Checks in_progress: lint-and-test
2026-04-27T00:29:31.1089672Z Checks after Regexp filter:
2026-04-27T00:29:31.1090292Z Checks completed: capture-failure-log, capture-failure-log, e2e, cross-device-tests, capture-failure-log, connected-tests, web-lint-and-test, test, maybe-label, autofix
2026-04-27T00:29:31.1091114Z Checks in_progress: lint-and-test
2026-04-27T00:29:31.1091444Z The requested checks aren't complete yet, will check back in 30 seconds...
2026-04-27T00:29:31.1091772Z Checks running on ref:
2026-04-27T00:29:31.1092374Z Checks completed: capture-failure-log, capture-failure-log, e2e, cross-device-tests, capture-failure-log, connected-tests, web-lint-and-test, test, maybe-label, autofix
2026-04-27T00:29:31.1093025Z Checks in_progress: lint-and-test, Auto-merge
2026-04-27T00:29:31.1093284Z Checks after ignore checks filter:
2026-04-27T00:29:31.1093898Z Checks completed: capture-failure-log, capture-failure-log, e2e, cross-device-tests, capture-failure-log, connected-tests, web-lint-and-test, test, maybe-label, autofix
2026-04-27T00:29:31.1094835Z Checks in_progress: lint-and-test
2026-04-27T00:29:31.1095065Z Checks after check_name filter:
2026-04-27T00:29:31.1095674Z Checks completed: capture-failure-log, capture-failure-log, e2e, cross-device-tests, capture-failure-log, connected-tests, web-lint-and-test, test, maybe-label, autofix
2026-04-27T00:29:31.1096316Z Checks in_progress: lint-and-test
2026-04-27T00:29:31.1096535Z Checks after Regexp filter:
2026-04-27T00:29:31.1097141Z Checks completed: capture-failure-log, capture-failure-log, e2e, cross-device-tests, capture-failure-log, connected-tests, web-lint-and-test, test, maybe-label, autofix
2026-04-27T00:29:31.1097769Z Checks in_progress: lint-and-test
2026-04-27T00:29:31.1098085Z The requested checks aren't complete yet, will check back in 30 seconds...
2026-04-27T00:29:31.1098409Z Checks running on ref:
2026-04-27T00:29:31.1099202Z Checks completed: capture-failure-log, firebase-distribute, capture-failure-log, capture-failure-log, e2e, cross-device-tests, capture-failure-log, connected-tests, web-lint-and-test, test, maybe-label, autofix, lint-and-test
2026-04-27T00:29:31.1100075Z Checks in_progress: Auto-merge
2026-04-27T00:29:31.1100300Z Checks after ignore checks filter:
2026-04-27T00:29:31.1101103Z Checks completed: capture-failure-log, firebase-distribute, capture-failure-log, capture-failure-log, e2e, cross-device-tests, capture-failure-log, connected-tests, web-lint-and-test, test, maybe-label, autofix, lint-and-test
2026-04-27T00:29:31.1101925Z Checks after check_name filter:
2026-04-27T00:29:31.1102714Z Checks completed: capture-failure-log, firebase-distribute, capture-failure-log, capture-failure-log, e2e, cross-device-tests, capture-failure-log, connected-tests, web-lint-and-test, test, maybe-label, autofix, lint-and-test
2026-04-27T00:29:31.1103553Z Checks after Regexp filter:
2026-04-27T00:29:31.1104555Z Checks completed: capture-failure-log, firebase-distribute, capture-failure-log, capture-failure-log, e2e, cross-device-tests, capture-failure-log, connected-tests, web-lint-and-test, test, maybe-label, autofix, lint-and-test
2026-04-27T00:29:31.1105380Z Checks completed:
2026-04-27T00:29:31.1105590Z capture-failure-log: completed (skipped)
2026-04-27T00:29:31.1105861Z firebase-distribute: completed (cancelled)
2026-04-27T00:29:31.1106123Z capture-failure-log: completed (skipped)
2026-04-27T00:29:31.1106485Z capture-failure-log: completed (skipped)
2026-04-27T00:29:31.1106725Z e2e: completed (success)
2026-04-27T00:29:31.1107126Z cross-device-tests: completed (skipped)
2026-04-27T00:29:31.1107393Z capture-failure-log: completed (skipped)
2026-04-27T00:29:31.1107649Z connected-tests: completed (skipped)
2026-04-27T00:29:31.1107896Z web-lint-and-test: completed (success)
2026-04-27T00:29:31.1108137Z test: completed (success)
2026-04-27T00:29:31.1108359Z maybe-label: completed (success)
2026-04-27T00:29:31.1108590Z autofix: completed (success)
2026-04-27T00:29:31.1108817Z lint-and-test: completed (cancelled)
2026-04-27T00:29:31.1109455Z The conclusion of one or more checks were not allowed. Allowed conclusions are: success, skipped, neutral. This can be configured with the 'allowed-conclusions' param.
2026-04-27T00:29:31.1128829Z ##[error]Process completed with exit code 1.
2026-04-27T00:29:31.1236637Z Post job cleanup.
2026-04-27T00:29:31.1295399Z Cleaning up orphan processes
2026-04-27T00:29:31.1557106Z ##[warning]Node.js 20 actions are deprecated. The following actions are running on Node.js 20 and may not work as expected: actions/cache@v4. Actions will be forced to run with Node.js 24 by default starting June 2nd, 2026. Node.js 20 will be removed from the runner on September 16th, 2026. Please check if updated versions of these actions are available that support Node.js 24. To opt into Node.js 24 now, set the FORCE_JAVASCRIPT_ACTIONS_TO_NODE24=true environment variable on the runner or in your workflow file. Once Node.js 24 becomes the default, you can temporarily opt out by setting ACTIONS_ALLOW_USE_UNSECURE_NODE_VERSION=true. For more information see: https://github.blog/changelog/2025-09-19-deprecation-of-node-20-on-github-actions-runners/
