=== CI FAILURE ===
Workflow:      Auto-merge & Release
Workflow file: averycorp/prismTask/.github/workflows/auto-merge.yml@refs/pull/908/merge
Job(s):        Auto-merge
Run ID:        25073329298
Run attempt:   1
Run URL:       https://github.com/averycorp/prismTask/actions/runs/25073329298
Commit:        68917ddd4812634206eeb292fcee309ea15c9b5f
Branch:        908/merge
Event:         pull_request
Actor:         akarlin3
Runner OS:     Linux
Timestamp:     2026-04-28T19:38:54.720Z

Failed steps:
  - Auto-merge: #4 Wait for all other CI checks to pass

=== FAILED JOB LOG ===

--- Job: Auto-merge (id 73459267494) ---
2026-04-28T19:30:04.2570247Z Current runner version: '2.334.0'
2026-04-28T19:30:04.2598461Z ##[group]Runner Image Provisioner
2026-04-28T19:30:04.2599349Z Hosted Compute Agent
2026-04-28T19:30:04.2600028Z Version: 20260422.526
2026-04-28T19:30:04.2600646Z Commit: e1a9e573f4d0838b3a7c1b07401aeb29ed3635a9
2026-04-28T19:30:04.2601382Z Build Date: 2026-04-22T09:31:31Z
2026-04-28T19:30:04.2602144Z Worker ID: {f724b74a-0f66-4298-9eef-03a6821d2bb7}
2026-04-28T19:30:04.2602840Z Azure Region: centralus
2026-04-28T19:30:04.2603424Z ##[endgroup]
2026-04-28T19:30:04.2604657Z ##[group]Operating System
2026-04-28T19:30:04.2605541Z Ubuntu
2026-04-28T19:30:04.2606038Z 24.04.4
2026-04-28T19:30:04.2606485Z LTS
2026-04-28T19:30:04.2607082Z ##[endgroup]
2026-04-28T19:30:04.2607560Z ##[group]Runner Image
2026-04-28T19:30:04.2608118Z Image: ubuntu-24.04
2026-04-28T19:30:04.2608717Z Version: 20260426.100.1
2026-04-28T19:30:04.2609926Z Included Software: https://github.com/actions/runner-images/blob/ubuntu24/20260426.100/images/ubuntu/Ubuntu2404-Readme.md
2026-04-28T19:30:04.2611432Z Image Release: https://github.com/actions/runner-images/releases/tag/ubuntu24%2F20260426.100
2026-04-28T19:30:04.2612348Z ##[endgroup]
2026-04-28T19:30:04.2613694Z ##[group]GITHUB_TOKEN Permissions
2026-04-28T19:30:04.2615891Z Actions: read
2026-04-28T19:30:04.2616483Z Checks: read
2026-04-28T19:30:04.2617079Z Contents: write
2026-04-28T19:30:04.2617617Z Metadata: read
2026-04-28T19:30:04.2618128Z PullRequests: write
2026-04-28T19:30:04.2618701Z ##[endgroup]
2026-04-28T19:30:04.2620842Z Secret source: Actions
2026-04-28T19:30:04.2621535Z Prepare workflow directory
2026-04-28T19:30:04.3026030Z Prepare all required actions
2026-04-28T19:30:04.3063326Z Getting action download info
2026-04-28T19:30:04.7171400Z Download action repository 'lewagon/wait-on-check-action@ccfb013c15c8afb7bf2b7c028fb74dc5a068cccc' (SHA:ccfb013c15c8afb7bf2b7c028fb74dc5a068cccc)
2026-04-28T19:30:05.2815181Z Getting action download info
2026-04-28T19:30:05.4945313Z Download action repository 'ruby/setup-ruby@v1' (SHA:c4e5b1316158f92e3d49443a9d58b31d25ac0f8f)
2026-04-28T19:30:06.0451135Z Download action repository 'actions/cache@v4' (SHA:0057852bfaa89a56745cba8c7296529d2fc39830)
2026-04-28T19:30:06.5242017Z Complete job name: Auto-merge
2026-04-28T19:30:06.5941315Z ##[group]Run set -euo pipefail
2026-04-28T19:30:06.5942458Z [36;1mset -euo pipefail[0m
2026-04-28T19:30:06.5943745Z [36;1m# Audit item #5 — poll check-runs for up to 60s instead of a bare[0m
2026-04-28T19:30:06.5945656Z [36;1m# 20s sleep. On a busy runner cohort the initial 20s wasn't enough[0m
2026-04-28T19:30:06.5947336Z [36;1m# for the API to reflect queued workflow runs, which could merge[0m
2026-04-28T19:30:06.5949012Z [36;1m# PRs without waiting for CI. Bail out early as soon as ≥1 real[0m
2026-04-28T19:30:06.5950373Z [36;1m# check shows up.[0m
2026-04-28T19:30:06.5951258Z [36;1mCOUNT=0[0m
2026-04-28T19:30:06.5952024Z [36;1mfor i in $(seq 1 6); do[0m
2026-04-28T19:30:06.5952939Z [36;1m  sleep 10[0m
2026-04-28T19:30:06.5954044Z [36;1m  COUNT=$(gh api "repos/$REPO/commits/$HEAD_SHA/check-runs" \[0m
2026-04-28T19:30:06.5955817Z [36;1m    --jq '[.check_runs[] | select(.name != "Auto-merge")] | length')[0m
2026-04-28T19:30:06.5957206Z [36;1m  if [ "$COUNT" -gt 0 ]; then[0m
2026-04-28T19:30:06.5958459Z [36;1m    echo "Found $COUNT non-Auto-merge check(s) after ${i}0s"[0m
2026-04-28T19:30:06.5959705Z [36;1m    break[0m
2026-04-28T19:30:06.5960437Z [36;1m  fi[0m
2026-04-28T19:30:06.5961395Z [36;1m  echo "No non-Auto-merge checks yet (attempt $i/6)"[0m
2026-04-28T19:30:06.5962559Z [36;1mdone[0m
2026-04-28T19:30:06.5963304Z [36;1mif [ "$COUNT" -gt 0 ]; then[0m
2026-04-28T19:30:06.5964359Z [36;1m  echo "has_ci=true" >> "$GITHUB_OUTPUT"[0m
2026-04-28T19:30:06.5965581Z [36;1melse[0m
2026-04-28T19:30:06.5966426Z [36;1m  echo "has_ci=false" >> "$GITHUB_OUTPUT"[0m
2026-04-28T19:30:06.5967865Z [36;1m  echo "No CI checks on this PR after 60s — will merge without waiting."[0m
2026-04-28T19:30:06.5969203Z [36;1mfi[0m
2026-04-28T19:30:06.6078766Z shell: /usr/bin/bash -e {0}
2026-04-28T19:30:06.6079987Z env:
2026-04-28T19:30:06.6080689Z   WAIT_INTERVAL: 15
2026-04-28T19:30:06.6082107Z   GH_TOKEN: ***
2026-04-28T19:30:06.6083024Z   HEAD_SHA: 344651e45fe37856b427eeb0df1ef95c70f47ca6
2026-04-28T19:30:06.6084150Z   REPO: averycorp/prismTask
2026-04-28T19:30:06.6085299Z ##[endgroup]
2026-04-28T19:30:19.9753097Z Found 8 non-Auto-merge check(s) after 10s
2026-04-28T19:30:19.9887472Z ##[group]Run set -euo pipefail
2026-04-28T19:30:19.9887824Z [36;1mset -euo pipefail[0m
2026-04-28T19:30:19.9888233Z [36;1mREQUIRED=$(gh api "repos/$REPO/branches/main/protection/required_status_checks" \[0m
2026-04-28T19:30:19.9888702Z [36;1m  --jq '.contexts[]' 2>/dev/null || true)[0m
2026-04-28T19:30:19.9888992Z [36;1mif [ -z "$REQUIRED" ]; then[0m
2026-04-28T19:30:19.9889488Z [36;1m  echo "::warning::Could not query branch protection (likely a permission issue) — using hardcoded fallback list."[0m
2026-04-28T19:30:19.9890012Z [36;1m  REQUIRED="$FALLBACK_REQUIRED"[0m
2026-04-28T19:30:19.9890294Z [36;1mfi[0m
2026-04-28T19:30:19.9890561Z [36;1m# Strip Auto-merge from the required list so we don't wait on[0m
2026-04-28T19:30:19.9890992Z [36;1m# ourselves (it's listed because we ARE the running workflow).[0m
2026-04-28T19:30:19.9891525Z [36;1mREQUIRED=$(echo "$REQUIRED" | grep -vE '^\s*Auto-merge\s*$' | grep -vE '^\s*$' || true)[0m
2026-04-28T19:30:19.9892028Z [36;1mif [ -z "$REQUIRED" ]; then[0m
2026-04-28T19:30:19.9892376Z [36;1m  echo "No required checks beyond Auto-merge; skipping queue wait."[0m
2026-04-28T19:30:19.9892734Z [36;1m  exit 0[0m
2026-04-28T19:30:19.9892955Z [36;1mfi[0m
2026-04-28T19:30:19.9893196Z [36;1mecho "Waiting until these required checks queue:"[0m
2026-04-28T19:30:19.9893512Z [36;1mecho "$REQUIRED" | sed 's/^/  /'[0m
2026-04-28T19:30:19.9893854Z [36;1m# Audit PR #876 → CI pathway efficiency: this loop was burning[0m
2026-04-28T19:30:19.9894257Z [36;1m# ~315s/PR (PR #874 run 25035518360 + PR #873 run 25035513300)[0m
2026-04-28T19:30:19.9894653Z [36;1m# while underlying required checks were observably complete in[0m
2026-04-28T19:30:19.9895292Z [36;1m# ~30s. Mean job wall-clock was 343s with std-dev ~7s across 10[0m
2026-04-28T19:30:19.9895714Z [36;1m# runs — i.e. the loop almost always ran to its 5-minute ceiling.[0m
2026-04-28T19:30:19.9896111Z [36;1m# Two compensating mitigations + diagnostics:[0m
2026-04-28T19:30:19.9896398Z [36;1m#[0m
2026-04-28T19:30:19.9896665Z [36;1m#   (a) Cap dropped 30 → 18 attempts at 5s interval = 90s ceiling[0m
2026-04-28T19:30:19.9897068Z [36;1m#       (still > 2× the 43s race window from PR #804).[0m
2026-04-28T19:30:19.9897449Z [36;1m#   (b) Poll interval dropped 10s → 5s for faster detection.[0m
2026-04-28T19:30:19.9897867Z [36;1m#   (c) Per-iteration diagnostic prints MISSING + visible CHECK_RUNS[0m
2026-04-28T19:30:19.9898329Z [36;1m#       so future investigation can pinpoint the matching mismatch[0m
2026-04-28T19:30:19.9898775Z [36;1m#       (the immediate root-cause was not yet identified — the[0m
2026-04-28T19:30:19.9899197Z [36;1m#       MISSING list never empties even though CHECK_RUNS clearly[0m
2026-04-28T19:30:19.9899604Z [36;1m#       contains every REQUIRED name. Likely a trim/encoding edge[0m
2026-04-28T19:30:19.9900107Z [36;1m#       case in the comparison loop, but observability beats[0m
2026-04-28T19:30:19.9900465Z [36;1m#       guessing).[0m
2026-04-28T19:30:19.9900709Z [36;1mfor attempt in $(seq 1 18); do[0m
2026-04-28T19:30:19.9901084Z [36;1m  CHECK_RUNS=$(gh api --paginate "repos/$REPO/commits/$HEAD_SHA/check-runs" \[0m
2026-04-28T19:30:19.9901511Z [36;1m    --jq '.check_runs[].name' | sort -u)[0m
2026-04-28T19:30:19.9901778Z [36;1m  MISSING=""[0m
2026-04-28T19:30:19.9901994Z [36;1m  while IFS= read -r req; do[0m
2026-04-28T19:30:19.9902245Z [36;1m    [ -z "$req" ] && continue[0m
2026-04-28T19:30:19.9902512Z [36;1m    req_trimmed=$(echo "$req" | xargs)[0m
2026-04-28T19:30:19.9902839Z [36;1m    if ! echo "$CHECK_RUNS" | grep -qxF "$req_trimmed"; then[0m
2026-04-28T19:30:19.9903381Z [36;1m      MISSING="$MISSING $req_trimmed"[0m
2026-04-28T19:30:19.9903641Z [36;1m    fi[0m
2026-04-28T19:30:19.9903838Z [36;1m  done <<< "$REQUIRED"[0m
2026-04-28T19:30:19.9904078Z [36;1m  if [ -z "$MISSING" ]; then[0m
2026-04-28T19:30:19.9904509Z [36;1m    echo "All required checks have queued after attempt $attempt (~$((attempt * 5))s)."[0m
2026-04-28T19:30:19.9905281Z [36;1m    exit 0[0m
2026-04-28T19:30:19.9905475Z [36;1m  fi[0m
2026-04-28T19:30:19.9905727Z [36;1m  echo "Attempt $attempt/18 — still missing:$MISSING"[0m
2026-04-28T19:30:19.9906165Z [36;1m  echo "  Visible check-runs: $(echo "$CHECK_RUNS" | tr '\n' ',' | sed 's/,$//')"[0m
2026-04-28T19:30:19.9906543Z [36;1m  sleep 5[0m
2026-04-28T19:30:19.9906738Z [36;1mdone[0m
2026-04-28T19:30:19.9907175Z [36;1mecho "::warning::Some required checks never queued after 90s:$MISSING — proceeding to wait-on-check-action anyway."[0m
2026-04-28T19:30:19.9966955Z shell: /usr/bin/bash -e {0}
2026-04-28T19:30:19.9967218Z env:
2026-04-28T19:30:19.9967408Z   WAIT_INTERVAL: 15
2026-04-28T19:30:19.9967967Z   GH_TOKEN: ***
2026-04-28T19:30:19.9968213Z   HEAD_SHA: 344651e45fe37856b427eeb0df1ef95c70f47ca6
2026-04-28T19:30:19.9968506Z   REPO: averycorp/prismTask
2026-04-28T19:30:19.9968866Z   FALLBACK_REQUIRED: lint-and-test
connected-tests
test
web-lint-and-test

2026-04-28T19:30:19.9969259Z ##[endgroup]
2026-04-28T19:30:20.2713720Z Waiting until these required checks queue:
2026-04-28T19:30:20.2730183Z   {"message":"Resource not accessible by integration","documentation_url":"https://docs.github.com/rest/branches/branch-protection#get-status-checks-protection","status":"403"}
2026-04-28T19:30:20.7919443Z Attempt 1/18 — still missing: {message:Resource not accessible by integration,documentation_url:https://docs.github.com/rest/branches/branch-protection#get-status-checks-protection,status:403}
2026-04-28T19:30:20.7946234Z   Visible check-runs: Auto-merge,autofix,capture-failure-log,connected-tests,cross-device-tests,e2e,lint-and-test,maybe-label,test,web-lint-and-test
2026-04-28T19:30:26.4264644Z Attempt 2/18 — still missing: {message:Resource not accessible by integration,documentation_url:https://docs.github.com/rest/branches/branch-protection#get-status-checks-protection,status:403}
2026-04-28T19:30:26.4287492Z   Visible check-runs: Auto-merge,autofix,capture-failure-log,connected-tests,cross-device-tests,e2e,lint-and-test,maybe-label,test,web-lint-and-test
2026-04-28T19:30:31.9067756Z Attempt 3/18 — still missing: {message:Resource not accessible by integration,documentation_url:https://docs.github.com/rest/branches/branch-protection#get-status-checks-protection,status:403}
2026-04-28T19:30:31.9089380Z   Visible check-runs: Auto-merge,autofix,capture-failure-log,connected-tests,cross-device-tests,e2e,lint-and-test,maybe-label,test,web-lint-and-test
2026-04-28T19:30:37.3969606Z Attempt 4/18 — still missing: {message:Resource not accessible by integration,documentation_url:https://docs.github.com/rest/branches/branch-protection#get-status-checks-protection,status:403}
2026-04-28T19:30:37.3992032Z   Visible check-runs: Auto-merge,autofix,capture-failure-log,connected-tests,cross-device-tests,e2e,lint-and-test,maybe-label,test,web-lint-and-test
2026-04-28T19:30:42.9670371Z Attempt 5/18 — still missing: {message:Resource not accessible by integration,documentation_url:https://docs.github.com/rest/branches/branch-protection#get-status-checks-protection,status:403}
2026-04-28T19:30:42.9691949Z   Visible check-runs: Auto-merge,autofix,capture-failure-log,connected-tests,cross-device-tests,e2e,lint-and-test,maybe-label,test,web-lint-and-test
2026-04-28T19:30:48.4923995Z Attempt 6/18 — still missing: {message:Resource not accessible by integration,documentation_url:https://docs.github.com/rest/branches/branch-protection#get-status-checks-protection,status:403}
2026-04-28T19:30:48.4948010Z   Visible check-runs: Auto-merge,autofix,capture-failure-log,connected-tests,cross-device-tests,e2e,lint-and-test,maybe-label,test,web-lint-and-test
2026-04-28T19:30:54.1417207Z Attempt 7/18 — still missing: {message:Resource not accessible by integration,documentation_url:https://docs.github.com/rest/branches/branch-protection#get-status-checks-protection,status:403}
2026-04-28T19:30:54.1438503Z   Visible check-runs: Auto-merge,autofix,capture-failure-log,connected-tests,cross-device-tests,e2e,lint-and-test,maybe-label,test,web-lint-and-test
2026-04-28T19:30:59.7799586Z Attempt 8/18 — still missing: {message:Resource not accessible by integration,documentation_url:https://docs.github.com/rest/branches/branch-protection#get-status-checks-protection,status:403}
2026-04-28T19:30:59.7823339Z   Visible check-runs: Auto-merge,autofix,capture-failure-log,connected-tests,cross-device-tests,e2e,lint-and-test,maybe-label,test,web-lint-and-test
2026-04-28T19:31:05.4125653Z Attempt 9/18 — still missing: {message:Resource not accessible by integration,documentation_url:https://docs.github.com/rest/branches/branch-protection#get-status-checks-protection,status:403}
2026-04-28T19:31:05.4148038Z   Visible check-runs: Auto-merge,autofix,capture-failure-log,connected-tests,cross-device-tests,e2e,lint-and-test,maybe-label,test,web-lint-and-test
2026-04-28T19:31:10.9023220Z Attempt 10/18 — still missing: {message:Resource not accessible by integration,documentation_url:https://docs.github.com/rest/branches/branch-protection#get-status-checks-protection,status:403}
2026-04-28T19:31:10.9050926Z   Visible check-runs: Auto-merge,autofix,capture-failure-log,connected-tests,cross-device-tests,e2e,lint-and-test,maybe-label,test,web-lint-and-test
2026-04-28T19:31:16.4158058Z Attempt 11/18 — still missing: {message:Resource not accessible by integration,documentation_url:https://docs.github.com/rest/branches/branch-protection#get-status-checks-protection,status:403}
2026-04-28T19:31:16.4179629Z   Visible check-runs: Auto-merge,autofix,capture-failure-log,connected-tests,cross-device-tests,e2e,lint-and-test,maybe-label,test,web-lint-and-test
2026-04-28T19:31:21.9568902Z Attempt 12/18 — still missing: {message:Resource not accessible by integration,documentation_url:https://docs.github.com/rest/branches/branch-protection#get-status-checks-protection,status:403}
2026-04-28T19:31:21.9594618Z   Visible check-runs: Auto-merge,autofix,capture-failure-log,connected-tests,cross-device-tests,e2e,lint-and-test,maybe-label,test,web-lint-and-test
2026-04-28T19:31:27.4368711Z Attempt 13/18 — still missing: {message:Resource not accessible by integration,documentation_url:https://docs.github.com/rest/branches/branch-protection#get-status-checks-protection,status:403}
2026-04-28T19:31:27.4391231Z   Visible check-runs: Auto-merge,autofix,capture-failure-log,connected-tests,cross-device-tests,e2e,lint-and-test,maybe-label,test,web-lint-and-test
2026-04-28T19:31:32.9926532Z Attempt 14/18 — still missing: {message:Resource not accessible by integration,documentation_url:https://docs.github.com/rest/branches/branch-protection#get-status-checks-protection,status:403}
2026-04-28T19:31:32.9956980Z   Visible check-runs: Auto-merge,autofix,capture-failure-log,connected-tests,cross-device-tests,e2e,lint-and-test,maybe-label,test,web-lint-and-test
2026-04-28T19:31:38.5262716Z Attempt 15/18 — still missing: {message:Resource not accessible by integration,documentation_url:https://docs.github.com/rest/branches/branch-protection#get-status-checks-protection,status:403}
2026-04-28T19:31:38.5289216Z   Visible check-runs: Auto-merge,autofix,capture-failure-log,connected-tests,cross-device-tests,e2e,lint-and-test,maybe-label,test,web-lint-and-test
2026-04-28T19:31:44.0776786Z Attempt 16/18 — still missing: {message:Resource not accessible by integration,documentation_url:https://docs.github.com/rest/branches/branch-protection#get-status-checks-protection,status:403}
2026-04-28T19:31:44.0799051Z   Visible check-runs: Auto-merge,autofix,capture-failure-log,connected-tests,cross-device-tests,e2e,lint-and-test,maybe-label,test,web-lint-and-test
2026-04-28T19:31:49.5875647Z Attempt 17/18 — still missing: {message:Resource not accessible by integration,documentation_url:https://docs.github.com/rest/branches/branch-protection#get-status-checks-protection,status:403}
2026-04-28T19:31:49.5896946Z   Visible check-runs: Auto-merge,autofix,capture-failure-log,connected-tests,cross-device-tests,e2e,lint-and-test,maybe-label,test,web-lint-and-test
2026-04-28T19:31:55.0737849Z Attempt 18/18 — still missing: {message:Resource not accessible by integration,documentation_url:https://docs.github.com/rest/branches/branch-protection#get-status-checks-protection,status:403}
2026-04-28T19:31:55.0760930Z   Visible check-runs: Auto-merge,autofix,capture-failure-log,connected-tests,cross-device-tests,e2e,lint-and-test,maybe-label,test,web-lint-and-test
2026-04-28T19:32:00.0810735Z ##[warning]Some required checks never queued after 90s: {message:Resource not accessible by integration,documentation_url:https://docs.github.com/rest/branches/branch-protection#get-status-checks-protection,status:403} — proceeding to wait-on-check-action anyway.
2026-04-28T19:32:00.1032019Z ##[group]Run lewagon/wait-on-check-action@ccfb013c15c8afb7bf2b7c028fb74dc5a068cccc
2026-04-28T19:32:00.1032434Z with:
2026-04-28T19:32:00.1032647Z   ref: 344651e45fe37856b427eeb0df1ef95c70f47ca6
2026-04-28T19:32:00.1032930Z   running-workflow-name: Auto-merge
2026-04-28T19:32:00.1033412Z   repo-token: ***
2026-04-28T19:32:00.1033614Z   wait-interval: 15
2026-04-28T19:32:00.1033846Z   allowed-conclusions: success,skipped,neutral
2026-04-28T19:32:00.1034109Z   verbose: true
2026-04-28T19:32:00.1034283Z env:
2026-04-28T19:32:00.1034439Z   WAIT_INTERVAL: 15
2026-04-28T19:32:00.1034621Z ##[endgroup]
2026-04-28T19:32:00.1163911Z ##[group]Run ruby/setup-ruby@v1
2026-04-28T19:32:00.1164157Z with:
2026-04-28T19:32:00.1164334Z   ruby-version: 3.2
2026-04-28T19:32:00.1164531Z   bundler-cache: false
2026-04-28T19:32:00.1165140Z   token: ***
2026-04-28T19:32:00.1165311Z env:
2026-04-28T19:32:00.1165479Z   WAIT_INTERVAL: 15
2026-04-28T19:32:00.1165662Z ##[endgroup]
2026-04-28T19:32:00.2729704Z ##[group]Modifying PATH
2026-04-28T19:32:00.2730157Z Entries added to PATH to use selected Ruby:
2026-04-28T19:32:00.2730599Z   /opt/hostedtoolcache/Ruby/3.2.11/x64/bin
2026-04-28T19:32:00.2734330Z ##[endgroup]
2026-04-28T19:32:00.2735216Z ##[group]Print Ruby version
2026-04-28T19:32:00.2841137Z [command]/opt/hostedtoolcache/Ruby/3.2.11/x64/bin/ruby --version
2026-04-28T19:32:00.7612590Z ruby 3.2.11 (2026-03-27 revision 5483bfc1ae) [x86_64-linux]
2026-04-28T19:32:00.7651363Z Took   0.49 seconds
2026-04-28T19:32:00.7652114Z ##[endgroup]
2026-04-28T19:32:00.7653357Z ##[group]Installing Bundler
2026-04-28T19:32:00.7657240Z Using Bundler shipped with ruby-3.2.11
2026-04-28T19:32:00.7658069Z Took   0.00 seconds
2026-04-28T19:32:00.7658718Z ##[endgroup]
2026-04-28T19:32:00.8311796Z ##[group]Run actions/cache@v4
2026-04-28T19:32:00.8312057Z with:
2026-04-28T19:32:00.8312473Z   path: /home/runner/work/_actions/lewagon/wait-on-check-action/ccfb013c15c8afb7bf2b7c028fb74dc5a068cccc
2026-04-28T19:32:00.8312975Z   key: Linux-gems-
2026-04-28T19:32:00.8313170Z   restore-keys: Linux-gems-
2026-04-28T19:32:00.8313392Z   enableCrossOsArchive: false
2026-04-28T19:32:00.8313632Z   fail-on-cache-miss: false
2026-04-28T19:32:00.8313838Z   lookup-only: false
2026-04-28T19:32:00.8314024Z   save-always: false
2026-04-28T19:32:00.8314200Z env:
2026-04-28T19:32:00.8314358Z   WAIT_INTERVAL: 15
2026-04-28T19:32:00.8314539Z ##[endgroup]
2026-04-28T19:32:01.1508728Z Cache not found for input keys: Linux-gems-, Linux-gems-
2026-04-28T19:32:01.1577679Z ##[group]Run bundle install --jobs 4 --retry 3
2026-04-28T19:32:01.1578018Z [36;1mbundle install --jobs 4 --retry 3[0m
2026-04-28T19:32:01.1638173Z shell: /usr/bin/bash --noprofile --norc -e -o pipefail {0}
2026-04-28T19:32:01.1638496Z env:
2026-04-28T19:32:01.1638661Z   WAIT_INTERVAL: 15
2026-04-28T19:32:01.1638853Z ##[endgroup]
2026-04-28T19:32:02.2569513Z Bundler 2.4.19 is running, but your lockfile was generated with 2.2.3. Installing Bundler 2.2.3 and restarting using that version.
2026-04-28T19:32:03.8305560Z Fetching gem metadata from https://rubygems.org/.
2026-04-28T19:32:03.8380963Z Fetching bundler 2.2.3
2026-04-28T19:32:04.0655681Z Installing bundler 2.2.3
2026-04-28T19:32:04.2553107Z Calling `DidYouMean::SPELL_CHECKERS.merge!(error_name => spell_checker)' has been deprecated. Please call `DidYouMean.correct_error(error_name, spell_checker)' instead.
2026-04-28T19:32:05.6655898Z Fetching gem metadata from https://rubygems.org/.........
2026-04-28T19:32:05.6752723Z Fetching minitest 5.18.0
2026-04-28T19:32:05.6756644Z Fetching public_suffix 4.0.7
2026-04-28T19:32:05.6820547Z Fetching concurrent-ruby 1.2.2
2026-04-28T19:32:05.6823041Z Fetching zeitwerk 2.6.7
2026-04-28T19:32:05.8193589Z Installing minitest 5.18.0
2026-04-28T19:32:05.8241142Z Installing zeitwerk 2.6.7
2026-04-28T19:32:05.8429940Z Installing public_suffix 4.0.7
2026-04-28T19:32:05.8838283Z Fetching ast 2.4.2
2026-04-28T19:32:05.9115826Z Using bundler 2.2.3
2026-04-28T19:32:05.9126300Z Fetching byebug 11.1.3
2026-04-28T19:32:05.9447282Z Fetching diff-lcs 1.4.4
2026-04-28T19:32:05.9684110Z Installing concurrent-ruby 1.2.2
2026-04-28T19:32:05.9838812Z Installing ast 2.4.2
2026-04-28T19:32:05.9937655Z Fetching faraday-net_http 2.0.3
2026-04-28T19:32:06.0609185Z Installing byebug 11.1.3 with native extensions
2026-04-28T19:32:06.0612900Z Installing diff-lcs 1.4.4
2026-04-28T19:32:06.0715471Z Installing faraday-net_http 2.0.3
2026-04-28T19:32:06.0872728Z Using ruby2_keywords 0.0.5
2026-04-28T19:32:06.0887970Z Fetching json 2.7.1
2026-04-28T19:32:06.1412056Z Fetching language_server-protocol 3.17.0.3
2026-04-28T19:32:06.1672019Z Fetching lint_roller 1.1.0
2026-04-28T19:32:06.2114365Z Installing json 2.7.1 with native extensions
2026-04-28T19:32:06.2396114Z Installing lint_roller 1.1.0
2026-04-28T19:32:06.2533371Z Installing language_server-protocol 3.17.0.3
2026-04-28T19:32:06.2666947Z Fetching parallel 1.24.0
2026-04-28T19:32:06.3549235Z Installing parallel 1.24.0
2026-04-28T19:32:06.3672265Z Fetching racc 1.7.3
2026-04-28T19:32:06.4254216Z Fetching rainbow 3.1.1
2026-04-28T19:32:06.4669350Z Installing racc 1.7.3 with native extensions
2026-04-28T19:32:06.4971120Z Installing rainbow 3.1.1
2026-04-28T19:32:06.5037816Z Fetching regexp_parser 2.8.3
2026-04-28T19:32:06.5899769Z Installing regexp_parser 2.8.3
2026-04-28T19:32:06.6119725Z Fetching rexml 3.2.6
2026-04-28T19:32:06.7062628Z Installing rexml 3.2.6
2026-04-28T19:32:06.7264047Z Fetching rspec-support 3.10.1
2026-04-28T19:32:06.7958053Z Installing rspec-support 3.10.1
2026-04-28T19:32:06.8887446Z Fetching ruby-progressbar 1.13.0
2026-04-28T19:32:06.9617049Z Installing ruby-progressbar 1.13.0
2026-04-28T19:32:06.9716216Z Fetching unicode-display_width 2.5.0
2026-04-28T19:32:07.0419821Z Installing unicode-display_width 2.5.0
2026-04-28T19:32:07.0481292Z Fetching addressable 2.8.0
2026-04-28T19:32:07.1435040Z Installing addressable 2.8.0
2026-04-28T19:32:07.1572446Z Fetching faraday 2.3.0
2026-04-28T19:32:07.2392453Z Installing faraday 2.3.0
2026-04-28T19:32:07.2585547Z Fetching i18n 1.12.0
2026-04-28T19:32:07.3363439Z Installing i18n 1.12.0
2026-04-28T19:32:07.3505217Z Fetching tzinfo 2.0.6
2026-04-28T19:32:07.4390043Z Installing tzinfo 2.0.6
2026-04-28T19:32:07.4560904Z Fetching rspec-core 3.10.1
2026-04-28T19:32:07.5511997Z Installing rspec-core 3.10.1
2026-04-28T19:32:07.5786949Z Fetching rspec-expectations 3.10.1
2026-04-28T19:32:07.6685310Z Installing rspec-expectations 3.10.1
2026-04-28T19:32:07.6878540Z Fetching rspec-mocks 3.10.1
2026-04-28T19:32:07.7826625Z Installing rspec-mocks 3.10.1
2026-04-28T19:32:07.7985410Z Fetching faraday-retry 2.0.0
2026-04-28T19:32:07.8727787Z Installing faraday-retry 2.0.0
2026-04-28T19:32:07.8791539Z Fetching sawyer 0.9.2
2026-04-28T19:32:07.9544436Z Installing sawyer 0.9.2
2026-04-28T19:32:07.9636759Z Fetching activesupport 6.1.7.3
2026-04-28T19:32:08.0866206Z Installing activesupport 6.1.7.3
2026-04-28T19:32:08.1473367Z Fetching rspec 3.10.0
2026-04-28T19:32:08.2210691Z Installing rspec 3.10.0
2026-04-28T19:32:08.2287749Z Fetching octokit 4.25.0
2026-04-28T19:32:08.3285354Z Installing octokit 4.25.0
2026-04-28T19:32:09.3073123Z Fetching parser 3.2.2.4
2026-04-28T19:32:09.5156988Z Installing parser 3.2.2.4
2026-04-28T19:32:09.6136368Z Fetching rubocop-ast 1.30.0
2026-04-28T19:32:09.7146607Z Installing rubocop-ast 1.30.0
2026-04-28T19:32:10.7630302Z Fetching rubocop 1.57.2
2026-04-28T19:32:10.9178435Z Installing rubocop 1.57.2
2026-04-28T19:32:11.0792799Z Fetching rubocop-performance 1.19.1
2026-04-28T19:32:11.0793164Z Fetching standard-custom 1.0.2
2026-04-28T19:32:11.1710616Z Installing standard-custom 1.0.2
2026-04-28T19:32:11.1848404Z Installing rubocop-performance 1.19.1
2026-04-28T19:32:11.1998928Z Fetching standard-performance 1.2.1
2026-04-28T19:32:11.2658682Z Installing standard-performance 1.2.1
2026-04-28T19:32:11.2740653Z Fetching standard 1.32.1
2026-04-28T19:32:11.3605020Z Installing standard 1.32.1
2026-04-28T19:32:11.3829867Z Bundle complete! 6 Gemfile dependencies, 40 gems now installed.
2026-04-28T19:32:11.3830949Z Use `bundle info [gemname]` to see where a bundled gem is installed.
2026-04-28T19:32:11.4363898Z ##[group]Run ruby entrypoint.rb
2026-04-28T19:32:11.4364182Z [36;1mruby entrypoint.rb[0m
2026-04-28T19:32:11.4424984Z shell: /usr/bin/bash --noprofile --norc -e -o pipefail {0}
2026-04-28T19:32:11.4425317Z env:
2026-04-28T19:32:11.4425494Z   WAIT_INTERVAL: 15
2026-04-28T19:32:11.4425720Z   ALLOWED_CONCLUSIONS: success,skipped,neutral
2026-04-28T19:32:11.4425990Z   IGNORE_CHECKS: 
2026-04-28T19:32:11.4426160Z   CHECK_NAME: 
2026-04-28T19:32:11.4426346Z   CHECK_REGEXP: 
2026-04-28T19:32:11.4426555Z   REF: 344651e45fe37856b427eeb0df1ef95c70f47ca6
2026-04-28T19:32:11.4427312Z   REPO_TOKEN: ***
2026-04-28T19:32:11.4427514Z   VERBOSE: true
2026-04-28T19:32:11.4427711Z   RUNNING_WORKFLOW_NAME: Auto-merge
2026-04-28T19:32:11.4427948Z   API_ENDPOINT: 
2026-04-28T19:32:11.4428129Z ##[endgroup]
2026-04-28T19:34:16.6187788Z Checks running on ref:
2026-04-28T19:34:16.6188550Z Checks completed: capture-failure-log, capture-failure-log, e2e, test, web-lint-and-test, maybe-label
2026-04-28T19:34:16.6189352Z Checks in_progress: autofix, connected-tests, lint-and-test, cross-device-tests, Auto-merge
2026-04-28T19:34:16.6190019Z Checks after ignore checks filter:
2026-04-28T19:34:16.6190714Z Checks completed: capture-failure-log, capture-failure-log, e2e, test, web-lint-and-test, maybe-label
2026-04-28T19:34:16.6191284Z Checks in_progress: autofix, connected-tests, lint-and-test, cross-device-tests
2026-04-28T19:34:16.6191654Z Checks after check_name filter:
2026-04-28T19:34:16.6192067Z Checks completed: capture-failure-log, capture-failure-log, e2e, test, web-lint-and-test, maybe-label
2026-04-28T19:34:16.6192609Z Checks in_progress: autofix, connected-tests, lint-and-test, cross-device-tests
2026-04-28T19:34:16.6192970Z Checks after Regexp filter:
2026-04-28T19:34:16.6193371Z Checks completed: capture-failure-log, capture-failure-log, e2e, test, web-lint-and-test, maybe-label
2026-04-28T19:34:16.6193911Z Checks in_progress: autofix, connected-tests, lint-and-test, cross-device-tests
2026-04-28T19:34:16.6194372Z The requested checks aren't complete yet, will check back in 15 seconds...
2026-04-28T19:34:16.6194716Z Checks running on ref:
2026-04-28T19:34:16.6195275Z Checks completed: capture-failure-log, capture-failure-log, e2e, test, web-lint-and-test, maybe-label
2026-04-28T19:34:16.6195873Z Checks in_progress: autofix, connected-tests, lint-and-test, cross-device-tests, Auto-merge
2026-04-28T19:34:16.6196315Z Checks after ignore checks filter:
2026-04-28T19:34:16.6196756Z Checks completed: capture-failure-log, capture-failure-log, e2e, test, web-lint-and-test, maybe-label
2026-04-28T19:34:16.6197304Z Checks in_progress: autofix, connected-tests, lint-and-test, cross-device-tests
2026-04-28T19:34:16.6197665Z Checks after check_name filter:
2026-04-28T19:34:16.6198059Z Checks completed: capture-failure-log, capture-failure-log, e2e, test, web-lint-and-test, maybe-label
2026-04-28T19:34:16.6198593Z Checks in_progress: autofix, connected-tests, lint-and-test, cross-device-tests
2026-04-28T19:34:16.6199336Z Checks after Regexp filter:
2026-04-28T19:34:16.6199719Z Checks completed: capture-failure-log, capture-failure-log, e2e, test, web-lint-and-test, maybe-label
2026-04-28T19:34:16.6200241Z Checks in_progress: autofix, connected-tests, lint-and-test, cross-device-tests
2026-04-28T19:34:16.6200684Z The requested checks aren't complete yet, will check back in 15 seconds...
2026-04-28T19:34:16.6201016Z Checks running on ref:
2026-04-28T19:34:16.6201398Z Checks completed: capture-failure-log, capture-failure-log, e2e, test, web-lint-and-test, maybe-label
2026-04-28T19:34:16.6201974Z Checks in_progress: autofix, connected-tests, lint-and-test, cross-device-tests, Auto-merge
2026-04-28T19:34:16.6202374Z Checks after ignore checks filter:
2026-04-28T19:34:16.6202792Z Checks completed: capture-failure-log, capture-failure-log, e2e, test, web-lint-and-test, maybe-label
2026-04-28T19:34:16.6203485Z Checks in_progress: autofix, connected-tests, lint-and-test, cross-device-tests
2026-04-28T19:34:16.6203861Z Checks after check_name filter:
2026-04-28T19:34:16.6204271Z Checks completed: capture-failure-log, capture-failure-log, e2e, test, web-lint-and-test, maybe-label
2026-04-28T19:34:16.6204935Z Checks in_progress: autofix, connected-tests, lint-and-test, cross-device-tests
2026-04-28T19:34:16.6205295Z Checks after Regexp filter:
2026-04-28T19:34:16.6205685Z Checks completed: capture-failure-log, capture-failure-log, e2e, test, web-lint-and-test, maybe-label
2026-04-28T19:34:16.6206203Z Checks in_progress: autofix, connected-tests, lint-and-test, cross-device-tests
2026-04-28T19:34:16.6206645Z The requested checks aren't complete yet, will check back in 15 seconds...
2026-04-28T19:34:16.6206983Z Checks running on ref:
2026-04-28T19:34:16.6207350Z Checks completed: capture-failure-log, capture-failure-log, e2e, test, web-lint-and-test, maybe-label
2026-04-28T19:34:16.6207925Z Checks in_progress: autofix, connected-tests, lint-and-test, cross-device-tests, Auto-merge
2026-04-28T19:34:16.6208354Z Checks after ignore checks filter:
2026-04-28T19:34:16.6208785Z Checks completed: capture-failure-log, capture-failure-log, e2e, test, web-lint-and-test, maybe-label
2026-04-28T19:34:16.6209342Z Checks in_progress: autofix, connected-tests, lint-and-test, cross-device-tests
2026-04-28T19:34:16.6209704Z Checks after check_name filter:
2026-04-28T19:34:16.6210109Z Checks completed: capture-failure-log, capture-failure-log, e2e, test, web-lint-and-test, maybe-label
2026-04-28T19:34:16.6210639Z Checks in_progress: autofix, connected-tests, lint-and-test, cross-device-tests
2026-04-28T19:34:16.6210985Z Checks after Regexp filter:
2026-04-28T19:34:16.6211376Z Checks completed: capture-failure-log, capture-failure-log, e2e, test, web-lint-and-test, maybe-label
2026-04-28T19:34:16.6211899Z Checks in_progress: autofix, connected-tests, lint-and-test, cross-device-tests
2026-04-28T19:34:16.6212337Z The requested checks aren't complete yet, will check back in 15 seconds...
2026-04-28T19:34:16.6212683Z Checks running on ref:
2026-04-28T19:34:16.6213057Z Checks completed: capture-failure-log, capture-failure-log, e2e, test, web-lint-and-test, maybe-label
2026-04-28T19:34:16.6213632Z Checks in_progress: autofix, connected-tests, lint-and-test, cross-device-tests, Auto-merge
2026-04-28T19:34:16.6214031Z Checks after ignore checks filter:
2026-04-28T19:34:16.6214438Z Checks completed: capture-failure-log, capture-failure-log, e2e, test, web-lint-and-test, maybe-label
2026-04-28T19:34:16.6215083Z Checks in_progress: autofix, connected-tests, lint-and-test, cross-device-tests
2026-04-28T19:34:16.6215450Z Checks after check_name filter:
2026-04-28T19:34:16.6215844Z Checks completed: capture-failure-log, capture-failure-log, e2e, test, web-lint-and-test, maybe-label
2026-04-28T19:34:16.6216378Z Checks in_progress: autofix, connected-tests, lint-and-test, cross-device-tests
2026-04-28T19:34:16.6216726Z Checks after Regexp filter:
2026-04-28T19:34:16.6217109Z Checks completed: capture-failure-log, capture-failure-log, e2e, test, web-lint-and-test, maybe-label
2026-04-28T19:34:16.6217793Z Checks in_progress: autofix, connected-tests, lint-and-test, cross-device-tests
2026-04-28T19:34:16.6218228Z The requested checks aren't complete yet, will check back in 15 seconds...
2026-04-28T19:34:16.6218676Z Checks running on ref:
2026-04-28T19:34:16.6219092Z Checks completed: capture-failure-log, capture-failure-log, e2e, autofix, test, web-lint-and-test, maybe-label
2026-04-28T19:34:16.6219685Z Checks in_progress: connected-tests, lint-and-test, cross-device-tests, Auto-merge
2026-04-28T19:34:16.6220057Z Checks after ignore checks filter:
2026-04-28T19:34:16.6220501Z Checks completed: capture-failure-log, capture-failure-log, e2e, autofix, test, web-lint-and-test, maybe-label
2026-04-28T19:34:16.6221049Z Checks in_progress: connected-tests, lint-and-test, cross-device-tests
2026-04-28T19:34:16.6221378Z Checks after check_name filter:
2026-04-28T19:34:16.6222013Z Checks completed: capture-failure-log, capture-failure-log, e2e, autofix, test, web-lint-and-test, maybe-label
2026-04-28T19:34:16.6222567Z Checks in_progress: connected-tests, lint-and-test, cross-device-tests
2026-04-28T19:34:16.6222885Z Checks after Regexp filter:
2026-04-28T19:34:16.6223295Z Checks completed: capture-failure-log, capture-failure-log, e2e, autofix, test, web-lint-and-test, maybe-label
2026-04-28T19:34:16.6223818Z Checks in_progress: connected-tests, lint-and-test, cross-device-tests
2026-04-28T19:34:16.6224229Z The requested checks aren't complete yet, will check back in 15 seconds...
2026-04-28T19:34:16.6224559Z Checks running on ref:
2026-04-28T19:34:16.6225086Z Checks completed: capture-failure-log, capture-failure-log, e2e, autofix, test, web-lint-and-test, maybe-label
2026-04-28T19:34:16.6225685Z Checks in_progress: connected-tests, lint-and-test, cross-device-tests, Auto-merge
2026-04-28T19:34:16.6226067Z Checks after ignore checks filter:
2026-04-28T19:34:16.6226509Z Checks completed: capture-failure-log, capture-failure-log, e2e, autofix, test, web-lint-and-test, maybe-label
2026-04-28T19:34:16.6227055Z Checks in_progress: connected-tests, lint-and-test, cross-device-tests
2026-04-28T19:34:16.6227379Z Checks after check_name filter:
2026-04-28T19:34:16.6227791Z Checks completed: capture-failure-log, capture-failure-log, e2e, autofix, test, web-lint-and-test, maybe-label
2026-04-28T19:34:16.6228318Z Checks in_progress: connected-tests, lint-and-test, cross-device-tests
2026-04-28T19:34:16.6228629Z Checks after Regexp filter:
2026-04-28T19:34:16.6229044Z Checks completed: capture-failure-log, capture-failure-log, e2e, autofix, test, web-lint-and-test, maybe-label
2026-04-28T19:34:16.6229572Z Checks in_progress: connected-tests, lint-and-test, cross-device-tests
2026-04-28T19:34:16.6229974Z The requested checks aren't complete yet, will check back in 15 seconds...
2026-04-28T19:34:16.6230297Z Checks running on ref:
2026-04-28T19:34:16.6230693Z Checks completed: capture-failure-log, capture-failure-log, e2e, autofix, test, web-lint-and-test, maybe-label
2026-04-28T19:34:16.6231267Z Checks in_progress: connected-tests, lint-and-test, cross-device-tests, Auto-merge
2026-04-28T19:34:16.6231630Z Checks after ignore checks filter:
2026-04-28T19:34:16.6232053Z Checks completed: capture-failure-log, capture-failure-log, e2e, autofix, test, web-lint-and-test, maybe-label
2026-04-28T19:34:16.6232572Z Checks in_progress: connected-tests, lint-and-test, cross-device-tests
2026-04-28T19:34:16.6232890Z Checks after check_name filter:
2026-04-28T19:34:16.6233296Z Checks completed: capture-failure-log, capture-failure-log, e2e, autofix, test, web-lint-and-test, maybe-label
2026-04-28T19:34:16.6233819Z Checks in_progress: connected-tests, lint-and-test, cross-device-tests
2026-04-28T19:34:16.6234136Z Checks after Regexp filter:
2026-04-28T19:34:16.6234537Z Checks completed: capture-failure-log, capture-failure-log, e2e, autofix, test, web-lint-and-test, maybe-label
2026-04-28T19:34:16.6235318Z Checks in_progress: connected-tests, lint-and-test, cross-device-tests
2026-04-28T19:34:16.6236176Z The requested checks aren't complete yet, will check back in 15 seconds...
2026-04-28T19:34:16.6236628Z Checks running on ref:
2026-04-28T19:34:16.6257635Z Checks completed: capture-failure-log, capture-failure-log, e2e, autofix, test, web-lint-and-test, maybe-label
2026-04-28T19:34:16.6258548Z Checks in_progress: connected-tests, lint-and-test, cross-device-tests, Auto-merge
2026-04-28T19:34:16.6259101Z Checks after ignore checks filter:
2026-04-28T19:34:16.6259722Z Checks completed: capture-failure-log, capture-failure-log, e2e, autofix, test, web-lint-and-test, maybe-label
2026-04-28T19:34:16.6260296Z Checks in_progress: connected-tests, lint-and-test, cross-device-tests
2026-04-28T19:34:16.6260644Z Checks after check_name filter:
2026-04-28T19:34:16.6261101Z Checks completed: capture-failure-log, capture-failure-log, e2e, autofix, test, web-lint-and-test, maybe-label
2026-04-28T19:34:16.6261684Z Checks in_progress: connected-tests, lint-and-test, cross-device-tests
2026-04-28T19:34:16.6262264Z Checks after Regexp filter:
2026-04-28T19:36:36.2150222Z Checks completed: capture-failure-log, capture-failure-log, e2e, autofix, test, web-lint-and-test, maybe-label
2026-04-28T19:36:36.2150884Z Checks in_progress: connected-tests, lint-and-test, cross-device-tests
2026-04-28T19:36:36.2151500Z The requested checks aren't complete yet, will check back in 15 seconds...
2026-04-28T19:36:36.2152063Z Checks running on ref:
2026-04-28T19:36:36.2152676Z Checks completed: capture-failure-log, capture-failure-log, e2e, autofix, test, web-lint-and-test, maybe-label
2026-04-28T19:36:36.2153548Z Checks in_progress: connected-tests, lint-and-test, cross-device-tests, Auto-merge
2026-04-28T19:36:36.2154080Z Checks after ignore checks filter:
2026-04-28T19:36:36.2154721Z Checks completed: capture-failure-log, capture-failure-log, e2e, autofix, test, web-lint-and-test, maybe-label
2026-04-28T19:36:36.2155784Z Checks in_progress: connected-tests, lint-and-test, cross-device-tests
2026-04-28T19:36:36.2156353Z Checks after check_name filter:
2026-04-28T19:36:36.2156852Z Checks completed: capture-failure-log, capture-failure-log, e2e, autofix, test, web-lint-and-test, maybe-label
2026-04-28T19:36:36.2157391Z Checks in_progress: connected-tests, lint-and-test, cross-device-tests
2026-04-28T19:36:36.2157722Z Checks after Regexp filter:
2026-04-28T19:36:36.2158153Z Checks completed: capture-failure-log, capture-failure-log, e2e, autofix, test, web-lint-and-test, maybe-label
2026-04-28T19:36:36.2158703Z Checks in_progress: connected-tests, lint-and-test, cross-device-tests
2026-04-28T19:36:36.2159135Z The requested checks aren't complete yet, will check back in 15 seconds...
2026-04-28T19:36:36.2159469Z Checks running on ref:
2026-04-28T19:36:36.2159878Z Checks completed: capture-failure-log, capture-failure-log, e2e, autofix, test, web-lint-and-test, maybe-label
2026-04-28T19:36:36.2160458Z Checks in_progress: connected-tests, lint-and-test, cross-device-tests, Auto-merge
2026-04-28T19:36:36.2160835Z Checks after ignore checks filter:
2026-04-28T19:36:36.2161276Z Checks completed: capture-failure-log, capture-failure-log, e2e, autofix, test, web-lint-and-test, maybe-label
2026-04-28T19:36:36.2161859Z Checks in_progress: connected-tests, lint-and-test, cross-device-tests
2026-04-28T19:36:36.2162184Z Checks after check_name filter:
2026-04-28T19:36:36.2162606Z Checks completed: capture-failure-log, capture-failure-log, e2e, autofix, test, web-lint-and-test, maybe-label
2026-04-28T19:36:36.2163130Z Checks in_progress: connected-tests, lint-and-test, cross-device-tests
2026-04-28T19:36:36.2163452Z Checks after Regexp filter:
2026-04-28T19:36:36.2163861Z Checks completed: capture-failure-log, capture-failure-log, e2e, autofix, test, web-lint-and-test, maybe-label
2026-04-28T19:36:36.2164393Z Checks in_progress: connected-tests, lint-and-test, cross-device-tests
2026-04-28T19:36:36.2165011Z The requested checks aren't complete yet, will check back in 15 seconds...
2026-04-28T19:36:36.2165368Z Checks running on ref:
2026-04-28T19:36:36.2166223Z Checks completed: capture-failure-log, capture-failure-log, e2e, autofix, test, web-lint-and-test, maybe-label
2026-04-28T19:36:36.2166799Z Checks in_progress: connected-tests, lint-and-test, cross-device-tests, Auto-merge
2026-04-28T19:36:36.2167170Z Checks after ignore checks filter:
2026-04-28T19:36:36.2167597Z Checks completed: capture-failure-log, capture-failure-log, e2e, autofix, test, web-lint-and-test, maybe-label
2026-04-28T19:36:36.2168131Z Checks in_progress: connected-tests, lint-and-test, cross-device-tests
2026-04-28T19:36:36.2168451Z Checks after check_name filter:
2026-04-28T19:36:36.2168869Z Checks completed: capture-failure-log, capture-failure-log, e2e, autofix, test, web-lint-and-test, maybe-label
2026-04-28T19:36:36.2169396Z Checks in_progress: connected-tests, lint-and-test, cross-device-tests
2026-04-28T19:36:36.2169708Z Checks after Regexp filter:
2026-04-28T19:36:36.2170264Z Checks completed: capture-failure-log, capture-failure-log, e2e, autofix, test, web-lint-and-test, maybe-label
2026-04-28T19:36:36.2170814Z Checks in_progress: connected-tests, lint-and-test, cross-device-tests
2026-04-28T19:36:36.2171223Z The requested checks aren't complete yet, will check back in 15 seconds...
2026-04-28T19:36:36.2171550Z Checks running on ref:
2026-04-28T19:36:36.2171952Z Checks completed: capture-failure-log, capture-failure-log, e2e, autofix, test, web-lint-and-test, maybe-label
2026-04-28T19:36:36.2172513Z Checks in_progress: connected-tests, lint-and-test, cross-device-tests, Auto-merge
2026-04-28T19:36:36.2172877Z Checks after ignore checks filter:
2026-04-28T19:36:36.2173297Z Checks completed: capture-failure-log, capture-failure-log, e2e, autofix, test, web-lint-and-test, maybe-label
2026-04-28T19:36:36.2173823Z Checks in_progress: connected-tests, lint-and-test, cross-device-tests
2026-04-28T19:36:36.2174145Z Checks after check_name filter:
2026-04-28T19:36:36.2174550Z Checks completed: capture-failure-log, capture-failure-log, e2e, autofix, test, web-lint-and-test, maybe-label
2026-04-28T19:36:36.2175347Z Checks in_progress: connected-tests, lint-and-test, cross-device-tests
2026-04-28T19:36:36.2175679Z Checks after Regexp filter:
2026-04-28T19:36:36.2176096Z Checks completed: capture-failure-log, capture-failure-log, e2e, autofix, test, web-lint-and-test, maybe-label
2026-04-28T19:36:36.2176625Z Checks in_progress: connected-tests, lint-and-test, cross-device-tests
2026-04-28T19:36:36.2177034Z The requested checks aren't complete yet, will check back in 15 seconds...
2026-04-28T19:36:36.2177363Z Checks running on ref:
2026-04-28T19:36:36.2177756Z Checks completed: capture-failure-log, capture-failure-log, e2e, autofix, test, web-lint-and-test, maybe-label
2026-04-28T19:36:36.2178345Z Checks in_progress: connected-tests, lint-and-test, cross-device-tests, Auto-merge
2026-04-28T19:36:36.2178703Z Checks after ignore checks filter:
2026-04-28T19:36:36.2179139Z Checks completed: capture-failure-log, capture-failure-log, e2e, autofix, test, web-lint-and-test, maybe-label
2026-04-28T19:36:36.2179696Z Checks in_progress: connected-tests, lint-and-test, cross-device-tests
2026-04-28T19:36:36.2180025Z Checks after check_name filter:
2026-04-28T19:36:36.2180451Z Checks completed: capture-failure-log, capture-failure-log, e2e, autofix, test, web-lint-and-test, maybe-label
2026-04-28T19:36:36.2180979Z Checks in_progress: connected-tests, lint-and-test, cross-device-tests
2026-04-28T19:36:36.2181299Z Checks after Regexp filter:
2026-04-28T19:36:36.2181716Z Checks completed: capture-failure-log, capture-failure-log, e2e, autofix, test, web-lint-and-test, maybe-label
2026-04-28T19:36:36.2182239Z Checks in_progress: connected-tests, lint-and-test, cross-device-tests
2026-04-28T19:36:36.2182650Z The requested checks aren't complete yet, will check back in 15 seconds...
2026-04-28T19:36:36.2182982Z Checks running on ref:
2026-04-28T19:36:36.2183375Z Checks completed: capture-failure-log, capture-failure-log, e2e, autofix, test, web-lint-and-test, maybe-label
2026-04-28T19:36:36.2183951Z Checks in_progress: connected-tests, lint-and-test, cross-device-tests, Auto-merge
2026-04-28T19:36:36.2184522Z Checks after ignore checks filter:
2026-04-28T19:36:36.2185128Z Checks completed: capture-failure-log, capture-failure-log, e2e, autofix, test, web-lint-and-test, maybe-label
2026-04-28T19:36:36.2185665Z Checks in_progress: connected-tests, lint-and-test, cross-device-tests
2026-04-28T19:36:36.2185991Z Checks after check_name filter:
2026-04-28T19:36:36.2186406Z Checks completed: capture-failure-log, capture-failure-log, e2e, autofix, test, web-lint-and-test, maybe-label
2026-04-28T19:36:36.2186932Z Checks in_progress: connected-tests, lint-and-test, cross-device-tests
2026-04-28T19:36:36.2187247Z Checks after Regexp filter:
2026-04-28T19:36:36.2187656Z Checks completed: capture-failure-log, capture-failure-log, e2e, autofix, test, web-lint-and-test, maybe-label
2026-04-28T19:36:36.2188180Z Checks in_progress: connected-tests, lint-and-test, cross-device-tests
2026-04-28T19:36:36.2188709Z The requested checks aren't complete yet, will check back in 15 seconds...
2026-04-28T19:36:36.2189045Z Checks running on ref:
2026-04-28T19:36:36.2189441Z Checks completed: capture-failure-log, capture-failure-log, e2e, autofix, test, web-lint-and-test, maybe-label
2026-04-28T19:36:36.2190000Z Checks in_progress: connected-tests, lint-and-test, cross-device-tests, Auto-merge
2026-04-28T19:36:36.2190362Z Checks after ignore checks filter:
2026-04-28T19:36:36.2190787Z Checks completed: capture-failure-log, capture-failure-log, e2e, autofix, test, web-lint-and-test, maybe-label
2026-04-28T19:36:36.2191308Z Checks in_progress: connected-tests, lint-and-test, cross-device-tests
2026-04-28T19:36:36.2191627Z Checks after check_name filter:
2026-04-28T19:36:36.2192033Z Checks completed: capture-failure-log, capture-failure-log, e2e, autofix, test, web-lint-and-test, maybe-label
2026-04-28T19:36:36.2192557Z Checks in_progress: connected-tests, lint-and-test, cross-device-tests
2026-04-28T19:36:36.2192875Z Checks after Regexp filter:
2026-04-28T19:36:36.2193293Z Checks completed: capture-failure-log, capture-failure-log, e2e, autofix, test, web-lint-and-test, maybe-label
2026-04-28T19:36:36.2193825Z Checks in_progress: connected-tests, lint-and-test, cross-device-tests
2026-04-28T19:36:36.2194237Z The requested checks aren't complete yet, will check back in 15 seconds...
2026-04-28T19:36:36.2194559Z Checks running on ref:
2026-04-28T19:36:36.2195168Z Checks completed: capture-failure-log, capture-failure-log, e2e, autofix, test, web-lint-and-test, maybe-label
2026-04-28T19:36:36.2195769Z Checks in_progress: connected-tests, lint-and-test, cross-device-tests, Auto-merge
2026-04-28T19:36:36.2196145Z Checks after ignore checks filter:
2026-04-28T19:36:36.2196594Z Checks completed: capture-failure-log, capture-failure-log, e2e, autofix, test, web-lint-and-test, maybe-label
2026-04-28T19:36:36.2197142Z Checks in_progress: connected-tests, lint-and-test, cross-device-tests
2026-04-28T19:36:36.2197473Z Checks after check_name filter:
2026-04-28T19:36:36.2197912Z Checks completed: capture-failure-log, capture-failure-log, e2e, autofix, test, web-lint-and-test, maybe-label
2026-04-28T19:36:36.2198442Z Checks in_progress: connected-tests, lint-and-test, cross-device-tests
2026-04-28T19:36:36.2198767Z Checks after Regexp filter:
2026-04-28T19:36:36.2199181Z Checks completed: capture-failure-log, capture-failure-log, e2e, autofix, test, web-lint-and-test, maybe-label
2026-04-28T19:36:36.2199705Z Checks in_progress: connected-tests, lint-and-test, cross-device-tests
2026-04-28T19:36:36.2200123Z The requested checks aren't complete yet, will check back in 15 seconds...
2026-04-28T19:36:36.2200463Z Checks running on ref:
2026-04-28T19:36:36.2200862Z Checks completed: capture-failure-log, capture-failure-log, e2e, autofix, test, web-lint-and-test, maybe-label
2026-04-28T19:36:36.2201433Z Checks in_progress: connected-tests, lint-and-test, cross-device-tests, Auto-merge
2026-04-28T19:36:36.2201808Z Checks after ignore checks filter:
2026-04-28T19:36:36.2202402Z Checks completed: capture-failure-log, capture-failure-log, e2e, autofix, test, web-lint-and-test, maybe-label
2026-04-28T19:36:36.2202945Z Checks in_progress: connected-tests, lint-and-test, cross-device-tests
2026-04-28T19:36:36.2203289Z Checks after check_name filter:
2026-04-28T19:36:36.2203724Z Checks completed: capture-failure-log, capture-failure-log, e2e, autofix, test, web-lint-and-test, maybe-label
2026-04-28T19:38:40.4683440Z Checks in_progress: connected-tests, lint-and-test, cross-device-tests
2026-04-28T19:38:40.4683886Z Checks after Regexp filter:
2026-04-28T19:38:40.4684456Z Checks completed: capture-failure-log, capture-failure-log, e2e, autofix, test, web-lint-and-test, maybe-label
2026-04-28T19:38:40.4685567Z Checks in_progress: connected-tests, lint-and-test, cross-device-tests
2026-04-28T19:38:40.4686280Z The requested checks aren't complete yet, will check back in 15 seconds...
2026-04-28T19:38:40.4686827Z Checks running on ref:
2026-04-28T19:38:40.4688001Z Checks completed: capture-failure-log, capture-failure-log, e2e, autofix, test, web-lint-and-test, maybe-label
2026-04-28T19:38:40.4688861Z Checks in_progress: connected-tests, lint-and-test, cross-device-tests, Auto-merge
2026-04-28T19:38:40.4689398Z Checks after ignore checks filter:
2026-04-28T19:38:40.4690044Z Checks completed: capture-failure-log, capture-failure-log, e2e, autofix, test, web-lint-and-test, maybe-label
2026-04-28T19:38:40.4690837Z Checks in_progress: connected-tests, lint-and-test, cross-device-tests
2026-04-28T19:38:40.4691338Z Checks after check_name filter:
2026-04-28T19:38:40.4692053Z Checks completed: capture-failure-log, capture-failure-log, e2e, autofix, test, web-lint-and-test, maybe-label
2026-04-28T19:38:40.4692963Z Checks in_progress: connected-tests, lint-and-test, cross-device-tests
2026-04-28T19:38:40.4693497Z Checks after Regexp filter:
2026-04-28T19:38:40.4694188Z Checks completed: capture-failure-log, capture-failure-log, e2e, autofix, test, web-lint-and-test, maybe-label
2026-04-28T19:38:40.4695226Z Checks in_progress: connected-tests, lint-and-test, cross-device-tests
2026-04-28T19:38:40.4695653Z The requested checks aren't complete yet, will check back in 15 seconds...
2026-04-28T19:38:40.4695985Z Checks running on ref:
2026-04-28T19:38:40.4696387Z Checks completed: capture-failure-log, capture-failure-log, e2e, autofix, test, web-lint-and-test, maybe-label
2026-04-28T19:38:40.4696978Z Checks in_progress: connected-tests, lint-and-test, cross-device-tests, Auto-merge
2026-04-28T19:38:40.4697353Z Checks after ignore checks filter:
2026-04-28T19:38:40.4697787Z Checks completed: capture-failure-log, capture-failure-log, e2e, autofix, test, web-lint-and-test, maybe-label
2026-04-28T19:38:40.4698319Z Checks in_progress: connected-tests, lint-and-test, cross-device-tests
2026-04-28T19:38:40.4698637Z Checks after check_name filter:
2026-04-28T19:38:40.4699057Z Checks completed: capture-failure-log, capture-failure-log, e2e, autofix, test, web-lint-and-test, maybe-label
2026-04-28T19:38:40.4699586Z Checks in_progress: connected-tests, lint-and-test, cross-device-tests
2026-04-28T19:38:40.4699904Z Checks after Regexp filter:
2026-04-28T19:38:40.4700314Z Checks completed: capture-failure-log, capture-failure-log, e2e, autofix, test, web-lint-and-test, maybe-label
2026-04-28T19:38:40.4700831Z Checks in_progress: connected-tests, lint-and-test, cross-device-tests
2026-04-28T19:38:40.4701243Z The requested checks aren't complete yet, will check back in 15 seconds...
2026-04-28T19:38:40.4701568Z Checks running on ref:
2026-04-28T19:38:40.4701958Z Checks completed: capture-failure-log, capture-failure-log, e2e, autofix, test, web-lint-and-test, maybe-label
2026-04-28T19:38:40.4702523Z Checks in_progress: connected-tests, lint-and-test, cross-device-tests, Auto-merge
2026-04-28T19:38:40.4702888Z Checks after ignore checks filter:
2026-04-28T19:38:40.4703310Z Checks completed: capture-failure-log, capture-failure-log, e2e, autofix, test, web-lint-and-test, maybe-label
2026-04-28T19:38:40.4703849Z Checks in_progress: connected-tests, lint-and-test, cross-device-tests
2026-04-28T19:38:40.4704458Z Checks after check_name filter:
2026-04-28T19:38:40.4705060Z Checks completed: capture-failure-log, capture-failure-log, e2e, autofix, test, web-lint-and-test, maybe-label
2026-04-28T19:38:40.4705603Z Checks in_progress: connected-tests, lint-and-test, cross-device-tests
2026-04-28T19:38:40.4705928Z Checks after Regexp filter:
2026-04-28T19:38:40.4706377Z Checks completed: capture-failure-log, capture-failure-log, e2e, autofix, test, web-lint-and-test, maybe-label
2026-04-28T19:38:40.4706924Z Checks in_progress: connected-tests, lint-and-test, cross-device-tests
2026-04-28T19:38:40.4707341Z The requested checks aren't complete yet, will check back in 15 seconds...
2026-04-28T19:38:40.4707673Z Checks running on ref:
2026-04-28T19:38:40.4708062Z Checks in_progress: capture-failure-log / capture, connected-tests, cross-device-tests, Auto-merge
2026-04-28T19:38:40.4708895Z Checks completed: capture-failure-log, capture-failure-log, e2e, autofix, lint-and-test, test, web-lint-and-test, maybe-label
2026-04-28T19:38:40.4709430Z Checks after ignore checks filter:
2026-04-28T19:38:40.4709802Z Checks in_progress: capture-failure-log / capture, connected-tests, cross-device-tests
2026-04-28T19:38:40.4710430Z Checks completed: capture-failure-log, capture-failure-log, e2e, autofix, lint-and-test, test, web-lint-and-test, maybe-label
2026-04-28T19:38:40.4710926Z Checks after check_name filter:
2026-04-28T19:38:40.4711271Z Checks in_progress: capture-failure-log / capture, connected-tests, cross-device-tests
2026-04-28T19:38:40.4711884Z Checks completed: capture-failure-log, capture-failure-log, e2e, autofix, lint-and-test, test, web-lint-and-test, maybe-label
2026-04-28T19:38:40.4712374Z Checks after Regexp filter:
2026-04-28T19:38:40.4712701Z Checks in_progress: capture-failure-log / capture, connected-tests, cross-device-tests
2026-04-28T19:38:40.4713321Z Checks completed: capture-failure-log, capture-failure-log, e2e, autofix, lint-and-test, test, web-lint-and-test, maybe-label
2026-04-28T19:38:40.4713952Z The requested checks aren't complete yet, will check back in 15 seconds...
2026-04-28T19:38:40.4714284Z Checks running on ref:
2026-04-28T19:38:40.4715007Z Checks completed: capture-failure-log / capture, capture-failure-log, capture-failure-log, e2e, autofix, lint-and-test, test, web-lint-and-test, maybe-label
2026-04-28T19:38:40.4715700Z Checks in_progress: connected-tests, cross-device-tests, Auto-merge
2026-04-28T19:38:40.4716030Z Checks after ignore checks filter:
2026-04-28T19:38:40.4716606Z Checks completed: capture-failure-log / capture, capture-failure-log, capture-failure-log, e2e, autofix, lint-and-test, test, web-lint-and-test, maybe-label
2026-04-28T19:38:40.4717372Z Checks in_progress: connected-tests, cross-device-tests
2026-04-28T19:38:40.4717818Z Checks after check_name filter:
2026-04-28T19:38:40.4718645Z Checks completed: capture-failure-log / capture, capture-failure-log, capture-failure-log, e2e, autofix, lint-and-test, test, web-lint-and-test, maybe-label
2026-04-28T19:38:40.4719300Z Checks in_progress: connected-tests, cross-device-tests
2026-04-28T19:38:40.4719584Z Checks after Regexp filter:
2026-04-28T19:38:40.4720150Z Checks completed: capture-failure-log / capture, capture-failure-log, capture-failure-log, e2e, autofix, lint-and-test, test, web-lint-and-test, maybe-label
2026-04-28T19:38:40.4720791Z Checks in_progress: connected-tests, cross-device-tests
2026-04-28T19:38:40.4721163Z The requested checks aren't complete yet, will check back in 15 seconds...
2026-04-28T19:38:40.4721498Z Checks running on ref:
2026-04-28T19:38:40.4722113Z Checks completed: capture-failure-log / capture, capture-failure-log, capture-failure-log, e2e, autofix, lint-and-test, test, cross-device-tests, web-lint-and-test, maybe-label
2026-04-28T19:38:40.4722803Z Checks in_progress: connected-tests, Auto-merge
2026-04-28T19:38:40.4723079Z Checks after ignore checks filter:
2026-04-28T19:38:40.4723713Z Checks completed: capture-failure-log / capture, capture-failure-log, capture-failure-log, e2e, autofix, lint-and-test, test, cross-device-tests, web-lint-and-test, maybe-label
2026-04-28T19:38:40.4724538Z Checks in_progress: connected-tests
2026-04-28T19:38:40.4725001Z Checks after check_name filter:
2026-04-28T19:38:40.4725632Z Checks completed: capture-failure-log / capture, capture-failure-log, capture-failure-log, e2e, autofix, lint-and-test, test, cross-device-tests, web-lint-and-test, maybe-label
2026-04-28T19:38:40.4726292Z Checks in_progress: connected-tests
2026-04-28T19:38:40.4726524Z Checks after Regexp filter:
2026-04-28T19:38:40.4727147Z Checks completed: capture-failure-log / capture, capture-failure-log, capture-failure-log, e2e, autofix, lint-and-test, test, cross-device-tests, web-lint-and-test, maybe-label
2026-04-28T19:38:40.4727808Z Checks in_progress: connected-tests
2026-04-28T19:38:40.4728140Z The requested checks aren't complete yet, will check back in 15 seconds...
2026-04-28T19:38:40.4728472Z Checks running on ref:
2026-04-28T19:38:40.4728869Z Checks in_progress: capture-failure-log / capture, Auto-merge
2026-04-28T19:38:40.4729652Z Checks completed: capture-failure-log / capture, capture-failure-log, capture-failure-log, e2e, autofix, connected-tests, lint-and-test, test, cross-device-tests, web-lint-and-test, maybe-label
2026-04-28T19:38:40.4730371Z Checks after ignore checks filter:
2026-04-28T19:38:40.4730638Z Checks in_progress: capture-failure-log / capture
2026-04-28T19:38:40.4731378Z Checks completed: capture-failure-log / capture, capture-failure-log, capture-failure-log, e2e, autofix, connected-tests, lint-and-test, test, cross-device-tests, web-lint-and-test, maybe-label
2026-04-28T19:38:40.4732085Z Checks after check_name filter:
2026-04-28T19:38:40.4732339Z Checks in_progress: capture-failure-log / capture
2026-04-28T19:38:40.4733054Z Checks completed: capture-failure-log / capture, capture-failure-log, capture-failure-log, e2e, autofix, connected-tests, lint-and-test, test, cross-device-tests, web-lint-and-test, maybe-label
2026-04-28T19:38:40.4733771Z Checks after Regexp filter:
2026-04-28T19:38:40.4734012Z Checks in_progress: capture-failure-log / capture
2026-04-28T19:38:40.4734723Z Checks completed: capture-failure-log / capture, capture-failure-log, capture-failure-log, e2e, autofix, connected-tests, lint-and-test, test, cross-device-tests, web-lint-and-test, maybe-label
2026-04-28T19:38:40.4735838Z The requested checks aren't complete yet, will check back in 15 seconds...
2026-04-28T19:38:40.4736184Z Checks running on ref:
2026-04-28T19:38:40.4736966Z Checks completed: capture-failure-log / capture, capture-failure-log / capture, capture-failure-log, capture-failure-log, e2e, autofix, connected-tests, lint-and-test, test, cross-device-tests, web-lint-and-test, maybe-label
2026-04-28T19:38:40.4737785Z Checks in_progress: Auto-merge
2026-04-28T19:38:40.4738014Z Checks after ignore checks filter:
2026-04-28T19:38:40.4738811Z Checks completed: capture-failure-log / capture, capture-failure-log / capture, capture-failure-log, capture-failure-log, e2e, autofix, connected-tests, lint-and-test, test, cross-device-tests, web-lint-and-test, maybe-label
2026-04-28T19:38:40.4739631Z Checks after check_name filter:
2026-04-28T19:38:40.4790886Z Checks completed: capture-failure-log / capture, capture-failure-log / capture, capture-failure-log, capture-failure-log, e2e, autofix, connected-tests, lint-and-test, test, cross-device-tests, web-lint-and-test, maybe-label
2026-04-28T19:38:40.4792102Z Checks after Regexp filter:
2026-04-28T19:38:40.4793296Z Checks completed: capture-failure-log / capture, capture-failure-log / capture, capture-failure-log, capture-failure-log, e2e, autofix, connected-tests, lint-and-test, test, cross-device-tests, web-lint-and-test, maybe-label
2026-04-28T19:38:40.4794533Z Checks completed:
2026-04-28T19:38:40.4795099Z capture-failure-log / capture: completed (success)
2026-04-28T19:38:40.4795555Z capture-failure-log / capture: completed (success)
2026-04-28T19:38:40.4795950Z capture-failure-log: completed (skipped)
2026-04-28T19:38:40.4796697Z capture-failure-log: completed (skipped)
2026-04-28T19:38:40.4797088Z e2e: completed (success)
2026-04-28T19:38:40.4797363Z autofix: completed (failure)
2026-04-28T19:38:40.4797594Z connected-tests: completed (failure)
2026-04-28T19:38:40.4797841Z lint-and-test: completed (failure)
2026-04-28T19:38:40.4798065Z test: completed (success)
2026-04-28T19:38:40.4798288Z cross-device-tests: completed (failure)
2026-04-28T19:38:40.4798545Z web-lint-and-test: completed (success)
2026-04-28T19:38:40.4798796Z maybe-label: completed (success)
2026-04-28T19:38:40.4799421Z The conclusion of one or more checks were not allowed. Allowed conclusions are: success, skipped, neutral. This can be configured with the 'allowed-conclusions' param.
2026-04-28T19:38:40.4923557Z ##[error]Process completed with exit code 1.
2026-04-28T19:38:40.5030239Z Post job cleanup.
2026-04-28T19:38:40.5088883Z Cleaning up orphan processes
2026-04-28T19:38:40.5358854Z ##[warning]Node.js 20 actions are deprecated. The following actions are running on Node.js 20 and may not work as expected: actions/cache@v4. Actions will be forced to run with Node.js 24 by default starting June 2nd, 2026. Node.js 20 will be removed from the runner on September 16th, 2026. Please check if updated versions of these actions are available that support Node.js 24. To opt into Node.js 24 now, set the FORCE_JAVASCRIPT_ACTIONS_TO_NODE24=true environment variable on the runner or in your workflow file. Once Node.js 24 becomes the default, you can temporarily opt out by setting ACTIONS_ALLOW_USE_UNSECURE_NODE_VERSION=true. For more information see: https://github.blog/changelog/2025-09-19-deprecation-of-node-20-on-github-actions-runners/
