=== CI FAILURE ===
Workflow:      Auto-merge & Release
Workflow file: akarlin3/prismTask/.github/workflows/auto-merge.yml@refs/pull/475/merge
Job(s):        Auto-merge
Run ID:        24525638052
Run attempt:   1
Run URL:       https://github.com/akarlin3/prismTask/actions/runs/24525638052
Commit:        b3034aadfc7c5ea527091d5a0abddcc7372b5c04
Branch:        475/merge
Event:         pull_request
Actor:         akarlin3
Runner OS:     Linux
Timestamp:     2026-04-16T18:02:17.084Z

Failed steps:
  - Auto-merge: #3 Wait for all other CI checks to pass

=== FAILED JOB LOG ===

--- Job: Auto-merge (id 71694980010) ---
2026-04-16T17:55:55.8847686Z Current runner version: '2.333.1'
2026-04-16T17:55:55.8872355Z ##[group]Runner Image Provisioner
2026-04-16T17:55:55.8873530Z Hosted Compute Agent
2026-04-16T17:55:55.8874203Z Version: 20260213.493
2026-04-16T17:55:55.8874790Z Commit: 5c115507f6dd24b8de37d8bbe0bb4509d0cc0fa3
2026-04-16T17:55:55.8875556Z Build Date: 2026-02-13T00:28:41Z
2026-04-16T17:55:55.8876220Z Worker ID: {694e23e6-2d96-4039-ac64-6ccfdabad5df}
2026-04-16T17:55:55.8876944Z Azure Region: westus3
2026-04-16T17:55:55.8877465Z ##[endgroup]
2026-04-16T17:55:55.8878903Z ##[group]Operating System
2026-04-16T17:55:55.8879519Z Ubuntu
2026-04-16T17:55:55.8879997Z 24.04.4
2026-04-16T17:55:55.8880505Z LTS
2026-04-16T17:55:55.8880962Z ##[endgroup]
2026-04-16T17:55:55.8881481Z ##[group]Runner Image
2026-04-16T17:55:55.8881986Z Image: ubuntu-24.04
2026-04-16T17:55:55.8882754Z Version: 20260406.80.1
2026-04-16T17:55:55.8883968Z Included Software: https://github.com/actions/runner-images/blob/ubuntu24/20260406.80/images/ubuntu/Ubuntu2404-Readme.md
2026-04-16T17:55:55.8885450Z Image Release: https://github.com/actions/runner-images/releases/tag/ubuntu24%2F20260406.80
2026-04-16T17:55:55.8886360Z ##[endgroup]
2026-04-16T17:55:55.8887683Z ##[group]GITHUB_TOKEN Permissions
2026-04-16T17:55:55.8889592Z Actions: read
2026-04-16T17:55:55.8890127Z Checks: read
2026-04-16T17:55:55.8890722Z Contents: write
2026-04-16T17:55:55.8891250Z Metadata: read
2026-04-16T17:55:55.8891732Z PullRequests: write
2026-04-16T17:55:55.8892318Z ##[endgroup]
2026-04-16T17:55:55.8894721Z Secret source: Actions
2026-04-16T17:55:55.8895460Z Prepare workflow directory
2026-04-16T17:55:55.9288360Z Prepare all required actions
2026-04-16T17:55:55.9326657Z Getting action download info
2026-04-16T17:55:56.3312293Z Download action repository 'lewagon/wait-on-check-action@ccfb013c15c8afb7bf2b7c028fb74dc5a068cccc' (SHA:ccfb013c15c8afb7bf2b7c028fb74dc5a068cccc)
2026-04-16T17:55:57.0364538Z Getting action download info
2026-04-16T17:55:57.2448988Z Download action repository 'ruby/setup-ruby@v1' (SHA:7372622e62b60b3cb750dcd2b9e32c247ffec26a)
2026-04-16T17:55:58.0907994Z Download action repository 'actions/cache@v4' (SHA:0057852bfaa89a56745cba8c7296529d2fc39830)
2026-04-16T17:55:58.2231118Z Complete job name: Auto-merge
2026-04-16T17:55:58.2815264Z ##[group]Run set -euo pipefail
2026-04-16T17:55:58.2815750Z [36;1mset -euo pipefail[0m
2026-04-16T17:55:58.2816230Z [36;1m# Give GitHub a short grace period to schedule workflow runs for[0m
2026-04-16T17:55:58.2816829Z [36;1m# the head commit. Paths-filtered workflows (android/backend/web CI)[0m
2026-04-16T17:55:58.2817386Z [36;1m# won't run for doc-only or cross-cutting config PRs, so the[0m
2026-04-16T17:55:58.2817919Z [36;1m# wait-on-check-action step below would otherwise hang waiting for[0m
2026-04-16T17:55:58.2818374Z [36;1m# checks that will never appear.[0m
2026-04-16T17:55:58.2818705Z [36;1msleep 20[0m
2026-04-16T17:55:58.2819082Z [36;1mCOUNT=$(gh api "repos/$REPO/commits/$HEAD_SHA/check-runs" \[0m
2026-04-16T17:55:58.2819612Z [36;1m  --jq '[.check_runs[] | select(.name != "Auto-merge")] | length')[0m
2026-04-16T17:55:58.2820127Z [36;1mecho "Non-Auto-merge check runs on head: $COUNT"[0m
2026-04-16T17:55:58.2820587Z [36;1mif [ "$COUNT" -gt 0 ]; then[0m
2026-04-16T17:55:58.2820942Z [36;1m  echo "has_ci=true" >> "$GITHUB_OUTPUT"[0m
2026-04-16T17:55:58.2821288Z [36;1melse[0m
2026-04-16T17:55:58.2821569Z [36;1m  echo "has_ci=false" >> "$GITHUB_OUTPUT"[0m
2026-04-16T17:55:58.2822008Z [36;1m  echo "No CI checks on this PR — will merge without waiting."[0m
2026-04-16T17:55:58.2822413Z [36;1mfi[0m
2026-04-16T17:55:58.2849128Z shell: /usr/bin/bash -e {0}
2026-04-16T17:55:58.2849739Z env:
2026-04-16T17:55:58.2849993Z   WAIT_INTERVAL: 30
2026-04-16T17:55:58.2850595Z   GH_TOKEN: ***
2026-04-16T17:55:58.2850926Z   HEAD_SHA: b2a7f1cfca963f0ed4d1debe424cec7da5530da7
2026-04-16T17:55:58.2851310Z   REPO: akarlin3/prismTask
2026-04-16T17:55:58.2851603Z ##[endgroup]
2026-04-16T17:56:19.0401126Z Non-Auto-merge check runs on head: 3
2026-04-16T17:56:19.0637360Z ##[group]Run lewagon/wait-on-check-action@ccfb013c15c8afb7bf2b7c028fb74dc5a068cccc
2026-04-16T17:56:19.0637883Z with:
2026-04-16T17:56:19.0638181Z   ref: b2a7f1cfca963f0ed4d1debe424cec7da5530da7
2026-04-16T17:56:19.0638529Z   running-workflow-name: Auto-merge
2026-04-16T17:56:19.0639242Z   repo-token: ***
2026-04-16T17:56:19.0639489Z   wait-interval: 30
2026-04-16T17:56:19.0639756Z   allowed-conclusions: success,skipped
2026-04-16T17:56:19.0640044Z   verbose: true
2026-04-16T17:56:19.0640278Z env:
2026-04-16T17:56:19.0640483Z   WAIT_INTERVAL: 30
2026-04-16T17:56:19.0640727Z ##[endgroup]
2026-04-16T17:56:19.0783602Z ##[group]Run ruby/setup-ruby@v1
2026-04-16T17:56:19.0783948Z with:
2026-04-16T17:56:19.0784186Z   ruby-version: 3.2
2026-04-16T17:56:19.0784484Z   bundler-cache: false
2026-04-16T17:56:19.0784913Z   token: ***
2026-04-16T17:56:19.0785135Z env:
2026-04-16T17:56:19.0785357Z   WAIT_INTERVAL: 30
2026-04-16T17:56:19.0785581Z ##[endgroup]
2026-04-16T17:56:19.2079243Z ##[group]Modifying PATH
2026-04-16T17:56:19.2079865Z Entries added to PATH to use selected Ruby:
2026-04-16T17:56:19.2080400Z   /opt/hostedtoolcache/Ruby/3.2.11/x64/bin
2026-04-16T17:56:19.2084555Z ##[endgroup]
2026-04-16T17:56:19.2085805Z ##[group]Print Ruby version
2026-04-16T17:56:19.2126158Z [command]/opt/hostedtoolcache/Ruby/3.2.11/x64/bin/ruby --version
2026-04-16T17:56:19.3407266Z ruby 3.2.11 (2026-03-27 revision 5483bfc1ae) [x86_64-linux]
2026-04-16T17:56:19.3438219Z Took   0.14 seconds
2026-04-16T17:56:19.3439119Z ##[endgroup]
2026-04-16T17:56:19.3440258Z ##[group]Installing Bundler
2026-04-16T17:56:19.3444549Z Using Bundler shipped with ruby-3.2.11
2026-04-16T17:56:19.3445354Z Took   0.00 seconds
2026-04-16T17:56:19.3446221Z ##[endgroup]
2026-04-16T17:56:19.4129195Z ##[group]Run actions/cache@v4
2026-04-16T17:56:19.4129519Z with:
2026-04-16T17:56:19.4129999Z   path: /home/runner/work/_actions/lewagon/wait-on-check-action/ccfb013c15c8afb7bf2b7c028fb74dc5a068cccc
2026-04-16T17:56:19.4130534Z   key: Linux-gems-
2026-04-16T17:56:19.4209060Z   restore-keys: Linux-gems-
2026-04-16T17:56:19.4209732Z   enableCrossOsArchive: false
2026-04-16T17:56:19.4210125Z   fail-on-cache-miss: false
2026-04-16T17:56:19.4210479Z   lookup-only: false
2026-04-16T17:56:19.4210784Z   save-always: false
2026-04-16T17:56:19.4211096Z env:
2026-04-16T17:56:19.4211381Z   WAIT_INTERVAL: 30
2026-04-16T17:56:19.4211680Z ##[endgroup]
2026-04-16T17:56:19.7872111Z Cache not found for input keys: Linux-gems-, Linux-gems-
2026-04-16T17:56:19.7963878Z ##[group]Run bundle install --jobs 4 --retry 3
2026-04-16T17:56:19.7964245Z [36;1mbundle install --jobs 4 --retry 3[0m
2026-04-16T17:56:19.7989488Z shell: /usr/bin/bash --noprofile --norc -e -o pipefail {0}
2026-04-16T17:56:19.7989818Z env:
2026-04-16T17:56:19.7989987Z   WAIT_INTERVAL: 30
2026-04-16T17:56:19.7990186Z ##[endgroup]
2026-04-16T17:56:20.3349208Z Bundler 2.4.19 is running, but your lockfile was generated with 2.2.3. Installing Bundler 2.2.3 and restarting using that version.
2026-04-16T17:56:21.6426308Z Fetching gem metadata from https://rubygems.org/.
2026-04-16T17:56:21.6501673Z Fetching bundler 2.2.3
2026-04-16T17:56:21.8083977Z Installing bundler 2.2.3
2026-04-16T17:56:21.9955420Z Calling `DidYouMean::SPELL_CHECKERS.merge!(error_name => spell_checker)' has been deprecated. Please call `DidYouMean.correct_error(error_name, spell_checker)' instead.
2026-04-16T17:56:23.4173935Z Fetching gem metadata from https://rubygems.org/.........
2026-04-16T17:56:23.4279439Z Fetching minitest 5.18.0
2026-04-16T17:56:23.4285229Z Fetching zeitwerk 2.6.7
2026-04-16T17:56:23.4287453Z Fetching public_suffix 4.0.7
2026-04-16T17:56:23.4292969Z Fetching concurrent-ruby 1.2.2
2026-04-16T17:56:23.5607750Z Installing zeitwerk 2.6.7
2026-04-16T17:56:23.5807270Z Installing minitest 5.18.0
2026-04-16T17:56:23.5925356Z Installing public_suffix 4.0.7
2026-04-16T17:56:23.6200606Z Fetching ast 2.4.2
2026-04-16T17:56:23.6525909Z Using bundler 2.2.3
2026-04-16T17:56:23.6534368Z Installing concurrent-ruby 1.2.2
2026-04-16T17:56:23.6566630Z Fetching byebug 11.1.3
2026-04-16T17:56:23.6963665Z Installing ast 2.4.2
2026-04-16T17:56:23.7116193Z Fetching diff-lcs 1.4.4
2026-04-16T17:56:23.7360856Z Fetching faraday-net_http 2.0.3
2026-04-16T17:56:23.7645758Z Installing byebug 11.1.3 with native extensions
2026-04-16T17:56:23.7984415Z Installing diff-lcs 1.4.4
2026-04-16T17:56:23.8058396Z Installing faraday-net_http 2.0.3
2026-04-16T17:56:23.8195666Z Using ruby2_keywords 0.0.5
2026-04-16T17:56:23.8207712Z Fetching json 2.7.1
2026-04-16T17:56:23.8767100Z Fetching language_server-protocol 3.17.0.3
2026-04-16T17:56:23.9162981Z Installing json 2.7.1 with native extensions
2026-04-16T17:56:23.9536474Z Fetching lint_roller 1.1.0
2026-04-16T17:56:23.9761783Z Installing language_server-protocol 3.17.0.3
2026-04-16T17:56:24.0243906Z Installing lint_roller 1.1.0
2026-04-16T17:56:24.0333454Z Fetching parallel 1.24.0
2026-04-16T17:56:24.1152481Z Installing parallel 1.24.0
2026-04-16T17:56:24.1347029Z Fetching racc 1.7.3
2026-04-16T17:56:24.1753025Z Fetching rainbow 3.1.1
2026-04-16T17:56:24.2391295Z Installing racc 1.7.3 with native extensions
2026-04-16T17:56:24.2427747Z Installing rainbow 3.1.1
2026-04-16T17:56:24.2556665Z Fetching regexp_parser 2.8.3
2026-04-16T17:56:24.3374476Z Installing regexp_parser 2.8.3
2026-04-16T17:56:24.3654754Z Fetching rexml 3.2.6
2026-04-16T17:56:24.4593308Z Installing rexml 3.2.6
2026-04-16T17:56:24.5843655Z Fetching rspec-support 3.10.1
2026-04-16T17:56:24.6656825Z Installing rspec-support 3.10.1
2026-04-16T17:56:24.6853718Z Fetching ruby-progressbar 1.13.0
2026-04-16T17:56:24.7663819Z Installing ruby-progressbar 1.13.0
2026-04-16T17:56:24.7833574Z Fetching unicode-display_width 2.5.0
2026-04-16T17:56:24.8593554Z Installing unicode-display_width 2.5.0
2026-04-16T17:56:24.8683460Z Fetching addressable 2.8.0
2026-04-16T17:56:24.9678832Z Installing addressable 2.8.0
2026-04-16T17:56:24.9903955Z Fetching faraday 2.3.0
2026-04-16T17:56:25.0512229Z Fetching i18n 1.12.0
2026-04-16T17:56:25.1060974Z Installing faraday 2.3.0
2026-04-16T17:56:25.1375179Z Installing i18n 1.12.0
2026-04-16T17:56:25.1528897Z Fetching tzinfo 2.0.6
2026-04-16T17:56:25.2035035Z Fetching rspec-core 3.10.1
2026-04-16T17:56:25.2608556Z Installing tzinfo 2.0.6
2026-04-16T17:56:25.2835947Z Fetching rspec-expectations 3.10.1
2026-04-16T17:56:25.3123316Z Installing rspec-core 3.10.1
2026-04-16T17:56:25.3422016Z Fetching rspec-mocks 3.10.1
2026-04-16T17:56:25.3824703Z Installing rspec-expectations 3.10.1
2026-04-16T17:56:25.4050628Z Fetching parser 3.2.2.4
2026-04-16T17:56:25.4327754Z Installing rspec-mocks 3.10.1
2026-04-16T17:56:25.4517601Z Fetching faraday-retry 2.0.0
2026-04-16T17:56:25.5204487Z Installing faraday-retry 2.0.0
2026-04-16T17:56:25.5305959Z Fetching sawyer 0.9.2
2026-04-16T17:56:25.6237192Z Installing sawyer 0.9.2
2026-04-16T17:56:25.6400020Z Fetching activesupport 6.1.7.3
2026-04-16T17:56:25.6790412Z Installing parser 3.2.2.4
2026-04-16T17:56:25.7594591Z Installing activesupport 6.1.7.3
2026-04-16T17:56:25.8483995Z Fetching rspec 3.10.0
2026-04-16T17:56:25.9231827Z Installing rspec 3.10.0
2026-04-16T17:56:25.9365663Z Fetching octokit 4.25.0
2026-04-16T17:56:25.9754895Z Fetching rubocop-ast 1.30.0
2026-04-16T17:56:26.0626601Z Installing rubocop-ast 1.30.0
2026-04-16T17:56:26.0674462Z Installing octokit 4.25.0
2026-04-16T17:56:27.1104165Z Fetching rubocop 1.57.2
2026-04-16T17:56:27.2424164Z Installing rubocop 1.57.2
2026-04-16T17:56:27.4000805Z Fetching rubocop-performance 1.19.1
2026-04-16T17:56:27.4002872Z Fetching standard-custom 1.0.2
2026-04-16T17:56:27.4718180Z Installing standard-custom 1.0.2
2026-04-16T17:56:27.4849264Z Installing rubocop-performance 1.19.1
2026-04-16T17:56:27.4981876Z Fetching standard-performance 1.2.1
2026-04-16T17:56:27.5594743Z Installing standard-performance 1.2.1
2026-04-16T17:56:27.5663407Z Fetching standard 1.32.1
2026-04-16T17:56:27.6322246Z Installing standard 1.32.1
2026-04-16T17:56:27.7290143Z Bundle complete! 6 Gemfile dependencies, 40 gems now installed.
2026-04-16T17:56:27.7291587Z Use `bundle info [gemname]` to see where a bundled gem is installed.
2026-04-16T17:56:27.7976690Z ##[group]Run ruby entrypoint.rb
2026-04-16T17:56:27.7976969Z [36;1mruby entrypoint.rb[0m
2026-04-16T17:56:27.8000135Z shell: /usr/bin/bash --noprofile --norc -e -o pipefail {0}
2026-04-16T17:56:27.8000447Z env:
2026-04-16T17:56:27.8000617Z   WAIT_INTERVAL: 30
2026-04-16T17:56:27.8000840Z   ALLOWED_CONCLUSIONS: success,skipped
2026-04-16T17:56:27.8001083Z   IGNORE_CHECKS: 
2026-04-16T17:56:27.8001265Z   CHECK_NAME: 
2026-04-16T17:56:27.8001437Z   CHECK_REGEXP: 
2026-04-16T17:56:27.8001657Z   REF: b2a7f1cfca963f0ed4d1debe424cec7da5530da7
2026-04-16T17:56:27.8002158Z   REPO_TOKEN: ***
2026-04-16T17:56:27.8002343Z   VERBOSE: true
2026-04-16T17:56:27.8002745Z   RUNNING_WORKFLOW_NAME: Auto-merge
2026-04-16T17:56:27.8002988Z   API_ENDPOINT: 
2026-04-16T17:56:27.8003170Z ##[endgroup]
2026-04-16T18:02:04.3553975Z Checks running on ref:
2026-04-16T18:02:04.3556097Z Checks completed: Version Bump, Build & Firebase Distribute
2026-04-16T18:02:04.3556712Z Checks in_progress: Auto-merge, lint-and-test, autofix
2026-04-16T18:02:04.3557227Z Checks after ignore checks filter:
2026-04-16T18:02:04.3557655Z Checks completed: Version Bump, Build & Firebase Distribute
2026-04-16T18:02:04.3558175Z Checks in_progress: lint-and-test, autofix
2026-04-16T18:02:04.3558593Z Checks after check_name filter:
2026-04-16T18:02:04.3559034Z Checks completed: Version Bump, Build & Firebase Distribute
2026-04-16T18:02:04.3559532Z Checks in_progress: lint-and-test, autofix
2026-04-16T18:02:04.3559840Z Checks after Regexp filter:
2026-04-16T18:02:04.3560116Z Checks completed: Version Bump, Build & Firebase Distribute
2026-04-16T18:02:04.3560452Z Checks in_progress: lint-and-test, autofix
2026-04-16T18:02:04.3560805Z The requested checks aren't complete yet, will check back in 30 seconds...
2026-04-16T18:02:04.3561148Z Checks running on ref:
2026-04-16T18:02:04.3561396Z Checks completed: Version Bump, Build & Firebase Distribute
2026-04-16T18:02:04.3561743Z Checks in_progress: Auto-merge, lint-and-test, autofix
2026-04-16T18:02:04.3562040Z Checks after ignore checks filter:
2026-04-16T18:02:04.3562327Z Checks completed: Version Bump, Build & Firebase Distribute
2026-04-16T18:02:04.3562902Z Checks in_progress: lint-and-test, autofix
2026-04-16T18:02:04.3563161Z Checks after check_name filter:
2026-04-16T18:02:04.3563438Z Checks completed: Version Bump, Build & Firebase Distribute
2026-04-16T18:02:04.3563748Z Checks in_progress: lint-and-test, autofix
2026-04-16T18:02:04.3564008Z Checks after Regexp filter:
2026-04-16T18:02:04.3564259Z Checks completed: Version Bump, Build & Firebase Distribute
2026-04-16T18:02:04.3564559Z Checks in_progress: lint-and-test, autofix
2026-04-16T18:02:04.3564886Z The requested checks aren't complete yet, will check back in 30 seconds...
2026-04-16T18:02:04.3565231Z Checks running on ref:
2026-04-16T18:02:04.3565476Z Checks completed: Version Bump, Build & Firebase Distribute
2026-04-16T18:02:04.3565803Z Checks in_progress: Auto-merge, lint-and-test, autofix
2026-04-16T18:02:04.3566096Z Checks after ignore checks filter:
2026-04-16T18:02:04.3566376Z Checks completed: Version Bump, Build & Firebase Distribute
2026-04-16T18:02:04.3566671Z Checks in_progress: lint-and-test, autofix
2026-04-16T18:02:04.3566914Z Checks after check_name filter:
2026-04-16T18:02:04.3567205Z Checks completed: Version Bump, Build & Firebase Distribute
2026-04-16T18:02:04.3567649Z Checks in_progress: lint-and-test, autofix
2026-04-16T18:02:04.3567893Z Checks after Regexp filter:
2026-04-16T18:02:04.3568151Z Checks completed: Version Bump, Build & Firebase Distribute
2026-04-16T18:02:04.3568446Z Checks in_progress: lint-and-test, autofix
2026-04-16T18:02:04.3568779Z The requested checks aren't complete yet, will check back in 30 seconds...
2026-04-16T18:02:04.3569109Z Checks running on ref:
2026-04-16T18:02:04.3569397Z Checks completed: Version Bump, Build & Firebase Distribute, autofix
2026-04-16T18:02:04.3569752Z Checks in_progress: Auto-merge, lint-and-test
2026-04-16T18:02:04.3570466Z Checks after ignore checks filter:
2026-04-16T18:02:04.3570921Z Checks completed: Version Bump, Build & Firebase Distribute, autofix
2026-04-16T18:02:04.3571303Z Checks in_progress: lint-and-test
2026-04-16T18:02:04.3571535Z Checks after check_name filter:
2026-04-16T18:02:04.3571822Z Checks completed: Version Bump, Build & Firebase Distribute, autofix
2026-04-16T18:02:04.3572146Z Checks in_progress: lint-and-test
2026-04-16T18:02:04.3572388Z Checks after Regexp filter:
2026-04-16T18:02:04.3572865Z Checks completed: Version Bump, Build & Firebase Distribute, autofix
2026-04-16T18:02:04.3573188Z Checks in_progress: lint-and-test
2026-04-16T18:02:04.3573496Z The requested checks aren't complete yet, will check back in 30 seconds...
2026-04-16T18:02:04.3573829Z Checks running on ref:
2026-04-16T18:02:04.3574096Z Checks completed: Version Bump, Build & Firebase Distribute, autofix
2026-04-16T18:02:04.3574447Z Checks in_progress: Auto-merge, lint-and-test
2026-04-16T18:02:04.3574717Z Checks after ignore checks filter:
2026-04-16T18:02:04.3575037Z Checks completed: Version Bump, Build & Firebase Distribute, autofix
2026-04-16T18:02:04.3575363Z Checks in_progress: lint-and-test
2026-04-16T18:02:04.3575595Z Checks after check_name filter:
2026-04-16T18:02:04.3575890Z Checks completed: Version Bump, Build & Firebase Distribute, autofix
2026-04-16T18:02:04.3576204Z Checks in_progress: lint-and-test
2026-04-16T18:02:04.3576427Z Checks after Regexp filter:
2026-04-16T18:02:04.3576709Z Checks completed: Version Bump, Build & Firebase Distribute, autofix
2026-04-16T18:02:04.3577018Z Checks in_progress: lint-and-test
2026-04-16T18:02:04.3577327Z The requested checks aren't complete yet, will check back in 30 seconds...
2026-04-16T18:02:04.3577661Z Checks running on ref:
2026-04-16T18:02:04.3577927Z Checks completed: Version Bump, Build & Firebase Distribute, autofix
2026-04-16T18:02:04.3578260Z Checks in_progress: Auto-merge, lint-and-test
2026-04-16T18:02:04.3578516Z Checks after ignore checks filter:
2026-04-16T18:02:04.3578850Z Checks completed: Version Bump, Build & Firebase Distribute, autofix
2026-04-16T18:02:04.3579214Z Checks in_progress: lint-and-test
2026-04-16T18:02:04.3579479Z Checks after check_name filter:
2026-04-16T18:02:04.3579828Z Checks completed: Version Bump, Build & Firebase Distribute, autofix
2026-04-16T18:02:04.3580225Z Checks in_progress: lint-and-test
2026-04-16T18:02:04.3580497Z Checks after Regexp filter:
2026-04-16T18:02:04.3580833Z Checks completed: Version Bump, Build & Firebase Distribute, autofix
2026-04-16T18:02:04.3581249Z Checks in_progress: lint-and-test
2026-04-16T18:02:04.3581651Z The requested checks aren't complete yet, will check back in 30 seconds...
2026-04-16T18:02:04.3582061Z Checks running on ref:
2026-04-16T18:02:04.3582414Z Checks completed: Version Bump, Build & Firebase Distribute, autofix
2026-04-16T18:02:04.3583010Z Checks in_progress: Auto-merge, lint-and-test
2026-04-16T18:02:04.3583349Z Checks after ignore checks filter:
2026-04-16T18:02:04.3583730Z Checks completed: Version Bump, Build & Firebase Distribute, autofix
2026-04-16T18:02:04.3584128Z Checks in_progress: lint-and-test
2026-04-16T18:02:04.3584381Z Checks after check_name filter:
2026-04-16T18:02:04.3584748Z Checks completed: Version Bump, Build & Firebase Distribute, autofix
2026-04-16T18:02:04.3585119Z Checks in_progress: lint-and-test
2026-04-16T18:02:04.3585390Z Checks after Regexp filter:
2026-04-16T18:02:04.3585727Z Checks completed: Version Bump, Build & Firebase Distribute, autofix
2026-04-16T18:02:04.3586090Z Checks in_progress: lint-and-test
2026-04-16T18:02:04.3586479Z The requested checks aren't complete yet, will check back in 30 seconds...
2026-04-16T18:02:04.3586860Z Checks running on ref:
2026-04-16T18:02:04.3587182Z Checks completed: Version Bump, Build & Firebase Distribute, autofix
2026-04-16T18:02:04.3587598Z Checks in_progress: Auto-merge, lint-and-test
2026-04-16T18:02:04.3587900Z Checks after ignore checks filter:
2026-04-16T18:02:04.3588461Z Checks completed: Version Bump, Build & Firebase Distribute, autofix
2026-04-16T18:02:04.3588970Z Checks in_progress: lint-and-test
2026-04-16T18:02:04.3589213Z Checks after check_name filter:
2026-04-16T18:02:04.3589502Z Checks completed: Version Bump, Build & Firebase Distribute, autofix
2026-04-16T18:02:04.3589812Z Checks in_progress: lint-and-test
2026-04-16T18:02:04.3590027Z Checks after Regexp filter:
2026-04-16T18:02:04.3590300Z Checks completed: Version Bump, Build & Firebase Distribute, autofix
2026-04-16T18:02:04.3590613Z Checks in_progress: lint-and-test
2026-04-16T18:02:04.3590913Z The requested checks aren't complete yet, will check back in 30 seconds...
2026-04-16T18:02:04.3591235Z Checks running on ref:
2026-04-16T18:02:04.3591494Z Checks completed: Version Bump, Build & Firebase Distribute, autofix
2026-04-16T18:02:04.3591827Z Checks in_progress: Auto-merge, lint-and-test
2026-04-16T18:02:04.3592077Z Checks after ignore checks filter:
2026-04-16T18:02:04.3592366Z Checks completed: Version Bump, Build & Firebase Distribute, autofix
2026-04-16T18:02:04.3592944Z Checks in_progress: lint-and-test
2026-04-16T18:02:04.3593169Z Checks after check_name filter:
2026-04-16T18:02:04.3593562Z Checks completed: Version Bump, Build & Firebase Distribute, autofix
2026-04-16T18:02:04.3594062Z Checks in_progress: lint-and-test
2026-04-16T18:02:04.3594398Z Checks after Regexp filter:
2026-04-16T18:02:04.3594830Z Checks completed: Version Bump, Build & Firebase Distribute, autofix
2026-04-16T18:02:04.3595318Z Checks in_progress: lint-and-test
2026-04-16T18:02:04.3595769Z The requested checks aren't complete yet, will check back in 30 seconds...
2026-04-16T18:02:04.3596245Z Checks running on ref:
2026-04-16T18:02:04.3596639Z Checks completed: Version Bump, Build & Firebase Distribute, autofix
2026-04-16T18:02:04.3597126Z Checks in_progress: Auto-merge, lint-and-test
2026-04-16T18:02:04.3597499Z Checks after ignore checks filter:
2026-04-16T18:02:04.3597932Z Checks completed: Version Bump, Build & Firebase Distribute, autofix
2026-04-16T18:02:04.3598411Z Checks in_progress: lint-and-test
2026-04-16T18:02:04.3598731Z Checks after check_name filter:
2026-04-16T18:02:04.3599157Z Checks completed: Version Bump, Build & Firebase Distribute, autofix
2026-04-16T18:02:04.3599624Z Checks in_progress: lint-and-test
2026-04-16T18:02:04.3599932Z Checks after Regexp filter:
2026-04-16T18:02:04.3600344Z Checks completed: Version Bump, Build & Firebase Distribute, autofix
2026-04-16T18:02:04.3600809Z Checks in_progress: lint-and-test
2026-04-16T18:02:04.3601301Z The requested checks aren't complete yet, will check back in 30 seconds...
2026-04-16T18:02:04.3601809Z Checks running on ref:
2026-04-16T18:02:04.3602209Z Checks completed: Version Bump, Build & Firebase Distribute, autofix
2026-04-16T18:02:04.3602871Z Checks in_progress: Auto-merge, lint-and-test
2026-04-16T18:02:04.3603259Z Checks after ignore checks filter:
2026-04-16T18:02:04.3603757Z Checks completed: Version Bump, Build & Firebase Distribute, autofix
2026-04-16T18:02:04.3604281Z Checks in_progress: lint-and-test
2026-04-16T18:02:04.3604623Z Checks after check_name filter:
2026-04-16T18:02:04.3605046Z Checks completed: Version Bump, Build & Firebase Distribute, autofix
2026-04-16T18:02:04.3605533Z Checks in_progress: lint-and-test
2026-04-16T18:02:04.3605853Z Checks after Regexp filter:
2026-04-16T18:02:04.3606260Z Checks completed: Version Bump, Build & Firebase Distribute, autofix
2026-04-16T18:02:04.3606735Z Checks in_progress: lint-and-test
2026-04-16T18:02:04.3607206Z The requested checks aren't complete yet, will check back in 30 seconds...
2026-04-16T18:02:04.3607707Z Checks running on ref:
2026-04-16T18:02:04.3608313Z Checks completed: capture-failure-log, Version Bump, Build & Firebase Distribute, lint-and-test, autofix
2026-04-16T18:02:04.3609069Z Checks in_progress: Auto-merge
2026-04-16T18:02:04.3609400Z Checks after ignore checks filter:
2026-04-16T18:02:04.3610051Z Checks completed: capture-failure-log, Version Bump, Build & Firebase Distribute, lint-and-test, autofix
2026-04-16T18:02:04.3610945Z Checks after check_name filter:
2026-04-16T18:02:04.3611748Z Checks completed: capture-failure-log, Version Bump, Build & Firebase Distribute, lint-and-test, autofix
2026-04-16T18:02:04.3612483Z Checks after Regexp filter:
2026-04-16T18:02:04.3613305Z Checks completed: capture-failure-log, Version Bump, Build & Firebase Distribute, lint-and-test, autofix
2026-04-16T18:02:04.3614065Z Checks completed:
2026-04-16T18:02:04.3614394Z capture-failure-log: completed (cancelled)
2026-04-16T18:02:04.3614924Z Version Bump, Build & Firebase Distribute: completed (skipped)
2026-04-16T18:02:04.3615438Z lint-and-test: completed (cancelled)
2026-04-16T18:02:04.3615829Z autofix: completed (success)
2026-04-16T18:02:04.3616825Z The conclusion of one or more checks were not allowed. Allowed conclusions are: success, skipped. This can be configured with the 'allowed-conclusions' param.
2026-04-16T18:02:04.3660546Z ##[error]Process completed with exit code 1.
2026-04-16T18:02:04.3775495Z Post job cleanup.
2026-04-16T18:02:04.3834828Z Cleaning up orphan processes
2026-04-16T18:02:04.4121133Z ##[warning]Node.js 20 actions are deprecated. The following actions are running on Node.js 20 and may not work as expected: actions/cache@v4. Actions will be forced to run with Node.js 24 by default starting June 2nd, 2026. Node.js 20 will be removed from the runner on September 16th, 2026. Please check if updated versions of these actions are available that support Node.js 24. To opt into Node.js 24 now, set the FORCE_JAVASCRIPT_ACTIONS_TO_NODE24=true environment variable on the runner or in your workflow file. Once Node.js 24 becomes the default, you can temporarily opt out by setting ACTIONS_ALLOW_USE_UNSECURE_NODE_VERSION=true. For more information see: https://github.blog/changelog/2025-09-19-deprecation-of-node-20-on-github-actions-runners/
