=== CI FAILURE ===
Workflow:      Auto-merge & Release
Workflow file: akarlin3/prismTask/.github/workflows/auto-merge.yml@refs/pull/749/merge
Job(s):        Auto-merge
Run ID:        24870770731
Run attempt:   1
Run URL:       https://github.com/akarlin3/prismTask/actions/runs/24870770731
Commit:        f9acf78edd4c24c8098cf0be3d08e960de300be2
Branch:        749/merge
Event:         pull_request
Actor:         akarlin3
Runner OS:     Linux
Timestamp:     2026-04-24T03:46:10.621Z

Failed steps:
  - Auto-merge: #3 Wait for all other CI checks to pass

=== FAILED JOB LOG ===

--- Job: Auto-merge (id 72816637636) ---
2026-04-24T03:31:58.0748658Z Current runner version: '2.333.1'
2026-04-24T03:31:58.0782336Z ##[group]Runner Image Provisioner
2026-04-24T03:31:58.0783414Z Hosted Compute Agent
2026-04-24T03:31:58.0784528Z Version: 20260213.493
2026-04-24T03:31:58.0785389Z Commit: 5c115507f6dd24b8de37d8bbe0bb4509d0cc0fa3
2026-04-24T03:31:58.0786531Z Build Date: 2026-02-13T00:28:41Z
2026-04-24T03:31:58.0787479Z Worker ID: {5a4a9f52-55a3-46ba-8001-2217e7382e7b}
2026-04-24T03:31:58.0788505Z Azure Region: eastus
2026-04-24T03:31:58.0789217Z ##[endgroup]
2026-04-24T03:31:58.0791449Z ##[group]Operating System
2026-04-24T03:31:58.0792360Z Ubuntu
2026-04-24T03:31:58.0792979Z 24.04.4
2026-04-24T03:31:58.0793767Z LTS
2026-04-24T03:31:58.0794608Z ##[endgroup]
2026-04-24T03:31:58.0795345Z ##[group]Runner Image
2026-04-24T03:31:58.0796214Z Image: ubuntu-24.04
2026-04-24T03:31:58.0796981Z Version: 20260413.86.1
2026-04-24T03:31:58.0798853Z Included Software: https://github.com/actions/runner-images/blob/ubuntu24/20260413.86/images/ubuntu/Ubuntu2404-Readme.md
2026-04-24T03:31:58.0801110Z Image Release: https://github.com/actions/runner-images/releases/tag/ubuntu24%2F20260413.86
2026-04-24T03:31:58.0802576Z ##[endgroup]
2026-04-24T03:31:58.0804861Z ##[group]GITHUB_TOKEN Permissions
2026-04-24T03:31:58.0807589Z Actions: read
2026-04-24T03:31:58.0808387Z Checks: read
2026-04-24T03:31:58.0809058Z Contents: write
2026-04-24T03:31:58.0809843Z Metadata: read
2026-04-24T03:31:58.0810553Z PullRequests: write
2026-04-24T03:31:58.0811429Z ##[endgroup]
2026-04-24T03:31:58.0814348Z Secret source: Actions
2026-04-24T03:31:58.0815413Z Prepare workflow directory
2026-04-24T03:31:58.1341044Z Prepare all required actions
2026-04-24T03:31:58.1394724Z Getting action download info
2026-04-24T03:31:58.4079118Z Download action repository 'lewagon/wait-on-check-action@ccfb013c15c8afb7bf2b7c028fb74dc5a068cccc' (SHA:ccfb013c15c8afb7bf2b7c028fb74dc5a068cccc)
2026-04-24T03:31:58.7686909Z Getting action download info
2026-04-24T03:31:58.9216041Z Download action repository 'ruby/setup-ruby@v1' (SHA:0cb964fd540e0a24c900370abf38a33466142735)
2026-04-24T03:31:59.0954936Z Download action repository 'actions/cache@v4' (SHA:0057852bfaa89a56745cba8c7296529d2fc39830)
2026-04-24T03:31:59.2306757Z Complete job name: Auto-merge
2026-04-24T03:31:59.2912864Z ##[group]Run set -euo pipefail
2026-04-24T03:31:59.2913589Z [36;1mset -euo pipefail[0m
2026-04-24T03:31:59.2914547Z [36;1m# Audit item #5 — poll check-runs for up to 60s instead of a bare[0m
2026-04-24T03:31:59.2915734Z [36;1m# 20s sleep. On a busy runner cohort the initial 20s wasn't enough[0m
2026-04-24T03:31:59.2917086Z [36;1m# for the API to reflect queued workflow runs, which could merge[0m
2026-04-24T03:31:59.2918362Z [36;1m# PRs without waiting for CI. Bail out early as soon as ≥1 real[0m
2026-04-24T03:31:59.2919539Z [36;1m# check shows up.[0m
2026-04-24T03:31:59.2920422Z [36;1mCOUNT=0[0m
2026-04-24T03:31:59.2921142Z [36;1mfor i in $(seq 1 6); do[0m
2026-04-24T03:31:59.2921992Z [36;1m  sleep 10[0m
2026-04-24T03:31:59.2923000Z [36;1m  COUNT=$(gh api "repos/$REPO/commits/$HEAD_SHA/check-runs" \[0m
2026-04-24T03:31:59.2924746Z [36;1m    --jq '[.check_runs[] | select(.name != "Auto-merge")] | length')[0m
2026-04-24T03:31:59.2925976Z [36;1m  if [ "$COUNT" -gt 0 ]; then[0m
2026-04-24T03:31:59.2926675Z [36;1m    echo "Found $COUNT non-Auto-merge check(s) after ${i}0s"[0m
2026-04-24T03:31:59.2927363Z [36;1m    break[0m
2026-04-24T03:31:59.2927798Z [36;1m  fi[0m
2026-04-24T03:31:59.2928354Z [36;1m  echo "No non-Auto-merge checks yet (attempt $i/6)"[0m
2026-04-24T03:31:59.2929009Z [36;1mdone[0m
2026-04-24T03:31:59.2929439Z [36;1mif [ "$COUNT" -gt 0 ]; then[0m
2026-04-24T03:31:59.2930042Z [36;1m  echo "has_ci=true" >> "$GITHUB_OUTPUT"[0m
2026-04-24T03:31:59.2930626Z [36;1melse[0m
2026-04-24T03:31:59.2931103Z [36;1m  echo "has_ci=false" >> "$GITHUB_OUTPUT"[0m
2026-04-24T03:31:59.2931896Z [36;1m  echo "No CI checks on this PR after 60s — will merge without waiting."[0m
2026-04-24T03:31:59.2932625Z [36;1mfi[0m
2026-04-24T03:31:59.2959976Z shell: /usr/bin/bash -e {0}
2026-04-24T03:31:59.2960763Z env:
2026-04-24T03:31:59.2961181Z   WAIT_INTERVAL: 30
2026-04-24T03:31:59.2961899Z   GH_TOKEN: ***
2026-04-24T03:31:59.2962469Z   HEAD_SHA: b79b1c2319a30cca98b4164321372e359a03432c
2026-04-24T03:31:59.2963098Z   REPO: akarlin3/prismTask
2026-04-24T03:31:59.2963583Z ##[endgroup]
2026-04-24T03:32:09.7057511Z Found 8 non-Auto-merge check(s) after 10s
2026-04-24T03:32:09.7283537Z ##[group]Run lewagon/wait-on-check-action@ccfb013c15c8afb7bf2b7c028fb74dc5a068cccc
2026-04-24T03:32:09.7284201Z with:
2026-04-24T03:32:09.7284494Z   ref: b79b1c2319a30cca98b4164321372e359a03432c
2026-04-24T03:32:09.7284834Z   running-workflow-name: Auto-merge
2026-04-24T03:32:09.7285566Z   repo-token: ***
2026-04-24T03:32:09.7285810Z   wait-interval: 30
2026-04-24T03:32:09.7286103Z   allowed-conclusions: success,skipped,neutral
2026-04-24T03:32:09.7286420Z   verbose: true
2026-04-24T03:32:09.7286649Z env:
2026-04-24T03:32:09.7286857Z   WAIT_INTERVAL: 30
2026-04-24T03:32:09.7287115Z ##[endgroup]
2026-04-24T03:32:09.7420600Z ##[group]Run ruby/setup-ruby@v1
2026-04-24T03:32:09.7420918Z with:
2026-04-24T03:32:09.7421160Z   ruby-version: 3.2
2026-04-24T03:32:09.7421430Z   bundler-cache: false
2026-04-24T03:32:09.7421840Z   token: ***
2026-04-24T03:32:09.7422062Z env:
2026-04-24T03:32:09.7422275Z   WAIT_INTERVAL: 30
2026-04-24T03:32:09.7422503Z ##[endgroup]
2026-04-24T03:32:09.8880241Z ##[group]Modifying PATH
2026-04-24T03:32:09.8880803Z Entries added to PATH to use selected Ruby:
2026-04-24T03:32:09.8881652Z   /opt/hostedtoolcache/Ruby/3.2.11/x64/bin
2026-04-24T03:32:09.8885939Z ##[endgroup]
2026-04-24T03:32:09.8886729Z ##[group]Print Ruby version
2026-04-24T03:32:09.8968758Z [command]/opt/hostedtoolcache/Ruby/3.2.11/x64/bin/ruby --version
2026-04-24T03:32:10.1494945Z ruby 3.2.11 (2026-03-27 revision 5483bfc1ae) [x86_64-linux]
2026-04-24T03:32:10.1523726Z Took   0.26 seconds
2026-04-24T03:32:10.1524641Z ##[endgroup]
2026-04-24T03:32:10.1527003Z ##[group]Installing Bundler
2026-04-24T03:32:10.1530053Z Using Bundler shipped with ruby-3.2.11
2026-04-24T03:32:10.1531070Z Took   0.00 seconds
2026-04-24T03:32:10.1531982Z ##[endgroup]
2026-04-24T03:32:10.2185813Z ##[group]Run actions/cache@v4
2026-04-24T03:32:10.2186100Z with:
2026-04-24T03:32:10.2186519Z   path: /home/runner/work/_actions/lewagon/wait-on-check-action/ccfb013c15c8afb7bf2b7c028fb74dc5a068cccc
2026-04-24T03:32:10.2187021Z   key: Linux-gems-
2026-04-24T03:32:10.2187228Z   restore-keys: Linux-gems-
2026-04-24T03:32:10.2187461Z   enableCrossOsArchive: false
2026-04-24T03:32:10.2187694Z   fail-on-cache-miss: false
2026-04-24T03:32:10.2187896Z   lookup-only: false
2026-04-24T03:32:10.2188091Z   save-always: false
2026-04-24T03:32:10.2188265Z env:
2026-04-24T03:32:10.2188434Z   WAIT_INTERVAL: 30
2026-04-24T03:32:10.2188619Z ##[endgroup]
2026-04-24T03:32:10.4159740Z Cache not found for input keys: Linux-gems-, Linux-gems-
2026-04-24T03:32:10.4252348Z ##[group]Run bundle install --jobs 4 --retry 3
2026-04-24T03:32:10.4252694Z [36;1mbundle install --jobs 4 --retry 3[0m
2026-04-24T03:32:10.4279040Z shell: /usr/bin/bash --noprofile --norc -e -o pipefail {0}
2026-04-24T03:32:10.4279381Z env:
2026-04-24T03:32:10.4279560Z   WAIT_INTERVAL: 30
2026-04-24T03:32:10.4279762Z ##[endgroup]
2026-04-24T03:32:11.7983828Z Bundler 2.4.19 is running, but your lockfile was generated with 2.2.3. Installing Bundler 2.2.3 and restarting using that version.
2026-04-24T03:32:13.9247825Z Fetching gem metadata from https://rubygems.org/.
2026-04-24T03:32:13.9324477Z Fetching bundler 2.2.3
2026-04-24T03:32:14.0814704Z Installing bundler 2.2.3
2026-04-24T03:32:14.2679461Z Calling `DidYouMean::SPELL_CHECKERS.merge!(error_name => spell_checker)' has been deprecated. Please call `DidYouMean.correct_error(error_name, spell_checker)' instead.
2026-04-24T03:32:15.5133515Z Fetching gem metadata from https://rubygems.org/.........
2026-04-24T03:32:15.5228544Z Fetching zeitwerk 2.6.7
2026-04-24T03:32:15.5231784Z Fetching concurrent-ruby 1.2.2
2026-04-24T03:32:15.5234345Z Fetching public_suffix 4.0.7
2026-04-24T03:32:15.5241085Z Fetching minitest 5.18.0
2026-04-24T03:32:15.6360587Z Installing zeitwerk 2.6.7
2026-04-24T03:32:15.6559874Z Installing minitest 5.18.0
2026-04-24T03:32:15.6610264Z Installing public_suffix 4.0.7
2026-04-24T03:32:15.6787249Z Installing concurrent-ruby 1.2.2
2026-04-24T03:32:15.7043707Z Fetching ast 2.4.2
2026-04-24T03:32:15.7400487Z Installing ast 2.4.2
2026-04-24T03:32:15.7409250Z Using bundler 2.2.3
2026-04-24T03:32:15.7425528Z Fetching byebug 11.1.3
2026-04-24T03:32:15.7812901Z Fetching diff-lcs 1.4.4
2026-04-24T03:32:15.8109039Z Installing byebug 11.1.3 with native extensions
2026-04-24T03:32:15.8276627Z Fetching faraday-net_http 2.0.3
2026-04-24T03:32:15.8635100Z Installing diff-lcs 1.4.4
2026-04-24T03:32:15.8780083Z Installing faraday-net_http 2.0.3
2026-04-24T03:32:15.8900851Z Using ruby2_keywords 0.0.5
2026-04-24T03:32:15.8910961Z Fetching json 2.7.1
2026-04-24T03:32:15.9341843Z Installing json 2.7.1 with native extensions
2026-04-24T03:32:15.9583617Z Fetching language_server-protocol 3.17.0.3
2026-04-24T03:32:16.0072219Z Installing language_server-protocol 3.17.0.3
2026-04-24T03:32:16.0645001Z Fetching lint_roller 1.1.0
2026-04-24T03:32:16.1205171Z Installing lint_roller 1.1.0
2026-04-24T03:32:16.1321685Z Fetching parallel 1.24.0
2026-04-24T03:32:16.1845056Z Installing parallel 1.24.0
2026-04-24T03:32:16.1898796Z Fetching racc 1.7.3
2026-04-24T03:32:16.2389269Z Installing racc 1.7.3 with native extensions
2026-04-24T03:32:16.2775822Z Fetching rainbow 3.1.1
2026-04-24T03:32:16.3270930Z Installing rainbow 3.1.1
2026-04-24T03:32:16.3380612Z Fetching regexp_parser 2.8.3
2026-04-24T03:32:16.3926034Z Installing regexp_parser 2.8.3
2026-04-24T03:32:16.4933136Z Fetching rexml 3.2.6
2026-04-24T03:32:16.5344693Z Installing rexml 3.2.6
2026-04-24T03:32:16.5560421Z Fetching rspec-support 3.10.1
2026-04-24T03:32:16.5986633Z Installing rspec-support 3.10.1
2026-04-24T03:32:16.6121546Z Fetching ruby-progressbar 1.13.0
2026-04-24T03:32:16.6487039Z Installing ruby-progressbar 1.13.0
2026-04-24T03:32:16.6590961Z Fetching unicode-display_width 2.5.0
2026-04-24T03:32:16.6946077Z Installing unicode-display_width 2.5.0
2026-04-24T03:32:16.7012782Z Fetching addressable 2.8.0
2026-04-24T03:32:16.7559491Z Installing addressable 2.8.0
2026-04-24T03:32:16.7755020Z Fetching faraday 2.3.0
2026-04-24T03:32:16.8311052Z Installing faraday 2.3.0
2026-04-24T03:32:16.8634977Z Fetching i18n 1.12.0
2026-04-24T03:32:16.9187015Z Installing i18n 1.12.0
2026-04-24T03:32:16.9394886Z Fetching tzinfo 2.0.6
2026-04-24T03:32:16.9988794Z Installing tzinfo 2.0.6
2026-04-24T03:32:17.0244873Z Fetching rspec-core 3.10.1
2026-04-24T03:32:17.0887748Z Installing rspec-core 3.10.1
2026-04-24T03:32:17.1274542Z Fetching rspec-expectations 3.10.1
2026-04-24T03:32:17.1877441Z Installing rspec-expectations 3.10.1
2026-04-24T03:32:17.2152842Z Fetching rspec-mocks 3.10.1
2026-04-24T03:32:17.2815098Z Installing rspec-mocks 3.10.1
2026-04-24T03:32:17.3024471Z Fetching faraday-retry 2.0.0
2026-04-24T03:32:17.3484147Z Fetching sawyer 0.9.2
2026-04-24T03:32:17.3811007Z Installing faraday-retry 2.0.0
2026-04-24T03:32:17.3890695Z Installing sawyer 0.9.2
2026-04-24T03:32:17.4006511Z Fetching activesupport 6.1.7.3
2026-04-24T03:32:17.4450769Z Fetching rspec 3.10.0
2026-04-24T03:32:17.5017394Z Installing rspec 3.10.0
2026-04-24T03:32:17.5116211Z Fetching parser 3.2.2.4
2026-04-24T03:32:17.5520361Z Installing activesupport 6.1.7.3
2026-04-24T03:32:17.6505502Z Installing parser 3.2.2.4
2026-04-24T03:32:17.7407715Z Fetching octokit 4.25.0
2026-04-24T03:32:17.7894904Z Installing octokit 4.25.0
2026-04-24T03:32:17.8476542Z Fetching rubocop-ast 1.30.0
2026-04-24T03:32:17.8896735Z Installing rubocop-ast 1.30.0
2026-04-24T03:32:19.1819055Z Fetching rubocop 1.57.2
2026-04-24T03:32:19.2458228Z Installing rubocop 1.57.2
2026-04-24T03:32:19.4812564Z Fetching standard-custom 1.0.2
2026-04-24T03:32:19.4813392Z Fetching rubocop-performance 1.19.1
2026-04-24T03:32:19.5355325Z Installing standard-custom 1.0.2
2026-04-24T03:32:19.5424537Z Installing rubocop-performance 1.19.1
2026-04-24T03:32:19.5602524Z Fetching standard-performance 1.2.1
2026-04-24T03:32:19.5940453Z Installing standard-performance 1.2.1
2026-04-24T03:32:19.6016859Z Fetching standard 1.32.1
2026-04-24T03:32:19.6380317Z Installing standard 1.32.1
2026-04-24T03:32:19.6600617Z Bundle complete! 6 Gemfile dependencies, 40 gems now installed.
2026-04-24T03:32:19.6601637Z Use `bundle info [gemname]` to see where a bundled gem is installed.
2026-04-24T03:32:19.7156041Z ##[group]Run ruby entrypoint.rb
2026-04-24T03:32:19.7156334Z [36;1mruby entrypoint.rb[0m
2026-04-24T03:32:19.7179073Z shell: /usr/bin/bash --noprofile --norc -e -o pipefail {0}
2026-04-24T03:32:19.7179405Z env:
2026-04-24T03:32:19.7179576Z   WAIT_INTERVAL: 30
2026-04-24T03:32:19.7179812Z   ALLOWED_CONCLUSIONS: success,skipped,neutral
2026-04-24T03:32:19.7180074Z   IGNORE_CHECKS: 
2026-04-24T03:32:19.7180255Z   CHECK_NAME: 
2026-04-24T03:32:19.7180421Z   CHECK_REGEXP: 
2026-04-24T03:32:19.7180634Z   REF: b79b1c2319a30cca98b4164321372e359a03432c
2026-04-24T03:32:19.7181136Z   REPO_TOKEN: ***
2026-04-24T03:32:19.7181324Z   VERBOSE: true
2026-04-24T03:32:19.7181522Z   RUNNING_WORKFLOW_NAME: Auto-merge
2026-04-24T03:32:19.7181762Z   API_ENDPOINT: 
2026-04-24T03:32:19.7181972Z ##[endgroup]
2026-04-24T03:36:23.7423075Z Checks running on ref:
2026-04-24T03:36:23.7423667Z Checks completed: capture-failure-log, e2e, capture-failure-log, maybe-label, web-lint-and-test, connected-tests
2026-04-24T03:36:23.7424628Z Checks in_progress: connected-tests, autofix, test, Auto-merge
2026-04-24T03:36:23.7425025Z Checks after ignore checks filter:
2026-04-24T03:36:23.7425756Z Checks completed: capture-failure-log, e2e, capture-failure-log, maybe-label, web-lint-and-test, connected-tests
2026-04-24T03:36:23.7426552Z Checks in_progress: connected-tests, autofix, test
2026-04-24T03:36:23.7426998Z Checks after check_name filter:
2026-04-24T03:36:23.7427744Z Checks completed: capture-failure-log, e2e, capture-failure-log, maybe-label, web-lint-and-test, connected-tests
2026-04-24T03:36:23.7428321Z Checks in_progress: connected-tests, autofix, test
2026-04-24T03:36:23.7428591Z Checks after Regexp filter:
2026-04-24T03:36:23.7429041Z Checks completed: capture-failure-log, e2e, capture-failure-log, maybe-label, web-lint-and-test, connected-tests
2026-04-24T03:36:23.7429532Z Checks in_progress: connected-tests, autofix, test
2026-04-24T03:36:23.7429913Z The requested checks aren't complete yet, will check back in 30 seconds...
2026-04-24T03:36:23.7430264Z Checks running on ref:
2026-04-24T03:36:23.7430794Z Checks completed: capture-failure-log, capture-failure-log, e2e, capture-failure-log, maybe-label, test, web-lint-and-test, connected-tests
2026-04-24T03:36:23.7431417Z Checks in_progress: connected-tests, autofix, Auto-merge
2026-04-24T03:36:23.7431713Z Checks after ignore checks filter:
2026-04-24T03:36:23.7432256Z Checks completed: capture-failure-log, capture-failure-log, e2e, capture-failure-log, maybe-label, test, web-lint-and-test, connected-tests
2026-04-24T03:36:23.7432840Z Checks in_progress: connected-tests, autofix
2026-04-24T03:36:23.7433105Z Checks after check_name filter:
2026-04-24T03:36:23.7433637Z Checks completed: capture-failure-log, capture-failure-log, e2e, capture-failure-log, maybe-label, test, web-lint-and-test, connected-tests
2026-04-24T03:36:23.7434581Z Checks in_progress: connected-tests, autofix
2026-04-24T03:36:23.7434848Z Checks after Regexp filter:
2026-04-24T03:36:23.7435369Z Checks completed: capture-failure-log, capture-failure-log, e2e, capture-failure-log, maybe-label, test, web-lint-and-test, connected-tests
2026-04-24T03:36:23.7435937Z Checks in_progress: connected-tests, autofix
2026-04-24T03:36:23.7436325Z The requested checks aren't complete yet, will check back in 30 seconds...
2026-04-24T03:36:23.7436666Z Checks running on ref:
2026-04-24T03:36:23.7437169Z Checks completed: capture-failure-log, capture-failure-log, e2e, capture-failure-log, maybe-label, test, web-lint-and-test, connected-tests
2026-04-24T03:36:23.7438154Z Checks in_progress: connected-tests, autofix, Auto-merge
2026-04-24T03:36:23.7438446Z Checks after ignore checks filter:
2026-04-24T03:36:23.7438966Z Checks completed: capture-failure-log, capture-failure-log, e2e, capture-failure-log, maybe-label, test, web-lint-and-test, connected-tests
2026-04-24T03:36:23.7439525Z Checks in_progress: connected-tests, autofix
2026-04-24T03:36:23.7439937Z Checks after check_name filter:
2026-04-24T03:36:23.7440467Z Checks completed: capture-failure-log, capture-failure-log, e2e, capture-failure-log, maybe-label, test, web-lint-and-test, connected-tests
2026-04-24T03:36:23.7441131Z Checks in_progress: connected-tests, autofix
2026-04-24T03:36:23.7441375Z Checks after Regexp filter:
2026-04-24T03:36:23.7441884Z Checks completed: capture-failure-log, capture-failure-log, e2e, capture-failure-log, maybe-label, test, web-lint-and-test, connected-tests
2026-04-24T03:36:23.7442435Z Checks in_progress: connected-tests, autofix
2026-04-24T03:36:23.7442769Z The requested checks aren't complete yet, will check back in 30 seconds...
2026-04-24T03:36:23.7443108Z Checks running on ref:
2026-04-24T03:36:23.7443601Z Checks completed: capture-failure-log, capture-failure-log, e2e, capture-failure-log, maybe-label, test, web-lint-and-test, connected-tests
2026-04-24T03:36:23.7444326Z Checks in_progress: connected-tests, autofix, Auto-merge
2026-04-24T03:36:23.7444630Z Checks after ignore checks filter:
2026-04-24T03:36:23.7445198Z Checks completed: capture-failure-log, capture-failure-log, e2e, capture-failure-log, maybe-label, test, web-lint-and-test, connected-tests
2026-04-24T03:36:23.7445762Z Checks in_progress: connected-tests, autofix
2026-04-24T03:36:23.7446010Z Checks after check_name filter:
2026-04-24T03:36:23.7446526Z Checks completed: capture-failure-log, capture-failure-log, e2e, capture-failure-log, maybe-label, test, web-lint-and-test, connected-tests
2026-04-24T03:36:23.7447073Z Checks in_progress: connected-tests, autofix
2026-04-24T03:36:23.7447336Z Checks after Regexp filter:
2026-04-24T03:36:23.7447859Z Checks completed: capture-failure-log, capture-failure-log, e2e, capture-failure-log, maybe-label, test, web-lint-and-test, connected-tests
2026-04-24T03:36:23.7448429Z Checks in_progress: connected-tests, autofix
2026-04-24T03:36:23.7448782Z The requested checks aren't complete yet, will check back in 30 seconds...
2026-04-24T03:36:23.7449113Z Checks running on ref:
2026-04-24T03:36:23.7449626Z Checks completed: capture-failure-log, capture-failure-log, e2e, capture-failure-log, maybe-label, test, web-lint-and-test, connected-tests
2026-04-24T03:36:23.7450238Z Checks in_progress: connected-tests, autofix, Auto-merge
2026-04-24T03:36:23.7450537Z Checks after ignore checks filter:
2026-04-24T03:36:23.7451086Z Checks completed: capture-failure-log, capture-failure-log, e2e, capture-failure-log, maybe-label, test, web-lint-and-test, connected-tests
2026-04-24T03:36:23.7451682Z Checks in_progress: connected-tests, autofix
2026-04-24T03:36:23.7451940Z Checks after check_name filter:
2026-04-24T03:36:23.7452466Z Checks completed: capture-failure-log, capture-failure-log, e2e, capture-failure-log, maybe-label, test, web-lint-and-test, connected-tests
2026-04-24T03:36:23.7453026Z Checks in_progress: connected-tests, autofix
2026-04-24T03:36:23.7453270Z Checks after Regexp filter:
2026-04-24T03:36:23.7453787Z Checks completed: capture-failure-log, capture-failure-log, e2e, capture-failure-log, maybe-label, test, web-lint-and-test, connected-tests
2026-04-24T03:36:23.7454460Z Checks in_progress: connected-tests, autofix
2026-04-24T03:36:23.7454808Z The requested checks aren't complete yet, will check back in 30 seconds...
2026-04-24T03:36:23.7455147Z Checks running on ref:
2026-04-24T03:36:23.7455645Z Checks completed: capture-failure-log, capture-failure-log, e2e, capture-failure-log, maybe-label, test, web-lint-and-test, connected-tests
2026-04-24T03:36:23.7456245Z Checks in_progress: connected-tests, autofix, Auto-merge
2026-04-24T03:36:23.7456536Z Checks after ignore checks filter:
2026-04-24T03:36:23.7457208Z Checks completed: capture-failure-log, capture-failure-log, e2e, capture-failure-log, maybe-label, test, web-lint-and-test, connected-tests
2026-04-24T03:36:23.7457766Z Checks in_progress: connected-tests, autofix
2026-04-24T03:36:23.7458009Z Checks after check_name filter:
2026-04-24T03:36:23.7458648Z Checks completed: capture-failure-log, capture-failure-log, e2e, capture-failure-log, maybe-label, test, web-lint-and-test, connected-tests
2026-04-24T03:36:23.7459211Z Checks in_progress: connected-tests, autofix
2026-04-24T03:36:23.7459456Z Checks after Regexp filter:
2026-04-24T03:36:23.7459954Z Checks completed: capture-failure-log, capture-failure-log, e2e, capture-failure-log, maybe-label, test, web-lint-and-test, connected-tests
2026-04-24T03:36:23.7460507Z Checks in_progress: connected-tests, autofix
2026-04-24T03:36:23.7460845Z The requested checks aren't complete yet, will check back in 30 seconds...
2026-04-24T03:36:23.7461173Z Checks running on ref:
2026-04-24T03:36:23.7461452Z Checks in_progress: lint-and-test, connected-tests, Auto-merge
2026-04-24T03:36:23.7462101Z Checks completed: capture-failure-log, capture-failure-log, e2e, capture-failure-log, autofix, maybe-label, test, web-lint-and-test, connected-tests
2026-04-24T03:36:23.7462692Z Checks after ignore checks filter:
2026-04-24T03:36:23.7462955Z Checks in_progress: lint-and-test, connected-tests
2026-04-24T03:36:23.7463559Z Checks completed: capture-failure-log, capture-failure-log, e2e, capture-failure-log, autofix, maybe-label, test, web-lint-and-test, connected-tests
2026-04-24T03:36:23.7464232Z Checks after check_name filter:
2026-04-24T03:36:23.7464474Z Checks in_progress: lint-and-test, connected-tests
2026-04-24T03:36:23.7465063Z Checks completed: capture-failure-log, capture-failure-log, e2e, capture-failure-log, autofix, maybe-label, test, web-lint-and-test, connected-tests
2026-04-24T03:36:23.7465625Z Checks after Regexp filter:
2026-04-24T03:36:23.7465859Z Checks in_progress: lint-and-test, connected-tests
2026-04-24T03:36:23.7466449Z Checks completed: capture-failure-log, capture-failure-log, e2e, capture-failure-log, autofix, maybe-label, test, web-lint-and-test, connected-tests
2026-04-24T03:36:23.7467109Z The requested checks aren't complete yet, will check back in 30 seconds...
2026-04-24T03:36:23.7467444Z Checks running on ref:
2026-04-24T03:36:23.7467700Z Checks in_progress: lint-and-test, connected-tests, Auto-merge
2026-04-24T03:36:23.7468326Z Checks completed: capture-failure-log, capture-failure-log, e2e, capture-failure-log, autofix, maybe-label, test, web-lint-and-test, connected-tests
2026-04-24T03:36:23.7468893Z Checks after ignore checks filter:
2026-04-24T03:36:23.7469141Z Checks in_progress: lint-and-test, connected-tests
2026-04-24T03:36:23.7469725Z Checks completed: capture-failure-log, capture-failure-log, e2e, capture-failure-log, autofix, maybe-label, test, web-lint-and-test, connected-tests
2026-04-24T03:36:23.7470299Z Checks after check_name filter:
2026-04-24T03:36:23.7470538Z Checks in_progress: lint-and-test, connected-tests
2026-04-24T03:36:23.7471130Z Checks completed: capture-failure-log, capture-failure-log, e2e, capture-failure-log, autofix, maybe-label, test, web-lint-and-test, connected-tests
2026-04-24T03:36:23.7471688Z Checks after Regexp filter:
2026-04-24T03:36:23.7471919Z Checks in_progress: lint-and-test, connected-tests
2026-04-24T03:36:23.7472504Z Checks completed: capture-failure-log, capture-failure-log, e2e, capture-failure-log, autofix, maybe-label, test, web-lint-and-test, connected-tests
2026-04-24T03:36:23.7473163Z The requested checks aren't complete yet, will check back in 30 seconds...
2026-04-24T03:36:23.7473502Z Checks running on ref:
2026-04-24T03:36:23.7473763Z Checks in_progress: lint-and-test, connected-tests, Auto-merge
2026-04-24T03:36:23.7474684Z Checks completed: capture-failure-log, capture-failure-log, e2e, capture-failure-log, autofix, maybe-label, test, web-lint-and-test, connected-tests
2026-04-24T03:36:23.7475273Z Checks after ignore checks filter:
2026-04-24T03:36:23.7475732Z Checks in_progress: lint-and-test, connected-tests
2026-04-24T03:36:23.7476328Z Checks completed: capture-failure-log, capture-failure-log, e2e, capture-failure-log, autofix, maybe-label, test, web-lint-and-test, connected-tests
2026-04-24T03:36:23.7476903Z Checks after check_name filter:
2026-04-24T03:36:23.7477153Z Checks in_progress: lint-and-test, connected-tests
2026-04-24T03:39:56.6391552Z Checks completed: capture-failure-log, capture-failure-log, e2e, capture-failure-log, autofix, maybe-label, test, web-lint-and-test, connected-tests
2026-04-24T03:39:56.6392612Z Checks after Regexp filter:
2026-04-24T03:39:56.6392993Z Checks in_progress: lint-and-test, connected-tests
2026-04-24T03:39:56.6394262Z Checks completed: capture-failure-log, capture-failure-log, e2e, capture-failure-log, autofix, maybe-label, test, web-lint-and-test, connected-tests
2026-04-24T03:39:56.6395031Z The requested checks aren't complete yet, will check back in 30 seconds...
2026-04-24T03:39:56.6395377Z Checks running on ref:
2026-04-24T03:39:56.6395675Z Checks in_progress: lint-and-test, connected-tests, Auto-merge
2026-04-24T03:39:56.6396335Z Checks completed: capture-failure-log, capture-failure-log, e2e, capture-failure-log, autofix, maybe-label, test, web-lint-and-test, connected-tests
2026-04-24T03:39:56.6396916Z Checks after ignore checks filter:
2026-04-24T03:39:56.6397190Z Checks in_progress: lint-and-test, connected-tests
2026-04-24T03:39:56.6397797Z Checks completed: capture-failure-log, capture-failure-log, e2e, capture-failure-log, autofix, maybe-label, test, web-lint-and-test, connected-tests
2026-04-24T03:39:56.6398380Z Checks after check_name filter:
2026-04-24T03:39:56.6398629Z Checks in_progress: lint-and-test, connected-tests
2026-04-24T03:39:56.6399223Z Checks completed: capture-failure-log, capture-failure-log, e2e, capture-failure-log, autofix, maybe-label, test, web-lint-and-test, connected-tests
2026-04-24T03:39:56.6399803Z Checks after Regexp filter:
2026-04-24T03:39:56.6400047Z Checks in_progress: lint-and-test, connected-tests
2026-04-24T03:39:56.6400650Z Checks completed: capture-failure-log, capture-failure-log, e2e, capture-failure-log, autofix, maybe-label, test, web-lint-and-test, connected-tests
2026-04-24T03:39:56.6401324Z The requested checks aren't complete yet, will check back in 30 seconds...
2026-04-24T03:39:56.6401661Z Checks running on ref:
2026-04-24T03:39:56.6401995Z Checks in_progress: capture-failure-log / capture, connected-tests, Auto-merge
2026-04-24T03:39:56.6402855Z Checks completed: firebase-distribute, lint-and-test, capture-failure-log, capture-failure-log, e2e, capture-failure-log, autofix, maybe-label, test, web-lint-and-test, connected-tests
2026-04-24T03:39:56.6403589Z Checks after ignore checks filter:
2026-04-24T03:39:56.6404043Z Checks in_progress: capture-failure-log / capture, connected-tests
2026-04-24T03:39:56.6404815Z Checks completed: firebase-distribute, lint-and-test, capture-failure-log, capture-failure-log, e2e, capture-failure-log, autofix, maybe-label, test, web-lint-and-test, connected-tests
2026-04-24T03:39:56.6405513Z Checks after check_name filter:
2026-04-24T03:39:56.6405805Z Checks in_progress: capture-failure-log / capture, connected-tests
2026-04-24T03:39:56.6406580Z Checks completed: firebase-distribute, lint-and-test, capture-failure-log, capture-failure-log, e2e, capture-failure-log, autofix, maybe-label, test, web-lint-and-test, connected-tests
2026-04-24T03:39:56.6407276Z Checks after Regexp filter:
2026-04-24T03:39:56.6407578Z Checks in_progress: capture-failure-log / capture, connected-tests
2026-04-24T03:39:56.6408359Z Checks completed: firebase-distribute, lint-and-test, capture-failure-log, capture-failure-log, e2e, capture-failure-log, autofix, maybe-label, test, web-lint-and-test, connected-tests
2026-04-24T03:39:56.6409149Z The requested checks aren't complete yet, will check back in 30 seconds...
2026-04-24T03:39:56.6409493Z Checks running on ref:
2026-04-24T03:39:56.6410244Z Checks completed: capture-failure-log / capture, firebase-distribute, lint-and-test, capture-failure-log, capture-failure-log, e2e, capture-failure-log, autofix, maybe-label, test, web-lint-and-test, connected-tests
2026-04-24T03:39:56.6411260Z Checks in_progress: connected-tests, Auto-merge
2026-04-24T03:39:56.6411534Z Checks after ignore checks filter:
2026-04-24T03:39:56.6412414Z Checks completed: capture-failure-log / capture, firebase-distribute, lint-and-test, capture-failure-log, capture-failure-log, e2e, capture-failure-log, autofix, maybe-label, test, web-lint-and-test, connected-tests
2026-04-24T03:39:56.6413217Z Checks in_progress: connected-tests
2026-04-24T03:39:56.6413449Z Checks after check_name filter:
2026-04-24T03:39:56.6414314Z Checks completed: capture-failure-log / capture, firebase-distribute, lint-and-test, capture-failure-log, capture-failure-log, e2e, capture-failure-log, autofix, maybe-label, test, web-lint-and-test, connected-tests
2026-04-24T03:39:56.6415109Z Checks in_progress: connected-tests
2026-04-24T03:39:56.6415342Z Checks after Regexp filter:
2026-04-24T03:39:56.6416106Z Checks completed: capture-failure-log / capture, firebase-distribute, lint-and-test, capture-failure-log, capture-failure-log, e2e, capture-failure-log, autofix, maybe-label, test, web-lint-and-test, connected-tests
2026-04-24T03:39:56.6416904Z Checks in_progress: connected-tests
2026-04-24T03:39:56.6417235Z The requested checks aren't complete yet, will check back in 30 seconds...
2026-04-24T03:39:56.6417573Z Checks running on ref:
2026-04-24T03:39:56.6418303Z Checks completed: capture-failure-log / capture, firebase-distribute, lint-and-test, capture-failure-log, capture-failure-log, e2e, capture-failure-log, autofix, maybe-label, test, web-lint-and-test, connected-tests
2026-04-24T03:39:56.6419117Z Checks in_progress: connected-tests, Auto-merge
2026-04-24T03:39:56.6419381Z Checks after ignore checks filter:
2026-04-24T03:39:56.6420144Z Checks completed: capture-failure-log / capture, firebase-distribute, lint-and-test, capture-failure-log, capture-failure-log, e2e, capture-failure-log, autofix, maybe-label, test, web-lint-and-test, connected-tests
2026-04-24T03:39:56.6420928Z Checks in_progress: connected-tests
2026-04-24T03:39:56.6421156Z Checks after check_name filter:
2026-04-24T03:39:56.6421929Z Checks completed: capture-failure-log / capture, firebase-distribute, lint-and-test, capture-failure-log, capture-failure-log, e2e, capture-failure-log, autofix, maybe-label, test, web-lint-and-test, connected-tests
2026-04-24T03:39:56.6422700Z Checks in_progress: connected-tests
2026-04-24T03:39:56.6422920Z Checks after Regexp filter:
2026-04-24T03:39:56.6423659Z Checks completed: capture-failure-log / capture, firebase-distribute, lint-and-test, capture-failure-log, capture-failure-log, e2e, capture-failure-log, autofix, maybe-label, test, web-lint-and-test, connected-tests
2026-04-24T03:39:56.6424541Z Checks in_progress: connected-tests
2026-04-24T03:39:56.6424854Z The requested checks aren't complete yet, will check back in 30 seconds...
2026-04-24T03:39:56.6425183Z Checks running on ref:
2026-04-24T03:39:56.6425937Z Checks completed: capture-failure-log / capture, firebase-distribute, lint-and-test, capture-failure-log, capture-failure-log, e2e, capture-failure-log, autofix, maybe-label, test, web-lint-and-test, connected-tests
2026-04-24T03:39:56.6426786Z Checks in_progress: connected-tests, Auto-merge
2026-04-24T03:39:56.6427050Z Checks after ignore checks filter:
2026-04-24T03:39:56.6427820Z Checks completed: capture-failure-log / capture, firebase-distribute, lint-and-test, capture-failure-log, capture-failure-log, e2e, capture-failure-log, autofix, maybe-label, test, web-lint-and-test, connected-tests
2026-04-24T03:39:56.6428593Z Checks in_progress: connected-tests
2026-04-24T03:39:56.6428818Z Checks after check_name filter:
2026-04-24T03:39:56.6429581Z Checks completed: capture-failure-log / capture, firebase-distribute, lint-and-test, capture-failure-log, capture-failure-log, e2e, capture-failure-log, autofix, maybe-label, test, web-lint-and-test, connected-tests
2026-04-24T03:39:56.6430508Z Checks in_progress: connected-tests
2026-04-24T03:39:56.6430729Z Checks after Regexp filter:
2026-04-24T03:39:56.6431463Z Checks completed: capture-failure-log / capture, firebase-distribute, lint-and-test, capture-failure-log, capture-failure-log, e2e, capture-failure-log, autofix, maybe-label, test, web-lint-and-test, connected-tests
2026-04-24T03:39:56.6432353Z Checks in_progress: connected-tests
2026-04-24T03:39:56.6432668Z The requested checks aren't complete yet, will check back in 30 seconds...
2026-04-24T03:39:56.6432998Z Checks running on ref:
2026-04-24T03:39:56.6433724Z Checks completed: capture-failure-log / capture, firebase-distribute, lint-and-test, capture-failure-log, capture-failure-log, e2e, capture-failure-log, autofix, maybe-label, test, web-lint-and-test, connected-tests
2026-04-24T03:39:56.6434635Z Checks in_progress: connected-tests, Auto-merge
2026-04-24T03:39:56.6434899Z Checks after ignore checks filter:
2026-04-24T03:39:56.6435651Z Checks completed: capture-failure-log / capture, firebase-distribute, lint-and-test, capture-failure-log, capture-failure-log, e2e, capture-failure-log, autofix, maybe-label, test, web-lint-and-test, connected-tests
2026-04-24T03:39:56.6436446Z Checks in_progress: connected-tests
2026-04-24T03:39:56.6436672Z Checks after check_name filter:
2026-04-24T03:39:56.6437416Z Checks completed: capture-failure-log / capture, firebase-distribute, lint-and-test, capture-failure-log, capture-failure-log, e2e, capture-failure-log, autofix, maybe-label, test, web-lint-and-test, connected-tests
2026-04-24T03:39:56.6438193Z Checks in_progress: connected-tests
2026-04-24T03:39:56.6438409Z Checks after Regexp filter:
2026-04-24T03:39:56.6439148Z Checks completed: capture-failure-log / capture, firebase-distribute, lint-and-test, capture-failure-log, capture-failure-log, e2e, capture-failure-log, autofix, maybe-label, test, web-lint-and-test, connected-tests
2026-04-24T03:39:56.6439926Z Checks in_progress: connected-tests
2026-04-24T03:39:56.6440238Z The requested checks aren't complete yet, will check back in 30 seconds...
2026-04-24T03:39:56.6440567Z Checks running on ref:
2026-04-24T03:39:56.6441300Z Checks completed: capture-failure-log / capture, firebase-distribute, lint-and-test, capture-failure-log, capture-failure-log, e2e, capture-failure-log, autofix, maybe-label, test, web-lint-and-test, connected-tests
2026-04-24T03:39:56.6442119Z Checks in_progress: connected-tests, Auto-merge
2026-04-24T03:39:56.6442389Z Checks after ignore checks filter:
2026-04-24T03:39:56.6443159Z Checks completed: capture-failure-log / capture, firebase-distribute, lint-and-test, capture-failure-log, capture-failure-log, e2e, capture-failure-log, autofix, maybe-label, test, web-lint-and-test, connected-tests
2026-04-24T03:39:56.6444048Z Checks in_progress: connected-tests
2026-04-24T03:39:56.6444284Z Checks after check_name filter:
2026-04-24T03:43:29.5195567Z Checks completed: capture-failure-log / capture, firebase-distribute, lint-and-test, capture-failure-log, capture-failure-log, e2e, capture-failure-log, autofix, maybe-label, test, web-lint-and-test, connected-tests
2026-04-24T03:43:29.5196524Z Checks in_progress: connected-tests
2026-04-24T03:43:29.5196914Z Checks after Regexp filter:
2026-04-24T03:43:29.5198088Z Checks completed: capture-failure-log / capture, firebase-distribute, lint-and-test, capture-failure-log, capture-failure-log, e2e, capture-failure-log, autofix, maybe-label, test, web-lint-and-test, connected-tests
2026-04-24T03:43:29.5198921Z Checks in_progress: connected-tests
2026-04-24T03:43:29.5199271Z The requested checks aren't complete yet, will check back in 30 seconds...
2026-04-24T03:43:29.5199631Z Checks running on ref:
2026-04-24T03:43:29.5200416Z Checks completed: capture-failure-log / capture, firebase-distribute, lint-and-test, capture-failure-log, capture-failure-log, e2e, capture-failure-log, autofix, maybe-label, test, web-lint-and-test, connected-tests
2026-04-24T03:43:29.5201240Z Checks in_progress: connected-tests, Auto-merge
2026-04-24T03:43:29.5202042Z Checks after ignore checks filter:
2026-04-24T03:43:29.5202839Z Checks completed: capture-failure-log / capture, firebase-distribute, lint-and-test, capture-failure-log, capture-failure-log, e2e, capture-failure-log, autofix, maybe-label, test, web-lint-and-test, connected-tests
2026-04-24T03:43:29.5203645Z Checks in_progress: connected-tests
2026-04-24T03:43:29.5204257Z Checks after check_name filter:
2026-04-24T03:43:29.5205028Z Checks completed: capture-failure-log / capture, firebase-distribute, lint-and-test, capture-failure-log, capture-failure-log, e2e, capture-failure-log, autofix, maybe-label, test, web-lint-and-test, connected-tests
2026-04-24T03:43:29.5205820Z Checks in_progress: connected-tests
2026-04-24T03:43:29.5206046Z Checks after Regexp filter:
2026-04-24T03:43:29.5206796Z Checks completed: capture-failure-log / capture, firebase-distribute, lint-and-test, capture-failure-log, capture-failure-log, e2e, capture-failure-log, autofix, maybe-label, test, web-lint-and-test, connected-tests
2026-04-24T03:43:29.5207584Z Checks in_progress: connected-tests
2026-04-24T03:43:29.5207904Z The requested checks aren't complete yet, will check back in 30 seconds...
2026-04-24T03:43:29.5208244Z Checks running on ref:
2026-04-24T03:43:29.5208985Z Checks completed: capture-failure-log / capture, firebase-distribute, lint-and-test, capture-failure-log, capture-failure-log, e2e, capture-failure-log, autofix, maybe-label, test, web-lint-and-test, connected-tests
2026-04-24T03:43:29.5209799Z Checks in_progress: connected-tests, Auto-merge
2026-04-24T03:43:29.5210067Z Checks after ignore checks filter:
2026-04-24T03:43:29.5210836Z Checks completed: capture-failure-log / capture, firebase-distribute, lint-and-test, capture-failure-log, capture-failure-log, e2e, capture-failure-log, autofix, maybe-label, test, web-lint-and-test, connected-tests
2026-04-24T03:43:29.5211643Z Checks in_progress: connected-tests
2026-04-24T03:43:29.5211879Z Checks after check_name filter:
2026-04-24T03:43:29.5212685Z Checks completed: capture-failure-log / capture, firebase-distribute, lint-and-test, capture-failure-log, capture-failure-log, e2e, capture-failure-log, autofix, maybe-label, test, web-lint-and-test, connected-tests
2026-04-24T03:43:29.5213479Z Checks in_progress: connected-tests
2026-04-24T03:43:29.5213709Z Checks after Regexp filter:
2026-04-24T03:43:29.5214603Z Checks completed: capture-failure-log / capture, firebase-distribute, lint-and-test, capture-failure-log, capture-failure-log, e2e, capture-failure-log, autofix, maybe-label, test, web-lint-and-test, connected-tests
2026-04-24T03:43:29.5215394Z Checks in_progress: connected-tests
2026-04-24T03:43:29.5215719Z The requested checks aren't complete yet, will check back in 30 seconds...
2026-04-24T03:43:29.5216063Z Checks running on ref:
2026-04-24T03:43:29.5216795Z Checks completed: capture-failure-log / capture, firebase-distribute, lint-and-test, capture-failure-log, capture-failure-log, e2e, capture-failure-log, autofix, maybe-label, test, web-lint-and-test, connected-tests
2026-04-24T03:43:29.5217611Z Checks in_progress: connected-tests, Auto-merge
2026-04-24T03:43:29.5217878Z Checks after ignore checks filter:
2026-04-24T03:43:29.5218648Z Checks completed: capture-failure-log / capture, firebase-distribute, lint-and-test, capture-failure-log, capture-failure-log, e2e, capture-failure-log, autofix, maybe-label, test, web-lint-and-test, connected-tests
2026-04-24T03:43:29.5219429Z Checks in_progress: connected-tests
2026-04-24T03:43:29.5219650Z Checks after check_name filter:
2026-04-24T03:43:29.5220396Z Checks completed: capture-failure-log / capture, firebase-distribute, lint-and-test, capture-failure-log, capture-failure-log, e2e, capture-failure-log, autofix, maybe-label, test, web-lint-and-test, connected-tests
2026-04-24T03:43:29.5221165Z Checks in_progress: connected-tests
2026-04-24T03:43:29.5221389Z Checks after Regexp filter:
2026-04-24T03:43:29.5222126Z Checks completed: capture-failure-log / capture, firebase-distribute, lint-and-test, capture-failure-log, capture-failure-log, e2e, capture-failure-log, autofix, maybe-label, test, web-lint-and-test, connected-tests
2026-04-24T03:43:29.5223271Z Checks in_progress: connected-tests
2026-04-24T03:43:29.5223589Z The requested checks aren't complete yet, will check back in 30 seconds...
2026-04-24T03:43:29.5224015Z Checks running on ref:
2026-04-24T03:43:29.5224866Z Checks completed: capture-failure-log / capture, firebase-distribute, lint-and-test, capture-failure-log, capture-failure-log, e2e, capture-failure-log, autofix, maybe-label, test, web-lint-and-test, connected-tests
2026-04-24T03:43:29.5225674Z Checks in_progress: connected-tests, Auto-merge
2026-04-24T03:43:29.5225945Z Checks after ignore checks filter:
2026-04-24T03:43:29.5226732Z Checks completed: capture-failure-log / capture, firebase-distribute, lint-and-test, capture-failure-log, capture-failure-log, e2e, capture-failure-log, autofix, maybe-label, test, web-lint-and-test, connected-tests
2026-04-24T03:43:29.5227531Z Checks in_progress: connected-tests
2026-04-24T03:43:29.5227783Z Checks after check_name filter:
2026-04-24T03:43:29.5228542Z Checks completed: capture-failure-log / capture, firebase-distribute, lint-and-test, capture-failure-log, capture-failure-log, e2e, capture-failure-log, autofix, maybe-label, test, web-lint-and-test, connected-tests
2026-04-24T03:43:29.5229335Z Checks in_progress: connected-tests
2026-04-24T03:43:29.5229577Z Checks after Regexp filter:
2026-04-24T03:43:29.5230319Z Checks completed: capture-failure-log / capture, firebase-distribute, lint-and-test, capture-failure-log, capture-failure-log, e2e, capture-failure-log, autofix, maybe-label, test, web-lint-and-test, connected-tests
2026-04-24T03:43:29.5231098Z Checks in_progress: connected-tests
2026-04-24T03:43:29.5231413Z The requested checks aren't complete yet, will check back in 30 seconds...
2026-04-24T03:43:29.5231755Z Checks running on ref:
2026-04-24T03:43:29.5232482Z Checks completed: capture-failure-log / capture, firebase-distribute, lint-and-test, capture-failure-log, capture-failure-log, e2e, capture-failure-log, autofix, maybe-label, test, web-lint-and-test, connected-tests
2026-04-24T03:43:29.5233298Z Checks in_progress: connected-tests, Auto-merge
2026-04-24T03:43:29.5233573Z Checks after ignore checks filter:
2026-04-24T03:43:29.5253351Z Checks completed: capture-failure-log / capture, firebase-distribute, lint-and-test, capture-failure-log, capture-failure-log, e2e, capture-failure-log, autofix, maybe-label, test, web-lint-and-test, connected-tests
2026-04-24T03:43:29.5254416Z Checks in_progress: connected-tests
2026-04-24T03:43:29.5254680Z Checks after check_name filter:
2026-04-24T03:43:29.5255510Z Checks completed: capture-failure-log / capture, firebase-distribute, lint-and-test, capture-failure-log, capture-failure-log, e2e, capture-failure-log, autofix, maybe-label, test, web-lint-and-test, connected-tests
2026-04-24T03:43:29.5256321Z Checks in_progress: connected-tests
2026-04-24T03:43:29.5256555Z Checks after Regexp filter:
2026-04-24T03:43:29.5257322Z Checks completed: capture-failure-log / capture, firebase-distribute, lint-and-test, capture-failure-log, capture-failure-log, e2e, capture-failure-log, autofix, maybe-label, test, web-lint-and-test, connected-tests
2026-04-24T03:43:29.5258112Z Checks in_progress: connected-tests
2026-04-24T03:43:29.5258446Z The requested checks aren't complete yet, will check back in 30 seconds...
2026-04-24T03:43:29.5258785Z Checks running on ref:
2026-04-24T03:43:29.5259532Z Checks completed: capture-failure-log / capture, firebase-distribute, lint-and-test, capture-failure-log, capture-failure-log, e2e, capture-failure-log, autofix, maybe-label, test, web-lint-and-test, connected-tests
2026-04-24T03:43:29.5260342Z Checks in_progress: connected-tests, Auto-merge
2026-04-24T03:43:29.5260618Z Checks after ignore checks filter:
2026-04-24T03:43:29.5261386Z Checks completed: capture-failure-log / capture, firebase-distribute, lint-and-test, capture-failure-log, capture-failure-log, e2e, capture-failure-log, autofix, maybe-label, test, web-lint-and-test, connected-tests
2026-04-24T03:43:29.5262385Z Checks in_progress: connected-tests
2026-04-24T03:43:29.5262613Z Checks after check_name filter:
2026-04-24T03:43:29.5263479Z Checks completed: capture-failure-log / capture, firebase-distribute, lint-and-test, capture-failure-log, capture-failure-log, e2e, capture-failure-log, autofix, maybe-label, test, web-lint-and-test, connected-tests
2026-04-24T03:43:29.5264370Z Checks in_progress: connected-tests
2026-04-24T03:43:29.5264597Z Checks after Regexp filter:
2026-04-24T03:43:29.5265349Z Checks completed: capture-failure-log / capture, firebase-distribute, lint-and-test, capture-failure-log, capture-failure-log, e2e, capture-failure-log, autofix, maybe-label, test, web-lint-and-test, connected-tests
2026-04-24T03:43:29.5266140Z Checks in_progress: connected-tests
2026-04-24T03:43:29.5266466Z The requested checks aren't complete yet, will check back in 30 seconds...
2026-04-24T03:43:29.5266802Z Checks running on ref:
2026-04-24T03:43:29.5267545Z Checks completed: capture-failure-log / capture, firebase-distribute, lint-and-test, capture-failure-log, capture-failure-log, e2e, capture-failure-log, autofix, maybe-label, test, web-lint-and-test, connected-tests
2026-04-24T03:43:29.5268354Z Checks in_progress: connected-tests, Auto-merge
2026-04-24T03:43:29.5268625Z Checks after ignore checks filter:
2026-04-24T03:46:01.6230730Z Checks completed: capture-failure-log / capture, firebase-distribute, lint-and-test, capture-failure-log, capture-failure-log, e2e, capture-failure-log, autofix, maybe-label, test, web-lint-and-test, connected-tests
2026-04-24T03:46:01.6232067Z Checks in_progress: connected-tests
2026-04-24T03:46:01.6232701Z Checks after check_name filter:
2026-04-24T03:46:01.6233828Z Checks completed: capture-failure-log / capture, firebase-distribute, lint-and-test, capture-failure-log, capture-failure-log, e2e, capture-failure-log, autofix, maybe-label, test, web-lint-and-test, connected-tests
2026-04-24T03:46:01.6235152Z Checks in_progress: connected-tests
2026-04-24T03:46:01.6235392Z Checks after Regexp filter:
2026-04-24T03:46:01.6236167Z Checks completed: capture-failure-log / capture, firebase-distribute, lint-and-test, capture-failure-log, capture-failure-log, e2e, capture-failure-log, autofix, maybe-label, test, web-lint-and-test, connected-tests
2026-04-24T03:46:01.6236962Z Checks in_progress: connected-tests
2026-04-24T03:46:01.6237302Z The requested checks aren't complete yet, will check back in 30 seconds...
2026-04-24T03:46:01.6237650Z Checks running on ref:
2026-04-24T03:46:01.6238388Z Checks completed: capture-failure-log / capture, firebase-distribute, lint-and-test, capture-failure-log, capture-failure-log, e2e, capture-failure-log, autofix, maybe-label, test, web-lint-and-test, connected-tests
2026-04-24T03:46:01.6239203Z Checks in_progress: connected-tests, Auto-merge
2026-04-24T03:46:01.6239488Z Checks after ignore checks filter:
2026-04-24T03:46:01.6240292Z Checks completed: capture-failure-log / capture, firebase-distribute, lint-and-test, capture-failure-log, capture-failure-log, e2e, capture-failure-log, autofix, maybe-label, test, web-lint-and-test, connected-tests
2026-04-24T03:46:01.6241098Z Checks in_progress: connected-tests
2026-04-24T03:46:01.6241333Z Checks after check_name filter:
2026-04-24T03:46:01.6242102Z Checks completed: capture-failure-log / capture, firebase-distribute, lint-and-test, capture-failure-log, capture-failure-log, e2e, capture-failure-log, autofix, maybe-label, test, web-lint-and-test, connected-tests
2026-04-24T03:46:01.6242900Z Checks in_progress: connected-tests
2026-04-24T03:46:01.6243130Z Checks after Regexp filter:
2026-04-24T03:46:01.6244086Z Checks completed: capture-failure-log / capture, firebase-distribute, lint-and-test, capture-failure-log, capture-failure-log, e2e, capture-failure-log, autofix, maybe-label, test, web-lint-and-test, connected-tests
2026-04-24T03:46:01.6244944Z Checks in_progress: connected-tests
2026-04-24T03:46:01.6245301Z The requested checks aren't complete yet, will check back in 30 seconds...
2026-04-24T03:46:01.6246049Z Checks running on ref:
2026-04-24T03:46:01.6246819Z Checks completed: capture-failure-log / capture, firebase-distribute, lint-and-test, capture-failure-log, capture-failure-log, e2e, capture-failure-log, autofix, maybe-label, test, web-lint-and-test, connected-tests
2026-04-24T03:46:01.6247816Z Checks in_progress: connected-tests, Auto-merge
2026-04-24T03:46:01.6248092Z Checks after ignore checks filter:
2026-04-24T03:46:01.6248864Z Checks completed: capture-failure-log / capture, firebase-distribute, lint-and-test, capture-failure-log, capture-failure-log, e2e, capture-failure-log, autofix, maybe-label, test, web-lint-and-test, connected-tests
2026-04-24T03:46:01.6249650Z Checks in_progress: connected-tests
2026-04-24T03:46:01.6249885Z Checks after check_name filter:
2026-04-24T03:46:01.6250647Z Checks completed: capture-failure-log / capture, firebase-distribute, lint-and-test, capture-failure-log, capture-failure-log, e2e, capture-failure-log, autofix, maybe-label, test, web-lint-and-test, connected-tests
2026-04-24T03:46:01.6251433Z Checks in_progress: connected-tests
2026-04-24T03:46:01.6251662Z Checks after Regexp filter:
2026-04-24T03:46:01.6252402Z Checks completed: capture-failure-log / capture, firebase-distribute, lint-and-test, capture-failure-log, capture-failure-log, e2e, capture-failure-log, autofix, maybe-label, test, web-lint-and-test, connected-tests
2026-04-24T03:46:01.6253179Z Checks in_progress: connected-tests
2026-04-24T03:46:01.6253500Z The requested checks aren't complete yet, will check back in 30 seconds...
2026-04-24T03:46:01.6253830Z Checks running on ref:
2026-04-24T03:46:01.6254758Z Checks completed: capture-failure-log / capture, firebase-distribute, lint-and-test, capture-failure-log, capture-failure-log, e2e, capture-failure-log, autofix, maybe-label, test, web-lint-and-test, connected-tests
2026-04-24T03:46:01.6255577Z Checks in_progress: connected-tests, Auto-merge
2026-04-24T03:46:01.6255858Z Checks after ignore checks filter:
2026-04-24T03:46:01.6256617Z Checks completed: capture-failure-log / capture, firebase-distribute, lint-and-test, capture-failure-log, capture-failure-log, e2e, capture-failure-log, autofix, maybe-label, test, web-lint-and-test, connected-tests
2026-04-24T03:46:01.6257399Z Checks in_progress: connected-tests
2026-04-24T03:46:01.6257628Z Checks after check_name filter:
2026-04-24T03:46:01.6258391Z Checks completed: capture-failure-log / capture, firebase-distribute, lint-and-test, capture-failure-log, capture-failure-log, e2e, capture-failure-log, autofix, maybe-label, test, web-lint-and-test, connected-tests
2026-04-24T03:46:01.6259202Z Checks in_progress: connected-tests
2026-04-24T03:46:01.6259433Z Checks after Regexp filter:
2026-04-24T03:46:01.6260186Z Checks completed: capture-failure-log / capture, firebase-distribute, lint-and-test, capture-failure-log, capture-failure-log, e2e, capture-failure-log, autofix, maybe-label, test, web-lint-and-test, connected-tests
2026-04-24T03:46:01.6260972Z Checks in_progress: connected-tests
2026-04-24T03:46:01.6261297Z The requested checks aren't complete yet, will check back in 30 seconds...
2026-04-24T03:46:01.6261640Z Checks running on ref:
2026-04-24T03:46:01.6262379Z Checks completed: capture-failure-log / capture, firebase-distribute, lint-and-test, capture-failure-log, capture-failure-log, e2e, capture-failure-log, autofix, maybe-label, test, web-lint-and-test, connected-tests
2026-04-24T03:46:01.6263186Z Checks in_progress: connected-tests, Auto-merge
2026-04-24T03:46:01.6263450Z Checks after ignore checks filter:
2026-04-24T03:46:01.6264386Z Checks completed: capture-failure-log / capture, firebase-distribute, lint-and-test, capture-failure-log, capture-failure-log, e2e, capture-failure-log, autofix, maybe-label, test, web-lint-and-test, connected-tests
2026-04-24T03:46:01.6265191Z Checks in_progress: connected-tests
2026-04-24T03:46:01.6265425Z Checks after check_name filter:
2026-04-24T03:46:01.6266197Z Checks completed: capture-failure-log / capture, firebase-distribute, lint-and-test, capture-failure-log, capture-failure-log, e2e, capture-failure-log, autofix, maybe-label, test, web-lint-and-test, connected-tests
2026-04-24T03:46:01.6267155Z Checks in_progress: connected-tests
2026-04-24T03:46:01.6267388Z Checks after Regexp filter:
2026-04-24T03:46:01.6268250Z Checks completed: capture-failure-log / capture, firebase-distribute, lint-and-test, capture-failure-log, capture-failure-log, e2e, capture-failure-log, autofix, maybe-label, test, web-lint-and-test, connected-tests
2026-04-24T03:46:01.6269048Z Checks in_progress: connected-tests
2026-04-24T03:46:01.6269371Z The requested checks aren't complete yet, will check back in 30 seconds...
2026-04-24T03:46:01.6269705Z Checks running on ref:
2026-04-24T03:46:01.6270585Z Checks completed: capture-failure-log, capture-failure-log / capture, firebase-distribute, lint-and-test, capture-failure-log, capture-failure-log, e2e, connected-tests, capture-failure-log, autofix, maybe-label, test, web-lint-and-test, connected-tests
2026-04-24T03:46:01.6271638Z Checks in_progress: Auto-merge
2026-04-24T03:46:01.6271858Z Checks after ignore checks filter:
2026-04-24T03:46:01.6272767Z Checks completed: capture-failure-log, capture-failure-log / capture, firebase-distribute, lint-and-test, capture-failure-log, capture-failure-log, e2e, connected-tests, capture-failure-log, autofix, maybe-label, test, web-lint-and-test, connected-tests
2026-04-24T03:46:01.6273672Z Checks after check_name filter:
2026-04-24T03:46:01.6274825Z Checks completed: capture-failure-log, capture-failure-log / capture, firebase-distribute, lint-and-test, capture-failure-log, capture-failure-log, e2e, connected-tests, capture-failure-log, autofix, maybe-label, test, web-lint-and-test, connected-tests
2026-04-24T03:46:01.6275959Z Checks after Regexp filter:
2026-04-24T03:46:01.6277050Z Checks completed: capture-failure-log, capture-failure-log / capture, firebase-distribute, lint-and-test, capture-failure-log, capture-failure-log, e2e, connected-tests, capture-failure-log, autofix, maybe-label, test, web-lint-and-test, connected-tests
2026-04-24T03:46:01.6278180Z Checks completed:
2026-04-24T03:46:01.6278440Z capture-failure-log: completed (skipped)
2026-04-24T03:46:01.6278809Z capture-failure-log / capture: completed (success)
2026-04-24T03:46:01.6279192Z firebase-distribute: completed (skipped)
2026-04-24T03:46:01.6279504Z lint-and-test: completed (success)
2026-04-24T03:46:01.6279803Z capture-failure-log: completed (skipped)
2026-04-24T03:46:01.6280103Z capture-failure-log: completed (skipped)
2026-04-24T03:46:01.6280420Z e2e: completed (success)
2026-04-24T03:46:01.6280664Z connected-tests: completed (cancelled)
2026-04-24T03:46:01.6280998Z capture-failure-log: completed (skipped)
2026-04-24T03:46:01.6281292Z autofix: completed (failure)
2026-04-24T03:46:01.6281570Z maybe-label: completed (success)
2026-04-24T03:46:01.6281851Z test: completed (success)
2026-04-24T03:46:01.6282125Z web-lint-and-test: completed (success)
2026-04-24T03:46:01.6282439Z connected-tests: completed (cancelled)
2026-04-24T03:46:01.6283228Z The conclusion of one or more checks were not allowed. Allowed conclusions are: success, skipped, neutral. This can be configured with the 'allowed-conclusions' param.
2026-04-24T03:46:01.6372095Z ##[error]Process completed with exit code 1.
2026-04-24T03:46:01.6495534Z Post job cleanup.
2026-04-24T03:46:01.6553528Z Cleaning up orphan processes
2026-04-24T03:46:01.6827886Z ##[warning]Node.js 20 actions are deprecated. The following actions are running on Node.js 20 and may not work as expected: actions/cache@v4. Actions will be forced to run with Node.js 24 by default starting June 2nd, 2026. Node.js 20 will be removed from the runner on September 16th, 2026. Please check if updated versions of these actions are available that support Node.js 24. To opt into Node.js 24 now, set the FORCE_JAVASCRIPT_ACTIONS_TO_NODE24=true environment variable on the runner or in your workflow file. Once Node.js 24 becomes the default, you can temporarily opt out by setting ACTIONS_ALLOW_USE_UNSECURE_NODE_VERSION=true. For more information see: https://github.blog/changelog/2025-09-19-deprecation-of-node-20-on-github-actions-runners/
