=== CI FAILURE ===
Workflow:      Auto-merge & Release
Workflow file: akarlin3/prismTask/.github/workflows/auto-merge.yml@refs/pull/693/merge
Job(s):        Auto-merge
Run ID:        24816244057
Run attempt:   1
Run URL:       https://github.com/akarlin3/prismTask/actions/runs/24816244057
Commit:        d8053d8f25f1270d1c840ec0790f5a51a668160c
Branch:        693/merge
Event:         pull_request
Actor:         akarlin3
Runner OS:     Linux
Timestamp:     2026-04-23T04:12:15.242Z

Failed steps:
  - Auto-merge: #3 Wait for all other CI checks to pass

=== FAILED JOB LOG ===

--- Job: Auto-merge (id 72631157043) ---
2026-04-23T04:10:32.3879297Z Current runner version: '2.333.1'
2026-04-23T04:10:32.3904380Z ##[group]Runner Image Provisioner
2026-04-23T04:10:32.3905209Z Hosted Compute Agent
2026-04-23T04:10:32.3905769Z Version: 20260213.493
2026-04-23T04:10:32.3906372Z Commit: 5c115507f6dd24b8de37d8bbe0bb4509d0cc0fa3
2026-04-23T04:10:32.3907162Z Build Date: 2026-02-13T00:28:41Z
2026-04-23T04:10:32.3907786Z Worker ID: {8087e3f0-8133-46b8-b723-e716ab9ff989}
2026-04-23T04:10:32.3908472Z Azure Region: eastus
2026-04-23T04:10:32.3909101Z ##[endgroup]
2026-04-23T04:10:32.3910418Z ##[group]Operating System
2026-04-23T04:10:32.3911083Z Ubuntu
2026-04-23T04:10:32.3911616Z 24.04.4
2026-04-23T04:10:32.3912106Z LTS
2026-04-23T04:10:32.3912540Z ##[endgroup]
2026-04-23T04:10:32.3913101Z ##[group]Runner Image
2026-04-23T04:10:32.3913610Z Image: ubuntu-24.04
2026-04-23T04:10:32.3914548Z Version: 20260413.86.1
2026-04-23T04:10:32.3915842Z Included Software: https://github.com/actions/runner-images/blob/ubuntu24/20260413.86/images/ubuntu/Ubuntu2404-Readme.md
2026-04-23T04:10:32.3917308Z Image Release: https://github.com/actions/runner-images/releases/tag/ubuntu24%2F20260413.86
2026-04-23T04:10:32.3918252Z ##[endgroup]
2026-04-23T04:10:32.3919553Z ##[group]GITHUB_TOKEN Permissions
2026-04-23T04:10:32.3921842Z Actions: read
2026-04-23T04:10:32.3922422Z Checks: read
2026-04-23T04:10:32.3922894Z Contents: write
2026-04-23T04:10:32.3923451Z Metadata: read
2026-04-23T04:10:32.3924137Z PullRequests: write
2026-04-23T04:10:32.3924717Z ##[endgroup]
2026-04-23T04:10:32.3927182Z Secret source: Actions
2026-04-23T04:10:32.3928228Z Prepare workflow directory
2026-04-23T04:10:32.4309869Z Prepare all required actions
2026-04-23T04:10:32.4347552Z Getting action download info
2026-04-23T04:10:32.7351832Z Download action repository 'lewagon/wait-on-check-action@ccfb013c15c8afb7bf2b7c028fb74dc5a068cccc' (SHA:ccfb013c15c8afb7bf2b7c028fb74dc5a068cccc)
2026-04-23T04:10:33.0802811Z Getting action download info
2026-04-23T04:10:33.2068858Z Download action repository 'ruby/setup-ruby@v1' (SHA:0cb964fd540e0a24c900370abf38a33466142735)
2026-04-23T04:10:33.3908648Z Download action repository 'actions/cache@v4' (SHA:0057852bfaa89a56745cba8c7296529d2fc39830)
2026-04-23T04:10:33.5294822Z Complete job name: Auto-merge
2026-04-23T04:10:33.5911944Z ##[group]Run set -euo pipefail
2026-04-23T04:10:33.5912667Z [36;1mset -euo pipefail[0m
2026-04-23T04:10:33.5913423Z [36;1m# Give GitHub a short grace period to schedule workflow runs for[0m
2026-04-23T04:10:33.5914612Z [36;1m# the head commit. Paths-filtered workflows (android/backend/web CI)[0m
2026-04-23T04:10:33.5915569Z [36;1m# won't run for doc-only or cross-cutting config PRs, so the[0m
2026-04-23T04:10:33.5916818Z [36;1m# wait-on-check-action step below would otherwise hang waiting for[0m
2026-04-23T04:10:33.5918000Z [36;1m# checks that will never appear.[0m
2026-04-23T04:10:33.5918806Z [36;1msleep 20[0m
2026-04-23T04:10:33.5919552Z [36;1mCOUNT=$(gh api "repos/$REPO/commits/$HEAD_SHA/check-runs" \[0m
2026-04-23T04:10:33.5920454Z [36;1m  --jq '[.check_runs[] | select(.name != "Auto-merge")] | length')[0m
2026-04-23T04:10:33.5921327Z [36;1mecho "Non-Auto-merge check runs on head: $COUNT"[0m
2026-04-23T04:10:33.5922049Z [36;1mif [ "$COUNT" -gt 0 ]; then[0m
2026-04-23T04:10:33.5922667Z [36;1m  echo "has_ci=true" >> "$GITHUB_OUTPUT"[0m
2026-04-23T04:10:33.5923280Z [36;1melse[0m
2026-04-23T04:10:33.5923893Z [36;1m  echo "has_ci=false" >> "$GITHUB_OUTPUT"[0m
2026-04-23T04:10:33.5924667Z [36;1m  echo "No CI checks on this PR — will merge without waiting."[0m
2026-04-23T04:10:33.5925379Z [36;1mfi[0m
2026-04-23T04:10:33.5952128Z shell: /usr/bin/bash -e {0}
2026-04-23T04:10:33.5952911Z env:
2026-04-23T04:10:33.5953357Z   WAIT_INTERVAL: 30
2026-04-23T04:10:33.5954308Z   GH_TOKEN: ***
2026-04-23T04:10:33.5954869Z   HEAD_SHA: 7e0b727ad5d8a7d2ee5d5da94168b0b212b0d97c
2026-04-23T04:10:33.5955522Z   REPO: akarlin3/prismTask
2026-04-23T04:10:33.5956041Z ##[endgroup]
2026-04-23T04:10:53.8726735Z Non-Auto-merge check runs on head: 2
2026-04-23T04:10:53.8955361Z ##[group]Run lewagon/wait-on-check-action@ccfb013c15c8afb7bf2b7c028fb74dc5a068cccc
2026-04-23T04:10:53.8955863Z with:
2026-04-23T04:10:53.8956146Z   ref: 7e0b727ad5d8a7d2ee5d5da94168b0b212b0d97c
2026-04-23T04:10:53.8956531Z   running-workflow-name: Auto-merge
2026-04-23T04:10:53.8957317Z   repo-token: ***
2026-04-23T04:10:53.8957568Z   wait-interval: 30
2026-04-23T04:10:53.8957852Z   allowed-conclusions: success,skipped
2026-04-23T04:10:53.8958140Z   verbose: true
2026-04-23T04:10:53.8958480Z env:
2026-04-23T04:10:53.8958685Z   WAIT_INTERVAL: 30
2026-04-23T04:10:53.8958917Z ##[endgroup]
2026-04-23T04:10:53.9099183Z ##[group]Run ruby/setup-ruby@v1
2026-04-23T04:10:53.9099510Z with:
2026-04-23T04:10:53.9099749Z   ruby-version: 3.2
2026-04-23T04:10:53.9100043Z   bundler-cache: false
2026-04-23T04:10:53.9100446Z   token: ***
2026-04-23T04:10:53.9100663Z env:
2026-04-23T04:10:53.9100877Z   WAIT_INTERVAL: 30
2026-04-23T04:10:53.9101106Z ##[endgroup]
2026-04-23T04:10:54.0547764Z ##[group]Modifying PATH
2026-04-23T04:10:54.0548341Z Entries added to PATH to use selected Ruby:
2026-04-23T04:10:54.0549431Z   /opt/hostedtoolcache/Ruby/3.2.11/x64/bin
2026-04-23T04:10:54.0554113Z ##[endgroup]
2026-04-23T04:10:54.0554890Z ##[group]Print Ruby version
2026-04-23T04:10:54.0742884Z [command]/opt/hostedtoolcache/Ruby/3.2.11/x64/bin/ruby --version
2026-04-23T04:10:54.3536315Z ruby 3.2.11 (2026-03-27 revision 5483bfc1ae) [x86_64-linux]
2026-04-23T04:10:54.3572011Z Took   0.30 seconds
2026-04-23T04:10:54.3572972Z ##[endgroup]
2026-04-23T04:10:54.3574403Z ##[group]Installing Bundler
2026-04-23T04:10:54.3580520Z Using Bundler shipped with ruby-3.2.11
2026-04-23T04:10:54.3581767Z Took   0.00 seconds
2026-04-23T04:10:54.3583170Z ##[endgroup]
2026-04-23T04:10:54.4243386Z ##[group]Run actions/cache@v4
2026-04-23T04:10:54.4243925Z with:
2026-04-23T04:10:54.4244453Z   path: /home/runner/work/_actions/lewagon/wait-on-check-action/ccfb013c15c8afb7bf2b7c028fb74dc5a068cccc
2026-04-23T04:10:54.4244957Z   key: Linux-gems-
2026-04-23T04:10:54.4245179Z   restore-keys: Linux-gems-
2026-04-23T04:10:54.4245414Z   enableCrossOsArchive: false
2026-04-23T04:10:54.4245639Z   fail-on-cache-miss: false
2026-04-23T04:10:54.4245852Z   lookup-only: false
2026-04-23T04:10:54.4246045Z   save-always: false
2026-04-23T04:10:54.4246228Z env:
2026-04-23T04:10:54.4246387Z   WAIT_INTERVAL: 30
2026-04-23T04:10:54.4246573Z ##[endgroup]
2026-04-23T04:10:54.6334778Z Cache not found for input keys: Linux-gems-, Linux-gems-
2026-04-23T04:10:54.6409419Z ##[group]Run bundle install --jobs 4 --retry 3
2026-04-23T04:10:54.6409760Z [36;1mbundle install --jobs 4 --retry 3[0m
2026-04-23T04:10:54.6435592Z shell: /usr/bin/bash --noprofile --norc -e -o pipefail {0}
2026-04-23T04:10:54.6435921Z env:
2026-04-23T04:10:54.6436106Z   WAIT_INTERVAL: 30
2026-04-23T04:10:54.6436292Z ##[endgroup]
2026-04-23T04:10:55.3192055Z Bundler 2.4.19 is running, but your lockfile was generated with 2.2.3. Installing Bundler 2.2.3 and restarting using that version.
2026-04-23T04:10:56.7226578Z Fetching gem metadata from https://rubygems.org/.
2026-04-23T04:10:56.7304315Z Fetching bundler 2.2.3
2026-04-23T04:10:56.8528424Z Installing bundler 2.2.3
2026-04-23T04:10:57.0762677Z Calling `DidYouMean::SPELL_CHECKERS.merge!(error_name => spell_checker)' has been deprecated. Please call `DidYouMean.correct_error(error_name, spell_checker)' instead.
2026-04-23T04:10:58.3514804Z Fetching gem metadata from https://rubygems.org/.........
2026-04-23T04:10:58.3610553Z Fetching zeitwerk 2.6.7
2026-04-23T04:10:58.3677220Z Fetching minitest 5.18.0
2026-04-23T04:10:58.3892260Z Fetching concurrent-ruby 1.2.2
2026-04-23T04:10:58.4309819Z Fetching public_suffix 4.0.7
2026-04-23T04:10:58.4726697Z Installing zeitwerk 2.6.7
2026-04-23T04:10:58.4936695Z Installing public_suffix 4.0.7
2026-04-23T04:10:58.4965645Z Installing minitest 5.18.0
2026-04-23T04:10:58.5389226Z Installing concurrent-ruby 1.2.2
2026-04-23T04:10:58.5393037Z Fetching ast 2.4.2
2026-04-23T04:10:58.5774296Z Installing ast 2.4.2
2026-04-23T04:10:58.5881046Z Using bundler 2.2.3
2026-04-23T04:10:58.5897054Z Fetching byebug 11.1.3
2026-04-23T04:10:58.6138619Z Fetching diff-lcs 1.4.4
2026-04-23T04:10:58.6500951Z Fetching faraday-net_http 2.0.3
2026-04-23T04:10:58.6812041Z Installing byebug 11.1.3 with native extensions
2026-04-23T04:10:58.6830963Z Installing diff-lcs 1.4.4
2026-04-23T04:10:58.7034957Z Installing faraday-net_http 2.0.3
2026-04-23T04:10:58.7172793Z Using ruby2_keywords 0.0.5
2026-04-23T04:10:58.7182350Z Fetching json 2.7.1
2026-04-23T04:10:58.7642956Z Installing json 2.7.1 with native extensions
2026-04-23T04:10:58.7903297Z Fetching language_server-protocol 3.17.0.3
2026-04-23T04:10:58.8372801Z Installing language_server-protocol 3.17.0.3
2026-04-23T04:10:58.9165018Z Fetching lint_roller 1.1.0
2026-04-23T04:10:58.9675111Z Installing lint_roller 1.1.0
2026-04-23T04:10:58.9840345Z Fetching parallel 1.24.0
2026-04-23T04:10:59.0301275Z Installing parallel 1.24.0
2026-04-23T04:10:59.0393467Z Fetching racc 1.7.3
2026-04-23T04:10:59.0880563Z Installing racc 1.7.3 with native extensions
2026-04-23T04:10:59.1281541Z Fetching rainbow 3.1.1
2026-04-23T04:10:59.1716696Z Installing rainbow 3.1.1
2026-04-23T04:10:59.1816891Z Fetching regexp_parser 2.8.3
2026-04-23T04:10:59.2187486Z Installing regexp_parser 2.8.3
2026-04-23T04:10:59.3299359Z Fetching rexml 3.2.6
2026-04-23T04:10:59.3703210Z Installing rexml 3.2.6
2026-04-23T04:10:59.3916966Z Fetching rspec-support 3.10.1
2026-04-23T04:10:59.4280523Z Installing rspec-support 3.10.1
2026-04-23T04:10:59.4420368Z Fetching ruby-progressbar 1.13.0
2026-04-23T04:10:59.4860131Z Installing ruby-progressbar 1.13.0
2026-04-23T04:10:59.4957133Z Fetching unicode-display_width 2.5.0
2026-04-23T04:10:59.5311214Z Installing unicode-display_width 2.5.0
2026-04-23T04:10:59.5369052Z Fetching addressable 2.8.0
2026-04-23T04:10:59.5746126Z Installing addressable 2.8.0
2026-04-23T04:10:59.5963850Z Fetching faraday 2.3.0
2026-04-23T04:10:59.6584968Z Installing faraday 2.3.0
2026-04-23T04:10:59.6894605Z Fetching i18n 1.12.0
2026-04-23T04:10:59.7464859Z Installing i18n 1.12.0
2026-04-23T04:10:59.7684907Z Fetching tzinfo 2.0.6
2026-04-23T04:10:59.8235023Z Installing tzinfo 2.0.6
2026-04-23T04:10:59.8484813Z Fetching rspec-core 3.10.1
2026-04-23T04:10:59.9204801Z Installing rspec-core 3.10.1
2026-04-23T04:10:59.9574933Z Fetching rspec-expectations 3.10.1
2026-04-23T04:11:00.0055448Z Installing rspec-expectations 3.10.1
2026-04-23T04:11:00.0230701Z Fetching rspec-mocks 3.10.1
2026-04-23T04:11:00.0667517Z Installing rspec-mocks 3.10.1
2026-04-23T04:11:00.0822029Z Fetching faraday-retry 2.0.0
2026-04-23T04:11:00.1206778Z Installing faraday-retry 2.0.0
2026-04-23T04:11:00.1268029Z Fetching sawyer 0.9.2
2026-04-23T04:11:00.1621127Z Installing sawyer 0.9.2
2026-04-23T04:11:00.1703823Z Fetching activesupport 6.1.7.3
2026-04-23T04:11:00.2232864Z Installing activesupport 6.1.7.3
2026-04-23T04:11:00.2661926Z Fetching rspec 3.10.0
2026-04-23T04:11:00.3042733Z Installing rspec 3.10.0
2026-04-23T04:11:00.3155523Z Fetching octokit 4.25.0
2026-04-23T04:11:00.3581490Z Installing octokit 4.25.0
2026-04-23T04:11:00.3774884Z Fetching parser 3.2.2.4
2026-04-23T04:11:00.4595292Z Installing parser 3.2.2.4
2026-04-23T04:11:00.5404816Z Fetching rubocop-ast 1.30.0
2026-04-23T04:11:00.5736781Z Installing rubocop-ast 1.30.0
2026-04-23T04:11:02.1431290Z Fetching rubocop 1.57.2
2026-04-23T04:11:02.2232949Z Installing rubocop 1.57.2
2026-04-23T04:11:02.3649460Z Fetching rubocop-performance 1.19.1
2026-04-23T04:11:02.3650124Z Fetching standard-custom 1.0.2
2026-04-23T04:11:02.4185719Z Installing standard-custom 1.0.2
2026-04-23T04:11:02.4242762Z Installing rubocop-performance 1.19.1
2026-04-23T04:11:02.4396137Z Fetching standard-performance 1.2.1
2026-04-23T04:11:02.4729531Z Installing standard-performance 1.2.1
2026-04-23T04:11:02.4794338Z Fetching standard 1.32.1
2026-04-23T04:11:02.5138645Z Installing standard 1.32.1
2026-04-23T04:11:02.5333871Z Bundle complete! 6 Gemfile dependencies, 40 gems now installed.
2026-04-23T04:11:02.5334908Z Use `bundle info [gemname]` to see where a bundled gem is installed.
2026-04-23T04:11:02.5844947Z ##[group]Run ruby entrypoint.rb
2026-04-23T04:11:02.5845234Z [36;1mruby entrypoint.rb[0m
2026-04-23T04:11:02.5870960Z shell: /usr/bin/bash --noprofile --norc -e -o pipefail {0}
2026-04-23T04:11:02.5871285Z env:
2026-04-23T04:11:02.5871453Z   WAIT_INTERVAL: 30
2026-04-23T04:11:02.5871666Z   ALLOWED_CONCLUSIONS: success,skipped
2026-04-23T04:11:02.5871913Z   IGNORE_CHECKS: 
2026-04-23T04:11:02.5872101Z   CHECK_NAME: 
2026-04-23T04:11:02.5872283Z   CHECK_REGEXP: 
2026-04-23T04:11:02.5872496Z   REF: 7e0b727ad5d8a7d2ee5d5da94168b0b212b0d97c
2026-04-23T04:11:02.5873001Z   REPO_TOKEN: ***
2026-04-23T04:11:02.5873193Z   VERBOSE: true
2026-04-23T04:11:02.5873395Z   RUNNING_WORKFLOW_NAME: Auto-merge
2026-04-23T04:11:02.5874099Z   API_ENDPOINT: 
2026-04-23T04:11:02.5874290Z ##[endgroup]
2026-04-23T04:12:03.8202216Z Checks running on ref:
2026-04-23T04:12:03.8202838Z Checks in_progress: lint-and-test, connected-tests, Auto-merge
2026-04-23T04:12:03.8203406Z Checks completed: autofix
2026-04-23T04:12:03.8203890Z Checks after ignore checks filter:
2026-04-23T04:12:03.8204289Z Checks in_progress: lint-and-test, connected-tests
2026-04-23T04:12:03.8204771Z Checks completed: autofix
2026-04-23T04:12:03.8205093Z Checks after check_name filter:
2026-04-23T04:12:03.8205486Z Checks in_progress: lint-and-test, connected-tests
2026-04-23T04:12:03.8205917Z Checks completed: autofix
2026-04-23T04:12:03.8206246Z Checks after Regexp filter:
2026-04-23T04:12:03.8206628Z Checks in_progress: lint-and-test, connected-tests
2026-04-23T04:12:03.8207063Z Checks completed: autofix
2026-04-23T04:12:03.8207567Z The requested checks aren't complete yet, will check back in 30 seconds...
2026-04-23T04:12:03.8208132Z Checks running on ref:
2026-04-23T04:12:03.8208668Z Checks completed: firebase-distribute, lint-and-test, connected-tests, autofix
2026-04-23T04:12:03.8209372Z Checks in_progress: capture-failure-log, capture-failure-log, Auto-merge
2026-04-23T04:12:03.8209739Z Checks after ignore checks filter:
2026-04-23T04:12:03.8210086Z Checks completed: firebase-distribute, lint-and-test, connected-tests, autofix
2026-04-23T04:12:03.8210516Z Checks in_progress: capture-failure-log, capture-failure-log
2026-04-23T04:12:03.8210822Z Checks after check_name filter:
2026-04-23T04:12:03.8211155Z Checks completed: firebase-distribute, lint-and-test, connected-tests, autofix
2026-04-23T04:12:03.8211572Z Checks in_progress: capture-failure-log, capture-failure-log
2026-04-23T04:12:03.8211859Z Checks after Regexp filter:
2026-04-23T04:12:03.8212186Z Checks completed: firebase-distribute, lint-and-test, connected-tests, autofix
2026-04-23T04:12:03.8212597Z Checks in_progress: capture-failure-log, capture-failure-log
2026-04-23T04:12:03.8212994Z The requested checks aren't complete yet, will check back in 30 seconds...
2026-04-23T04:12:03.8213330Z Checks running on ref:
2026-04-23T04:12:03.8214093Z Checks completed: firebase-distribute, capture-failure-log, capture-failure-log, lint-and-test, connected-tests, autofix
2026-04-23T04:12:03.8214634Z Checks in_progress: Auto-merge
2026-04-23T04:12:03.8214874Z Checks after ignore checks filter:
2026-04-23T04:12:03.8215393Z Checks completed: firebase-distribute, capture-failure-log, capture-failure-log, lint-and-test, connected-tests, autofix
2026-04-23T04:12:03.8215902Z Checks after check_name filter:
2026-04-23T04:12:03.8216373Z Checks completed: firebase-distribute, capture-failure-log, capture-failure-log, lint-and-test, connected-tests, autofix
2026-04-23T04:12:03.8216903Z Checks after Regexp filter:
2026-04-23T04:12:03.8217476Z Checks completed: firebase-distribute, capture-failure-log, capture-failure-log, lint-and-test, connected-tests, autofix
2026-04-23T04:12:03.8217975Z Checks completed:
2026-04-23T04:12:03.8218191Z firebase-distribute: completed (skipped)
2026-04-23T04:12:03.8218459Z capture-failure-log: completed (success)
2026-04-23T04:12:03.8218709Z capture-failure-log: completed (failure)
2026-04-23T04:12:03.8219364Z lint-and-test: completed (failure)
2026-04-23T04:12:03.8219737Z connected-tests: completed (failure)
2026-04-23T04:12:03.8219985Z autofix: completed (failure)
2026-04-23T04:12:03.8220585Z The conclusion of one or more checks were not allowed. Allowed conclusions are: success, skipped. This can be configured with the 'allowed-conclusions' param.
2026-04-23T04:12:03.8288975Z ##[error]Process completed with exit code 1.
2026-04-23T04:12:03.8403397Z Post job cleanup.
2026-04-23T04:12:03.8463156Z Cleaning up orphan processes
2026-04-23T04:12:03.8733276Z ##[warning]Node.js 20 actions are deprecated. The following actions are running on Node.js 20 and may not work as expected: actions/cache@v4. Actions will be forced to run with Node.js 24 by default starting June 2nd, 2026. Node.js 20 will be removed from the runner on September 16th, 2026. Please check if updated versions of these actions are available that support Node.js 24. To opt into Node.js 24 now, set the FORCE_JAVASCRIPT_ACTIONS_TO_NODE24=true environment variable on the runner or in your workflow file. Once Node.js 24 becomes the default, you can temporarily opt out by setting ACTIONS_ALLOW_USE_UNSECURE_NODE_VERSION=true. For more information see: https://github.blog/changelog/2025-09-19-deprecation-of-node-20-on-github-actions-runners/
