=== CI FAILURE ===
Workflow:      Auto-merge & Release
Workflow file: akarlin3/prismTask/.github/workflows/auto-merge.yml@refs/pull/625/merge
Job(s):        Auto-merge
Run ID:        24761969343
Run attempt:   1
Run URL:       https://github.com/akarlin3/prismTask/actions/runs/24761969343
Commit:        e826bb0cd5a7297b594541687f70fe9c099d9db8
Branch:        625/merge
Event:         pull_request
Actor:         akarlin3
Runner OS:     Linux
Timestamp:     2026-04-22T05:40:17.353Z

Failed steps:
  - Auto-merge: #3 Wait for all other CI checks to pass

=== FAILED JOB LOG ===

--- Job: Auto-merge (id 72447531450) ---
2026-04-22T05:31:31.7536400Z Current runner version: '2.333.1'
2026-04-22T05:31:31.7559252Z ##[group]Runner Image Provisioner
2026-04-22T05:31:31.7559977Z Hosted Compute Agent
2026-04-22T05:31:31.7560562Z Version: 20260213.493
2026-04-22T05:31:31.7561144Z Commit: 5c115507f6dd24b8de37d8bbe0bb4509d0cc0fa3
2026-04-22T05:31:31.7561872Z Build Date: 2026-02-13T00:28:41Z
2026-04-22T05:31:31.7562477Z Worker ID: {ebe06d89-9c3e-4f5a-8a63-4d1c0a72602b}
2026-04-22T05:31:31.7563226Z Azure Region: northcentralus
2026-04-22T05:31:31.7564003Z ##[endgroup]
2026-04-22T05:31:31.7565349Z ##[group]Operating System
2026-04-22T05:31:31.7566037Z Ubuntu
2026-04-22T05:31:31.7566496Z 24.04.4
2026-04-22T05:31:31.7566920Z LTS
2026-04-22T05:31:31.7567387Z ##[endgroup]
2026-04-22T05:31:31.7567880Z ##[group]Runner Image
2026-04-22T05:31:31.7568392Z Image: ubuntu-24.04
2026-04-22T05:31:31.7568938Z Version: 20260413.86.1
2026-04-22T05:31:31.7570108Z Included Software: https://github.com/actions/runner-images/blob/ubuntu24/20260413.86/images/ubuntu/Ubuntu2404-Readme.md
2026-04-22T05:31:31.7571544Z Image Release: https://github.com/actions/runner-images/releases/tag/ubuntu24%2F20260413.86
2026-04-22T05:31:31.7572399Z ##[endgroup]
2026-04-22T05:31:31.7573636Z ##[group]GITHUB_TOKEN Permissions
2026-04-22T05:31:31.7576234Z Actions: read
2026-04-22T05:31:31.7576774Z Checks: read
2026-04-22T05:31:31.7577292Z Contents: write
2026-04-22T05:31:31.7577803Z Metadata: read
2026-04-22T05:31:31.7578270Z PullRequests: write
2026-04-22T05:31:31.7578815Z ##[endgroup]
2026-04-22T05:31:31.7580756Z Secret source: Actions
2026-04-22T05:31:31.7581442Z Prepare workflow directory
2026-04-22T05:31:31.8074256Z Prepare all required actions
2026-04-22T05:31:31.8129199Z Getting action download info
2026-04-22T05:31:32.1569007Z Download action repository 'lewagon/wait-on-check-action@ccfb013c15c8afb7bf2b7c028fb74dc5a068cccc' (SHA:ccfb013c15c8afb7bf2b7c028fb74dc5a068cccc)
2026-04-22T05:31:32.6130963Z Getting action download info
2026-04-22T05:31:32.7716407Z Download action repository 'ruby/setup-ruby@v1' (SHA:0cb964fd540e0a24c900370abf38a33466142735)
2026-04-22T05:31:33.1744879Z Download action repository 'actions/cache@v4' (SHA:0057852bfaa89a56745cba8c7296529d2fc39830)
2026-04-22T05:31:33.3256039Z Complete job name: Auto-merge
2026-04-22T05:31:33.3922471Z ##[group]Run set -euo pipefail
2026-04-22T05:31:33.3923627Z [36;1mset -euo pipefail[0m
2026-04-22T05:31:33.3925217Z [36;1m# Give GitHub a short grace period to schedule workflow runs for[0m
2026-04-22T05:31:33.3927132Z [36;1m# the head commit. Paths-filtered workflows (android/backend/web CI)[0m
2026-04-22T05:31:33.3928944Z [36;1m# won't run for doc-only or cross-cutting config PRs, so the[0m
2026-04-22T05:31:33.3930736Z [36;1m# wait-on-check-action step below would otherwise hang waiting for[0m
2026-04-22T05:31:33.3932305Z [36;1m# checks that will never appear.[0m
2026-04-22T05:31:33.3933414Z [36;1msleep 20[0m
2026-04-22T05:31:33.3934766Z [36;1mCOUNT=$(gh api "repos/$REPO/commits/$HEAD_SHA/check-runs" \[0m
2026-04-22T05:31:33.3936480Z [36;1m  --jq '[.check_runs[] | select(.name != "Auto-merge")] | length')[0m
2026-04-22T05:31:33.3938133Z [36;1mecho "Non-Auto-merge check runs on head: $COUNT"[0m
2026-04-22T05:31:33.3939455Z [36;1mif [ "$COUNT" -gt 0 ]; then[0m
2026-04-22T05:31:33.3940584Z [36;1m  echo "has_ci=true" >> "$GITHUB_OUTPUT"[0m
2026-04-22T05:31:33.3941721Z [36;1melse[0m
2026-04-22T05:31:33.3942627Z [36;1m  echo "has_ci=false" >> "$GITHUB_OUTPUT"[0m
2026-04-22T05:31:33.3944220Z [36;1m  echo "No CI checks on this PR — will merge without waiting."[0m
2026-04-22T05:31:33.3945591Z [36;1mfi[0m
2026-04-22T05:31:33.3971193Z shell: /usr/bin/bash -e {0}
2026-04-22T05:31:33.3972469Z env:
2026-04-22T05:31:33.3973231Z   WAIT_INTERVAL: 30
2026-04-22T05:31:33.3974706Z   GH_TOKEN: ***
2026-04-22T05:31:33.3975664Z   HEAD_SHA: 3029bcf696cd748134f0cd51cff9a8ca98f239d8
2026-04-22T05:31:33.3976880Z   REPO: akarlin3/prismTask
2026-04-22T05:31:33.3977806Z ##[endgroup]
2026-04-22T05:31:53.7200659Z Non-Auto-merge check runs on head: 1
2026-04-22T05:31:53.7424574Z ##[group]Run lewagon/wait-on-check-action@ccfb013c15c8afb7bf2b7c028fb74dc5a068cccc
2026-04-22T05:31:53.7425074Z with:
2026-04-22T05:31:53.7425324Z   ref: 3029bcf696cd748134f0cd51cff9a8ca98f239d8
2026-04-22T05:31:53.7425654Z   running-workflow-name: Auto-merge
2026-04-22T05:31:53.7426293Z   repo-token: ***
2026-04-22T05:31:53.7426525Z   wait-interval: 30
2026-04-22T05:31:53.7426772Z   allowed-conclusions: success,skipped
2026-04-22T05:31:53.7427104Z   verbose: true
2026-04-22T05:31:53.7427316Z env:
2026-04-22T05:31:53.7427505Z   WAIT_INTERVAL: 30
2026-04-22T05:31:53.7427723Z ##[endgroup]
2026-04-22T05:31:53.7563353Z ##[group]Run ruby/setup-ruby@v1
2026-04-22T05:31:53.7563654Z with:
2026-04-22T05:31:53.7564087Z   ruby-version: 3.2
2026-04-22T05:31:53.7564352Z   bundler-cache: false
2026-04-22T05:31:53.7564735Z   token: ***
2026-04-22T05:31:53.7564946Z env:
2026-04-22T05:31:53.7565148Z   WAIT_INTERVAL: 30
2026-04-22T05:31:53.7565368Z ##[endgroup]
2026-04-22T05:31:53.8881362Z ##[group]Modifying PATH
2026-04-22T05:31:53.8882080Z Entries added to PATH to use selected Ruby:
2026-04-22T05:31:53.8882777Z   /opt/hostedtoolcache/Ruby/3.2.11/x64/bin
2026-04-22T05:31:53.8888254Z ##[endgroup]
2026-04-22T05:31:53.8889058Z ##[group]Print Ruby version
2026-04-22T05:31:53.8965475Z [command]/opt/hostedtoolcache/Ruby/3.2.11/x64/bin/ruby --version
2026-04-22T05:31:54.0737117Z ruby 3.2.11 (2026-03-27 revision 5483bfc1ae) [x86_64-linux]
2026-04-22T05:31:54.0766731Z Took   0.19 seconds
2026-04-22T05:31:54.0767645Z ##[endgroup]
2026-04-22T05:31:54.0768831Z ##[group]Installing Bundler
2026-04-22T05:31:54.0772706Z Using Bundler shipped with ruby-3.2.11
2026-04-22T05:31:54.0773401Z Took   0.00 seconds
2026-04-22T05:31:54.0774532Z ##[endgroup]
2026-04-22T05:31:54.1468154Z ##[group]Run actions/cache@v4
2026-04-22T05:31:54.1468477Z with:
2026-04-22T05:31:54.1468931Z   path: /home/runner/work/_actions/lewagon/wait-on-check-action/ccfb013c15c8afb7bf2b7c028fb74dc5a068cccc
2026-04-22T05:31:54.1469452Z   key: Linux-gems-
2026-04-22T05:31:54.1469692Z   restore-keys: Linux-gems-
2026-04-22T05:31:54.1469956Z   enableCrossOsArchive: false
2026-04-22T05:31:54.1470220Z   fail-on-cache-miss: false
2026-04-22T05:31:54.1470464Z   lookup-only: false
2026-04-22T05:31:54.1470692Z   save-always: false
2026-04-22T05:31:54.1470903Z env:
2026-04-22T05:31:54.1471101Z   WAIT_INTERVAL: 30
2026-04-22T05:31:54.1471317Z ##[endgroup]
2026-04-22T05:31:54.3939807Z Cache not found for input keys: Linux-gems-, Linux-gems-
2026-04-22T05:31:54.4061302Z ##[group]Run bundle install --jobs 4 --retry 3
2026-04-22T05:31:54.4061637Z [36;1mbundle install --jobs 4 --retry 3[0m
2026-04-22T05:31:54.4085202Z shell: /usr/bin/bash --noprofile --norc -e -o pipefail {0}
2026-04-22T05:31:54.4085530Z env:
2026-04-22T05:31:54.4085701Z   WAIT_INTERVAL: 30
2026-04-22T05:31:54.4085883Z ##[endgroup]
2026-04-22T05:31:55.8155765Z Bundler 2.4.19 is running, but your lockfile was generated with 2.2.3. Installing Bundler 2.2.3 and restarting using that version.
2026-04-22T05:31:57.5789283Z Fetching gem metadata from https://rubygems.org/.
2026-04-22T05:31:57.5862707Z Fetching bundler 2.2.3
2026-04-22T05:31:57.7957624Z Installing bundler 2.2.3
2026-04-22T05:31:58.0037841Z Calling `DidYouMean::SPELL_CHECKERS.merge!(error_name => spell_checker)' has been deprecated. Please call `DidYouMean.correct_error(error_name, spell_checker)' instead.
2026-04-22T05:31:59.2318693Z Fetching gem metadata from https://rubygems.org/.........
2026-04-22T05:31:59.2413165Z Fetching public_suffix 4.0.7
2026-04-22T05:31:59.2418468Z Fetching zeitwerk 2.6.7
2026-04-22T05:31:59.2420611Z Fetching minitest 5.18.0
2026-04-22T05:31:59.2426002Z Fetching concurrent-ruby 1.2.2
2026-04-22T05:31:59.3570955Z Installing zeitwerk 2.6.7
2026-04-22T05:31:59.3741508Z Installing minitest 5.18.0
2026-04-22T05:31:59.3768141Z Installing public_suffix 4.0.7
2026-04-22T05:31:59.4227556Z Fetching ast 2.4.2
2026-04-22T05:31:59.4469246Z Installing concurrent-ruby 1.2.2
2026-04-22T05:31:59.4591836Z Installing ast 2.4.2
2026-04-22T05:31:59.4674078Z Using bundler 2.2.3
2026-04-22T05:31:59.4678972Z Fetching byebug 11.1.3
2026-04-22T05:31:59.4996607Z Fetching diff-lcs 1.4.4
2026-04-22T05:31:59.5386150Z Fetching faraday-net_http 2.0.3
2026-04-22T05:31:59.5394474Z Installing diff-lcs 1.4.4
2026-04-22T05:31:59.5646619Z Installing byebug 11.1.3 with native extensions
2026-04-22T05:31:59.5910881Z Installing faraday-net_http 2.0.3
2026-04-22T05:31:59.6081175Z Using ruby2_keywords 0.0.5
2026-04-22T05:31:59.6093419Z Fetching json 2.7.1
2026-04-22T05:31:59.6551108Z Installing json 2.7.1 with native extensions
2026-04-22T05:31:59.6687117Z Fetching language_server-protocol 3.17.0.3
2026-04-22T05:31:59.7168215Z Installing language_server-protocol 3.17.0.3
2026-04-22T05:31:59.8065614Z Fetching lint_roller 1.1.0
2026-04-22T05:31:59.8630324Z Installing lint_roller 1.1.0
2026-04-22T05:31:59.8791923Z Fetching parallel 1.24.0
2026-04-22T05:31:59.9201546Z Installing parallel 1.24.0
2026-04-22T05:31:59.9304453Z Fetching racc 1.7.3
2026-04-22T05:31:59.9856231Z Installing racc 1.7.3 with native extensions
2026-04-22T05:32:00.0223056Z Fetching rainbow 3.1.1
2026-04-22T05:32:00.0545056Z Installing rainbow 3.1.1
2026-04-22T05:32:00.0608075Z Fetching regexp_parser 2.8.3
2026-04-22T05:32:00.0972144Z Installing regexp_parser 2.8.3
2026-04-22T05:32:00.1224864Z Fetching rexml 3.2.6
2026-04-22T05:32:00.1621019Z Installing rexml 3.2.6
2026-04-22T05:32:00.2695560Z Fetching rspec-support 3.10.1
2026-04-22T05:32:00.3057392Z Installing rspec-support 3.10.1
2026-04-22T05:32:00.3182666Z Fetching ruby-progressbar 1.13.0
2026-04-22T05:32:00.3629635Z Installing ruby-progressbar 1.13.0
2026-04-22T05:32:00.3725071Z Fetching unicode-display_width 2.5.0
2026-04-22T05:32:00.4114224Z Installing unicode-display_width 2.5.0
2026-04-22T05:32:00.4173517Z Fetching addressable 2.8.0
2026-04-22T05:32:00.4610714Z Installing addressable 2.8.0
2026-04-22T05:32:00.4775113Z Fetching faraday 2.3.0
2026-04-22T05:32:00.5149846Z Installing faraday 2.3.0
2026-04-22T05:32:00.5363626Z Fetching i18n 1.12.0
2026-04-22T05:32:00.5802286Z Installing i18n 1.12.0
2026-04-22T05:32:00.6037157Z Fetching tzinfo 2.0.6
2026-04-22T05:32:00.6684942Z Installing tzinfo 2.0.6
2026-04-22T05:32:00.6915313Z Fetching rspec-core 3.10.1
2026-04-22T05:32:00.7624932Z Installing rspec-core 3.10.1
2026-04-22T05:32:00.8044776Z Fetching rspec-expectations 3.10.1
2026-04-22T05:32:00.8654800Z Installing rspec-expectations 3.10.1
2026-04-22T05:32:00.8924659Z Fetching rspec-mocks 3.10.1
2026-04-22T05:32:00.9509167Z Installing rspec-mocks 3.10.1
2026-04-22T05:32:00.9714261Z Fetching faraday-retry 2.0.0
2026-04-22T05:32:01.0085484Z Installing faraday-retry 2.0.0
2026-04-22T05:32:01.0158849Z Fetching sawyer 0.9.2
2026-04-22T05:32:01.0758251Z Installing sawyer 0.9.2
2026-04-22T05:32:01.0894517Z Fetching activesupport 6.1.7.3
2026-04-22T05:32:01.1611195Z Installing activesupport 6.1.7.3
2026-04-22T05:32:01.2530487Z Fetching rspec 3.10.0
2026-04-22T05:32:01.3089022Z Fetching octokit 4.25.0
2026-04-22T05:32:01.3537797Z Installing rspec 3.10.0
2026-04-22T05:32:01.3641709Z Fetching parser 3.2.2.4
2026-04-22T05:32:01.4136152Z Installing octokit 4.25.0
2026-04-22T05:32:01.4987798Z Installing parser 3.2.2.4
2026-04-22T05:32:01.6074082Z Fetching rubocop-ast 1.30.0
2026-04-22T05:32:01.6704839Z Installing rubocop-ast 1.30.0
2026-04-22T05:32:02.9496840Z Fetching rubocop 1.57.2
2026-04-22T05:32:03.0091218Z Installing rubocop 1.57.2
2026-04-22T05:32:03.1810641Z Fetching rubocop-performance 1.19.1
2026-04-22T05:32:03.1813722Z Fetching standard-custom 1.0.2
2026-04-22T05:32:03.2379219Z Installing standard-custom 1.0.2
2026-04-22T05:32:03.2409116Z Installing rubocop-performance 1.19.1
2026-04-22T05:32:03.2588769Z Fetching standard-performance 1.2.1
2026-04-22T05:32:03.2931253Z Installing standard-performance 1.2.1
2026-04-22T05:32:03.2998743Z Fetching standard 1.32.1
2026-04-22T05:32:03.3339756Z Installing standard 1.32.1
2026-04-22T05:32:03.3542894Z Bundle complete! 6 Gemfile dependencies, 40 gems now installed.
2026-04-22T05:32:03.3544690Z Use `bundle info [gemname]` to see where a bundled gem is installed.
2026-04-22T05:32:03.4034071Z ##[group]Run ruby entrypoint.rb
2026-04-22T05:32:03.4034370Z [36;1mruby entrypoint.rb[0m
2026-04-22T05:32:03.4055358Z shell: /usr/bin/bash --noprofile --norc -e -o pipefail {0}
2026-04-22T05:32:03.4055665Z env:
2026-04-22T05:32:03.4055820Z   WAIT_INTERVAL: 30
2026-04-22T05:32:03.4056019Z   ALLOWED_CONCLUSIONS: success,skipped
2026-04-22T05:32:03.4056252Z   IGNORE_CHECKS: 
2026-04-22T05:32:03.4056426Z   CHECK_NAME: 
2026-04-22T05:32:03.4056593Z   CHECK_REGEXP: 
2026-04-22T05:32:03.4056793Z   REF: 3029bcf696cd748134f0cd51cff9a8ca98f239d8
2026-04-22T05:32:03.4057286Z   REPO_TOKEN: ***
2026-04-22T05:32:03.4057461Z   VERBOSE: true
2026-04-22T05:32:03.4057645Z   RUNNING_WORKFLOW_NAME: Auto-merge
2026-04-22T05:32:03.4057870Z   API_ENDPOINT: 
2026-04-22T05:32:03.4058043Z ##[endgroup]
2026-04-22T05:40:08.6883376Z Checks running on ref:
2026-04-22T05:40:08.6884359Z Checks in_progress: autofix, Auto-merge
2026-04-22T05:40:08.6884833Z Checks after ignore checks filter:
2026-04-22T05:40:08.6885232Z Checks in_progress: autofix
2026-04-22T05:40:08.6885590Z Checks after check_name filter:
2026-04-22T05:40:08.6885939Z Checks in_progress: autofix
2026-04-22T05:40:08.6886271Z Checks after Regexp filter:
2026-04-22T05:40:08.6886598Z Checks in_progress: autofix
2026-04-22T05:40:08.6887113Z The requested check isn't complete yet, will check back in 30 seconds...
2026-04-22T05:40:08.6887693Z Checks running on ref:
2026-04-22T05:40:08.6888033Z Checks in_progress: autofix, Auto-merge
2026-04-22T05:40:08.6888475Z Checks after ignore checks filter:
2026-04-22T05:40:08.6888885Z Checks in_progress: autofix
2026-04-22T05:40:08.6889248Z Checks after check_name filter:
2026-04-22T05:40:08.6889606Z Checks in_progress: autofix
2026-04-22T05:40:08.6889908Z Checks after Regexp filter:
2026-04-22T05:40:08.6890233Z Checks in_progress: autofix
2026-04-22T05:40:08.6890741Z The requested check isn't complete yet, will check back in 30 seconds...
2026-04-22T05:40:08.6891507Z Checks running on ref:
2026-04-22T05:40:08.6891945Z Checks in_progress: autofix, Auto-merge
2026-04-22T05:40:08.6892509Z Checks after ignore checks filter:
2026-04-22T05:40:08.6892911Z Checks in_progress: autofix
2026-04-22T05:40:08.6893329Z Checks after check_name filter:
2026-04-22T05:40:08.6893984Z Checks in_progress: autofix
2026-04-22T05:40:08.6894366Z Checks after Regexp filter:
2026-04-22T05:40:08.6894745Z Checks in_progress: autofix
2026-04-22T05:40:08.6895356Z The requested check isn't complete yet, will check back in 30 seconds...
2026-04-22T05:40:08.6896084Z Checks running on ref:
2026-04-22T05:40:08.6896519Z Checks in_progress: lint-and-test, Auto-merge
2026-04-22T05:40:08.6897023Z Checks completed: autofix
2026-04-22T05:40:08.6897384Z Checks after ignore checks filter:
2026-04-22T05:40:08.6897794Z Checks in_progress: lint-and-test
2026-04-22T05:40:08.6898168Z Checks completed: autofix
2026-04-22T05:40:08.6898515Z Checks after check_name filter:
2026-04-22T05:40:08.6898955Z Checks in_progress: lint-and-test
2026-04-22T05:40:08.6899321Z Checks completed: autofix
2026-04-22T05:40:08.6899628Z Checks after Regexp filter:
2026-04-22T05:40:08.6899966Z Checks in_progress: lint-and-test
2026-04-22T05:40:08.6900302Z Checks completed: autofix
2026-04-22T05:40:08.6900776Z The requested checks aren't complete yet, will check back in 30 seconds...
2026-04-22T05:40:08.6901318Z Checks running on ref:
2026-04-22T05:40:08.6901649Z Checks in_progress: lint-and-test, Auto-merge
2026-04-22T05:40:08.6902045Z Checks completed: autofix
2026-04-22T05:40:08.6902362Z Checks after ignore checks filter:
2026-04-22T05:40:08.6902719Z Checks in_progress: lint-and-test
2026-04-22T05:40:08.6903058Z Checks completed: autofix
2026-04-22T05:40:08.6903442Z Checks after check_name filter:
2026-04-22T05:40:08.6903973Z Checks in_progress: lint-and-test
2026-04-22T05:40:08.6904332Z Checks completed: autofix
2026-04-22T05:40:08.6904633Z Checks after Regexp filter:
2026-04-22T05:40:08.6904958Z Checks in_progress: lint-and-test
2026-04-22T05:40:08.6905715Z Checks completed: autofix
2026-04-22T05:40:08.6906381Z The requested checks aren't complete yet, will check back in 30 seconds...
2026-04-22T05:40:08.6906928Z Checks running on ref:
2026-04-22T05:40:08.6907268Z Checks in_progress: lint-and-test, Auto-merge
2026-04-22T05:40:08.6907672Z Checks completed: autofix
2026-04-22T05:40:08.6908007Z Checks after ignore checks filter:
2026-04-22T05:40:08.6908380Z Checks in_progress: lint-and-test
2026-04-22T05:40:08.6908730Z Checks completed: autofix
2026-04-22T05:40:08.6909062Z Checks after check_name filter:
2026-04-22T05:40:08.6909407Z Checks in_progress: lint-and-test
2026-04-22T05:40:08.6909767Z Checks completed: autofix
2026-04-22T05:40:08.6910081Z Checks after Regexp filter:
2026-04-22T05:40:08.6910422Z Checks in_progress: lint-and-test
2026-04-22T05:40:08.6910767Z Checks completed: autofix
2026-04-22T05:40:08.6911288Z The requested checks aren't complete yet, will check back in 30 seconds...
2026-04-22T05:40:08.6911898Z Checks running on ref:
2026-04-22T05:40:08.6912290Z Checks in_progress: lint-and-test, Auto-merge
2026-04-22T05:40:08.6912747Z Checks completed: autofix
2026-04-22T05:40:08.6913102Z Checks after ignore checks filter:
2026-04-22T05:40:08.6913511Z Checks in_progress: lint-and-test
2026-04-22T05:40:08.6914090Z Checks completed: autofix
2026-04-22T05:40:08.6914428Z Checks after check_name filter:
2026-04-22T05:40:08.6914843Z Checks in_progress: lint-and-test
2026-04-22T05:40:08.6915351Z Checks completed: autofix
2026-04-22T05:40:08.6915767Z Checks after Regexp filter:
2026-04-22T05:40:08.6916230Z Checks in_progress: lint-and-test
2026-04-22T05:40:08.6916700Z Checks completed: autofix
2026-04-22T05:40:08.6917330Z The requested checks aren't complete yet, will check back in 30 seconds...
2026-04-22T05:40:08.6918065Z Checks running on ref:
2026-04-22T05:40:08.6918525Z Checks in_progress: lint-and-test, Auto-merge
2026-04-22T05:40:08.6919070Z Checks completed: autofix
2026-04-22T05:40:08.6919523Z Checks after ignore checks filter:
2026-04-22T05:40:08.6920029Z Checks in_progress: lint-and-test
2026-04-22T05:40:08.6920480Z Checks completed: autofix
2026-04-22T05:40:08.6920924Z Checks after check_name filter:
2026-04-22T05:40:08.6921357Z Checks in_progress: lint-and-test
2026-04-22T05:40:08.6921844Z Checks completed: autofix
2026-04-22T05:40:08.6922250Z Checks after Regexp filter:
2026-04-22T05:40:08.6922713Z Checks in_progress: lint-and-test
2026-04-22T05:40:08.6923186Z Checks completed: autofix
2026-04-22T05:40:08.6923998Z The requested checks aren't complete yet, will check back in 30 seconds...
2026-04-22T05:40:08.6924743Z Checks running on ref:
2026-04-22T05:40:08.6925207Z Checks in_progress: lint-and-test, Auto-merge
2026-04-22T05:40:08.6925748Z Checks completed: autofix
2026-04-22T05:40:08.6926193Z Checks after ignore checks filter:
2026-04-22T05:40:08.6926643Z Checks in_progress: lint-and-test
2026-04-22T05:40:08.6926987Z Checks completed: autofix
2026-04-22T05:40:08.6927282Z Checks after check_name filter:
2026-04-22T05:40:08.6927622Z Checks in_progress: lint-and-test
2026-04-22T05:40:08.6927962Z Checks completed: autofix
2026-04-22T05:40:08.6928287Z Checks after Regexp filter:
2026-04-22T05:40:08.6928622Z Checks in_progress: lint-and-test
2026-04-22T05:40:08.6928957Z Checks completed: autofix
2026-04-22T05:40:08.6929450Z The requested checks aren't complete yet, will check back in 30 seconds...
2026-04-22T05:40:08.6930016Z Checks running on ref:
2026-04-22T05:40:08.6930322Z Checks in_progress: lint-and-test, Auto-merge
2026-04-22T05:40:08.6930719Z Checks completed: autofix
2026-04-22T05:40:08.6931037Z Checks after ignore checks filter:
2026-04-22T05:40:08.6931419Z Checks in_progress: lint-and-test
2026-04-22T05:40:08.6931693Z Checks completed: autofix
2026-04-22T05:40:08.6931886Z Checks after check_name filter:
2026-04-22T05:40:08.6932103Z Checks in_progress: lint-and-test
2026-04-22T05:40:08.6932333Z Checks completed: autofix
2026-04-22T05:40:08.6932534Z Checks after Regexp filter:
2026-04-22T05:40:08.6932746Z Checks in_progress: lint-and-test
2026-04-22T05:40:08.6933242Z Checks completed: autofix
2026-04-22T05:40:08.6933549Z The requested checks aren't complete yet, will check back in 30 seconds...
2026-04-22T05:40:08.6934213Z Checks running on ref:
2026-04-22T05:40:08.6934437Z Checks in_progress: lint-and-test, Auto-merge
2026-04-22T05:40:08.6934688Z Checks completed: autofix
2026-04-22T05:40:08.6934892Z Checks after ignore checks filter:
2026-04-22T05:40:08.6935114Z Checks in_progress: lint-and-test
2026-04-22T05:40:08.6935330Z Checks completed: autofix
2026-04-22T05:40:08.6935522Z Checks after check_name filter:
2026-04-22T05:40:08.6935737Z Checks in_progress: lint-and-test
2026-04-22T05:40:08.6935951Z Checks completed: autofix
2026-04-22T05:40:08.6936146Z Checks after Regexp filter:
2026-04-22T05:40:08.6936353Z Checks in_progress: lint-and-test
2026-04-22T05:40:08.6936563Z Checks completed: autofix
2026-04-22T05:40:08.6936858Z The requested checks aren't complete yet, will check back in 30 seconds...
2026-04-22T05:40:08.6937186Z Checks running on ref:
2026-04-22T05:40:08.6937411Z Checks in_progress: lint-and-test, Auto-merge
2026-04-22T05:40:08.6937661Z Checks completed: autofix
2026-04-22T05:40:08.6937862Z Checks after ignore checks filter:
2026-04-22T05:40:08.6938088Z Checks in_progress: lint-and-test
2026-04-22T05:40:08.6938299Z Checks completed: autofix
2026-04-22T05:40:08.6938495Z Checks after check_name filter:
2026-04-22T05:40:08.6938703Z Checks in_progress: lint-and-test
2026-04-22T05:40:08.6938922Z Checks completed: autofix
2026-04-22T05:40:08.6939116Z Checks after Regexp filter:
2026-04-22T05:40:08.6939330Z Checks in_progress: lint-and-test
2026-04-22T05:40:08.6939542Z Checks completed: autofix
2026-04-22T05:40:08.6939841Z The requested checks aren't complete yet, will check back in 30 seconds...
2026-04-22T05:40:08.6940173Z Checks running on ref:
2026-04-22T05:40:08.6940387Z Checks in_progress: lint-and-test, Auto-merge
2026-04-22T05:40:08.6940639Z Checks completed: autofix
2026-04-22T05:40:08.6940837Z Checks after ignore checks filter:
2026-04-22T05:40:08.6941074Z Checks in_progress: lint-and-test
2026-04-22T05:40:08.6941289Z Checks completed: autofix
2026-04-22T05:40:08.6941487Z Checks after check_name filter:
2026-04-22T05:40:08.6941701Z Checks in_progress: lint-and-test
2026-04-22T05:40:08.6941914Z Checks completed: autofix
2026-04-22T05:40:08.6942122Z Checks after Regexp filter:
2026-04-22T05:40:08.6942327Z Checks in_progress: lint-and-test
2026-04-22T05:40:08.6942536Z Checks completed: autofix
2026-04-22T05:40:08.6942830Z The requested checks aren't complete yet, will check back in 30 seconds...
2026-04-22T05:40:08.6943170Z Checks running on ref:
2026-04-22T05:40:08.6943380Z Checks in_progress: lint-and-test, Auto-merge
2026-04-22T05:40:08.6943636Z Checks completed: autofix
2026-04-22T05:40:08.6944094Z Checks after ignore checks filter:
2026-04-22T05:40:08.6944336Z Checks in_progress: lint-and-test
2026-04-22T05:40:08.6944558Z Checks completed: autofix
2026-04-22T05:40:08.6944768Z Checks after check_name filter:
2026-04-22T05:40:08.6944997Z Checks in_progress: lint-and-test
2026-04-22T05:40:08.6945225Z Checks completed: autofix
2026-04-22T05:40:08.6945418Z Checks after Regexp filter:
2026-04-22T05:40:08.6945633Z Checks in_progress: lint-and-test
2026-04-22T05:40:08.6945875Z Checks completed: autofix
2026-04-22T05:40:08.6946178Z The requested checks aren't complete yet, will check back in 30 seconds...
2026-04-22T05:40:08.6946525Z Checks running on ref:
2026-04-22T05:40:08.6946742Z Checks in_progress: lint-and-test, Auto-merge
2026-04-22T05:40:08.6946993Z Checks completed: autofix
2026-04-22T05:40:08.6947193Z Checks after ignore checks filter:
2026-04-22T05:40:08.6947421Z Checks in_progress: lint-and-test
2026-04-22T05:40:08.6947633Z Checks completed: autofix
2026-04-22T05:40:08.6947831Z Checks after check_name filter:
2026-04-22T05:40:08.6948042Z Checks in_progress: lint-and-test
2026-04-22T05:40:08.6948258Z Checks completed: autofix
2026-04-22T05:40:08.6948455Z Checks after Regexp filter:
2026-04-22T05:40:08.6948801Z Checks in_progress: lint-and-test
2026-04-22T05:40:08.6949119Z Checks completed: autofix
2026-04-22T05:40:08.6949410Z The requested checks aren't complete yet, will check back in 30 seconds...
2026-04-22T05:40:08.6949746Z Checks running on ref:
2026-04-22T05:40:08.6949955Z Checks in_progress: lint-and-test, Auto-merge
2026-04-22T05:40:08.6950209Z Checks completed: autofix
2026-04-22T05:40:08.6950404Z Checks after ignore checks filter:
2026-04-22T05:40:08.6950630Z Checks in_progress: lint-and-test
2026-04-22T05:40:08.6950846Z Checks completed: autofix
2026-04-22T05:40:08.6951038Z Checks after check_name filter:
2026-04-22T05:40:08.6951256Z Checks in_progress: lint-and-test
2026-04-22T05:40:08.6951468Z Checks completed: autofix
2026-04-22T05:40:08.6951663Z Checks after Regexp filter:
2026-04-22T05:40:08.6951864Z Checks in_progress: lint-and-test
2026-04-22T05:40:08.6952079Z Checks completed: autofix
2026-04-22T05:40:08.6952367Z The requested checks aren't complete yet, will check back in 30 seconds...
2026-04-22T05:40:08.6952706Z Checks running on ref:
2026-04-22T05:40:08.6953048Z Checks completed: firebase-distribute, capture-failure-log, lint-and-test, autofix
2026-04-22T05:40:08.6953447Z Checks in_progress: Auto-merge
2026-04-22T05:40:08.6953677Z Checks after ignore checks filter:
2026-04-22T05:40:08.6954410Z Checks completed: firebase-distribute, capture-failure-log, lint-and-test, autofix
2026-04-22T05:40:08.6954817Z Checks after check_name filter:
2026-04-22T05:40:08.6955175Z Checks completed: firebase-distribute, capture-failure-log, lint-and-test, autofix
2026-04-22T05:40:08.6955566Z Checks after Regexp filter:
2026-04-22T05:40:08.6955903Z Checks completed: firebase-distribute, capture-failure-log, lint-and-test, autofix
2026-04-22T05:40:08.6956277Z Checks completed:
2026-04-22T05:40:08.6956478Z firebase-distribute: completed (skipped)
2026-04-22T05:40:08.6956740Z capture-failure-log: completed (success)
2026-04-22T05:40:08.6956991Z lint-and-test: completed (failure)
2026-04-22T05:40:08.6957218Z autofix: completed (failure)
2026-04-22T05:40:08.6957824Z The conclusion of one or more checks were not allowed. Allowed conclusions are: success, skipped. This can be configured with the 'allowed-conclusions' param.
2026-04-22T05:40:08.6990068Z ##[error]Process completed with exit code 1.
2026-04-22T05:40:08.7108731Z Post job cleanup.
2026-04-22T05:40:08.7163389Z Cleaning up orphan processes
2026-04-22T05:40:08.7484579Z ##[warning]Node.js 20 actions are deprecated. The following actions are running on Node.js 20 and may not work as expected: actions/cache@v4. Actions will be forced to run with Node.js 24 by default starting June 2nd, 2026. Node.js 20 will be removed from the runner on September 16th, 2026. Please check if updated versions of these actions are available that support Node.js 24. To opt into Node.js 24 now, set the FORCE_JAVASCRIPT_ACTIONS_TO_NODE24=true environment variable on the runner or in your workflow file. Once Node.js 24 becomes the default, you can temporarily opt out by setting ACTIONS_ALLOW_USE_UNSECURE_NODE_VERSION=true. For more information see: https://github.blog/changelog/2025-09-19-deprecation-of-node-20-on-github-actions-runners/
