=== CI FAILURE ===
Workflow:      Auto-merge & Release
Workflow file: akarlin3/prismTask/.github/workflows/auto-merge.yml@refs/pull/841/merge
Job(s):        Auto-merge
Run ID:        24978475044
Run attempt:   1
Run URL:       https://github.com/akarlin3/prismTask/actions/runs/24978475044
Commit:        b30de8257f70c17a00604dad554699b754ccede9
Branch:        841/merge
Event:         pull_request
Actor:         akarlin3
Runner OS:     Linux
Timestamp:     2026-04-27T05:45:48.162Z

Failed steps:
  - Auto-merge: #4 Wait for all other CI checks to pass

=== FAILED JOB LOG ===

--- Job: Auto-merge (id 73135230321) ---
2026-04-27T05:39:54.9788792Z Current runner version: '2.333.1'
2026-04-27T05:39:54.9810240Z ##[group]Runner Image Provisioner
2026-04-27T05:39:54.9810943Z Hosted Compute Agent
2026-04-27T05:39:54.9811429Z Version: 20260213.493
2026-04-27T05:39:54.9811940Z Commit: 5c115507f6dd24b8de37d8bbe0bb4509d0cc0fa3
2026-04-27T05:39:54.9812495Z Build Date: 2026-02-13T00:28:41Z
2026-04-27T05:39:54.9813016Z Worker ID: {d1c82ba3-ea06-421d-b165-e973c2b4245c}
2026-04-27T05:39:54.9813610Z Azure Region: westus
2026-04-27T05:39:54.9814006Z ##[endgroup]
2026-04-27T05:39:54.9815047Z ##[group]Operating System
2026-04-27T05:39:54.9815525Z Ubuntu
2026-04-27T05:39:54.9815872Z 24.04.4
2026-04-27T05:39:54.9816487Z LTS
2026-04-27T05:39:54.9816886Z ##[endgroup]
2026-04-27T05:39:54.9817258Z ##[group]Runner Image
2026-04-27T05:39:54.9817728Z Image: ubuntu-24.04
2026-04-27T05:39:54.9818125Z Version: 20260413.86.1
2026-04-27T05:39:54.9819100Z Included Software: https://github.com/actions/runner-images/blob/ubuntu24/20260413.86/images/ubuntu/Ubuntu2404-Readme.md
2026-04-27T05:39:54.9820300Z Image Release: https://github.com/actions/runner-images/releases/tag/ubuntu24%2F20260413.86
2026-04-27T05:39:54.9821015Z ##[endgroup]
2026-04-27T05:39:54.9822074Z ##[group]GITHUB_TOKEN Permissions
2026-04-27T05:39:54.9823670Z Actions: read
2026-04-27T05:39:54.9824083Z Checks: read
2026-04-27T05:39:54.9824580Z Contents: write
2026-04-27T05:39:54.9825059Z Metadata: read
2026-04-27T05:39:54.9825440Z PullRequests: write
2026-04-27T05:39:54.9826162Z ##[endgroup]
2026-04-27T05:39:54.9828001Z Secret source: Actions
2026-04-27T05:39:54.9828546Z Prepare workflow directory
2026-04-27T05:39:55.0148286Z Prepare all required actions
2026-04-27T05:39:55.0181457Z Getting action download info
2026-04-27T05:39:55.4238262Z Download action repository 'lewagon/wait-on-check-action@ccfb013c15c8afb7bf2b7c028fb74dc5a068cccc' (SHA:ccfb013c15c8afb7bf2b7c028fb74dc5a068cccc)
2026-04-27T05:39:55.9717850Z Getting action download info
2026-04-27T05:39:56.1679171Z Download action repository 'ruby/setup-ruby@v1' (SHA:c4e5b1316158f92e3d49443a9d58b31d25ac0f8f)
2026-04-27T05:39:56.7298890Z Download action repository 'actions/cache@v4' (SHA:0057852bfaa89a56745cba8c7296529d2fc39830)
2026-04-27T05:39:56.9339810Z Complete job name: Auto-merge
2026-04-27T05:39:56.9815270Z ##[group]Run set -euo pipefail
2026-04-27T05:39:56.9815671Z [36;1mset -euo pipefail[0m
2026-04-27T05:39:56.9816252Z [36;1m# Audit item #5 — poll check-runs for up to 60s instead of a bare[0m
2026-04-27T05:39:56.9816700Z [36;1m# 20s sleep. On a busy runner cohort the initial 20s wasn't enough[0m
2026-04-27T05:39:56.9817122Z [36;1m# for the API to reflect queued workflow runs, which could merge[0m
2026-04-27T05:39:56.9817534Z [36;1m# PRs without waiting for CI. Bail out early as soon as ≥1 real[0m
2026-04-27T05:39:56.9817867Z [36;1m# check shows up.[0m
2026-04-27T05:39:56.9818102Z [36;1mCOUNT=0[0m
2026-04-27T05:39:56.9818316Z [36;1mfor i in $(seq 1 6); do[0m
2026-04-27T05:39:56.9818552Z [36;1m  sleep 10[0m
2026-04-27T05:39:56.9818846Z [36;1m  COUNT=$(gh api "repos/$REPO/commits/$HEAD_SHA/check-runs" \[0m
2026-04-27T05:39:56.9819316Z [36;1m    --jq '[.check_runs[] | select(.name != "Auto-merge")] | length')[0m
2026-04-27T05:39:56.9819713Z [36;1m  if [ "$COUNT" -gt 0 ]; then[0m
2026-04-27T05:39:56.9820034Z [36;1m    echo "Found $COUNT non-Auto-merge check(s) after ${i}0s"[0m
2026-04-27T05:39:56.9820352Z [36;1m    break[0m
2026-04-27T05:39:56.9820558Z [36;1m  fi[0m
2026-04-27T05:39:56.9820815Z [36;1m  echo "No non-Auto-merge checks yet (attempt $i/6)"[0m
2026-04-27T05:39:56.9821115Z [36;1mdone[0m
2026-04-27T05:39:56.9821327Z [36;1mif [ "$COUNT" -gt 0 ]; then[0m
2026-04-27T05:39:56.9821606Z [36;1m  echo "has_ci=true" >> "$GITHUB_OUTPUT"[0m
2026-04-27T05:39:56.9821885Z [36;1melse[0m
2026-04-27T05:39:56.9822108Z [36;1m  echo "has_ci=false" >> "$GITHUB_OUTPUT"[0m
2026-04-27T05:39:56.9822488Z [36;1m  echo "No CI checks on this PR after 60s — will merge without waiting."[0m
2026-04-27T05:39:56.9822843Z [36;1mfi[0m
2026-04-27T05:39:56.9843908Z shell: /usr/bin/bash -e {0}
2026-04-27T05:39:56.9844349Z env:
2026-04-27T05:39:56.9844563Z   WAIT_INTERVAL: 30
2026-04-27T05:39:56.9845075Z   GH_TOKEN: ***
2026-04-27T05:39:56.9845348Z   HEAD_SHA: 4248b2916a566fb3e8acd02cec5bc0fe1ea3a8af
2026-04-27T05:39:56.9845666Z   REPO: akarlin3/prismTask
2026-04-27T05:39:56.9845897Z ##[endgroup]
2026-04-27T05:40:07.9010104Z Found 8 non-Auto-merge check(s) after 10s
2026-04-27T05:40:07.9108748Z ##[group]Run set -euo pipefail
2026-04-27T05:40:07.9109053Z [36;1mset -euo pipefail[0m
2026-04-27T05:40:07.9109415Z [36;1mREQUIRED=$(gh api "repos/$REPO/branches/main/protection/required_status_checks" \[0m
2026-04-27T05:40:07.9109808Z [36;1m  --jq '.contexts[]' 2>/dev/null || true)[0m
2026-04-27T05:40:07.9110086Z [36;1mif [ -z "$REQUIRED" ]; then[0m
2026-04-27T05:40:07.9110506Z [36;1m  echo "::warning::Could not query branch protection (likely a permission issue) — using hardcoded fallback list."[0m
2026-04-27T05:40:07.9110957Z [36;1m  REQUIRED="$FALLBACK_REQUIRED"[0m
2026-04-27T05:40:07.9111204Z [36;1mfi[0m
2026-04-27T05:40:07.9111458Z [36;1m# Strip Auto-merge from the required list so we don't wait on[0m
2026-04-27T05:40:07.9111825Z [36;1m# ourselves (it's listed because we ARE the running workflow).[0m
2026-04-27T05:40:07.9112230Z [36;1mREQUIRED=$(echo "$REQUIRED" | grep -vE '^\s*Auto-merge\s*$' | grep -vE '^\s*$' || true)[0m
2026-04-27T05:40:07.9112615Z [36;1mif [ -z "$REQUIRED" ]; then[0m
2026-04-27T05:40:07.9112915Z [36;1m  echo "No required checks beyond Auto-merge; skipping queue wait."[0m
2026-04-27T05:40:07.9113234Z [36;1m  exit 0[0m
2026-04-27T05:40:07.9113426Z [36;1mfi[0m
2026-04-27T05:40:07.9113677Z [36;1mecho "Waiting until these required checks queue:"[0m
2026-04-27T05:40:07.9113965Z [36;1mecho "$REQUIRED" | sed 's/^/  /'[0m
2026-04-27T05:40:07.9114262Z [36;1m# 30 attempts × 10s = 5 min ceiling. If checks haven't queued[0m
2026-04-27T05:40:07.9114635Z [36;1m# by then something is genuinely broken (workflow file invalid,[0m
2026-04-27T05:40:07.9115008Z [36;1m# path filter excluding everything, etc.) — log and proceed so[0m
2026-04-27T05:40:07.9115347Z [36;1m# wait-on-check-action can decide how to handle it.[0m
2026-04-27T05:40:07.9115629Z [36;1mfor attempt in $(seq 1 30); do[0m
2026-04-27T05:40:07.9116168Z [36;1m  CHECK_RUNS=$(gh api --paginate "repos/$REPO/commits/$HEAD_SHA/check-runs" \[0m
2026-04-27T05:40:07.9116544Z [36;1m    --jq '.check_runs[].name' | sort -u)[0m
2026-04-27T05:40:07.9116806Z [36;1m  MISSING=""[0m
2026-04-27T05:40:07.9117014Z [36;1m  while IFS= read -r req; do[0m
2026-04-27T05:40:07.9117242Z [36;1m    [ -z "$req" ] && continue[0m
2026-04-27T05:40:07.9117483Z [36;1m    req_trimmed=$(echo "$req" | xargs)[0m
2026-04-27T05:40:07.9117804Z [36;1m    if ! echo "$CHECK_RUNS" | grep -qxF "$req_trimmed"; then[0m
2026-04-27T05:40:07.9118117Z [36;1m      MISSING="$MISSING $req_trimmed"[0m
2026-04-27T05:40:07.9118351Z [36;1m    fi[0m
2026-04-27T05:40:07.9118532Z [36;1m  done <<< "$REQUIRED"[0m
2026-04-27T05:40:07.9118848Z [36;1m  if [ -z "$MISSING" ]; then[0m
2026-04-27T05:40:07.9119174Z [36;1m    echo "All required checks have queued after attempt $attempt."[0m
2026-04-27T05:40:07.9119461Z [36;1m    exit 0[0m
2026-04-27T05:40:07.9119647Z [36;1m  fi[0m
2026-04-27T05:40:07.9119881Z [36;1m  echo "Still waiting for:$MISSING (attempt $attempt/30)"[0m
2026-04-27T05:40:07.9120181Z [36;1m  sleep 10[0m
2026-04-27T05:40:07.9120360Z [36;1mdone[0m
2026-04-27T05:40:07.9120754Z [36;1mecho "::warning::Some required checks never queued after 5 min:$MISSING — proceeding to wait-on-check-action anyway."[0m
2026-04-27T05:40:07.9139515Z shell: /usr/bin/bash -e {0}
2026-04-27T05:40:07.9139757Z env:
2026-04-27T05:40:07.9139933Z   WAIT_INTERVAL: 30
2026-04-27T05:40:07.9140429Z   GH_TOKEN: ***
2026-04-27T05:40:07.9140655Z   HEAD_SHA: 4248b2916a566fb3e8acd02cec5bc0fe1ea3a8af
2026-04-27T05:40:07.9140915Z   REPO: akarlin3/prismTask
2026-04-27T05:40:07.9141221Z   FALLBACK_REQUIRED: lint-and-test
connected-tests
test
web-lint-and-test

2026-04-27T05:40:07.9141719Z ##[endgroup]
2026-04-27T05:40:08.2071127Z Waiting until these required checks queue:
2026-04-27T05:40:08.2083475Z   {"message":"Resource not accessible by integration","documentation_url":"https://docs.github.com/rest/branches/branch-protection#get-status-checks-protection","status":"403"}
2026-04-27T05:40:08.6653154Z Still waiting for: {message:Resource not accessible by integration,documentation_url:https://docs.github.com/rest/branches/branch-protection#get-status-checks-protection,status:403} (attempt 1/30)
2026-04-27T05:40:19.1444556Z Still waiting for: {message:Resource not accessible by integration,documentation_url:https://docs.github.com/rest/branches/branch-protection#get-status-checks-protection,status:403} (attempt 2/30)
2026-04-27T05:40:29.6692748Z Still waiting for: {message:Resource not accessible by integration,documentation_url:https://docs.github.com/rest/branches/branch-protection#get-status-checks-protection,status:403} (attempt 3/30)
2026-04-27T05:40:40.1806443Z Still waiting for: {message:Resource not accessible by integration,documentation_url:https://docs.github.com/rest/branches/branch-protection#get-status-checks-protection,status:403} (attempt 4/30)
2026-04-27T05:40:50.6643182Z Still waiting for: {message:Resource not accessible by integration,documentation_url:https://docs.github.com/rest/branches/branch-protection#get-status-checks-protection,status:403} (attempt 5/30)
2026-04-27T05:41:01.2095548Z Still waiting for: {message:Resource not accessible by integration,documentation_url:https://docs.github.com/rest/branches/branch-protection#get-status-checks-protection,status:403} (attempt 6/30)
2026-04-27T05:41:11.6575600Z Still waiting for: {message:Resource not accessible by integration,documentation_url:https://docs.github.com/rest/branches/branch-protection#get-status-checks-protection,status:403} (attempt 7/30)
2026-04-27T05:41:22.1217011Z Still waiting for: {message:Resource not accessible by integration,documentation_url:https://docs.github.com/rest/branches/branch-protection#get-status-checks-protection,status:403} (attempt 8/30)
2026-04-27T05:41:32.6358770Z Still waiting for: {message:Resource not accessible by integration,documentation_url:https://docs.github.com/rest/branches/branch-protection#get-status-checks-protection,status:403} (attempt 9/30)
2026-04-27T05:41:43.1146116Z Still waiting for: {message:Resource not accessible by integration,documentation_url:https://docs.github.com/rest/branches/branch-protection#get-status-checks-protection,status:403} (attempt 10/30)
2026-04-27T05:41:53.6288646Z Still waiting for: {message:Resource not accessible by integration,documentation_url:https://docs.github.com/rest/branches/branch-protection#get-status-checks-protection,status:403} (attempt 11/30)
2026-04-27T05:42:04.1269817Z Still waiting for: {message:Resource not accessible by integration,documentation_url:https://docs.github.com/rest/branches/branch-protection#get-status-checks-protection,status:403} (attempt 12/30)
2026-04-27T05:42:14.6354995Z Still waiting for: {message:Resource not accessible by integration,documentation_url:https://docs.github.com/rest/branches/branch-protection#get-status-checks-protection,status:403} (attempt 13/30)
2026-04-27T05:42:25.1102530Z Still waiting for: {message:Resource not accessible by integration,documentation_url:https://docs.github.com/rest/branches/branch-protection#get-status-checks-protection,status:403} (attempt 14/30)
2026-04-27T05:42:35.5790051Z Still waiting for: {message:Resource not accessible by integration,documentation_url:https://docs.github.com/rest/branches/branch-protection#get-status-checks-protection,status:403} (attempt 15/30)
2026-04-27T05:42:46.0860554Z Still waiting for: {message:Resource not accessible by integration,documentation_url:https://docs.github.com/rest/branches/branch-protection#get-status-checks-protection,status:403} (attempt 16/30)
2026-04-27T05:42:56.6043766Z Still waiting for: {message:Resource not accessible by integration,documentation_url:https://docs.github.com/rest/branches/branch-protection#get-status-checks-protection,status:403} (attempt 17/30)
2026-04-27T05:43:07.1662279Z Still waiting for: {message:Resource not accessible by integration,documentation_url:https://docs.github.com/rest/branches/branch-protection#get-status-checks-protection,status:403} (attempt 18/30)
2026-04-27T05:43:17.6688628Z Still waiting for: {message:Resource not accessible by integration,documentation_url:https://docs.github.com/rest/branches/branch-protection#get-status-checks-protection,status:403} (attempt 19/30)
2026-04-27T05:43:28.1682463Z Still waiting for: {message:Resource not accessible by integration,documentation_url:https://docs.github.com/rest/branches/branch-protection#get-status-checks-protection,status:403} (attempt 20/30)
2026-04-27T05:43:38.6728325Z Still waiting for: {message:Resource not accessible by integration,documentation_url:https://docs.github.com/rest/branches/branch-protection#get-status-checks-protection,status:403} (attempt 21/30)
2026-04-27T05:43:49.1975345Z Still waiting for: {message:Resource not accessible by integration,documentation_url:https://docs.github.com/rest/branches/branch-protection#get-status-checks-protection,status:403} (attempt 22/30)
2026-04-27T05:43:59.7282727Z Still waiting for: {message:Resource not accessible by integration,documentation_url:https://docs.github.com/rest/branches/branch-protection#get-status-checks-protection,status:403} (attempt 23/30)
2026-04-27T05:44:10.2642434Z Still waiting for: {message:Resource not accessible by integration,documentation_url:https://docs.github.com/rest/branches/branch-protection#get-status-checks-protection,status:403} (attempt 24/30)
2026-04-27T05:44:20.7688648Z Still waiting for: {message:Resource not accessible by integration,documentation_url:https://docs.github.com/rest/branches/branch-protection#get-status-checks-protection,status:403} (attempt 25/30)
2026-04-27T05:44:31.2736676Z Still waiting for: {message:Resource not accessible by integration,documentation_url:https://docs.github.com/rest/branches/branch-protection#get-status-checks-protection,status:403} (attempt 26/30)
2026-04-27T05:44:41.7518460Z Still waiting for: {message:Resource not accessible by integration,documentation_url:https://docs.github.com/rest/branches/branch-protection#get-status-checks-protection,status:403} (attempt 27/30)
2026-04-27T05:44:52.2209647Z Still waiting for: {message:Resource not accessible by integration,documentation_url:https://docs.github.com/rest/branches/branch-protection#get-status-checks-protection,status:403} (attempt 28/30)
2026-04-27T05:45:02.8670899Z Still waiting for: {message:Resource not accessible by integration,documentation_url:https://docs.github.com/rest/branches/branch-protection#get-status-checks-protection,status:403} (attempt 29/30)
2026-04-27T05:45:13.3622479Z Still waiting for: {message:Resource not accessible by integration,documentation_url:https://docs.github.com/rest/branches/branch-protection#get-status-checks-protection,status:403} (attempt 30/30)
2026-04-27T05:45:23.3662941Z ##[warning]Some required checks never queued after 5 min: {message:Resource not accessible by integration,documentation_url:https://docs.github.com/rest/branches/branch-protection#get-status-checks-protection,status:403} — proceeding to wait-on-check-action anyway.
2026-04-27T05:45:23.3782858Z ##[group]Run lewagon/wait-on-check-action@ccfb013c15c8afb7bf2b7c028fb74dc5a068cccc
2026-04-27T05:45:23.3783197Z with:
2026-04-27T05:45:23.3783361Z   ref: 4248b2916a566fb3e8acd02cec5bc0fe1ea3a8af
2026-04-27T05:45:23.3783583Z   running-workflow-name: Auto-merge
2026-04-27T05:45:23.3784003Z   repo-token: ***
2026-04-27T05:45:23.3784157Z   wait-interval: 30
2026-04-27T05:45:23.3784339Z   allowed-conclusions: success,skipped,neutral
2026-04-27T05:45:23.3784555Z   verbose: true
2026-04-27T05:45:23.3784693Z env:
2026-04-27T05:45:23.3784821Z   WAIT_INTERVAL: 30
2026-04-27T05:45:23.3784956Z ##[endgroup]
2026-04-27T05:45:23.3890330Z ##[group]Run ruby/setup-ruby@v1
2026-04-27T05:45:23.3890539Z with:
2026-04-27T05:45:23.3890891Z   ruby-version: 3.2
2026-04-27T05:45:23.3891050Z   bundler-cache: false
2026-04-27T05:45:23.3891343Z   token: ***
2026-04-27T05:45:23.3891477Z env:
2026-04-27T05:45:23.3891608Z   WAIT_INTERVAL: 30
2026-04-27T05:45:23.3891748Z ##[endgroup]
2026-04-27T05:45:23.4909537Z ##[group]Modifying PATH
2026-04-27T05:45:23.4909918Z Entries added to PATH to use selected Ruby:
2026-04-27T05:45:23.4910291Z   /opt/hostedtoolcache/Ruby/3.2.11/x64/bin
2026-04-27T05:45:23.4914030Z ##[endgroup]
2026-04-27T05:45:23.4914617Z ##[group]Print Ruby version
2026-04-27T05:45:23.4943086Z [command]/opt/hostedtoolcache/Ruby/3.2.11/x64/bin/ruby --version
2026-04-27T05:45:23.7415476Z ruby 3.2.11 (2026-03-27 revision 5483bfc1ae) [x86_64-linux]
2026-04-27T05:45:23.7440165Z Took   0.25 seconds
2026-04-27T05:45:23.7440875Z ##[endgroup]
2026-04-27T05:45:23.7441805Z ##[group]Installing Bundler
2026-04-27T05:45:23.7445158Z Using Bundler shipped with ruby-3.2.11
2026-04-27T05:45:23.7445832Z Took   0.00 seconds
2026-04-27T05:45:23.7446458Z ##[endgroup]
2026-04-27T05:45:23.7996727Z ##[group]Run actions/cache@v4
2026-04-27T05:45:23.7996943Z with:
2026-04-27T05:45:23.7997270Z   path: /home/runner/work/_actions/lewagon/wait-on-check-action/ccfb013c15c8afb7bf2b7c028fb74dc5a068cccc
2026-04-27T05:45:23.7997656Z   key: Linux-gems-
2026-04-27T05:45:23.7997814Z   restore-keys: Linux-gems-
2026-04-27T05:45:23.7997997Z   enableCrossOsArchive: false
2026-04-27T05:45:23.7998180Z   fail-on-cache-miss: false
2026-04-27T05:45:23.7998335Z   lookup-only: false
2026-04-27T05:45:23.7998481Z   save-always: false
2026-04-27T05:45:23.7998613Z env:
2026-04-27T05:45:23.7998744Z   WAIT_INTERVAL: 30
2026-04-27T05:45:23.7998886Z ##[endgroup]
2026-04-27T05:45:24.2572218Z Cache hit for: Linux-gems-
2026-04-27T05:45:24.6303189Z Received 13127 of 13127 (100.0%), 0.2 MBs/sec
2026-04-27T05:45:24.6303587Z Cache Size: ~0 MB (13127 B)
2026-04-27T05:45:24.6337308Z [command]/usr/bin/tar -xf /home/runner/work/_temp/95d63474-1b48-49c2-97fc-db62e8ed2567/cache.tzst -P -C /home/runner/work/prismTask/prismTask --use-compress-program unzstd
2026-04-27T05:45:24.6390514Z Cache restored successfully
2026-04-27T05:45:24.6453847Z Cache restored from key: Linux-gems-
2026-04-27T05:45:24.6519836Z ##[group]Run bundle install --jobs 4 --retry 3
2026-04-27T05:45:24.6520119Z [36;1mbundle install --jobs 4 --retry 3[0m
2026-04-27T05:45:24.6539936Z shell: /usr/bin/bash --noprofile --norc -e -o pipefail {0}
2026-04-27T05:45:24.6540186Z env:
2026-04-27T05:45:24.6540326Z   WAIT_INTERVAL: 30
2026-04-27T05:45:24.6540479Z ##[endgroup]
2026-04-27T05:45:28.0812345Z Bundler 2.4.19 is running, but your lockfile was generated with 2.2.3. Installing Bundler 2.2.3 and restarting using that version.
2026-04-27T05:45:30.1458470Z Fetching gem metadata from https://rubygems.org/.
2026-04-27T05:45:30.1518698Z Fetching bundler 2.2.3
2026-04-27T05:45:30.2688107Z Installing bundler 2.2.3
2026-04-27T05:45:30.4173953Z Calling `DidYouMean::SPELL_CHECKERS.merge!(error_name => spell_checker)' has been deprecated. Please call `DidYouMean.correct_error(error_name, spell_checker)' instead.
2026-04-27T05:45:31.7552995Z Fetching gem metadata from https://rubygems.org/.........
2026-04-27T05:45:31.7634063Z Fetching zeitwerk 2.6.7
2026-04-27T05:45:31.7638691Z Fetching public_suffix 4.0.7
2026-04-27T05:45:31.7689321Z Fetching concurrent-ruby 1.2.2
2026-04-27T05:45:31.7866444Z Fetching minitest 5.18.0
2026-04-27T05:45:31.8486981Z Installing zeitwerk 2.6.7
2026-04-27T05:45:31.8664664Z Installing minitest 5.18.0
2026-04-27T05:45:31.8723809Z Installing public_suffix 4.0.7
2026-04-27T05:45:31.8973050Z Fetching ast 2.4.2
2026-04-27T05:45:31.9250938Z Installing ast 2.4.2
2026-04-27T05:45:31.9347845Z Installing concurrent-ruby 1.2.2
2026-04-27T05:45:31.9356716Z Using bundler 2.2.3
2026-04-27T05:45:31.9360741Z Fetching byebug 11.1.3
2026-04-27T05:45:31.9650299Z Fetching diff-lcs 1.4.4
2026-04-27T05:45:31.9857733Z Installing byebug 11.1.3 with native extensions
2026-04-27T05:45:31.9972953Z Installing diff-lcs 1.4.4
2026-04-27T05:45:32.0041254Z Fetching faraday-net_http 2.0.3
2026-04-27T05:45:32.0492322Z Installing faraday-net_http 2.0.3
2026-04-27T05:45:32.0606977Z Using ruby2_keywords 0.0.5
2026-04-27T05:45:32.0616593Z Fetching json 2.7.1
2026-04-27T05:45:32.0968273Z Installing json 2.7.1 with native extensions
2026-04-27T05:45:32.1084573Z Fetching language_server-protocol 3.17.0.3
2026-04-27T05:45:32.1506304Z Installing language_server-protocol 3.17.0.3
2026-04-27T05:45:32.2142043Z Fetching lint_roller 1.1.0
2026-04-27T05:45:32.2630955Z Installing lint_roller 1.1.0
2026-04-27T05:45:32.2764373Z Fetching parallel 1.24.0
2026-04-27T05:45:32.3193445Z Installing parallel 1.24.0
2026-04-27T05:45:32.3276187Z Fetching racc 1.7.3
2026-04-27T05:45:32.3597946Z Installing racc 1.7.3 with native extensions
2026-04-27T05:45:32.3692557Z Fetching rainbow 3.1.1
2026-04-27T05:45:32.3966138Z Installing rainbow 3.1.1
2026-04-27T05:45:32.4071755Z Fetching regexp_parser 2.8.3
2026-04-27T05:45:32.4427686Z Installing regexp_parser 2.8.3
2026-04-27T05:45:32.5350457Z Fetching rexml 3.2.6
2026-04-27T05:45:32.5634327Z Installing rexml 3.2.6
2026-04-27T05:45:32.5803052Z Fetching rspec-support 3.10.1
2026-04-27T05:45:32.6076956Z Installing rspec-support 3.10.1
2026-04-27T05:45:32.6170607Z Fetching ruby-progressbar 1.13.0
2026-04-27T05:45:32.6431423Z Installing ruby-progressbar 1.13.0
2026-04-27T05:45:32.6510254Z Fetching unicode-display_width 2.5.0
2026-04-27T05:45:32.6782488Z Installing unicode-display_width 2.5.0
2026-04-27T05:45:32.6833854Z Fetching addressable 2.8.0
2026-04-27T05:45:32.7130914Z Installing addressable 2.8.0
2026-04-27T05:45:32.7251242Z Fetching faraday 2.3.0
2026-04-27T05:45:32.7582470Z Installing faraday 2.3.0
2026-04-27T05:45:32.7743062Z Fetching i18n 1.12.0
2026-04-27T05:45:32.8016194Z Installing i18n 1.12.0
2026-04-27T05:45:32.8132951Z Fetching tzinfo 2.0.6
2026-04-27T05:45:32.8403484Z Installing tzinfo 2.0.6
2026-04-27T05:45:32.8536086Z Fetching rspec-core 3.10.1
2026-04-27T05:45:32.8862634Z Installing rspec-core 3.10.1
2026-04-27T05:45:32.9071994Z Fetching rspec-expectations 3.10.1
2026-04-27T05:45:32.9378616Z Installing rspec-expectations 3.10.1
2026-04-27T05:45:32.9517526Z Fetching rspec-mocks 3.10.1
2026-04-27T05:45:32.9812843Z Installing rspec-mocks 3.10.1
2026-04-27T05:45:32.9933879Z Fetching faraday-retry 2.0.0
2026-04-27T05:45:33.0269403Z Installing faraday-retry 2.0.0
2026-04-27T05:45:33.0319507Z Fetching sawyer 0.9.2
2026-04-27T05:45:33.0582377Z Installing sawyer 0.9.2
2026-04-27T05:45:33.0650740Z Fetching activesupport 6.1.7.3
2026-04-27T05:45:33.1009888Z Installing activesupport 6.1.7.3
2026-04-27T05:45:33.1463474Z Fetching rspec 3.10.0
2026-04-27T05:45:33.1747262Z Installing rspec 3.10.0
2026-04-27T05:45:33.1802606Z Fetching octokit 4.25.0
2026-04-27T05:45:33.2129907Z Installing octokit 4.25.0
2026-04-27T05:45:35.0707146Z Fetching parser 3.2.2.4
2026-04-27T05:45:35.1545509Z Installing parser 3.2.2.4
2026-04-27T05:45:35.2420690Z Fetching rubocop-ast 1.30.0
2026-04-27T05:45:35.2842544Z Installing rubocop-ast 1.30.0
2026-04-27T05:45:36.6388816Z Fetching rubocop 1.57.2
2026-04-27T05:45:36.7060569Z Installing rubocop 1.57.2
2026-04-27T05:45:36.8168866Z Fetching rubocop-performance 1.19.1
2026-04-27T05:45:36.8169181Z Fetching standard-custom 1.0.2
2026-04-27T05:45:36.8593769Z Installing standard-custom 1.0.2
2026-04-27T05:45:36.8637366Z Installing rubocop-performance 1.19.1
2026-04-27T05:45:36.8763571Z Fetching standard-performance 1.2.1
2026-04-27T05:45:36.9015642Z Installing standard-performance 1.2.1
2026-04-27T05:45:36.9070945Z Fetching standard 1.32.1
2026-04-27T05:45:36.9349065Z Installing standard 1.32.1
2026-04-27T05:45:36.9510966Z Bundle complete! 6 Gemfile dependencies, 40 gems now installed.
2026-04-27T05:45:36.9511486Z Use `bundle info [gemname]` to see where a bundled gem is installed.
2026-04-27T05:45:36.9959780Z ##[group]Run ruby entrypoint.rb
2026-04-27T05:45:36.9960018Z [36;1mruby entrypoint.rb[0m
2026-04-27T05:45:36.9978225Z shell: /usr/bin/bash --noprofile --norc -e -o pipefail {0}
2026-04-27T05:45:36.9978483Z env:
2026-04-27T05:45:36.9978628Z   WAIT_INTERVAL: 30
2026-04-27T05:45:36.9978982Z   ALLOWED_CONCLUSIONS: success,skipped,neutral
2026-04-27T05:45:36.9979193Z   IGNORE_CHECKS: 
2026-04-27T05:45:36.9979338Z   CHECK_NAME: 
2026-04-27T05:45:36.9979474Z   CHECK_REGEXP: 
2026-04-27T05:45:36.9979656Z   REF: 4248b2916a566fb3e8acd02cec5bc0fe1ea3a8af
2026-04-27T05:45:36.9980077Z   REPO_TOKEN: ***
2026-04-27T05:45:36.9980229Z   VERBOSE: true
2026-04-27T05:45:36.9980393Z   RUNNING_WORKFLOW_NAME: Auto-merge
2026-04-27T05:45:36.9980589Z   API_ENDPOINT: 
2026-04-27T05:45:36.9980738Z ##[endgroup]
2026-04-27T05:45:38.1966650Z Checks running on ref:
2026-04-27T05:45:38.1967719Z Checks completed: capture-failure-log, firebase-distribute, capture-failure-log, capture-failure-log, capture-failure-log, e2e, lint-and-test, autofix, test, web-lint-and-test, connected-tests, cross-device-tests, maybe-label
2026-04-27T05:45:38.1968773Z Checks in_progress: Auto-merge
2026-04-27T05:45:38.1969047Z Checks after ignore checks filter:
2026-04-27T05:45:38.1970020Z Checks completed: capture-failure-log, firebase-distribute, capture-failure-log, capture-failure-log, capture-failure-log, e2e, lint-and-test, autofix, test, web-lint-and-test, connected-tests, cross-device-tests, maybe-label
2026-04-27T05:45:38.1970833Z Checks after check_name filter:
2026-04-27T05:45:38.1971503Z Checks completed: capture-failure-log, firebase-distribute, capture-failure-log, capture-failure-log, capture-failure-log, e2e, lint-and-test, autofix, test, web-lint-and-test, connected-tests, cross-device-tests, maybe-label
2026-04-27T05:45:38.1972677Z Checks after Regexp filter:
2026-04-27T05:45:38.1973701Z Checks completed: capture-failure-log, firebase-distribute, capture-failure-log, capture-failure-log, capture-failure-log, e2e, lint-and-test, autofix, test, web-lint-and-test, connected-tests, cross-device-tests, maybe-label
2026-04-27T05:45:38.1974786Z Checks completed:
2026-04-27T05:45:38.1975054Z capture-failure-log: completed (skipped)
2026-04-27T05:45:38.1975413Z firebase-distribute: completed (cancelled)
2026-04-27T05:45:38.1975765Z capture-failure-log: completed (skipped)
2026-04-27T05:45:38.1976323Z capture-failure-log: completed (skipped)
2026-04-27T05:45:38.1976654Z capture-failure-log: completed (skipped)
2026-04-27T05:45:38.1976974Z e2e: completed (success)
2026-04-27T05:45:38.1977252Z lint-and-test: completed (cancelled)
2026-04-27T05:45:38.1977566Z autofix: completed (cancelled)
2026-04-27T05:45:38.1977848Z test: completed (cancelled)
2026-04-27T05:45:38.1978138Z web-lint-and-test: completed (success)
2026-04-27T05:45:38.1978477Z connected-tests: completed (cancelled)
2026-04-27T05:45:38.1978784Z cross-device-tests: completed (cancelled)
2026-04-27T05:45:38.1979119Z maybe-label: completed (success)
2026-04-27T05:45:38.1979680Z The conclusion of one or more checks were not allowed. Allowed conclusions are: success, skipped, neutral. This can be configured with the 'allowed-conclusions' param.
2026-04-27T05:45:38.2033298Z ##[error]Process completed with exit code 1.
2026-04-27T05:45:38.2118830Z Post job cleanup.
2026-04-27T05:45:38.2168164Z Cleaning up orphan processes
2026-04-27T05:45:38.2413144Z ##[warning]Node.js 20 actions are deprecated. The following actions are running on Node.js 20 and may not work as expected: actions/cache@v4. Actions will be forced to run with Node.js 24 by default starting June 2nd, 2026. Node.js 20 will be removed from the runner on September 16th, 2026. Please check if updated versions of these actions are available that support Node.js 24. To opt into Node.js 24 now, set the FORCE_JAVASCRIPT_ACTIONS_TO_NODE24=true environment variable on the runner or in your workflow file. Once Node.js 24 becomes the default, you can temporarily opt out by setting ACTIONS_ALLOW_USE_UNSECURE_NODE_VERSION=true. For more information see: https://github.blog/changelog/2025-09-19-deprecation-of-node-20-on-github-actions-runners/
