=== CI FAILURE ===
Workflow:      Version Bump & Firebase Distribute
Workflow file: akarlin3/prismTask/.github/workflows/version-bump-and-distribute.yml@refs/heads/main
Job(s):        Version Bump, Build & Firebase Distribute
Run ID:        25019471098
Run attempt:   1
Run URL:       https://github.com/akarlin3/prismTask/actions/runs/25019471098
Commit:        2ae74a05f8f1fdf46f92280e50b09df01eb8623f
Branch:        main
Event:         workflow_run
Actor:         akarlin3
Runner OS:     Linux
Timestamp:     2026-04-27T21:04:28.000Z

Failed steps:
  - Version Bump, Build & Firebase Distribute: #2 Resolve PR number

=== FAILED JOB LOG ===

--- Job: Version Bump, Build & Firebase Distribute (id 73275969751) ---
2026-04-27T21:04:15.9478238Z Current runner version: '2.333.1'
2026-04-27T21:04:15.9504165Z ##[group]Runner Image Provisioner
2026-04-27T21:04:15.9504987Z Hosted Compute Agent
2026-04-27T21:04:15.9505566Z Version: 20260213.493
2026-04-27T21:04:15.9506250Z Commit: 5c115507f6dd24b8de37d8bbe0bb4509d0cc0fa3
2026-04-27T21:04:15.9506962Z Build Date: 2026-02-13T00:28:41Z
2026-04-27T21:04:15.9507644Z Worker ID: {56c10f6b-caab-413b-8527-3b4ece851c3a}
2026-04-27T21:04:15.9508349Z Azure Region: eastus
2026-04-27T21:04:15.9508865Z ##[endgroup]
2026-04-27T21:04:15.9510775Z ##[group]Operating System
2026-04-27T21:04:15.9511442Z Ubuntu
2026-04-27T21:04:15.9511929Z 24.04.4
2026-04-27T21:04:15.9512413Z LTS
2026-04-27T21:04:15.9512935Z ##[endgroup]
2026-04-27T21:04:15.9513799Z ##[group]Runner Image
2026-04-27T21:04:15.9514360Z Image: ubuntu-24.04
2026-04-27T21:04:15.9514960Z Version: 20260413.86.1
2026-04-27T21:04:15.9516152Z Included Software: https://github.com/actions/runner-images/blob/ubuntu24/20260413.86/images/ubuntu/Ubuntu2404-Readme.md
2026-04-27T21:04:15.9517675Z Image Release: https://github.com/actions/runner-images/releases/tag/ubuntu24%2F20260413.86
2026-04-27T21:04:15.9518536Z ##[endgroup]
2026-04-27T21:04:15.9520648Z ##[group]GITHUB_TOKEN Permissions
2026-04-27T21:04:15.9523633Z Actions: read
2026-04-27T21:04:15.9524379Z Contents: write
2026-04-27T21:04:15.9524942Z Metadata: read
2026-04-27T21:04:15.9525476Z PullRequests: read
2026-04-27T21:04:15.9526044Z ##[endgroup]
2026-04-27T21:04:15.9528434Z Secret source: Actions
2026-04-27T21:04:15.9529484Z Prepare workflow directory
2026-04-27T21:04:15.9854486Z Prepare all required actions
2026-04-27T21:04:15.9891732Z Getting action download info
2026-04-27T21:04:16.4649628Z Download action repository 'actions/checkout@v4' (SHA:34e114876b0b11c390a56381ad16ebd13914f8d5)
2026-04-27T21:04:16.5761580Z Download action repository 'actions/setup-java@v4' (SHA:c1e323688fd81a25caa38c78aa6df2d33d3e20d9)
2026-04-27T21:04:16.9818169Z Download action repository 'gradle/actions@v4' (SHA:ed408507eac070d1f99cc633dbcf757c94c7933a)
2026-04-27T21:04:17.6891029Z Download action repository 'actions/upload-artifact@v4' (SHA:ea165f8d65b6e75b540449e92b4886f43607fa02)
2026-04-27T21:04:17.9522769Z Complete job name: Version Bump, Build & Firebase Distribute
2026-04-27T21:04:18.0368101Z ##[group]Run set -euo pipefail
2026-04-27T21:04:18.0369530Z [36;1mset -euo pipefail[0m
2026-04-27T21:04:18.0370729Z [36;1mif [ "$EVENT_NAME" = "workflow_dispatch" ]; then[0m
2026-04-27T21:04:18.0372382Z [36;1m  # Manual dispatch path — use the input if provided, otherwise[0m
2026-04-27T21:04:18.0374280Z [36;1m  # walk the latest merged PR on main and target that.[0m
2026-04-27T21:04:18.0375635Z [36;1m  if [ -n "$DISPATCH_PR" ]; then[0m
2026-04-27T21:04:18.0376997Z [36;1m    echo "pr_number=$DISPATCH_PR" >> "$GITHUB_OUTPUT"[0m
2026-04-27T21:04:18.0378454Z [36;1m    echo "found=true" >> "$GITHUB_OUTPUT"[0m
2026-04-27T21:04:18.0379852Z [36;1m    echo "Using PR #$DISPATCH_PR from dispatch input."[0m
2026-04-27T21:04:18.0381150Z [36;1m    exit 0[0m
2026-04-27T21:04:18.0382086Z [36;1m  fi[0m
2026-04-27T21:04:18.0383485Z [36;1m  PR_NUMBER=$(gh pr list --repo "$REPO" --state merged --base main \[0m
2026-04-27T21:04:18.0385304Z [36;1m    --limit 1 --json number -q '.[0].number // empty')[0m
2026-04-27T21:04:18.0386603Z [36;1m  if [ -z "$PR_NUMBER" ]; then[0m
2026-04-27T21:04:18.0388241Z [36;1m    echo "::warning::No merged PRs found on main. Cannot resolve PR; skipping."[0m
2026-04-27T21:04:18.0389899Z [36;1m    echo "found=false" >> "$GITHUB_OUTPUT"[0m
2026-04-27T21:04:18.0391068Z [36;1m    exit 0[0m
2026-04-27T21:04:18.0392004Z [36;1m  fi[0m
2026-04-27T21:04:18.0393043Z [36;1m  echo "pr_number=$PR_NUMBER" >> "$GITHUB_OUTPUT"[0m
2026-04-27T21:04:18.0394581Z [36;1m  echo "found=true" >> "$GITHUB_OUTPUT"[0m
2026-04-27T21:04:18.0396204Z [36;1m  echo "Resolved most-recent merged PR #$PR_NUMBER for dispatch run."[0m
2026-04-27T21:04:18.0397712Z [36;1m  exit 0[0m
2026-04-27T21:04:18.0398534Z [36;1mfi[0m
2026-04-27T21:04:18.0399656Z [36;1m[0m
2026-04-27T21:04:18.0400724Z [36;1m# Path 1 — fast path: pull_requests was populated.[0m
2026-04-27T21:04:18.0402323Z [36;1mPR_NUMBER=$(echo "$PR_JSON" | jq -r '.[0].number // empty')[0m
2026-04-27T21:04:18.0403914Z [36;1mif [ -n "$PR_NUMBER" ]; then[0m
2026-04-27T21:04:18.0405206Z [36;1m  echo "pr_number=$PR_NUMBER" >> "$GITHUB_OUTPUT"[0m
2026-04-27T21:04:18.0406611Z [36;1m  echo "found=true" >> "$GITHUB_OUTPUT"[0m
2026-04-27T21:04:18.0408070Z [36;1m  echo "Resolved PR #$PR_NUMBER from workflow_run payload."[0m
2026-04-27T21:04:18.0409457Z [36;1m  exit 0[0m
2026-04-27T21:04:18.0410304Z [36;1mfi[0m
2026-04-27T21:04:18.0411301Z [36;1m[0m
2026-04-27T21:04:18.0412391Z [36;1m# Path 2 — fallback: look the PR up by HEAD SHA. Works in both[0m
2026-04-27T21:04:18.0414292Z [36;1m# the pre-merge case (auto-merge.yml fires before the squash[0m
2026-04-27T21:04:18.0416054Z [36;1m# actually happens; the open PR still has this commit at its[0m
2026-04-27T21:04:18.0417797Z [36;1m# head) and the post-merge case (GitHub keeps the commit→PR[0m
2026-04-27T21:04:18.0419489Z [36;1m# mapping after squash, so we still resolve correctly even if[0m
2026-04-27T21:04:18.0421262Z [36;1m# the source branch was deleted). The downstream "Wait for PR[0m
2026-04-27T21:04:18.0422913Z [36;1m# to merge" step handles the timing — we only need the PR[0m
2026-04-27T21:04:18.0424512Z [36;1m# number here, not its merge state.[0m
2026-04-27T21:04:18.0425670Z [36;1m#[0m
2026-04-27T21:04:18.0426832Z [36;1m# Deliberately NOT falling back to "most recent merged PR" —[0m
2026-04-27T21:04:18.0428472Z [36;1m# that race-condition-bumps a previously-merged PR if[0m
2026-04-27T21:04:18.0430069Z [36;1m# workflow_run fires before the queued merge lands.[0m
2026-04-27T21:04:18.0431378Z [36;1mif [ -z "$HEAD_SHA" ]; then[0m
2026-04-27T21:04:18.0432907Z [36;1m  echo "::warning::workflow_run.head_sha is empty; cannot resolve PR. Skipping."[0m
2026-04-27T21:04:18.0434877Z [36;1m  echo "found=false" >> "$GITHUB_OUTPUT"[0m
2026-04-27T21:04:18.0436025Z [36;1m  exit 0[0m
2026-04-27T21:04:18.0436851Z [36;1mfi[0m
2026-04-27T21:04:18.0437754Z [36;1mPR_NUMBER=$(gh api \[0m
2026-04-27T21:04:18.0439078Z [36;1m  "repos/$REPO/commits/$HEAD_SHA/pulls" \[0m
2026-04-27T21:04:18.0440376Z [36;1m  -H "Accept: application/vnd.github+json" \[0m
2026-04-27T21:04:18.0441893Z [36;1m  --jq 'sort_by(.number) | reverse | .[0].number // empty')[0m
2026-04-27T21:04:18.0443432Z [36;1mif [ -z "$PR_NUMBER" ]; then[0m
2026-04-27T21:04:18.0444974Z [36;1m  echo "::warning::No PR found for commit $HEAD_SHA via commits/{sha}/pulls. Skipping."[0m
2026-04-27T21:04:18.0516776Z [36;1m  echo "found=false" >> "$GITHUB_OUTPUT"[0m
2026-04-27T21:04:18.0518644Z [36;1m  exit 0[0m
2026-04-27T21:04:18.0519791Z [36;1mfi[0m
2026-04-27T21:04:18.0521308Z [36;1mecho "pr_number=$PR_NUMBER" >> "$GITHUB_OUTPUT"[0m
2026-04-27T21:04:18.0523543Z [36;1mecho "found=true" >> "$GITHUB_OUTPUT"[0m
2026-04-27T21:04:18.0525849Z [36;1mecho "Resolved PR #$PR_NUMBER from commits/$HEAD_SHA/pulls fallback."[0m
2026-04-27T21:04:18.0560762Z shell: /usr/bin/bash -e {0}
2026-04-27T21:04:18.0561935Z env:
2026-04-27T21:04:18.0563087Z   GH_TOKEN: ***
2026-04-27T21:04:18.0564253Z   REPO: akarlin3/prismTask
2026-04-27T21:04:18.0565136Z   EVENT_NAME: workflow_run
2026-04-27T21:04:18.0565975Z   PR_JSON: []
2026-04-27T21:04:18.0566840Z   HEAD_SHA: eaf88c4aedb24275ede8f8a431ea4d2dcc4450aa
2026-04-27T21:04:18.0567943Z   DISPATCH_PR: 
2026-04-27T21:04:18.0568690Z ##[endgroup]
2026-04-27T21:04:18.3821097Z unexpected end of JSON input
2026-04-27T21:04:18.3841407Z ##[error]Process completed with exit code 1.
2026-04-27T21:04:18.4202862Z Cleaning up orphan processes
