=== CI FAILURE ===
Workflow:      Android Integration CI
Workflow file: akarlin3/prismTask/.github/workflows/android-integration.yml@refs/pull/888/merge
Job(s):        cross-device-tests, connected-tests
Run ID:        25037854517
Run attempt:   1
Run URL:       https://github.com/akarlin3/prismTask/actions/runs/25037854517
Commit:        2ac6823ab818f9b633fcc0412798e9a236f2c12f
Branch:        888/merge
Event:         pull_request
Actor:         akarlin3
Runner OS:     Linux
Timestamp:     2026-04-28T06:37:54.444Z

Failed steps:
  - cross-device-tests: #8 Verify firebase-tools available
  - connected-tests: #8 Verify firebase-tools available

=== FAILED JOB LOG ===

--- Job: cross-device-tests (id 73333617247) ---
2026-04-28T06:36:59.8680780Z Current runner version: '2.333.1'
2026-04-28T06:36:59.8704339Z ##[group]Runner Image Provisioner
2026-04-28T06:36:59.8705239Z Hosted Compute Agent
2026-04-28T06:36:59.8705828Z Version: 20260213.493
2026-04-28T06:36:59.8706883Z Commit: 5c115507f6dd24b8de37d8bbe0bb4509d0cc0fa3
2026-04-28T06:36:59.8707552Z Build Date: 2026-02-13T00:28:41Z
2026-04-28T06:36:59.8708317Z Worker ID: {bb8269b5-90aa-4e40-a666-c932fb93c1a1}
2026-04-28T06:36:59.8708978Z Azure Region: centralus
2026-04-28T06:36:59.8709534Z ##[endgroup]
2026-04-28T06:36:59.8710917Z ##[group]Operating System
2026-04-28T06:36:59.8711562Z Ubuntu
2026-04-28T06:36:59.8712035Z 24.04.4
2026-04-28T06:36:59.8712557Z LTS
2026-04-28T06:36:59.8713073Z ##[endgroup]
2026-04-28T06:36:59.8713550Z ##[group]Runner Image
2026-04-28T06:36:59.8714164Z Image: ubuntu-24.04
2026-04-28T06:36:59.8714688Z Version: 20260413.86.1
2026-04-28T06:36:59.8715929Z Included Software: https://github.com/actions/runner-images/blob/ubuntu24/20260413.86/images/ubuntu/Ubuntu2404-Readme.md
2026-04-28T06:36:59.8717545Z Image Release: https://github.com/actions/runner-images/releases/tag/ubuntu24%2F20260413.86
2026-04-28T06:36:59.8718453Z ##[endgroup]
2026-04-28T06:36:59.8719776Z ##[group]GITHUB_TOKEN Permissions
2026-04-28T06:36:59.8721624Z Actions: read
2026-04-28T06:36:59.8722271Z Checks: read
2026-04-28T06:36:59.8722847Z Contents: write
2026-04-28T06:36:59.8723323Z Metadata: read
2026-04-28T06:36:59.8723884Z PullRequests: read
2026-04-28T06:36:59.8724424Z ##[endgroup]
2026-04-28T06:36:59.8726639Z Secret source: Actions
2026-04-28T06:36:59.8727273Z Prepare workflow directory
2026-04-28T06:36:59.9117714Z Prepare all required actions
2026-04-28T06:36:59.9154925Z Getting action download info
2026-04-28T06:37:00.3965884Z Download action repository 'actions/checkout@v4' (SHA:34e114876b0b11c390a56381ad16ebd13914f8d5)
2026-04-28T06:37:00.5283131Z Download action repository 'actions/cache@v4' (SHA:0057852bfaa89a56745cba8c7296529d2fc39830)
2026-04-28T06:37:00.6354848Z Download action repository 'actions/setup-node@v4' (SHA:49933ea5288caeca8642d1e84afbd3f7d6820020)
2026-04-28T06:37:00.7247159Z Download action repository 'reactivecircus/android-emulator-runner@v2' (SHA:e89f39f1abbbd05b1113a29cf4db69e7540cae5a)
2026-04-28T06:37:01.3535227Z Download action repository 'actions/upload-artifact@v4' (SHA:ea165f8d65b6e75b540449e92b4886f43607fa02)
2026-04-28T06:37:01.7740315Z Complete job name: cross-device-tests
2026-04-28T06:37:01.8609874Z ##[group]Run actions/checkout@v4
2026-04-28T06:37:01.8611077Z with:
2026-04-28T06:37:01.8611829Z   ref: chore/remove-shake-to-report
2026-04-28T06:37:01.8612817Z   repository: akarlin3/prismTask
2026-04-28T06:37:01.8613985Z   token: ***
2026-04-28T06:37:01.8614723Z   ssh-strict: true
2026-04-28T06:37:01.8615478Z   ssh-user: git
2026-04-28T06:37:01.8616619Z   persist-credentials: true
2026-04-28T06:37:01.8617528Z   clean: true
2026-04-28T06:37:01.8618319Z   sparse-checkout-cone-mode: true
2026-04-28T06:37:01.8619246Z   fetch-depth: 1
2026-04-28T06:37:01.8619996Z   fetch-tags: false
2026-04-28T06:37:01.8620800Z   show-progress: true
2026-04-28T06:37:01.8621563Z   lfs: false
2026-04-28T06:37:01.8622271Z   submodules: false
2026-04-28T06:37:01.8623046Z   set-safe-directory: true
2026-04-28T06:37:01.8624209Z env:
2026-04-28T06:37:01.8624911Z   USE_FIREBASE_EMULATOR: true
2026-04-28T06:37:01.8625787Z ##[endgroup]
2026-04-28T06:37:01.9821155Z Syncing repository: akarlin3/prismTask
2026-04-28T06:37:01.9823789Z ##[group]Getting Git version info
2026-04-28T06:37:01.9825010Z Working directory is '/home/runner/work/prismTask/prismTask'
2026-04-28T06:37:01.9827341Z [command]/usr/bin/git version
2026-04-28T06:37:01.9860375Z git version 2.53.0
2026-04-28T06:37:01.9884625Z ##[endgroup]
2026-04-28T06:37:01.9899088Z Temporarily overriding HOME='/home/runner/work/_temp/9492d328-267d-49e5-81da-d92fa4198933' before making global git config changes
2026-04-28T06:37:01.9902405Z Adding repository directory to the temporary git global config as a safe directory
2026-04-28T06:37:01.9905517Z [command]/usr/bin/git config --global --add safe.directory /home/runner/work/prismTask/prismTask
2026-04-28T06:37:01.9936766Z Deleting the contents of '/home/runner/work/prismTask/prismTask'
2026-04-28T06:37:01.9941096Z ##[group]Initializing the repository
2026-04-28T06:37:01.9944939Z [command]/usr/bin/git init /home/runner/work/prismTask/prismTask
2026-04-28T06:37:02.0024548Z hint: Using 'master' as the name for the initial branch. This default branch name
2026-04-28T06:37:02.0026983Z hint: will change to "main" in Git 3.0. To configure the initial branch name
2026-04-28T06:37:02.0028738Z hint: to use in all of your new repositories, which will suppress this warning,
2026-04-28T06:37:02.0030101Z hint: call:
2026-04-28T06:37:02.0030800Z hint:
2026-04-28T06:37:02.0031695Z hint: 	git config --global init.defaultBranch <name>
2026-04-28T06:37:02.0032807Z hint:
2026-04-28T06:37:02.0033826Z hint: Names commonly chosen instead of 'master' are 'main', 'trunk' and
2026-04-28T06:37:02.0035906Z hint: 'development'. The just-created branch can be renamed via this command:
2026-04-28T06:37:02.0037509Z hint:
2026-04-28T06:37:02.0038266Z hint: 	git branch -m <name>
2026-04-28T06:37:02.0039278Z hint:
2026-04-28T06:37:02.0041168Z hint: Disable this message with "git config set advice.defaultBranchName false"
2026-04-28T06:37:02.0044274Z Initialized empty Git repository in /home/runner/work/prismTask/prismTask/.git/
2026-04-28T06:37:02.0048779Z [command]/usr/bin/git remote add origin https://github.com/akarlin3/prismTask
2026-04-28T06:37:02.0076999Z ##[endgroup]
2026-04-28T06:37:02.0078311Z ##[group]Disabling automatic garbage collection
2026-04-28T06:37:02.0081439Z [command]/usr/bin/git config --local gc.auto 0
2026-04-28T06:37:02.0111028Z ##[endgroup]
2026-04-28T06:37:02.0112262Z ##[group]Setting up auth
2026-04-28T06:37:02.0117503Z [command]/usr/bin/git config --local --name-only --get-regexp core\.sshCommand
2026-04-28T06:37:02.0148638Z [command]/usr/bin/git submodule foreach --recursive sh -c "git config --local --name-only --get-regexp 'core\.sshCommand' && git config --local --unset-all 'core.sshCommand' || :"
2026-04-28T06:37:02.0455300Z [command]/usr/bin/git config --local --name-only --get-regexp http\.https\:\/\/github\.com\/\.extraheader
2026-04-28T06:37:02.0487358Z [command]/usr/bin/git submodule foreach --recursive sh -c "git config --local --name-only --get-regexp 'http\.https\:\/\/github\.com\/\.extraheader' && git config --local --unset-all 'http.https://github.com/.extraheader' || :"
2026-04-28T06:37:02.0726646Z [command]/usr/bin/git config --local --name-only --get-regexp ^includeIf\.gitdir:
2026-04-28T06:37:02.0757013Z [command]/usr/bin/git submodule foreach --recursive git config --local --show-origin --name-only --get-regexp remote.origin.url
2026-04-28T06:37:02.0990895Z [command]/usr/bin/git config --local http.https://github.com/.extraheader AUTHORIZATION: basic ***
2026-04-28T06:37:02.1027265Z ##[endgroup]
2026-04-28T06:37:02.1029094Z ##[group]Fetching the repository
2026-04-28T06:37:02.1037520Z [command]/usr/bin/git -c protocol.version=2 fetch --no-tags --prune --no-recurse-submodules --depth=1 origin +refs/heads/chore/remove-shake-to-report*:refs/remotes/origin/chore/remove-shake-to-report* +refs/tags/chore/remove-shake-to-report*:refs/tags/chore/remove-shake-to-report*
2026-04-28T06:37:05.2477644Z From https://github.com/akarlin3/prismTask
2026-04-28T06:37:05.2478487Z  * [new branch]      chore/remove-shake-to-report -> origin/chore/remove-shake-to-report
2026-04-28T06:37:05.2506854Z ##[endgroup]
2026-04-28T06:37:05.2507308Z ##[group]Determining the checkout info
2026-04-28T06:37:05.2514274Z [command]/usr/bin/git branch --list --remote origin/chore/remove-shake-to-report
2026-04-28T06:37:05.2540092Z   origin/chore/remove-shake-to-report
2026-04-28T06:37:05.2544544Z ##[endgroup]
2026-04-28T06:37:05.2549170Z [command]/usr/bin/git sparse-checkout disable
2026-04-28T06:37:05.2583382Z [command]/usr/bin/git config --local --unset-all extensions.worktreeConfig
2026-04-28T06:37:05.2611086Z ##[group]Checking out the ref
2026-04-28T06:37:05.2615703Z [command]/usr/bin/git checkout --progress --force -B chore/remove-shake-to-report refs/remotes/origin/chore/remove-shake-to-report
2026-04-28T06:37:05.4994108Z Switched to a new branch 'chore/remove-shake-to-report'
2026-04-28T06:37:05.4995098Z branch 'chore/remove-shake-to-report' set up to track 'origin/chore/remove-shake-to-report'.
2026-04-28T06:37:05.5017977Z ##[endgroup]
2026-04-28T06:37:05.5058245Z [command]/usr/bin/git log -1 --format=%H
2026-04-28T06:37:05.5081902Z 250ca378b810bcf05f717b94dad7ceb23a6dbb74
2026-04-28T06:37:05.5318618Z Prepare all required actions
2026-04-28T06:37:05.5319141Z Getting action download info
2026-04-28T06:37:05.7093715Z Download action repository 'actions/setup-java@v4' (SHA:c1e323688fd81a25caa38c78aa6df2d33d3e20d9)
2026-04-28T06:37:06.5371579Z Download action repository 'gradle/actions@v4' (SHA:ed408507eac070d1f99cc633dbcf757c94c7933a)
2026-04-28T06:37:08.2997682Z ##[group]Run ./.github/actions/setup-android
2026-04-28T06:37:08.2997972Z env:
2026-04-28T06:37:08.2998192Z   USE_FIREBASE_EMULATOR: true
2026-04-28T06:37:08.2998427Z ##[endgroup]
2026-04-28T06:37:08.3148157Z ##[group]Run actions/setup-java@v4
2026-04-28T06:37:08.3148431Z with:
2026-04-28T06:37:08.3148608Z   java-version: 21
2026-04-28T06:37:08.3148812Z   distribution: temurin
2026-04-28T06:37:08.3149024Z   java-package: jdk
2026-04-28T06:37:08.3149244Z   check-latest: false
2026-04-28T06:37:08.3149475Z   server-id: github
2026-04-28T06:37:08.3149675Z   server-username: GITHUB_ACTOR
2026-04-28T06:37:08.3149965Z   server-password: GITHUB_TOKEN
2026-04-28T06:37:08.3150205Z   overwrite-settings: true
2026-04-28T06:37:08.3150435Z   job-status: success
2026-04-28T06:37:08.3150779Z   token: ***
2026-04-28T06:37:08.3150961Z env:
2026-04-28T06:37:08.3151154Z   USE_FIREBASE_EMULATOR: true
2026-04-28T06:37:08.3151379Z ##[endgroup]
2026-04-28T06:37:08.5109712Z ##[group]Installed distributions
2026-04-28T06:37:08.7047177Z Resolved Java 21.0.10+7 from tool-cache
2026-04-28T06:37:08.7048901Z Setting Java 21.0.10+7 as the default
2026-04-28T06:37:08.7060468Z Creating toolchains.xml for JDK version 21 from temurin
2026-04-28T06:37:08.7132312Z Writing to /home/runner/.m2/toolchains.xml
2026-04-28T06:37:08.7132776Z 
2026-04-28T06:37:08.7133168Z Java configuration:
2026-04-28T06:37:08.7134601Z   Distribution: temurin
2026-04-28T06:37:08.7134946Z   Version: 21.0.10+7
2026-04-28T06:37:08.7135550Z   Path: /opt/hostedtoolcache/Java_Temurin-Hotspot_jdk/21.0.10-7/x64
2026-04-28T06:37:08.7135970Z 
2026-04-28T06:37:08.7137058Z ##[endgroup]
2026-04-28T06:37:08.7151608Z Creating settings.xml with server-id: github
2026-04-28T06:37:08.7159114Z Writing to /home/runner/.m2/settings.xml
2026-04-28T06:37:08.7382162Z ##[group]Run gradle/actions/setup-gradle@v4
2026-04-28T06:37:08.7382440Z with:
2026-04-28T06:37:08.7382633Z   cache-disabled: false
2026-04-28T06:37:08.7382860Z   cache-read-only: true
2026-04-28T06:37:08.7383073Z   cache-write-only: false
2026-04-28T06:37:08.7383301Z   cache-overwrite-existing: false
2026-04-28T06:37:08.7383554Z   cache-cleanup: on-success
2026-04-28T06:37:08.7383834Z   gradle-home-cache-includes: caches
notifications

2026-04-28T06:37:08.7384149Z   add-job-summary: always
2026-04-28T06:37:08.7384389Z   add-job-summary-as-pr-comment: never
2026-04-28T06:37:08.7384663Z   dependency-graph: disabled
2026-04-28T06:37:08.7384956Z   dependency-graph-report-dir: dependency-graph-reports
2026-04-28T06:37:08.7385306Z   dependency-graph-continue-on-failure: true
2026-04-28T06:37:08.7385593Z   build-scan-publish: false
2026-04-28T06:37:08.7385826Z   validate-wrappers: true
2026-04-28T06:37:08.7386077Z   allow-snapshot-wrappers: false
2026-04-28T06:37:08.7386723Z   gradle-home-cache-strict-match: false
2026-04-28T06:37:08.7387001Z   workflow-job-context: null
2026-04-28T06:37:08.7387356Z   github-token: ***
2026-04-28T06:37:08.7387559Z env:
2026-04-28T06:37:08.7387765Z   USE_FIREBASE_EMULATOR: true
2026-04-28T06:37:08.7388100Z   JAVA_HOME: /opt/hostedtoolcache/Java_Temurin-Hotspot_jdk/21.0.10-7/x64
2026-04-28T06:37:08.7388564Z   JAVA_HOME_21_X64: /opt/hostedtoolcache/Java_Temurin-Hotspot_jdk/21.0.10-7/x64
2026-04-28T06:37:08.7389117Z ##[endgroup]
2026-04-28T06:37:09.1685878Z Merged default JDK locations into /home/runner/.m2/toolchains.xml
2026-04-28T06:37:09.1688914Z ##[group]Restore Gradle state from cache
2026-04-28T06:37:09.3652540Z Cache hit for restore-key: gradle-home-v1|Linux-X64|cross-device-tests[1e7216165ffdcf45b9a4b7e3077585ac]-2290a2b04e521f7d085fa807bf79684e971eb46b
2026-04-28T06:37:10.5516302Z Received 54525952 of 98474908 (55.4%), 52.0 MBs/sec
2026-04-28T06:37:10.7700179Z Received 98474908 of 98474908 (100.0%), 77.1 MBs/sec
2026-04-28T06:37:10.7701916Z Cache Size: ~94 MB (98474908 B)
2026-04-28T06:37:10.7732331Z [command]/usr/bin/tar -xf /home/runner/work/_temp/97e8648c-7ef4-4de2-a373-e0cd6a27701f/cache.tzst -P -C /home/runner/work/prismTask/prismTask --use-compress-program unzstd
2026-04-28T06:37:11.1536743Z Cache restored successfully
2026-04-28T06:37:11.1587432Z Restored cache entry with key gradle-home-v1|Linux-X64|cross-device-tests[1e7216165ffdcf45b9a4b7e3077585ac]-2ac6823ab818f9b633fcc0412798e9a236f2c12f to /home/runner/.gradle/caches,/home/runner/.gradle/notifications,/home/runner/.gradle/.setup-gradle in 1989ms
2026-04-28T06:37:11.3100749Z Cache hit for: gradle-generated-gradle-jars-v1-cb4b032a7d08b9bf1e84e9eacaebcc29
2026-04-28T06:37:11.3242625Z Cache hit for: gradle-transforms-v1-f5def0e96f9910358497395fb6c315b0
2026-04-28T06:37:11.3265209Z Cache hit for: gradle-kotlin-dsl-v1-301575a9b425e0ea0a7b08dd71a56e44
2026-04-28T06:37:11.3285199Z Cache hit for: gradle-wrapper-zips-v1-8c0de4c6bda6041d6e054bf825a89c98
2026-04-28T06:37:11.3290394Z Cache hit for: gradle-groovy-dsl-v1-c3d255e5bd9d7a039a60b9c77bb3e380
2026-04-28T06:37:11.3341891Z Cache hit for: gradle-dependencies-v1-e0fc4029e4470cca68ede5c2db44de20
2026-04-28T06:37:11.3414414Z Cache hit for: gradle-instrumented-jars-v1-405a56f4087182bc82a64a56c6008711
2026-04-28T06:37:11.8421799Z Received 289545 of 289545 (100.0%), 0.8 MBs/sec
2026-04-28T06:37:11.8422292Z Cache Size: ~0 MB (289545 B)
2026-04-28T06:37:11.8448410Z [command]/usr/bin/tar -xf /home/runner/work/_temp/b80ec859-d50d-42f4-9d63-8639a7250b6f/cache.tzst -P -C /home/runner/work/prismTask/prismTask --use-compress-program unzstd
2026-04-28T06:37:11.8694200Z Received 64684 of 64684 (100.0%), 0.2 MBs/sec
2026-04-28T06:37:11.8694767Z Cache Size: ~0 MB (64684 B)
2026-04-28T06:37:11.8924335Z [command]/usr/bin/tar -xf /home/runner/work/_temp/d7819c11-f1df-431a-9ee9-e0a91c1bd3d1/cache.tzst -P -C /home/runner/work/prismTask/prismTask --use-compress-program unzstd
2026-04-28T06:37:11.9040713Z Cache restored successfully
2026-04-28T06:37:11.9048750Z Restored cache entry with key gradle-instrumented-jars-v1-405a56f4087182bc82a64a56c6008711 to /home/runner/.gradle/caches/jars-*/*/ in 744ms
2026-04-28T06:37:11.9059617Z Received 124139 of 124139 (100.0%), 0.3 MBs/sec
2026-04-28T06:37:11.9060451Z Cache Size: ~0 MB (124139 B)
2026-04-28T06:37:11.9095545Z [command]/usr/bin/tar -xf /home/runner/work/_temp/67a70b60-4af9-4949-a8de-6e396e4cb0ce/cache.tzst -P -C /home/runner/work/prismTask/prismTask --use-compress-program unzstd
2026-04-28T06:37:11.9585282Z Cache restored successfully
2026-04-28T06:37:11.9586946Z Restored cache entry with key gradle-groovy-dsl-v1-c3d255e5bd9d7a039a60b9c77bb3e380 to /home/runner/.gradle/caches/*/groovy-dsl/*/ in 798ms
2026-04-28T06:37:11.9647240Z Cache restored successfully
2026-04-28T06:37:11.9649575Z Restored cache entry with key gradle-kotlin-dsl-v1-301575a9b425e0ea0a7b08dd71a56e44 to /home/runner/.gradle/caches/*/kotlin-dsl/accessors/*/,/home/runner/.gradle/caches/*/kotlin-dsl/scripts/*/ in 804ms
2026-04-28T06:37:12.4828018Z Received 37799100 of 41993404 (90.0%), 35.9 MBs/sec
2026-04-28T06:37:12.5053352Z Received 33554432 of 453712297 (7.4%), 31.9 MBs/sec
2026-04-28T06:37:12.5243259Z Received 41943040 of 136352669 (30.8%), 39.8 MBs/sec
2026-04-28T06:37:12.5401684Z Received 41943040 of 463868447 (9.0%), 40.0 MBs/sec
2026-04-28T06:37:12.5690328Z Received 41993404 of 41993404 (100.0%), 36.8 MBs/sec
2026-04-28T06:37:12.5692573Z Cache Size: ~40 MB (41993404 B)
2026-04-28T06:37:12.5832616Z [command]/usr/bin/tar -xf /home/runner/work/_temp/97fd9a2a-9500-4ca5-bbb4-d163fd5ce575/cache.tzst -P -C /home/runner/work/prismTask/prismTask --use-compress-program unzstd
2026-04-28T06:37:12.9043430Z Cache restored successfully
2026-04-28T06:37:12.9074420Z Restored cache entry with key gradle-generated-gradle-jars-v1-cb4b032a7d08b9bf1e84e9eacaebcc29 to /home/runner/.gradle/caches/9.3.1/generated-gradle-jars/gradle-api-9.3.1.jar in 1748ms
2026-04-28T06:37:13.2569126Z Received 136352669 of 136352669 (100.0%), 74.9 MBs/sec
2026-04-28T06:37:13.2569692Z Cache Size: ~130 MB (136352669 B)
2026-04-28T06:37:13.2586756Z [command]/usr/bin/tar -xf /home/runner/work/_temp/f3163cd2-81d7-4c60-a063-5a3b433ed8d9/cache.tzst -P -C /home/runner/work/prismTask/prismTask --use-compress-program unzstd
2026-04-28T06:37:13.5056261Z Received 163577856 of 453712297 (36.1%), 77.9 MBs/sec
2026-04-28T06:37:13.5412308Z Cache restored successfully
2026-04-28T06:37:13.5413066Z Received 176160768 of 463868447 (38.0%), 84.0 MBs/sec
2026-04-28T06:37:13.5481141Z Restored cache entry with key gradle-wrapper-zips-v1-8c0de4c6bda6041d6e054bf825a89c98 to /home/runner/.gradle/wrapper/dists/gradle-9.3.1-bin/23ovyewtku6u96viwx3xl3oks in 2388ms
2026-04-28T06:37:14.5058809Z Received 331350016 of 453712297 (73.0%), 105.3 MBs/sec
2026-04-28T06:37:14.5406987Z Received 310378496 of 463868447 (66.9%), 98.7 MBs/sec
2026-04-28T06:37:15.3754843Z Received 463868447 of 463868447 (100.0%), 115.4 MBs/sec
2026-04-28T06:37:15.3757794Z Cache Size: ~442 MB (463868447 B)
2026-04-28T06:37:15.3872629Z [command]/usr/bin/tar -xf /home/runner/work/_temp/6051b675-cf6d-4acb-93c9-7a2a4112d4c6/cache.tzst -P -C /home/runner/work/prismTask/prismTask --use-compress-program unzstd
2026-04-28T06:37:15.5107981Z Received 449517993 of 453712297 (99.1%), 107.0 MBs/sec
2026-04-28T06:37:15.7101051Z Received 453712297 of 453712297 (100.0%), 102.9 MBs/sec
2026-04-28T06:37:15.7101722Z Cache Size: ~433 MB (453712297 B)
2026-04-28T06:37:15.7121210Z [command]/usr/bin/tar -xf /home/runner/work/_temp/47ac9409-378a-4856-ac7b-8c078faeb9e4/cache.tzst -P -C /home/runner/work/prismTask/prismTask --use-compress-program unzstd
2026-04-28T06:37:17.5677000Z Cache restored successfully
2026-04-28T06:37:17.7102921Z Restored cache entry with key gradle-dependencies-v1-e0fc4029e4470cca68ede5c2db44de20 to /home/runner/.gradle/caches/modules-*/files-*/*/*/*/* in 6549ms
2026-04-28T06:37:21.5335883Z Cache restored successfully
2026-04-28T06:37:21.5551716Z Restored cache entry with key gradle-transforms-v1-f5def0e96f9910358497395fb6c315b0 to /home/runner/.gradle/caches/transforms-4/*/,/home/runner/.gradle/caches/*/transforms/*/ in 10393ms
2026-04-28T06:37:21.5625415Z ##[endgroup]
2026-04-28T06:37:21.5956325Z ##[group]All Gradle Wrapper jars are valid
2026-04-28T06:37:21.5957586Z ✓ Found known Gradle Wrapper JAR files:
2026-04-28T06:37:21.5958487Z   b3a875ddc1f044746e1b1a55f645584505f4a10438c1afea9f15e92a7c42ec13 gradle/wrapper/gradle-wrapper.jar
2026-04-28T06:37:21.5959566Z ##[endgroup]
2026-04-28T06:37:21.6140828Z ##[group]Run chmod +x gradlew
2026-04-28T06:37:21.6141228Z [36;1mchmod +x gradlew[0m
2026-04-28T06:37:21.6167400Z shell: /usr/bin/bash --noprofile --norc -e -o pipefail {0}
2026-04-28T06:37:21.6167794Z env:
2026-04-28T06:37:21.6168028Z   USE_FIREBASE_EMULATOR: true
2026-04-28T06:37:21.6168444Z   JAVA_HOME: /opt/hostedtoolcache/Java_Temurin-Hotspot_jdk/21.0.10-7/x64
2026-04-28T06:37:21.6169029Z   JAVA_HOME_21_X64: /opt/hostedtoolcache/Java_Temurin-Hotspot_jdk/21.0.10-7/x64
2026-04-28T06:37:21.6169516Z   GRADLE_ACTION_ID: gradle/actions/setup-gradle
2026-04-28T06:37:21.6169860Z   GRADLE_USER_HOME: /home/runner/.gradle
2026-04-28T06:37:21.6170186Z   GRADLE_BUILD_ACTION_SETUP_COMPLETED: true
2026-04-28T06:37:21.6170521Z   GRADLE_BUILD_ACTION_CACHE_RESTORED: true
2026-04-28T06:37:21.6171000Z   DEVELOCITY_INJECTION_INIT_SCRIPT_NAME: gradle-actions.inject-develocity.init.gradle
2026-04-28T06:37:21.6171511Z   DEVELOCITY_INJECTION_CUSTOM_VALUE: gradle-actions
2026-04-28T06:37:21.6172083Z   GITHUB_DEPENDENCY_GRAPH_ENABLED: false
2026-04-28T06:37:21.6172387Z ##[endgroup]
2026-04-28T06:37:21.8530976Z ##[group]Run actions/cache@v4
2026-04-28T06:37:21.8531278Z with:
2026-04-28T06:37:21.8531511Z   path: app/build
2026-04-28T06:37:21.8531950Z   key: app-build-Linux-91df4f917e4892f5419196cacca775887b882bfb215d30fe675f15b0ff5377db
2026-04-28T06:37:21.8532457Z   restore-keys: app-build-Linux-

2026-04-28T06:37:21.8532775Z   enableCrossOsArchive: false
2026-04-28T06:37:21.8533071Z   fail-on-cache-miss: false
2026-04-28T06:37:21.8533349Z   lookup-only: false
2026-04-28T06:37:21.8533601Z   save-always: false
2026-04-28T06:37:21.8533838Z env:
2026-04-28T06:37:21.8534065Z   USE_FIREBASE_EMULATOR: true
2026-04-28T06:37:21.8534461Z   JAVA_HOME: /opt/hostedtoolcache/Java_Temurin-Hotspot_jdk/21.0.10-7/x64
2026-04-28T06:37:21.8534989Z   JAVA_HOME_21_X64: /opt/hostedtoolcache/Java_Temurin-Hotspot_jdk/21.0.10-7/x64
2026-04-28T06:37:21.8535446Z   GRADLE_ACTION_ID: gradle/actions/setup-gradle
2026-04-28T06:37:21.8535801Z   GRADLE_USER_HOME: /home/runner/.gradle
2026-04-28T06:37:21.8536435Z   GRADLE_BUILD_ACTION_SETUP_COMPLETED: true
2026-04-28T06:37:21.8536825Z   GRADLE_BUILD_ACTION_CACHE_RESTORED: true
2026-04-28T06:37:21.8537317Z   DEVELOCITY_INJECTION_INIT_SCRIPT_NAME: gradle-actions.inject-develocity.init.gradle
2026-04-28T06:37:21.8537831Z   DEVELOCITY_INJECTION_CUSTOM_VALUE: gradle-actions
2026-04-28T06:37:21.8538189Z   GITHUB_DEPENDENCY_GRAPH_ENABLED: false
2026-04-28T06:37:21.8538494Z ##[endgroup]
2026-04-28T06:37:22.1635024Z Cache hit for restore-key: app-build-Linux-90f4916b392bfc51f15ab3187d8ef67d3fe9c7c5e5496df4c6858e112753dedb
2026-04-28T06:37:23.3568242Z Received 79691776 of 155817990 (51.1%), 76.0 MBs/sec
2026-04-28T06:37:23.8473273Z Received 155817990 of 155817990 (100.0%), 99.7 MBs/sec
2026-04-28T06:37:23.8474418Z Cache Size: ~149 MB (155817990 B)
2026-04-28T06:37:23.8566690Z [command]/usr/bin/tar -xf /home/runner/work/_temp/2d586bbb-8fa8-4919-92c2-cb3b4f8833ff/cache.tzst -P -C /home/runner/work/prismTask/prismTask --use-compress-program unzstd
2026-04-28T06:37:25.6480815Z Cache restored successfully
2026-04-28T06:37:25.6634844Z Cache restored from key: app-build-Linux-90f4916b392bfc51f15ab3187d8ef67d3fe9c7c5e5496df4c6858e112753dedb
2026-04-28T06:37:25.6784012Z ##[group]Run actions/setup-node@v4
2026-04-28T06:37:25.6784342Z with:
2026-04-28T06:37:25.6784583Z   node-version: 20
2026-04-28T06:37:25.6784841Z   always-auth: false
2026-04-28T06:37:25.6785096Z   check-latest: false
2026-04-28T06:37:25.6785463Z   token: ***
2026-04-28T06:37:25.6785702Z env:
2026-04-28T06:37:25.6785947Z   USE_FIREBASE_EMULATOR: true
2026-04-28T06:37:25.6786652Z   JAVA_HOME: /opt/hostedtoolcache/Java_Temurin-Hotspot_jdk/21.0.10-7/x64
2026-04-28T06:37:25.6787188Z   JAVA_HOME_21_X64: /opt/hostedtoolcache/Java_Temurin-Hotspot_jdk/21.0.10-7/x64
2026-04-28T06:37:25.6787645Z   GRADLE_ACTION_ID: gradle/actions/setup-gradle
2026-04-28T06:37:25.6787996Z   GRADLE_USER_HOME: /home/runner/.gradle
2026-04-28T06:37:25.6788355Z   GRADLE_BUILD_ACTION_SETUP_COMPLETED: true
2026-04-28T06:37:25.6788701Z   GRADLE_BUILD_ACTION_CACHE_RESTORED: true
2026-04-28T06:37:25.6789188Z   DEVELOCITY_INJECTION_INIT_SCRIPT_NAME: gradle-actions.inject-develocity.init.gradle
2026-04-28T06:37:25.6789734Z   DEVELOCITY_INJECTION_CUSTOM_VALUE: gradle-actions
2026-04-28T06:37:25.6790108Z   GITHUB_DEPENDENCY_GRAPH_ENABLED: false
2026-04-28T06:37:25.6790428Z ##[endgroup]
2026-04-28T06:37:25.8501471Z Found in cache @ /opt/hostedtoolcache/node/20.20.2/x64
2026-04-28T06:37:25.8507350Z ##[group]Environment details
2026-04-28T06:37:26.1287689Z node: v20.20.2
2026-04-28T06:37:26.1288101Z npm: 10.8.2
2026-04-28T06:37:26.1288352Z yarn: 1.22.22
2026-04-28T06:37:26.1288986Z ##[endgroup]
2026-04-28T06:37:26.1412328Z ##[group]Run actions/cache@v4
2026-04-28T06:37:26.1412636Z with:
2026-04-28T06:37:26.1413020Z   path: ~/.npm
/usr/local/lib/node_modules/firebase-tools
/usr/local/bin/firebase

2026-04-28T06:37:26.1413476Z   key: firebase-tools-Linux-v15
2026-04-28T06:37:26.1413981Z   enableCrossOsArchive: false
2026-04-28T06:37:26.1414279Z   fail-on-cache-miss: false
2026-04-28T06:37:26.1414566Z   lookup-only: false
2026-04-28T06:37:26.1414825Z   save-always: false
2026-04-28T06:37:26.1415060Z env:
2026-04-28T06:37:26.1415300Z   USE_FIREBASE_EMULATOR: true
2026-04-28T06:37:26.1415703Z   JAVA_HOME: /opt/hostedtoolcache/Java_Temurin-Hotspot_jdk/21.0.10-7/x64
2026-04-28T06:37:26.1416465Z   JAVA_HOME_21_X64: /opt/hostedtoolcache/Java_Temurin-Hotspot_jdk/21.0.10-7/x64
2026-04-28T06:37:26.1416934Z   GRADLE_ACTION_ID: gradle/actions/setup-gradle
2026-04-28T06:37:26.1417282Z   GRADLE_USER_HOME: /home/runner/.gradle
2026-04-28T06:37:26.1417607Z   GRADLE_BUILD_ACTION_SETUP_COMPLETED: true
2026-04-28T06:37:26.1418007Z   GRADLE_BUILD_ACTION_CACHE_RESTORED: true
2026-04-28T06:37:26.1418493Z   DEVELOCITY_INJECTION_INIT_SCRIPT_NAME: gradle-actions.inject-develocity.init.gradle
2026-04-28T06:37:26.1419002Z   DEVELOCITY_INJECTION_CUSTOM_VALUE: gradle-actions
2026-04-28T06:37:26.1419371Z   GITHUB_DEPENDENCY_GRAPH_ENABLED: false
2026-04-28T06:37:26.1419707Z ##[endgroup]
2026-04-28T06:37:26.4798530Z Cache hit for: firebase-tools-Linux-v15
2026-04-28T06:37:27.6471949Z Received 70549225 of 70549225 (100.0%), 67.8 MBs/sec
2026-04-28T06:37:27.6472585Z Cache Size: ~67 MB (70549225 B)
2026-04-28T06:37:27.6501808Z [command]/usr/bin/tar -xf /home/runner/work/_temp/78446b2a-12ff-49fd-8ad3-62e448af0e2b/cache.tzst -P -C /home/runner/work/prismTask/prismTask --use-compress-program unzstd
2026-04-28T06:37:28.0659278Z Cache restored successfully
2026-04-28T06:37:28.0772927Z Cache restored from key: firebase-tools-Linux-v15
2026-04-28T06:37:28.0907800Z ##[group]Run firebase --version
2026-04-28T06:37:28.0908190Z [36;1mfirebase --version[0m
2026-04-28T06:37:28.1569262Z shell: /usr/bin/bash -e {0}
2026-04-28T06:37:28.1569739Z env:
2026-04-28T06:37:28.1570101Z   USE_FIREBASE_EMULATOR: true
2026-04-28T06:37:28.1570719Z   JAVA_HOME: /opt/hostedtoolcache/Java_Temurin-Hotspot_jdk/21.0.10-7/x64
2026-04-28T06:37:28.1571610Z   JAVA_HOME_21_X64: /opt/hostedtoolcache/Java_Temurin-Hotspot_jdk/21.0.10-7/x64
2026-04-28T06:37:28.1572332Z   GRADLE_ACTION_ID: gradle/actions/setup-gradle
2026-04-28T06:37:28.1572848Z   GRADLE_USER_HOME: /home/runner/.gradle
2026-04-28T06:37:28.1573351Z   GRADLE_BUILD_ACTION_SETUP_COMPLETED: true
2026-04-28T06:37:28.1573876Z   GRADLE_BUILD_ACTION_CACHE_RESTORED: true
2026-04-28T06:37:28.1574620Z   DEVELOCITY_INJECTION_INIT_SCRIPT_NAME: gradle-actions.inject-develocity.init.gradle
2026-04-28T06:37:28.1575417Z   DEVELOCITY_INJECTION_CUSTOM_VALUE: gradle-actions
2026-04-28T06:37:28.1576017Z   GITHUB_DEPENDENCY_GRAPH_ENABLED: false
2026-04-28T06:37:28.1576640Z ##[endgroup]
2026-04-28T06:37:28.1638772Z /home/runner/work/_temp/2f151d7f-59eb-44f2-b377-e40a92ace7de.sh: line 1: firebase: command not found
2026-04-28T06:37:28.1652631Z ##[error]Process completed with exit code 127.
2026-04-28T06:37:28.1710973Z ##[group]Run if [ -n "${FIREBASE_EMULATORS_PID:-}" ]; then
2026-04-28T06:37:28.1711480Z [36;1mif [ -n "${FIREBASE_EMULATORS_PID:-}" ]; then[0m
2026-04-28T06:37:28.1711900Z [36;1m  kill "$FIREBASE_EMULATORS_PID" || true[0m
2026-04-28T06:37:28.1712324Z [36;1m  wait "$FIREBASE_EMULATORS_PID" 2>/dev/null || true[0m
2026-04-28T06:37:28.1712701Z [36;1mfi[0m
2026-04-28T06:37:28.1733387Z shell: /usr/bin/bash -e {0}
2026-04-28T06:37:28.1733693Z env:
2026-04-28T06:37:28.1733944Z   USE_FIREBASE_EMULATOR: true
2026-04-28T06:37:28.1734364Z   JAVA_HOME: /opt/hostedtoolcache/Java_Temurin-Hotspot_jdk/21.0.10-7/x64
2026-04-28T06:37:28.1734899Z   JAVA_HOME_21_X64: /opt/hostedtoolcache/Java_Temurin-Hotspot_jdk/21.0.10-7/x64
2026-04-28T06:37:28.1735362Z   GRADLE_ACTION_ID: gradle/actions/setup-gradle
2026-04-28T06:37:28.1735721Z   GRADLE_USER_HOME: /home/runner/.gradle
2026-04-28T06:37:28.1736071Z   GRADLE_BUILD_ACTION_SETUP_COMPLETED: true
2026-04-28T06:37:28.1736661Z   GRADLE_BUILD_ACTION_CACHE_RESTORED: true
2026-04-28T06:37:28.1737165Z   DEVELOCITY_INJECTION_INIT_SCRIPT_NAME: gradle-actions.inject-develocity.init.gradle
2026-04-28T06:37:28.1737881Z   DEVELOCITY_INJECTION_CUSTOM_VALUE: gradle-actions
2026-04-28T06:37:28.1738253Z   GITHUB_DEPENDENCY_GRAPH_ENABLED: false
2026-04-28T06:37:28.1738575Z ##[endgroup]
2026-04-28T06:37:28.2112339Z ##[group]Run actions/upload-artifact@v4
2026-04-28T06:37:28.2112679Z with:
2026-04-28T06:37:28.2112933Z   name: cross-device-test-results
2026-04-28T06:37:28.2113396Z   path: app/build/reports/androidTests/
app/build/outputs/androidTest-results/

2026-04-28T06:37:28.2113849Z   retention-days: 7
2026-04-28T06:37:28.2114115Z   if-no-files-found: ignore
2026-04-28T06:37:28.2114404Z   compression-level: 6
2026-04-28T06:37:28.2114671Z   overwrite: false
2026-04-28T06:37:28.2114930Z   include-hidden-files: false
2026-04-28T06:37:28.2115230Z env:
2026-04-28T06:37:28.2115472Z   USE_FIREBASE_EMULATOR: true
2026-04-28T06:37:28.2115874Z   JAVA_HOME: /opt/hostedtoolcache/Java_Temurin-Hotspot_jdk/21.0.10-7/x64
2026-04-28T06:37:28.2116634Z   JAVA_HOME_21_X64: /opt/hostedtoolcache/Java_Temurin-Hotspot_jdk/21.0.10-7/x64
2026-04-28T06:37:28.2117122Z   GRADLE_ACTION_ID: gradle/actions/setup-gradle
2026-04-28T06:37:28.2117483Z   GRADLE_USER_HOME: /home/runner/.gradle
2026-04-28T06:37:28.2117860Z   GRADLE_BUILD_ACTION_SETUP_COMPLETED: true
2026-04-28T06:37:28.2118216Z   GRADLE_BUILD_ACTION_CACHE_RESTORED: true
2026-04-28T06:37:28.2118703Z   DEVELOCITY_INJECTION_INIT_SCRIPT_NAME: gradle-actions.inject-develocity.init.gradle
2026-04-28T06:37:28.2119294Z   DEVELOCITY_INJECTION_CUSTOM_VALUE: gradle-actions
2026-04-28T06:37:28.2119853Z   GITHUB_DEPENDENCY_GRAPH_ENABLED: false
2026-04-28T06:37:28.2120331Z ##[endgroup]
2026-04-28T06:37:28.4329382Z Multiple search paths detected. Calculating the least common ancestor of all paths
2026-04-28T06:37:28.4331867Z The least common ancestor is /home/runner/work/prismTask/prismTask/app/build. This will be the root directory of the artifact
2026-04-28T06:37:28.4332908Z With the provided path, there will be 21 files uploaded
2026-04-28T06:37:28.4337636Z Artifact name is valid!
2026-04-28T06:37:28.4338692Z Root directory input is valid!
2026-04-28T06:37:28.6704609Z Beginning upload of artifact content to blob storage
2026-04-28T06:37:28.9287713Z Uploaded bytes 27470
2026-04-28T06:37:28.9770868Z Finished uploading artifact content to blob storage!
2026-04-28T06:37:28.9774488Z SHA256 digest of uploaded artifact zip is 1abcdc9bd1ff6e1417bf9ca6409821c0c4a5d2949e3b62ede385228e7297db87
2026-04-28T06:37:28.9776431Z Finalizing artifact upload
2026-04-28T06:37:29.1340170Z Artifact cross-device-test-results.zip successfully finalized. Artifact ID 6677749740
2026-04-28T06:37:29.1341634Z Artifact cross-device-test-results has been successfully uploaded! Final size is 27470 bytes. Artifact ID is 6677749740
2026-04-28T06:37:29.1348230Z Artifact download URL: https://github.com/akarlin3/prismTask/actions/runs/25037854517/artifacts/6677749740
2026-04-28T06:37:29.1482657Z Post job cleanup.
2026-04-28T06:37:29.2533248Z Post job cleanup.
2026-04-28T06:37:29.5996685Z In post-action step
2026-04-28T06:37:29.6002664Z Cache is read-only: will not save state for use in subsequent builds.
2026-04-28T06:37:29.6008398Z Generating Job Summary
2026-04-28T06:37:29.6028733Z Completed post-action step
2026-04-28T06:37:29.6232056Z Post job cleanup.
2026-04-28T06:37:29.8124828Z Post job cleanup.
2026-04-28T06:37:29.9077004Z [command]/usr/bin/git version
2026-04-28T06:37:29.9120472Z git version 2.53.0
2026-04-28T06:37:29.9160415Z Temporarily overriding HOME='/home/runner/work/_temp/6d8c7ffc-6633-4ded-880b-076f1ebc88d9' before making global git config changes
2026-04-28T06:37:29.9161410Z Adding repository directory to the temporary git global config as a safe directory
2026-04-28T06:37:29.9167332Z [command]/usr/bin/git config --global --add safe.directory /home/runner/work/prismTask/prismTask
2026-04-28T06:37:29.9202146Z [command]/usr/bin/git config --local --name-only --get-regexp core\.sshCommand
2026-04-28T06:37:29.9235128Z [command]/usr/bin/git submodule foreach --recursive sh -c "git config --local --name-only --get-regexp 'core\.sshCommand' && git config --local --unset-all 'core.sshCommand' || :"
2026-04-28T06:37:29.9477021Z [command]/usr/bin/git config --local --name-only --get-regexp http\.https\:\/\/github\.com\/\.extraheader
2026-04-28T06:37:29.9498778Z http.https://github.com/.extraheader
2026-04-28T06:37:29.9510677Z [command]/usr/bin/git config --local --unset-all http.https://github.com/.extraheader
2026-04-28T06:37:29.9541663Z [command]/usr/bin/git submodule foreach --recursive sh -c "git config --local --name-only --get-regexp 'http\.https\:\/\/github\.com\/\.extraheader' && git config --local --unset-all 'http.https://github.com/.extraheader' || :"
2026-04-28T06:37:29.9783539Z [command]/usr/bin/git config --local --name-only --get-regexp ^includeIf\.gitdir:
2026-04-28T06:37:29.9818502Z [command]/usr/bin/git submodule foreach --recursive git config --local --show-origin --name-only --get-regexp remote.origin.url
2026-04-28T06:37:30.0163972Z Cleaning up orphan processes
2026-04-28T06:37:30.0452174Z ##[warning]Node.js 20 actions are deprecated. The following actions are running on Node.js 20 and may not work as expected: actions/cache@v4, actions/checkout@v4, actions/setup-java@v4, actions/setup-node@v4, actions/upload-artifact@v4, gradle/actions/setup-gradle@v4. Actions will be forced to run with Node.js 24 by default starting June 2nd, 2026. Node.js 20 will be removed from the runner on September 16th, 2026. Please check if updated versions of these actions are available that support Node.js 24. To opt into Node.js 24 now, set the FORCE_JAVASCRIPT_ACTIONS_TO_NODE24=true environment variable on the runner or in your workflow file. Once Node.js 24 becomes the default, you can temporarily opt out by setting ACTIONS_ALLOW_USE_UNSECURE_NODE_VERSION=true. For more information see: https://github.blog/changelog/2025-09-19-deprecation-of-node-20-on-github-actions-runners/


--- Job: connected-tests (id 73333617249) ---
2026-04-28T06:36:58.9381595Z Current runner version: '2.333.1'
2026-04-28T06:36:58.9410668Z ##[group]Runner Image Provisioner
2026-04-28T06:36:58.9411781Z Hosted Compute Agent
2026-04-28T06:36:58.9412386Z Version: 20260213.493
2026-04-28T06:36:58.9413083Z Commit: 5c115507f6dd24b8de37d8bbe0bb4509d0cc0fa3
2026-04-28T06:36:58.9414100Z Build Date: 2026-02-13T00:28:41Z
2026-04-28T06:36:58.9414911Z Worker ID: {5d6a77bb-71bf-4c9a-8ff5-352feded5237}
2026-04-28T06:36:58.9415752Z Azure Region: northcentralus
2026-04-28T06:36:58.9416459Z ##[endgroup]
2026-04-28T06:36:58.9418077Z ##[group]Operating System
2026-04-28T06:36:58.9418904Z Ubuntu
2026-04-28T06:36:58.9419512Z 24.04.4
2026-04-28T06:36:58.9420017Z LTS
2026-04-28T06:36:58.9420581Z ##[endgroup]
2026-04-28T06:36:58.9421094Z ##[group]Runner Image
2026-04-28T06:36:58.9421821Z Image: ubuntu-24.04
2026-04-28T06:36:58.9422409Z Version: 20260413.86.1
2026-04-28T06:36:58.9423919Z Included Software: https://github.com/actions/runner-images/blob/ubuntu24/20260413.86/images/ubuntu/Ubuntu2404-Readme.md
2026-04-28T06:36:58.9425776Z Image Release: https://github.com/actions/runner-images/releases/tag/ubuntu24%2F20260413.86
2026-04-28T06:36:58.9426969Z ##[endgroup]
2026-04-28T06:36:58.9428462Z ##[group]GITHUB_TOKEN Permissions
2026-04-28T06:36:58.9430996Z Actions: read
2026-04-28T06:36:58.9431593Z Checks: read
2026-04-28T06:36:58.9432211Z Contents: write
2026-04-28T06:36:58.9432726Z Metadata: read
2026-04-28T06:36:58.9433528Z PullRequests: read
2026-04-28T06:36:58.9434096Z ##[endgroup]
2026-04-28T06:36:58.9436405Z Secret source: Actions
2026-04-28T06:36:58.9437709Z Prepare workflow directory
2026-04-28T06:36:58.9808513Z Prepare all required actions
2026-04-28T06:36:58.9851373Z Getting action download info
2026-04-28T06:36:59.3794053Z Download action repository 'actions/checkout@v4' (SHA:34e114876b0b11c390a56381ad16ebd13914f8d5)
2026-04-28T06:36:59.5791027Z Download action repository 'actions/cache@v4' (SHA:0057852bfaa89a56745cba8c7296529d2fc39830)
2026-04-28T06:36:59.7068650Z Download action repository 'actions/setup-node@v4' (SHA:49933ea5288caeca8642d1e84afbd3f7d6820020)
2026-04-28T06:36:59.9056018Z Download action repository 'reactivecircus/android-emulator-runner@v2' (SHA:e89f39f1abbbd05b1113a29cf4db69e7540cae5a)
2026-04-28T06:37:00.4967983Z Download action repository 'actions/upload-artifact@v4' (SHA:ea165f8d65b6e75b540449e92b4886f43607fa02)
2026-04-28T06:37:00.7426162Z Complete job name: connected-tests
2026-04-28T06:37:00.8171477Z ##[group]Run actions/checkout@v4
2026-04-28T06:37:00.8172465Z with:
2026-04-28T06:37:00.8173054Z   ref: chore/remove-shake-to-report
2026-04-28T06:37:00.8173881Z   repository: akarlin3/prismTask
2026-04-28T06:37:00.8174830Z   token: ***
2026-04-28T06:37:00.8175396Z   ssh-strict: true
2026-04-28T06:37:00.8175987Z   ssh-user: git
2026-04-28T06:37:00.8176592Z   persist-credentials: true
2026-04-28T06:37:00.8177262Z   clean: true
2026-04-28T06:37:00.8177861Z   sparse-checkout-cone-mode: true
2026-04-28T06:37:00.8178578Z   fetch-depth: 1
2026-04-28T06:37:00.8179336Z   fetch-tags: false
2026-04-28T06:37:00.8179954Z   show-progress: true
2026-04-28T06:37:00.8180547Z   lfs: false
2026-04-28T06:37:00.8181095Z   submodules: false
2026-04-28T06:37:00.8181694Z   set-safe-directory: true
2026-04-28T06:37:00.8182522Z env:
2026-04-28T06:37:00.8183059Z   USE_FIREBASE_EMULATOR: true
2026-04-28T06:37:00.8183722Z ##[endgroup]
2026-04-28T06:37:00.9057669Z Syncing repository: akarlin3/prismTask
2026-04-28T06:37:00.9060052Z ##[group]Getting Git version info
2026-04-28T06:37:00.9061028Z Working directory is '/home/runner/work/prismTask/prismTask'
2026-04-28T06:37:00.9062412Z [command]/usr/bin/git version
2026-04-28T06:37:01.2122837Z git version 2.53.0
2026-04-28T06:37:01.2142832Z ##[endgroup]
2026-04-28T06:37:01.2156506Z Temporarily overriding HOME='/home/runner/work/_temp/72a18bff-26db-417e-bfaf-328909a12fbc' before making global git config changes
2026-04-28T06:37:01.2159836Z Adding repository directory to the temporary git global config as a safe directory
2026-04-28T06:37:01.2162404Z [command]/usr/bin/git config --global --add safe.directory /home/runner/work/prismTask/prismTask
2026-04-28T06:37:01.2528254Z Deleting the contents of '/home/runner/work/prismTask/prismTask'
2026-04-28T06:37:01.2531642Z ##[group]Initializing the repository
2026-04-28T06:37:01.2536115Z [command]/usr/bin/git init /home/runner/work/prismTask/prismTask
2026-04-28T06:37:01.2959691Z hint: Using 'master' as the name for the initial branch. This default branch name
2026-04-28T06:37:01.2961773Z hint: will change to "main" in Git 3.0. To configure the initial branch name
2026-04-28T06:37:01.2963788Z hint: to use in all of your new repositories, which will suppress this warning,
2026-04-28T06:37:01.2965322Z hint: call:
2026-04-28T06:37:01.2966088Z hint:
2026-04-28T06:37:01.2967101Z hint: 	git config --global init.defaultBranch <name>
2026-04-28T06:37:01.2968302Z hint:
2026-04-28T06:37:01.2969598Z hint: Names commonly chosen instead of 'master' are 'main', 'trunk' and
2026-04-28T06:37:01.2971620Z hint: 'development'. The just-created branch can be renamed via this command:
2026-04-28T06:37:01.2973251Z hint:
2026-04-28T06:37:01.2974029Z hint: 	git branch -m <name>
2026-04-28T06:37:01.2974899Z hint:
2026-04-28T06:37:01.2976102Z hint: Disable this message with "git config set advice.defaultBranchName false"
2026-04-28T06:37:01.2978370Z Initialized empty Git repository in /home/runner/work/prismTask/prismTask/.git/
2026-04-28T06:37:01.2980938Z [command]/usr/bin/git remote add origin https://github.com/akarlin3/prismTask
2026-04-28T06:37:01.3396170Z ##[endgroup]
2026-04-28T06:37:01.3397678Z ##[group]Disabling automatic garbage collection
2026-04-28T06:37:01.3399563Z [command]/usr/bin/git config --local gc.auto 0
2026-04-28T06:37:01.3967979Z ##[endgroup]
2026-04-28T06:37:01.3969634Z ##[group]Setting up auth
2026-04-28T06:37:01.3974482Z [command]/usr/bin/git config --local --name-only --get-regexp core\.sshCommand
2026-04-28T06:37:01.4005132Z [command]/usr/bin/git submodule foreach --recursive sh -c "git config --local --name-only --get-regexp 'core\.sshCommand' && git config --local --unset-all 'core.sshCommand' || :"
2026-04-28T06:37:01.6742606Z [command]/usr/bin/git config --local --name-only --get-regexp http\.https\:\/\/github\.com\/\.extraheader
2026-04-28T06:37:01.6770379Z [command]/usr/bin/git submodule foreach --recursive sh -c "git config --local --name-only --get-regexp 'http\.https\:\/\/github\.com\/\.extraheader' && git config --local --unset-all 'http.https://github.com/.extraheader' || :"
2026-04-28T06:37:01.6961364Z [command]/usr/bin/git config --local --name-only --get-regexp ^includeIf\.gitdir:
2026-04-28T06:37:01.6986591Z [command]/usr/bin/git submodule foreach --recursive git config --local --show-origin --name-only --get-regexp remote.origin.url
2026-04-28T06:37:01.7175438Z [command]/usr/bin/git config --local http.https://github.com/.extraheader AUTHORIZATION: basic ***
2026-04-28T06:37:01.8201179Z ##[endgroup]
2026-04-28T06:37:01.8202264Z ##[group]Fetching the repository
2026-04-28T06:37:01.8207811Z [command]/usr/bin/git -c protocol.version=2 fetch --no-tags --prune --no-recurse-submodules --depth=1 origin +refs/heads/chore/remove-shake-to-report*:refs/remotes/origin/chore/remove-shake-to-report* +refs/tags/chore/remove-shake-to-report*:refs/tags/chore/remove-shake-to-report*
2026-04-28T06:37:05.1142176Z From https://github.com/akarlin3/prismTask
2026-04-28T06:37:05.1145947Z  * [new branch]      chore/remove-shake-to-report -> origin/chore/remove-shake-to-report
2026-04-28T06:37:05.1167876Z ##[endgroup]
2026-04-28T06:37:05.1175296Z ##[group]Determining the checkout info
2026-04-28T06:37:05.1175822Z [command]/usr/bin/git branch --list --remote origin/chore/remove-shake-to-report
2026-04-28T06:37:05.1195754Z   origin/chore/remove-shake-to-report
2026-04-28T06:37:05.1200214Z ##[endgroup]
2026-04-28T06:37:05.1203570Z [command]/usr/bin/git sparse-checkout disable
2026-04-28T06:37:05.1233405Z [command]/usr/bin/git config --local --unset-all extensions.worktreeConfig
2026-04-28T06:37:05.1256118Z ##[group]Checking out the ref
2026-04-28T06:37:05.1278959Z [command]/usr/bin/git checkout --progress --force -B chore/remove-shake-to-report refs/remotes/origin/chore/remove-shake-to-report
2026-04-28T06:37:05.3131352Z Switched to a new branch 'chore/remove-shake-to-report'
2026-04-28T06:37:05.3132119Z branch 'chore/remove-shake-to-report' set up to track 'origin/chore/remove-shake-to-report'.
2026-04-28T06:37:05.3151133Z ##[endgroup]
2026-04-28T06:37:05.3189198Z [command]/usr/bin/git log -1 --format=%H
2026-04-28T06:37:05.3209419Z 250ca378b810bcf05f717b94dad7ceb23a6dbb74
2026-04-28T06:37:05.3411097Z Prepare all required actions
2026-04-28T06:37:05.3411520Z Getting action download info
2026-04-28T06:37:05.5025247Z Download action repository 'actions/setup-java@v4' (SHA:c1e323688fd81a25caa38c78aa6df2d33d3e20d9)
2026-04-28T06:37:06.3589701Z Download action repository 'gradle/actions@v4' (SHA:ed408507eac070d1f99cc633dbcf757c94c7933a)
2026-04-28T06:37:09.7187188Z ##[group]Run ./.github/actions/setup-android
2026-04-28T06:37:09.7187426Z env:
2026-04-28T06:37:09.7187600Z   USE_FIREBASE_EMULATOR: true
2026-04-28T06:37:09.7187790Z ##[endgroup]
2026-04-28T06:37:09.7306454Z ##[group]Run actions/setup-java@v4
2026-04-28T06:37:09.7306678Z with:
2026-04-28T06:37:09.7306818Z   java-version: 21
2026-04-28T06:37:09.7306985Z   distribution: temurin
2026-04-28T06:37:09.7307150Z   java-package: jdk
2026-04-28T06:37:09.7307328Z   check-latest: false
2026-04-28T06:37:09.7307521Z   server-id: github
2026-04-28T06:37:09.7307685Z   server-username: GITHUB_ACTOR
2026-04-28T06:37:09.7307920Z   server-password: GITHUB_TOKEN
2026-04-28T06:37:09.7308100Z   overwrite-settings: true
2026-04-28T06:37:09.7308280Z   job-status: success
2026-04-28T06:37:09.7308557Z   token: ***
2026-04-28T06:37:09.7308844Z env:
2026-04-28T06:37:09.7308996Z   USE_FIREBASE_EMULATOR: true
2026-04-28T06:37:09.7309175Z ##[endgroup]
2026-04-28T06:37:09.8890130Z ##[group]Installed distributions
2026-04-28T06:37:09.9798979Z Resolved Java 21.0.10+7 from tool-cache
2026-04-28T06:37:09.9800033Z Setting Java 21.0.10+7 as the default
2026-04-28T06:37:09.9810285Z Creating toolchains.xml for JDK version 21 from temurin
2026-04-28T06:37:09.9868505Z Writing to /home/runner/.m2/toolchains.xml
2026-04-28T06:37:09.9868948Z 
2026-04-28T06:37:09.9870078Z Java configuration:
2026-04-28T06:37:09.9870460Z   Distribution: temurin
2026-04-28T06:37:09.9870795Z   Version: 21.0.10+7
2026-04-28T06:37:09.9871203Z   Path: /opt/hostedtoolcache/Java_Temurin-Hotspot_jdk/21.0.10-7/x64
2026-04-28T06:37:09.9871591Z 
2026-04-28T06:37:09.9872104Z ##[endgroup]
2026-04-28T06:37:09.9885372Z Creating settings.xml with server-id: github
2026-04-28T06:37:09.9892352Z Writing to /home/runner/.m2/settings.xml
2026-04-28T06:37:10.0071936Z ##[group]Run gradle/actions/setup-gradle@v4
2026-04-28T06:37:10.0072168Z with:
2026-04-28T06:37:10.0072317Z   cache-disabled: false
2026-04-28T06:37:10.0072499Z   cache-read-only: true
2026-04-28T06:37:10.0072662Z   cache-write-only: false
2026-04-28T06:37:10.0072845Z   cache-overwrite-existing: false
2026-04-28T06:37:10.0073042Z   cache-cleanup: on-success
2026-04-28T06:37:10.0073270Z   gradle-home-cache-includes: caches
notifications

2026-04-28T06:37:10.0073507Z   add-job-summary: always
2026-04-28T06:37:10.0073694Z   add-job-summary-as-pr-comment: never
2026-04-28T06:37:10.0073908Z   dependency-graph: disabled
2026-04-28T06:37:10.0074132Z   dependency-graph-report-dir: dependency-graph-reports
2026-04-28T06:37:10.0074424Z   dependency-graph-continue-on-failure: true
2026-04-28T06:37:10.0074654Z   build-scan-publish: false
2026-04-28T06:37:10.0074854Z   validate-wrappers: true
2026-04-28T06:37:10.0075042Z   allow-snapshot-wrappers: false
2026-04-28T06:37:10.0075243Z   gradle-home-cache-strict-match: false
2026-04-28T06:37:10.0075457Z   workflow-job-context: null
2026-04-28T06:37:10.0075724Z   github-token: ***
2026-04-28T06:37:10.0075880Z env:
2026-04-28T06:37:10.0076021Z   USE_FIREBASE_EMULATOR: true
2026-04-28T06:37:10.0076283Z   JAVA_HOME: /opt/hostedtoolcache/Java_Temurin-Hotspot_jdk/21.0.10-7/x64
2026-04-28T06:37:10.0076760Z   JAVA_HOME_21_X64: /opt/hostedtoolcache/Java_Temurin-Hotspot_jdk/21.0.10-7/x64
2026-04-28T06:37:10.0077200Z ##[endgroup]
2026-04-28T06:37:11.5472933Z Merged default JDK locations into /home/runner/.m2/toolchains.xml
2026-04-28T06:37:11.5476451Z ##[group]Restore Gradle state from cache
2026-04-28T06:37:11.8201302Z Cache hit for restore-key: gradle-home-v1|Linux-X64|connected-tests[1e7216165ffdcf45b9a4b7e3077585ac]-2290a2b04e521f7d085fa807bf79684e971eb46b
2026-04-28T06:37:12.8716172Z Received 114413691 of 114413691 (100.0%), 117.2 MBs/sec
2026-04-28T06:37:12.8716758Z Cache Size: ~109 MB (114413691 B)
2026-04-28T06:37:12.8740159Z [command]/usr/bin/tar -xf /home/runner/work/_temp/a2623778-9c02-45bf-b3e2-b4551918aeeb/cache.tzst -P -C /home/runner/work/prismTask/prismTask --use-compress-program unzstd
2026-04-28T06:37:13.5387504Z Cache restored successfully
2026-04-28T06:37:13.5435818Z Restored cache entry with key gradle-home-v1|Linux-X64|connected-tests[1e7216165ffdcf45b9a4b7e3077585ac]-2ac6823ab818f9b633fcc0412798e9a236f2c12f to /home/runner/.gradle/caches,/home/runner/.gradle/notifications,/home/runner/.gradle/.setup-gradle in 1995ms
2026-04-28T06:37:13.6666682Z Cache hit for: gradle-generated-gradle-jars-v1-cb4b032a7d08b9bf1e84e9eacaebcc29
2026-04-28T06:37:13.6693497Z Cache hit for: gradle-transforms-v1-e99a6f137cf3837759f7f7d26eb7e83c
2026-04-28T06:37:13.6710326Z Cache hit for: gradle-kotlin-dsl-v1-d8d310a250517f865f73483c26c14372
2026-04-28T06:37:13.6726212Z Cache hit for: gradle-instrumented-jars-v1-4937b76c30860f86b2db49d4bd1c95fb
2026-04-28T06:37:13.6755202Z Cache hit for: gradle-groovy-dsl-v1-41981236df32397e4560761b7676762a
2026-04-28T06:37:13.6762133Z Cache hit for: gradle-wrapper-zips-v1-8c0de4c6bda6041d6e054bf825a89c98
2026-04-28T06:37:13.6843688Z Cache hit for: gradle-dependencies-v1-e0fc4029e4470cca68ede5c2db44de20
2026-04-28T06:37:14.0063178Z Received 64164 of 64164 (100.0%), 0.3 MBs/sec
2026-04-28T06:37:14.0063655Z Cache Size: ~0 MB (64164 B)
2026-04-28T06:37:14.0079844Z [command]/usr/bin/tar -xf /home/runner/work/_temp/e75438dd-ba10-4bdf-b609-d6a988dd11d0/cache.tzst -P -C /home/runner/work/prismTask/prismTask --use-compress-program unzstd
2026-04-28T06:37:14.0165400Z Cache restored successfully
2026-04-28T06:37:14.0166916Z Restored cache entry with key gradle-instrumented-jars-v1-4937b76c30860f86b2db49d4bd1c95fb to /home/runner/.gradle/caches/jars-*/*/ in 472ms
2026-04-28T06:37:14.0391859Z Received 120519 of 120519 (100.0%), 0.5 MBs/sec
2026-04-28T06:37:14.0392306Z Cache Size: ~0 MB (120519 B)
2026-04-28T06:37:14.0409573Z [command]/usr/bin/tar -xf /home/runner/work/_temp/2b98dd02-fd1b-411b-8902-dc012b86677f/cache.tzst -P -C /home/runner/work/prismTask/prismTask --use-compress-program unzstd
2026-04-28T06:37:14.0655878Z Cache restored successfully
2026-04-28T06:37:14.0657018Z Restored cache entry with key gradle-groovy-dsl-v1-41981236df32397e4560761b7676762a to /home/runner/.gradle/caches/*/groovy-dsl/*/ in 520ms
2026-04-28T06:37:14.2079772Z Received 558064 of 558064 (100.0%), 1.4 MBs/sec
2026-04-28T06:37:14.2080278Z Cache Size: ~1 MB (558064 B)
2026-04-28T06:37:14.2114543Z [command]/usr/bin/tar -xf /home/runner/work/_temp/34034a47-6cab-4b80-8de7-8bfaafc80609/cache.tzst -P -C /home/runner/work/prismTask/prismTask --use-compress-program unzstd
2026-04-28T06:37:14.3992119Z Cache restored successfully
2026-04-28T06:37:14.4009659Z Restored cache entry with key gradle-kotlin-dsl-v1-d8d310a250517f865f73483c26c14372 to /home/runner/.gradle/caches/*/kotlin-dsl/accessors/*/,/home/runner/.gradle/caches/*/kotlin-dsl/scripts/*/ in 855ms
2026-04-28T06:37:14.6459265Z Received 41993404 of 41993404 (100.0%), 48.4 MBs/sec
2026-04-28T06:37:14.6462963Z Cache Size: ~40 MB (41993404 B)
2026-04-28T06:37:14.6644869Z [command]/usr/bin/tar -xf /home/runner/work/_temp/0258c7cb-5959-420e-83f4-825f1b126f41/cache.tzst -P -C /home/runner/work/prismTask/prismTask --use-compress-program unzstd
2026-04-28T06:37:14.8016518Z Received 75497472 of 514536946 (14.7%), 71.8 MBs/sec
2026-04-28T06:37:14.8352386Z Received 62914560 of 136352669 (46.1%), 59.7 MBs/sec
2026-04-28T06:37:14.8420640Z Received 46137344 of 453712297 (10.2%), 43.9 MBs/sec
2026-04-28T06:37:14.9885112Z Cache restored successfully
2026-04-28T06:37:15.0080585Z Restored cache entry with key gradle-generated-gradle-jars-v1-cb4b032a7d08b9bf1e84e9eacaebcc29 to /home/runner/.gradle/caches/9.3.1/generated-gradle-jars/gradle-api-9.3.1.jar in 1461ms
2026-04-28T06:37:15.4079373Z Received 136352669 of 136352669 (100.0%), 82.4 MBs/sec
2026-04-28T06:37:15.4081443Z Cache Size: ~130 MB (136352669 B)
2026-04-28T06:37:15.4107274Z [command]/usr/bin/tar -xf /home/runner/work/_temp/caea7bbc-8904-439e-b8b1-eea3855d7ac1/cache.tzst -P -C /home/runner/work/prismTask/prismTask --use-compress-program unzstd
2026-04-28T06:37:15.5919997Z Cache restored successfully
2026-04-28T06:37:15.5973925Z Restored cache entry with key gradle-wrapper-zips-v1-8c0de4c6bda6041d6e054bf825a89c98 to /home/runner/.gradle/wrapper/dists/gradle-9.3.1-bin/23ovyewtku6u96viwx3xl3oks in 2053ms
2026-04-28T06:37:15.8046568Z Received 251658240 of 514536946 (48.9%), 119.8 MBs/sec
2026-04-28T06:37:15.8441595Z Received 155189248 of 453712297 (34.2%), 73.9 MBs/sec
2026-04-28T06:37:16.8034454Z Received 461373440 of 514536946 (89.7%), 146.4 MBs/sec
2026-04-28T06:37:16.8422208Z Received 331350016 of 453712297 (73.0%), 105.2 MBs/sec
2026-04-28T06:37:16.9740903Z Received 514536946 of 514536946 (100.0%), 154.6 MBs/sec
2026-04-28T06:37:16.9743176Z Cache Size: ~491 MB (514536946 B)
2026-04-28T06:37:16.9945843Z [command]/usr/bin/tar -xf /home/runner/work/_temp/00277a7e-7356-4843-8070-e676f6a6f6ff/cache.tzst -P -C /home/runner/work/prismTask/prismTask --use-compress-program unzstd
2026-04-28T06:37:18.1707646Z Received 453712297 of 453712297 (100.0%), 99.9 MBs/sec
2026-04-28T06:37:18.1709769Z Cache Size: ~433 MB (453712297 B)
2026-04-28T06:37:18.1732883Z [command]/usr/bin/tar -xf /home/runner/work/_temp/1e4a0f47-89f5-4e60-a39c-5290d2b5b6bd/cache.tzst -P -C /home/runner/work/prismTask/prismTask --use-compress-program unzstd
2026-04-28T06:37:23.4994463Z Cache restored successfully
2026-04-28T06:37:23.5168526Z Restored cache entry with key gradle-dependencies-v1-e0fc4029e4470cca68ede5c2db44de20 to /home/runner/.gradle/caches/modules-*/files-*/*/*/*/* in 9972ms
2026-04-28T06:37:34.7978510Z Cache restored successfully
2026-04-28T06:37:34.8173745Z Restored cache entry with key gradle-transforms-v1-e99a6f137cf3837759f7f7d26eb7e83c to /home/runner/.gradle/caches/transforms-4/*/,/home/runner/.gradle/caches/*/transforms/*/ in 21272ms
2026-04-28T06:37:34.8780395Z ##[endgroup]
2026-04-28T06:37:34.9101356Z ##[group]All Gradle Wrapper jars are valid
2026-04-28T06:37:34.9102301Z ✓ Found known Gradle Wrapper JAR files:
2026-04-28T06:37:34.9102764Z   b3a875ddc1f044746e1b1a55f645584505f4a10438c1afea9f15e92a7c42ec13 gradle/wrapper/gradle-wrapper.jar
2026-04-28T06:37:34.9103335Z ##[endgroup]
2026-04-28T06:37:34.9427787Z ##[group]Run chmod +x gradlew
2026-04-28T06:37:34.9428109Z [36;1mchmod +x gradlew[0m
2026-04-28T06:37:34.9449787Z shell: /usr/bin/bash --noprofile --norc -e -o pipefail {0}
2026-04-28T06:37:34.9450119Z env:
2026-04-28T06:37:34.9450302Z   USE_FIREBASE_EMULATOR: true
2026-04-28T06:37:34.9450658Z   JAVA_HOME: /opt/hostedtoolcache/Java_Temurin-Hotspot_jdk/21.0.10-7/x64
2026-04-28T06:37:34.9451087Z   JAVA_HOME_21_X64: /opt/hostedtoolcache/Java_Temurin-Hotspot_jdk/21.0.10-7/x64
2026-04-28T06:37:34.9451462Z   GRADLE_ACTION_ID: gradle/actions/setup-gradle
2026-04-28T06:37:34.9451747Z   GRADLE_USER_HOME: /home/runner/.gradle
2026-04-28T06:37:34.9452033Z   GRADLE_BUILD_ACTION_SETUP_COMPLETED: true
2026-04-28T06:37:34.9452305Z   GRADLE_BUILD_ACTION_CACHE_RESTORED: true
2026-04-28T06:37:34.9452678Z   DEVELOCITY_INJECTION_INIT_SCRIPT_NAME: gradle-actions.inject-develocity.init.gradle
2026-04-28T06:37:34.9453091Z   DEVELOCITY_INJECTION_CUSTOM_VALUE: gradle-actions
2026-04-28T06:37:34.9453380Z   GITHUB_DEPENDENCY_GRAPH_ENABLED: false
2026-04-28T06:37:34.9453618Z ##[endgroup]
2026-04-28T06:37:35.1488190Z ##[group]Run actions/cache@v4
2026-04-28T06:37:35.1488439Z with:
2026-04-28T06:37:35.1489063Z   path: app/build
2026-04-28T06:37:35.1489416Z   key: app-build-Linux-91df4f917e4892f5419196cacca775887b882bfb215d30fe675f15b0ff5377db
2026-04-28T06:37:35.1489809Z   restore-keys: app-build-Linux-

2026-04-28T06:37:35.1490064Z   enableCrossOsArchive: false
2026-04-28T06:37:35.1490297Z   fail-on-cache-miss: false
2026-04-28T06:37:35.1490522Z   lookup-only: false
2026-04-28T06:37:35.1490721Z   save-always: false
2026-04-28T06:37:35.1490916Z env:
2026-04-28T06:37:35.1491102Z   USE_FIREBASE_EMULATOR: true
2026-04-28T06:37:35.1491427Z   JAVA_HOME: /opt/hostedtoolcache/Java_Temurin-Hotspot_jdk/21.0.10-7/x64
2026-04-28T06:37:35.1491838Z   JAVA_HOME_21_X64: /opt/hostedtoolcache/Java_Temurin-Hotspot_jdk/21.0.10-7/x64
2026-04-28T06:37:35.1492216Z   GRADLE_ACTION_ID: gradle/actions/setup-gradle
2026-04-28T06:37:35.1492488Z   GRADLE_USER_HOME: /home/runner/.gradle
2026-04-28T06:37:35.1492802Z   GRADLE_BUILD_ACTION_SETUP_COMPLETED: true
2026-04-28T06:37:35.1493070Z   GRADLE_BUILD_ACTION_CACHE_RESTORED: true
2026-04-28T06:37:35.1493451Z   DEVELOCITY_INJECTION_INIT_SCRIPT_NAME: gradle-actions.inject-develocity.init.gradle
2026-04-28T06:37:35.1493848Z   DEVELOCITY_INJECTION_CUSTOM_VALUE: gradle-actions
2026-04-28T06:37:35.1494134Z   GITHUB_DEPENDENCY_GRAPH_ENABLED: false
2026-04-28T06:37:35.1494374Z ##[endgroup]
2026-04-28T06:37:35.3786829Z Cache hit for restore-key: app-build-Linux-90f4916b392bfc51f15ab3187d8ef67d3fe9c7c5e5496df4c6858e112753dedb
2026-04-28T06:37:36.5083750Z Received 113246208 of 155817990 (72.7%), 108.0 MBs/sec
2026-04-28T06:37:36.9759932Z Received 155817990 of 155817990 (100.0%), 101.3 MBs/sec
2026-04-28T06:37:36.9762591Z Cache Size: ~149 MB (155817990 B)
2026-04-28T06:37:36.9793901Z [command]/usr/bin/tar -xf /home/runner/work/_temp/0be10766-a64d-46ec-bcd5-a51d8bec7e2e/cache.tzst -P -C /home/runner/work/prismTask/prismTask --use-compress-program unzstd
2026-04-28T06:37:39.2162910Z Cache restored successfully
2026-04-28T06:37:39.2290965Z Cache restored from key: app-build-Linux-90f4916b392bfc51f15ab3187d8ef67d3fe9c7c5e5496df4c6858e112753dedb
2026-04-28T06:37:39.2409591Z ##[group]Run actions/setup-node@v4
2026-04-28T06:37:39.2409872Z with:
2026-04-28T06:37:39.2410069Z   node-version: 20
2026-04-28T06:37:39.2410281Z   always-auth: false
2026-04-28T06:37:39.2410494Z   check-latest: false
2026-04-28T06:37:39.2410783Z   token: ***
2026-04-28T06:37:39.2410973Z env:
2026-04-28T06:37:39.2411164Z   USE_FIREBASE_EMULATOR: true
2026-04-28T06:37:39.2411495Z   JAVA_HOME: /opt/hostedtoolcache/Java_Temurin-Hotspot_jdk/21.0.10-7/x64
2026-04-28T06:37:39.2411908Z   JAVA_HOME_21_X64: /opt/hostedtoolcache/Java_Temurin-Hotspot_jdk/21.0.10-7/x64
2026-04-28T06:37:39.2412270Z   GRADLE_ACTION_ID: gradle/actions/setup-gradle
2026-04-28T06:37:39.2412544Z   GRADLE_USER_HOME: /home/runner/.gradle
2026-04-28T06:37:39.2412812Z   GRADLE_BUILD_ACTION_SETUP_COMPLETED: true
2026-04-28T06:37:39.2413087Z   GRADLE_BUILD_ACTION_CACHE_RESTORED: true
2026-04-28T06:37:39.2413553Z   DEVELOCITY_INJECTION_INIT_SCRIPT_NAME: gradle-actions.inject-develocity.init.gradle
2026-04-28T06:37:39.2414179Z   DEVELOCITY_INJECTION_CUSTOM_VALUE: gradle-actions
2026-04-28T06:37:39.2414676Z   GITHUB_DEPENDENCY_GRAPH_ENABLED: false
2026-04-28T06:37:39.2415092Z ##[endgroup]
2026-04-28T06:37:39.3865934Z Found in cache @ /opt/hostedtoolcache/node/20.20.2/x64
2026-04-28T06:37:39.3870953Z ##[group]Environment details
2026-04-28T06:37:39.7514602Z node: v20.20.2
2026-04-28T06:37:39.7515209Z npm: 10.8.2
2026-04-28T06:37:39.7515673Z yarn: 1.22.22
2026-04-28T06:37:39.7516555Z ##[endgroup]
2026-04-28T06:37:39.7630204Z ##[group]Run actions/cache@v4
2026-04-28T06:37:39.7630459Z with:
2026-04-28T06:37:39.7630759Z   path: ~/.npm
/usr/local/lib/node_modules/firebase-tools
/usr/local/bin/firebase

2026-04-28T06:37:39.7631125Z   key: firebase-tools-Linux-v15
2026-04-28T06:37:39.7631370Z   enableCrossOsArchive: false
2026-04-28T06:37:39.7631613Z   fail-on-cache-miss: false
2026-04-28T06:37:39.7631846Z   lookup-only: false
2026-04-28T06:37:39.7632059Z   save-always: false
2026-04-28T06:37:39.7632402Z env:
2026-04-28T06:37:39.7632591Z   USE_FIREBASE_EMULATOR: true
2026-04-28T06:37:39.7632915Z   JAVA_HOME: /opt/hostedtoolcache/Java_Temurin-Hotspot_jdk/21.0.10-7/x64
2026-04-28T06:37:39.7633329Z   JAVA_HOME_21_X64: /opt/hostedtoolcache/Java_Temurin-Hotspot_jdk/21.0.10-7/x64
2026-04-28T06:37:39.7633690Z   GRADLE_ACTION_ID: gradle/actions/setup-gradle
2026-04-28T06:37:39.7633966Z   GRADLE_USER_HOME: /home/runner/.gradle
2026-04-28T06:37:39.7634230Z   GRADLE_BUILD_ACTION_SETUP_COMPLETED: true
2026-04-28T06:37:39.7634541Z   GRADLE_BUILD_ACTION_CACHE_RESTORED: true
2026-04-28T06:37:39.7634923Z   DEVELOCITY_INJECTION_INIT_SCRIPT_NAME: gradle-actions.inject-develocity.init.gradle
2026-04-28T06:37:39.7635319Z   DEVELOCITY_INJECTION_CUSTOM_VALUE: gradle-actions
2026-04-28T06:37:39.7635606Z   GITHUB_DEPENDENCY_GRAPH_ENABLED: false
2026-04-28T06:37:39.7635856Z ##[endgroup]
2026-04-28T06:37:40.0089179Z Cache hit for: firebase-tools-Linux-v15
2026-04-28T06:37:40.8188036Z Received 70549225 of 70549225 (100.0%), 98.7 MBs/sec
2026-04-28T06:37:40.8190369Z Cache Size: ~67 MB (70549225 B)
2026-04-28T06:37:40.8212839Z [command]/usr/bin/tar -xf /home/runner/work/_temp/bb55ad91-202f-4c00-868c-63fe9df3a8ae/cache.tzst -P -C /home/runner/work/prismTask/prismTask --use-compress-program unzstd
2026-04-28T06:37:41.5001961Z Cache restored successfully
2026-04-28T06:37:41.5092129Z Cache restored from key: firebase-tools-Linux-v15
2026-04-28T06:37:41.5202106Z ##[group]Run firebase --version
2026-04-28T06:37:41.5202416Z [36;1mfirebase --version[0m
2026-04-28T06:37:41.7406322Z shell: /usr/bin/bash -e {0}
2026-04-28T06:37:41.7406616Z env:
2026-04-28T06:37:41.7406827Z   USE_FIREBASE_EMULATOR: true
2026-04-28T06:37:41.7407186Z   JAVA_HOME: /opt/hostedtoolcache/Java_Temurin-Hotspot_jdk/21.0.10-7/x64
2026-04-28T06:37:41.7407619Z   JAVA_HOME_21_X64: /opt/hostedtoolcache/Java_Temurin-Hotspot_jdk/21.0.10-7/x64
2026-04-28T06:37:41.7407996Z   GRADLE_ACTION_ID: gradle/actions/setup-gradle
2026-04-28T06:37:41.7408292Z   GRADLE_USER_HOME: /home/runner/.gradle
2026-04-28T06:37:41.7408596Z   GRADLE_BUILD_ACTION_SETUP_COMPLETED: true
2026-04-28T06:37:41.7408975Z   GRADLE_BUILD_ACTION_CACHE_RESTORED: true
2026-04-28T06:37:41.7409383Z   DEVELOCITY_INJECTION_INIT_SCRIPT_NAME: gradle-actions.inject-develocity.init.gradle
2026-04-28T06:37:41.7409809Z   DEVELOCITY_INJECTION_CUSTOM_VALUE: gradle-actions
2026-04-28T06:37:41.7410162Z   GITHUB_DEPENDENCY_GRAPH_ENABLED: false
2026-04-28T06:37:41.7410426Z ##[endgroup]
2026-04-28T06:37:41.7484794Z /home/runner/work/_temp/e4c182f4-b3cb-429b-8b55-346c4067fbde.sh: line 1: firebase: command not found
2026-04-28T06:37:41.7495548Z ##[error]Process completed with exit code 127.
2026-04-28T06:37:41.7541120Z ##[group]Run if [ -n "${FIREBASE_EMULATORS_PID:-}" ]; then
2026-04-28T06:37:41.7541509Z [36;1mif [ -n "${FIREBASE_EMULATORS_PID:-}" ]; then[0m
2026-04-28T06:37:41.7541834Z [36;1m  kill "$FIREBASE_EMULATORS_PID" || true[0m
2026-04-28T06:37:41.7542167Z [36;1m  wait "$FIREBASE_EMULATORS_PID" 2>/dev/null || true[0m
2026-04-28T06:37:41.7542467Z [36;1mfi[0m
2026-04-28T06:37:41.7559575Z shell: /usr/bin/bash -e {0}
2026-04-28T06:37:41.7559826Z env:
2026-04-28T06:37:41.7560028Z   USE_FIREBASE_EMULATOR: true
2026-04-28T06:37:41.7560371Z   JAVA_HOME: /opt/hostedtoolcache/Java_Temurin-Hotspot_jdk/21.0.10-7/x64
2026-04-28T06:37:41.7576039Z   JAVA_HOME_21_X64: /opt/hostedtoolcache/Java_Temurin-Hotspot_jdk/21.0.10-7/x64
2026-04-28T06:37:41.7576489Z   GRADLE_ACTION_ID: gradle/actions/setup-gradle
2026-04-28T06:37:41.7576785Z   GRADLE_USER_HOME: /home/runner/.gradle
2026-04-28T06:37:41.7577063Z   GRADLE_BUILD_ACTION_SETUP_COMPLETED: true
2026-04-28T06:37:41.7577389Z   GRADLE_BUILD_ACTION_CACHE_RESTORED: true
2026-04-28T06:37:41.7577780Z   DEVELOCITY_INJECTION_INIT_SCRIPT_NAME: gradle-actions.inject-develocity.init.gradle
2026-04-28T06:37:41.7578189Z   DEVELOCITY_INJECTION_CUSTOM_VALUE: gradle-actions
2026-04-28T06:37:41.7578484Z   GITHUB_DEPENDENCY_GRAPH_ENABLED: false
2026-04-28T06:37:41.7578909Z ##[endgroup]
2026-04-28T06:37:41.7654985Z ##[group]Run actions/upload-artifact@v4
2026-04-28T06:37:41.7655261Z with:
2026-04-28T06:37:41.7655465Z   name: firebase-emulator-log
2026-04-28T06:37:41.7655765Z   path: /home/runner/work/_temp/firebase-emulators.log
2026-04-28T06:37:41.7656063Z   retention-days: 7
2026-04-28T06:37:41.7656279Z   if-no-files-found: ignore
2026-04-28T06:37:41.7656521Z   compression-level: 6
2026-04-28T06:37:41.7656745Z   overwrite: false
2026-04-28T06:37:41.7656963Z   include-hidden-files: false
2026-04-28T06:37:41.7657199Z env:
2026-04-28T06:37:41.7657392Z   USE_FIREBASE_EMULATOR: true
2026-04-28T06:37:41.7657723Z   JAVA_HOME: /opt/hostedtoolcache/Java_Temurin-Hotspot_jdk/21.0.10-7/x64
2026-04-28T06:37:41.7658156Z   JAVA_HOME_21_X64: /opt/hostedtoolcache/Java_Temurin-Hotspot_jdk/21.0.10-7/x64
2026-04-28T06:37:41.7658525Z   GRADLE_ACTION_ID: gradle/actions/setup-gradle
2026-04-28T06:37:41.7659084Z   GRADLE_USER_HOME: /home/runner/.gradle
2026-04-28T06:37:41.7659397Z   GRADLE_BUILD_ACTION_SETUP_COMPLETED: true
2026-04-28T06:37:41.7659683Z   GRADLE_BUILD_ACTION_CACHE_RESTORED: true
2026-04-28T06:37:41.7660088Z   DEVELOCITY_INJECTION_INIT_SCRIPT_NAME: gradle-actions.inject-develocity.init.gradle
2026-04-28T06:37:41.7660500Z   DEVELOCITY_INJECTION_CUSTOM_VALUE: gradle-actions
2026-04-28T06:37:41.7660790Z   GITHUB_DEPENDENCY_GRAPH_ENABLED: false
2026-04-28T06:37:41.7661044Z ##[endgroup]
2026-04-28T06:37:41.9327093Z No files were found with the provided path: /home/runner/work/_temp/firebase-emulators.log. No artifacts will be uploaded.
2026-04-28T06:37:41.9433286Z ##[group]Run actions/upload-artifact@v4
2026-04-28T06:37:41.9433564Z with:
2026-04-28T06:37:41.9433770Z   name: connected-test-results
2026-04-28T06:37:41.9434124Z   path: app/build/reports/androidTests/
app/build/outputs/androidTest-results/

2026-04-28T06:37:41.9434481Z   retention-days: 7
2026-04-28T06:37:41.9434691Z   if-no-files-found: ignore
2026-04-28T06:37:41.9434931Z   compression-level: 6
2026-04-28T06:37:41.9435152Z   overwrite: false
2026-04-28T06:37:41.9435384Z   include-hidden-files: false
2026-04-28T06:37:41.9435623Z env:
2026-04-28T06:37:41.9435821Z   USE_FIREBASE_EMULATOR: true
2026-04-28T06:37:41.9436148Z   JAVA_HOME: /opt/hostedtoolcache/Java_Temurin-Hotspot_jdk/21.0.10-7/x64
2026-04-28T06:37:41.9436561Z   JAVA_HOME_21_X64: /opt/hostedtoolcache/Java_Temurin-Hotspot_jdk/21.0.10-7/x64
2026-04-28T06:37:41.9436945Z   GRADLE_ACTION_ID: gradle/actions/setup-gradle
2026-04-28T06:37:41.9437220Z   GRADLE_USER_HOME: /home/runner/.gradle
2026-04-28T06:37:41.9437523Z   GRADLE_BUILD_ACTION_SETUP_COMPLETED: true
2026-04-28T06:37:41.9437803Z   GRADLE_BUILD_ACTION_CACHE_RESTORED: true
2026-04-28T06:37:41.9438190Z   DEVELOCITY_INJECTION_INIT_SCRIPT_NAME: gradle-actions.inject-develocity.init.gradle
2026-04-28T06:37:41.9438594Z   DEVELOCITY_INJECTION_CUSTOM_VALUE: gradle-actions
2026-04-28T06:37:41.9439259Z   GITHUB_DEPENDENCY_GRAPH_ENABLED: false
2026-04-28T06:37:41.9439524Z ##[endgroup]
2026-04-28T06:37:42.1404957Z Multiple search paths detected. Calculating the least common ancestor of all paths
2026-04-28T06:37:42.1407167Z The least common ancestor is /home/runner/work/prismTask/prismTask/app/build. This will be the root directory of the artifact
2026-04-28T06:37:42.1408331Z With the provided path, there will be 21 files uploaded
2026-04-28T06:37:42.1409551Z Artifact name is valid!
2026-04-28T06:37:42.1410125Z Root directory input is valid!
2026-04-28T06:37:42.3250967Z Beginning upload of artifact content to blob storage
2026-04-28T06:37:42.5096018Z Uploaded bytes 27470
2026-04-28T06:37:42.5455973Z Finished uploading artifact content to blob storage!
2026-04-28T06:37:42.5458540Z SHA256 digest of uploaded artifact zip is a5d667500a6af6383f7ebc8d4232f361a9bb5568469b75b10b0b6db30d2051ed
2026-04-28T06:37:42.5459861Z Finalizing artifact upload
2026-04-28T06:37:42.7001180Z Artifact connected-test-results.zip successfully finalized. Artifact ID 6677752697
2026-04-28T06:37:42.7001904Z Artifact connected-test-results has been successfully uploaded! Final size is 27470 bytes. Artifact ID is 6677752697
2026-04-28T06:37:42.7006622Z Artifact download URL: https://github.com/akarlin3/prismTask/actions/runs/25037854517/artifacts/6677752697
2026-04-28T06:37:42.7115688Z Post job cleanup.
2026-04-28T06:37:42.7210475Z Post job cleanup.
2026-04-28T06:37:42.9647993Z In post-action step
2026-04-28T06:37:42.9652784Z Cache is read-only: will not save state for use in subsequent builds.
2026-04-28T06:37:42.9656836Z Generating Job Summary
2026-04-28T06:37:42.9674365Z Completed post-action step
2026-04-28T06:37:42.9852892Z Post job cleanup.
2026-04-28T06:37:43.1249902Z Post job cleanup.
2026-04-28T06:37:43.2018639Z [command]/usr/bin/git version
2026-04-28T06:37:43.2059366Z git version 2.53.0
2026-04-28T06:37:43.2092877Z Temporarily overriding HOME='/home/runner/work/_temp/eba943d4-5f75-4bec-a655-ec50fd0832c4' before making global git config changes
2026-04-28T06:37:43.2093927Z Adding repository directory to the temporary git global config as a safe directory
2026-04-28T06:37:43.2099194Z [command]/usr/bin/git config --global --add safe.directory /home/runner/work/prismTask/prismTask
2026-04-28T06:37:43.3517793Z [command]/usr/bin/git config --local --name-only --get-regexp core\.sshCommand
2026-04-28T06:37:43.3550559Z [command]/usr/bin/git submodule foreach --recursive sh -c "git config --local --name-only --get-regexp 'core\.sshCommand' && git config --local --unset-all 'core.sshCommand' || :"
2026-04-28T06:37:43.3741544Z [command]/usr/bin/git config --local --name-only --get-regexp http\.https\:\/\/github\.com\/\.extraheader
2026-04-28T06:37:43.3758587Z http.https://github.com/.extraheader
2026-04-28T06:37:43.3769140Z [command]/usr/bin/git config --local --unset-all http.https://github.com/.extraheader
2026-04-28T06:37:43.5284789Z [command]/usr/bin/git submodule foreach --recursive sh -c "git config --local --name-only --get-regexp 'http\.https\:\/\/github\.com\/\.extraheader' && git config --local --unset-all 'http.https://github.com/.extraheader' || :"
2026-04-28T06:37:43.5481211Z [command]/usr/bin/git config --local --name-only --get-regexp ^includeIf\.gitdir:
2026-04-28T06:37:43.5505801Z [command]/usr/bin/git submodule foreach --recursive git config --local --show-origin --name-only --get-regexp remote.origin.url
2026-04-28T06:37:43.5794808Z Cleaning up orphan processes
2026-04-28T06:37:43.6054211Z ##[warning]Node.js 20 actions are deprecated. The following actions are running on Node.js 20 and may not work as expected: actions/cache@v4, actions/checkout@v4, actions/setup-java@v4, actions/setup-node@v4, actions/upload-artifact@v4, gradle/actions/setup-gradle@v4. Actions will be forced to run with Node.js 24 by default starting June 2nd, 2026. Node.js 20 will be removed from the runner on September 16th, 2026. Please check if updated versions of these actions are available that support Node.js 24. To opt into Node.js 24 now, set the FORCE_JAVASCRIPT_ACTIONS_TO_NODE24=true environment variable on the runner or in your workflow file. Once Node.js 24 becomes the default, you can temporarily opt out by setting ACTIONS_ALLOW_USE_UNSECURE_NODE_VERSION=true. For more information see: https://github.blog/changelog/2025-09-19-deprecation-of-node-20-on-github-actions-runners/
