=== CI FAILURE ===
Workflow:      Android Integration CI
Workflow file: averycorp/prismTask/.github/workflows/android-integration.yml@refs/heads/gh-readonly-queue/main/pr-915-c03ca3fc35b5c619a5d268435132e6d85c494392
Job(s):        connected-tests
Run ID:        25072667887
Run attempt:   1
Run URL:       https://github.com/averycorp/prismTask/actions/runs/25072667887
Commit:        6e6e3b07802904ad6795c3d862e4657750c48b47
Branch:        gh-readonly-queue/main/pr-915-c03ca3fc35b5c619a5d268435132e6d85c494392
Event:         merge_group
Actor:         akarlin3
Runner OS:     Linux
Timestamp:     2026-04-28T19:28:46.440Z

Failed steps:
  - connected-tests: #11 Run instrumented tests against AVD + Firebase emulator

=== FAILED JOB LOG ===

--- Job: connected-tests (id 73456927146) ---
2026-04-28T19:15:02.0107588Z Current runner version: '2.334.0'
2026-04-28T19:15:02.0142981Z ##[group]Runner Image Provisioner
2026-04-28T19:15:02.0144290Z Hosted Compute Agent
2026-04-28T19:15:02.0145267Z Version: 20260422.526
2026-04-28T19:15:02.0146254Z Commit: e1a9e573f4d0838b3a7c1b07401aeb29ed3635a9
2026-04-28T19:15:02.0147850Z Build Date: 2026-04-22T09:31:31Z
2026-04-28T19:15:02.0149071Z Worker ID: {23e9c89e-f810-4285-a47e-c6323b390d44}
2026-04-28T19:15:02.0150169Z Azure Region: eastus2
2026-04-28T19:15:02.0151225Z ##[endgroup]
2026-04-28T19:15:02.0153601Z ##[group]Operating System
2026-04-28T19:15:02.0154550Z Ubuntu
2026-04-28T19:15:02.0155307Z 24.04.4
2026-04-28T19:15:02.0156127Z LTS
2026-04-28T19:15:02.0157116Z ##[endgroup]
2026-04-28T19:15:02.0158010Z ##[group]Runner Image
2026-04-28T19:15:02.0158922Z Image: ubuntu-24.04
2026-04-28T19:15:02.0159697Z Version: 20260426.100.1
2026-04-28T19:15:02.0161799Z Included Software: https://github.com/actions/runner-images/blob/ubuntu24/20260426.100/images/ubuntu/Ubuntu2404-Readme.md
2026-04-28T19:15:02.0164442Z Image Release: https://github.com/actions/runner-images/releases/tag/ubuntu24%2F20260426.100
2026-04-28T19:15:02.0166240Z ##[endgroup]
2026-04-28T19:15:02.0168815Z ##[group]GITHUB_TOKEN Permissions
2026-04-28T19:15:02.0172510Z Actions: read
2026-04-28T19:15:02.0173551Z Checks: read
2026-04-28T19:15:02.0174310Z Contents: write
2026-04-28T19:15:02.0175126Z Metadata: read
2026-04-28T19:15:02.0176071Z PullRequests: read
2026-04-28T19:15:02.0177142Z ##[endgroup]
2026-04-28T19:15:02.0180522Z Secret source: Actions
2026-04-28T19:15:02.0182133Z Prepare workflow directory
2026-04-28T19:15:02.0767299Z Prepare all required actions
2026-04-28T19:15:02.0824296Z Getting action download info
2026-04-28T19:15:02.4923331Z Download action repository 'actions/checkout@v4' (SHA:34e114876b0b11c390a56381ad16ebd13914f8d5)
2026-04-28T19:15:02.6289461Z Download action repository 'actions/cache@v4' (SHA:0057852bfaa89a56745cba8c7296529d2fc39830)
2026-04-28T19:15:02.7202402Z Download action repository 'actions/setup-node@v4' (SHA:49933ea5288caeca8642d1e84afbd3f7d6820020)
2026-04-28T19:15:02.8064130Z Download action repository 'reactivecircus/android-emulator-runner@v2' (SHA:e89f39f1abbbd05b1113a29cf4db69e7540cae5a)
2026-04-28T19:15:03.1242476Z Download action repository 'actions/upload-artifact@v4' (SHA:ea165f8d65b6e75b540449e92b4886f43607fa02)
2026-04-28T19:15:03.3572757Z Complete job name: connected-tests
2026-04-28T19:15:03.4376945Z ##[group]Run actions/checkout@v4
2026-04-28T19:15:03.4377892Z with:
2026-04-28T19:15:03.4378655Z   ref: refs/heads/gh-readonly-queue/main/pr-915-c03ca3fc35b5c619a5d268435132e6d85c494392
2026-04-28T19:15:03.4379630Z   repository: averycorp/prismTask
2026-04-28T19:15:03.4380347Z   token: ***
2026-04-28T19:15:03.4380743Z   ssh-strict: true
2026-04-28T19:15:03.4381169Z   ssh-user: git
2026-04-28T19:15:03.4381594Z   persist-credentials: true
2026-04-28T19:15:03.4382097Z   clean: true
2026-04-28T19:15:03.4382535Z   sparse-checkout-cone-mode: true
2026-04-28T19:15:03.4383057Z   fetch-depth: 1
2026-04-28T19:15:03.4383488Z   fetch-tags: false
2026-04-28T19:15:03.4383920Z   show-progress: true
2026-04-28T19:15:03.4384349Z   lfs: false
2026-04-28T19:15:03.4384730Z   submodules: false
2026-04-28T19:15:03.4385157Z   set-safe-directory: true
2026-04-28T19:15:03.4385908Z env:
2026-04-28T19:15:03.4386373Z   USE_FIREBASE_EMULATOR: true
2026-04-28T19:15:03.4387071Z ##[endgroup]
2026-04-28T19:15:03.5522288Z Syncing repository: averycorp/prismTask
2026-04-28T19:15:03.5524179Z ##[group]Getting Git version info
2026-04-28T19:15:03.5524971Z Working directory is '/home/runner/work/prismTask/prismTask'
2026-04-28T19:15:03.5526055Z [command]/usr/bin/git version
2026-04-28T19:15:03.5599611Z git version 2.54.0
2026-04-28T19:15:03.5626844Z ##[endgroup]
2026-04-28T19:15:03.5654219Z Temporarily overriding HOME='/home/runner/work/_temp/65d5776e-9205-4665-aab8-c1a257bc52d6' before making global git config changes
2026-04-28T19:15:03.5659096Z Adding repository directory to the temporary git global config as a safe directory
2026-04-28T19:15:03.5660744Z [command]/usr/bin/git config --global --add safe.directory /home/runner/work/prismTask/prismTask
2026-04-28T19:15:03.5705696Z Deleting the contents of '/home/runner/work/prismTask/prismTask'
2026-04-28T19:15:03.5776306Z ##[group]Initializing the repository
2026-04-28T19:15:03.5777975Z [command]/usr/bin/git init /home/runner/work/prismTask/prismTask
2026-04-28T19:15:03.5831683Z hint: Using 'master' as the name for the initial branch. This default branch name
2026-04-28T19:15:03.5833104Z hint: will change to "main" in Git 3.0. To configure the initial branch name
2026-04-28T19:15:03.5834191Z hint: to use in all of your new repositories, which will suppress this warning,
2026-04-28T19:15:03.5835126Z hint: call:
2026-04-28T19:15:03.5835509Z hint:
2026-04-28T19:15:03.5836029Z hint: 	git config --global init.defaultBranch <name>
2026-04-28T19:15:03.5836961Z hint:
2026-04-28T19:15:03.5838006Z hint: Names commonly chosen instead of 'master' are 'main', 'trunk' and
2026-04-28T19:15:03.5839441Z hint: 'development'. The just-created branch can be renamed via this command:
2026-04-28T19:15:03.5840267Z hint:
2026-04-28T19:15:03.5840674Z hint: 	git branch -m <name>
2026-04-28T19:15:03.5841145Z hint:
2026-04-28T19:15:03.5841798Z hint: Disable this message with "git config set advice.defaultBranchName false"
2026-04-28T19:15:03.5842975Z Initialized empty Git repository in /home/runner/work/prismTask/prismTask/.git/
2026-04-28T19:15:03.5850097Z [command]/usr/bin/git remote add origin https://github.com/averycorp/prismTask
2026-04-28T19:15:03.5891644Z ##[endgroup]
2026-04-28T19:15:03.5892426Z ##[group]Disabling automatic garbage collection
2026-04-28T19:15:03.5897450Z [command]/usr/bin/git config --local gc.auto 0
2026-04-28T19:15:03.5926127Z ##[endgroup]
2026-04-28T19:15:03.5927961Z ##[group]Setting up auth
2026-04-28T19:15:03.5934507Z [command]/usr/bin/git config --local --name-only --get-regexp core\.sshCommand
2026-04-28T19:15:03.5968387Z [command]/usr/bin/git submodule foreach --recursive sh -c "git config --local --name-only --get-regexp 'core\.sshCommand' && git config --local --unset-all 'core.sshCommand' || :"
2026-04-28T19:15:03.6308361Z [command]/usr/bin/git config --local --name-only --get-regexp http\.https\:\/\/github\.com\/\.extraheader
2026-04-28T19:15:03.6337465Z [command]/usr/bin/git submodule foreach --recursive sh -c "git config --local --name-only --get-regexp 'http\.https\:\/\/github\.com\/\.extraheader' && git config --local --unset-all 'http.https://github.com/.extraheader' || :"
2026-04-28T19:15:03.6550193Z [command]/usr/bin/git config --local --name-only --get-regexp ^includeIf\.gitdir:
2026-04-28T19:15:03.6580390Z [command]/usr/bin/git submodule foreach --recursive git config --local --show-origin --name-only --get-regexp remote.origin.url
2026-04-28T19:15:03.6797573Z [command]/usr/bin/git config --local http.https://github.com/.extraheader AUTHORIZATION: basic ***
2026-04-28T19:15:03.6830083Z ##[endgroup]
2026-04-28T19:15:03.6839776Z ##[group]Fetching the repository
2026-04-28T19:15:03.6844250Z [command]/usr/bin/git -c protocol.version=2 fetch --no-tags --prune --no-recurse-submodules --depth=1 origin +refs/heads/gh-readonly-queue/main/pr-915-c03ca3fc35b5c619a5d268435132e6d85c494392:refs/remotes/origin/gh-readonly-queue/main/pr-915-c03ca3fc35b5c619a5d268435132e6d85c494392
2026-04-28T19:15:06.1870957Z From https://github.com/averycorp/prismTask
2026-04-28T19:15:06.1873676Z  * [new branch]      gh-readonly-queue/main/pr-915-c03ca3fc35b5c619a5d268435132e6d85c494392 -> origin/gh-readonly-queue/main/pr-915-c03ca3fc35b5c619a5d268435132e6d85c494392
2026-04-28T19:15:06.1905530Z ##[endgroup]
2026-04-28T19:15:06.1906235Z ##[group]Determining the checkout info
2026-04-28T19:15:06.1907728Z ##[endgroup]
2026-04-28T19:15:06.1912876Z [command]/usr/bin/git sparse-checkout disable
2026-04-28T19:15:06.1953038Z [command]/usr/bin/git config --local --unset-all extensions.worktreeConfig
2026-04-28T19:15:06.1977905Z ##[group]Checking out the ref
2026-04-28T19:15:06.1983358Z [command]/usr/bin/git checkout --progress --force -B gh-readonly-queue/main/pr-915-c03ca3fc35b5c619a5d268435132e6d85c494392 refs/remotes/origin/gh-readonly-queue/main/pr-915-c03ca3fc35b5c619a5d268435132e6d85c494392
2026-04-28T19:15:06.4283205Z Switched to a new branch 'gh-readonly-queue/main/pr-915-c03ca3fc35b5c619a5d268435132e6d85c494392'
2026-04-28T19:15:06.4285154Z branch 'gh-readonly-queue/main/pr-915-c03ca3fc35b5c619a5d268435132e6d85c494392' set up to track 'origin/gh-readonly-queue/main/pr-915-c03ca3fc35b5c619a5d268435132e6d85c494392'.
2026-04-28T19:15:06.4307509Z ##[endgroup]
2026-04-28T19:15:06.4355267Z [command]/usr/bin/git log -1 --format=%H
2026-04-28T19:15:06.4379509Z 6e6e3b07802904ad6795c3d862e4657750c48b47
2026-04-28T19:15:06.4622960Z Prepare all required actions
2026-04-28T19:15:06.4623419Z Getting action download info
2026-04-28T19:15:06.7002472Z Download action repository 'actions/setup-java@v4' (SHA:c1e323688fd81a25caa38c78aa6df2d33d3e20d9)
2026-04-28T19:15:07.0877018Z Download action repository 'gradle/actions@v4' (SHA:ed408507eac070d1f99cc633dbcf757c94c7933a)
2026-04-28T19:15:07.9023341Z ##[group]Run ./.github/actions/setup-android
2026-04-28T19:15:07.9023641Z env:
2026-04-28T19:15:07.9023834Z   USE_FIREBASE_EMULATOR: true
2026-04-28T19:15:07.9024057Z ##[endgroup]
2026-04-28T19:15:07.9172858Z ##[group]Run actions/setup-java@v4
2026-04-28T19:15:07.9173130Z with:
2026-04-28T19:15:07.9173303Z   java-version: 21
2026-04-28T19:15:07.9173512Z   distribution: temurin
2026-04-28T19:15:07.9173723Z   java-package: jdk
2026-04-28T19:15:07.9173923Z   check-latest: false
2026-04-28T19:15:07.9174117Z   server-id: github
2026-04-28T19:15:07.9174339Z   server-username: GITHUB_ACTOR
2026-04-28T19:15:07.9174660Z   server-password: GITHUB_TOKEN
2026-04-28T19:15:07.9174896Z   overwrite-settings: true
2026-04-28T19:15:07.9175120Z   job-status: success
2026-04-28T19:15:07.9175496Z   token: ***
2026-04-28T19:15:07.9175674Z env:
2026-04-28T19:15:07.9175858Z   USE_FIREBASE_EMULATOR: true
2026-04-28T19:15:07.9176083Z ##[endgroup]
2026-04-28T19:15:08.1192794Z ##[group]Installed distributions
2026-04-28T19:15:08.1259440Z Resolved Java 21.0.11+10 from tool-cache
2026-04-28T19:15:08.1260433Z Setting Java 21.0.11+10 as the default
2026-04-28T19:15:08.1276260Z Creating toolchains.xml for JDK version 21 from temurin
2026-04-28T19:15:08.1354816Z Writing to /home/runner/.m2/toolchains.xml
2026-04-28T19:15:08.1355441Z 
2026-04-28T19:15:08.1355768Z Java configuration:
2026-04-28T19:15:08.1357297Z   Distribution: temurin
2026-04-28T19:15:08.1357722Z   Version: 21.0.11+10
2026-04-28T19:15:08.1358586Z   Path: /opt/hostedtoolcache/Java_Temurin-Hotspot_jdk/21.0.11-10/x64
2026-04-28T19:15:08.1360559Z 
2026-04-28T19:15:08.1361035Z ##[endgroup]
2026-04-28T19:15:08.1375824Z Creating settings.xml with server-id: github
2026-04-28T19:15:08.1381632Z Writing to /home/runner/.m2/settings.xml
2026-04-28T19:15:08.1602498Z ##[group]Run gradle/actions/setup-gradle@v4
2026-04-28T19:15:08.1602773Z with:
2026-04-28T19:15:08.1602954Z   cache-disabled: false
2026-04-28T19:15:08.1603186Z   cache-read-only: true
2026-04-28T19:15:08.1603388Z   cache-write-only: false
2026-04-28T19:15:08.1603621Z   cache-overwrite-existing: false
2026-04-28T19:15:08.1603885Z   cache-cleanup: on-success
2026-04-28T19:15:08.1604159Z   gradle-home-cache-includes: caches
notifications

2026-04-28T19:15:08.1604469Z   add-job-summary: always
2026-04-28T19:15:08.1604704Z   add-job-summary-as-pr-comment: never
2026-04-28T19:15:08.1604979Z   dependency-graph: disabled
2026-04-28T19:15:08.1605285Z   dependency-graph-report-dir: dependency-graph-reports
2026-04-28T19:15:08.1605628Z   dependency-graph-continue-on-failure: true
2026-04-28T19:15:08.1605918Z   build-scan-publish: false
2026-04-28T19:15:08.1606163Z   validate-wrappers: true
2026-04-28T19:15:08.1606400Z   allow-snapshot-wrappers: false
2026-04-28T19:15:08.1606945Z   gradle-home-cache-strict-match: false
2026-04-28T19:15:08.1607230Z   workflow-job-context: null
2026-04-28T19:15:08.1607604Z   github-token: ***
2026-04-28T19:15:08.1607790Z env:
2026-04-28T19:15:08.1608217Z   USE_FIREBASE_EMULATOR: true
2026-04-28T19:15:08.1608550Z   JAVA_HOME: /opt/hostedtoolcache/Java_Temurin-Hotspot_jdk/21.0.11-10/x64
2026-04-28T19:15:08.1609024Z   JAVA_HOME_21_X64: /opt/hostedtoolcache/Java_Temurin-Hotspot_jdk/21.0.11-10/x64
2026-04-28T19:15:08.1609388Z ##[endgroup]
2026-04-28T19:15:08.6559229Z Merged default JDK locations into /home/runner/.m2/toolchains.xml
2026-04-28T19:15:08.6562551Z ##[group]Restore Gradle state from cache
2026-04-28T19:15:08.7524982Z Cache hit for restore-key: gradle-home-v1|Linux-X64|connected-tests[1e7216165ffdcf45b9a4b7e3077585ac]-8051b9ad6b825ba1249dd020d806de9b101d4311
2026-04-28T19:15:09.7868471Z Received 230686720 of 356530260 (64.7%), 219.8 MBs/sec
2026-04-28T19:15:10.2912266Z Received 356530260 of 356530260 (100.0%), 225.2 MBs/sec
2026-04-28T19:15:10.2915949Z Cache Size: ~340 MB (356530260 B)
2026-04-28T19:15:10.2979753Z [command]/usr/bin/tar -xf /home/runner/work/_temp/8636f67b-fea5-4a39-a92c-3090fd683fcc/cache.tzst -P -C /home/runner/work/prismTask/prismTask --use-compress-program unzstd
2026-04-28T19:15:11.0618826Z Cache restored successfully
2026-04-28T19:15:11.0778530Z Restored cache entry with key gradle-home-v1|Linux-X64|connected-tests[1e7216165ffdcf45b9a4b7e3077585ac]-6e6e3b07802904ad6795c3d862e4657750c48b47 to /home/runner/.gradle/caches,/home/runner/.gradle/notifications,/home/runner/.gradle/.setup-gradle in 2420ms
2026-04-28T19:15:11.2534870Z Cache hit for: gradle-groovy-dsl-v1-064d82f9a949cb2d8ac12d1f8df4786c
2026-04-28T19:15:11.2545995Z Cache hit for: gradle-generated-gradle-jars-v1-cb4b032a7d08b9bf1e84e9eacaebcc29
2026-04-28T19:15:11.2551526Z Cache hit for: gradle-dependencies-v1-e0fc4029e4470cca68ede5c2db44de20
2026-04-28T19:15:11.2557203Z Cache hit for: gradle-instrumented-jars-v1-4a41b8606a4d2f4c27d146bcc20f89c0
2026-04-28T19:15:11.2667180Z Cache hit for: gradle-kotlin-dsl-v1-f7310d3c4aa08d23b202abe4ee4ea28d
2026-04-28T19:15:11.2671391Z Cache hit for: gradle-transforms-v1-3e314a3a086d8ef6f14fe33027ae13be
2026-04-28T19:15:11.3380412Z Cache hit for: gradle-wrapper-zips-v1-8c0de4c6bda6041d6e054bf825a89c98
2026-04-28T19:15:11.4112794Z Received 162727 of 162727 (100.0%), 1.9 MBs/sec
2026-04-28T19:15:11.4113553Z Cache Size: ~0 MB (162727 B)
2026-04-28T19:15:11.4724761Z Received 123517 of 123517 (100.0%), 0.7 MBs/sec
2026-04-28T19:15:11.4725485Z Cache Size: ~0 MB (123517 B)
2026-04-28T19:15:11.6142846Z Received 64459 of 64459 (100.0%), 0.3 MBs/sec
2026-04-28T19:15:11.6143435Z Cache Size: ~0 MB (64459 B)
2026-04-28T19:15:11.7922913Z [command]/usr/bin/tar -xf /home/runner/work/_temp/f7a33571-5760-4143-acfb-a56992a17b87/cache.tzst -P -C /home/runner/work/prismTask/prismTask --use-compress-program unzstd
2026-04-28T19:15:11.9127156Z Cache restored successfully
2026-04-28T19:15:11.9484488Z Restored cache entry with key gradle-kotlin-dsl-v1-f7310d3c4aa08d23b202abe4ee4ea28d to /home/runner/.gradle/caches/*/kotlin-dsl/accessors/*/,/home/runner/.gradle/caches/*/kotlin-dsl/scripts/*/ in 867ms
2026-04-28T19:15:11.9486152Z [command]/usr/bin/tar -xf /home/runner/work/_temp/ae81b736-db20-4a91-accc-9892c5377665/cache.tzst -P -C /home/runner/work/prismTask/prismTask --use-compress-program unzstd
2026-04-28T19:15:12.0447152Z Cache restored successfully
2026-04-28T19:15:12.0454848Z Restored cache entry with key gradle-groovy-dsl-v1-064d82f9a949cb2d8ac12d1f8df4786c to /home/runner/.gradle/caches/*/groovy-dsl/*/ in 964ms
2026-04-28T19:15:12.1351018Z [command]/usr/bin/tar -xf /home/runner/work/_temp/21e4d434-0adf-440b-8449-94abe52672e1/cache.tzst -P -C /home/runner/work/prismTask/prismTask --use-compress-program unzstd
2026-04-28T19:15:12.2015449Z Cache restored successfully
2026-04-28T19:15:12.2288344Z Restored cache entry with key gradle-instrumented-jars-v1-4a41b8606a4d2f4c27d146bcc20f89c0 to /home/runner/.gradle/caches/jars-*/*/ in 1148ms
2026-04-28T19:15:12.3077708Z Received 92274688 of 453712297 (20.3%), 86.5 MBs/sec
2026-04-28T19:15:12.3318597Z Received 37799100 of 41993404 (90.0%), 35.4 MBs/sec
2026-04-28T19:15:12.3822294Z Received 41993404 of 41993404 (100.0%), 37.5 MBs/sec
2026-04-28T19:15:12.3825803Z Cache Size: ~40 MB (41993404 B)
2026-04-28T19:15:12.4290408Z Received 8388608 of 259976922 (3.2%), 7.9 MBs/sec
2026-04-28T19:15:12.4732943Z Received 58720256 of 136352669 (43.1%), 56.0 MBs/sec
2026-04-28T19:15:12.8075287Z [command]/usr/bin/tar -xf /home/runner/work/_temp/2a3508ab-3924-4d4f-89e5-89b05b9fbf66/cache.tzst -P -C /home/runner/work/prismTask/prismTask --use-compress-program unzstd
2026-04-28T19:15:13.2734548Z Cache restored successfully
2026-04-28T19:15:13.2946196Z Received 136352669 of 136352669 (100.0%), 71.4 MBs/sec
2026-04-28T19:15:13.2949631Z Cache Size: ~130 MB (136352669 B)
2026-04-28T19:15:13.2983663Z Restored cache entry with key gradle-generated-gradle-jars-v1-cb4b032a7d08b9bf1e84e9eacaebcc29 to /home/runner/.gradle/caches/9.3.1/generated-gradle-jars/gradle-api-9.3.1.jar in 2220ms
2026-04-28T19:15:13.3106844Z Received 251658240 of 453712297 (55.5%), 118.8 MBs/sec
2026-04-28T19:15:13.4258507Z [command]/usr/bin/tar -xf /home/runner/work/_temp/9a6678df-a07d-4580-90ae-1acb3bd270ea/cache.tzst -P -C /home/runner/work/prismTask/prismTask --use-compress-program unzstd
2026-04-28T19:15:13.4337550Z Received 92274688 of 259976922 (35.5%), 43.8 MBs/sec
2026-04-28T19:15:13.8006967Z Cache restored successfully
2026-04-28T19:15:13.8168448Z Restored cache entry with key gradle-wrapper-zips-v1-8c0de4c6bda6041d6e054bf825a89c98 to /home/runner/.gradle/wrapper/dists/gradle-9.3.1-bin/23ovyewtku6u96viwx3xl3oks in 2736ms
2026-04-28T19:15:14.3132009Z Received 419430400 of 453712297 (92.4%), 132.3 MBs/sec
2026-04-28T19:15:14.4071722Z Received 453712297 of 453712297 (100.0%), 138.8 MBs/sec
2026-04-28T19:15:14.4074901Z Cache Size: ~433 MB (453712297 B)
2026-04-28T19:15:14.4211680Z [command]/usr/bin/tar -xf /home/runner/work/_temp/b4adca52-6fe9-4a1a-83cb-5bb83ffb9f32/cache.tzst -P -C /home/runner/work/prismTask/prismTask --use-compress-program unzstd
2026-04-28T19:15:14.4321168Z Received 255782618 of 259976922 (98.4%), 81.0 MBs/sec
2026-04-28T19:15:14.5517418Z Received 259976922 of 259976922 (100.0%), 79.2 MBs/sec
2026-04-28T19:15:14.5518903Z Cache Size: ~248 MB (259976922 B)
2026-04-28T19:15:14.5637474Z [command]/usr/bin/tar -xf /home/runner/work/_temp/19b8f921-7919-4e21-90bd-6eb2f045f80f/cache.tzst -P -C /home/runner/work/prismTask/prismTask --use-compress-program unzstd
2026-04-28T19:15:15.6156018Z Cache restored successfully
2026-04-28T19:15:15.6366795Z Restored cache entry with key gradle-dependencies-v1-e0fc4029e4470cca68ede5c2db44de20 to /home/runner/.gradle/caches/modules-*/files-*/*/*/*/* in 4556ms
2026-04-28T19:15:18.4854537Z Cache restored successfully
2026-04-28T19:15:18.5005232Z Restored cache entry with key gradle-transforms-v1-3e314a3a086d8ef6f14fe33027ae13be to /home/runner/.gradle/caches/transforms-4/*/,/home/runner/.gradle/caches/*/transforms/*/ in 7419ms
2026-04-28T19:15:18.5389870Z ##[endgroup]
2026-04-28T19:15:18.5844885Z ##[group]All Gradle Wrapper jars are valid
2026-04-28T19:15:18.5846089Z ✓ Found known Gradle Wrapper JAR files:
2026-04-28T19:15:18.5847186Z   b3a875ddc1f044746e1b1a55f645584505f4a10438c1afea9f15e92a7c42ec13 gradle/wrapper/gradle-wrapper.jar
2026-04-28T19:15:18.5848515Z ##[endgroup]
2026-04-28T19:15:18.6366477Z ##[group]Run chmod +x gradlew
2026-04-28T19:15:18.6367133Z [36;1mchmod +x gradlew[0m
2026-04-28T19:15:18.8091600Z shell: /usr/bin/bash --noprofile --norc -e -o pipefail {0}
2026-04-28T19:15:18.8092225Z env:
2026-04-28T19:15:18.8092597Z   USE_FIREBASE_EMULATOR: true
2026-04-28T19:15:18.8093260Z   JAVA_HOME: /opt/hostedtoolcache/Java_Temurin-Hotspot_jdk/21.0.11-10/x64
2026-04-28T19:15:18.8094176Z   JAVA_HOME_21_X64: /opt/hostedtoolcache/Java_Temurin-Hotspot_jdk/21.0.11-10/x64
2026-04-28T19:15:18.8094975Z   GRADLE_ACTION_ID: gradle/actions/setup-gradle
2026-04-28T19:15:18.8095562Z   GRADLE_USER_HOME: /home/runner/.gradle
2026-04-28T19:15:18.8096115Z   GRADLE_BUILD_ACTION_SETUP_COMPLETED: true
2026-04-28T19:15:18.8096908Z   GRADLE_BUILD_ACTION_CACHE_RESTORED: true
2026-04-28T19:15:18.8097736Z   DEVELOCITY_INJECTION_INIT_SCRIPT_NAME: gradle-actions.inject-develocity.init.gradle
2026-04-28T19:15:18.8098876Z   DEVELOCITY_INJECTION_CUSTOM_VALUE: gradle-actions
2026-04-28T19:15:18.8099476Z   GITHUB_DEPENDENCY_GRAPH_ENABLED: false
2026-04-28T19:15:18.8099985Z ##[endgroup]
2026-04-28T19:15:19.1993503Z ##[group]Run actions/cache@v4
2026-04-28T19:15:19.1993831Z with:
2026-04-28T19:15:19.1994109Z   path: app/build
2026-04-28T19:15:19.1994569Z   key: app-build-Linux-60f88d44dcf49cb52f506dd927e66ae62ee5a47d0db6c0c05b311f5e47cb64f0
2026-04-28T19:15:19.1995105Z   restore-keys: app-build-Linux-

2026-04-28T19:15:19.1995422Z   enableCrossOsArchive: false
2026-04-28T19:15:19.1995722Z   fail-on-cache-miss: false
2026-04-28T19:15:19.1996007Z   lookup-only: false
2026-04-28T19:15:19.1996258Z   save-always: false
2026-04-28T19:15:19.1996505Z env:
2026-04-28T19:15:19.1997141Z   USE_FIREBASE_EMULATOR: true
2026-04-28T19:15:19.1997578Z   JAVA_HOME: /opt/hostedtoolcache/Java_Temurin-Hotspot_jdk/21.0.11-10/x64
2026-04-28T19:15:19.1998139Z   JAVA_HOME_21_X64: /opt/hostedtoolcache/Java_Temurin-Hotspot_jdk/21.0.11-10/x64
2026-04-28T19:15:19.1998628Z   GRADLE_ACTION_ID: gradle/actions/setup-gradle
2026-04-28T19:15:19.1998977Z   GRADLE_USER_HOME: /home/runner/.gradle
2026-04-28T19:15:19.1999355Z   GRADLE_BUILD_ACTION_SETUP_COMPLETED: true
2026-04-28T19:15:19.1999691Z   GRADLE_BUILD_ACTION_CACHE_RESTORED: true
2026-04-28T19:15:19.2000174Z   DEVELOCITY_INJECTION_INIT_SCRIPT_NAME: gradle-actions.inject-develocity.init.gradle
2026-04-28T19:15:19.2000695Z   DEVELOCITY_INJECTION_CUSTOM_VALUE: gradle-actions
2026-04-28T19:15:19.2001053Z   GITHUB_DEPENDENCY_GRAPH_ENABLED: false
2026-04-28T19:15:19.2001360Z ##[endgroup]
2026-04-28T19:15:19.4371381Z Cache hit for: app-build-Linux-60f88d44dcf49cb52f506dd927e66ae62ee5a47d0db6c0c05b311f5e47cb64f0
2026-04-28T19:15:20.1826268Z Received 156131945 of 156131945 (100.0%), 214.9 MBs/sec
2026-04-28T19:15:20.1827556Z Cache Size: ~149 MB (156131945 B)
2026-04-28T19:15:20.1923580Z [command]/usr/bin/tar -xf /home/runner/work/_temp/341bfb64-f0c0-4f98-9a3b-0fc12d1c4632/cache.tzst -P -C /home/runner/work/prismTask/prismTask --use-compress-program unzstd
2026-04-28T19:15:22.0037322Z Cache restored successfully
2026-04-28T19:15:22.0181733Z Cache restored from key: app-build-Linux-60f88d44dcf49cb52f506dd927e66ae62ee5a47d0db6c0c05b311f5e47cb64f0
2026-04-28T19:15:22.0305421Z ##[group]Run actions/setup-node@v4
2026-04-28T19:15:22.0305767Z with:
2026-04-28T19:15:22.0306012Z   node-version: 20
2026-04-28T19:15:22.0306266Z   always-auth: false
2026-04-28T19:15:22.0306532Z   check-latest: false
2026-04-28T19:15:22.0307242Z   token: ***
2026-04-28T19:15:22.0307483Z env:
2026-04-28T19:15:22.0307719Z   USE_FIREBASE_EMULATOR: true
2026-04-28T19:15:22.0308142Z   JAVA_HOME: /opt/hostedtoolcache/Java_Temurin-Hotspot_jdk/21.0.11-10/x64
2026-04-28T19:15:22.0308676Z   JAVA_HOME_21_X64: /opt/hostedtoolcache/Java_Temurin-Hotspot_jdk/21.0.11-10/x64
2026-04-28T19:15:22.0309146Z   GRADLE_ACTION_ID: gradle/actions/setup-gradle
2026-04-28T19:15:22.0309512Z   GRADLE_USER_HOME: /home/runner/.gradle
2026-04-28T19:15:22.0309871Z   GRADLE_BUILD_ACTION_SETUP_COMPLETED: true
2026-04-28T19:15:22.0310212Z   GRADLE_BUILD_ACTION_CACHE_RESTORED: true
2026-04-28T19:15:22.0310702Z   DEVELOCITY_INJECTION_INIT_SCRIPT_NAME: gradle-actions.inject-develocity.init.gradle
2026-04-28T19:15:22.0311260Z   DEVELOCITY_INJECTION_CUSTOM_VALUE: gradle-actions
2026-04-28T19:15:22.0311628Z   GITHUB_DEPENDENCY_GRAPH_ENABLED: false
2026-04-28T19:15:22.0311932Z ##[endgroup]
2026-04-28T19:15:22.2157092Z Found in cache @ /opt/hostedtoolcache/node/20.20.2/x64
2026-04-28T19:15:22.2163636Z ##[group]Environment details
2026-04-28T19:15:22.5584282Z node: v20.20.2
2026-04-28T19:15:22.5584820Z npm: 10.8.2
2026-04-28T19:15:22.5585241Z yarn: 1.22.22
2026-04-28T19:15:22.5586109Z ##[endgroup]
2026-04-28T19:15:22.5707162Z ##[group]Run actions/cache@v4
2026-04-28T19:15:22.5707501Z with:
2026-04-28T19:15:22.5707879Z   path: ~/.npm
/usr/local/lib/node_modules/firebase-tools
/usr/local/bin/firebase

2026-04-28T19:15:22.5708354Z   key: firebase-tools-Linux-v15
2026-04-28T19:15:22.5708847Z   enableCrossOsArchive: false
2026-04-28T19:15:22.5709150Z   fail-on-cache-miss: false
2026-04-28T19:15:22.5709434Z   lookup-only: false
2026-04-28T19:15:22.5709686Z   save-always: false
2026-04-28T19:15:22.5709925Z env:
2026-04-28T19:15:22.5710155Z   USE_FIREBASE_EMULATOR: true
2026-04-28T19:15:22.5710562Z   JAVA_HOME: /opt/hostedtoolcache/Java_Temurin-Hotspot_jdk/21.0.11-10/x64
2026-04-28T19:15:22.5711112Z   JAVA_HOME_21_X64: /opt/hostedtoolcache/Java_Temurin-Hotspot_jdk/21.0.11-10/x64
2026-04-28T19:15:22.5711575Z   GRADLE_ACTION_ID: gradle/actions/setup-gradle
2026-04-28T19:15:22.5711928Z   GRADLE_USER_HOME: /home/runner/.gradle
2026-04-28T19:15:22.5712260Z   GRADLE_BUILD_ACTION_SETUP_COMPLETED: true
2026-04-28T19:15:22.5712640Z   GRADLE_BUILD_ACTION_CACHE_RESTORED: true
2026-04-28T19:15:22.5713132Z   DEVELOCITY_INJECTION_INIT_SCRIPT_NAME: gradle-actions.inject-develocity.init.gradle
2026-04-28T19:15:22.5713651Z   DEVELOCITY_INJECTION_CUSTOM_VALUE: gradle-actions
2026-04-28T19:15:22.5714025Z   GITHUB_DEPENDENCY_GRAPH_ENABLED: false
2026-04-28T19:15:22.5714335Z ##[endgroup]
2026-04-28T19:15:22.7907002Z Cache hit for: firebase-tools-Linux-v15
2026-04-28T19:15:23.2928443Z Received 70549225 of 70549225 (100.0%), 148.5 MBs/sec
2026-04-28T19:15:23.2929753Z Cache Size: ~67 MB (70549225 B)
2026-04-28T19:15:23.2962612Z [command]/usr/bin/tar -xf /home/runner/work/_temp/3fc1cfc3-cad2-4bed-a0d7-c95856dac93f/cache.tzst -P -C /home/runner/work/prismTask/prismTask --use-compress-program unzstd
2026-04-28T19:15:23.7483504Z Cache restored successfully
2026-04-28T19:15:23.7592868Z Cache restored from key: firebase-tools-Linux-v15
2026-04-28T19:15:23.7713727Z ##[group]Run if ! command -v firebase &> /dev/null; then
2026-04-28T19:15:23.7714403Z [36;1mif ! command -v firebase &> /dev/null; then[0m
2026-04-28T19:15:23.7714804Z [36;1m  npm install -g firebase-tools@15[0m
2026-04-28T19:15:23.7715148Z [36;1mfi[0m
2026-04-28T19:15:23.7777307Z shell: /usr/bin/bash -e {0}
2026-04-28T19:15:23.7777626Z env:
2026-04-28T19:15:23.7777875Z   USE_FIREBASE_EMULATOR: true
2026-04-28T19:15:23.7778303Z   JAVA_HOME: /opt/hostedtoolcache/Java_Temurin-Hotspot_jdk/21.0.11-10/x64
2026-04-28T19:15:23.7778864Z   JAVA_HOME_21_X64: /opt/hostedtoolcache/Java_Temurin-Hotspot_jdk/21.0.11-10/x64
2026-04-28T19:15:23.7779368Z   GRADLE_ACTION_ID: gradle/actions/setup-gradle
2026-04-28T19:15:23.7779736Z   GRADLE_USER_HOME: /home/runner/.gradle
2026-04-28T19:15:23.7780088Z   GRADLE_BUILD_ACTION_SETUP_COMPLETED: true
2026-04-28T19:15:23.7780444Z   GRADLE_BUILD_ACTION_CACHE_RESTORED: true
2026-04-28T19:15:23.7780987Z   DEVELOCITY_INJECTION_INIT_SCRIPT_NAME: gradle-actions.inject-develocity.init.gradle
2026-04-28T19:15:23.7781534Z   DEVELOCITY_INJECTION_CUSTOM_VALUE: gradle-actions
2026-04-28T19:15:23.7781904Z   GITHUB_DEPENDENCY_GRAPH_ENABLED: false
2026-04-28T19:15:23.7782222Z ##[endgroup]
2026-04-28T19:15:43.0268312Z npm warn deprecated node-domexception@1.0.0: Use your platform's native DOMException instead
2026-04-28T19:15:43.3407503Z npm warn deprecated glob@10.5.0: Old versions of glob are not supported, and contain widely publicized security vulnerabilities, which have been fixed in the current version. Please update. Support for old versions may be purchased (at exorbitant rates) by contacting i@izs.me
2026-04-28T19:15:43.3607530Z npm warn deprecated json-ptr@3.1.1: Package no longer supported. Contact Support at https://www.npmjs.com/support for more info.
2026-04-28T19:15:45.8588679Z 
2026-04-28T19:15:45.8589351Z added 705 packages in 22s
2026-04-28T19:15:45.8589739Z 
2026-04-28T19:15:45.8590080Z 91 packages are looking for funding
2026-04-28T19:15:45.8590705Z   run `npm fund` for details
2026-04-28T19:15:45.9030079Z ##[group]Run firebase --version
2026-04-28T19:15:45.9030469Z [36;1mfirebase --version[0m
2026-04-28T19:15:45.9087435Z shell: /usr/bin/bash -e {0}
2026-04-28T19:15:45.9087736Z env:
2026-04-28T19:15:45.9087979Z   USE_FIREBASE_EMULATOR: true
2026-04-28T19:15:45.9088406Z   JAVA_HOME: /opt/hostedtoolcache/Java_Temurin-Hotspot_jdk/21.0.11-10/x64
2026-04-28T19:15:45.9089166Z   JAVA_HOME_21_X64: /opt/hostedtoolcache/Java_Temurin-Hotspot_jdk/21.0.11-10/x64
2026-04-28T19:15:45.9089642Z   GRADLE_ACTION_ID: gradle/actions/setup-gradle
2026-04-28T19:15:45.9089996Z   GRADLE_USER_HOME: /home/runner/.gradle
2026-04-28T19:15:45.9090336Z   GRADLE_BUILD_ACTION_SETUP_COMPLETED: true
2026-04-28T19:15:45.9090681Z   GRADLE_BUILD_ACTION_CACHE_RESTORED: true
2026-04-28T19:15:45.9091172Z   DEVELOCITY_INJECTION_INIT_SCRIPT_NAME: gradle-actions.inject-develocity.init.gradle
2026-04-28T19:15:45.9091704Z   DEVELOCITY_INJECTION_CUSTOM_VALUE: gradle-actions
2026-04-28T19:15:45.9092209Z   GITHUB_DEPENDENCY_GRAPH_ENABLED: false
2026-04-28T19:15:45.9092541Z ##[endgroup]
2026-04-28T19:15:46.3842098Z 15.15.0
2026-04-28T19:15:46.4486916Z ##[group]Run set -euo pipefail
2026-04-28T19:15:46.4487343Z [36;1mset -euo pipefail[0m
2026-04-28T19:15:46.4487656Z [36;1mfirebase emulators:start \[0m
2026-04-28T19:15:46.4487989Z [36;1m  --only firestore,auth \[0m
2026-04-28T19:15:46.4488325Z [36;1m  --project demo-prismtask \[0m
2026-04-28T19:15:46.4488728Z [36;1m  > "$RUNNER_TEMP/firebase-emulators.log" 2>&1 &[0m
2026-04-28T19:15:46.4489189Z [36;1mecho "FIREBASE_EMULATORS_PID=$!" >> "$GITHUB_ENV"[0m
2026-04-28T19:15:46.4489616Z [36;1mecho "Waiting for emulator ports to open..."[0m
2026-04-28T19:15:46.4490006Z [36;1mfor port in 8080 9099; do[0m
2026-04-28T19:15:46.4490327Z [36;1m  timeout 120 bash -c \[0m
2026-04-28T19:15:46.4490782Z [36;1m    "until (echo > /dev/tcp/127.0.0.1/$port) 2>/dev/null; do sleep 1; done" || {[0m
2026-04-28T19:15:46.4491387Z [36;1m      echo "::error::Firebase emulator port $port did not become ready in time"[0m
2026-04-28T19:15:46.4491957Z [36;1m      cat "$RUNNER_TEMP/firebase-emulators.log" || true[0m
2026-04-28T19:15:46.4492347Z [36;1m      exit 1[0m
2026-04-28T19:15:46.4492604Z [36;1m    }[0m
2026-04-28T19:15:46.4492842Z [36;1mdone[0m
2026-04-28T19:15:46.4493183Z [36;1mecho "Firebase emulators ready (firestore=8080, auth=9099)"[0m
2026-04-28T19:15:46.4548111Z shell: /usr/bin/bash -e {0}
2026-04-28T19:15:46.4548417Z env:
2026-04-28T19:15:46.4548660Z   USE_FIREBASE_EMULATOR: true
2026-04-28T19:15:46.4549082Z   JAVA_HOME: /opt/hostedtoolcache/Java_Temurin-Hotspot_jdk/21.0.11-10/x64
2026-04-28T19:15:46.4549659Z   JAVA_HOME_21_X64: /opt/hostedtoolcache/Java_Temurin-Hotspot_jdk/21.0.11-10/x64
2026-04-28T19:15:46.4550139Z   GRADLE_ACTION_ID: gradle/actions/setup-gradle
2026-04-28T19:15:46.4550499Z   GRADLE_USER_HOME: /home/runner/.gradle
2026-04-28T19:15:46.4550845Z   GRADLE_BUILD_ACTION_SETUP_COMPLETED: true
2026-04-28T19:15:46.4551188Z   GRADLE_BUILD_ACTION_CACHE_RESTORED: true
2026-04-28T19:15:46.4551686Z   DEVELOCITY_INJECTION_INIT_SCRIPT_NAME: gradle-actions.inject-develocity.init.gradle
2026-04-28T19:15:46.4552220Z   DEVELOCITY_INJECTION_CUSTOM_VALUE: gradle-actions
2026-04-28T19:15:46.4552587Z   GITHUB_DEPENDENCY_GRAPH_ENABLED: false
2026-04-28T19:15:46.4552901Z ##[endgroup]
2026-04-28T19:15:46.4634103Z Waiting for emulator ports to open...
2026-04-28T19:15:56.5007577Z Firebase emulators ready (firestore=8080, auth=9099)
2026-04-28T19:15:56.5035821Z ##[group]Run echo 'KERNEL=="kvm", GROUP="kvm", MODE="0666", OPTIONS+="static_node=kvm"' \
2026-04-28T19:15:56.5036500Z [36;1mecho 'KERNEL=="kvm", GROUP="kvm", MODE="0666", OPTIONS+="static_node=kvm"' \[0m
2026-04-28T19:15:56.5037411Z [36;1m  | sudo tee /etc/udev/rules.d/99-kvm4all.rules[0m
2026-04-28T19:15:56.5037824Z [36;1msudo udevadm control --reload-rules[0m
2026-04-28T19:15:56.5038211Z [36;1msudo udevadm trigger --name-match=kvm[0m
2026-04-28T19:15:56.5099493Z shell: /usr/bin/bash -e {0}
2026-04-28T19:15:56.5099812Z env:
2026-04-28T19:15:56.5100061Z   USE_FIREBASE_EMULATOR: true
2026-04-28T19:15:56.5100502Z   JAVA_HOME: /opt/hostedtoolcache/Java_Temurin-Hotspot_jdk/21.0.11-10/x64
2026-04-28T19:15:56.5101351Z   JAVA_HOME_21_X64: /opt/hostedtoolcache/Java_Temurin-Hotspot_jdk/21.0.11-10/x64
2026-04-28T19:15:56.5102226Z   GRADLE_ACTION_ID: gradle/actions/setup-gradle
2026-04-28T19:15:56.5103301Z   GRADLE_USER_HOME: /home/runner/.gradle
2026-04-28T19:15:56.5103799Z   GRADLE_BUILD_ACTION_SETUP_COMPLETED: true
2026-04-28T19:15:56.5104163Z   GRADLE_BUILD_ACTION_CACHE_RESTORED: true
2026-04-28T19:15:56.5104665Z   DEVELOCITY_INJECTION_INIT_SCRIPT_NAME: gradle-actions.inject-develocity.init.gradle
2026-04-28T19:15:56.5105538Z   DEVELOCITY_INJECTION_CUSTOM_VALUE: gradle-actions
2026-04-28T19:15:56.5106233Z   GITHUB_DEPENDENCY_GRAPH_ENABLED: false
2026-04-28T19:15:56.5107095Z   FIREBASE_EMULATORS_PID: 2600
2026-04-28T19:15:56.5107640Z ##[endgroup]
2026-04-28T19:15:56.5274623Z KERNEL=="kvm", GROUP="kvm", MODE="0666", OPTIONS+="static_node=kvm"
2026-04-28T19:15:56.5817942Z ##[group]Run reactivecircus/android-emulator-runner@v2
2026-04-28T19:15:56.5818629Z with:
2026-04-28T19:15:56.5819054Z   api-level: 34
2026-04-28T19:15:56.5819554Z   target: google_apis
2026-04-28T19:15:56.5820026Z   arch: x86_64
2026-04-28T19:15:56.5820459Z   profile: pixel_6
2026-04-28T19:15:56.5820964Z   emulator-boot-timeout: 1200
2026-04-28T19:15:56.5824134Z   script: adb devices
adb shell settings put global window_animation_scale 0
adb shell settings put global transition_animation_scale 0
adb shell settings put global animator_duration_scale 0
# AVD already reaches the host emulators via 10.0.2.2 (hard-
# coded in PrismTaskApplication.configureFirebaseEmulator),
# so no `adb reverse` is needed. Confirm by pinging the
# emulator UI from inside the AVD.
adb shell "ping -c 1 10.0.2.2 || true"
./gradlew connectedDebugAndroidTest --no-daemon --continue

2026-04-28T19:15:56.5831901Z   cores: 2
2026-04-28T19:15:56.5832338Z   avd-name: test
2026-04-28T19:15:56.5832870Z   force-avd-creation: true
2026-04-28T19:15:56.5833393Z   emulator-port: 5554
2026-04-28T19:15:56.5834215Z   emulator-options: -no-window -gpu swiftshader_indirect -no-snapshot -noaudio -no-boot-anim
2026-04-28T19:15:56.5835109Z   disable-animations: true
2026-04-28T19:15:56.5835638Z   disable-spellchecker: false
2026-04-28T19:15:56.5836203Z   disable-linux-hw-accel: auto
2026-04-28T19:15:56.5837008Z   enable-hw-keyboard: false
2026-04-28T19:15:56.5837497Z   channel: stable
2026-04-28T19:15:56.5837932Z env:
2026-04-28T19:15:56.5838349Z   USE_FIREBASE_EMULATOR: true
2026-04-28T19:15:56.5839070Z   JAVA_HOME: /opt/hostedtoolcache/Java_Temurin-Hotspot_jdk/21.0.11-10/x64
2026-04-28T19:15:56.5840043Z   JAVA_HOME_21_X64: /opt/hostedtoolcache/Java_Temurin-Hotspot_jdk/21.0.11-10/x64
2026-04-28T19:15:56.5840898Z   GRADLE_ACTION_ID: gradle/actions/setup-gradle
2026-04-28T19:15:56.5841528Z   GRADLE_USER_HOME: /home/runner/.gradle
2026-04-28T19:15:56.5842130Z   GRADLE_BUILD_ACTION_SETUP_COMPLETED: true
2026-04-28T19:15:56.5842765Z   GRADLE_BUILD_ACTION_CACHE_RESTORED: true
2026-04-28T19:15:56.5843646Z   DEVELOCITY_INJECTION_INIT_SCRIPT_NAME: gradle-actions.inject-develocity.init.gradle
2026-04-28T19:15:56.5844616Z   DEVELOCITY_INJECTION_CUSTOM_VALUE: gradle-actions
2026-04-28T19:15:56.5845277Z   GITHUB_DEPENDENCY_GRAPH_ENABLED: false
2026-04-28T19:15:56.5845872Z   FIREBASE_EMULATORS_PID: 2600
2026-04-28T19:15:56.5846376Z ##[endgroup]
2026-04-28T19:15:56.6576075Z ##[group]Configure emulator
2026-04-28T19:15:56.6577512Z API level: 34
2026-04-28T19:15:56.6578390Z System image API level: 34
2026-04-28T19:15:56.6579193Z target: google_apis
2026-04-28T19:15:56.6580016Z CPU architecture: x86_64
2026-04-28T19:15:56.6580805Z Hardware profile: pixel_6
2026-04-28T19:15:56.6581345Z Cores: 2
2026-04-28T19:15:56.6581764Z RAM size: 
2026-04-28T19:15:56.6582187Z Heap size: 
2026-04-28T19:15:56.6582682Z SD card path or size: 
2026-04-28T19:15:56.6583190Z Disk size: 
2026-04-28T19:15:56.6583640Z AVD name: test
2026-04-28T19:15:56.6584144Z force avd creation: true
2026-04-28T19:15:56.6584680Z Emulator boot timeout: 1200
2026-04-28T19:15:56.6585220Z emulator port: 5554
2026-04-28T19:15:56.6586275Z emulator options: -no-window -gpu swiftshader_indirect -no-snapshot -noaudio -no-boot-anim
2026-04-28T19:15:56.6587508Z disable animations: true
2026-04-28T19:15:56.6588062Z disable spellchecker: false
2026-04-28T19:15:56.6589017Z disable Linux hardware acceleration: false
2026-04-28T19:15:56.6589698Z enable hardware keyboard: false
2026-04-28T19:15:56.6590230Z Channel: 0 (stable)
2026-04-28T19:15:56.6590657Z Script:
2026-04-28T19:15:56.6591048Z adb devices
2026-04-28T19:15:56.6591685Z adb shell settings put global window_animation_scale 0
2026-04-28T19:15:56.6592588Z adb shell settings put global transition_animation_scale 0
2026-04-28T19:15:56.6593474Z adb shell settings put global animator_duration_scale 0
2026-04-28T19:15:56.6594225Z adb shell "ping -c 1 10.0.2.2 || true"
2026-04-28T19:15:56.6595059Z ./gradlew connectedDebugAndroidTest --no-daemon --continue
2026-04-28T19:15:56.6596089Z Pre emulator launch script:
2026-04-28T19:15:56.6597241Z ##[endgroup]
2026-04-28T19:15:56.6597967Z ##[group]Install Android SDK
2026-04-28T19:15:56.6669071Z [command]/usr/bin/sh -c \yes | sdkmanager --licenses > /dev/null
2026-04-28T19:16:00.4366110Z Installing latest build tools, platform tools, and platform.
2026-04-28T19:16:00.4385106Z [command]/usr/bin/sh -c \sdkmanager --install 'build-tools;36.0.0' platform-tools 'platforms;android-34'> /dev/null
2026-04-28T19:16:01.9805861Z Installing latest emulator.
2026-04-28T19:16:01.9820441Z [command]/usr/bin/sh -c \sdkmanager --install emulator --channel=0 > /dev/null
2026-04-28T19:16:10.6899954Z Installing system images.
2026-04-28T19:16:10.6915046Z [command]/usr/bin/sh -c \sdkmanager --install 'system-images;android-34;google_apis;x86_64' --channel=0 > /dev/null
2026-04-28T19:16:37.4104308Z ##[endgroup]
2026-04-28T19:16:37.4106008Z ##[group]Create AVD
2026-04-28T19:16:37.4106494Z Creating AVD.
2026-04-28T19:16:37.4125429Z [command]/usr/bin/sh -c \echo no | avdmanager create avd --force -n test --package 'system-images;android-34;google_apis;x86_64' --device 'pixel_6'
2026-04-28T19:16:38.1420663Z Loading local repository...                                                     
2026-04-28T19:16:38.1422063Z [=========                              ] 25% Loading local repository...       
2026-04-28T19:16:38.1423310Z [=========                              ] 25% Fetch remote repository...        
2026-04-28T19:16:38.1424474Z [=======================================] 100% Fetch remote repository...       
2026-04-28T19:16:38.1848377Z Auto-selecting single ABI x86_64
2026-04-28T19:16:38.7052870Z [command]/usr/bin/sh -c \printf 'hw.cpu.ncore=2\n' >> /home/runner/.android/avd/test.avd/config.ini
2026-04-28T19:16:38.7076933Z ##[endgroup]
2026-04-28T19:16:38.7077698Z ##[group]Launch Emulator
2026-04-28T19:16:38.7078110Z Starting emulator.
2026-04-28T19:16:38.7096033Z [command]/usr/bin/sh -c \/usr/local/lib/android/sdk/emulator/emulator -port 5554 -avd test -no-window -gpu swiftshader_indirect -no-snapshot -noaudio -no-boot-anim &
2026-04-28T19:16:38.7242768Z INFO         | Android emulator version 36.5.11.0 (build_id 15261927) (CL:N/A)
2026-04-28T19:16:38.7243726Z INFO         | Graphics backend: gfxstream
2026-04-28T19:16:38.7244704Z INFO         | Found systemPath /usr/local/lib/android/sdk/system-images/android-34/google_apis/x86_64/
2026-04-28T19:16:39.3118807Z INFO         | Increasing RAM size to 2048MB
2026-04-28T19:16:39.3119769Z ##############################################################################
2026-04-28T19:16:39.3120704Z ##                        WARNING - ACTION REQUIRED                         ##
2026-04-28T19:16:39.3121811Z ##  Consider using the '-metrics-collection' flag to help improve the       ##
2026-04-28T19:16:39.3123101Z ##  emulator by sending anonymized usage data. Or use the '-no-metrics'     ##
2026-04-28T19:16:39.3124307Z ##  flag to bypass this warning and turn off the metrics collection.        ##
2026-04-28T19:16:39.3125514Z ##  In a future release this warning will turn into a one-time blocking     ##
2026-04-28T19:16:39.3126950Z ##  prompt to ask for explicit user input regarding metrics collection.     ##
2026-04-28T19:16:39.3127927Z ##                                                                          ##
2026-04-28T19:16:39.3129380Z ##  Please see '-help-metrics-collection' for more details. You can use     ##
2026-04-28T19:16:39.3130536Z ##  '-metrics-to-file' or '-metrics-to-console' flags to see what type of   ##
2026-04-28T19:16:39.3131689Z ##  data is being collected by emulator as part of usage statistics.        ##
2026-04-28T19:16:39.3132686Z ##############################################################################
2026-04-28T19:16:39.3133542Z INFO         | Guest GLES Driver: Auto (ext controls)
2026-04-28T19:16:39.3134765Z INFO         | emuglConfig_init: vulkan_mode_selected:swiftshader gles_mode_selected:swiftshader
2026-04-28T19:16:39.3135598Z INFO         | Checking system compatibility:
2026-04-28T19:16:39.3136370Z INFO         |   Checking: hasSufficientDiskSpace
2026-04-28T19:16:39.3137240Z INFO         |      Ok: Disk space requirements to run avd: `test` are met
2026-04-28T19:16:39.3137738Z INFO         |   Checking: hasSufficientHwGpu
2026-04-28T19:16:39.3138249Z INFO         |      Ok: Hardware GPU compatibility checks are not required
2026-04-28T19:16:39.3138756Z INFO         |   Checking: hasSufficientSystem
2026-04-28T19:16:39.3139648Z INFO         |      Ok: System requirements to run avd: `test` are met
2026-04-28T19:16:39.3140523Z ERROR        | Unable to connect to adb daemon on port: 5037
2026-04-28T19:16:39.3141797Z INFO         | Storing crashdata in: /tmp/android-runner/emu-crash-36.5.11.db, detection is enabled for process: 3012
2026-04-28T19:16:39.3142885Z INFO         | Initializing gfxstream backend
2026-04-28T19:16:39.3143639Z INFO         | android_startOpenglesRenderer: gpu info
2026-04-28T19:16:39.3144264Z INFO         | 
2026-04-28T19:16:39.3145032Z INFO         | initIcdPaths: ICD set to 'swiftshader', using Swiftshader ICD
2026-04-28T19:16:39.3146467Z INFO         | Setting ICD filenames for the loader = /usr/local/lib/android/sdk/emulator/lib64/vulkan/vk_swiftshader_icd.json
2026-04-28T19:16:39.3148471Z INFO         | SharedLibrary::open for [/usr/local/lib/android/sdk/emulator/qemu/linux-x86_64/lib64/vulkan/libvulkan.so]
2026-04-28T19:16:39.3150123Z INFO         | SharedLibrary::open for [/usr/local/lib/android/sdk/emulator/qemu/linux-x86_64/lib64/vulkan/libvulkan.so.1]
2026-04-28T19:16:39.3151633Z INFO         | SharedLibrary::open for [/usr/local/lib/android/sdk/emulator/lib64/vulkan/libvulkan.so]
2026-04-28T19:16:39.3152398Z INFO         | Added library: /usr/local/lib/android/sdk/emulator/lib64/vulkan/libvulkan.so
2026-04-28T19:16:39.3190936Z INFO         | Selecting Vulkan device: SwiftShader Device (Subzero), Version: 1.3.0
2026-04-28T19:16:39.3359273Z INFO         | SharedLibrary::open for [libX11]
2026-04-28T19:16:39.3360259Z WARNING      | Could not open libX11.so, try libX11.so.6
2026-04-28T19:16:39.3361134Z INFO         | SharedLibrary::open for [libX11.so.6]
2026-04-28T19:16:39.3361950Z INFO         | SharedLibrary::open for [libX11-xcb]
2026-04-28T19:16:39.3362869Z WARNING      | Could not open libX11-xcb.so, try libX11-xcb.so.1
2026-04-28T19:16:39.3363794Z INFO         | SharedLibrary::open for [libX11-xcb.so.1]
2026-04-28T19:16:39.3455273Z INFO         | Initializing VkEmulation features:
2026-04-28T19:16:39.3458693Z INFO         |     glInteropSupported: false
2026-04-28T19:16:39.3459599Z INFO         |     useDeferredCommands: true
2026-04-28T19:16:39.3460520Z INFO         |     createResourceWithRequirements: true
2026-04-28T19:16:39.3461405Z INFO         |     useVulkanComposition: false
2026-04-28T19:16:39.3462281Z INFO         |     useVulkanNativeSwapchain: false
2026-04-28T19:16:39.3463202Z INFO         |     enable guestRenderDoc: false
2026-04-28T19:16:39.3463783Z INFO         |     ASTC LDR emulation mode: Gpu
2026-04-28T19:16:39.3464340Z INFO         |     enable ETC2 emulation: true
2026-04-28T19:16:39.3464889Z INFO         |     enable Ycbcr emulation: false
2026-04-28T19:16:39.3465418Z INFO         |     guestVulkanOnly: false
2026-04-28T19:16:39.3465961Z INFO         |     useDedicatedAllocations: false
2026-04-28T19:16:39.3466521Z INFO         |     guestVulkanMaxApiVersion: 1.3.0
2026-04-28T19:16:39.3467730Z INFO         | Graphics Adapter Vendor Google (Google Inc.)
2026-04-28T19:16:39.3468387Z INFO         | Graphics Adapter Android Emulator OpenGL ES Translator (Google SwiftShader)
2026-04-28T19:16:39.3469109Z INFO         | Graphics API Version OpenGL ES 3.0 (OpenGL ES 3.0 SwiftShader 4.0.0.1)
2026-04-28T19:16:39.3472088Z INFO         | Graphics API Extensions GL_OES_EGL_sync GL_OES_EGL_image GL_OES_EGL_image_external GL_OES_depth24 GL_OES_depth32 GL_OES_element_index_uint GL_OES_texture_float GL_OES_texture_float_linear GL_OES_compressed_paletted_texture GL_OES_compressed_ETC1_RGB8_texture GL_OES_depth_texture GL_OES_texture_half_float GL_OES_texture_half_float_linear GL_OES_packed_depth_stencil GL_OES_vertex_half_float GL_OES_standard_derivatives GL_OES_texture_npot GL_OES_rgb8_rgba8 GL_EXT_color_buffer_float GL_EXT_color_buffer_half_float GL_EXT_texture_format_BGRA8888 GL_APPLE_texture_format_BGRA8888 
2026-04-28T19:16:39.3474425Z INFO         | Graphics Device Extensions N/A
2026-04-28T19:16:39.3474887Z INFO         | Disabling sparse binding feature support
2026-04-28T19:16:39.3528620Z INFO         | Sending adb public key [QAAAAL2U8xxr+Wnt56dREw9I3Omf7hKqwAu1jyZPC5TvywspDNE77k3kGGvmNom1KgoEUyts3BjZ4KyGJd0ghx4pyeD5hOeFQqEyYlZ6BsrLCHFoA9yNwd8Tk8lSLnebAuQkaCTq/QtLERyNR/wmAOpdNxYhL0IJ9kb2ekmmLflltjsPOadzNqO3A6JQJEe9LLnvfXPpYD4RzfpogDjR/zNWuuEfBEdiVELVOR5RTcHa/kud3qvHKVkTuc3mjCeXbAoR8ZNWACT0JYQoongE1bzQ9Tuj3aPWoUVKMc74rhMx8587+lgpRFuC19tvj5Xy48gepgUFv0Xcw42LbJVqC6/jgUP2pFXG7DEv1r/FpyxRC7FBbwUd5V2aQNWsVuaJ9UkF05ldG02mmN6DL/CIPAazWg0/q6Cfhxg5sxczWdVAGRPnJlnl+t86gU6qSq0/awfwEl+571gC4iFQMlnyrWXYctQ9zRrla4cjvnSPuz/E5EhPKwrVW1ixYI+aSLf2JnKD8K/EfSDhnE8S54emki8VZpako1PPgANJkRaTAJErc4kA+lXfX1W0iiR4jLhW/OVQJ9EO6AXu6hPnUIUm4PbRfVnSqGvStYBP9G471g/ZBImGEBq1tRTB5SF1J3cQRr7xFNJfb+JqBuif0U06wrBidk6BdKd36mD2L7BJuspAGJupTJFiRAEAAQA= runner@unknown]
2026-04-28T19:16:39.3534909Z INFO         | Userspace boot properties:
2026-04-28T19:16:39.3535945Z INFO         |   androidboot.boot_devices=pci0000:00/0000:00:03.0 pci0000:00/0000:00:06.0
2026-04-28T19:16:39.3537220Z INFO         |   androidboot.dalvik.vm.heapsize=512m
2026-04-28T19:16:39.3537884Z INFO         |   androidboot.debug.hwui.renderer=skiagl
2026-04-28T19:16:39.3538370Z INFO         |   androidboot.debug.sf.nobootanimation=1
2026-04-28T19:16:39.3538996Z INFO         |   androidboot.hardware=ranchu
2026-04-28T19:16:39.3539482Z INFO         |   androidboot.hardware.gltransport=pipe
2026-04-28T19:16:39.3539947Z INFO         |   androidboot.hardware.vulkan=ranchu
2026-04-28T19:16:39.3540359Z INFO         |   androidboot.logcat=*:V
2026-04-28T19:16:39.3540824Z INFO         |   androidboot.opengles.version=196608
2026-04-28T19:16:39.3541241Z INFO         |   androidboot.qemu=1
2026-04-28T19:16:39.3545319Z INFO         |   androidboot.qemu.adb.pubkey=QAAAAL2U8xxr+Wnt56dREw9I3Omf7hKqwAu1jyZPC5TvywspDNE77k3kGGvmNom1KgoEUyts3BjZ4KyGJd0ghx4pyeD5hOeFQqEyYlZ6BsrLCHFoA9yNwd8Tk8lSLnebAuQkaCTq/QtLERyNR/wmAOpdNxYhL0IJ9kb2ekmmLflltjsPOadzNqO3A6JQJEe9LLnvfXPpYD4RzfpogDjR/zNWuuEfBEdiVELVOR5RTcHa/kud3qvHKVkTuc3mjCeXbAoR8ZNWACT0JYQoongE1bzQ9Tuj3aPWoUVKMc74rhMx8587+lgpRFuC19tvj5Xy48gepgUFv0Xcw42LbJVqC6/jgUP2pFXG7DEv1r/FpyxRC7FBbwUd5V2aQNWsVuaJ9UkF05ldG02mmN6DL/CIPAazWg0/q6Cfhxg5sxczWdVAGRPnJlnl+t86gU6qSq0/awfwEl+571gC4iFQMlnyrWXYctQ9zRrla4cjvnSPuz/E5EhPKwrVW1ixYI+aSLf2JnKD8K/EfSDhnE8S54emki8VZpako1PPgANJkRaTAJErc4kA+lXfX1W0iiR4jLhW/OVQJ9EO6AXu6hPnUIUm4PbRfVnSqGvStYBP9G471g/ZBImGEBq1tRTB5SF1J3cQRr7xFNJfb+JqBuif0U06wrBidk6BdKd36mD2L7BJuspAGJupTJFiRAEAAQA= runner@unknown
2026-04-28T19:16:39.3549091Z INFO         |   androidboot.qemu.avd_name=test
2026-04-28T19:16:39.3549588Z INFO         |   androidboot.qemu.camera_hq_edge_processing=0
2026-04-28T19:16:39.3550099Z INFO         |   androidboot.qemu.camera_protocol_ver=1
2026-04-28T19:16:39.3550594Z INFO         |   androidboot.qemu.cpuvulkan.version=4202496
2026-04-28T19:16:39.3551139Z INFO         |   androidboot.qemu.gltransport.drawFlushInterval=800
2026-04-28T19:16:39.3551659Z INFO         |   androidboot.qemu.gltransport.name=pipe
2026-04-28T19:16:39.3552335Z INFO         |   androidboot.qemu.hwcodec.avcdec=2
2026-04-28T19:16:39.3552791Z INFO         |   androidboot.qemu.hwcodec.hevcdec=2
2026-04-28T19:16:39.3553265Z INFO         |   androidboot.qemu.hwcodec.vpxdec=2
2026-04-28T19:16:39.3553821Z INFO         |   androidboot.qemu.settings.system.screen_off_timeout=2147483647
2026-04-28T19:16:39.3554359Z INFO         |   androidboot.qemu.skin=1080x2400
2026-04-28T19:16:39.3554780Z INFO         |   androidboot.qemu.virtiowifi=1
2026-04-28T19:16:39.3555181Z INFO         |   androidboot.qemu.vsync=60
2026-04-28T19:16:39.3555620Z INFO         |   androidboot.serialno=EMULATOR36X5X11X0
2026-04-28T19:16:39.3556437Z INFO         |   androidboot.vbmeta.digest=451e57ed688ff746d2c636d52169ade253e2bc5bb30a5c3ff23679ca15d3bcd3
2026-04-28T19:16:39.3557367Z INFO         |   androidboot.vbmeta.hash_alg=sha256
2026-04-28T19:16:39.3557810Z INFO         |   androidboot.vbmeta.size=6656
2026-04-28T19:16:39.3558245Z INFO         |   androidboot.veritymode=enforcing
2026-04-28T19:16:39.3748041Z WARNING: cannnot unmap ptr 0x7f52c2401000 as it is in the protected range from 0x7f5242400000 to 0x7f52c2600000
2026-04-28T19:16:39.3909220Z INFO         | Monitoring duration of emulator setup.
2026-04-28T19:16:42.3869047Z INFO         | Activated packet streamer for bluetooth emulation
2026-04-28T19:16:42.3905454Z INFO         | Successfully initialized netsim WiFi
2026-04-28T19:16:42.3948576Z INFO         | Setting display: 0 configuration to: 1080x2400, dpi: 420x420 
2026-04-28T19:16:42.3949573Z INFO         | setDisplayActiveConfig: id:0, 1080x2400
2026-04-28T19:16:42.3951047Z INFO         | emulatorSetupEnvironment: Setting up screen background view and display layout at env:1080x2400, lcd:1080x2400
2026-04-28T19:16:42.3952496Z INFO         | emulatorSetupEnvironment: Environment scene is not required
2026-04-28T19:16:42.4024891Z USER_INFO    | Emulator is performing a full startup. This may take upto two minutes, or more.
2026-04-28T19:16:42.4033347Z WARNING      | Failed to process .ini file /home/runner/.android/emu-update-last-check.ini for reading.
2026-04-28T19:16:42.5091186Z WARNING      | Failed to process .ini file /home/runner/.android/emu-update-last-check.ini for reading.
2026-04-28T19:16:48.7143742Z [command]/usr/local/lib/android/sdk/platform-tools/adb -s emulator-5554 shell getprop sys.boot_completed
2026-04-28T19:16:48.7181686Z * daemon not running; starting now at tcp:5037
2026-04-28T19:16:48.7979076Z * daemon started successfully
2026-04-28T19:16:48.7985216Z adb: device offline
2026-04-28T19:16:48.7991354Z The process '/usr/local/lib/android/sdk/platform-tools/adb' failed with exit code 1
2026-04-28T19:16:50.8046408Z [command]/usr/local/lib/android/sdk/platform-tools/adb -s emulator-5554 shell getprop sys.boot_completed
2026-04-28T19:16:50.8074907Z adb: device offline
2026-04-28T19:16:50.8080521Z The process '/usr/local/lib/android/sdk/platform-tools/adb' failed with exit code 1
2026-04-28T19:16:52.8141881Z [command]/usr/local/lib/android/sdk/platform-tools/adb -s emulator-5554 shell getprop sys.boot_completed
2026-04-28T19:16:52.8175617Z adb: device offline
2026-04-28T19:16:52.8188377Z The process '/usr/local/lib/android/sdk/platform-tools/adb' failed with exit code 1
2026-04-28T19:16:54.8242382Z [command]/usr/local/lib/android/sdk/platform-tools/adb -s emulator-5554 shell getprop sys.boot_completed
2026-04-28T19:16:54.8498541Z 
2026-04-28T19:16:56.8608807Z [command]/usr/local/lib/android/sdk/platform-tools/adb -s emulator-5554 shell getprop sys.boot_completed
2026-04-28T19:16:56.8998402Z 
2026-04-28T19:16:58.9088554Z [command]/usr/local/lib/android/sdk/platform-tools/adb -s emulator-5554 shell getprop sys.boot_completed
2026-04-28T19:16:58.9357547Z 
2026-04-28T19:17:00.9428261Z [command]/usr/local/lib/android/sdk/platform-tools/adb -s emulator-5554 shell getprop sys.boot_completed
2026-04-28T19:17:00.9684595Z 
2026-04-28T19:17:02.9804045Z [command]/usr/local/lib/android/sdk/platform-tools/adb -s emulator-5554 shell getprop sys.boot_completed
2026-04-28T19:17:03.0217437Z 
2026-04-28T19:17:05.0274648Z [command]/usr/local/lib/android/sdk/platform-tools/adb -s emulator-5554 shell getprop sys.boot_completed
2026-04-28T19:17:05.0649030Z 
2026-04-28T19:17:07.0681659Z [command]/usr/local/lib/android/sdk/platform-tools/adb -s emulator-5554 shell getprop sys.boot_completed
2026-04-28T19:17:07.1000310Z 
2026-04-28T19:17:09.1061554Z [command]/usr/local/lib/android/sdk/platform-tools/adb -s emulator-5554 shell getprop sys.boot_completed
2026-04-28T19:17:09.1279559Z 
2026-04-28T19:17:11.1319058Z [command]/usr/local/lib/android/sdk/platform-tools/adb -s emulator-5554 shell getprop sys.boot_completed
2026-04-28T19:17:11.1617926Z 
2026-04-28T19:17:13.1676147Z [command]/usr/local/lib/android/sdk/platform-tools/adb -s emulator-5554 shell getprop sys.boot_completed
2026-04-28T19:17:13.1964570Z 
2026-04-28T19:17:15.2029725Z [command]/usr/local/lib/android/sdk/platform-tools/adb -s emulator-5554 shell getprop sys.boot_completed
2026-04-28T19:17:15.3036484Z 
2026-04-28T19:17:17.3085807Z [command]/usr/local/lib/android/sdk/platform-tools/adb -s emulator-5554 shell getprop sys.boot_completed
2026-04-28T19:17:17.3317367Z 
2026-04-28T19:17:19.3388484Z [command]/usr/local/lib/android/sdk/platform-tools/adb -s emulator-5554 shell getprop sys.boot_completed
2026-04-28T19:17:19.4277562Z 1
2026-04-28T19:17:19.4320009Z Emulator booted.
2026-04-28T19:17:19.4348780Z [command]/usr/local/lib/android/sdk/platform-tools/adb -s emulator-5554 shell input keyevent 82
2026-04-28T19:17:19.5282979Z INFO         | Boot completed in 40776 ms
2026-04-28T19:17:19.5284657Z INFO         | Increasing screen off timeout, logcat buffer size to 2M.
2026-04-28T19:17:19.5690697Z Disabling animations.
2026-04-28T19:17:19.5757394Z [command]/usr/local/lib/android/sdk/platform-tools/adb -s emulator-5554 shell settings put global window_animation_scale 0.0
2026-04-28T19:17:19.6645742Z [command]/usr/local/lib/android/sdk/platform-tools/adb -s emulator-5554 shell settings put global transition_animation_scale 0.0
2026-04-28T19:17:19.7425811Z [command]/usr/local/lib/android/sdk/platform-tools/adb -s emulator-5554 shell settings put global animator_duration_scale 0.0
2026-04-28T19:17:19.8753250Z ##[endgroup]
2026-04-28T19:17:19.8782197Z [command]/usr/bin/sh -c adb devices
2026-04-28T19:17:19.8839829Z List of devices attached
2026-04-28T19:17:19.8856942Z emulator-5554	device
2026-04-28T19:17:19.8857517Z 
2026-04-28T19:17:19.8882620Z [command]/usr/bin/sh -c adb shell settings put global window_animation_scale 0
2026-04-28T19:17:19.9698600Z [command]/usr/bin/sh -c adb shell settings put global transition_animation_scale 0
2026-04-28T19:17:20.0605907Z [command]/usr/bin/sh -c adb shell settings put global animator_duration_scale 0
2026-04-28T19:17:20.1949498Z [command]/usr/bin/sh -c adb shell "ping -c 1 10.0.2.2 || true"
2026-04-28T19:17:20.2180921Z connect: Network is unreachable
2026-04-28T19:17:20.2243884Z [command]/usr/bin/sh -c ./gradlew connectedDebugAndroidTest --no-daemon --continue
2026-04-28T19:17:21.6697213Z To honour the JVM settings for this build a single-use Daemon process will be forked. For more on this, please refer to https://docs.gradle.org/9.3.1/userguide/gradle_daemon.html#sec:disabling_the_daemon in the Gradle documentation.
2026-04-28T19:17:26.1647675Z Daemon will be stopped at the end of the build 
2026-04-28T19:17:26.7668242Z Configuration on demand is an incubating feature.
2026-04-28T19:17:36.2677443Z 
2026-04-28T19:17:36.2737887Z > Configure project :app
2026-04-28T19:17:36.2838141Z WARNING: The option setting 'android.builtInKotlin=false' is deprecated.
2026-04-28T19:17:36.2924631Z The current default is 'true'.
2026-04-28T19:17:36.3022675Z It will be removed in version 10.0 of the Android Gradle plugin.
2026-04-28T19:17:36.3128208Z WARNING: The option setting 'android.newDsl=false' is deprecated.
2026-04-28T19:17:36.3167468Z The current default is 'true'.
2026-04-28T19:17:36.3187568Z It will be removed in version 10.0 of the Android Gradle plugin.
2026-04-28T19:17:36.3268236Z WARNING: The option setting 'android.dependency.excludeLibraryComponentsFromConstraints=true' is deprecated.
2026-04-28T19:17:36.3277776Z The current default is 'false'.
2026-04-28T19:17:36.3307509Z It will be removed in version 10.0 of the Android Gradle plugin.
2026-04-28T19:17:36.3337388Z Following can be set instead to achieve a similar behaviour.
2026-04-28T19:17:36.3342224Z     android.dependency.useConstraints=false
2026-04-28T19:17:41.8676011Z w: ⚠️ Deprecated 'org.jetbrains.kotlin.android' plugin usage
2026-04-28T19:17:41.8698371Z The 'org.jetbrains.kotlin.android' plugin in project ':app' is no longer required for Kotlin support since AGP 9.0.
2026-04-28T19:17:41.8749166Z Solution: Remove both `android.builtInKotlin=true` and `android.newDsl=false` from `gradle.properties`, then migrate to built-in Kotlin.
2026-04-28T19:17:41.8757599Z See https://kotl.in/gradle/agp-built-in-kotlin for more details.
2026-04-28T19:17:41.8787322Z 
2026-04-28T19:17:44.8669887Z 
2026-04-28T19:17:44.8698095Z > Task :app:checkKotlinGradlePluginConfigurationErrors SKIPPED
2026-04-28T19:17:44.8723752Z > Task :app:preBuild UP-TO-DATE
2026-04-28T19:17:44.8757558Z > Task :app:preDebugBuild UP-TO-DATE
2026-04-28T19:17:45.0688046Z > Task :app:generateDebugBuildConfig FROM-CACHE
2026-04-28T19:17:45.0739584Z > Task :app:generateDebugResValues FROM-CACHE
2026-04-28T19:17:45.1657041Z > Task :app:generateDebugResources FROM-CACHE
2026-04-28T19:17:45.2656305Z > Task :app:injectCrashlyticsMappingFileIdDebug
2026-04-28T19:17:45.2688799Z > Task :app:processDebugGoogleServices FROM-CACHE
2026-04-28T19:17:45.4646219Z > Task :app:packageDebugResources FROM-CACHE
2026-04-28T19:17:46.7669065Z > Task :app:processDebugNavigationResources FROM-CACHE
2026-04-28T19:17:49.5668143Z > Task :app:parseDebugLocalResources FROM-CACHE
2026-04-28T19:17:49.6688083Z > Task :app:generateDebugRFile FROM-CACHE
2026-04-28T19:17:51.0658384Z > Task :app:kspDebugKotlin FROM-CACHE
2026-04-28T19:17:53.6658071Z > Task :app:compileDebugKotlin FROM-CACHE
2026-04-28T19:17:53.6687559Z > Task :app:javaPreCompileDebug FROM-CACHE
2026-04-28T19:17:56.8658173Z > Task :app:compileDebugJavaWithJavac FROM-CACHE
2026-04-28T19:17:56.8687800Z > Task :app:generateDebugAssets UP-TO-DATE
2026-04-28T19:17:56.9672503Z > Task :app:mergeDebugAssets
2026-04-28T19:17:57.0656142Z > Task :app:compressDebugAssets FROM-CACHE
2026-04-28T19:17:57.0670436Z > Task :app:desugarDebugFileDependencies FROM-CACHE
2026-04-28T19:17:57.0695919Z > Task :app:hiltSyncDebug UP-TO-DATE
2026-04-28T19:17:57.3656962Z > Task :app:hiltAggregateDepsDebug FROM-CACHE
2026-04-28T19:17:57.7658076Z > Task :app:hiltJavaCompileDebug FROM-CACHE
2026-04-28T19:17:57.9658247Z > Task :app:mapDebugSourceSetPaths
2026-04-28T19:17:57.9667703Z > Task :app:compileDebugNavigationResources FROM-CACHE
2026-04-28T19:17:57.9698085Z > Task :app:checkDebugAarMetadata
2026-04-28T19:17:58.1778303Z > Task :app:mergeDebugResources FROM-CACHE
2026-04-28T19:17:58.2688319Z > Task :app:createDebugCompatibleScreenManifests
2026-04-28T19:17:58.2701895Z > Task :app:extractDeepLinksDebug FROM-CACHE
2026-04-28T19:17:58.4662271Z > Task :app:processDebugMainManifest FROM-CACHE
2026-04-28T19:17:58.4680580Z > Task :app:processDebugManifest FROM-CACHE
2026-04-28T19:17:58.4709333Z > Task :app:processDebugManifestForPackage FROM-CACHE
2026-04-28T19:17:58.8668071Z > Task :app:processDebugResources FROM-CACHE
2026-04-28T19:18:00.5669140Z > Task :app:transformDebugClassesWithAsm FROM-CACHE
2026-04-28T19:18:03.0660033Z > Task :app:dexBuilderDebug FROM-CACHE
2026-04-28T19:18:03.4669647Z > Task :app:mergeDebugGlobalSynthetics FROM-CACHE
2026-04-28T19:18:03.6661725Z > Task :app:processDebugJavaRes
2026-04-28T19:18:04.0660665Z > Task :app:mergeDebugJniLibFolders
2026-04-28T19:18:04.1647998Z > Task :app:checkDebugDuplicateClasses
2026-04-28T19:18:04.2693948Z > Task :app:mergeDebugNativeLibs
2026-04-28T19:18:05.2668143Z > Task :app:mergeExtDexDebug FROM-CACHE
2026-04-28T19:18:05.2669131Z > Task :app:mergeLibDexDebug FROM-CACHE
2026-04-28T19:18:05.7668230Z > Task :app:mergeProjectDexDebug FROM-CACHE
2026-04-28T19:18:05.7687598Z > Task :app:validateSigningDebug
2026-04-28T19:18:05.7717387Z > Task :app:writeDebugAppMetadata
2026-04-28T19:18:05.8668123Z > Task :app:writeDebugSigningConfigVersions
2026-04-28T19:18:05.9683065Z > Task :app:preDebugAndroidTestBuild SKIPPED
2026-04-28T19:18:06.2665519Z > Task :app:stripDebugDebugSymbols
2026-04-28T19:18:06.6708250Z > Task :app:processDebugAndroidTestManifest
2026-04-28T19:18:06.6768079Z > Task :app:generateDebugAndroidTestBuildConfig FROM-CACHE
2026-04-28T19:18:06.6847938Z > Task :app:generateDebugAndroidTestResValues FROM-CACHE
2026-04-28T19:18:06.7681797Z > Task :app:generateDebugAndroidTestResources FROM-CACHE
2026-04-28T19:18:06.7698136Z > Task :app:packageDebugAndroidTestResources FROM-CACHE
2026-04-28T19:18:06.7739793Z > Task :app:processDebugAndroidTestNavigationResources FROM-CACHE
2026-04-28T19:18:06.7799077Z > Task :app:parseDebugAndroidTestLocalResources FROM-CACHE
2026-04-28T19:18:06.7838547Z > Task :app:generateDebugAndroidTestRFile FROM-CACHE
2026-04-28T19:18:06.7867555Z > Task :app:javaPreCompileDebugAndroidTest FROM-CACHE
2026-04-28T19:18:06.7889594Z > Task :app:generateDebugAndroidTestAssets UP-TO-DATE
2026-04-28T19:18:06.8701490Z > Task :app:mergeDebugAndroidTestAssets
2026-04-28T19:18:06.8728321Z > Task :app:compressDebugAndroidTestAssets FROM-CACHE
2026-04-28T19:18:06.8757853Z > Task :app:desugarDebugAndroidTestFileDependencies FROM-CACHE
2026-04-28T19:18:06.8787567Z > Task :app:checkDebugAndroidTestAarMetadata
2026-04-28T19:18:06.8813516Z > Task :app:mapDebugAndroidTestSourceSetPaths
2026-04-28T19:18:06.9653774Z > Task :app:compileDebugAndroidTestNavigationResources FROM-CACHE
2026-04-28T19:18:07.2687206Z > Task :app:mergeDebugAndroidTestResources FROM-CACHE
2026-04-28T19:18:07.2707572Z > Task :app:bundleDebugClassesToCompileJar
2026-04-28T19:18:07.3651122Z > Task :app:processDebugAndroidTestResources FROM-CACHE
2026-04-28T19:18:08.7707889Z > Task :app:mergeDebugJavaResource
2026-04-28T19:18:09.4646379Z > Task :app:mergeDebugAndroidTestJniLibFolders
2026-04-28T19:18:09.4694074Z > Task :app:checkDebugAndroidTestDuplicateClasses
2026-04-28T19:18:09.5657287Z > Task :app:mergeDebugAndroidTestNativeLibs
2026-04-28T19:18:10.0665313Z > Task :app:mergeExtDexDebugAndroidTest FROM-CACHE
2026-04-28T19:18:10.0675384Z > Task :app:mergeLibDexDebugAndroidTest FROM-CACHE
2026-04-28T19:18:10.0697947Z > Task :app:validateSigningDebugAndroidTest
2026-04-28T19:18:10.0725355Z > Task :app:writeDebugAndroidTestSigningConfigVersions
2026-04-28T19:18:10.1667914Z > Task :app:stripDebugAndroidTestDebugSymbols
2026-04-28T19:18:11.7657967Z > Task :app:packageDebug
2026-04-28T19:18:11.7729906Z > Task :app:createDebugApkListingFileRedirect
2026-04-28T19:18:34.2654781Z > Task :app:kspDebugAndroidTestKotlin
2026-04-28T19:19:04.2667127Z > Task :app:compileDebugAndroidTestKotlin
2026-04-28T19:19:16.1700239Z w: file:///home/runner/work/prismTask/prismTask/app/src/androidTest/java/com/averycorp/prismtask/BuiltInTaskTemplateBackfillerEmulatorTest.kt:71:22 'fun setPersistenceEnabled(p0: Boolean): FirebaseFirestoreSettings.Builder' is deprecated. Deprecated in Java.
2026-04-28T19:19:16.1704323Z w: file:///home/runner/work/prismTask/prismTask/app/src/androidTest/java/com/averycorp/prismtask/CloudIdOrphanHealerEmulatorTest.kt:77:22 'fun setPersistenceEnabled(p0: Boolean): FirebaseFirestoreSettings.Builder' is deprecated. Deprecated in Java.
2026-04-28T19:19:16.1721373Z w: file:///home/runner/work/prismTask/prismTask/app/src/androidTest/java/com/averycorp/prismtask/FirebaseEmulatorSmokeTest.kt:64:22 'fun setPersistenceEnabled(p0: Boolean): FirebaseFirestoreSettings.Builder' is deprecated. Deprecated in Java.
2026-04-28T19:19:16.1749137Z w: file:///home/runner/work/prismTask/prismTask/app/src/androidTest/java/com/averycorp/prismtask/HiltTestRunner.kt:72:22 'fun setPersistenceEnabled(p0: Boolean): FirebaseFirestoreSettings.Builder' is deprecated. Deprecated in Java.
2026-04-28T19:19:16.1778877Z w: file:///home/runner/work/prismTask/prismTask/app/src/androidTest/java/com/averycorp/prismtask/smoke/RecurrenceSmokeTest.kt:75:52 Unnecessary non-null assertion (!!) on a non-null receiver of type 'Long'.
2026-04-28T19:19:16.1796426Z w: file:///home/runner/work/prismTask/prismTask/app/src/androidTest/java/com/averycorp/prismtask/sync/SyncTestHarness.kt:274:26 'fun setPersistenceEnabled(p0: Boolean): FirebaseFirestoreSettings.Builder' is deprecated. Deprecated in Java.
2026-04-28T19:19:22.6646994Z 
2026-04-28T19:19:22.6668612Z > Task :app:compileDebugAndroidTestJavaWithJavac
2026-04-28T19:19:22.6691553Z > Task :app:hiltSyncDebugAndroidTest
2026-04-28T19:19:22.9653296Z > Task :app:hiltAggregateDepsDebugAndroidTest FROM-CACHE
2026-04-28T19:19:33.2646242Z > Task :app:hiltJavaCompileDebugAndroidTest
2026-04-28T19:19:33.3668022Z > Task :app:processDebugAndroidTestJavaRes
2026-04-28T19:19:33.9646938Z > Task :app:mergeDebugAndroidTestJavaResource
2026-04-28T19:19:34.1677654Z > Task :app:transformDebugAndroidTestClassesWithAsm
2026-04-28T19:19:43.4647056Z > Task :app:dexBuilderDebugAndroidTest
2026-04-28T19:19:43.4669861Z > Task :app:mergeDebugAndroidTestGlobalSynthetics FROM-CACHE
2026-04-28T19:19:44.1646928Z > Task :app:mergeProjectDexDebugAndroidTest
2026-04-28T19:19:44.6658767Z > Task :app:packageDebugAndroidTest
2026-04-28T19:19:44.6667732Z > Task :app:createDebugAndroidTestApkListingFileRedirect
2026-04-28T19:19:45.3646507Z [EmulatorConsole]: Failed to start Emulator console for 5554
2026-04-28T19:19:53.9644257Z Starting 411 tests on emulator-5554 - 14
2026-04-28T19:20:03.9649775Z emulator-5554 - 14 Tests 43/411 completed. (0 skipped) (0 failed)
2026-04-28T19:20:13.9645199Z emulator-5554 - 14 Tests 72/411 completed. (0 skipped) (0 failed)
2026-04-28T19:20:14.6644481Z > Task :app:connectedDebugAndroidTest
2026-04-28T19:20:21.6643732Z 
2026-04-28T19:20:21.6643982Z 
2026-04-28T19:20:21.6646136Z com.averycorp.prismtask.notifications.ReminderSchedulerAlarmInstrumentedTest > alarmFiresAndPostsNotification[emulator-5554 - 14] [33mSKIPPED [0m
2026-04-28T19:20:23.9645279Z emulator-5554 - 14 Tests 287/411 completed. (1 skipped) (0 failed)
2026-04-28T19:20:33.9644365Z emulator-5554 - 14 Tests 288/411 completed. (1 skipped) (0 failed)
2026-04-28T19:20:43.9669429Z emulator-5554 - 14 Tests 290/411 completed. (1 skipped) (0 failed)
2026-04-28T19:20:53.9658115Z emulator-5554 - 14 Tests 292/411 completed. (1 skipped) (0 failed)
2026-04-28T19:21:03.9645307Z emulator-5554 - 14 Tests 294/411 completed. (1 skipped) (0 failed)
2026-04-28T19:21:13.9667959Z emulator-5554 - 14 Tests 296/411 completed. (1 skipped) (0 failed)
2026-04-28T19:21:23.9648687Z emulator-5554 - 14 Tests 298/411 completed. (1 skipped) (0 failed)
2026-04-28T19:21:33.9658067Z emulator-5554 - 14 Tests 300/411 completed. (1 skipped) (0 failed)
2026-04-28T19:21:43.9708308Z emulator-5554 - 14 Tests 302/411 completed. (1 skipped) (0 failed)
2026-04-28T19:21:53.9652654Z emulator-5554 - 14 Tests 304/411 completed. (1 skipped) (0 failed)
2026-04-28T19:22:03.9668091Z emulator-5554 - 14 Tests 306/411 completed. (1 skipped) (0 failed)
2026-04-28T19:22:13.9668008Z emulator-5554 - 14 Tests 313/411 completed. (1 skipped) (0 failed)
2026-04-28T19:22:14.7468803Z ERROR        | bad color buffer handle 970
2026-04-28T19:22:16.7934493Z ERROR        | bad color buffer handle 1003
2026-04-28T19:22:23.7060850Z ERROR        | bad color buffer handle 1070
2026-04-28T19:22:23.9644785Z emulator-5554 - 14 Tests 314/411 completed. (1 skipped) (0 failed)
2026-04-28T19:22:25.4658012Z ERROR        | bad color buffer handle 1097
2026-04-28T19:22:33.3351197Z ERROR        | bad color buffer handle 1191
2026-04-28T19:22:33.9655418Z emulator-5554 - 14 Tests 315/411 completed. (1 skipped) (0 failed)
2026-04-28T19:22:43.9660714Z emulator-5554 - 14 Tests 316/411 completed. (1 skipped) (0 failed)
2026-04-28T19:22:53.9658213Z emulator-5554 - 14 Tests 317/411 completed. (1 skipped) (0 failed)
2026-04-28T19:23:03.9728095Z emulator-5554 - 14 Tests 320/411 completed. (1 skipped) (0 failed)
2026-04-28T19:23:08.5647411Z 
2026-04-28T19:23:08.5758667Z com.averycorp.prismtask.smoke.HabitSmokeTest > habitsTab_showsSeededHabits[emulator-5554 - 14] [31mFAILED [0m
2026-04-28T19:23:08.5919248Z 	java.lang.AssertionError: Assert failed: The component is not displayed!
2026-04-28T19:23:08.5947621Z 	at androidx.compose.ui.test.AssertionsKt.assertIsDisplayed(Assertions.kt:34)
2026-04-28T19:23:13.9643881Z emulator-5554 - 14 Tests 322/411 completed. (1 skipped) (1 failed)
2026-04-28T19:23:23.9657993Z emulator-5554 - 14 Tests 324/411 completed. (1 skipped) (1 failed)
2026-04-28T19:23:33.9660691Z emulator-5554 - 14 Tests 326/411 completed. (1 skipped) (1 failed)
2026-04-28T19:23:43.9659339Z emulator-5554 - 14 Tests 329/411 completed. (1 skipped) (1 failed)
2026-04-28T19:23:53.9651402Z emulator-5554 - 14 Tests 330/411 completed. (1 skipped) (1 failed)
2026-04-28T19:24:03.9644236Z emulator-5554 - 14 Tests 333/411 completed. (1 skipped) (1 failed)
2026-04-28T19:24:13.9671021Z emulator-5554 - 14 Tests 335/411 completed. (1 skipped) (1 failed)
2026-04-28T19:24:23.9644456Z emulator-5554 - 14 Tests 337/411 completed. (1 skipped) (1 failed)
2026-04-28T19:24:33.9652186Z emulator-5554 - 14 Tests 340/411 completed. (1 skipped) (1 failed)
2026-04-28T19:24:43.9645065Z emulator-5554 - 14 Tests 342/411 completed. (1 skipped) (1 failed)
2026-04-28T19:24:53.9644347Z emulator-5554 - 14 Tests 344/411 completed. (1 skipped) (1 failed)
2026-04-28T19:25:03.9647395Z emulator-5554 - 14 Tests 346/411 completed. (1 skipped) (1 failed)
2026-04-28T19:25:13.9668270Z emulator-5554 - 14 Tests 348/411 completed. (1 skipped) (1 failed)
2026-04-28T19:25:23.9655325Z emulator-5554 - 14 Tests 351/411 completed. (1 skipped) (1 failed)
2026-04-28T19:25:33.9644850Z emulator-5554 - 14 Tests 353/411 completed. (1 skipped) (1 failed)
2026-04-28T19:25:43.9668155Z emulator-5554 - 14 Tests 355/411 completed. (1 skipped) (1 failed)
2026-04-28T19:25:53.9667923Z emulator-5554 - 14 Tests 357/411 completed. (1 skipped) (1 failed)
2026-04-28T19:26:03.9648079Z emulator-5554 - 14 Tests 360/411 completed. (1 skipped) (1 failed)
2026-04-28T19:26:13.9737977Z emulator-5554 - 14 Tests 362/411 completed. (1 skipped) (1 failed)
2026-04-28T19:26:23.9663183Z emulator-5554 - 14 Tests 364/411 completed. (1 skipped) (1 failed)
2026-04-28T19:26:33.9663832Z emulator-5554 - 14 Tests 366/411 completed. (1 skipped) (1 failed)
2026-04-28T19:26:43.9649055Z emulator-5554 - 14 Tests 368/411 completed. (1 skipped) (1 failed)
2026-04-28T19:26:53.9644837Z emulator-5554 - 14 Tests 370/411 completed. (1 skipped) (1 failed)
2026-04-28T19:27:03.9659814Z emulator-5554 - 14 Tests 372/411 completed. (1 skipped) (1 failed)
2026-04-28T19:27:13.9647965Z emulator-5554 - 14 Tests 374/411 completed. (1 skipped) (1 failed)
2026-04-28T19:27:23.9688348Z emulator-5554 - 14 Tests 377/411 completed. (1 skipped) (1 failed)
2026-04-28T19:27:33.9644709Z emulator-5554 - 14 Tests 379/411 completed. (1 skipped) (1 failed)
2026-04-28T19:27:43.9658061Z emulator-5554 - 14 Tests 381/411 completed. (1 skipped) (1 failed)
2026-04-28T19:27:53.9645140Z emulator-5554 - 14 Tests 384/411 completed. (1 skipped) (1 failed)
2026-04-28T19:28:03.9645558Z emulator-5554 - 14 Tests 386/411 completed. (1 skipped) (1 failed)
2026-04-28T19:28:13.9645268Z emulator-5554 - 14 Tests 393/411 completed. (1 skipped) (1 failed)
2026-04-28T19:28:17.2643467Z 
2026-04-28T19:28:17.2645862Z com.averycorp.prismtask.sync.fuzz.Fuzz06MedicationConcurrentEditTest > concurrentEditSameKey_lastWriteWinsByUpdatedAt[emulator-5554 - 14] [33mSKIPPED [0m
2026-04-28T19:28:23.9643195Z emulator-5554 - 14 Tests 409/411 completed. (2 skipped) (1 failed)
2026-04-28T19:28:30.2669748Z Tests on emulator-5554 - 14 failed: There was 1 failure(s).
2026-04-28T19:28:30.2708948Z Finished 413 tests on emulator-5554 - 14
2026-04-28T19:28:30.3678483Z Execute com.averycorp.prismtask.smoke.HabitSmokeTest.habitsTab_showsSeededHabits: FAILED
2026-04-28T19:28:30.3738128Z java.lang.AssertionError: java.lang.AssertionError: Assert failed: The component is not displayed!
2026-04-28T19:28:30.3763963Z at androidx.compose.ui.test.AssertionsKt.assertIsDisplayed(Assertions.kt:34)
2026-04-28T19:28:30.3829500Z at com.averycorp.prismtask.smoke.HabitSmokeTest.habitsTab_showsSeededHabits(HabitSmokeTest.kt:24)
2026-04-28T19:28:30.3876746Z 
2026-04-28T19:28:30.3898950Z java.lang.AssertionError: Assert failed: The component is not displayed!
2026-04-28T19:28:30.3949734Z at androidx.compose.ui.test.AssertionsKt.assertIsDisplayed(Assertions.kt:34)
2026-04-28T19:28:30.4006236Z at com.averycorp.prismtask.smoke.HabitSmokeTest.habitsTab_showsSeededHabits(HabitSmokeTest.kt:24)
2026-04-28T19:28:31.6649567Z 
2026-04-28T19:28:31.6687590Z > Task :app:connectedDebugAndroidTest FAILED
2026-04-28T19:28:32.3649520Z gradle/actions: Writing build results to /home/runner/work/_temp/.gradle-actions/build-results/__reactivecircus_android-emulator-runner-1777403849203.json
2026-04-28T19:28:32.3664831Z 
2026-04-28T19:28:32.3666360Z [Incubating] Problems report is available at: file:///home/runner/work/prismTask/prismTask/build/reports/problems/problems-report.html
2026-04-28T19:28:32.3667742Z 
2026-04-28T19:28:32.3668648Z Deprecated Gradle features were used in this build, making it incompatible with Gradle 10.
2026-04-28T19:28:32.3669706Z 
2026-04-28T19:28:32.3671240Z You can use '--warning-mode all' to show the individual deprecation warnings and determine if they come from your own scripts or plugins.
2026-04-28T19:28:32.3673088Z 
2026-04-28T19:28:32.3674534Z For more on this, please refer to https://docs.gradle.org/9.3.1/userguide/command_line_interface.html#sec:command_line_warnings in the Gradle documentation.
2026-04-28T19:28:32.3676179Z 85 actionable tasks: 39 executed, 46 from cache
2026-04-28T19:28:32.3677019Z 
2026-04-28T19:28:32.3677495Z FAILURE: Build failed with an exception.
2026-04-28T19:28:32.3678046Z 
2026-04-28T19:28:32.3678421Z * What went wrong:
2026-04-28T19:28:32.3679281Z Execution failed for task ':app:connectedDebugAndroidTest'.
2026-04-28T19:28:32.3681060Z > There were failing tests. See the report at: file:///home/runner/work/prismTask/prismTask/app/build/reports/androidTests/connected/debug/index.html
2026-04-28T19:28:32.3682370Z 
2026-04-28T19:28:32.3682761Z * Try:
2026-04-28T19:28:32.3683532Z > Run with --stacktrace option to get the stack trace.
2026-04-28T19:28:32.3684675Z > Run with --info or --debug option to get more log output.
2026-04-28T19:28:32.3687016Z > Run with --scan to get full insights from a Build Scan (powered by Develocity).
2026-04-28T19:28:32.3688181Z > Get more help at https://help.gradle.org.
2026-04-28T19:28:32.3688740Z 
2026-04-28T19:28:32.3689113Z BUILD FAILED in 11m 12s
2026-04-28T19:28:32.8735094Z ##[error]The process '/usr/bin/sh' failed with exit code 1
2026-04-28T19:28:32.8747675Z ##[group]Terminate Emulator
2026-04-28T19:28:32.8752100Z [command]/usr/local/lib/android/sdk/platform-tools/adb -s emulator-5554 emu kill
2026-04-28T19:28:32.8793007Z OK: killing emulator, bye bye
2026-04-28T19:28:32.8793747Z OK
2026-04-28T19:28:32.8795557Z INFO         | Wait for emulator (pid 3012) 20 seconds to shutdown gracefully before kill;you can set environment variable ANDROID_EMULATOR_WAIT_TIME_BEFORE_KILL(in seconds) to change the default value (20 seconds)
2026-04-28T19:28:32.8796534Z 
2026-04-28T19:28:32.8797558Z ##[endgroup]
2026-04-28T19:28:32.8918702Z USER_INFO    | Snapshots have been disabled by the user, save request is ignored.
2026-04-28T19:28:32.8920047Z INFO         | Saving snapshot 'default_boot' using 0 ms
2026-04-28T19:28:33.8599718Z ERROR        | stop: Not implemented
2026-04-28T19:28:33.8600457Z WARNING      | Emulator client has not yet been configured.. Call configure me first!
2026-04-28T19:28:33.9135465Z WARNING      | Netsim Wifi localhost:41797 is gone due to CANCELLED
2026-04-28T19:28:34.3381483Z ##[group]Run if [ -n "${FIREBASE_EMULATORS_PID:-}" ]; then
2026-04-28T19:28:34.3381976Z [36;1mif [ -n "${FIREBASE_EMULATORS_PID:-}" ]; then[0m
2026-04-28T19:28:34.3382375Z [36;1m  kill "$FIREBASE_EMULATORS_PID" || true[0m
2026-04-28T19:28:34.3382785Z [36;1m  wait "$FIREBASE_EMULATORS_PID" 2>/dev/null || true[0m
2026-04-28T19:28:34.3383146Z [36;1mfi[0m
2026-04-28T19:28:34.3744076Z shell: /usr/bin/bash -e {0}
2026-04-28T19:28:34.3744575Z env:
2026-04-28T19:28:34.3744823Z   USE_FIREBASE_EMULATOR: true
2026-04-28T19:28:34.3745276Z   JAVA_HOME: /opt/hostedtoolcache/Java_Temurin-Hotspot_jdk/21.0.11-10/x64
2026-04-28T19:28:34.3745902Z   JAVA_HOME_21_X64: /opt/hostedtoolcache/Java_Temurin-Hotspot_jdk/21.0.11-10/x64
2026-04-28T19:28:34.3746430Z   GRADLE_ACTION_ID: gradle/actions/setup-gradle
2026-04-28T19:28:34.3747000Z   GRADLE_USER_HOME: /home/runner/.gradle
2026-04-28T19:28:34.3747379Z   GRADLE_BUILD_ACTION_SETUP_COMPLETED: true
2026-04-28T19:28:34.3747803Z   GRADLE_BUILD_ACTION_CACHE_RESTORED: true
2026-04-28T19:28:34.3748357Z   DEVELOCITY_INJECTION_INIT_SCRIPT_NAME: gradle-actions.inject-develocity.init.gradle
2026-04-28T19:28:34.3748948Z   DEVELOCITY_INJECTION_CUSTOM_VALUE: gradle-actions
2026-04-28T19:28:34.3749355Z   GITHUB_DEPENDENCY_GRAPH_ENABLED: false
2026-04-28T19:28:34.3749716Z   FIREBASE_EMULATORS_PID: 2600
2026-04-28T19:28:34.3750061Z   ANDROID_AVD_HOME: /home/runner/.android/avd
2026-04-28T19:28:34.3750429Z ##[endgroup]
2026-04-28T19:28:34.3893413Z ##[group]Run actions/upload-artifact@v4
2026-04-28T19:28:34.3894014Z with:
2026-04-28T19:28:34.3894446Z   name: firebase-emulator-log
2026-04-28T19:28:34.3895050Z   path: /home/runner/work/_temp/firebase-emulators.log
2026-04-28T19:28:34.3895686Z   retention-days: 7
2026-04-28T19:28:34.3896144Z   if-no-files-found: ignore
2026-04-28T19:28:34.3896906Z   compression-level: 6
2026-04-28T19:28:34.3897387Z   overwrite: false
2026-04-28T19:28:34.3897861Z   include-hidden-files: false
2026-04-28T19:28:34.3898318Z env:
2026-04-28T19:28:34.3898712Z   USE_FIREBASE_EMULATOR: true
2026-04-28T19:28:34.3899439Z   JAVA_HOME: /opt/hostedtoolcache/Java_Temurin-Hotspot_jdk/21.0.11-10/x64
2026-04-28T19:28:34.3900393Z   JAVA_HOME_21_X64: /opt/hostedtoolcache/Java_Temurin-Hotspot_jdk/21.0.11-10/x64
2026-04-28T19:28:34.3905856Z   GRADLE_ACTION_ID: gradle/actions/setup-gradle
2026-04-28T19:28:34.3907240Z   GRADLE_USER_HOME: /home/runner/.gradle
2026-04-28T19:28:34.3907859Z   GRADLE_BUILD_ACTION_SETUP_COMPLETED: true
2026-04-28T19:28:34.3908449Z   GRADLE_BUILD_ACTION_CACHE_RESTORED: true
2026-04-28T19:28:34.3909291Z   DEVELOCITY_INJECTION_INIT_SCRIPT_NAME: gradle-actions.inject-develocity.init.gradle
2026-04-28T19:28:34.3910229Z   DEVELOCITY_INJECTION_CUSTOM_VALUE: gradle-actions
2026-04-28T19:28:34.3910937Z   GITHUB_DEPENDENCY_GRAPH_ENABLED: false
2026-04-28T19:28:34.3911478Z   FIREBASE_EMULATORS_PID: 2600
2026-04-28T19:28:34.3912004Z   ANDROID_AVD_HOME: /home/runner/.android/avd
2026-04-28T19:28:34.3912530Z ##[endgroup]
2026-04-28T19:28:34.6218761Z With the provided path, there will be 1 file uploaded
2026-04-28T19:28:34.6224850Z Artifact name is valid!
2026-04-28T19:28:34.6226451Z Root directory input is valid!
2026-04-28T19:28:34.7533298Z Beginning upload of artifact content to blob storage
2026-04-28T19:28:34.8038461Z Uploaded bytes 1051
2026-04-28T19:28:34.8175605Z Finished uploading artifact content to blob storage!
2026-04-28T19:28:34.8179445Z SHA256 digest of uploaded artifact zip is b2d03e91a71814b8229ffe2dc77310e442df5230cced71c6d3206023f1f1a493
2026-04-28T19:28:34.8181134Z Finalizing artifact upload
2026-04-28T19:28:34.9425683Z Artifact firebase-emulator-log.zip successfully finalized. Artifact ID 6692932028
2026-04-28T19:28:34.9427454Z Artifact firebase-emulator-log has been successfully uploaded! Final size is 1051 bytes. Artifact ID is 6692932028
2026-04-28T19:28:34.9434881Z Artifact download URL: https://github.com/averycorp/prismTask/actions/runs/25072667887/artifacts/6692932028
2026-04-28T19:28:34.9561511Z ##[group]Run actions/upload-artifact@v4
2026-04-28T19:28:34.9561879Z with:
2026-04-28T19:28:34.9562141Z   name: connected-test-results
2026-04-28T19:28:34.9562602Z   path: app/build/reports/androidTests/
app/build/outputs/androidTest-results/

2026-04-28T19:28:34.9563069Z   retention-days: 7
2026-04-28T19:28:34.9563342Z   if-no-files-found: ignore
2026-04-28T19:28:34.9563634Z   compression-level: 6
2026-04-28T19:28:34.9563914Z   overwrite: false
2026-04-28T19:28:34.9564379Z   include-hidden-files: false
2026-04-28T19:28:34.9564671Z env:
2026-04-28T19:28:34.9564907Z   USE_FIREBASE_EMULATOR: true
2026-04-28T19:28:34.9565329Z   JAVA_HOME: /opt/hostedtoolcache/Java_Temurin-Hotspot_jdk/21.0.11-10/x64
2026-04-28T19:28:34.9565913Z   JAVA_HOME_21_X64: /opt/hostedtoolcache/Java_Temurin-Hotspot_jdk/21.0.11-10/x64
2026-04-28T19:28:34.9566414Z   GRADLE_ACTION_ID: gradle/actions/setup-gradle
2026-04-28T19:28:34.9567100Z   GRADLE_USER_HOME: /home/runner/.gradle
2026-04-28T19:28:34.9567495Z   GRADLE_BUILD_ACTION_SETUP_COMPLETED: true
2026-04-28T19:28:34.9567858Z   GRADLE_BUILD_ACTION_CACHE_RESTORED: true
2026-04-28T19:28:34.9568370Z   DEVELOCITY_INJECTION_INIT_SCRIPT_NAME: gradle-actions.inject-develocity.init.gradle
2026-04-28T19:28:34.9568915Z   DEVELOCITY_INJECTION_CUSTOM_VALUE: gradle-actions
2026-04-28T19:28:34.9569287Z   GITHUB_DEPENDENCY_GRAPH_ENABLED: false
2026-04-28T19:28:34.9569620Z   FIREBASE_EMULATORS_PID: 2600
2026-04-28T19:28:34.9569949Z   ANDROID_AVD_HOME: /home/runner/.android/avd
2026-04-28T19:28:34.9570293Z ##[endgroup]
2026-04-28T19:28:35.2599334Z Multiple search paths detected. Calculating the least common ancestor of all paths
2026-04-28T19:28:35.2602003Z The least common ancestor is /home/runner/work/prismTask/prismTask/app/build. This will be the root directory of the artifact
2026-04-28T19:28:35.2603318Z With the provided path, there will be 509 files uploaded
2026-04-28T19:28:35.2607388Z Artifact name is valid!
2026-04-28T19:28:35.2608887Z Root directory input is valid!
2026-04-28T19:28:35.4001262Z Beginning upload of artifact content to blob storage
2026-04-28T19:28:35.9206813Z Uploaded bytes 1269277
2026-04-28T19:28:35.9348306Z Finished uploading artifact content to blob storage!
2026-04-28T19:28:35.9351795Z SHA256 digest of uploaded artifact zip is 52a549e7085faf9076ef1b04acd0d7daa8ee80d9f3109c04d026134dbba88092
2026-04-28T19:28:35.9353195Z Finalizing artifact upload
2026-04-28T19:28:36.0807947Z Artifact connected-test-results.zip successfully finalized. Artifact ID 6692932386
2026-04-28T19:28:36.0810077Z Artifact connected-test-results has been successfully uploaded! Final size is 1269277 bytes. Artifact ID is 6692932386
2026-04-28T19:28:36.0817442Z Artifact download URL: https://github.com/averycorp/prismTask/actions/runs/25072667887/artifacts/6692932386
2026-04-28T19:28:36.1005399Z Post job cleanup.
2026-04-28T19:28:36.1102501Z Post job cleanup.
2026-04-28T19:28:36.4287519Z In post-action step
2026-04-28T19:28:36.4297030Z Cache is read-only: will not save state for use in subsequent builds.
2026-04-28T19:28:36.4303952Z Generating Job Summary
2026-04-28T19:28:36.4327173Z Completed post-action step
2026-04-28T19:28:36.4487423Z Post job cleanup.
2026-04-28T19:28:36.6337253Z Post job cleanup.
2026-04-28T19:28:36.7360941Z [command]/usr/bin/git version
2026-04-28T19:28:36.7399052Z git version 2.54.0
2026-04-28T19:28:36.7443004Z Temporarily overriding HOME='/home/runner/work/_temp/ab25bf5e-049d-40a8-95ea-8410f8b65f6d' before making global git config changes
2026-04-28T19:28:36.7444296Z Adding repository directory to the temporary git global config as a safe directory
2026-04-28T19:28:36.7455582Z [command]/usr/bin/git config --global --add safe.directory /home/runner/work/prismTask/prismTask
2026-04-28T19:28:36.7490374Z [command]/usr/bin/git config --local --name-only --get-regexp core\.sshCommand
2026-04-28T19:28:36.7522492Z [command]/usr/bin/git submodule foreach --recursive sh -c "git config --local --name-only --get-regexp 'core\.sshCommand' && git config --local --unset-all 'core.sshCommand' || :"
2026-04-28T19:28:36.7782371Z [command]/usr/bin/git config --local --name-only --get-regexp http\.https\:\/\/github\.com\/\.extraheader
2026-04-28T19:28:36.7806196Z http.https://github.com/.extraheader
2026-04-28T19:28:36.7819466Z [command]/usr/bin/git config --local --unset-all http.https://github.com/.extraheader
2026-04-28T19:28:36.7851936Z [command]/usr/bin/git submodule foreach --recursive sh -c "git config --local --name-only --get-regexp 'http\.https\:\/\/github\.com\/\.extraheader' && git config --local --unset-all 'http.https://github.com/.extraheader' || :"
2026-04-28T19:28:36.8082192Z [command]/usr/bin/git config --local --name-only --get-regexp ^includeIf\.gitdir:
2026-04-28T19:28:36.8116129Z [command]/usr/bin/git submodule foreach --recursive git config --local --show-origin --name-only --get-regexp remote.origin.url
2026-04-28T19:28:36.8468885Z Cleaning up orphan processes
2026-04-28T19:28:36.8856261Z Terminate orphan process: pid (3136) (adb)
2026-04-28T19:28:36.8914038Z ##[warning]Node.js 20 actions are deprecated. The following actions are running on Node.js 20 and may not work as expected: actions/cache@v4, actions/checkout@v4, actions/setup-java@v4, actions/setup-node@v4, actions/upload-artifact@v4, gradle/actions/setup-gradle@v4. Actions will be forced to run with Node.js 24 by default starting June 2nd, 2026. Node.js 20 will be removed from the runner on September 16th, 2026. Please check if updated versions of these actions are available that support Node.js 24. To opt into Node.js 24 now, set the FORCE_JAVASCRIPT_ACTIONS_TO_NODE24=true environment variable on the runner or in your workflow file. Once Node.js 24 becomes the default, you can temporarily opt out by setting ACTIONS_ALLOW_USE_UNSECURE_NODE_VERSION=true. For more information see: https://github.blog/changelog/2025-09-19-deprecation-of-node-20-on-github-actions-runners/
