=== CI FAILURE ===
Workflow:      Android Integration CI
Workflow file: akarlin3/prismTask/.github/workflows/android-integration.yml@refs/pull/741/merge
Job(s):        connected-tests
Run ID:        24869235062
Run attempt:   1
Run URL:       https://github.com/akarlin3/prismTask/actions/runs/24869235062
Commit:        f53b4b4ce0f333141419e1d319b4f6d77dfaef7f
Branch:        741/merge
Event:         pull_request
Actor:         akarlin3
Runner OS:     Linux
Timestamp:     2026-04-24T02:36:48.934Z

Failed steps:
  - connected-tests: #8 Run instrumented tests against AVD + Firebase emulator

=== FAILED JOB LOG ===

--- Job: connected-tests (id 72811942739) ---
2026-04-24T02:32:43.6888685Z Current runner version: '2.333.1'
2026-04-24T02:32:43.6913690Z ##[group]Runner Image Provisioner
2026-04-24T02:32:43.6914511Z Hosted Compute Agent
2026-04-24T02:32:43.6915033Z Version: 20260213.493
2026-04-24T02:32:43.6915773Z Commit: 5c115507f6dd24b8de37d8bbe0bb4509d0cc0fa3
2026-04-24T02:32:43.6916463Z Build Date: 2026-02-13T00:28:41Z
2026-04-24T02:32:43.6917175Z Worker ID: {bbe2d688-5c83-4b11-8329-4976e7775188}
2026-04-24T02:32:43.6917880Z Azure Region: westcentralus
2026-04-24T02:32:43.6918497Z ##[endgroup]
2026-04-24T02:32:43.6919741Z ##[group]Operating System
2026-04-24T02:32:43.6920596Z Ubuntu
2026-04-24T02:32:43.6921105Z 24.04.4
2026-04-24T02:32:43.6921579Z LTS
2026-04-24T02:32:43.6922095Z ##[endgroup]
2026-04-24T02:32:43.6922586Z ##[group]Runner Image
2026-04-24T02:32:43.6923142Z Image: ubuntu-24.04
2026-04-24T02:32:43.6923602Z Version: 20260413.86.1
2026-04-24T02:32:43.6924918Z Included Software: https://github.com/actions/runner-images/blob/ubuntu24/20260413.86/images/ubuntu/Ubuntu2404-Readme.md
2026-04-24T02:32:43.6926403Z Image Release: https://github.com/actions/runner-images/releases/tag/ubuntu24%2F20260413.86
2026-04-24T02:32:43.6927329Z ##[endgroup]
2026-04-24T02:32:43.6928533Z ##[group]GITHUB_TOKEN Permissions
2026-04-24T02:32:43.6930788Z Actions: read
2026-04-24T02:32:43.6931337Z Checks: read
2026-04-24T02:32:43.6931840Z Contents: write
2026-04-24T02:32:43.6932430Z Metadata: read
2026-04-24T02:32:43.6932958Z PullRequests: read
2026-04-24T02:32:43.6933450Z ##[endgroup]
2026-04-24T02:32:43.6935586Z Secret source: Actions
2026-04-24T02:32:43.6936243Z Prepare workflow directory
2026-04-24T02:32:43.7329693Z Prepare all required actions
2026-04-24T02:32:43.7368939Z Getting action download info
2026-04-24T02:32:44.1651927Z Download action repository 'actions/checkout@v4' (SHA:34e114876b0b11c390a56381ad16ebd13914f8d5)
2026-04-24T02:32:44.2763475Z Download action repository 'actions/setup-node@v4' (SHA:49933ea5288caeca8642d1e84afbd3f7d6820020)
2026-04-24T02:32:44.3760953Z Download action repository 'reactivecircus/android-emulator-runner@v2' (SHA:e89f39f1abbbd05b1113a29cf4db69e7540cae5a)
2026-04-24T02:32:45.1479295Z Download action repository 'actions/upload-artifact@v4' (SHA:ea165f8d65b6e75b540449e92b4886f43607fa02)
2026-04-24T02:32:45.3910891Z Complete job name: connected-tests
2026-04-24T02:32:45.4765653Z ##[group]Run actions/checkout@v4
2026-04-24T02:32:45.4766970Z with:
2026-04-24T02:32:45.4767691Z   ref: feature/sync-tests-ci-infra
2026-04-24T02:32:45.4768638Z   repository: akarlin3/prismTask
2026-04-24T02:32:45.4769851Z   token: ***
2026-04-24T02:32:45.4770796Z   ssh-strict: true
2026-04-24T02:32:45.4771547Z   ssh-user: git
2026-04-24T02:32:45.4772282Z   persist-credentials: true
2026-04-24T02:32:45.4773115Z   clean: true
2026-04-24T02:32:45.4773866Z   sparse-checkout-cone-mode: true
2026-04-24T02:32:45.4774781Z   fetch-depth: 1
2026-04-24T02:32:45.4775502Z   fetch-tags: false
2026-04-24T02:32:45.4776234Z   show-progress: true
2026-04-24T02:32:45.4776980Z   lfs: false
2026-04-24T02:32:45.4777650Z   submodules: false
2026-04-24T02:32:45.4778428Z   set-safe-directory: true
2026-04-24T02:32:45.4779470Z env:
2026-04-24T02:32:45.4780260Z   USE_FIREBASE_EMULATOR: true
2026-04-24T02:32:45.4781097Z ##[endgroup]
2026-04-24T02:32:45.5912292Z Syncing repository: akarlin3/prismTask
2026-04-24T02:32:45.5914904Z ##[group]Getting Git version info
2026-04-24T02:32:45.5916124Z Working directory is '/home/runner/work/prismTask/prismTask'
2026-04-24T02:32:45.5917852Z [command]/usr/bin/git version
2026-04-24T02:32:45.5947606Z git version 2.53.0
2026-04-24T02:32:45.5972220Z ##[endgroup]
2026-04-24T02:32:45.5986998Z Temporarily overriding HOME='/home/runner/work/_temp/2f8a89fc-06f4-42bf-96e5-73df24bec33e' before making global git config changes
2026-04-24T02:32:45.5990490Z Adding repository directory to the temporary git global config as a safe directory
2026-04-24T02:32:45.5993578Z [command]/usr/bin/git config --global --add safe.directory /home/runner/work/prismTask/prismTask
2026-04-24T02:32:45.6027216Z Deleting the contents of '/home/runner/work/prismTask/prismTask'
2026-04-24T02:32:45.6031001Z ##[group]Initializing the repository
2026-04-24T02:32:45.6035036Z [command]/usr/bin/git init /home/runner/work/prismTask/prismTask
2026-04-24T02:32:45.6106936Z hint: Using 'master' as the name for the initial branch. This default branch name
2026-04-24T02:32:45.6109101Z hint: will change to "main" in Git 3.0. To configure the initial branch name
2026-04-24T02:32:45.6111013Z hint: to use in all of your new repositories, which will suppress this warning,
2026-04-24T02:32:45.6112996Z hint: call:
2026-04-24T02:32:45.6113916Z hint:
2026-04-24T02:32:45.6115156Z hint: 	git config --global init.defaultBranch <name>
2026-04-24T02:32:45.6116627Z hint:
2026-04-24T02:32:45.6117638Z hint: Names commonly chosen instead of 'master' are 'main', 'trunk' and
2026-04-24T02:32:45.6119918Z hint: 'development'. The just-created branch can be renamed via this command:
2026-04-24T02:32:45.6122042Z hint:
2026-04-24T02:32:45.6122823Z hint: 	git branch -m <name>
2026-04-24T02:32:45.6123796Z hint:
2026-04-24T02:32:45.6124942Z hint: Disable this message with "git config set advice.defaultBranchName false"
2026-04-24T02:32:45.6126741Z Initialized empty Git repository in /home/runner/work/prismTask/prismTask/.git/
2026-04-24T02:32:45.6129627Z [command]/usr/bin/git remote add origin https://github.com/akarlin3/prismTask
2026-04-24T02:32:45.6153434Z ##[endgroup]
2026-04-24T02:32:45.6155152Z ##[group]Disabling automatic garbage collection
2026-04-24T02:32:45.6156657Z [command]/usr/bin/git config --local gc.auto 0
2026-04-24T02:32:45.6187352Z ##[endgroup]
2026-04-24T02:32:45.6188977Z ##[group]Setting up auth
2026-04-24T02:32:45.6193794Z [command]/usr/bin/git config --local --name-only --get-regexp core\.sshCommand
2026-04-24T02:32:45.6225324Z [command]/usr/bin/git submodule foreach --recursive sh -c "git config --local --name-only --get-regexp 'core\.sshCommand' && git config --local --unset-all 'core.sshCommand' || :"
2026-04-24T02:32:45.6516694Z [command]/usr/bin/git config --local --name-only --get-regexp http\.https\:\/\/github\.com\/\.extraheader
2026-04-24T02:32:45.6555349Z [command]/usr/bin/git submodule foreach --recursive sh -c "git config --local --name-only --get-regexp 'http\.https\:\/\/github\.com\/\.extraheader' && git config --local --unset-all 'http.https://github.com/.extraheader' || :"
2026-04-24T02:32:45.6811272Z [command]/usr/bin/git config --local --name-only --get-regexp ^includeIf\.gitdir:
2026-04-24T02:32:45.6842947Z [command]/usr/bin/git submodule foreach --recursive git config --local --show-origin --name-only --get-regexp remote.origin.url
2026-04-24T02:32:45.7077996Z [command]/usr/bin/git config --local http.https://github.com/.extraheader AUTHORIZATION: basic ***
2026-04-24T02:32:45.7113412Z ##[endgroup]
2026-04-24T02:32:45.7114930Z ##[group]Fetching the repository
2026-04-24T02:32:45.7122966Z [command]/usr/bin/git -c protocol.version=2 fetch --no-tags --prune --no-recurse-submodules --depth=1 origin +refs/heads/feature/sync-tests-ci-infra*:refs/remotes/origin/feature/sync-tests-ci-infra* +refs/tags/feature/sync-tests-ci-infra*:refs/tags/feature/sync-tests-ci-infra*
2026-04-24T02:32:48.6773001Z From https://github.com/akarlin3/prismTask
2026-04-24T02:32:48.6774705Z  * [new branch]      feature/sync-tests-ci-infra -> origin/feature/sync-tests-ci-infra
2026-04-24T02:32:48.6803662Z ##[endgroup]
2026-04-24T02:32:48.6804313Z ##[group]Determining the checkout info
2026-04-24T02:32:48.6811324Z [command]/usr/bin/git branch --list --remote origin/feature/sync-tests-ci-infra
2026-04-24T02:32:48.6836242Z   origin/feature/sync-tests-ci-infra
2026-04-24T02:32:48.6840587Z ##[endgroup]
2026-04-24T02:32:48.6845309Z [command]/usr/bin/git sparse-checkout disable
2026-04-24T02:32:48.6881595Z [command]/usr/bin/git config --local --unset-all extensions.worktreeConfig
2026-04-24T02:32:48.6908163Z ##[group]Checking out the ref
2026-04-24T02:32:48.6912201Z [command]/usr/bin/git checkout --progress --force -B feature/sync-tests-ci-infra refs/remotes/origin/feature/sync-tests-ci-infra
2026-04-24T02:32:48.8862007Z Switched to a new branch 'feature/sync-tests-ci-infra'
2026-04-24T02:32:48.8863047Z branch 'feature/sync-tests-ci-infra' set up to track 'origin/feature/sync-tests-ci-infra'.
2026-04-24T02:32:48.8886196Z ##[endgroup]
2026-04-24T02:32:48.8934588Z [command]/usr/bin/git log -1 --format=%H
2026-04-24T02:32:48.8959647Z 9765dcf74a2f6c29e18d040a4f6aee64a93205f1
2026-04-24T02:32:48.9205252Z Prepare all required actions
2026-04-24T02:32:48.9205858Z Getting action download info
2026-04-24T02:32:49.0866803Z Download action repository 'actions/setup-java@v4' (SHA:c1e323688fd81a25caa38c78aa6df2d33d3e20d9)
2026-04-24T02:32:50.1282795Z Download action repository 'gradle/actions@v4' (SHA:ed408507eac070d1f99cc633dbcf757c94c7933a)
2026-04-24T02:32:51.9521772Z ##[group]Run ./.github/actions/setup-android
2026-04-24T02:32:51.9522068Z env:
2026-04-24T02:32:51.9522272Z   USE_FIREBASE_EMULATOR: true
2026-04-24T02:32:51.9522512Z ##[endgroup]
2026-04-24T02:32:51.9671257Z ##[group]Run actions/setup-java@v4
2026-04-24T02:32:51.9671555Z with:
2026-04-24T02:32:51.9671737Z   java-version: 21
2026-04-24T02:32:51.9671946Z   distribution: temurin
2026-04-24T02:32:51.9672156Z   java-package: jdk
2026-04-24T02:32:51.9672373Z   check-latest: false
2026-04-24T02:32:51.9672606Z   server-id: github
2026-04-24T02:32:51.9672814Z   server-username: GITHUB_ACTOR
2026-04-24T02:32:51.9673100Z   server-password: GITHUB_TOKEN
2026-04-24T02:32:51.9673349Z   overwrite-settings: true
2026-04-24T02:32:51.9673580Z   job-status: success
2026-04-24T02:32:51.9673905Z   token: ***
2026-04-24T02:32:51.9674090Z env:
2026-04-24T02:32:51.9674282Z   USE_FIREBASE_EMULATOR: true
2026-04-24T02:32:51.9674511Z ##[endgroup]
2026-04-24T02:32:52.1593933Z ##[group]Installed distributions
2026-04-24T02:32:52.1647335Z Resolved Java 21.0.10+7 from tool-cache
2026-04-24T02:32:52.1648098Z Setting Java 21.0.10+7 as the default
2026-04-24T02:32:52.1660989Z Creating toolchains.xml for JDK version 21 from temurin
2026-04-24T02:32:52.1734210Z Writing to /home/runner/.m2/toolchains.xml
2026-04-24T02:32:52.1734717Z 
2026-04-24T02:32:52.1734974Z Java configuration:
2026-04-24T02:32:52.1735540Z   Distribution: temurin
2026-04-24T02:32:52.1735900Z   Version: 21.0.10+7
2026-04-24T02:32:52.1736618Z   Path: /opt/hostedtoolcache/Java_Temurin-Hotspot_jdk/21.0.10-7/x64
2026-04-24T02:32:52.1737162Z 
2026-04-24T02:32:52.1737731Z ##[endgroup]
2026-04-24T02:32:52.1753370Z Creating settings.xml with server-id: github
2026-04-24T02:32:52.1759596Z Writing to /home/runner/.m2/settings.xml
2026-04-24T02:32:52.1979683Z ##[group]Run gradle/actions/setup-gradle@v4
2026-04-24T02:32:52.1980193Z with:
2026-04-24T02:32:52.1980413Z   cache-disabled: false
2026-04-24T02:32:52.1980643Z   cache-read-only: true
2026-04-24T02:32:52.1980858Z   cache-write-only: false
2026-04-24T02:32:52.1981107Z   cache-overwrite-existing: false
2026-04-24T02:32:52.1981365Z   cache-cleanup: on-success
2026-04-24T02:32:52.1981647Z   gradle-home-cache-includes: caches
notifications

2026-04-24T02:32:52.1981956Z   add-job-summary: always
2026-04-24T02:32:52.1982215Z   add-job-summary-as-pr-comment: never
2026-04-24T02:32:52.1982491Z   dependency-graph: disabled
2026-04-24T02:32:52.1982779Z   dependency-graph-report-dir: dependency-graph-reports
2026-04-24T02:32:52.1983128Z   dependency-graph-continue-on-failure: true
2026-04-24T02:32:52.1983408Z   build-scan-publish: false
2026-04-24T02:32:52.1983645Z   validate-wrappers: true
2026-04-24T02:32:52.1983882Z   allow-snapshot-wrappers: false
2026-04-24T02:32:52.1984147Z   gradle-home-cache-strict-match: false
2026-04-24T02:32:52.1984421Z   workflow-job-context: null
2026-04-24T02:32:52.1984777Z   github-token: ***
2026-04-24T02:32:52.1984979Z env:
2026-04-24T02:32:52.1985161Z   USE_FIREBASE_EMULATOR: true
2026-04-24T02:32:52.1985504Z   JAVA_HOME: /opt/hostedtoolcache/Java_Temurin-Hotspot_jdk/21.0.10-7/x64
2026-04-24T02:32:52.1985970Z   JAVA_HOME_21_X64: /opt/hostedtoolcache/Java_Temurin-Hotspot_jdk/21.0.10-7/x64
2026-04-24T02:32:52.1986322Z ##[endgroup]
2026-04-24T02:32:53.0736076Z Merged default JDK locations into /home/runner/.m2/toolchains.xml
2026-04-24T02:32:53.0738347Z ##[group]Restore Gradle state from cache
2026-04-24T02:32:53.2757630Z Cache hit for restore-key: gradle-home-v1|Linux-X64|connected-tests[1e7216165ffdcf45b9a4b7e3077585ac]-8d4675ee4423884a23e2d3a120b2c3dae099bb87
2026-04-24T02:32:54.5258677Z Received 33554432 of 98797688 (34.0%), 32.0 MBs/sec
2026-04-24T02:32:54.9606448Z Received 98797688 of 98797688 (100.0%), 65.7 MBs/sec
2026-04-24T02:32:54.9608671Z Cache Size: ~94 MB (98797688 B)
2026-04-24T02:32:54.9641178Z [command]/usr/bin/tar -xf /home/runner/work/_temp/76c85b2b-ac71-4bd7-b256-92e24e24ebeb/cache.tzst -P -C /home/runner/work/prismTask/prismTask --use-compress-program unzstd
2026-04-24T02:32:55.3172162Z Cache restored successfully
2026-04-24T02:32:55.3226790Z Restored cache entry with key gradle-home-v1|Linux-X64|connected-tests[1e7216165ffdcf45b9a4b7e3077585ac]-f53b4b4ce0f333141419e1d319b4f6d77dfaef7f to /home/runner/.gradle/caches,/home/runner/.gradle/notifications,/home/runner/.gradle/.setup-gradle in 2248ms
2026-04-24T02:32:55.5115913Z Cache hit for: gradle-generated-gradle-jars-v1-cb4b032a7d08b9bf1e84e9eacaebcc29
2026-04-24T02:32:55.5122609Z Cache hit for: gradle-wrapper-zips-v1-8c0de4c6bda6041d6e054bf825a89c98
2026-04-24T02:32:55.5166303Z Cache hit for: gradle-dependencies-v1-0888d265b64936ce6493b34fb1cc476a
2026-04-24T02:32:55.5187364Z Cache hit for: gradle-instrumented-jars-v1-613e7e9492e5a2d58d1d59a0c9d3dbbd
2026-04-24T02:32:55.5192355Z Cache hit for: gradle-kotlin-dsl-v1-7c49c950aac7d41c019b148ce3c53605
2026-04-24T02:32:55.5308108Z Cache hit for: gradle-groovy-dsl-v1-5984fd99435efa2747db10fc41da09e1
2026-04-24T02:32:55.5365992Z Cache hit for: gradle-transforms-v1-f17da9a400c666652150edd966eb3055
2026-04-24T02:32:55.9438521Z Received 64243 of 64243 (100.0%), 0.4 MBs/sec
2026-04-24T02:32:55.9439318Z Cache Size: ~0 MB (64243 B)
2026-04-24T02:32:56.0318027Z [command]/usr/bin/tar -xf /home/runner/work/_temp/3e109a21-5b21-4270-8a0a-216c67c9d498/cache.tzst -P -C /home/runner/work/prismTask/prismTask --use-compress-program unzstd
2026-04-24T02:32:56.0421128Z Cache restored successfully
2026-04-24T02:32:56.0424498Z Restored cache entry with key gradle-instrumented-jars-v1-613e7e9492e5a2d58d1d59a0c9d3dbbd to /home/runner/.gradle/caches/jars-*/*/ in 718ms
2026-04-24T02:32:56.1274008Z Received 109105 of 109105 (100.0%), 0.3 MBs/sec
2026-04-24T02:32:56.1274650Z Cache Size: ~0 MB (109105 B)
2026-04-24T02:32:56.1305578Z [command]/usr/bin/tar -xf /home/runner/work/_temp/bf6850a3-8006-48ac-9c1f-ea49d698abf4/cache.tzst -P -C /home/runner/work/prismTask/prismTask --use-compress-program unzstd
2026-04-24T02:32:56.1529715Z Cache restored successfully
2026-04-24T02:32:56.1536445Z Restored cache entry with key gradle-groovy-dsl-v1-5984fd99435efa2747db10fc41da09e1 to /home/runner/.gradle/caches/*/groovy-dsl/*/ in 829ms
2026-04-24T02:32:56.3461356Z Received 420402 of 420402 (100.0%), 0.6 MBs/sec
2026-04-24T02:32:56.3461967Z Cache Size: ~0 MB (420402 B)
2026-04-24T02:32:56.3492103Z [command]/usr/bin/tar -xf /home/runner/work/_temp/a3a3d82a-13cb-497a-a718-60ec4bb1e388/cache.tzst -P -C /home/runner/work/prismTask/prismTask --use-compress-program unzstd
2026-04-24T02:32:56.5146559Z Cache restored successfully
2026-04-24T02:32:56.5150245Z Restored cache entry with key gradle-kotlin-dsl-v1-7c49c950aac7d41c019b148ce3c53605 to /home/runner/.gradle/caches/*/kotlin-dsl/accessors/*/,/home/runner/.gradle/caches/*/kotlin-dsl/scripts/*/ in 1190ms
2026-04-24T02:32:56.7478208Z Received 12582912 of 136352669 (9.2%), 12.0 MBs/sec
2026-04-24T02:32:56.7596761Z Received 16777216 of 452482065 (3.7%), 16.0 MBs/sec
2026-04-24T02:32:56.7804382Z Received 12633276 of 41993404 (30.1%), 12.0 MBs/sec
2026-04-24T02:32:56.8011691Z Received 8388608 of 481126159 (1.7%), 8.0 MBs/sec
2026-04-24T02:32:57.1701517Z Received 41993404 of 41993404 (100.0%), 28.8 MBs/sec
2026-04-24T02:32:57.1711008Z Cache Size: ~40 MB (41993404 B)
2026-04-24T02:32:57.2089577Z [command]/usr/bin/tar -xf /home/runner/work/_temp/109c2ed3-07ae-41f9-8b56-f3117fa9d3d5/cache.tzst -P -C /home/runner/work/prismTask/prismTask --use-compress-program unzstd
2026-04-24T02:32:57.5612235Z Cache restored successfully
2026-04-24T02:32:57.5721551Z Restored cache entry with key gradle-generated-gradle-jars-v1-cb4b032a7d08b9bf1e84e9eacaebcc29 to /home/runner/.gradle/caches/9.3.1/generated-gradle-jars/gradle-api-9.3.1.jar in 2248ms
2026-04-24T02:32:57.7681520Z Received 134217728 of 136352669 (98.4%), 63.4 MBs/sec
2026-04-24T02:32:57.7699293Z Received 134217728 of 452482065 (29.7%), 63.9 MBs/sec
2026-04-24T02:32:57.8091346Z Received 134217728 of 481126159 (27.9%), 63.7 MBs/sec
2026-04-24T02:32:57.8493831Z Received 136352669 of 136352669 (100.0%), 61.7 MBs/sec
2026-04-24T02:32:57.8494515Z Cache Size: ~130 MB (136352669 B)
2026-04-24T02:32:57.8514566Z [command]/usr/bin/tar -xf /home/runner/work/_temp/db937b8d-691e-4341-a72b-733b282cf04f/cache.tzst -P -C /home/runner/work/prismTask/prismTask --use-compress-program unzstd
2026-04-24T02:32:58.1354905Z Cache restored successfully
2026-04-24T02:32:58.1485531Z Restored cache entry with key gradle-wrapper-zips-v1-8c0de4c6bda6041d6e054bf825a89c98 to /home/runner/.gradle/wrapper/dists/gradle-9.3.1-bin/23ovyewtku6u96viwx3xl3oks in 2825ms
2026-04-24T02:32:58.7976333Z Received 268435456 of 452482065 (59.3%), 84.3 MBs/sec
2026-04-24T02:32:58.8076974Z Received 268435456 of 481126159 (55.8%), 85.1 MBs/sec
2026-04-24T02:32:59.7958789Z Received 402653184 of 452482065 (89.0%), 95.1 MBs/sec
2026-04-24T02:32:59.8080373Z Received 398458880 of 481126159 (82.8%), 94.8 MBs/sec
2026-04-24T02:33:00.1237768Z Received 452482065 of 452482065 (100.0%), 98.9 MBs/sec
2026-04-24T02:33:00.1241680Z Cache Size: ~432 MB (452482065 B)
2026-04-24T02:33:00.1375506Z [command]/usr/bin/tar -xf /home/runner/work/_temp/e584031b-6cd3-4151-938d-214a7be594f9/cache.tzst -P -C /home/runner/work/prismTask/prismTask --use-compress-program unzstd
2026-04-24T02:33:00.8083135Z Received 476931855 of 481126159 (99.1%), 90.8 MBs/sec
2026-04-24T02:33:00.9509647Z Received 481126159 of 481126159 (100.0%), 89.1 MBs/sec
2026-04-24T02:33:00.9513408Z Cache Size: ~459 MB (481126159 B)
2026-04-24T02:33:00.9589702Z [command]/usr/bin/tar -xf /home/runner/work/_temp/aaa96db2-f80b-4388-adb4-9e557caec863/cache.tzst -P -C /home/runner/work/prismTask/prismTask --use-compress-program unzstd
2026-04-24T02:33:01.0906305Z Cache restored successfully
2026-04-24T02:33:01.1165653Z Restored cache entry with key gradle-dependencies-v1-0888d265b64936ce6493b34fb1cc476a to /home/runner/.gradle/caches/modules-*/files-*/*/*/*/* in 5793ms
2026-04-24T02:33:06.2792698Z Cache restored successfully
2026-04-24T02:33:06.3012223Z Restored cache entry with key gradle-transforms-v1-f17da9a400c666652150edd966eb3055 to /home/runner/.gradle/caches/transforms-4/*/,/home/runner/.gradle/caches/*/transforms/*/ in 10977ms
2026-04-24T02:33:06.3086019Z ##[endgroup]
2026-04-24T02:33:06.3381642Z ##[group]All Gradle Wrapper jars are valid
2026-04-24T02:33:06.3382866Z ✓ Found known Gradle Wrapper JAR files:
2026-04-24T02:33:06.3383790Z   b3a875ddc1f044746e1b1a55f645584505f4a10438c1afea9f15e92a7c42ec13 gradle/wrapper/gradle-wrapper.jar
2026-04-24T02:33:06.3384910Z ##[endgroup]
2026-04-24T02:33:06.3540834Z ##[group]Run chmod +x gradlew
2026-04-24T02:33:06.3541244Z [36;1mchmod +x gradlew[0m
2026-04-24T02:33:06.3567365Z shell: /usr/bin/bash --noprofile --norc -e -o pipefail {0}
2026-04-24T02:33:06.3567770Z env:
2026-04-24T02:33:06.3568041Z   USE_FIREBASE_EMULATOR: true
2026-04-24T02:33:06.3568477Z   JAVA_HOME: /opt/hostedtoolcache/Java_Temurin-Hotspot_jdk/21.0.10-7/x64
2026-04-24T02:33:06.3569048Z   JAVA_HOME_21_X64: /opt/hostedtoolcache/Java_Temurin-Hotspot_jdk/21.0.10-7/x64
2026-04-24T02:33:06.3569520Z   GRADLE_ACTION_ID: gradle/actions/setup-gradle
2026-04-24T02:33:06.3569863Z   GRADLE_USER_HOME: /home/runner/.gradle
2026-04-24T02:33:06.3570391Z   GRADLE_BUILD_ACTION_SETUP_COMPLETED: true
2026-04-24T02:33:06.3570756Z   GRADLE_BUILD_ACTION_CACHE_RESTORED: true
2026-04-24T02:33:06.3571248Z   DEVELOCITY_INJECTION_INIT_SCRIPT_NAME: gradle-actions.inject-develocity.init.gradle
2026-04-24T02:33:06.3571992Z   DEVELOCITY_INJECTION_CUSTOM_VALUE: gradle-actions
2026-04-24T02:33:06.3572361Z   GITHUB_DEPENDENCY_GRAPH_ENABLED: false
2026-04-24T02:33:06.3572680Z ##[endgroup]
2026-04-24T02:33:06.3727203Z ##[group]Run actions/setup-node@v4
2026-04-24T02:33:06.3727541Z with:
2026-04-24T02:33:06.3727784Z   node-version: 20
2026-04-24T02:33:06.3728043Z   always-auth: false
2026-04-24T02:33:06.3728311Z   check-latest: false
2026-04-24T02:33:06.3728686Z   token: ***
2026-04-24T02:33:06.3728923Z env:
2026-04-24T02:33:06.3729164Z   USE_FIREBASE_EMULATOR: true
2026-04-24T02:33:06.3729580Z   JAVA_HOME: /opt/hostedtoolcache/Java_Temurin-Hotspot_jdk/21.0.10-7/x64
2026-04-24T02:33:06.3730328Z   JAVA_HOME_21_X64: /opt/hostedtoolcache/Java_Temurin-Hotspot_jdk/21.0.10-7/x64
2026-04-24T02:33:06.3730811Z   GRADLE_ACTION_ID: gradle/actions/setup-gradle
2026-04-24T02:33:06.3731161Z   GRADLE_USER_HOME: /home/runner/.gradle
2026-04-24T02:33:06.3731494Z   GRADLE_BUILD_ACTION_SETUP_COMPLETED: true
2026-04-24T02:33:06.3731852Z   GRADLE_BUILD_ACTION_CACHE_RESTORED: true
2026-04-24T02:33:06.3732335Z   DEVELOCITY_INJECTION_INIT_SCRIPT_NAME: gradle-actions.inject-develocity.init.gradle
2026-04-24T02:33:06.3732875Z   DEVELOCITY_INJECTION_CUSTOM_VALUE: gradle-actions
2026-04-24T02:33:06.3733242Z   GITHUB_DEPENDENCY_GRAPH_ENABLED: false
2026-04-24T02:33:06.3733557Z ##[endgroup]
2026-04-24T02:33:06.5508978Z Found in cache @ /opt/hostedtoolcache/node/20.20.2/x64
2026-04-24T02:33:06.5515145Z ##[group]Environment details
2026-04-24T02:33:06.8246569Z node: v20.20.2
2026-04-24T02:33:06.8247328Z npm: 10.8.2
2026-04-24T02:33:06.8248246Z yarn: 1.22.22
2026-04-24T02:33:06.8249288Z ##[endgroup]
2026-04-24T02:33:06.8357402Z ##[group]Run npm install -g firebase-tools@latest
2026-04-24T02:33:06.8357854Z [36;1mnpm install -g firebase-tools@latest[0m
2026-04-24T02:33:06.8385209Z shell: /usr/bin/bash -e {0}
2026-04-24T02:33:06.8385525Z env:
2026-04-24T02:33:06.8385778Z   USE_FIREBASE_EMULATOR: true
2026-04-24T02:33:06.8386221Z   JAVA_HOME: /opt/hostedtoolcache/Java_Temurin-Hotspot_jdk/21.0.10-7/x64
2026-04-24T02:33:06.8386771Z   JAVA_HOME_21_X64: /opt/hostedtoolcache/Java_Temurin-Hotspot_jdk/21.0.10-7/x64
2026-04-24T02:33:06.8387261Z   GRADLE_ACTION_ID: gradle/actions/setup-gradle
2026-04-24T02:33:06.8387613Z   GRADLE_USER_HOME: /home/runner/.gradle
2026-04-24T02:33:06.8387952Z   GRADLE_BUILD_ACTION_SETUP_COMPLETED: true
2026-04-24T02:33:06.8388296Z   GRADLE_BUILD_ACTION_CACHE_RESTORED: true
2026-04-24T02:33:06.8388775Z   DEVELOCITY_INJECTION_INIT_SCRIPT_NAME: gradle-actions.inject-develocity.init.gradle
2026-04-24T02:33:06.8389289Z   DEVELOCITY_INJECTION_CUSTOM_VALUE: gradle-actions
2026-04-24T02:33:06.8389690Z   GITHUB_DEPENDENCY_GRAPH_ENABLED: false
2026-04-24T02:33:06.8390326Z ##[endgroup]
2026-04-24T02:33:22.5789005Z npm warn deprecated node-domexception@1.0.0: Use your platform's native DOMException instead
2026-04-24T02:33:25.1563391Z npm warn deprecated json-ptr@3.1.1: Package no longer supported. Contact Support at https://www.npmjs.com/support for more info.
2026-04-24T02:33:25.5006314Z npm warn deprecated glob@10.5.0: Old versions of glob are not supported, and contain widely publicized security vulnerabilities, which have been fixed in the current version. Please update. Support for old versions may be purchased (at exorbitant rates) by contacting i@izs.me
2026-04-24T02:33:28.4273839Z 
2026-04-24T02:33:28.4274519Z added 703 packages in 22s
2026-04-24T02:33:28.4274912Z 
2026-04-24T02:33:28.4275215Z 90 packages are looking for funding
2026-04-24T02:33:28.4275944Z   run `npm fund` for details
2026-04-24T02:33:28.4631059Z ##[group]Run set -euo pipefail
2026-04-24T02:33:28.4631493Z [36;1mset -euo pipefail[0m
2026-04-24T02:33:28.4631819Z [36;1mfirebase emulators:start \[0m
2026-04-24T02:33:28.4632162Z [36;1m  --only firestore,auth \[0m
2026-04-24T02:33:28.4632485Z [36;1m  --project demo-prismtask \[0m
2026-04-24T02:33:28.4632870Z [36;1m  > "$RUNNER_TEMP/firebase-emulators.log" 2>&1 &[0m
2026-04-24T02:33:28.4633533Z [36;1mecho "FIREBASE_EMULATORS_PID=$!" >> "$GITHUB_ENV"[0m
2026-04-24T02:33:28.4633944Z [36;1mecho "Waiting for emulator ports to open..."[0m
2026-04-24T02:33:28.4634293Z [36;1mfor port in 8080 9099; do[0m
2026-04-24T02:33:28.4634596Z [36;1m  timeout 120 bash -c \[0m
2026-04-24T02:33:28.4635023Z [36;1m    "until (echo > /dev/tcp/127.0.0.1/$port) 2>/dev/null; do sleep 1; done" || {[0m
2026-04-24T02:33:28.4635631Z [36;1m      echo "::error::Firebase emulator port $port did not become ready in time"[0m
2026-04-24T02:33:28.4636209Z [36;1m      cat "$RUNNER_TEMP/firebase-emulators.log" || true[0m
2026-04-24T02:33:28.4636575Z [36;1m      exit 1[0m
2026-04-24T02:33:28.4636838Z [36;1m    }[0m
2026-04-24T02:33:28.4637083Z [36;1mdone[0m
2026-04-24T02:33:28.4637424Z [36;1mecho "Firebase emulators ready (firestore=8080, auth=9099)"[0m
2026-04-24T02:33:28.4660874Z shell: /usr/bin/bash -e {0}
2026-04-24T02:33:28.4661175Z env:
2026-04-24T02:33:28.4661423Z   USE_FIREBASE_EMULATOR: true
2026-04-24T02:33:28.4661856Z   JAVA_HOME: /opt/hostedtoolcache/Java_Temurin-Hotspot_jdk/21.0.10-7/x64
2026-04-24T02:33:28.4662388Z   JAVA_HOME_21_X64: /opt/hostedtoolcache/Java_Temurin-Hotspot_jdk/21.0.10-7/x64
2026-04-24T02:33:28.4662852Z   GRADLE_ACTION_ID: gradle/actions/setup-gradle
2026-04-24T02:33:28.4663206Z   GRADLE_USER_HOME: /home/runner/.gradle
2026-04-24T02:33:28.4663544Z   GRADLE_BUILD_ACTION_SETUP_COMPLETED: true
2026-04-24T02:33:28.4663892Z   GRADLE_BUILD_ACTION_CACHE_RESTORED: true
2026-04-24T02:33:28.4664390Z   DEVELOCITY_INJECTION_INIT_SCRIPT_NAME: gradle-actions.inject-develocity.init.gradle
2026-04-24T02:33:28.4664911Z   DEVELOCITY_INJECTION_CUSTOM_VALUE: gradle-actions
2026-04-24T02:33:28.4665265Z   GITHUB_DEPENDENCY_GRAPH_ENABLED: false
2026-04-24T02:33:28.4665597Z ##[endgroup]
2026-04-24T02:33:28.4716651Z Waiting for emulator ports to open...
2026-04-24T02:33:39.5068209Z Firebase emulators ready (firestore=8080, auth=9099)
2026-04-24T02:33:39.5096367Z ##[group]Run echo 'KERNEL=="kvm", GROUP="kvm", MODE="0666", OPTIONS+="static_node=kvm"' \
2026-04-24T02:33:39.5097021Z [36;1mecho 'KERNEL=="kvm", GROUP="kvm", MODE="0666", OPTIONS+="static_node=kvm"' \[0m
2026-04-24T02:33:39.5097523Z [36;1m  | sudo tee /etc/udev/rules.d/99-kvm4all.rules[0m
2026-04-24T02:33:39.5097904Z [36;1msudo udevadm control --reload-rules[0m
2026-04-24T02:33:39.5098265Z [36;1msudo udevadm trigger --name-match=kvm[0m
2026-04-24T02:33:39.5120997Z shell: /usr/bin/bash -e {0}
2026-04-24T02:33:39.5121295Z env:
2026-04-24T02:33:39.5121538Z   USE_FIREBASE_EMULATOR: true
2026-04-24T02:33:39.5122008Z   JAVA_HOME: /opt/hostedtoolcache/Java_Temurin-Hotspot_jdk/21.0.10-7/x64
2026-04-24T02:33:39.5122803Z   JAVA_HOME_21_X64: /opt/hostedtoolcache/Java_Temurin-Hotspot_jdk/21.0.10-7/x64
2026-04-24T02:33:39.5123457Z   GRADLE_ACTION_ID: gradle/actions/setup-gradle
2026-04-24T02:33:39.5124080Z   GRADLE_USER_HOME: /home/runner/.gradle
2026-04-24T02:33:39.5124661Z   GRADLE_BUILD_ACTION_SETUP_COMPLETED: true
2026-04-24T02:33:39.5125271Z   GRADLE_BUILD_ACTION_CACHE_RESTORED: true
2026-04-24T02:33:39.5126049Z   DEVELOCITY_INJECTION_INIT_SCRIPT_NAME: gradle-actions.inject-develocity.init.gradle
2026-04-24T02:33:39.5126793Z   DEVELOCITY_INJECTION_CUSTOM_VALUE: gradle-actions
2026-04-24T02:33:39.5127169Z   GITHUB_DEPENDENCY_GRAPH_ENABLED: false
2026-04-24T02:33:39.5127510Z   FIREBASE_EMULATORS_PID: 2489
2026-04-24T02:33:39.5127808Z ##[endgroup]
2026-04-24T02:33:39.5242619Z KERNEL=="kvm", GROUP="kvm", MODE="0666", OPTIONS+="static_node=kvm"
2026-04-24T02:33:39.5655934Z ##[group]Run reactivecircus/android-emulator-runner@v2
2026-04-24T02:33:39.5656302Z with:
2026-04-24T02:33:39.5656537Z   api-level: 34
2026-04-24T02:33:39.5656791Z   target: google_apis
2026-04-24T02:33:39.5657047Z   arch: x86_64
2026-04-24T02:33:39.5657291Z   profile: pixel_6
2026-04-24T02:33:39.5658990Z   script: adb devices
adb shell settings put global window_animation_scale 0
adb shell settings put global transition_animation_scale 0
adb shell settings put global animator_duration_scale 0
# AVD already reaches the host emulators via 10.0.2.2 (hard-
# coded in PrismTaskApplication.configureFirebaseEmulator),
# so no `adb reverse` is needed. Confirm by pinging the
# emulator UI from inside the AVD.
adb shell "ping -c 1 10.0.2.2 || true"
./gradlew connectedDebugAndroidTest --no-daemon --continue

2026-04-24T02:33:39.5661125Z   cores: 2
2026-04-24T02:33:39.5661358Z   avd-name: test
2026-04-24T02:33:39.5661618Z   force-avd-creation: true
2026-04-24T02:33:39.5661949Z   emulator-boot-timeout: 600
2026-04-24T02:33:39.5662238Z   emulator-port: 5554
2026-04-24T02:33:39.5662688Z   emulator-options: -no-window -gpu swiftshader_indirect -no-snapshot -noaudio -no-boot-anim
2026-04-24T02:33:39.5663176Z   disable-animations: true
2026-04-24T02:33:39.5663470Z   disable-spellchecker: false
2026-04-24T02:33:39.5663766Z   disable-linux-hw-accel: auto
2026-04-24T02:33:39.5664055Z   enable-hw-keyboard: false
2026-04-24T02:33:39.5664335Z   channel: stable
2026-04-24T02:33:39.5664573Z env:
2026-04-24T02:33:39.5664813Z   USE_FIREBASE_EMULATOR: true
2026-04-24T02:33:39.5665213Z   JAVA_HOME: /opt/hostedtoolcache/Java_Temurin-Hotspot_jdk/21.0.10-7/x64
2026-04-24T02:33:39.5665733Z   JAVA_HOME_21_X64: /opt/hostedtoolcache/Java_Temurin-Hotspot_jdk/21.0.10-7/x64
2026-04-24T02:33:39.5666185Z   GRADLE_ACTION_ID: gradle/actions/setup-gradle
2026-04-24T02:33:39.5666528Z   GRADLE_USER_HOME: /home/runner/.gradle
2026-04-24T02:33:39.5666848Z   GRADLE_BUILD_ACTION_SETUP_COMPLETED: true
2026-04-24T02:33:39.5667197Z   GRADLE_BUILD_ACTION_CACHE_RESTORED: true
2026-04-24T02:33:39.5667674Z   DEVELOCITY_INJECTION_INIT_SCRIPT_NAME: gradle-actions.inject-develocity.init.gradle
2026-04-24T02:33:39.5668176Z   DEVELOCITY_INJECTION_CUSTOM_VALUE: gradle-actions
2026-04-24T02:33:39.5668532Z   GITHUB_DEPENDENCY_GRAPH_ENABLED: false
2026-04-24T02:33:39.5668849Z   FIREBASE_EMULATORS_PID: 2489
2026-04-24T02:33:39.5669127Z ##[endgroup]
2026-04-24T02:33:39.6250702Z ##[group]Configure emulator
2026-04-24T02:33:39.6252904Z API level: 34
2026-04-24T02:33:39.6253793Z System image API level: 34
2026-04-24T02:33:39.6254331Z target: google_apis
2026-04-24T02:33:39.6254817Z CPU architecture: x86_64
2026-04-24T02:33:39.6255326Z Hardware profile: pixel_6
2026-04-24T02:33:39.6255767Z Cores: 2
2026-04-24T02:33:39.6256124Z RAM size: 
2026-04-24T02:33:39.6256485Z Heap size: 
2026-04-24T02:33:39.6256904Z SD card path or size: 
2026-04-24T02:33:39.6262070Z Disk size: 
2026-04-24T02:33:39.6262477Z AVD name: test
2026-04-24T02:33:39.6262950Z force avd creation: true
2026-04-24T02:33:39.6263450Z Emulator boot timeout: 600
2026-04-24T02:33:39.6263926Z emulator port: 5554
2026-04-24T02:33:39.6264843Z emulator options: -no-window -gpu swiftshader_indirect -no-snapshot -noaudio -no-boot-anim
2026-04-24T02:33:39.6265692Z disable animations: true
2026-04-24T02:33:39.6266214Z disable spellchecker: false
2026-04-24T02:33:39.6266834Z disable Linux hardware acceleration: false
2026-04-24T02:33:39.6267440Z enable hardware keyboard: false
2026-04-24T02:33:39.6267921Z Channel: 0 (stable)
2026-04-24T02:33:39.6268340Z Script:
2026-04-24T02:33:39.6268902Z adb devices
2026-04-24T02:33:39.6269525Z adb shell settings put global window_animation_scale 0
2026-04-24T02:33:39.6270562Z adb shell settings put global transition_animation_scale 0
2026-04-24T02:33:39.6271338Z adb shell settings put global animator_duration_scale 0
2026-04-24T02:33:39.6271993Z adb shell "ping -c 1 10.0.2.2 || true"
2026-04-24T02:33:39.6272736Z ./gradlew connectedDebugAndroidTest --no-daemon --continue
2026-04-24T02:33:39.6273910Z Pre emulator launch script:
2026-04-24T02:33:39.6274657Z ##[endgroup]
2026-04-24T02:33:39.6275313Z ##[group]Install Android SDK
2026-04-24T02:33:39.6333818Z [command]/usr/bin/sh -c \yes | sdkmanager --licenses > /dev/null
2026-04-24T02:33:44.4156105Z Installing latest build tools, platform tools, and platform.
2026-04-24T02:33:44.4171064Z [command]/usr/bin/sh -c \sdkmanager --install 'build-tools;36.0.0' platform-tools 'platforms;android-34'> /dev/null
2026-04-24T02:33:45.8516995Z Installing latest emulator.
2026-04-24T02:33:45.8539501Z [command]/usr/bin/sh -c \sdkmanager --install emulator --channel=0 > /dev/null
2026-04-24T02:33:54.1507416Z Installing system images.
2026-04-24T02:33:54.1520894Z [command]/usr/bin/sh -c \sdkmanager --install 'system-images;android-34;google_apis;x86_64' --channel=0 > /dev/null
2026-04-24T02:34:22.3144848Z ##[endgroup]
2026-04-24T02:34:22.3146398Z ##[group]Create AVD
2026-04-24T02:34:22.3147283Z Creating AVD.
2026-04-24T02:34:22.3163287Z [command]/usr/bin/sh -c \echo no | avdmanager create avd --force -n test --package 'system-images;android-34;google_apis;x86_64' --device 'pixel_6'
2026-04-24T02:34:23.0367664Z Loading local repository...                                                     
2026-04-24T02:34:23.0369179Z [=========                              ] 25% Loading local repository...       
2026-04-24T02:34:23.0370452Z [=========                              ] 25% Fetch remote repository...        
2026-04-24T02:34:23.0378276Z [=======================================] 100% Fetch remote repository...       
2026-04-24T02:34:23.1052305Z Auto-selecting single ABI x86_64
2026-04-24T02:34:23.5023394Z [command]/usr/bin/sh -c \printf 'hw.cpu.ncore=2\n' >> /home/runner/.android/avd/test.avd/config.ini
2026-04-24T02:34:23.5047280Z ##[endgroup]
2026-04-24T02:34:23.5049421Z ##[group]Launch Emulator
2026-04-24T02:34:23.5049921Z Starting emulator.
2026-04-24T02:34:23.5064768Z [command]/usr/bin/sh -c \/usr/local/lib/android/sdk/emulator/emulator -port 5554 -avd test -no-window -gpu swiftshader_indirect -no-snapshot -noaudio -no-boot-anim &
2026-04-24T02:34:23.5209063Z INFO         | Android emulator version 36.5.11.0 (build_id 15261927) (CL:N/A)
2026-04-24T02:34:23.5209839Z INFO         | Graphics backend: gfxstream
2026-04-24T02:34:23.5210910Z INFO         | Found systemPath /usr/local/lib/android/sdk/system-images/android-34/google_apis/x86_64/
2026-04-24T02:34:23.8726597Z INFO         | Increasing RAM size to 2048MB
2026-04-24T02:34:23.8727410Z ##############################################################################
2026-04-24T02:34:23.8728179Z ##                        WARNING - ACTION REQUIRED                         ##
2026-04-24T02:34:23.8729065Z ##  Consider using the '-metrics-collection' flag to help improve the       ##
2026-04-24T02:34:23.8730266Z ##  emulator by sending anonymized usage data. Or use the '-no-metrics'     ##
2026-04-24T02:34:23.8731052Z ##  flag to bypass this warning and turn off the metrics collection.        ##
2026-04-24T02:34:23.8731646Z ##  In a future release this warning will turn into a one-time blocking     ##
2026-04-24T02:34:23.8732332Z ##  prompt to ask for explicit user input regarding metrics collection.     ##
2026-04-24T02:34:23.8732863Z ##                                                                          ##
2026-04-24T02:34:23.8733430Z ##  Please see '-help-metrics-collection' for more details. You can use     ##
2026-04-24T02:34:23.8734390Z ##  '-metrics-to-file' or '-metrics-to-console' flags to see what type of   ##
2026-04-24T02:34:23.8735236Z ##  data is being collected by emulator as part of usage statistics.        ##
2026-04-24T02:34:23.8736082Z ##############################################################################
2026-04-24T02:34:23.8736732Z INFO         | Guest GLES Driver: Auto (ext controls)
2026-04-24T02:34:23.8737675Z INFO         | emuglConfig_init: vulkan_mode_selected:swiftshader gles_mode_selected:swiftshader
2026-04-24T02:34:23.8738591Z INFO         | Checking system compatibility:
2026-04-24T02:34:23.8739648Z INFO         |   Checking: hasSufficientDiskSpace
2026-04-24T02:34:23.8740766Z INFO         |      Ok: Disk space requirements to run avd: `test` are met
2026-04-24T02:34:23.8741515Z INFO         |   Checking: hasSufficientHwGpu
2026-04-24T02:34:23.8742273Z INFO         |      Ok: Hardware GPU compatibility checks are not required
2026-04-24T02:34:23.8742968Z INFO         |   Checking: hasSufficientSystem
2026-04-24T02:34:23.8743717Z INFO         |      Ok: System requirements to run avd: `test` are met
2026-04-24T02:34:23.8744821Z ERROR        | Unable to connect to adb daemon on port: 5037
2026-04-24T02:34:23.8745985Z INFO         | Storing crashdata in: /tmp/android-runner/emu-crash-36.5.11.db, detection is enabled for process: 2899
2026-04-24T02:34:23.8747038Z INFO         | Initializing gfxstream backend
2026-04-24T02:34:23.8747735Z INFO         | android_startOpenglesRenderer: gpu info
2026-04-24T02:34:23.8748276Z INFO         | 
2026-04-24T02:34:23.8749041Z INFO         | initIcdPaths: ICD set to 'swiftshader', using Swiftshader ICD
2026-04-24T02:34:23.8750573Z INFO         | Setting ICD filenames for the loader = /usr/local/lib/android/sdk/emulator/lib64/vulkan/vk_swiftshader_icd.json
2026-04-24T02:34:23.8752162Z INFO         | SharedLibrary::open for [/usr/local/lib/android/sdk/emulator/qemu/linux-x86_64/lib64/vulkan/libvulkan.so]
2026-04-24T02:34:23.8753762Z INFO         | SharedLibrary::open for [/usr/local/lib/android/sdk/emulator/qemu/linux-x86_64/lib64/vulkan/libvulkan.so.1]
2026-04-24T02:34:23.8754918Z INFO         | SharedLibrary::open for [/usr/local/lib/android/sdk/emulator/lib64/vulkan/libvulkan.so]
2026-04-24T02:34:23.8755647Z INFO         | Added library: /usr/local/lib/android/sdk/emulator/lib64/vulkan/libvulkan.so
2026-04-24T02:34:23.8793759Z INFO         | Selecting Vulkan device: SwiftShader Device (Subzero), Version: 1.3.0
2026-04-24T02:34:23.8937333Z INFO         | SharedLibrary::open for [libX11]
2026-04-24T02:34:23.8938176Z WARNING      | Could not open libX11.so, try libX11.so.6
2026-04-24T02:34:23.8938897Z INFO         | SharedLibrary::open for [libX11.so.6]
2026-04-24T02:34:23.8939534Z INFO         | SharedLibrary::open for [libX11-xcb]
2026-04-24T02:34:23.8940146Z WARNING      | Could not open libX11-xcb.so, try libX11-xcb.so.1
2026-04-24T02:34:23.8940760Z INFO         | SharedLibrary::open for [libX11-xcb.so.1]
2026-04-24T02:34:23.8991460Z INFO         | Initializing VkEmulation features:
2026-04-24T02:34:23.8992679Z INFO         |     glInteropSupported: false
2026-04-24T02:34:23.9011200Z INFO         |     useDeferredCommands: true
2026-04-24T02:34:23.9011942Z INFO         |     createResourceWithRequirements: true
2026-04-24T02:34:23.9012624Z INFO         |     useVulkanComposition: false
2026-04-24T02:34:23.9013285Z INFO         |     useVulkanNativeSwapchain: false
2026-04-24T02:34:23.9013896Z INFO         |     enable guestRenderDoc: false
2026-04-24T02:34:23.9014500Z INFO         |     ASTC LDR emulation mode: Gpu
2026-04-24T02:34:23.9015093Z INFO         |     enable ETC2 emulation: true
2026-04-24T02:34:23.9015706Z INFO         |     enable Ycbcr emulation: false
2026-04-24T02:34:23.9016283Z INFO         |     guestVulkanOnly: false
2026-04-24T02:34:23.9016895Z INFO         |     useDedicatedAllocations: false
2026-04-24T02:34:23.9017540Z INFO         |     guestVulkanMaxApiVersion: 1.3.0
2026-04-24T02:34:23.9018286Z INFO         | Graphics Adapter Vendor Google (Google Inc.)
2026-04-24T02:34:23.9019224Z INFO         | Graphics Adapter Android Emulator OpenGL ES Translator (Google SwiftShader)
2026-04-24T02:34:23.9020442Z INFO         | Graphics API Version OpenGL ES 3.0 (OpenGL ES 3.0 SwiftShader 4.0.0.1)
2026-04-24T02:34:23.9025262Z INFO         | Graphics API Extensions GL_OES_EGL_sync GL_OES_EGL_image GL_OES_EGL_image_external GL_OES_depth24 GL_OES_depth32 GL_OES_element_index_uint GL_OES_texture_float GL_OES_texture_float_linear GL_OES_compressed_paletted_texture GL_OES_compressed_ETC1_RGB8_texture GL_OES_depth_texture GL_OES_texture_half_float GL_OES_texture_half_float_linear GL_OES_packed_depth_stencil GL_OES_vertex_half_float GL_OES_standard_derivatives GL_OES_texture_npot GL_OES_rgb8_rgba8 GL_EXT_color_buffer_float GL_EXT_color_buffer_half_float GL_EXT_texture_format_BGRA8888 GL_APPLE_texture_format_BGRA8888 
2026-04-24T02:34:23.9028749Z INFO         | Graphics Device Extensions N/A
2026-04-24T02:34:23.9029411Z INFO         | Disabling sparse binding feature support
2026-04-24T02:34:23.9074151Z INFO         | Sending adb public key [QAAAAN2mscWLnuZt7ta+14E98yQmsnN5sLBLSPfMaXnHuTOACMIQhgdXN7JoX2hsFMeO6r7kEs3fwSyBR65LYE8vM0yBlIT3bjHOsQdTqksw7M9NoMgqROn8Gb4dxXvxsuqfpymh4oD+DfiD9uaP2IyW4sTO+Y2fGnQRIcdNao4HPkOBKrdJKRDEa1JTyX5Nx1k/bg3N1NVtZ2eJeX9g/Ss3TTuCMb2CSSUn7AcPDkBcl6CKaTrZ/EHXCdOBbW9UHeWVUtnxNLeU3r3eXP1CUHknu9t+Eu1OwU6Q2ejtuOSQC/72jc8G11EBlL2H0GY+PfxUOp2b0MMrgX87moR6jzd+xeBln6Xtk4q5emPjPv4e2NM12RzkC3CPtxC1MITt0yhFIMWQKyFTJonUJwvBYmexKNLsO9cYNEYyqbUR05kUDggg4fC1aRke0sSS1bUV/Mx5+uEnxdiZrRNV7GB+ZxN5nuSiyX2xTNTT7yQIKVOff9d6Uwq4sR0+LAAwJ/YAhRtVDlXakDP3UIDxyCm7DBRF88M4XARHlTnb0aiIlNVtuH8mEQ88z8p1qd1SpuwEaCJdWhHviHoAFPYDoidQcIY98g5drMjiM4qTXOwFmbJVz+Q5g6llf+1ZKnVxDrIJSuwWKf2+a8eEBQW6iiL3os+86xk8jJQQXeCY0SynNgOtJXi9x6VNFgEAAQA= runner@unknown]
2026-04-24T02:34:23.9080975Z INFO         | Userspace boot properties:
2026-04-24T02:34:23.9081918Z INFO         |   androidboot.boot_devices=pci0000:00/0000:00:03.0 pci0000:00/0000:00:06.0
2026-04-24T02:34:23.9082786Z INFO         |   androidboot.dalvik.vm.heapsize=512m
2026-04-24T02:34:23.9083353Z INFO         |   androidboot.debug.hwui.renderer=skiagl
2026-04-24T02:34:23.9083823Z INFO         |   androidboot.debug.sf.nobootanimation=1
2026-04-24T02:34:23.9084258Z INFO         |   androidboot.hardware=ranchu
2026-04-24T02:34:23.9084686Z INFO         |   androidboot.hardware.gltransport=pipe
2026-04-24T02:34:23.9085123Z INFO         |   androidboot.hardware.vulkan=ranchu
2026-04-24T02:34:23.9085515Z INFO         |   androidboot.logcat=*:V
2026-04-24T02:34:23.9085926Z INFO         |   androidboot.opengles.version=196608
2026-04-24T02:34:23.9086349Z INFO         |   androidboot.qemu=1
2026-04-24T02:34:23.9091036Z INFO         |   androidboot.qemu.adb.pubkey=QAAAAN2mscWLnuZt7ta+14E98yQmsnN5sLBLSPfMaXnHuTOACMIQhgdXN7JoX2hsFMeO6r7kEs3fwSyBR65LYE8vM0yBlIT3bjHOsQdTqksw7M9NoMgqROn8Gb4dxXvxsuqfpymh4oD+DfiD9uaP2IyW4sTO+Y2fGnQRIcdNao4HPkOBKrdJKRDEa1JTyX5Nx1k/bg3N1NVtZ2eJeX9g/Ss3TTuCMb2CSSUn7AcPDkBcl6CKaTrZ/EHXCdOBbW9UHeWVUtnxNLeU3r3eXP1CUHknu9t+Eu1OwU6Q2ejtuOSQC/72jc8G11EBlL2H0GY+PfxUOp2b0MMrgX87moR6jzd+xeBln6Xtk4q5emPjPv4e2NM12RzkC3CPtxC1MITt0yhFIMWQKyFTJonUJwvBYmexKNLsO9cYNEYyqbUR05kUDggg4fC1aRke0sSS1bUV/Mx5+uEnxdiZrRNV7GB+ZxN5nuSiyX2xTNTT7yQIKVOff9d6Uwq4sR0+LAAwJ/YAhRtVDlXakDP3UIDxyCm7DBRF88M4XARHlTnb0aiIlNVtuH8mEQ88z8p1qd1SpuwEaCJdWhHviHoAFPYDoidQcIY98g5drMjiM4qTXOwFmbJVz+Q5g6llf+1ZKnVxDrIJSuwWKf2+a8eEBQW6iiL3os+86xk8jJQQXeCY0SynNgOtJXi9x6VNFgEAAQA= runner@unknown
2026-04-24T02:34:23.9094884Z INFO         |   androidboot.qemu.avd_name=test
2026-04-24T02:34:23.9095360Z INFO         |   androidboot.qemu.camera_hq_edge_processing=0
2026-04-24T02:34:23.9095836Z INFO         |   androidboot.qemu.camera_protocol_ver=1
2026-04-24T02:34:23.9096295Z INFO         |   androidboot.qemu.cpuvulkan.version=4202496
2026-04-24T02:34:23.9096811Z INFO         |   androidboot.qemu.gltransport.drawFlushInterval=800
2026-04-24T02:34:23.9097301Z INFO         |   androidboot.qemu.gltransport.name=pipe
2026-04-24T02:34:23.9097734Z INFO         |   androidboot.qemu.hwcodec.avcdec=2
2026-04-24T02:34:23.9098162Z INFO         |   androidboot.qemu.hwcodec.hevcdec=2
2026-04-24T02:34:23.9098596Z INFO         |   androidboot.qemu.hwcodec.vpxdec=2
2026-04-24T02:34:23.9099120Z INFO         |   androidboot.qemu.settings.system.screen_off_timeout=2147483647
2026-04-24T02:34:23.9099624Z INFO         |   androidboot.qemu.skin=1080x2400
2026-04-24T02:34:23.9100193Z INFO         |   androidboot.qemu.virtiowifi=1
2026-04-24T02:34:23.9100595Z INFO         |   androidboot.qemu.vsync=60
2026-04-24T02:34:23.9101008Z INFO         |   androidboot.serialno=EMULATOR36X5X11X0
2026-04-24T02:34:23.9101939Z INFO         |   androidboot.vbmeta.digest=451e57ed688ff746d2c636d52169ade253e2bc5bb30a5c3ff23679ca15d3bcd3
2026-04-24T02:34:23.9102576Z INFO         |   androidboot.vbmeta.hash_alg=sha256
2026-04-24T02:34:23.9102978Z INFO         |   androidboot.vbmeta.size=6656
2026-04-24T02:34:23.9103383Z INFO         |   androidboot.veritymode=enforcing
2026-04-24T02:34:23.9266395Z WARNING: cannnot unmap ptr 0x7f4b6aa01000 as it is in the protected range from 0x7f4aeaa00000 to 0x7f4b6ac00000
2026-04-24T02:34:23.9458940Z INFO         | Monitoring duration of emulator setup.
2026-04-24T02:34:26.9568472Z INFO         | Activated packet streamer for bluetooth emulation
2026-04-24T02:34:26.9590297Z INFO         | Successfully initialized netsim WiFi
2026-04-24T02:34:26.9646140Z INFO         | Setting display: 0 configuration to: 1080x2400, dpi: 420x420 
2026-04-24T02:34:26.9647252Z INFO         | setDisplayActiveConfig: id:0, 1080x2400
2026-04-24T02:34:26.9648548Z INFO         | emulatorSetupEnvironment: Setting up screen background view and display layout at env:1080x2400, lcd:1080x2400
2026-04-24T02:34:26.9649371Z INFO         | emulatorSetupEnvironment: Environment scene is not required
2026-04-24T02:34:26.9718573Z USER_INFO    | Emulator is performing a full startup. This may take upto two minutes, or more.
2026-04-24T02:34:26.9720407Z WARNING      | Failed to process .ini file /home/runner/.android/emu-update-last-check.ini for reading.
2026-04-24T02:34:27.3487833Z WARNING      | Failed to process .ini file /home/runner/.android/emu-update-last-check.ini for reading.
2026-04-24T02:34:33.5122022Z [command]/usr/local/lib/android/sdk/platform-tools/adb -s emulator-5554 shell getprop sys.boot_completed
2026-04-24T02:34:33.5167642Z * daemon not running; starting now at tcp:5037
2026-04-24T02:34:33.5198808Z * daemon started successfully
2026-04-24T02:34:33.5205004Z adb: device offline
2026-04-24T02:34:33.5210596Z The process '/usr/local/lib/android/sdk/platform-tools/adb' failed with exit code 1
2026-04-24T02:34:35.5262458Z [command]/usr/local/lib/android/sdk/platform-tools/adb -s emulator-5554 shell getprop sys.boot_completed
2026-04-24T02:34:35.5294890Z adb: device offline
2026-04-24T02:34:35.5311455Z The process '/usr/local/lib/android/sdk/platform-tools/adb' failed with exit code 1
2026-04-24T02:34:37.5334825Z [command]/usr/local/lib/android/sdk/platform-tools/adb -s emulator-5554 shell getprop sys.boot_completed
2026-04-24T02:34:37.5372559Z adb: device offline
2026-04-24T02:34:37.5379156Z The process '/usr/local/lib/android/sdk/platform-tools/adb' failed with exit code 1
2026-04-24T02:34:39.5442245Z [command]/usr/local/lib/android/sdk/platform-tools/adb -s emulator-5554 shell getprop sys.boot_completed
2026-04-24T02:34:39.6550548Z 
2026-04-24T02:34:41.6672202Z [command]/usr/local/lib/android/sdk/platform-tools/adb -s emulator-5554 shell getprop sys.boot_completed
2026-04-24T02:34:41.6913375Z 
2026-04-24T02:34:43.7009749Z [command]/usr/local/lib/android/sdk/platform-tools/adb -s emulator-5554 shell getprop sys.boot_completed
2026-04-24T02:34:43.7259852Z 
2026-04-24T02:34:45.7310686Z [command]/usr/local/lib/android/sdk/platform-tools/adb -s emulator-5554 shell getprop sys.boot_completed
2026-04-24T02:34:45.7526495Z 
2026-04-24T02:34:47.7581895Z [command]/usr/local/lib/android/sdk/platform-tools/adb -s emulator-5554 shell getprop sys.boot_completed
2026-04-24T02:34:47.7887031Z 
2026-04-24T02:34:49.7953814Z [command]/usr/local/lib/android/sdk/platform-tools/adb -s emulator-5554 shell getprop sys.boot_completed
2026-04-24T02:34:49.8273330Z 
2026-04-24T02:34:51.8330727Z [command]/usr/local/lib/android/sdk/platform-tools/adb -s emulator-5554 shell getprop sys.boot_completed
2026-04-24T02:34:51.8649133Z 
2026-04-24T02:34:53.8687419Z [command]/usr/local/lib/android/sdk/platform-tools/adb -s emulator-5554 shell getprop sys.boot_completed
2026-04-24T02:34:53.9048242Z 
2026-04-24T02:34:55.9095818Z [command]/usr/local/lib/android/sdk/platform-tools/adb -s emulator-5554 shell getprop sys.boot_completed
2026-04-24T02:34:55.9487459Z 
2026-04-24T02:34:57.9535632Z [command]/usr/local/lib/android/sdk/platform-tools/adb -s emulator-5554 shell getprop sys.boot_completed
2026-04-24T02:34:57.9927906Z 
2026-04-24T02:34:59.9985272Z [command]/usr/local/lib/android/sdk/platform-tools/adb -s emulator-5554 shell getprop sys.boot_completed
2026-04-24T02:35:00.0182747Z 
2026-04-24T02:35:02.0311858Z [command]/usr/local/lib/android/sdk/platform-tools/adb -s emulator-5554 shell getprop sys.boot_completed
2026-04-24T02:35:02.0822693Z 
2026-04-24T02:35:04.0876477Z [command]/usr/local/lib/android/sdk/platform-tools/adb -s emulator-5554 shell getprop sys.boot_completed
2026-04-24T02:35:04.1208524Z 
2026-04-24T02:35:04.6191288Z INFO         | Boot completed in 41065 ms
2026-04-24T02:35:04.6220878Z INFO         | Increasing screen off timeout, logcat buffer size to 2M.
2026-04-24T02:35:06.1257058Z [command]/usr/local/lib/android/sdk/platform-tools/adb -s emulator-5554 shell getprop sys.boot_completed
2026-04-24T02:35:06.1673780Z 1
2026-04-24T02:35:06.1684050Z Emulator booted.
2026-04-24T02:35:06.1706900Z [command]/usr/local/lib/android/sdk/platform-tools/adb -s emulator-5554 shell input keyevent 82
2026-04-24T02:35:11.4171440Z Disabling animations.
2026-04-24T02:35:11.4303086Z [command]/usr/local/lib/android/sdk/platform-tools/adb -s emulator-5554 shell settings put global window_animation_scale 0.0
2026-04-24T02:35:11.6007712Z [command]/usr/local/lib/android/sdk/platform-tools/adb -s emulator-5554 shell settings put global transition_animation_scale 0.0
2026-04-24T02:35:11.8327642Z [command]/usr/local/lib/android/sdk/platform-tools/adb -s emulator-5554 shell settings put global animator_duration_scale 0.0
2026-04-24T02:35:11.9334872Z ##[endgroup]
2026-04-24T02:35:11.9359464Z [command]/usr/bin/sh -c adb devices
2026-04-24T02:35:11.9428759Z List of devices attached
2026-04-24T02:35:11.9432661Z emulator-5554	device
2026-04-24T02:35:11.9440384Z 
2026-04-24T02:35:11.9468390Z [command]/usr/bin/sh -c adb shell settings put global window_animation_scale 0
2026-04-24T02:35:12.0921696Z [command]/usr/bin/sh -c adb shell settings put global transition_animation_scale 0
2026-04-24T02:35:12.2434973Z [command]/usr/bin/sh -c adb shell settings put global animator_duration_scale 0
2026-04-24T02:35:12.5898072Z [command]/usr/bin/sh -c adb shell "ping -c 1 10.0.2.2 || true"
2026-04-24T02:35:12.8164883Z connect: Network is unreachable
2026-04-24T02:35:12.8365045Z [command]/usr/bin/sh -c ./gradlew connectedDebugAndroidTest --no-daemon --continue
2026-04-24T02:35:14.1982893Z To honour the JVM settings for this build a single-use Daemon process will be forked. For more on this, please refer to https://docs.gradle.org/9.3.1/userguide/gradle_daemon.html#sec:disabling_the_daemon in the Gradle documentation.
2026-04-24T02:35:18.2943115Z Daemon will be stopped at the end of the build 
2026-04-24T02:35:19.2959227Z Configuration on demand is an incubating feature.
2026-04-24T02:35:29.0929443Z 
2026-04-24T02:35:29.1036223Z > Configure project :app
2026-04-24T02:35:29.1086533Z WARNING: The option setting 'android.builtInKotlin=false' is deprecated.
2026-04-24T02:35:29.1102853Z The current default is 'true'.
2026-04-24T02:35:29.1121202Z It will be removed in version 10.0 of the Android Gradle plugin.
2026-04-24T02:35:29.1154464Z WARNING: The option setting 'android.newDsl=false' is deprecated.
2026-04-24T02:35:29.1181029Z The current default is 'true'.
2026-04-24T02:35:29.1229194Z It will be removed in version 10.0 of the Android Gradle plugin.
2026-04-24T02:35:29.1241699Z WARNING: The option setting 'android.dependency.excludeLibraryComponentsFromConstraints=true' is deprecated.
2026-04-24T02:35:29.1251840Z The current default is 'false'.
2026-04-24T02:35:29.1261185Z It will be removed in version 10.0 of the Android Gradle plugin.
2026-04-24T02:35:29.1262291Z Following can be set instead to achieve a similar behaviour.
2026-04-24T02:35:29.1263242Z     android.dependency.useConstraints=false
2026-04-24T02:35:32.9928027Z w: ⚠️ Deprecated 'org.jetbrains.kotlin.android' plugin usage
2026-04-24T02:35:32.9960681Z The 'org.jetbrains.kotlin.android' plugin in project ':app' is no longer required for Kotlin support since AGP 9.0.
2026-04-24T02:35:32.9992422Z Solution: Remove both `android.builtInKotlin=true` and `android.newDsl=false` from `gradle.properties`, then migrate to built-in Kotlin.
2026-04-24T02:35:33.0022967Z See https://kotl.in/gradle/agp-built-in-kotlin for more details.
2026-04-24T02:35:33.0034784Z 
2026-04-24T02:35:36.0922996Z 
2026-04-24T02:35:36.0947127Z > Task :app:checkKotlinGradlePluginConfigurationErrors SKIPPED
2026-04-24T02:35:36.0948864Z > Task :app:preBuild UP-TO-DATE
2026-04-24T02:35:36.0949688Z > Task :app:preDebugBuild UP-TO-DATE
2026-04-24T02:35:36.1941630Z > Task :app:generateDebugBuildConfig FROM-CACHE
2026-04-24T02:35:36.1963645Z > Task :app:generateDebugResValues FROM-CACHE
2026-04-24T02:35:36.1980846Z > Task :app:generateDebugResources FROM-CACHE
2026-04-24T02:35:36.2923930Z > Task :app:injectCrashlyticsMappingFileIdDebug
2026-04-24T02:35:36.2928182Z > Task :app:processDebugGoogleServices FROM-CACHE
2026-04-24T02:35:36.3930247Z > Task :app:packageDebugResources FROM-CACHE
2026-04-24T02:35:37.5953691Z > Task :app:processDebugNavigationResources FROM-CACHE
2026-04-24T02:35:37.8960581Z > Task :app:parseDebugLocalResources FROM-CACHE
2026-04-24T02:35:37.8961572Z > Task :app:generateDebugRFile FROM-CACHE
2026-04-24T02:35:39.2947328Z > Task :app:kspDebugKotlin FROM-CACHE
2026-04-24T02:35:41.2951814Z > Task :app:compileDebugKotlin FROM-CACHE
2026-04-24T02:35:41.2953422Z > Task :app:javaPreCompileDebug FROM-CACHE
2026-04-24T02:35:43.5925084Z > Task :app:compileDebugJavaWithJavac FROM-CACHE
2026-04-24T02:35:43.5952332Z > Task :app:generateDebugAssets UP-TO-DATE
2026-04-24T02:35:43.7979536Z > Task :app:mergeDebugAssets
2026-04-24T02:35:43.8063623Z > Task :app:compressDebugAssets FROM-CACHE
2026-04-24T02:35:43.8091443Z > Task :app:desugarDebugFileDependencies FROM-CACHE
2026-04-24T02:35:43.8117373Z > Task :app:hiltSyncDebug UP-TO-DATE
2026-04-24T02:35:44.1925636Z > Task :app:hiltAggregateDepsDebug FROM-CACHE
2026-04-24T02:35:44.4942144Z > Task :app:hiltJavaCompileDebug FROM-CACHE
2026-04-24T02:35:44.5951680Z > Task :app:mapDebugSourceSetPaths
2026-04-24T02:35:44.6954602Z > Task :app:compileDebugNavigationResources FROM-CACHE
2026-04-24T02:35:44.7941358Z > Task :app:checkDebugAarMetadata
2026-04-24T02:35:44.9961357Z > Task :app:mergeDebugResources FROM-CACHE
2026-04-24T02:35:45.0946025Z > Task :app:createDebugCompatibleScreenManifests
2026-04-24T02:35:45.1001667Z > Task :app:extractDeepLinksDebug FROM-CACHE
2026-04-24T02:35:45.2935542Z > Task :app:processDebugMainManifest FROM-CACHE
2026-04-24T02:35:45.2971986Z > Task :app:processDebugManifest FROM-CACHE
2026-04-24T02:35:45.3029095Z > Task :app:processDebugManifestForPackage FROM-CACHE
2026-04-24T02:35:45.8938283Z > Task :app:processDebugResources FROM-CACHE
2026-04-24T02:35:47.1055607Z > Task :app:transformDebugClassesWithAsm FROM-CACHE
2026-04-24T02:35:48.6958148Z > Task :app:dexBuilderDebug FROM-CACHE
2026-04-24T02:35:49.0929376Z > Task :app:mergeDebugGlobalSynthetics FROM-CACHE
2026-04-24T02:35:49.2942234Z > Task :app:processDebugJavaRes
2026-04-24T02:35:49.6994087Z > Task :app:mergeDebugJniLibFolders
2026-04-24T02:35:49.9956536Z > Task :app:checkDebugDuplicateClasses
2026-04-24T02:35:50.1943571Z > Task :app:mergeDebugNativeLibs
2026-04-24T02:35:51.2960148Z > Task :app:mergeExtDexDebug FROM-CACHE
2026-04-24T02:35:51.3009623Z > Task :app:mergeLibDexDebug FROM-CACHE
2026-04-24T02:35:51.5964321Z > Task :app:mergeProjectDexDebug FROM-CACHE
2026-04-24T02:35:51.6942257Z > Task :app:validateSigningDebug
2026-04-24T02:35:51.6963018Z > Task :app:writeDebugAppMetadata
2026-04-24T02:35:51.7931796Z > Task :app:writeDebugSigningConfigVersions
2026-04-24T02:35:51.8939331Z > Task :app:preDebugAndroidTestBuild SKIPPED
2026-04-24T02:35:52.0953720Z > Task :app:stripDebugDebugSymbols
2026-04-24T02:35:52.5943285Z > Task :app:processDebugAndroidTestManifest
2026-04-24T02:35:52.5982100Z > Task :app:generateDebugAndroidTestBuildConfig FROM-CACHE
2026-04-24T02:35:52.6973052Z > Task :app:generateDebugAndroidTestResValues FROM-CACHE
2026-04-24T02:35:52.7001076Z > Task :app:generateDebugAndroidTestResources FROM-CACHE
2026-04-24T02:35:52.7052796Z > Task :app:packageDebugAndroidTestResources FROM-CACHE
2026-04-24T02:35:52.7121158Z > Task :app:processDebugAndroidTestNavigationResources FROM-CACHE
2026-04-24T02:35:52.7169779Z > Task :app:parseDebugAndroidTestLocalResources FROM-CACHE
2026-04-24T02:35:52.7198216Z > Task :app:generateDebugAndroidTestRFile FROM-CACHE
2026-04-24T02:35:52.7233657Z > Task :app:javaPreCompileDebugAndroidTest FROM-CACHE
2026-04-24T02:35:52.7281533Z > Task :app:generateDebugAndroidTestAssets UP-TO-DATE
2026-04-24T02:35:52.7981485Z > Task :app:mergeDebugAndroidTestAssets
2026-04-24T02:35:52.8008021Z > Task :app:compressDebugAndroidTestAssets FROM-CACHE
2026-04-24T02:35:52.8061311Z > Task :app:desugarDebugAndroidTestFileDependencies FROM-CACHE
2026-04-24T02:35:52.8938922Z > Task :app:checkDebugAndroidTestAarMetadata
2026-04-24T02:35:52.8971235Z > Task :app:mapDebugAndroidTestSourceSetPaths
2026-04-24T02:35:52.8994060Z > Task :app:compileDebugAndroidTestNavigationResources FROM-CACHE
2026-04-24T02:35:52.9936750Z > Task :app:bundleDebugClassesToCompileJar
2026-04-24T02:35:53.0971831Z > Task :app:mergeDebugAndroidTestResources FROM-CACHE
2026-04-24T02:35:53.4922194Z > Task :app:mergeDebugJavaResource
2026-04-24T02:35:54.4922079Z > Task :app:processDebugAndroidTestResources FROM-CACHE
2026-04-24T02:35:54.5928640Z > Task :app:mergeDebugAndroidTestJniLibFolders
2026-04-24T02:35:54.6967578Z > Task :app:checkDebugAndroidTestDuplicateClasses
2026-04-24T02:35:54.8931579Z > Task :app:mergeDebugAndroidTestNativeLibs
2026-04-24T02:35:55.2931381Z > Task :app:mergeExtDexDebugAndroidTest FROM-CACHE
2026-04-24T02:35:55.3039031Z > Task :app:mergeLibDexDebugAndroidTest FROM-CACHE
2026-04-24T02:35:55.3079605Z > Task :app:validateSigningDebugAndroidTest
2026-04-24T02:35:55.3932299Z > Task :app:writeDebugAndroidTestSigningConfigVersions
2026-04-24T02:35:55.3933362Z > Task :app:stripDebugAndroidTestDebugSymbols
2026-04-24T02:35:57.3931359Z > Task :app:packageDebug
2026-04-24T02:35:57.3932672Z > Task :app:createDebugApkListingFileRedirect
2026-04-24T02:36:10.8937390Z > Task :app:kspDebugAndroidTestKotlin
2026-04-24T02:36:34.2990701Z 
2026-04-24T02:36:34.3021334Z > Task :app:compileDebugAndroidTestKotlin FAILED
2026-04-24T02:36:34.3047131Z e: file:///home/runner/work/prismTask/prismTask/app/src/androidTest/java/com/averycorp/prismtask/sync/SyncTestHarness.kt:275:1 Syntax error: Unclosed comment.
2026-04-24T02:36:34.3092563Z e: file:///home/runner/work/prismTask/prismTask/app/src/androidTest/java/com/averycorp/prismtask/sync/SyncTestHarnessSmokeTest.kt:39:35 Unresolved reference 'SyncTestHarness'.
2026-04-24T02:36:34.3125733Z e: file:///home/runner/work/prismTask/prismTask/app/src/androidTest/java/com/averycorp/prismtask/sync/SyncTestHarnessSmokeTest.kt:49:19 Unresolved reference 'SyncTestHarness'.
2026-04-24T02:36:34.3182761Z e: file:///home/runner/work/prismTask/prismTask/app/src/androidTest/java/com/averycorp/prismtask/sync/SyncTestHarnessSmokeTest.kt:50:9 Cannot infer type for type parameter 'T'. Specify it explicitly.
2026-04-24T02:36:34.3231475Z e: file:///home/runner/work/prismTask/prismTask/app/src/androidTest/java/com/averycorp/prismtask/sync/SyncTestHarnessSmokeTest.kt:51:21 Unresolved reference 'signInBothDevicesAsSharedUser'.
2026-04-24T02:36:34.3264325Z e: file:///home/runner/work/prismTask/prismTask/app/src/androidTest/java/com/averycorp/prismtask/sync/SyncTestHarnessSmokeTest.kt:54:21 Unresolved reference 'cleanupFirestoreUser'.
2026-04-24T02:36:34.3273874Z e: file:///home/runner/work/prismTask/prismTask/app/src/androidTest/java/com/averycorp/prismtask/sync/SyncTestHarnessSmokeTest.kt:61:13 Cannot infer type for type parameter 'T'. Specify it explicitly.
2026-04-24T02:36:34.3278287Z e: file:///home/runner/work/prismTask/prismTask/app/src/androidTest/java/com/averycorp/prismtask/sync/SyncTestHarnessSmokeTest.kt:62:17 Cannot infer type for type parameter 'R'. Specify it explicitly.
2026-04-24T02:36:34.3282829Z e: file:///home/runner/work/prismTask/prismTask/app/src/androidTest/java/com/averycorp/prismtask/sync/SyncTestHarnessSmokeTest.kt:62:39 Unresolved reference 'cleanupFirestoreUser'.
2026-04-24T02:36:34.3286635Z e: file:///home/runner/work/prismTask/prismTask/app/src/androidTest/java/com/averycorp/prismtask/sync/SyncTestHarnessSmokeTest.kt:64:21 Unresolved reference 'signOutBothDevices'.
2026-04-24T02:36:34.3290276Z e: file:///home/runner/work/prismTask/prismTask/app/src/androidTest/java/com/averycorp/prismtask/sync/SyncTestHarnessSmokeTest.kt:69:49 Cannot infer type for type parameter 'T'. Specify it explicitly.
2026-04-24T02:36:34.3334686Z e: file:///home/runner/work/prismTask/prismTask/app/src/androidTest/java/com/averycorp/prismtask/sync/SyncTestHarnessSmokeTest.kt:70:9 Cannot infer type for type parameter 'T'. Specify it explicitly.
2026-04-24T02:36:34.3343456Z e: file:///home/runner/work/prismTask/prismTask/app/src/androidTest/java/com/averycorp/prismtask/sync/SyncTestHarnessSmokeTest.kt:72:32 Unresolved reference 'deviceAAuth'.
2026-04-24T02:36:34.3361234Z e: file:///home/runner/work/prismTask/prismTask/app/src/androidTest/java/com/averycorp/prismtask/sync/SyncTestHarnessSmokeTest.kt:73:32 Unresolved reference 'deviceBAuth'.
2026-04-24T02:36:34.3365084Z e: file:///home/runner/work/prismTask/prismTask/app/src/androidTest/java/com/averycorp/prismtask/sync/SyncTestHarnessSmokeTest.kt:77:86 Unresolved reference 'userId'.
2026-04-24T02:36:34.3368917Z e: file:///home/runner/work/prismTask/prismTask/app/src/androidTest/java/com/averycorp/prismtask/sync/SyncTestHarnessSmokeTest.kt:85:21 Unresolved reference 'writeAsDeviceB'.
2026-04-24T02:36:34.3371749Z e: file:///home/runner/work/prismTask/prismTask/app/src/androidTest/java/com/averycorp/prismtask/sync/SyncTestHarnessSmokeTest.kt:95:32 Unresolved reference 'firestoreDoc'.
2026-04-24T02:36:34.3377197Z e: file:///home/runner/work/prismTask/prismTask/app/src/androidTest/java/com/averycorp/prismtask/sync/SyncTestHarnessSmokeTest.kt:105:21 Unresolved reference 'setDeviceAOffline'.
2026-04-24T02:36:34.3405031Z e: file:///home/runner/work/prismTask/prismTask/app/src/androidTest/java/com/averycorp/prismtask/sync/SyncTestHarnessSmokeTest.kt:108:25 Unresolved reference 'writeAsDeviceB'.
2026-04-24T02:36:34.3417431Z e: file:///home/runner/work/prismTask/prismTask/app/src/androidTest/java/com/averycorp/prismtask/sync/SyncTestHarnessSmokeTest.kt:117:36 Unresolved reference 'deviceBFirestore'.
2026-04-24T02:36:34.3420959Z e: file:///home/runner/work/prismTask/prismTask/app/src/androidTest/java/com/averycorp/prismtask/sync/SyncTestHarnessSmokeTest.kt:119:39 Unresolved reference 'userId'.
2026-04-24T02:36:34.3424690Z e: file:///home/runner/work/prismTask/prismTask/app/src/androidTest/java/com/averycorp/prismtask/sync/SyncTestHarnessSmokeTest.kt:123:22 None of the following candidates is applicable:
2026-04-24T02:36:34.3426146Z 
2026-04-24T02:36:34.3426622Z suspend fun <T> Task<T>.await(): T:
2026-04-24T02:36:34.3427950Z   Unresolved reference. None of the following candidates is applicable because of a receiver type mismatch:
2026-04-24T02:36:34.3429072Z suspend fun <T> Task<T>.await(): T
2026-04-24T02:36:34.3429551Z 
2026-04-24T02:36:34.3430471Z suspend fun <T> Task<T>.await(cancellationTokenSource: CancellationTokenSource): T:
2026-04-24T02:36:34.3432767Z   Unresolved reference. None of the following candidates is applicable because of a receiver type mismatch:
2026-04-24T02:36:34.3434483Z suspend fun <T> Task<T>.await(cancellationTokenSource: CancellationTokenSource): T
2026-04-24T02:36:34.3438173Z e: file:///home/runner/work/prismTask/prismTask/app/src/androidTest/java/com/averycorp/prismtask/sync/SyncTestHarnessSmokeTest.kt:124:79 Unresolved reference 'exists'.
2026-04-24T02:36:34.3441889Z e: file:///home/runner/work/prismTask/prismTask/app/src/androidTest/java/com/averycorp/prismtask/sync/SyncTestHarnessSmokeTest.kt:125:62 Unresolved reference 'getString'.
2026-04-24T02:36:34.3445741Z e: file:///home/runner/work/prismTask/prismTask/app/src/androidTest/java/com/averycorp/prismtask/sync/SyncTestHarnessSmokeTest.kt:127:25 Unresolved reference 'setDeviceAOnline'.
2026-04-24T02:36:34.3449141Z e: file:///home/runner/work/prismTask/prismTask/app/src/androidTest/java/com/averycorp/prismtask/sync/SyncTestHarnessSmokeTest.kt:137:21 Unresolved reference 'waitFor'.
2026-04-24T02:36:34.3452749Z e: file:///home/runner/work/prismTask/prismTask/app/src/androidTest/java/com/averycorp/prismtask/sync/SyncTestHarnessSmokeTest.kt:159:25 Unresolved reference 'waitFor'.
2026-04-24T02:36:34.3456050Z e: file:///home/runner/work/prismTask/prismTask/app/src/androidTest/java/com/averycorp/prismtask/sync/SyncTestHarnessSmokeTest.kt:178:21 Unresolved reference 'writeAsDeviceB'.
2026-04-24T02:36:34.3458664Z e: file:///home/runner/work/prismTask/prismTask/app/src/androidTest/java/com/averycorp/prismtask/sync/SyncTestHarnessSmokeTest.kt:179:21 Unresolved reference 'writeAsDeviceB'.
2026-04-24T02:36:34.3461438Z e: file:///home/runner/work/prismTask/prismTask/app/src/androidTest/java/com/averycorp/prismtask/sync/SyncTestHarnessSmokeTest.kt:180:21 Unresolved reference 'writeAsDeviceB'.
2026-04-24T02:36:34.3466120Z e: file:///home/runner/work/prismTask/prismTask/app/src/androidTest/java/com/averycorp/prismtask/sync/SyncTestHarnessSmokeTest.kt:181:37 Unresolved reference 'firestoreCount'.
2026-04-24T02:36:34.3468973Z e: file:///home/runner/work/prismTask/prismTask/app/src/androidTest/java/com/averycorp/prismtask/sync/SyncTestHarnessSmokeTest.kt:182:37 Unresolved reference 'firestoreCount'.
2026-04-24T02:36:34.3471901Z e: file:///home/runner/work/prismTask/prismTask/app/src/androidTest/java/com/averycorp/prismtask/sync/SyncTestHarnessSmokeTest.kt:184:21 Unresolved reference 'cleanupFirestoreUser'.
2026-04-24T02:36:34.3474629Z e: file:///home/runner/work/prismTask/prismTask/app/src/androidTest/java/com/averycorp/prismtask/sync/SyncTestHarnessSmokeTest.kt:186:37 Unresolved reference 'firestoreCount'.
2026-04-24T02:36:34.3477520Z e: file:///home/runner/work/prismTask/prismTask/app/src/androidTest/java/com/averycorp/prismtask/sync/SyncTestHarnessSmokeTest.kt:187:37 Unresolved reference 'firestoreCount'.
2026-04-24T02:36:34.3928453Z gradle/actions: Writing build results to /home/runner/work/_temp/.gradle-actions/build-results/__reactivecircus_android-emulator-runner-1776998122173.json
2026-04-24T02:36:34.3931234Z 
2026-04-24T02:36:34.3932459Z [Incubating] Problems report is available at: file:///home/runner/work/prismTask/prismTask/build/reports/problems/problems-report.html
2026-04-24T02:36:34.4943094Z 
2026-04-24T02:36:34.4971215Z FAILURE: Build failed with an exception.
2026-04-24T02:36:34.4981172Z 
2026-04-24T02:36:34.4981821Z * What went wrong:
2026-04-24T02:36:34.4982798Z Execution failed for task ':app:compileDebugAndroidTestKotlin'.
2026-04-24T02:36:34.4984353Z > A failure occurred while executing org.jetbrains.kotlin.compilerRunner.btapi.BuildToolsApiCompilationWork
2026-04-24T02:36:34.4985624Z    > Compilation error. See log for more details
2026-04-24T02:36:34.4986189Z 
2026-04-24T02:36:34.4986526Z * Try:
2026-04-24T02:36:34.4987281Z > Run with --stacktrace option to get the stack trace.
2026-04-24T02:36:34.4988207Z > Run with --info or --debug option to get more log output.
2026-04-24T02:36:34.4989256Z > Run with --scan to get full insights from a Build Scan (powered by Develocity).
2026-04-24T02:36:34.4990382Z > Get more help at https://help.gradle.org.
2026-04-24T02:36:34.4990914Z 
2026-04-24T02:36:34.4991260Z BUILD FAILED in 1m 21s
2026-04-24T02:36:34.4991663Z 
2026-04-24T02:36:34.4992436Z Deprecated Gradle features were used in this build, making it incompatible with Gradle 10.
2026-04-24T02:36:34.4993158Z 
2026-04-24T02:36:34.4994113Z You can use '--warning-mode all' to show the individual deprecation warnings and determine if they come from your own scripts or plugins.
2026-04-24T02:36:34.4994989Z 
2026-04-24T02:36:34.4996075Z For more on this, please refer to https://docs.gradle.org/9.3.1/userguide/command_line_interface.html#sec:command_line_warnings in the Gradle documentation.
2026-04-24T02:36:34.4997827Z 73 actionable tasks: 29 executed, 44 from cache
2026-04-24T02:36:35.0277100Z ##[error]The process '/usr/bin/sh' failed with exit code 1
2026-04-24T02:36:35.0288740Z ##[group]Terminate Emulator
2026-04-24T02:36:35.0290911Z [command]/usr/local/lib/android/sdk/platform-tools/adb -s emulator-5554 emu kill
2026-04-24T02:36:35.0337140Z OK: killing emulator, bye bye
2026-04-24T02:36:35.0354698Z OK
2026-04-24T02:36:35.0361003Z INFO         | Wait for emulator (pid 2899) 20 seconds to shutdown gracefully before kill;you can set environment variable ANDROID_EMULATOR_WAIT_TIME_BEFORE_KILL(in seconds) to change the default value (20 seconds)
2026-04-24T02:36:35.0362587Z 
2026-04-24T02:36:35.0363201Z ##[endgroup]
2026-04-24T02:36:35.0447470Z USER_INFO    | Snapshots have been disabled by the user, save request is ignored.
2026-04-24T02:36:35.0454701Z INFO         | Saving snapshot 'default_boot' using 0 ms
2026-04-24T02:36:35.9967854Z ERROR        | stop: Not implemented
2026-04-24T02:36:35.9968881Z WARNING      | Emulator client has not yet been configured.. Call configure me first!
2026-04-24T02:36:36.0590915Z WARNING      | Netsim Wifi localhost:39817 is gone due to CANCELLED
2026-04-24T02:36:36.8219526Z ##[group]Run if [ -n "${FIREBASE_EMULATORS_PID:-}" ]; then
2026-04-24T02:36:36.8220204Z [36;1mif [ -n "${FIREBASE_EMULATORS_PID:-}" ]; then[0m
2026-04-24T02:36:36.8220638Z [36;1m  kill "$FIREBASE_EMULATORS_PID" || true[0m
2026-04-24T02:36:36.8221032Z [36;1m  wait "$FIREBASE_EMULATORS_PID" 2>/dev/null || true[0m
2026-04-24T02:36:36.8221409Z [36;1mfi[0m
2026-04-24T02:36:36.8381844Z shell: /usr/bin/bash -e {0}
2026-04-24T02:36:36.8382163Z env:
2026-04-24T02:36:36.8382410Z   USE_FIREBASE_EMULATOR: true
2026-04-24T02:36:36.8382828Z   JAVA_HOME: /opt/hostedtoolcache/Java_Temurin-Hotspot_jdk/21.0.10-7/x64
2026-04-24T02:36:36.8383354Z   JAVA_HOME_21_X64: /opt/hostedtoolcache/Java_Temurin-Hotspot_jdk/21.0.10-7/x64
2026-04-24T02:36:36.8383806Z   GRADLE_ACTION_ID: gradle/actions/setup-gradle
2026-04-24T02:36:36.8384145Z   GRADLE_USER_HOME: /home/runner/.gradle
2026-04-24T02:36:36.8384471Z   GRADLE_BUILD_ACTION_SETUP_COMPLETED: true
2026-04-24T02:36:36.8384867Z   GRADLE_BUILD_ACTION_CACHE_RESTORED: true
2026-04-24T02:36:36.8385345Z   DEVELOCITY_INJECTION_INIT_SCRIPT_NAME: gradle-actions.inject-develocity.init.gradle
2026-04-24T02:36:36.8385859Z   DEVELOCITY_INJECTION_CUSTOM_VALUE: gradle-actions
2026-04-24T02:36:36.8386218Z   GITHUB_DEPENDENCY_GRAPH_ENABLED: false
2026-04-24T02:36:36.8386535Z   FIREBASE_EMULATORS_PID: 2489
2026-04-24T02:36:36.8386858Z   ANDROID_AVD_HOME: /home/runner/.android/avd
2026-04-24T02:36:36.8387176Z ##[endgroup]
2026-04-24T02:36:36.8528139Z ##[group]Run actions/upload-artifact@v4
2026-04-24T02:36:36.8528661Z with:
2026-04-24T02:36:36.8529074Z   name: firebase-emulator-log
2026-04-24T02:36:36.8529601Z   path: /home/runner/work/_temp/firebase-emulators.log
2026-04-24T02:36:36.8530329Z   retention-days: 7
2026-04-24T02:36:36.8530717Z   if-no-files-found: ignore
2026-04-24T02:36:36.8531146Z   compression-level: 6
2026-04-24T02:36:36.8531537Z   overwrite: false
2026-04-24T02:36:36.8531957Z   include-hidden-files: false
2026-04-24T02:36:36.8532390Z env:
2026-04-24T02:36:36.8532821Z   USE_FIREBASE_EMULATOR: true
2026-04-24T02:36:36.8533443Z   JAVA_HOME: /opt/hostedtoolcache/Java_Temurin-Hotspot_jdk/21.0.10-7/x64
2026-04-24T02:36:36.8534271Z   JAVA_HOME_21_X64: /opt/hostedtoolcache/Java_Temurin-Hotspot_jdk/21.0.10-7/x64
2026-04-24T02:36:36.8535005Z   GRADLE_ACTION_ID: gradle/actions/setup-gradle
2026-04-24T02:36:36.8535536Z   GRADLE_USER_HOME: /home/runner/.gradle
2026-04-24T02:36:36.8536068Z   GRADLE_BUILD_ACTION_SETUP_COMPLETED: true
2026-04-24T02:36:36.8536604Z   GRADLE_BUILD_ACTION_CACHE_RESTORED: true
2026-04-24T02:36:36.8537382Z   DEVELOCITY_INJECTION_INIT_SCRIPT_NAME: gradle-actions.inject-develocity.init.gradle
2026-04-24T02:36:36.8538263Z   DEVELOCITY_INJECTION_CUSTOM_VALUE: gradle-actions
2026-04-24T02:36:36.8538809Z   GITHUB_DEPENDENCY_GRAPH_ENABLED: false
2026-04-24T02:36:36.8539358Z   FIREBASE_EMULATORS_PID: 2489
2026-04-24T02:36:36.8539857Z   ANDROID_AVD_HOME: /home/runner/.android/avd
2026-04-24T02:36:36.8540593Z ##[endgroup]
2026-04-24T02:36:37.0967428Z With the provided path, there will be 1 file uploaded
2026-04-24T02:36:37.0972396Z Artifact name is valid!
2026-04-24T02:36:37.0973650Z Root directory input is valid!
2026-04-24T02:36:37.3356048Z Beginning upload of artifact content to blob storage
2026-04-24T02:36:37.5941307Z Uploaded bytes 1051
2026-04-24T02:36:37.6690415Z Finished uploading artifact content to blob storage!
2026-04-24T02:36:37.6692414Z SHA256 digest of uploaded artifact zip is 290a6fdb479efd349eabfd74113aa0c8f57c9a2795707397b5a552f0e1390b71
2026-04-24T02:36:37.6694263Z Finalizing artifact upload
2026-04-24T02:36:37.8282171Z Artifact firebase-emulator-log.zip successfully finalized. Artifact ID 6616166589
2026-04-24T02:36:37.8283502Z Artifact firebase-emulator-log has been successfully uploaded! Final size is 1051 bytes. Artifact ID is 6616166589
2026-04-24T02:36:37.8290893Z Artifact download URL: https://github.com/akarlin3/prismTask/actions/runs/24869235062/artifacts/6616166589
2026-04-24T02:36:37.8419675Z ##[group]Run actions/upload-artifact@v4
2026-04-24T02:36:37.8420255Z with:
2026-04-24T02:36:37.8420515Z   name: connected-test-results
2026-04-24T02:36:37.8420960Z   path: app/build/reports/androidTests/
app/build/outputs/androidTest-results/

2026-04-24T02:36:37.8421414Z   retention-days: 7
2026-04-24T02:36:37.8421680Z   if-no-files-found: ignore
2026-04-24T02:36:37.8421989Z   compression-level: 6
2026-04-24T02:36:37.8422259Z   overwrite: false
2026-04-24T02:36:37.8422525Z   include-hidden-files: false
2026-04-24T02:36:37.8422817Z env:
2026-04-24T02:36:37.8423058Z   USE_FIREBASE_EMULATOR: true
2026-04-24T02:36:37.8423467Z   JAVA_HOME: /opt/hostedtoolcache/Java_Temurin-Hotspot_jdk/21.0.10-7/x64
2026-04-24T02:36:37.8423999Z   JAVA_HOME_21_X64: /opt/hostedtoolcache/Java_Temurin-Hotspot_jdk/21.0.10-7/x64
2026-04-24T02:36:37.8424461Z   GRADLE_ACTION_ID: gradle/actions/setup-gradle
2026-04-24T02:36:37.8424802Z   GRADLE_USER_HOME: /home/runner/.gradle
2026-04-24T02:36:37.8425167Z   GRADLE_BUILD_ACTION_SETUP_COMPLETED: true
2026-04-24T02:36:37.8425521Z   GRADLE_BUILD_ACTION_CACHE_RESTORED: true
2026-04-24T02:36:37.8426006Z   DEVELOCITY_INJECTION_INIT_SCRIPT_NAME: gradle-actions.inject-develocity.init.gradle
2026-04-24T02:36:37.8426525Z   DEVELOCITY_INJECTION_CUSTOM_VALUE: gradle-actions
2026-04-24T02:36:37.8426894Z   GITHUB_DEPENDENCY_GRAPH_ENABLED: false
2026-04-24T02:36:37.8427230Z   FIREBASE_EMULATORS_PID: 2489
2026-04-24T02:36:37.8427562Z   ANDROID_AVD_HOME: /home/runner/.android/avd
2026-04-24T02:36:37.8427890Z ##[endgroup]
2026-04-24T02:36:38.0597326Z Multiple search paths detected. Calculating the least common ancestor of all paths
2026-04-24T02:36:38.0598905Z The least common ancestor is /home/runner/work/prismTask/prismTask/app/build. This will be the root directory of the artifact
2026-04-24T02:36:38.0599743Z No files were found with the provided path: app/build/reports/androidTests/
2026-04-24T02:36:38.0600650Z app/build/outputs/androidTest-results/. No artifacts will be uploaded.
2026-04-24T02:36:38.0726693Z Post job cleanup.
2026-04-24T02:36:38.0822407Z Post job cleanup.
2026-04-24T02:36:38.4031307Z In post-action step
2026-04-24T02:36:38.4040513Z Cache is read-only: will not save state for use in subsequent builds.
2026-04-24T02:36:38.4046944Z Generating Job Summary
2026-04-24T02:36:38.4072976Z Completed post-action step
2026-04-24T02:36:38.4253487Z Post job cleanup.
2026-04-24T02:36:38.6084951Z Post job cleanup.
2026-04-24T02:36:38.7093976Z [command]/usr/bin/git version
2026-04-24T02:36:38.7147073Z git version 2.53.0
2026-04-24T02:36:38.7191254Z Temporarily overriding HOME='/home/runner/work/_temp/c0fd94b3-17a1-46b7-b443-87cba821f8bf' before making global git config changes
2026-04-24T02:36:38.7192780Z Adding repository directory to the temporary git global config as a safe directory
2026-04-24T02:36:38.7198153Z [command]/usr/bin/git config --global --add safe.directory /home/runner/work/prismTask/prismTask
2026-04-24T02:36:38.7239036Z [command]/usr/bin/git config --local --name-only --get-regexp core\.sshCommand
2026-04-24T02:36:38.7274916Z [command]/usr/bin/git submodule foreach --recursive sh -c "git config --local --name-only --get-regexp 'core\.sshCommand' && git config --local --unset-all 'core.sshCommand' || :"
2026-04-24T02:36:38.7554545Z [command]/usr/bin/git config --local --name-only --get-regexp http\.https\:\/\/github\.com\/\.extraheader
2026-04-24T02:36:38.7580761Z http.https://github.com/.extraheader
2026-04-24T02:36:38.7594458Z [command]/usr/bin/git config --local --unset-all http.https://github.com/.extraheader
2026-04-24T02:36:38.7628258Z [command]/usr/bin/git submodule foreach --recursive sh -c "git config --local --name-only --get-regexp 'http\.https\:\/\/github\.com\/\.extraheader' && git config --local --unset-all 'http.https://github.com/.extraheader' || :"
2026-04-24T02:36:38.7873505Z [command]/usr/bin/git config --local --name-only --get-regexp ^includeIf\.gitdir:
2026-04-24T02:36:38.7908839Z [command]/usr/bin/git submodule foreach --recursive git config --local --show-origin --name-only --get-regexp remote.origin.url
2026-04-24T02:36:38.8277585Z Cleaning up orphan processes
2026-04-24T02:36:38.8647055Z Terminate orphan process: pid (3023) (adb)
2026-04-24T02:36:38.8667826Z ##[warning]Node.js 20 actions are deprecated. The following actions are running on Node.js 20 and may not work as expected: actions/checkout@v4, actions/setup-java@v4, actions/setup-node@v4, actions/upload-artifact@v4, gradle/actions/setup-gradle@v4. Actions will be forced to run with Node.js 24 by default starting June 2nd, 2026. Node.js 20 will be removed from the runner on September 16th, 2026. Please check if updated versions of these actions are available that support Node.js 24. To opt into Node.js 24 now, set the FORCE_JAVASCRIPT_ACTIONS_TO_NODE24=true environment variable on the runner or in your workflow file. Once Node.js 24 becomes the default, you can temporarily opt out by setting ACTIONS_ALLOW_USE_UNSECURE_NODE_VERSION=true. For more information see: https://github.blog/changelog/2025-09-19-deprecation-of-node-20-on-github-actions-runners/
