=== CI FAILURE ===
Workflow:      Android Integration CI
Workflow file: akarlin3/prismTask/.github/workflows/android-integration.yml@refs/pull/741/merge
Job(s):        connected-tests
Run ID:        24868913238
Run attempt:   1
Run URL:       https://github.com/akarlin3/prismTask/actions/runs/24868913238
Commit:        a51ab2b7ba33a3a0faa5b1215fae7c2c69304ab4
Branch:        741/merge
Event:         pull_request
Actor:         akarlin3
Runner OS:     Linux
Timestamp:     2026-04-24T02:24:36.230Z

Failed steps:
  - connected-tests: #8 Run instrumented tests against AVD + Firebase emulator

=== FAILED JOB LOG ===

--- Job: connected-tests (id 72810987993) ---
2026-04-24T02:20:22.0489891Z Current runner version: '2.333.1'
2026-04-24T02:20:22.0526153Z ##[group]Runner Image Provisioner
2026-04-24T02:20:22.0527456Z Hosted Compute Agent
2026-04-24T02:20:22.0528338Z Version: 20260213.493
2026-04-24T02:20:22.0529481Z Commit: 5c115507f6dd24b8de37d8bbe0bb4509d0cc0fa3
2026-04-24T02:20:22.0530698Z Build Date: 2026-02-13T00:28:41Z
2026-04-24T02:20:22.0531769Z Worker ID: {3f7abaaa-ff28-4adb-ab08-36f87d9b39df}
2026-04-24T02:20:22.0533039Z Azure Region: northcentralus
2026-04-24T02:20:22.0534366Z ##[endgroup]
2026-04-24T02:20:22.0536778Z ##[group]Operating System
2026-04-24T02:20:22.0537856Z Ubuntu
2026-04-24T02:20:22.0538613Z 24.04.4
2026-04-24T02:20:22.0539345Z LTS
2026-04-24T02:20:22.0540135Z ##[endgroup]
2026-04-24T02:20:22.0540978Z ##[group]Runner Image
2026-04-24T02:20:22.0542005Z Image: ubuntu-24.04
2026-04-24T02:20:22.0542856Z Version: 20260413.86.1
2026-04-24T02:20:22.0545507Z Included Software: https://github.com/actions/runner-images/blob/ubuntu24/20260413.86/images/ubuntu/Ubuntu2404-Readme.md
2026-04-24T02:20:22.0548222Z Image Release: https://github.com/actions/runner-images/releases/tag/ubuntu24%2F20260413.86
2026-04-24T02:20:22.0549896Z ##[endgroup]
2026-04-24T02:20:22.0552038Z ##[group]GITHUB_TOKEN Permissions
2026-04-24T02:20:22.0555362Z Actions: read
2026-04-24T02:20:22.0556235Z Checks: read
2026-04-24T02:20:22.0556994Z Contents: write
2026-04-24T02:20:22.0557989Z Metadata: read
2026-04-24T02:20:22.0558881Z PullRequests: read
2026-04-24T02:20:22.0559699Z ##[endgroup]
2026-04-24T02:20:22.0563211Z Secret source: Actions
2026-04-24T02:20:22.0564864Z Prepare workflow directory
2026-04-24T02:20:22.1143208Z Prepare all required actions
2026-04-24T02:20:22.1200375Z Getting action download info
2026-04-24T02:20:22.4427834Z Download action repository 'actions/checkout@v4' (SHA:34e114876b0b11c390a56381ad16ebd13914f8d5)
2026-04-24T02:20:22.5915169Z Download action repository 'actions/setup-node@v4' (SHA:49933ea5288caeca8642d1e84afbd3f7d6820020)
2026-04-24T02:20:22.6836140Z Download action repository 'reactivecircus/android-emulator-runner@v2' (SHA:e89f39f1abbbd05b1113a29cf4db69e7540cae5a)
2026-04-24T02:20:23.1487407Z Download action repository 'actions/upload-artifact@v4' (SHA:ea165f8d65b6e75b540449e92b4886f43607fa02)
2026-04-24T02:20:23.3630931Z Complete job name: connected-tests
2026-04-24T02:20:23.4416524Z ##[group]Run actions/checkout@v4
2026-04-24T02:20:23.4417670Z with:
2026-04-24T02:20:23.4418284Z   ref: feature/sync-tests-ci-infra
2026-04-24T02:20:23.4418833Z   repository: akarlin3/prismTask
2026-04-24T02:20:23.4419561Z   token: ***
2026-04-24T02:20:23.4419963Z   ssh-strict: true
2026-04-24T02:20:23.4420378Z   ssh-user: git
2026-04-24T02:20:23.4420802Z   persist-credentials: true
2026-04-24T02:20:23.4421267Z   clean: true
2026-04-24T02:20:23.4421693Z   sparse-checkout-cone-mode: true
2026-04-24T02:20:23.4422217Z   fetch-depth: 1
2026-04-24T02:20:23.4422620Z   fetch-tags: false
2026-04-24T02:20:23.4423040Z   show-progress: true
2026-04-24T02:20:23.4423464Z   lfs: false
2026-04-24T02:20:23.4423845Z   submodules: false
2026-04-24T02:20:23.4424491Z   set-safe-directory: true
2026-04-24T02:20:23.4425301Z env:
2026-04-24T02:20:23.4425699Z   USE_FIREBASE_EMULATOR: true
2026-04-24T02:20:23.4426184Z ##[endgroup]
2026-04-24T02:20:23.5542208Z Syncing repository: akarlin3/prismTask
2026-04-24T02:20:23.5544477Z ##[group]Getting Git version info
2026-04-24T02:20:23.5545288Z Working directory is '/home/runner/work/prismTask/prismTask'
2026-04-24T02:20:23.5546338Z [command]/usr/bin/git version
2026-04-24T02:20:23.5591016Z git version 2.53.0
2026-04-24T02:20:23.5617264Z ##[endgroup]
2026-04-24T02:20:23.5637922Z Temporarily overriding HOME='/home/runner/work/_temp/df9cd2f2-4fbe-421e-8bdc-4f04907c45a7' before making global git config changes
2026-04-24T02:20:23.5639530Z Adding repository directory to the temporary git global config as a safe directory
2026-04-24T02:20:23.5640714Z [command]/usr/bin/git config --global --add safe.directory /home/runner/work/prismTask/prismTask
2026-04-24T02:20:23.5671753Z Deleting the contents of '/home/runner/work/prismTask/prismTask'
2026-04-24T02:20:23.5675100Z ##[group]Initializing the repository
2026-04-24T02:20:23.5679672Z [command]/usr/bin/git init /home/runner/work/prismTask/prismTask
2026-04-24T02:20:23.5775085Z hint: Using 'master' as the name for the initial branch. This default branch name
2026-04-24T02:20:23.5777247Z hint: will change to "main" in Git 3.0. To configure the initial branch name
2026-04-24T02:20:23.5779150Z hint: to use in all of your new repositories, which will suppress this warning,
2026-04-24T02:20:23.5780690Z hint: call:
2026-04-24T02:20:23.5781497Z hint:
2026-04-24T02:20:23.5782702Z hint: 	git config --global init.defaultBranch <name>
2026-04-24T02:20:23.5784282Z hint:
2026-04-24T02:20:23.5785407Z hint: Names commonly chosen instead of 'master' are 'main', 'trunk' and
2026-04-24T02:20:23.5787177Z hint: 'development'. The just-created branch can be renamed via this command:
2026-04-24T02:20:23.5788707Z hint:
2026-04-24T02:20:23.5789575Z hint: 	git branch -m <name>
2026-04-24T02:20:23.5790597Z hint:
2026-04-24T02:20:23.5791802Z hint: Disable this message with "git config set advice.defaultBranchName false"
2026-04-24T02:20:23.5793749Z Initialized empty Git repository in /home/runner/work/prismTask/prismTask/.git/
2026-04-24T02:20:23.5797424Z [command]/usr/bin/git remote add origin https://github.com/akarlin3/prismTask
2026-04-24T02:20:23.5828807Z ##[endgroup]
2026-04-24T02:20:23.5830170Z ##[group]Disabling automatic garbage collection
2026-04-24T02:20:23.5834236Z [command]/usr/bin/git config --local gc.auto 0
2026-04-24T02:20:23.5865295Z ##[endgroup]
2026-04-24T02:20:23.5866714Z ##[group]Setting up auth
2026-04-24T02:20:23.5875224Z [command]/usr/bin/git config --local --name-only --get-regexp core\.sshCommand
2026-04-24T02:20:23.5907293Z [command]/usr/bin/git submodule foreach --recursive sh -c "git config --local --name-only --get-regexp 'core\.sshCommand' && git config --local --unset-all 'core.sshCommand' || :"
2026-04-24T02:20:23.6193859Z [command]/usr/bin/git config --local --name-only --get-regexp http\.https\:\/\/github\.com\/\.extraheader
2026-04-24T02:20:23.6223508Z [command]/usr/bin/git submodule foreach --recursive sh -c "git config --local --name-only --get-regexp 'http\.https\:\/\/github\.com\/\.extraheader' && git config --local --unset-all 'http.https://github.com/.extraheader' || :"
2026-04-24T02:20:23.6456577Z [command]/usr/bin/git config --local --name-only --get-regexp ^includeIf\.gitdir:
2026-04-24T02:20:23.6487839Z [command]/usr/bin/git submodule foreach --recursive git config --local --show-origin --name-only --get-regexp remote.origin.url
2026-04-24T02:20:23.6777018Z [command]/usr/bin/git config --local http.https://github.com/.extraheader AUTHORIZATION: basic ***
2026-04-24T02:20:23.6780914Z ##[endgroup]
2026-04-24T02:20:23.6782030Z ##[group]Fetching the repository
2026-04-24T02:20:23.6784344Z [command]/usr/bin/git -c protocol.version=2 fetch --no-tags --prune --no-recurse-submodules --depth=1 origin +refs/heads/feature/sync-tests-ci-infra*:refs/remotes/origin/feature/sync-tests-ci-infra* +refs/tags/feature/sync-tests-ci-infra*:refs/tags/feature/sync-tests-ci-infra*
2026-04-24T02:20:26.2745374Z From https://github.com/akarlin3/prismTask
2026-04-24T02:20:26.2748343Z  * [new branch]      feature/sync-tests-ci-infra -> origin/feature/sync-tests-ci-infra
2026-04-24T02:20:26.2775706Z ##[endgroup]
2026-04-24T02:20:26.2776226Z ##[group]Determining the checkout info
2026-04-24T02:20:26.2782998Z [command]/usr/bin/git branch --list --remote origin/feature/sync-tests-ci-infra
2026-04-24T02:20:26.2808924Z   origin/feature/sync-tests-ci-infra
2026-04-24T02:20:26.2814765Z ##[endgroup]
2026-04-24T02:20:26.2821081Z [command]/usr/bin/git sparse-checkout disable
2026-04-24T02:20:26.2862078Z [command]/usr/bin/git config --local --unset-all extensions.worktreeConfig
2026-04-24T02:20:26.2890641Z ##[group]Checking out the ref
2026-04-24T02:20:26.2895472Z [command]/usr/bin/git checkout --progress --force -B feature/sync-tests-ci-infra refs/remotes/origin/feature/sync-tests-ci-infra
2026-04-24T02:20:26.4791065Z Switched to a new branch 'feature/sync-tests-ci-infra'
2026-04-24T02:20:26.4794372Z branch 'feature/sync-tests-ci-infra' set up to track 'origin/feature/sync-tests-ci-infra'.
2026-04-24T02:20:26.4819321Z ##[endgroup]
2026-04-24T02:20:26.4869877Z [command]/usr/bin/git log -1 --format=%H
2026-04-24T02:20:26.4906120Z 32a59a9bdf85a007b305e4a0ae2d910f6bc49393
2026-04-24T02:20:26.5168227Z Prepare all required actions
2026-04-24T02:20:26.5168743Z Getting action download info
2026-04-24T02:20:26.6431586Z Download action repository 'actions/setup-java@v4' (SHA:c1e323688fd81a25caa38c78aa6df2d33d3e20d9)
2026-04-24T02:20:27.1713422Z Download action repository 'gradle/actions@v4' (SHA:ed408507eac070d1f99cc633dbcf757c94c7933a)
2026-04-24T02:20:28.1626327Z ##[group]Run ./.github/actions/setup-android
2026-04-24T02:20:28.1626628Z env:
2026-04-24T02:20:28.1626815Z   USE_FIREBASE_EMULATOR: true
2026-04-24T02:20:28.1627043Z ##[endgroup]
2026-04-24T02:20:28.1780949Z ##[group]Run actions/setup-java@v4
2026-04-24T02:20:28.1781245Z with:
2026-04-24T02:20:28.1781426Z   java-version: 21
2026-04-24T02:20:28.1781620Z   distribution: temurin
2026-04-24T02:20:28.1781830Z   java-package: jdk
2026-04-24T02:20:28.1782041Z   check-latest: false
2026-04-24T02:20:28.1782283Z   server-id: github
2026-04-24T02:20:28.1782479Z   server-username: GITHUB_ACTOR
2026-04-24T02:20:28.1782771Z   server-password: GITHUB_TOKEN
2026-04-24T02:20:28.1783005Z   overwrite-settings: true
2026-04-24T02:20:28.1783226Z   job-status: success
2026-04-24T02:20:28.1783530Z   token: ***
2026-04-24T02:20:28.1783712Z env:
2026-04-24T02:20:28.1783900Z   USE_FIREBASE_EMULATOR: true
2026-04-24T02:20:28.1784320Z ##[endgroup]
2026-04-24T02:20:28.3756811Z ##[group]Installed distributions
2026-04-24T02:20:28.3985289Z Resolved Java 21.0.10+7 from tool-cache
2026-04-24T02:20:28.3986194Z Setting Java 21.0.10+7 as the default
2026-04-24T02:20:28.3999481Z Creating toolchains.xml for JDK version 21 from temurin
2026-04-24T02:20:28.4076801Z Writing to /home/runner/.m2/toolchains.xml
2026-04-24T02:20:28.4077265Z 
2026-04-24T02:20:28.4077444Z Java configuration:
2026-04-24T02:20:28.4078717Z   Distribution: temurin
2026-04-24T02:20:28.4085151Z   Version: 21.0.10+7
2026-04-24T02:20:28.4086017Z   Path: /opt/hostedtoolcache/Java_Temurin-Hotspot_jdk/21.0.10-7/x64
2026-04-24T02:20:28.4086679Z 
2026-04-24T02:20:28.4087099Z ##[endgroup]
2026-04-24T02:20:28.4102782Z Creating settings.xml with server-id: github
2026-04-24T02:20:28.4103175Z Writing to /home/runner/.m2/settings.xml
2026-04-24T02:20:28.4361263Z ##[group]Run gradle/actions/setup-gradle@v4
2026-04-24T02:20:28.4361553Z with:
2026-04-24T02:20:28.4361746Z   cache-disabled: false
2026-04-24T02:20:28.4361959Z   cache-read-only: true
2026-04-24T02:20:28.4362176Z   cache-write-only: false
2026-04-24T02:20:28.4362406Z   cache-overwrite-existing: false
2026-04-24T02:20:28.4362663Z   cache-cleanup: on-success
2026-04-24T02:20:28.4362945Z   gradle-home-cache-includes: caches
notifications

2026-04-24T02:20:28.4363258Z   add-job-summary: always
2026-04-24T02:20:28.4363517Z   add-job-summary-as-pr-comment: never
2026-04-24T02:20:28.4363803Z   dependency-graph: disabled
2026-04-24T02:20:28.4364422Z   dependency-graph-report-dir: dependency-graph-reports
2026-04-24T02:20:28.4364778Z   dependency-graph-continue-on-failure: true
2026-04-24T02:20:28.4365073Z   build-scan-publish: false
2026-04-24T02:20:28.4365320Z   validate-wrappers: true
2026-04-24T02:20:28.4365564Z   allow-snapshot-wrappers: false
2026-04-24T02:20:28.4365833Z   gradle-home-cache-strict-match: false
2026-04-24T02:20:28.4366124Z   workflow-job-context: null
2026-04-24T02:20:28.4366550Z   github-token: ***
2026-04-24T02:20:28.4366823Z env:
2026-04-24T02:20:28.4367140Z   USE_FIREBASE_EMULATOR: true
2026-04-24T02:20:28.4370792Z   JAVA_HOME: /opt/hostedtoolcache/Java_Temurin-Hotspot_jdk/21.0.10-7/x64
2026-04-24T02:20:28.4371277Z   JAVA_HOME_21_X64: /opt/hostedtoolcache/Java_Temurin-Hotspot_jdk/21.0.10-7/x64
2026-04-24T02:20:28.4371644Z ##[endgroup]
2026-04-24T02:20:29.4892364Z Merged default JDK locations into /home/runner/.m2/toolchains.xml
2026-04-24T02:20:29.4896081Z ##[group]Restore Gradle state from cache
2026-04-24T02:20:29.6138914Z Cache hit for restore-key: gradle-home-v1|Linux-X64|connected-tests[1e7216165ffdcf45b9a4b7e3077585ac]-8d4675ee4423884a23e2d3a120b2c3dae099bb87
2026-04-24T02:20:30.4658345Z Received 98797688 of 98797688 (100.0%), 125.0 MBs/sec
2026-04-24T02:20:30.4660737Z Cache Size: ~94 MB (98797688 B)
2026-04-24T02:20:30.4697536Z [command]/usr/bin/tar -xf /home/runner/work/_temp/57e127f8-b999-4fb6-9fa2-af4e24c30161/cache.tzst -P -C /home/runner/work/prismTask/prismTask --use-compress-program unzstd
2026-04-24T02:20:30.8396955Z Cache restored successfully
2026-04-24T02:20:30.8446780Z Restored cache entry with key gradle-home-v1|Linux-X64|connected-tests[1e7216165ffdcf45b9a4b7e3077585ac]-a51ab2b7ba33a3a0faa5b1215fae7c2c69304ab4 to /home/runner/.gradle/caches,/home/runner/.gradle/notifications,/home/runner/.gradle/.setup-gradle in 1353ms
2026-04-24T02:20:30.9438955Z Cache hit for: gradle-dependencies-v1-0888d265b64936ce6493b34fb1cc476a
2026-04-24T02:20:30.9495070Z Cache hit for: gradle-groovy-dsl-v1-5984fd99435efa2747db10fc41da09e1
2026-04-24T02:20:30.9565175Z Cache hit for: gradle-instrumented-jars-v1-613e7e9492e5a2d58d1d59a0c9d3dbbd
2026-04-24T02:20:30.9575161Z Cache hit for: gradle-kotlin-dsl-v1-7c49c950aac7d41c019b148ce3c53605
2026-04-24T02:20:30.9627761Z Cache hit for: gradle-generated-gradle-jars-v1-cb4b032a7d08b9bf1e84e9eacaebcc29
2026-04-24T02:20:30.9663037Z Cache hit for: gradle-wrapper-zips-v1-8c0de4c6bda6041d6e054bf825a89c98
2026-04-24T02:20:30.9669426Z Cache hit for: gradle-transforms-v1-f17da9a400c666652150edd966eb3055
2026-04-24T02:20:31.3339970Z Received 109105 of 109105 (100.0%), 0.4 MBs/sec
2026-04-24T02:20:31.3341218Z Cache Size: ~0 MB (109105 B)
2026-04-24T02:20:31.3375175Z [command]/usr/bin/tar -xf /home/runner/work/_temp/9d0a0370-6a05-4260-b4d7-e6194ca5c981/cache.tzst -P -C /home/runner/work/prismTask/prismTask --use-compress-program unzstd
2026-04-24T02:20:31.3606966Z Received 420402 of 420402 (100.0%), 1.3 MBs/sec
2026-04-24T02:20:31.3608036Z Cache Size: ~0 MB (420402 B)
2026-04-24T02:20:31.3705436Z Cache restored successfully
2026-04-24T02:20:31.3719333Z Restored cache entry with key gradle-groovy-dsl-v1-5984fd99435efa2747db10fc41da09e1 to /home/runner/.gradle/caches/*/groovy-dsl/*/ in 523ms
2026-04-24T02:20:31.3798188Z Received 64243 of 64243 (100.0%), 0.2 MBs/sec
2026-04-24T02:20:31.3798974Z Cache Size: ~0 MB (64243 B)
2026-04-24T02:20:31.3849865Z [command]/usr/bin/tar -xf /home/runner/work/_temp/36451231-9e13-4c3a-9efd-c1db712644cb/cache.tzst -P -C /home/runner/work/prismTask/prismTask --use-compress-program unzstd
2026-04-24T02:20:31.3965245Z [command]/usr/bin/tar -xf /home/runner/work/_temp/ab605029-d110-4371-a365-35feb4e135b4/cache.tzst -P -C /home/runner/work/prismTask/prismTask --use-compress-program unzstd
2026-04-24T02:20:31.7520530Z Cache restored successfully
2026-04-24T02:20:31.7593308Z Restored cache entry with key gradle-instrumented-jars-v1-613e7e9492e5a2d58d1d59a0c9d3dbbd to /home/runner/.gradle/caches/jars-*/*/ in 913ms
2026-04-24T02:20:31.9397479Z Cache restored successfully
2026-04-24T02:20:31.9496662Z Restored cache entry with key gradle-kotlin-dsl-v1-7c49c950aac7d41c019b148ce3c53605 to /home/runner/.gradle/caches/*/kotlin-dsl/accessors/*/,/home/runner/.gradle/caches/*/kotlin-dsl/scripts/*/ in 1103ms
2026-04-24T02:20:32.0543755Z Received 100663296 of 481126159 (20.9%), 95.9 MBs/sec
2026-04-24T02:20:32.0856769Z Received 29360128 of 452482065 (6.5%), 28.0 MBs/sec
2026-04-24T02:20:32.1108992Z Received 33604796 of 41993404 (80.0%), 32.0 MBs/sec
2026-04-24T02:20:32.1635937Z Received 33554432 of 136352669 (24.6%), 32.0 MBs/sec
2026-04-24T02:20:32.3945687Z Received 41993404 of 41993404 (100.0%), 31.1 MBs/sec
2026-04-24T02:20:32.3948779Z Cache Size: ~40 MB (41993404 B)
2026-04-24T02:20:32.5352584Z [command]/usr/bin/tar -xf /home/runner/work/_temp/8197cd70-866f-4702-9f87-d4bd661df0fc/cache.tzst -P -C /home/runner/work/prismTask/prismTask --use-compress-program unzstd
2026-04-24T02:20:32.9357814Z Cache restored successfully
2026-04-24T02:20:32.9568407Z Restored cache entry with key gradle-generated-gradle-jars-v1-cb4b032a7d08b9bf1e84e9eacaebcc29 to /home/runner/.gradle/caches/9.3.1/generated-gradle-jars/gradle-api-9.3.1.jar in 2111ms
2026-04-24T02:20:33.1014375Z Received 251658240 of 481126159 (52.3%), 117.2 MBs/sec
2026-04-24T02:20:33.1015722Z Received 134217728 of 452482065 (29.7%), 63.5 MBs/sec
2026-04-24T02:20:33.1644735Z Received 121634816 of 136352669 (89.2%), 57.9 MBs/sec
2026-04-24T02:20:33.8734555Z Received 136352669 of 136352669 (100.0%), 48.0 MBs/sec
2026-04-24T02:20:33.8735375Z Cache Size: ~130 MB (136352669 B)
2026-04-24T02:20:33.9133557Z [command]/usr/bin/tar -xf /home/runner/work/_temp/e4fec180-2e99-46e4-a61f-1023ff107eeb/cache.tzst -P -C /home/runner/work/prismTask/prismTask --use-compress-program unzstd
2026-04-24T02:20:34.1085280Z Received 423624704 of 481126159 (88.0%), 132.3 MBs/sec
2026-04-24T02:20:34.1085949Z Received 268435456 of 452482065 (59.3%), 84.7 MBs/sec
2026-04-24T02:20:34.2574933Z Cache restored successfully
2026-04-24T02:20:34.2748146Z Restored cache entry with key gradle-wrapper-zips-v1-8c0de4c6bda6041d6e054bf825a89c98 to /home/runner/.gradle/wrapper/dists/gradle-9.3.1-bin/23ovyewtku6u96viwx3xl3oks in 3429ms
2026-04-24T02:20:34.3527811Z Received 481126159 of 481126159 (100.0%), 139.1 MBs/sec
2026-04-24T02:20:34.3528749Z Cache Size: ~459 MB (481126159 B)
2026-04-24T02:20:34.3918910Z [command]/usr/bin/tar -xf /home/runner/work/_temp/c3f683e3-4878-4b3a-8531-5b77e8eaf113/cache.tzst -P -C /home/runner/work/prismTask/prismTask --use-compress-program unzstd
2026-04-24T02:20:35.1143832Z Received 452482065 of 452482065 (100.0%), 107.1 MBs/sec
2026-04-24T02:20:35.1146613Z Cache Size: ~432 MB (452482065 B)
2026-04-24T02:20:35.1179214Z [command]/usr/bin/tar -xf /home/runner/work/_temp/ceeabdd2-a273-44c6-aefa-11858f6fd59b/cache.tzst -P -C /home/runner/work/prismTask/prismTask --use-compress-program unzstd
2026-04-24T02:20:36.4746180Z Cache restored successfully
2026-04-24T02:20:36.4994780Z Restored cache entry with key gradle-dependencies-v1-0888d265b64936ce6493b34fb1cc476a to /home/runner/.gradle/caches/modules-*/files-*/*/*/*/* in 5654ms
2026-04-24T02:20:40.7942121Z Cache restored successfully
2026-04-24T02:20:40.8146631Z Restored cache entry with key gradle-transforms-v1-f17da9a400c666652150edd966eb3055 to /home/runner/.gradle/caches/transforms-4/*/,/home/runner/.gradle/caches/*/transforms/*/ in 9968ms
2026-04-24T02:20:40.8241752Z ##[endgroup]
2026-04-24T02:20:40.8643857Z ##[group]All Gradle Wrapper jars are valid
2026-04-24T02:20:40.8647457Z ✓ Found known Gradle Wrapper JAR files:
2026-04-24T02:20:40.8648411Z   b3a875ddc1f044746e1b1a55f645584505f4a10438c1afea9f15e92a7c42ec13 gradle/wrapper/gradle-wrapper.jar
2026-04-24T02:20:40.8649249Z ##[endgroup]
2026-04-24T02:20:40.8873254Z ##[group]Run chmod +x gradlew
2026-04-24T02:20:40.8873842Z [36;1mchmod +x gradlew[0m
2026-04-24T02:20:40.8909072Z shell: /usr/bin/bash --noprofile --norc -e -o pipefail {0}
2026-04-24T02:20:40.8909754Z env:
2026-04-24T02:20:40.8910156Z   USE_FIREBASE_EMULATOR: true
2026-04-24T02:20:40.8910856Z   JAVA_HOME: /opt/hostedtoolcache/Java_Temurin-Hotspot_jdk/21.0.10-7/x64
2026-04-24T02:20:40.8911825Z   JAVA_HOME_21_X64: /opt/hostedtoolcache/Java_Temurin-Hotspot_jdk/21.0.10-7/x64
2026-04-24T02:20:40.8912658Z   GRADLE_ACTION_ID: gradle/actions/setup-gradle
2026-04-24T02:20:40.8913256Z   GRADLE_USER_HOME: /home/runner/.gradle
2026-04-24T02:20:40.8913829Z   GRADLE_BUILD_ACTION_SETUP_COMPLETED: true
2026-04-24T02:20:40.8914683Z   GRADLE_BUILD_ACTION_CACHE_RESTORED: true
2026-04-24T02:20:40.8915538Z   DEVELOCITY_INJECTION_INIT_SCRIPT_NAME: gradle-actions.inject-develocity.init.gradle
2026-04-24T02:20:40.8916453Z   DEVELOCITY_INJECTION_CUSTOM_VALUE: gradle-actions
2026-04-24T02:20:40.8917074Z   GITHUB_DEPENDENCY_GRAPH_ENABLED: false
2026-04-24T02:20:40.8917605Z ##[endgroup]
2026-04-24T02:20:40.9090153Z ##[group]Run actions/setup-node@v4
2026-04-24T02:20:40.9090958Z with:
2026-04-24T02:20:40.9091427Z   node-version: 20
2026-04-24T02:20:40.9091689Z   always-auth: false
2026-04-24T02:20:40.9091946Z   check-latest: false
2026-04-24T02:20:40.9092306Z   token: ***
2026-04-24T02:20:40.9092534Z env:
2026-04-24T02:20:40.9092759Z   USE_FIREBASE_EMULATOR: true
2026-04-24T02:20:40.9093166Z   JAVA_HOME: /opt/hostedtoolcache/Java_Temurin-Hotspot_jdk/21.0.10-7/x64
2026-04-24T02:20:40.9093709Z   JAVA_HOME_21_X64: /opt/hostedtoolcache/Java_Temurin-Hotspot_jdk/21.0.10-7/x64
2026-04-24T02:20:40.9094710Z   GRADLE_ACTION_ID: gradle/actions/setup-gradle
2026-04-24T02:20:40.9095069Z   GRADLE_USER_HOME: /home/runner/.gradle
2026-04-24T02:20:40.9095557Z   GRADLE_BUILD_ACTION_SETUP_COMPLETED: true
2026-04-24T02:20:40.9095895Z   GRADLE_BUILD_ACTION_CACHE_RESTORED: true
2026-04-24T02:20:40.9096379Z   DEVELOCITY_INJECTION_INIT_SCRIPT_NAME: gradle-actions.inject-develocity.init.gradle
2026-04-24T02:20:40.9096936Z   DEVELOCITY_INJECTION_CUSTOM_VALUE: gradle-actions
2026-04-24T02:20:40.9097302Z   GITHUB_DEPENDENCY_GRAPH_ENABLED: false
2026-04-24T02:20:40.9097618Z ##[endgroup]
2026-04-24T02:20:41.0878706Z Found in cache @ /opt/hostedtoolcache/node/20.20.2/x64
2026-04-24T02:20:41.0885986Z ##[group]Environment details
2026-04-24T02:20:41.3655345Z node: v20.20.2
2026-04-24T02:20:41.3655753Z npm: 10.8.2
2026-04-24T02:20:41.3656090Z yarn: 1.22.22
2026-04-24T02:20:41.3656613Z ##[endgroup]
2026-04-24T02:20:41.3752937Z ##[group]Run npm install -g firebase-tools@latest
2026-04-24T02:20:41.3753397Z [36;1mnpm install -g firebase-tools@latest[0m
2026-04-24T02:20:41.3782571Z shell: /usr/bin/bash -e {0}
2026-04-24T02:20:41.3782871Z env:
2026-04-24T02:20:41.3783106Z   USE_FIREBASE_EMULATOR: true
2026-04-24T02:20:41.3783535Z   JAVA_HOME: /opt/hostedtoolcache/Java_Temurin-Hotspot_jdk/21.0.10-7/x64
2026-04-24T02:20:41.3784341Z   JAVA_HOME_21_X64: /opt/hostedtoolcache/Java_Temurin-Hotspot_jdk/21.0.10-7/x64
2026-04-24T02:20:41.3784813Z   GRADLE_ACTION_ID: gradle/actions/setup-gradle
2026-04-24T02:20:41.3785157Z   GRADLE_USER_HOME: /home/runner/.gradle
2026-04-24T02:20:41.3785510Z   GRADLE_BUILD_ACTION_SETUP_COMPLETED: true
2026-04-24T02:20:41.3785845Z   GRADLE_BUILD_ACTION_CACHE_RESTORED: true
2026-04-24T02:20:41.3786321Z   DEVELOCITY_INJECTION_INIT_SCRIPT_NAME: gradle-actions.inject-develocity.init.gradle
2026-04-24T02:20:41.3786861Z   DEVELOCITY_INJECTION_CUSTOM_VALUE: gradle-actions
2026-04-24T02:20:41.3787245Z   GITHUB_DEPENDENCY_GRAPH_ENABLED: false
2026-04-24T02:20:41.3787557Z ##[endgroup]
2026-04-24T02:20:56.0771604Z npm warn deprecated node-domexception@1.0.0: Use your platform's native DOMException instead
2026-04-24T02:20:58.5760301Z npm warn deprecated json-ptr@3.1.1: Package no longer supported. Contact Support at https://www.npmjs.com/support for more info.
2026-04-24T02:20:58.6979813Z npm warn deprecated glob@10.5.0: Old versions of glob are not supported, and contain widely publicized security vulnerabilities, which have been fixed in the current version. Please update. Support for old versions may be purchased (at exorbitant rates) by contacting i@izs.me
2026-04-24T02:21:01.8610993Z 
2026-04-24T02:21:01.8611668Z added 703 packages in 20s
2026-04-24T02:21:01.8612115Z 
2026-04-24T02:21:01.8612510Z 90 packages are looking for funding
2026-04-24T02:21:01.8613384Z   run `npm fund` for details
2026-04-24T02:21:01.8928456Z ##[group]Run set -euo pipefail
2026-04-24T02:21:01.8928856Z [36;1mset -euo pipefail[0m
2026-04-24T02:21:01.8929177Z [36;1mfirebase emulators:start \[0m
2026-04-24T02:21:01.8929513Z [36;1m  --only firestore,auth \[0m
2026-04-24T02:21:01.8929853Z [36;1m  --project demo-prismtask \[0m
2026-04-24T02:21:01.8930257Z [36;1m  > "$RUNNER_TEMP/firebase-emulators.log" 2>&1 &[0m
2026-04-24T02:21:01.8931029Z [36;1mecho "FIREBASE_EMULATORS_PID=$!" >> "$GITHUB_ENV"[0m
2026-04-24T02:21:01.8931469Z [36;1mecho "Waiting for emulator ports to open..."[0m
2026-04-24T02:21:01.8931844Z [36;1mfor port in 8080 9099; do[0m
2026-04-24T02:21:01.8932176Z [36;1m  timeout 120 bash -c \[0m
2026-04-24T02:21:01.8932829Z [36;1m    "until (echo > /dev/tcp/127.0.0.1/$port) 2>/dev/null; do sleep 1; done" || {[0m
2026-04-24T02:21:01.8933489Z [36;1m      echo "::error::Firebase emulator port $port did not become ready in time"[0m
2026-04-24T02:21:01.8934279Z [36;1m      cat "$RUNNER_TEMP/firebase-emulators.log" || true[0m
2026-04-24T02:21:01.8934683Z [36;1m      exit 1[0m
2026-04-24T02:21:01.8934959Z [36;1m    }[0m
2026-04-24T02:21:01.8935213Z [36;1mdone[0m
2026-04-24T02:21:01.8935560Z [36;1mecho "Firebase emulators ready (firestore=8080, auth=9099)"[0m
2026-04-24T02:21:01.8957772Z shell: /usr/bin/bash -e {0}
2026-04-24T02:21:01.8958082Z env:
2026-04-24T02:21:01.8958340Z   USE_FIREBASE_EMULATOR: true
2026-04-24T02:21:01.8958783Z   JAVA_HOME: /opt/hostedtoolcache/Java_Temurin-Hotspot_jdk/21.0.10-7/x64
2026-04-24T02:21:01.8959343Z   JAVA_HOME_21_X64: /opt/hostedtoolcache/Java_Temurin-Hotspot_jdk/21.0.10-7/x64
2026-04-24T02:21:01.8959822Z   GRADLE_ACTION_ID: gradle/actions/setup-gradle
2026-04-24T02:21:01.8960206Z   GRADLE_USER_HOME: /home/runner/.gradle
2026-04-24T02:21:01.8960558Z   GRADLE_BUILD_ACTION_SETUP_COMPLETED: true
2026-04-24T02:21:01.8960911Z   GRADLE_BUILD_ACTION_CACHE_RESTORED: true
2026-04-24T02:21:01.8961426Z   DEVELOCITY_INJECTION_INIT_SCRIPT_NAME: gradle-actions.inject-develocity.init.gradle
2026-04-24T02:21:01.8961996Z   DEVELOCITY_INJECTION_CUSTOM_VALUE: gradle-actions
2026-04-24T02:21:01.8962375Z   GITHUB_DEPENDENCY_GRAPH_ENABLED: false
2026-04-24T02:21:01.8962707Z ##[endgroup]
2026-04-24T02:21:01.9010473Z Waiting for emulator ports to open...
2026-04-24T02:21:12.9374943Z Firebase emulators ready (firestore=8080, auth=9099)
2026-04-24T02:21:12.9406673Z ##[group]Run echo 'KERNEL=="kvm", GROUP="kvm", MODE="0666", OPTIONS+="static_node=kvm"' \
2026-04-24T02:21:12.9407369Z [36;1mecho 'KERNEL=="kvm", GROUP="kvm", MODE="0666", OPTIONS+="static_node=kvm"' \[0m
2026-04-24T02:21:12.9407863Z [36;1m  | sudo tee /etc/udev/rules.d/99-kvm4all.rules[0m
2026-04-24T02:21:12.9408258Z [36;1msudo udevadm control --reload-rules[0m
2026-04-24T02:21:12.9408640Z [36;1msudo udevadm trigger --name-match=kvm[0m
2026-04-24T02:21:12.9430286Z shell: /usr/bin/bash -e {0}
2026-04-24T02:21:12.9430572Z env:
2026-04-24T02:21:12.9430806Z   USE_FIREBASE_EMULATOR: true
2026-04-24T02:21:12.9431226Z   JAVA_HOME: /opt/hostedtoolcache/Java_Temurin-Hotspot_jdk/21.0.10-7/x64
2026-04-24T02:21:12.9431768Z   JAVA_HOME_21_X64: /opt/hostedtoolcache/Java_Temurin-Hotspot_jdk/21.0.10-7/x64
2026-04-24T02:21:12.9432248Z   GRADLE_ACTION_ID: gradle/actions/setup-gradle
2026-04-24T02:21:12.9432601Z   GRADLE_USER_HOME: /home/runner/.gradle
2026-04-24T02:21:12.9432963Z   GRADLE_BUILD_ACTION_SETUP_COMPLETED: true
2026-04-24T02:21:12.9433295Z   GRADLE_BUILD_ACTION_CACHE_RESTORED: true
2026-04-24T02:21:12.9433779Z   DEVELOCITY_INJECTION_INIT_SCRIPT_NAME: gradle-actions.inject-develocity.init.gradle
2026-04-24T02:21:12.9434562Z   DEVELOCITY_INJECTION_CUSTOM_VALUE: gradle-actions
2026-04-24T02:21:12.9434924Z   GITHUB_DEPENDENCY_GRAPH_ENABLED: false
2026-04-24T02:21:12.9435246Z   FIREBASE_EMULATORS_PID: 2509
2026-04-24T02:21:12.9435527Z ##[endgroup]
2026-04-24T02:21:12.9545375Z KERNEL=="kvm", GROUP="kvm", MODE="0666", OPTIONS+="static_node=kvm"
2026-04-24T02:21:12.9925806Z ##[group]Run reactivecircus/android-emulator-runner@v2
2026-04-24T02:21:12.9926182Z with:
2026-04-24T02:21:12.9926405Z   api-level: 34
2026-04-24T02:21:12.9926645Z   target: google_apis
2026-04-24T02:21:12.9926883Z   arch: x86_64
2026-04-24T02:21:12.9927113Z   profile: pixel_6
2026-04-24T02:21:12.9928898Z   script: adb devices
adb shell settings put global window_animation_scale 0
adb shell settings put global transition_animation_scale 0
adb shell settings put global animator_duration_scale 0
# AVD already reaches the host emulators via 10.0.2.2 (hard-
# coded in PrismTaskApplication.configureFirebaseEmulator),
# so no `adb reverse` is needed. Confirm by pinging the
# emulator UI from inside the AVD.
adb shell "ping -c 1 10.0.2.2 || true"
./gradlew connectedDebugAndroidTest --no-daemon --continue

2026-04-24T02:21:12.9930919Z   cores: 2
2026-04-24T02:21:12.9931137Z   avd-name: test
2026-04-24T02:21:12.9931377Z   force-avd-creation: true
2026-04-24T02:21:12.9931687Z   emulator-boot-timeout: 600
2026-04-24T02:21:12.9931967Z   emulator-port: 5554
2026-04-24T02:21:12.9932406Z   emulator-options: -no-window -gpu swiftshader_indirect -no-snapshot -noaudio -no-boot-anim
2026-04-24T02:21:12.9932906Z   disable-animations: true
2026-04-24T02:21:12.9933195Z   disable-spellchecker: false
2026-04-24T02:21:12.9933489Z   disable-linux-hw-accel: auto
2026-04-24T02:21:12.9933782Z   enable-hw-keyboard: false
2026-04-24T02:21:12.9934411Z   channel: stable
2026-04-24T02:21:12.9934687Z env:
2026-04-24T02:21:12.9934921Z   USE_FIREBASE_EMULATOR: true
2026-04-24T02:21:12.9935320Z   JAVA_HOME: /opt/hostedtoolcache/Java_Temurin-Hotspot_jdk/21.0.10-7/x64
2026-04-24T02:21:12.9935842Z   JAVA_HOME_21_X64: /opt/hostedtoolcache/Java_Temurin-Hotspot_jdk/21.0.10-7/x64
2026-04-24T02:21:12.9936301Z   GRADLE_ACTION_ID: gradle/actions/setup-gradle
2026-04-24T02:21:12.9936669Z   GRADLE_USER_HOME: /home/runner/.gradle
2026-04-24T02:21:12.9936994Z   GRADLE_BUILD_ACTION_SETUP_COMPLETED: true
2026-04-24T02:21:12.9937335Z   GRADLE_BUILD_ACTION_CACHE_RESTORED: true
2026-04-24T02:21:12.9937814Z   DEVELOCITY_INJECTION_INIT_SCRIPT_NAME: gradle-actions.inject-develocity.init.gradle
2026-04-24T02:21:12.9938324Z   DEVELOCITY_INJECTION_CUSTOM_VALUE: gradle-actions
2026-04-24T02:21:12.9938680Z   GITHUB_DEPENDENCY_GRAPH_ENABLED: false
2026-04-24T02:21:12.9939019Z   FIREBASE_EMULATORS_PID: 2509
2026-04-24T02:21:12.9939294Z ##[endgroup]
2026-04-24T02:21:13.0515488Z ##[group]Configure emulator
2026-04-24T02:21:13.0517776Z API level: 34
2026-04-24T02:21:13.0518400Z System image API level: 34
2026-04-24T02:21:13.0518920Z target: google_apis
2026-04-24T02:21:13.0519738Z CPU architecture: x86_64
2026-04-24T02:21:13.0520369Z Hardware profile: pixel_6
2026-04-24T02:21:13.0520834Z Cores: 2
2026-04-24T02:21:13.0521235Z RAM size: 
2026-04-24T02:21:13.0521897Z Heap size: 
2026-04-24T02:21:13.0522950Z SD card path or size: 
2026-04-24T02:21:13.0524624Z Disk size: 
2026-04-24T02:21:13.0525075Z AVD name: test
2026-04-24T02:21:13.0525738Z force avd creation: true
2026-04-24T02:21:13.0526378Z Emulator boot timeout: 600
2026-04-24T02:21:13.0527039Z emulator port: 5554
2026-04-24T02:21:13.0528023Z emulator options: -no-window -gpu swiftshader_indirect -no-snapshot -noaudio -no-boot-anim
2026-04-24T02:21:13.0528916Z disable animations: true
2026-04-24T02:21:13.0529511Z disable spellchecker: false
2026-04-24T02:21:13.0530150Z disable Linux hardware acceleration: false
2026-04-24T02:21:13.0530785Z enable hardware keyboard: false
2026-04-24T02:21:13.0531308Z Channel: 0 (stable)
2026-04-24T02:21:13.0532055Z Script:
2026-04-24T02:21:13.0532522Z adb devices
2026-04-24T02:21:13.0533118Z adb shell settings put global window_animation_scale 0
2026-04-24T02:21:13.0534197Z adb shell settings put global transition_animation_scale 0
2026-04-24T02:21:13.0535095Z adb shell settings put global animator_duration_scale 0
2026-04-24T02:21:13.0535853Z adb shell "ping -c 1 10.0.2.2 || true"
2026-04-24T02:21:13.0536661Z ./gradlew connectedDebugAndroidTest --no-daemon --continue
2026-04-24T02:21:13.0537761Z Pre emulator launch script:
2026-04-24T02:21:13.0538549Z ##[endgroup]
2026-04-24T02:21:13.0539201Z ##[group]Install Android SDK
2026-04-24T02:21:13.0783246Z [command]/usr/bin/sh -c \yes | sdkmanager --licenses > /dev/null
2026-04-24T02:21:18.2783546Z Installing latest build tools, platform tools, and platform.
2026-04-24T02:21:18.2800200Z [command]/usr/bin/sh -c \sdkmanager --install 'build-tools;36.0.0' platform-tools 'platforms;android-34'> /dev/null
2026-04-24T02:21:19.8400120Z Installing latest emulator.
2026-04-24T02:21:19.8415588Z [command]/usr/bin/sh -c \sdkmanager --install emulator --channel=0 > /dev/null
2026-04-24T02:21:29.0550054Z Installing system images.
2026-04-24T02:21:29.0565762Z [command]/usr/bin/sh -c \sdkmanager --install 'system-images;android-34;google_apis;x86_64' --channel=0 > /dev/null
2026-04-24T02:22:04.1937595Z ##[endgroup]
2026-04-24T02:22:04.1939260Z ##[group]Create AVD
2026-04-24T02:22:04.1941952Z Creating AVD.
2026-04-24T02:22:04.1958831Z [command]/usr/bin/sh -c \echo no | avdmanager create avd --force -n test --package 'system-images;android-34;google_apis;x86_64' --device 'pixel_6'
2026-04-24T02:22:04.9538619Z Loading local repository...                                                     
2026-04-24T02:22:04.9546825Z [=========                              ] 25% Loading local repository...       
2026-04-24T02:22:04.9548113Z [=========                              ] 25% Fetch remote repository...        
2026-04-24T02:22:04.9549271Z [=======================================] 100% Fetch remote repository...       
2026-04-24T02:22:05.0935928Z Auto-selecting single ABI x86_64
2026-04-24T02:22:05.5275897Z [command]/usr/bin/sh -c \printf 'hw.cpu.ncore=2\n' >> /home/runner/.android/avd/test.avd/config.ini
2026-04-24T02:22:05.5299681Z ##[endgroup]
2026-04-24T02:22:05.5302033Z ##[group]Launch Emulator
2026-04-24T02:22:05.5302649Z Starting emulator.
2026-04-24T02:22:05.5321099Z [command]/usr/bin/sh -c \/usr/local/lib/android/sdk/emulator/emulator -port 5554 -avd test -no-window -gpu swiftshader_indirect -no-snapshot -noaudio -no-boot-anim &
2026-04-24T02:22:05.5458888Z INFO         | Android emulator version 36.5.11.0 (build_id 15261927) (CL:N/A)
2026-04-24T02:22:05.5459589Z INFO         | Graphics backend: gfxstream
2026-04-24T02:22:05.5460259Z INFO         | Found systemPath /usr/local/lib/android/sdk/system-images/android-34/google_apis/x86_64/
2026-04-24T02:22:06.0151973Z INFO         | Increasing RAM size to 2048MB
2026-04-24T02:22:06.0152965Z ##############################################################################
2026-04-24T02:22:06.0154373Z ##                        WARNING - ACTION REQUIRED                         ##
2026-04-24T02:22:06.0155584Z ##  Consider using the '-metrics-collection' flag to help improve the       ##
2026-04-24T02:22:06.0156972Z ##  emulator by sending anonymized usage data. Or use the '-no-metrics'     ##
2026-04-24T02:22:06.0158357Z ##  flag to bypass this warning and turn off the metrics collection.        ##
2026-04-24T02:22:06.0159778Z ##  In a future release this warning will turn into a one-time blocking     ##
2026-04-24T02:22:06.0161145Z ##  prompt to ask for explicit user input regarding metrics collection.     ##
2026-04-24T02:22:06.0162300Z ##                                                                          ##
2026-04-24T02:22:06.0163449Z ##  Please see '-help-metrics-collection' for more details. You can use     ##
2026-04-24T02:22:06.0164910Z ##  '-metrics-to-file' or '-metrics-to-console' flags to see what type of   ##
2026-04-24T02:22:06.0166124Z ##  data is being collected by emulator as part of usage statistics.        ##
2026-04-24T02:22:06.0167123Z ##############################################################################
2026-04-24T02:22:06.0167921Z INFO         | Guest GLES Driver: Auto (ext controls)
2026-04-24T02:22:06.0169027Z INFO         | emuglConfig_init: vulkan_mode_selected:swiftshader gles_mode_selected:swiftshader
2026-04-24T02:22:06.0170024Z INFO         | Checking system compatibility:
2026-04-24T02:22:06.0171112Z INFO         |   Checking: hasSufficientDiskSpace
2026-04-24T02:22:06.0172030Z INFO         |      Ok: Disk space requirements to run avd: `test` are met
2026-04-24T02:22:06.0172859Z INFO         |   Checking: hasSufficientHwGpu
2026-04-24T02:22:06.0173753Z INFO         |      Ok: Hardware GPU compatibility checks are not required
2026-04-24T02:22:06.0174709Z INFO         |   Checking: hasSufficientSystem
2026-04-24T02:22:06.0175389Z INFO         |      Ok: System requirements to run avd: `test` are met
2026-04-24T02:22:06.0175910Z ERROR        | Unable to connect to adb daemon on port: 5037
2026-04-24T02:22:06.0176669Z INFO         | Storing crashdata in: /tmp/android-runner/emu-crash-36.5.11.db, detection is enabled for process: 2923
2026-04-24T02:22:06.0177326Z INFO         | Initializing gfxstream backend
2026-04-24T02:22:06.0178367Z INFO         | android_startOpenglesRenderer: gpu info
2026-04-24T02:22:06.0179014Z INFO         | 
2026-04-24T02:22:06.0179794Z INFO         | initIcdPaths: ICD set to 'swiftshader', using Swiftshader ICD
2026-04-24T02:22:06.0181249Z INFO         | Setting ICD filenames for the loader = /usr/local/lib/android/sdk/emulator/lib64/vulkan/vk_swiftshader_icd.json
2026-04-24T02:22:06.0182871Z INFO         | SharedLibrary::open for [/usr/local/lib/android/sdk/emulator/qemu/linux-x86_64/lib64/vulkan/libvulkan.so]
2026-04-24T02:22:06.0183829Z INFO         | SharedLibrary::open for [/usr/local/lib/android/sdk/emulator/qemu/linux-x86_64/lib64/vulkan/libvulkan.so.1]
2026-04-24T02:22:06.0184992Z INFO         | SharedLibrary::open for [/usr/local/lib/android/sdk/emulator/lib64/vulkan/libvulkan.so]
2026-04-24T02:22:06.0185744Z INFO         | Added library: /usr/local/lib/android/sdk/emulator/lib64/vulkan/libvulkan.so
2026-04-24T02:22:06.0405330Z INFO         | Selecting Vulkan device: SwiftShader Device (Subzero), Version: 1.3.0
2026-04-24T02:22:06.0573460Z INFO         | SharedLibrary::open for [libX11]
2026-04-24T02:22:06.0575360Z WARNING      | Could not open libX11.so, try libX11.so.6
2026-04-24T02:22:06.0576896Z INFO         | SharedLibrary::open for [libX11.so.6]
2026-04-24T02:22:06.0578332Z INFO         | SharedLibrary::open for [libX11-xcb]
2026-04-24T02:22:06.0579800Z WARNING      | Could not open libX11-xcb.so, try libX11-xcb.so.1
2026-04-24T02:22:06.0581081Z INFO         | SharedLibrary::open for [libX11-xcb.so.1]
2026-04-24T02:22:06.0672880Z INFO         | Initializing VkEmulation features:
2026-04-24T02:22:06.0674413Z INFO         |     glInteropSupported: false
2026-04-24T02:22:06.0675735Z INFO         |     useDeferredCommands: true
2026-04-24T02:22:06.0677121Z INFO         |     createResourceWithRequirements: true
2026-04-24T02:22:06.0678528Z INFO         |     useVulkanComposition: false
2026-04-24T02:22:06.0679833Z INFO         |     useVulkanNativeSwapchain: false
2026-04-24T02:22:06.0681231Z INFO         |     enable guestRenderDoc: false
2026-04-24T02:22:06.0682139Z INFO         |     ASTC LDR emulation mode: Gpu
2026-04-24T02:22:06.0682992Z INFO         |     enable ETC2 emulation: true
2026-04-24T02:22:06.0683690Z INFO         |     enable Ycbcr emulation: false
2026-04-24T02:22:06.0684746Z INFO         |     guestVulkanOnly: false
2026-04-24T02:22:06.0685442Z INFO         |     useDedicatedAllocations: false
2026-04-24T02:22:06.0686300Z INFO         |     guestVulkanMaxApiVersion: 1.3.0
2026-04-24T02:22:06.0687031Z INFO         | Graphics Adapter Vendor Google (Google Inc.)
2026-04-24T02:22:06.0687939Z INFO         | Graphics Adapter Android Emulator OpenGL ES Translator (Google SwiftShader)
2026-04-24T02:22:06.0702705Z INFO         | Graphics API Version OpenGL ES 3.0 (OpenGL ES 3.0 SwiftShader 4.0.0.1)
2026-04-24T02:22:06.0707581Z INFO         | Graphics API Extensions GL_OES_EGL_sync GL_OES_EGL_image GL_OES_EGL_image_external GL_OES_depth24 GL_OES_depth32 GL_OES_element_index_uint GL_OES_texture_float GL_OES_texture_float_linear GL_OES_compressed_paletted_texture GL_OES_compressed_ETC1_RGB8_texture GL_OES_depth_texture GL_OES_texture_half_float GL_OES_texture_half_float_linear GL_OES_packed_depth_stencil GL_OES_vertex_half_float GL_OES_standard_derivatives GL_OES_texture_npot GL_OES_rgb8_rgba8 GL_EXT_color_buffer_float GL_EXT_color_buffer_half_float GL_EXT_texture_format_BGRA8888 GL_APPLE_texture_format_BGRA8888 
2026-04-24T02:22:06.0710077Z INFO         | Graphics Device Extensions N/A
2026-04-24T02:22:06.0710560Z INFO         | Disabling sparse binding feature support
2026-04-24T02:22:06.0744553Z INFO         | Sending adb public key [QAAAAC3gNaBbkMAxb+rmf5MRUkbiar+p1NjOCaNextRye3U3pbykzZhV18F/gK9QOCo8y4+LEZxu3aavkfUFBdd4b8L8aSkUZBMXXCeSmqd6wFsaBRG1QxNI50/Eui4vBLri/WHvk0m9HNG+vRx0FFxdAbZGVaznqXFK6/zBv7iNp/LSiGUQl+oF4h2yKXQjZd/rGZqeYf8jP6VGJJ+KzGXO/WseUfSnZl1oCh55WOI2KpGoVKnL0vuUL1ZhjUXjx057qL/IPduht2BoxlBSZTWfFmlGiFvy8YhQ8U87D9TbS5D4M+EkDpeR4Ujd/nEeaY0fuSNDrY4Ke8pSSDVHr0eToPkP8zy35Yxqt14hSfn8lffO1rQNvEWL9TC3yS37kHKTE5vlNHmhO+M6cpXZsI+LN2x9bTmiJO5uWE7ziJbU7n7iZrmoO09C/k2QYn85FsD7of0UEQTG7lwygKe+PE0RiVsfAW5OFaHgZ9ppauSjvaNE9BX0poA8G2OW+Jso6dGssfFBfXJQAI3ydRCHLuktIm8AEqUm+BIe0+nUHKbwlWsKV0IIEqcMiFk112NZ6eFKMTRQI77i78Sk1/iOMhngOQOxHCOm36dOSB4Ee9t2UxbH6Jc+fA6mNXjHPIPAyK7etulLQrWLZa3xZxmdTEflEYZ5LHuZjI2c3OeE56m0kmwhOALDYAEAAQA= runner@unknown]
2026-04-24T02:22:06.0751661Z INFO         | Userspace boot properties:
2026-04-24T02:22:06.0752730Z INFO         |   androidboot.boot_devices=pci0000:00/0000:00:03.0 pci0000:00/0000:00:06.0
2026-04-24T02:22:06.0753748Z INFO         |   androidboot.dalvik.vm.heapsize=512m
2026-04-24T02:22:06.0754689Z INFO         |   androidboot.debug.hwui.renderer=skiagl
2026-04-24T02:22:06.0755175Z INFO         |   androidboot.debug.sf.nobootanimation=1
2026-04-24T02:22:06.0755596Z INFO         |   androidboot.hardware=ranchu
2026-04-24T02:22:06.0756038Z INFO         |   androidboot.hardware.gltransport=pipe
2026-04-24T02:22:06.0756486Z INFO         |   androidboot.hardware.vulkan=ranchu
2026-04-24T02:22:06.0756924Z INFO         |   androidboot.logcat=*:V
2026-04-24T02:22:06.0757340Z INFO         |   androidboot.opengles.version=196608
2026-04-24T02:22:06.0757740Z INFO         |   androidboot.qemu=1
2026-04-24T02:22:06.0761922Z INFO         |   androidboot.qemu.adb.pubkey=QAAAAC3gNaBbkMAxb+rmf5MRUkbiar+p1NjOCaNextRye3U3pbykzZhV18F/gK9QOCo8y4+LEZxu3aavkfUFBdd4b8L8aSkUZBMXXCeSmqd6wFsaBRG1QxNI50/Eui4vBLri/WHvk0m9HNG+vRx0FFxdAbZGVaznqXFK6/zBv7iNp/LSiGUQl+oF4h2yKXQjZd/rGZqeYf8jP6VGJJ+KzGXO/WseUfSnZl1oCh55WOI2KpGoVKnL0vuUL1ZhjUXjx057qL/IPduht2BoxlBSZTWfFmlGiFvy8YhQ8U87D9TbS5D4M+EkDpeR4Ujd/nEeaY0fuSNDrY4Ke8pSSDVHr0eToPkP8zy35Yxqt14hSfn8lffO1rQNvEWL9TC3yS37kHKTE5vlNHmhO+M6cpXZsI+LN2x9bTmiJO5uWE7ziJbU7n7iZrmoO09C/k2QYn85FsD7of0UEQTG7lwygKe+PE0RiVsfAW5OFaHgZ9ppauSjvaNE9BX0poA8G2OW+Jso6dGssfFBfXJQAI3ydRCHLuktIm8AEqUm+BIe0+nUHKbwlWsKV0IIEqcMiFk112NZ6eFKMTRQI77i78Sk1/iOMhngOQOxHCOm36dOSB4Ee9t2UxbH6Jc+fA6mNXjHPIPAyK7etulLQrWLZa3xZxmdTEflEYZ5LHuZjI2c3OeE56m0kmwhOALDYAEAAQA= runner@unknown
2026-04-24T02:22:06.0765726Z INFO         |   androidboot.qemu.avd_name=test
2026-04-24T02:22:06.0766197Z INFO         |   androidboot.qemu.camera_hq_edge_processing=0
2026-04-24T02:22:06.0766673Z INFO         |   androidboot.qemu.camera_protocol_ver=1
2026-04-24T02:22:06.0767140Z INFO         |   androidboot.qemu.cpuvulkan.version=4202496
2026-04-24T02:22:06.0767664Z INFO         |   androidboot.qemu.gltransport.drawFlushInterval=800
2026-04-24T02:22:06.0768164Z INFO         |   androidboot.qemu.gltransport.name=pipe
2026-04-24T02:22:06.0768603Z INFO         |   androidboot.qemu.hwcodec.avcdec=2
2026-04-24T02:22:06.0769035Z INFO         |   androidboot.qemu.hwcodec.hevcdec=2
2026-04-24T02:22:06.0769455Z INFO         |   androidboot.qemu.hwcodec.vpxdec=2
2026-04-24T02:22:06.0769988Z INFO         |   androidboot.qemu.settings.system.screen_off_timeout=2147483647
2026-04-24T02:22:06.0770502Z INFO         |   androidboot.qemu.skin=1080x2400
2026-04-24T02:22:06.0770908Z INFO         |   androidboot.qemu.virtiowifi=1
2026-04-24T02:22:06.0771307Z INFO         |   androidboot.qemu.vsync=60
2026-04-24T02:22:06.0771732Z INFO         |   androidboot.serialno=EMULATOR36X5X11X0
2026-04-24T02:22:06.0772593Z INFO         |   androidboot.vbmeta.digest=451e57ed688ff746d2c636d52169ade253e2bc5bb30a5c3ff23679ca15d3bcd3
2026-04-24T02:22:06.0773235Z INFO         |   androidboot.vbmeta.hash_alg=sha256
2026-04-24T02:22:06.0773648Z INFO         |   androidboot.vbmeta.size=6656
2026-04-24T02:22:06.0774310Z INFO         |   androidboot.veritymode=enforcing
2026-04-24T02:22:06.0935676Z WARNING: cannnot unmap ptr 0x7fec7b801000 as it is in the protected range from 0x7febfb800000 to 0x7fec7ba00000
2026-04-24T02:22:06.1086682Z INFO         | Monitoring duration of emulator setup.
2026-04-24T02:22:09.1068633Z INFO         | Activated packet streamer for bluetooth emulation
2026-04-24T02:22:09.1090312Z INFO         | Successfully initialized netsim WiFi
2026-04-24T02:22:09.1153510Z INFO         | Setting display: 0 configuration to: 1080x2400, dpi: 420x420 
2026-04-24T02:22:09.1155389Z INFO         | setDisplayActiveConfig: id:0, 1080x2400
2026-04-24T02:22:09.1157440Z INFO         | emulatorSetupEnvironment: Setting up screen background view and display layout at env:1080x2400, lcd:1080x2400
2026-04-24T02:22:09.1159281Z INFO         | emulatorSetupEnvironment: Environment scene is not required
2026-04-24T02:22:09.1237242Z USER_INFO    | Emulator is performing a full startup. This may take upto two minutes, or more.
2026-04-24T02:22:09.1238615Z WARNING      | Failed to process .ini file /home/runner/.android/emu-update-last-check.ini for reading.
2026-04-24T02:22:09.2747097Z WARNING      | Failed to process .ini file /home/runner/.android/emu-update-last-check.ini for reading.
2026-04-24T02:22:15.5385308Z [command]/usr/local/lib/android/sdk/platform-tools/adb -s emulator-5554 shell getprop sys.boot_completed
2026-04-24T02:22:15.5425655Z * daemon not running; starting now at tcp:5037
2026-04-24T02:22:15.5461432Z * daemon started successfully
2026-04-24T02:22:15.5466956Z adb: device offline
2026-04-24T02:22:15.5476680Z The process '/usr/local/lib/android/sdk/platform-tools/adb' failed with exit code 1
2026-04-24T02:22:17.5520149Z [command]/usr/local/lib/android/sdk/platform-tools/adb -s emulator-5554 shell getprop sys.boot_completed
2026-04-24T02:22:17.5564254Z adb: device offline
2026-04-24T02:22:17.5571395Z The process '/usr/local/lib/android/sdk/platform-tools/adb' failed with exit code 1
2026-04-24T02:22:19.5611051Z [command]/usr/local/lib/android/sdk/platform-tools/adb -s emulator-5554 shell getprop sys.boot_completed
2026-04-24T02:22:19.5650042Z adb: device offline
2026-04-24T02:22:19.5658878Z The process '/usr/local/lib/android/sdk/platform-tools/adb' failed with exit code 1
2026-04-24T02:22:21.5727215Z [command]/usr/local/lib/android/sdk/platform-tools/adb -s emulator-5554 shell getprop sys.boot_completed
2026-04-24T02:22:21.6065973Z 
2026-04-24T02:22:23.6126054Z [command]/usr/local/lib/android/sdk/platform-tools/adb -s emulator-5554 shell getprop sys.boot_completed
2026-04-24T02:22:23.6605326Z 
2026-04-24T02:22:25.6725510Z [command]/usr/local/lib/android/sdk/platform-tools/adb -s emulator-5554 shell getprop sys.boot_completed
2026-04-24T02:22:25.7076378Z 
2026-04-24T02:22:27.7136145Z [command]/usr/local/lib/android/sdk/platform-tools/adb -s emulator-5554 shell getprop sys.boot_completed
2026-04-24T02:22:27.7358218Z 
2026-04-24T02:22:29.7426031Z [command]/usr/local/lib/android/sdk/platform-tools/adb -s emulator-5554 shell getprop sys.boot_completed
2026-04-24T02:22:29.7641774Z 
2026-04-24T02:22:31.7679214Z [command]/usr/local/lib/android/sdk/platform-tools/adb -s emulator-5554 shell getprop sys.boot_completed
2026-04-24T02:22:31.8032792Z 
2026-04-24T02:22:33.8086045Z [command]/usr/local/lib/android/sdk/platform-tools/adb -s emulator-5554 shell getprop sys.boot_completed
2026-04-24T02:22:33.8324338Z 
2026-04-24T02:22:35.8392763Z [command]/usr/local/lib/android/sdk/platform-tools/adb -s emulator-5554 shell getprop sys.boot_completed
2026-04-24T02:22:35.8685491Z 
2026-04-24T02:22:37.8750274Z [command]/usr/local/lib/android/sdk/platform-tools/adb -s emulator-5554 shell getprop sys.boot_completed
2026-04-24T02:22:37.9105381Z 
2026-04-24T02:22:39.9159767Z [command]/usr/local/lib/android/sdk/platform-tools/adb -s emulator-5554 shell getprop sys.boot_completed
2026-04-24T02:22:39.9447909Z 
2026-04-24T02:22:41.9502407Z [command]/usr/local/lib/android/sdk/platform-tools/adb -s emulator-5554 shell getprop sys.boot_completed
2026-04-24T02:22:41.9800810Z 
2026-04-24T02:22:43.9862781Z [command]/usr/local/lib/android/sdk/platform-tools/adb -s emulator-5554 shell getprop sys.boot_completed
2026-04-24T02:22:44.0256663Z 
2026-04-24T02:22:46.0318755Z [command]/usr/local/lib/android/sdk/platform-tools/adb -s emulator-5554 shell getprop sys.boot_completed
2026-04-24T02:22:46.0514360Z 
2026-04-24T02:22:47.6413501Z INFO         | Boot completed in 42070 ms
2026-04-24T02:22:47.6415332Z INFO         | Increasing screen off timeout, logcat buffer size to 2M.
2026-04-24T02:22:48.0550959Z [command]/usr/local/lib/android/sdk/platform-tools/adb -s emulator-5554 shell getprop sys.boot_completed
2026-04-24T02:22:48.1641407Z 1
2026-04-24T02:22:48.1651897Z Emulator booted.
2026-04-24T02:22:48.1688486Z [command]/usr/local/lib/android/sdk/platform-tools/adb -s emulator-5554 shell input keyevent 82
2026-04-24T02:22:59.5410528Z Disabling animations.
2026-04-24T02:22:59.5452105Z [command]/usr/local/lib/android/sdk/platform-tools/adb -s emulator-5554 shell settings put global window_animation_scale 0.0
2026-04-24T02:23:00.0240074Z [command]/usr/local/lib/android/sdk/platform-tools/adb -s emulator-5554 shell settings put global transition_animation_scale 0.0
2026-04-24T02:23:00.1795447Z [command]/usr/local/lib/android/sdk/platform-tools/adb -s emulator-5554 shell settings put global animator_duration_scale 0.0
2026-04-24T02:23:00.3920275Z ##[endgroup]
2026-04-24T02:23:00.3952840Z [command]/usr/bin/sh -c adb devices
2026-04-24T02:23:00.4065420Z List of devices attached
2026-04-24T02:23:00.4067580Z emulator-5554	device
2026-04-24T02:23:00.4068323Z 
2026-04-24T02:23:00.4069302Z [command]/usr/bin/sh -c adb shell settings put global window_animation_scale 0
2026-04-24T02:23:00.5150984Z [command]/usr/bin/sh -c adb shell settings put global transition_animation_scale 0
2026-04-24T02:23:00.8061577Z [command]/usr/bin/sh -c adb shell settings put global animator_duration_scale 0
2026-04-24T02:23:00.9788711Z [command]/usr/bin/sh -c adb shell "ping -c 1 10.0.2.2 || true"
2026-04-24T02:23:01.1375289Z PING 10.0.2.2 (10.0.2.2) 56(84) bytes of data.
2026-04-24T02:23:01.1395433Z 64 bytes from 10.0.2.2: icmp_seq=1 ttl=255 time=0.915 ms
2026-04-24T02:23:01.1434491Z 
2026-04-24T02:23:01.1464823Z --- 10.0.2.2 ping statistics ---
2026-04-24T02:23:01.1485531Z 1 packets transmitted, 1 received, 0% packet loss, time 0ms
2026-04-24T02:23:01.1514953Z rtt min/avg/max/mdev = 0.915/0.915/0.915/0.000 ms
2026-04-24T02:23:01.1516617Z [command]/usr/bin/sh -c ./gradlew connectedDebugAndroidTest --no-daemon --continue
2026-04-24T02:23:02.5569677Z To honour the JVM settings for this build a single-use Daemon process will be forked. For more on this, please refer to https://docs.gradle.org/9.3.1/userguide/gradle_daemon.html#sec:disabling_the_daemon in the Gradle documentation.
2026-04-24T02:23:06.7551876Z Daemon will be stopped at the end of the build 
2026-04-24T02:23:07.6529218Z Configuration on demand is an incubating feature.
2026-04-24T02:23:18.5564535Z 
2026-04-24T02:23:18.5567092Z > Configure project :app
2026-04-24T02:23:18.5605403Z WARNING: The option setting 'android.builtInKotlin=false' is deprecated.
2026-04-24T02:23:18.5647334Z The current default is 'true'.
2026-04-24T02:23:18.5664376Z It will be removed in version 10.0 of the Android Gradle plugin.
2026-04-24T02:23:18.5695138Z WARNING: The option setting 'android.newDsl=false' is deprecated.
2026-04-24T02:23:18.5721195Z The current default is 'true'.
2026-04-24T02:23:18.5735344Z It will be removed in version 10.0 of the Android Gradle plugin.
2026-04-24T02:23:18.5738062Z WARNING: The option setting 'android.dependency.excludeLibraryComponentsFromConstraints=true' is deprecated.
2026-04-24T02:23:18.5784900Z The current default is 'false'.
2026-04-24T02:23:18.5806787Z It will be removed in version 10.0 of the Android Gradle plugin.
2026-04-24T02:23:18.5819246Z Following can be set instead to achieve a similar behaviour.
2026-04-24T02:23:18.5870241Z     android.dependency.useConstraints=false
2026-04-24T02:23:22.8561035Z w: ⚠️ Deprecated 'org.jetbrains.kotlin.android' plugin usage
2026-04-24T02:23:22.8571987Z The 'org.jetbrains.kotlin.android' plugin in project ':app' is no longer required for Kotlin support since AGP 9.0.
2026-04-24T02:23:22.8603300Z Solution: Remove both `android.builtInKotlin=true` and `android.newDsl=false` from `gradle.properties`, then migrate to built-in Kotlin.
2026-04-24T02:23:22.8634016Z See https://kotl.in/gradle/agp-built-in-kotlin for more details.
2026-04-24T02:23:22.8664567Z 
2026-04-24T02:23:25.9541344Z 
2026-04-24T02:23:25.9567004Z > Task :app:checkKotlinGradlePluginConfigurationErrors SKIPPED
2026-04-24T02:23:25.9625994Z > Task :app:preBuild UP-TO-DATE
2026-04-24T02:23:25.9649248Z > Task :app:preDebugBuild UP-TO-DATE
2026-04-24T02:23:26.0536420Z > Task :app:generateDebugBuildConfig FROM-CACHE
2026-04-24T02:23:26.0552141Z > Task :app:generateDebugResValues FROM-CACHE
2026-04-24T02:23:26.1546540Z > Task :app:generateDebugResources FROM-CACHE
2026-04-24T02:23:26.1582911Z > Task :app:injectCrashlyticsMappingFileIdDebug
2026-04-24T02:23:26.2555640Z > Task :app:processDebugGoogleServices FROM-CACHE
2026-04-24T02:23:26.2578497Z > Task :app:packageDebugResources FROM-CACHE
2026-04-24T02:23:27.3555687Z > Task :app:processDebugNavigationResources FROM-CACHE
2026-04-24T02:23:27.8566780Z > Task :app:parseDebugLocalResources FROM-CACHE
2026-04-24T02:23:27.9585828Z > Task :app:generateDebugRFile FROM-CACHE
2026-04-24T02:23:29.1532963Z > Task :app:kspDebugKotlin FROM-CACHE
2026-04-24T02:23:31.2555280Z > Task :app:compileDebugKotlin FROM-CACHE
2026-04-24T02:23:31.2592448Z > Task :app:javaPreCompileDebug FROM-CACHE
2026-04-24T02:23:34.1532646Z > Task :app:compileDebugJavaWithJavac FROM-CACHE
2026-04-24T02:23:34.1535125Z > Task :app:generateDebugAssets UP-TO-DATE
2026-04-24T02:23:34.4576626Z > Task :app:mergeDebugAssets
2026-04-24T02:23:34.4616438Z > Task :app:compressDebugAssets FROM-CACHE
2026-04-24T02:23:34.4705575Z > Task :app:desugarDebugFileDependencies FROM-CACHE
2026-04-24T02:23:34.4735945Z > Task :app:hiltSyncDebug UP-TO-DATE
2026-04-24T02:23:34.8561816Z > Task :app:hiltAggregateDepsDebug FROM-CACHE
2026-04-24T02:23:35.0531647Z > Task :app:hiltJavaCompileDebug FROM-CACHE
2026-04-24T02:23:35.2535364Z > Task :app:mapDebugSourceSetPaths
2026-04-24T02:23:35.2572853Z > Task :app:compileDebugNavigationResources FROM-CACHE
2026-04-24T02:23:35.3545733Z > Task :app:checkDebugAarMetadata
2026-04-24T02:23:35.4609326Z > Task :app:mergeDebugResources FROM-CACHE
2026-04-24T02:23:35.5544998Z > Task :app:createDebugCompatibleScreenManifests
2026-04-24T02:23:35.5577525Z > Task :app:extractDeepLinksDebug FROM-CACHE
2026-04-24T02:23:35.7544222Z > Task :app:processDebugMainManifest FROM-CACHE
2026-04-24T02:23:35.7545333Z > Task :app:processDebugManifest FROM-CACHE
2026-04-24T02:23:35.7593299Z > Task :app:processDebugManifestForPackage FROM-CACHE
2026-04-24T02:23:36.1535532Z > Task :app:processDebugResources FROM-CACHE
2026-04-24T02:23:37.4533823Z > Task :app:transformDebugClassesWithAsm FROM-CACHE
2026-04-24T02:23:39.4585665Z > Task :app:dexBuilderDebug FROM-CACHE
2026-04-24T02:23:39.8533348Z > Task :app:mergeDebugGlobalSynthetics FROM-CACHE
2026-04-24T02:23:40.0628716Z > Task :app:processDebugJavaRes
2026-04-24T02:23:40.5541928Z > Task :app:mergeDebugJniLibFolders
2026-04-24T02:23:40.7542867Z > Task :app:checkDebugDuplicateClasses
2026-04-24T02:23:40.7551461Z > Task :app:mergeDebugNativeLibs
2026-04-24T02:23:42.0545353Z > Task :app:mergeExtDexDebug FROM-CACHE
2026-04-24T02:23:42.0566849Z > Task :app:mergeLibDexDebug FROM-CACHE
2026-04-24T02:23:42.3535530Z > Task :app:mergeProjectDexDebug FROM-CACHE
2026-04-24T02:23:42.4548933Z > Task :app:validateSigningDebug
2026-04-24T02:23:42.4553515Z > Task :app:writeDebugAppMetadata
2026-04-24T02:23:42.5535687Z > Task :app:writeDebugSigningConfigVersions
2026-04-24T02:23:42.5585134Z > Task :app:preDebugAndroidTestBuild SKIPPED
2026-04-24T02:23:42.7577716Z > Task :app:stripDebugDebugSymbols
2026-04-24T02:23:43.1535328Z > Task :app:processDebugAndroidTestManifest
2026-04-24T02:23:43.2545443Z > Task :app:generateDebugAndroidTestBuildConfig FROM-CACHE
2026-04-24T02:23:43.2835664Z > Task :app:generateDebugAndroidTestResValues FROM-CACHE
2026-04-24T02:23:43.2865028Z > Task :app:generateDebugAndroidTestResources FROM-CACHE
2026-04-24T02:23:43.2866078Z > Task :app:packageDebugAndroidTestResources FROM-CACHE
2026-04-24T02:23:43.2867174Z > Task :app:processDebugAndroidTestNavigationResources FROM-CACHE
2026-04-24T02:23:43.2899771Z > Task :app:parseDebugAndroidTestLocalResources FROM-CACHE
2026-04-24T02:23:43.2902533Z > Task :app:generateDebugAndroidTestRFile FROM-CACHE
2026-04-24T02:23:43.3547150Z > Task :app:javaPreCompileDebugAndroidTest FROM-CACHE
2026-04-24T02:23:43.3579312Z > Task :app:generateDebugAndroidTestAssets UP-TO-DATE
2026-04-24T02:23:43.3599904Z > Task :app:mergeDebugAndroidTestAssets
2026-04-24T02:23:43.3654876Z > Task :app:compressDebugAndroidTestAssets FROM-CACHE
2026-04-24T02:23:43.3685102Z > Task :app:desugarDebugAndroidTestFileDependencies FROM-CACHE
2026-04-24T02:23:43.4565298Z > Task :app:checkDebugAndroidTestAarMetadata
2026-04-24T02:23:43.4594789Z > Task :app:mapDebugAndroidTestSourceSetPaths
2026-04-24T02:23:43.4624920Z > Task :app:compileDebugAndroidTestNavigationResources FROM-CACHE
2026-04-24T02:23:43.4654747Z > Task :app:bundleDebugClassesToCompileJar
2026-04-24T02:23:43.5561100Z > Task :app:mergeDebugAndroidTestResources FROM-CACHE
2026-04-24T02:23:44.4528251Z > Task :app:mergeDebugJavaResource
2026-04-24T02:23:44.9566427Z > Task :app:processDebugAndroidTestResources FROM-CACHE
2026-04-24T02:23:45.0555783Z > Task :app:mergeDebugAndroidTestJniLibFolders
2026-04-24T02:23:45.1545785Z > Task :app:checkDebugAndroidTestDuplicateClasses
2026-04-24T02:23:45.3588572Z > Task :app:mergeDebugAndroidTestNativeLibs
2026-04-24T02:23:45.6594551Z > Task :app:mergeExtDexDebugAndroidTest FROM-CACHE
2026-04-24T02:23:45.6595693Z > Task :app:mergeLibDexDebugAndroidTest FROM-CACHE
2026-04-24T02:23:45.6596488Z > Task :app:validateSigningDebugAndroidTest
2026-04-24T02:23:45.6597374Z > Task :app:writeDebugAndroidTestSigningConfigVersions
2026-04-24T02:23:45.7539579Z > Task :app:stripDebugAndroidTestDebugSymbols
2026-04-24T02:23:47.1528215Z > Task :app:packageDebug
2026-04-24T02:23:47.1533061Z > Task :app:createDebugApkListingFileRedirect
2026-04-24T02:24:04.1535396Z > Task :app:kspDebugAndroidTestKotlin
2026-04-24T02:24:23.6554661Z 
2026-04-24T02:24:23.6591250Z > Task :app:compileDebugAndroidTestKotlin
2026-04-24T02:24:23.6662393Z e: file:///home/runner/work/prismTask/prismTask/app/src/androidTest/java/com/averycorp/prismtask/sync/SyncTestHarness.kt:274:1 Syntax error: Unclosed comment.
2026-04-24T02:24:23.6711865Z e: file:///home/runner/work/prismTask/prismTask/app/src/androidTest/java/com/averycorp/prismtask/sync/SyncTestHarnessSmokeTest.kt:39:35 Unresolved reference 'SyncTestHarness'.
2026-04-24T02:24:23.6746383Z e: file:///home/runner/work/prismTask/prismTask/app/src/androidTest/java/com/averycorp/prismtask/sync/SyncTestHarnessSmokeTest.kt:49:19 Unresolved reference 'SyncTestHarness'.
2026-04-24T02:24:23.6775346Z e: file:///home/runner/work/prismTask/prismTask/app/src/androidTest/java/com/averycorp/prismtask/sync/SyncTestHarnessSmokeTest.kt:50:9 Cannot infer type for type parameter 'T'. Specify it explicitly.
2026-04-24T02:24:23.6836398Z e: file:///home/runner/work/prismTask/prismTask/app/src/androidTest/java/com/averycorp/prismtask/sync/SyncTestHarnessSmokeTest.kt:51:21 Unresolved reference 'signInBothDevicesAsSharedUser'.
2026-04-24T02:24:23.6860262Z e: file:///home/runner/work/prismTask/prismTask/app/src/androidTest/java/com/averycorp/prismtask/sync/SyncTestHarnessSmokeTest.kt:54:21 Unresolved reference 'cleanupFirestoreUser'.
2026-04-24T02:24:23.6927625Z e: file:///home/runner/work/prismTask/prismTask/app/src/androidTest/java/com/averycorp/prismtask/sync/SyncTestHarnessSmokeTest.kt:61:13 Cannot infer type for type parameter 'T'. Specify it explicitly.
2026-04-24T02:24:23.6987280Z e: file:///home/runner/work/prismTask/prismTask/app/src/androidTest/java/com/averycorp/prismtask/sync/SyncTestHarnessSmokeTest.kt:62:17 Cannot infer type for type parameter 'R'. Specify it explicitly.
2026-04-24T02:24:23.7010329Z e: file:///home/runner/work/prismTask/prismTask/app/src/androidTest/java/com/averycorp/prismtask/sync/SyncTestHarnessSmokeTest.kt:62:39 Unresolved reference 'cleanupFirestoreUser'.
2026-04-24T02:24:23.7571080Z e: file:///home/runner/work/prismTask/prismTask/app/src/androidTest/java/com/averycorp/prismtask/sync/SyncTestHarnessSmokeTest.kt:64:21 Unresolved reference 'signOutBothDevices'.
2026-04-24T02:24:23.7616863Z e: file:///home/runner/work/prismTask/prismTask/app/src/androidTest/java/com/averycorp/prismtask/sync/SyncTestHarnessSmokeTest.kt:69:49 Cannot infer type for type parameter 'T'. Specify it explicitly.
2026-04-24T02:24:23.7660449Z e: file:///home/runner/work/prismTask/prismTask/app/src/androidTest/java/com/averycorp/prismtask/sync/SyncTestHarnessSmokeTest.kt:70:9 Cannot infer type for type parameter 'T'. Specify it explicitly.
2026-04-24T02:24:23.7663518Z e: file:///home/runner/work/prismTask/prismTask/app/src/androidTest/java/com/averycorp/prismtask/sync/SyncTestHarnessSmokeTest.kt:72:32 Unresolved reference 'deviceAAuth'.
2026-04-24T02:24:23.7666625Z e: file:///home/runner/work/prismTask/prismTask/app/src/androidTest/java/com/averycorp/prismtask/sync/SyncTestHarnessSmokeTest.kt:73:32 Unresolved reference 'deviceBAuth'.
2026-04-24T02:24:23.7669236Z e: file:///home/runner/work/prismTask/prismTask/app/src/androidTest/java/com/averycorp/prismtask/sync/SyncTestHarnessSmokeTest.kt:77:86 Unresolved reference 'userId'.
2026-04-24T02:24:23.7671655Z e: file:///home/runner/work/prismTask/prismTask/app/src/androidTest/java/com/averycorp/prismtask/sync/SyncTestHarnessSmokeTest.kt:85:21 Unresolved reference 'writeAsDeviceB'.
2026-04-24T02:24:23.7674677Z e: file:///home/runner/work/prismTask/prismTask/app/src/androidTest/java/com/averycorp/prismtask/sync/SyncTestHarnessSmokeTest.kt:95:32 Unresolved reference 'firestoreDoc'.
2026-04-24T02:24:23.7677506Z e: file:///home/runner/work/prismTask/prismTask/app/src/androidTest/java/com/averycorp/prismtask/sync/SyncTestHarnessSmokeTest.kt:105:21 Unresolved reference 'setDeviceAOffline'.
2026-04-24T02:24:23.7684998Z e: file:///home/runner/work/prismTask/prismTask/app/src/androidTest/java/com/averycorp/prismtask/sync/SyncTestHarnessSmokeTest.kt:108:25 Unresolved reference 'writeAsDeviceB'.
2026-04-24T02:24:23.7687834Z e: file:///home/runner/work/prismTask/prismTask/app/src/androidTest/java/com/averycorp/prismtask/sync/SyncTestHarnessSmokeTest.kt:117:36 Unresolved reference 'deviceBFirestore'.
2026-04-24T02:24:23.7690601Z e: file:///home/runner/work/prismTask/prismTask/app/src/androidTest/java/com/averycorp/prismtask/sync/SyncTestHarnessSmokeTest.kt:119:39 Unresolved reference 'userId'.
2026-04-24T02:24:23.7693480Z e: file:///home/runner/work/prismTask/prismTask/app/src/androidTest/java/com/averycorp/prismtask/sync/SyncTestHarnessSmokeTest.kt:123:22 None of the following candidates is applicable:
2026-04-24T02:24:23.7695070Z 
2026-04-24T02:24:23.7695748Z suspend fun <T> Task<T>.await(): T:
2026-04-24T02:24:23.7696877Z   Unresolved reference. None of the following candidates is applicable because of a receiver type mismatch:
2026-04-24T02:24:23.7697976Z suspend fun <T> Task<T>.await(): T
2026-04-24T02:24:23.7698333Z 
2026-04-24T02:24:23.7698973Z suspend fun <T> Task<T>.await(cancellationTokenSource: CancellationTokenSource): T:
2026-04-24T02:24:23.7700333Z   Unresolved reference. None of the following candidates is applicable because of a receiver type mismatch:
2026-04-24T02:24:23.7701716Z suspend fun <T> Task<T>.await(cancellationTokenSource: CancellationTokenSource): T
2026-04-24T02:24:23.7704438Z e: file:///home/runner/work/prismTask/prismTask/app/src/androidTest/java/com/averycorp/prismtask/sync/SyncTestHarnessSmokeTest.kt:124:79 Unresolved reference 'exists'.
2026-04-24T02:24:23.7707207Z e: file:///home/runner/work/prismTask/prismTask/app/src/androidTest/java/com/averycorp/prismtask/sync/SyncTestHarnessSmokeTest.kt:125:62 Unresolved reference 'getString'.
2026-04-24T02:24:23.7710458Z e: file:///home/runner/work/prismTask/prismTask/app/src/androidTest/java/com/averycorp/prismtask/sync/SyncTestHarnessSmokeTest.kt:127:25 Unresolved reference 'setDeviceAOnline'.
2026-04-24T02:24:23.7713158Z e: file:///home/runner/work/prismTask/prismTask/app/src/androidTest/java/com/averycorp/prismtask/sync/SyncTestHarnessSmokeTest.kt:137:21 Unresolved reference 'waitFor'.
2026-04-24T02:24:23.7716056Z e: file:///home/runner/work/prismTask/prismTask/app/src/androidTest/java/com/averycorp/prismtask/sync/SyncTestHarnessSmokeTest.kt:159:25 Unresolved reference 'waitFor'.
2026-04-24T02:24:23.7719077Z e: file:///home/runner/work/prismTask/prismTask/app/src/androidTest/java/com/averycorp/prismtask/sync/SyncTestHarnessSmokeTest.kt:178:21 Unresolved reference 'writeAsDeviceB'.
2026-04-24T02:24:23.7721883Z e: file:///home/runner/work/prismTask/prismTask/app/src/androidTest/java/com/averycorp/prismtask/sync/SyncTestHarnessSmokeTest.kt:179:21 Unresolved reference 'writeAsDeviceB'.
2026-04-24T02:24:23.7724692Z e: file:///home/runner/work/prismTask/prismTask/app/src/androidTest/java/com/averycorp/prismtask/sync/SyncTestHarnessSmokeTest.kt:180:21 Unresolved reference 'writeAsDeviceB'.
2026-04-24T02:24:23.7727151Z e: file:///home/runner/work/prismTask/prismTask/app/src/androidTest/java/com/averycorp/prismtask/sync/SyncTestHarnessSmokeTest.kt:181:37 Unresolved reference 'firestoreCount'.
2026-04-24T02:24:23.7729646Z e: file:///home/runner/work/prismTask/prismTask/app/src/androidTest/java/com/averycorp/prismtask/sync/SyncTestHarnessSmokeTest.kt:182:37 Unresolved reference 'firestoreCount'.
2026-04-24T02:24:23.7732251Z e: file:///home/runner/work/prismTask/prismTask/app/src/androidTest/java/com/averycorp/prismtask/sync/SyncTestHarnessSmokeTest.kt:184:21 Unresolved reference 'cleanupFirestoreUser'.
2026-04-24T02:24:23.7735174Z e: file:///home/runner/work/prismTask/prismTask/app/src/androidTest/java/com/averycorp/prismtask/sync/SyncTestHarnessSmokeTest.kt:186:37 Unresolved reference 'firestoreCount'.
2026-04-24T02:24:23.7737768Z e: file:///home/runner/work/prismTask/prismTask/app/src/androidTest/java/com/averycorp/prismtask/sync/SyncTestHarnessSmokeTest.kt:187:37 Unresolved reference 'firestoreCount'.
2026-04-24T02:24:23.7739112Z 
2026-04-24T02:24:23.7739624Z > Task :app:compileDebugAndroidTestKotlin FAILED
2026-04-24T02:24:23.9544663Z gradle/actions: Writing build results to /home/runner/work/_temp/.gradle-actions/build-results/__reactivecircus_android-emulator-runner-1776997391784.json
2026-04-24T02:24:23.9581280Z 
2026-04-24T02:24:23.9603797Z [Incubating] Problems report is available at: file:///home/runner/work/prismTask/prismTask/build/reports/problems/problems-report.html
2026-04-24T02:24:23.9614486Z 
2026-04-24T02:24:23.9643810Z FAILURE: Build failed with an exception.
2026-04-24T02:24:23.9654482Z 
2026-04-24T02:24:23.9684766Z * What went wrong:
2026-04-24T02:24:23.9715306Z Execution failed for task ':app:compileDebugAndroidTestKotlin'.
2026-04-24T02:24:23.9716941Z > A failure occurred while executing org.jetbrains.kotlin.compilerRunner.btapi.BuildToolsApiCompilationWork
2026-04-24T02:24:23.9718153Z    > Compilation error. See log for more details
2026-04-24T02:24:23.9718704Z 
2026-04-24T02:24:23.9718878Z * Try:
2026-04-24T02:24:23.9719500Z > Run with --stacktrace option to get the stack trace.
2026-04-24T02:24:23.9720367Z > Run with --info or --debug option to get more log output.
2026-04-24T02:24:23.9721432Z > Run with --scan to get full insights from a Build Scan (powered by Develocity).
2026-04-24T02:24:23.9722370Z > Get more help at https://help.gradle.org.
2026-04-24T02:24:23.9755630Z 
2026-04-24T02:24:23.9774774Z BUILD FAILED in 1m 22s
2026-04-24T02:24:23.9804555Z 
2026-04-24T02:24:23.9819872Z Deprecated Gradle features were used in this build, making it incompatible with Gradle 10.
2026-04-24T02:24:23.9834400Z 
2026-04-24T02:24:23.9861796Z You can use '--warning-mode all' to show the individual deprecation warnings and determine if they come from your own scripts or plugins.
2026-04-24T02:24:23.9895558Z 
2026-04-24T02:24:23.9916034Z For more on this, please refer to https://docs.gradle.org/9.3.1/userguide/command_line_interface.html#sec:command_line_warnings in the Gradle documentation.
2026-04-24T02:24:23.9934775Z 73 actionable tasks: 29 executed, 44 from cache
2026-04-24T02:24:24.6094918Z ##[error]The process '/usr/bin/sh' failed with exit code 1
2026-04-24T02:24:24.6110487Z ##[group]Terminate Emulator
2026-04-24T02:24:24.6115835Z [command]/usr/local/lib/android/sdk/platform-tools/adb -s emulator-5554 emu kill
2026-04-24T02:24:24.6170598Z OK: killing emulator, bye bye
2026-04-24T02:24:24.6179971Z OK
2026-04-24T02:24:24.6181879Z INFO         | Wait for emulator (pid 2923) 20 seconds to shutdown gracefully before kill;you can set environment variable ANDROID_EMULATOR_WAIT_TIME_BEFORE_KILL(in seconds) to change the default value (20 seconds)
2026-04-24T02:24:24.6183397Z 
2026-04-24T02:24:24.6184321Z ##[endgroup]
2026-04-24T02:24:24.6295695Z USER_INFO    | Snapshots have been disabled by the user, save request is ignored.
2026-04-24T02:24:24.6316393Z INFO         | Saving snapshot 'default_boot' using 0 ms
2026-04-24T02:24:25.1664205Z ERROR        | stop: Not implemented
2026-04-24T02:24:25.1665392Z WARNING      | Emulator client has not yet been configured.. Call configure me first!
2026-04-24T02:24:25.2235430Z WARNING      | Netsim Wifi localhost:41267 is gone due to CANCELLED
2026-04-24T02:24:25.9468263Z ##[group]Run if [ -n "${FIREBASE_EMULATORS_PID:-}" ]; then
2026-04-24T02:24:25.9468751Z [36;1mif [ -n "${FIREBASE_EMULATORS_PID:-}" ]; then[0m
2026-04-24T02:24:25.9469161Z [36;1m  kill "$FIREBASE_EMULATORS_PID" || true[0m
2026-04-24T02:24:25.9469554Z [36;1m  wait "$FIREBASE_EMULATORS_PID" 2>/dev/null || true[0m
2026-04-24T02:24:25.9469907Z [36;1mfi[0m
2026-04-24T02:24:25.9516677Z shell: /usr/bin/bash -e {0}
2026-04-24T02:24:25.9516949Z env:
2026-04-24T02:24:25.9517179Z   USE_FIREBASE_EMULATOR: true
2026-04-24T02:24:25.9517582Z   JAVA_HOME: /opt/hostedtoolcache/Java_Temurin-Hotspot_jdk/21.0.10-7/x64
2026-04-24T02:24:25.9518111Z   JAVA_HOME_21_X64: /opt/hostedtoolcache/Java_Temurin-Hotspot_jdk/21.0.10-7/x64
2026-04-24T02:24:25.9518572Z   GRADLE_ACTION_ID: gradle/actions/setup-gradle
2026-04-24T02:24:25.9518909Z   GRADLE_USER_HOME: /home/runner/.gradle
2026-04-24T02:24:25.9519234Z   GRADLE_BUILD_ACTION_SETUP_COMPLETED: true
2026-04-24T02:24:25.9519589Z   GRADLE_BUILD_ACTION_CACHE_RESTORED: true
2026-04-24T02:24:25.9520059Z   DEVELOCITY_INJECTION_INIT_SCRIPT_NAME: gradle-actions.inject-develocity.init.gradle
2026-04-24T02:24:25.9520574Z   DEVELOCITY_INJECTION_CUSTOM_VALUE: gradle-actions
2026-04-24T02:24:25.9520929Z   GITHUB_DEPENDENCY_GRAPH_ENABLED: false
2026-04-24T02:24:25.9521240Z   FIREBASE_EMULATORS_PID: 2509
2026-04-24T02:24:25.9521537Z   ANDROID_AVD_HOME: /home/runner/.android/avd
2026-04-24T02:24:25.9521845Z ##[endgroup]
2026-04-24T02:24:25.9635099Z ##[group]Run actions/upload-artifact@v4
2026-04-24T02:24:25.9635648Z with:
2026-04-24T02:24:25.9636036Z   name: firebase-emulator-log
2026-04-24T02:24:25.9636562Z   path: /home/runner/work/_temp/firebase-emulators.log
2026-04-24T02:24:25.9636915Z   retention-days: 7
2026-04-24T02:24:25.9637166Z   if-no-files-found: ignore
2026-04-24T02:24:25.9637438Z   compression-level: 6
2026-04-24T02:24:25.9637678Z   overwrite: false
2026-04-24T02:24:25.9637921Z   include-hidden-files: false
2026-04-24T02:24:25.9638188Z env:
2026-04-24T02:24:25.9638401Z   USE_FIREBASE_EMULATOR: true
2026-04-24T02:24:25.9638783Z   JAVA_HOME: /opt/hostedtoolcache/Java_Temurin-Hotspot_jdk/21.0.10-7/x64
2026-04-24T02:24:25.9639311Z   JAVA_HOME_21_X64: /opt/hostedtoolcache/Java_Temurin-Hotspot_jdk/21.0.10-7/x64
2026-04-24T02:24:25.9639778Z   GRADLE_ACTION_ID: gradle/actions/setup-gradle
2026-04-24T02:24:25.9640268Z   GRADLE_USER_HOME: /home/runner/.gradle
2026-04-24T02:24:25.9640835Z   GRADLE_BUILD_ACTION_SETUP_COMPLETED: true
2026-04-24T02:24:25.9641186Z   GRADLE_BUILD_ACTION_CACHE_RESTORED: true
2026-04-24T02:24:25.9641659Z   DEVELOCITY_INJECTION_INIT_SCRIPT_NAME: gradle-actions.inject-develocity.init.gradle
2026-04-24T02:24:25.9642353Z   DEVELOCITY_INJECTION_CUSTOM_VALUE: gradle-actions
2026-04-24T02:24:25.9642937Z   GITHUB_DEPENDENCY_GRAPH_ENABLED: false
2026-04-24T02:24:25.9643433Z   FIREBASE_EMULATORS_PID: 2509
2026-04-24T02:24:25.9643954Z   ANDROID_AVD_HOME: /home/runner/.android/avd
2026-04-24T02:24:25.9644764Z ##[endgroup]
2026-04-24T02:24:26.2067918Z With the provided path, there will be 1 file uploaded
2026-04-24T02:24:26.2073252Z Artifact name is valid!
2026-04-24T02:24:26.2074852Z Root directory input is valid!
2026-04-24T02:24:26.3714589Z Beginning upload of artifact content to blob storage
2026-04-24T02:24:26.4940593Z Uploaded bytes 1051
2026-04-24T02:24:26.5266642Z Finished uploading artifact content to blob storage!
2026-04-24T02:24:26.5270528Z SHA256 digest of uploaded artifact zip is 277355a85983f300a04c139fba3aa9feca97f10f767144a4dd1237d1a42602e7
2026-04-24T02:24:26.5272106Z Finalizing artifact upload
2026-04-24T02:24:26.6571796Z Artifact firebase-emulator-log.zip successfully finalized. Artifact ID 6616059680
2026-04-24T02:24:26.6573674Z Artifact firebase-emulator-log has been successfully uploaded! Final size is 1051 bytes. Artifact ID is 6616059680
2026-04-24T02:24:26.6581697Z Artifact download URL: https://github.com/akarlin3/prismTask/actions/runs/24868913238/artifacts/6616059680
2026-04-24T02:24:26.6709408Z ##[group]Run actions/upload-artifact@v4
2026-04-24T02:24:26.6709751Z with:
2026-04-24T02:24:26.6709990Z   name: connected-test-results
2026-04-24T02:24:26.6710481Z   path: app/build/reports/androidTests/
app/build/outputs/androidTest-results/

2026-04-24T02:24:26.6710950Z   retention-days: 7
2026-04-24T02:24:26.6711201Z   if-no-files-found: ignore
2026-04-24T02:24:26.6711481Z   compression-level: 6
2026-04-24T02:24:26.6711738Z   overwrite: false
2026-04-24T02:24:26.6711995Z   include-hidden-files: false
2026-04-24T02:24:26.6712274Z env:
2026-04-24T02:24:26.6712499Z   USE_FIREBASE_EMULATOR: true
2026-04-24T02:24:26.6712905Z   JAVA_HOME: /opt/hostedtoolcache/Java_Temurin-Hotspot_jdk/21.0.10-7/x64
2026-04-24T02:24:26.6713434Z   JAVA_HOME_21_X64: /opt/hostedtoolcache/Java_Temurin-Hotspot_jdk/21.0.10-7/x64
2026-04-24T02:24:26.6713896Z   GRADLE_ACTION_ID: gradle/actions/setup-gradle
2026-04-24T02:24:26.6714587Z   GRADLE_USER_HOME: /home/runner/.gradle
2026-04-24T02:24:26.6714949Z   GRADLE_BUILD_ACTION_SETUP_COMPLETED: true
2026-04-24T02:24:26.6715285Z   GRADLE_BUILD_ACTION_CACHE_RESTORED: true
2026-04-24T02:24:26.6715759Z   DEVELOCITY_INJECTION_INIT_SCRIPT_NAME: gradle-actions.inject-develocity.init.gradle
2026-04-24T02:24:26.6716275Z   DEVELOCITY_INJECTION_CUSTOM_VALUE: gradle-actions
2026-04-24T02:24:26.6716636Z   GITHUB_DEPENDENCY_GRAPH_ENABLED: false
2026-04-24T02:24:26.6716960Z   FIREBASE_EMULATORS_PID: 2509
2026-04-24T02:24:26.6717264Z   ANDROID_AVD_HOME: /home/runner/.android/avd
2026-04-24T02:24:26.6717578Z ##[endgroup]
2026-04-24T02:24:26.8950565Z Multiple search paths detected. Calculating the least common ancestor of all paths
2026-04-24T02:24:26.8952947Z The least common ancestor is /home/runner/work/prismTask/prismTask/app/build. This will be the root directory of the artifact
2026-04-24T02:24:26.8954651Z No files were found with the provided path: app/build/reports/androidTests/
2026-04-24T02:24:26.8955872Z app/build/outputs/androidTest-results/. No artifacts will be uploaded.
2026-04-24T02:24:26.9078013Z Post job cleanup.
2026-04-24T02:24:26.9175947Z Post job cleanup.
2026-04-24T02:24:27.2369872Z In post-action step
2026-04-24T02:24:27.2380975Z Cache is read-only: will not save state for use in subsequent builds.
2026-04-24T02:24:27.2388788Z Generating Job Summary
2026-04-24T02:24:27.2413732Z Completed post-action step
2026-04-24T02:24:27.2594664Z Post job cleanup.
2026-04-24T02:24:27.4497419Z Post job cleanup.
2026-04-24T02:24:27.5522580Z [command]/usr/bin/git version
2026-04-24T02:24:27.5560880Z git version 2.53.0
2026-04-24T02:24:27.5605539Z Temporarily overriding HOME='/home/runner/work/_temp/6e74f732-53ef-4670-8d72-38b164170188' before making global git config changes
2026-04-24T02:24:27.5607129Z Adding repository directory to the temporary git global config as a safe directory
2026-04-24T02:24:27.5610901Z [command]/usr/bin/git config --global --add safe.directory /home/runner/work/prismTask/prismTask
2026-04-24T02:24:27.5646444Z [command]/usr/bin/git config --local --name-only --get-regexp core\.sshCommand
2026-04-24T02:24:27.5681206Z [command]/usr/bin/git submodule foreach --recursive sh -c "git config --local --name-only --get-regexp 'core\.sshCommand' && git config --local --unset-all 'core.sshCommand' || :"
2026-04-24T02:24:27.5944309Z [command]/usr/bin/git config --local --name-only --get-regexp http\.https\:\/\/github\.com\/\.extraheader
2026-04-24T02:24:27.5965672Z http.https://github.com/.extraheader
2026-04-24T02:24:27.5977899Z [command]/usr/bin/git config --local --unset-all http.https://github.com/.extraheader
2026-04-24T02:24:27.6009584Z [command]/usr/bin/git submodule foreach --recursive sh -c "git config --local --name-only --get-regexp 'http\.https\:\/\/github\.com\/\.extraheader' && git config --local --unset-all 'http.https://github.com/.extraheader' || :"
2026-04-24T02:24:27.6237625Z [command]/usr/bin/git config --local --name-only --get-regexp ^includeIf\.gitdir:
2026-04-24T02:24:27.6269445Z [command]/usr/bin/git submodule foreach --recursive git config --local --show-origin --name-only --get-regexp remote.origin.url
2026-04-24T02:24:27.6621744Z Cleaning up orphan processes
2026-04-24T02:24:27.7130465Z Terminate orphan process: pid (3047) (adb)
2026-04-24T02:24:27.7154712Z ##[warning]Node.js 20 actions are deprecated. The following actions are running on Node.js 20 and may not work as expected: actions/checkout@v4, actions/setup-java@v4, actions/setup-node@v4, actions/upload-artifact@v4, gradle/actions/setup-gradle@v4. Actions will be forced to run with Node.js 24 by default starting June 2nd, 2026. Node.js 20 will be removed from the runner on September 16th, 2026. Please check if updated versions of these actions are available that support Node.js 24. To opt into Node.js 24 now, set the FORCE_JAVASCRIPT_ACTIONS_TO_NODE24=true environment variable on the runner or in your workflow file. Once Node.js 24 becomes the default, you can temporarily opt out by setting ACTIONS_ALLOW_USE_UNSECURE_NODE_VERSION=true. For more information see: https://github.blog/changelog/2025-09-19-deprecation-of-node-20-on-github-actions-runners/
