=== CI FAILURE ===
Workflow:      Web CI
Workflow file: averycorp/prismTask/.github/workflows/web-ci.yml@refs/pull/1085/merge
Job(s):        web-lint-and-test
Run ID:        25293275245
Run attempt:   1
Run URL:       https://github.com/averycorp/prismTask/actions/runs/25293275245
Commit:        71c3b49e0aa160af10ffa0a691948d52010d2f1a
Branch:        1085/merge
Event:         pull_request
Actor:         akarlin3
Runner OS:     Linux
Timestamp:     2026-05-03T22:59:41.051Z

Failed steps:
  - web-lint-and-test: #7 Run npm run test:run

=== FAILED JOB LOG ===

--- Job: web-lint-and-test (id 74148123401) ---
2026-05-03T22:58:21.6771477Z Current runner version: '2.334.0'
2026-05-03T22:58:21.6796199Z ##[group]Runner Image Provisioner
2026-05-03T22:58:21.6797085Z Hosted Compute Agent
2026-05-03T22:58:21.6797577Z Version: 20260213.493
2026-05-03T22:58:21.6798275Z Commit: 5c115507f6dd24b8de37d8bbe0bb4509d0cc0fa3
2026-05-03T22:58:21.6799178Z Build Date: 2026-02-13T00:28:41Z
2026-05-03T22:58:21.6799821Z Worker ID: {d51d1481-c636-4209-948c-59a6a4a63b78}
2026-05-03T22:58:21.6800599Z Azure Region: westus3
2026-05-03T22:58:21.6801093Z ##[endgroup]
2026-05-03T22:58:21.6802529Z ##[group]Operating System
2026-05-03T22:58:21.6803184Z Ubuntu
2026-05-03T22:58:21.6803648Z 24.04.4
2026-05-03T22:58:21.6804047Z LTS
2026-05-03T22:58:21.6804571Z ##[endgroup]
2026-05-03T22:58:21.6805021Z ##[group]Runner Image
2026-05-03T22:58:21.6805573Z Image: ubuntu-24.04
2026-05-03T22:58:21.6806118Z Version: 20260413.86.1
2026-05-03T22:58:21.6807265Z Included Software: https://github.com/actions/runner-images/blob/ubuntu24/20260413.86/images/ubuntu/Ubuntu2404-Readme.md
2026-05-03T22:58:21.6808990Z Image Release: https://github.com/actions/runner-images/releases/tag/ubuntu24%2F20260413.86
2026-05-03T22:58:21.6809894Z ##[endgroup]
2026-05-03T22:58:21.6811080Z ##[group]GITHUB_TOKEN Permissions
2026-05-03T22:58:21.6812898Z Actions: read
2026-05-03T22:58:21.6813405Z Checks: read
2026-05-03T22:58:21.6813985Z Contents: write
2026-05-03T22:58:21.6814459Z Metadata: read
2026-05-03T22:58:21.6815014Z ##[endgroup]
2026-05-03T22:58:21.6817033Z Secret source: Actions
2026-05-03T22:58:21.6817849Z Prepare workflow directory
2026-05-03T22:58:21.7238041Z Prepare all required actions
2026-05-03T22:58:21.7276145Z Getting action download info
2026-05-03T22:58:22.1654043Z Download action repository 'actions/checkout@v6' (SHA:de0fac2e4500dabe0009e67214ff5f5447ce83dd)
2026-05-03T22:58:22.3011032Z Download action repository 'dorny/paths-filter@v4' (SHA:fbd0ab8f3e69293af611ebaee6363fc25e6d187d)
2026-05-03T22:58:22.9616841Z Complete job name: web-lint-and-test
2026-05-03T22:58:23.0357021Z ##[group]Run actions/checkout@v6
2026-05-03T22:58:23.0357898Z with:
2026-05-03T22:58:23.0358522Z   repository: averycorp/prismTask
2026-05-03T22:58:23.0359262Z   token: ***
2026-05-03T22:58:23.0359680Z   ssh-strict: true
2026-05-03T22:58:23.0360064Z   ssh-user: git
2026-05-03T22:58:23.0360457Z   persist-credentials: true
2026-05-03T22:58:23.0360915Z   clean: true
2026-05-03T22:58:23.0361351Z   sparse-checkout-cone-mode: true
2026-05-03T22:58:23.0361816Z   fetch-depth: 1
2026-05-03T22:58:23.0362213Z   fetch-tags: false
2026-05-03T22:58:23.0362602Z   show-progress: true
2026-05-03T22:58:23.0363009Z   lfs: false
2026-05-03T22:58:23.0363363Z   submodules: false
2026-05-03T22:58:23.0363761Z   set-safe-directory: true
2026-05-03T22:58:23.0364478Z ##[endgroup]
2026-05-03T22:58:23.1313366Z Syncing repository: averycorp/prismTask
2026-05-03T22:58:23.1315484Z ##[group]Getting Git version info
2026-05-03T22:58:23.1316198Z Working directory is '/home/runner/work/prismTask/prismTask'
2026-05-03T22:58:23.1317210Z [command]/usr/bin/git version
2026-05-03T22:58:23.1346512Z git version 2.53.0
2026-05-03T22:58:23.1402941Z ##[endgroup]
2026-05-03T22:58:23.1419904Z Temporarily overriding HOME='/home/runner/work/_temp/9eac89e3-82d2-4a8c-9b53-585b5ea48d1e' before making global git config changes
2026-05-03T22:58:23.1422275Z Adding repository directory to the temporary git global config as a safe directory
2026-05-03T22:58:23.1426271Z [command]/usr/bin/git config --global --add safe.directory /home/runner/work/prismTask/prismTask
2026-05-03T22:58:23.1460680Z Deleting the contents of '/home/runner/work/prismTask/prismTask'
2026-05-03T22:58:23.1465558Z ##[group]Initializing the repository
2026-05-03T22:58:23.1470713Z [command]/usr/bin/git init /home/runner/work/prismTask/prismTask
2026-05-03T22:58:23.1558792Z hint: Using 'master' as the name for the initial branch. This default branch name
2026-05-03T22:58:23.1560488Z hint: will change to "main" in Git 3.0. To configure the initial branch name
2026-05-03T22:58:23.1562094Z hint: to use in all of your new repositories, which will suppress this warning,
2026-05-03T22:58:23.1563819Z hint: call:
2026-05-03T22:58:23.1564511Z hint:
2026-05-03T22:58:23.1565669Z hint: 	git config --global init.defaultBranch <name>
2026-05-03T22:58:23.1566760Z hint:
2026-05-03T22:58:23.1567719Z hint: Names commonly chosen instead of 'master' are 'main', 'trunk' and
2026-05-03T22:58:23.1569553Z hint: 'development'. The just-created branch can be renamed via this command:
2026-05-03T22:58:23.1570815Z hint:
2026-05-03T22:58:23.1571551Z hint: 	git branch -m <name>
2026-05-03T22:58:23.1572382Z hint:
2026-05-03T22:58:23.1573453Z hint: Disable this message with "git config set advice.defaultBranchName false"
2026-05-03T22:58:23.1575171Z Initialized empty Git repository in /home/runner/work/prismTask/prismTask/.git/
2026-05-03T22:58:23.1577859Z [command]/usr/bin/git remote add origin https://github.com/averycorp/prismTask
2026-05-03T22:58:23.1604634Z ##[endgroup]
2026-05-03T22:58:23.1605919Z ##[group]Disabling automatic garbage collection
2026-05-03T22:58:23.1609565Z [command]/usr/bin/git config --local gc.auto 0
2026-05-03T22:58:23.1637835Z ##[endgroup]
2026-05-03T22:58:23.1639003Z ##[group]Setting up auth
2026-05-03T22:58:23.1639746Z Removing SSH command configuration
2026-05-03T22:58:23.1645080Z [command]/usr/bin/git config --local --name-only --get-regexp core\.sshCommand
2026-05-03T22:58:23.1676313Z [command]/usr/bin/git submodule foreach --recursive sh -c "git config --local --name-only --get-regexp 'core\.sshCommand' && git config --local --unset-all 'core.sshCommand' || :"
2026-05-03T22:58:23.1944814Z Removing HTTP extra header
2026-05-03T22:58:23.1951704Z [command]/usr/bin/git config --local --name-only --get-regexp http\.https\:\/\/github\.com\/\.extraheader
2026-05-03T22:58:23.1983522Z [command]/usr/bin/git submodule foreach --recursive sh -c "git config --local --name-only --get-regexp 'http\.https\:\/\/github\.com\/\.extraheader' && git config --local --unset-all 'http.https://github.com/.extraheader' || :"
2026-05-03T22:58:23.2196676Z Removing includeIf entries pointing to credentials config files
2026-05-03T22:58:23.2202885Z [command]/usr/bin/git config --local --name-only --get-regexp ^includeIf\.gitdir:
2026-05-03T22:58:23.2234013Z [command]/usr/bin/git submodule foreach --recursive git config --local --show-origin --name-only --get-regexp remote.origin.url
2026-05-03T22:58:23.2455129Z [command]/usr/bin/git config --file /home/runner/work/_temp/git-credentials-d2ac3508-6451-46be-a1f9-45a09af2c066.config http.https://github.com/.extraheader AUTHORIZATION: basic ***
2026-05-03T22:58:23.2491785Z [command]/usr/bin/git config --local includeIf.gitdir:/home/runner/work/prismTask/prismTask/.git.path /home/runner/work/_temp/git-credentials-d2ac3508-6451-46be-a1f9-45a09af2c066.config
2026-05-03T22:58:23.2520100Z [command]/usr/bin/git config --local includeIf.gitdir:/home/runner/work/prismTask/prismTask/.git/worktrees/*.path /home/runner/work/_temp/git-credentials-d2ac3508-6451-46be-a1f9-45a09af2c066.config
2026-05-03T22:58:23.2547712Z [command]/usr/bin/git config --local includeIf.gitdir:/github/workspace/.git.path /github/runner_temp/git-credentials-d2ac3508-6451-46be-a1f9-45a09af2c066.config
2026-05-03T22:58:23.2577635Z [command]/usr/bin/git config --local includeIf.gitdir:/github/workspace/.git/worktrees/*.path /github/runner_temp/git-credentials-d2ac3508-6451-46be-a1f9-45a09af2c066.config
2026-05-03T22:58:23.2602425Z ##[endgroup]
2026-05-03T22:58:23.2603567Z ##[group]Fetching the repository
2026-05-03T22:58:23.2611596Z [command]/usr/bin/git -c protocol.version=2 fetch --no-tags --prune --no-recurse-submodules --depth=1 origin +71c3b49e0aa160af10ffa0a691948d52010d2f1a:refs/remotes/pull/1085/merge
2026-05-03T22:58:26.4721061Z From https://github.com/averycorp/prismTask
2026-05-03T22:58:26.4723353Z  * [new ref]         71c3b49e0aa160af10ffa0a691948d52010d2f1a -> pull/1085/merge
2026-05-03T22:58:26.4751078Z ##[endgroup]
2026-05-03T22:58:26.4751561Z ##[group]Determining the checkout info
2026-05-03T22:58:26.4752554Z ##[endgroup]
2026-05-03T22:58:26.4757770Z [command]/usr/bin/git sparse-checkout disable
2026-05-03T22:58:26.4796033Z [command]/usr/bin/git config --local --unset-all extensions.worktreeConfig
2026-05-03T22:58:26.4824247Z ##[group]Checking out the ref
2026-05-03T22:58:26.4828661Z [command]/usr/bin/git checkout --progress --force refs/remotes/pull/1085/merge
2026-05-03T22:58:26.7379186Z Note: switching to 'refs/remotes/pull/1085/merge'.
2026-05-03T22:58:26.7379748Z 
2026-05-03T22:58:26.7380504Z You are in 'detached HEAD' state. You can look around, make experimental
2026-05-03T22:58:26.7381596Z changes and commit them, and you can discard any commits you make in this
2026-05-03T22:58:26.7382566Z state without impacting any branches by switching back to a branch.
2026-05-03T22:58:26.7383271Z 
2026-05-03T22:58:26.7383764Z If you want to create a new branch to retain commits you create, you may
2026-05-03T22:58:26.7384751Z do so (now or later) by using -c with the switch command. Example:
2026-05-03T22:58:26.7385518Z 
2026-05-03T22:58:26.7385821Z   git switch -c <new-branch-name>
2026-05-03T22:58:26.7386229Z 
2026-05-03T22:58:26.7386423Z Or undo this operation with:
2026-05-03T22:58:26.7386799Z 
2026-05-03T22:58:26.7386967Z   git switch -
2026-05-03T22:58:26.7387262Z 
2026-05-03T22:58:26.7387680Z Turn off this advice by setting config variable advice.detachedHead to false
2026-05-03T22:58:26.7388517Z 
2026-05-03T22:58:26.7389205Z HEAD is now at 71c3b49 Merge 24dc02a197d35fd231894dafcb54ac46bb6fc65e into ecefa369d42733975d86085fb2a1b1c5fa3e35cf
2026-05-03T22:58:26.7406577Z ##[endgroup]
2026-05-03T22:58:26.7451361Z [command]/usr/bin/git log -1 --format=%H
2026-05-03T22:58:26.7477580Z 71c3b49e0aa160af10ffa0a691948d52010d2f1a
2026-05-03T22:58:26.7702269Z ##[group]Run dorny/paths-filter@v4
2026-05-03T22:58:26.7702558Z with:
2026-05-03T22:58:26.7702949Z   filters: web:
  - 'web/**'
  - '.github/workflows/web-ci.yml'
  - '.github/actions/setup-node-web/**'

2026-05-03T22:58:26.7703528Z   token: ***
2026-05-03T22:58:26.7703710Z   list-files: none
2026-05-03T22:58:26.7703938Z   initial-fetch-depth: 100
2026-05-03T22:58:26.7704174Z   predicate-quantifier: some
2026-05-03T22:58:26.7704428Z ##[endgroup]
2026-05-03T22:58:26.8496951Z ##[group]Fetching list of changed files for PR#1085 from Github API
2026-05-03T22:58:26.8506727Z Invoking listFiles(pull_number: 1085, per_page: 100)
2026-05-03T22:58:27.4367839Z Received 46 items
2026-05-03T22:58:27.4368857Z [added] app/src/androidTest/java/com/averycorp/prismtask/ExternalAnchorDaoTest.kt
2026-05-03T22:58:27.4369885Z [added] app/src/androidTest/java/com/averycorp/prismtask/Migration71To72Test.kt
2026-05-03T22:58:27.4370976Z [added] app/src/androidTest/java/com/averycorp/prismtask/Migration72To73Test.kt
2026-05-03T22:58:27.4371962Z [added] app/src/androidTest/java/com/averycorp/prismtask/Migration73To74Test.kt
2026-05-03T22:58:27.4373014Z [added] app/src/androidTest/java/com/averycorp/prismtask/ProjectPhaseDaoTest.kt
2026-05-03T22:58:27.4374005Z [added] app/src/androidTest/java/com/averycorp/prismtask/ProjectRiskDaoTest.kt
2026-05-03T22:58:27.4375036Z [added] app/src/androidTest/java/com/averycorp/prismtask/TaskDependencyDaoTest.kt
2026-05-03T22:58:27.4376080Z [added] app/src/main/java/com/averycorp/prismtask/data/local/dao/ExternalAnchorDao.kt
2026-05-03T22:58:27.4377116Z [added] app/src/main/java/com/averycorp/prismtask/data/local/dao/ProjectPhaseDao.kt
2026-05-03T22:58:27.4378147Z [added] app/src/main/java/com/averycorp/prismtask/data/local/dao/ProjectRiskDao.kt
2026-05-03T22:58:27.4379476Z [added] app/src/main/java/com/averycorp/prismtask/data/local/dao/TaskDependencyDao.kt
2026-05-03T22:58:27.4380525Z [modified] app/src/main/java/com/averycorp/prismtask/data/local/database/Migrations.kt
2026-05-03T22:58:27.4381661Z [modified] app/src/main/java/com/averycorp/prismtask/data/local/database/PrismTaskDatabase.kt
2026-05-03T22:58:27.4382809Z [added] app/src/main/java/com/averycorp/prismtask/data/local/entity/ExternalAnchorEntity.kt
2026-05-03T22:58:27.4383984Z [added] app/src/main/java/com/averycorp/prismtask/data/local/entity/ProjectPhaseEntity.kt
2026-05-03T22:58:27.4385479Z [added] app/src/main/java/com/averycorp/prismtask/data/local/entity/ProjectRiskEntity.kt
2026-05-03T22:58:27.4386576Z [added] app/src/main/java/com/averycorp/prismtask/data/local/entity/TaskDependencyEntity.kt
2026-05-03T22:58:27.4387636Z [modified] app/src/main/java/com/averycorp/prismtask/data/local/entity/TaskEntity.kt
2026-05-03T22:58:27.4388949Z [modified] app/src/main/java/com/averycorp/prismtask/data/remote/CloudIdOrphanHealer.kt
2026-05-03T22:58:27.4390002Z [modified] app/src/main/java/com/averycorp/prismtask/data/remote/SyncService.kt
2026-05-03T22:58:27.4391121Z [added] app/src/main/java/com/averycorp/prismtask/data/remote/adapter/ExternalAnchorJsonAdapter.kt
2026-05-03T22:58:27.4392131Z [modified] app/src/main/java/com/averycorp/prismtask/data/remote/mapper/SyncMapper.kt
2026-05-03T22:58:27.4393218Z [added] app/src/main/java/com/averycorp/prismtask/data/repository/ExternalAnchorRepository.kt
2026-05-03T22:58:27.4394271Z [modified] app/src/main/java/com/averycorp/prismtask/data/repository/ProjectRepository.kt
2026-05-03T22:58:27.4395471Z [added] app/src/main/java/com/averycorp/prismtask/data/repository/TaskDependencyRepository.kt
2026-05-03T22:58:27.4396530Z [modified] app/src/main/java/com/averycorp/prismtask/di/DatabaseModule.kt
2026-05-03T22:58:27.4397409Z [added] app/src/main/java/com/averycorp/prismtask/domain/model/ExternalAnchor.kt
2026-05-03T22:58:27.4398254Z [added] app/src/main/java/com/averycorp/prismtask/domain/model/RiskLevel.kt
2026-05-03T22:58:27.4399364Z [added] app/src/main/java/com/averycorp/prismtask/domain/model/TaskState.kt
2026-05-03T22:58:27.4400769Z [added] app/src/main/java/com/averycorp/prismtask/domain/usecase/DependencyCycleGuard.kt
2026-05-03T22:58:27.4401994Z [added] app/src/test/java/com/averycorp/prismtask/data/remote/adapter/ExternalAnchorJsonAdapterTest.kt
2026-05-03T22:58:27.4403390Z [added] app/src/test/java/com/averycorp/prismtask/data/remote/mapper/SyncMapperExternalAnchorTest.kt
2026-05-03T22:58:27.4404619Z [added] app/src/test/java/com/averycorp/prismtask/data/remote/mapper/SyncMapperPhasesAndRisksTest.kt
2026-05-03T22:58:27.4405894Z [added] app/src/test/java/com/averycorp/prismtask/data/remote/mapper/SyncMapperTaskDependencyTest.kt
2026-05-03T22:58:27.4407364Z [added] app/src/test/java/com/averycorp/prismtask/data/repository/TaskDependencyRepositoryTest.kt
2026-05-03T22:58:27.4408734Z [added] app/src/test/java/com/averycorp/prismtask/domain/model/RiskLevelTest.kt
2026-05-03T22:58:27.4409820Z [added] app/src/test/java/com/averycorp/prismtask/domain/usecase/DependencyCycleGuardTest.kt
2026-05-03T22:58:27.4410987Z [added] backend/alembic/versions/023_add_task_progress_percent.py
2026-05-03T22:58:27.4411657Z [modified] backend/app/models.py
2026-05-03T22:58:27.4412103Z [modified] backend/app/routers/tasks.py
2026-05-03T22:58:27.4412622Z [modified] backend/app/schemas/task.py
2026-05-03T22:58:27.4413129Z [modified] backend/app/services/analytics.py
2026-05-03T22:58:27.4413673Z [modified] backend/tests/test_analytics.py
2026-05-03T22:58:27.4414220Z [modified] web/src/types/task.ts
2026-05-03T22:58:27.4414751Z [modified] web/src/utils/__tests__/projectBurndown.test.ts
2026-05-03T22:58:27.4415380Z [modified] web/src/utils/projectBurndown.ts
2026-05-03T22:58:27.4416350Z ##[endgroup]
2026-05-03T22:58:27.4416693Z Detected 46 changed files
2026-05-03T22:58:27.4417096Z Results:
2026-05-03T22:58:27.4417662Z ##[group]Filter web = true
2026-05-03T22:58:27.4418081Z Matching files:
2026-05-03T22:58:27.4418639Z web/src/types/task.ts [modified]
2026-05-03T22:58:27.4419182Z web/src/utils/__tests__/projectBurndown.test.ts [modified]
2026-05-03T22:58:27.4419819Z web/src/utils/projectBurndown.ts [modified]
2026-05-03T22:58:27.4420613Z ##[endgroup]
2026-05-03T22:58:27.4420949Z Changes output set to ["web"]
2026-05-03T22:58:27.4686442Z Prepare all required actions
2026-05-03T22:58:27.4686859Z Getting action download info
2026-05-03T22:58:27.6262992Z Download action repository 'actions/setup-node@v4' (SHA:49933ea5288caeca8642d1e84afbd3f7d6820020)
2026-05-03T22:58:27.7197259Z ##[group]Run ./.github/actions/setup-node-web
2026-05-03T22:58:27.7197555Z ##[endgroup]
2026-05-03T22:58:27.7321319Z ##[group]Run actions/setup-node@v4
2026-05-03T22:58:27.7321594Z with:
2026-05-03T22:58:27.7321771Z   node-version: 22
2026-05-03T22:58:27.7321965Z   cache: npm
2026-05-03T22:58:27.7322192Z   cache-dependency-path: web/package-lock.json
2026-05-03T22:58:27.7322483Z   always-auth: false
2026-05-03T22:58:27.7322683Z   check-latest: false
2026-05-03T22:58:27.7323048Z   token: ***
2026-05-03T22:58:27.7323231Z ##[endgroup]
2026-05-03T22:58:27.9163351Z Found in cache @ /opt/hostedtoolcache/node/22.22.2/x64
2026-05-03T22:58:27.9170590Z ##[group]Environment details
2026-05-03T22:58:33.2405220Z node: v22.22.2
2026-05-03T22:58:33.2405662Z npm: 10.9.7
2026-05-03T22:58:33.2405943Z yarn: 1.22.22
2026-05-03T22:58:33.2407181Z ##[endgroup]
2026-05-03T22:58:33.2426707Z [command]/opt/hostedtoolcache/node/22.22.2/x64/bin/npm config get cache
2026-05-03T22:58:33.4493792Z /home/runner/.npm
2026-05-03T22:58:33.7118179Z npm cache is not found
2026-05-03T22:58:33.7251345Z ##[group]Run npm ci
2026-05-03T22:58:33.7251595Z [36;1mnpm ci[0m
2026-05-03T22:58:33.7282792Z shell: /usr/bin/bash --noprofile --norc -e -o pipefail {0}
2026-05-03T22:58:33.7283132Z ##[endgroup]
2026-05-03T22:58:46.5892711Z 
2026-05-03T22:58:46.5901403Z added 436 packages, and audited 437 packages in 13s
2026-05-03T22:58:46.5901886Z 
2026-05-03T22:58:46.5902215Z 94 packages are looking for funding
2026-05-03T22:58:46.5902736Z   run `npm fund` for details
2026-05-03T22:58:46.5950512Z 
2026-05-03T22:58:46.5951034Z 3 vulnerabilities (2 moderate, 1 critical)
2026-05-03T22:58:46.5951431Z 
2026-05-03T22:58:46.5951664Z To address all issues, run:
2026-05-03T22:58:46.5952106Z   npm audit fix
2026-05-03T22:58:46.5952369Z 
2026-05-03T22:58:46.5952584Z Run `npm audit` for details.
2026-05-03T22:58:46.6562495Z ##[group]Run npm run lint
2026-05-03T22:58:46.6562772Z [36;1mnpm run lint[0m
2026-05-03T22:58:46.6583695Z shell: /usr/bin/bash -e {0}
2026-05-03T22:58:46.6583956Z ##[endgroup]
2026-05-03T22:58:46.7568681Z 
2026-05-03T22:58:46.7569071Z > web@1.6.0 lint
2026-05-03T22:58:46.7569802Z > eslint .
2026-05-03T22:58:46.7570026Z 
2026-05-03T22:59:00.5425398Z ##[group]Run npm run test:run
2026-05-03T22:59:00.5425894Z [36;1mnpm run test:run[0m
2026-05-03T22:59:00.5448238Z shell: /usr/bin/bash -e {0}
2026-05-03T22:59:00.5448773Z ##[endgroup]
2026-05-03T22:59:00.6407211Z 
2026-05-03T22:59:00.6407756Z > web@1.6.0 test:run
2026-05-03T22:59:00.6408250Z > vitest run
2026-05-03T22:59:00.6408768Z 
2026-05-03T22:59:00.9561560Z 
2026-05-03T22:59:00.9566139Z [1m[30m[46m RUN [49m[39m[22m [36mv4.1.4 [39m[90m/home/runner/work/prismTask/prismTask/web[39m
2026-05-03T22:59:00.9566900Z 
2026-05-03T22:59:03.8670499Z  [32m✓[39m src/utils/__tests__/streaks.test.ts [2m([22m[2m30 tests[22m[2m)[22m[32m 99[2mms[22m[39m
2026-05-03T22:59:03.9796654Z  [32m✓[39m src/stores/__tests__/batchStore.test.ts [2m([22m[2m12 tests[22m[2m)[22m[32m 70[2mms[22m[39m
2026-05-03T22:59:04.1561009Z  [32m✓[39m src/hooks/__tests__/useFirestoreSync.test.tsx [2m([22m[2m11 tests[22m[2m)[22m[32m 64[2mms[22m[39m
2026-05-03T22:59:05.2250628Z  [32m✓[39m src/utils/__tests__/nlp.test.ts [2m([22m[2m48 tests[22m[2m)[22m[32m 43[2mms[22m[39m
2026-05-03T22:59:05.5169873Z  [31m❯[39m src/utils/__tests__/projectBurndown.test.ts [2m([22m[2m10 tests[22m[2m | [22m[31m5 failed[39m[2m)[22m[32m 28[2mms[22m[39m
2026-05-03T22:59:05.5180213Z      [32m✓[39m returns totals + completed counts[32m 3[2mms[22m[39m
2026-05-03T22:59:05.5213826Z      [32m✓[39m builds one burndown entry per day with expected counts[32m 3[2mms[22m[39m
2026-05-03T22:59:05.5219726Z      [32m✓[39m marks project on track when no due date and remaining work outstanding[32m 1[2mms[22m[39m
2026-05-03T22:59:05.5227248Z      [32m✓[39m marks at risk when projected completion overruns the due date[32m 1[2mms[22m[39m
2026-05-03T22:59:05.5244772Z      [32m✓[39m returns projected_completion = end when all tasks are already done[32m 0[2mms[22m[39m
2026-05-03T22:59:05.5247030Z [31m     [31m×[31m counts a fractional task as its progress percent / 100[39m[32m 9[2mms[22m[39m
2026-05-03T22:59:05.5253622Z [31m     [31m×[31m open fractional tasks contribute on the report last day only[39m[32m 5[2mms[22m[39m
2026-05-03T22:59:05.5255524Z [31m     [31m×[31m completed fractional tasks contribute their fractional value, not 1.0[39m[32m 1[2mms[22m[39m
2026-05-03T22:59:05.5257254Z [31m     [31m×[31m clamps out-of-range progress_percent to [0, 100][39m[32m 1[2mms[22m[39m
2026-05-03T22:59:05.5280313Z [31m     [31m×[31m mixed binary + fractional tasks compose without breaking pre-PR-4 callers[39m[32m 1[2mms[22m[39m
2026-05-03T22:59:06.7416914Z  [32m✓[39m src/utils/__tests__/recurrence.test.ts [2m([22m[2m42 tests[22m[2m)[22m[32m 33[2mms[22m[39m
2026-05-03T22:59:07.6940413Z  [32m✓[39m src/api/firestore/__tests__/habits.test.ts [2m([22m[2m6 tests[22m[2m)[22m[32m 8[2mms[22m[39m
2026-05-03T22:59:08.3284492Z  [32m✓[39m src/api/firestore/__tests__/tasks.test.ts [2m([22m[2m14 tests[22m[2m)[22m[32m 61[2mms[22m[39m
2026-05-03T22:59:08.3679975Z [90mstderr[2m | src/stores/__tests__/authStoreDeletion.test.ts[2m > [22m[2mauthStore — deletion-status sign-in gating[2m > [22m[2mcalls getDeletionStatus after Firebase sign-in succeeds
2026-05-03T22:59:08.3683468Z [22m[39mFailed to load AI features flag from Firestore Error: [vitest] No "firestore" export is defined on the "@/lib/firebase" mock. Did you forget to return it from "vi.mock"?
2026-05-03T22:59:08.3685801Z If you need to partially mock a module, you can use "importOriginal" helper inside:
2026-05-03T22:59:08.3691910Z 
2026-05-03T22:59:08.3693751Z     at VitestMocker.createError [90m(file:///home/runner/work/prismTask/prismTask/web/[39mnode_modules/[4mvitest[24m/dist/chunks/startVitestModuleRunner.bRl2_oI_.js:62:17[90m)[39m
2026-05-03T22:59:08.3696818Z     at Object.get [90m(file:///home/runner/work/prismTask/prismTask/web/[39mnode_modules/[4mvitest[24m/dist/chunks/startVitestModuleRunner.bRl2_oI_.js:324:16[90m)[39m
2026-05-03T22:59:08.3700398Z     at prefsDoc [90m(/home/runner/work/prismTask/prismTask/web/[39msrc/api/firestore/aiPreferences.ts:41:14[90m)[39m
2026-05-03T22:59:08.3702692Z     at getAiFeaturesEnabled [90m(/home/runner/work/prismTask/prismTask/web/[39msrc/api/firestore/aiPreferences.ts:52:29[90m)[39m
2026-05-03T22:59:08.3705134Z     at Object.loadAiFeaturesFromFirestore [90m(/home/runner/work/prismTask/prismTask/web/[39msrc/stores/settingsStore.ts:185:28[90m)[39m
2026-05-03T22:59:08.3707705Z     at Object.signInWithGoogle [90m(/home/runner/work/prismTask/prismTask/web/[39msrc/stores/authStore.ts:176:38[90m)[39m
2026-05-03T22:59:08.3722802Z [90m    at processTicksAndRejections (node:internal/process/task_queues:103:5)[39m
2026-05-03T22:59:08.3724687Z     at [90m/home/runner/work/prismTask/prismTask/web/[39msrc/stores/__tests__/authStoreDeletion.test.ts:107:5 {
2026-05-03T22:59:08.3726537Z   codeFrame: [32m'vi.mock(import("@/lib/firebase"), async (importOriginal) => {\n'[39m +
2026-05-03T22:59:08.3727913Z     [32m'  const actual = await importOriginal()\n'[39m +
2026-05-03T22:59:08.3729158Z     [32m'  return {\n'[39m +
2026-05-03T22:59:08.3729945Z     [32m'    ...actual,\n'[39m +
2026-05-03T22:59:08.3730863Z     [32m'    // your mocked methods\n'[39m +
2026-05-03T22:59:08.3731730Z     [32m'  }\n'[39m +
2026-05-03T22:59:08.3732528Z     [32m'})'[39m
2026-05-03T22:59:08.3733172Z }
2026-05-03T22:59:08.3753932Z 
2026-05-03T22:59:08.3756470Z [90mstderr[2m | src/stores/__tests__/authStoreDeletion.test.ts[2m > [22m[2mauthStore — deletion-status sign-in gating[2m > [22m[2mroutes to RestorePending (deletionStatus="pending") when backend reports pending deletion
2026-05-03T22:59:08.3760252Z [22m[39mFailed to load AI features flag from Firestore Error: [vitest] No "firestore" export is defined on the "@/lib/firebase" mock. Did you forget to return it from "vi.mock"?
2026-05-03T22:59:08.3762681Z If you need to partially mock a module, you can use "importOriginal" helper inside:
2026-05-03T22:59:08.3763556Z 
2026-05-03T22:59:08.3765638Z     at VitestMocker.createError [90m(file:///home/runner/work/prismTask/prismTask/web/[39mnode_modules/[4mvitest[24m/dist/chunks/startVitestModuleRunner.bRl2_oI_.js:62:17[90m)[39m
2026-05-03T22:59:08.3776201Z     at Object.get [90m(file:///home/runner/work/prismTask/prismTask/web/[39mnode_modules/[4mvitest[24m/dist/chunks/startVitestModuleRunner.bRl2_oI_.js:324:16[90m)[39m
2026-05-03T22:59:08.3778954Z     at prefsDoc [90m(/home/runner/work/prismTask/prismTask/web/[39msrc/api/firestore/aiPreferences.ts:41:14[90m)[39m
2026-05-03T22:59:08.3781295Z     at getAiFeaturesEnabled [90m(/home/runner/work/prismTask/prismTask/web/[39msrc/api/firestore/aiPreferences.ts:52:29[90m)[39m
2026-05-03T22:59:08.3783740Z     at Object.loadAiFeaturesFromFirestore [90m(/home/runner/work/prismTask/prismTask/web/[39msrc/stores/settingsStore.ts:185:28[90m)[39m
2026-05-03T22:59:08.3786136Z     at Object.signInWithGoogle [90m(/home/runner/work/prismTask/prismTask/web/[39msrc/stores/authStore.ts:176:38[90m)[39m
2026-05-03T22:59:08.3829786Z [90m    at processTicksAndRejections (node:internal/process/task_queues:103:5)[39m
2026-05-03T22:59:08.3849434Z     at [90m/home/runner/work/prismTask/prismTask/web/[39msrc/stores/__tests__/authStoreDeletion.test.ts:119:5 {
2026-05-03T22:59:08.3851114Z  [32m✓[39m src/stores/__tests__/authStoreDeletion.test.ts [2m([22m[2m9 tests[22m[2m)[22m[32m 26[2mms[22m[39m
2026-05-03T22:59:08.3879628Z   codeFrame: [32m'vi.mock(import("@/lib/firebase"), async (importOriginal) => {\n'[39m +
2026-05-03T22:59:08.3888140Z     [32m'  const actual = await importOriginal()\n'[39m +
2026-05-03T22:59:08.3889267Z     [32m'  return {\n'[39m +
2026-05-03T22:59:08.3889940Z     [32m'    ...actual,\n'[39m +
2026-05-03T22:59:08.3890674Z     [32m'    // your mocked methods\n'[39m +
2026-05-03T22:59:08.3891367Z     [32m'  }\n'[39m +
2026-05-03T22:59:08.3891908Z     [32m'})'[39m
2026-05-03T22:59:08.3892569Z }
2026-05-03T22:59:08.3892968Z 
2026-05-03T22:59:08.3919966Z [90mstderr[2m | src/stores/__tests__/authStoreDeletion.test.ts[2m > [22m[2mauthStore — deletion-status sign-in gating[2m > [22m[2mproceeds to active state when no deletion is pending
2026-05-03T22:59:08.3923420Z [22m[39mFailed to load AI features flag from Firestore Error: [vitest] No "firestore" export is defined on the "@/lib/firebase" mock. Did you forget to return it from "vi.mock"?
2026-05-03T22:59:08.3925505Z If you need to partially mock a module, you can use "importOriginal" helper inside:
2026-05-03T22:59:08.3926409Z 
2026-05-03T22:59:08.3928218Z     at VitestMocker.createError [90m(file:///home/runner/work/prismTask/prismTask/web/[39mnode_modules/[4mvitest[24m/dist/chunks/startVitestModuleRunner.bRl2_oI_.js:62:17[90m)[39m
2026-05-03T22:59:08.3931485Z     at Object.get [90m(file:///home/runner/work/prismTask/prismTask/web/[39mnode_modules/[4mvitest[24m/dist/chunks/startVitestModuleRunner.bRl2_oI_.js:324:16[90m)[39m
2026-05-03T22:59:08.3933958Z     at prefsDoc [90m(/home/runner/work/prismTask/prismTask/web/[39msrc/api/firestore/aiPreferences.ts:41:14[90m)[39m
2026-05-03T22:59:08.3936164Z     at getAiFeaturesEnabled [90m(/home/runner/work/prismTask/prismTask/web/[39msrc/api/firestore/aiPreferences.ts:52:29[90m)[39m
2026-05-03T22:59:08.3938812Z     at Object.loadAiFeaturesFromFirestore [90m(/home/runner/work/prismTask/prismTask/web/[39msrc/stores/settingsStore.ts:185:28[90m)[39m
2026-05-03T22:59:08.3941153Z     at Object.signInWithGoogle [90m(/home/runner/work/prismTask/prismTask/web/[39msrc/stores/authStore.ts:176:38[90m)[39m
2026-05-03T22:59:08.3943088Z [90m    at processTicksAndRejections (node:internal/process/task_queues:103:5)[39m
2026-05-03T22:59:08.3944930Z     at [90m/home/runner/work/prismTask/prismTask/web/[39msrc/stores/__tests__/authStoreDeletion.test.ts:136:5 {
2026-05-03T22:59:08.3947061Z   codeFrame: [32m'vi.mock(import("@/lib/firebase"), async (importOriginal) => {\n'[39m +
2026-05-03T22:59:08.3948732Z     [32m'  const actual = await importOriginal()\n'[39m +
2026-05-03T22:59:08.3949762Z     [32m'  return {\n'[39m +
2026-05-03T22:59:08.3950554Z     [32m'    ...actual,\n'[39m +
2026-05-03T22:59:08.3951329Z     [32m'    // your mocked methods\n'[39m +
2026-05-03T22:59:08.3952159Z     [32m'  }\n'[39m +
2026-05-03T22:59:08.3952813Z     [32m'})'[39m
2026-05-03T22:59:08.3953381Z }
2026-05-03T22:59:08.3953773Z 
2026-05-03T22:59:08.3955989Z [90mstderr[2m | src/stores/__tests__/authStoreDeletion.test.ts[2m > [22m[2mauthStore — deletion-status sign-in gating[2m > [22m[2mkeeps the gate at "unknown" if the deletion-status check throws (fail-closed)
2026-05-03T22:59:08.3959793Z [22m[39mFailed to load AI features flag from Firestore Error: [vitest] No "firestore" export is defined on the "@/lib/firebase" mock. Did you forget to return it from "vi.mock"?
2026-05-03T22:59:08.3961973Z If you need to partially mock a module, you can use "importOriginal" helper inside:
2026-05-03T22:59:08.3962535Z 
2026-05-03T22:59:08.3963753Z     at VitestMocker.createError [90m(file:///home/runner/work/prismTask/prismTask/web/[39mnode_modules/[4mvitest[24m/dist/chunks/startVitestModuleRunner.bRl2_oI_.js:62:17[90m)[39m
2026-05-03T22:59:08.3965192Z     at Object.get [90m(file:///home/runner/work/prismTask/prismTask/web/[39mnode_modules/[4mvitest[24m/dist/chunks/startVitestModuleRunner.bRl2_oI_.js:324:16[90m)[39m
2026-05-03T22:59:08.3966330Z     at prefsDoc [90m(/home/runner/work/prismTask/prismTask/web/[39msrc/api/firestore/aiPreferences.ts:41:14[90m)[39m
2026-05-03T22:59:08.3967371Z     at getAiFeaturesEnabled [90m(/home/runner/work/prismTask/prismTask/web/[39msrc/api/firestore/aiPreferences.ts:52:29[90m)[39m
2026-05-03T22:59:08.3968944Z     at Object.loadAiFeaturesFromFirestore [90m(/home/runner/work/prismTask/prismTask/web/[39msrc/stores/settingsStore.ts:185:28[90m)[39m
2026-05-03T22:59:08.3970862Z     at Object.signInWithGoogle [90m(/home/runner/work/prismTask/prismTask/web/[39msrc/stores/authStore.ts:176:38[90m)[39m
2026-05-03T22:59:08.3972660Z [90m    at processTicksAndRejections (node:internal/process/task_queues:103:5)[39m
2026-05-03T22:59:08.3974170Z     at [90m/home/runner/work/prismTask/prismTask/web/[39msrc/stores/__tests__/authStoreDeletion.test.ts:147:5 {
2026-05-03T22:59:08.3975651Z   codeFrame: [32m'vi.mock(import("@/lib/firebase"), async (importOriginal) => {\n'[39m +
2026-05-03T22:59:08.3976690Z     [32m'  const actual = await importOriginal()\n'[39m +
2026-05-03T22:59:08.3978229Z     [32m'  return {\n'[39m +
2026-05-03T22:59:08.3978954Z     [32m'    ...actual,\n'[39m +
2026-05-03T22:59:08.3979515Z     [32m'    // your mocked methods\n'[39m +
2026-05-03T22:59:08.3980014Z     [32m'  }\n'[39m +
2026-05-03T22:59:08.3980371Z     [32m'})'[39m
2026-05-03T22:59:08.3980664Z }
2026-05-03T22:59:08.3980805Z 
2026-05-03T22:59:08.3982847Z [90mstderr[2m | src/stores/__tests__/authStoreDeletion.test.ts[2m > [22m[2mauthStore — deletion-status sign-in gating[2m > [22m[2morders the deletion check BEFORE fetchUser so the gate is set before the AppShell could render
2026-05-03T22:59:08.3985820Z [22m[39mFailed to load AI features flag from Firestore Error: [vitest] No "firestore" export is defined on the "@/lib/firebase" mock. Did you forget to return it from "vi.mock"?
2026-05-03T22:59:08.3987491Z If you need to partially mock a module, you can use "importOriginal" helper inside:
2026-05-03T22:59:08.3988049Z 
2026-05-03T22:59:08.3989795Z     at VitestMocker.createError [90m(file:///home/runner/work/prismTask/prismTask/web/[39mnode_modules/[4mvitest[24m/dist/chunks/startVitestModuleRunner.bRl2_oI_.js:62:17[90m)[39m
2026-05-03T22:59:08.3992335Z     at Object.get [90m(file:///home/runner/work/prismTask/prismTask/web/[39mnode_modules/[4mvitest[24m/dist/chunks/startVitestModuleRunner.bRl2_oI_.js:324:16[90m)[39m
2026-05-03T22:59:08.3994449Z     at prefsDoc [90m(/home/runner/work/prismTask/prismTask/web/[39msrc/api/firestore/aiPreferences.ts:41:14[90m)[39m
2026-05-03T22:59:08.3996132Z     at getAiFeaturesEnabled [90m(/home/runner/work/prismTask/prismTask/web/[39msrc/api/firestore/aiPreferences.ts:52:29[90m)[39m
2026-05-03T22:59:08.3997988Z     at Object.loadAiFeaturesFromFirestore [90m(/home/runner/work/prismTask/prismTask/web/[39msrc/stores/settingsStore.ts:185:28[90m)[39m
2026-05-03T22:59:08.4000034Z     at Object.signInWithGoogle [90m(/home/runner/work/prismTask/prismTask/web/[39msrc/stores/authStore.ts:176:38[90m)[39m
2026-05-03T22:59:08.4029162Z [90m    at processTicksAndRejections (node:internal/process/task_queues:103:5)[39m
2026-05-03T22:59:08.4030572Z     at [90m/home/runner/work/prismTask/prismTask/web/[39msrc/stores/__tests__/authStoreDeletion.test.ts:176:5 {
2026-05-03T22:59:08.4031878Z   codeFrame: [32m'vi.mock(import("@/lib/firebase"), async (importOriginal) => {\n'[39m +
2026-05-03T22:59:08.4032810Z     [32m'  const actual = await importOriginal()\n'[39m +
2026-05-03T22:59:08.4033411Z     [32m'  return {\n'[39m +
2026-05-03T22:59:08.4033880Z     [32m'    ...actual,\n'[39m +
2026-05-03T22:59:08.4034424Z     [32m'    // your mocked methods\n'[39m +
2026-05-03T22:59:08.4034898Z     [32m'  }\n'[39m +
2026-05-03T22:59:08.4035256Z     [32m'})'[39m
2026-05-03T22:59:08.4035548Z }
2026-05-03T22:59:08.4035693Z 
2026-05-03T22:59:09.0370798Z  [32m✓[39m src/features/batch/__tests__/batchApplier.medication.test.ts [2m([22m[2m8 tests[22m[2m)[22m[32m 10[2mms[22m[39m
2026-05-03T22:59:09.7116049Z  [32m✓[39m src/api/firestore/__tests__/medicationSlots.test.ts [2m([22m[2m14 tests[22m[2m)[22m[32m 20[2mms[22m[39m
2026-05-03T22:59:10.4461104Z  [32m✓[39m src/api/__tests__/aiFeatureGate.test.ts [2m([22m[2m16 tests[22m[2m)[22m[32m 30[2mms[22m[39m
2026-05-03T22:59:11.0751897Z  [32m✓[39m src/api/firestore/__tests__/moodEnergyLogs.test.ts [2m([22m[2m7 tests[22m[2m)[22m[32m 10[2mms[22m[39m
2026-05-03T22:59:11.1822821Z  [32m✓[39m src/utils/__tests__/urgency.test.ts [2m([22m[2m12 tests[22m[2m)[22m[32m 21[2mms[22m[39m
2026-05-03T22:59:12.4800512Z  [32m✓[39m src/stores/__tests__/settingsStore.aiFeatures.test.ts [2m([22m[2m8 tests[22m[2m)[22m[32m 30[2mms[22m[39m
2026-05-03T22:59:13.2129783Z [90mstderr[2m | src/features/settings/sections/__tests__/DeleteAccountModal.test.tsx[2m > [22m[2mDeleteAccountModal[2m > [22m[2mproceeds with logout even if the Firestore mirror write fails
2026-05-03T22:59:13.2133829Z [22m[39mFailed to mirror deletion to Firestore (non-fatal): Error: Firestore down
2026-05-03T22:59:13.2135909Z     at [90m/home/runner/work/prismTask/prismTask/web/[39msrc/features/settings/sections/__tests__/DeleteAccountModal.test.tsx:134:41
2026-05-03T22:59:13.2138219Z     at [90mfile:///home/runner/work/prismTask/prismTask/web/[39mnode_modules/[4m@vitest/runner[24m/dist/chunk-artifact.js:302:11
2026-05-03T22:59:13.2140846Z     at [90mfile:///home/runner/work/prismTask/prismTask/web/[39mnode_modules/[4m@vitest/runner[24m/dist/chunk-artifact.js:1903:26
2026-05-03T22:59:13.2143043Z     at [90mfile:///home/runner/work/prismTask/prismTask/web/[39mnode_modules/[4m@vitest/runner[24m/dist/chunk-artifact.js:2326:20
2026-05-03T22:59:13.2144401Z     at new Promise (<anonymous>)
2026-05-03T22:59:13.2146191Z     at runWithCancel [90m(file:///home/runner/work/prismTask/prismTask/web/[39mnode_modules/[4m@vitest/runner[24m/dist/chunk-artifact.js:2323:10[90m)[39m
2026-05-03T22:59:13.2148858Z     at [90mfile:///home/runner/work/prismTask/prismTask/web/[39mnode_modules/[4m@vitest/runner[24m/dist/chunk-artifact.js:2305:20
2026-05-03T22:59:13.2150376Z     at new Promise (<anonymous>)
2026-05-03T22:59:13.2152291Z     at runWithTimeout [90m(file:///home/runner/work/prismTask/prismTask/web/[39mnode_modules/[4m@vitest/runner[24m/dist/chunk-artifact.js:2272:10[90m)[39m
2026-05-03T22:59:13.2154464Z     at [90mfile:///home/runner/work/prismTask/prismTask/web/[39mnode_modules/[4m@vitest/runner[24m/dist/chunk-artifact.js:2955:64
2026-05-03T22:59:13.2155653Z 
2026-05-03T22:59:13.2480671Z  [32m✓[39m src/features/settings/sections/__tests__/DeleteAccountModal.test.tsx [2m([22m[2m5 tests[22m[2m)[22m[33m 1004[2mms[22m[39m
2026-05-03T22:59:13.2488018Z      [33m[2m✓[22m[39m opens in the explain step and advances to confirming on Continue [33m 314[2mms[22m[39m
2026-05-03T22:59:13.7686746Z  [32m✓[39m src/features/medication/__tests__/BulkMarkDialog.test.tsx [2m([22m[2m7 tests[22m[2m)[22m[33m 1034[2mms[22m[39m
2026-05-03T22:59:14.5156593Z  [32m✓[39m src/utils/__tests__/boundaryEnforcer.test.ts [2m([22m[2m10 tests[22m[2m)[22m[32m 12[2mms[22m[39m
2026-05-03T22:59:15.1020812Z  [32m✓[39m src/api/firestore/__tests__/aiPreferences.test.ts [2m([22m[2m10 tests[22m[2m)[22m[32m 15[2mms[22m[39m
2026-05-03T22:59:15.1327692Z  [32m✓[39m src/utils/__tests__/dates.test.ts [2m([22m[2m28 tests[22m[2m)[22m[32m 30[2mms[22m[39m
2026-05-03T22:59:15.9479461Z  [32m✓[39m src/api/__tests__/medicationSlots.test.ts [2m([22m[2m3 tests[22m[2m)[22m[32m 13[2mms[22m[39m
2026-05-03T22:59:16.3750614Z  [32m✓[39m src/features/batch/__tests__/medicationNameMatcher.test.ts [2m([22m[2m14 tests[22m[2m)[22m[32m 13[2mms[22m[39m
2026-05-03T22:59:17.0755568Z  [32m✓[39m src/features/auth/__tests__/RestorePendingScreen.test.tsx [2m([22m[2m5 tests[22m[2m)[22m[33m 428[2mms[22m[39m
2026-05-03T22:59:17.3445766Z  [32m✓[39m src/utils/__tests__/batchIntentDetector.test.ts [2m([22m[2m11 tests[22m[2m)[22m[32m 11[2mms[22m[39m
2026-05-03T22:59:17.6893351Z  [32m✓[39m src/stores/__tests__/onboardingStore.test.ts [2m([22m[2m6 tests[22m[2m)[22m[32m 15[2mms[22m[39m
2026-05-03T22:59:18.4154975Z  [32m✓[39m src/api/firestore/__tests__/medicationPreferences.test.ts [2m([22m[2m6 tests[22m[2m)[22m[32m 10[2mms[22m[39m
2026-05-03T22:59:18.6880214Z  [32m✓[39m src/utils/__tests__/priority.test.ts [2m([22m[2m14 tests[22m[2m)[22m[32m 11[2mms[22m[39m
2026-05-03T22:59:19.0423834Z  [32m✓[39m src/utils/__tests__/moodAnalytics.test.ts [2m([22m[2m6 tests[22m[2m)[22m[32m 19[2mms[22m[39m
2026-05-03T22:59:19.7620368Z  [32m✓[39m src/stores/__tests__/themeStore.test.ts [2m([22m[2m7 tests[22m[2m)[22m[32m 24[2mms[22m[39m
2026-05-03T22:59:20.1209269Z  [32m✓[39m src/utils/__tests__/useLogicalToday.test.ts [2m([22m[2m4 tests[22m[2m)[22m[32m 40[2mms[22m[39m
2026-05-03T22:59:20.4295517Z  [32m✓[39m src/api/__tests__/authDeletion.test.ts [2m([22m[2m4 tests[22m[2m)[22m[32m 9[2mms[22m[39m
2026-05-03T22:59:21.3070881Z  [32m✓[39m src/stores/__tests__/medicationPreferencesStore.test.ts [2m([22m[2m4 tests[22m[2m)[22m[32m 10[2mms[22m[39m
2026-05-03T22:59:21.4457568Z  [32m✓[39m src/api/__tests__/analytics.test.ts [2m([22m[2m4 tests[22m[2m)[22m[32m 7[2mms[22m[39m
2026-05-03T22:59:21.8858220Z  [32m✓[39m src/stores/__tests__/medicationSlotsStore.test.ts [2m([22m[2m4 tests[22m[2m)[22m[32m 10[2mms[22m[39m
2026-05-03T22:59:23.0091906Z  [32m✓[39m src/utils/__tests__/export.test.ts [2m([22m[2m8 tests[22m[2m)[22m[32m 254[2mms[22m[39m
2026-05-03T22:59:23.3781137Z  [32m✓[39m src/features/medication/__tests__/MedicationTierPicker.test.tsx [2m([22m[2m4 tests[22m[2m)[22m[33m 337[2mms[22m[39m
2026-05-03T22:59:23.3860321Z  [32m✓[39m src/routes/__tests__/RestorePendingGate.test.tsx [2m([22m[2m3 tests[22m[2m)[22m[32m 38[2mms[22m[39m
2026-05-03T22:59:24.3578759Z  [32m✓[39m src/api/__tests__/pomodoroCoaching.test.ts [2m([22m[2m3 tests[22m[2m)[22m[32m 9[2mms[22m[39m
2026-05-03T22:59:24.7294219Z  [32m✓[39m src/api/__tests__/briefingPlanner.test.ts [2m([22m[2m4 tests[22m[2m)[22m[32m 9[2mms[22m[39m
2026-05-03T22:59:25.5373770Z  [32m✓[39m src/utils/__tests__/dayBoundary.test.ts [2m([22m[2m5 tests[22m[2m)[22m[32m 7[2mms[22m[39m
2026-05-03T22:59:26.0142692Z  [32m✓[39m src/utils/__tests__/goodEnoughTimer.test.ts [2m([22m[2m7 tests[22m[2m)[22m[32m 8[2mms[22m[39m
2026-05-03T22:59:26.1387028Z  [32m✓[39m src/utils/__tests__/checkInStreak.test.ts [2m([22m[2m5 tests[22m[2m)[22m[32m 55[2mms[22m[39m
2026-05-03T22:59:26.8017036Z  [32m✓[39m src/features/medication/__tests__/MedicationTimeEditModal.test.ts [2m([22m[2m6 tests[22m[2m)[22m[32m 6[2mms[22m[39m
2026-05-03T22:59:27.3940251Z  [32m✓[39m src/api/__tests__/extract.test.ts [2m([22m[2m2 tests[22m[2m)[22m[32m 7[2mms[22m[39m
2026-05-03T22:59:27.4657966Z  [32m✓[39m src/api/__tests__/nlpBatch.test.ts [2m([22m[2m1 test[22m[2m)[22m[32m 7[2mms[22m[39m
2026-05-03T22:59:27.8369328Z  [32m✓[39m src/api/__tests__/eisenhowerClassifyText.test.ts [2m([22m[2m2 tests[22m[2m)[22m[32m 5[2mms[22m[39m
2026-05-03T22:59:27.8401011Z 
2026-05-03T22:59:27.8401916Z [31m⎯⎯⎯⎯⎯⎯⎯[39m[1m[41m Failed Tests 5 [49m[22m[31m⎯⎯⎯⎯⎯⎯⎯[39m
2026-05-03T22:59:27.8402414Z 
2026-05-03T22:59:27.8406184Z [41m[1m FAIL [22m[49m src/utils/__tests__/projectBurndown.test.ts[2m > [22mcomputeProjectBurndown[2m > [22mcounts a fractional task as its progress percent / 100
2026-05-03T22:59:27.8413076Z [31m[1mAssertionError[22m: expected +0 to be 0.6 // Object.is equality[39m
2026-05-03T22:59:27.8413936Z 
2026-05-03T22:59:27.8414226Z [32m- Expected[39m
2026-05-03T22:59:27.8414697Z [31m+ Received[39m
2026-05-03T22:59:27.8414933Z 
2026-05-03T22:59:27.8415144Z [32m- 0.6[39m
2026-05-03T22:59:27.8415505Z [31m+ 0[39m
2026-05-03T22:59:27.8415702Z 
2026-05-03T22:59:27.8416412Z [36m [2m❯[22m src/utils/__tests__/projectBurndown.test.ts:[2m184:36[22m[39m
2026-05-03T22:59:27.8463649Z     [90m182|[39m     })[33m;[39m
2026-05-03T22:59:27.8464968Z     [90m183|[39m     [90m// 60% of one task → 0.6 completed units, rounded to 0.6.[39m
2026-05-03T22:59:27.8466367Z     [90m184|[39m     [34mexpect[39m(result[33m.[39mcompleted_tasks)[33m.[39m[34mtoBe[39m([34m0.6[39m)[33m;[39m
2026-05-03T22:59:27.8467488Z     [90m   |[39m                                    [31m^[39m
2026-05-03T22:59:27.8468135Z     [90m185|[39m   })[33m;[39m
2026-05-03T22:59:27.8468855Z     [90m186|[39m
2026-05-03T22:59:27.8469523Z 
2026-05-03T22:59:27.8470180Z [31m[2m⎯⎯⎯⎯⎯⎯⎯⎯⎯⎯⎯⎯⎯⎯⎯⎯⎯⎯⎯⎯⎯⎯⎯⎯[1/5]⎯[22m[39m
2026-05-03T22:59:27.8470565Z 
2026-05-03T22:59:27.8472103Z [41m[1m FAIL [22m[49m src/utils/__tests__/projectBurndown.test.ts[2m > [22mcomputeProjectBurndown[2m > [22mopen fractional tasks contribute on the report last day only
2026-05-03T22:59:27.8474168Z [31m[1mAssertionError[22m: expected { date: '2026-04-03', …(3) } to match object { date: '2026-04-03', …(1) }
2026-05-03T22:59:27.8475282Z (2 matching properties omitted from actual)[39m
2026-05-03T22:59:27.8475671Z 
2026-05-03T22:59:27.8475877Z [32m- Expected[39m
2026-05-03T22:59:27.8476314Z [31m+ Received[39m
2026-05-03T22:59:27.8476536Z 
2026-05-03T22:59:27.8476701Z [2m  {[22m
2026-05-03T22:59:27.8477180Z [32m-   "completed_cumulative": 0.4,[39m
2026-05-03T22:59:27.8477795Z [31m+   "completed_cumulative": 0,[39m
2026-05-03T22:59:27.8478593Z [2m    "date": "2026-04-03",[22m
2026-05-03T22:59:27.8479024Z [2m  }[22m
2026-05-03T22:59:27.8479216Z 
2026-05-03T22:59:27.8479819Z [36m [2m❯[22m src/utils/__tests__/projectBurndown.test.ts:[2m213:32[22m[39m
2026-05-03T22:59:27.8480889Z     [90m211|[39m       completed_cumulative[33m:[39m [34m0[39m[33m,[39m
2026-05-03T22:59:27.8481579Z     [90m212|[39m     })[33m;[39m
2026-05-03T22:59:27.8482637Z     [90m213|[39m     [34mexpect[39m(result[33m.[39mburndown[[34m2[39m])[33m.[39m[34mtoMatchObject[39m({
2026-05-03T22:59:27.8483742Z     [90m   |[39m                                [31m^[39m
2026-05-03T22:59:27.8484566Z     [90m214|[39m       date[33m:[39m [32m'2026-04-03'[39m[33m,[39m
2026-05-03T22:59:27.8485541Z     [90m215|[39m       completed_cumulative[33m:[39m [34m0.4[39m[33m,[39m
2026-05-03T22:59:27.8486030Z 
2026-05-03T22:59:27.8486470Z [31m[2m⎯⎯⎯⎯⎯⎯⎯⎯⎯⎯⎯⎯⎯⎯⎯⎯⎯⎯⎯⎯⎯⎯⎯⎯[2/5]⎯[22m[39m
2026-05-03T22:59:27.8487299Z 
2026-05-03T22:59:27.8488224Z [41m[1m FAIL [22m[49m src/utils/__tests__/projectBurndown.test.ts[2m > [22mcomputeProjectBurndown[2m > [22mcompleted fractional tasks contribute their fractional value, not 1.0
2026-05-03T22:59:27.8489612Z [31m[1mAssertionError[22m: expected 1 to be 0.8 // Object.is equality[39m
2026-05-03T22:59:27.8489916Z 
2026-05-03T22:59:27.8490039Z [32m- Expected[39m
2026-05-03T22:59:27.8490286Z [31m+ Received[39m
2026-05-03T22:59:27.8490402Z 
2026-05-03T22:59:27.8490505Z [32m- 0.8[39m
2026-05-03T22:59:27.8490702Z [31m+ 1[39m
2026-05-03T22:59:27.8490872Z 
2026-05-03T22:59:27.8491425Z [36m [2m❯[22m src/utils/__tests__/projectBurndown.test.ts:[2m239:36[22m[39m
2026-05-03T22:59:27.8492000Z     [90m237|[39m       endIso[33m:[39m [32m'2026-04-03'[39m[33m,[39m
2026-05-03T22:59:27.8492379Z     [90m238|[39m     })[33m;[39m
2026-05-03T22:59:27.8492996Z     [90m239|[39m     [34mexpect[39m(result[33m.[39mcompleted_tasks)[33m.[39m[34mtoBe[39m([34m0.8[39m)[33m;[39m
2026-05-03T22:59:27.8493618Z     [90m   |[39m                                    [31m^[39m
2026-05-03T22:59:27.8494239Z     [90m240|[39m     [34mexpect[39m(result[33m.[39mburndown[[34m1[39m])[33m.[39m[34mtoMatchObject[39m({
2026-05-03T22:59:27.8494863Z     [90m241|[39m       date[33m:[39m [32m'2026-04-02'[39m[33m,[39m
2026-05-03T22:59:27.8495098Z 
2026-05-03T22:59:27.8495328Z [31m[2m⎯⎯⎯⎯⎯⎯⎯⎯⎯⎯⎯⎯⎯⎯⎯⎯⎯⎯⎯⎯⎯⎯⎯⎯[3/5]⎯[22m[39m
2026-05-03T22:59:27.8495519Z 
2026-05-03T22:59:27.8496270Z [41m[1m FAIL [22m[49m src/utils/__tests__/projectBurndown.test.ts[2m > [22mcomputeProjectBurndown[2m > [22mclamps out-of-range progress_percent to [0, 100]
2026-05-03T22:59:27.8497159Z [31m[1mAssertionError[22m: expected +0 to be 1 // Object.is equality[39m
2026-05-03T22:59:27.8497451Z 
2026-05-03T22:59:27.8497566Z [32m- Expected[39m
2026-05-03T22:59:27.8497956Z [31m+ Received[39m
2026-05-03T22:59:27.8498179Z 
2026-05-03T22:59:27.8498612Z [32m- 1[39m
2026-05-03T22:59:27.8498881Z [31m+ 0[39m
2026-05-03T22:59:27.8498987Z 
2026-05-03T22:59:27.8499696Z [36m [2m❯[22m src/utils/__tests__/projectBurndown.test.ts:[2m270:36[22m[39m
2026-05-03T22:59:27.8500199Z     [90m268|[39m     })[33m;[39m
2026-05-03T22:59:27.8500685Z     [90m269|[39m     [90m// -50 clamps to 0, 250 clamps to 100 → 0 + 1 = 1.0 unit.[39m
2026-05-03T22:59:27.8502106Z     [90m270|[39m     [34mexpect[39m(result[33m.[39mcompleted_tasks)[33m.[39m[34mtoBe[39m([34m1[39m)[33m;[39m
2026-05-03T22:59:27.8503000Z     [90m   |[39m                                    [31m^[39m
2026-05-03T22:59:27.8503347Z     [90m271|[39m   })[33m;[39m
2026-05-03T22:59:27.8503590Z     [90m272|[39m
2026-05-03T22:59:27.8503851Z 
2026-05-03T22:59:27.8504257Z [31m[2m⎯⎯⎯⎯⎯⎯⎯⎯⎯⎯⎯⎯⎯⎯⎯⎯⎯⎯⎯⎯⎯⎯⎯⎯[4/5]⎯[22m[39m
2026-05-03T22:59:27.8504591Z 
2026-05-03T22:59:27.8505613Z [41m[1m FAIL [22m[49m src/utils/__tests__/projectBurndown.test.ts[2m > [22mcomputeProjectBurndown[2m > [22mmixed binary + fractional tasks compose without breaking pre-PR-4 callers
2026-05-03T22:59:27.8507166Z [31m[1mAssertionError[22m: expected 1 to be 1.5 // Object.is equality[39m
2026-05-03T22:59:27.8507534Z 
2026-05-03T22:59:27.8507664Z [32m- Expected[39m
2026-05-03T22:59:27.8507908Z [31m+ Received[39m
2026-05-03T22:59:27.8508024Z 
2026-05-03T22:59:27.8508119Z [32m- 1.5[39m
2026-05-03T22:59:27.8508595Z [31m+ 1[39m
2026-05-03T22:59:27.8508706Z 
2026-05-03T22:59:27.8509088Z [36m [2m❯[22m src/utils/__tests__/projectBurndown.test.ts:[2m307:36[22m[39m
2026-05-03T22:59:27.8509817Z     [90m305|[39m     [34mexpect[39m(result[33m.[39mtotal_tasks)[33m.[39m[34mtoBe[39m([34m3[39m)[33m;[39m
2026-05-03T22:59:27.8510388Z     [90m306|[39m     [90m// 1.0 + 0.5 + 0 = 1.5[39m
2026-05-03T22:59:27.8511026Z     [90m307|[39m     [34mexpect[39m(result[33m.[39mcompleted_tasks)[33m.[39m[34mtoBe[39m([34m1.5[39m)[33m;[39m
2026-05-03T22:59:27.8511615Z     [90m   |[39m                                    [31m^[39m
2026-05-03T22:59:27.8512140Z     [90m308|[39m   })[33m;[39m
2026-05-03T22:59:27.8512428Z     [90m309|[39m })[33m;[39m
2026-05-03T22:59:27.8512582Z 
2026-05-03T22:59:27.8512802Z [31m[2m⎯⎯⎯⎯⎯⎯⎯⎯⎯⎯⎯⎯⎯⎯⎯⎯⎯⎯⎯⎯⎯⎯⎯⎯[5/5]⎯[22m[39m
2026-05-03T22:59:27.8512999Z 
2026-05-03T22:59:27.8513019Z 
2026-05-03T22:59:27.8513471Z [2m Test Files [22m [1m[31m1 failed[39m[22m[2m | [22m[1m[32m45 passed[39m[22m[90m (46)[39m
2026-05-03T22:59:27.8514243Z [2m      Tests [22m [1m[31m5 failed[39m[22m[2m | [22m[1m[32m444 passed[39m[22m[90m (449)[39m
2026-05-03T22:59:27.8514731Z [2m   Start at [22m 22:59:00
2026-05-03T22:59:27.8515373Z [2m   Duration [22m 26.87s[2m (transform 1.24s, setup 3.93s, import 16.26s, tests 4.01s, environment 46.57s)[22m
2026-05-03T22:59:27.8515765Z 
2026-05-03T22:59:27.8520403Z 
2026-05-03T22:59:27.8542967Z ##[error]AssertionError: expected +0 to be 0.6 // Object.is equality

- Expected
+ Received

- 0.6
+ 0

 ❯ src/utils/__tests__/projectBurndown.test.ts:184:36


2026-05-03T22:59:27.8550515Z 
2026-05-03T22:59:27.8553577Z ##[error]AssertionError: expected { date: '2026-04-03', …(3) } to match object { date: '2026-04-03', …(1) }
(2 matching properties omitted from actual)

- Expected
+ Received

  {
-   "completed_cumulative": 0.4,
+   "completed_cumulative": 0,
    "date": "2026-04-03",
  }

 ❯ src/utils/__tests__/projectBurndown.test.ts:213:32


2026-05-03T22:59:27.8555077Z 
2026-05-03T22:59:27.8556500Z ##[error]AssertionError: expected 1 to be 0.8 // Object.is equality

- Expected
+ Received

- 0.8
+ 1

 ❯ src/utils/__tests__/projectBurndown.test.ts:239:36


2026-05-03T22:59:27.8557686Z 
2026-05-03T22:59:27.8559772Z ##[error]AssertionError: expected +0 to be 1 // Object.is equality

- Expected
+ Received

- 1
+ 0

 ❯ src/utils/__tests__/projectBurndown.test.ts:270:36


2026-05-03T22:59:27.8561036Z 
2026-05-03T22:59:27.8562824Z ##[error]AssertionError: expected 1 to be 1.5 // Object.is equality

- Expected
+ Received

- 1.5
+ 1

 ❯ src/utils/__tests__/projectBurndown.test.ts:307:36


2026-05-03T22:59:27.8961371Z ##[error]Process completed with exit code 1.
2026-05-03T22:59:27.9036235Z Post job cleanup.
2026-05-03T22:59:27.9096593Z Post job cleanup.
2026-05-03T22:59:27.9908161Z [command]/usr/bin/git version
2026-05-03T22:59:27.9944399Z git version 2.53.0
2026-05-03T22:59:28.0016612Z Temporarily overriding HOME='/home/runner/work/_temp/51a4e1a3-64db-45f2-b743-94e5237515cd' before making global git config changes
2026-05-03T22:59:28.0018198Z Adding repository directory to the temporary git global config as a safe directory
2026-05-03T22:59:28.0022858Z [command]/usr/bin/git config --global --add safe.directory /home/runner/work/prismTask/prismTask
2026-05-03T22:59:28.0052055Z Removing SSH command configuration
2026-05-03T22:59:28.0058761Z [command]/usr/bin/git config --local --name-only --get-regexp core\.sshCommand
2026-05-03T22:59:28.0090970Z [command]/usr/bin/git submodule foreach --recursive sh -c "git config --local --name-only --get-regexp 'core\.sshCommand' && git config --local --unset-all 'core.sshCommand' || :"
2026-05-03T22:59:28.0323312Z Removing HTTP extra header
2026-05-03T22:59:28.0329222Z [command]/usr/bin/git config --local --name-only --get-regexp http\.https\:\/\/github\.com\/\.extraheader
2026-05-03T22:59:28.0362114Z [command]/usr/bin/git submodule foreach --recursive sh -c "git config --local --name-only --get-regexp 'http\.https\:\/\/github\.com\/\.extraheader' && git config --local --unset-all 'http.https://github.com/.extraheader' || :"
2026-05-03T22:59:28.0574495Z Removing includeIf entries pointing to credentials config files
2026-05-03T22:59:28.0581526Z [command]/usr/bin/git config --local --name-only --get-regexp ^includeIf\.gitdir:
2026-05-03T22:59:28.0603567Z includeif.gitdir:/home/runner/work/prismTask/prismTask/.git.path
2026-05-03T22:59:28.0604739Z includeif.gitdir:/home/runner/work/prismTask/prismTask/.git/worktrees/*.path
2026-05-03T22:59:28.0605697Z includeif.gitdir:/github/workspace/.git.path
2026-05-03T22:59:28.0606928Z includeif.gitdir:/github/workspace/.git/worktrees/*.path
2026-05-03T22:59:28.0613960Z [command]/usr/bin/git config --local --get-all includeif.gitdir:/home/runner/work/prismTask/prismTask/.git.path
2026-05-03T22:59:28.0635657Z /home/runner/work/_temp/git-credentials-d2ac3508-6451-46be-a1f9-45a09af2c066.config
2026-05-03T22:59:28.0646818Z [command]/usr/bin/git config --local --unset includeif.gitdir:/home/runner/work/prismTask/prismTask/.git.path /home/runner/work/_temp/git-credentials-d2ac3508-6451-46be-a1f9-45a09af2c066.config
2026-05-03T22:59:28.0680292Z [command]/usr/bin/git config --local --get-all includeif.gitdir:/home/runner/work/prismTask/prismTask/.git/worktrees/*.path
2026-05-03T22:59:28.0701231Z /home/runner/work/_temp/git-credentials-d2ac3508-6451-46be-a1f9-45a09af2c066.config
2026-05-03T22:59:28.0710455Z [command]/usr/bin/git config --local --unset includeif.gitdir:/home/runner/work/prismTask/prismTask/.git/worktrees/*.path /home/runner/work/_temp/git-credentials-d2ac3508-6451-46be-a1f9-45a09af2c066.config
2026-05-03T22:59:28.0739955Z [command]/usr/bin/git config --local --get-all includeif.gitdir:/github/workspace/.git.path
2026-05-03T22:59:28.0759975Z /github/runner_temp/git-credentials-d2ac3508-6451-46be-a1f9-45a09af2c066.config
2026-05-03T22:59:28.0767178Z [command]/usr/bin/git config --local --unset includeif.gitdir:/github/workspace/.git.path /github/runner_temp/git-credentials-d2ac3508-6451-46be-a1f9-45a09af2c066.config
2026-05-03T22:59:28.0797004Z [command]/usr/bin/git config --local --get-all includeif.gitdir:/github/workspace/.git/worktrees/*.path
2026-05-03T22:59:28.0816944Z /github/runner_temp/git-credentials-d2ac3508-6451-46be-a1f9-45a09af2c066.config
2026-05-03T22:59:28.0826008Z [command]/usr/bin/git config --local --unset includeif.gitdir:/github/workspace/.git/worktrees/*.path /github/runner_temp/git-credentials-d2ac3508-6451-46be-a1f9-45a09af2c066.config
2026-05-03T22:59:28.0857656Z [command]/usr/bin/git submodule foreach --recursive git config --local --show-origin --name-only --get-regexp remote.origin.url
2026-05-03T22:59:28.1081452Z Removing credentials config '/home/runner/work/_temp/git-credentials-d2ac3508-6451-46be-a1f9-45a09af2c066.config'
2026-05-03T22:59:28.1225357Z Cleaning up orphan processes
2026-05-03T22:59:28.1611125Z ##[warning]Node.js 20 actions are deprecated. The following actions are running on Node.js 20 and may not work as expected: actions/setup-node@v4. Actions will be forced to run with Node.js 24 by default starting June 2nd, 2026. Node.js 20 will be removed from the runner on September 16th, 2026. Please check if updated versions of these actions are available that support Node.js 24. To opt into Node.js 24 now, set the FORCE_JAVASCRIPT_ACTIONS_TO_NODE24=true environment variable on the runner or in your workflow file. Once Node.js 24 becomes the default, you can temporarily opt out by setting ACTIONS_ALLOW_USE_UNSECURE_NODE_VERSION=true. For more information see: https://github.blog/changelog/2025-09-19-deprecation-of-node-20-on-github-actions-runners/
