=== CI FAILURE ===
Workflow:      Android CI
Workflow file: akarlin3/prismTask/.github/workflows/android-ci.yml@refs/heads/main
Job(s):        lint-and-test
Run ID:        24545126387
Run attempt:   1
Run URL:       https://github.com/akarlin3/prismTask/actions/runs/24545126387
Commit:        e4a7920e402d6c3f159f92a31b1d4a74350031be
Branch:        main
Event:         push
Actor:         akarlin3
Runner OS:     Linux
Timestamp:     2026-04-17T02:52:47.192Z

Failed steps:
  - lint-and-test: #6 Android lint | #8 Verify unit-test results (XML)

=== FAILED JOB LOG ===

--- Job: lint-and-test (id 71759058733) ---
2026-04-17T02:50:20.7257782Z Current runner version: '2.333.1'
2026-04-17T02:50:20.7284154Z ##[group]Runner Image Provisioner
2026-04-17T02:50:20.7284943Z Hosted Compute Agent
2026-04-17T02:50:20.7285433Z Version: 20260213.493
2026-04-17T02:50:20.7286163Z Commit: 5c115507f6dd24b8de37d8bbe0bb4509d0cc0fa3
2026-04-17T02:50:20.7286831Z Build Date: 2026-02-13T00:28:41Z
2026-04-17T02:50:20.7287474Z Worker ID: {b62f0f18-6b02-4e22-b980-df8ab233ad78}
2026-04-17T02:50:20.7288202Z Azure Region: centralus
2026-04-17T02:50:20.7288791Z ##[endgroup]
2026-04-17T02:50:20.7290794Z ##[group]Operating System
2026-04-17T02:50:20.7291508Z Ubuntu
2026-04-17T02:50:20.7291985Z 24.04.4
2026-04-17T02:50:20.7292409Z LTS
2026-04-17T02:50:20.7292927Z ##[endgroup]
2026-04-17T02:50:20.7293400Z ##[group]Runner Image
2026-04-17T02:50:20.7293949Z Image: ubuntu-24.04
2026-04-17T02:50:20.7294825Z Version: 20260406.80.1
2026-04-17T02:50:20.7296056Z Included Software: https://github.com/actions/runner-images/blob/ubuntu24/20260406.80/images/ubuntu/Ubuntu2404-Readme.md
2026-04-17T02:50:20.7297531Z Image Release: https://github.com/actions/runner-images/releases/tag/ubuntu24%2F20260406.80
2026-04-17T02:50:20.7298423Z ##[endgroup]
2026-04-17T02:50:20.7299707Z ##[group]GITHUB_TOKEN Permissions
2026-04-17T02:50:20.7302323Z Actions: read
2026-04-17T02:50:20.7302873Z Checks: read
2026-04-17T02:50:20.7303433Z Contents: write
2026-04-17T02:50:20.7303923Z Metadata: read
2026-04-17T02:50:20.7304435Z PullRequests: read
2026-04-17T02:50:20.7304930Z ##[endgroup]
2026-04-17T02:50:20.7307275Z Secret source: Actions
2026-04-17T02:50:20.7308262Z Prepare workflow directory
2026-04-17T02:50:20.7641791Z Prepare all required actions
2026-04-17T02:50:20.7693219Z Getting action download info
2026-04-17T02:50:21.1379401Z Download action repository 'actions/checkout@v4' (SHA:34e114876b0b11c390a56381ad16ebd13914f8d5)
2026-04-17T02:50:21.3075211Z Download action repository 'actions/github-script@v7' (SHA:f28e40c7f34bde8b3046d885e986cb6290c5673b)
2026-04-17T02:50:21.8127448Z Download action repository 'actions/upload-artifact@v4' (SHA:ea165f8d65b6e75b540449e92b4886f43607fa02)
2026-04-17T02:50:22.0355992Z Complete job name: lint-and-test
2026-04-17T02:50:22.1114661Z ##[group]Run actions/checkout@v4
2026-04-17T02:50:22.1115540Z with:
2026-04-17T02:50:22.1115971Z   repository: akarlin3/prismTask
2026-04-17T02:50:22.1116652Z   token: ***
2026-04-17T02:50:22.1117102Z   ssh-strict: true
2026-04-17T02:50:22.1117518Z   ssh-user: git
2026-04-17T02:50:22.1117944Z   persist-credentials: true
2026-04-17T02:50:22.1118423Z   clean: true
2026-04-17T02:50:22.1118847Z   sparse-checkout-cone-mode: true
2026-04-17T02:50:22.1119357Z   fetch-depth: 1
2026-04-17T02:50:22.1119772Z   fetch-tags: false
2026-04-17T02:50:22.1120433Z   show-progress: true
2026-04-17T02:50:22.1120856Z   lfs: false
2026-04-17T02:50:22.1121253Z   submodules: false
2026-04-17T02:50:22.1121686Z   set-safe-directory: true
2026-04-17T02:50:22.1122446Z ##[endgroup]
2026-04-17T02:50:22.2189244Z Syncing repository: akarlin3/prismTask
2026-04-17T02:50:22.2191457Z ##[group]Getting Git version info
2026-04-17T02:50:22.2192263Z Working directory is '/home/runner/work/prismTask/prismTask'
2026-04-17T02:50:22.2193328Z [command]/usr/bin/git version
2026-04-17T02:50:22.2227381Z git version 2.53.0
2026-04-17T02:50:22.2253355Z ##[endgroup]
2026-04-17T02:50:22.2267949Z Temporarily overriding HOME='/home/runner/work/_temp/586f3e54-a0ad-4950-8988-ef3581dd4394' before making global git config changes
2026-04-17T02:50:22.2270612Z Adding repository directory to the temporary git global config as a safe directory
2026-04-17T02:50:22.2273457Z [command]/usr/bin/git config --global --add safe.directory /home/runner/work/prismTask/prismTask
2026-04-17T02:50:22.2305052Z Deleting the contents of '/home/runner/work/prismTask/prismTask'
2026-04-17T02:50:22.2308580Z ##[group]Initializing the repository
2026-04-17T02:50:22.2312834Z [command]/usr/bin/git init /home/runner/work/prismTask/prismTask
2026-04-17T02:50:22.2418937Z hint: Using 'master' as the name for the initial branch. This default branch name
2026-04-17T02:50:22.2421325Z hint: will change to "main" in Git 3.0. To configure the initial branch name
2026-04-17T02:50:22.2422320Z hint: to use in all of your new repositories, which will suppress this warning,
2026-04-17T02:50:22.2423046Z hint: call:
2026-04-17T02:50:22.2423417Z hint:
2026-04-17T02:50:22.2423898Z hint: 	git config --global init.defaultBranch <name>
2026-04-17T02:50:22.2424484Z hint:
2026-04-17T02:50:22.2425032Z hint: Names commonly chosen instead of 'master' are 'main', 'trunk' and
2026-04-17T02:50:22.2426408Z hint: 'development'. The just-created branch can be renamed via this command:
2026-04-17T02:50:22.2427523Z hint:
2026-04-17T02:50:22.2427921Z hint: 	git branch -m <name>
2026-04-17T02:50:22.2428370Z hint:
2026-04-17T02:50:22.2428975Z hint: Disable this message with "git config set advice.defaultBranchName false"
2026-04-17T02:50:22.2430189Z Initialized empty Git repository in /home/runner/work/prismTask/prismTask/.git/
2026-04-17T02:50:22.2432352Z [command]/usr/bin/git remote add origin https://github.com/akarlin3/prismTask
2026-04-17T02:50:22.2461565Z ##[endgroup]
2026-04-17T02:50:22.2462810Z ##[group]Disabling automatic garbage collection
2026-04-17T02:50:22.2465429Z [command]/usr/bin/git config --local gc.auto 0
2026-04-17T02:50:22.2492690Z ##[endgroup]
2026-04-17T02:50:22.2493835Z ##[group]Setting up auth
2026-04-17T02:50:22.2498971Z [command]/usr/bin/git config --local --name-only --get-regexp core\.sshCommand
2026-04-17T02:50:22.2528327Z [command]/usr/bin/git submodule foreach --recursive sh -c "git config --local --name-only --get-regexp 'core\.sshCommand' && git config --local --unset-all 'core.sshCommand' || :"
2026-04-17T02:50:22.2820644Z [command]/usr/bin/git config --local --name-only --get-regexp http\.https\:\/\/github\.com\/\.extraheader
2026-04-17T02:50:22.2848899Z [command]/usr/bin/git submodule foreach --recursive sh -c "git config --local --name-only --get-regexp 'http\.https\:\/\/github\.com\/\.extraheader' && git config --local --unset-all 'http.https://github.com/.extraheader' || :"
2026-04-17T02:50:22.3064403Z [command]/usr/bin/git config --local --name-only --get-regexp ^includeIf\.gitdir:
2026-04-17T02:50:22.3101882Z [command]/usr/bin/git submodule foreach --recursive git config --local --show-origin --name-only --get-regexp remote.origin.url
2026-04-17T02:50:22.3325463Z [command]/usr/bin/git config --local http.https://github.com/.extraheader AUTHORIZATION: basic ***
2026-04-17T02:50:22.3359845Z ##[endgroup]
2026-04-17T02:50:22.3361344Z ##[group]Fetching the repository
2026-04-17T02:50:22.3368695Z [command]/usr/bin/git -c protocol.version=2 fetch --no-tags --prune --no-recurse-submodules --depth=1 origin +e4a7920e402d6c3f159f92a31b1d4a74350031be:refs/remotes/origin/main
2026-04-17T02:50:24.7615982Z From https://github.com/akarlin3/prismTask
2026-04-17T02:50:24.7617866Z  * [new ref]         e4a7920e402d6c3f159f92a31b1d4a74350031be -> origin/main
2026-04-17T02:50:24.7645652Z ##[endgroup]
2026-04-17T02:50:24.7646094Z ##[group]Determining the checkout info
2026-04-17T02:50:24.7647967Z ##[endgroup]
2026-04-17T02:50:24.7653667Z [command]/usr/bin/git sparse-checkout disable
2026-04-17T02:50:24.7690844Z [command]/usr/bin/git config --local --unset-all extensions.worktreeConfig
2026-04-17T02:50:24.7716074Z ##[group]Checking out the ref
2026-04-17T02:50:24.7720663Z [command]/usr/bin/git checkout --progress --force -B main refs/remotes/origin/main
2026-04-17T02:50:24.9083213Z Switched to a new branch 'main'
2026-04-17T02:50:24.9084082Z branch 'main' set up to track 'origin/main'.
2026-04-17T02:50:24.9104580Z ##[endgroup]
2026-04-17T02:50:24.9141822Z [command]/usr/bin/git log -1 --format=%H
2026-04-17T02:50:24.9165461Z e4a7920e402d6c3f159f92a31b1d4a74350031be
2026-04-17T02:50:24.9404053Z Prepare all required actions
2026-04-17T02:50:24.9404604Z Getting action download info
2026-04-17T02:50:25.1157673Z Download action repository 'actions/setup-java@v4' (SHA:c1e323688fd81a25caa38c78aa6df2d33d3e20d9)
2026-04-17T02:50:25.7871576Z Download action repository 'gradle/actions@v4' (SHA:ed408507eac070d1f99cc633dbcf757c94c7933a)
2026-04-17T02:50:27.1041936Z ##[group]Run ./.github/actions/setup-android
2026-04-17T02:50:27.1042240Z ##[endgroup]
2026-04-17T02:50:27.1204990Z ##[group]Run actions/setup-java@v4
2026-04-17T02:50:27.1205253Z with:
2026-04-17T02:50:27.1205432Z   java-version: 21
2026-04-17T02:50:27.1205634Z   distribution: temurin
2026-04-17T02:50:27.1205852Z   java-package: jdk
2026-04-17T02:50:27.1206052Z   check-latest: false
2026-04-17T02:50:27.1206250Z   server-id: github
2026-04-17T02:50:27.1206443Z   server-username: GITHUB_ACTOR
2026-04-17T02:50:27.1206689Z   server-password: GITHUB_TOKEN
2026-04-17T02:50:27.1206944Z   overwrite-settings: true
2026-04-17T02:50:27.1207244Z   job-status: success
2026-04-17T02:50:27.1207573Z   token: ***
2026-04-17T02:50:27.1207762Z ##[endgroup]
2026-04-17T02:50:27.3145428Z ##[group]Installed distributions
2026-04-17T02:50:27.3336114Z Resolved Java 21.0.10+7 from tool-cache
2026-04-17T02:50:27.3337038Z Setting Java 21.0.10+7 as the default
2026-04-17T02:50:27.3349879Z Creating toolchains.xml for JDK version 21 from temurin
2026-04-17T02:50:27.3426510Z Writing to /home/runner/.m2/toolchains.xml
2026-04-17T02:50:27.3427021Z 
2026-04-17T02:50:27.3427180Z Java configuration:
2026-04-17T02:50:27.3428966Z   Distribution: temurin
2026-04-17T02:50:27.3429468Z   Version: 21.0.10+7
2026-04-17T02:50:27.3430251Z   Path: /opt/hostedtoolcache/Java_Temurin-Hotspot_jdk/21.0.10-7/x64
2026-04-17T02:50:27.3430792Z 
2026-04-17T02:50:27.3431166Z ##[endgroup]
2026-04-17T02:50:27.3448709Z Creating settings.xml with server-id: github
2026-04-17T02:50:27.3456350Z Writing to /home/runner/.m2/settings.xml
2026-04-17T02:50:27.3699241Z ##[group]Run gradle/actions/setup-gradle@v4
2026-04-17T02:50:27.3699518Z with:
2026-04-17T02:50:27.3699704Z   cache-disabled: false
2026-04-17T02:50:27.3699918Z   cache-read-only: false
2026-04-17T02:50:27.3700539Z   cache-write-only: false
2026-04-17T02:50:27.3700792Z   cache-overwrite-existing: false
2026-04-17T02:50:27.3701050Z   cache-cleanup: on-success
2026-04-17T02:50:27.3701356Z   gradle-home-cache-includes: caches
notifications

2026-04-17T02:50:27.3701667Z   add-job-summary: always
2026-04-17T02:50:27.3701915Z   add-job-summary-as-pr-comment: never
2026-04-17T02:50:27.3702190Z   dependency-graph: disabled
2026-04-17T02:50:27.3702500Z   dependency-graph-report-dir: dependency-graph-reports
2026-04-17T02:50:27.3702860Z   dependency-graph-continue-on-failure: true
2026-04-17T02:50:27.3703155Z   build-scan-publish: false
2026-04-17T02:50:27.3703401Z   validate-wrappers: true
2026-04-17T02:50:27.3703635Z   allow-snapshot-wrappers: false
2026-04-17T02:50:27.3703902Z   gradle-home-cache-strict-match: false
2026-04-17T02:50:27.3704178Z   workflow-job-context: null
2026-04-17T02:50:27.3704582Z   github-token: ***
2026-04-17T02:50:27.3704786Z env:
2026-04-17T02:50:27.3705071Z   JAVA_HOME: /opt/hostedtoolcache/Java_Temurin-Hotspot_jdk/21.0.10-7/x64
2026-04-17T02:50:27.3705634Z   JAVA_HOME_21_X64: /opt/hostedtoolcache/Java_Temurin-Hotspot_jdk/21.0.10-7/x64
2026-04-17T02:50:27.3706043Z ##[endgroup]
2026-04-17T02:50:28.3724678Z Merged default JDK locations into /home/runner/.m2/toolchains.xml
2026-04-17T02:50:28.3730303Z Preparing cache for cleanup.
2026-04-17T02:50:28.3731147Z ##[group]Restore Gradle state from cache
2026-04-17T02:50:28.5170347Z Cache hit for restore-key: gradle-home-v1|Linux-X64|lint-and-test[5df42585ae8f8da228c604b8b4e8707c]-6e6e3b3ab44b201363b53fa0380a8e376cf4de93
2026-04-17T02:50:29.6823217Z Received 71303168 of 249983957 (28.5%), 67.9 MBs/sec
2026-04-17T02:50:30.6315668Z Received 249983957 of 249983957 (100.0%), 122.2 MBs/sec
2026-04-17T02:50:30.6319622Z Cache Size: ~238 MB (249983957 B)
2026-04-17T02:50:30.6406425Z [command]/usr/bin/tar -xf /home/runner/work/_temp/3107963d-d5bf-42dc-8c8a-3ed99bb92bb1/cache.tzst -P -C /home/runner/work/prismTask/prismTask --use-compress-program unzstd
2026-04-17T02:50:31.1732450Z Cache restored successfully
2026-04-17T02:50:31.1845932Z Restored cache entry with key gradle-home-v1|Linux-X64|lint-and-test[5df42585ae8f8da228c604b8b4e8707c]-e4a7920e402d6c3f159f92a31b1d4a74350031be to /home/runner/.gradle/caches,/home/runner/.gradle/notifications,/home/runner/.gradle/.setup-gradle in 2810ms
2026-04-17T02:50:31.3180192Z Cache hit for: gradle-transforms-v1-c97e75dca206aa047cf0157a127d7d71
2026-04-17T02:50:31.3239269Z Cache hit for: gradle-wrapper-zips-v1-8c0de4c6bda6041d6e054bf825a89c98
2026-04-17T02:50:31.3262556Z Cache hit for: gradle-kotlin-dsl-v1-026d7846925ed29b8795992e8d79083e
2026-04-17T02:50:31.3329671Z Cache hit for: gradle-generated-gradle-jars-v1-cb4b032a7d08b9bf1e84e9eacaebcc29
2026-04-17T02:50:31.3353352Z Cache hit for: gradle-instrumented-jars-v1-da27189608cc64b8ccdc1e8234084779
2026-04-17T02:50:31.3358696Z Cache hit for: gradle-groovy-dsl-v1-28b9a41f693ba754e53f6f5a3dfc445c
2026-04-17T02:50:31.3471809Z Cache hit for: gradle-dependencies-v1-117fbe653ac5533442942123eb8053be
2026-04-17T02:50:31.7849822Z Received 91211 of 91211 (100.0%), 0.3 MBs/sec
2026-04-17T02:50:31.7850774Z Cache Size: ~0 MB (91211 B)
2026-04-17T02:50:31.7899367Z [command]/usr/bin/tar -xf /home/runner/work/_temp/21c78df1-1ba3-419b-8c20-f21949661396/cache.tzst -P -C /home/runner/work/prismTask/prismTask --use-compress-program unzstd
2026-04-17T02:50:31.8041236Z Cache restored successfully
2026-04-17T02:50:31.8043606Z Restored cache entry with key gradle-groovy-dsl-v1-28b9a41f693ba754e53f6f5a3dfc445c to /home/runner/.gradle/caches/*/groovy-dsl/*/ in 616ms
2026-04-17T02:50:31.8142370Z Received 166730 of 166730 (100.0%), 0.5 MBs/sec
2026-04-17T02:50:31.8142950Z Cache Size: ~0 MB (166730 B)
2026-04-17T02:50:31.8185953Z [command]/usr/bin/tar -xf /home/runner/work/_temp/b32d27bb-c342-4115-8a28-69f25da72650/cache.tzst -P -C /home/runner/work/prismTask/prismTask --use-compress-program unzstd
2026-04-17T02:50:31.8656779Z Received 60531 of 60531 (100.0%), 0.2 MBs/sec
2026-04-17T02:50:31.8659290Z Cache Size: ~0 MB (60531 B)
2026-04-17T02:50:31.8691913Z [command]/usr/bin/tar -xf /home/runner/work/_temp/08c1dda0-bcb9-4d04-b4a9-4c8ab9b525bb/cache.tzst -P -C /home/runner/work/prismTask/prismTask --use-compress-program unzstd
2026-04-17T02:50:31.8868461Z Cache restored successfully
2026-04-17T02:50:31.8870727Z Restored cache entry with key gradle-instrumented-jars-v1-da27189608cc64b8ccdc1e8234084779 to /home/runner/.gradle/caches/jars-*/*/ in 699ms
2026-04-17T02:50:31.8924896Z Cache restored successfully
2026-04-17T02:50:31.8929782Z Restored cache entry with key gradle-kotlin-dsl-v1-026d7846925ed29b8795992e8d79083e to /home/runner/.gradle/caches/*/kotlin-dsl/accessors/*/,/home/runner/.gradle/caches/*/kotlin-dsl/scripts/*/ in 705ms
2026-04-17T02:50:32.4881136Z Received 33604796 of 41993404 (80.0%), 31.9 MBs/sec
2026-04-17T02:50:32.5068556Z Received 37748736 of 237711386 (15.9%), 35.8 MBs/sec
2026-04-17T02:50:32.5216905Z Received 62914560 of 834528743 (7.5%), 60.0 MBs/sec
2026-04-17T02:50:32.5363875Z Received 12582912 of 136352669 (9.2%), 12.0 MBs/sec
2026-04-17T02:50:32.5853448Z Received 41993404 of 41993404 (100.0%), 36.3 MBs/sec
2026-04-17T02:50:32.5857911Z Cache Size: ~40 MB (41993404 B)
2026-04-17T02:50:32.6697713Z [command]/usr/bin/tar -xf /home/runner/work/_temp/90b8fc58-37bd-46f2-970b-f0bab16959ec/cache.tzst -P -C /home/runner/work/prismTask/prismTask --use-compress-program unzstd
2026-04-17T02:50:33.0167060Z Cache restored successfully
2026-04-17T02:50:33.0691399Z Restored cache entry with key gradle-generated-gradle-jars-v1-cb4b032a7d08b9bf1e84e9eacaebcc29 to /home/runner/.gradle/caches/9.3.1/generated-gradle-jars/gradle-api-9.3.1.jar in 1883ms
2026-04-17T02:50:33.5093816Z Received 142606336 of 237711386 (60.0%), 67.7 MBs/sec
2026-04-17T02:50:33.5186611Z Received 197132288 of 834528743 (23.6%), 94.0 MBs/sec
2026-04-17T02:50:33.5375940Z Received 113246208 of 136352669 (83.1%), 54.0 MBs/sec
2026-04-17T02:50:33.7441103Z Received 136352669 of 136352669 (100.0%), 58.9 MBs/sec
2026-04-17T02:50:33.7444262Z Cache Size: ~130 MB (136352669 B)
2026-04-17T02:50:33.7727741Z [command]/usr/bin/tar -xf /home/runner/work/_temp/249d125f-b608-4120-a87d-8c279da5f25e/cache.tzst -P -C /home/runner/work/prismTask/prismTask --use-compress-program unzstd
2026-04-17T02:50:34.0974993Z Received 237711386 of 237711386 (100.0%), 87.3 MBs/sec
2026-04-17T02:50:34.0977784Z Cache Size: ~227 MB (237711386 B)
2026-04-17T02:50:34.1175933Z Cache restored successfully
2026-04-17T02:50:34.1246238Z Restored cache entry with key gradle-wrapper-zips-v1-8c0de4c6bda6041d6e054bf825a89c98 to /home/runner/.gradle/wrapper/dists/gradle-9.3.1-bin/23ovyewtku6u96viwx3xl3oks in 2938ms
2026-04-17T02:50:34.1262383Z [command]/usr/bin/tar -xf /home/runner/work/_temp/3f7ef0ca-8700-4cd3-92b1-8f7f1a84e563/cache.tzst -P -C /home/runner/work/prismTask/prismTask --use-compress-program unzstd
2026-04-17T02:50:34.5204345Z Received 364904448 of 834528743 (43.7%), 116.0 MBs/sec
2026-04-17T02:50:35.5204932Z Received 536870912 of 834528743 (64.3%), 128.0 MBs/sec
2026-04-17T02:50:36.5209137Z Received 738197504 of 834528743 (88.5%), 140.8 MBs/sec
2026-04-17T02:50:37.3161145Z Received 834528743 of 834528743 (100.0%), 137.3 MBs/sec
2026-04-17T02:50:37.3191101Z Cache Size: ~796 MB (834528743 B)
2026-04-17T02:50:37.3313544Z [command]/usr/bin/tar -xf /home/runner/work/_temp/beb3748e-1c03-4d11-9380-6c2710945a33/cache.tzst -P -C /home/runner/work/prismTask/prismTask --use-compress-program unzstd
2026-04-17T02:50:38.0550307Z Cache restored successfully
2026-04-17T02:50:38.0728084Z Restored cache entry with key gradle-transforms-v1-c97e75dca206aa047cf0157a127d7d71 to /home/runner/.gradle/caches/transforms-4/*/,/home/runner/.gradle/caches/*/transforms/*/ in 6884ms
2026-04-17T02:50:39.5280195Z Cache restored successfully
2026-04-17T02:50:39.6611805Z Restored cache entry with key gradle-dependencies-v1-117fbe653ac5533442942123eb8053be to /home/runner/.gradle/caches/modules-*/files-*/*/*/*/* in 8474ms
2026-04-17T02:50:39.6790347Z ##[endgroup]
2026-04-17T02:50:39.7049715Z ##[group]All Gradle Wrapper jars are valid
2026-04-17T02:50:39.7051386Z ✓ Found known Gradle Wrapper JAR files:
2026-04-17T02:50:39.7052663Z   b3a875ddc1f044746e1b1a55f645584505f4a10438c1afea9f15e92a7c42ec13 gradle/wrapper/gradle-wrapper.jar
2026-04-17T02:50:39.7054025Z ##[endgroup]
2026-04-17T02:50:39.7207337Z ##[group]Run chmod +x gradlew
2026-04-17T02:50:39.7207697Z [36;1mchmod +x gradlew[0m
2026-04-17T02:50:39.7233126Z shell: /usr/bin/bash --noprofile --norc -e -o pipefail {0}
2026-04-17T02:50:39.7233521Z env:
2026-04-17T02:50:39.7233870Z   JAVA_HOME: /opt/hostedtoolcache/Java_Temurin-Hotspot_jdk/21.0.10-7/x64
2026-04-17T02:50:39.7234420Z   JAVA_HOME_21_X64: /opt/hostedtoolcache/Java_Temurin-Hotspot_jdk/21.0.10-7/x64
2026-04-17T02:50:39.7234879Z   GRADLE_ACTION_ID: gradle/actions/setup-gradle
2026-04-17T02:50:39.7235236Z   GRADLE_USER_HOME: /home/runner/.gradle
2026-04-17T02:50:39.7235562Z   GRADLE_BUILD_ACTION_SETUP_COMPLETED: true
2026-04-17T02:50:39.7235886Z   GRADLE_BUILD_ACTION_CACHE_RESTORED: true
2026-04-17T02:50:39.7236352Z   DEVELOCITY_INJECTION_INIT_SCRIPT_NAME: gradle-actions.inject-develocity.init.gradle
2026-04-17T02:50:39.7236875Z   DEVELOCITY_INJECTION_CUSTOM_VALUE: gradle-actions
2026-04-17T02:50:39.7237251Z   GITHUB_DEPENDENCY_GRAPH_ENABLED: false
2026-04-17T02:50:39.7237543Z ##[endgroup]
2026-04-17T02:50:39.7347839Z ##[group]Run ./gradlew ktlintCheck --continue
2026-04-17T02:50:39.7348245Z [36;1m./gradlew ktlintCheck --continue[0m
2026-04-17T02:50:39.7368078Z shell: /usr/bin/bash -e {0}
2026-04-17T02:50:39.7368368Z env:
2026-04-17T02:50:39.7368713Z   JAVA_HOME: /opt/hostedtoolcache/Java_Temurin-Hotspot_jdk/21.0.10-7/x64
2026-04-17T02:50:39.7369281Z   JAVA_HOME_21_X64: /opt/hostedtoolcache/Java_Temurin-Hotspot_jdk/21.0.10-7/x64
2026-04-17T02:50:39.7369768Z   GRADLE_ACTION_ID: gradle/actions/setup-gradle
2026-04-17T02:50:39.7370360Z   GRADLE_USER_HOME: /home/runner/.gradle
2026-04-17T02:50:39.7370696Z   GRADLE_BUILD_ACTION_SETUP_COMPLETED: true
2026-04-17T02:50:39.7371028Z   GRADLE_BUILD_ACTION_CACHE_RESTORED: true
2026-04-17T02:50:39.7371494Z   DEVELOCITY_INJECTION_INIT_SCRIPT_NAME: gradle-actions.inject-develocity.init.gradle
2026-04-17T02:50:39.7372189Z   DEVELOCITY_INJECTION_CUSTOM_VALUE: gradle-actions
2026-04-17T02:50:39.7372544Z   GITHUB_DEPENDENCY_GRAPH_ENABLED: false
2026-04-17T02:50:39.7372879Z ##[endgroup]
2026-04-17T02:50:41.3846937Z Starting a Gradle Daemon (subsequent builds will be faster)
2026-04-17T02:50:47.1771098Z Configuration on demand is an incubating feature.
2026-04-17T02:50:53.3753030Z 
2026-04-17T02:50:53.3762791Z > Configure project :app
2026-04-17T02:50:53.3763847Z WARNING: The option setting 'android.builtInKotlin=false' is deprecated.
2026-04-17T02:50:53.3764879Z The current default is 'true'.
2026-04-17T02:50:53.3765738Z It will be removed in version 10.0 of the Android Gradle plugin.
2026-04-17T02:50:53.3766783Z WARNING: The option setting 'android.newDsl=false' is deprecated.
2026-04-17T02:50:53.3767700Z The current default is 'true'.
2026-04-17T02:50:53.3768538Z It will be removed in version 10.0 of the Android Gradle plugin.
2026-04-17T02:50:53.3769897Z WARNING: The option setting 'android.dependency.excludeLibraryComponentsFromConstraints=true' is deprecated.
2026-04-17T02:50:53.3771436Z The current default is 'false'.
2026-04-17T02:50:53.3777156Z It will be removed in version 10.0 of the Android Gradle plugin.
2026-04-17T02:50:53.3781134Z Following can be set instead to achieve a similar behaviour.
2026-04-17T02:50:53.3782245Z     android.dependency.useConstraints=false
2026-04-17T02:50:54.8754838Z w: ⚠️ Deprecated 'org.jetbrains.kotlin.android' plugin usage
2026-04-17T02:50:54.8771427Z The 'org.jetbrains.kotlin.android' plugin in project ':app' is no longer required for Kotlin support since AGP 9.0.
2026-04-17T02:50:54.8773276Z Solution: Remove both `android.builtInKotlin=true` and `android.newDsl=false` from `gradle.properties`, then migrate to built-in Kotlin.
2026-04-17T02:50:54.8774685Z See https://kotl.in/gradle/agp-built-in-kotlin for more details.
2026-04-17T02:50:54.8775342Z 
2026-04-17T02:50:55.2753917Z 
2026-04-17T02:50:55.2771350Z > Task :app:loadKtlintReporters FROM-CACHE
2026-04-17T02:50:55.2801251Z > Task :app:runKtlintCheckOverAndroidTestDebugSourceSet NO-SOURCE
2026-04-17T02:50:55.2802616Z > Task :app:ktlintAndroidTestDebugSourceSetCheck SKIPPED
2026-04-17T02:50:55.2803625Z > Task :app:runKtlintCheckOverAndroidTestReleaseSourceSet NO-SOURCE
2026-04-17T02:50:55.2804424Z > Task :app:ktlintAndroidTestReleaseSourceSetCheck SKIPPED
2026-04-17T02:50:55.2805145Z > Task :app:runKtlintCheckOverAndroidTestSourceSet FROM-CACHE
2026-04-17T02:50:55.2805871Z > Task :app:ktlintAndroidTestSourceSetCheck FROM-CACHE
2026-04-17T02:50:55.2806562Z > Task :app:runKtlintCheckOverDebugSourceSet NO-SOURCE
2026-04-17T02:50:55.2807236Z > Task :app:ktlintDebugSourceSetCheck SKIPPED
2026-04-17T02:50:55.2807898Z > Task :app:runKtlintCheckOverKotlinScripts FROM-CACHE
2026-04-17T02:50:55.2808566Z > Task :app:ktlintKotlinScriptCheck FROM-CACHE
2026-04-17T02:50:55.4801465Z > Task :app:runKtlintCheckOverReleaseSourceSet NO-SOURCE
2026-04-17T02:50:55.4830828Z > Task :app:ktlintReleaseSourceSetCheck SKIPPED
2026-04-17T02:50:55.4871097Z > Task :app:runKtlintCheckOverTestDebugSourceSet NO-SOURCE
2026-04-17T02:50:55.4920909Z > Task :app:ktlintTestDebugSourceSetCheck SKIPPED
2026-04-17T02:50:55.4985483Z > Task :app:runKtlintCheckOverTestFixturesDebugSourceSet NO-SOURCE
2026-04-17T02:50:55.4997889Z > Task :app:ktlintTestFixturesDebugSourceSetCheck SKIPPED
2026-04-17T02:50:55.5021098Z > Task :app:runKtlintCheckOverTestFixturesReleaseSourceSet NO-SOURCE
2026-04-17T02:50:55.5053961Z > Task :app:ktlintTestFixturesReleaseSourceSetCheck SKIPPED
2026-04-17T02:50:55.5058808Z > Task :app:runKtlintCheckOverTestFixturesSourceSet NO-SOURCE
2026-04-17T02:50:55.5059831Z > Task :app:ktlintTestFixturesSourceSetCheck SKIPPED
2026-04-17T02:50:55.5061275Z > Task :app:runKtlintCheckOverTestReleaseSourceSet NO-SOURCE
2026-04-17T02:50:55.5062302Z > Task :app:ktlintTestReleaseSourceSetCheck SKIPPED
2026-04-17T02:51:05.4761270Z > Task :app:runKtlintCheckOverTestSourceSet
2026-04-17T02:51:05.5752064Z > Task :app:ktlintTestSourceSetCheck
2026-04-17T02:51:17.5839624Z > Task :app:runKtlintCheckOverMainSourceSet
2026-04-17T02:51:17.6786663Z > Task :app:ktlintMainSourceSetCheck
2026-04-17T02:51:17.6798200Z > Task :app:ktlintCheck
2026-04-17T02:51:17.6799437Z gradle/actions: Writing build results to /home/runner/work/_temp/.gradle-actions/build-results/__run-1776394248726.json
2026-04-17T02:51:17.6800791Z 
2026-04-17T02:51:17.6801791Z [Incubating] Problems report is available at: file:///home/runner/work/prismTask/prismTask/build/reports/problems/problems-report.html
2026-04-17T02:51:17.6802955Z 
2026-04-17T02:51:17.6803596Z Deprecated Gradle features were used in this build, making it incompatible with Gradle 10.
2026-04-17T02:51:17.6804451Z 
2026-04-17T02:51:17.6805370Z You can use '--warning-mode all' to show the individual deprecation warnings and determine if they come from your own scripts or plugins.
2026-04-17T02:51:17.6806525Z 
2026-04-17T02:51:17.6809227Z For more on this, please refer to https://docs.gradle.org/9.3.1/userguide/command_line_interface.html#sec:command_line_warnings in the Gradle documentation.
2026-04-17T02:51:17.6819227Z 
2026-04-17T02:51:17.6819646Z BUILD SUCCESSFUL in 37s
2026-04-17T02:51:17.6820609Z 9 actionable tasks: 4 executed, 5 from cache
2026-04-17T02:51:18.0598798Z ##[group]Run ./gradlew detekt --continue
2026-04-17T02:51:18.0599182Z [36;1m./gradlew detekt --continue[0m
2026-04-17T02:51:18.0620746Z shell: /usr/bin/bash -e {0}
2026-04-17T02:51:18.0621039Z env:
2026-04-17T02:51:18.0621382Z   JAVA_HOME: /opt/hostedtoolcache/Java_Temurin-Hotspot_jdk/21.0.10-7/x64
2026-04-17T02:51:18.0621930Z   JAVA_HOME_21_X64: /opt/hostedtoolcache/Java_Temurin-Hotspot_jdk/21.0.10-7/x64
2026-04-17T02:51:18.0622404Z   GRADLE_ACTION_ID: gradle/actions/setup-gradle
2026-04-17T02:51:18.0622740Z   GRADLE_USER_HOME: /home/runner/.gradle
2026-04-17T02:51:18.0623060Z   GRADLE_BUILD_ACTION_SETUP_COMPLETED: true
2026-04-17T02:51:18.0623392Z   GRADLE_BUILD_ACTION_CACHE_RESTORED: true
2026-04-17T02:51:18.0623864Z   DEVELOCITY_INJECTION_INIT_SCRIPT_NAME: gradle-actions.inject-develocity.init.gradle
2026-04-17T02:51:18.0624397Z   DEVELOCITY_INJECTION_CUSTOM_VALUE: gradle-actions
2026-04-17T02:51:18.0624750Z   GITHUB_DEPENDENCY_GRAPH_ENABLED: false
2026-04-17T02:51:18.0625085Z ##[endgroup]
2026-04-17T02:51:18.8267107Z Configuration on demand is an incubating feature.
2026-04-17T02:51:19.2242237Z 
2026-04-17T02:51:19.2281485Z > Configure project :app
2026-04-17T02:51:19.2282444Z WARNING: The option setting 'android.builtInKotlin=false' is deprecated.
2026-04-17T02:51:19.2283368Z The current default is 'true'.
2026-04-17T02:51:19.2284199Z It will be removed in version 10.0 of the Android Gradle plugin.
2026-04-17T02:51:19.2285208Z WARNING: The option setting 'android.newDsl=false' is deprecated.
2026-04-17T02:51:19.2286083Z The current default is 'true'.
2026-04-17T02:51:19.2286894Z It will be removed in version 10.0 of the Android Gradle plugin.
2026-04-17T02:51:19.2288253Z WARNING: The option setting 'android.dependency.excludeLibraryComponentsFromConstraints=true' is deprecated.
2026-04-17T02:51:19.2289490Z The current default is 'false'.
2026-04-17T02:51:19.2290566Z It will be removed in version 10.0 of the Android Gradle plugin.
2026-04-17T02:51:19.2291612Z Following can be set instead to achieve a similar behaviour.
2026-04-17T02:51:19.2292545Z     android.dependency.useConstraints=false
2026-04-17T02:51:19.2293801Z w: ⚠️ Deprecated 'org.jetbrains.kotlin.android' plugin usage
2026-04-17T02:51:19.2295171Z The 'org.jetbrains.kotlin.android' plugin in project ':app' is no longer required for Kotlin support since AGP 9.0.
2026-04-17T02:51:19.2297025Z Solution: Remove both `android.builtInKotlin=true` and `android.newDsl=false` from `gradle.properties`, then migrate to built-in Kotlin.
2026-04-17T02:51:19.2298518Z See https://kotl.in/gradle/agp-built-in-kotlin for more details.
2026-04-17T02:51:19.2299202Z 
2026-04-17T02:51:49.2241652Z 
2026-04-17T02:51:49.2243444Z > Task :app:detekt
2026-04-17T02:51:49.4137100Z gradle/actions: Writing build results to /home/runner/work/_temp/.gradle-actions/build-results/__run_2-1776394278745.json
2026-04-17T02:51:49.4138750Z 
2026-04-17T02:51:49.4139820Z [Incubating] Problems report is available at: file:///home/runner/work/prismTask/prismTask/build/reports/problems/problems-report.html
2026-04-17T02:51:49.4141299Z 
2026-04-17T02:51:49.4141968Z Deprecated Gradle features were used in this build, making it incompatible with Gradle 10.
2026-04-17T02:51:49.4142854Z 
2026-04-17T02:51:49.4143763Z You can use '--warning-mode all' to show the individual deprecation warnings and determine if they come from your own scripts or plugins.
2026-04-17T02:51:49.4144899Z 
2026-04-17T02:51:49.4146250Z For more on this, please refer to https://docs.gradle.org/9.3.1/userguide/command_line_interface.html#sec:command_line_warnings in the Gradle documentation.
2026-04-17T02:51:49.4147464Z 
2026-04-17T02:51:49.4147832Z BUILD SUCCESSFUL in 31s
2026-04-17T02:51:49.4148484Z 1 actionable task: 1 executed
2026-04-17T02:51:49.4262918Z ##[group]Run ./gradlew lint --continue
2026-04-17T02:51:49.4263317Z [36;1m./gradlew lint --continue[0m
2026-04-17T02:51:49.4284929Z shell: /usr/bin/bash -e {0}
2026-04-17T02:51:49.4285213Z env:
2026-04-17T02:51:49.4285552Z   JAVA_HOME: /opt/hostedtoolcache/Java_Temurin-Hotspot_jdk/21.0.10-7/x64
2026-04-17T02:51:49.4286112Z   JAVA_HOME_21_X64: /opt/hostedtoolcache/Java_Temurin-Hotspot_jdk/21.0.10-7/x64
2026-04-17T02:51:49.4286574Z   GRADLE_ACTION_ID: gradle/actions/setup-gradle
2026-04-17T02:51:49.4286916Z   GRADLE_USER_HOME: /home/runner/.gradle
2026-04-17T02:51:49.4287244Z   GRADLE_BUILD_ACTION_SETUP_COMPLETED: true
2026-04-17T02:51:49.4287573Z   GRADLE_BUILD_ACTION_CACHE_RESTORED: true
2026-04-17T02:51:49.4288041Z   DEVELOCITY_INJECTION_INIT_SCRIPT_NAME: gradle-actions.inject-develocity.init.gradle
2026-04-17T02:51:49.4288552Z   DEVELOCITY_INJECTION_CUSTOM_VALUE: gradle-actions
2026-04-17T02:51:49.4288915Z   GITHUB_DEPENDENCY_GRAPH_ENABLED: false
2026-04-17T02:51:49.4289250Z ##[endgroup]
2026-04-17T02:51:50.1983768Z Configuration on demand is an incubating feature.
2026-04-17T02:51:50.4957427Z 
2026-04-17T02:51:50.4981085Z > Configure project :app
2026-04-17T02:51:50.5011079Z WARNING: The option setting 'android.builtInKotlin=false' is deprecated.
2026-04-17T02:51:50.5012134Z The current default is 'true'.
2026-04-17T02:51:50.5040977Z It will be removed in version 10.0 of the Android Gradle plugin.
2026-04-17T02:51:50.5043679Z WARNING: The option setting 'android.newDsl=false' is deprecated.
2026-04-17T02:51:50.5044762Z The current default is 'true'.
2026-04-17T02:51:50.5045792Z It will be removed in version 10.0 of the Android Gradle plugin.
2026-04-17T02:51:50.5047258Z WARNING: The option setting 'android.dependency.excludeLibraryComponentsFromConstraints=true' is deprecated.
2026-04-17T02:51:50.5048555Z The current default is 'false'.
2026-04-17T02:51:50.5049406Z It will be removed in version 10.0 of the Android Gradle plugin.
2026-04-17T02:51:50.5050725Z Following can be set instead to achieve a similar behaviour.
2026-04-17T02:51:50.5051645Z     android.dependency.useConstraints=false
2026-04-17T02:51:50.5052910Z w: ⚠️ Deprecated 'org.jetbrains.kotlin.android' plugin usage
2026-04-17T02:51:50.5054265Z The 'org.jetbrains.kotlin.android' plugin in project ':app' is no longer required for Kotlin support since AGP 9.0.
2026-04-17T02:51:50.5056062Z Solution: Remove both `android.builtInKotlin=true` and `android.newDsl=false` from `gradle.properties`, then migrate to built-in Kotlin.
2026-04-17T02:51:50.5057579Z See https://kotl.in/gradle/agp-built-in-kotlin for more details.
2026-04-17T02:51:50.5058293Z 
2026-04-17T02:51:51.4970649Z 
2026-04-17T02:51:51.4981293Z > Task :app:checkKotlinGradlePluginConfigurationErrors SKIPPED
2026-04-17T02:51:51.4982436Z > Task :app:preBuild UP-TO-DATE
2026-04-17T02:51:51.4983210Z > Task :app:preDebugBuild UP-TO-DATE
2026-04-17T02:51:51.4984076Z > Task :app:generateDebugBuildConfig FROM-CACHE
2026-04-17T02:51:51.4984994Z > Task :app:generateDebugResValues FROM-CACHE
2026-04-17T02:51:51.4985845Z > Task :app:generateDebugResources FROM-CACHE
2026-04-17T02:51:51.4987053Z > Task :app:injectCrashlyticsMappingFileIdDebug
2026-04-17T02:51:51.4987988Z > Task :app:processDebugGoogleServices FROM-CACHE
2026-04-17T02:51:51.4988892Z > Task :app:packageDebugResources FROM-CACHE
2026-04-17T02:51:51.9954171Z > Task :app:processDebugNavigationResources FROM-CACHE
2026-04-17T02:51:52.2969343Z > Task :app:parseDebugLocalResources FROM-CACHE
2026-04-17T02:51:52.2970653Z > Task :app:generateDebugRFile FROM-CACHE
2026-04-17T02:51:52.9959280Z > Task :app:javaPreCompileDebug FROM-CACHE
2026-04-17T02:51:53.1053204Z > Task :app:mapDebugSourceSetPaths
2026-04-17T02:51:53.1082381Z > Task :app:compileDebugNavigationResources FROM-CACHE
2026-04-17T02:51:53.1114571Z > Task :app:checkDebugAarMetadata
2026-04-17T02:51:53.3980360Z > Task :app:mergeDebugResources FROM-CACHE
2026-04-17T02:51:53.4006025Z > Task :app:createDebugCompatibleScreenManifests
2026-04-17T02:51:53.4032637Z > Task :app:extractDeepLinksDebug FROM-CACHE
2026-04-17T02:51:53.8954201Z > Task :app:processDebugMainManifest
2026-04-17T02:51:53.9955433Z > Task :app:processDebugManifest
2026-04-17T02:51:53.9961449Z > Task :app:preDebugAndroidTestBuild SKIPPED
2026-04-17T02:51:53.9962492Z > Task :app:generateDebugAndroidTestResValues FROM-CACHE
2026-04-17T02:51:53.9963407Z > Task :app:extractProguardFiles
2026-04-17T02:51:53.9964194Z > Task :app:preDebugUnitTestBuild UP-TO-DATE
2026-04-17T02:51:53.9965021Z > Task :app:processDebugManifestForPackage
2026-04-17T02:51:55.1958993Z > Task :app:processDebugResources
2026-04-17T02:52:22.2956356Z > Task :app:kspDebugKotlin
2026-04-17T02:52:26.4960409Z e: [ksp] /home/runner/work/prismTask/prismTask/app/src/main/java/com/averycorp/prismtask/data/local/dao/SchoolworkDao.kt:14: [MissingType]: Element 'com.averycorp.prismtask.data.local.dao.SchoolworkDao' references a type that is not present
2026-04-17T02:52:26.4969690Z e: [ksp] /home/runner/work/prismTask/prismTask/app/src/main/java/com/averycorp/prismtask/data/local/dao/FocusReleaseLogDao.kt:8: [MissingType]: Element 'com.averycorp.prismtask.data.local.dao.FocusReleaseLogDao' references a type that is not present
2026-04-17T02:52:26.4974219Z e: [ksp] androidx.room.RoomKspProcessor was unable to process 'com.averycorp.prismtask.data.local.database.PrismTaskDatabase' because not all of its dependencies could be resolved. Check for compilation errors or a circular dependency with generated code.
2026-04-17T02:52:26.7969033Z 
2026-04-17T02:52:26.7978806Z > Task :app:kspDebugKotlin FAILED
2026-04-17T02:52:26.7979912Z gradle/actions: Writing build results to /home/runner/work/_temp/.gradle-actions/build-results/__run_3-1776394310120.json
2026-04-17T02:52:26.7981097Z 
2026-04-17T02:52:26.7981915Z [Incubating] Problems report is available at: file:///home/runner/work/prismTask/prismTask/build/reports/problems/problems-report.html
2026-04-17T02:52:26.8980677Z 
2026-04-17T02:52:26.8980728Z 
2026-04-17T02:52:26.9000984Z FAILURE: Build failed with an exception.
2026-04-17T02:52:26.9001932Z Deprecated Gradle features were used in this build, making it incompatible with Gradle 10.
2026-04-17T02:52:26.9002727Z 
2026-04-17T02:52:26.9010613Z 
2026-04-17T02:52:26.9011507Z You can use '--warning-mode all' to show the individual deprecation warnings and determine if they come from your own scripts or plugins.
2026-04-17T02:52:26.9036917Z * What went wrong:
2026-04-17T02:52:26.9037192Z 
2026-04-17T02:52:26.9037908Z Execution failed for task ':app:kspDebugKotlin'.
2026-04-17T02:52:26.9039263Z For more on this, please refer to https://docs.gradle.org/9.3.1/userguide/command_line_interface.html#sec:command_line_warnings in the Gradle documentation.
2026-04-17T02:52:26.9041475Z > A failure occurred while executing com.google.devtools.ksp.gradle.KspAAWorkerAction
2026-04-17T02:52:26.9042410Z 23 actionable tasks: 10 executed, 13 from cache
2026-04-17T02:52:26.9043323Z    > KSP failed with exit code: PROCESSING_ERROR
2026-04-17T02:52:26.9043916Z 
2026-04-17T02:52:26.9044251Z * Try:
2026-04-17T02:52:26.9044915Z > Run with --stacktrace option to get the stack trace.
2026-04-17T02:52:26.9046281Z > Run with --info or --debug option to get more log output.
2026-04-17T02:52:26.9047331Z > Run with --scan to get full insights from a Build Scan (powered by Develocity).
2026-04-17T02:52:26.9048329Z > Get more help at https://help.gradle.org.
2026-04-17T02:52:26.9048883Z 
2026-04-17T02:52:26.9049215Z BUILD FAILED in 37s
2026-04-17T02:52:26.9861202Z ##[error]Process completed with exit code 1.
2026-04-17T02:52:26.9937285Z ##[group]Run set -euo pipefail
2026-04-17T02:52:26.9937942Z [36;1mset -euo pipefail[0m
2026-04-17T02:52:26.9938485Z [36;1mshopt -s globstar nullglob[0m
2026-04-17T02:52:26.9939124Z [36;1mxmls=(app/build/test-results/**/*.xml)[0m
2026-04-17T02:52:26.9939742Z [36;1mif [ ${#xmls[@]} -eq 0 ]; then[0m
2026-04-17T02:52:26.9941006Z [36;1m  echo "::error::No JUnit XML results found under app/build/test-results/. Did the test task run?"[0m
2026-04-17T02:52:26.9941943Z [36;1m  exit 1[0m
2026-04-17T02:52:26.9942370Z [36;1mfi[0m
2026-04-17T02:52:26.9942769Z [36;1mfailed=0[0m
2026-04-17T02:52:26.9943223Z [36;1mfor f in "${xmls[@]}"; do[0m
2026-04-17T02:52:26.9944034Z [36;1m  fails=$(grep -oE 'failures="[0-9]+"' "$f" | head -n1 | grep -oE '[0-9]+' || echo 0)[0m
2026-04-17T02:52:26.9945119Z [36;1m  errs=$(grep -oE 'errors="[0-9]+"' "$f" | head -n1 | grep -oE '[0-9]+' || echo 0)[0m
2026-04-17T02:52:26.9946086Z [36;1m  if [ "${fails:-0}" -gt 0 ] || [ "${errs:-0}" -gt 0 ]; then[0m
2026-04-17T02:52:26.9946951Z [36;1m    echo "::error file=${f}::${fails} failure(s), ${errs} error(s) in ${f}"[0m
2026-04-17T02:52:26.9948222Z [36;1m    failed=$((failed + fails + errs))[0m
2026-04-17T02:52:26.9948846Z [36;1m  fi[0m
2026-04-17T02:52:26.9949261Z [36;1mdone[0m
2026-04-17T02:52:26.9949683Z [36;1mif [ "$failed" -gt 0 ]; then[0m
2026-04-17T02:52:26.9951138Z [36;1m  echo "::error::${failed} unit-test failure(s)/error(s) detected. See annotations and the test-results artifact."[0m
2026-04-17T02:52:26.9952185Z [36;1m  exit 1[0m
2026-04-17T02:52:26.9952600Z [36;1mfi[0m
2026-04-17T02:52:26.9953133Z [36;1mecho "All ${#xmls[@]} JUnit XML reports clean."[0m
2026-04-17T02:52:26.9985130Z shell: /usr/bin/bash --noprofile --norc -e -o pipefail {0}
2026-04-17T02:52:26.9985797Z env:
2026-04-17T02:52:26.9986419Z   JAVA_HOME: /opt/hostedtoolcache/Java_Temurin-Hotspot_jdk/21.0.10-7/x64
2026-04-17T02:52:26.9987425Z   JAVA_HOME_21_X64: /opt/hostedtoolcache/Java_Temurin-Hotspot_jdk/21.0.10-7/x64
2026-04-17T02:52:26.9988306Z   GRADLE_ACTION_ID: gradle/actions/setup-gradle
2026-04-17T02:52:26.9988963Z   GRADLE_USER_HOME: /home/runner/.gradle
2026-04-17T02:52:26.9989580Z   GRADLE_BUILD_ACTION_SETUP_COMPLETED: true
2026-04-17T02:52:26.9990531Z   GRADLE_BUILD_ACTION_CACHE_RESTORED: true
2026-04-17T02:52:26.9991386Z   DEVELOCITY_INJECTION_INIT_SCRIPT_NAME: gradle-actions.inject-develocity.init.gradle
2026-04-17T02:52:26.9992363Z   DEVELOCITY_INJECTION_CUSTOM_VALUE: gradle-actions
2026-04-17T02:52:26.9993031Z   GITHUB_DEPENDENCY_GRAPH_ENABLED: false
2026-04-17T02:52:26.9993584Z ##[endgroup]
2026-04-17T02:52:27.0068730Z ##[error]No JUnit XML results found under app/build/test-results/. Did the test task run?
2026-04-17T02:52:27.0071641Z ##[error]Process completed with exit code 1.
2026-04-17T02:52:27.0151475Z ##[group]Run actions/upload-artifact@v4
2026-04-17T02:52:27.0152023Z with:
2026-04-17T02:52:27.0152395Z   name: lint-report
2026-04-17T02:52:27.0152896Z   path: app/build/reports/lint-results-debug.html
2026-04-17T02:52:27.0153470Z   retention-days: 7
2026-04-17T02:52:27.0153917Z   if-no-files-found: warn
2026-04-17T02:52:27.0154368Z   compression-level: 6
2026-04-17T02:52:27.0154788Z   overwrite: false
2026-04-17T02:52:27.0155202Z   include-hidden-files: false
2026-04-17T02:52:27.0155703Z env:
2026-04-17T02:52:27.0156334Z   JAVA_HOME: /opt/hostedtoolcache/Java_Temurin-Hotspot_jdk/21.0.10-7/x64
2026-04-17T02:52:27.0157249Z   JAVA_HOME_21_X64: /opt/hostedtoolcache/Java_Temurin-Hotspot_jdk/21.0.10-7/x64
2026-04-17T02:52:27.0158034Z   GRADLE_ACTION_ID: gradle/actions/setup-gradle
2026-04-17T02:52:27.0158911Z   GRADLE_USER_HOME: /home/runner/.gradle
2026-04-17T02:52:27.0159470Z   GRADLE_BUILD_ACTION_SETUP_COMPLETED: true
2026-04-17T02:52:27.0160316Z   GRADLE_BUILD_ACTION_CACHE_RESTORED: true
2026-04-17T02:52:27.0161140Z   DEVELOCITY_INJECTION_INIT_SCRIPT_NAME: gradle-actions.inject-develocity.init.gradle
2026-04-17T02:52:27.0162030Z   DEVELOCITY_INJECTION_CUSTOM_VALUE: gradle-actions
2026-04-17T02:52:27.0162643Z   GITHUB_DEPENDENCY_GRAPH_ENABLED: false
2026-04-17T02:52:27.0163158Z ##[endgroup]
2026-04-17T02:52:27.3101643Z ##[warning]No files were found with the provided path: app/build/reports/lint-results-debug.html. No artifacts will be uploaded.
2026-04-17T02:52:27.3225159Z ##[group]Run actions/upload-artifact@v4
2026-04-17T02:52:27.3225487Z with:
2026-04-17T02:52:27.3225711Z   name: detekt-report
2026-04-17T02:52:27.3225983Z   path: app/build/reports/detekt/
2026-04-17T02:52:27.3226265Z   retention-days: 7
2026-04-17T02:52:27.3226515Z   if-no-files-found: warn
2026-04-17T02:52:27.3226780Z   compression-level: 6
2026-04-17T02:52:27.3227038Z   overwrite: false
2026-04-17T02:52:27.3227288Z   include-hidden-files: false
2026-04-17T02:52:27.3227555Z env:
2026-04-17T02:52:27.3227884Z   JAVA_HOME: /opt/hostedtoolcache/Java_Temurin-Hotspot_jdk/21.0.10-7/x64
2026-04-17T02:52:27.3228404Z   JAVA_HOME_21_X64: /opt/hostedtoolcache/Java_Temurin-Hotspot_jdk/21.0.10-7/x64
2026-04-17T02:52:27.3228856Z   GRADLE_ACTION_ID: gradle/actions/setup-gradle
2026-04-17T02:52:27.3229190Z   GRADLE_USER_HOME: /home/runner/.gradle
2026-04-17T02:52:27.3229510Z   GRADLE_BUILD_ACTION_SETUP_COMPLETED: true
2026-04-17T02:52:27.3229832Z   GRADLE_BUILD_ACTION_CACHE_RESTORED: true
2026-04-17T02:52:27.3230612Z   DEVELOCITY_INJECTION_INIT_SCRIPT_NAME: gradle-actions.inject-develocity.init.gradle
2026-04-17T02:52:27.3231122Z   DEVELOCITY_INJECTION_CUSTOM_VALUE: gradle-actions
2026-04-17T02:52:27.3231469Z   GITHUB_DEPENDENCY_GRAPH_ENABLED: false
2026-04-17T02:52:27.3231765Z ##[endgroup]
2026-04-17T02:52:27.5376258Z With the provided path, there will be 2 files uploaded
2026-04-17T02:52:27.5382014Z Artifact name is valid!
2026-04-17T02:52:27.5383310Z Root directory input is valid!
2026-04-17T02:52:27.7207963Z Beginning upload of artifact content to blob storage
2026-04-17T02:52:27.9270824Z Uploaded bytes 4196
2026-04-17T02:52:27.9805899Z Finished uploading artifact content to blob storage!
2026-04-17T02:52:27.9809623Z SHA256 digest of uploaded artifact zip is 2e31c238541178f88b999560c13c3613cbb7a8a3cec846ce7979254a55a6bc22
2026-04-17T02:52:27.9811720Z Finalizing artifact upload
2026-04-17T02:52:28.1234157Z Artifact detekt-report.zip successfully finalized. Artifact ID 6487830462
2026-04-17T02:52:28.1235494Z Artifact detekt-report has been successfully uploaded! Final size is 4196 bytes. Artifact ID is 6487830462
2026-04-17T02:52:28.1243230Z Artifact download URL: https://github.com/akarlin3/prismTask/actions/runs/24545126387/artifacts/6487830462
2026-04-17T02:52:28.1358717Z ##[group]Run actions/upload-artifact@v4
2026-04-17T02:52:28.1359050Z with:
2026-04-17T02:52:28.1359295Z   name: test-results
2026-04-17T02:52:28.1359562Z   path: app/build/test-results/
2026-04-17T02:52:28.1359859Z   retention-days: 7
2026-04-17T02:52:28.1360464Z   if-no-files-found: warn
2026-04-17T02:52:28.1360749Z   compression-level: 6
2026-04-17T02:52:28.1361004Z   overwrite: false
2026-04-17T02:52:28.1361276Z   include-hidden-files: false
2026-04-17T02:52:28.1361548Z env:
2026-04-17T02:52:28.1361890Z   JAVA_HOME: /opt/hostedtoolcache/Java_Temurin-Hotspot_jdk/21.0.10-7/x64
2026-04-17T02:52:28.1362418Z   JAVA_HOME_21_X64: /opt/hostedtoolcache/Java_Temurin-Hotspot_jdk/21.0.10-7/x64
2026-04-17T02:52:28.1362888Z   GRADLE_ACTION_ID: gradle/actions/setup-gradle
2026-04-17T02:52:28.1363228Z   GRADLE_USER_HOME: /home/runner/.gradle
2026-04-17T02:52:28.1363553Z   GRADLE_BUILD_ACTION_SETUP_COMPLETED: true
2026-04-17T02:52:28.1363886Z   GRADLE_BUILD_ACTION_CACHE_RESTORED: true
2026-04-17T02:52:28.1364389Z   DEVELOCITY_INJECTION_INIT_SCRIPT_NAME: gradle-actions.inject-develocity.init.gradle
2026-04-17T02:52:28.1365106Z   DEVELOCITY_INJECTION_CUSTOM_VALUE: gradle-actions
2026-04-17T02:52:28.1365465Z   GITHUB_DEPENDENCY_GRAPH_ENABLED: false
2026-04-17T02:52:28.1365778Z ##[endgroup]
2026-04-17T02:52:28.3488066Z ##[warning]No files were found with the provided path: app/build/test-results/. No artifacts will be uploaded.
2026-04-17T02:52:28.3619447Z Post job cleanup.
2026-04-17T02:52:28.3713021Z Post job cleanup.
2026-04-17T02:52:28.6915825Z In post-action step
2026-04-17T02:52:28.6928874Z ##[group]Stopping Gradle daemons
2026-04-17T02:52:28.6930561Z Stopping Gradle daemons for /home/runner/.gradle/wrapper/dists/gradle-9.3.1-bin/23ovyewtku6u96viwx3xl3oks/gradle-9.3.1
2026-04-17T02:52:28.6948540Z [command]/home/runner/.gradle/wrapper/dists/gradle-9.3.1-bin/23ovyewtku6u96viwx3xl3oks/gradle-9.3.1/bin/gradle --stop
2026-04-17T02:52:29.3657915Z Stopping Daemon(s)
2026-04-17T02:52:29.3673440Z 1 Daemon stopped
2026-04-17T02:52:29.3871011Z ##[endgroup]
2026-04-17T02:52:29.3900943Z Not performing cache-cleanup due to build failure
2026-04-17T02:52:29.3921406Z ##[group]Caching Gradle state
2026-04-17T02:52:32.5874390Z [command]/usr/bin/tar --posix -cf cache.tzst --exclude cache.tzst -P -C /home/runner/work/prismTask/prismTask --files-from manifest.txt --use-compress-program zstdmt
2026-04-17T02:52:34.3051696Z Sent 0 of 250716591 (0.0%), 0.0 MBs/sec
2026-04-17T02:52:35.2859727Z Sent 250716591 of 250716591 (100.0%), 120.7 MBs/sec
2026-04-17T02:52:35.4715920Z Saved cache entry with key gradle-home-v1|Linux-X64|lint-and-test[5df42585ae8f8da228c604b8b4e8707c]-e4a7920e402d6c3f159f92a31b1d4a74350031be from /home/runner/.gradle/caches,/home/runner/.gradle/notifications,/home/runner/.gradle/.setup-gradle in 2898ms
2026-04-17T02:52:35.4719092Z ##[endgroup]
2026-04-17T02:52:35.4725047Z Generating Job Summary
2026-04-17T02:52:35.4739329Z Completed post-action step
2026-04-17T02:52:35.4933830Z Post job cleanup.
2026-04-17T02:52:35.6658609Z Post job cleanup.
2026-04-17T02:52:35.7664327Z [command]/usr/bin/git version
2026-04-17T02:52:35.7700425Z git version 2.53.0
2026-04-17T02:52:35.7750382Z Temporarily overriding HOME='/home/runner/work/_temp/dbee4e78-3cbf-4286-a307-7c2fecaef698' before making global git config changes
2026-04-17T02:52:35.7751846Z Adding repository directory to the temporary git global config as a safe directory
2026-04-17T02:52:35.7756733Z [command]/usr/bin/git config --global --add safe.directory /home/runner/work/prismTask/prismTask
2026-04-17T02:52:35.7798214Z [command]/usr/bin/git config --local --name-only --get-regexp core\.sshCommand
2026-04-17T02:52:35.7831986Z [command]/usr/bin/git submodule foreach --recursive sh -c "git config --local --name-only --get-regexp 'core\.sshCommand' && git config --local --unset-all 'core.sshCommand' || :"
2026-04-17T02:52:35.8058198Z [command]/usr/bin/git config --local --name-only --get-regexp http\.https\:\/\/github\.com\/\.extraheader
2026-04-17T02:52:35.8080670Z http.https://github.com/.extraheader
2026-04-17T02:52:35.8093978Z [command]/usr/bin/git config --local --unset-all http.https://github.com/.extraheader
2026-04-17T02:52:35.8124376Z [command]/usr/bin/git submodule foreach --recursive sh -c "git config --local --name-only --get-regexp 'http\.https\:\/\/github\.com\/\.extraheader' && git config --local --unset-all 'http.https://github.com/.extraheader' || :"
2026-04-17T02:52:35.8345613Z [command]/usr/bin/git config --local --name-only --get-regexp ^includeIf\.gitdir:
2026-04-17T02:52:35.8376588Z [command]/usr/bin/git submodule foreach --recursive git config --local --show-origin --name-only --get-regexp remote.origin.url
2026-04-17T02:52:35.8701896Z Cleaning up orphan processes
2026-04-17T02:52:35.9011158Z ##[warning]Node.js 20 actions are deprecated. The following actions are running on Node.js 20 and may not work as expected: actions/checkout@v4, actions/setup-java@v4, actions/upload-artifact@v4, gradle/actions/setup-gradle@v4. Actions will be forced to run with Node.js 24 by default starting June 2nd, 2026. Node.js 20 will be removed from the runner on September 16th, 2026. Please check if updated versions of these actions are available that support Node.js 24. To opt into Node.js 24 now, set the FORCE_JAVASCRIPT_ACTIONS_TO_NODE24=true environment variable on the runner or in your workflow file. Once Node.js 24 becomes the default, you can temporarily opt out by setting ACTIONS_ALLOW_USE_UNSECURE_NODE_VERSION=true. For more information see: https://github.blog/changelog/2025-09-19-deprecation-of-node-20-on-github-actions-runners/
