=== CI FAILURE ===
Workflow:      Android CI
Workflow file: akarlin3/prismTask/.github/workflows/android-ci.yml@refs/pull/666/merge
Job(s):        lint-and-test
Run ID:        24806566414
Run attempt:   1
Run URL:       https://github.com/akarlin3/prismTask/actions/runs/24806566414
Commit:        75b10580b33c25d363268f680e4ca3d003f87e99
Branch:        666/merge
Event:         pull_request
Actor:         akarlin3
Runner OS:     Linux
Timestamp:     2026-04-22T22:48:51.274Z

Failed steps:
  - lint-and-test: #2 Run actions/checkout@v4 | #5 detekt | #6 Android lint | #8 Verify unit-test results (XML) | #9 Post failure details to PR

=== FAILED JOB LOG ===

--- Job: lint-and-test (id 72602251606) ---
2026-04-22T22:47:57.5155387Z Current runner version: '2.333.1'
2026-04-22T22:47:57.5178747Z ##[group]Runner Image Provisioner
2026-04-22T22:47:57.5179536Z Hosted Compute Agent
2026-04-22T22:47:57.5180006Z Version: 20260415.520
2026-04-22T22:47:57.5180655Z Commit: af089020f5f67b61ccc91db6c07980876c02bf7b
2026-04-22T22:47:57.5181288Z Build Date: 2026-04-15T18:07:08Z
2026-04-22T22:47:57.5181870Z Worker ID: {ae884941-a591-42f6-a99e-6a9397e3bf8d}
2026-04-22T22:47:57.5182441Z Azure Region: westus3
2026-04-22T22:47:57.5182951Z ##[endgroup]
2026-04-22T22:47:57.5184276Z ##[group]Operating System
2026-04-22T22:47:57.5184780Z Ubuntu
2026-04-22T22:47:57.5185259Z 24.04.4
2026-04-22T22:47:57.5185758Z LTS
2026-04-22T22:47:57.5186185Z ##[endgroup]
2026-04-22T22:47:57.5186607Z ##[group]Runner Image
2026-04-22T22:47:57.5187169Z Image: ubuntu-24.04
2026-04-22T22:47:57.5187587Z Version: 20260420.95.1
2026-04-22T22:47:57.5188678Z Included Software: https://github.com/actions/runner-images/blob/ubuntu24/20260420.95/images/ubuntu/Ubuntu2404-Readme.md
2026-04-22T22:47:57.5190018Z Image Release: https://github.com/actions/runner-images/releases/tag/ubuntu24%2F20260420.95
2026-04-22T22:47:57.5191146Z ##[endgroup]
2026-04-22T22:47:57.5192297Z ##[group]GITHUB_TOKEN Permissions
2026-04-22T22:47:57.5194147Z Actions: read
2026-04-22T22:47:57.5194685Z Checks: read
2026-04-22T22:47:57.5195126Z Contents: write
2026-04-22T22:47:57.5195518Z Metadata: read
2026-04-22T22:47:57.5196019Z PullRequests: read
2026-04-22T22:47:57.5196439Z ##[endgroup]
2026-04-22T22:47:57.5198417Z Secret source: Actions
2026-04-22T22:47:57.5199053Z Prepare workflow directory
2026-04-22T22:47:57.5513221Z Prepare all required actions
2026-04-22T22:47:57.5556324Z Getting action download info
2026-04-22T22:47:58.0113110Z Download action repository 'actions/checkout@v4' (SHA:34e114876b0b11c390a56381ad16ebd13914f8d5)
2026-04-22T22:47:58.1169468Z Download action repository 'actions/github-script@v7' (SHA:f28e40c7f34bde8b3046d885e986cb6290c5673b)
2026-04-22T22:47:58.8821058Z Download action repository 'actions/upload-artifact@v4' (SHA:ea165f8d65b6e75b540449e92b4886f43607fa02)
2026-04-22T22:47:59.3131006Z Complete job name: lint-and-test
2026-04-22T22:47:59.4057399Z ##[group]Run actions/checkout@v4
2026-04-22T22:47:59.4058594Z with:
2026-04-22T22:47:59.4059289Z   ref: fix/ci-post-pomodoro-a2
2026-04-22T22:47:59.4060163Z   repository: akarlin3/prismTask
2026-04-22T22:47:59.4061541Z   token: ***
2026-04-22T22:47:59.4062205Z   ssh-strict: true
2026-04-22T22:47:59.4062873Z   ssh-user: git
2026-04-22T22:47:59.4063582Z   persist-credentials: true
2026-04-22T22:47:59.4064366Z   clean: true
2026-04-22T22:47:59.4065074Z   sparse-checkout-cone-mode: true
2026-04-22T22:47:59.4065937Z   fetch-depth: 1
2026-04-22T22:47:59.4066623Z   fetch-tags: false
2026-04-22T22:47:59.4067329Z   show-progress: true
2026-04-22T22:47:59.4068026Z   lfs: false
2026-04-22T22:47:59.4068667Z   submodules: false
2026-04-22T22:47:59.4069379Z   set-safe-directory: true
2026-04-22T22:47:59.4070472Z ##[endgroup]
2026-04-22T22:47:59.5137758Z Syncing repository: akarlin3/prismTask
2026-04-22T22:47:59.5140414Z ##[group]Getting Git version info
2026-04-22T22:47:59.5141725Z Working directory is '/home/runner/work/prismTask/prismTask'
2026-04-22T22:47:59.5143390Z [command]/usr/bin/git version
2026-04-22T22:47:59.5181211Z git version 2.53.0
2026-04-22T22:47:59.5204663Z ##[endgroup]
2026-04-22T22:47:59.5218435Z Temporarily overriding HOME='/home/runner/work/_temp/2d8f18df-fe9f-40e6-96f7-87aff65435c2' before making global git config changes
2026-04-22T22:47:59.5221302Z Adding repository directory to the temporary git global config as a safe directory
2026-04-22T22:47:59.5223658Z [command]/usr/bin/git config --global --add safe.directory /home/runner/work/prismTask/prismTask
2026-04-22T22:47:59.5271205Z Deleting the contents of '/home/runner/work/prismTask/prismTask'
2026-04-22T22:47:59.5274608Z ##[group]Initializing the repository
2026-04-22T22:47:59.5278484Z [command]/usr/bin/git init /home/runner/work/prismTask/prismTask
2026-04-22T22:47:59.5355713Z hint: Using 'master' as the name for the initial branch. This default branch name
2026-04-22T22:47:59.5359107Z hint: will change to "main" in Git 3.0. To configure the initial branch name
2026-04-22T22:47:59.5362019Z hint: to use in all of your new repositories, which will suppress this warning,
2026-04-22T22:47:59.5364051Z hint: call:
2026-04-22T22:47:59.5365413Z hint:
2026-04-22T22:47:59.5366734Z hint: 	git config --global init.defaultBranch <name>
2026-04-22T22:47:59.5368284Z hint:
2026-04-22T22:47:59.5369785Z hint: Names commonly chosen instead of 'master' are 'main', 'trunk' and
2026-04-22T22:47:59.5372861Z hint: 'development'. The just-created branch can be renamed via this command:
2026-04-22T22:47:59.5374830Z hint:
2026-04-22T22:47:59.5375929Z hint: 	git branch -m <name>
2026-04-22T22:47:59.5377176Z hint:
2026-04-22T22:47:59.5378212Z hint: Disable this message with "git config set advice.defaultBranchName false"
2026-04-22T22:47:59.5379907Z Initialized empty Git repository in /home/runner/work/prismTask/prismTask/.git/
2026-04-22T22:47:59.5384179Z [command]/usr/bin/git remote add origin https://github.com/akarlin3/prismTask
2026-04-22T22:47:59.5413771Z ##[endgroup]
2026-04-22T22:47:59.5415738Z ##[group]Disabling automatic garbage collection
2026-04-22T22:47:59.5417864Z [command]/usr/bin/git config --local gc.auto 0
2026-04-22T22:47:59.5443802Z ##[endgroup]
2026-04-22T22:47:59.5445639Z ##[group]Setting up auth
2026-04-22T22:47:59.5451755Z [command]/usr/bin/git config --local --name-only --get-regexp core\.sshCommand
2026-04-22T22:47:59.5479395Z [command]/usr/bin/git submodule foreach --recursive sh -c "git config --local --name-only --get-regexp 'core\.sshCommand' && git config --local --unset-all 'core.sshCommand' || :"
2026-04-22T22:47:59.5783941Z [command]/usr/bin/git config --local --name-only --get-regexp http\.https\:\/\/github\.com\/\.extraheader
2026-04-22T22:47:59.5812190Z [command]/usr/bin/git submodule foreach --recursive sh -c "git config --local --name-only --get-regexp 'http\.https\:\/\/github\.com\/\.extraheader' && git config --local --unset-all 'http.https://github.com/.extraheader' || :"
2026-04-22T22:47:59.6002655Z [command]/usr/bin/git config --local --name-only --get-regexp ^includeIf\.gitdir:
2026-04-22T22:47:59.6030600Z [command]/usr/bin/git submodule foreach --recursive git config --local --show-origin --name-only --get-regexp remote.origin.url
2026-04-22T22:47:59.6226132Z [command]/usr/bin/git config --local http.https://github.com/.extraheader AUTHORIZATION: basic ***
2026-04-22T22:47:59.6254913Z ##[endgroup]
2026-04-22T22:47:59.6256116Z ##[group]Fetching the repository
2026-04-22T22:47:59.6264155Z [command]/usr/bin/git -c protocol.version=2 fetch --no-tags --prune --no-recurse-submodules --depth=1 origin +refs/heads/fix/ci-post-pomodoro-a2*:refs/remotes/origin/fix/ci-post-pomodoro-a2* +refs/tags/fix/ci-post-pomodoro-a2*:refs/tags/fix/ci-post-pomodoro-a2*
2026-04-22T22:47:59.9819761Z The process '/usr/bin/git' failed with exit code 1
2026-04-22T22:47:59.9821127Z Waiting 20 seconds before trying again
2026-04-22T22:48:19.9930185Z [command]/usr/bin/git -c protocol.version=2 fetch --no-tags --prune --no-recurse-submodules --depth=1 origin +refs/heads/fix/ci-post-pomodoro-a2*:refs/remotes/origin/fix/ci-post-pomodoro-a2* +refs/tags/fix/ci-post-pomodoro-a2*:refs/tags/fix/ci-post-pomodoro-a2*
2026-04-22T22:48:20.3552412Z The process '/usr/bin/git' failed with exit code 1
2026-04-22T22:48:20.3553009Z Waiting 18 seconds before trying again
2026-04-22T22:48:38.3636061Z [command]/usr/bin/git -c protocol.version=2 fetch --no-tags --prune --no-recurse-submodules --depth=1 origin +refs/heads/fix/ci-post-pomodoro-a2*:refs/remotes/origin/fix/ci-post-pomodoro-a2* +refs/tags/fix/ci-post-pomodoro-a2*:refs/tags/fix/ci-post-pomodoro-a2*
2026-04-22T22:48:38.7371032Z ##[error]The process '/usr/bin/git' failed with exit code 1
2026-04-22T22:48:38.7504148Z ##[group]Run ./gradlew detekt --continue
2026-04-22T22:48:38.7504672Z [36;1m./gradlew detekt --continue[0m
2026-04-22T22:48:38.7586198Z shell: /usr/bin/bash -e {0}
2026-04-22T22:48:38.7586771Z ##[endgroup]
2026-04-22T22:48:38.7673511Z /home/runner/work/_temp/0335c454-22e3-4b19-8a17-daae34111057.sh: line 1: ./gradlew: No such file or directory
2026-04-22T22:48:38.7679408Z ##[error]Process completed with exit code 127.
2026-04-22T22:48:38.7713258Z ##[group]Run ./gradlew lint --continue
2026-04-22T22:48:38.7713618Z [36;1m./gradlew lint --continue[0m
2026-04-22T22:48:38.7749834Z shell: /usr/bin/bash -e {0}
2026-04-22T22:48:38.7750150Z ##[endgroup]
2026-04-22T22:48:38.7811155Z /home/runner/work/_temp/a6f61a6b-580c-4349-bf21-77bf298ac314.sh: line 1: ./gradlew: No such file or directory
2026-04-22T22:48:38.7814625Z ##[error]Process completed with exit code 127.
2026-04-22T22:48:38.7850171Z ##[group]Run set -euo pipefail
2026-04-22T22:48:38.7850745Z [36;1mset -euo pipefail[0m
2026-04-22T22:48:38.7851006Z [36;1mshopt -s globstar nullglob[0m
2026-04-22T22:48:38.7851331Z [36;1mxmls=(app/build/test-results/**/*.xml)[0m
2026-04-22T22:48:38.7851651Z [36;1mif [ ${#xmls[@]} -eq 0 ]; then[0m
2026-04-22T22:48:38.7852120Z [36;1m  echo "::error::No JUnit XML results found under app/build/test-results/. Did the test task run?"[0m
2026-04-22T22:48:38.7852589Z [36;1m  exit 1[0m
2026-04-22T22:48:38.7852799Z [36;1mfi[0m
2026-04-22T22:48:38.7852997Z [36;1mfailed=0[0m
2026-04-22T22:48:38.7853219Z [36;1mfor f in "${xmls[@]}"; do[0m
2026-04-22T22:48:38.7853609Z [36;1m  fails=$(grep -oE 'failures="[0-9]+"' "$f" | head -n1 | grep -oE '[0-9]+' || echo 0)[0m
2026-04-22T22:48:38.7854105Z [36;1m  errs=$(grep -oE 'errors="[0-9]+"' "$f" | head -n1 | grep -oE '[0-9]+' || echo 0)[0m
2026-04-22T22:48:38.7854597Z [36;1m  if [ "${fails:-0}" -gt 0 ] || [ "${errs:-0}" -gt 0 ]; then[0m
2026-04-22T22:48:38.7855047Z [36;1m    echo "::error file=${f}::${fails} failure(s), ${errs} error(s) in ${f}"[0m
2026-04-22T22:48:38.7855432Z [36;1m    failed=$((failed + fails + errs))[0m
2026-04-22T22:48:38.7855711Z [36;1m  fi[0m
2026-04-22T22:48:38.7855909Z [36;1mdone[0m
2026-04-22T22:48:38.7856126Z [36;1mif [ "$failed" -gt 0 ]; then[0m
2026-04-22T22:48:38.7856620Z [36;1m  echo "::error::${failed} unit-test failure(s)/error(s) detected. See annotations and the test-results artifact."[0m
2026-04-22T22:48:38.7857109Z [36;1m  exit 1[0m
2026-04-22T22:48:38.7857302Z [36;1mfi[0m
2026-04-22T22:48:38.7857559Z [36;1mecho "All ${#xmls[@]} JUnit XML reports clean."[0m
2026-04-22T22:48:38.7898916Z shell: /usr/bin/bash --noprofile --norc -e -o pipefail {0}
2026-04-22T22:48:38.7899273Z ##[endgroup]
2026-04-22T22:48:38.7961585Z ##[error]No JUnit XML results found under app/build/test-results/. Did the test task run?
2026-04-22T22:48:38.7963717Z ##[error]Process completed with exit code 1.
2026-04-22T22:48:38.8053679Z ##[group]Run actions/github-script@v7
2026-04-22T22:48:38.8054016Z with:
2026-04-22T22:48:38.8056504Z   script: const fs = require('fs');
let body = '### CI Unit Test Failure\n\n';
try {
  const raw = fs.readFileSync('unit-test-output.log', 'utf8');
  const lines = raw.split('\n');
  const errorLines = lines.filter(l =>
    /\be:\b|FAILED|Compilation error|Unresolved reference|not abstract|does not implement/.test(l)
  );
  const tail = lines.slice(-30).join('\n');
  const errors = errorLines.length > 0
    ? errorLines.join('\n')
    : 'No specific error lines matched. Last 30 lines shown.';
  body += '**Error lines:**\n```\n' + errors.slice(0, 2000) + '\n```\n';
  body += '\n**Build tail:**\n```\n' + tail.slice(0, 2000) + '\n```';
} catch (e) {
  body += 'Could not read unit-test-output.log: ' + e.message;
}
await github.rest.issues.createComment({
  owner: context.repo.owner,
  repo: context.repo.repo,
  issue_number: context.issue.number,
  body
});

2026-04-22T22:48:38.8059422Z   github-token: ***
2026-04-22T22:48:38.8059634Z   debug: false
2026-04-22T22:48:38.8059860Z   user-agent: actions/github-script
2026-04-22T22:48:38.8060132Z   result-encoding: json
2026-04-22T22:48:38.8060599Z   retries: 0
2026-04-22T22:48:38.8060834Z   retry-exempt-status-codes: 400,401,403,404,422
2026-04-22T22:48:38.8061261Z ##[endgroup]
2026-04-22T22:48:39.2271561Z RequestError [HttpError]: Resource not accessible by integration
2026-04-22T22:48:39.2272540Z     at /home/runner/work/_actions/actions/github-script/v7/dist/index.js:9537:21
2026-04-22T22:48:39.2273543Z     at process.processTicksAndRejections (node:internal/process/task_queues:95:5)
2026-04-22T22:48:39.2275359Z     at async eval (eval at callAsyncFunction (/home/runner/work/_actions/actions/github-script/v7/dist/index.js:36187:16), <anonymous>:20:1)
2026-04-22T22:48:39.2277287Z     at async main (/home/runner/work/_actions/actions/github-script/v7/dist/index.js:36285:20) {
2026-04-22T22:48:39.2278368Z   status: 403,
2026-04-22T22:48:39.2278846Z   response: {
2026-04-22T22:48:39.2279559Z     url: 'https://api.github.com/repos/akarlin3/prismTask/issues/666/comments',
2026-04-22T22:48:39.2280356Z     status: 403,
2026-04-22T22:48:39.2280705Z     headers: {
2026-04-22T22:48:39.2281050Z       'access-control-allow-origin': '*',
2026-04-22T22:48:39.2283431Z       'access-control-expose-headers': 'ETag, Link, Location, Retry-After, X-GitHub-OTP, X-RateLimit-Limit, X-RateLimit-Remaining, X-RateLimit-Used, X-RateLimit-Resource, X-RateLimit-Reset, X-OAuth-Scopes, X-Accepted-OAuth-Scopes, X-Poll-Interval, X-GitHub-Media-Type, X-GitHub-SSO, X-GitHub-Request-Id, Deprecation, Sunset',
2026-04-22T22:48:39.2285683Z       'content-encoding': 'gzip',
2026-04-22T22:48:39.2286159Z       'content-security-policy': "default-src 'none'",
2026-04-22T22:48:39.2286761Z       'content-type': 'application/json; charset=utf-8',
2026-04-22T22:48:39.2287284Z       date: 'Wed, 22 Apr 2026 22:48:39 GMT',
2026-04-22T22:48:39.2287991Z       'referrer-policy': 'origin-when-cross-origin, strict-origin-when-cross-origin',
2026-04-22T22:48:39.2288703Z       server: 'github.com',
2026-04-22T22:48:39.2289334Z       'strict-transport-security': 'max-age=31536000; includeSubdomains; preload',
2026-04-22T22:48:39.2290047Z       'transfer-encoding': 'chunked',
2026-04-22T22:48:39.2290712Z       vary: 'Accept-Encoding, Accept, X-Requested-With',
2026-04-22T22:48:39.2291464Z       'x-accepted-github-permissions': 'issues=write; pull_requests=write',
2026-04-22T22:48:39.2292171Z       'x-content-type-options': 'nosniff',
2026-04-22T22:48:39.2292718Z       'x-frame-options': 'deny',
2026-04-22T22:48:39.2293231Z       'x-github-api-version-selected': '2022-11-28',
2026-04-22T22:48:39.2293799Z       'x-github-media-type': 'github.v3; format=json',
2026-04-22T22:48:39.2294432Z       'x-github-request-id': '9410:1C6258:1B18106:6C7ABBF:69E95047',
2026-04-22T22:48:39.2295007Z       'x-ratelimit-limit': '5000',
2026-04-22T22:48:39.2295462Z       'x-ratelimit-remaining': '4927',
2026-04-22T22:48:39.2296389Z       'x-ratelimit-reset': '1776900081',
2026-04-22T22:48:39.2296863Z       'x-ratelimit-resource': 'core',
2026-04-22T22:48:39.2297300Z       'x-ratelimit-used': '73',
2026-04-22T22:48:39.2297714Z       'x-xss-protection': '0'
2026-04-22T22:48:39.2298070Z     },
2026-04-22T22:48:39.2298340Z     data: {
2026-04-22T22:48:39.2298740Z       message: 'Resource not accessible by integration',
2026-04-22T22:48:39.2299643Z       documentation_url: 'https://docs.github.com/rest/issues/comments#create-an-issue-comment',
2026-04-22T22:48:39.2300561Z       status: '403'
2026-04-22T22:48:39.2300865Z     }
2026-04-22T22:48:39.2301128Z   },
2026-04-22T22:48:39.2301393Z   request: {
2026-04-22T22:48:39.2301712Z     method: 'POST',
2026-04-22T22:48:39.2302265Z     url: 'https://api.github.com/repos/akarlin3/prismTask/issues/666/comments',
2026-04-22T22:48:39.2302877Z     headers: {
2026-04-22T22:48:39.2303243Z       accept: 'application/vnd.github.v3+json',
2026-04-22T22:48:39.2304046Z       'user-agent': 'actions/github-script octokit-core.js/5.0.1 Node.js/20.20.1 (linux; x64)',
2026-04-22T22:48:39.2304834Z       authorization: 'token [REDACTED]',
2026-04-22T22:48:39.2305349Z       'content-type': 'application/json; charset=utf-8'
2026-04-22T22:48:39.2305806Z     },
2026-04-22T22:48:39.2306727Z     body: `{"body":"### CI Unit Test Failure\\n\\nCould not read unit-test-output.log: ENOENT: no such file or directory, open 'unit-test-output.log'"}`,
2026-04-22T22:48:39.2307998Z     request: {
2026-04-22T22:48:39.2308328Z       agent: [Agent],
2026-04-22T22:48:39.2308730Z       fetch: [Function: proxyFetch],
2026-04-22T22:48:39.2309235Z       hook: [Function: bound bound register]
2026-04-22T22:48:39.2309683Z     }
2026-04-22T22:48:39.2309967Z   }
2026-04-22T22:48:39.2310359Z }
2026-04-22T22:48:39.2312060Z ##[error]Unhandled error: HttpError: Resource not accessible by integration
2026-04-22T22:48:39.2891095Z ##[group]Run actions/upload-artifact@v4
2026-04-22T22:48:39.2891478Z with:
2026-04-22T22:48:39.2891666Z   name: lint-report
2026-04-22T22:48:39.2891891Z   path: app/build/reports/lint-results-debug.html
2026-04-22T22:48:39.2892166Z   retention-days: 7
2026-04-22T22:48:39.2892360Z   if-no-files-found: warn
2026-04-22T22:48:39.2892566Z   compression-level: 6
2026-04-22T22:48:39.2892877Z   overwrite: false
2026-04-22T22:48:39.2893097Z   include-hidden-files: false
2026-04-22T22:48:39.2893337Z ##[endgroup]
2026-04-22T22:48:39.4987308Z ##[warning]No files were found with the provided path: app/build/reports/lint-results-debug.html. No artifacts will be uploaded.
2026-04-22T22:48:39.5107122Z ##[group]Run actions/upload-artifact@v4
2026-04-22T22:48:39.5107389Z with:
2026-04-22T22:48:39.5107574Z   name: detekt-report
2026-04-22T22:48:39.5107775Z   path: app/build/reports/detekt/
2026-04-22T22:48:39.5108010Z   retention-days: 7
2026-04-22T22:48:39.5108204Z   if-no-files-found: warn
2026-04-22T22:48:39.5108409Z   compression-level: 6
2026-04-22T22:48:39.5108601Z   overwrite: false
2026-04-22T22:48:39.5108791Z   include-hidden-files: false
2026-04-22T22:48:39.5109005Z ##[endgroup]
2026-04-22T22:48:39.7088964Z ##[warning]No files were found with the provided path: app/build/reports/detekt/. No artifacts will be uploaded.
2026-04-22T22:48:39.7196304Z ##[group]Run actions/upload-artifact@v4
2026-04-22T22:48:39.7196586Z with:
2026-04-22T22:48:39.7196765Z   name: test-results
2026-04-22T22:48:39.7197035Z   path: app/build/test-results/
2026-04-22T22:48:39.7197264Z   retention-days: 7
2026-04-22T22:48:39.7197460Z   if-no-files-found: warn
2026-04-22T22:48:39.7197675Z   compression-level: 6
2026-04-22T22:48:39.7197882Z   overwrite: false
2026-04-22T22:48:39.7198074Z   include-hidden-files: false
2026-04-22T22:48:39.7198291Z ##[endgroup]
2026-04-22T22:48:39.9288259Z ##[warning]No files were found with the provided path: app/build/test-results/. No artifacts will be uploaded.
2026-04-22T22:48:39.9421786Z Post job cleanup.
2026-04-22T22:48:40.0300051Z [command]/usr/bin/git version
2026-04-22T22:48:40.0332898Z git version 2.53.0
2026-04-22T22:48:40.0382983Z Temporarily overriding HOME='/home/runner/work/_temp/f6898641-33fb-4ea6-8004-36380543bb51' before making global git config changes
2026-04-22T22:48:40.0384290Z Adding repository directory to the temporary git global config as a safe directory
2026-04-22T22:48:40.0389799Z [command]/usr/bin/git config --global --add safe.directory /home/runner/work/prismTask/prismTask
2026-04-22T22:48:40.0427922Z [command]/usr/bin/git config --local --name-only --get-regexp core\.sshCommand
2026-04-22T22:48:40.0462202Z [command]/usr/bin/git submodule foreach --recursive sh -c "git config --local --name-only --get-regexp 'core\.sshCommand' && git config --local --unset-all 'core.sshCommand' || :"
2026-04-22T22:48:40.0639059Z [command]/usr/bin/git config --local --name-only --get-regexp http\.https\:\/\/github\.com\/\.extraheader
2026-04-22T22:48:40.0658262Z http.https://github.com/.extraheader
2026-04-22T22:48:40.0670136Z [command]/usr/bin/git config --local --unset-all http.https://github.com/.extraheader
2026-04-22T22:48:40.0695917Z [command]/usr/bin/git submodule foreach --recursive sh -c "git config --local --name-only --get-regexp 'http\.https\:\/\/github\.com\/\.extraheader' && git config --local --unset-all 'http.https://github.com/.extraheader' || :"
2026-04-22T22:48:40.0868790Z [command]/usr/bin/git config --local --name-only --get-regexp ^includeIf\.gitdir:
2026-04-22T22:48:40.0895285Z [command]/usr/bin/git submodule foreach --recursive git config --local --show-origin --name-only --get-regexp remote.origin.url
2026-04-22T22:48:40.1167181Z Cleaning up orphan processes
2026-04-22T22:48:40.1379170Z ##[warning]Node.js 20 actions are deprecated. The following actions are running on Node.js 20 and may not work as expected: actions/checkout@v4, actions/github-script@v7, actions/upload-artifact@v4. Actions will be forced to run with Node.js 24 by default starting June 2nd, 2026. Node.js 20 will be removed from the runner on September 16th, 2026. Please check if updated versions of these actions are available that support Node.js 24. To opt into Node.js 24 now, set the FORCE_JAVASCRIPT_ACTIONS_TO_NODE24=true environment variable on the runner or in your workflow file. Once Node.js 24 becomes the default, you can temporarily opt out by setting ACTIONS_ALLOW_USE_UNSECURE_NODE_VERSION=true. For more information see: https://github.blog/changelog/2025-09-19-deprecation-of-node-20-on-github-actions-runners/
