=== CI FAILURE ===
Workflow:      Android CI
Workflow file: akarlin3/prismTask/.github/workflows/android-ci.yml@refs/heads/main
Job(s):        lint-and-test
Run ID:        24750280609
Run attempt:   1
Run URL:       https://github.com/akarlin3/prismTask/actions/runs/24750280609
Commit:        2b774736693d7b84b6717b9dec336c0ec0a3fe5d
Branch:        main
Event:         push
Actor:         akarlin3
Runner OS:     Linux
Timestamp:     2026-04-21T22:52:09.170Z

Failed steps:
  - lint-and-test: #4 ktlint check | #5 detekt | #8 Verify unit-test results (XML)

=== FAILED JOB LOG ===

--- Job: lint-and-test (id 72411646617) ---
2026-04-21T22:43:40.3612930Z Current runner version: '2.333.1'
2026-04-21T22:43:40.3649017Z ##[group]Runner Image Provisioner
2026-04-21T22:43:40.3650257Z Hosted Compute Agent
2026-04-21T22:43:40.3651165Z Version: 20260415.520
2026-04-21T22:43:40.3652591Z Commit: af089020f5f67b61ccc91db6c07980876c02bf7b
2026-04-21T22:43:40.3653774Z Build Date: 2026-04-15T18:07:08Z
2026-04-21T22:43:40.3654777Z Worker ID: {91adb8a3-00a3-4e0a-8e85-8eb8c59357fe}
2026-04-21T22:43:40.3656129Z Azure Region: eastus2
2026-04-21T22:43:40.3657077Z ##[endgroup]
2026-04-21T22:43:40.3659169Z ##[group]Operating System
2026-04-21T22:43:40.3660299Z Ubuntu
2026-04-21T22:43:40.3661067Z 24.04.4
2026-04-21T22:43:40.3661872Z LTS
2026-04-21T22:43:40.3662971Z ##[endgroup]
2026-04-21T22:43:40.3663937Z ##[group]Runner Image
2026-04-21T22:43:40.3664925Z Image: ubuntu-24.04
2026-04-21T22:43:40.3666371Z Version: 20260420.95.1
2026-04-21T22:43:40.3668390Z Included Software: https://github.com/actions/runner-images/blob/ubuntu24/20260420.95/images/ubuntu/Ubuntu2404-Readme.md
2026-04-21T22:43:40.3671274Z Image Release: https://github.com/actions/runner-images/releases/tag/ubuntu24%2F20260420.95
2026-04-21T22:43:40.3673109Z ##[endgroup]
2026-04-21T22:43:40.3675250Z ##[group]GITHUB_TOKEN Permissions
2026-04-21T22:43:40.3678421Z Actions: read
2026-04-21T22:43:40.3679307Z Checks: read
2026-04-21T22:43:40.3680021Z Contents: write
2026-04-21T22:43:40.3680988Z Metadata: read
2026-04-21T22:43:40.3681706Z PullRequests: read
2026-04-21T22:43:40.3682821Z ##[endgroup]
2026-04-21T22:43:40.3685800Z Secret source: Actions
2026-04-21T22:43:40.3687176Z Prepare workflow directory
2026-04-21T22:43:40.4173624Z Prepare all required actions
2026-04-21T22:43:40.4231925Z Getting action download info
2026-04-21T22:43:40.7360520Z Download action repository 'actions/checkout@v4' (SHA:34e114876b0b11c390a56381ad16ebd13914f8d5)
2026-04-21T22:43:41.3395504Z Download action repository 'actions/github-script@v7' (SHA:f28e40c7f34bde8b3046d885e986cb6290c5673b)
2026-04-21T22:43:41.5638425Z Download action repository 'actions/upload-artifact@v4' (SHA:ea165f8d65b6e75b540449e92b4886f43607fa02)
2026-04-21T22:43:41.9838986Z Complete job name: lint-and-test
2026-04-21T22:43:42.0596222Z ##[group]Run actions/checkout@v4
2026-04-21T22:43:42.0596878Z with:
2026-04-21T22:43:42.0597128Z   ref: refs/heads/main
2026-04-21T22:43:42.0597408Z   repository: akarlin3/prismTask
2026-04-21T22:43:42.0597946Z   token: ***
2026-04-21T22:43:42.0598185Z   ssh-strict: true
2026-04-21T22:43:42.0598414Z   ssh-user: git
2026-04-21T22:43:42.0598668Z   persist-credentials: true
2026-04-21T22:43:42.0598938Z   clean: true
2026-04-21T22:43:42.0599191Z   sparse-checkout-cone-mode: true
2026-04-21T22:43:42.0599497Z   fetch-depth: 1
2026-04-21T22:43:42.0599755Z   fetch-tags: false
2026-04-21T22:43:42.0599994Z   show-progress: true
2026-04-21T22:43:42.0600238Z   lfs: false
2026-04-21T22:43:42.0600458Z   submodules: false
2026-04-21T22:43:42.0600703Z   set-safe-directory: true
2026-04-21T22:43:42.0601180Z ##[endgroup]
2026-04-21T22:43:42.1710047Z Syncing repository: akarlin3/prismTask
2026-04-21T22:43:42.1711665Z ##[group]Getting Git version info
2026-04-21T22:43:42.1712583Z Working directory is '/home/runner/work/prismTask/prismTask'
2026-04-21T22:43:42.1713303Z [command]/usr/bin/git version
2026-04-21T22:43:42.2895775Z git version 2.53.0
2026-04-21T22:43:42.2924567Z ##[endgroup]
2026-04-21T22:43:42.2942526Z Temporarily overriding HOME='/home/runner/work/_temp/c2766b17-d6dd-49e8-9ad6-aa0a6db4a69b' before making global git config changes
2026-04-21T22:43:42.2944120Z Adding repository directory to the temporary git global config as a safe directory
2026-04-21T22:43:42.2949611Z [command]/usr/bin/git config --global --add safe.directory /home/runner/work/prismTask/prismTask
2026-04-21T22:43:42.3239585Z Deleting the contents of '/home/runner/work/prismTask/prismTask'
2026-04-21T22:43:42.3244641Z ##[group]Initializing the repository
2026-04-21T22:43:42.3250156Z [command]/usr/bin/git init /home/runner/work/prismTask/prismTask
2026-04-21T22:43:42.3777981Z hint: Using 'master' as the name for the initial branch. This default branch name
2026-04-21T22:43:42.3780480Z hint: will change to "main" in Git 3.0. To configure the initial branch name
2026-04-21T22:43:42.3782724Z hint: to use in all of your new repositories, which will suppress this warning,
2026-04-21T22:43:42.3784336Z hint: call:
2026-04-21T22:43:42.3785221Z hint:
2026-04-21T22:43:42.3785998Z hint: 	git config --global init.defaultBranch <name>
2026-04-21T22:43:42.3786662Z hint:
2026-04-21T22:43:42.3787328Z hint: Names commonly chosen instead of 'master' are 'main', 'trunk' and
2026-04-21T22:43:42.3788390Z hint: 'development'. The just-created branch can be renamed via this command:
2026-04-21T22:43:42.3789209Z hint:
2026-04-21T22:43:42.3789670Z hint: 	git branch -m <name>
2026-04-21T22:43:42.3790180Z hint:
2026-04-21T22:43:42.3790903Z hint: Disable this message with "git config set advice.defaultBranchName false"
2026-04-21T22:43:42.3792425Z Initialized empty Git repository in /home/runner/work/prismTask/prismTask/.git/
2026-04-21T22:43:42.3796023Z [command]/usr/bin/git remote add origin https://github.com/akarlin3/prismTask
2026-04-21T22:43:42.3974874Z ##[endgroup]
2026-04-21T22:43:42.3976257Z ##[group]Disabling automatic garbage collection
2026-04-21T22:43:42.3982346Z [command]/usr/bin/git config --local gc.auto 0
2026-04-21T22:43:42.4020762Z ##[endgroup]
2026-04-21T22:43:42.4021577Z ##[group]Setting up auth
2026-04-21T22:43:42.4029993Z [command]/usr/bin/git config --local --name-only --get-regexp core\.sshCommand
2026-04-21T22:43:42.4067574Z [command]/usr/bin/git submodule foreach --recursive sh -c "git config --local --name-only --get-regexp 'core\.sshCommand' && git config --local --unset-all 'core.sshCommand' || :"
2026-04-21T22:43:42.6365554Z [command]/usr/bin/git config --local --name-only --get-regexp http\.https\:\/\/github\.com\/\.extraheader
2026-04-21T22:43:42.6399549Z [command]/usr/bin/git submodule foreach --recursive sh -c "git config --local --name-only --get-regexp 'http\.https\:\/\/github\.com\/\.extraheader' && git config --local --unset-all 'http.https://github.com/.extraheader' || :"
2026-04-21T22:43:42.6631004Z [command]/usr/bin/git config --local --name-only --get-regexp ^includeIf\.gitdir:
2026-04-21T22:43:42.6671644Z [command]/usr/bin/git submodule foreach --recursive git config --local --show-origin --name-only --get-regexp remote.origin.url
2026-04-21T22:43:42.6905046Z [command]/usr/bin/git config --local http.https://github.com/.extraheader AUTHORIZATION: basic ***
2026-04-21T22:43:42.6941272Z ##[endgroup]
2026-04-21T22:43:42.6942450Z ##[group]Fetching the repository
2026-04-21T22:43:42.6951266Z [command]/usr/bin/git -c protocol.version=2 fetch --no-tags --prune --no-recurse-submodules --depth=1 origin +refs/heads/main:refs/remotes/origin/main
2026-04-21T22:43:45.2629515Z From https://github.com/akarlin3/prismTask
2026-04-21T22:43:45.2630344Z  * [new branch]      main       -> origin/main
2026-04-21T22:43:45.2716683Z ##[endgroup]
2026-04-21T22:43:45.2717618Z ##[group]Determining the checkout info
2026-04-21T22:43:45.2719354Z ##[endgroup]
2026-04-21T22:43:45.2725691Z [command]/usr/bin/git sparse-checkout disable
2026-04-21T22:43:45.3179626Z [command]/usr/bin/git config --local --unset-all extensions.worktreeConfig
2026-04-21T22:43:45.3208849Z ##[group]Checking out the ref
2026-04-21T22:43:45.3214939Z [command]/usr/bin/git checkout --progress --force -B main refs/remotes/origin/main
2026-04-21T22:43:45.5649990Z Switched to a new branch 'main'
2026-04-21T22:43:45.5651032Z branch 'main' set up to track 'origin/main'.
2026-04-21T22:43:45.5676860Z ##[endgroup]
2026-04-21T22:43:45.5766553Z [command]/usr/bin/git log -1 --format=%H
2026-04-21T22:43:45.5792814Z 2b774736693d7b84b6717b9dec336c0ec0a3fe5d
2026-04-21T22:43:45.6029756Z Prepare all required actions
2026-04-21T22:43:45.6030315Z Getting action download info
2026-04-21T22:43:45.7507945Z Download action repository 'actions/setup-java@v4' (SHA:c1e323688fd81a25caa38c78aa6df2d33d3e20d9)
2026-04-21T22:43:46.0730244Z Download action repository 'gradle/actions@v4' (SHA:ed408507eac070d1f99cc633dbcf757c94c7933a)
2026-04-21T22:43:46.8707236Z ##[group]Run ./.github/actions/setup-android
2026-04-21T22:43:46.8707566Z ##[endgroup]
2026-04-21T22:43:46.8867394Z ##[group]Run actions/setup-java@v4
2026-04-21T22:43:46.8867679Z with:
2026-04-21T22:43:46.8867863Z   java-version: 21
2026-04-21T22:43:46.8868076Z   distribution: temurin
2026-04-21T22:43:46.8868297Z   java-package: jdk
2026-04-21T22:43:46.8868497Z   check-latest: false
2026-04-21T22:43:46.8868711Z   server-id: github
2026-04-21T22:43:46.8868915Z   server-username: GITHUB_ACTOR
2026-04-21T22:43:46.8869166Z   server-password: GITHUB_TOKEN
2026-04-21T22:43:46.8869429Z   overwrite-settings: true
2026-04-21T22:43:46.8869754Z   job-status: success
2026-04-21T22:43:46.8870111Z   token: ***
2026-04-21T22:43:46.8870301Z ##[endgroup]
2026-04-21T22:43:47.0924673Z ##[group]Installed distributions
2026-04-21T22:43:47.1218155Z Resolved Java 21.0.10+7 from tool-cache
2026-04-21T22:43:47.1219132Z Setting Java 21.0.10+7 as the default
2026-04-21T22:43:47.1232928Z Creating toolchains.xml for JDK version 21 from temurin
2026-04-21T22:43:47.1312400Z Writing to /home/runner/.m2/toolchains.xml
2026-04-21T22:43:47.1313119Z 
2026-04-21T22:43:47.1313296Z Java configuration:
2026-04-21T22:43:47.1314791Z   Distribution: temurin
2026-04-21T22:43:47.1315252Z   Version: 21.0.10+7
2026-04-21T22:43:47.1316008Z   Path: /opt/hostedtoolcache/Java_Temurin-Hotspot_jdk/21.0.10-7/x64
2026-04-21T22:43:47.1316604Z 
2026-04-21T22:43:47.1317331Z ##[endgroup]
2026-04-21T22:43:47.1334164Z Creating settings.xml with server-id: github
2026-04-21T22:43:47.1339900Z Writing to /home/runner/.m2/settings.xml
2026-04-21T22:43:47.1597146Z ##[group]Run gradle/actions/setup-gradle@v4
2026-04-21T22:43:47.1597451Z with:
2026-04-21T22:43:47.1597640Z   cache-disabled: false
2026-04-21T22:43:47.1597855Z   cache-read-only: false
2026-04-21T22:43:47.1598082Z   cache-write-only: false
2026-04-21T22:43:47.1598320Z   cache-overwrite-existing: false
2026-04-21T22:43:47.1598583Z   cache-cleanup: on-success
2026-04-21T22:43:47.1598872Z   gradle-home-cache-includes: caches
notifications

2026-04-21T22:43:47.1599171Z   add-job-summary: always
2026-04-21T22:43:47.1599412Z   add-job-summary-as-pr-comment: never
2026-04-21T22:43:47.1599679Z   dependency-graph: disabled
2026-04-21T22:43:47.1599985Z   dependency-graph-report-dir: dependency-graph-reports
2026-04-21T22:43:47.1600330Z   dependency-graph-continue-on-failure: true
2026-04-21T22:43:47.1600621Z   build-scan-publish: false
2026-04-21T22:43:47.1600845Z   validate-wrappers: true
2026-04-21T22:43:47.1601079Z   allow-snapshot-wrappers: false
2026-04-21T22:43:47.1601346Z   gradle-home-cache-strict-match: false
2026-04-21T22:43:47.1601617Z   workflow-job-context: null
2026-04-21T22:43:47.1602319Z   github-token: ***
2026-04-21T22:43:47.1602773Z env:
2026-04-21T22:43:47.1603075Z   JAVA_HOME: /opt/hostedtoolcache/Java_Temurin-Hotspot_jdk/21.0.10-7/x64
2026-04-21T22:43:47.1603659Z   JAVA_HOME_21_X64: /opt/hostedtoolcache/Java_Temurin-Hotspot_jdk/21.0.10-7/x64
2026-04-21T22:43:47.1604076Z ##[endgroup]
2026-04-21T22:43:51.5919036Z Merged default JDK locations into /home/runner/.m2/toolchains.xml
2026-04-21T22:43:51.5921542Z Preparing cache for cleanup.
2026-04-21T22:43:51.5925417Z ##[group]Restore Gradle state from cache
2026-04-21T22:43:51.7999461Z Cache hit for restore-key: gradle-home-v1|Linux-X64|version-bump-and-distribute[0336490db25440460edb2fc2e1d1603b]-0ba603ae5e30eed8c48e28b9f9e7fb4fc42d8674
2026-04-21T22:43:52.2373340Z Received 68641297 of 68641297 (100.0%), 162.0 MBs/sec
2026-04-21T22:43:52.2376189Z Cache Size: ~65 MB (68641297 B)
2026-04-21T22:43:52.2420634Z [command]/usr/bin/tar -xf /home/runner/work/_temp/6cbb5932-5469-4a83-b806-25b3a6ae304b/cache.tzst -P -C /home/runner/work/prismTask/prismTask --use-compress-program unzstd
2026-04-21T22:43:52.6581776Z Cache restored successfully
2026-04-21T22:43:52.6617424Z Restored cache entry with key gradle-home-v1|Linux-X64|lint-and-test[5df42585ae8f8da228c604b8b4e8707c]-2b774736693d7b84b6717b9dec336c0ec0a3fe5d to /home/runner/.gradle/caches,/home/runner/.gradle/notifications,/home/runner/.gradle/.setup-gradle in 1068ms
2026-04-21T22:43:52.7346885Z Cache hit for: gradle-dependencies-v1-e66c73ef02d6b7b6ffdda6fb73cadaea
2026-04-21T22:43:52.7385081Z Cache hit for: gradle-instrumented-jars-v1-7c2e2a0729e1b99fe89e158a9520c2bb
2026-04-21T22:43:52.7429640Z Cache hit for: gradle-wrapper-zips-v1-8c0de4c6bda6041d6e054bf825a89c98
2026-04-21T22:43:52.7437635Z Cache hit for: gradle-groovy-dsl-v1-453d3a3f9b3536daee1f08e832f64a8d
2026-04-21T22:43:52.7449615Z Cache hit for: gradle-generated-gradle-jars-v1-cb4b032a7d08b9bf1e84e9eacaebcc29
2026-04-21T22:43:52.7518257Z Cache hit for: gradle-transforms-v1-6be301aa49c7a8b52929d52b1fb6ad05
2026-04-21T22:43:52.7581440Z Cache hit for: gradle-kotlin-dsl-v1-0172b095fc2590b03ce1b5c73eb7ea91
2026-04-21T22:43:52.8364820Z Received 108987 of 108987 (100.0%), 2.3 MBs/sec
2026-04-21T22:43:52.8365620Z Cache Size: ~0 MB (108987 B)
2026-04-21T22:43:53.0627100Z Received 206028 of 206028 (100.0%), 0.9 MBs/sec
2026-04-21T22:43:53.0628464Z Cache Size: ~0 MB (206028 B)
2026-04-21T22:43:53.1184893Z Received 64267 of 64267 (100.0%), 0.2 MBs/sec
2026-04-21T22:43:53.1185612Z Cache Size: ~0 MB (64267 B)
2026-04-21T22:43:53.3525185Z [command]/usr/bin/tar -xf /home/runner/work/_temp/f6d55d92-7aef-4099-8d5d-304f15257ef7/cache.tzst -P -C /home/runner/work/prismTask/prismTask --use-compress-program unzstd
2026-04-21T22:43:53.4558199Z Cache restored successfully
2026-04-21T22:43:53.5016820Z Restored cache entry with key gradle-groovy-dsl-v1-453d3a3f9b3536daee1f08e832f64a8d to /home/runner/.gradle/caches/*/groovy-dsl/*/ in 837ms
2026-04-21T22:43:53.6761293Z [command]/usr/bin/tar -xf /home/runner/work/_temp/453ab3c6-f203-436c-8ea2-967d9ef13660/cache.tzst -P -C /home/runner/work/prismTask/prismTask --use-compress-program unzstd
2026-04-21T22:43:53.7674650Z [command]/usr/bin/tar -xf /home/runner/work/_temp/d0b32d88-ab16-4e53-9347-9e4b64c62edf/cache.tzst -P -C /home/runner/work/prismTask/prismTask --use-compress-program unzstd
2026-04-21T22:43:53.8145081Z Received 71303168 of 136352669 (52.3%), 65.3 MBs/sec
2026-04-21T22:43:53.8145802Z Received 29360128 of 401624570 (7.3%), 27.5 MBs/sec
2026-04-21T22:43:53.8561586Z Cache restored successfully
2026-04-21T22:43:53.8564052Z Cache restored successfully
2026-04-21T22:43:53.8565009Z Received 33554432 of 256403283 (13.1%), 31.5 MBs/sec
2026-04-21T22:43:53.8566852Z Restored cache entry with key gradle-instrumented-jars-v1-7c2e2a0729e1b99fe89e158a9520c2bb to /home/runner/.gradle/caches/jars-*/*/ in 1193ms
2026-04-21T22:43:53.8937985Z Received 33604796 of 41993404 (80.0%), 31.4 MBs/sec
2026-04-21T22:43:53.8939441Z Restored cache entry with key gradle-kotlin-dsl-v1-0172b095fc2590b03ce1b5c73eb7ea91 to /home/runner/.gradle/caches/*/kotlin-dsl/accessors/*/,/home/runner/.gradle/caches/*/kotlin-dsl/scripts/*/ in 1230ms
2026-04-21T22:43:54.2230257Z Received 41993404 of 41993404 (100.0%), 29.6 MBs/sec
2026-04-21T22:43:54.2233361Z Cache Size: ~40 MB (41993404 B)
2026-04-21T22:43:54.5170472Z [command]/usr/bin/tar -xf /home/runner/work/_temp/06ed2a2b-e5ea-4e84-acea-22a3a8224546/cache.tzst -P -C /home/runner/work/prismTask/prismTask --use-compress-program unzstd
2026-04-21T22:43:54.5231515Z Received 136352669 of 136352669 (100.0%), 74.3 MBs/sec
2026-04-21T22:43:54.5232441Z Cache Size: ~130 MB (136352669 B)
2026-04-21T22:43:54.8524663Z Received 155189248 of 401624570 (38.6%), 72.0 MBs/sec
2026-04-21T22:43:54.8812631Z Received 146800640 of 256403283 (57.3%), 68.6 MBs/sec
2026-04-21T22:43:54.9145175Z [command]/usr/bin/tar -xf /home/runner/work/_temp/47af95aa-e889-4886-a598-a7bc2a2ea67f/cache.tzst -P -C /home/runner/work/prismTask/prismTask --use-compress-program unzstd
2026-04-21T22:43:55.0175939Z Cache restored successfully
2026-04-21T22:43:55.0678745Z Restored cache entry with key gradle-generated-gradle-jars-v1-cb4b032a7d08b9bf1e84e9eacaebcc29 to /home/runner/.gradle/caches/9.3.1/generated-gradle-jars/gradle-api-9.3.1.jar in 2404ms
2026-04-21T22:43:55.3363651Z Cache restored successfully
2026-04-21T22:43:55.3535794Z Restored cache entry with key gradle-wrapper-zips-v1-8c0de4c6bda6041d6e054bf825a89c98 to /home/runner/.gradle/wrapper/dists/gradle-9.3.1-bin/23ovyewtku6u96viwx3xl3oks in 2691ms
2026-04-21T22:43:55.6315939Z Received 256403283 of 256403283 (100.0%), 87.6 MBs/sec
2026-04-21T22:43:55.6318736Z Cache Size: ~245 MB (256403283 B)
2026-04-21T22:43:55.6425690Z [command]/usr/bin/tar -xf /home/runner/work/_temp/1d0d3996-8877-4723-a35b-8bbf691c36d7/cache.tzst -P -C /home/runner/work/prismTask/prismTask --use-compress-program unzstd
2026-04-21T22:43:55.8578728Z Received 322961408 of 401624570 (80.4%), 100.6 MBs/sec
2026-04-21T22:43:56.1873607Z Received 401624570 of 401624570 (100.0%), 113.0 MBs/sec
2026-04-21T22:43:56.1874674Z Cache Size: ~383 MB (401624570 B)
2026-04-21T22:43:56.2099692Z [command]/usr/bin/tar -xf /home/runner/work/_temp/2f5868c2-b172-43da-a74a-ccee4c43f6ef/cache.tzst -P -C /home/runner/work/prismTask/prismTask --use-compress-program unzstd
2026-04-21T22:43:57.2953132Z Cache restored successfully
2026-04-21T22:43:57.3155277Z Restored cache entry with key gradle-dependencies-v1-e66c73ef02d6b7b6ffdda6fb73cadaea to /home/runner/.gradle/caches/modules-*/files-*/*/*/*/* in 4652ms
2026-04-21T22:43:58.9110558Z Cache restored successfully
2026-04-21T22:43:58.9738836Z Restored cache entry with key gradle-transforms-v1-6be301aa49c7a8b52929d52b1fb6ad05 to /home/runner/.gradle/caches/transforms-4/*/,/home/runner/.gradle/caches/*/transforms/*/ in 6309ms
2026-04-21T22:43:58.9826207Z ##[endgroup]
2026-04-21T22:43:59.0180441Z ##[group]All Gradle Wrapper jars are valid
2026-04-21T22:43:59.0181689Z ✓ Found known Gradle Wrapper JAR files:
2026-04-21T22:43:59.0183183Z   b3a875ddc1f044746e1b1a55f645584505f4a10438c1afea9f15e92a7c42ec13 gradle/wrapper/gradle-wrapper.jar
2026-04-21T22:43:59.0184381Z ##[endgroup]
2026-04-21T22:43:59.0353687Z ##[group]Run chmod +x gradlew
2026-04-21T22:43:59.0354072Z [36;1mchmod +x gradlew[0m
2026-04-21T22:43:59.2203666Z shell: /usr/bin/bash --noprofile --norc -e -o pipefail {0}
2026-04-21T22:43:59.2204202Z env:
2026-04-21T22:43:59.2204701Z   JAVA_HOME: /opt/hostedtoolcache/Java_Temurin-Hotspot_jdk/21.0.10-7/x64
2026-04-21T22:43:59.2205491Z   JAVA_HOME_21_X64: /opt/hostedtoolcache/Java_Temurin-Hotspot_jdk/21.0.10-7/x64
2026-04-21T22:43:59.2206158Z   GRADLE_ACTION_ID: gradle/actions/setup-gradle
2026-04-21T22:43:59.2206653Z   GRADLE_USER_HOME: /home/runner/.gradle
2026-04-21T22:43:59.2207118Z   GRADLE_BUILD_ACTION_SETUP_COMPLETED: true
2026-04-21T22:43:59.2207602Z   GRADLE_BUILD_ACTION_CACHE_RESTORED: true
2026-04-21T22:43:59.2208297Z   DEVELOCITY_INJECTION_INIT_SCRIPT_NAME: gradle-actions.inject-develocity.init.gradle
2026-04-21T22:43:59.2209052Z   DEVELOCITY_INJECTION_CUSTOM_VALUE: gradle-actions
2026-04-21T22:43:59.2209559Z   GITHUB_DEPENDENCY_GRAPH_ENABLED: false
2026-04-21T22:43:59.2210270Z ##[endgroup]
2026-04-21T22:43:59.2365134Z ##[group]Run ./gradlew ktlintCheck --continue
2026-04-21T22:43:59.2365602Z [36;1m./gradlew ktlintCheck --continue[0m
2026-04-21T22:43:59.2419231Z shell: /usr/bin/bash -e {0}
2026-04-21T22:43:59.2419551Z env:
2026-04-21T22:43:59.2419910Z   JAVA_HOME: /opt/hostedtoolcache/Java_Temurin-Hotspot_jdk/21.0.10-7/x64
2026-04-21T22:43:59.2420485Z   JAVA_HOME_21_X64: /opt/hostedtoolcache/Java_Temurin-Hotspot_jdk/21.0.10-7/x64
2026-04-21T22:43:59.2420967Z   GRADLE_ACTION_ID: gradle/actions/setup-gradle
2026-04-21T22:43:59.2421324Z   GRADLE_USER_HOME: /home/runner/.gradle
2026-04-21T22:43:59.2421665Z   GRADLE_BUILD_ACTION_SETUP_COMPLETED: true
2026-04-21T22:43:59.2422365Z   GRADLE_BUILD_ACTION_CACHE_RESTORED: true
2026-04-21T22:43:59.2422873Z   DEVELOCITY_INJECTION_INIT_SCRIPT_NAME: gradle-actions.inject-develocity.init.gradle
2026-04-21T22:43:59.2423403Z   DEVELOCITY_INJECTION_CUSTOM_VALUE: gradle-actions
2026-04-21T22:43:59.2423765Z   GITHUB_DEPENDENCY_GRAPH_ENABLED: false
2026-04-21T22:43:59.2424101Z ##[endgroup]
2026-04-21T22:44:02.5250324Z Starting a Gradle Daemon (subsequent builds will be faster)
2026-04-21T22:44:14.7270293Z Configuration on demand is an incubating feature.
2026-04-21T22:44:37.3248336Z 
2026-04-21T22:44:37.3273250Z > Configure project :app
2026-04-21T22:44:37.3286438Z WARNING: The option setting 'android.builtInKotlin=false' is deprecated.
2026-04-21T22:44:37.3287211Z The current default is 'true'.
2026-04-21T22:44:37.3287863Z It will be removed in version 10.0 of the Android Gradle plugin.
2026-04-21T22:44:37.3288687Z WARNING: The option setting 'android.newDsl=false' is deprecated.
2026-04-21T22:44:37.3289148Z The current default is 'true'.
2026-04-21T22:44:37.3289532Z It will be removed in version 10.0 of the Android Gradle plugin.
2026-04-21T22:44:37.3290195Z WARNING: The option setting 'android.dependency.excludeLibraryComponentsFromConstraints=true' is deprecated.
2026-04-21T22:44:37.3290801Z The current default is 'false'.
2026-04-21T22:44:37.3291199Z It will be removed in version 10.0 of the Android Gradle plugin.
2026-04-21T22:44:37.3291656Z Following can be set instead to achieve a similar behaviour.
2026-04-21T22:44:37.3292338Z     android.dependency.useConstraints=false
2026-04-21T22:44:42.7261073Z w: file:///home/runner/work/prismTask/prismTask/app/build.gradle.kts:17:1: 'fun Project.android(configure: Action<BaseAppModuleExtension>): Unit' is deprecated. Replaced by com.android.build.api.dsl.ApplicationExtension.
2026-04-21T22:44:42.7271353Z This class is not used for the public extensions in AGP when android.newDsl=true, which is the default in AGP 9.0, and will be removed in AGP 10.0.
2026-04-21T22:44:42.7274121Z w: file:///home/runner/work/prismTask/prismTask/app/build.gradle.kts:230:1: 'val Project.android: BaseAppModuleExtension' is deprecated. Replaced by com.android.build.api.dsl.ApplicationExtension.
2026-04-21T22:44:42.7276631Z This class is not used for the public extensions in AGP when android.newDsl=true, which is the default in AGP 9.0, and will be removed in AGP 10.0.
2026-04-21T22:44:44.2245063Z w: ⚠️ Deprecated 'org.jetbrains.kotlin.android' plugin usage
2026-04-21T22:44:44.2273934Z The 'org.jetbrains.kotlin.android' plugin in project ':app' is no longer required for Kotlin support since AGP 9.0.
2026-04-21T22:44:44.2283649Z Solution: Remove both `android.builtInKotlin=true` and `android.newDsl=false` from `gradle.properties`, then migrate to built-in Kotlin.
2026-04-21T22:44:44.2285335Z See https://kotl.in/gradle/agp-built-in-kotlin for more details.
2026-04-21T22:44:44.2286174Z 
2026-04-21T22:44:46.3243120Z 
2026-04-21T22:44:46.3244349Z > Task :app:loadKtlintReporters
2026-04-21T22:44:46.3245463Z > Task :app:runKtlintCheckOverAndroidTestDebugSourceSet NO-SOURCE
2026-04-21T22:44:46.3246752Z > Task :app:ktlintAndroidTestDebugSourceSetCheck SKIPPED
2026-04-21T22:44:46.3247573Z > Task :app:runKtlintCheckOverAndroidTestReleaseSourceSet NO-SOURCE
2026-04-21T22:44:46.3249865Z > Task :app:ktlintAndroidTestReleaseSourceSetCheck SKIPPED
2026-04-21T22:44:50.3269700Z > Task :app:runKtlintCheckOverDebugSourceSet
2026-04-21T22:44:50.6263257Z > Task :app:ktlintDebugSourceSetCheck
2026-04-21T22:44:50.8283322Z > Task :app:runKtlintCheckOverReleaseSourceSet
2026-04-21T22:44:50.9300945Z > Task :app:ktlintReleaseSourceSetCheck
2026-04-21T22:44:50.9413270Z > Task :app:runKtlintCheckOverTestDebugSourceSet NO-SOURCE
2026-04-21T22:44:50.9493332Z > Task :app:ktlintTestDebugSourceSetCheck SKIPPED
2026-04-21T22:44:50.9533414Z > Task :app:runKtlintCheckOverTestFixturesDebugSourceSet NO-SOURCE
2026-04-21T22:44:50.9578220Z > Task :app:ktlintTestFixturesDebugSourceSetCheck SKIPPED
2026-04-21T22:44:50.9627228Z > Task :app:runKtlintCheckOverTestFixturesReleaseSourceSet NO-SOURCE
2026-04-21T22:44:50.9672538Z > Task :app:ktlintTestFixturesReleaseSourceSetCheck SKIPPED
2026-04-21T22:44:50.9703267Z > Task :app:runKtlintCheckOverTestFixturesSourceSet NO-SOURCE
2026-04-21T22:44:50.9771399Z > Task :app:ktlintTestFixturesSourceSetCheck SKIPPED
2026-04-21T22:44:50.9843353Z > Task :app:runKtlintCheckOverTestReleaseSourceSet NO-SOURCE
2026-04-21T22:44:51.0253164Z > Task :app:ktlintTestReleaseSourceSetCheck SKIPPED
2026-04-21T22:44:51.3273239Z > Task :app:runKtlintCheckOverKotlinScripts
2026-04-21T22:44:51.5263274Z > Task :app:ktlintKotlinScriptCheck
2026-04-21T22:44:56.6323273Z > Task :app:runKtlintCheckOverAndroidTestSourceSet
2026-04-21T22:44:56.7262587Z 
2026-04-21T22:44:56.7293334Z > Task :app:ktlintAndroidTestSourceSetCheck FAILED
2026-04-21T22:44:56.7323794Z /home/runner/work/prismTask/prismTask/app/src/androidTest/java/com/averycorp/prismtask/smoke/TestNetworkModule.kt:46:36 Single space expected between colon and return type
2026-04-21T22:45:01.9276825Z 
2026-04-21T22:45:01.9323131Z > Task :app:runKtlintCheckOverTestSourceSet
2026-04-21T22:45:02.0246601Z > Task :app:ktlintTestSourceSetCheck
2026-04-21T22:45:15.4243818Z > Task :app:runKtlintCheckOverMainSourceSet
2026-04-21T22:45:15.4244923Z > Task :app:ktlintMainSourceSetCheck
2026-04-21T22:45:15.5244510Z gradle/actions: Writing build results to /home/runner/work/_temp/.gradle-actions/build-results/__run-1776811456924.json
2026-04-21T22:45:15.5246126Z 
2026-04-21T22:45:15.5257210Z [Incubating] Problems report is available at: file:///home/runner/work/prismTask/prismTask/build/reports/problems/problems-report.html
2026-04-21T22:45:15.5258446Z 
2026-04-21T22:45:15.5259078Z FAILURE: Build failed with an exception.
2026-04-21T22:45:15.5259495Z 
2026-04-21T22:45:15.5259676Z * What went wrong:
2026-04-21T22:45:15.5260304Z Execution failed for task ':app:ktlintAndroidTestSourceSetCheck'.
2026-04-21T22:45:15.5261447Z > A failure occurred while executing org.jlleitschuh.gradle.ktlint.worker.ConsoleReportWorkAction
2026-04-21T22:45:15.5263388Z    > KtLint found code style violations. Please see the following reports:
2026-04-21T22:45:15.5265046Z      - /home/runner/work/prismTask/prismTask/app/build/reports/ktlint/ktlintAndroidTestSourceSetCheck/ktlintAndroidTestSourceSetCheck.txt
2026-04-21T22:45:15.5268258Z 
2026-04-21T22:45:15.5268286Z 
2026-04-21T22:45:15.5269087Z Deprecated Gradle features were used in this build, making it incompatible with Gradle 10.
2026-04-21T22:45:15.5270053Z 
2026-04-21T22:45:15.5271043Z You can use '--warning-mode all' to show the individual deprecation warnings and determine if they come from your own scripts or plugins.
2026-04-21T22:45:15.5272769Z * Try:
2026-04-21T22:45:15.5272992Z 
2026-04-21T22:45:15.5273300Z > Run with --stacktrace option to get the stack trace.
2026-04-21T22:45:15.5274073Z > Run with --info or --debug option to get more log output.
2026-04-21T22:45:15.5274925Z > Run with --scan to get full insights from a Build Scan (powered by Develocity).
2026-04-21T22:45:15.5275557Z > Get more help at https://help.gradle.org.
2026-04-21T22:45:15.5275803Z 
2026-04-21T22:45:15.5275910Z BUILD FAILED in 1m 16s
2026-04-21T22:45:15.5276655Z For more on this, please refer to https://docs.gradle.org/9.3.1/userguide/command_line_interface.html#sec:command_line_warnings in the Gradle documentation.
2026-04-21T22:45:15.5277758Z 13 actionable tasks: 13 executed
2026-04-21T22:45:16.0420391Z ##[error]Process completed with exit code 1.
2026-04-21T22:45:16.0468807Z ##[group]Run ./gradlew detekt --continue
2026-04-21T22:45:16.0469216Z [36;1m./gradlew detekt --continue[0m
2026-04-21T22:45:16.0523350Z shell: /usr/bin/bash -e {0}
2026-04-21T22:45:16.0523685Z env:
2026-04-21T22:45:16.0524039Z   JAVA_HOME: /opt/hostedtoolcache/Java_Temurin-Hotspot_jdk/21.0.10-7/x64
2026-04-21T22:45:16.0524594Z   JAVA_HOME_21_X64: /opt/hostedtoolcache/Java_Temurin-Hotspot_jdk/21.0.10-7/x64
2026-04-21T22:45:16.0525055Z   GRADLE_ACTION_ID: gradle/actions/setup-gradle
2026-04-21T22:45:16.0525409Z   GRADLE_USER_HOME: /home/runner/.gradle
2026-04-21T22:45:16.0525743Z   GRADLE_BUILD_ACTION_SETUP_COMPLETED: true
2026-04-21T22:45:16.0526076Z   GRADLE_BUILD_ACTION_CACHE_RESTORED: true
2026-04-21T22:45:16.0526561Z   DEVELOCITY_INJECTION_INIT_SCRIPT_NAME: gradle-actions.inject-develocity.init.gradle
2026-04-21T22:45:16.0527100Z   DEVELOCITY_INJECTION_CUSTOM_VALUE: gradle-actions
2026-04-21T22:45:16.0527452Z   GITHUB_DEPENDENCY_GRAPH_ENABLED: false
2026-04-21T22:45:16.0527802Z ##[endgroup]
2026-04-21T22:45:16.8404411Z Configuration on demand is an incubating feature.
2026-04-21T22:45:17.2412727Z 
2026-04-21T22:45:17.2413230Z > Configure project :app
2026-04-21T22:45:17.2414052Z WARNING: The option setting 'android.builtInKotlin=false' is deprecated.
2026-04-21T22:45:17.2414846Z The current default is 'true'.
2026-04-21T22:45:17.2415749Z It will be removed in version 10.0 of the Android Gradle plugin.
2026-04-21T22:45:17.2416768Z WARNING: The option setting 'android.newDsl=false' is deprecated.
2026-04-21T22:45:17.2417626Z The current default is 'true'.
2026-04-21T22:45:17.2418419Z It will be removed in version 10.0 of the Android Gradle plugin.
2026-04-21T22:45:17.2419709Z WARNING: The option setting 'android.dependency.excludeLibraryComponentsFromConstraints=true' is deprecated.
2026-04-21T22:45:17.2420815Z The current default is 'false'.
2026-04-21T22:45:17.2421644Z It will be removed in version 10.0 of the Android Gradle plugin.
2026-04-21T22:45:17.2423065Z Following can be set instead to achieve a similar behaviour.
2026-04-21T22:45:17.2423909Z     android.dependency.useConstraints=false
2026-04-21T22:45:17.2425055Z w: ⚠️ Deprecated 'org.jetbrains.kotlin.android' plugin usage
2026-04-21T22:45:17.2426297Z The 'org.jetbrains.kotlin.android' plugin in project ':app' is no longer required for Kotlin support since AGP 9.0.
2026-04-21T22:45:17.2427911Z Solution: Remove both `android.builtInKotlin=true` and `android.newDsl=false` from `gradle.properties`, then migrate to built-in Kotlin.
2026-04-21T22:45:17.2429191Z See https://kotl.in/gradle/agp-built-in-kotlin for more details.
2026-04-21T22:45:17.2429691Z 
2026-04-21T22:45:18.2369347Z 
2026-04-21T22:45:18.2370202Z > Task :detekt-rules:checkKotlinGradlePluginConfigurationErrors SKIPPED
2026-04-21T22:45:23.5367191Z > Task :detekt-rules:processResources
2026-04-21T22:45:30.1367171Z > Task :detekt-rules:compileKotlin
2026-04-21T22:45:30.1368121Z > Task :detekt-rules:compileJava NO-SOURCE
2026-04-21T22:45:30.1369102Z > Task :detekt-rules:classes
2026-04-21T22:45:30.1369780Z > Task :detekt-rules:jar
2026-04-21T22:46:00.1367557Z > Task :app:detekt
2026-04-21T22:46:05.7369031Z /home/runner/work/prismTask/prismTask/app/src/androidTest/java/com/averycorp/prismtask/smoke/TestNetworkModule.kt:46:36: Single space expected between colon and return type [FunctionReturnTypeSpacing]
2026-04-21T22:46:05.7370118Z 
2026-04-21T22:46:05.8372653Z 
2026-04-21T22:46:05.8372676Z 
2026-04-21T22:46:05.8393176Z FAILURE: Build failed with an exception.
2026-04-21T22:46:05.8393812Z > Task :app:detekt FAILED
2026-04-21T22:46:05.8394166Z 
2026-04-21T22:46:05.8395543Z gradle/actions: Writing build results to /home/runner/work/_temp/.gradle-actions/build-results/__run_2-1776811516784.json
2026-04-21T22:46:05.8397361Z * What went wrong:
2026-04-21T22:46:05.8398040Z Execution failed for task ':app:detekt'.
2026-04-21T22:46:05.8398823Z > Analysis failed with 1 weighted issues.
2026-04-21T22:46:05.8399388Z 
2026-04-21T22:46:05.8399715Z * Try:
2026-04-21T22:46:05.8400981Z > Run with --stacktrace option to get the stack trace.
2026-04-21T22:46:05.8402395Z > Run with --info or --debug option to get more log output.
2026-04-21T22:46:05.8403583Z > Run with --scan to get full insights from a Build Scan (powered by Develocity).
2026-04-21T22:46:05.8404620Z > Get more help at https://help.gradle.org.
2026-04-21T22:46:05.8405213Z 
2026-04-21T22:46:05.8405554Z BUILD FAILED in 49s
2026-04-21T22:46:05.8410577Z 
2026-04-21T22:46:05.8411380Z [Incubating] Problems report is available at: file:///home/runner/work/prismTask/prismTask/build/reports/problems/problems-report.html
2026-04-21T22:46:05.8412555Z 
2026-04-21T22:46:05.8413012Z Deprecated Gradle features were used in this build, making it incompatible with Gradle 10.
2026-04-21T22:46:05.8413563Z 
2026-04-21T22:46:05.8414222Z You can use '--warning-mode all' to show the individual deprecation warnings and determine if they come from your own scripts or plugins.
2026-04-21T22:46:05.8415160Z 
2026-04-21T22:46:05.8418439Z For more on this, please refer to https://docs.gradle.org/9.3.1/userguide/command_line_interface.html#sec:command_line_warnings in the Gradle documentation.
2026-04-21T22:46:05.8419835Z 4 actionable tasks: 4 executed
2026-04-21T22:46:05.8517744Z ##[error]Process completed with exit code 1.
2026-04-21T22:46:05.8544742Z ##[group]Run ./gradlew lint --continue
2026-04-21T22:46:05.8545147Z [36;1m./gradlew lint --continue[0m
2026-04-21T22:46:05.8598390Z shell: /usr/bin/bash -e {0}
2026-04-21T22:46:05.8598684Z env:
2026-04-21T22:46:05.8599036Z   JAVA_HOME: /opt/hostedtoolcache/Java_Temurin-Hotspot_jdk/21.0.10-7/x64
2026-04-21T22:46:05.8599593Z   JAVA_HOME_21_X64: /opt/hostedtoolcache/Java_Temurin-Hotspot_jdk/21.0.10-7/x64
2026-04-21T22:46:05.8600074Z   GRADLE_ACTION_ID: gradle/actions/setup-gradle
2026-04-21T22:46:05.8600420Z   GRADLE_USER_HOME: /home/runner/.gradle
2026-04-21T22:46:05.8600754Z   GRADLE_BUILD_ACTION_SETUP_COMPLETED: true
2026-04-21T22:46:05.8601106Z   GRADLE_BUILD_ACTION_CACHE_RESTORED: true
2026-04-21T22:46:05.8601592Z   DEVELOCITY_INJECTION_INIT_SCRIPT_NAME: gradle-actions.inject-develocity.init.gradle
2026-04-21T22:46:05.8602414Z   DEVELOCITY_INJECTION_CUSTOM_VALUE: gradle-actions
2026-04-21T22:46:05.8602784Z   GITHUB_DEPENDENCY_GRAPH_ENABLED: false
2026-04-21T22:46:05.8603118Z ##[endgroup]
2026-04-21T22:46:06.6293380Z Configuration on demand is an incubating feature.
2026-04-21T22:46:06.9244378Z 
2026-04-21T22:46:06.9252890Z > Configure project :app
2026-04-21T22:46:06.9254582Z WARNING: The option setting 'android.builtInKotlin=false' is deprecated.
2026-04-21T22:46:06.9255478Z The current default is 'true'.
2026-04-21T22:46:06.9256840Z It will be removed in version 10.0 of the Android Gradle plugin.
2026-04-21T22:46:06.9258329Z WARNING: The option setting 'android.newDsl=false' is deprecated.
2026-04-21T22:46:06.9259359Z The current default is 'true'.
2026-04-21T22:46:06.9260774Z It will be removed in version 10.0 of the Android Gradle plugin.
2026-04-21T22:46:06.9266136Z WARNING: The option setting 'android.dependency.excludeLibraryComponentsFromConstraints=true' is deprecated.
2026-04-21T22:46:06.9267497Z The current default is 'false'.
2026-04-21T22:46:06.9268166Z It will be removed in version 10.0 of the Android Gradle plugin.
2026-04-21T22:46:06.9269010Z Following can be set instead to achieve a similar behaviour.
2026-04-21T22:46:06.9269780Z     android.dependency.useConstraints=false
2026-04-21T22:46:06.9270906Z w: ⚠️ Deprecated 'org.jetbrains.kotlin.android' plugin usage
2026-04-21T22:46:06.9272638Z The 'org.jetbrains.kotlin.android' plugin in project ':app' is no longer required for Kotlin support since AGP 9.0.
2026-04-21T22:46:06.9274919Z Solution: Remove both `android.builtInKotlin=true` and `android.newDsl=false` from `gradle.properties`, then migrate to built-in Kotlin.
2026-04-21T22:46:06.9276330Z See https://kotl.in/gradle/agp-built-in-kotlin for more details.
2026-04-21T22:46:06.9276768Z 
2026-04-21T22:46:08.6244295Z 
2026-04-21T22:46:08.6246681Z > Task :app:checkKotlinGradlePluginConfigurationErrors SKIPPED
2026-04-21T22:46:08.6247726Z > Task :app:preBuild UP-TO-DATE
2026-04-21T22:46:08.6249086Z > Task :app:preDebugBuild UP-TO-DATE
2026-04-21T22:46:08.7250052Z > Task :app:generateDebugBuildConfig
2026-04-21T22:46:08.7259310Z > Task :app:generateDebugResValues
2026-04-21T22:46:08.7259945Z > Task :app:generateDebugResources
2026-04-21T22:46:08.7261190Z > Task :app:injectCrashlyticsMappingFileIdDebug
2026-04-21T22:46:08.8244635Z > Task :app:processDebugGoogleServices
2026-04-21T22:46:09.0244940Z > Task :app:packageDebugResources
2026-04-21T22:46:11.4245372Z > Task :app:processDebugNavigationResources
2026-04-21T22:46:14.4283292Z > Task :app:javaPreCompileDebug
2026-04-21T22:46:14.5248998Z > Task :app:parseDebugLocalResources
2026-04-21T22:46:14.6244500Z > Task :app:checkDebugAarMetadata
2026-04-21T22:46:14.6249231Z > Task :app:mapDebugSourceSetPaths
2026-04-21T22:46:14.6250004Z > Task :app:generateDebugRFile
2026-04-21T22:46:14.9263142Z > Task :app:compileDebugNavigationResources
2026-04-21T22:46:19.8270067Z > Task :app:createDebugCompatibleScreenManifests
2026-04-21T22:46:19.8332813Z > Task :app:extractDeepLinksDebug
2026-04-21T22:46:21.1273226Z > Task :app:processDebugMainManifest
2026-04-21T22:46:21.1343020Z > Task :app:mergeDebugResources
2026-04-21T22:46:21.2251944Z > Task :app:processDebugManifest
2026-04-21T22:46:21.2258087Z > Task :app:preDebugAndroidTestBuild SKIPPED
2026-04-21T22:46:21.3293313Z > Task :app:generateDebugAndroidTestResValues FROM-CACHE
2026-04-21T22:46:21.3308793Z > Task :app:extractProguardFiles
2026-04-21T22:46:21.3362527Z > Task :app:processDebugManifestForPackage
2026-04-21T22:46:22.8245201Z > Task :app:preDebugUnitTestBuild UP-TO-DATE
2026-04-21T22:46:23.8244937Z > Task :app:processDebugResources
2026-04-21T22:46:44.9246573Z > Task :app:kspDebugKotlin
2026-04-21T22:47:25.9245766Z > Task :app:compileDebugKotlin
2026-04-21T22:48:32.3283479Z w: file:///home/runner/work/prismTask/prismTask/app/build/generated/ksp/debug/kotlin/com/averycorp/prismtask/data/local/dao/HabitCompletionDao_Impl.kt:120:23 This declaration overrides a deprecated member but is not marked as deprecated itself. Add the '@Deprecated' annotation or suppress the diagnostic.
2026-04-21T22:48:32.3337467Z w: file:///home/runner/work/prismTask/prismTask/app/build/generated/ksp/debug/kotlin/com/averycorp/prismtask/data/local/dao/HabitCompletionDao_Impl.kt:317:23 This declaration overrides a deprecated member but is not marked as deprecated itself. Add the '@Deprecated' annotation or suppress the diagnostic.
2026-04-21T22:48:32.3364464Z w: file:///home/runner/work/prismTask/prismTask/app/build/generated/ksp/debug/kotlin/com/averycorp/prismtask/data/local/dao/HabitCompletionDao_Impl.kt:365:31 This declaration overrides a deprecated member but is not marked as deprecated itself. Add the '@Deprecated' annotation or suppress the diagnostic.
2026-04-21T22:48:32.3434291Z w: file:///home/runner/work/prismTask/prismTask/app/build/generated/ksp/debug/kotlin/com/averycorp/prismtask/data/local/dao/HabitCompletionDao_Impl.kt:413:31 This declaration overrides a deprecated member but is not marked as deprecated itself. Add the '@Deprecated' annotation or suppress the diagnostic.
2026-04-21T22:48:32.3442825Z w: file:///home/runner/work/prismTask/prismTask/app/build/generated/ksp/debug/kotlin/com/averycorp/prismtask/data/local/dao/HabitCompletionDao_Impl.kt:461:31 This declaration overrides a deprecated member but is not marked as deprecated itself. Add the '@Deprecated' annotation or suppress the diagnostic.
2026-04-21T22:48:32.3488897Z w: file:///home/runner/work/prismTask/prismTask/app/build/generated/ksp/debug/kotlin/com/averycorp/prismtask/data/local/dao/HabitCompletionDao_Impl.kt:882:31 This declaration overrides a deprecated member but is not marked as deprecated itself. Add the '@Deprecated' annotation or suppress the diagnostic.
2026-04-21T22:48:32.3520000Z w: file:///home/runner/work/prismTask/prismTask/app/build/generated/ksp/debug/kotlin/com/averycorp/prismtask/data/local/dao/HabitCompletionDao_Impl.kt:914:31 This declaration overrides a deprecated member but is not marked as deprecated itself. Add the '@Deprecated' annotation or suppress the diagnostic.
2026-04-21T22:48:32.3523766Z w: file:///home/runner/work/prismTask/prismTask/app/src/main/java/com/averycorp/prismtask/PrismTaskApplication.kt:144:22 'fun setPersistenceEnabled(p0: Boolean): FirebaseFirestoreSettings.Builder' is deprecated. Deprecated in Java.
2026-04-21T22:48:32.3583949Z w: file:///home/runner/work/prismTask/prismTask/app/src/main/java/com/averycorp/prismtask/data/billing/BillingManager.kt:57:5 This annotation is currently applied to the value parameter only, but in the future it will also be applied to field.
2026-04-21T22:48:32.3632947Z - To opt in to applying to both value parameter and field, add '-Xannotation-default-target=param-property' to your compiler arguments.
2026-04-21T22:48:32.3662789Z - To keep applying to the value parameter only, use the '@param:' annotation target.
2026-04-21T22:48:32.3692345Z 
2026-04-21T22:48:32.3692808Z See https://youtrack.jetbrains.com/issue/KT-73255 for more details.
2026-04-21T22:48:32.3694584Z w: file:///home/runner/work/prismTask/prismTask/app/src/main/java/com/averycorp/prismtask/data/calendar/CalendarManager.kt:6:8 'class GoogleSignIn : Any' is deprecated. Deprecated in Java.
2026-04-21T22:48:32.3698554Z w: file:///home/runner/work/prismTask/prismTask/app/src/main/java/com/averycorp/prismtask/data/calendar/CalendarManager.kt:7:8 'class GoogleSignInOptions : AbstractSafeParcelable, Api.ApiOptions.Optional, ReflectedParcelable' is deprecated. Deprecated in Java.
2026-04-21T22:48:32.3702338Z w: file:///home/runner/work/prismTask/prismTask/app/src/main/java/com/averycorp/prismtask/data/calendar/CalendarManager.kt:44:5 This annotation is currently applied to the value parameter only, but in the future it will also be applied to field.
2026-04-21T22:48:32.3704891Z - To opt in to applying to both value parameter and field, add '-Xannotation-default-target=param-property' to your compiler arguments.
2026-04-21T22:48:32.3706408Z - To keep applying to the value parameter only, use the '@param:' annotation target.
2026-04-21T22:48:32.3707077Z 
2026-04-21T22:48:32.3707469Z See https://youtrack.jetbrains.com/issue/KT-73255 for more details.
2026-04-21T22:48:32.3709232Z w: file:///home/runner/work/prismTask/prismTask/app/src/main/java/com/averycorp/prismtask/data/calendar/CalendarManager.kt:58:23 'class GoogleSignIn : Any' is deprecated. Deprecated in Java.
2026-04-21T22:48:32.3712363Z w: file:///home/runner/work/prismTask/prismTask/app/src/main/java/com/averycorp/prismtask/data/calendar/CalendarManager.kt:69:85 'class GoogleSignInClient : GoogleApi<GoogleSignInOptions!>' is deprecated. Deprecated in Java.
2026-04-21T22:48:32.3715757Z w: file:///home/runner/work/prismTask/prismTask/app/src/main/java/com/averycorp/prismtask/data/calendar/CalendarManager.kt:70:19 'class GoogleSignInOptions : AbstractSafeParcelable, Api.ApiOptions.Optional, ReflectedParcelable' is deprecated. Deprecated in Java.
2026-04-21T22:48:32.3719404Z w: file:///home/runner/work/prismTask/prismTask/app/src/main/java/com/averycorp/prismtask/data/calendar/CalendarManager.kt:70:47 'class GoogleSignInOptions : AbstractSafeParcelable, Api.ApiOptions.Optional, ReflectedParcelable' is deprecated. Deprecated in Java.
2026-04-21T22:48:32.3752795Z w: file:///home/runner/work/prismTask/prismTask/app/src/main/java/com/averycorp/prismtask/data/calendar/CalendarManager.kt:74:16 'class GoogleSignIn : Any' is deprecated. Deprecated in Java.
2026-04-21T22:48:32.3755474Z w: file:///home/runner/work/prismTask/prismTask/app/src/main/java/com/averycorp/prismtask/data/calendar/CalendarManager.kt:85:28 'class GoogleSignIn : Any' is deprecated. Deprecated in Java.
2026-04-21T22:48:32.3758086Z w: file:///home/runner/work/prismTask/prismTask/app/src/main/java/com/averycorp/prismtask/data/calendar/CalendarManager.kt:121:24 'class GoogleSignIn : Any' is deprecated. Deprecated in Java.
2026-04-21T22:48:32.3760746Z w: file:///home/runner/work/prismTask/prismTask/app/src/main/java/com/averycorp/prismtask/data/calendar/CalendarManager.kt:156:23 'class GoogleSignIn : Any' is deprecated. Deprecated in Java.
2026-04-21T22:48:32.3763537Z w: file:///home/runner/work/prismTask/prismTask/app/src/main/java/com/averycorp/prismtask/data/calendar/CalendarManager.kt:224:23 'class GoogleSignIn : Any' is deprecated. Deprecated in Java.
2026-04-21T22:48:32.3766591Z w: file:///home/runner/work/prismTask/prismTask/app/src/main/java/com/averycorp/prismtask/data/calendar/DefaultCalendarPushDispatcher.kt:28:5 This annotation is currently applied to the value parameter only, but in the future it will also be applied to field.
2026-04-21T22:48:32.3769209Z - To opt in to applying to both value parameter and field, add '-Xannotation-default-target=param-property' to your compiler arguments.
2026-04-21T22:48:32.3770575Z - To keep applying to the value parameter only, use the '@param:' annotation target.
2026-04-21T22:48:32.3771177Z 
2026-04-21T22:48:32.3771551Z See https://youtrack.jetbrains.com/issue/KT-73255 for more details.
2026-04-21T22:48:32.3773835Z w: file:///home/runner/work/prismTask/prismTask/app/src/main/java/com/averycorp/prismtask/data/preferences/A11yPreferences.kt:22:5 This annotation is currently applied to the value parameter only, but in the future it will also be applied to field.
2026-04-21T22:48:32.3777156Z - To opt in to applying to both value parameter and field, add '-Xannotation-default-target=param-property' to your compiler arguments.
2026-04-21T22:48:32.3778595Z - To keep applying to the value parameter only, use the '@param:' annotation target.
2026-04-21T22:48:32.3779266Z 
2026-04-21T22:48:32.3779676Z See https://youtrack.jetbrains.com/issue/KT-73255 for more details.
2026-04-21T22:48:32.3781866Z w: file:///home/runner/work/prismTask/prismTask/app/src/main/java/com/averycorp/prismtask/data/preferences/ArchivePreferences.kt:21:5 This annotation is currently applied to the value parameter only, but in the future it will also be applied to field.
2026-04-21T22:48:32.3814871Z - To opt in to applying to both value parameter and field, add '-Xannotation-default-target=param-property' to your compiler arguments.
2026-04-21T22:48:32.3816333Z - To keep applying to the value parameter only, use the '@param:' annotation target.
2026-04-21T22:48:32.3816976Z 
2026-04-21T22:48:32.3817361Z See https://youtrack.jetbrains.com/issue/KT-73255 for more details.
2026-04-21T22:48:32.3819501Z w: file:///home/runner/work/prismTask/prismTask/app/src/main/java/com/averycorp/prismtask/data/preferences/AuthTokenPreferences.kt:30:5 This annotation is currently applied to the value parameter only, but in the future it will also be applied to field.
2026-04-21T22:48:32.3822271Z - To opt in to applying to both value parameter and field, add '-Xannotation-default-target=param-property' to your compiler arguments.
2026-04-21T22:48:32.3823675Z - To keep applying to the value parameter only, use the '@param:' annotation target.
2026-04-21T22:48:32.3824313Z 
2026-04-21T22:48:32.3824696Z See https://youtrack.jetbrains.com/issue/KT-73255 for more details.
2026-04-21T22:48:32.3826901Z w: file:///home/runner/work/prismTask/prismTask/app/src/main/java/com/averycorp/prismtask/data/preferences/BackendSyncPreferences.kt:29:5 This annotation is currently applied to the value parameter only, but in the future it will also be applied to field.
2026-04-21T22:48:32.3829530Z - To opt in to applying to both value parameter and field, add '-Xannotation-default-target=param-property' to your compiler arguments.
2026-04-21T22:48:32.3830945Z - To keep applying to the value parameter only, use the '@param:' annotation target.
2026-04-21T22:48:32.3831581Z 
2026-04-21T22:48:32.3832172Z See https://youtrack.jetbrains.com/issue/KT-73255 for more details.
2026-04-21T22:48:32.3834360Z w: file:///home/runner/work/prismTask/prismTask/app/src/main/java/com/averycorp/prismtask/data/preferences/BuiltInSyncPreferences.kt:25:5 This annotation is currently applied to the value parameter only, but in the future it will also be applied to field.
2026-04-21T22:48:32.3836978Z - To opt in to applying to both value parameter and field, add '-Xannotation-default-target=param-property' to your compiler arguments.
2026-04-21T22:48:32.3838383Z - To keep applying to the value parameter only, use the '@param:' annotation target.
2026-04-21T22:48:32.3839010Z 
2026-04-21T22:48:32.3839391Z See https://youtrack.jetbrains.com/issue/KT-73255 for more details.
2026-04-21T22:48:32.3841498Z w: file:///home/runner/work/prismTask/prismTask/app/src/main/java/com/averycorp/prismtask/data/preferences/CoachingPreferences.kt:30:5 This annotation is currently applied to the value parameter only, but in the future it will also be applied to field.
2026-04-21T22:48:32.3874432Z - To opt in to applying to both value parameter and field, add '-Xannotation-default-target=param-property' to your compiler arguments.
2026-04-21T22:48:32.3875909Z - To keep applying to the value parameter only, use the '@param:' annotation target.
2026-04-21T22:48:32.3876562Z 
2026-04-21T22:48:32.3876953Z See https://youtrack.jetbrains.com/issue/KT-73255 for more details.
2026-04-21T22:48:32.3879560Z w: file:///home/runner/work/prismTask/prismTask/app/src/main/java/com/averycorp/prismtask/data/preferences/DailyEssentialsPreferences.kt:28:5 This annotation is currently applied to the value parameter only, but in the future it will also be applied to field.
2026-04-21T22:48:32.3882567Z - To opt in to applying to both value parameter and field, add '-Xannotation-default-target=param-property' to your compiler arguments.
2026-04-21T22:48:32.3883938Z - To keep applying to the value parameter only, use the '@param:' annotation target.
2026-04-21T22:48:32.3884547Z 
2026-04-21T22:48:32.3884911Z See https://youtrack.jetbrains.com/issue/KT-73255 for more details.
2026-04-21T22:48:32.3886957Z w: file:///home/runner/work/prismTask/prismTask/app/src/main/java/com/averycorp/prismtask/data/preferences/DashboardPreferences.kt:22:5 This annotation is currently applied to the value parameter only, but in the future it will also be applied to field.
2026-04-21T22:48:32.3889405Z - To opt in to applying to both value parameter and field, add '-Xannotation-default-target=param-property' to your compiler arguments.
2026-04-21T22:48:32.3890801Z - To keep applying to the value parameter only, use the '@param:' annotation target.
2026-04-21T22:48:32.3891444Z 
2026-04-21T22:48:32.3891816Z See https://youtrack.jetbrains.com/issue/KT-73255 for more details.
2026-04-21T22:48:32.3894125Z w: file:///home/runner/work/prismTask/prismTask/app/src/main/java/com/averycorp/prismtask/data/preferences/HabitListPreferences.kt:31:5 This annotation is currently applied to the value parameter only, but in the future it will also be applied to field.
2026-04-21T22:48:32.3896641Z - To opt in to applying to both value parameter and field, add '-Xannotation-default-target=param-property' to your compiler arguments.
2026-04-21T22:48:32.3898142Z - To keep applying to the value parameter only, use the '@param:' annotation target.
2026-04-21T22:48:32.3898797Z 
2026-04-21T22:48:32.3899203Z See https://youtrack.jetbrains.com/issue/KT-73255 for more details.
2026-04-21T22:48:32.3901372Z w: file:///home/runner/work/prismTask/prismTask/app/src/main/java/com/averycorp/prismtask/data/preferences/LeisurePreferences.kt:83:5 This annotation is currently applied to the value parameter only, but in the future it will also be applied to field.
2026-04-21T22:48:32.3934379Z - To opt in to applying to both value parameter and field, add '-Xannotation-default-target=param-property' to your compiler arguments.
2026-04-21T22:48:32.3935832Z - To keep applying to the value parameter only, use the '@param:' annotation target.
2026-04-21T22:48:32.3936492Z 
2026-04-21T22:48:32.3936883Z See https://youtrack.jetbrains.com/issue/KT-73255 for more details.
2026-04-21T22:48:32.3939016Z w: file:///home/runner/work/prismTask/prismTask/app/src/main/java/com/averycorp/prismtask/data/preferences/MedicationPreferences.kt:26:5 This annotation is currently applied to the value parameter only, but in the future it will also be applied to field.
2026-04-21T22:48:32.3941601Z - To opt in to applying to both value parameter and field, add '-Xannotation-default-target=param-property' to your compiler arguments.
2026-04-21T22:48:32.3943281Z - To keep applying to the value parameter only, use the '@param:' annotation target.
2026-04-21T22:48:32.3943928Z 
2026-04-21T22:48:32.3944310Z See https://youtrack.jetbrains.com/issue/KT-73255 for more details.
2026-04-21T22:48:32.3946481Z w: file:///home/runner/work/prismTask/prismTask/app/src/main/java/com/averycorp/prismtask/data/preferences/MorningCheckInPreferences.kt:32:5 This annotation is currently applied to the value parameter only, but in the future it will also be applied to field.
2026-04-21T22:48:32.3949028Z - To opt in to applying to both value parameter and field, add '-Xannotation-default-target=param-property' to your compiler arguments.
2026-04-21T22:48:32.3950440Z - To keep applying to the value parameter only, use the '@param:' annotation target.
2026-04-21T22:48:32.3951391Z 
2026-04-21T22:48:32.3951807Z See https://youtrack.jetbrains.com/issue/KT-73255 for more details.
2026-04-21T22:48:32.3954899Z w: file:///home/runner/work/prismTask/prismTask/app/src/main/java/com/averycorp/prismtask/data/preferences/OnboardingPreferences.kt:22:5 This annotation is currently applied to the value parameter only, but in the future it will also be applied to field.
2026-04-21T22:48:32.3957536Z - To opt in to applying to both value parameter and field, add '-Xannotation-default-target=param-property' to your compiler arguments.
2026-04-21T22:48:32.3958947Z - To keep applying to the value parameter only, use the '@param:' annotation target.
2026-04-21T22:48:32.3959590Z 
2026-04-21T22:48:32.3959984Z See https://youtrack.jetbrains.com/issue/KT-73255 for more details.
2026-04-21T22:48:32.3992534Z w: file:///home/runner/work/prismTask/prismTask/app/src/main/java/com/averycorp/prismtask/data/preferences/ProStatusPreferences.kt:22:5 This annotation is currently applied to the value parameter only, but in the future it will also be applied to field.
2026-04-21T22:48:32.3995208Z - To opt in to applying to both value parameter and field, add '-Xannotation-default-target=param-property' to your compiler arguments.
2026-04-21T22:48:32.3996668Z - To keep applying to the value parameter only, use the '@param:' annotation target.
2026-04-21T22:48:32.3997319Z 
2026-04-21T22:48:32.3997710Z See https://youtrack.jetbrains.com/issue/KT-73255 for more details.
2026-04-21T22:48:32.3999814Z w: file:///home/runner/work/prismTask/prismTask/app/src/main/java/com/averycorp/prismtask/data/preferences/ShakePreferences.kt:28:5 This annotation is currently applied to the value parameter only, but in the future it will also be applied to field.
2026-04-21T22:48:32.4002569Z - To opt in to applying to both value parameter and field, add '-Xannotation-default-target=param-property' to your compiler arguments.
2026-04-21T22:48:32.4003993Z - To keep applying to the value parameter only, use the '@param:' annotation target.
2026-04-21T22:48:32.4004629Z 
2026-04-21T22:48:32.4005010Z See https://youtrack.jetbrains.com/issue/KT-73255 for more details.
2026-04-21T22:48:32.4007213Z w: file:///home/runner/work/prismTask/prismTask/app/src/main/java/com/averycorp/prismtask/data/preferences/TabPreferences.kt:22:5 This annotation is currently applied to the value parameter only, but in the future it will also be applied to field.
2026-04-21T22:48:32.4009765Z - To opt in to applying to both value parameter and field, add '-Xannotation-default-target=param-property' to your compiler arguments.
2026-04-21T22:48:32.4011178Z - To keep applying to the value parameter only, use the '@param:' annotation target.
2026-04-21T22:48:32.4011835Z 
2026-04-21T22:48:32.4012439Z See https://youtrack.jetbrains.com/issue/KT-73255 for more details.
2026-04-21T22:48:32.4014632Z w: file:///home/runner/work/prismTask/prismTask/app/src/main/java/com/averycorp/prismtask/data/preferences/TaskBehaviorPreferences.kt:58:5 This annotation is currently applied to the value parameter only, but in the future it will also be applied to field.
2026-04-21T22:48:32.4017216Z - To opt in to applying to both value parameter and field, add '-Xannotation-default-target=param-property' to your compiler arguments.
2026-04-21T22:48:32.4018642Z - To keep applying to the value parameter only, use the '@param:' annotation target.
2026-04-21T22:48:32.4019265Z 
2026-04-21T22:48:32.4019642Z See https://youtrack.jetbrains.com/issue/KT-73255 for more details.
2026-04-21T22:48:32.4021765Z w: file:///home/runner/work/prismTask/prismTask/app/src/main/java/com/averycorp/prismtask/data/preferences/TemplatePreferences.kt:31:5 This annotation is currently applied to the value parameter only, but in the future it will also be applied to field.
2026-04-21T22:48:32.4054715Z - To opt in to applying to both value parameter and field, add '-Xannotation-default-target=param-property' to your compiler arguments.
2026-04-21T22:48:32.4056132Z - To keep applying to the value parameter only, use the '@param:' annotation target.
2026-04-21T22:48:32.4056746Z 
2026-04-21T22:48:32.4057129Z See https://youtrack.jetbrains.com/issue/KT-73255 for more details.
2026-04-21T22:48:32.4059739Z w: file:///home/runner/work/prismTask/prismTask/app/src/main/java/com/averycorp/prismtask/data/preferences/ThemePreferences.kt:27:5 This annotation is currently applied to the value parameter only, but in the future it will also be applied to field.
2026-04-21T22:48:32.4062482Z - To opt in to applying to both value parameter and field, add '-Xannotation-default-target=param-property' to your compiler arguments.
2026-04-21T22:48:32.4063863Z - To keep applying to the value parameter only, use the '@param:' annotation target.
2026-04-21T22:48:32.4064455Z 
2026-04-21T22:48:32.4064821Z See https://youtrack.jetbrains.com/issue/KT-73255 for more details.
2026-04-21T22:48:32.4066797Z w: file:///home/runner/work/prismTask/prismTask/app/src/main/java/com/averycorp/prismtask/data/preferences/TimerPreferences.kt:23:5 This annotation is currently applied to the value parameter only, but in the future it will also be applied to field.
2026-04-21T22:48:32.4069271Z - To opt in to applying to both value parameter and field, add '-Xannotation-default-target=param-property' to your compiler arguments.
2026-04-21T22:48:32.4070691Z - To keep applying to the value parameter only, use the '@param:' annotation target.
2026-04-21T22:48:32.4071333Z 
2026-04-21T22:48:32.4071711Z See https://youtrack.jetbrains.com/issue/KT-73255 for more details.
2026-04-21T22:48:32.4074046Z w: file:///home/runner/work/prismTask/prismTask/app/src/main/java/com/averycorp/prismtask/data/preferences/VoicePreferences.kt:22:5 This annotation is currently applied to the value parameter only, but in the future it will also be applied to field.
2026-04-21T22:48:32.4076591Z - To opt in to applying to both value parameter and field, add '-Xannotation-default-target=param-property' to your compiler arguments.
2026-04-21T22:48:32.4077990Z - To keep applying to the value parameter only, use the '@param:' annotation target.
2026-04-21T22:48:32.4078626Z 
2026-04-21T22:48:32.4079001Z See https://youtrack.jetbrains.com/issue/KT-73255 for more details.
2026-04-21T22:48:32.4081025Z w: file:///home/runner/work/prismTask/prismTask/app/src/main/java/com/averycorp/prismtask/data/remote/AuthManager.kt:30:5 This annotation is currently applied to the value parameter only, but in the future it will also be applied to field.
2026-04-21T22:48:32.4113790Z - To opt in to applying to both value parameter and field, add '-Xannotation-default-target=param-property' to your compiler arguments.
2026-04-21T22:48:32.4115234Z - To keep applying to the value parameter only, use the '@param:' annotation target.
2026-04-21T22:48:32.4115869Z 
2026-04-21T22:48:32.4116248Z See https://youtrack.jetbrains.com/issue/KT-73255 for more details.
2026-04-21T22:48:32.4118007Z w: file:///home/runner/work/prismTask/prismTask/app/src/main/java/com/averycorp/prismtask/data/remote/GoogleDriveService.kt:4:8 'class GoogleSignIn : Any' is deprecated. Deprecated in Java.
2026-04-21T22:48:32.4120972Z w: file:///home/runner/work/prismTask/prismTask/app/src/main/java/com/averycorp/prismtask/data/remote/GoogleDriveService.kt:23:5 This annotation is currently applied to the value parameter only, but in the future it will also be applied to field.
2026-04-21T22:48:32.4123708Z - To opt in to applying to both value parameter and field, add '-Xannotation-default-target=param-property' to your compiler arguments.
2026-04-21T22:48:32.4125145Z - To keep applying to the value parameter only, use the '@param:' annotation target.
2026-04-21T22:48:32.4125775Z 
2026-04-21T22:48:32.4126191Z See https://youtrack.jetbrains.com/issue/KT-73255 for more details.
2026-04-21T22:48:32.4127940Z w: file:///home/runner/work/prismTask/prismTask/app/src/main/java/com/averycorp/prismtask/data/remote/GoogleDriveService.kt:33:23 'class GoogleSignIn : Any' is deprecated. Deprecated in Java.
2026-04-21T22:48:32.4130506Z w: file:///home/runner/work/prismTask/prismTask/app/src/main/java/com/averycorp/prismtask/data/remote/GoogleDriveService.kt:143:34 'class GoogleSignIn : Any' is deprecated. Deprecated in Java.
2026-04-21T22:48:32.4135687Z w: file:///home/runner/work/prismTask/prismTask/app/src/main/java/com/averycorp/prismtask/data/remote/SortPreferencesSyncService.kt:58:18 This declaration is in a preview state and can be changed in a backwards-incompatible manner with a best-effort migration. Its usage should be marked with '@kotlinx.coroutines.FlowPreview' or '@OptIn(kotlinx.coroutines.FlowPreview::class)' if you accept the drawback of relying on preview API
2026-04-21T22:48:32.4141380Z w: file:///home/runner/work/prismTask/prismTask/app/src/main/java/com/averycorp/prismtask/data/remote/SyncService.kt:1436:18 This declaration is in a preview state and can be changed in a backwards-incompatible manner with a best-effort migration. Its usage should be marked with '@kotlinx.coroutines.FlowPreview' or '@OptIn(kotlinx.coroutines.FlowPreview::class)' if you accept the drawback of relying on preview API
2026-04-21T22:48:32.4177449Z w: file:///home/runner/work/prismTask/prismTask/app/src/main/java/com/averycorp/prismtask/data/remote/ThemePreferencesSyncService.kt:58:18 This declaration is in a preview state and can be changed in a backwards-incompatible manner with a best-effort migration. Its usage should be marked with '@kotlinx.coroutines.FlowPreview' or '@OptIn(kotlinx.coroutines.FlowPreview::class)' if you accept the drawback of relying on preview API
2026-04-21T22:48:32.4181860Z w: file:///home/runner/work/prismTask/prismTask/app/src/main/java/com/averycorp/prismtask/data/repository/CustomSoundRepository.kt:34:5 This annotation is currently applied to the value parameter only, but in the future it will also be applied to field.
2026-04-21T22:48:32.4184537Z - To opt in to applying to both value parameter and field, add '-Xannotation-default-target=param-property' to your compiler arguments.
2026-04-21T22:48:32.4185901Z - To keep applying to the value parameter only, use the '@param:' annotation target.
2026-04-21T22:48:32.4186506Z 
2026-04-21T22:48:32.4186878Z See https://youtrack.jetbrains.com/issue/KT-73255 for more details.
2026-04-21T22:48:32.4188658Z w: file:///home/runner/work/prismTask/prismTask/app/src/main/java/com/averycorp/prismtask/domain/usecase/NaturalLanguageParser.kt:349:48 Unnecessary safe call on a non-null receiver of type 'LocalDate'.
2026-04-21T22:48:32.4191541Z w: file:///home/runner/work/prismTask/prismTask/app/src/main/java/com/averycorp/prismtask/domain/usecase/ShakeDetector.kt:20:5 This annotation is currently applied to the value parameter only, but in the future it will also be applied to field.
2026-04-21T22:48:32.4194109Z - To opt in to applying to both value parameter and field, add '-Xannotation-default-target=param-property' to your compiler arguments.
2026-04-21T22:48:32.4195477Z - To keep applying to the value parameter only, use the '@param:' annotation target.
2026-04-21T22:48:32.4196085Z 
2026-04-21T22:48:32.4196448Z See https://youtrack.jetbrains.com/issue/KT-73255 for more details.
2026-04-21T22:48:32.4198493Z w: file:///home/runner/work/prismTask/prismTask/app/src/main/java/com/averycorp/prismtask/domain/usecase/TextToSpeechManager.kt:20:5 This annotation is currently applied to the value parameter only, but in the future it will also be applied to field.
2026-04-21T22:48:32.4200939Z - To opt in to applying to both value parameter and field, add '-Xannotation-default-target=param-property' to your compiler arguments.
2026-04-21T22:48:32.4232724Z - To keep applying to the value parameter only, use the '@param:' annotation target.
2026-04-21T22:48:32.4233451Z 
2026-04-21T22:48:32.4233881Z See https://youtrack.jetbrains.com/issue/KT-73255 for more details.
2026-04-21T22:48:32.4236031Z w: file:///home/runner/work/prismTask/prismTask/app/src/main/java/com/averycorp/prismtask/domain/usecase/VoiceInputManager.kt:35:5 This annotation is currently applied to the value parameter only, but in the future it will also be applied to field.
2026-04-21T22:48:32.4238654Z - To opt in to applying to both value parameter and field, add '-Xannotation-default-target=param-property' to your compiler arguments.
2026-04-21T22:48:32.4240724Z - To keep applying to the value parameter only, use the '@param:' annotation target.
2026-04-21T22:48:32.4241291Z 
2026-04-21T22:48:32.4242268Z See https://youtrack.jetbrains.com/issue/KT-73255 for more details.
2026-04-21T22:48:32.4244289Z w: file:///home/runner/work/prismTask/prismTask/app/src/main/java/com/averycorp/prismtask/notifications/EscalationScheduler.kt:29:5 This annotation is currently applied to the value parameter only, but in the future it will also be applied to field.
2026-04-21T22:48:32.4246831Z - To opt in to applying to both value parameter and field, add '-Xannotation-default-target=param-property' to your compiler arguments.
2026-04-21T22:48:32.4248283Z - To keep applying to the value parameter only, use the '@param:' annotation target.
2026-04-21T22:48:32.4248956Z 
2026-04-21T22:48:32.4249361Z See https://youtrack.jetbrains.com/issue/KT-73255 for more details.
2026-04-21T22:48:32.4251523Z w: file:///home/runner/work/prismTask/prismTask/app/src/main/java/com/averycorp/prismtask/notifications/MedicationReminderScheduler.kt:32:5 This annotation is currently applied to the value parameter only, but in the future it will also be applied to field.
2026-04-21T22:48:32.4254400Z - To opt in to applying to both value parameter and field, add '-Xannotation-default-target=param-property' to your compiler arguments.
2026-04-21T22:48:32.4255822Z - To keep applying to the value parameter only, use the '@param:' annotation target.
2026-04-21T22:48:32.4256468Z 
2026-04-21T22:48:32.4256853Z See https://youtrack.jetbrains.com/issue/KT-73255 for more details.
2026-04-21T22:48:32.4258952Z w: file:///home/runner/work/prismTask/prismTask/app/src/main/java/com/averycorp/prismtask/notifications/NotificationTester.kt:28:5 This annotation is currently applied to the value parameter only, but in the future it will also be applied to field.
2026-04-21T22:48:32.4261484Z - To opt in to applying to both value parameter and field, add '-Xannotation-default-target=param-property' to your compiler arguments.
2026-04-21T22:48:32.4293312Z - To keep applying to the value parameter only, use the '@param:' annotation target.
2026-04-21T22:48:32.4293989Z 
2026-04-21T22:48:32.4294414Z See https://youtrack.jetbrains.com/issue/KT-73255 for more details.
2026-04-21T22:48:32.4296637Z w: file:///home/runner/work/prismTask/prismTask/app/src/main/java/com/averycorp/prismtask/notifications/NotificationWorkerScheduler.kt:39:5 This annotation is currently applied to the value parameter only, but in the future it will also be applied to field.
2026-04-21T22:48:32.4299160Z - To opt in to applying to both value parameter and field, add '-Xannotation-default-target=param-property' to your compiler arguments.
2026-04-21T22:48:32.4300539Z - To keep applying to the value parameter only, use the '@param:' annotation target.
2026-04-21T22:48:32.4301167Z 
2026-04-21T22:48:32.4301541Z See https://youtrack.jetbrains.com/issue/KT-73255 for more details.
2026-04-21T22:48:32.4303981Z w: file:///home/runner/work/prismTask/prismTask/app/src/main/java/com/averycorp/prismtask/notifications/ReminderScheduler.kt:21:5 This annotation is currently applied to the value parameter only, but in the future it will also be applied to field.
2026-04-21T22:48:32.4306559Z - To opt in to applying to both value parameter and field, add '-Xannotation-default-target=param-property' to your compiler arguments.
2026-04-21T22:48:32.4307929Z - To keep applying to the value parameter only, use the '@param:' annotation target.
2026-04-21T22:48:32.4308564Z 
2026-04-21T22:48:32.4308945Z See https://youtrack.jetbrains.com/issue/KT-73255 for more details.
2026-04-21T22:48:32.4311069Z w: file:///home/runner/work/prismTask/prismTask/app/src/main/java/com/averycorp/prismtask/ui/components/sync/SyncDebugPanel.kt:139:13 'fun Divider(modifier: Modifier = ..., thickness: Dp = ..., color: Color = ...): Unit' is deprecated. Renamed to HorizontalDivider.
2026-04-21T22:48:32.4314632Z w: file:///home/runner/work/prismTask/prismTask/app/src/main/java/com/averycorp/prismtask/ui/components/sync/SyncDetailsSheet.kt:74:13 'fun Divider(modifier: Modifier = ..., thickness: Dp = ..., color: Color = ...): Unit' is deprecated. Renamed to HorizontalDivider.
2026-04-21T22:48:32.4318272Z w: file:///home/runner/work/prismTask/prismTask/app/src/main/java/com/averycorp/prismtask/ui/components/sync/SyncIndicatorViewModel.kt:76:65 Unnecessary non-null assertion (!!) on a non-null receiver of type 'SyncErrorSample'.
2026-04-21T22:48:32.4321442Z w: file:///home/runner/work/prismTask/prismTask/app/src/main/java/com/averycorp/prismtask/ui/screens/feedback/BugReportViewModel.kt:50:5 This annotation is currently applied to the value parameter only, but in the future it will also be applied to field.
2026-04-21T22:48:32.4349859Z - To opt in to applying to both value parameter and field, add '-Xannotation-default-target=param-property' to your compiler arguments.
2026-04-21T22:48:32.4351299Z - To keep applying to the value parameter only, use the '@param:' annotation target.
2026-04-21T22:48:32.4351936Z 
2026-04-21T22:48:32.4352601Z See https://youtrack.jetbrains.com/issue/KT-73255 for more details.
2026-04-21T22:48:32.4354346Z w: file:///home/runner/work/prismTask/prismTask/app/src/main/java/com/averycorp/prismtask/ui/screens/habits/HabitListViewModel.kt:162:32 Unchecked cast of 'Any?' to 'List<SelfCareStepEntity>'.
2026-04-21T22:48:32.4356935Z w: file:///home/runner/work/prismTask/prismTask/app/src/main/java/com/averycorp/prismtask/ui/screens/habits/HabitListViewModel.kt:163:32 Unchecked cast of 'Any?' to 'List<SelfCareStepEntity>'.
2026-04-21T22:48:32.4359576Z w: file:///home/runner/work/prismTask/prismTask/app/src/main/java/com/averycorp/prismtask/ui/screens/habits/HabitListViewModel.kt:164:34 Unchecked cast of 'Any?' to 'List<SelfCareStepEntity>'.
2026-04-21T22:48:32.4362342Z w: file:///home/runner/work/prismTask/prismTask/app/src/main/java/com/averycorp/prismtask/ui/screens/habits/HabitListViewModel.kt:171:34 Unchecked cast of 'Any?' to 'List<SelfCareStepEntity>'.
2026-04-21T22:48:32.4365374Z w: file:///home/runner/work/prismTask/prismTask/app/src/main/java/com/averycorp/prismtask/ui/screens/pomodoro/SmartPomodoroViewModel.kt:102:5 This annotation is currently applied to the value parameter only, but in the future it will also be applied to field.
2026-04-21T22:48:32.4367957Z - To opt in to applying to both value parameter and field, add '-Xannotation-default-target=param-property' to your compiler arguments.
2026-04-21T22:48:32.4369357Z - To keep applying to the value parameter only, use the '@param:' annotation target.
2026-04-21T22:48:32.4369982Z 
2026-04-21T22:48:32.4370359Z See https://youtrack.jetbrains.com/issue/KT-73255 for more details.
2026-04-21T22:48:32.4374237Z w: file:///home/runner/work/prismTask/prismTask/app/src/main/java/com/averycorp/prismtask/ui/screens/schoolwork/SyllabusViewModel.kt:30:5 This annotation is currently applied to the value parameter only, but in the future it will also be applied to field.
2026-04-21T22:48:32.4376773Z - To opt in to applying to both value parameter and field, add '-Xannotation-default-target=param-property' to your compiler arguments.
2026-04-21T22:48:32.4378232Z - To keep applying to the value parameter only, use the '@param:' annotation target.
2026-04-21T22:48:32.4378867Z 
2026-04-21T22:48:32.4379247Z See https://youtrack.jetbrains.com/issue/KT-73255 for more details.
2026-04-21T22:48:32.4381355Z w: file:///home/runner/work/prismTask/prismTask/app/src/main/java/com/averycorp/prismtask/ui/screens/settings/SettingsViewModel.kt:70:5 This annotation is currently applied to the value parameter only, but in the future it will also be applied to field.
2026-04-21T22:48:32.4384165Z - To opt in to applying to both value parameter and field, add '-Xannotation-default-target=param-property' to your compiler arguments.
2026-04-21T22:48:32.4385571Z - To keep applying to the value parameter only, use the '@param:' annotation target.
2026-04-21T22:48:32.4386202Z 
2026-04-21T22:48:32.4386585Z See https://youtrack.jetbrains.com/issue/KT-73255 for more details.
2026-04-21T22:48:32.4389509Z w: file:///home/runner/work/prismTask/prismTask/app/src/main/java/com/averycorp/prismtask/ui/screens/tasklist/TaskListScreen.kt:485:55 'val Icons.Filled.FormatListBulleted: ImageVector' is deprecated. Use the AutoMirrored version at Icons.AutoMirrored.Filled.FormatListBulleted.
2026-04-21T22:48:32.4393407Z w: file:///home/runner/work/prismTask/prismTask/app/src/main/java/com/averycorp/prismtask/ui/screens/templates/TemplatePickerSheet.kt:238:35 'val Icons.Filled.OpenInNew: ImageVector' is deprecated. Use the AutoMirrored version at Icons.AutoMirrored.Filled.OpenInNew.
2026-04-21T22:48:32.4396891Z w: file:///home/runner/work/prismTask/prismTask/app/src/main/java/com/averycorp/prismtask/ui/screens/timer/TimerViewModel.kt:43:5 This annotation is currently applied to the value parameter only, but in the future it will also be applied to field.
2026-04-21T22:48:32.4399364Z - To opt in to applying to both value parameter and field, add '-Xannotation-default-target=param-property' to your compiler arguments.
2026-04-21T22:48:32.4400823Z - To keep applying to the value parameter only, use the '@param:' annotation target.
2026-04-21T22:48:32.4401451Z 
2026-04-21T22:48:32.4401837Z See https://youtrack.jetbrains.com/issue/KT-73255 for more details.
2026-04-21T22:48:32.4425033Z w: file:///home/runner/work/prismTask/prismTask/app/src/main/java/com/averycorp/prismtask/ui/screens/today/TodayScreen.kt:839:9 'fun AlertDialog(onDismissRequest: () -> Unit, modifier: Modifier = ..., properties: DialogProperties = ..., content: ComposableFunction0<Unit>): Unit' is deprecated. Use BasicAlertDialog instead.
2026-04-21T22:48:32.4428409Z w: file:///home/runner/work/prismTask/prismTask/app/src/main/java/com/averycorp/prismtask/ui/screens/today/components/TodayProgressHeader.kt:185:68 Redundant call of conversion method.
2026-04-21T22:48:32.4430870Z w: file:///home/runner/work/prismTask/prismTask/app/src/main/java/com/averycorp/prismtask/ui/screens/today/components/TodayProgressHeader.kt:186:68 Redundant call of conversion method.
2026-04-21T22:48:32.4433683Z w: file:///home/runner/work/prismTask/prismTask/app/src/main/java/com/averycorp/prismtask/ui/screens/today/components/TodayProgressHeader.kt:187:68 Redundant call of conversion method.
2026-04-21T22:48:32.4436210Z w: file:///home/runner/work/prismTask/prismTask/app/src/main/java/com/averycorp/prismtask/ui/screens/today/components/TodayProgressHeader.kt:188:68 Redundant call of conversion method.
2026-04-21T22:48:32.4439039Z w: file:///home/runner/work/prismTask/prismTask/app/src/main/java/com/averycorp/prismtask/widget/WidgetUpdateManager.kt:27:5 This annotation is currently applied to the value parameter only, but in the future it will also be applied to field.
2026-04-21T22:48:32.4441505Z - To opt in to applying to both value parameter and field, add '-Xannotation-default-target=param-property' to your compiler arguments.
2026-04-21T22:48:32.4443165Z - To keep applying to the value parameter only, use the '@param:' annotation target.
2026-04-21T22:48:32.4443821Z 
2026-04-21T22:48:32.4444224Z See https://youtrack.jetbrains.com/issue/KT-73255 for more details.
2026-04-21T22:48:32.4446327Z w: file:///home/runner/work/prismTask/prismTask/app/src/main/java/com/averycorp/prismtask/workers/CalendarSyncScheduler.kt:33:5 This annotation is currently applied to the value parameter only, but in the future it will also be applied to field.
2026-04-21T22:48:32.4448819Z - To opt in to applying to both value parameter and field, add '-Xannotation-default-target=param-property' to your compiler arguments.
2026-04-21T22:48:32.4450200Z - To keep applying to the value parameter only, use the '@param:' annotation target.
2026-04-21T22:48:32.4450805Z 
2026-04-21T22:48:32.4451168Z See https://youtrack.jetbrains.com/issue/KT-73255 for more details.
2026-04-21T22:48:46.7273912Z 
2026-04-21T22:48:46.7274534Z > Task :app:compileDebugJavaWithJavac
2026-04-21T22:48:46.7342949Z > Task :app:hiltSyncDebug
2026-04-21T22:48:49.9244303Z > Task :app:hiltAggregateDepsDebug
2026-04-21T22:48:51.4246953Z > Task :app:generateDebugLintReportModel
2026-04-21T22:48:55.3283255Z > Task :app:hiltJavaCompileDebug
2026-04-21T22:48:55.7243970Z > Task :app:bundleDebugClassesToCompileJar
2026-04-21T22:48:59.2273529Z > Task :app:generateDebugAndroidTestLintModel
2026-04-21T22:49:01.0256624Z > Task :app:generateDebugUnitTestLintModel
2026-04-21T22:49:25.3263162Z > Task :app:lintAnalyzeDebug
2026-04-21T22:49:31.0253156Z > Task :app:lintAnalyzeDebugAndroidTest
2026-04-21T22:49:31.0292825Z > Task :app:lintAnalyzeDebugUnitTest
2026-04-21T22:51:41.1245093Z 
2026-04-21T22:51:41.1245851Z > Task :app:lintReportDebug
2026-04-21T22:51:41.1247153Z Wrote HTML report to file:///home/runner/work/prismTask/prismTask/app/build/reports/lint-results-debug.html
2026-04-21T22:51:41.1248321Z 
2026-04-21T22:51:41.1248741Z > Task :app:lintDebug
2026-04-21T22:51:41.1249337Z > Task :app:lint
2026-04-21T22:51:41.1250422Z gradle/actions: Writing build results to /home/runner/work/_temp/.gradle-actions/build-results/__run_3-1776811566539.json
2026-04-21T22:51:41.1251525Z 
2026-04-21T22:51:41.1252749Z [Incubating] Problems report is available at: file:///home/runner/work/prismTask/prismTask/build/reports/problems/problems-report.html
2026-04-21T22:51:41.1253978Z 
2026-04-21T22:51:41.1254712Z Deprecated Gradle features were used in this build, making it incompatible with Gradle 10.
2026-04-21T22:51:41.1255576Z 
2026-04-21T22:51:41.1256520Z You can use '--warning-mode all' to show the individual deprecation warnings and determine if they come from your own scripts or plugins.
2026-04-21T22:51:41.1257633Z 
2026-04-21T22:51:41.1258643Z For more on this, please refer to https://docs.gradle.org/9.3.1/userguide/command_line_interface.html#sec:command_line_warnings in the Gradle documentation.
2026-04-21T22:51:41.1259860Z 
2026-04-21T22:51:41.1260261Z BUILD SUCCESSFUL in 5m 35s
2026-04-21T22:51:41.1261054Z 36 actionable tasks: 35 executed, 1 from cache
2026-04-21T22:51:41.2100536Z ##[group]Run set -euo pipefail
2026-04-21T22:51:41.2100920Z [36;1mset -euo pipefail[0m
2026-04-21T22:51:41.2101242Z [36;1mshopt -s globstar nullglob[0m
2026-04-21T22:51:41.2101615Z [36;1mxmls=(app/build/test-results/**/*.xml)[0m
2026-04-21T22:51:41.2102657Z [36;1mif [ ${#xmls[@]} -eq 0 ]; then[0m
2026-04-21T22:51:41.2103525Z [36;1m  echo "::error::No JUnit XML results found under app/build/test-results/. Did the test task run?"[0m
2026-04-21T22:51:41.2104056Z [36;1m  exit 1[0m
2026-04-21T22:51:41.2104298Z [36;1mfi[0m
2026-04-21T22:51:41.2104518Z [36;1mfailed=0[0m
2026-04-21T22:51:41.2104764Z [36;1mfor f in "${xmls[@]}"; do[0m
2026-04-21T22:51:41.2105218Z [36;1m  fails=$(grep -oE 'failures="[0-9]+"' "$f" | head -n1 | grep -oE '[0-9]+' || echo 0)[0m
2026-04-21T22:51:41.2105792Z [36;1m  errs=$(grep -oE 'errors="[0-9]+"' "$f" | head -n1 | grep -oE '[0-9]+' || echo 0)[0m
2026-04-21T22:51:41.2106328Z [36;1m  if [ "${fails:-0}" -gt 0 ] || [ "${errs:-0}" -gt 0 ]; then[0m
2026-04-21T22:51:41.2106806Z [36;1m    echo "::error file=${f}::${fails} failure(s), ${errs} error(s) in ${f}"[0m
2026-04-21T22:51:41.2107267Z [36;1m    failed=$((failed + fails + errs))[0m
2026-04-21T22:51:41.2107586Z [36;1m  fi[0m
2026-04-21T22:51:41.2107814Z [36;1mdone[0m
2026-04-21T22:51:41.2108049Z [36;1mif [ "$failed" -gt 0 ]; then[0m
2026-04-21T22:51:41.2108635Z [36;1m  echo "::error::${failed} unit-test failure(s)/error(s) detected. See annotations and the test-results artifact."[0m
2026-04-21T22:51:41.2109200Z [36;1m  exit 1[0m
2026-04-21T22:51:41.2109424Z [36;1mfi[0m
2026-04-21T22:51:41.2109710Z [36;1mecho "All ${#xmls[@]} JUnit XML reports clean."[0m
2026-04-21T22:51:41.2164415Z shell: /usr/bin/bash --noprofile --norc -e -o pipefail {0}
2026-04-21T22:51:41.2164801Z env:
2026-04-21T22:51:41.2165165Z   JAVA_HOME: /opt/hostedtoolcache/Java_Temurin-Hotspot_jdk/21.0.10-7/x64
2026-04-21T22:51:41.2165727Z   JAVA_HOME_21_X64: /opt/hostedtoolcache/Java_Temurin-Hotspot_jdk/21.0.10-7/x64
2026-04-21T22:51:41.2166193Z   GRADLE_ACTION_ID: gradle/actions/setup-gradle
2026-04-21T22:51:41.2166539Z   GRADLE_USER_HOME: /home/runner/.gradle
2026-04-21T22:51:41.2167093Z   GRADLE_BUILD_ACTION_SETUP_COMPLETED: true
2026-04-21T22:51:41.2167428Z   GRADLE_BUILD_ACTION_CACHE_RESTORED: true
2026-04-21T22:51:41.2167913Z   DEVELOCITY_INJECTION_INIT_SCRIPT_NAME: gradle-actions.inject-develocity.init.gradle
2026-04-21T22:51:41.2168439Z   DEVELOCITY_INJECTION_CUSTOM_VALUE: gradle-actions
2026-04-21T22:51:41.2168795Z   GITHUB_DEPENDENCY_GRAPH_ENABLED: false
2026-04-21T22:51:41.2169147Z ##[endgroup]
2026-04-21T22:51:41.2265419Z ##[error]No JUnit XML results found under app/build/test-results/. Did the test task run?
2026-04-21T22:51:41.2268302Z ##[error]Process completed with exit code 1.
2026-04-21T22:51:41.2335758Z ##[group]Run actions/upload-artifact@v4
2026-04-21T22:51:41.2336110Z with:
2026-04-21T22:51:41.2336337Z   name: lint-report
2026-04-21T22:51:41.2336646Z   path: app/build/reports/lint-results-debug.html
2026-04-21T22:51:41.2336996Z   retention-days: 7
2026-04-21T22:51:41.2337243Z   if-no-files-found: warn
2026-04-21T22:51:41.2337530Z   compression-level: 6
2026-04-21T22:51:41.2337786Z   overwrite: false
2026-04-21T22:51:41.2338041Z   include-hidden-files: false
2026-04-21T22:51:41.2338315Z env:
2026-04-21T22:51:41.2338659Z   JAVA_HOME: /opt/hostedtoolcache/Java_Temurin-Hotspot_jdk/21.0.10-7/x64
2026-04-21T22:51:41.2339199Z   JAVA_HOME_21_X64: /opt/hostedtoolcache/Java_Temurin-Hotspot_jdk/21.0.10-7/x64
2026-04-21T22:51:41.2339667Z   GRADLE_ACTION_ID: gradle/actions/setup-gradle
2026-04-21T22:51:41.2340010Z   GRADLE_USER_HOME: /home/runner/.gradle
2026-04-21T22:51:41.2340345Z   GRADLE_BUILD_ACTION_SETUP_COMPLETED: true
2026-04-21T22:51:41.2340706Z   GRADLE_BUILD_ACTION_CACHE_RESTORED: true
2026-04-21T22:51:41.2341190Z   DEVELOCITY_INJECTION_INIT_SCRIPT_NAME: gradle-actions.inject-develocity.init.gradle
2026-04-21T22:51:41.2341716Z   DEVELOCITY_INJECTION_CUSTOM_VALUE: gradle-actions
2026-04-21T22:51:41.2342417Z   GITHUB_DEPENDENCY_GRAPH_ENABLED: false
2026-04-21T22:51:41.2342737Z ##[endgroup]
2026-04-21T22:51:41.4936204Z With the provided path, there will be 1 file uploaded
2026-04-21T22:51:41.4973461Z Artifact name is valid!
2026-04-21T22:51:41.4978520Z Root directory input is valid!
2026-04-21T22:51:41.6362873Z Beginning upload of artifact content to blob storage
2026-04-21T22:51:41.7400804Z Uploaded bytes 39344
2026-04-21T22:51:41.7622751Z Finished uploading artifact content to blob storage!
2026-04-21T22:51:41.7626744Z SHA256 digest of uploaded artifact zip is 1387de3de87135a3c8be1257d37efb0568914ddd1f2df44b7b9f8713386af6da
2026-04-21T22:51:41.7629098Z Finalizing artifact upload
2026-04-21T22:51:41.8889373Z Artifact lint-report.zip successfully finalized. Artifact ID 6566928775
2026-04-21T22:51:41.8892240Z Artifact lint-report has been successfully uploaded! Final size is 39344 bytes. Artifact ID is 6566928775
2026-04-21T22:51:41.8904745Z Artifact download URL: https://github.com/akarlin3/prismTask/actions/runs/24750280609/artifacts/6566928775
2026-04-21T22:51:41.9032703Z ##[group]Run actions/upload-artifact@v4
2026-04-21T22:51:41.9033317Z with:
2026-04-21T22:51:41.9033683Z   name: detekt-report
2026-04-21T22:51:41.9034137Z   path: app/build/reports/detekt/
2026-04-21T22:51:41.9034633Z   retention-days: 7
2026-04-21T22:51:41.9035047Z   if-no-files-found: warn
2026-04-21T22:51:41.9035500Z   compression-level: 6
2026-04-21T22:51:41.9035913Z   overwrite: false
2026-04-21T22:51:41.9036333Z   include-hidden-files: false
2026-04-21T22:51:41.9036790Z env:
2026-04-21T22:51:41.9037371Z   JAVA_HOME: /opt/hostedtoolcache/Java_Temurin-Hotspot_jdk/21.0.10-7/x64
2026-04-21T22:51:41.9038309Z   JAVA_HOME_21_X64: /opt/hostedtoolcache/Java_Temurin-Hotspot_jdk/21.0.10-7/x64
2026-04-21T22:51:41.9039098Z   GRADLE_ACTION_ID: gradle/actions/setup-gradle
2026-04-21T22:51:41.9039684Z   GRADLE_USER_HOME: /home/runner/.gradle
2026-04-21T22:51:41.9040243Z   GRADLE_BUILD_ACTION_SETUP_COMPLETED: true
2026-04-21T22:51:41.9040880Z   GRADLE_BUILD_ACTION_CACHE_RESTORED: true
2026-04-21T22:51:41.9041723Z   DEVELOCITY_INJECTION_INIT_SCRIPT_NAME: gradle-actions.inject-develocity.init.gradle
2026-04-21T22:51:41.9043105Z   DEVELOCITY_INJECTION_CUSTOM_VALUE: gradle-actions
2026-04-21T22:51:41.9043721Z   GITHUB_DEPENDENCY_GRAPH_ENABLED: false
2026-04-21T22:51:41.9044240Z ##[endgroup]
2026-04-21T22:51:42.1509848Z With the provided path, there will be 2 files uploaded
2026-04-21T22:51:42.1516625Z Artifact name is valid!
2026-04-21T22:51:42.1517947Z Root directory input is valid!
2026-04-21T22:51:42.3307809Z Beginning upload of artifact content to blob storage
2026-04-21T22:51:42.3741784Z Uploaded bytes 4877
2026-04-21T22:51:42.3871233Z Finished uploading artifact content to blob storage!
2026-04-21T22:51:42.3874779Z SHA256 digest of uploaded artifact zip is 7a1adb926a1d69b535c520147265b0542f68ce128294e97640ecd5148c361ab6
2026-04-21T22:51:42.3876861Z Finalizing artifact upload
2026-04-21T22:51:42.5394709Z Artifact detekt-report.zip successfully finalized. Artifact ID 6566928923
2026-04-21T22:51:42.5396094Z Artifact detekt-report has been successfully uploaded! Final size is 4877 bytes. Artifact ID is 6566928923
2026-04-21T22:51:42.5404274Z Artifact download URL: https://github.com/akarlin3/prismTask/actions/runs/24750280609/artifacts/6566928923
2026-04-21T22:51:42.5554180Z ##[group]Run actions/upload-artifact@v4
2026-04-21T22:51:42.5554818Z with:
2026-04-21T22:51:42.5555242Z   name: test-results
2026-04-21T22:51:42.5555726Z   path: app/build/test-results/
2026-04-21T22:51:42.5556252Z   retention-days: 7
2026-04-21T22:51:42.5556715Z   if-no-files-found: warn
2026-04-21T22:51:42.5557218Z   compression-level: 6
2026-04-21T22:51:42.5557679Z   overwrite: false
2026-04-21T22:51:42.5558130Z   include-hidden-files: false
2026-04-21T22:51:42.5558635Z env:
2026-04-21T22:51:42.5559262Z   JAVA_HOME: /opt/hostedtoolcache/Java_Temurin-Hotspot_jdk/21.0.10-7/x64
2026-04-21T22:51:42.5560263Z   JAVA_HOME_21_X64: /opt/hostedtoolcache/Java_Temurin-Hotspot_jdk/21.0.10-7/x64
2026-04-21T22:51:42.5561139Z   GRADLE_ACTION_ID: gradle/actions/setup-gradle
2026-04-21T22:51:42.5561799Z   GRADLE_USER_HOME: /home/runner/.gradle
2026-04-21T22:51:42.5562809Z   GRADLE_BUILD_ACTION_SETUP_COMPLETED: true
2026-04-21T22:51:42.5563470Z   GRADLE_BUILD_ACTION_CACHE_RESTORED: true
2026-04-21T22:51:42.5564435Z   DEVELOCITY_INJECTION_INIT_SCRIPT_NAME: gradle-actions.inject-develocity.init.gradle
2026-04-21T22:51:42.5565469Z   DEVELOCITY_INJECTION_CUSTOM_VALUE: gradle-actions
2026-04-21T22:51:42.5566160Z   GITHUB_DEPENDENCY_GRAPH_ENABLED: false
2026-04-21T22:51:42.5566740Z ##[endgroup]
2026-04-21T22:51:42.7775912Z ##[warning]No files were found with the provided path: app/build/test-results/. No artifacts will be uploaded.
2026-04-21T22:51:42.7907243Z Post job cleanup.
2026-04-21T22:51:42.8024955Z Post job cleanup.
2026-04-21T22:51:43.1255335Z In post-action step
2026-04-21T22:51:43.1269400Z ##[group]Stopping Gradle daemons
2026-04-21T22:51:43.1270657Z Stopping Gradle daemons for /home/runner/.gradle/wrapper/dists/gradle-9.3.1-bin/23ovyewtku6u96viwx3xl3oks/gradle-9.3.1
2026-04-21T22:51:43.1290825Z [command]/home/runner/.gradle/wrapper/dists/gradle-9.3.1-bin/23ovyewtku6u96viwx3xl3oks/gradle-9.3.1/bin/gradle --stop
2026-04-21T22:51:43.8131248Z Stopping Daemon(s)
2026-04-21T22:51:43.8153796Z 1 Daemon stopped
2026-04-21T22:51:43.8464938Z ##[endgroup]
2026-04-21T22:51:43.8473345Z Not performing cache-cleanup due to build failure
2026-04-21T22:51:43.8474712Z ##[group]Caching Gradle state
2026-04-21T22:51:44.6259051Z [command]/usr/bin/tar --posix -cf cache.tzst --exclude cache.tzst -P -C /home/runner/work/prismTask/prismTask --files-from manifest.txt --use-compress-program zstdmt
2026-04-21T22:51:44.9677238Z Sent 340261 of 340261 (100.0%), 6.6 MBs/sec
2026-04-21T22:51:45.0711852Z Saved cache entry with key gradle-kotlin-dsl-v1-b2ae7cf0117f56855d379a6eda3a7f69 from /home/runner/.gradle/caches/*/kotlin-dsl/accessors/*/,/home/runner/.gradle/caches/*/kotlin-dsl/scripts/*/ in 540ms
2026-04-21T22:51:45.3228102Z [command]/usr/bin/tar --posix -cf cache.tzst --exclude cache.tzst -P -C /home/runner/work/prismTask/prismTask --files-from manifest.txt --use-compress-program zstdmt
2026-04-21T22:51:48.6972309Z Sent 0 of 877667560 (0.0%), 0.0 MBs/sec
2026-04-21T22:51:49.6963498Z Sent 542123240 of 877667560 (61.8%), 258.5 MBs/sec
2026-04-21T22:51:50.1233840Z Sent 877667560 of 877667560 (100.0%), 344.9 MBs/sec
2026-04-21T22:51:50.2933222Z Saved cache entry with key gradle-dependencies-v1-12d14d953379dc3b5ae0cc9db676c4ca from /home/runner/.gradle/caches/modules-*/files-*/*/*/*/* in 5810ms
2026-04-21T22:51:51.0734391Z [command]/usr/bin/tar --posix -cf cache.tzst --exclude cache.tzst -P -C /home/runner/work/prismTask/prismTask --files-from manifest.txt --use-compress-program zstdmt
2026-04-21T22:51:55.7625092Z Sent 227701615 of 429028207 (53.1%), 217.2 MBs/sec
2026-04-21T22:51:56.1607929Z Sent 429028207 of 429028207 (100.0%), 292.7 MBs/sec
2026-04-21T22:51:56.3648826Z Saved cache entry with key gradle-transforms-v1-46b18e714fdff70ea4333840335ba873 from /home/runner/.gradle/caches/transforms-4/*/,/home/runner/.gradle/caches/*/transforms/*/ in 9126ms
2026-04-21T22:51:58.6525209Z [command]/usr/bin/tar --posix -cf cache.tzst --exclude cache.tzst -P -C /home/runner/work/prismTask/prismTask --files-from manifest.txt --use-compress-program zstdmt
2026-04-21T22:52:00.0638279Z Sent 84017152 of 92357370 (91.0%), 80.2 MBs/sec
2026-04-21T22:52:00.5031844Z Sent 92357370 of 92357370 (100.0%), 61.3 MBs/sec
2026-04-21T22:52:00.6231831Z Saved cache entry with key gradle-home-v1|Linux-X64|lint-and-test[5df42585ae8f8da228c604b8b4e8707c]-2b774736693d7b84b6717b9dec336c0ec0a3fe5d from /home/runner/.gradle/caches,/home/runner/.gradle/notifications,/home/runner/.gradle/.setup-gradle in 1980ms
2026-04-21T22:52:00.6235109Z ##[endgroup]
2026-04-21T22:52:00.6242204Z Generating Job Summary
2026-04-21T22:52:00.6256174Z Completed post-action step
2026-04-21T22:52:00.6492887Z Post job cleanup.
2026-04-21T22:52:00.8259932Z Post job cleanup.
2026-04-21T22:52:00.9253165Z [command]/usr/bin/git version
2026-04-21T22:52:00.9293188Z git version 2.53.0
2026-04-21T22:52:00.9340029Z Temporarily overriding HOME='/home/runner/work/_temp/5beb838a-393d-4021-aa8d-4c83f9d3befe' before making global git config changes
2026-04-21T22:52:00.9354453Z Adding repository directory to the temporary git global config as a safe directory
2026-04-21T22:52:00.9355564Z [command]/usr/bin/git config --global --add safe.directory /home/runner/work/prismTask/prismTask
2026-04-21T22:52:00.9390987Z [command]/usr/bin/git config --local --name-only --get-regexp core\.sshCommand
2026-04-21T22:52:00.9424427Z [command]/usr/bin/git submodule foreach --recursive sh -c "git config --local --name-only --get-regexp 'core\.sshCommand' && git config --local --unset-all 'core.sshCommand' || :"
2026-04-21T22:52:00.9657081Z [command]/usr/bin/git config --local --name-only --get-regexp http\.https\:\/\/github\.com\/\.extraheader
2026-04-21T22:52:00.9680591Z http.https://github.com/.extraheader
2026-04-21T22:52:00.9694547Z [command]/usr/bin/git config --local --unset-all http.https://github.com/.extraheader
2026-04-21T22:52:00.9727019Z [command]/usr/bin/git submodule foreach --recursive sh -c "git config --local --name-only --get-regexp 'http\.https\:\/\/github\.com\/\.extraheader' && git config --local --unset-all 'http.https://github.com/.extraheader' || :"
2026-04-21T22:52:00.9957775Z [command]/usr/bin/git config --local --name-only --get-regexp ^includeIf\.gitdir:
2026-04-21T22:52:00.9990934Z [command]/usr/bin/git submodule foreach --recursive git config --local --show-origin --name-only --get-regexp remote.origin.url
2026-04-21T22:52:01.0326071Z Cleaning up orphan processes
2026-04-21T22:52:01.0631797Z ##[warning]Node.js 20 actions are deprecated. The following actions are running on Node.js 20 and may not work as expected: actions/checkout@v4, actions/setup-java@v4, actions/upload-artifact@v4, gradle/actions/setup-gradle@v4. Actions will be forced to run with Node.js 24 by default starting June 2nd, 2026. Node.js 20 will be removed from the runner on September 16th, 2026. Please check if updated versions of these actions are available that support Node.js 24. To opt into Node.js 24 now, set the FORCE_JAVASCRIPT_ACTIONS_TO_NODE24=true environment variable on the runner or in your workflow file. Once Node.js 24 becomes the default, you can temporarily opt out by setting ACTIONS_ALLOW_USE_UNSECURE_NODE_VERSION=true. For more information see: https://github.blog/changelog/2025-09-19-deprecation-of-node-20-on-github-actions-runners/
