=== CI FAILURE ===
Workflow:      Android CI
Workflow file: akarlin3/prismTask/.github/workflows/android-ci.yml@refs/pull/502/merge
Job(s):        lint-and-test
Run ID:        24545554297
Run attempt:   1
Run URL:       https://github.com/akarlin3/prismTask/actions/runs/24545554297
Commit:        06f2127da24ef57b0e0c118b6df9e28cddbe1955
Branch:        502/merge
Event:         pull_request
Actor:         akarlin3
Runner OS:     Linux
Timestamp:     2026-04-17T03:07:28.802Z

Failed steps:
  - lint-and-test: #6 Android lint | #8 Verify unit-test results (XML) | #9 Post failure details to PR

=== FAILED JOB LOG ===

--- Job: lint-and-test (id 71760209086) ---
2026-04-17T03:05:13.2526349Z Current runner version: '2.333.1'
2026-04-17T03:05:13.2551509Z ##[group]Runner Image Provisioner
2026-04-17T03:05:13.2552356Z Hosted Compute Agent
2026-04-17T03:05:13.2552947Z Version: 20260213.493
2026-04-17T03:05:13.2553666Z Commit: 5c115507f6dd24b8de37d8bbe0bb4509d0cc0fa3
2026-04-17T03:05:13.2554390Z Build Date: 2026-02-13T00:28:41Z
2026-04-17T03:05:13.2555089Z Worker ID: {1bb1fb1d-8459-4df2-8439-e653c3f01002}
2026-04-17T03:05:13.2555801Z Azure Region: westcentralus
2026-04-17T03:05:13.2556415Z ##[endgroup]
2026-04-17T03:05:13.2557687Z ##[group]Operating System
2026-04-17T03:05:13.2558377Z Ubuntu
2026-04-17T03:05:13.2558862Z 24.04.4
2026-04-17T03:05:13.2559283Z LTS
2026-04-17T03:05:13.2559872Z ##[endgroup]
2026-04-17T03:05:13.2560343Z ##[group]Runner Image
2026-04-17T03:05:13.2561156Z Image: ubuntu-24.04
2026-04-17T03:05:13.2561760Z Version: 20260406.80.1
2026-04-17T03:05:13.2562980Z Included Software: https://github.com/actions/runner-images/blob/ubuntu24/20260406.80/images/ubuntu/Ubuntu2404-Readme.md
2026-04-17T03:05:13.2564449Z Image Release: https://github.com/actions/runner-images/releases/tag/ubuntu24%2F20260406.80
2026-04-17T03:05:13.2565368Z ##[endgroup]
2026-04-17T03:05:13.2566598Z ##[group]GITHUB_TOKEN Permissions
2026-04-17T03:05:13.2568953Z Actions: read
2026-04-17T03:05:13.2569523Z Checks: read
2026-04-17T03:05:13.2570163Z Contents: write
2026-04-17T03:05:13.2570644Z Metadata: read
2026-04-17T03:05:13.2571353Z PullRequests: read
2026-04-17T03:05:13.2571869Z ##[endgroup]
2026-04-17T03:05:13.2574088Z Secret source: Actions
2026-04-17T03:05:13.2574735Z Prepare workflow directory
2026-04-17T03:05:13.2955719Z Prepare all required actions
2026-04-17T03:05:13.2994178Z Getting action download info
2026-04-17T03:05:13.6940073Z Download action repository 'actions/checkout@v4' (SHA:34e114876b0b11c390a56381ad16ebd13914f8d5)
2026-04-17T03:05:13.8335399Z Download action repository 'actions/github-script@v7' (SHA:f28e40c7f34bde8b3046d885e986cb6290c5673b)
2026-04-17T03:05:14.5641151Z Download action repository 'actions/upload-artifact@v4' (SHA:ea165f8d65b6e75b540449e92b4886f43607fa02)
2026-04-17T03:05:14.7930252Z Complete job name: lint-and-test
2026-04-17T03:05:14.8708321Z ##[group]Run actions/checkout@v4
2026-04-17T03:05:14.8709171Z with:
2026-04-17T03:05:14.8709594Z   repository: akarlin3/prismTask
2026-04-17T03:05:14.8710371Z   token: ***
2026-04-17T03:05:14.8711067Z   ssh-strict: true
2026-04-17T03:05:14.8711493Z   ssh-user: git
2026-04-17T03:05:14.8711934Z   persist-credentials: true
2026-04-17T03:05:14.8712430Z   clean: true
2026-04-17T03:05:14.8712861Z   sparse-checkout-cone-mode: true
2026-04-17T03:05:14.8713368Z   fetch-depth: 1
2026-04-17T03:05:14.8713800Z   fetch-tags: false
2026-04-17T03:05:14.8714234Z   show-progress: true
2026-04-17T03:05:14.8714700Z   lfs: false
2026-04-17T03:05:14.8715106Z   submodules: false
2026-04-17T03:05:14.8715528Z   set-safe-directory: true
2026-04-17T03:05:14.8716266Z ##[endgroup]
2026-04-17T03:05:14.9814462Z Syncing repository: akarlin3/prismTask
2026-04-17T03:05:14.9816648Z ##[group]Getting Git version info
2026-04-17T03:05:14.9817390Z Working directory is '/home/runner/work/prismTask/prismTask'
2026-04-17T03:05:14.9818672Z [command]/usr/bin/git version
2026-04-17T03:05:14.9861825Z git version 2.53.0
2026-04-17T03:05:14.9886955Z ##[endgroup]
2026-04-17T03:05:14.9902758Z Temporarily overriding HOME='/home/runner/work/_temp/a00feeef-03a9-43ea-8f05-222bacbd7acc' before making global git config changes
2026-04-17T03:05:14.9905323Z Adding repository directory to the temporary git global config as a safe directory
2026-04-17T03:05:14.9909251Z [command]/usr/bin/git config --global --add safe.directory /home/runner/work/prismTask/prismTask
2026-04-17T03:05:14.9943661Z Deleting the contents of '/home/runner/work/prismTask/prismTask'
2026-04-17T03:05:14.9948376Z ##[group]Initializing the repository
2026-04-17T03:05:14.9953237Z [command]/usr/bin/git init /home/runner/work/prismTask/prismTask
2026-04-17T03:05:15.0012226Z hint: Using 'master' as the name for the initial branch. This default branch name
2026-04-17T03:05:15.0014435Z hint: will change to "main" in Git 3.0. To configure the initial branch name
2026-04-17T03:05:15.0016122Z hint: to use in all of your new repositories, which will suppress this warning,
2026-04-17T03:05:15.0017462Z hint: call:
2026-04-17T03:05:15.0018397Z hint:
2026-04-17T03:05:15.0019271Z hint: 	git config --global init.defaultBranch <name>
2026-04-17T03:05:15.0020323Z hint:
2026-04-17T03:05:15.0021626Z hint: Names commonly chosen instead of 'master' are 'main', 'trunk' and
2026-04-17T03:05:15.0023232Z hint: 'development'. The just-created branch can be renamed via this command:
2026-04-17T03:05:15.0024536Z hint:
2026-04-17T03:05:15.0025246Z hint: 	git branch -m <name>
2026-04-17T03:05:15.0026078Z hint:
2026-04-17T03:05:15.0027168Z hint: Disable this message with "git config set advice.defaultBranchName false"
2026-04-17T03:05:15.0029023Z Initialized empty Git repository in /home/runner/work/prismTask/prismTask/.git/
2026-04-17T03:05:15.0032055Z [command]/usr/bin/git remote add origin https://github.com/akarlin3/prismTask
2026-04-17T03:05:15.0059221Z ##[endgroup]
2026-04-17T03:05:15.0060526Z ##[group]Disabling automatic garbage collection
2026-04-17T03:05:15.0064250Z [command]/usr/bin/git config --local gc.auto 0
2026-04-17T03:05:15.0094923Z ##[endgroup]
2026-04-17T03:05:15.0096086Z ##[group]Setting up auth
2026-04-17T03:05:15.0102528Z [command]/usr/bin/git config --local --name-only --get-regexp core\.sshCommand
2026-04-17T03:05:15.0134954Z [command]/usr/bin/git submodule foreach --recursive sh -c "git config --local --name-only --get-regexp 'core\.sshCommand' && git config --local --unset-all 'core.sshCommand' || :"
2026-04-17T03:05:15.0429797Z [command]/usr/bin/git config --local --name-only --get-regexp http\.https\:\/\/github\.com\/\.extraheader
2026-04-17T03:05:15.0461688Z [command]/usr/bin/git submodule foreach --recursive sh -c "git config --local --name-only --get-regexp 'http\.https\:\/\/github\.com\/\.extraheader' && git config --local --unset-all 'http.https://github.com/.extraheader' || :"
2026-04-17T03:05:15.0703110Z [command]/usr/bin/git config --local --name-only --get-regexp ^includeIf\.gitdir:
2026-04-17T03:05:15.0734528Z [command]/usr/bin/git submodule foreach --recursive git config --local --show-origin --name-only --get-regexp remote.origin.url
2026-04-17T03:05:15.0966199Z [command]/usr/bin/git config --local http.https://github.com/.extraheader AUTHORIZATION: basic ***
2026-04-17T03:05:15.1001232Z ##[endgroup]
2026-04-17T03:05:15.1002160Z ##[group]Fetching the repository
2026-04-17T03:05:15.1009331Z [command]/usr/bin/git -c protocol.version=2 fetch --no-tags --prune --no-recurse-submodules --depth=1 origin +06f2127da24ef57b0e0c118b6df9e28cddbe1955:refs/remotes/pull/502/merge
2026-04-17T03:05:17.9890317Z From https://github.com/akarlin3/prismTask
2026-04-17T03:05:17.9893293Z  * [new ref]         06f2127da24ef57b0e0c118b6df9e28cddbe1955 -> pull/502/merge
2026-04-17T03:05:17.9921889Z ##[endgroup]
2026-04-17T03:05:17.9922872Z ##[group]Determining the checkout info
2026-04-17T03:05:17.9924305Z ##[endgroup]
2026-04-17T03:05:17.9929447Z [command]/usr/bin/git sparse-checkout disable
2026-04-17T03:05:17.9967678Z [command]/usr/bin/git config --local --unset-all extensions.worktreeConfig
2026-04-17T03:05:17.9994621Z ##[group]Checking out the ref
2026-04-17T03:05:17.9998565Z [command]/usr/bin/git checkout --progress --force refs/remotes/pull/502/merge
2026-04-17T03:05:18.1433480Z Note: switching to 'refs/remotes/pull/502/merge'.
2026-04-17T03:05:18.1434336Z 
2026-04-17T03:05:18.1435019Z You are in 'detached HEAD' state. You can look around, make experimental
2026-04-17T03:05:18.1436585Z changes and commit them, and you can discard any commits you make in this
2026-04-17T03:05:18.1438145Z state without impacting any branches by switching back to a branch.
2026-04-17T03:05:18.1439059Z 
2026-04-17T03:05:18.1439673Z If you want to create a new branch to retain commits you create, you may
2026-04-17T03:05:18.1441273Z do so (now or later) by using -c with the switch command. Example:
2026-04-17T03:05:18.1442573Z 
2026-04-17T03:05:18.1442923Z   git switch -c <new-branch-name>
2026-04-17T03:05:18.1443454Z 
2026-04-17T03:05:18.1443790Z Or undo this operation with:
2026-04-17T03:05:18.1444318Z 
2026-04-17T03:05:18.1444586Z   git switch -
2026-04-17T03:05:18.1445032Z 
2026-04-17T03:05:18.1445996Z Turn off this advice by setting config variable advice.detachedHead to false
2026-04-17T03:05:18.1447530Z 
2026-04-17T03:05:18.1449192Z HEAD is now at 06f2127 Merge 75eddb23fbf51fd080847ecc125788acba45712a into 530c53839b30a6e8cc6f31dd995b7e1f920f93f7
2026-04-17T03:05:18.1454636Z ##[endgroup]
2026-04-17T03:05:18.1495315Z [command]/usr/bin/git log -1 --format=%H
2026-04-17T03:05:18.1519768Z 06f2127da24ef57b0e0c118b6df9e28cddbe1955
2026-04-17T03:05:18.1922567Z Prepare all required actions
2026-04-17T03:05:18.1923815Z Getting action download info
2026-04-17T03:05:18.3701430Z Download action repository 'actions/setup-java@v4' (SHA:c1e323688fd81a25caa38c78aa6df2d33d3e20d9)
2026-04-17T03:05:19.4305090Z Download action repository 'gradle/actions@v4' (SHA:ed408507eac070d1f99cc633dbcf757c94c7933a)
2026-04-17T03:05:21.1790753Z ##[group]Run ./.github/actions/setup-android
2026-04-17T03:05:21.1791229Z ##[endgroup]
2026-04-17T03:05:21.1954479Z ##[group]Run actions/setup-java@v4
2026-04-17T03:05:21.1954739Z with:
2026-04-17T03:05:21.1954923Z   java-version: 21
2026-04-17T03:05:21.1955120Z   distribution: temurin
2026-04-17T03:05:21.1955332Z   java-package: jdk
2026-04-17T03:05:21.1955524Z   check-latest: false
2026-04-17T03:05:21.1955726Z   server-id: github
2026-04-17T03:05:21.1955918Z   server-username: GITHUB_ACTOR
2026-04-17T03:05:21.1956164Z   server-password: GITHUB_TOKEN
2026-04-17T03:05:21.1956401Z   overwrite-settings: true
2026-04-17T03:05:21.1956677Z   job-status: success
2026-04-17T03:05:21.1956976Z   token: ***
2026-04-17T03:05:21.1957158Z ##[endgroup]
2026-04-17T03:05:21.3942593Z ##[group]Installed distributions
2026-04-17T03:05:21.4194971Z Resolved Java 21.0.10+7 from tool-cache
2026-04-17T03:05:21.4196647Z Setting Java 21.0.10+7 as the default
2026-04-17T03:05:21.4212719Z Creating toolchains.xml for JDK version 21 from temurin
2026-04-17T03:05:21.4318376Z Writing to /home/runner/.m2/toolchains.xml
2026-04-17T03:05:21.4318873Z 
2026-04-17T03:05:21.4320189Z Java configuration:
2026-04-17T03:05:21.4321995Z   Distribution: temurin
2026-04-17T03:05:21.4322299Z   Version: 21.0.10+7
2026-04-17T03:05:21.4325261Z   Path: /opt/hostedtoolcache/Java_Temurin-Hotspot_jdk/21.0.10-7/x64
2026-04-17T03:05:21.4325728Z 
2026-04-17T03:05:21.4326419Z ##[endgroup]
2026-04-17T03:05:21.4343683Z Creating settings.xml with server-id: github
2026-04-17T03:05:21.4351287Z Writing to /home/runner/.m2/settings.xml
2026-04-17T03:05:21.4563513Z ##[group]Run gradle/actions/setup-gradle@v4
2026-04-17T03:05:21.4563787Z with:
2026-04-17T03:05:21.4563967Z   cache-disabled: false
2026-04-17T03:05:21.4564183Z   cache-read-only: true
2026-04-17T03:05:21.4564394Z   cache-write-only: false
2026-04-17T03:05:21.4564623Z   cache-overwrite-existing: false
2026-04-17T03:05:21.4564887Z   cache-cleanup: on-success
2026-04-17T03:05:21.4565153Z   gradle-home-cache-includes: caches
notifications

2026-04-17T03:05:21.4565447Z   add-job-summary: always
2026-04-17T03:05:21.4565673Z   add-job-summary-as-pr-comment: never
2026-04-17T03:05:21.4565944Z   dependency-graph: disabled
2026-04-17T03:05:21.4566224Z   dependency-graph-report-dir: dependency-graph-reports
2026-04-17T03:05:21.4566564Z   dependency-graph-continue-on-failure: true
2026-04-17T03:05:21.4566844Z   build-scan-publish: false
2026-04-17T03:05:21.4567061Z   validate-wrappers: true
2026-04-17T03:05:21.4567289Z   allow-snapshot-wrappers: false
2026-04-17T03:05:21.4567539Z   gradle-home-cache-strict-match: false
2026-04-17T03:05:21.4567803Z   workflow-job-context: null
2026-04-17T03:05:21.4568185Z   github-token: ***
2026-04-17T03:05:21.4568383Z env:
2026-04-17T03:05:21.4568668Z   JAVA_HOME: /opt/hostedtoolcache/Java_Temurin-Hotspot_jdk/21.0.10-7/x64
2026-04-17T03:05:21.4569140Z   JAVA_HOME_21_X64: /opt/hostedtoolcache/Java_Temurin-Hotspot_jdk/21.0.10-7/x64
2026-04-17T03:05:21.4569660Z ##[endgroup]
2026-04-17T03:05:22.4042639Z Merged default JDK locations into /home/runner/.m2/toolchains.xml
2026-04-17T03:05:22.4045772Z ##[group]Restore Gradle state from cache
2026-04-17T03:05:22.6089869Z Cache hit for restore-key: gradle-home-v1|Linux-X64|lint-and-test[5df42585ae8f8da228c604b8b4e8707c]-e4a7920e402d6c3f159f92a31b1d4a74350031be
2026-04-17T03:05:23.8223211Z Received 29360128 of 250716591 (11.7%), 28.0 MBs/sec
2026-04-17T03:05:24.8282030Z Received 176160768 of 250716591 (70.3%), 83.8 MBs/sec
2026-04-17T03:05:25.1907708Z Received 250716591 of 250716591 (100.0%), 101.0 MBs/sec
2026-04-17T03:05:25.1911269Z Cache Size: ~239 MB (250716591 B)
2026-04-17T03:05:25.1938935Z [command]/usr/bin/tar -xf /home/runner/work/_temp/c92abb06-a42f-44c4-a92c-935dfb828d6d/cache.tzst -P -C /home/runner/work/prismTask/prismTask --use-compress-program unzstd
2026-04-17T03:05:25.7512117Z Cache restored successfully
2026-04-17T03:05:25.7633812Z Restored cache entry with key gradle-home-v1|Linux-X64|lint-and-test[5df42585ae8f8da228c604b8b4e8707c]-06f2127da24ef57b0e0c118b6df9e28cddbe1955 to /home/runner/.gradle/caches,/home/runner/.gradle/notifications,/home/runner/.gradle/.setup-gradle in 3358ms
2026-04-17T03:05:25.9929880Z Cache hit for: gradle-dependencies-v1-117fbe653ac5533442942123eb8053be
2026-04-17T03:05:25.9941824Z Cache hit for: gradle-kotlin-dsl-v1-026d7846925ed29b8795992e8d79083e
2026-04-17T03:05:25.9947028Z Cache hit for: gradle-transforms-v1-c97e75dca206aa047cf0157a127d7d71
2026-04-17T03:05:25.9952107Z Cache hit for: gradle-instrumented-jars-v1-da27189608cc64b8ccdc1e8234084779
2026-04-17T03:05:26.0048174Z Cache hit for: gradle-generated-gradle-jars-v1-cb4b032a7d08b9bf1e84e9eacaebcc29
2026-04-17T03:05:26.0087405Z Cache hit for: gradle-groovy-dsl-v1-28b9a41f693ba754e53f6f5a3dfc445c
2026-04-17T03:05:26.0105355Z Cache hit for: gradle-wrapper-zips-v1-8c0de4c6bda6041d6e054bf825a89c98
2026-04-17T03:05:26.5359058Z Received 60531 of 60531 (100.0%), 0.2 MBs/sec
2026-04-17T03:05:26.5359877Z Cache Size: ~0 MB (60531 B)
2026-04-17T03:05:26.5381907Z [command]/usr/bin/tar -xf /home/runner/work/_temp/98550745-0d62-48ce-9e47-5749592a5d34/cache.tzst -P -C /home/runner/work/prismTask/prismTask --use-compress-program unzstd
2026-04-17T03:05:26.5499747Z Cache restored successfully
2026-04-17T03:05:26.5502118Z Restored cache entry with key gradle-instrumented-jars-v1-da27189608cc64b8ccdc1e8234084779 to /home/runner/.gradle/caches/jars-*/*/ in 785ms
2026-04-17T03:05:26.5878024Z Received 91211 of 91211 (100.0%), 0.3 MBs/sec
2026-04-17T03:05:26.5878590Z Cache Size: ~0 MB (91211 B)
2026-04-17T03:05:26.5906218Z [command]/usr/bin/tar -xf /home/runner/work/_temp/5aa89f93-e6a3-4ecc-8358-1e6298894cc5/cache.tzst -P -C /home/runner/work/prismTask/prismTask --use-compress-program unzstd
2026-04-17T03:05:26.6036512Z Cache restored successfully
2026-04-17T03:05:26.6038092Z Restored cache entry with key gradle-groovy-dsl-v1-28b9a41f693ba754e53f6f5a3dfc445c to /home/runner/.gradle/caches/*/groovy-dsl/*/ in 837ms
2026-04-17T03:05:26.6347635Z Received 166730 of 166730 (100.0%), 0.4 MBs/sec
2026-04-17T03:05:26.6348060Z Cache Size: ~0 MB (166730 B)
2026-04-17T03:05:26.6516829Z [command]/usr/bin/tar -xf /home/runner/work/_temp/b79a0ac2-0dea-43d3-85bd-1faf92bafa7f/cache.tzst -P -C /home/runner/work/prismTask/prismTask --use-compress-program unzstd
2026-04-17T03:05:26.7163627Z Cache restored successfully
2026-04-17T03:05:26.7184493Z Restored cache entry with key gradle-kotlin-dsl-v1-026d7846925ed29b8795992e8d79083e to /home/runner/.gradle/caches/*/kotlin-dsl/accessors/*/,/home/runner/.gradle/caches/*/kotlin-dsl/scripts/*/ in 952ms
2026-04-17T03:05:27.1998632Z Received 25165824 of 834528743 (3.0%), 24.0 MBs/sec
2026-04-17T03:05:27.2231991Z Received 16777216 of 237711386 (7.1%), 16.0 MBs/sec
2026-04-17T03:05:27.2430261Z Received 16777216 of 41993404 (40.0%), 16.0 MBs/sec
2026-04-17T03:05:27.2555211Z Received 16777216 of 136352669 (12.3%), 16.0 MBs/sec
2026-04-17T03:05:27.5744802Z Received 41993404 of 41993404 (100.0%), 30.1 MBs/sec
2026-04-17T03:05:27.5747682Z Cache Size: ~40 MB (41993404 B)
2026-04-17T03:05:27.6625405Z [command]/usr/bin/tar -xf /home/runner/work/_temp/baeeb27b-2cbb-4bff-86eb-78655ae24767/cache.tzst -P -C /home/runner/work/prismTask/prismTask --use-compress-program unzstd
2026-04-17T03:05:28.0349142Z Cache restored successfully
2026-04-17T03:05:28.0377914Z Restored cache entry with key gradle-generated-gradle-jars-v1-cb4b032a7d08b9bf1e84e9eacaebcc29 to /home/runner/.gradle/caches/9.3.1/generated-gradle-jars/gradle-api-9.3.1.jar in 2273ms
2026-04-17T03:05:28.2006394Z Received 134217728 of 834528743 (16.1%), 64.0 MBs/sec
2026-04-17T03:05:28.2228410Z Received 134217728 of 237711386 (56.5%), 64.0 MBs/sec
2026-04-17T03:05:28.2640624Z Received 134217728 of 136352669 (98.4%), 63.6 MBs/sec
2026-04-17T03:05:28.4008924Z Received 136352669 of 136352669 (100.0%), 60.5 MBs/sec
2026-04-17T03:05:28.4011227Z Cache Size: ~130 MB (136352669 B)
2026-04-17T03:05:28.4127704Z [command]/usr/bin/tar -xf /home/runner/work/_temp/041099ee-d0f8-43eb-ace6-a681a6ab274d/cache.tzst -P -C /home/runner/work/prismTask/prismTask --use-compress-program unzstd
2026-04-17T03:05:28.7611291Z Cache restored successfully
2026-04-17T03:05:28.7741153Z Restored cache entry with key gradle-wrapper-zips-v1-8c0de4c6bda6041d6e054bf825a89c98 to /home/runner/.gradle/wrapper/dists/gradle-9.3.1-bin/23ovyewtku6u96viwx3xl3oks in 3008ms
2026-04-17T03:05:28.9132938Z Received 237711386 of 237711386 (100.0%), 84.2 MBs/sec
2026-04-17T03:05:28.9133800Z Cache Size: ~227 MB (237711386 B)
2026-04-17T03:05:28.9300757Z [command]/usr/bin/tar -xf /home/runner/work/_temp/5f1b0420-2d47-4909-b454-34a2a4193c9b/cache.tzst -P -C /home/runner/work/prismTask/prismTask --use-compress-program unzstd
2026-04-17T03:05:29.2139086Z Received 268435456 of 834528743 (32.2%), 84.9 MBs/sec
2026-04-17T03:05:30.2200475Z Received 402653184 of 834528743 (48.2%), 95.5 MBs/sec
2026-04-17T03:05:31.2250430Z Received 536870912 of 834528743 (64.3%), 101.9 MBs/sec
2026-04-17T03:05:31.7992144Z Cache restored successfully
2026-04-17T03:05:31.8167185Z Restored cache entry with key gradle-transforms-v1-c97e75dca206aa047cf0157a127d7d71 to /home/runner/.gradle/caches/transforms-4/*/,/home/runner/.gradle/caches/*/transforms/*/ in 6050ms
2026-04-17T03:05:32.2254223Z Received 704643072 of 834528743 (84.4%), 111.5 MBs/sec
2026-04-17T03:05:33.0192820Z Received 834528743 of 834528743 (100.0%), 116.7 MBs/sec
2026-04-17T03:05:33.0195629Z Cache Size: ~796 MB (834528743 B)
2026-04-17T03:05:33.0313532Z [command]/usr/bin/tar -xf /home/runner/work/_temp/8d37c4bc-c510-49ce-818a-99b312baed10/cache.tzst -P -C /home/runner/work/prismTask/prismTask --use-compress-program unzstd
2026-04-17T03:05:34.6795041Z Cache restored successfully
2026-04-17T03:05:34.7186378Z Restored cache entry with key gradle-dependencies-v1-117fbe653ac5533442942123eb8053be to /home/runner/.gradle/caches/modules-*/files-*/*/*/*/* in 8953ms
2026-04-17T03:05:34.7908711Z ##[endgroup]
2026-04-17T03:05:34.8163597Z ##[group]All Gradle Wrapper jars are valid
2026-04-17T03:05:34.8164747Z ✓ Found known Gradle Wrapper JAR files:
2026-04-17T03:05:34.8165682Z   b3a875ddc1f044746e1b1a55f645584505f4a10438c1afea9f15e92a7c42ec13 gradle/wrapper/gradle-wrapper.jar
2026-04-17T03:05:34.8166729Z ##[endgroup]
2026-04-17T03:05:34.8338543Z ##[group]Run chmod +x gradlew
2026-04-17T03:05:34.8338913Z [36;1mchmod +x gradlew[0m
2026-04-17T03:05:34.8367358Z shell: /usr/bin/bash --noprofile --norc -e -o pipefail {0}
2026-04-17T03:05:34.8367744Z env:
2026-04-17T03:05:34.8368089Z   JAVA_HOME: /opt/hostedtoolcache/Java_Temurin-Hotspot_jdk/21.0.10-7/x64
2026-04-17T03:05:34.8368648Z   JAVA_HOME_21_X64: /opt/hostedtoolcache/Java_Temurin-Hotspot_jdk/21.0.10-7/x64
2026-04-17T03:05:34.8369124Z   GRADLE_ACTION_ID: gradle/actions/setup-gradle
2026-04-17T03:05:34.8369473Z   GRADLE_USER_HOME: /home/runner/.gradle
2026-04-17T03:05:34.8369791Z   GRADLE_BUILD_ACTION_SETUP_COMPLETED: true
2026-04-17T03:05:34.8370128Z   GRADLE_BUILD_ACTION_CACHE_RESTORED: true
2026-04-17T03:05:34.8371186Z   DEVELOCITY_INJECTION_INIT_SCRIPT_NAME: gradle-actions.inject-develocity.init.gradle
2026-04-17T03:05:34.8371739Z   DEVELOCITY_INJECTION_CUSTOM_VALUE: gradle-actions
2026-04-17T03:05:34.8372095Z   GITHUB_DEPENDENCY_GRAPH_ENABLED: false
2026-04-17T03:05:34.8372397Z ##[endgroup]
2026-04-17T03:05:34.8493867Z ##[group]Run ./gradlew ktlintCheck --continue
2026-04-17T03:05:34.8494274Z [36;1m./gradlew ktlintCheck --continue[0m
2026-04-17T03:05:34.8515816Z shell: /usr/bin/bash -e {0}
2026-04-17T03:05:34.8516104Z env:
2026-04-17T03:05:34.8516455Z   JAVA_HOME: /opt/hostedtoolcache/Java_Temurin-Hotspot_jdk/21.0.10-7/x64
2026-04-17T03:05:34.8516991Z   JAVA_HOME_21_X64: /opt/hostedtoolcache/Java_Temurin-Hotspot_jdk/21.0.10-7/x64
2026-04-17T03:05:34.8517447Z   GRADLE_ACTION_ID: gradle/actions/setup-gradle
2026-04-17T03:05:34.8517785Z   GRADLE_USER_HOME: /home/runner/.gradle
2026-04-17T03:05:34.8518097Z   GRADLE_BUILD_ACTION_SETUP_COMPLETED: true
2026-04-17T03:05:34.8518431Z   GRADLE_BUILD_ACTION_CACHE_RESTORED: true
2026-04-17T03:05:34.8518917Z   DEVELOCITY_INJECTION_INIT_SCRIPT_NAME: gradle-actions.inject-develocity.init.gradle
2026-04-17T03:05:34.8519424Z   DEVELOCITY_INJECTION_CUSTOM_VALUE: gradle-actions
2026-04-17T03:05:34.8519774Z   GITHUB_DEPENDENCY_GRAPH_ENABLED: false
2026-04-17T03:05:34.8520119Z ##[endgroup]
2026-04-17T03:05:36.6369071Z Starting a Gradle Daemon (subsequent builds will be faster)
2026-04-17T03:05:40.2381339Z Configuration on demand is an incubating feature.
2026-04-17T03:05:46.9395506Z 
2026-04-17T03:05:46.9438124Z > Configure project :app
2026-04-17T03:05:46.9439117Z WARNING: The option setting 'android.builtInKotlin=false' is deprecated.
2026-04-17T03:05:46.9440058Z The current default is 'true'.
2026-04-17T03:05:46.9441030Z It will be removed in version 10.0 of the Android Gradle plugin.
2026-04-17T03:05:46.9443452Z WARNING: The option setting 'android.newDsl=false' is deprecated.
2026-04-17T03:05:46.9467400Z The current default is 'true'.
2026-04-17T03:05:46.9468354Z It will be removed in version 10.0 of the Android Gradle plugin.
2026-04-17T03:05:46.9469661Z WARNING: The option setting 'android.dependency.excludeLibraryComponentsFromConstraints=true' is deprecated.
2026-04-17T03:05:46.9471010Z The current default is 'false'.
2026-04-17T03:05:46.9471881Z It will be removed in version 10.0 of the Android Gradle plugin.
2026-04-17T03:05:46.9472774Z Following can be set instead to achieve a similar behaviour.
2026-04-17T03:05:46.9473570Z     android.dependency.useConstraints=false
2026-04-17T03:05:48.4381424Z w: ⚠️ Deprecated 'org.jetbrains.kotlin.android' plugin usage
2026-04-17T03:05:48.4382907Z The 'org.jetbrains.kotlin.android' plugin in project ':app' is no longer required for Kotlin support since AGP 9.0.
2026-04-17T03:05:48.4393501Z Solution: Remove both `android.builtInKotlin=true` and `android.newDsl=false` from `gradle.properties`, then migrate to built-in Kotlin.
2026-04-17T03:05:48.4395106Z See https://kotl.in/gradle/agp-built-in-kotlin for more details.
2026-04-17T03:05:48.4395856Z 
2026-04-17T03:05:48.7381508Z 
2026-04-17T03:05:48.7411911Z > Task :app:loadKtlintReporters FROM-CACHE
2026-04-17T03:05:48.7423261Z > Task :app:runKtlintCheckOverAndroidTestDebugSourceSet NO-SOURCE
2026-04-17T03:05:48.7461777Z > Task :app:ktlintAndroidTestDebugSourceSetCheck SKIPPED
2026-04-17T03:05:48.7475681Z > Task :app:runKtlintCheckOverAndroidTestReleaseSourceSet NO-SOURCE
2026-04-17T03:05:48.7492011Z > Task :app:ktlintAndroidTestReleaseSourceSetCheck SKIPPED
2026-04-17T03:05:48.7492810Z > Task :app:runKtlintCheckOverAndroidTestSourceSet FROM-CACHE
2026-04-17T03:05:48.7493293Z > Task :app:ktlintAndroidTestSourceSetCheck FROM-CACHE
2026-04-17T03:05:48.7493694Z > Task :app:runKtlintCheckOverDebugSourceSet NO-SOURCE
2026-04-17T03:05:48.7494077Z > Task :app:ktlintDebugSourceSetCheck SKIPPED
2026-04-17T03:05:48.7494463Z > Task :app:runKtlintCheckOverKotlinScripts FROM-CACHE
2026-04-17T03:05:48.7494835Z > Task :app:ktlintKotlinScriptCheck FROM-CACHE
2026-04-17T03:05:48.9392894Z > Task :app:runKtlintCheckOverReleaseSourceSet NO-SOURCE
2026-04-17T03:05:48.9421817Z > Task :app:ktlintReleaseSourceSetCheck SKIPPED
2026-04-17T03:05:48.9451494Z > Task :app:runKtlintCheckOverTestDebugSourceSet NO-SOURCE
2026-04-17T03:05:48.9452384Z > Task :app:ktlintTestDebugSourceSetCheck SKIPPED
2026-04-17T03:05:48.9453526Z > Task :app:runKtlintCheckOverTestFixturesDebugSourceSet NO-SOURCE
2026-04-17T03:05:48.9454353Z > Task :app:ktlintTestFixturesDebugSourceSetCheck SKIPPED
2026-04-17T03:05:48.9455145Z > Task :app:runKtlintCheckOverTestFixturesReleaseSourceSet NO-SOURCE
2026-04-17T03:05:48.9456027Z > Task :app:ktlintTestFixturesReleaseSourceSetCheck SKIPPED
2026-04-17T03:05:48.9456970Z > Task :app:runKtlintCheckOverTestFixturesSourceSet NO-SOURCE
2026-04-17T03:05:48.9457690Z > Task :app:ktlintTestFixturesSourceSetCheck SKIPPED
2026-04-17T03:05:48.9458413Z > Task :app:runKtlintCheckOverTestReleaseSourceSet NO-SOURCE
2026-04-17T03:05:48.9459124Z > Task :app:ktlintTestReleaseSourceSetCheck SKIPPED
2026-04-17T03:05:49.0376293Z > Task :app:runKtlintCheckOverTestSourceSet FROM-CACHE
2026-04-17T03:05:49.0407620Z > Task :app:ktlintTestSourceSetCheck FROM-CACHE
2026-04-17T03:06:06.2365213Z > Task :app:runKtlintCheckOverMainSourceSet
2026-04-17T03:06:06.2366335Z > Task :app:ktlintMainSourceSetCheck FROM-CACHE
2026-04-17T03:06:06.2367139Z > Task :app:ktlintCheck UP-TO-DATE
2026-04-17T03:06:06.2368297Z gradle/actions: Writing build results to /home/runner/work/_temp/.gradle-actions/build-results/__run-1776395142383.json
2026-04-17T03:06:06.2369257Z 
2026-04-17T03:06:06.2370177Z [Incubating] Problems report is available at: file:///home/runner/work/prismTask/prismTask/build/reports/problems/problems-report.html
2026-04-17T03:06:06.2371514Z 
2026-04-17T03:06:06.2372123Z Deprecated Gradle features were used in this build, making it incompatible with Gradle 10.
2026-04-17T03:06:06.2372906Z 
2026-04-17T03:06:06.2373816Z You can use '--warning-mode all' to show the individual deprecation warnings and determine if they come from your own scripts or plugins.
2026-04-17T03:06:06.2374883Z 
2026-04-17T03:06:06.2375986Z For more on this, please refer to https://docs.gradle.org/9.3.1/userguide/command_line_interface.html#sec:command_line_warnings in the Gradle documentation.
2026-04-17T03:06:06.2377152Z 
2026-04-17T03:06:06.2377485Z BUILD SUCCESSFUL in 31s
2026-04-17T03:06:06.2378109Z 9 actionable tasks: 1 executed, 8 from cache
2026-04-17T03:06:06.6381992Z ##[group]Run ./gradlew detekt --continue
2026-04-17T03:06:06.6382468Z [36;1m./gradlew detekt --continue[0m
2026-04-17T03:06:06.6405116Z shell: /usr/bin/bash -e {0}
2026-04-17T03:06:06.6405406Z env:
2026-04-17T03:06:06.6405755Z   JAVA_HOME: /opt/hostedtoolcache/Java_Temurin-Hotspot_jdk/21.0.10-7/x64
2026-04-17T03:06:06.6406301Z   JAVA_HOME_21_X64: /opt/hostedtoolcache/Java_Temurin-Hotspot_jdk/21.0.10-7/x64
2026-04-17T03:06:06.6406758Z   GRADLE_ACTION_ID: gradle/actions/setup-gradle
2026-04-17T03:06:06.6407098Z   GRADLE_USER_HOME: /home/runner/.gradle
2026-04-17T03:06:06.6407435Z   GRADLE_BUILD_ACTION_SETUP_COMPLETED: true
2026-04-17T03:06:06.6407794Z   GRADLE_BUILD_ACTION_CACHE_RESTORED: true
2026-04-17T03:06:06.6408268Z   DEVELOCITY_INJECTION_INIT_SCRIPT_NAME: gradle-actions.inject-develocity.init.gradle
2026-04-17T03:06:06.6408780Z   DEVELOCITY_INJECTION_CUSTOM_VALUE: gradle-actions
2026-04-17T03:06:06.6409128Z   GITHUB_DEPENDENCY_GRAPH_ENABLED: false
2026-04-17T03:06:06.6409473Z ##[endgroup]
2026-04-17T03:06:07.4084553Z Configuration on demand is an incubating feature.
2026-04-17T03:06:07.8071944Z 
2026-04-17T03:06:07.8102096Z > Configure project :app
2026-04-17T03:06:07.8131862Z WARNING: The option setting 'android.builtInKotlin=false' is deprecated.
2026-04-17T03:06:07.8132917Z The current default is 'true'.
2026-04-17T03:06:07.8148111Z It will be removed in version 10.0 of the Android Gradle plugin.
2026-04-17T03:06:07.8149100Z WARNING: The option setting 'android.newDsl=false' is deprecated.
2026-04-17T03:06:07.8149883Z The current default is 'true'.
2026-04-17T03:06:07.8150688Z It will be removed in version 10.0 of the Android Gradle plugin.
2026-04-17T03:06:07.8152511Z WARNING: The option setting 'android.dependency.excludeLibraryComponentsFromConstraints=true' is deprecated.
2026-04-17T03:06:07.8157258Z The current default is 'false'.
2026-04-17T03:06:07.8158005Z It will be removed in version 10.0 of the Android Gradle plugin.
2026-04-17T03:06:07.8159051Z Following can be set instead to achieve a similar behaviour.
2026-04-17T03:06:07.8159967Z     android.dependency.useConstraints=false
2026-04-17T03:06:07.8161352Z w: ⚠️ Deprecated 'org.jetbrains.kotlin.android' plugin usage
2026-04-17T03:06:07.8162458Z The 'org.jetbrains.kotlin.android' plugin in project ':app' is no longer required for Kotlin support since AGP 9.0.
2026-04-17T03:06:07.8164053Z Solution: Remove both `android.builtInKotlin=true` and `android.newDsl=false` from `gradle.properties`, then migrate to built-in Kotlin.
2026-04-17T03:06:07.8165349Z See https://kotl.in/gradle/agp-built-in-kotlin for more details.
2026-04-17T03:06:07.8165980Z 
2026-04-17T03:06:37.0468251Z 
2026-04-17T03:06:37.0491994Z > Task :app:detekt
2026-04-17T03:06:37.0493109Z gradle/actions: Writing build results to /home/runner/work/_temp/.gradle-actions/build-results/__run_2-1776395167322.json
2026-04-17T03:06:37.0493994Z 
2026-04-17T03:06:37.0497825Z [Incubating] Problems report is available at: file:///home/runner/work/prismTask/prismTask/build/reports/problems/problems-report.html
2026-04-17T03:06:37.0502183Z 
2026-04-17T03:06:37.0503149Z Deprecated Gradle features were used in this build, making it incompatible with Gradle 10.
2026-04-17T03:06:37.0503885Z 
2026-04-17T03:06:37.0504691Z You can use '--warning-mode all' to show the individual deprecation warnings and determine if they come from your own scripts or plugins.
2026-04-17T03:06:37.0505704Z 
2026-04-17T03:06:37.0506554Z For more on this, please refer to https://docs.gradle.org/9.3.1/userguide/command_line_interface.html#sec:command_line_warnings in the Gradle documentation.
2026-04-17T03:06:37.0507514Z 
2026-04-17T03:06:37.0507810Z BUILD SUCCESSFUL in 30s
2026-04-17T03:06:37.0508296Z 1 actionable task: 1 executed
2026-04-17T03:06:37.0635411Z ##[group]Run ./gradlew lint --continue
2026-04-17T03:06:37.0635788Z [36;1m./gradlew lint --continue[0m
2026-04-17T03:06:37.0658376Z shell: /usr/bin/bash -e {0}
2026-04-17T03:06:37.0658651Z env:
2026-04-17T03:06:37.0658997Z   JAVA_HOME: /opt/hostedtoolcache/Java_Temurin-Hotspot_jdk/21.0.10-7/x64
2026-04-17T03:06:37.0659525Z   JAVA_HOME_21_X64: /opt/hostedtoolcache/Java_Temurin-Hotspot_jdk/21.0.10-7/x64
2026-04-17T03:06:37.0659970Z   GRADLE_ACTION_ID: gradle/actions/setup-gradle
2026-04-17T03:06:37.0660306Z   GRADLE_USER_HOME: /home/runner/.gradle
2026-04-17T03:06:37.0660624Z   GRADLE_BUILD_ACTION_SETUP_COMPLETED: true
2026-04-17T03:06:37.0661137Z   GRADLE_BUILD_ACTION_CACHE_RESTORED: true
2026-04-17T03:06:37.0661597Z   DEVELOCITY_INJECTION_INIT_SCRIPT_NAME: gradle-actions.inject-develocity.init.gradle
2026-04-17T03:06:37.0662091Z   DEVELOCITY_INJECTION_CUSTOM_VALUE: gradle-actions
2026-04-17T03:06:37.0662443Z   GITHUB_DEPENDENCY_GRAPH_ENABLED: false
2026-04-17T03:06:37.0662787Z ##[endgroup]
2026-04-17T03:06:37.8377489Z Configuration on demand is an incubating feature.
2026-04-17T03:06:38.1361529Z 
2026-04-17T03:06:38.1407106Z > Configure project :app
2026-04-17T03:06:38.1407886Z WARNING: The option setting 'android.builtInKotlin=false' is deprecated.
2026-04-17T03:06:38.1424927Z The current default is 'true'.
2026-04-17T03:06:38.1425858Z It will be removed in version 10.0 of the Android Gradle plugin.
2026-04-17T03:06:38.1426840Z WARNING: The option setting 'android.newDsl=false' is deprecated.
2026-04-17T03:06:38.1427662Z The current default is 'true'.
2026-04-17T03:06:38.1428415Z It will be removed in version 10.0 of the Android Gradle plugin.
2026-04-17T03:06:38.1429678Z WARNING: The option setting 'android.dependency.excludeLibraryComponentsFromConstraints=true' is deprecated.
2026-04-17T03:06:38.1431187Z The current default is 'false'.
2026-04-17T03:06:38.1432044Z It will be removed in version 10.0 of the Android Gradle plugin.
2026-04-17T03:06:38.1433482Z Following can be set instead to achieve a similar behaviour.
2026-04-17T03:06:38.1434327Z     android.dependency.useConstraints=false
2026-04-17T03:06:38.1435529Z w: ⚠️ Deprecated 'org.jetbrains.kotlin.android' plugin usage
2026-04-17T03:06:38.1436787Z The 'org.jetbrains.kotlin.android' plugin in project ':app' is no longer required for Kotlin support since AGP 9.0.
2026-04-17T03:06:38.1438479Z Solution: Remove both `android.builtInKotlin=true` and `android.newDsl=false` from `gradle.properties`, then migrate to built-in Kotlin.
2026-04-17T03:06:38.1439903Z See https://kotl.in/gradle/agp-built-in-kotlin for more details.
2026-04-17T03:06:38.1440579Z 
2026-04-17T03:06:39.1351868Z 
2026-04-17T03:06:39.1392127Z > Task :app:checkKotlinGradlePluginConfigurationErrors SKIPPED
2026-04-17T03:06:39.1405148Z > Task :app:preBuild UP-TO-DATE
2026-04-17T03:06:39.1431763Z > Task :app:preDebugBuild UP-TO-DATE
2026-04-17T03:06:39.1452497Z > Task :app:generateDebugBuildConfig FROM-CACHE
2026-04-17T03:06:39.1453418Z > Task :app:generateDebugResValues FROM-CACHE
2026-04-17T03:06:39.1454342Z > Task :app:generateDebugResources FROM-CACHE
2026-04-17T03:06:39.1455167Z > Task :app:injectCrashlyticsMappingFileIdDebug
2026-04-17T03:06:39.1455975Z > Task :app:processDebugGoogleServices FROM-CACHE
2026-04-17T03:06:39.1456774Z > Task :app:packageDebugResources FROM-CACHE
2026-04-17T03:06:39.5349066Z > Task :app:processDebugNavigationResources FROM-CACHE
2026-04-17T03:06:39.9349340Z > Task :app:parseDebugLocalResources FROM-CACHE
2026-04-17T03:06:39.9370466Z > Task :app:generateDebugRFile FROM-CACHE
2026-04-17T03:06:40.6381066Z > Task :app:javaPreCompileDebug FROM-CACHE
2026-04-17T03:06:40.8352199Z > Task :app:mapDebugSourceSetPaths
2026-04-17T03:06:40.8370072Z > Task :app:checkDebugAarMetadata
2026-04-17T03:06:40.8372661Z > Task :app:compileDebugNavigationResources FROM-CACHE
2026-04-17T03:06:41.0363776Z > Task :app:mergeDebugResources FROM-CACHE
2026-04-17T03:06:41.0365140Z > Task :app:createDebugCompatibleScreenManifests
2026-04-17T03:06:41.1363989Z > Task :app:extractDeepLinksDebug FROM-CACHE
2026-04-17T03:06:41.2362282Z > Task :app:processDebugMainManifest FROM-CACHE
2026-04-17T03:06:41.2379144Z > Task :app:processDebugManifest FROM-CACHE
2026-04-17T03:06:41.2396348Z > Task :app:processDebugManifestForPackage FROM-CACHE
2026-04-17T03:06:41.5352214Z > Task :app:processDebugResources FROM-CACHE
2026-04-17T03:06:41.5371630Z > Task :app:preDebugAndroidTestBuild SKIPPED
2026-04-17T03:06:41.5372349Z > Task :app:generateDebugAndroidTestResValues FROM-CACHE
2026-04-17T03:06:41.6346639Z > Task :app:extractProguardFiles
2026-04-17T03:06:41.6358154Z > Task :app:preDebugUnitTestBuild UP-TO-DATE
2026-04-17T03:07:09.9368028Z > Task :app:kspDebugKotlin
2026-04-17T03:07:13.5363556Z e: [ksp] /home/runner/work/prismTask/prismTask/app/src/main/java/com/averycorp/prismtask/data/local/dao/SchoolworkDao.kt:14: [MissingType]: Element 'com.averycorp.prismtask.data.local.dao.SchoolworkDao' references a type that is not present
2026-04-17T03:07:13.5383305Z e: [ksp] /home/runner/work/prismTask/prismTask/app/src/main/java/com/averycorp/prismtask/data/local/dao/FocusReleaseLogDao.kt:8: [MissingType]: Element 'com.averycorp.prismtask.data.local.dao.FocusReleaseLogDao' references a type that is not present
2026-04-17T03:07:13.5392960Z e: [ksp] androidx.room.RoomKspProcessor was unable to process 'com.averycorp.prismtask.data.local.database.PrismTaskDatabase' because not all of its dependencies could be resolved. Check for compilation errors or a circular dependency with generated code.
2026-04-17T03:07:13.8345130Z 
2026-04-17T03:07:13.8346025Z > Task :app:kspDebugKotlin FAILED
2026-04-17T03:07:13.8347312Z gradle/actions: Writing build results to /home/runner/work/_temp/.gradle-actions/build-results/__run_3-1776395197757.json
2026-04-17T03:07:13.8348274Z 
2026-04-17T03:07:13.8349172Z [Incubating] Problems report is available at: file:///home/runner/work/prismTask/prismTask/build/reports/problems/problems-report.html
2026-04-17T03:07:13.8353380Z 
2026-04-17T03:07:13.8377746Z FAILURE: Build failed with an exception.
2026-04-17T03:07:13.8378142Z 
2026-04-17T03:07:13.8378989Z Deprecated Gradle features were used in this build, making it incompatible with Gradle 10.
2026-04-17T03:07:13.8379892Z 
2026-04-17T03:07:13.8381295Z You can use '--warning-mode all' to show the individual deprecation warnings and determine if they come from your own scripts or plugins.
2026-04-17T03:07:13.8382408Z 
2026-04-17T03:07:13.8383469Z For more on this, please refer to https://docs.gradle.org/9.3.1/userguide/command_line_interface.html#sec:command_line_warnings in the Gradle documentation.
2026-04-17T03:07:13.8384882Z 23 actionable tasks: 6 executed, 17 from cache
2026-04-17T03:07:13.8391058Z 
2026-04-17T03:07:13.8401894Z * What went wrong:
2026-04-17T03:07:13.8402561Z Execution failed for task ':app:kspDebugKotlin'.
2026-04-17T03:07:13.8403654Z > A failure occurred while executing com.google.devtools.ksp.gradle.KspAAWorkerAction
2026-04-17T03:07:13.8404778Z    > KSP failed with exit code: PROCESSING_ERROR
2026-04-17T03:07:13.8405352Z 
2026-04-17T03:07:13.8405663Z * Try:
2026-04-17T03:07:13.8406318Z > Run with --stacktrace option to get the stack trace.
2026-04-17T03:07:13.8407163Z > Run with --info or --debug option to get more log output.
2026-04-17T03:07:13.8408144Z > Run with --scan to get full insights from a Build Scan (powered by Develocity).
2026-04-17T03:07:13.8409066Z > Get more help at https://help.gradle.org.
2026-04-17T03:07:13.8409608Z 
2026-04-17T03:07:13.8409939Z BUILD FAILED in 36s
2026-04-17T03:07:14.0695719Z ##[error]Process completed with exit code 1.
2026-04-17T03:07:14.0769329Z ##[group]Run set -euo pipefail
2026-04-17T03:07:14.0769874Z [36;1mset -euo pipefail[0m
2026-04-17T03:07:14.0770339Z [36;1mshopt -s globstar nullglob[0m
2026-04-17T03:07:14.0771119Z [36;1mxmls=(app/build/test-results/**/*.xml)[0m
2026-04-17T03:07:14.0771658Z [36;1mif [ ${#xmls[@]} -eq 0 ]; then[0m
2026-04-17T03:07:14.0772490Z [36;1m  echo "::error::No JUnit XML results found under app/build/test-results/. Did the test task run?"[0m
2026-04-17T03:07:14.0773294Z [36;1m  exit 1[0m
2026-04-17T03:07:14.0773638Z [36;1mfi[0m
2026-04-17T03:07:14.0773957Z [36;1mfailed=0[0m
2026-04-17T03:07:14.0774309Z [36;1mfor f in "${xmls[@]}"; do[0m
2026-04-17T03:07:14.0774993Z [36;1m  fails=$(grep -oE 'failures="[0-9]+"' "$f" | head -n1 | grep -oE '[0-9]+' || echo 0)[0m
2026-04-17T03:07:14.0775819Z [36;1m  errs=$(grep -oE 'errors="[0-9]+"' "$f" | head -n1 | grep -oE '[0-9]+' || echo 0)[0m
2026-04-17T03:07:14.0776614Z [36;1m  if [ "${fails:-0}" -gt 0 ] || [ "${errs:-0}" -gt 0 ]; then[0m
2026-04-17T03:07:14.0777319Z [36;1m    echo "::error file=${f}::${fails} failure(s), ${errs} error(s) in ${f}"[0m
2026-04-17T03:07:14.0778000Z [36;1m    failed=$((failed + fails + errs))[0m
2026-04-17T03:07:14.0778507Z [36;1m  fi[0m
2026-04-17T03:07:14.0778853Z [36;1mdone[0m
2026-04-17T03:07:14.0779223Z [36;1mif [ "$failed" -gt 0 ]; then[0m
2026-04-17T03:07:14.0780165Z [36;1m  echo "::error::${failed} unit-test failure(s)/error(s) detected. See annotations and the test-results artifact."[0m
2026-04-17T03:07:14.0781293Z [36;1m  exit 1[0m
2026-04-17T03:07:14.0781653Z [36;1mfi[0m
2026-04-17T03:07:14.0782101Z [36;1mecho "All ${#xmls[@]} JUnit XML reports clean."[0m
2026-04-17T03:07:14.0813527Z shell: /usr/bin/bash --noprofile --norc -e -o pipefail {0}
2026-04-17T03:07:14.0814107Z env:
2026-04-17T03:07:14.0814641Z   JAVA_HOME: /opt/hostedtoolcache/Java_Temurin-Hotspot_jdk/21.0.10-7/x64
2026-04-17T03:07:14.0815548Z   JAVA_HOME_21_X64: /opt/hostedtoolcache/Java_Temurin-Hotspot_jdk/21.0.10-7/x64
2026-04-17T03:07:14.0816296Z   GRADLE_ACTION_ID: gradle/actions/setup-gradle
2026-04-17T03:07:14.0816846Z   GRADLE_USER_HOME: /home/runner/.gradle
2026-04-17T03:07:14.0817365Z   GRADLE_BUILD_ACTION_SETUP_COMPLETED: true
2026-04-17T03:07:14.0817898Z   GRADLE_BUILD_ACTION_CACHE_RESTORED: true
2026-04-17T03:07:14.0818702Z   DEVELOCITY_INJECTION_INIT_SCRIPT_NAME: gradle-actions.inject-develocity.init.gradle
2026-04-17T03:07:14.0819891Z   DEVELOCITY_INJECTION_CUSTOM_VALUE: gradle-actions
2026-04-17T03:07:14.0820468Z   GITHUB_DEPENDENCY_GRAPH_ENABLED: false
2026-04-17T03:07:14.0821161Z ##[endgroup]
2026-04-17T03:07:14.0900184Z ##[error]No JUnit XML results found under app/build/test-results/. Did the test task run?
2026-04-17T03:07:14.0903098Z ##[error]Process completed with exit code 1.
2026-04-17T03:07:14.0987625Z ##[group]Run actions/github-script@v7
2026-04-17T03:07:14.0988103Z with:
2026-04-17T03:07:14.0992708Z   script: const fs = require('fs');
let body = '### CI Unit Test Failure\n\n';
try {
  const raw = fs.readFileSync('unit-test-output.log', 'utf8');
  const lines = raw.split('\n');
  const errorLines = lines.filter(l =>
    /\be:\b|FAILED|Compilation error|Unresolved reference|not abstract|does not implement/.test(l)
  );
  const tail = lines.slice(-30).join('\n');
  const errors = errorLines.length > 0
    ? errorLines.join('\n')
    : 'No specific error lines matched. Last 30 lines shown.';
  body += '**Error lines:**\n```\n' + errors.slice(0, 2000) + '\n```\n';
  body += '\n**Build tail:**\n```\n' + tail.slice(0, 2000) + '\n```';
} catch (e) {
  body += 'Could not read unit-test-output.log: ' + e.message;
}
await github.rest.issues.createComment({
  owner: context.repo.owner,
  repo: context.repo.repo,
  issue_number: context.issue.number,
  body
});

2026-04-17T03:07:14.0997656Z   github-token: ***
2026-04-17T03:07:14.0998031Z   debug: false
2026-04-17T03:07:14.0998417Z   user-agent: actions/github-script
2026-04-17T03:07:14.0998917Z   result-encoding: json
2026-04-17T03:07:14.0999292Z   retries: 0
2026-04-17T03:07:14.0999694Z   retry-exempt-status-codes: 400,401,403,404,422
2026-04-17T03:07:14.1000199Z env:
2026-04-17T03:07:14.1000701Z   JAVA_HOME: /opt/hostedtoolcache/Java_Temurin-Hotspot_jdk/21.0.10-7/x64
2026-04-17T03:07:14.1001698Z   JAVA_HOME_21_X64: /opt/hostedtoolcache/Java_Temurin-Hotspot_jdk/21.0.10-7/x64
2026-04-17T03:07:14.1002420Z   GRADLE_ACTION_ID: gradle/actions/setup-gradle
2026-04-17T03:07:14.1002956Z   GRADLE_USER_HOME: /home/runner/.gradle
2026-04-17T03:07:14.1003456Z   GRADLE_BUILD_ACTION_SETUP_COMPLETED: true
2026-04-17T03:07:14.1003965Z   GRADLE_BUILD_ACTION_CACHE_RESTORED: true
2026-04-17T03:07:14.1004721Z   DEVELOCITY_INJECTION_INIT_SCRIPT_NAME: gradle-actions.inject-develocity.init.gradle
2026-04-17T03:07:14.1005541Z   DEVELOCITY_INJECTION_CUSTOM_VALUE: gradle-actions
2026-04-17T03:07:14.1006090Z   GITHUB_DEPENDENCY_GRAPH_ENABLED: false
2026-04-17T03:07:14.1006556Z ##[endgroup]
2026-04-17T03:07:14.6029556Z RequestError [HttpError]: Resource not accessible by integration
2026-04-17T03:07:14.6030679Z     at /home/runner/work/_actions/actions/github-script/v7/dist/index.js:9537:21
2026-04-17T03:07:14.6032159Z     at process.processTicksAndRejections (node:internal/process/task_queues:95:5)
2026-04-17T03:07:14.6034432Z ##[error]Unhandled error: HttpError: Resource not accessible by integration
2026-04-17T03:07:14.6036981Z     at async eval (eval at callAsyncFunction (/home/runner/work/_actions/actions/github-script/v7/dist/index.js:36187:16), <anonymous>:20:1)
2026-04-17T03:07:14.6038427Z     at async main (/home/runner/work/_actions/actions/github-script/v7/dist/index.js:36285:20) {
2026-04-17T03:07:14.6039352Z   status: 403,
2026-04-17T03:07:14.6039853Z   response: {
2026-04-17T03:07:14.6040505Z     url: 'https://api.github.com/repos/akarlin3/prismTask/issues/502/comments',
2026-04-17T03:07:14.6041511Z     status: 403,
2026-04-17T03:07:14.6041991Z     headers: {
2026-04-17T03:07:14.6042498Z       'access-control-allow-origin': '*',
2026-04-17T03:07:14.6044858Z       'access-control-expose-headers': 'ETag, Link, Location, Retry-After, X-GitHub-OTP, X-RateLimit-Limit, X-RateLimit-Remaining, X-RateLimit-Used, X-RateLimit-Resource, X-RateLimit-Reset, X-OAuth-Scopes, X-Accepted-OAuth-Scopes, X-Poll-Interval, X-GitHub-Media-Type, X-GitHub-SSO, X-GitHub-Request-Id, Deprecation, Sunset',
2026-04-17T03:07:14.6047266Z       'content-encoding': 'gzip',
2026-04-17T03:07:14.6048460Z       'content-security-policy': "default-src 'none'",
2026-04-17T03:07:14.6049248Z       'content-type': 'application/json; charset=utf-8',
2026-04-17T03:07:14.6050004Z       date: 'Fri, 17 Apr 2026 03:07:14 GMT',
2026-04-17T03:07:14.6051095Z       'referrer-policy': 'origin-when-cross-origin, strict-origin-when-cross-origin',
2026-04-17T03:07:14.6052032Z       server: 'github.com',
2026-04-17T03:07:14.6053180Z       'strict-transport-security': 'max-age=31536000; includeSubdomains; preload',
2026-04-17T03:07:14.6054103Z       'transfer-encoding': 'chunked',
2026-04-17T03:07:14.6054818Z       vary: 'Accept-Encoding, Accept, X-Requested-With',
2026-04-17T03:07:14.6055719Z       'x-accepted-github-permissions': 'issues=write; pull_requests=write',
2026-04-17T03:07:14.6056561Z       'x-content-type-options': 'nosniff',
2026-04-17T03:07:14.6057181Z       'x-frame-options': 'deny',
2026-04-17T03:07:14.6057929Z       'x-github-api-version-selected': '2022-11-28',
2026-04-17T03:07:14.6058709Z       'x-github-media-type': 'github.v3; format=json',
2026-04-17T03:07:14.6059525Z       'x-github-request-id': 'D008:8207:786170:1EA5313:69E1A3E2',
2026-04-17T03:07:14.6060275Z       'x-ratelimit-limit': '5000',
2026-04-17T03:07:14.6061070Z       'x-ratelimit-remaining': '4874',
2026-04-17T03:07:14.6061727Z       'x-ratelimit-reset': '1776395262',
2026-04-17T03:07:14.6062365Z       'x-ratelimit-resource': 'core',
2026-04-17T03:07:14.6063011Z       'x-ratelimit-used': '126',
2026-04-17T03:07:14.6063621Z       'x-xss-protection': '0'
2026-04-17T03:07:14.6064186Z     },
2026-04-17T03:07:14.6064648Z     data: {
2026-04-17T03:07:14.6065230Z       message: 'Resource not accessible by integration',
2026-04-17T03:07:14.6066244Z       documentation_url: 'https://docs.github.com/rest/issues/comments#create-an-issue-comment',
2026-04-17T03:07:14.6067179Z       status: '403'
2026-04-17T03:07:14.6067673Z     }
2026-04-17T03:07:14.6068120Z   },
2026-04-17T03:07:14.6068566Z   request: {
2026-04-17T03:07:14.6069067Z     method: 'POST',
2026-04-17T03:07:14.6069804Z     url: 'https://api.github.com/repos/akarlin3/prismTask/issues/502/comments',
2026-04-17T03:07:14.6070647Z     headers: {
2026-04-17T03:07:14.6071390Z       accept: 'application/vnd.github.v3+json',
2026-04-17T03:07:14.6072324Z       'user-agent': 'actions/github-script octokit-core.js/5.0.1 Node.js/20.20.1 (linux; x64)',
2026-04-17T03:07:14.6073271Z       authorization: 'token [REDACTED]',
2026-04-17T03:07:14.6073971Z       'content-type': 'application/json; charset=utf-8'
2026-04-17T03:07:14.6074754Z     },
2026-04-17T03:07:14.6075854Z     body: `{"body":"### CI Unit Test Failure\\n\\nCould not read unit-test-output.log: ENOENT: no such file or directory, open 'unit-test-output.log'"}`,
2026-04-17T03:07:14.6077127Z     request: {
2026-04-17T03:07:14.6077633Z       agent: [Agent],
2026-04-17T03:07:14.6078204Z       fetch: [Function: proxyFetch],
2026-04-17T03:07:14.6078867Z       hook: [Function: bound bound register]
2026-04-17T03:07:14.6079492Z     }
2026-04-17T03:07:14.6079992Z   }
2026-04-17T03:07:14.6080453Z }
2026-04-17T03:07:14.6754116Z ##[group]Run actions/upload-artifact@v4
2026-04-17T03:07:14.6754455Z with:
2026-04-17T03:07:14.6754691Z   name: lint-report
2026-04-17T03:07:14.6754985Z   path: app/build/reports/lint-results-debug.html
2026-04-17T03:07:14.6755317Z   retention-days: 7
2026-04-17T03:07:14.6755563Z   if-no-files-found: warn
2026-04-17T03:07:14.6755830Z   compression-level: 6
2026-04-17T03:07:14.6756172Z   overwrite: false
2026-04-17T03:07:14.6756444Z   include-hidden-files: false
2026-04-17T03:07:14.6756719Z env:
2026-04-17T03:07:14.6757046Z   JAVA_HOME: /opt/hostedtoolcache/Java_Temurin-Hotspot_jdk/21.0.10-7/x64
2026-04-17T03:07:14.6757561Z   JAVA_HOME_21_X64: /opt/hostedtoolcache/Java_Temurin-Hotspot_jdk/21.0.10-7/x64
2026-04-17T03:07:14.6758007Z   GRADLE_ACTION_ID: gradle/actions/setup-gradle
2026-04-17T03:07:14.6758340Z   GRADLE_USER_HOME: /home/runner/.gradle
2026-04-17T03:07:14.6758657Z   GRADLE_BUILD_ACTION_SETUP_COMPLETED: true
2026-04-17T03:07:14.6759251Z   GRADLE_BUILD_ACTION_CACHE_RESTORED: true
2026-04-17T03:07:14.6759755Z   DEVELOCITY_INJECTION_INIT_SCRIPT_NAME: gradle-actions.inject-develocity.init.gradle
2026-04-17T03:07:14.6760254Z   DEVELOCITY_INJECTION_CUSTOM_VALUE: gradle-actions
2026-04-17T03:07:14.6760603Z   GITHUB_DEPENDENCY_GRAPH_ENABLED: false
2026-04-17T03:07:14.6761203Z ##[endgroup]
2026-04-17T03:07:14.8905385Z ##[warning]No files were found with the provided path: app/build/reports/lint-results-debug.html. No artifacts will be uploaded.
2026-04-17T03:07:14.9037222Z ##[group]Run actions/upload-artifact@v4
2026-04-17T03:07:14.9037554Z with:
2026-04-17T03:07:14.9037775Z   name: detekt-report
2026-04-17T03:07:14.9038043Z   path: app/build/reports/detekt/
2026-04-17T03:07:14.9038329Z   retention-days: 7
2026-04-17T03:07:14.9038566Z   if-no-files-found: warn
2026-04-17T03:07:14.9038831Z   compression-level: 6
2026-04-17T03:07:14.9039073Z   overwrite: false
2026-04-17T03:07:14.9039314Z   include-hidden-files: false
2026-04-17T03:07:14.9039603Z env:
2026-04-17T03:07:14.9039937Z   JAVA_HOME: /opt/hostedtoolcache/Java_Temurin-Hotspot_jdk/21.0.10-7/x64
2026-04-17T03:07:14.9040450Z   JAVA_HOME_21_X64: /opt/hostedtoolcache/Java_Temurin-Hotspot_jdk/21.0.10-7/x64
2026-04-17T03:07:14.9041156Z   GRADLE_ACTION_ID: gradle/actions/setup-gradle
2026-04-17T03:07:14.9041490Z   GRADLE_USER_HOME: /home/runner/.gradle
2026-04-17T03:07:14.9041797Z   GRADLE_BUILD_ACTION_SETUP_COMPLETED: true
2026-04-17T03:07:14.9042122Z   GRADLE_BUILD_ACTION_CACHE_RESTORED: true
2026-04-17T03:07:14.9042625Z   DEVELOCITY_INJECTION_INIT_SCRIPT_NAME: gradle-actions.inject-develocity.init.gradle
2026-04-17T03:07:14.9043113Z   DEVELOCITY_INJECTION_CUSTOM_VALUE: gradle-actions
2026-04-17T03:07:14.9043456Z   GITHUB_DEPENDENCY_GRAPH_ENABLED: false
2026-04-17T03:07:14.9043747Z ##[endgroup]
2026-04-17T03:07:15.1364067Z With the provided path, there will be 2 files uploaded
2026-04-17T03:07:15.1368598Z Artifact name is valid!
2026-04-17T03:07:15.1369823Z Root directory input is valid!
2026-04-17T03:07:15.3743707Z Beginning upload of artifact content to blob storage
2026-04-17T03:07:15.5931796Z Uploaded bytes 4197
2026-04-17T03:07:15.6495906Z Finished uploading artifact content to blob storage!
2026-04-17T03:07:15.6498328Z SHA256 digest of uploaded artifact zip is be8a1b5ebaba58a850075c7a8032d92693fef2195c8c67a6f0c34d353d57a221
2026-04-17T03:07:15.6500437Z Finalizing artifact upload
2026-04-17T03:07:15.7971538Z Artifact detekt-report.zip successfully finalized. Artifact ID 6487965274
2026-04-17T03:07:15.7972869Z Artifact detekt-report has been successfully uploaded! Final size is 4197 bytes. Artifact ID is 6487965274
2026-04-17T03:07:15.7980565Z Artifact download URL: https://github.com/akarlin3/prismTask/actions/runs/24545554297/artifacts/6487965274
2026-04-17T03:07:15.8103067Z ##[group]Run actions/upload-artifact@v4
2026-04-17T03:07:15.8103405Z with:
2026-04-17T03:07:15.8103629Z   name: test-results
2026-04-17T03:07:15.8103894Z   path: app/build/test-results/
2026-04-17T03:07:15.8104208Z   retention-days: 7
2026-04-17T03:07:15.8104455Z   if-no-files-found: warn
2026-04-17T03:07:15.8104725Z   compression-level: 6
2026-04-17T03:07:15.8104993Z   overwrite: false
2026-04-17T03:07:15.8105243Z   include-hidden-files: false
2026-04-17T03:07:15.8105513Z env:
2026-04-17T03:07:15.8105852Z   JAVA_HOME: /opt/hostedtoolcache/Java_Temurin-Hotspot_jdk/21.0.10-7/x64
2026-04-17T03:07:15.8106377Z   JAVA_HOME_21_X64: /opt/hostedtoolcache/Java_Temurin-Hotspot_jdk/21.0.10-7/x64
2026-04-17T03:07:15.8106834Z   GRADLE_ACTION_ID: gradle/actions/setup-gradle
2026-04-17T03:07:15.8107173Z   GRADLE_USER_HOME: /home/runner/.gradle
2026-04-17T03:07:15.8107492Z   GRADLE_BUILD_ACTION_SETUP_COMPLETED: true
2026-04-17T03:07:15.8107823Z   GRADLE_BUILD_ACTION_CACHE_RESTORED: true
2026-04-17T03:07:15.8108342Z   DEVELOCITY_INJECTION_INIT_SCRIPT_NAME: gradle-actions.inject-develocity.init.gradle
2026-04-17T03:07:15.8108848Z   DEVELOCITY_INJECTION_CUSTOM_VALUE: gradle-actions
2026-04-17T03:07:15.8109199Z   GITHUB_DEPENDENCY_GRAPH_ENABLED: false
2026-04-17T03:07:15.8109692Z ##[endgroup]
2026-04-17T03:07:16.0362480Z ##[warning]No files were found with the provided path: app/build/test-results/. No artifacts will be uploaded.
2026-04-17T03:07:16.0533665Z Post job cleanup.
2026-04-17T03:07:16.0629242Z Post job cleanup.
2026-04-17T03:07:16.3656835Z In post-action step
2026-04-17T03:07:16.3666253Z Cache is read-only: will not save state for use in subsequent builds.
2026-04-17T03:07:16.3673307Z Generating Job Summary
2026-04-17T03:07:16.3696608Z Completed post-action step
2026-04-17T03:07:16.3848992Z Post job cleanup.
2026-04-17T03:07:16.5602036Z Post job cleanup.
2026-04-17T03:07:16.6573107Z [command]/usr/bin/git version
2026-04-17T03:07:16.6616576Z git version 2.53.0
2026-04-17T03:07:16.6657082Z Temporarily overriding HOME='/home/runner/work/_temp/212919a8-1bf9-4cdf-89cf-cad4120ce496' before making global git config changes
2026-04-17T03:07:16.6657909Z Adding repository directory to the temporary git global config as a safe directory
2026-04-17T03:07:16.6663966Z [command]/usr/bin/git config --global --add safe.directory /home/runner/work/prismTask/prismTask
2026-04-17T03:07:16.6698765Z [command]/usr/bin/git config --local --name-only --get-regexp core\.sshCommand
2026-04-17T03:07:16.6731926Z [command]/usr/bin/git submodule foreach --recursive sh -c "git config --local --name-only --get-regexp 'core\.sshCommand' && git config --local --unset-all 'core.sshCommand' || :"
2026-04-17T03:07:16.6967431Z [command]/usr/bin/git config --local --name-only --get-regexp http\.https\:\/\/github\.com\/\.extraheader
2026-04-17T03:07:16.6989004Z http.https://github.com/.extraheader
2026-04-17T03:07:16.7001459Z [command]/usr/bin/git config --local --unset-all http.https://github.com/.extraheader
2026-04-17T03:07:16.7032872Z [command]/usr/bin/git submodule foreach --recursive sh -c "git config --local --name-only --get-regexp 'http\.https\:\/\/github\.com\/\.extraheader' && git config --local --unset-all 'http.https://github.com/.extraheader' || :"
2026-04-17T03:07:16.7262224Z [command]/usr/bin/git config --local --name-only --get-regexp ^includeIf\.gitdir:
2026-04-17T03:07:16.7293565Z [command]/usr/bin/git submodule foreach --recursive git config --local --show-origin --name-only --get-regexp remote.origin.url
2026-04-17T03:07:16.7638505Z Cleaning up orphan processes
2026-04-17T03:07:16.7981135Z Terminate orphan process: pid (2531) (java)
2026-04-17T03:07:16.8000317Z ##[warning]Node.js 20 actions are deprecated. The following actions are running on Node.js 20 and may not work as expected: actions/checkout@v4, actions/github-script@v7, actions/setup-java@v4, actions/upload-artifact@v4, gradle/actions/setup-gradle@v4. Actions will be forced to run with Node.js 24 by default starting June 2nd, 2026. Node.js 20 will be removed from the runner on September 16th, 2026. Please check if updated versions of these actions are available that support Node.js 24. To opt into Node.js 24 now, set the FORCE_JAVASCRIPT_ACTIONS_TO_NODE24=true environment variable on the runner or in your workflow file. Once Node.js 24 becomes the default, you can temporarily opt out by setting ACTIONS_ALLOW_USE_UNSECURE_NODE_VERSION=true. For more information see: https://github.blog/changelog/2025-09-19-deprecation-of-node-20-on-github-actions-runners/
