=== CI FAILURE ===
Workflow:      Android CI
Workflow file: akarlin3/prismTask/.github/workflows/android-ci.yml@refs/pull/628/merge
Job(s):        lint-and-test
Run ID:        24762542102
Run attempt:   1
Run URL:       https://github.com/akarlin3/prismTask/actions/runs/24762542102
Commit:        e06a00bd2c282ef932f2f25bd4e6238167893a15
Branch:        628/merge
Event:         pull_request
Actor:         akarlin3
Runner OS:     Linux
Timestamp:     2026-04-22T05:53:38.486Z

Failed steps:
  - lint-and-test: #2 Run actions/checkout@v4 | #5 detekt | #6 Android lint | #8 Verify unit-test results (XML) | #9 Post failure details to PR

=== FAILED JOB LOG ===

--- Job: lint-and-test (id 72449511320) ---
2026-04-22T05:52:55.6696240Z Current runner version: '2.333.1'
2026-04-22T05:52:55.6723909Z ##[group]Runner Image Provisioner
2026-04-22T05:52:55.6724860Z Hosted Compute Agent
2026-04-22T05:52:55.6725365Z Version: 20260213.493
2026-04-22T05:52:55.6726035Z Commit: 5c115507f6dd24b8de37d8bbe0bb4509d0cc0fa3
2026-04-22T05:52:55.6727123Z Build Date: 2026-02-13T00:28:41Z
2026-04-22T05:52:55.6727820Z Worker ID: {6efd57a8-3b79-4111-a723-11c4fad61807}
2026-04-22T05:52:55.6728589Z Azure Region: centralus
2026-04-22T05:52:55.6729131Z ##[endgroup]
2026-04-22T05:52:55.6730570Z ##[group]Operating System
2026-04-22T05:52:55.6731142Z Ubuntu
2026-04-22T05:52:55.6731714Z 24.04.4
2026-04-22T05:52:55.6732165Z LTS
2026-04-22T05:52:55.6732725Z ##[endgroup]
2026-04-22T05:52:55.6733286Z ##[group]Runner Image
2026-04-22T05:52:55.6733851Z Image: ubuntu-24.04
2026-04-22T05:52:55.6734332Z Version: 20260413.86.1
2026-04-22T05:52:55.6735737Z Included Software: https://github.com/actions/runner-images/blob/ubuntu24/20260413.86/images/ubuntu/Ubuntu2404-Readme.md
2026-04-22T05:52:55.6737438Z Image Release: https://github.com/actions/runner-images/releases/tag/ubuntu24%2F20260413.86
2026-04-22T05:52:55.6738414Z ##[endgroup]
2026-04-22T05:52:55.6739680Z ##[group]GITHUB_TOKEN Permissions
2026-04-22T05:52:55.6742247Z Actions: read
2026-04-22T05:52:55.6742771Z Checks: read
2026-04-22T05:52:55.6743329Z Contents: write
2026-04-22T05:52:55.6743846Z Metadata: read
2026-04-22T05:52:55.6744385Z PullRequests: read
2026-04-22T05:52:55.6744978Z ##[endgroup]
2026-04-22T05:52:55.6747406Z Secret source: Actions
2026-04-22T05:52:55.6748350Z Prepare workflow directory
2026-04-22T05:52:55.7083194Z Prepare all required actions
2026-04-22T05:52:55.7122661Z Getting action download info
2026-04-22T05:52:56.1033316Z Download action repository 'actions/checkout@v4' (SHA:34e114876b0b11c390a56381ad16ebd13914f8d5)
2026-04-22T05:52:56.2345003Z Download action repository 'actions/github-script@v7' (SHA:f28e40c7f34bde8b3046d885e986cb6290c5673b)
2026-04-22T05:52:56.6723471Z Download action repository 'actions/upload-artifact@v4' (SHA:ea165f8d65b6e75b540449e92b4886f43607fa02)
2026-04-22T05:52:56.8974123Z Complete job name: lint-and-test
2026-04-22T05:52:56.9730756Z ##[group]Run actions/checkout@v4
2026-04-22T05:52:56.9731601Z with:
2026-04-22T05:52:56.9732019Z   ref: fix/medications-di-wiring
2026-04-22T05:52:56.9732546Z   repository: akarlin3/prismTask
2026-04-22T05:52:56.9733255Z   token: ***
2026-04-22T05:52:56.9733654Z   ssh-strict: true
2026-04-22T05:52:56.9734070Z   ssh-user: git
2026-04-22T05:52:56.9734497Z   persist-credentials: true
2026-04-22T05:52:56.9734981Z   clean: true
2026-04-22T05:52:56.9735392Z   sparse-checkout-cone-mode: true
2026-04-22T05:52:56.9735907Z   fetch-depth: 1
2026-04-22T05:52:56.9736318Z   fetch-tags: false
2026-04-22T05:52:56.9736914Z   show-progress: true
2026-04-22T05:52:56.9737332Z   lfs: false
2026-04-22T05:52:56.9737715Z   submodules: false
2026-04-22T05:52:56.9738138Z   set-safe-directory: true
2026-04-22T05:52:56.9738935Z ##[endgroup]
2026-04-22T05:52:57.0844439Z Syncing repository: akarlin3/prismTask
2026-04-22T05:52:57.0846656Z ##[group]Getting Git version info
2026-04-22T05:52:57.0847574Z Working directory is '/home/runner/work/prismTask/prismTask'
2026-04-22T05:52:57.0848589Z [command]/usr/bin/git version
2026-04-22T05:52:57.0887271Z git version 2.53.0
2026-04-22T05:52:57.0911165Z ##[endgroup]
2026-04-22T05:52:57.0924928Z Temporarily overriding HOME='/home/runner/work/_temp/f6e49bf3-2caf-4317-bfaf-1a770acac9d1' before making global git config changes
2026-04-22T05:52:57.0927444Z Adding repository directory to the temporary git global config as a safe directory
2026-04-22T05:52:57.0929807Z [command]/usr/bin/git config --global --add safe.directory /home/runner/work/prismTask/prismTask
2026-04-22T05:52:57.0961991Z Deleting the contents of '/home/runner/work/prismTask/prismTask'
2026-04-22T05:52:57.0965324Z ##[group]Initializing the repository
2026-04-22T05:52:57.0969387Z [command]/usr/bin/git init /home/runner/work/prismTask/prismTask
2026-04-22T05:52:57.1026961Z hint: Using 'master' as the name for the initial branch. This default branch name
2026-04-22T05:52:57.1028798Z hint: will change to "main" in Git 3.0. To configure the initial branch name
2026-04-22T05:52:57.1029766Z hint: to use in all of your new repositories, which will suppress this warning,
2026-04-22T05:52:57.1030499Z hint: call:
2026-04-22T05:52:57.1031060Z hint:
2026-04-22T05:52:57.1031562Z hint: 	git config --global init.defaultBranch <name>
2026-04-22T05:52:57.1032219Z hint:
2026-04-22T05:52:57.1032996Z hint: Names commonly chosen instead of 'master' are 'main', 'trunk' and
2026-04-22T05:52:57.1034445Z hint: 'development'. The just-created branch can be renamed via this command:
2026-04-22T05:52:57.1035170Z hint:
2026-04-22T05:52:57.1035561Z hint: 	git branch -m <name>
2026-04-22T05:52:57.1036020Z hint:
2026-04-22T05:52:57.1036822Z hint: Disable this message with "git config set advice.defaultBranchName false"
2026-04-22T05:52:57.1037861Z Initialized empty Git repository in /home/runner/work/prismTask/prismTask/.git/
2026-04-22T05:52:57.1039994Z [command]/usr/bin/git remote add origin https://github.com/akarlin3/prismTask
2026-04-22T05:52:57.1069672Z ##[endgroup]
2026-04-22T05:52:57.1070439Z ##[group]Disabling automatic garbage collection
2026-04-22T05:52:57.1073339Z [command]/usr/bin/git config --local gc.auto 0
2026-04-22T05:52:57.1103020Z ##[endgroup]
2026-04-22T05:52:57.1104090Z ##[group]Setting up auth
2026-04-22T05:52:57.1109156Z [command]/usr/bin/git config --local --name-only --get-regexp core\.sshCommand
2026-04-22T05:52:57.1139745Z [command]/usr/bin/git submodule foreach --recursive sh -c "git config --local --name-only --get-regexp 'core\.sshCommand' && git config --local --unset-all 'core.sshCommand' || :"
2026-04-22T05:52:57.1423138Z [command]/usr/bin/git config --local --name-only --get-regexp http\.https\:\/\/github\.com\/\.extraheader
2026-04-22T05:52:57.1454006Z [command]/usr/bin/git submodule foreach --recursive sh -c "git config --local --name-only --get-regexp 'http\.https\:\/\/github\.com\/\.extraheader' && git config --local --unset-all 'http.https://github.com/.extraheader' || :"
2026-04-22T05:52:57.1684926Z [command]/usr/bin/git config --local --name-only --get-regexp ^includeIf\.gitdir:
2026-04-22T05:52:57.1715924Z [command]/usr/bin/git submodule foreach --recursive git config --local --show-origin --name-only --get-regexp remote.origin.url
2026-04-22T05:52:57.1947455Z [command]/usr/bin/git config --local http.https://github.com/.extraheader AUTHORIZATION: basic ***
2026-04-22T05:52:57.1982674Z ##[endgroup]
2026-04-22T05:52:57.1983904Z ##[group]Fetching the repository
2026-04-22T05:52:57.1993432Z [command]/usr/bin/git -c protocol.version=2 fetch --no-tags --prune --no-recurse-submodules --depth=1 origin +refs/heads/fix/medications-di-wiring*:refs/remotes/origin/fix/medications-di-wiring* +refs/tags/fix/medications-di-wiring*:refs/tags/fix/medications-di-wiring*
2026-04-22T05:52:57.4409431Z The process '/usr/bin/git' failed with exit code 1
2026-04-22T05:52:57.4410950Z Waiting 18 seconds before trying again
2026-04-22T05:53:15.4496874Z [command]/usr/bin/git -c protocol.version=2 fetch --no-tags --prune --no-recurse-submodules --depth=1 origin +refs/heads/fix/medications-di-wiring*:refs/remotes/origin/fix/medications-di-wiring* +refs/tags/fix/medications-di-wiring*:refs/tags/fix/medications-di-wiring*
2026-04-22T05:53:15.6971508Z The process '/usr/bin/git' failed with exit code 1
2026-04-22T05:53:15.6972227Z Waiting 12 seconds before trying again
2026-04-22T05:53:27.6993694Z [command]/usr/bin/git -c protocol.version=2 fetch --no-tags --prune --no-recurse-submodules --depth=1 origin +refs/heads/fix/medications-di-wiring*:refs/remotes/origin/fix/medications-di-wiring* +refs/tags/fix/medications-di-wiring*:refs/tags/fix/medications-di-wiring*
2026-04-22T05:53:27.9437527Z ##[error]The process '/usr/bin/git' failed with exit code 1
2026-04-22T05:53:27.9668225Z ##[group]Run ./gradlew detekt --continue
2026-04-22T05:53:27.9668680Z [36;1m./gradlew detekt --continue[0m
2026-04-22T05:53:27.9695584Z shell: /usr/bin/bash -e {0}
2026-04-22T05:53:27.9696157Z ##[endgroup]
2026-04-22T05:53:27.9766377Z /home/runner/work/_temp/dee682b4-60ff-422a-82d1-31c9ea3bf148.sh: line 1: ./gradlew: No such file or directory
2026-04-22T05:53:27.9773660Z ##[error]Process completed with exit code 127.
2026-04-22T05:53:27.9808497Z ##[group]Run ./gradlew lint --continue
2026-04-22T05:53:27.9808850Z [36;1m./gradlew lint --continue[0m
2026-04-22T05:53:27.9830899Z shell: /usr/bin/bash -e {0}
2026-04-22T05:53:27.9831197Z ##[endgroup]
2026-04-22T05:53:27.9877330Z /home/runner/work/_temp/7c4eaa38-9fc1-4b86-a561-4a0f0d30a45f.sh: line 1: ./gradlew: No such file or directory
2026-04-22T05:53:27.9882549Z ##[error]Process completed with exit code 127.
2026-04-22T05:53:27.9920607Z ##[group]Run set -euo pipefail
2026-04-22T05:53:27.9920966Z [36;1mset -euo pipefail[0m
2026-04-22T05:53:27.9921252Z [36;1mshopt -s globstar nullglob[0m
2026-04-22T05:53:27.9921591Z [36;1mxmls=(app/build/test-results/**/*.xml)[0m
2026-04-22T05:53:27.9921941Z [36;1mif [ ${#xmls[@]} -eq 0 ]; then[0m
2026-04-22T05:53:27.9922447Z [36;1m  echo "::error::No JUnit XML results found under app/build/test-results/. Did the test task run?"[0m
2026-04-22T05:53:27.9922962Z [36;1m  exit 1[0m
2026-04-22T05:53:27.9923204Z [36;1mfi[0m
2026-04-22T05:53:27.9923424Z [36;1mfailed=0[0m
2026-04-22T05:53:27.9923663Z [36;1mfor f in "${xmls[@]}"; do[0m
2026-04-22T05:53:27.9924085Z [36;1m  fails=$(grep -oE 'failures="[0-9]+"' "$f" | head -n1 | grep -oE '[0-9]+' || echo 0)[0m
2026-04-22T05:53:27.9924633Z [36;1m  errs=$(grep -oE 'errors="[0-9]+"' "$f" | head -n1 | grep -oE '[0-9]+' || echo 0)[0m
2026-04-22T05:53:27.9925164Z [36;1m  if [ "${fails:-0}" -gt 0 ] || [ "${errs:-0}" -gt 0 ]; then[0m
2026-04-22T05:53:27.9925661Z [36;1m    echo "::error file=${f}::${fails} failure(s), ${errs} error(s) in ${f}"[0m
2026-04-22T05:53:27.9926072Z [36;1m    failed=$((failed + fails + errs))[0m
2026-04-22T05:53:27.9926378Z [36;1m  fi[0m
2026-04-22T05:53:27.9926798Z [36;1mdone[0m
2026-04-22T05:53:27.9927035Z [36;1mif [ "$failed" -gt 0 ]; then[0m
2026-04-22T05:53:27.9927560Z [36;1m  echo "::error::${failed} unit-test failure(s)/error(s) detected. See annotations and the test-results artifact."[0m
2026-04-22T05:53:27.9928075Z [36;1m  exit 1[0m
2026-04-22T05:53:27.9928293Z [36;1mfi[0m
2026-04-22T05:53:27.9928564Z [36;1mecho "All ${#xmls[@]} JUnit XML reports clean."[0m
2026-04-22T05:53:27.9954087Z shell: /usr/bin/bash --noprofile --norc -e -o pipefail {0}
2026-04-22T05:53:27.9954463Z ##[endgroup]
2026-04-22T05:53:28.0000840Z ##[error]No JUnit XML results found under app/build/test-results/. Did the test task run?
2026-04-22T05:53:28.0002930Z ##[error]Process completed with exit code 1.
2026-04-22T05:53:28.0093090Z ##[group]Run actions/github-script@v7
2026-04-22T05:53:28.0093418Z with:
2026-04-22T05:53:28.0096015Z   script: const fs = require('fs');
let body = '### CI Unit Test Failure\n\n';
try {
  const raw = fs.readFileSync('unit-test-output.log', 'utf8');
  const lines = raw.split('\n');
  const errorLines = lines.filter(l =>
    /\be:\b|FAILED|Compilation error|Unresolved reference|not abstract|does not implement/.test(l)
  );
  const tail = lines.slice(-30).join('\n');
  const errors = errorLines.length > 0
    ? errorLines.join('\n')
    : 'No specific error lines matched. Last 30 lines shown.';
  body += '**Error lines:**\n```\n' + errors.slice(0, 2000) + '\n```\n';
  body += '\n**Build tail:**\n```\n' + tail.slice(0, 2000) + '\n```';
} catch (e) {
  body += 'Could not read unit-test-output.log: ' + e.message;
}
await github.rest.issues.createComment({
  owner: context.repo.owner,
  repo: context.repo.repo,
  issue_number: context.issue.number,
  body
});

2026-04-22T05:53:28.0099174Z   github-token: ***
2026-04-22T05:53:28.0099422Z   debug: false
2026-04-22T05:53:28.0099672Z   user-agent: actions/github-script
2026-04-22T05:53:28.0099964Z   result-encoding: json
2026-04-22T05:53:28.0100211Z   retries: 0
2026-04-22T05:53:28.0100462Z   retry-exempt-status-codes: 400,401,403,404,422
2026-04-22T05:53:28.0100979Z ##[endgroup]
2026-04-22T05:53:28.3376163Z RequestError [HttpError]: Resource not accessible by integration
2026-04-22T05:53:28.3377252Z     at /home/runner/work/_actions/actions/github-script/v7/dist/index.js:9537:21
2026-04-22T05:53:28.3378107Z     at process.processTicksAndRejections (node:internal/process/task_queues:95:5)
2026-04-22T05:53:28.3379297Z     at async eval (eval at callAsyncFunction (/home/runner/work/_actions/actions/github-script/v7/dist/index.js:36187:16), <anonymous>:20:1)
2026-04-22T05:53:28.3380445Z     at async main (/home/runner/work/_actions/actions/github-script/v7/dist/index.js:36285:20) {
2026-04-22T05:53:28.3380875Z   status: 403,
2026-04-22T05:53:28.3381110Z   response: {
2026-04-22T05:53:28.3381475Z     url: 'https://api.github.com/repos/akarlin3/prismTask/issues/628/comments',
2026-04-22T05:53:28.3381893Z     status: 403,
2026-04-22T05:53:28.3382089Z     headers: {
2026-04-22T05:53:28.3382314Z       'access-control-allow-origin': '*',
2026-04-22T05:53:28.3383602Z       'access-control-expose-headers': 'ETag, Link, Location, Retry-After, X-GitHub-OTP, X-RateLimit-Limit, X-RateLimit-Remaining, X-RateLimit-Used, X-RateLimit-Resource, X-RateLimit-Reset, X-OAuth-Scopes, X-Accepted-OAuth-Scopes, X-Poll-Interval, X-GitHub-Media-Type, X-GitHub-SSO, X-GitHub-Request-Id, Deprecation, Sunset',
2026-04-22T05:53:28.3384813Z       'content-encoding': 'gzip',
2026-04-22T05:53:28.3385111Z       'content-security-policy': "default-src 'none'",
2026-04-22T05:53:28.3385477Z       'content-type': 'application/json; charset=utf-8',
2026-04-22T05:53:28.3385796Z       date: 'Wed, 22 Apr 2026 05:53:28 GMT',
2026-04-22T05:53:28.3386211Z       'referrer-policy': 'origin-when-cross-origin, strict-origin-when-cross-origin',
2026-04-22T05:53:28.3386970Z       server: 'github.com',
2026-04-22T05:53:28.3387356Z       'strict-transport-security': 'max-age=31536000; includeSubdomains; preload',
2026-04-22T05:53:28.3387765Z       'transfer-encoding': 'chunked',
2026-04-22T05:53:28.3388095Z       vary: 'Accept-Encoding, Accept, X-Requested-With',
2026-04-22T05:53:28.3388518Z       'x-accepted-github-permissions': 'issues=write; pull_requests=write',
2026-04-22T05:53:28.3388914Z       'x-content-type-options': 'nosniff',
2026-04-22T05:53:28.3389183Z       'x-frame-options': 'deny',
2026-04-22T05:53:28.3389477Z       'x-github-api-version-selected': '2022-11-28',
2026-04-22T05:53:28.3389814Z       'x-github-media-type': 'github.v3; format=json',
2026-04-22T05:53:28.3390189Z       'x-github-request-id': '3100:CDA4A:3CFA26:F536D5:69E86258',
2026-04-22T05:53:28.3390522Z       'x-ratelimit-limit': '5000',
2026-04-22T05:53:28.3390783Z       'x-ratelimit-remaining': '4940',
2026-04-22T05:53:28.3391487Z       'x-ratelimit-reset': '1776839513',
2026-04-22T05:53:28.3391753Z       'x-ratelimit-resource': 'core',
2026-04-22T05:53:28.3392020Z       'x-ratelimit-used': '60',
2026-04-22T05:53:28.3392265Z       'x-xss-protection': '0'
2026-04-22T05:53:28.3392493Z     },
2026-04-22T05:53:28.3392660Z     data: {
2026-04-22T05:53:28.3392906Z       message: 'Resource not accessible by integration',
2026-04-22T05:53:28.3393404Z       documentation_url: 'https://docs.github.com/rest/issues/comments#create-an-issue-comment',
2026-04-22T05:53:28.3393860Z       status: '403'
2026-04-22T05:53:28.3394059Z     }
2026-04-22T05:53:28.3394218Z   },
2026-04-22T05:53:28.3394390Z   request: {
2026-04-22T05:53:28.3394573Z     method: 'POST',
2026-04-22T05:53:28.3394940Z     url: 'https://api.github.com/repos/akarlin3/prismTask/issues/628/comments',
2026-04-22T05:53:28.3395312Z     headers: {
2026-04-22T05:53:28.3395541Z       accept: 'application/vnd.github.v3+json',
2026-04-22T05:53:28.3395983Z       'user-agent': 'actions/github-script octokit-core.js/5.0.1 Node.js/20.20.1 (linux; x64)',
2026-04-22T05:53:28.3396418Z       authorization: 'token [REDACTED]',
2026-04-22T05:53:28.3396919Z       'content-type': 'application/json; charset=utf-8'
2026-04-22T05:53:28.3397206Z     },
2026-04-22T05:53:28.3397747Z     body: `{"body":"### CI Unit Test Failure\\n\\nCould not read unit-test-output.log: ENOENT: no such file or directory, open 'unit-test-output.log'"}`,
2026-04-22T05:53:28.3398473Z     request: {
2026-04-22T05:53:28.3398687Z       agent: [Agent],
2026-04-22T05:53:28.3398939Z       fetch: [Function: proxyFetch],
2026-04-22T05:53:28.3399250Z       hook: [Function: bound bound register]
2026-04-22T05:53:28.3399493Z     }
2026-04-22T05:53:28.3399666Z   }
2026-04-22T05:53:28.3399828Z }
2026-04-22T05:53:28.3400917Z ##[error]Unhandled error: HttpError: Resource not accessible by integration
2026-04-22T05:53:28.4095603Z ##[group]Run actions/upload-artifact@v4
2026-04-22T05:53:28.4095901Z with:
2026-04-22T05:53:28.4096098Z   name: lint-report
2026-04-22T05:53:28.4096344Z   path: app/build/reports/lint-results-debug.html
2026-04-22T05:53:28.4097017Z   retention-days: 7
2026-04-22T05:53:28.4097268Z   if-no-files-found: warn
2026-04-22T05:53:28.4097505Z   compression-level: 6
2026-04-22T05:53:28.4097742Z   overwrite: false
2026-04-22T05:53:28.4098033Z   include-hidden-files: false
2026-04-22T05:53:28.4098280Z ##[endgroup]
2026-04-22T05:53:28.6242041Z ##[warning]No files were found with the provided path: app/build/reports/lint-results-debug.html. No artifacts will be uploaded.
2026-04-22T05:53:28.6379143Z ##[group]Run actions/upload-artifact@v4
2026-04-22T05:53:28.6379423Z with:
2026-04-22T05:53:28.6379616Z   name: detekt-report
2026-04-22T05:53:28.6379837Z   path: app/build/reports/detekt/
2026-04-22T05:53:28.6380085Z   retention-days: 7
2026-04-22T05:53:28.6380295Z   if-no-files-found: warn
2026-04-22T05:53:28.6380514Z   compression-level: 6
2026-04-22T05:53:28.6380725Z   overwrite: false
2026-04-22T05:53:28.6380931Z   include-hidden-files: false
2026-04-22T05:53:28.6381174Z ##[endgroup]
2026-04-22T05:53:28.8487666Z ##[warning]No files were found with the provided path: app/build/reports/detekt/. No artifacts will be uploaded.
2026-04-22T05:53:28.8630255Z ##[group]Run actions/upload-artifact@v4
2026-04-22T05:53:28.8630543Z with:
2026-04-22T05:53:28.8630754Z   name: test-results
2026-04-22T05:53:28.8630973Z   path: app/build/test-results/
2026-04-22T05:53:28.8631222Z   retention-days: 7
2026-04-22T05:53:28.8631433Z   if-no-files-found: warn
2026-04-22T05:53:28.8631668Z   compression-level: 6
2026-04-22T05:53:28.8631874Z   overwrite: false
2026-04-22T05:53:28.8632087Z   include-hidden-files: false
2026-04-22T05:53:28.8632316Z ##[endgroup]
2026-04-22T05:53:29.0732941Z ##[warning]No files were found with the provided path: app/build/test-results/. No artifacts will be uploaded.
2026-04-22T05:53:29.0900820Z Post job cleanup.
2026-04-22T05:53:29.1850005Z [command]/usr/bin/git version
2026-04-22T05:53:29.1886362Z git version 2.53.0
2026-04-22T05:53:29.1934662Z Temporarily overriding HOME='/home/runner/work/_temp/080d6959-70b4-4140-b8bb-fb3d6db0b3bc' before making global git config changes
2026-04-22T05:53:29.1935962Z Adding repository directory to the temporary git global config as a safe directory
2026-04-22T05:53:29.1940818Z [command]/usr/bin/git config --global --add safe.directory /home/runner/work/prismTask/prismTask
2026-04-22T05:53:29.1975294Z [command]/usr/bin/git config --local --name-only --get-regexp core\.sshCommand
2026-04-22T05:53:29.2007602Z [command]/usr/bin/git submodule foreach --recursive sh -c "git config --local --name-only --get-regexp 'core\.sshCommand' && git config --local --unset-all 'core.sshCommand' || :"
2026-04-22T05:53:29.2244304Z [command]/usr/bin/git config --local --name-only --get-regexp http\.https\:\/\/github\.com\/\.extraheader
2026-04-22T05:53:29.2267155Z http.https://github.com/.extraheader
2026-04-22T05:53:29.2280628Z [command]/usr/bin/git config --local --unset-all http.https://github.com/.extraheader
2026-04-22T05:53:29.2312612Z [command]/usr/bin/git submodule foreach --recursive sh -c "git config --local --name-only --get-regexp 'http\.https\:\/\/github\.com\/\.extraheader' && git config --local --unset-all 'http.https://github.com/.extraheader' || :"
2026-04-22T05:53:29.2545915Z [command]/usr/bin/git config --local --name-only --get-regexp ^includeIf\.gitdir:
2026-04-22T05:53:29.2578006Z [command]/usr/bin/git submodule foreach --recursive git config --local --show-origin --name-only --get-regexp remote.origin.url
2026-04-22T05:53:29.2945515Z Cleaning up orphan processes
2026-04-22T05:53:29.3217572Z ##[warning]Node.js 20 actions are deprecated. The following actions are running on Node.js 20 and may not work as expected: actions/checkout@v4, actions/github-script@v7, actions/upload-artifact@v4. Actions will be forced to run with Node.js 24 by default starting June 2nd, 2026. Node.js 20 will be removed from the runner on September 16th, 2026. Please check if updated versions of these actions are available that support Node.js 24. To opt into Node.js 24 now, set the FORCE_JAVASCRIPT_ACTIONS_TO_NODE24=true environment variable on the runner or in your workflow file. Once Node.js 24 becomes the default, you can temporarily opt out by setting ACTIONS_ALLOW_USE_UNSECURE_NODE_VERSION=true. For more information see: https://github.blog/changelog/2025-09-19-deprecation-of-node-20-on-github-actions-runners/
