=== CI FAILURE ===
Workflow:      Android CI
Workflow file: akarlin3/prismTask/.github/workflows/android-ci.yml@refs/pull/693/merge
Job(s):        autofix, lint-and-test
Run ID:        24816244089
Run attempt:   1
Run URL:       https://github.com/akarlin3/prismTask/actions/runs/24816244089
Commit:        d8053d8f25f1270d1c840ec0790f5a51a668160c
Branch:        693/merge
Event:         pull_request
Actor:         akarlin3
Runner OS:     Linux
Timestamp:     2026-04-23T04:11:34.305Z

Failed steps:
  - autofix: #2 Run actions/checkout@v4 | #5 detekt auto-correct
  - lint-and-test: #2 Run actions/checkout@v4 | #5 detekt | #6 Android lint | #8 Verify unit-test results (XML) | #9 Post failure details to PR

=== FAILED JOB LOG ===

--- Job: autofix (id 72631157354) ---
2026-04-23T04:10:32.9353880Z Current runner version: '2.333.1'
2026-04-23T04:10:32.9380483Z ##[group]Runner Image Provisioner
2026-04-23T04:10:32.9381303Z Hosted Compute Agent
2026-04-23T04:10:32.9381862Z Version: 20260415.520
2026-04-23T04:10:32.9382541Z Commit: af089020f5f67b61ccc91db6c07980876c02bf7b
2026-04-23T04:10:32.9383195Z Build Date: 2026-04-15T18:07:08Z
2026-04-23T04:10:32.9383871Z Worker ID: {72a786e1-8ddd-4804-a44a-c7e7414f2c26}
2026-04-23T04:10:32.9384598Z Azure Region: northcentralus
2026-04-23T04:10:32.9385136Z ##[endgroup]
2026-04-23T04:10:32.9386590Z ##[group]Operating System
2026-04-23T04:10:32.9387214Z Ubuntu
2026-04-23T04:10:32.9387697Z 24.04.4
2026-04-23T04:10:32.9388143Z LTS
2026-04-23T04:10:32.9388623Z ##[endgroup]
2026-04-23T04:10:32.9389095Z ##[group]Runner Image
2026-04-23T04:10:32.9390054Z Image: ubuntu-24.04
2026-04-23T04:10:32.9390629Z Version: 20260420.95.1
2026-04-23T04:10:32.9391829Z Included Software: https://github.com/actions/runner-images/blob/ubuntu24/20260420.95/images/ubuntu/Ubuntu2404-Readme.md
2026-04-23T04:10:32.9393296Z Image Release: https://github.com/actions/runner-images/releases/tag/ubuntu24%2F20260420.95
2026-04-23T04:10:32.9394180Z ##[endgroup]
2026-04-23T04:10:32.9395444Z ##[group]GITHUB_TOKEN Permissions
2026-04-23T04:10:32.9397558Z Actions: read
2026-04-23T04:10:32.9398112Z Checks: read
2026-04-23T04:10:32.9398775Z Contents: write
2026-04-23T04:10:32.9399584Z Metadata: read
2026-04-23T04:10:32.9400185Z PullRequests: read
2026-04-23T04:10:32.9400652Z ##[endgroup]
2026-04-23T04:10:32.9402887Z Secret source: Actions
2026-04-23T04:10:32.9403933Z Prepare workflow directory
2026-04-23T04:10:32.9765237Z Prepare all required actions
2026-04-23T04:10:32.9822455Z Getting action download info
2026-04-23T04:10:33.2792168Z Download action repository 'actions/checkout@v4' (SHA:34e114876b0b11c390a56381ad16ebd13914f8d5)
2026-04-23T04:10:34.1576615Z Complete job name: autofix
2026-04-23T04:10:34.2362092Z ##[group]Run actions/checkout@v4
2026-04-23T04:10:34.2363080Z with:
2026-04-23T04:10:34.2363794Z   token: ***
2026-04-23T04:10:34.2364261Z   ref: fix/migration-52-53-test
2026-04-23T04:10:34.2364774Z   fetch-depth: 0
2026-04-23T04:10:34.2365218Z   repository: akarlin3/prismTask
2026-04-23T04:10:34.2365711Z   ssh-strict: true
2026-04-23T04:10:34.2366133Z   ssh-user: git
2026-04-23T04:10:34.2366553Z   persist-credentials: true
2026-04-23T04:10:34.2367023Z   clean: true
2026-04-23T04:10:34.2367455Z   sparse-checkout-cone-mode: true
2026-04-23T04:10:34.2367954Z   fetch-tags: false
2026-04-23T04:10:34.2368372Z   show-progress: true
2026-04-23T04:10:34.2368806Z   lfs: false
2026-04-23T04:10:34.2369210Z   submodules: false
2026-04-23T04:10:34.2370210Z   set-safe-directory: true
2026-04-23T04:10:34.2371402Z ##[endgroup]
2026-04-23T04:10:34.3512071Z Syncing repository: akarlin3/prismTask
2026-04-23T04:10:34.3513979Z ##[group]Getting Git version info
2026-04-23T04:10:34.3514860Z Working directory is '/home/runner/work/prismTask/prismTask'
2026-04-23T04:10:34.3515919Z [command]/usr/bin/git version
2026-04-23T04:10:34.5643734Z git version 2.53.0
2026-04-23T04:10:34.5673857Z ##[endgroup]
2026-04-23T04:10:34.5692043Z Temporarily overriding HOME='/home/runner/work/_temp/78be78f2-852e-40da-bc67-f32c1e061b29' before making global git config changes
2026-04-23T04:10:34.5696080Z Adding repository directory to the temporary git global config as a safe directory
2026-04-23T04:10:34.5699662Z [command]/usr/bin/git config --global --add safe.directory /home/runner/work/prismTask/prismTask
2026-04-23T04:10:34.6112130Z Deleting the contents of '/home/runner/work/prismTask/prismTask'
2026-04-23T04:10:34.6116060Z ##[group]Initializing the repository
2026-04-23T04:10:34.6122170Z [command]/usr/bin/git init /home/runner/work/prismTask/prismTask
2026-04-23T04:10:34.6969888Z hint: Using 'master' as the name for the initial branch. This default branch name
2026-04-23T04:10:34.6973921Z hint: will change to "main" in Git 3.0. To configure the initial branch name
2026-04-23T04:10:34.6977102Z hint: to use in all of your new repositories, which will suppress this warning,
2026-04-23T04:10:34.6980150Z hint: call:
2026-04-23T04:10:34.6981156Z hint:
2026-04-23T04:10:34.6982481Z hint: 	git config --global init.defaultBranch <name>
2026-04-23T04:10:34.6984388Z hint:
2026-04-23T04:10:34.6986152Z hint: Names commonly chosen instead of 'master' are 'main', 'trunk' and
2026-04-23T04:10:34.6989183Z hint: 'development'. The just-created branch can be renamed via this command:
2026-04-23T04:10:34.6991803Z hint:
2026-04-23T04:10:34.6993134Z hint: 	git branch -m <name>
2026-04-23T04:10:34.6994301Z hint:
2026-04-23T04:10:34.6995638Z hint: Disable this message with "git config set advice.defaultBranchName false"
2026-04-23T04:10:34.6997950Z Initialized empty Git repository in /home/runner/work/prismTask/prismTask/.git/
2026-04-23T04:10:34.7003724Z [command]/usr/bin/git remote add origin https://github.com/akarlin3/prismTask
2026-04-23T04:10:34.7313777Z ##[endgroup]
2026-04-23T04:10:34.7316292Z ##[group]Disabling automatic garbage collection
2026-04-23T04:10:34.7318375Z [command]/usr/bin/git config --local gc.auto 0
2026-04-23T04:10:34.7352949Z ##[endgroup]
2026-04-23T04:10:34.7354422Z ##[group]Setting up auth
2026-04-23T04:10:34.7363615Z [command]/usr/bin/git config --local --name-only --get-regexp core\.sshCommand
2026-04-23T04:10:34.7395526Z [command]/usr/bin/git submodule foreach --recursive sh -c "git config --local --name-only --get-regexp 'core\.sshCommand' && git config --local --unset-all 'core.sshCommand' || :"
2026-04-23T04:10:35.0828244Z [command]/usr/bin/git config --local --name-only --get-regexp http\.https\:\/\/github\.com\/\.extraheader
2026-04-23T04:10:35.0864004Z [command]/usr/bin/git submodule foreach --recursive sh -c "git config --local --name-only --get-regexp 'http\.https\:\/\/github\.com\/\.extraheader' && git config --local --unset-all 'http.https://github.com/.extraheader' || :"
2026-04-23T04:10:35.1088612Z [command]/usr/bin/git config --local --name-only --get-regexp ^includeIf\.gitdir:
2026-04-23T04:10:35.1120347Z [command]/usr/bin/git submodule foreach --recursive git config --local --show-origin --name-only --get-regexp remote.origin.url
2026-04-23T04:10:35.1363485Z [command]/usr/bin/git config --local http.https://github.com/.extraheader AUTHORIZATION: basic ***
2026-04-23T04:10:35.1397756Z ##[endgroup]
2026-04-23T04:10:35.1399632Z ##[group]Fetching the repository
2026-04-23T04:10:35.1408293Z [command]/usr/bin/git -c protocol.version=2 fetch --prune --no-recurse-submodules origin +refs/heads/*:refs/remotes/origin/* +refs/tags/*:refs/tags/*
2026-04-23T04:10:53.1023041Z From https://github.com/akarlin3/prismTask
2026-04-23T04:10:53.1024372Z  * [new branch]        chore/changelog-plus-migration-tests -> origin/chore/changelog-plus-migration-tests
2026-04-23T04:10:53.1025563Z  * [new branch]        ci-logs               -> origin/ci-logs
2026-04-23T04:10:53.1026466Z  * [new branch]        feature/nlp-batch-ops -> origin/feature/nlp-batch-ops
2026-04-23T04:10:53.1027665Z  * [new branch]        fix/backfiller-emulator-tracker -> origin/fix/backfiller-emulator-tracker
2026-04-23T04:10:53.1028960Z  * [new branch]        main                  -> origin/main
2026-04-23T04:10:53.1030091Z  * [new branch]        v0.1.0-legacy         -> origin/v0.1.0-legacy
2026-04-23T04:10:53.1031012Z  * [new branch]        v0.2.0-legacy         -> origin/v0.2.0-legacy
2026-04-23T04:10:53.1031887Z  * [new branch]        v0.3.0-legacy         -> origin/v0.3.0-legacy
2026-04-23T04:10:53.1032771Z  * [new branch]        v0.4.0-legacy         -> origin/v0.4.0-legacy
2026-04-23T04:10:53.1033585Z  * [new branch]        v0.5.0-legacy         -> origin/v0.5.0-legacy
2026-04-23T04:10:53.1034343Z  * [new branch]        v0.6.0-legacy         -> origin/v0.6.0-legacy
2026-04-23T04:10:53.1035097Z  * [new branch]        v0.7.0-legacy         -> origin/v0.7.0-legacy
2026-04-23T04:10:53.1035831Z  * [new tag]           v0.1.0                -> v0.1.0
2026-04-23T04:10:53.1036576Z  * [new tag]           v0.2.0                -> v0.2.0
2026-04-23T04:10:53.1037265Z  * [new tag]           v0.3.0                -> v0.3.0
2026-04-23T04:10:53.1038241Z  * [new tag]           v0.4.0                -> v0.4.0
2026-04-23T04:10:53.1038843Z  * [new tag]           v0.5.0                -> v0.5.0
2026-04-23T04:10:53.1039733Z  * [new tag]           v0.7.0                -> v0.7.0
2026-04-23T04:10:53.1040355Z  * [new tag]           v0.7.12               -> v0.7.12
2026-04-23T04:10:53.1040939Z  * [new tag]           v0.7.13               -> v0.7.13
2026-04-23T04:10:53.1041525Z  * [new tag]           v0.7.14               -> v0.7.14
2026-04-23T04:10:53.1042101Z  * [new tag]           v0.7.15               -> v0.7.15
2026-04-23T04:10:53.1042681Z  * [new tag]           v0.7.16               -> v0.7.16
2026-04-23T04:10:53.1043272Z  * [new tag]           v0.7.17               -> v0.7.17
2026-04-23T04:10:53.1043915Z  * [new tag]           v0.7.17-build.2       -> v0.7.17-build.2
2026-04-23T04:10:53.1044644Z  * [new tag]           v0.7.17-build.3       -> v0.7.17-build.3
2026-04-23T04:10:53.1045341Z  * [new tag]           v0.7.17-build.4       -> v0.7.17-build.4
2026-04-23T04:10:53.1046084Z  * [new tag]           v0.7.17-build.5       -> v0.7.17-build.5
2026-04-23T04:10:53.1046910Z  * [new tag]           v0.7.17-build.6       -> v0.7.17-build.6
2026-04-23T04:10:53.1047643Z  * [new tag]           v0.7.17-build.7       -> v0.7.17-build.7
2026-04-23T04:10:53.1048300Z  * [new tag]           v0.7.17-build.8       -> v0.7.17-build.8
2026-04-23T04:10:53.1048949Z  * [new tag]           v0.7.17-build.9       -> v0.7.17-build.9
2026-04-23T04:10:53.1051248Z  * [new tag]           v0.7.18               -> v0.7.18
2026-04-23T04:10:53.1051971Z  * [new tag]           v0.7.18-build.2       -> v0.7.18-build.2
2026-04-23T04:10:53.1052633Z  * [new tag]           v0.7.18-build.3       -> v0.7.18-build.3
2026-04-23T04:10:53.1053316Z  * [new tag]           v0.7.18-build.4       -> v0.7.18-build.4
2026-04-23T04:10:53.1054217Z  * [new tag]           v0.7.19               -> v0.7.19
2026-04-23T04:10:53.1054891Z  * [new tag]           v0.7.19-build.2       -> v0.7.19-build.2
2026-04-23T04:10:53.1055548Z  * [new tag]           v0.7.20               -> v0.7.20
2026-04-23T04:10:53.1056173Z  * [new tag]           v0.7.20-build.2       -> v0.7.20-build.2
2026-04-23T04:10:53.1056826Z  * [new tag]           v0.7.20-build.3       -> v0.7.20-build.3
2026-04-23T04:10:53.1057469Z  * [new tag]           v0.7.20-build.4       -> v0.7.20-build.4
2026-04-23T04:10:53.1058096Z  * [new tag]           v0.8.0                -> v0.8.0
2026-04-23T04:10:53.1058717Z  * [new tag]           v0.8.0-build.2        -> v0.8.0-build.2
2026-04-23T04:10:53.1059626Z  * [new tag]           v0.8.1                -> v0.8.1
2026-04-23T04:10:53.1060362Z  * [new tag]           v0.8.10               -> v0.8.10
2026-04-23T04:10:53.1060954Z  * [new tag]           v0.8.11               -> v0.8.11
2026-04-23T04:10:53.1061584Z  * [new tag]           v0.8.12               -> v0.8.12
2026-04-23T04:10:53.1062165Z  * [new tag]           v0.8.13               -> v0.8.13
2026-04-23T04:10:53.1062758Z  * [new tag]           v0.8.14               -> v0.8.14
2026-04-23T04:10:53.1063387Z  * [new tag]           v0.8.15               -> v0.8.15
2026-04-23T04:10:53.1063950Z  * [new tag]           v0.8.2                -> v0.8.2
2026-04-23T04:10:53.1064513Z  * [new tag]           v0.8.3                -> v0.8.3
2026-04-23T04:10:53.1065087Z  * [new tag]           v0.8.4                -> v0.8.4
2026-04-23T04:10:53.1065677Z  * [new tag]           v0.8.5                -> v0.8.5
2026-04-23T04:10:53.1066269Z  * [new tag]           v0.8.6                -> v0.8.6
2026-04-23T04:10:53.1066889Z  * [new tag]           v0.8.7                -> v0.8.7
2026-04-23T04:10:53.1067507Z  * [new tag]           v0.8.8                -> v0.8.8
2026-04-23T04:10:53.1068105Z  * [new tag]           v0.8.9                -> v0.8.9
2026-04-23T04:10:53.1068712Z  * [new tag]           v0.9.1                -> v0.9.1
2026-04-23T04:10:53.1069658Z  * [new tag]           v0.9.2                -> v0.9.2
2026-04-23T04:10:53.1070317Z  * [new tag]           v1.0.1                -> v1.0.1
2026-04-23T04:10:53.1071159Z  * [new tag]           v1.0.10               -> v1.0.10
2026-04-23T04:10:53.1071779Z  * [new tag]           v1.0.11               -> v1.0.11
2026-04-23T04:10:53.1072396Z  * [new tag]           v1.0.12               -> v1.0.12
2026-04-23T04:10:53.1073015Z  * [new tag]           v1.0.13               -> v1.0.13
2026-04-23T04:10:53.1073636Z  * [new tag]           v1.0.2                -> v1.0.2
2026-04-23T04:10:53.1074243Z  * [new tag]           v1.0.3                -> v1.0.3
2026-04-23T04:10:53.1074854Z  * [new tag]           v1.0.4                -> v1.0.4
2026-04-23T04:10:53.1075473Z  * [new tag]           v1.0.5                -> v1.0.5
2026-04-23T04:10:53.1076132Z  * [new tag]           v1.0.6                -> v1.0.6
2026-04-23T04:10:53.1076758Z  * [new tag]           v1.0.7                -> v1.0.7
2026-04-23T04:10:53.1077428Z  * [new tag]           v1.0.8                -> v1.0.8
2026-04-23T04:10:53.1078096Z  * [new tag]           v1.0.9                -> v1.0.9
2026-04-23T04:10:53.1078774Z  * [new tag]           v1.1.1                -> v1.1.1
2026-04-23T04:10:53.1079691Z  * [new tag]           v1.1.1-build.2        -> v1.1.1-build.2
2026-04-23T04:10:53.1080438Z  * [new tag]           v1.1.1-build.3        -> v1.1.1-build.3
2026-04-23T04:10:53.1081168Z  * [new tag]           v1.1.1-build.4        -> v1.1.1-build.4
2026-04-23T04:10:53.1081858Z  * [new tag]           v1.1.10               -> v1.1.10
2026-04-23T04:10:53.1082521Z  * [new tag]           v1.1.11               -> v1.1.11
2026-04-23T04:10:53.1083171Z  * [new tag]           v1.1.12               -> v1.1.12
2026-04-23T04:10:53.1083819Z  * [new tag]           v1.1.2                -> v1.1.2
2026-04-23T04:10:53.1084471Z  * [new tag]           v1.1.3                -> v1.1.3
2026-04-23T04:10:53.1085104Z  * [new tag]           v1.1.4                -> v1.1.4
2026-04-23T04:10:53.1085988Z  * [new tag]           v1.1.5                -> v1.1.5
2026-04-23T04:10:53.1086671Z  * [new tag]           v1.1.6                -> v1.1.6
2026-04-23T04:10:53.1087342Z  * [new tag]           v1.1.7                -> v1.1.7
2026-04-23T04:10:53.1087987Z  * [new tag]           v1.1.8                -> v1.1.8
2026-04-23T04:10:53.1088622Z  * [new tag]           v1.1.9                -> v1.1.9
2026-04-23T04:10:53.1089484Z  * [new tag]           v1.3.0                -> v1.3.0
2026-04-23T04:10:53.1090164Z  * [new tag]           v1.3.1                -> v1.3.1
2026-04-23T04:10:53.1090818Z  * [new tag]           v1.3.10               -> v1.3.10
2026-04-23T04:10:53.1091466Z  * [new tag]           v1.3.11               -> v1.3.11
2026-04-23T04:10:53.1092164Z  * [new tag]           v1.3.11-build.2       -> v1.3.11-build.2
2026-04-23T04:10:53.1092874Z  * [new tag]           v1.3.12               -> v1.3.12
2026-04-23T04:10:53.1093521Z  * [new tag]           v1.3.13               -> v1.3.13
2026-04-23T04:10:53.1094250Z  * [new tag]           v1.3.13-build.2       -> v1.3.13-build.2
2026-04-23T04:10:53.1094937Z  * [new tag]           v1.3.14               -> v1.3.14
2026-04-23T04:10:53.1095589Z  * [new tag]           v1.3.15               -> v1.3.15
2026-04-23T04:10:53.1096231Z  * [new tag]           v1.3.16               -> v1.3.16
2026-04-23T04:10:53.1096876Z  * [new tag]           v1.3.17               -> v1.3.17
2026-04-23T04:10:53.1097514Z  * [new tag]           v1.3.18               -> v1.3.18
2026-04-23T04:10:53.1098144Z  * [new tag]           v1.3.19               -> v1.3.19
2026-04-23T04:10:53.1098790Z  * [new tag]           v1.3.2                -> v1.3.2
2026-04-23T04:10:53.1099662Z  * [new tag]           v1.3.20               -> v1.3.20
2026-04-23T04:10:53.1100331Z  * [new tag]           v1.3.21               -> v1.3.21
2026-04-23T04:10:53.1100979Z  * [new tag]           v1.3.22               -> v1.3.22
2026-04-23T04:10:53.1101610Z  * [new tag]           v1.3.23               -> v1.3.23
2026-04-23T04:10:53.1102269Z  * [new tag]           v1.3.24               -> v1.3.24
2026-04-23T04:10:53.1102906Z  * [new tag]           v1.3.25               -> v1.3.25
2026-04-23T04:10:53.1103795Z  * [new tag]           v1.3.26               -> v1.3.26
2026-04-23T04:10:53.1104433Z  * [new tag]           v1.3.27               -> v1.3.27
2026-04-23T04:10:53.1105073Z  * [new tag]           v1.3.28               -> v1.3.28
2026-04-23T04:10:53.1105712Z  * [new tag]           v1.3.29               -> v1.3.29
2026-04-23T04:10:53.1106346Z  * [new tag]           v1.3.3                -> v1.3.3
2026-04-23T04:10:53.1106994Z  * [new tag]           v1.3.30               -> v1.3.30
2026-04-23T04:10:53.1107636Z  * [new tag]           v1.3.31               -> v1.3.31
2026-04-23T04:10:53.1108278Z  * [new tag]           v1.3.32               -> v1.3.32
2026-04-23T04:10:53.1108920Z  * [new tag]           v1.3.33               -> v1.3.33
2026-04-23T04:10:53.1109817Z  * [new tag]           v1.3.34               -> v1.3.34
2026-04-23T04:10:53.1110490Z  * [new tag]           v1.3.35               -> v1.3.35
2026-04-23T04:10:53.1111135Z  * [new tag]           v1.3.36               -> v1.3.36
2026-04-23T04:10:53.1111834Z  * [new tag]           v1.3.37               -> v1.3.37
2026-04-23T04:10:53.1112474Z  * [new tag]           v1.3.38               -> v1.3.38
2026-04-23T04:10:53.1113117Z  * [new tag]           v1.3.39               -> v1.3.39
2026-04-23T04:10:53.1113750Z  * [new tag]           v1.3.4                -> v1.3.4
2026-04-23T04:10:53.1114396Z  * [new tag]           v1.3.40               -> v1.3.40
2026-04-23T04:10:53.1115038Z  * [new tag]           v1.3.41               -> v1.3.41
2026-04-23T04:10:53.1115666Z  * [new tag]           v1.3.42               -> v1.3.42
2026-04-23T04:10:53.1116308Z  * [new tag]           v1.3.43               -> v1.3.43
2026-04-23T04:10:53.1116941Z  * [new tag]           v1.3.44               -> v1.3.44
2026-04-23T04:10:53.1117584Z  * [new tag]           v1.3.45               -> v1.3.45
2026-04-23T04:10:53.1118399Z  * [new tag]           v1.3.46               -> v1.3.46
2026-04-23T04:10:53.1119068Z  * [new tag]           v1.3.47               -> v1.3.47
2026-04-23T04:10:53.1119936Z  * [new tag]           v1.3.48               -> v1.3.48
2026-04-23T04:10:53.1120579Z  * [new tag]           v1.3.49               -> v1.3.49
2026-04-23T04:10:53.1121219Z  * [new tag]           v1.3.5                -> v1.3.5
2026-04-23T04:10:53.1121907Z  * [new tag]           v1.3.5-build.2        -> v1.3.5-build.2
2026-04-23T04:10:53.1122598Z  * [new tag]           v1.3.50               -> v1.3.50
2026-04-23T04:10:53.1123236Z  * [new tag]           v1.3.51               -> v1.3.51
2026-04-23T04:10:53.1123874Z  * [new tag]           v1.3.52               -> v1.3.52
2026-04-23T04:10:53.1124501Z  * [new tag]           v1.3.53               -> v1.3.53
2026-04-23T04:10:53.1125140Z  * [new tag]           v1.3.54               -> v1.3.54
2026-04-23T04:10:53.1125774Z  * [new tag]           v1.3.55               -> v1.3.55
2026-04-23T04:10:53.1126429Z  * [new tag]           v1.3.56               -> v1.3.56
2026-04-23T04:10:53.1127189Z  * [new tag]           v1.3.57               -> v1.3.57
2026-04-23T04:10:53.1127847Z  * [new tag]           v1.3.58               -> v1.3.58
2026-04-23T04:10:53.1128487Z  * [new tag]           v1.3.59               -> v1.3.59
2026-04-23T04:10:53.1129123Z  * [new tag]           v1.3.6                -> v1.3.6
2026-04-23T04:10:53.1130026Z  * [new tag]           v1.3.60               -> v1.3.60
2026-04-23T04:10:53.1130667Z  * [new tag]           v1.3.61               -> v1.3.61
2026-04-23T04:10:53.1131313Z  * [new tag]           v1.3.62               -> v1.3.62
2026-04-23T04:10:53.1131951Z  * [new tag]           v1.3.7                -> v1.3.7
2026-04-23T04:10:53.1132587Z  * [new tag]           v1.3.8                -> v1.3.8
2026-04-23T04:10:53.1133225Z  * [new tag]           v1.3.9                -> v1.3.9
2026-04-23T04:10:53.1133848Z  * [new tag]           v1.4.40               -> v1.4.40
2026-04-23T04:10:53.1227841Z ##[endgroup]
2026-04-23T04:10:53.1228577Z ##[group]Determining the checkout info
2026-04-23T04:10:53.1235086Z [command]/usr/bin/git branch --list --remote origin/fix/migration-52-53-test
2026-04-23T04:10:53.1284575Z [command]/usr/bin/git tag --list fix/migration-52-53-test
2026-04-23T04:10:53.1426967Z ##[error]A branch or tag with the name 'fix/migration-52-53-test' could not be found
2026-04-23T04:10:53.1585320Z ##[group]Run ./gradlew detekt --auto-correct --continue
2026-04-23T04:10:53.1585858Z [36;1m./gradlew detekt --auto-correct --continue[0m
2026-04-23T04:10:53.2147543Z shell: /usr/bin/bash -e {0}
2026-04-23T04:10:53.2147898Z ##[endgroup]
2026-04-23T04:10:53.2255575Z /home/runner/work/_temp/178a8e0f-6b6a-4fe7-85d6-708603e1f0ad.sh: line 1: ./gradlew: No such file or directory
2026-04-23T04:10:53.2263700Z ##[error]Process completed with exit code 127.
2026-04-23T04:10:53.2301976Z ##[group]Run git config user.name "github-actions[bot]"
2026-04-23T04:10:53.2302458Z [36;1mgit config user.name "github-actions[bot]"[0m
2026-04-23T04:10:53.2302947Z [36;1mgit config user.email "github-actions[bot]@users.noreply.github.com"[0m
2026-04-23T04:10:53.2303579Z [36;1mgit diff --quiet || (git add -A && git commit -m "style: auto-format [skip ci]" && git push)[0m
2026-04-23T04:10:53.2360579Z shell: /usr/bin/bash -e {0}
2026-04-23T04:10:53.2360886Z ##[endgroup]
2026-04-23T04:10:53.2766556Z Post job cleanup.
2026-04-23T04:10:53.3737210Z [command]/usr/bin/git version
2026-04-23T04:10:53.3782437Z git version 2.53.0
2026-04-23T04:10:53.3828384Z Temporarily overriding HOME='/home/runner/work/_temp/3df5cbd0-1481-4e1e-9250-f8be9e05520d' before making global git config changes
2026-04-23T04:10:53.3830166Z Adding repository directory to the temporary git global config as a safe directory
2026-04-23T04:10:53.3835408Z [command]/usr/bin/git config --global --add safe.directory /home/runner/work/prismTask/prismTask
2026-04-23T04:10:53.3872932Z [command]/usr/bin/git config --local --name-only --get-regexp core\.sshCommand
2026-04-23T04:10:53.3906004Z [command]/usr/bin/git submodule foreach --recursive sh -c "git config --local --name-only --get-regexp 'core\.sshCommand' && git config --local --unset-all 'core.sshCommand' || :"
2026-04-23T04:10:53.4154789Z [command]/usr/bin/git config --local --name-only --get-regexp http\.https\:\/\/github\.com\/\.extraheader
2026-04-23T04:10:53.4186464Z http.https://github.com/.extraheader
2026-04-23T04:10:53.4205769Z [command]/usr/bin/git config --local --unset-all http.https://github.com/.extraheader
2026-04-23T04:10:53.4243342Z [command]/usr/bin/git submodule foreach --recursive sh -c "git config --local --name-only --get-regexp 'http\.https\:\/\/github\.com\/\.extraheader' && git config --local --unset-all 'http.https://github.com/.extraheader' || :"
2026-04-23T04:10:53.4493559Z [command]/usr/bin/git config --local --name-only --get-regexp ^includeIf\.gitdir:
2026-04-23T04:10:53.4535040Z [command]/usr/bin/git submodule foreach --recursive git config --local --show-origin --name-only --get-regexp remote.origin.url
2026-04-23T04:10:53.4928445Z Cleaning up orphan processes
2026-04-23T04:10:53.5216565Z ##[warning]Node.js 20 actions are deprecated. The following actions are running on Node.js 20 and may not work as expected: actions/checkout@v4. Actions will be forced to run with Node.js 24 by default starting June 2nd, 2026. Node.js 20 will be removed from the runner on September 16th, 2026. Please check if updated versions of these actions are available that support Node.js 24. To opt into Node.js 24 now, set the FORCE_JAVASCRIPT_ACTIONS_TO_NODE24=true environment variable on the runner or in your workflow file. Once Node.js 24 becomes the default, you can temporarily opt out by setting ACTIONS_ALLOW_USE_UNSECURE_NODE_VERSION=true. For more information see: https://github.blog/changelog/2025-09-19-deprecation-of-node-20-on-github-actions-runners/


--- Job: lint-and-test (id 72631193436) ---
2026-04-23T04:10:57.9232891Z Current runner version: '2.333.1'
2026-04-23T04:10:57.9264741Z ##[group]Runner Image Provisioner
2026-04-23T04:10:57.9265882Z Hosted Compute Agent
2026-04-23T04:10:57.9266959Z Version: 20260213.493
2026-04-23T04:10:57.9267975Z Commit: 5c115507f6dd24b8de37d8bbe0bb4509d0cc0fa3
2026-04-23T04:10:57.9269003Z Build Date: 2026-02-13T00:28:41Z
2026-04-23T04:10:57.9270054Z Worker ID: {c05ba17f-520e-4257-adb6-7cc6b1e1fcbd}
2026-04-23T04:10:57.9271130Z Azure Region: eastus
2026-04-23T04:10:57.9272001Z ##[endgroup]
2026-04-23T04:10:57.9273920Z ##[group]Operating System
2026-04-23T04:10:57.9274911Z Ubuntu
2026-04-23T04:10:57.9275605Z 24.04.4
2026-04-23T04:10:57.9276534Z LTS
2026-04-23T04:10:57.9277254Z ##[endgroup]
2026-04-23T04:10:57.9277976Z ##[group]Runner Image
2026-04-23T04:10:57.9278878Z Image: ubuntu-24.04
2026-04-23T04:10:57.9279681Z Version: 20260413.86.1
2026-04-23T04:10:57.9281574Z Included Software: https://github.com/actions/runner-images/blob/ubuntu24/20260413.86/images/ubuntu/Ubuntu2404-Readme.md
2026-04-23T04:10:57.9283925Z Image Release: https://github.com/actions/runner-images/releases/tag/ubuntu24%2F20260413.86
2026-04-23T04:10:57.9285386Z ##[endgroup]
2026-04-23T04:10:57.9287632Z ##[group]GITHUB_TOKEN Permissions
2026-04-23T04:10:57.9290149Z Actions: read
2026-04-23T04:10:57.9290973Z Checks: read
2026-04-23T04:10:57.9291762Z Contents: write
2026-04-23T04:10:57.9292579Z Metadata: read
2026-04-23T04:10:57.9293414Z PullRequests: read
2026-04-23T04:10:57.9294207Z ##[endgroup]
2026-04-23T04:10:57.9297257Z Secret source: Actions
2026-04-23T04:10:57.9298230Z Prepare workflow directory
2026-04-23T04:10:57.9740729Z Prepare all required actions
2026-04-23T04:10:57.9793658Z Getting action download info
2026-04-23T04:10:58.2726995Z Download action repository 'actions/checkout@v4' (SHA:34e114876b0b11c390a56381ad16ebd13914f8d5)
2026-04-23T04:10:58.4067795Z Download action repository 'actions/github-script@v7' (SHA:f28e40c7f34bde8b3046d885e986cb6290c5673b)
2026-04-23T04:10:58.5993968Z Download action repository 'actions/upload-artifact@v4' (SHA:ea165f8d65b6e75b540449e92b4886f43607fa02)
2026-04-23T04:10:58.8204544Z Complete job name: lint-and-test
2026-04-23T04:10:58.8931206Z ##[group]Run actions/checkout@v4
2026-04-23T04:10:58.8931936Z with:
2026-04-23T04:10:58.8932317Z   ref: fix/migration-52-53-test
2026-04-23T04:10:58.8932797Z   repository: akarlin3/prismTask
2026-04-23T04:10:58.8933420Z   token: ***
2026-04-23T04:10:58.8933872Z   ssh-strict: true
2026-04-23T04:10:58.8934375Z   ssh-user: git
2026-04-23T04:10:58.8934762Z   persist-credentials: true
2026-04-23T04:10:58.8935217Z   clean: true
2026-04-23T04:10:58.8935613Z   sparse-checkout-cone-mode: true
2026-04-23T04:10:58.8936221Z   fetch-depth: 1
2026-04-23T04:10:58.8936586Z   fetch-tags: false
2026-04-23T04:10:58.8936966Z   show-progress: true
2026-04-23T04:10:58.8937338Z   lfs: false
2026-04-23T04:10:58.8937685Z   submodules: false
2026-04-23T04:10:58.8938059Z   set-safe-directory: true
2026-04-23T04:10:58.8938733Z ##[endgroup]
2026-04-23T04:10:59.0097281Z Syncing repository: akarlin3/prismTask
2026-04-23T04:10:59.0099165Z ##[group]Getting Git version info
2026-04-23T04:10:59.0099874Z Working directory is '/home/runner/work/prismTask/prismTask'
2026-04-23T04:10:59.0100778Z [command]/usr/bin/git version
2026-04-23T04:10:59.0163490Z git version 2.53.0
2026-04-23T04:10:59.0188503Z ##[endgroup]
2026-04-23T04:10:59.0203243Z Temporarily overriding HOME='/home/runner/work/_temp/e41cf920-e01f-4c98-b530-d4bf0ac3afcf' before making global git config changes
2026-04-23T04:10:59.0205404Z Adding repository directory to the temporary git global config as a safe directory
2026-04-23T04:10:59.0209902Z [command]/usr/bin/git config --global --add safe.directory /home/runner/work/prismTask/prismTask
2026-04-23T04:10:59.0243006Z Deleting the contents of '/home/runner/work/prismTask/prismTask'
2026-04-23T04:10:59.0246786Z ##[group]Initializing the repository
2026-04-23T04:10:59.0251534Z [command]/usr/bin/git init /home/runner/work/prismTask/prismTask
2026-04-23T04:10:59.0325527Z hint: Using 'master' as the name for the initial branch. This default branch name
2026-04-23T04:10:59.0327382Z hint: will change to "main" in Git 3.0. To configure the initial branch name
2026-04-23T04:10:59.0328258Z hint: to use in all of your new repositories, which will suppress this warning,
2026-04-23T04:10:59.0328948Z hint: call:
2026-04-23T04:10:59.0329462Z hint:
2026-04-23T04:10:59.0330007Z hint: 	git config --global init.defaultBranch <name>
2026-04-23T04:10:59.0330874Z hint:
2026-04-23T04:10:59.0331657Z hint: Names commonly chosen instead of 'master' are 'main', 'trunk' and
2026-04-23T04:10:59.0332817Z hint: 'development'. The just-created branch can be renamed via this command:
2026-04-23T04:10:59.0333475Z hint:
2026-04-23T04:10:59.0333834Z hint: 	git branch -m <name>
2026-04-23T04:10:59.0334253Z hint:
2026-04-23T04:10:59.0334823Z hint: Disable this message with "git config set advice.defaultBranchName false"
2026-04-23T04:10:59.0336095Z Initialized empty Git repository in /home/runner/work/prismTask/prismTask/.git/
2026-04-23T04:10:59.0337935Z [command]/usr/bin/git remote add origin https://github.com/akarlin3/prismTask
2026-04-23T04:10:59.0368024Z ##[endgroup]
2026-04-23T04:10:59.0368715Z ##[group]Disabling automatic garbage collection
2026-04-23T04:10:59.0371680Z [command]/usr/bin/git config --local gc.auto 0
2026-04-23T04:10:59.0402948Z ##[endgroup]
2026-04-23T04:10:59.0403621Z ##[group]Setting up auth
2026-04-23T04:10:59.0409606Z [command]/usr/bin/git config --local --name-only --get-regexp core\.sshCommand
2026-04-23T04:10:59.0439948Z [command]/usr/bin/git submodule foreach --recursive sh -c "git config --local --name-only --get-regexp 'core\.sshCommand' && git config --local --unset-all 'core.sshCommand' || :"
2026-04-23T04:10:59.0727346Z [command]/usr/bin/git config --local --name-only --get-regexp http\.https\:\/\/github\.com\/\.extraheader
2026-04-23T04:10:59.0756482Z [command]/usr/bin/git submodule foreach --recursive sh -c "git config --local --name-only --get-regexp 'http\.https\:\/\/github\.com\/\.extraheader' && git config --local --unset-all 'http.https://github.com/.extraheader' || :"
2026-04-23T04:10:59.0984406Z [command]/usr/bin/git config --local --name-only --get-regexp ^includeIf\.gitdir:
2026-04-23T04:10:59.1014361Z [command]/usr/bin/git submodule foreach --recursive git config --local --show-origin --name-only --get-regexp remote.origin.url
2026-04-23T04:10:59.1246845Z [command]/usr/bin/git config --local http.https://github.com/.extraheader AUTHORIZATION: basic ***
2026-04-23T04:10:59.1281220Z ##[endgroup]
2026-04-23T04:10:59.1282244Z ##[group]Fetching the repository
2026-04-23T04:10:59.1291634Z [command]/usr/bin/git -c protocol.version=2 fetch --no-tags --prune --no-recurse-submodules --depth=1 origin +refs/heads/fix/migration-52-53-test*:refs/remotes/origin/fix/migration-52-53-test* +refs/tags/fix/migration-52-53-test*:refs/tags/fix/migration-52-53-test*
2026-04-23T04:10:59.2842066Z The process '/usr/bin/git' failed with exit code 1
2026-04-23T04:10:59.2842936Z Waiting 11 seconds before trying again
2026-04-23T04:11:10.2857391Z [command]/usr/bin/git -c protocol.version=2 fetch --no-tags --prune --no-recurse-submodules --depth=1 origin +refs/heads/fix/migration-52-53-test*:refs/remotes/origin/fix/migration-52-53-test* +refs/tags/fix/migration-52-53-test*:refs/tags/fix/migration-52-53-test*
2026-04-23T04:11:10.4383470Z The process '/usr/bin/git' failed with exit code 1
2026-04-23T04:11:10.4384238Z Waiting 14 seconds before trying again
2026-04-23T04:11:24.4425469Z [command]/usr/bin/git -c protocol.version=2 fetch --no-tags --prune --no-recurse-submodules --depth=1 origin +refs/heads/fix/migration-52-53-test*:refs/remotes/origin/fix/migration-52-53-test* +refs/tags/fix/migration-52-53-test*:refs/tags/fix/migration-52-53-test*
2026-04-23T04:11:24.5894785Z ##[error]The process '/usr/bin/git' failed with exit code 1
2026-04-23T04:11:24.6114685Z ##[group]Run ./gradlew detekt --continue
2026-04-23T04:11:24.6115149Z [36;1m./gradlew detekt --continue[0m
2026-04-23T04:11:24.6141146Z shell: /usr/bin/bash -e {0}
2026-04-23T04:11:24.6141713Z ##[endgroup]
2026-04-23T04:11:24.6208523Z /home/runner/work/_temp/5d86dc45-3a64-4751-9481-157d7920eac4.sh: line 1: ./gradlew: No such file or directory
2026-04-23T04:11:24.6216390Z ##[error]Process completed with exit code 127.
2026-04-23T04:11:24.6247693Z ##[group]Run ./gradlew lint --continue
2026-04-23T04:11:24.6248062Z [36;1m./gradlew lint --continue[0m
2026-04-23T04:11:24.6268757Z shell: /usr/bin/bash -e {0}
2026-04-23T04:11:24.6269051Z ##[endgroup]
2026-04-23T04:11:24.6313131Z /home/runner/work/_temp/e633f27d-0b37-4de3-a61f-1f639dfd7fce.sh: line 1: ./gradlew: No such file or directory
2026-04-23T04:11:24.6317810Z ##[error]Process completed with exit code 127.
2026-04-23T04:11:24.6351326Z ##[group]Run set -euo pipefail
2026-04-23T04:11:24.6351662Z [36;1mset -euo pipefail[0m
2026-04-23T04:11:24.6351933Z [36;1mshopt -s globstar nullglob[0m
2026-04-23T04:11:24.6352276Z [36;1mxmls=(app/build/test-results/**/*.xml)[0m
2026-04-23T04:11:24.6352609Z [36;1mif [ ${#xmls[@]} -eq 0 ]; then[0m
2026-04-23T04:11:24.6353100Z [36;1m  echo "::error::No JUnit XML results found under app/build/test-results/. Did the test task run?"[0m
2026-04-23T04:11:24.6353572Z [36;1m  exit 1[0m
2026-04-23T04:11:24.6353795Z [36;1mfi[0m
2026-04-23T04:11:24.6354021Z [36;1mfailed=0[0m
2026-04-23T04:11:24.6354270Z [36;1mfor f in "${xmls[@]}"; do[0m
2026-04-23T04:11:24.6354689Z [36;1m  fails=$(grep -oE 'failures="[0-9]+"' "$f" | head -n1 | grep -oE '[0-9]+' || echo 0)[0m
2026-04-23T04:11:24.6355232Z [36;1m  errs=$(grep -oE 'errors="[0-9]+"' "$f" | head -n1 | grep -oE '[0-9]+' || echo 0)[0m
2026-04-23T04:11:24.6355715Z [36;1m  if [ "${fails:-0}" -gt 0 ] || [ "${errs:-0}" -gt 0 ]; then[0m
2026-04-23T04:11:24.6356458Z [36;1m    echo "::error file=${f}::${fails} failure(s), ${errs} error(s) in ${f}"[0m
2026-04-23T04:11:24.6356894Z [36;1m    failed=$((failed + fails + errs))[0m
2026-04-23T04:11:24.6357190Z [36;1m  fi[0m
2026-04-23T04:11:24.6357398Z [36;1mdone[0m
2026-04-23T04:11:24.6357636Z [36;1mif [ "$failed" -gt 0 ]; then[0m
2026-04-23T04:11:24.6358147Z [36;1m  echo "::error::${failed} unit-test failure(s)/error(s) detected. See annotations and the test-results artifact."[0m
2026-04-23T04:11:24.6358657Z [36;1m  exit 1[0m
2026-04-23T04:11:24.6358867Z [36;1mfi[0m
2026-04-23T04:11:24.6359137Z [36;1mecho "All ${#xmls[@]} JUnit XML reports clean."[0m
2026-04-23T04:11:24.6381707Z shell: /usr/bin/bash --noprofile --norc -e -o pipefail {0}
2026-04-23T04:11:24.6382085Z ##[endgroup]
2026-04-23T04:11:24.6424076Z ##[error]No JUnit XML results found under app/build/test-results/. Did the test task run?
2026-04-23T04:11:24.6426445Z ##[error]Process completed with exit code 1.
2026-04-23T04:11:24.6510455Z ##[group]Run actions/github-script@v7
2026-04-23T04:11:24.6510784Z with:
2026-04-23T04:11:24.6513306Z   script: const fs = require('fs');
let body = '### CI Unit Test Failure\n\n';
try {
  const raw = fs.readFileSync('unit-test-output.log', 'utf8');
  const lines = raw.split('\n');
  const errorLines = lines.filter(l =>
    /\be:\b|FAILED|Compilation error|Unresolved reference|not abstract|does not implement/.test(l)
  );
  const tail = lines.slice(-30).join('\n');
  const errors = errorLines.length > 0
    ? errorLines.join('\n')
    : 'No specific error lines matched. Last 30 lines shown.';
  body += '**Error lines:**\n```\n' + errors.slice(0, 2000) + '\n```\n';
  body += '\n**Build tail:**\n```\n' + tail.slice(0, 2000) + '\n```';
} catch (e) {
  body += 'Could not read unit-test-output.log: ' + e.message;
}
await github.rest.issues.createComment({
  owner: context.repo.owner,
  repo: context.repo.repo,
  issue_number: context.issue.number,
  body
});

2026-04-23T04:11:24.6516351Z   github-token: ***
2026-04-23T04:11:24.6516601Z   debug: false
2026-04-23T04:11:24.6516846Z   user-agent: actions/github-script
2026-04-23T04:11:24.6517135Z   result-encoding: json
2026-04-23T04:11:24.6517389Z   retries: 0
2026-04-23T04:11:24.6517645Z   retry-exempt-status-codes: 400,401,403,404,422
2026-04-23T04:11:24.6518149Z ##[endgroup]
2026-04-23T04:11:24.9216310Z RequestError [HttpError]: Resource not accessible by integration
2026-04-23T04:11:24.9217265Z     at /home/runner/work/_actions/actions/github-script/v7/dist/index.js:9537:21
2026-04-23T04:11:24.9218210Z     at process.processTicksAndRejections (node:internal/process/task_queues:95:5)
2026-04-23T04:11:24.9219511Z     at async eval (eval at callAsyncFunction (/home/runner/work/_actions/actions/github-script/v7/dist/index.js:36187:16), <anonymous>:20:1)
2026-04-23T04:11:24.9220824Z     at async main (/home/runner/work/_actions/actions/github-script/v7/dist/index.js:36285:20) {
2026-04-23T04:11:24.9221573Z   status: 403,
2026-04-23T04:11:24.9221962Z   response: {
2026-04-23T04:11:24.9222686Z     url: 'https://api.github.com/repos/akarlin3/prismTask/issues/693/comments',
2026-04-23T04:11:24.9223391Z     status: 403,
2026-04-23T04:11:24.9223761Z     headers: {
2026-04-23T04:11:24.9224147Z       'access-control-allow-origin': '*',
2026-04-23T04:11:24.9226465Z       'access-control-expose-headers': 'ETag, Link, Location, Retry-After, X-GitHub-OTP, X-RateLimit-Limit, X-RateLimit-Remaining, X-RateLimit-Used, X-RateLimit-Resource, X-RateLimit-Reset, X-OAuth-Scopes, X-Accepted-OAuth-Scopes, X-Poll-Interval, X-GitHub-Media-Type, X-GitHub-SSO, X-GitHub-Request-Id, Deprecation, Sunset',
2026-04-23T04:11:24.9228723Z       'content-encoding': 'gzip',
2026-04-23T04:11:24.9229288Z       'content-security-policy': "default-src 'none'",
2026-04-23T04:11:24.9229948Z       'content-type': 'application/json; charset=utf-8',
2026-04-23T04:11:24.9230516Z       date: 'Thu, 23 Apr 2026 04:11:24 GMT',
2026-04-23T04:11:24.9231241Z       'referrer-policy': 'origin-when-cross-origin, strict-origin-when-cross-origin',
2026-04-23T04:11:24.9231991Z       server: 'github.com',
2026-04-23T04:11:24.9232726Z       'strict-transport-security': 'max-age=31536000; includeSubdomains; preload',
2026-04-23T04:11:24.9233460Z       'transfer-encoding': 'chunked',
2026-04-23T04:11:24.9233991Z       vary: 'Accept-Encoding, Accept, X-Requested-With',
2026-04-23T04:11:24.9234653Z       'x-accepted-github-permissions': 'issues=write; pull_requests=write',
2026-04-23T04:11:24.9235250Z       'x-content-type-options': 'nosniff',
2026-04-23T04:11:24.9235655Z       'x-frame-options': 'deny',
2026-04-23T04:11:24.9236297Z       'x-github-api-version-selected': '2022-11-28',
2026-04-23T04:11:24.9236799Z       'x-github-media-type': 'github.v3; format=json',
2026-04-23T04:11:24.9237362Z       'x-github-request-id': 'E018:1ED7:EFE940:3C4A05C:69E99BEC',
2026-04-23T04:11:24.9237849Z       'x-ratelimit-limit': '5000',
2026-04-23T04:11:24.9238292Z       'x-ratelimit-remaining': '4873',
2026-04-23T04:11:24.9239200Z       'x-ratelimit-reset': '1776918570',
2026-04-23T04:11:24.9239628Z       'x-ratelimit-resource': 'core',
2026-04-23T04:11:24.9240015Z       'x-ratelimit-used': '127',
2026-04-23T04:11:24.9240382Z       'x-xss-protection': '0'
2026-04-23T04:11:24.9240718Z     },
2026-04-23T04:11:24.9240985Z     data: {
2026-04-23T04:11:24.9241340Z       message: 'Resource not accessible by integration',
2026-04-23T04:11:24.9242117Z       documentation_url: 'https://docs.github.com/rest/issues/comments#create-an-issue-comment',
2026-04-23T04:11:24.9242872Z       status: '403'
2026-04-23T04:11:24.9243208Z     }
2026-04-23T04:11:24.9243513Z   },
2026-04-23T04:11:24.9243817Z   request: {
2026-04-23T04:11:24.9244154Z     method: 'POST',
2026-04-23T04:11:24.9244711Z     url: 'https://api.github.com/repos/akarlin3/prismTask/issues/693/comments',
2026-04-23T04:11:24.9245402Z     headers: {
2026-04-23T04:11:24.9245785Z       accept: 'application/vnd.github.v3+json',
2026-04-23T04:11:24.9246749Z       'user-agent': 'actions/github-script octokit-core.js/5.0.1 Node.js/20.20.1 (linux; x64)',
2026-04-23T04:11:24.9247509Z       authorization: 'token [REDACTED]',
2026-04-23T04:11:24.9248055Z       'content-type': 'application/json; charset=utf-8'
2026-04-23T04:11:24.9248549Z     },
2026-04-23T04:11:24.9249458Z     body: `{"body":"### CI Unit Test Failure\\n\\nCould not read unit-test-output.log: ENOENT: no such file or directory, open 'unit-test-output.log'"}`,
2026-04-23T04:11:24.9250701Z     request: {
2026-04-23T04:11:24.9251031Z       agent: [Agent],
2026-04-23T04:11:24.9251422Z       fetch: [Function: proxyFetch],
2026-04-23T04:11:24.9251889Z       hook: [Function: bound bound register]
2026-04-23T04:11:24.9252343Z     }
2026-04-23T04:11:24.9252644Z   }
2026-04-23T04:11:24.9252932Z }
2026-04-23T04:11:24.9254873Z ##[error]Unhandled error: HttpError: Resource not accessible by integration
2026-04-23T04:11:24.9951576Z ##[group]Run actions/upload-artifact@v4
2026-04-23T04:11:24.9951899Z with:
2026-04-23T04:11:24.9952142Z   name: lint-report
2026-04-23T04:11:24.9952422Z   path: app/build/reports/lint-results-debug.html
2026-04-23T04:11:24.9952764Z   retention-days: 7
2026-04-23T04:11:24.9953005Z   if-no-files-found: warn
2026-04-23T04:11:24.9953258Z   compression-level: 6
2026-04-23T04:11:24.9953515Z   overwrite: false
2026-04-23T04:11:24.9953749Z   include-hidden-files: false
2026-04-23T04:11:24.9954035Z ##[endgroup]
2026-04-23T04:11:25.2058839Z ##[warning]No files were found with the provided path: app/build/reports/lint-results-debug.html. No artifacts will be uploaded.
2026-04-23T04:11:25.2205734Z ##[group]Run actions/upload-artifact@v4
2026-04-23T04:11:25.2206313Z with:
2026-04-23T04:11:25.2206539Z   name: detekt-report
2026-04-23T04:11:25.2206782Z   path: app/build/reports/detekt/
2026-04-23T04:11:25.2207054Z   retention-days: 7
2026-04-23T04:11:25.2207289Z   if-no-files-found: warn
2026-04-23T04:11:25.2207540Z   compression-level: 6
2026-04-23T04:11:25.2207777Z   overwrite: false
2026-04-23T04:11:25.2208016Z   include-hidden-files: false
2026-04-23T04:11:25.2208281Z ##[endgroup]
2026-04-23T04:11:25.4296657Z ##[warning]No files were found with the provided path: app/build/reports/detekt/. No artifacts will be uploaded.
2026-04-23T04:11:25.4479449Z ##[group]Run actions/upload-artifact@v4
2026-04-23T04:11:25.4479777Z with:
2026-04-23T04:11:25.4480005Z   name: test-results
2026-04-23T04:11:25.4480269Z   path: app/build/test-results/
2026-04-23T04:11:25.4480545Z   retention-days: 7
2026-04-23T04:11:25.4480782Z   if-no-files-found: warn
2026-04-23T04:11:25.4481069Z   compression-level: 6
2026-04-23T04:11:25.4481306Z   overwrite: false
2026-04-23T04:11:25.4481544Z   include-hidden-files: false
2026-04-23T04:11:25.4481800Z ##[endgroup]
2026-04-23T04:11:25.6567508Z ##[warning]No files were found with the provided path: app/build/test-results/. No artifacts will be uploaded.
2026-04-23T04:11:25.6754182Z Post job cleanup.
2026-04-23T04:11:25.7695115Z [command]/usr/bin/git version
2026-04-23T04:11:25.7738742Z git version 2.53.0
2026-04-23T04:11:25.7779968Z Temporarily overriding HOME='/home/runner/work/_temp/ba7d7af2-fd32-423c-a651-84718374c572' before making global git config changes
2026-04-23T04:11:25.7781297Z Adding repository directory to the temporary git global config as a safe directory
2026-04-23T04:11:25.7786142Z [command]/usr/bin/git config --global --add safe.directory /home/runner/work/prismTask/prismTask
2026-04-23T04:11:25.7820580Z [command]/usr/bin/git config --local --name-only --get-regexp core\.sshCommand
2026-04-23T04:11:25.7853134Z [command]/usr/bin/git submodule foreach --recursive sh -c "git config --local --name-only --get-regexp 'core\.sshCommand' && git config --local --unset-all 'core.sshCommand' || :"
2026-04-23T04:11:25.8084998Z [command]/usr/bin/git config --local --name-only --get-regexp http\.https\:\/\/github\.com\/\.extraheader
2026-04-23T04:11:25.8106214Z http.https://github.com/.extraheader
2026-04-23T04:11:25.8118666Z [command]/usr/bin/git config --local --unset-all http.https://github.com/.extraheader
2026-04-23T04:11:25.8150887Z [command]/usr/bin/git submodule foreach --recursive sh -c "git config --local --name-only --get-regexp 'http\.https\:\/\/github\.com\/\.extraheader' && git config --local --unset-all 'http.https://github.com/.extraheader' || :"
2026-04-23T04:11:25.8378507Z [command]/usr/bin/git config --local --name-only --get-regexp ^includeIf\.gitdir:
2026-04-23T04:11:25.8410219Z [command]/usr/bin/git submodule foreach --recursive git config --local --show-origin --name-only --get-regexp remote.origin.url
2026-04-23T04:11:25.8765172Z Cleaning up orphan processes
2026-04-23T04:11:25.9047824Z ##[warning]Node.js 20 actions are deprecated. The following actions are running on Node.js 20 and may not work as expected: actions/checkout@v4, actions/github-script@v7, actions/upload-artifact@v4. Actions will be forced to run with Node.js 24 by default starting June 2nd, 2026. Node.js 20 will be removed from the runner on September 16th, 2026. Please check if updated versions of these actions are available that support Node.js 24. To opt into Node.js 24 now, set the FORCE_JAVASCRIPT_ACTIONS_TO_NODE24=true environment variable on the runner or in your workflow file. Once Node.js 24 becomes the default, you can temporarily opt out by setting ACTIONS_ALLOW_USE_UNSECURE_NODE_VERSION=true. For more information see: https://github.blog/changelog/2025-09-19-deprecation-of-node-20-on-github-actions-runners/
