=== CI FAILURE ===
Workflow:      Android CI
Workflow file: averycorp/prismTask/.github/workflows/android-ci.yml@refs/pull/910/merge
Job(s):        autofix
Run ID:        25071870941
Run attempt:   1
Run URL:       https://github.com/averycorp/prismTask/actions/runs/25071870941
Commit:        c64c03a90270f60d16317e14606b32a7d8f0c389
Branch:        910/merge
Event:         pull_request
Actor:         akarlin3
Runner OS:     Linux
Timestamp:     2026-04-28T19:04:25.565Z

Failed steps:
  - autofix: #9 Commit formatting fixes

=== FAILED JOB LOG ===

--- Job: autofix (id 73454039193) ---
2026-04-28T18:57:04.1985924Z Current runner version: '2.334.0'
2026-04-28T18:57:04.2011334Z ##[group]Runner Image Provisioner
2026-04-28T18:57:04.2012110Z Hosted Compute Agent
2026-04-28T18:57:04.2013198Z Version: 20260422.526
2026-04-28T18:57:04.2013945Z Commit: e1a9e573f4d0838b3a7c1b07401aeb29ed3635a9
2026-04-28T18:57:04.2014653Z Build Date: 2026-04-22T09:31:31Z
2026-04-28T18:57:04.2015298Z Worker ID: {e82d83c2-26ae-4a4f-887d-1d14202a8c05}
2026-04-28T18:57:04.2016030Z Azure Region: northcentralus
2026-04-28T18:57:04.2016616Z ##[endgroup]
2026-04-28T18:57:04.2018231Z ##[group]Operating System
2026-04-28T18:57:04.2018980Z Ubuntu
2026-04-28T18:57:04.2019445Z 24.04.4
2026-04-28T18:57:04.2019868Z LTS
2026-04-28T18:57:04.2020372Z ##[endgroup]
2026-04-28T18:57:04.2020864Z ##[group]Runner Image
2026-04-28T18:57:04.2021390Z Image: ubuntu-24.04
2026-04-28T18:57:04.2021989Z Version: 20260426.100.1
2026-04-28T18:57:04.2023464Z Included Software: https://github.com/actions/runner-images/blob/ubuntu24/20260426.100/images/ubuntu/Ubuntu2404-Readme.md
2026-04-28T18:57:04.2024945Z Image Release: https://github.com/actions/runner-images/releases/tag/ubuntu24%2F20260426.100
2026-04-28T18:57:04.2025842Z ##[endgroup]
2026-04-28T18:57:04.2027166Z ##[group]GITHUB_TOKEN Permissions
2026-04-28T18:57:04.2029022Z Actions: read
2026-04-28T18:57:04.2029552Z Checks: read
2026-04-28T18:57:04.2030205Z Contents: write
2026-04-28T18:57:04.2030685Z Metadata: read
2026-04-28T18:57:04.2031214Z PullRequests: read
2026-04-28T18:57:04.2031748Z ##[endgroup]
2026-04-28T18:57:04.2034096Z Secret source: Actions
2026-04-28T18:57:04.2034893Z Prepare workflow directory
2026-04-28T18:57:04.2387448Z Prepare all required actions
2026-04-28T18:57:04.2428963Z Getting action download info
2026-04-28T18:57:04.6647106Z Download action repository 'actions/checkout@v4' (SHA:34e114876b0b11c390a56381ad16ebd13914f8d5)
2026-04-28T18:57:04.8018288Z Download action repository 'dorny/paths-filter@v3' (SHA:d1c1ffe0248fe513906c8e24db8ea791d46f8590)
2026-04-28T18:57:05.1905804Z Download action repository 'actions/cache@v4' (SHA:0057852bfaa89a56745cba8c7296529d2fc39830)
2026-04-28T18:57:05.3915827Z Complete job name: autofix
2026-04-28T18:57:05.4741754Z ##[group]Run actions/checkout@v4
2026-04-28T18:57:05.4742956Z with:
2026-04-28T18:57:05.4744069Z   token: ***
2026-04-28T18:57:05.4744545Z   ref: feat/task-timing-firestore-sync
2026-04-28T18:57:05.4745108Z   fetch-depth: 0
2026-04-28T18:57:05.4745559Z   repository: averycorp/prismTask
2026-04-28T18:57:05.4746083Z   ssh-strict: true
2026-04-28T18:57:05.4746505Z   ssh-user: git
2026-04-28T18:57:05.4746968Z   persist-credentials: true
2026-04-28T18:57:05.4747461Z   clean: true
2026-04-28T18:57:05.4747903Z   sparse-checkout-cone-mode: true
2026-04-28T18:57:05.4748447Z   fetch-tags: false
2026-04-28T18:57:05.4748944Z   show-progress: true
2026-04-28T18:57:05.4749388Z   lfs: false
2026-04-28T18:57:05.4749796Z   submodules: false
2026-04-28T18:57:05.4750235Z   set-safe-directory: true
2026-04-28T18:57:05.4750997Z ##[endgroup]
2026-04-28T18:57:05.5886186Z Syncing repository: averycorp/prismTask
2026-04-28T18:57:05.5888138Z ##[group]Getting Git version info
2026-04-28T18:57:05.5888975Z Working directory is '/home/runner/work/prismTask/prismTask'
2026-04-28T18:57:05.5889994Z [command]/usr/bin/git version
2026-04-28T18:57:05.5971068Z git version 2.54.0
2026-04-28T18:57:05.5998318Z ##[endgroup]
2026-04-28T18:57:05.6013691Z Temporarily overriding HOME='/home/runner/work/_temp/a8df0f69-0c83-40ae-a818-43980bbf9617' before making global git config changes
2026-04-28T18:57:05.6015153Z Adding repository directory to the temporary git global config as a safe directory
2026-04-28T18:57:05.6019289Z [command]/usr/bin/git config --global --add safe.directory /home/runner/work/prismTask/prismTask
2026-04-28T18:57:05.6066774Z Deleting the contents of '/home/runner/work/prismTask/prismTask'
2026-04-28T18:57:05.6070722Z ##[group]Initializing the repository
2026-04-28T18:57:05.6075046Z [command]/usr/bin/git init /home/runner/work/prismTask/prismTask
2026-04-28T18:57:05.6173134Z hint: Using 'master' as the name for the initial branch. This default branch name
2026-04-28T18:57:05.6175404Z hint: will change to "main" in Git 3.0. To configure the initial branch name
2026-04-28T18:57:05.6176975Z hint: to use in all of your new repositories, which will suppress this warning,
2026-04-28T18:57:05.6177826Z hint: call:
2026-04-28T18:57:05.6178752Z hint:
2026-04-28T18:57:05.6179697Z hint: 	git config --global init.defaultBranch <name>
2026-04-28T18:57:05.6180367Z hint:
2026-04-28T18:57:05.6180969Z hint: Names commonly chosen instead of 'master' are 'main', 'trunk' and
2026-04-28T18:57:05.6181981Z hint: 'development'. The just-created branch can be renamed via this command:
2026-04-28T18:57:05.6183175Z hint:
2026-04-28T18:57:05.6183611Z hint: 	git branch -m <name>
2026-04-28T18:57:05.6184318Z hint:
2026-04-28T18:57:05.6185065Z hint: Disable this message with "git config set advice.defaultBranchName false"
2026-04-28T18:57:05.6186186Z Initialized empty Git repository in /home/runner/work/prismTask/prismTask/.git/
2026-04-28T18:57:05.6190631Z [command]/usr/bin/git remote add origin https://github.com/averycorp/prismTask
2026-04-28T18:57:05.6231861Z ##[endgroup]
2026-04-28T18:57:05.6233547Z ##[group]Disabling automatic garbage collection
2026-04-28T18:57:05.6237313Z [command]/usr/bin/git config --local gc.auto 0
2026-04-28T18:57:05.6267173Z ##[endgroup]
2026-04-28T18:57:05.6268583Z ##[group]Setting up auth
2026-04-28T18:57:05.6275542Z [command]/usr/bin/git config --local --name-only --get-regexp core\.sshCommand
2026-04-28T18:57:05.6310444Z [command]/usr/bin/git submodule foreach --recursive sh -c "git config --local --name-only --get-regexp 'core\.sshCommand' && git config --local --unset-all 'core.sshCommand' || :"
2026-04-28T18:57:05.6661546Z [command]/usr/bin/git config --local --name-only --get-regexp http\.https\:\/\/github\.com\/\.extraheader
2026-04-28T18:57:05.6693676Z [command]/usr/bin/git submodule foreach --recursive sh -c "git config --local --name-only --get-regexp 'http\.https\:\/\/github\.com\/\.extraheader' && git config --local --unset-all 'http.https://github.com/.extraheader' || :"
2026-04-28T18:57:05.6923378Z [command]/usr/bin/git config --local --name-only --get-regexp ^includeIf\.gitdir:
2026-04-28T18:57:05.6953139Z [command]/usr/bin/git submodule foreach --recursive git config --local --show-origin --name-only --get-regexp remote.origin.url
2026-04-28T18:57:05.7179967Z [command]/usr/bin/git config --local http.https://github.com/.extraheader AUTHORIZATION: basic ***
2026-04-28T18:57:05.7215014Z ##[endgroup]
2026-04-28T18:57:05.7215963Z ##[group]Fetching the repository
2026-04-28T18:57:05.7224542Z [command]/usr/bin/git -c protocol.version=2 fetch --prune --no-recurse-submodules origin +refs/heads/*:refs/remotes/origin/* +refs/tags/*:refs/tags/*
2026-04-28T18:57:24.5209603Z From https://github.com/averycorp/prismTask
2026-04-28T18:57:24.5210455Z  * [new branch]        ci-logs         -> origin/ci-logs
2026-04-28T18:57:24.5211609Z  * [new branch]        feat/task-timing-firestore-sync -> origin/feat/task-timing-firestore-sync
2026-04-28T18:57:24.5213305Z  * [new branch]        feat/time-tracking-aggregator -> origin/feat/time-tracking-aggregator
2026-04-28T18:57:24.5214815Z  * [new branch]        fix/disable-flaky-fuzz06-medication -> origin/fix/disable-flaky-fuzz06-medication
2026-04-28T18:57:24.5215830Z  * [new branch]        main            -> origin/main
2026-04-28T18:57:24.5216481Z  * [new branch]        v0.1.0-legacy   -> origin/v0.1.0-legacy
2026-04-28T18:57:24.5217048Z  * [new branch]        v0.2.0-legacy   -> origin/v0.2.0-legacy
2026-04-28T18:57:24.5217748Z  * [new branch]        v0.3.0-legacy   -> origin/v0.3.0-legacy
2026-04-28T18:57:24.5218491Z  * [new branch]        v0.4.0-legacy   -> origin/v0.4.0-legacy
2026-04-28T18:57:24.5219203Z  * [new branch]        v0.5.0-legacy   -> origin/v0.5.0-legacy
2026-04-28T18:57:24.5219919Z  * [new branch]        v0.6.0-legacy   -> origin/v0.6.0-legacy
2026-04-28T18:57:24.5220732Z  * [new branch]        v0.7.0-legacy   -> origin/v0.7.0-legacy
2026-04-28T18:57:24.5221908Z  * [new tag]           v0.1.0          -> v0.1.0
2026-04-28T18:57:24.5222998Z  * [new tag]           v0.2.0          -> v0.2.0
2026-04-28T18:57:24.5223667Z  * [new tag]           v0.3.0          -> v0.3.0
2026-04-28T18:57:24.5224500Z  * [new tag]           v0.4.0          -> v0.4.0
2026-04-28T18:57:24.5225117Z  * [new tag]           v0.5.0          -> v0.5.0
2026-04-28T18:57:24.5225678Z  * [new tag]           v0.7.0          -> v0.7.0
2026-04-28T18:57:24.5226221Z  * [new tag]           v0.7.12         -> v0.7.12
2026-04-28T18:57:24.5226811Z  * [new tag]           v0.7.13         -> v0.7.13
2026-04-28T18:57:24.5227404Z  * [new tag]           v0.7.14         -> v0.7.14
2026-04-28T18:57:24.5228002Z  * [new tag]           v0.7.15         -> v0.7.15
2026-04-28T18:57:24.5228568Z  * [new tag]           v0.7.16         -> v0.7.16
2026-04-28T18:57:24.5229159Z  * [new tag]           v0.7.17         -> v0.7.17
2026-04-28T18:57:24.5229762Z  * [new tag]           v0.7.17-build.2 -> v0.7.17-build.2
2026-04-28T18:57:24.5230432Z  * [new tag]           v0.7.17-build.3 -> v0.7.17-build.3
2026-04-28T18:57:24.5231113Z  * [new tag]           v0.7.17-build.4 -> v0.7.17-build.4
2026-04-28T18:57:24.5231772Z  * [new tag]           v0.7.17-build.5 -> v0.7.17-build.5
2026-04-28T18:57:24.5232827Z  * [new tag]           v0.7.17-build.6 -> v0.7.17-build.6
2026-04-28T18:57:24.5233602Z  * [new tag]           v0.7.17-build.7 -> v0.7.17-build.7
2026-04-28T18:57:24.5234254Z  * [new tag]           v0.7.17-build.8 -> v0.7.17-build.8
2026-04-28T18:57:24.5234890Z  * [new tag]           v0.7.17-build.9 -> v0.7.17-build.9
2026-04-28T18:57:24.5235515Z  * [new tag]           v0.7.18         -> v0.7.18
2026-04-28T18:57:24.5236127Z  * [new tag]           v0.7.18-build.2 -> v0.7.18-build.2
2026-04-28T18:57:24.5236761Z  * [new tag]           v0.7.18-build.3 -> v0.7.18-build.3
2026-04-28T18:57:24.5237398Z  * [new tag]           v0.7.18-build.4 -> v0.7.18-build.4
2026-04-28T18:57:24.5237994Z  * [new tag]           v0.7.19         -> v0.7.19
2026-04-28T18:57:24.5238634Z  * [new tag]           v0.7.19-build.2 -> v0.7.19-build.2
2026-04-28T18:57:24.5239481Z  * [new tag]           v0.7.20         -> v0.7.20
2026-04-28T18:57:24.5240117Z  * [new tag]           v0.7.20-build.2 -> v0.7.20-build.2
2026-04-28T18:57:24.5240740Z  * [new tag]           v0.7.20-build.3 -> v0.7.20-build.3
2026-04-28T18:57:24.5241347Z  * [new tag]           v0.7.20-build.4 -> v0.7.20-build.4
2026-04-28T18:57:24.5241952Z  * [new tag]           v0.8.0          -> v0.8.0
2026-04-28T18:57:24.5242843Z  * [new tag]           v0.8.0-build.2  -> v0.8.0-build.2
2026-04-28T18:57:24.5243457Z  * [new tag]           v0.8.1          -> v0.8.1
2026-04-28T18:57:24.5244045Z  * [new tag]           v0.8.10         -> v0.8.10
2026-04-28T18:57:24.5244630Z  * [new tag]           v0.8.11         -> v0.8.11
2026-04-28T18:57:24.5245204Z  * [new tag]           v0.8.12         -> v0.8.12
2026-04-28T18:57:24.5245769Z  * [new tag]           v0.8.13         -> v0.8.13
2026-04-28T18:57:24.5246340Z  * [new tag]           v0.8.14         -> v0.8.14
2026-04-28T18:57:24.5246932Z  * [new tag]           v0.8.15         -> v0.8.15
2026-04-28T18:57:24.5247506Z  * [new tag]           v0.8.2          -> v0.8.2
2026-04-28T18:57:24.5248079Z  * [new tag]           v0.8.3          -> v0.8.3
2026-04-28T18:57:24.5248648Z  * [new tag]           v0.8.4          -> v0.8.4
2026-04-28T18:57:24.5249205Z  * [new tag]           v0.8.5          -> v0.8.5
2026-04-28T18:57:24.5249773Z  * [new tag]           v0.8.6          -> v0.8.6
2026-04-28T18:57:24.5250339Z  * [new tag]           v0.8.7          -> v0.8.7
2026-04-28T18:57:24.5250896Z  * [new tag]           v0.8.8          -> v0.8.8
2026-04-28T18:57:24.5251460Z  * [new tag]           v0.8.9          -> v0.8.9
2026-04-28T18:57:24.5252025Z  * [new tag]           v0.9.1          -> v0.9.1
2026-04-28T18:57:24.5252848Z  * [new tag]           v0.9.2          -> v0.9.2
2026-04-28T18:57:24.5253435Z  * [new tag]           v1.0.1          -> v1.0.1
2026-04-28T18:57:24.5254027Z  * [new tag]           v1.0.10         -> v1.0.10
2026-04-28T18:57:24.5254865Z  * [new tag]           v1.0.11         -> v1.0.11
2026-04-28T18:57:24.5255496Z  * [new tag]           v1.0.12         -> v1.0.12
2026-04-28T18:57:24.5256156Z  * [new tag]           v1.0.13         -> v1.0.13
2026-04-28T18:57:24.5256744Z  * [new tag]           v1.0.2          -> v1.0.2
2026-04-28T18:57:24.5257316Z  * [new tag]           v1.0.3          -> v1.0.3
2026-04-28T18:57:24.5257888Z  * [new tag]           v1.0.4          -> v1.0.4
2026-04-28T18:57:24.5258464Z  * [new tag]           v1.0.5          -> v1.0.5
2026-04-28T18:57:24.5259037Z  * [new tag]           v1.0.6          -> v1.0.6
2026-04-28T18:57:24.5259600Z  * [new tag]           v1.0.7          -> v1.0.7
2026-04-28T18:57:24.5260169Z  * [new tag]           v1.0.8          -> v1.0.8
2026-04-28T18:57:24.5260725Z  * [new tag]           v1.0.9          -> v1.0.9
2026-04-28T18:57:24.5261274Z  * [new tag]           v1.1.1          -> v1.1.1
2026-04-28T18:57:24.5261865Z  * [new tag]           v1.1.1-build.2  -> v1.1.1-build.2
2026-04-28T18:57:24.5262814Z  * [new tag]           v1.1.1-build.3  -> v1.1.1-build.3
2026-04-28T18:57:24.5263313Z  * [new tag]           v1.1.1-build.4  -> v1.1.1-build.4
2026-04-28T18:57:24.5263691Z  * [new tag]           v1.1.10         -> v1.1.10
2026-04-28T18:57:24.5264058Z  * [new tag]           v1.1.11         -> v1.1.11
2026-04-28T18:57:24.5264394Z  * [new tag]           v1.1.12         -> v1.1.12
2026-04-28T18:57:24.5264788Z  * [new tag]           v1.1.2          -> v1.1.2
2026-04-28T18:57:24.5265136Z  * [new tag]           v1.1.3          -> v1.1.3
2026-04-28T18:57:24.5265483Z  * [new tag]           v1.1.4          -> v1.1.4
2026-04-28T18:57:24.5265813Z  * [new tag]           v1.1.5          -> v1.1.5
2026-04-28T18:57:24.5266145Z  * [new tag]           v1.1.6          -> v1.1.6
2026-04-28T18:57:24.5266643Z  * [new tag]           v1.1.7          -> v1.1.7
2026-04-28T18:57:24.5267059Z  * [new tag]           v1.1.8          -> v1.1.8
2026-04-28T18:57:24.5267394Z  * [new tag]           v1.1.9          -> v1.1.9
2026-04-28T18:57:24.5267743Z  * [new tag]           v1.3.0          -> v1.3.0
2026-04-28T18:57:24.5268260Z  * [new tag]           v1.3.1          -> v1.3.1
2026-04-28T18:57:24.5268621Z  * [new tag]           v1.3.10         -> v1.3.10
2026-04-28T18:57:24.5268963Z  * [new tag]           v1.3.11         -> v1.3.11
2026-04-28T18:57:24.5269320Z  * [new tag]           v1.3.11-build.2 -> v1.3.11-build.2
2026-04-28T18:57:24.5269681Z  * [new tag]           v1.3.12         -> v1.3.12
2026-04-28T18:57:24.5270017Z  * [new tag]           v1.3.13         -> v1.3.13
2026-04-28T18:57:24.5270368Z  * [new tag]           v1.3.13-build.2 -> v1.3.13-build.2
2026-04-28T18:57:24.5270728Z  * [new tag]           v1.3.14         -> v1.3.14
2026-04-28T18:57:24.5271062Z  * [new tag]           v1.3.15         -> v1.3.15
2026-04-28T18:57:24.5271393Z  * [new tag]           v1.3.16         -> v1.3.16
2026-04-28T18:57:24.5271723Z  * [new tag]           v1.3.17         -> v1.3.17
2026-04-28T18:57:24.5272068Z  * [new tag]           v1.3.18         -> v1.3.18
2026-04-28T18:57:24.5272774Z  * [new tag]           v1.3.19         -> v1.3.19
2026-04-28T18:57:24.5273373Z  * [new tag]           v1.3.2          -> v1.3.2
2026-04-28T18:57:24.5273760Z  * [new tag]           v1.3.20         -> v1.3.20
2026-04-28T18:57:24.5274098Z  * [new tag]           v1.3.21         -> v1.3.21
2026-04-28T18:57:24.5274430Z  * [new tag]           v1.3.22         -> v1.3.22
2026-04-28T18:57:24.5274760Z  * [new tag]           v1.3.23         -> v1.3.23
2026-04-28T18:57:24.5275092Z  * [new tag]           v1.3.24         -> v1.3.24
2026-04-28T18:57:24.5275421Z  * [new tag]           v1.3.25         -> v1.3.25
2026-04-28T18:57:24.5275753Z  * [new tag]           v1.3.26         -> v1.3.26
2026-04-28T18:57:24.5276087Z  * [new tag]           v1.3.27         -> v1.3.27
2026-04-28T18:57:24.5276415Z  * [new tag]           v1.3.28         -> v1.3.28
2026-04-28T18:57:24.5276748Z  * [new tag]           v1.3.29         -> v1.3.29
2026-04-28T18:57:24.5277317Z  * [new tag]           v1.3.3          -> v1.3.3
2026-04-28T18:57:24.5277665Z  * [new tag]           v1.3.30         -> v1.3.30
2026-04-28T18:57:24.5277994Z  * [new tag]           v1.3.31         -> v1.3.31
2026-04-28T18:57:24.5278332Z  * [new tag]           v1.3.32         -> v1.3.32
2026-04-28T18:57:24.5278664Z  * [new tag]           v1.3.33         -> v1.3.33
2026-04-28T18:57:24.5279152Z  * [new tag]           v1.3.34         -> v1.3.34
2026-04-28T18:57:24.5279810Z  * [new tag]           v1.3.35         -> v1.3.35
2026-04-28T18:57:24.5280224Z  * [new tag]           v1.3.36         -> v1.3.36
2026-04-28T18:57:24.5280556Z  * [new tag]           v1.3.37         -> v1.3.37
2026-04-28T18:57:24.5280893Z  * [new tag]           v1.3.38         -> v1.3.38
2026-04-28T18:57:24.5281234Z  * [new tag]           v1.3.39         -> v1.3.39
2026-04-28T18:57:24.5281561Z  * [new tag]           v1.3.4          -> v1.3.4
2026-04-28T18:57:24.5281897Z  * [new tag]           v1.3.40         -> v1.3.40
2026-04-28T18:57:24.5282251Z  * [new tag]           v1.3.41         -> v1.3.41
2026-04-28T18:57:24.5283004Z  * [new tag]           v1.3.42         -> v1.3.42
2026-04-28T18:57:24.5283400Z  * [new tag]           v1.3.43         -> v1.3.43
2026-04-28T18:57:24.5354545Z  * [new tag]           v1.3.44         -> v1.3.44
2026-04-28T18:57:24.5355345Z  * [new tag]           v1.3.45         -> v1.3.45
2026-04-28T18:57:24.5356080Z  * [new tag]           v1.3.46         -> v1.3.46
2026-04-28T18:57:24.5356840Z  * [new tag]           v1.3.47         -> v1.3.47
2026-04-28T18:57:24.5357508Z  * [new tag]           v1.3.48         -> v1.3.48
2026-04-28T18:57:24.5358056Z  * [new tag]           v1.3.49         -> v1.3.49
2026-04-28T18:57:24.5358623Z  * [new tag]           v1.3.5          -> v1.3.5
2026-04-28T18:57:24.5359222Z  * [new tag]           v1.3.5-build.2  -> v1.3.5-build.2
2026-04-28T18:57:24.5359783Z  * [new tag]           v1.3.50         -> v1.3.50
2026-04-28T18:57:24.5360410Z  * [new tag]           v1.3.51         -> v1.3.51
2026-04-28T18:57:24.5361077Z  * [new tag]           v1.3.52         -> v1.3.52
2026-04-28T18:57:24.5361956Z  * [new tag]           v1.3.53         -> v1.3.53
2026-04-28T18:57:24.5362974Z  * [new tag]           v1.3.54         -> v1.3.54
2026-04-28T18:57:24.5363631Z  * [new tag]           v1.3.55         -> v1.3.55
2026-04-28T18:57:24.5364223Z  * [new tag]           v1.3.56         -> v1.3.56
2026-04-28T18:57:24.5364906Z  * [new tag]           v1.3.57         -> v1.3.57
2026-04-28T18:57:24.5365521Z  * [new tag]           v1.3.58         -> v1.3.58
2026-04-28T18:57:24.5366117Z  * [new tag]           v1.3.59         -> v1.3.59
2026-04-28T18:57:24.5366721Z  * [new tag]           v1.3.6          -> v1.3.6
2026-04-28T18:57:24.5367312Z  * [new tag]           v1.3.60         -> v1.3.60
2026-04-28T18:57:24.5367905Z  * [new tag]           v1.3.61         -> v1.3.61
2026-04-28T18:57:24.5368521Z  * [new tag]           v1.3.62         -> v1.3.62
2026-04-28T18:57:24.5369137Z  * [new tag]           v1.3.7          -> v1.3.7
2026-04-28T18:57:24.5369769Z  * [new tag]           v1.3.8          -> v1.3.8
2026-04-28T18:57:24.5370376Z  * [new tag]           v1.3.9          -> v1.3.9
2026-04-28T18:57:24.5370989Z  * [new tag]           v1.4.40         -> v1.4.40
2026-04-28T18:57:24.5371616Z  * [new tag]           v1.5.0          -> v1.5.0
2026-04-28T18:57:24.5372214Z  * [new tag]           v1.5.2          -> v1.5.2
2026-04-28T18:57:24.5373183Z  * [new tag]           v1.5.3          -> v1.5.3
2026-04-28T18:57:24.5373849Z  * [new tag]           v1.6.0          -> v1.6.0
2026-04-28T18:57:24.5374484Z  * [new tag]           v1.7.0          -> v1.7.0
2026-04-28T18:57:24.5375136Z  * [new tag]           v1.7.37         -> v1.7.37
2026-04-28T18:57:24.5375731Z  * [new tag]           v1.7.38         -> v1.7.38
2026-04-28T18:57:24.5376370Z  * [new tag]           v1.7.39         -> v1.7.39
2026-04-28T18:57:24.5376879Z  * [new tag]           v1.7.40         -> v1.7.40
2026-04-28T18:57:24.5377226Z  * [new tag]           v1.7.41         -> v1.7.41
2026-04-28T18:57:24.5377802Z  * [new tag]           v1.7.42         -> v1.7.42
2026-04-28T18:57:24.5378156Z  * [new tag]           v1.7.43         -> v1.7.43
2026-04-28T18:57:24.5378493Z  * [new tag]           v1.7.44         -> v1.7.44
2026-04-28T18:57:24.5378830Z  * [new tag]           v1.7.45         -> v1.7.45
2026-04-28T18:57:24.5379155Z  * [new tag]           v1.7.46         -> v1.7.46
2026-04-28T18:57:24.5379484Z  * [new tag]           v1.7.47         -> v1.7.47
2026-04-28T18:57:24.5379818Z  * [new tag]           v1.7.48         -> v1.7.48
2026-04-28T18:57:24.5380140Z  * [new tag]           v1.7.49         -> v1.7.49
2026-04-28T18:57:24.5380467Z  * [new tag]           v1.7.50         -> v1.7.50
2026-04-28T18:57:24.5380810Z  * [new tag]           v1.7.51         -> v1.7.51
2026-04-28T18:57:24.5381147Z  * [new tag]           v1.7.52         -> v1.7.52
2026-04-28T18:57:24.5381478Z  * [new tag]           v1.7.53         -> v1.7.53
2026-04-28T18:57:24.5381816Z  * [new tag]           v1.7.54         -> v1.7.54
2026-04-28T18:57:24.5382149Z  * [new tag]           v1.7.55         -> v1.7.55
2026-04-28T18:57:24.5382836Z  * [new tag]           v1.7.56         -> v1.7.56
2026-04-28T18:57:24.5383180Z  * [new tag]           v1.7.57         -> v1.7.57
2026-04-28T18:57:24.5383500Z  * [new tag]           v1.7.58         -> v1.7.58
2026-04-28T18:57:24.5383831Z  * [new tag]           v1.7.59         -> v1.7.59
2026-04-28T18:57:24.5384163Z  * [new tag]           v1.7.60         -> v1.7.60
2026-04-28T18:57:24.5384498Z  * [new tag]           v1.7.61         -> v1.7.61
2026-04-28T18:57:24.5384818Z  * [new tag]           v1.7.62         -> v1.7.62
2026-04-28T18:57:24.5385146Z  * [new tag]           v1.7.63         -> v1.7.63
2026-04-28T18:57:24.5385472Z  * [new tag]           v1.7.64         -> v1.7.64
2026-04-28T18:57:24.5385789Z  * [new tag]           v1.7.65         -> v1.7.65
2026-04-28T18:57:24.5386112Z  * [new tag]           v1.7.66         -> v1.7.66
2026-04-28T18:57:24.5386438Z  * [new tag]           v1.7.67         -> v1.7.67
2026-04-28T18:57:24.5386799Z  * [new tag]           v1.7.68         -> v1.7.68
2026-04-28T18:57:24.5387328Z  * [new tag]           v1.7.69         -> v1.7.69
2026-04-28T18:57:24.5387677Z  * [new tag]           v1.7.70         -> v1.7.70
2026-04-28T18:57:24.5388004Z  * [new tag]           v1.7.71         -> v1.7.71
2026-04-28T18:57:24.5388330Z  * [new tag]           v1.7.72         -> v1.7.72
2026-04-28T18:57:24.5388652Z  * [new tag]           v1.7.73         -> v1.7.73
2026-04-28T18:57:24.5388979Z  * [new tag]           v1.7.74         -> v1.7.74
2026-04-28T18:57:24.5389307Z  * [new tag]           v1.7.75         -> v1.7.75
2026-04-28T18:57:24.5389629Z  * [new tag]           v1.7.76         -> v1.7.76
2026-04-28T18:57:24.5389961Z  * [new tag]           v1.7.77         -> v1.7.77
2026-04-28T18:57:24.5390291Z  * [new tag]           v1.7.78         -> v1.7.78
2026-04-28T18:57:24.5390618Z  * [new tag]           v1.7.79         -> v1.7.79
2026-04-28T18:57:24.5390947Z  * [new tag]           v1.7.80         -> v1.7.80
2026-04-28T18:57:24.5391289Z  * [new tag]           v1.7.81         -> v1.7.81
2026-04-28T18:57:24.5391625Z  * [new tag]           v1.7.82         -> v1.7.82
2026-04-28T18:57:24.5391948Z  * [new tag]           v1.7.83         -> v1.7.83
2026-04-28T18:57:24.5489524Z ##[endgroup]
2026-04-28T18:57:24.5490433Z ##[group]Determining the checkout info
2026-04-28T18:57:24.5495485Z [command]/usr/bin/git branch --list --remote origin/feat/task-timing-firestore-sync
2026-04-28T18:57:24.5524189Z   origin/feat/task-timing-firestore-sync
2026-04-28T18:57:24.5530168Z ##[endgroup]
2026-04-28T18:57:24.5537198Z [command]/usr/bin/git sparse-checkout disable
2026-04-28T18:57:24.5586090Z [command]/usr/bin/git config --local --unset-all extensions.worktreeConfig
2026-04-28T18:57:24.5618191Z ##[group]Checking out the ref
2026-04-28T18:57:24.5623359Z [command]/usr/bin/git checkout --progress --force -B feat/task-timing-firestore-sync refs/remotes/origin/feat/task-timing-firestore-sync
2026-04-28T18:57:24.8171315Z Switched to a new branch 'feat/task-timing-firestore-sync'
2026-04-28T18:57:24.8173739Z branch 'feat/task-timing-firestore-sync' set up to track 'origin/feat/task-timing-firestore-sync'.
2026-04-28T18:57:24.8204189Z ##[endgroup]
2026-04-28T18:57:24.8260226Z [command]/usr/bin/git log -1 --format=%H
2026-04-28T18:57:24.8288256Z 9596dd4159b7c3ce473331318705d8807044129c
2026-04-28T18:57:24.8494752Z ##[group]Run dorny/paths-filter@v3
2026-04-28T18:57:24.8495283Z with:
2026-04-28T18:57:24.8496433Z   filters: android:
  - 'app/**'
  - 'gradlew'
  - 'gradlew.bat'
  - 'gradle/**'
  - 'build.gradle.kts'
  - 'settings.gradle.kts'
  - '.github/workflows/android-ci.yml'
  - '.github/actions/setup-android/**'

2026-04-28T18:57:24.8497986Z   token: ***
2026-04-28T18:57:24.8498348Z   list-files: none
2026-04-28T18:57:24.8498745Z   initial-fetch-depth: 100
2026-04-28T18:57:24.8499212Z   predicate-quantifier: some
2026-04-28T18:57:24.8499628Z ##[endgroup]
2026-04-28T18:57:24.9516714Z ##[group]Fetching list of changed files for PR#910 from Github API
2026-04-28T18:57:24.9527146Z Invoking listFiles(pull_number: 910, per_page: 100)
2026-04-28T18:57:25.2884550Z Received 5 items
2026-04-28T18:57:25.2884984Z [modified] CHANGELOG.md
2026-04-28T18:57:25.2885734Z [modified] app/src/androidTest/java/com/averycorp/prismtask/smoke/TestDatabaseModule.kt
2026-04-28T18:57:25.2886852Z [modified] app/src/main/java/com/averycorp/prismtask/data/remote/SyncService.kt
2026-04-28T18:57:25.2887826Z [modified] app/src/main/java/com/averycorp/prismtask/data/remote/mapper/SyncMapper.kt
2026-04-28T18:57:25.2888927Z [modified] app/src/test/java/com/averycorp/prismtask/data/remote/mapper/SyncMapperContentTest.kt
2026-04-28T18:57:25.2890231Z ##[endgroup]
2026-04-28T18:57:25.2890575Z Detected 5 changed files
2026-04-28T18:57:25.2893051Z Results:
2026-04-28T18:57:25.2894663Z ##[group]Filter android = true
2026-04-28T18:57:25.2895129Z Matching files:
2026-04-28T18:57:25.2903695Z app/src/androidTest/java/com/averycorp/prismtask/smoke/TestDatabaseModule.kt [modified]
2026-04-28T18:57:25.2904983Z app/src/main/java/com/averycorp/prismtask/data/remote/SyncService.kt [modified]
2026-04-28T18:57:25.2906201Z app/src/main/java/com/averycorp/prismtask/data/remote/mapper/SyncMapper.kt [modified]
2026-04-28T18:57:25.2907524Z app/src/test/java/com/averycorp/prismtask/data/remote/mapper/SyncMapperContentTest.kt [modified]
2026-04-28T18:57:25.2908840Z ##[endgroup]
2026-04-28T18:57:25.2909372Z Changes output set to ["android"]
2026-04-28T18:57:25.3696011Z Prepare all required actions
2026-04-28T18:57:25.3696452Z Getting action download info
2026-04-28T18:57:25.5518895Z Download action repository 'actions/setup-java@v4' (SHA:c1e323688fd81a25caa38c78aa6df2d33d3e20d9)
2026-04-28T18:57:26.0859927Z Download action repository 'gradle/actions@v4' (SHA:ed408507eac070d1f99cc633dbcf757c94c7933a)
2026-04-28T18:57:27.1347864Z ##[group]Run ./.github/actions/setup-android
2026-04-28T18:57:27.1348171Z ##[endgroup]
2026-04-28T18:57:27.1487149Z ##[group]Run actions/setup-java@v4
2026-04-28T18:57:27.1487403Z with:
2026-04-28T18:57:27.1487598Z   java-version: 21
2026-04-28T18:57:27.1487792Z   distribution: temurin
2026-04-28T18:57:27.1488004Z   java-package: jdk
2026-04-28T18:57:27.1488205Z   check-latest: false
2026-04-28T18:57:27.1488397Z   server-id: github
2026-04-28T18:57:27.1488602Z   server-username: GITHUB_ACTOR
2026-04-28T18:57:27.1488849Z   server-password: GITHUB_TOKEN
2026-04-28T18:57:27.1489088Z   overwrite-settings: true
2026-04-28T18:57:27.1489358Z   job-status: success
2026-04-28T18:57:27.1489700Z   token: ***
2026-04-28T18:57:27.1489885Z ##[endgroup]
2026-04-28T18:57:27.3643891Z ##[group]Installed distributions
2026-04-28T18:57:27.3988452Z Resolved Java 21.0.11+10 from tool-cache
2026-04-28T18:57:27.3989229Z Setting Java 21.0.11+10 as the default
2026-04-28T18:57:27.4004066Z Creating toolchains.xml for JDK version 21 from temurin
2026-04-28T18:57:27.4088807Z Writing to /home/runner/.m2/toolchains.xml
2026-04-28T18:57:27.4089257Z 
2026-04-28T18:57:27.4089404Z Java configuration:
2026-04-28T18:57:27.4090816Z   Distribution: temurin
2026-04-28T18:57:27.4091791Z   Version: 21.0.11+10
2026-04-28T18:57:27.4093351Z   Path: /opt/hostedtoolcache/Java_Temurin-Hotspot_jdk/21.0.11-10/x64
2026-04-28T18:57:27.4093899Z 
2026-04-28T18:57:27.4094494Z ##[endgroup]
2026-04-28T18:57:27.4110864Z Creating settings.xml with server-id: github
2026-04-28T18:57:27.4119033Z Writing to /home/runner/.m2/settings.xml
2026-04-28T18:57:27.4297019Z ##[group]Run gradle/actions/setup-gradle@v4
2026-04-28T18:57:27.4297297Z with:
2026-04-28T18:57:27.4297489Z   cache-disabled: false
2026-04-28T18:57:27.4297707Z   cache-read-only: true
2026-04-28T18:57:27.4297914Z   cache-write-only: false
2026-04-28T18:57:27.4298149Z   cache-overwrite-existing: false
2026-04-28T18:57:27.4298404Z   cache-cleanup: on-success
2026-04-28T18:57:27.4298686Z   gradle-home-cache-includes: caches
notifications

2026-04-28T18:57:27.4298994Z   add-job-summary: always
2026-04-28T18:57:27.4299234Z   add-job-summary-as-pr-comment: never
2026-04-28T18:57:27.4299512Z   dependency-graph: disabled
2026-04-28T18:57:27.4299812Z   dependency-graph-report-dir: dependency-graph-reports
2026-04-28T18:57:27.4300165Z   dependency-graph-continue-on-failure: true
2026-04-28T18:57:27.4300458Z   build-scan-publish: false
2026-04-28T18:57:27.4300687Z   validate-wrappers: true
2026-04-28T18:57:27.4300920Z   allow-snapshot-wrappers: false
2026-04-28T18:57:27.4301186Z   gradle-home-cache-strict-match: false
2026-04-28T18:57:27.4301458Z   workflow-job-context: null
2026-04-28T18:57:27.4301856Z   github-token: ***
2026-04-28T18:57:27.4302060Z env:
2026-04-28T18:57:27.4303241Z   JAVA_HOME: /opt/hostedtoolcache/Java_Temurin-Hotspot_jdk/21.0.11-10/x64
2026-04-28T18:57:27.4303765Z   JAVA_HOME_21_X64: /opt/hostedtoolcache/Java_Temurin-Hotspot_jdk/21.0.11-10/x64
2026-04-28T18:57:27.4304138Z ##[endgroup]
2026-04-28T18:57:29.7257151Z Merged default JDK locations into /home/runner/.m2/toolchains.xml
2026-04-28T18:57:29.7260918Z ##[group]Restore Gradle state from cache
2026-04-28T18:57:29.8517414Z Cache hit for restore-key: gradle-home-v1|Linux-X64|lint-and-test[5df42585ae8f8da228c604b8b4e8707c]-8051b9ad6b825ba1249dd020d806de9b101d4311
2026-04-28T18:57:30.8230921Z Received 128579843 of 128579843 (100.0%), 143.3 MBs/sec
2026-04-28T18:57:30.8233790Z Cache Size: ~123 MB (128579843 B)
2026-04-28T18:57:30.8268433Z [command]/usr/bin/tar -xf /home/runner/work/_temp/abbcad09-9636-4dac-abe0-94b8b413e3c6/cache.tzst -P -C /home/runner/work/prismTask/prismTask --use-compress-program unzstd
2026-04-28T18:57:31.2168134Z Cache restored successfully
2026-04-28T18:57:31.2229284Z Restored cache entry with key gradle-home-v1|Linux-X64|autofix[5df42585ae8f8da228c604b8b4e8707c]-c64c03a90270f60d16317e14606b32a7d8f0c389 to /home/runner/.gradle/caches,/home/runner/.gradle/notifications,/home/runner/.gradle/.setup-gradle in 1495ms
2026-04-28T18:57:31.3355316Z Cache hit for: gradle-transforms-v1-056536cdefbd318c09dff7e2b77f7606
2026-04-28T18:57:31.3382116Z Cache hit for: gradle-generated-gradle-jars-v1-cb4b032a7d08b9bf1e84e9eacaebcc29
2026-04-28T18:57:31.3388889Z Cache hit for: gradle-instrumented-jars-v1-f4b682b7bcc7340645afc7b1f4a49588
2026-04-28T18:57:31.3401938Z Cache hit for: gradle-groovy-dsl-v1-34f2ec9cb8013cf6c81829165e1d7219
2026-04-28T18:57:31.3460464Z Cache hit for: gradle-dependencies-v1-fe646239d4e76e6b8ff58839ea8802a6
2026-04-28T18:57:31.3465784Z Cache hit for: gradle-wrapper-zips-v1-8c0de4c6bda6041d6e054bf825a89c98
2026-04-28T18:57:31.3506936Z Cache hit for: gradle-kotlin-dsl-v1-7e119fd7fe83ea220d91a1d84498140b
2026-04-28T18:57:31.6779556Z Received 64205 of 64205 (100.0%), 0.3 MBs/sec
2026-04-28T18:57:31.6780220Z Cache Size: ~0 MB (64205 B)
2026-04-28T18:57:31.6812166Z [command]/usr/bin/tar -xf /home/runner/work/_temp/d96d1acb-aa48-4777-9316-abc851afc5e3/cache.tzst -P -C /home/runner/work/prismTask/prismTask --use-compress-program unzstd
2026-04-28T18:57:31.6935391Z Cache restored successfully
2026-04-28T18:57:31.6938573Z Restored cache entry with key gradle-instrumented-jars-v1-f4b682b7bcc7340645afc7b1f4a49588 to /home/runner/.gradle/caches/jars-*/*/ in 469ms
2026-04-28T18:57:31.7314085Z Received 121430 of 121430 (100.0%), 0.5 MBs/sec
2026-04-28T18:57:31.7314724Z Cache Size: ~0 MB (121430 B)
2026-04-28T18:57:31.7546749Z [command]/usr/bin/tar -xf /home/runner/work/_temp/aa7b5839-951d-4859-aca6-a2dfd04c8aa6/cache.tzst -P -C /home/runner/work/prismTask/prismTask --use-compress-program unzstd
2026-04-28T18:57:31.7956800Z Cache restored successfully
2026-04-28T18:57:31.7960256Z Restored cache entry with key gradle-groovy-dsl-v1-34f2ec9cb8013cf6c81829165e1d7219 to /home/runner/.gradle/caches/*/groovy-dsl/*/ in 570ms
2026-04-28T18:57:31.8749421Z Received 571513 of 571513 (100.0%), 1.5 MBs/sec
2026-04-28T18:57:31.8750114Z Cache Size: ~1 MB (571513 B)
2026-04-28T18:57:31.9048734Z [command]/usr/bin/tar -xf /home/runner/work/_temp/352564a4-050c-47dc-9b80-58b91eae4723/cache.tzst -P -C /home/runner/work/prismTask/prismTask --use-compress-program unzstd
2026-04-28T18:57:32.2157253Z Cache restored successfully
2026-04-28T18:57:32.2269510Z Restored cache entry with key gradle-kotlin-dsl-v1-7e119fd7fe83ea220d91a1d84498140b to /home/runner/.gradle/caches/*/kotlin-dsl/accessors/*/,/home/runner/.gradle/caches/*/kotlin-dsl/scripts/*/ in 1001ms
2026-04-28T18:57:32.4438427Z Received 67108864 of 460796946 (14.6%), 63.5 MBs/sec
2026-04-28T18:57:32.4649902Z Received 37799100 of 41993404 (90.0%), 35.8 MBs/sec
2026-04-28T18:57:32.4765416Z Received 50331648 of 829821422 (6.1%), 47.9 MBs/sec
2026-04-28T18:57:32.4922289Z Received 58720256 of 136352669 (43.1%), 55.8 MBs/sec
2026-04-28T18:57:32.5108185Z Received 41993404 of 41993404 (100.0%), 38.0 MBs/sec
2026-04-28T18:57:32.5111213Z Cache Size: ~40 MB (41993404 B)
2026-04-28T18:57:32.5372714Z [command]/usr/bin/tar -xf /home/runner/work/_temp/0a549f6d-9e34-47f6-8817-58dc028d1dfb/cache.tzst -P -C /home/runner/work/prismTask/prismTask --use-compress-program unzstd
2026-04-28T18:57:32.9786454Z Cache restored successfully
2026-04-28T18:57:32.9894044Z Restored cache entry with key gradle-generated-gradle-jars-v1-cb4b032a7d08b9bf1e84e9eacaebcc29 to /home/runner/.gradle/caches/9.3.1/generated-gradle-jars/gradle-api-9.3.1.jar in 1766ms
2026-04-28T18:57:33.1427062Z Received 136352669 of 136352669 (100.0%), 78.6 MBs/sec
2026-04-28T18:57:33.1427911Z Cache Size: ~130 MB (136352669 B)
2026-04-28T18:57:33.1674055Z [command]/usr/bin/tar -xf /home/runner/work/_temp/1c1c3ac8-8168-4fa1-8130-3d463723e209/cache.tzst -P -C /home/runner/work/prismTask/prismTask --use-compress-program unzstd
2026-04-28T18:57:33.4644185Z Received 192937984 of 460796946 (41.9%), 91.0 MBs/sec
2026-04-28T18:57:33.4836623Z Received 159383552 of 829821422 (19.2%), 75.6 MBs/sec
2026-04-28T18:57:33.4993933Z Cache restored successfully
2026-04-28T18:57:33.5090755Z Restored cache entry with key gradle-wrapper-zips-v1-8c0de4c6bda6041d6e054bf825a89c98 to /home/runner/.gradle/wrapper/dists/gradle-9.3.1-bin/23ovyewtku6u96viwx3xl3oks in 2285ms
2026-04-28T18:57:34.4641727Z Received 377487360 of 460796946 (81.9%), 118.9 MBs/sec
2026-04-28T18:57:34.4845904Z Received 343932928 of 829821422 (41.4%), 108.9 MBs/sec
2026-04-28T18:57:35.4000390Z Received 460796946 of 460796946 (100.0%), 110.9 MBs/sec
2026-04-28T18:57:35.4003324Z Cache Size: ~439 MB (460796946 B)
2026-04-28T18:57:35.4191485Z [command]/usr/bin/tar -xf /home/runner/work/_temp/e28d6064-0bcc-4c12-9f53-a0c2cc52c5f5/cache.tzst -P -C /home/runner/work/prismTask/prismTask --use-compress-program unzstd
2026-04-28T18:57:35.4871514Z Received 536870912 of 829821422 (64.7%), 127.6 MBs/sec
2026-04-28T18:57:36.4914150Z Received 738197504 of 829821422 (89.0%), 140.3 MBs/sec
2026-04-28T18:57:36.9412032Z Received 829821422 of 829821422 (100.0%), 144.8 MBs/sec
2026-04-28T18:57:36.9430595Z Cache Size: ~791 MB (829821422 B)
2026-04-28T18:57:36.9456727Z [command]/usr/bin/tar -xf /home/runner/work/_temp/c22d12e2-1fda-4afa-a197-313c366958f2/cache.tzst -P -C /home/runner/work/prismTask/prismTask --use-compress-program unzstd
2026-04-28T18:57:39.0759692Z Cache restored successfully
2026-04-28T18:57:39.1246137Z Restored cache entry with key gradle-dependencies-v1-fe646239d4e76e6b8ff58839ea8802a6 to /home/runner/.gradle/caches/modules-*/files-*/*/*/*/* in 7900ms
2026-04-28T18:57:42.7406670Z Cache restored successfully
2026-04-28T18:57:42.8380298Z Restored cache entry with key gradle-transforms-v1-056536cdefbd318c09dff7e2b77f7606 to /home/runner/.gradle/caches/transforms-4/*/,/home/runner/.gradle/caches/*/transforms/*/ in 11612ms
2026-04-28T18:57:42.8582250Z ##[endgroup]
2026-04-28T18:57:42.8967637Z ##[group]All Gradle Wrapper jars are valid
2026-04-28T18:57:42.8968850Z ✓ Found known Gradle Wrapper JAR files:
2026-04-28T18:57:42.8969461Z   b3a875ddc1f044746e1b1a55f645584505f4a10438c1afea9f15e92a7c42ec13 gradle/wrapper/gradle-wrapper.jar
2026-04-28T18:57:42.8970201Z ##[endgroup]
2026-04-28T18:57:42.9117814Z ##[group]Run chmod +x gradlew
2026-04-28T18:57:42.9118209Z [36;1mchmod +x gradlew[0m
2026-04-28T18:57:42.9231714Z shell: /usr/bin/bash --noprofile --norc -e -o pipefail {0}
2026-04-28T18:57:42.9232145Z env:
2026-04-28T18:57:42.9232774Z   JAVA_HOME: /opt/hostedtoolcache/Java_Temurin-Hotspot_jdk/21.0.11-10/x64
2026-04-28T18:57:42.9233384Z   JAVA_HOME_21_X64: /opt/hostedtoolcache/Java_Temurin-Hotspot_jdk/21.0.11-10/x64
2026-04-28T18:57:42.9233922Z   GRADLE_ACTION_ID: gradle/actions/setup-gradle
2026-04-28T18:57:42.9234290Z   GRADLE_USER_HOME: /home/runner/.gradle
2026-04-28T18:57:42.9234648Z   GRADLE_BUILD_ACTION_SETUP_COMPLETED: true
2026-04-28T18:57:42.9235019Z   GRADLE_BUILD_ACTION_CACHE_RESTORED: true
2026-04-28T18:57:42.9235519Z   DEVELOCITY_INJECTION_INIT_SCRIPT_NAME: gradle-actions.inject-develocity.init.gradle
2026-04-28T18:57:42.9236068Z   DEVELOCITY_INJECTION_CUSTOM_VALUE: gradle-actions
2026-04-28T18:57:42.9236443Z   GITHUB_DEPENDENCY_GRAPH_ENABLED: false
2026-04-28T18:57:42.9236759Z ##[endgroup]
2026-04-28T18:57:43.2429191Z ##[group]Run actions/cache@v4
2026-04-28T18:57:43.2429515Z with:
2026-04-28T18:57:43.2429744Z   path: app/build
2026-04-28T18:57:43.2430207Z   key: app-build-Linux-60f88d44dcf49cb52f506dd927e66ae62ee5a47d0db6c0c05b311f5e47cb64f0
2026-04-28T18:57:43.2430765Z   restore-keys: app-build-Linux-

2026-04-28T18:57:43.2431085Z   enableCrossOsArchive: false
2026-04-28T18:57:43.2431437Z   fail-on-cache-miss: false
2026-04-28T18:57:43.2431710Z   lookup-only: false
2026-04-28T18:57:43.2431963Z   save-always: false
2026-04-28T18:57:43.2432203Z env:
2026-04-28T18:57:43.2432969Z   JAVA_HOME: /opt/hostedtoolcache/Java_Temurin-Hotspot_jdk/21.0.11-10/x64
2026-04-28T18:57:43.2433574Z   JAVA_HOME_21_X64: /opt/hostedtoolcache/Java_Temurin-Hotspot_jdk/21.0.11-10/x64
2026-04-28T18:57:43.2434055Z   GRADLE_ACTION_ID: gradle/actions/setup-gradle
2026-04-28T18:57:43.2434411Z   GRADLE_USER_HOME: /home/runner/.gradle
2026-04-28T18:57:43.2434746Z   GRADLE_BUILD_ACTION_SETUP_COMPLETED: true
2026-04-28T18:57:43.2435130Z   GRADLE_BUILD_ACTION_CACHE_RESTORED: true
2026-04-28T18:57:43.2435624Z   DEVELOCITY_INJECTION_INIT_SCRIPT_NAME: gradle-actions.inject-develocity.init.gradle
2026-04-28T18:57:43.2436148Z   DEVELOCITY_INJECTION_CUSTOM_VALUE: gradle-actions
2026-04-28T18:57:43.2436515Z   GITHUB_DEPENDENCY_GRAPH_ENABLED: false
2026-04-28T18:57:43.2436824Z ##[endgroup]
2026-04-28T18:57:43.5086576Z Cache hit for: app-build-Linux-60f88d44dcf49cb52f506dd927e66ae62ee5a47d0db6c0c05b311f5e47cb64f0
2026-04-28T18:57:44.6133169Z Received 139354729 of 156131945 (89.3%), 132.8 MBs/sec
2026-04-28T18:57:44.6619433Z Received 156131945 of 156131945 (100.0%), 141.1 MBs/sec
2026-04-28T18:57:44.6620478Z Cache Size: ~149 MB (156131945 B)
2026-04-28T18:57:44.6727584Z [command]/usr/bin/tar -xf /home/runner/work/_temp/07acaa60-4d0a-489b-b9e9-8a485e829fe4/cache.tzst -P -C /home/runner/work/prismTask/prismTask --use-compress-program unzstd
2026-04-28T18:57:46.6773548Z Cache restored successfully
2026-04-28T18:57:46.6922307Z Cache restored from key: app-build-Linux-60f88d44dcf49cb52f506dd927e66ae62ee5a47d0db6c0c05b311f5e47cb64f0
2026-04-28T18:57:46.7029243Z ##[group]Run ./gradlew ktlintFormat --continue
2026-04-28T18:57:46.7029703Z [36;1m./gradlew ktlintFormat --continue[0m
2026-04-28T18:57:46.7084988Z shell: /usr/bin/bash -e {0}
2026-04-28T18:57:46.7085300Z env:
2026-04-28T18:57:46.7085672Z   JAVA_HOME: /opt/hostedtoolcache/Java_Temurin-Hotspot_jdk/21.0.11-10/x64
2026-04-28T18:57:46.7086268Z   JAVA_HOME_21_X64: /opt/hostedtoolcache/Java_Temurin-Hotspot_jdk/21.0.11-10/x64
2026-04-28T18:57:46.7086756Z   GRADLE_ACTION_ID: gradle/actions/setup-gradle
2026-04-28T18:57:46.7087127Z   GRADLE_USER_HOME: /home/runner/.gradle
2026-04-28T18:57:46.7087467Z   GRADLE_BUILD_ACTION_SETUP_COMPLETED: true
2026-04-28T18:57:46.7087821Z   GRADLE_BUILD_ACTION_CACHE_RESTORED: true
2026-04-28T18:57:46.7088331Z   DEVELOCITY_INJECTION_INIT_SCRIPT_NAME: gradle-actions.inject-develocity.init.gradle
2026-04-28T18:57:46.7088884Z   DEVELOCITY_INJECTION_CUSTOM_VALUE: gradle-actions
2026-04-28T18:57:46.7089269Z   GITHUB_DEPENDENCY_GRAPH_ENABLED: false
2026-04-28T18:57:46.7089640Z ##[endgroup]
2026-04-28T18:57:50.0238670Z Starting a Gradle Daemon (subsequent builds will be faster)
2026-04-28T18:57:55.3239913Z Configuration on demand is an incubating feature.
2026-04-28T18:58:02.1234188Z 
2026-04-28T18:58:02.1246369Z > Configure project :app
2026-04-28T18:58:02.1247391Z WARNING: The option setting 'android.builtInKotlin=false' is deprecated.
2026-04-28T18:58:02.1255266Z The current default is 'true'.
2026-04-28T18:58:02.1256173Z It will be removed in version 10.0 of the Android Gradle plugin.
2026-04-28T18:58:02.1257177Z WARNING: The option setting 'android.newDsl=false' is deprecated.
2026-04-28T18:58:02.1258021Z The current default is 'true'.
2026-04-28T18:58:02.1258810Z It will be removed in version 10.0 of the Android Gradle plugin.
2026-04-28T18:58:02.1260117Z WARNING: The option setting 'android.dependency.excludeLibraryComponentsFromConstraints=true' is deprecated.
2026-04-28T18:58:02.1261318Z The current default is 'false'.
2026-04-28T18:58:02.1262152Z It will be removed in version 10.0 of the Android Gradle plugin.
2026-04-28T18:58:02.1263391Z Following can be set instead to achieve a similar behaviour.
2026-04-28T18:58:02.1264298Z     android.dependency.useConstraints=false
2026-04-28T18:58:04.3234181Z w: ⚠️ Deprecated 'org.jetbrains.kotlin.android' plugin usage
2026-04-28T18:58:04.3242779Z The 'org.jetbrains.kotlin.android' plugin in project ':app' is no longer required for Kotlin support since AGP 9.0.
2026-04-28T18:58:04.3244638Z Solution: Remove both `android.builtInKotlin=true` and `android.newDsl=false` from `gradle.properties`, then migrate to built-in Kotlin.
2026-04-28T18:58:04.3246449Z See https://kotl.in/gradle/agp-built-in-kotlin for more details.
2026-04-28T18:58:04.3247123Z 
2026-04-28T18:58:04.9253099Z 
2026-04-28T18:58:04.9283438Z > Task :app:loadKtlintReporters FROM-CACHE
2026-04-28T18:58:07.0236001Z > Task :app:runKtlintFormatOverKotlinScripts
2026-04-28T18:58:07.1294173Z > Task :app:runKtlintFormatOverAndroidTestDebugSourceSet NO-SOURCE
2026-04-28T18:58:07.1295580Z > Task :app:ktlintAndroidTestDebugSourceSetFormat SKIPPED
2026-04-28T18:58:07.1323852Z > Task :app:runKtlintFormatOverAndroidTestReleaseSourceSet NO-SOURCE
2026-04-28T18:58:07.1373904Z > Task :app:ktlintAndroidTestReleaseSourceSetFormat SKIPPED
2026-04-28T18:58:07.2265371Z > Task :app:ktlintKotlinScriptFormat
2026-04-28T18:58:11.4313709Z > Task :app:runKtlintFormatOverDebugSourceSet
2026-04-28T18:58:11.6273556Z > Task :app:ktlintDebugSourceSetFormat
2026-04-28T18:58:11.6363559Z > Task :app:runKtlintFormatOverTestDebugSourceSet NO-SOURCE
2026-04-28T18:58:11.6393355Z > Task :app:ktlintTestDebugSourceSetFormat SKIPPED
2026-04-28T18:58:11.6453514Z > Task :app:runKtlintFormatOverTestFixturesDebugSourceSet NO-SOURCE
2026-04-28T18:58:11.6483279Z > Task :app:ktlintTestFixturesDebugSourceSetFormat SKIPPED
2026-04-28T18:58:11.6506611Z > Task :app:runKtlintFormatOverTestFixturesReleaseSourceSet NO-SOURCE
2026-04-28T18:58:11.6563570Z > Task :app:ktlintTestFixturesReleaseSourceSetFormat SKIPPED
2026-04-28T18:58:11.6607847Z > Task :app:runKtlintFormatOverTestFixturesSourceSet NO-SOURCE
2026-04-28T18:58:11.6653412Z > Task :app:ktlintTestFixturesSourceSetFormat SKIPPED
2026-04-28T18:58:11.6683340Z > Task :app:runKtlintFormatOverTestReleaseSourceSet NO-SOURCE
2026-04-28T18:58:11.6743657Z > Task :app:ktlintTestReleaseSourceSetFormat SKIPPED
2026-04-28T18:58:12.3263437Z > Task :app:runKtlintFormatOverReleaseSourceSet
2026-04-28T18:58:12.5240989Z > Task :app:ktlintReleaseSourceSetFormat
2026-04-28T18:58:16.9323735Z > Task :app:runKtlintFormatOverAndroidTestSourceSet
2026-04-28T18:58:17.1243561Z > Task :app:ktlintAndroidTestSourceSetFormat
2026-04-28T18:58:25.7253744Z > Task :app:runKtlintFormatOverTestSourceSet
2026-04-28T18:58:25.8232629Z > Task :app:ktlintTestSourceSetFormat
2026-04-28T18:58:37.2232054Z > Task :app:runKtlintFormatOverMainSourceSet
2026-04-28T18:58:40.4231595Z > Task :app:ktlintMainSourceSetFormat
2026-04-28T18:58:40.4232772Z > Task :app:ktlintFormat
2026-04-28T18:58:40.4243699Z gradle/actions: Writing build results to /home/runner/work/_temp/.gradle-actions/build-results/ktlint_format-1777402677193.json
2026-04-28T18:58:40.4245160Z 
2026-04-28T18:58:40.4246043Z [Incubating] Problems report is available at: file:///home/runner/work/prismTask/prismTask/build/reports/problems/problems-report.html
2026-04-28T18:58:40.4247042Z 
2026-04-28T18:58:40.4247536Z Deprecated Gradle features were used in this build, making it incompatible with Gradle 10.
2026-04-28T18:58:40.4248209Z 
2026-04-28T18:58:40.4248781Z You can use '--warning-mode all' to show the individual deprecation warnings and determine if they come from your own scripts or plugins.
2026-04-28T18:58:40.4249338Z 
2026-04-28T18:58:40.4249878Z For more on this, please refer to https://docs.gradle.org/9.3.1/userguide/command_line_interface.html#sec:command_line_warnings in the Gradle documentation.
2026-04-28T18:58:40.4250512Z 
2026-04-28T18:58:40.4250633Z BUILD SUCCESSFUL in 53s
2026-04-28T18:58:40.4250953Z 13 actionable tasks: 12 executed, 1 from cache
2026-04-28T18:58:40.8495799Z ##[group]Run ./gradlew detekt --auto-correct --continue
2026-04-28T18:58:40.8496273Z [36;1m./gradlew detekt --auto-correct --continue[0m
2026-04-28T18:58:40.8551098Z shell: /usr/bin/bash -e {0}
2026-04-28T18:58:40.8551411Z env:
2026-04-28T18:58:40.8551773Z   JAVA_HOME: /opt/hostedtoolcache/Java_Temurin-Hotspot_jdk/21.0.11-10/x64
2026-04-28T18:58:40.8552619Z   JAVA_HOME_21_X64: /opt/hostedtoolcache/Java_Temurin-Hotspot_jdk/21.0.11-10/x64
2026-04-28T18:58:40.8553145Z   GRADLE_ACTION_ID: gradle/actions/setup-gradle
2026-04-28T18:58:40.8553509Z   GRADLE_USER_HOME: /home/runner/.gradle
2026-04-28T18:58:40.8553843Z   GRADLE_BUILD_ACTION_SETUP_COMPLETED: true
2026-04-28T18:58:40.8554186Z   GRADLE_BUILD_ACTION_CACHE_RESTORED: true
2026-04-28T18:58:40.8554676Z   DEVELOCITY_INJECTION_INIT_SCRIPT_NAME: gradle-actions.inject-develocity.init.gradle
2026-04-28T18:58:40.8555203Z   DEVELOCITY_INJECTION_CUSTOM_VALUE: gradle-actions
2026-04-28T18:58:40.8555610Z   GITHUB_DEPENDENCY_GRAPH_ENABLED: false
2026-04-28T18:58:40.8555923Z ##[endgroup]
2026-04-28T18:58:41.6414226Z Configuration on demand is an incubating feature.
2026-04-28T18:58:42.0353142Z 
2026-04-28T18:58:42.0357807Z > Configure project :app
2026-04-28T18:58:42.0365951Z WARNING: The option setting 'android.builtInKotlin=false' is deprecated.
2026-04-28T18:58:42.0367200Z The current default is 'true'.
2026-04-28T18:58:42.0368126Z It will be removed in version 10.0 of the Android Gradle plugin.
2026-04-28T18:58:42.0371872Z WARNING: The option setting 'android.newDsl=false' is deprecated.
2026-04-28T18:58:42.0373226Z The current default is 'true'.
2026-04-28T18:58:42.0385795Z It will be removed in version 10.0 of the Android Gradle plugin.
2026-04-28T18:58:42.0387357Z WARNING: The option setting 'android.dependency.excludeLibraryComponentsFromConstraints=true' is deprecated.
2026-04-28T18:58:42.0388861Z The current default is 'false'.
2026-04-28T18:58:42.0389801Z It will be removed in version 10.0 of the Android Gradle plugin.
2026-04-28T18:58:42.0391022Z Following can be set instead to achieve a similar behaviour.
2026-04-28T18:58:42.0392083Z     android.dependency.useConstraints=false
2026-04-28T18:58:42.0394251Z w: ⚠️ Deprecated 'org.jetbrains.kotlin.android' plugin usage
2026-04-28T18:58:42.0395756Z The 'org.jetbrains.kotlin.android' plugin in project ':app' is no longer required for Kotlin support since AGP 9.0.
2026-04-28T18:58:42.0397734Z Solution: Remove both `android.builtInKotlin=true` and `android.newDsl=false` from `gradle.properties`, then migrate to built-in Kotlin.
2026-04-28T18:58:42.0399431Z See https://kotl.in/gradle/agp-built-in-kotlin for more details.
2026-04-28T18:58:42.0400191Z 
2026-04-28T18:58:43.3363050Z 
2026-04-28T18:58:43.3403543Z > Task :detekt-rules:checkKotlinGradlePluginConfigurationErrors SKIPPED
2026-04-28T18:58:43.4367175Z > Task :detekt-rules:compileKotlin FROM-CACHE
2026-04-28T18:58:43.4368339Z > Task :detekt-rules:compileJava NO-SOURCE
2026-04-28T18:58:43.5384387Z > Task :detekt-rules:processResources
2026-04-28T18:58:43.5386347Z > Task :detekt-rules:classes
2026-04-28T18:58:43.5393206Z > Task :detekt-rules:jar
2026-04-28T18:59:13.5369423Z > Task :app:detekt
2026-04-28T18:59:26.5972276Z gradle/actions: Writing build results to /home/runner/work/_temp/.gradle-actions/build-results/detekt_autocorrect-1777402721565.json
2026-04-28T18:59:26.6003004Z 
2026-04-28T18:59:26.6034098Z [Incubating] Problems report is available at: file:///home/runner/work/prismTask/prismTask/build/reports/problems/problems-report.html
2026-04-28T18:59:26.6035172Z 
2026-04-28T18:59:26.6035701Z Deprecated Gradle features were used in this build, making it incompatible with Gradle 10.
2026-04-28T18:59:26.6036408Z 
2026-04-28T18:59:26.6037199Z You can use '--warning-mode all' to show the individual deprecation warnings and determine if they come from your own scripts or plugins.
2026-04-28T18:59:26.6038159Z 
2026-04-28T18:59:26.6039559Z For more on this, please refer to https://docs.gradle.org/9.3.1/userguide/command_line_interface.html#sec:command_line_warnings in the Gradle documentation.
2026-04-28T18:59:26.6040675Z 
2026-04-28T18:59:26.6040876Z BUILD SUCCESSFUL in 45s
2026-04-28T18:59:26.6041394Z 4 actionable tasks: 3 executed, 1 from cache
2026-04-28T18:59:26.6231626Z ##[group]Run git config user.name "github-actions[bot]"
2026-04-28T18:59:26.6232816Z [36;1mgit config user.name "github-actions[bot]"[0m
2026-04-28T18:59:26.6233715Z [36;1mgit config user.email "github-actions[bot]@users.noreply.github.com"[0m
2026-04-28T18:59:26.6234872Z [36;1mgit diff --quiet || (git add -A && git commit -m "style: auto-format" && git push)[0m
2026-04-28T18:59:26.6301609Z shell: /usr/bin/bash -e {0}
2026-04-28T18:59:26.6301933Z env:
2026-04-28T18:59:26.6302633Z   JAVA_HOME: /opt/hostedtoolcache/Java_Temurin-Hotspot_jdk/21.0.11-10/x64
2026-04-28T18:59:26.6303279Z   JAVA_HOME_21_X64: /opt/hostedtoolcache/Java_Temurin-Hotspot_jdk/21.0.11-10/x64
2026-04-28T18:59:26.6303768Z   GRADLE_ACTION_ID: gradle/actions/setup-gradle
2026-04-28T18:59:26.6304129Z   GRADLE_USER_HOME: /home/runner/.gradle
2026-04-28T18:59:26.6304486Z   GRADLE_BUILD_ACTION_SETUP_COMPLETED: true
2026-04-28T18:59:26.6304845Z   GRADLE_BUILD_ACTION_CACHE_RESTORED: true
2026-04-28T18:59:26.6305448Z   DEVELOCITY_INJECTION_INIT_SCRIPT_NAME: gradle-actions.inject-develocity.init.gradle
2026-04-28T18:59:26.6305992Z   DEVELOCITY_INJECTION_CUSTOM_VALUE: gradle-actions
2026-04-28T18:59:26.6306368Z   GITHUB_DEPENDENCY_GRAPH_ENABLED: false
2026-04-28T18:59:26.6306689Z ##[endgroup]
2026-04-28T18:59:27.0312770Z [feat/task-timing-firestore-sync eb4654c3] style: auto-format
2026-04-28T18:59:27.0313709Z  3 files changed, 26 insertions(+), 26 deletions(-)
2026-04-28T18:59:27.2005787Z remote: Permission to averycorp/prismTask.git denied to akarlin3.
2026-04-28T18:59:27.2006674Z fatal: unable to access 'https://github.com/averycorp/prismTask/': The requested URL returned error: 403
2026-04-28T18:59:27.2038490Z ##[error]Process completed with exit code 128.
2026-04-28T18:59:27.2088766Z ##[group]Run ./gradlew ktlintCheck --continue
2026-04-28T18:59:27.2089194Z [36;1m./gradlew ktlintCheck --continue[0m
2026-04-28T18:59:27.2143028Z shell: /usr/bin/bash -e {0}
2026-04-28T18:59:27.2143323Z env:
2026-04-28T18:59:27.2143866Z   JAVA_HOME: /opt/hostedtoolcache/Java_Temurin-Hotspot_jdk/21.0.11-10/x64
2026-04-28T18:59:27.2144423Z   JAVA_HOME_21_X64: /opt/hostedtoolcache/Java_Temurin-Hotspot_jdk/21.0.11-10/x64
2026-04-28T18:59:27.2144922Z   GRADLE_ACTION_ID: gradle/actions/setup-gradle
2026-04-28T18:59:27.2145291Z   GRADLE_USER_HOME: /home/runner/.gradle
2026-04-28T18:59:27.2145626Z   GRADLE_BUILD_ACTION_SETUP_COMPLETED: true
2026-04-28T18:59:27.2145966Z   GRADLE_BUILD_ACTION_CACHE_RESTORED: true
2026-04-28T18:59:27.2146455Z   DEVELOCITY_INJECTION_INIT_SCRIPT_NAME: gradle-actions.inject-develocity.init.gradle
2026-04-28T18:59:27.2147003Z   DEVELOCITY_INJECTION_CUSTOM_VALUE: gradle-actions
2026-04-28T18:59:27.2147373Z   GITHUB_DEPENDENCY_GRAPH_ENABLED: false
2026-04-28T18:59:27.2147734Z ##[endgroup]
2026-04-28T18:59:28.0144311Z Configuration on demand is an incubating feature.
2026-04-28T18:59:28.4126762Z 
2026-04-28T18:59:28.4146625Z > Configure project :app
2026-04-28T18:59:28.4183701Z WARNING: The option setting 'android.builtInKotlin=false' is deprecated.
2026-04-28T18:59:28.4184883Z The current default is 'true'.
2026-04-28T18:59:28.4211304Z It will be removed in version 10.0 of the Android Gradle plugin.
2026-04-28T18:59:28.4240687Z WARNING: The option setting 'android.newDsl=false' is deprecated.
2026-04-28T18:59:28.4245878Z The current default is 'true'.
2026-04-28T18:59:28.4251185Z It will be removed in version 10.0 of the Android Gradle plugin.
2026-04-28T18:59:28.4254442Z WARNING: The option setting 'android.dependency.excludeLibraryComponentsFromConstraints=true' is deprecated.
2026-04-28T18:59:28.4257687Z The current default is 'false'.
2026-04-28T18:59:28.4258563Z It will be removed in version 10.0 of the Android Gradle plugin.
2026-04-28T18:59:28.4259602Z Following can be set instead to achieve a similar behaviour.
2026-04-28T18:59:28.4260561Z     android.dependency.useConstraints=false
2026-04-28T18:59:28.4261795Z w: ⚠️ Deprecated 'org.jetbrains.kotlin.android' plugin usage
2026-04-28T18:59:28.4263510Z The 'org.jetbrains.kotlin.android' plugin in project ':app' is no longer required for Kotlin support since AGP 9.0.
2026-04-28T18:59:28.4265333Z Solution: Remove both `android.builtInKotlin=true` and `android.newDsl=false` from `gradle.properties`, then migrate to built-in Kotlin.
2026-04-28T18:59:28.4266888Z See https://kotl.in/gradle/agp-built-in-kotlin for more details.
2026-04-28T18:59:28.4267614Z 
2026-04-28T18:59:28.5133147Z 
2026-04-28T18:59:28.5142242Z > Task :app:loadKtlintReporters UP-TO-DATE
2026-04-28T18:59:28.5176549Z > Task :app:runKtlintCheckOverAndroidTestDebugSourceSet NO-SOURCE
2026-04-28T18:59:28.5178111Z > Task :app:ktlintAndroidTestDebugSourceSetCheck SKIPPED
2026-04-28T18:59:28.5179260Z > Task :app:runKtlintCheckOverAndroidTestReleaseSourceSet NO-SOURCE
2026-04-28T18:59:28.5180355Z > Task :app:ktlintAndroidTestReleaseSourceSetCheck SKIPPED
2026-04-28T18:59:28.5181353Z > Task :app:runKtlintCheckOverDebugSourceSet FROM-CACHE
2026-04-28T18:59:28.5182263Z > Task :app:ktlintDebugSourceSetCheck FROM-CACHE
2026-04-28T18:59:28.5183474Z > Task :app:runKtlintCheckOverKotlinScripts FROM-CACHE
2026-04-28T18:59:28.5184366Z > Task :app:ktlintKotlinScriptCheck FROM-CACHE
2026-04-28T18:59:28.6121315Z > Task :app:runKtlintCheckOverReleaseSourceSet FROM-CACHE
2026-04-28T18:59:28.6122794Z > Task :app:ktlintReleaseSourceSetCheck FROM-CACHE
2026-04-28T18:59:28.6123960Z > Task :app:runKtlintCheckOverTestDebugSourceSet NO-SOURCE
2026-04-28T18:59:28.6124996Z > Task :app:ktlintTestDebugSourceSetCheck SKIPPED
2026-04-28T18:59:28.6126133Z > Task :app:runKtlintCheckOverTestFixturesDebugSourceSet NO-SOURCE
2026-04-28T18:59:28.6127345Z > Task :app:ktlintTestFixturesDebugSourceSetCheck SKIPPED
2026-04-28T18:59:28.6128986Z > Task :app:runKtlintCheckOverTestFixturesReleaseSourceSet NO-SOURCE
2026-04-28T18:59:28.6130300Z > Task :app:ktlintTestFixturesReleaseSourceSetCheck SKIPPED
2026-04-28T18:59:28.6131456Z > Task :app:runKtlintCheckOverTestFixturesSourceSet NO-SOURCE
2026-04-28T18:59:28.6132781Z > Task :app:ktlintTestFixturesSourceSetCheck SKIPPED
2026-04-28T18:59:28.6134208Z > Task :app:runKtlintCheckOverTestReleaseSourceSet NO-SOURCE
2026-04-28T18:59:28.6135219Z > Task :app:ktlintTestReleaseSourceSetCheck SKIPPED
2026-04-28T18:59:42.6117737Z > Task :app:runKtlintCheckOverAndroidTestSourceSet
2026-04-28T18:59:42.6143647Z > Task :app:ktlintAndroidTestSourceSetCheck FROM-CACHE
2026-04-28T18:59:46.6113635Z > Task :app:runKtlintCheckOverTestSourceSet
2026-04-28T18:59:46.6115129Z > Task :app:ktlintTestSourceSetCheck FROM-CACHE
2026-04-28T18:59:58.5113993Z > Task :app:runKtlintCheckOverMainSourceSet
2026-04-28T19:00:02.2113234Z > Task :app:ktlintMainSourceSetCheck
2026-04-28T19:00:02.2121311Z > Task :app:ktlintCheck
2026-04-28T19:00:02.2122930Z gradle/actions: Writing build results to /home/runner/work/_temp/.gradle-actions/build-results/__run_3-1777402767940.json
2026-04-28T19:00:02.2124022Z 
2026-04-28T19:00:02.2125000Z [Incubating] Problems report is available at: file:///home/runner/work/prismTask/prismTask/build/reports/problems/problems-report.html
2026-04-28T19:00:02.2126169Z 
2026-04-28T19:00:02.2126830Z Deprecated Gradle features were used in this build, making it incompatible with Gradle 10.
2026-04-28T19:00:02.2127697Z 
2026-04-28T19:00:02.2128634Z You can use '--warning-mode all' to show the individual deprecation warnings and determine if they come from your own scripts or plugins.
2026-04-28T19:00:02.2129759Z 
2026-04-28T19:00:02.2130826Z For more on this, please refer to https://docs.gradle.org/9.3.1/userguide/command_line_interface.html#sec:command_line_warnings in the Gradle documentation.
2026-04-28T19:00:02.2132039Z 
2026-04-28T19:00:02.2132674Z BUILD SUCCESSFUL in 34s
2026-04-28T19:00:02.2133475Z 13 actionable tasks: 4 executed, 8 from cache, 1 up-to-date
2026-04-28T19:00:02.3069336Z Post job cleanup.
2026-04-28T19:00:02.3224601Z Post job cleanup.
2026-04-28T19:00:02.6697354Z In post-action step
2026-04-28T19:00:02.6709429Z Cache is read-only: will not save state for use in subsequent builds.
2026-04-28T19:00:02.6718043Z Generating Job Summary
2026-04-28T19:00:02.6742756Z Completed post-action step
2026-04-28T19:00:02.6911940Z Post job cleanup.
2026-04-28T19:00:02.8775245Z Post job cleanup.
2026-04-28T19:00:02.9802536Z [command]/usr/bin/git version
2026-04-28T19:00:02.9846697Z git version 2.54.0
2026-04-28T19:00:02.9891516Z Temporarily overriding HOME='/home/runner/work/_temp/c66d959f-50a7-458f-9b29-3e9c4c36b8bc' before making global git config changes
2026-04-28T19:00:02.9893406Z Adding repository directory to the temporary git global config as a safe directory
2026-04-28T19:00:02.9898299Z [command]/usr/bin/git config --global --add safe.directory /home/runner/work/prismTask/prismTask
2026-04-28T19:00:02.9935017Z [command]/usr/bin/git config --local --name-only --get-regexp core\.sshCommand
2026-04-28T19:00:02.9967810Z [command]/usr/bin/git submodule foreach --recursive sh -c "git config --local --name-only --get-regexp 'core\.sshCommand' && git config --local --unset-all 'core.sshCommand' || :"
2026-04-28T19:00:03.0203199Z [command]/usr/bin/git config --local --name-only --get-regexp http\.https\:\/\/github\.com\/\.extraheader
2026-04-28T19:00:03.0231021Z http.https://github.com/.extraheader
2026-04-28T19:00:03.0245329Z [command]/usr/bin/git config --local --unset-all http.https://github.com/.extraheader
2026-04-28T19:00:03.0277227Z [command]/usr/bin/git submodule foreach --recursive sh -c "git config --local --name-only --get-regexp 'http\.https\:\/\/github\.com\/\.extraheader' && git config --local --unset-all 'http.https://github.com/.extraheader' || :"
2026-04-28T19:00:03.0508283Z [command]/usr/bin/git config --local --name-only --get-regexp ^includeIf\.gitdir:
2026-04-28T19:00:03.0542074Z [command]/usr/bin/git submodule foreach --recursive git config --local --show-origin --name-only --get-regexp remote.origin.url
2026-04-28T19:00:03.0890860Z Cleaning up orphan processes
2026-04-28T19:00:03.1208122Z Terminate orphan process: pid (2504) (java)
2026-04-28T19:00:03.1390544Z ##[warning]Node.js 20 actions are deprecated. The following actions are running on Node.js 20 and may not work as expected: actions/cache@v4, actions/checkout@v4, actions/setup-java@v4, dorny/paths-filter@v3, gradle/actions/setup-gradle@v4. Actions will be forced to run with Node.js 24 by default starting June 2nd, 2026. Node.js 20 will be removed from the runner on September 16th, 2026. Please check if updated versions of these actions are available that support Node.js 24. To opt into Node.js 24 now, set the FORCE_JAVASCRIPT_ACTIONS_TO_NODE24=true environment variable on the runner or in your workflow file. Once Node.js 24 becomes the default, you can temporarily opt out by setting ACTIONS_ALLOW_USE_UNSECURE_NODE_VERSION=true. For more information see: https://github.blog/changelog/2025-09-19-deprecation-of-node-20-on-github-actions-runners/
