=== CI FAILURE ===
Workflow:      Android CI
Workflow file: averycorp/prismTask/.github/workflows/android-ci.yml@refs/pull/910/merge
Job(s):        autofix
Run ID:        25073442983
Run attempt:   1
Run URL:       https://github.com/averycorp/prismTask/actions/runs/25073442983
Commit:        e0f11a17ba807e239caaaf4aebeaea3f6b744d8c
Branch:        910/merge
Event:         pull_request
Actor:         akarlin3
Runner OS:     Linux
Timestamp:     2026-04-28T19:43:37.962Z

Failed steps:
  - autofix: #9 Commit formatting fixes

=== FAILED JOB LOG ===

--- Job: autofix (id 73459671234) ---
2026-04-28T19:32:52.6554605Z Current runner version: '2.334.0'
2026-04-28T19:32:52.6590205Z ##[group]Runner Image Provisioner
2026-04-28T19:32:52.6591571Z Hosted Compute Agent
2026-04-28T19:32:52.6592556Z Version: 20260422.526
2026-04-28T19:32:52.6593556Z Commit: e1a9e573f4d0838b3a7c1b07401aeb29ed3635a9
2026-04-28T19:32:52.6594623Z Build Date: 2026-04-22T09:31:31Z
2026-04-28T19:32:52.6595711Z Worker ID: {b9c82c6a-24b9-4b34-9672-879ff9d4d05d}
2026-04-28T19:32:52.6596897Z Azure Region: northcentralus
2026-04-28T19:32:52.6597759Z ##[endgroup]
2026-04-28T19:32:52.6599827Z ##[group]Operating System
2026-04-28T19:32:52.6600937Z Ubuntu
2026-04-28T19:32:52.6601663Z 24.04.4
2026-04-28T19:32:52.6602416Z LTS
2026-04-28T19:32:52.6603030Z ##[endgroup]
2026-04-28T19:32:52.6603572Z ##[group]Runner Image
2026-04-28T19:32:52.6604103Z Image: ubuntu-24.04
2026-04-28T19:32:52.6604748Z Version: 20260426.100.1
2026-04-28T19:32:52.6605974Z Included Software: https://github.com/actions/runner-images/blob/ubuntu24/20260426.100/images/ubuntu/Ubuntu2404-Readme.md
2026-04-28T19:32:52.6607549Z Image Release: https://github.com/actions/runner-images/releases/tag/ubuntu24%2F20260426.100
2026-04-28T19:32:52.6608481Z ##[endgroup]
2026-04-28T19:32:52.6609829Z ##[group]GITHUB_TOKEN Permissions
2026-04-28T19:32:52.6612498Z Actions: read
2026-04-28T19:32:52.6613015Z Checks: read
2026-04-28T19:32:52.6613708Z Contents: write
2026-04-28T19:32:52.6614205Z Metadata: read
2026-04-28T19:32:52.6614722Z PullRequests: read
2026-04-28T19:32:52.6615334Z ##[endgroup]
2026-04-28T19:32:52.6617475Z Secret source: Actions
2026-04-28T19:32:52.6618586Z Prepare workflow directory
2026-04-28T19:32:52.7030104Z Prepare all required actions
2026-04-28T19:32:52.7084872Z Getting action download info
2026-04-28T19:32:53.0814120Z Download action repository 'actions/checkout@v4' (SHA:34e114876b0b11c390a56381ad16ebd13914f8d5)
2026-04-28T19:32:53.2475329Z Download action repository 'dorny/paths-filter@v3' (SHA:d1c1ffe0248fe513906c8e24db8ea791d46f8590)
2026-04-28T19:32:53.6565021Z Download action repository 'actions/cache@v4' (SHA:0057852bfaa89a56745cba8c7296529d2fc39830)
2026-04-28T19:32:53.8619884Z Complete job name: autofix
2026-04-28T19:32:53.9382266Z ##[group]Run actions/checkout@v4
2026-04-28T19:32:53.9383083Z with:
2026-04-28T19:32:53.9384157Z   token: ***
2026-04-28T19:32:53.9384588Z   ref: feat/task-timing-firestore-sync
2026-04-28T19:32:53.9385095Z   fetch-depth: 0
2026-04-28T19:32:53.9385525Z   repository: averycorp/prismTask
2026-04-28T19:32:53.9386003Z   ssh-strict: true
2026-04-28T19:32:53.9386393Z   ssh-user: git
2026-04-28T19:32:53.9386791Z   persist-credentials: true
2026-04-28T19:32:53.9387235Z   clean: true
2026-04-28T19:32:53.9387641Z   sparse-checkout-cone-mode: true
2026-04-28T19:32:53.9388118Z   fetch-tags: false
2026-04-28T19:32:53.9388529Z   show-progress: true
2026-04-28T19:32:53.9388930Z   lfs: false
2026-04-28T19:32:53.9389290Z   submodules: false
2026-04-28T19:32:53.9389689Z   set-safe-directory: true
2026-04-28T19:32:53.9390286Z ##[endgroup]
2026-04-28T19:32:54.0544099Z Syncing repository: averycorp/prismTask
2026-04-28T19:32:54.0546101Z ##[group]Getting Git version info
2026-04-28T19:32:54.0546865Z Working directory is '/home/runner/work/prismTask/prismTask'
2026-04-28T19:32:54.0547795Z [command]/usr/bin/git version
2026-04-28T19:32:54.0617840Z git version 2.54.0
2026-04-28T19:32:54.0643441Z ##[endgroup]
2026-04-28T19:32:54.0658140Z Temporarily overriding HOME='/home/runner/work/_temp/3889650f-8a51-4090-a914-ca05131ecb33' before making global git config changes
2026-04-28T19:32:54.0660156Z Adding repository directory to the temporary git global config as a safe directory
2026-04-28T19:32:54.0663990Z [command]/usr/bin/git config --global --add safe.directory /home/runner/work/prismTask/prismTask
2026-04-28T19:32:54.0708034Z Deleting the contents of '/home/runner/work/prismTask/prismTask'
2026-04-28T19:32:54.0712120Z ##[group]Initializing the repository
2026-04-28T19:32:54.0716187Z [command]/usr/bin/git init /home/runner/work/prismTask/prismTask
2026-04-28T19:32:54.0789350Z hint: Using 'master' as the name for the initial branch. This default branch name
2026-04-28T19:32:54.0791196Z hint: will change to "main" in Git 3.0. To configure the initial branch name
2026-04-28T19:32:54.0792494Z hint: to use in all of your new repositories, which will suppress this warning,
2026-04-28T19:32:54.0793393Z hint: call:
2026-04-28T19:32:54.0794344Z hint:
2026-04-28T19:32:54.0795130Z hint: 	git config --global init.defaultBranch <name>
2026-04-28T19:32:54.0796019Z hint:
2026-04-28T19:32:54.0796851Z hint: Names commonly chosen instead of 'master' are 'main', 'trunk' and
2026-04-28T19:32:54.0798277Z hint: 'development'. The just-created branch can be renamed via this command:
2026-04-28T19:32:54.0799391Z hint:
2026-04-28T19:32:54.0799982Z hint: 	git branch -m <name>
2026-04-28T19:32:54.0800905Z hint:
2026-04-28T19:32:54.0801891Z hint: Disable this message with "git config set advice.defaultBranchName false"
2026-04-28T19:32:54.0803389Z Initialized empty Git repository in /home/runner/work/prismTask/prismTask/.git/
2026-04-28T19:32:54.0806487Z [command]/usr/bin/git remote add origin https://github.com/averycorp/prismTask
2026-04-28T19:32:54.0848032Z ##[endgroup]
2026-04-28T19:32:54.0849119Z ##[group]Disabling automatic garbage collection
2026-04-28T19:32:54.0853117Z [command]/usr/bin/git config --local gc.auto 0
2026-04-28T19:32:54.0883644Z ##[endgroup]
2026-04-28T19:32:54.0884687Z ##[group]Setting up auth
2026-04-28T19:32:54.0891478Z [command]/usr/bin/git config --local --name-only --get-regexp core\.sshCommand
2026-04-28T19:32:54.0925508Z [command]/usr/bin/git submodule foreach --recursive sh -c "git config --local --name-only --get-regexp 'core\.sshCommand' && git config --local --unset-all 'core.sshCommand' || :"
2026-04-28T19:32:54.1253837Z [command]/usr/bin/git config --local --name-only --get-regexp http\.https\:\/\/github\.com\/\.extraheader
2026-04-28T19:32:54.1289227Z [command]/usr/bin/git submodule foreach --recursive sh -c "git config --local --name-only --get-regexp 'http\.https\:\/\/github\.com\/\.extraheader' && git config --local --unset-all 'http.https://github.com/.extraheader' || :"
2026-04-28T19:32:54.1526213Z [command]/usr/bin/git config --local --name-only --get-regexp ^includeIf\.gitdir:
2026-04-28T19:32:54.1557924Z [command]/usr/bin/git submodule foreach --recursive git config --local --show-origin --name-only --get-regexp remote.origin.url
2026-04-28T19:32:54.1810054Z [command]/usr/bin/git config --local http.https://github.com/.extraheader AUTHORIZATION: basic ***
2026-04-28T19:32:54.1847470Z ##[endgroup]
2026-04-28T19:32:54.1848320Z ##[group]Fetching the repository
2026-04-28T19:32:54.1856256Z [command]/usr/bin/git -c protocol.version=2 fetch --prune --no-recurse-submodules origin +refs/heads/*:refs/remotes/origin/* +refs/tags/*:refs/tags/*
2026-04-28T19:33:12.7848339Z From https://github.com/averycorp/prismTask
2026-04-28T19:33:12.7849432Z  * [new branch]        chore/fix-autofix-pat-fallback -> origin/chore/fix-autofix-pat-fallback
2026-04-28T19:33:12.7850297Z  * [new branch]        ci-logs         -> origin/ci-logs
2026-04-28T19:33:12.7851929Z  * [new branch]        feat/habits-builtin-fraction -> origin/feat/habits-builtin-fraction
2026-04-28T19:33:12.7853040Z  * [new branch]        feat/task-timing-firestore-sync -> origin/feat/task-timing-firestore-sync
2026-04-28T19:33:12.7854184Z  * [new branch]        feat/time-tracking-aggregator -> origin/feat/time-tracking-aggregator
2026-04-28T19:33:12.7855381Z  * [new branch]        fix/leisure-add-activity-keeps-section -> origin/fix/leisure-add-activity-keeps-section
2026-04-28T19:33:12.7856314Z  * [new branch]        main            -> origin/main
2026-04-28T19:33:12.7856950Z  * [new branch]        v0.1.0-legacy   -> origin/v0.1.0-legacy
2026-04-28T19:33:12.7857613Z  * [new branch]        v0.2.0-legacy   -> origin/v0.2.0-legacy
2026-04-28T19:33:12.7858162Z  * [new branch]        v0.3.0-legacy   -> origin/v0.3.0-legacy
2026-04-28T19:33:12.7858578Z  * [new branch]        v0.4.0-legacy   -> origin/v0.4.0-legacy
2026-04-28T19:33:12.7858984Z  * [new branch]        v0.5.0-legacy   -> origin/v0.5.0-legacy
2026-04-28T19:33:12.7859658Z  * [new branch]        v0.6.0-legacy   -> origin/v0.6.0-legacy
2026-04-28T19:33:12.7860119Z  * [new branch]        v0.7.0-legacy   -> origin/v0.7.0-legacy
2026-04-28T19:33:12.7860520Z  * [new tag]           v0.1.0          -> v0.1.0
2026-04-28T19:33:12.7861108Z  * [new tag]           v0.2.0          -> v0.2.0
2026-04-28T19:33:12.7861466Z  * [new tag]           v0.3.0          -> v0.3.0
2026-04-28T19:33:12.7861789Z  * [new tag]           v0.4.0          -> v0.4.0
2026-04-28T19:33:12.7862136Z  * [new tag]           v0.5.0          -> v0.5.0
2026-04-28T19:33:12.7862448Z  * [new tag]           v0.7.0          -> v0.7.0
2026-04-28T19:33:12.7862777Z  * [new tag]           v0.7.12         -> v0.7.12
2026-04-28T19:33:12.7863112Z  * [new tag]           v0.7.13         -> v0.7.13
2026-04-28T19:33:12.7863435Z  * [new tag]           v0.7.14         -> v0.7.14
2026-04-28T19:33:12.7863762Z  * [new tag]           v0.7.15         -> v0.7.15
2026-04-28T19:33:12.7864101Z  * [new tag]           v0.7.16         -> v0.7.16
2026-04-28T19:33:12.7864445Z  * [new tag]           v0.7.17         -> v0.7.17
2026-04-28T19:33:12.7864954Z  * [new tag]           v0.7.17-build.2 -> v0.7.17-build.2
2026-04-28T19:33:12.7865317Z  * [new tag]           v0.7.17-build.3 -> v0.7.17-build.3
2026-04-28T19:33:12.7865765Z  * [new tag]           v0.7.17-build.4 -> v0.7.17-build.4
2026-04-28T19:33:12.7866169Z  * [new tag]           v0.7.17-build.5 -> v0.7.17-build.5
2026-04-28T19:33:12.7866500Z  * [new tag]           v0.7.17-build.6 -> v0.7.17-build.6
2026-04-28T19:33:12.7866841Z  * [new tag]           v0.7.17-build.7 -> v0.7.17-build.7
2026-04-28T19:33:12.7867178Z  * [new tag]           v0.7.17-build.8 -> v0.7.17-build.8
2026-04-28T19:33:12.7867514Z  * [new tag]           v0.7.17-build.9 -> v0.7.17-build.9
2026-04-28T19:33:12.7867851Z  * [new tag]           v0.7.18         -> v0.7.18
2026-04-28T19:33:12.7868189Z  * [new tag]           v0.7.18-build.2 -> v0.7.18-build.2
2026-04-28T19:33:12.7868557Z  * [new tag]           v0.7.18-build.3 -> v0.7.18-build.3
2026-04-28T19:33:12.7869058Z  * [new tag]           v0.7.18-build.4 -> v0.7.18-build.4
2026-04-28T19:33:12.7869395Z  * [new tag]           v0.7.19         -> v0.7.19
2026-04-28T19:33:12.7869727Z  * [new tag]           v0.7.19-build.2 -> v0.7.19-build.2
2026-04-28T19:33:12.7870057Z  * [new tag]           v0.7.20         -> v0.7.20
2026-04-28T19:33:12.7870394Z  * [new tag]           v0.7.20-build.2 -> v0.7.20-build.2
2026-04-28T19:33:12.7870961Z  * [new tag]           v0.7.20-build.3 -> v0.7.20-build.3
2026-04-28T19:33:12.7871292Z  * [new tag]           v0.7.20-build.4 -> v0.7.20-build.4
2026-04-28T19:33:12.7871621Z  * [new tag]           v0.8.0          -> v0.8.0
2026-04-28T19:33:12.7871970Z  * [new tag]           v0.8.0-build.2  -> v0.8.0-build.2
2026-04-28T19:33:12.7872300Z  * [new tag]           v0.8.1          -> v0.8.1
2026-04-28T19:33:12.7872623Z  * [new tag]           v0.8.10         -> v0.8.10
2026-04-28T19:33:12.7872944Z  * [new tag]           v0.8.11         -> v0.8.11
2026-04-28T19:33:12.7873274Z  * [new tag]           v0.8.12         -> v0.8.12
2026-04-28T19:33:12.7873591Z  * [new tag]           v0.8.13         -> v0.8.13
2026-04-28T19:33:12.7873903Z  * [new tag]           v0.8.14         -> v0.8.14
2026-04-28T19:33:12.7874220Z  * [new tag]           v0.8.15         -> v0.8.15
2026-04-28T19:33:12.7874530Z  * [new tag]           v0.8.2          -> v0.8.2
2026-04-28T19:33:12.7874845Z  * [new tag]           v0.8.3          -> v0.8.3
2026-04-28T19:33:12.7875162Z  * [new tag]           v0.8.4          -> v0.8.4
2026-04-28T19:33:12.7875465Z  * [new tag]           v0.8.5          -> v0.8.5
2026-04-28T19:33:12.7875777Z  * [new tag]           v0.8.6          -> v0.8.6
2026-04-28T19:33:12.7876086Z  * [new tag]           v0.8.7          -> v0.8.7
2026-04-28T19:33:12.7876385Z  * [new tag]           v0.8.8          -> v0.8.8
2026-04-28T19:33:12.7876697Z  * [new tag]           v0.8.9          -> v0.8.9
2026-04-28T19:33:12.7877009Z  * [new tag]           v0.9.1          -> v0.9.1
2026-04-28T19:33:12.7877504Z  * [new tag]           v0.9.2          -> v0.9.2
2026-04-28T19:33:12.7877830Z  * [new tag]           v1.0.1          -> v1.0.1
2026-04-28T19:33:12.7878162Z  * [new tag]           v1.0.10         -> v1.0.10
2026-04-28T19:33:12.7878482Z  * [new tag]           v1.0.11         -> v1.0.11
2026-04-28T19:33:12.7878795Z  * [new tag]           v1.0.12         -> v1.0.12
2026-04-28T19:33:12.7879109Z  * [new tag]           v1.0.13         -> v1.0.13
2026-04-28T19:33:12.7879428Z  * [new tag]           v1.0.2          -> v1.0.2
2026-04-28T19:33:12.7879747Z  * [new tag]           v1.0.3          -> v1.0.3
2026-04-28T19:33:12.7880061Z  * [new tag]           v1.0.4          -> v1.0.4
2026-04-28T19:33:12.7880381Z  * [new tag]           v1.0.5          -> v1.0.5
2026-04-28T19:33:12.7880877Z  * [new tag]           v1.0.6          -> v1.0.6
2026-04-28T19:33:12.7881184Z  * [new tag]           v1.0.7          -> v1.0.7
2026-04-28T19:33:12.7881501Z  * [new tag]           v1.0.8          -> v1.0.8
2026-04-28T19:33:12.7881819Z  * [new tag]           v1.0.9          -> v1.0.9
2026-04-28T19:33:12.7882131Z  * [new tag]           v1.1.1          -> v1.1.1
2026-04-28T19:33:12.7882470Z  * [new tag]           v1.1.1-build.2  -> v1.1.1-build.2
2026-04-28T19:33:12.7882822Z  * [new tag]           v1.1.1-build.3  -> v1.1.1-build.3
2026-04-28T19:33:12.7883165Z  * [new tag]           v1.1.1-build.4  -> v1.1.1-build.4
2026-04-28T19:33:12.7883494Z  * [new tag]           v1.1.10         -> v1.1.10
2026-04-28T19:33:12.7883813Z  * [new tag]           v1.1.11         -> v1.1.11
2026-04-28T19:33:12.7884124Z  * [new tag]           v1.1.12         -> v1.1.12
2026-04-28T19:33:12.7884438Z  * [new tag]           v1.1.2          -> v1.1.2
2026-04-28T19:33:12.7884757Z  * [new tag]           v1.1.3          -> v1.1.3
2026-04-28T19:33:12.7885069Z  * [new tag]           v1.1.4          -> v1.1.4
2026-04-28T19:33:12.7885371Z  * [new tag]           v1.1.5          -> v1.1.5
2026-04-28T19:33:12.7885704Z  * [new tag]           v1.1.6          -> v1.1.6
2026-04-28T19:33:12.7886166Z  * [new tag]           v1.1.7          -> v1.1.7
2026-04-28T19:33:12.7886476Z  * [new tag]           v1.1.8          -> v1.1.8
2026-04-28T19:33:12.7886787Z  * [new tag]           v1.1.9          -> v1.1.9
2026-04-28T19:33:12.7887104Z  * [new tag]           v1.3.0          -> v1.3.0
2026-04-28T19:33:12.7887410Z  * [new tag]           v1.3.1          -> v1.3.1
2026-04-28T19:33:12.7887725Z  * [new tag]           v1.3.10         -> v1.3.10
2026-04-28T19:33:12.7888045Z  * [new tag]           v1.3.11         -> v1.3.11
2026-04-28T19:33:12.7888371Z  * [new tag]           v1.3.11-build.2 -> v1.3.11-build.2
2026-04-28T19:33:12.7888712Z  * [new tag]           v1.3.12         -> v1.3.12
2026-04-28T19:33:12.7889026Z  * [new tag]           v1.3.13         -> v1.3.13
2026-04-28T19:33:12.7889346Z  * [new tag]           v1.3.13-build.2 -> v1.3.13-build.2
2026-04-28T19:33:12.7889682Z  * [new tag]           v1.3.14         -> v1.3.14
2026-04-28T19:33:12.7890005Z  * [new tag]           v1.3.15         -> v1.3.15
2026-04-28T19:33:12.7890325Z  * [new tag]           v1.3.16         -> v1.3.16
2026-04-28T19:33:12.7890800Z  * [new tag]           v1.3.17         -> v1.3.17
2026-04-28T19:33:12.7891118Z  * [new tag]           v1.3.18         -> v1.3.18
2026-04-28T19:33:12.7891435Z  * [new tag]           v1.3.19         -> v1.3.19
2026-04-28T19:33:12.7891743Z  * [new tag]           v1.3.2          -> v1.3.2
2026-04-28T19:33:12.7892053Z  * [new tag]           v1.3.20         -> v1.3.20
2026-04-28T19:33:12.7892364Z  * [new tag]           v1.3.21         -> v1.3.21
2026-04-28T19:33:12.7892668Z  * [new tag]           v1.3.22         -> v1.3.22
2026-04-28T19:33:12.7892988Z  * [new tag]           v1.3.23         -> v1.3.23
2026-04-28T19:33:12.7893300Z  * [new tag]           v1.3.24         -> v1.3.24
2026-04-28T19:33:12.7893607Z  * [new tag]           v1.3.25         -> v1.3.25
2026-04-28T19:33:12.7893919Z  * [new tag]           v1.3.26         -> v1.3.26
2026-04-28T19:33:12.7894383Z  * [new tag]           v1.3.27         -> v1.3.27
2026-04-28T19:33:12.7894705Z  * [new tag]           v1.3.28         -> v1.3.28
2026-04-28T19:33:12.7895022Z  * [new tag]           v1.3.29         -> v1.3.29
2026-04-28T19:33:12.7895339Z  * [new tag]           v1.3.3          -> v1.3.3
2026-04-28T19:33:12.7895661Z  * [new tag]           v1.3.30         -> v1.3.30
2026-04-28T19:33:12.7895967Z  * [new tag]           v1.3.31         -> v1.3.31
2026-04-28T19:33:12.7896280Z  * [new tag]           v1.3.32         -> v1.3.32
2026-04-28T19:33:12.7896641Z  * [new tag]           v1.3.33         -> v1.3.33
2026-04-28T19:33:12.7896947Z  * [new tag]           v1.3.34         -> v1.3.34
2026-04-28T19:33:12.7897262Z  * [new tag]           v1.3.35         -> v1.3.35
2026-04-28T19:33:12.7897576Z  * [new tag]           v1.3.36         -> v1.3.36
2026-04-28T19:33:12.7897881Z  * [new tag]           v1.3.37         -> v1.3.37
2026-04-28T19:33:12.7898192Z  * [new tag]           v1.3.38         -> v1.3.38
2026-04-28T19:33:12.7898512Z  * [new tag]           v1.3.39         -> v1.3.39
2026-04-28T19:33:12.7898820Z  * [new tag]           v1.3.4          -> v1.3.4
2026-04-28T19:33:12.7972414Z  * [new tag]           v1.3.40         -> v1.3.40
2026-04-28T19:33:12.7973117Z  * [new tag]           v1.3.41         -> v1.3.41
2026-04-28T19:33:12.7973473Z  * [new tag]           v1.3.42         -> v1.3.42
2026-04-28T19:33:12.7973845Z  * [new tag]           v1.3.43         -> v1.3.43
2026-04-28T19:33:12.7974216Z  * [new tag]           v1.3.44         -> v1.3.44
2026-04-28T19:33:12.7974573Z  * [new tag]           v1.3.45         -> v1.3.45
2026-04-28T19:33:12.7974947Z  * [new tag]           v1.3.46         -> v1.3.46
2026-04-28T19:33:12.7975283Z  * [new tag]           v1.3.47         -> v1.3.47
2026-04-28T19:33:12.7975607Z  * [new tag]           v1.3.48         -> v1.3.48
2026-04-28T19:33:12.7975933Z  * [new tag]           v1.3.49         -> v1.3.49
2026-04-28T19:33:12.7976267Z  * [new tag]           v1.3.5          -> v1.3.5
2026-04-28T19:33:12.7976660Z  * [new tag]           v1.3.5-build.2  -> v1.3.5-build.2
2026-04-28T19:33:12.7977254Z  * [new tag]           v1.3.50         -> v1.3.50
2026-04-28T19:33:12.7977582Z  * [new tag]           v1.3.51         -> v1.3.51
2026-04-28T19:33:12.7977904Z  * [new tag]           v1.3.52         -> v1.3.52
2026-04-28T19:33:12.7978226Z  * [new tag]           v1.3.53         -> v1.3.53
2026-04-28T19:33:12.7978541Z  * [new tag]           v1.3.54         -> v1.3.54
2026-04-28T19:33:12.7978881Z  * [new tag]           v1.3.55         -> v1.3.55
2026-04-28T19:33:12.7979196Z  * [new tag]           v1.3.56         -> v1.3.56
2026-04-28T19:33:12.7979511Z  * [new tag]           v1.3.57         -> v1.3.57
2026-04-28T19:33:12.7979826Z  * [new tag]           v1.3.58         -> v1.3.58
2026-04-28T19:33:12.7980129Z  * [new tag]           v1.3.59         -> v1.3.59
2026-04-28T19:33:12.7980446Z  * [new tag]           v1.3.6          -> v1.3.6
2026-04-28T19:33:12.7981019Z  * [new tag]           v1.3.60         -> v1.3.60
2026-04-28T19:33:12.7981350Z  * [new tag]           v1.3.61         -> v1.3.61
2026-04-28T19:33:12.7981681Z  * [new tag]           v1.3.62         -> v1.3.62
2026-04-28T19:33:12.7982002Z  * [new tag]           v1.3.7          -> v1.3.7
2026-04-28T19:33:12.7982316Z  * [new tag]           v1.3.8          -> v1.3.8
2026-04-28T19:33:12.7982633Z  * [new tag]           v1.3.9          -> v1.3.9
2026-04-28T19:33:12.7982958Z  * [new tag]           v1.4.40         -> v1.4.40
2026-04-28T19:33:12.7983278Z  * [new tag]           v1.5.0          -> v1.5.0
2026-04-28T19:33:12.7983582Z  * [new tag]           v1.5.2          -> v1.5.2
2026-04-28T19:33:12.7983899Z  * [new tag]           v1.5.3          -> v1.5.3
2026-04-28T19:33:12.7984216Z  * [new tag]           v1.6.0          -> v1.6.0
2026-04-28T19:33:12.7984529Z  * [new tag]           v1.7.0          -> v1.7.0
2026-04-28T19:33:12.7984847Z  * [new tag]           v1.7.37         -> v1.7.37
2026-04-28T19:33:12.7985172Z  * [new tag]           v1.7.38         -> v1.7.38
2026-04-28T19:33:12.7985667Z  * [new tag]           v1.7.39         -> v1.7.39
2026-04-28T19:33:12.7985999Z  * [new tag]           v1.7.40         -> v1.7.40
2026-04-28T19:33:12.7986316Z  * [new tag]           v1.7.41         -> v1.7.41
2026-04-28T19:33:12.7986620Z  * [new tag]           v1.7.42         -> v1.7.42
2026-04-28T19:33:12.7986936Z  * [new tag]           v1.7.43         -> v1.7.43
2026-04-28T19:33:12.7987245Z  * [new tag]           v1.7.44         -> v1.7.44
2026-04-28T19:33:12.7987551Z  * [new tag]           v1.7.45         -> v1.7.45
2026-04-28T19:33:12.7987866Z  * [new tag]           v1.7.46         -> v1.7.46
2026-04-28T19:33:12.7988186Z  * [new tag]           v1.7.47         -> v1.7.47
2026-04-28T19:33:12.7988503Z  * [new tag]           v1.7.48         -> v1.7.48
2026-04-28T19:33:12.7988808Z  * [new tag]           v1.7.49         -> v1.7.49
2026-04-28T19:33:12.7989122Z  * [new tag]           v1.7.50         -> v1.7.50
2026-04-28T19:33:12.7989437Z  * [new tag]           v1.7.51         -> v1.7.51
2026-04-28T19:33:12.7989775Z  * [new tag]           v1.7.52         -> v1.7.52
2026-04-28T19:33:12.7990100Z  * [new tag]           v1.7.53         -> v1.7.53
2026-04-28T19:33:12.7990434Z  * [new tag]           v1.7.54         -> v1.7.54
2026-04-28T19:33:12.7991002Z  * [new tag]           v1.7.55         -> v1.7.55
2026-04-28T19:33:12.7991324Z  * [new tag]           v1.7.56         -> v1.7.56
2026-04-28T19:33:12.7991646Z  * [new tag]           v1.7.57         -> v1.7.57
2026-04-28T19:33:12.7991952Z  * [new tag]           v1.7.58         -> v1.7.58
2026-04-28T19:33:12.7992269Z  * [new tag]           v1.7.59         -> v1.7.59
2026-04-28T19:33:12.7992589Z  * [new tag]           v1.7.60         -> v1.7.60
2026-04-28T19:33:12.7992901Z  * [new tag]           v1.7.61         -> v1.7.61
2026-04-28T19:33:12.7993213Z  * [new tag]           v1.7.62         -> v1.7.62
2026-04-28T19:33:12.7993531Z  * [new tag]           v1.7.63         -> v1.7.63
2026-04-28T19:33:12.7993843Z  * [new tag]           v1.7.64         -> v1.7.64
2026-04-28T19:33:12.7994162Z  * [new tag]           v1.7.65         -> v1.7.65
2026-04-28T19:33:12.7994645Z  * [new tag]           v1.7.66         -> v1.7.66
2026-04-28T19:33:12.7994964Z  * [new tag]           v1.7.67         -> v1.7.67
2026-04-28T19:33:12.7995283Z  * [new tag]           v1.7.68         -> v1.7.68
2026-04-28T19:33:12.7995599Z  * [new tag]           v1.7.69         -> v1.7.69
2026-04-28T19:33:12.7995916Z  * [new tag]           v1.7.70         -> v1.7.70
2026-04-28T19:33:12.7996231Z  * [new tag]           v1.7.71         -> v1.7.71
2026-04-28T19:33:12.7996545Z  * [new tag]           v1.7.72         -> v1.7.72
2026-04-28T19:33:12.7996851Z  * [new tag]           v1.7.73         -> v1.7.73
2026-04-28T19:33:12.7997198Z  * [new tag]           v1.7.74         -> v1.7.74
2026-04-28T19:33:12.7997533Z  * [new tag]           v1.7.75         -> v1.7.75
2026-04-28T19:33:12.7997851Z  * [new tag]           v1.7.76         -> v1.7.76
2026-04-28T19:33:12.7998171Z  * [new tag]           v1.7.77         -> v1.7.77
2026-04-28T19:33:12.7998499Z  * [new tag]           v1.7.78         -> v1.7.78
2026-04-28T19:33:12.7998814Z  * [new tag]           v1.7.79         -> v1.7.79
2026-04-28T19:33:12.7999140Z  * [new tag]           v1.7.80         -> v1.7.80
2026-04-28T19:33:12.7999455Z  * [new tag]           v1.7.81         -> v1.7.81
2026-04-28T19:33:12.7999761Z  * [new tag]           v1.7.82         -> v1.7.82
2026-04-28T19:33:12.8000082Z  * [new tag]           v1.7.83         -> v1.7.83
2026-04-28T19:33:12.8123269Z ##[endgroup]
2026-04-28T19:33:12.8124031Z ##[group]Determining the checkout info
2026-04-28T19:33:12.8132504Z [command]/usr/bin/git branch --list --remote origin/feat/task-timing-firestore-sync
2026-04-28T19:33:12.8221814Z   origin/feat/task-timing-firestore-sync
2026-04-28T19:33:12.8232706Z ##[endgroup]
2026-04-28T19:33:12.8234664Z [command]/usr/bin/git sparse-checkout disable
2026-04-28T19:33:12.8361850Z [command]/usr/bin/git config --local --unset-all extensions.worktreeConfig
2026-04-28T19:33:12.8394384Z ##[group]Checking out the ref
2026-04-28T19:33:12.8400101Z [command]/usr/bin/git checkout --progress --force -B feat/task-timing-firestore-sync refs/remotes/origin/feat/task-timing-firestore-sync
2026-04-28T19:33:13.1069110Z Switched to a new branch 'feat/task-timing-firestore-sync'
2026-04-28T19:33:13.1072238Z branch 'feat/task-timing-firestore-sync' set up to track 'origin/feat/task-timing-firestore-sync'.
2026-04-28T19:33:13.1103513Z ##[endgroup]
2026-04-28T19:33:13.1153875Z [command]/usr/bin/git log -1 --format=%H
2026-04-28T19:33:13.1186701Z edb02b9b5b37e28b59bb2ab1711061e576c380e0
2026-04-28T19:33:13.1393989Z ##[group]Run dorny/paths-filter@v3
2026-04-28T19:33:13.1394320Z with:
2026-04-28T19:33:13.1395107Z   filters: android:
  - 'app/**'
  - 'gradlew'
  - 'gradlew.bat'
  - 'gradle/**'
  - 'build.gradle.kts'
  - 'settings.gradle.kts'
  - '.github/workflows/android-ci.yml'
  - '.github/actions/setup-android/**'

2026-04-28T19:33:13.1396082Z   token: ***
2026-04-28T19:33:13.1396314Z   list-files: none
2026-04-28T19:33:13.1396596Z   initial-fetch-depth: 100
2026-04-28T19:33:13.1396892Z   predicate-quantifier: some
2026-04-28T19:33:13.1397174Z ##[endgroup]
2026-04-28T19:33:13.2378817Z ##[group]Fetching list of changed files for PR#910 from Github API
2026-04-28T19:33:13.2386668Z Invoking listFiles(pull_number: 910, per_page: 100)
2026-04-28T19:33:13.5736227Z Received 5 items
2026-04-28T19:33:13.5737751Z [modified] CHANGELOG.md
2026-04-28T19:33:13.5738810Z [modified] app/src/androidTest/java/com/averycorp/prismtask/smoke/TestDatabaseModule.kt
2026-04-28T19:33:13.5740237Z [modified] app/src/main/java/com/averycorp/prismtask/data/remote/SyncService.kt
2026-04-28T19:33:13.5741921Z [modified] app/src/main/java/com/averycorp/prismtask/data/remote/mapper/SyncMapper.kt
2026-04-28T19:33:13.5743305Z [modified] app/src/test/java/com/averycorp/prismtask/data/remote/mapper/SyncMapperContentTest.kt
2026-04-28T19:33:13.5745131Z ##[endgroup]
2026-04-28T19:33:13.5745892Z Detected 5 changed files
2026-04-28T19:33:13.5746700Z Results:
2026-04-28T19:33:13.5747567Z ##[group]Filter android = true
2026-04-28T19:33:13.5748288Z Matching files:
2026-04-28T19:33:13.5749252Z app/src/androidTest/java/com/averycorp/prismtask/smoke/TestDatabaseModule.kt [modified]
2026-04-28T19:33:13.5750511Z app/src/main/java/com/averycorp/prismtask/data/remote/SyncService.kt [modified]
2026-04-28T19:33:13.5751953Z app/src/main/java/com/averycorp/prismtask/data/remote/mapper/SyncMapper.kt [modified]
2026-04-28T19:33:13.5753323Z app/src/test/java/com/averycorp/prismtask/data/remote/mapper/SyncMapperContentTest.kt [modified]
2026-04-28T19:33:13.5755888Z ##[endgroup]
2026-04-28T19:33:13.5756807Z Changes output set to ["android"]
2026-04-28T19:33:13.6662341Z Prepare all required actions
2026-04-28T19:33:13.6662793Z Getting action download info
2026-04-28T19:33:13.8511927Z Download action repository 'actions/setup-java@v4' (SHA:c1e323688fd81a25caa38c78aa6df2d33d3e20d9)
2026-04-28T19:33:14.4192550Z Download action repository 'gradle/actions@v4' (SHA:ed408507eac070d1f99cc633dbcf757c94c7933a)
2026-04-28T19:33:15.5698929Z ##[group]Run ./.github/actions/setup-android
2026-04-28T19:33:15.5699246Z ##[endgroup]
2026-04-28T19:33:15.5843697Z ##[group]Run actions/setup-java@v4
2026-04-28T19:33:15.5843965Z with:
2026-04-28T19:33:15.5844158Z   java-version: 21
2026-04-28T19:33:15.5844354Z   distribution: temurin
2026-04-28T19:33:15.5844572Z   java-package: jdk
2026-04-28T19:33:15.5844771Z   check-latest: false
2026-04-28T19:33:15.5844966Z   server-id: github
2026-04-28T19:33:15.5845168Z   server-username: GITHUB_ACTOR
2026-04-28T19:33:15.5845415Z   server-password: GITHUB_TOKEN
2026-04-28T19:33:15.5845642Z   overwrite-settings: true
2026-04-28T19:33:15.5845943Z   job-status: success
2026-04-28T19:33:15.5846239Z   token: ***
2026-04-28T19:33:15.5846427Z ##[endgroup]
2026-04-28T19:33:15.7877961Z ##[group]Installed distributions
2026-04-28T19:33:15.8114679Z Resolved Java 21.0.11+10 from tool-cache
2026-04-28T19:33:15.8115512Z Setting Java 21.0.11+10 as the default
2026-04-28T19:33:15.8129464Z Creating toolchains.xml for JDK version 21 from temurin
2026-04-28T19:33:15.8227273Z Writing to /home/runner/.m2/toolchains.xml
2026-04-28T19:33:15.8232259Z 
2026-04-28T19:33:15.8232597Z Java configuration:
2026-04-28T19:33:15.8242419Z   Distribution: temurin
2026-04-28T19:33:15.8242801Z   Version: 21.0.11+10
2026-04-28T19:33:15.8243355Z   Path: /opt/hostedtoolcache/Java_Temurin-Hotspot_jdk/21.0.11-10/x64
2026-04-28T19:33:15.8243806Z 
2026-04-28T19:33:15.8244410Z ##[endgroup]
2026-04-28T19:33:15.8282665Z Creating settings.xml with server-id: github
2026-04-28T19:33:15.8283275Z Writing to /home/runner/.m2/settings.xml
2026-04-28T19:33:15.8502616Z ##[group]Run gradle/actions/setup-gradle@v4
2026-04-28T19:33:15.8502905Z with:
2026-04-28T19:33:15.8503102Z   cache-disabled: false
2026-04-28T19:33:15.8503330Z   cache-read-only: true
2026-04-28T19:33:15.8503535Z   cache-write-only: false
2026-04-28T19:33:15.8503775Z   cache-overwrite-existing: false
2026-04-28T19:33:15.8504030Z   cache-cleanup: on-success
2026-04-28T19:33:15.8504326Z   gradle-home-cache-includes: caches
notifications

2026-04-28T19:33:15.8504626Z   add-job-summary: always
2026-04-28T19:33:15.8504867Z   add-job-summary-as-pr-comment: never
2026-04-28T19:33:15.8505138Z   dependency-graph: disabled
2026-04-28T19:33:15.8505428Z   dependency-graph-report-dir: dependency-graph-reports
2026-04-28T19:33:15.8505775Z   dependency-graph-continue-on-failure: true
2026-04-28T19:33:15.8506056Z   build-scan-publish: false
2026-04-28T19:33:15.8506277Z   validate-wrappers: true
2026-04-28T19:33:15.8506505Z   allow-snapshot-wrappers: false
2026-04-28T19:33:15.8506769Z   gradle-home-cache-strict-match: false
2026-04-28T19:33:15.8507041Z   workflow-job-context: null
2026-04-28T19:33:15.8507427Z   github-token: ***
2026-04-28T19:33:15.8507630Z env:
2026-04-28T19:33:15.8507917Z   JAVA_HOME: /opt/hostedtoolcache/Java_Temurin-Hotspot_jdk/21.0.11-10/x64
2026-04-28T19:33:15.8508398Z   JAVA_HOME_21_X64: /opt/hostedtoolcache/Java_Temurin-Hotspot_jdk/21.0.11-10/x64
2026-04-28T19:33:15.8508786Z ##[endgroup]
2026-04-28T19:33:18.0873898Z Merged default JDK locations into /home/runner/.m2/toolchains.xml
2026-04-28T19:33:18.0876747Z ##[group]Restore Gradle state from cache
2026-04-28T19:33:18.2367055Z Cache hit for restore-key: gradle-home-v1|Linux-X64|connected-tests[1e7216165ffdcf45b9a4b7e3077585ac]-c03ca3fc35b5c619a5d268435132e6d85c494392
2026-04-28T19:33:19.1851039Z Received 93057128 of 93057128 (100.0%), 110.1 MBs/sec
2026-04-28T19:33:19.1853546Z Cache Size: ~89 MB (93057128 B)
2026-04-28T19:33:19.1884247Z [command]/usr/bin/tar -xf /home/runner/work/_temp/075ad0e0-67ae-4a28-bf4e-c5fc11354c86/cache.tzst -P -C /home/runner/work/prismTask/prismTask --use-compress-program unzstd
2026-04-28T19:33:19.5335931Z Cache restored successfully
2026-04-28T19:33:19.5397779Z Restored cache entry with key gradle-home-v1|Linux-X64|autofix[5df42585ae8f8da228c604b8b4e8707c]-e0f11a17ba807e239caaaf4aebeaea3f6b744d8c to /home/runner/.gradle/caches,/home/runner/.gradle/notifications,/home/runner/.gradle/.setup-gradle in 1451ms
2026-04-28T19:33:19.6492223Z Cache hit for: gradle-transforms-v1-59530f88f84df12a66e5d01c1635eb26
2026-04-28T19:33:19.6600072Z Cache hit for: gradle-dependencies-v1-e0fc4029e4470cca68ede5c2db44de20
2026-04-28T19:33:19.6629664Z Cache hit for: gradle-groovy-dsl-v1-98cf71f037c71869f73179162953f41e
2026-04-28T19:33:19.6653350Z Cache hit for: gradle-kotlin-dsl-v1-f7310d3c4aa08d23b202abe4ee4ea28d
2026-04-28T19:33:19.6699434Z Cache hit for: gradle-wrapper-zips-v1-8c0de4c6bda6041d6e054bf825a89c98
2026-04-28T19:33:19.6881810Z Cache hit for: gradle-generated-gradle-jars-v1-cb4b032a7d08b9bf1e84e9eacaebcc29
2026-04-28T19:33:19.6931073Z Cache hit for: gradle-instrumented-jars-v1-34028f9fb7782b1e5521cf8af2019667
2026-04-28T19:33:20.0993828Z Received 162727 of 162727 (100.0%), 0.5 MBs/sec
2026-04-28T19:33:20.0994486Z Cache Size: ~0 MB (162727 B)
2026-04-28T19:33:20.1122996Z Received 110031 of 110031 (100.0%), 0.3 MBs/sec
2026-04-28T19:33:20.1124109Z Cache Size: ~0 MB (110031 B)
2026-04-28T19:33:20.1346477Z [command]/usr/bin/tar -xf /home/runner/work/_temp/c1b2cc58-a7ba-4c68-ba45-00bae4367144/cache.tzst -P -C /home/runner/work/prismTask/prismTask --use-compress-program unzstd
2026-04-28T19:33:20.1424474Z [command]/usr/bin/tar -xf /home/runner/work/_temp/9a8c4651-ca62-41f8-83ed-103379b3b629/cache.tzst -P -C /home/runner/work/prismTask/prismTask --use-compress-program unzstd
2026-04-28T19:33:20.1806433Z Received 64935 of 64935 (100.0%), 0.2 MBs/sec
2026-04-28T19:33:20.1807541Z Cache Size: ~0 MB (64935 B)
2026-04-28T19:33:20.2204158Z Cache restored successfully
2026-04-28T19:33:20.2322746Z Restored cache entry with key gradle-groovy-dsl-v1-98cf71f037c71869f73179162953f41e to /home/runner/.gradle/caches/*/groovy-dsl/*/ in 690ms
2026-04-28T19:33:20.2396416Z Cache restored successfully
2026-04-28T19:33:20.2501713Z Restored cache entry with key gradle-kotlin-dsl-v1-f7310d3c4aa08d23b202abe4ee4ea28d to /home/runner/.gradle/caches/*/kotlin-dsl/accessors/*/,/home/runner/.gradle/caches/*/kotlin-dsl/scripts/*/ in 708ms
2026-04-28T19:33:20.2628264Z [command]/usr/bin/tar -xf /home/runner/work/_temp/65d42f90-4ca7-4dc1-82da-ccbec8236280/cache.tzst -P -C /home/runner/work/prismTask/prismTask --use-compress-program unzstd
2026-04-28T19:33:20.2757749Z Cache restored successfully
2026-04-28T19:33:20.2759427Z Restored cache entry with key gradle-instrumented-jars-v1-34028f9fb7782b1e5521cf8af2019667 to /home/runner/.gradle/caches/jars-*/*/ in 734ms
2026-04-28T19:33:20.6765452Z Received 134217728 of 259980602 (51.6%), 127.7 MBs/sec
2026-04-28T19:33:20.7051490Z Received 50331648 of 136352669 (36.9%), 47.7 MBs/sec
2026-04-28T19:33:20.7833967Z Received 25165824 of 453712297 (5.5%), 23.8 MBs/sec
2026-04-28T19:33:20.8539483Z Received 37799100 of 41993404 (90.0%), 36.0 MBs/sec
2026-04-28T19:33:21.0727205Z Received 41993404 of 41993404 (100.0%), 32.8 MBs/sec
2026-04-28T19:33:21.0727839Z Cache Size: ~40 MB (41993404 B)
2026-04-28T19:33:21.1729166Z [command]/usr/bin/tar -xf /home/runner/work/_temp/7e80dccb-f34c-4139-b9bd-0f849c29faf2/cache.tzst -P -C /home/runner/work/prismTask/prismTask --use-compress-program unzstd
2026-04-28T19:33:21.4194577Z Received 259980602 of 259980602 (100.0%), 142.1 MBs/sec
2026-04-28T19:33:21.4202441Z Cache Size: ~248 MB (259980602 B)
2026-04-28T19:33:21.4372858Z [command]/usr/bin/tar -xf /home/runner/work/_temp/55b85a5f-590e-4ca3-a0b4-50e37c08c1b7/cache.tzst -P -C /home/runner/work/prismTask/prismTask --use-compress-program unzstd
2026-04-28T19:33:21.5005074Z Received 136352669 of 136352669 (100.0%), 72.2 MBs/sec
2026-04-28T19:33:21.5031594Z Cache Size: ~130 MB (136352669 B)
2026-04-28T19:33:21.5135078Z [command]/usr/bin/tar -xf /home/runner/work/_temp/5824c083-d131-44e8-8f95-c9925b564cb2/cache.tzst -P -C /home/runner/work/prismTask/prismTask --use-compress-program unzstd
2026-04-28T19:33:21.5558572Z Cache restored successfully
2026-04-28T19:33:21.5585603Z Restored cache entry with key gradle-generated-gradle-jars-v1-cb4b032a7d08b9bf1e84e9eacaebcc29 to /home/runner/.gradle/caches/9.3.1/generated-gradle-jars/gradle-api-9.3.1.jar in 2018ms
2026-04-28T19:33:21.7855125Z Received 130023424 of 453712297 (28.7%), 61.7 MBs/sec
2026-04-28T19:33:21.7916710Z Cache restored successfully
2026-04-28T19:33:21.8014863Z Restored cache entry with key gradle-wrapper-zips-v1-8c0de4c6bda6041d6e054bf825a89c98 to /home/runner/.gradle/wrapper/dists/gradle-9.3.1-bin/23ovyewtku6u96viwx3xl3oks in 2261ms
2026-04-28T19:33:22.7850228Z Received 234881024 of 453712297 (51.8%), 74.4 MBs/sec
2026-04-28T19:33:23.7884137Z Received 369098752 of 453712297 (81.4%), 87.7 MBs/sec
2026-04-28T19:33:24.6131025Z Received 453712297 of 453712297 (100.0%), 89.5 MBs/sec
2026-04-28T19:33:24.6136966Z Cache Size: ~433 MB (453712297 B)
2026-04-28T19:33:24.6212325Z [command]/usr/bin/tar -xf /home/runner/work/_temp/1b076acd-eb7b-4d79-bf5e-79d2950d47d0/cache.tzst -P -C /home/runner/work/prismTask/prismTask --use-compress-program unzstd
2026-04-28T19:33:24.6712071Z Cache restored successfully
2026-04-28T19:33:24.6856161Z Restored cache entry with key gradle-transforms-v1-59530f88f84df12a66e5d01c1635eb26 to /home/runner/.gradle/caches/transforms-4/*/,/home/runner/.gradle/caches/*/transforms/*/ in 5144ms
2026-04-28T19:33:25.3403257Z Cache restored successfully
2026-04-28T19:33:25.8404686Z Restored cache entry with key gradle-dependencies-v1-e0fc4029e4470cca68ede5c2db44de20 to /home/runner/.gradle/caches/modules-*/files-*/*/*/*/* in 6299ms
2026-04-28T19:33:25.8477577Z ##[endgroup]
2026-04-28T19:33:25.8829856Z ##[group]All Gradle Wrapper jars are valid
2026-04-28T19:33:25.8831352Z ✓ Found known Gradle Wrapper JAR files:
2026-04-28T19:33:25.8832287Z   b3a875ddc1f044746e1b1a55f645584505f4a10438c1afea9f15e92a7c42ec13 gradle/wrapper/gradle-wrapper.jar
2026-04-28T19:33:25.8833485Z ##[endgroup]
2026-04-28T19:33:25.8991640Z ##[group]Run chmod +x gradlew
2026-04-28T19:33:25.8992030Z [36;1mchmod +x gradlew[0m
2026-04-28T19:33:25.9095092Z shell: /usr/bin/bash --noprofile --norc -e -o pipefail {0}
2026-04-28T19:33:25.9095517Z env:
2026-04-28T19:33:25.9095889Z   JAVA_HOME: /opt/hostedtoolcache/Java_Temurin-Hotspot_jdk/21.0.11-10/x64
2026-04-28T19:33:25.9096488Z   JAVA_HOME_21_X64: /opt/hostedtoolcache/Java_Temurin-Hotspot_jdk/21.0.11-10/x64
2026-04-28T19:33:25.9096979Z   GRADLE_ACTION_ID: gradle/actions/setup-gradle
2026-04-28T19:33:25.9097332Z   GRADLE_USER_HOME: /home/runner/.gradle
2026-04-28T19:33:25.9097681Z   GRADLE_BUILD_ACTION_SETUP_COMPLETED: true
2026-04-28T19:33:25.9098023Z   GRADLE_BUILD_ACTION_CACHE_RESTORED: true
2026-04-28T19:33:25.9098513Z   DEVELOCITY_INJECTION_INIT_SCRIPT_NAME: gradle-actions.inject-develocity.init.gradle
2026-04-28T19:33:25.9099029Z   DEVELOCITY_INJECTION_CUSTOM_VALUE: gradle-actions
2026-04-28T19:33:25.9099406Z   GITHUB_DEPENDENCY_GRAPH_ENABLED: false
2026-04-28T19:33:25.9099711Z ##[endgroup]
2026-04-28T19:33:26.1817181Z ##[group]Run actions/cache@v4
2026-04-28T19:33:26.1817497Z with:
2026-04-28T19:33:26.1817741Z   path: app/build
2026-04-28T19:33:26.1818203Z   key: app-build-Linux-60f88d44dcf49cb52f506dd927e66ae62ee5a47d0db6c0c05b311f5e47cb64f0
2026-04-28T19:33:26.1818768Z   restore-keys: app-build-Linux-

2026-04-28T19:33:26.1819096Z   enableCrossOsArchive: false
2026-04-28T19:33:26.1819400Z   fail-on-cache-miss: false
2026-04-28T19:33:26.1819684Z   lookup-only: false
2026-04-28T19:33:26.1819940Z   save-always: false
2026-04-28T19:33:26.1820187Z env:
2026-04-28T19:33:26.1820535Z   JAVA_HOME: /opt/hostedtoolcache/Java_Temurin-Hotspot_jdk/21.0.11-10/x64
2026-04-28T19:33:26.1821312Z   JAVA_HOME_21_X64: /opt/hostedtoolcache/Java_Temurin-Hotspot_jdk/21.0.11-10/x64
2026-04-28T19:33:26.1821786Z   GRADLE_ACTION_ID: gradle/actions/setup-gradle
2026-04-28T19:33:26.1822133Z   GRADLE_USER_HOME: /home/runner/.gradle
2026-04-28T19:33:26.1822479Z   GRADLE_BUILD_ACTION_SETUP_COMPLETED: true
2026-04-28T19:33:26.1822891Z   GRADLE_BUILD_ACTION_CACHE_RESTORED: true
2026-04-28T19:33:26.1823379Z   DEVELOCITY_INJECTION_INIT_SCRIPT_NAME: gradle-actions.inject-develocity.init.gradle
2026-04-28T19:33:26.1823890Z   DEVELOCITY_INJECTION_CUSTOM_VALUE: gradle-actions
2026-04-28T19:33:26.1824259Z   GITHUB_DEPENDENCY_GRAPH_ENABLED: false
2026-04-28T19:33:26.1824584Z ##[endgroup]
2026-04-28T19:33:26.4661125Z Cache hit for: app-build-Linux-60f88d44dcf49cb52f506dd927e66ae62ee5a47d0db6c0c05b311f5e47cb64f0
2026-04-28T19:33:27.5636431Z Received 135160425 of 156131945 (86.6%), 128.6 MBs/sec
2026-04-28T19:33:27.7388035Z Received 156131945 of 156131945 (100.0%), 126.5 MBs/sec
2026-04-28T19:33:27.7389025Z Cache Size: ~149 MB (156131945 B)
2026-04-28T19:33:27.7419785Z [command]/usr/bin/tar -xf /home/runner/work/_temp/0a8cf183-5711-4eaa-965a-c1d42ae90fae/cache.tzst -P -C /home/runner/work/prismTask/prismTask --use-compress-program unzstd
2026-04-28T19:33:29.5401693Z Cache restored successfully
2026-04-28T19:33:29.5564615Z Cache restored from key: app-build-Linux-60f88d44dcf49cb52f506dd927e66ae62ee5a47d0db6c0c05b311f5e47cb64f0
2026-04-28T19:33:29.5696909Z ##[group]Run ./gradlew ktlintFormat --continue
2026-04-28T19:33:29.5697383Z [36;1m./gradlew ktlintFormat --continue[0m
2026-04-28T19:33:29.5757812Z shell: /usr/bin/bash -e {0}
2026-04-28T19:33:29.5758336Z env:
2026-04-28T19:33:29.5758721Z   JAVA_HOME: /opt/hostedtoolcache/Java_Temurin-Hotspot_jdk/21.0.11-10/x64
2026-04-28T19:33:29.5759300Z   JAVA_HOME_21_X64: /opt/hostedtoolcache/Java_Temurin-Hotspot_jdk/21.0.11-10/x64
2026-04-28T19:33:29.5759783Z   GRADLE_ACTION_ID: gradle/actions/setup-gradle
2026-04-28T19:33:29.5760142Z   GRADLE_USER_HOME: /home/runner/.gradle
2026-04-28T19:33:29.5760482Z   GRADLE_BUILD_ACTION_SETUP_COMPLETED: true
2026-04-28T19:33:29.5761053Z   GRADLE_BUILD_ACTION_CACHE_RESTORED: true
2026-04-28T19:33:29.5761548Z   DEVELOCITY_INJECTION_INIT_SCRIPT_NAME: gradle-actions.inject-develocity.init.gradle
2026-04-28T19:33:29.5762076Z   DEVELOCITY_INJECTION_CUSTOM_VALUE: gradle-actions
2026-04-28T19:33:29.5762439Z   GITHUB_DEPENDENCY_GRAPH_ENABLED: false
2026-04-28T19:33:29.5762826Z ##[endgroup]
2026-04-28T19:33:33.5701354Z Starting a Gradle Daemon (subsequent builds will be faster)
2026-04-28T19:33:56.7751666Z Configuration on demand is an incubating feature.
2026-04-28T19:34:03.7691474Z 
2026-04-28T19:34:03.7721509Z > Configure project :app
2026-04-28T19:34:03.7722420Z WARNING: The option setting 'android.builtInKotlin=false' is deprecated.
2026-04-28T19:34:03.7723313Z The current default is 'true'.
2026-04-28T19:34:03.7724037Z It will be removed in version 10.0 of the Android Gradle plugin.
2026-04-28T19:34:03.7724937Z WARNING: The option setting 'android.newDsl=false' is deprecated.
2026-04-28T19:34:03.7725698Z The current default is 'true'.
2026-04-28T19:34:03.7726409Z It will be removed in version 10.0 of the Android Gradle plugin.
2026-04-28T19:34:03.7727628Z WARNING: The option setting 'android.dependency.excludeLibraryComponentsFromConstraints=true' is deprecated.
2026-04-28T19:34:03.7728755Z The current default is 'false'.
2026-04-28T19:34:03.7729489Z It will be removed in version 10.0 of the Android Gradle plugin.
2026-04-28T19:34:03.7730331Z Following can be set instead to achieve a similar behaviour.
2026-04-28T19:34:03.7750195Z     android.dependency.useConstraints=false
2026-04-28T19:34:05.7725324Z w: ⚠️ Deprecated 'org.jetbrains.kotlin.android' plugin usage
2026-04-28T19:34:05.7734657Z The 'org.jetbrains.kotlin.android' plugin in project ':app' is no longer required for Kotlin support since AGP 9.0.
2026-04-28T19:34:05.7743265Z Solution: Remove both `android.builtInKotlin=true` and `android.newDsl=false` from `gradle.properties`, then migrate to built-in Kotlin.
2026-04-28T19:34:05.7744845Z See https://kotl.in/gradle/agp-built-in-kotlin for more details.
2026-04-28T19:34:05.7745467Z 
2026-04-28T19:34:09.9694798Z 
2026-04-28T19:34:09.9696005Z > Task :app:loadKtlintReporters
2026-04-28T19:34:11.9748756Z > Task :app:runKtlintFormatOverKotlinScripts
2026-04-28T19:34:11.9831397Z > Task :app:runKtlintFormatOverAndroidTestDebugSourceSet NO-SOURCE
2026-04-28T19:34:11.9833087Z > Task :app:ktlintAndroidTestDebugSourceSetFormat SKIPPED
2026-04-28T19:34:11.9892154Z > Task :app:runKtlintFormatOverAndroidTestReleaseSourceSet NO-SOURCE
2026-04-28T19:34:11.9952206Z > Task :app:ktlintAndroidTestReleaseSourceSetFormat SKIPPED
2026-04-28T19:34:12.1702254Z > Task :app:ktlintKotlinScriptFormat
2026-04-28T19:34:16.1811837Z > Task :app:runKtlintFormatOverDebugSourceSet
2026-04-28T19:34:16.3747028Z > Task :app:ktlintDebugSourceSetFormat
2026-04-28T19:34:16.3771798Z > Task :app:runKtlintFormatOverTestDebugSourceSet NO-SOURCE
2026-04-28T19:34:16.3831863Z > Task :app:ktlintTestDebugSourceSetFormat SKIPPED
2026-04-28T19:34:16.3861673Z > Task :app:runKtlintFormatOverTestFixturesDebugSourceSet NO-SOURCE
2026-04-28T19:34:16.3891794Z > Task :app:ktlintTestFixturesDebugSourceSetFormat SKIPPED
2026-04-28T19:34:16.3921543Z > Task :app:runKtlintFormatOverTestFixturesReleaseSourceSet NO-SOURCE
2026-04-28T19:34:16.4001973Z > Task :app:ktlintTestFixturesReleaseSourceSetFormat SKIPPED
2026-04-28T19:34:16.4042258Z > Task :app:runKtlintFormatOverTestFixturesSourceSet NO-SOURCE
2026-04-28T19:34:16.4061583Z > Task :app:ktlintTestFixturesSourceSetFormat SKIPPED
2026-04-28T19:34:16.4121873Z > Task :app:runKtlintFormatOverTestReleaseSourceSet NO-SOURCE
2026-04-28T19:34:16.4722265Z > Task :app:ktlintTestReleaseSourceSetFormat SKIPPED
2026-04-28T19:34:17.7722419Z > Task :app:runKtlintFormatOverReleaseSourceSet
2026-04-28T19:34:18.0692484Z > Task :app:ktlintReleaseSourceSetFormat
2026-04-28T19:34:21.8701884Z > Task :app:runKtlintFormatOverAndroidTestSourceSet
2026-04-28T19:34:21.9741812Z > Task :app:ktlintAndroidTestSourceSetFormat
2026-04-28T19:34:29.2721958Z > Task :app:runKtlintFormatOverTestSourceSet
2026-04-28T19:34:29.2732056Z > Task :app:ktlintTestSourceSetFormat
2026-04-28T19:34:42.0692685Z > Task :app:runKtlintFormatOverMainSourceSet
2026-04-28T19:34:45.2692936Z > Task :app:ktlintMainSourceSetFormat
2026-04-28T19:34:45.2693556Z > Task :app:ktlintFormat
2026-04-28T19:34:45.3692784Z gradle/actions: Writing build results to /home/runner/work/_temp/.gradle-actions/build-results/ktlint_format-1777404839071.json
2026-04-28T19:34:45.3693674Z 
2026-04-28T19:34:45.3697028Z [Incubating] Problems report is available at: file:///home/runner/work/prismTask/prismTask/build/reports/problems/problems-report.html
2026-04-28T19:34:45.3697978Z 
2026-04-28T19:34:45.3698423Z Deprecated Gradle features were used in this build, making it incompatible with Gradle 10.
2026-04-28T19:34:45.3699038Z 
2026-04-28T19:34:45.3699755Z You can use '--warning-mode all' to show the individual deprecation warnings and determine if they come from your own scripts or plugins.
2026-04-28T19:34:45.3700773Z 
2026-04-28T19:34:45.3701693Z For more on this, please refer to https://docs.gradle.org/9.3.1/userguide/command_line_interface.html#sec:command_line_warnings in the Gradle documentation.
2026-04-28T19:34:45.3702691Z 
2026-04-28T19:34:45.3702874Z BUILD SUCCESSFUL in 1m 15s
2026-04-28T19:34:45.3703329Z 13 actionable tasks: 13 executed
2026-04-28T19:34:45.7657486Z ##[group]Run ./gradlew detekt --auto-correct --continue
2026-04-28T19:34:45.7658000Z [36;1m./gradlew detekt --auto-correct --continue[0m
2026-04-28T19:34:45.7718105Z shell: /usr/bin/bash -e {0}
2026-04-28T19:34:45.7718439Z env:
2026-04-28T19:34:45.7718812Z   JAVA_HOME: /opt/hostedtoolcache/Java_Temurin-Hotspot_jdk/21.0.11-10/x64
2026-04-28T19:34:45.7719369Z   JAVA_HOME_21_X64: /opt/hostedtoolcache/Java_Temurin-Hotspot_jdk/21.0.11-10/x64
2026-04-28T19:34:45.7719837Z   GRADLE_ACTION_ID: gradle/actions/setup-gradle
2026-04-28T19:34:45.7720233Z   GRADLE_USER_HOME: /home/runner/.gradle
2026-04-28T19:34:45.7720812Z   GRADLE_BUILD_ACTION_SETUP_COMPLETED: true
2026-04-28T19:34:45.7721157Z   GRADLE_BUILD_ACTION_CACHE_RESTORED: true
2026-04-28T19:34:45.7721647Z   DEVELOCITY_INJECTION_INIT_SCRIPT_NAME: gradle-actions.inject-develocity.init.gradle
2026-04-28T19:34:45.7722175Z   DEVELOCITY_INJECTION_CUSTOM_VALUE: gradle-actions
2026-04-28T19:34:45.7722626Z   GITHUB_DEPENDENCY_GRAPH_ENABLED: false
2026-04-28T19:34:45.7722941Z ##[endgroup]
2026-04-28T19:34:46.5562213Z Configuration on demand is an incubating feature.
2026-04-28T19:34:46.9552917Z 
2026-04-28T19:34:46.9572480Z > Configure project :app
2026-04-28T19:34:46.9610110Z WARNING: The option setting 'android.builtInKotlin=false' is deprecated.
2026-04-28T19:34:46.9611365Z The current default is 'true'.
2026-04-28T19:34:46.9612220Z It will be removed in version 10.0 of the Android Gradle plugin.
2026-04-28T19:34:46.9613223Z WARNING: The option setting 'android.newDsl=false' is deprecated.
2026-04-28T19:34:46.9614068Z The current default is 'true'.
2026-04-28T19:34:46.9614860Z It will be removed in version 10.0 of the Android Gradle plugin.
2026-04-28T19:34:46.9616151Z WARNING: The option setting 'android.dependency.excludeLibraryComponentsFromConstraints=true' is deprecated.
2026-04-28T19:34:46.9617379Z The current default is 'false'.
2026-04-28T19:34:46.9618172Z It will be removed in version 10.0 of the Android Gradle plugin.
2026-04-28T19:34:46.9619165Z Following can be set instead to achieve a similar behaviour.
2026-04-28T19:34:46.9620008Z     android.dependency.useConstraints=false
2026-04-28T19:34:46.9621439Z w: ⚠️ Deprecated 'org.jetbrains.kotlin.android' plugin usage
2026-04-28T19:34:46.9623253Z The 'org.jetbrains.kotlin.android' plugin in project ':app' is no longer required for Kotlin support since AGP 9.0.
2026-04-28T19:34:46.9624883Z Solution: Remove both `android.builtInKotlin=true` and `android.newDsl=false` from `gradle.properties`, then migrate to built-in Kotlin.
2026-04-28T19:34:46.9626283Z See https://kotl.in/gradle/agp-built-in-kotlin for more details.
2026-04-28T19:34:46.9626901Z 
2026-04-28T19:34:48.5541416Z 
2026-04-28T19:34:48.5554461Z > Task :detekt-rules:checkKotlinGradlePluginConfigurationErrors SKIPPED
2026-04-28T19:34:53.8541912Z > Task :detekt-rules:processResources
2026-04-28T19:35:00.4551996Z > Task :detekt-rules:compileKotlin
2026-04-28T19:35:00.4571684Z > Task :detekt-rules:compileJava NO-SOURCE
2026-04-28T19:35:00.4581411Z > Task :detekt-rules:classes
2026-04-28T19:35:00.5553392Z > Task :detekt-rules:jar
2026-04-28T19:35:30.5553115Z > Task :app:detekt
2026-04-28T19:35:41.8542660Z gradle/actions: Writing build results to /home/runner/work/_temp/.gradle-actions/build-results/detekt_autocorrect-1777404886495.json
2026-04-28T19:35:41.8550024Z 
2026-04-28T19:35:41.8551210Z [Incubating] Problems report is available at: file:///home/runner/work/prismTask/prismTask/build/reports/problems/problems-report.html
2026-04-28T19:35:41.8552475Z 
2026-04-28T19:35:41.8553280Z Deprecated Gradle features were used in this build, making it incompatible with Gradle 10.
2026-04-28T19:35:41.8554011Z 
2026-04-28T19:35:41.8554762Z You can use '--warning-mode all' to show the individual deprecation warnings and determine if they come from your own scripts or plugins.
2026-04-28T19:35:41.8555683Z 
2026-04-28T19:35:41.8557083Z For more on this, please refer to https://docs.gradle.org/9.3.1/userguide/command_line_interface.html#sec:command_line_warnings in the Gradle documentation.
2026-04-28T19:35:41.8558135Z 
2026-04-28T19:35:41.8558322Z BUILD SUCCESSFUL in 56s
2026-04-28T19:35:41.8971707Z 4 actionable tasks: 4 executed
2026-04-28T19:35:41.9123468Z ##[group]Run git config user.name "github-actions[bot]"
2026-04-28T19:35:41.9124167Z [36;1mgit config user.name "github-actions[bot]"[0m
2026-04-28T19:35:41.9124956Z [36;1mgit config user.email "github-actions[bot]@users.noreply.github.com"[0m
2026-04-28T19:35:41.9125957Z [36;1mgit diff --quiet || (git add -A && git commit -m "style: auto-format" && git push)[0m
2026-04-28T19:35:41.9213920Z shell: /usr/bin/bash -e {0}
2026-04-28T19:35:41.9214445Z env:
2026-04-28T19:35:41.9215059Z   JAVA_HOME: /opt/hostedtoolcache/Java_Temurin-Hotspot_jdk/21.0.11-10/x64
2026-04-28T19:35:41.9215974Z   JAVA_HOME_21_X64: /opt/hostedtoolcache/Java_Temurin-Hotspot_jdk/21.0.11-10/x64
2026-04-28T19:35:41.9216936Z   GRADLE_ACTION_ID: gradle/actions/setup-gradle
2026-04-28T19:35:41.9217757Z   GRADLE_USER_HOME: /home/runner/.gradle
2026-04-28T19:35:41.9218262Z   GRADLE_BUILD_ACTION_SETUP_COMPLETED: true
2026-04-28T19:35:41.9234043Z   GRADLE_BUILD_ACTION_CACHE_RESTORED: true
2026-04-28T19:35:41.9234904Z   DEVELOCITY_INJECTION_INIT_SCRIPT_NAME: gradle-actions.inject-develocity.init.gradle
2026-04-28T19:35:41.9235716Z   DEVELOCITY_INJECTION_CUSTOM_VALUE: gradle-actions
2026-04-28T19:35:41.9236229Z   GITHUB_DEPENDENCY_GRAPH_ENABLED: false
2026-04-28T19:35:41.9236669Z ##[endgroup]
2026-04-28T19:35:42.0760344Z [feat/task-timing-firestore-sync 3213b481] style: auto-format
2026-04-28T19:35:42.0761091Z  4 files changed, 27 insertions(+), 27 deletions(-)
2026-04-28T19:35:42.2219354Z remote: Permission to averycorp/prismTask.git denied to akarlin3.
2026-04-28T19:35:42.2240417Z fatal: unable to access 'https://github.com/averycorp/prismTask/': The requested URL returned error: 403
2026-04-28T19:35:42.2251580Z ##[error]Process completed with exit code 128.
2026-04-28T19:35:42.2302700Z ##[group]Run ./gradlew ktlintCheck --continue
2026-04-28T19:35:42.2303121Z [36;1m./gradlew ktlintCheck --continue[0m
2026-04-28T19:35:42.2362642Z shell: /usr/bin/bash -e {0}
2026-04-28T19:35:42.2362956Z env:
2026-04-28T19:35:42.2363325Z   JAVA_HOME: /opt/hostedtoolcache/Java_Temurin-Hotspot_jdk/21.0.11-10/x64
2026-04-28T19:35:42.2364139Z   JAVA_HOME_21_X64: /opt/hostedtoolcache/Java_Temurin-Hotspot_jdk/21.0.11-10/x64
2026-04-28T19:35:42.2364603Z   GRADLE_ACTION_ID: gradle/actions/setup-gradle
2026-04-28T19:35:42.2364955Z   GRADLE_USER_HOME: /home/runner/.gradle
2026-04-28T19:35:42.2365286Z   GRADLE_BUILD_ACTION_SETUP_COMPLETED: true
2026-04-28T19:35:42.2365640Z   GRADLE_BUILD_ACTION_CACHE_RESTORED: true
2026-04-28T19:35:42.2366132Z   DEVELOCITY_INJECTION_INIT_SCRIPT_NAME: gradle-actions.inject-develocity.init.gradle
2026-04-28T19:35:42.2366657Z   DEVELOCITY_INJECTION_CUSTOM_VALUE: gradle-actions
2026-04-28T19:35:42.2367021Z   GITHUB_DEPENDENCY_GRAPH_ENABLED: false
2026-04-28T19:35:42.2367400Z ##[endgroup]
2026-04-28T19:35:43.0179101Z Configuration on demand is an incubating feature.
2026-04-28T19:35:43.3181512Z 
2026-04-28T19:35:43.3182675Z > Configure project :app
2026-04-28T19:35:43.3212008Z WARNING: The option setting 'android.builtInKotlin=false' is deprecated.
2026-04-28T19:35:43.3241657Z The current default is 'true'.
2026-04-28T19:35:43.3242595Z It will be removed in version 10.0 of the Android Gradle plugin.
2026-04-28T19:35:43.3267466Z WARNING: The option setting 'android.newDsl=false' is deprecated.
2026-04-28T19:35:43.3291563Z The current default is 'true'.
2026-04-28T19:35:43.3341799Z It will be removed in version 10.0 of the Android Gradle plugin.
2026-04-28T19:35:43.3351925Z WARNING: The option setting 'android.dependency.excludeLibraryComponentsFromConstraints=true' is deprecated.
2026-04-28T19:35:43.3361779Z The current default is 'false'.
2026-04-28T19:35:43.3411932Z It will be removed in version 10.0 of the Android Gradle plugin.
2026-04-28T19:35:43.3413201Z Following can be set instead to achieve a similar behaviour.
2026-04-28T19:35:43.3441721Z     android.dependency.useConstraints=false
2026-04-28T19:35:43.3448245Z w: ⚠️ Deprecated 'org.jetbrains.kotlin.android' plugin usage
2026-04-28T19:35:43.3487906Z The 'org.jetbrains.kotlin.android' plugin in project ':app' is no longer required for Kotlin support since AGP 9.0.
2026-04-28T19:35:43.3493994Z Solution: Remove both `android.builtInKotlin=true` and `android.newDsl=false` from `gradle.properties`, then migrate to built-in Kotlin.
2026-04-28T19:35:43.3495503Z See https://kotl.in/gradle/agp-built-in-kotlin for more details.
2026-04-28T19:35:43.3496251Z 
2026-04-28T19:35:43.4148320Z 
2026-04-28T19:35:43.4149505Z > Task :app:loadKtlintReporters UP-TO-DATE
2026-04-28T19:35:43.4150777Z > Task :app:runKtlintCheckOverAndroidTestDebugSourceSet NO-SOURCE
2026-04-28T19:35:43.4172806Z > Task :app:ktlintAndroidTestDebugSourceSetCheck SKIPPED
2026-04-28T19:35:43.5178211Z > Task :app:runKtlintCheckOverAndroidTestReleaseSourceSet NO-SOURCE
2026-04-28T19:35:43.5239957Z > Task :app:ktlintAndroidTestReleaseSourceSetCheck SKIPPED
2026-04-28T19:35:47.4178455Z > Task :app:runKtlintCheckOverDebugSourceSet
2026-04-28T19:35:47.7155822Z > Task :app:ktlintDebugSourceSetCheck
2026-04-28T19:35:47.9155597Z > Task :app:runKtlintCheckOverReleaseSourceSet
2026-04-28T19:35:48.1242428Z > Task :app:ktlintReleaseSourceSetCheck
2026-04-28T19:35:48.1352186Z > Task :app:runKtlintCheckOverTestDebugSourceSet NO-SOURCE
2026-04-28T19:35:48.1382009Z > Task :app:ktlintTestDebugSourceSetCheck SKIPPED
2026-04-28T19:35:48.1431847Z > Task :app:runKtlintCheckOverTestFixturesDebugSourceSet NO-SOURCE
2026-04-28T19:35:48.1582101Z > Task :app:ktlintTestFixturesDebugSourceSetCheck SKIPPED
2026-04-28T19:35:48.1632028Z > Task :app:runKtlintCheckOverTestFixturesReleaseSourceSet NO-SOURCE
2026-04-28T19:35:48.1723681Z > Task :app:ktlintTestFixturesReleaseSourceSetCheck SKIPPED
2026-04-28T19:35:48.1832110Z > Task :app:runKtlintCheckOverTestFixturesSourceSet NO-SOURCE
2026-04-28T19:35:48.1892611Z > Task :app:ktlintTestFixturesSourceSetCheck SKIPPED
2026-04-28T19:35:48.1952013Z > Task :app:runKtlintCheckOverTestReleaseSourceSet NO-SOURCE
2026-04-28T19:35:48.1961486Z > Task :app:ktlintTestReleaseSourceSetCheck SKIPPED
2026-04-28T19:35:49.0176934Z > Task :app:runKtlintCheckOverKotlinScripts
2026-04-28T19:35:49.1151845Z > Task :app:ktlintKotlinScriptCheck
2026-04-28T19:35:59.2152370Z > Task :app:runKtlintCheckOverAndroidTestSourceSet
2026-04-28T19:35:59.3172921Z > Task :app:ktlintAndroidTestSourceSetCheck
2026-04-28T19:36:03.4171977Z > Task :app:runKtlintCheckOverTestSourceSet
2026-04-28T19:36:03.5155966Z > Task :app:ktlintTestSourceSetCheck
2026-04-28T19:36:13.5148123Z > Task :app:runKtlintCheckOverMainSourceSet
2026-04-28T19:36:19.2148382Z > Task :app:ktlintMainSourceSetCheck
2026-04-28T19:36:19.2149289Z > Task :app:ktlintCheck
2026-04-28T19:36:19.2151128Z gradle/actions: Writing build results to /home/runner/work/_temp/.gradle-actions/build-results/__run_3-1777404942961.json
2026-04-28T19:36:19.2151976Z 
2026-04-28T19:36:19.2152694Z [Incubating] Problems report is available at: file:///home/runner/work/prismTask/prismTask/build/reports/problems/problems-report.html
2026-04-28T19:36:19.2153321Z 
2026-04-28T19:36:19.2153762Z Deprecated Gradle features were used in this build, making it incompatible with Gradle 10.
2026-04-28T19:36:19.2154228Z 
2026-04-28T19:36:19.2154918Z You can use '--warning-mode all' to show the individual deprecation warnings and determine if they come from your own scripts or plugins.
2026-04-28T19:36:19.2155694Z 
2026-04-28T19:36:19.2156340Z For more on this, please refer to https://docs.gradle.org/9.3.1/userguide/command_line_interface.html#sec:command_line_warnings in the Gradle documentation.
2026-04-28T19:36:19.2156998Z 
2026-04-28T19:36:19.2157121Z BUILD SUCCESSFUL in 36s
2026-04-28T19:36:19.2157459Z 13 actionable tasks: 12 executed, 1 up-to-date
2026-04-28T19:36:19.2802022Z Post job cleanup.
2026-04-28T19:36:19.2896850Z Post job cleanup.
2026-04-28T19:36:19.6037419Z In post-action step
2026-04-28T19:36:19.6047269Z Cache is read-only: will not save state for use in subsequent builds.
2026-04-28T19:36:19.6054395Z Generating Job Summary
2026-04-28T19:36:19.6089379Z Completed post-action step
2026-04-28T19:36:19.6265203Z Post job cleanup.
2026-04-28T19:36:19.8114794Z Post job cleanup.
2026-04-28T19:36:19.9149219Z [command]/usr/bin/git version
2026-04-28T19:36:19.9195295Z git version 2.54.0
2026-04-28T19:36:19.9236708Z Temporarily overriding HOME='/home/runner/work/_temp/7e58d47e-2018-4a7c-9fb3-e13c5dfef610' before making global git config changes
2026-04-28T19:36:19.9238021Z Adding repository directory to the temporary git global config as a safe directory
2026-04-28T19:36:19.9242283Z [command]/usr/bin/git config --global --add safe.directory /home/runner/work/prismTask/prismTask
2026-04-28T19:36:19.9279088Z [command]/usr/bin/git config --local --name-only --get-regexp core\.sshCommand
2026-04-28T19:36:19.9312961Z [command]/usr/bin/git submodule foreach --recursive sh -c "git config --local --name-only --get-regexp 'core\.sshCommand' && git config --local --unset-all 'core.sshCommand' || :"
2026-04-28T19:36:19.9564939Z [command]/usr/bin/git config --local --name-only --get-regexp http\.https\:\/\/github\.com\/\.extraheader
2026-04-28T19:36:19.9592399Z http.https://github.com/.extraheader
2026-04-28T19:36:19.9605803Z [command]/usr/bin/git config --local --unset-all http.https://github.com/.extraheader
2026-04-28T19:36:19.9638177Z [command]/usr/bin/git submodule foreach --recursive sh -c "git config --local --name-only --get-regexp 'http\.https\:\/\/github\.com\/\.extraheader' && git config --local --unset-all 'http.https://github.com/.extraheader' || :"
2026-04-28T19:36:19.9888120Z [command]/usr/bin/git config --local --name-only --get-regexp ^includeIf\.gitdir:
2026-04-28T19:36:19.9922170Z [command]/usr/bin/git submodule foreach --recursive git config --local --show-origin --name-only --get-regexp remote.origin.url
2026-04-28T19:36:20.0291983Z Cleaning up orphan processes
2026-04-28T19:36:20.0657743Z Terminate orphan process: pid (2592) (java)
2026-04-28T19:36:20.0686276Z Terminate orphan process: pid (3017) (java)
2026-04-28T19:36:20.0701587Z ##[warning]Node.js 20 actions are deprecated. The following actions are running on Node.js 20 and may not work as expected: actions/cache@v4, actions/checkout@v4, actions/setup-java@v4, dorny/paths-filter@v3, gradle/actions/setup-gradle@v4. Actions will be forced to run with Node.js 24 by default starting June 2nd, 2026. Node.js 20 will be removed from the runner on September 16th, 2026. Please check if updated versions of these actions are available that support Node.js 24. To opt into Node.js 24 now, set the FORCE_JAVASCRIPT_ACTIONS_TO_NODE24=true environment variable on the runner or in your workflow file. Once Node.js 24 becomes the default, you can temporarily opt out by setting ACTIONS_ALLOW_USE_UNSECURE_NODE_VERSION=true. For more information see: https://github.blog/changelog/2025-09-19-deprecation-of-node-20-on-github-actions-runners/
