=== CI FAILURE ===
Workflow:      Android CI
Workflow file: akarlin3/prismTask/.github/workflows/android-ci.yml@refs/pull/664/merge
Job(s):        lint-and-test
Run ID:        24805786387
Run attempt:   1
Run URL:       https://github.com/akarlin3/prismTask/actions/runs/24805786387
Commit:        6c9027ca993baf47960541e20e3782c50917d8a0
Branch:        664/merge
Event:         pull_request
Actor:         akarlin3
Runner OS:     Linux
Timestamp:     2026-04-22T22:26:37.614Z

Failed steps:
  - lint-and-test: #2 Run actions/checkout@v4 | #5 detekt | #6 Android lint | #8 Verify unit-test results (XML) | #9 Post failure details to PR

=== FAILED JOB LOG ===

--- Job: lint-and-test (id 72599737859) ---
2026-04-22T22:25:52.6907170Z Current runner version: '2.333.1'
2026-04-22T22:25:52.6942829Z ##[group]Runner Image Provisioner
2026-04-22T22:25:52.6943976Z Hosted Compute Agent
2026-04-22T22:25:52.6944984Z Version: 20260213.493
2026-04-22T22:25:52.6946008Z Commit: 5c115507f6dd24b8de37d8bbe0bb4509d0cc0fa3
2026-04-22T22:25:52.6947243Z Build Date: 2026-02-13T00:28:41Z
2026-04-22T22:25:52.6948452Z Worker ID: {532d6fda-ab9b-4234-b27d-1a29df68d7cd}
2026-04-22T22:25:52.6949609Z Azure Region: northcentralus
2026-04-22T22:25:52.6950761Z ##[endgroup]
2026-04-22T22:25:52.6953135Z ##[group]Operating System
2026-04-22T22:25:52.6954255Z Ubuntu
2026-04-22T22:25:52.6954970Z 24.04.4
2026-04-22T22:25:52.6955686Z LTS
2026-04-22T22:25:52.6956499Z ##[endgroup]
2026-04-22T22:25:52.6957402Z ##[group]Runner Image
2026-04-22T22:25:52.6958385Z Image: ubuntu-24.04
2026-04-22T22:25:52.6959393Z Version: 20260413.86.1
2026-04-22T22:25:52.6961724Z Included Software: https://github.com/actions/runner-images/blob/ubuntu24/20260413.86/images/ubuntu/Ubuntu2404-Readme.md
2026-04-22T22:25:52.6963837Z Image Release: https://github.com/actions/runner-images/releases/tag/ubuntu24%2F20260413.86
2026-04-22T22:25:52.6964757Z ##[endgroup]
2026-04-22T22:25:52.6966055Z ##[group]GITHUB_TOKEN Permissions
2026-04-22T22:25:52.6968174Z Actions: read
2026-04-22T22:25:52.6968735Z Checks: read
2026-04-22T22:25:52.6969290Z Contents: write
2026-04-22T22:25:52.6969822Z Metadata: read
2026-04-22T22:25:52.6970316Z PullRequests: read
2026-04-22T22:25:52.6971161Z ##[endgroup]
2026-04-22T22:25:52.6973273Z Secret source: Actions
2026-04-22T22:25:52.6974358Z Prepare workflow directory
2026-04-22T22:25:52.7352785Z Prepare all required actions
2026-04-22T22:25:52.7408247Z Getting action download info
2026-04-22T22:25:53.2115048Z Download action repository 'actions/checkout@v4' (SHA:34e114876b0b11c390a56381ad16ebd13914f8d5)
2026-04-22T22:25:53.3469633Z Download action repository 'actions/github-script@v7' (SHA:f28e40c7f34bde8b3046d885e986cb6290c5673b)
2026-04-22T22:25:53.7471331Z Download action repository 'actions/upload-artifact@v4' (SHA:ea165f8d65b6e75b540449e92b4886f43607fa02)
2026-04-22T22:25:53.9676128Z Complete job name: lint-and-test
2026-04-22T22:25:54.0462501Z ##[group]Run actions/checkout@v4
2026-04-22T22:25:54.0463387Z with:
2026-04-22T22:25:54.0463823Z   ref: feat/pomodoro-ai-coaching
2026-04-22T22:25:54.0464359Z   repository: akarlin3/prismTask
2026-04-22T22:25:54.0465060Z   token: ***
2026-04-22T22:25:54.0465466Z   ssh-strict: true
2026-04-22T22:25:54.0465927Z   ssh-user: git
2026-04-22T22:25:54.0466360Z   persist-credentials: true
2026-04-22T22:25:54.0466836Z   clean: true
2026-04-22T22:25:54.0467258Z   sparse-checkout-cone-mode: true
2026-04-22T22:25:54.0467762Z   fetch-depth: 1
2026-04-22T22:25:54.0468196Z   fetch-tags: false
2026-04-22T22:25:54.0468607Z   show-progress: true
2026-04-22T22:25:54.0469032Z   lfs: false
2026-04-22T22:25:54.0469411Z   submodules: false
2026-04-22T22:25:54.0469840Z   set-safe-directory: true
2026-04-22T22:25:54.0470660Z ##[endgroup]
2026-04-22T22:25:54.1528438Z Syncing repository: akarlin3/prismTask
2026-04-22T22:25:54.1530319Z ##[group]Getting Git version info
2026-04-22T22:25:54.1531446Z Working directory is '/home/runner/work/prismTask/prismTask'
2026-04-22T22:25:54.1532489Z [command]/usr/bin/git version
2026-04-22T22:25:54.1576426Z git version 2.53.0
2026-04-22T22:25:54.1603601Z ##[endgroup]
2026-04-22T22:25:54.1618034Z Temporarily overriding HOME='/home/runner/work/_temp/d0d21ad4-a29c-4c40-8f77-3d956391a60a' before making global git config changes
2026-04-22T22:25:54.1619547Z Adding repository directory to the temporary git global config as a safe directory
2026-04-22T22:25:54.1623478Z [command]/usr/bin/git config --global --add safe.directory /home/runner/work/prismTask/prismTask
2026-04-22T22:25:54.1655820Z Deleting the contents of '/home/runner/work/prismTask/prismTask'
2026-04-22T22:25:54.1660047Z ##[group]Initializing the repository
2026-04-22T22:25:54.1665154Z [command]/usr/bin/git init /home/runner/work/prismTask/prismTask
2026-04-22T22:25:54.1752594Z hint: Using 'master' as the name for the initial branch. This default branch name
2026-04-22T22:25:54.1754920Z hint: will change to "main" in Git 3.0. To configure the initial branch name
2026-04-22T22:25:54.1756858Z hint: to use in all of your new repositories, which will suppress this warning,
2026-04-22T22:25:54.1758529Z hint: call:
2026-04-22T22:25:54.1759284Z hint:
2026-04-22T22:25:54.1760283Z hint: 	git config --global init.defaultBranch <name>
2026-04-22T22:25:54.1761760Z hint:
2026-04-22T22:25:54.1762801Z hint: Names commonly chosen instead of 'master' are 'main', 'trunk' and
2026-04-22T22:25:54.1764557Z hint: 'development'. The just-created branch can be renamed via this command:
2026-04-22T22:25:54.1766014Z hint:
2026-04-22T22:25:54.1766820Z hint: 	git branch -m <name>
2026-04-22T22:25:54.1767764Z hint:
2026-04-22T22:25:54.1768911Z hint: Disable this message with "git config set advice.defaultBranchName false"
2026-04-22T22:25:54.1771055Z Initialized empty Git repository in /home/runner/work/prismTask/prismTask/.git/
2026-04-22T22:25:54.1774242Z [command]/usr/bin/git remote add origin https://github.com/akarlin3/prismTask
2026-04-22T22:25:54.1798646Z ##[endgroup]
2026-04-22T22:25:54.1799943Z ##[group]Disabling automatic garbage collection
2026-04-22T22:25:54.1803727Z [command]/usr/bin/git config --local gc.auto 0
2026-04-22T22:25:54.1832580Z ##[endgroup]
2026-04-22T22:25:54.1833959Z ##[group]Setting up auth
2026-04-22T22:25:54.1841098Z [command]/usr/bin/git config --local --name-only --get-regexp core\.sshCommand
2026-04-22T22:25:54.1871444Z [command]/usr/bin/git submodule foreach --recursive sh -c "git config --local --name-only --get-regexp 'core\.sshCommand' && git config --local --unset-all 'core.sshCommand' || :"
2026-04-22T22:25:54.2141920Z [command]/usr/bin/git config --local --name-only --get-regexp http\.https\:\/\/github\.com\/\.extraheader
2026-04-22T22:25:54.2169728Z [command]/usr/bin/git submodule foreach --recursive sh -c "git config --local --name-only --get-regexp 'http\.https\:\/\/github\.com\/\.extraheader' && git config --local --unset-all 'http.https://github.com/.extraheader' || :"
2026-04-22T22:25:54.2388252Z [command]/usr/bin/git config --local --name-only --get-regexp ^includeIf\.gitdir:
2026-04-22T22:25:54.2416647Z [command]/usr/bin/git submodule foreach --recursive git config --local --show-origin --name-only --get-regexp remote.origin.url
2026-04-22T22:25:54.2633876Z [command]/usr/bin/git config --local http.https://github.com/.extraheader AUTHORIZATION: basic ***
2026-04-22T22:25:54.2668052Z ##[endgroup]
2026-04-22T22:25:54.2668859Z ##[group]Fetching the repository
2026-04-22T22:25:54.2677600Z [command]/usr/bin/git -c protocol.version=2 fetch --no-tags --prune --no-recurse-submodules --depth=1 origin +refs/heads/feat/pomodoro-ai-coaching*:refs/remotes/origin/feat/pomodoro-ai-coaching* +refs/tags/feat/pomodoro-ai-coaching*:refs/tags/feat/pomodoro-ai-coaching*
2026-04-22T22:25:54.4863639Z The process '/usr/bin/git' failed with exit code 1
2026-04-22T22:25:54.4864760Z Waiting 12 seconds before trying again
2026-04-22T22:26:06.4899002Z [command]/usr/bin/git -c protocol.version=2 fetch --no-tags --prune --no-recurse-submodules --depth=1 origin +refs/heads/feat/pomodoro-ai-coaching*:refs/remotes/origin/feat/pomodoro-ai-coaching* +refs/tags/feat/pomodoro-ai-coaching*:refs/tags/feat/pomodoro-ai-coaching*
2026-04-22T22:26:06.7099083Z The process '/usr/bin/git' failed with exit code 1
2026-04-22T22:26:06.7099847Z Waiting 20 seconds before trying again
2026-04-22T22:26:26.7202492Z [command]/usr/bin/git -c protocol.version=2 fetch --no-tags --prune --no-recurse-submodules --depth=1 origin +refs/heads/feat/pomodoro-ai-coaching*:refs/remotes/origin/feat/pomodoro-ai-coaching* +refs/tags/feat/pomodoro-ai-coaching*:refs/tags/feat/pomodoro-ai-coaching*
2026-04-22T22:26:26.9178700Z ##[error]The process '/usr/bin/git' failed with exit code 1
2026-04-22T22:26:26.9406158Z ##[group]Run ./gradlew detekt --continue
2026-04-22T22:26:26.9406609Z [36;1m./gradlew detekt --continue[0m
2026-04-22T22:26:26.9432306Z shell: /usr/bin/bash -e {0}
2026-04-22T22:26:26.9432902Z ##[endgroup]
2026-04-22T22:26:26.9503715Z /home/runner/work/_temp/f8e1e5cb-7d35-4b99-beaf-34bf9b62b273.sh: line 1: ./gradlew: No such file or directory
2026-04-22T22:26:26.9511569Z ##[error]Process completed with exit code 127.
2026-04-22T22:26:26.9547737Z ##[group]Run ./gradlew lint --continue
2026-04-22T22:26:26.9548101Z [36;1m./gradlew lint --continue[0m
2026-04-22T22:26:26.9569512Z shell: /usr/bin/bash -e {0}
2026-04-22T22:26:26.9569823Z ##[endgroup]
2026-04-22T22:26:26.9613488Z /home/runner/work/_temp/b259b4c4-4fd2-4293-ac94-c908b11d8b99.sh: line 1: ./gradlew: No such file or directory
2026-04-22T22:26:26.9618500Z ##[error]Process completed with exit code 127.
2026-04-22T22:26:26.9656806Z ##[group]Run set -euo pipefail
2026-04-22T22:26:26.9657182Z [36;1mset -euo pipefail[0m
2026-04-22T22:26:26.9657470Z [36;1mshopt -s globstar nullglob[0m
2026-04-22T22:26:26.9657802Z [36;1mxmls=(app/build/test-results/**/*.xml)[0m
2026-04-22T22:26:26.9658148Z [36;1mif [ ${#xmls[@]} -eq 0 ]; then[0m
2026-04-22T22:26:26.9658653Z [36;1m  echo "::error::No JUnit XML results found under app/build/test-results/. Did the test task run?"[0m
2026-04-22T22:26:26.9659142Z [36;1m  exit 1[0m
2026-04-22T22:26:26.9659363Z [36;1mfi[0m
2026-04-22T22:26:26.9659587Z [36;1mfailed=0[0m
2026-04-22T22:26:26.9659828Z [36;1mfor f in "${xmls[@]}"; do[0m
2026-04-22T22:26:26.9660240Z [36;1m  fails=$(grep -oE 'failures="[0-9]+"' "$f" | head -n1 | grep -oE '[0-9]+' || echo 0)[0m
2026-04-22T22:26:26.9661051Z [36;1m  errs=$(grep -oE 'errors="[0-9]+"' "$f" | head -n1 | grep -oE '[0-9]+' || echo 0)[0m
2026-04-22T22:26:26.9661629Z [36;1m  if [ "${fails:-0}" -gt 0 ] || [ "${errs:-0}" -gt 0 ]; then[0m
2026-04-22T22:26:26.9662136Z [36;1m    echo "::error file=${f}::${fails} failure(s), ${errs} error(s) in ${f}"[0m
2026-04-22T22:26:26.9662561Z [36;1m    failed=$((failed + fails + errs))[0m
2026-04-22T22:26:26.9662877Z [36;1m  fi[0m
2026-04-22T22:26:26.9663086Z [36;1mdone[0m
2026-04-22T22:26:26.9663322Z [36;1mif [ "$failed" -gt 0 ]; then[0m
2026-04-22T22:26:26.9663867Z [36;1m  echo "::error::${failed} unit-test failure(s)/error(s) detected. See annotations and the test-results artifact."[0m
2026-04-22T22:26:26.9664406Z [36;1m  exit 1[0m
2026-04-22T22:26:26.9664624Z [36;1mfi[0m
2026-04-22T22:26:26.9664893Z [36;1mecho "All ${#xmls[@]} JUnit XML reports clean."[0m
2026-04-22T22:26:26.9688265Z shell: /usr/bin/bash --noprofile --norc -e -o pipefail {0}
2026-04-22T22:26:26.9688641Z ##[endgroup]
2026-04-22T22:26:26.9733033Z ##[error]No JUnit XML results found under app/build/test-results/. Did the test task run?
2026-04-22T22:26:26.9735284Z ##[error]Process completed with exit code 1.
2026-04-22T22:26:26.9831041Z ##[group]Run actions/github-script@v7
2026-04-22T22:26:26.9831445Z with:
2026-04-22T22:26:26.9834122Z   script: const fs = require('fs');
let body = '### CI Unit Test Failure\n\n';
try {
  const raw = fs.readFileSync('unit-test-output.log', 'utf8');
  const lines = raw.split('\n');
  const errorLines = lines.filter(l =>
    /\be:\b|FAILED|Compilation error|Unresolved reference|not abstract|does not implement/.test(l)
  );
  const tail = lines.slice(-30).join('\n');
  const errors = errorLines.length > 0
    ? errorLines.join('\n')
    : 'No specific error lines matched. Last 30 lines shown.';
  body += '**Error lines:**\n```\n' + errors.slice(0, 2000) + '\n```\n';
  body += '\n**Build tail:**\n```\n' + tail.slice(0, 2000) + '\n```';
} catch (e) {
  body += 'Could not read unit-test-output.log: ' + e.message;
}
await github.rest.issues.createComment({
  owner: context.repo.owner,
  repo: context.repo.repo,
  issue_number: context.issue.number,
  body
});

2026-04-22T22:26:26.9837181Z   github-token: ***
2026-04-22T22:26:26.9837423Z   debug: false
2026-04-22T22:26:26.9837668Z   user-agent: actions/github-script
2026-04-22T22:26:26.9837953Z   result-encoding: json
2026-04-22T22:26:26.9838191Z   retries: 0
2026-04-22T22:26:26.9838435Z   retry-exempt-status-codes: 400,401,403,404,422
2026-04-22T22:26:26.9838937Z ##[endgroup]
2026-04-22T22:26:27.3169358Z RequestError [HttpError]: Resource not accessible by integration
2026-04-22T22:26:27.3170313Z     at /home/runner/work/_actions/actions/github-script/v7/dist/index.js:9537:21
2026-04-22T22:26:27.3171673Z     at process.processTicksAndRejections (node:internal/process/task_queues:95:5)
2026-04-22T22:26:27.3173213Z     at async eval (eval at callAsyncFunction (/home/runner/work/_actions/actions/github-script/v7/dist/index.js:36187:16), <anonymous>:20:1)
2026-04-22T22:26:27.3174577Z     at async main (/home/runner/work/_actions/actions/github-script/v7/dist/index.js:36285:20) {
2026-04-22T22:26:27.3175386Z   status: 403,
2026-04-22T22:26:27.3175731Z   response: {
2026-04-22T22:26:27.3176282Z     url: 'https://api.github.com/repos/akarlin3/prismTask/issues/664/comments',
2026-04-22T22:26:27.3176941Z     status: 403,
2026-04-22T22:26:27.3177323Z     headers: {
2026-04-22T22:26:27.3177652Z       'access-control-allow-origin': '*',
2026-04-22T22:26:27.3179962Z       'access-control-expose-headers': 'ETag, Link, Location, Retry-After, X-GitHub-OTP, X-RateLimit-Limit, X-RateLimit-Remaining, X-RateLimit-Used, X-RateLimit-Resource, X-RateLimit-Reset, X-OAuth-Scopes, X-Accepted-OAuth-Scopes, X-Poll-Interval, X-GitHub-Media-Type, X-GitHub-SSO, X-GitHub-Request-Id, Deprecation, Sunset',
2026-04-22T22:26:27.3182430Z       'content-encoding': 'gzip',
2026-04-22T22:26:27.3182919Z       'content-security-policy': "default-src 'none'",
2026-04-22T22:26:27.3183512Z       'content-type': 'application/json; charset=utf-8',
2026-04-22T22:26:27.3184025Z       date: 'Wed, 22 Apr 2026 22:26:27 GMT',
2026-04-22T22:26:27.3184720Z       'referrer-policy': 'origin-when-cross-origin, strict-origin-when-cross-origin',
2026-04-22T22:26:27.3185438Z       server: 'github.com',
2026-04-22T22:26:27.3186065Z       'strict-transport-security': 'max-age=31536000; includeSubdomains; preload',
2026-04-22T22:26:27.3186763Z       'transfer-encoding': 'chunked',
2026-04-22T22:26:27.3187322Z       vary: 'Accept-Encoding, Accept, X-Requested-With',
2026-04-22T22:26:27.3188073Z       'x-accepted-github-permissions': 'issues=write; pull_requests=write',
2026-04-22T22:26:27.3188771Z       'x-content-type-options': 'nosniff',
2026-04-22T22:26:27.3189246Z       'x-frame-options': 'deny',
2026-04-22T22:26:27.3189718Z       'x-github-api-version-selected': '2022-11-28',
2026-04-22T22:26:27.3190294Z       'x-github-media-type': 'github.v3; format=json',
2026-04-22T22:26:27.3191103Z       'x-github-request-id': 'B7C0:34D5CD:7FD960:2008AEE:69E94B13',
2026-04-22T22:26:27.3191656Z       'x-ratelimit-limit': '5000',
2026-04-22T22:26:27.3192036Z       'x-ratelimit-remaining': '4970',
2026-04-22T22:26:27.3192863Z       'x-ratelimit-reset': '1776900081',
2026-04-22T22:26:27.3193260Z       'x-ratelimit-resource': 'core',
2026-04-22T22:26:27.3193619Z       'x-ratelimit-used': '30',
2026-04-22T22:26:27.3193959Z       'x-xss-protection': '0'
2026-04-22T22:26:27.3194260Z     },
2026-04-22T22:26:27.3194488Z     data: {
2026-04-22T22:26:27.3194819Z       message: 'Resource not accessible by integration',
2026-04-22T22:26:27.3195554Z       documentation_url: 'https://docs.github.com/rest/issues/comments#create-an-issue-comment',
2026-04-22T22:26:27.3196173Z       status: '403'
2026-04-22T22:26:27.3196433Z     }
2026-04-22T22:26:27.3196652Z   },
2026-04-22T22:26:27.3196875Z   request: {
2026-04-22T22:26:27.3197130Z     method: 'POST',
2026-04-22T22:26:27.3197584Z     url: 'https://api.github.com/repos/akarlin3/prismTask/issues/664/comments',
2026-04-22T22:26:27.3198155Z     headers: {
2026-04-22T22:26:27.3198513Z       accept: 'application/vnd.github.v3+json',
2026-04-22T22:26:27.3199314Z       'user-agent': 'actions/github-script octokit-core.js/5.0.1 Node.js/20.20.1 (linux; x64)',
2026-04-22T22:26:27.3200083Z       authorization: 'token [REDACTED]',
2026-04-22T22:26:27.3200620Z       'content-type': 'application/json; charset=utf-8'
2026-04-22T22:26:27.3201457Z     },
2026-04-22T22:26:27.3202375Z     body: `{"body":"### CI Unit Test Failure\\n\\nCould not read unit-test-output.log: ENOENT: no such file or directory, open 'unit-test-output.log'"}`,
2026-04-22T22:26:27.3203653Z     request: {
2026-04-22T22:26:27.3203964Z       agent: [Agent],
2026-04-22T22:26:27.3204346Z       fetch: [Function: proxyFetch],
2026-04-22T22:26:27.3204819Z       hook: [Function: bound bound register]
2026-04-22T22:26:27.3205240Z     }
2026-04-22T22:26:27.3205503Z   }
2026-04-22T22:26:27.3205762Z }
2026-04-22T22:26:27.3207272Z ##[error]Unhandled error: HttpError: Resource not accessible by integration
2026-04-22T22:26:27.3925651Z ##[group]Run actions/upload-artifact@v4
2026-04-22T22:26:27.3925952Z with:
2026-04-22T22:26:27.3926136Z   name: lint-report
2026-04-22T22:26:27.3926391Z   path: app/build/reports/lint-results-debug.html
2026-04-22T22:26:27.3926678Z   retention-days: 7
2026-04-22T22:26:27.3926884Z   if-no-files-found: warn
2026-04-22T22:26:27.3927099Z   compression-level: 6
2026-04-22T22:26:27.3927369Z   overwrite: false
2026-04-22T22:26:27.3927610Z   include-hidden-files: false
2026-04-22T22:26:27.3927904Z ##[endgroup]
2026-04-22T22:26:27.6056899Z ##[warning]No files were found with the provided path: app/build/reports/lint-results-debug.html. No artifacts will be uploaded.
2026-04-22T22:26:27.6193508Z ##[group]Run actions/upload-artifact@v4
2026-04-22T22:26:27.6193807Z with:
2026-04-22T22:26:27.6193996Z   name: detekt-report
2026-04-22T22:26:27.6194223Z   path: app/build/reports/detekt/
2026-04-22T22:26:27.6194473Z   retention-days: 7
2026-04-22T22:26:27.6194683Z   if-no-files-found: warn
2026-04-22T22:26:27.6194900Z   compression-level: 6
2026-04-22T22:26:27.6195106Z   overwrite: false
2026-04-22T22:26:27.6195303Z   include-hidden-files: false
2026-04-22T22:26:27.6195531Z ##[endgroup]
2026-04-22T22:26:27.8402086Z ##[warning]No files were found with the provided path: app/build/reports/detekt/. No artifacts will be uploaded.
2026-04-22T22:26:27.8566505Z ##[group]Run actions/upload-artifact@v4
2026-04-22T22:26:27.8566830Z with:
2026-04-22T22:26:27.8567028Z   name: test-results
2026-04-22T22:26:27.8567258Z   path: app/build/test-results/
2026-04-22T22:26:27.8567490Z   retention-days: 7
2026-04-22T22:26:27.8567700Z   if-no-files-found: warn
2026-04-22T22:26:27.8567917Z   compression-level: 6
2026-04-22T22:26:27.8568126Z   overwrite: false
2026-04-22T22:26:27.8568330Z   include-hidden-files: false
2026-04-22T22:26:27.8568553Z ##[endgroup]
2026-04-22T22:26:28.0744959Z ##[warning]No files were found with the provided path: app/build/test-results/. No artifacts will be uploaded.
2026-04-22T22:26:28.0918967Z Post job cleanup.
2026-04-22T22:26:28.1872461Z [command]/usr/bin/git version
2026-04-22T22:26:28.1918167Z git version 2.53.0
2026-04-22T22:26:28.1962515Z Temporarily overriding HOME='/home/runner/work/_temp/fbf6ef7a-83f5-4be7-a0c3-d3c04e7d1b29' before making global git config changes
2026-04-22T22:26:28.1963325Z Adding repository directory to the temporary git global config as a safe directory
2026-04-22T22:26:28.1969425Z [command]/usr/bin/git config --global --add safe.directory /home/runner/work/prismTask/prismTask
2026-04-22T22:26:28.2004964Z [command]/usr/bin/git config --local --name-only --get-regexp core\.sshCommand
2026-04-22T22:26:28.2036567Z [command]/usr/bin/git submodule foreach --recursive sh -c "git config --local --name-only --get-regexp 'core\.sshCommand' && git config --local --unset-all 'core.sshCommand' || :"
2026-04-22T22:26:28.2256950Z [command]/usr/bin/git config --local --name-only --get-regexp http\.https\:\/\/github\.com\/\.extraheader
2026-04-22T22:26:28.2278487Z http.https://github.com/.extraheader
2026-04-22T22:26:28.2292545Z [command]/usr/bin/git config --local --unset-all http.https://github.com/.extraheader
2026-04-22T22:26:28.2324431Z [command]/usr/bin/git submodule foreach --recursive sh -c "git config --local --name-only --get-regexp 'http\.https\:\/\/github\.com\/\.extraheader' && git config --local --unset-all 'http.https://github.com/.extraheader' || :"
2026-04-22T22:26:28.2540489Z [command]/usr/bin/git config --local --name-only --get-regexp ^includeIf\.gitdir:
2026-04-22T22:26:28.2573853Z [command]/usr/bin/git submodule foreach --recursive git config --local --show-origin --name-only --get-regexp remote.origin.url
2026-04-22T22:26:28.2910583Z Cleaning up orphan processes
2026-04-22T22:26:28.3174727Z ##[warning]Node.js 20 actions are deprecated. The following actions are running on Node.js 20 and may not work as expected: actions/checkout@v4, actions/github-script@v7, actions/upload-artifact@v4. Actions will be forced to run with Node.js 24 by default starting June 2nd, 2026. Node.js 20 will be removed from the runner on September 16th, 2026. Please check if updated versions of these actions are available that support Node.js 24. To opt into Node.js 24 now, set the FORCE_JAVASCRIPT_ACTIONS_TO_NODE24=true environment variable on the runner or in your workflow file. Once Node.js 24 becomes the default, you can temporarily opt out by setting ACTIONS_ALLOW_USE_UNSECURE_NODE_VERSION=true. For more information see: https://github.blog/changelog/2025-09-19-deprecation-of-node-20-on-github-actions-runners/
