=== CI FAILURE ===
Workflow:      Android CI
Workflow file: averycorp/prismTask/.github/workflows/android-ci.yml@refs/pull/931/merge
Job(s):        autofix
Run ID:        25092222304
Run attempt:   1
Run URL:       https://github.com/averycorp/prismTask/actions/runs/25092222304
Commit:        eb978f18989f4fc3d807cb0682d9f954d812b59c
Branch:        931/merge
Event:         pull_request
Actor:         akarlin3
Runner OS:     Linux
Timestamp:     2026-04-29T05:29:38.077Z

Failed steps:
  - autofix: #2 Run actions/checkout@v4

=== FAILED JOB LOG ===

--- Job: autofix (id 73520894426) ---
2026-04-29T05:20:51.6337848Z Current runner version: '2.334.0'
2026-04-29T05:20:51.6368168Z ##[group]Runner Image Provisioner
2026-04-29T05:20:51.6368992Z Hosted Compute Agent
2026-04-29T05:20:51.6369518Z Version: 20260213.493
2026-04-29T05:20:51.6370195Z Commit: 5c115507f6dd24b8de37d8bbe0bb4509d0cc0fa3
2026-04-29T05:20:51.6370964Z Build Date: 2026-02-13T00:28:41Z
2026-04-29T05:20:51.6371593Z Worker ID: {3261c959-f23c-42e8-b63a-e60da6617289}
2026-04-29T05:20:51.6372702Z Azure Region: northcentralus
2026-04-29T05:20:51.6373290Z ##[endgroup]
2026-04-29T05:20:51.6374809Z ##[group]Operating System
2026-04-29T05:20:51.6375499Z Ubuntu
2026-04-29T05:20:51.6375955Z 24.04.4
2026-04-29T05:20:51.6376417Z LTS
2026-04-29T05:20:51.6376832Z ##[endgroup]
2026-04-29T05:20:51.6377395Z ##[group]Runner Image
2026-04-29T05:20:51.6377932Z Image: ubuntu-24.04
2026-04-29T05:20:51.6378424Z Version: 20260413.86.1
2026-04-29T05:20:51.6379869Z Included Software: https://github.com/actions/runner-images/blob/ubuntu24/20260413.86/images/ubuntu/Ubuntu2404-Readme.md
2026-04-29T05:20:51.6384016Z Image Release: https://github.com/actions/runner-images/releases/tag/ubuntu24%2F20260413.86
2026-04-29T05:20:51.6384949Z ##[endgroup]
2026-04-29T05:20:51.6386237Z ##[group]GITHUB_TOKEN Permissions
2026-04-29T05:20:51.6388432Z Actions: read
2026-04-29T05:20:51.6388956Z Checks: read
2026-04-29T05:20:51.6389448Z Contents: write
2026-04-29T05:20:51.6390049Z Metadata: read
2026-04-29T05:20:51.6390533Z PullRequests: read
2026-04-29T05:20:51.6391094Z ##[endgroup]
2026-04-29T05:20:51.6393650Z Secret source: Actions
2026-04-29T05:20:51.6394383Z Prepare workflow directory
2026-04-29T05:20:51.6766480Z Prepare all required actions
2026-04-29T05:20:51.6807259Z Getting action download info
2026-04-29T05:20:52.0735384Z Download action repository 'actions/checkout@v4' (SHA:34e114876b0b11c390a56381ad16ebd13914f8d5)
2026-04-29T05:20:52.1970425Z Download action repository 'dorny/paths-filter@v3' (SHA:d1c1ffe0248fe513906c8e24db8ea791d46f8590)
2026-04-29T05:20:52.5707942Z Download action repository 'actions/cache@v4' (SHA:0057852bfaa89a56745cba8c7296529d2fc39830)
2026-04-29T05:20:52.7907774Z Complete job name: autofix
2026-04-29T05:20:52.8751589Z ##[group]Run actions/checkout@v4
2026-04-29T05:20:52.8752835Z with:
2026-04-29T05:20:52.8754035Z   token: ***
2026-04-29T05:20:52.8754535Z   ref: feat/builtin-habit-streaks-default
2026-04-29T05:20:52.8755172Z   fetch-depth: 0
2026-04-29T05:20:52.8755664Z   repository: averycorp/prismTask
2026-04-29T05:20:52.8756258Z   ssh-strict: true
2026-04-29T05:20:52.8756725Z   ssh-user: git
2026-04-29T05:20:52.8757202Z   persist-credentials: true
2026-04-29T05:20:52.8757751Z   clean: true
2026-04-29T05:20:52.8758230Z   sparse-checkout-cone-mode: true
2026-04-29T05:20:52.8758846Z   fetch-tags: false
2026-04-29T05:20:52.8759335Z   show-progress: true
2026-04-29T05:20:52.8759819Z   lfs: false
2026-04-29T05:20:52.8760262Z   submodules: false
2026-04-29T05:20:52.8760747Z   set-safe-directory: true
2026-04-29T05:20:52.8761513Z ##[endgroup]
2026-04-29T05:20:52.9936157Z Syncing repository: averycorp/prismTask
2026-04-29T05:20:52.9938344Z ##[group]Getting Git version info
2026-04-29T05:20:52.9939300Z Working directory is '/home/runner/work/prismTask/prismTask'
2026-04-29T05:20:52.9940551Z [command]/usr/bin/git version
2026-04-29T05:20:52.9984510Z git version 2.53.0
2026-04-29T05:20:53.0011607Z ##[endgroup]
2026-04-29T05:20:53.0027869Z Temporarily overriding HOME='/home/runner/work/_temp/f2761c04-7673-46d6-973f-3769ffa1935b' before making global git config changes
2026-04-29T05:20:53.0030685Z Adding repository directory to the temporary git global config as a safe directory
2026-04-29T05:20:53.0033255Z [command]/usr/bin/git config --global --add safe.directory /home/runner/work/prismTask/prismTask
2026-04-29T05:20:53.0066957Z Deleting the contents of '/home/runner/work/prismTask/prismTask'
2026-04-29T05:20:53.0070686Z ##[group]Initializing the repository
2026-04-29T05:20:53.0074960Z [command]/usr/bin/git init /home/runner/work/prismTask/prismTask
2026-04-29T05:20:53.0160293Z hint: Using 'master' as the name for the initial branch. This default branch name
2026-04-29T05:20:53.0162564Z hint: will change to "main" in Git 3.0. To configure the initial branch name
2026-04-29T05:20:53.0163991Z hint: to use in all of your new repositories, which will suppress this warning,
2026-04-29T05:20:53.0164871Z hint: call:
2026-04-29T05:20:53.0165288Z hint:
2026-04-29T05:20:53.0165846Z hint: 	git config --global init.defaultBranch <name>
2026-04-29T05:20:53.0166527Z hint:
2026-04-29T05:20:53.0167165Z hint: Names commonly chosen instead of 'master' are 'main', 'trunk' and
2026-04-29T05:20:53.0168275Z hint: 'development'. The just-created branch can be renamed via this command:
2026-04-29T05:20:53.0169122Z hint:
2026-04-29T05:20:53.0169607Z hint: 	git branch -m <name>
2026-04-29T05:20:53.0170114Z hint:
2026-04-29T05:20:53.0170793Z hint: Disable this message with "git config set advice.defaultBranchName false"
2026-04-29T05:20:53.0172562Z Initialized empty Git repository in /home/runner/work/prismTask/prismTask/.git/
2026-04-29T05:20:53.0175391Z [command]/usr/bin/git remote add origin https://github.com/averycorp/prismTask
2026-04-29T05:20:53.0208553Z ##[endgroup]
2026-04-29T05:20:53.0209417Z ##[group]Disabling automatic garbage collection
2026-04-29T05:20:53.0212707Z [command]/usr/bin/git config --local gc.auto 0
2026-04-29T05:20:53.0242478Z ##[endgroup]
2026-04-29T05:20:53.0243273Z ##[group]Setting up auth
2026-04-29T05:20:53.0249435Z [command]/usr/bin/git config --local --name-only --get-regexp core\.sshCommand
2026-04-29T05:20:53.0281096Z [command]/usr/bin/git submodule foreach --recursive sh -c "git config --local --name-only --get-regexp 'core\.sshCommand' && git config --local --unset-all 'core.sshCommand' || :"
2026-04-29T05:20:53.0582884Z [command]/usr/bin/git config --local --name-only --get-regexp http\.https\:\/\/github\.com\/\.extraheader
2026-04-29T05:20:53.0622072Z [command]/usr/bin/git submodule foreach --recursive sh -c "git config --local --name-only --get-regexp 'http\.https\:\/\/github\.com\/\.extraheader' && git config --local --unset-all 'http.https://github.com/.extraheader' || :"
2026-04-29T05:20:53.0868148Z [command]/usr/bin/git config --local --name-only --get-regexp ^includeIf\.gitdir:
2026-04-29T05:20:53.0903679Z [command]/usr/bin/git submodule foreach --recursive git config --local --show-origin --name-only --get-regexp remote.origin.url
2026-04-29T05:20:53.1135314Z [command]/usr/bin/git config --local http.https://github.com/.extraheader AUTHORIZATION: basic ***
2026-04-29T05:20:53.1169514Z ##[endgroup]
2026-04-29T05:20:53.1171005Z ##[group]Fetching the repository
2026-04-29T05:20:53.1180107Z [command]/usr/bin/git -c protocol.version=2 fetch --prune --no-recurse-submodules origin +refs/heads/*:refs/remotes/origin/* +refs/tags/*:refs/tags/*
2026-04-29T05:21:11.1567523Z From https://github.com/averycorp/prismTask
2026-04-29T05:21:11.1568339Z  * [new branch]        ci-logs         -> origin/ci-logs
2026-04-29T05:21:11.1568881Z  * [new branch]        fix/medication-pull-dedup -> origin/fix/medication-pull-dedup
2026-04-29T05:21:11.1570166Z  * [new branch]        fix/medication-reconciler-sync -> origin/fix/medication-reconciler-sync
2026-04-29T05:21:11.1571186Z  * [new branch]        fix/today-label-sod-boundary -> origin/fix/today-label-sod-boundary
2026-04-29T05:21:11.1572207Z  * [new branch]        main            -> origin/main
2026-04-29T05:21:11.1572955Z  * [new branch]        v0.1.0-legacy   -> origin/v0.1.0-legacy
2026-04-29T05:21:11.1573731Z  * [new branch]        v0.2.0-legacy   -> origin/v0.2.0-legacy
2026-04-29T05:21:11.1574488Z  * [new branch]        v0.3.0-legacy   -> origin/v0.3.0-legacy
2026-04-29T05:21:11.1575285Z  * [new branch]        v0.4.0-legacy   -> origin/v0.4.0-legacy
2026-04-29T05:21:11.1576003Z  * [new branch]        v0.5.0-legacy   -> origin/v0.5.0-legacy
2026-04-29T05:21:11.1576760Z  * [new branch]        v0.6.0-legacy   -> origin/v0.6.0-legacy
2026-04-29T05:21:11.1577502Z  * [new branch]        v0.7.0-legacy   -> origin/v0.7.0-legacy
2026-04-29T05:21:11.1578204Z  * [new tag]           v0.1.0          -> v0.1.0
2026-04-29T05:21:11.1579467Z  * [new tag]           v0.2.0          -> v0.2.0
2026-04-29T05:21:11.1580164Z  * [new tag]           v0.3.0          -> v0.3.0
2026-04-29T05:21:11.1580856Z  * [new tag]           v0.4.0          -> v0.4.0
2026-04-29T05:21:11.1581560Z  * [new tag]           v0.5.0          -> v0.5.0
2026-04-29T05:21:11.1582614Z  * [new tag]           v0.7.0          -> v0.7.0
2026-04-29T05:21:11.1583317Z  * [new tag]           v0.7.12         -> v0.7.12
2026-04-29T05:21:11.1584031Z  * [new tag]           v0.7.13         -> v0.7.13
2026-04-29T05:21:11.1584746Z  * [new tag]           v0.7.14         -> v0.7.14
2026-04-29T05:21:11.1585422Z  * [new tag]           v0.7.15         -> v0.7.15
2026-04-29T05:21:11.1586100Z  * [new tag]           v0.7.16         -> v0.7.16
2026-04-29T05:21:11.1586752Z  * [new tag]           v0.7.17         -> v0.7.17
2026-04-29T05:21:11.1587423Z  * [new tag]           v0.7.17-build.2 -> v0.7.17-build.2
2026-04-29T05:21:11.1588120Z  * [new tag]           v0.7.17-build.3 -> v0.7.17-build.3
2026-04-29T05:21:11.1588832Z  * [new tag]           v0.7.17-build.4 -> v0.7.17-build.4
2026-04-29T05:21:11.1589484Z  * [new tag]           v0.7.17-build.5 -> v0.7.17-build.5
2026-04-29T05:21:11.1590358Z  * [new tag]           v0.7.17-build.6 -> v0.7.17-build.6
2026-04-29T05:21:11.1591047Z  * [new tag]           v0.7.17-build.7 -> v0.7.17-build.7
2026-04-29T05:21:11.1592180Z  * [new tag]           v0.7.17-build.8 -> v0.7.17-build.8
2026-04-29T05:21:11.1592832Z  * [new tag]           v0.7.17-build.9 -> v0.7.17-build.9
2026-04-29T05:21:11.1593413Z  * [new tag]           v0.7.18         -> v0.7.18
2026-04-29T05:21:11.1594043Z  * [new tag]           v0.7.18-build.2 -> v0.7.18-build.2
2026-04-29T05:21:11.1594680Z  * [new tag]           v0.7.18-build.3 -> v0.7.18-build.3
2026-04-29T05:21:11.1595300Z  * [new tag]           v0.7.18-build.4 -> v0.7.18-build.4
2026-04-29T05:21:11.1595889Z  * [new tag]           v0.7.19         -> v0.7.19
2026-04-29T05:21:11.1596534Z  * [new tag]           v0.7.19-build.2 -> v0.7.19-build.2
2026-04-29T05:21:11.1597390Z  * [new tag]           v0.7.20         -> v0.7.20
2026-04-29T05:21:11.1598095Z  * [new tag]           v0.7.20-build.2 -> v0.7.20-build.2
2026-04-29T05:21:11.1598699Z  * [new tag]           v0.7.20-build.3 -> v0.7.20-build.3
2026-04-29T05:21:11.1599285Z  * [new tag]           v0.7.20-build.4 -> v0.7.20-build.4
2026-04-29T05:21:11.1599694Z  * [new tag]           v0.8.0          -> v0.8.0
2026-04-29T05:21:11.1600051Z  * [new tag]           v0.8.0-build.2  -> v0.8.0-build.2
2026-04-29T05:21:11.1600381Z  * [new tag]           v0.8.1          -> v0.8.1
2026-04-29T05:21:11.1600707Z  * [new tag]           v0.8.10         -> v0.8.10
2026-04-29T05:21:11.1601028Z  * [new tag]           v0.8.11         -> v0.8.11
2026-04-29T05:21:11.1601345Z  * [new tag]           v0.8.12         -> v0.8.12
2026-04-29T05:21:11.1601944Z  * [new tag]           v0.8.13         -> v0.8.13
2026-04-29T05:21:11.1602601Z  * [new tag]           v0.8.14         -> v0.8.14
2026-04-29T05:21:11.1602966Z  * [new tag]           v0.8.15         -> v0.8.15
2026-04-29T05:21:11.1603296Z  * [new tag]           v0.8.2          -> v0.8.2
2026-04-29T05:21:11.1603750Z  * [new tag]           v0.8.3          -> v0.8.3
2026-04-29T05:21:11.1604369Z  * [new tag]           v0.8.4          -> v0.8.4
2026-04-29T05:21:11.1605020Z  * [new tag]           v0.8.5          -> v0.8.5
2026-04-29T05:21:11.1605701Z  * [new tag]           v0.8.6          -> v0.8.6
2026-04-29T05:21:11.1606361Z  * [new tag]           v0.8.7          -> v0.8.7
2026-04-29T05:21:11.1607011Z  * [new tag]           v0.8.8          -> v0.8.8
2026-04-29T05:21:11.1607660Z  * [new tag]           v0.8.9          -> v0.8.9
2026-04-29T05:21:11.1608319Z  * [new tag]           v0.9.1          -> v0.9.1
2026-04-29T05:21:11.1608979Z  * [new tag]           v0.9.2          -> v0.9.2
2026-04-29T05:21:11.1609639Z  * [new tag]           v1.0.1          -> v1.0.1
2026-04-29T05:21:11.1610312Z  * [new tag]           v1.0.10         -> v1.0.10
2026-04-29T05:21:11.1611278Z  * [new tag]           v1.0.11         -> v1.0.11
2026-04-29T05:21:11.1612338Z  * [new tag]           v1.0.12         -> v1.0.12
2026-04-29T05:21:11.1613050Z  * [new tag]           v1.0.13         -> v1.0.13
2026-04-29T05:21:11.1613703Z  * [new tag]           v1.0.2          -> v1.0.2
2026-04-29T05:21:11.1614361Z  * [new tag]           v1.0.3          -> v1.0.3
2026-04-29T05:21:11.1615000Z  * [new tag]           v1.0.4          -> v1.0.4
2026-04-29T05:21:11.1615673Z  * [new tag]           v1.0.5          -> v1.0.5
2026-04-29T05:21:11.1616315Z  * [new tag]           v1.0.6          -> v1.0.6
2026-04-29T05:21:11.1616931Z  * [new tag]           v1.0.7          -> v1.0.7
2026-04-29T05:21:11.1617658Z  * [new tag]           v1.0.8          -> v1.0.8
2026-04-29T05:21:11.1618286Z  * [new tag]           v1.0.9          -> v1.0.9
2026-04-29T05:21:11.1618913Z  * [new tag]           v1.1.1          -> v1.1.1
2026-04-29T05:21:11.1619583Z  * [new tag]           v1.1.1-build.2  -> v1.1.1-build.2
2026-04-29T05:21:11.1620381Z  * [new tag]           v1.1.1-build.3  -> v1.1.1-build.3
2026-04-29T05:21:11.1621129Z  * [new tag]           v1.1.1-build.4  -> v1.1.1-build.4
2026-04-29T05:21:11.1622220Z  * [new tag]           v1.1.10         -> v1.1.10
2026-04-29T05:21:11.1622938Z  * [new tag]           v1.1.11         -> v1.1.11
2026-04-29T05:21:11.1623616Z  * [new tag]           v1.1.12         -> v1.1.12
2026-04-29T05:21:11.1624280Z  * [new tag]           v1.1.2          -> v1.1.2
2026-04-29T05:21:11.1624960Z  * [new tag]           v1.1.3          -> v1.1.3
2026-04-29T05:21:11.1625645Z  * [new tag]           v1.1.4          -> v1.1.4
2026-04-29T05:21:11.1626311Z  * [new tag]           v1.1.5          -> v1.1.5
2026-04-29T05:21:11.1626978Z  * [new tag]           v1.1.6          -> v1.1.6
2026-04-29T05:21:11.1627660Z  * [new tag]           v1.1.7          -> v1.1.7
2026-04-29T05:21:11.1628325Z  * [new tag]           v1.1.8          -> v1.1.8
2026-04-29T05:21:11.1628999Z  * [new tag]           v1.1.9          -> v1.1.9
2026-04-29T05:21:11.1629689Z  * [new tag]           v1.3.0          -> v1.3.0
2026-04-29T05:21:11.1630594Z  * [new tag]           v1.3.1          -> v1.3.1
2026-04-29T05:21:11.1631334Z  * [new tag]           v1.3.10         -> v1.3.10
2026-04-29T05:21:11.1632313Z  * [new tag]           v1.3.11         -> v1.3.11
2026-04-29T05:21:11.1632926Z  * [new tag]           v1.3.11-build.2 -> v1.3.11-build.2
2026-04-29T05:21:11.1633311Z  * [new tag]           v1.3.12         -> v1.3.12
2026-04-29T05:21:11.1633674Z  * [new tag]           v1.3.13         -> v1.3.13
2026-04-29T05:21:11.1634051Z  * [new tag]           v1.3.13-build.2 -> v1.3.13-build.2
2026-04-29T05:21:11.1634502Z  * [new tag]           v1.3.14         -> v1.3.14
2026-04-29T05:21:11.1634845Z  * [new tag]           v1.3.15         -> v1.3.15
2026-04-29T05:21:11.1635193Z  * [new tag]           v1.3.16         -> v1.3.16
2026-04-29T05:21:11.1635563Z  * [new tag]           v1.3.17         -> v1.3.17
2026-04-29T05:21:11.1635913Z  * [new tag]           v1.3.18         -> v1.3.18
2026-04-29T05:21:11.1636288Z  * [new tag]           v1.3.19         -> v1.3.19
2026-04-29T05:21:11.1636658Z  * [new tag]           v1.3.2          -> v1.3.2
2026-04-29T05:21:11.1637004Z  * [new tag]           v1.3.20         -> v1.3.20
2026-04-29T05:21:11.1637357Z  * [new tag]           v1.3.21         -> v1.3.21
2026-04-29T05:21:11.1637708Z  * [new tag]           v1.3.22         -> v1.3.22
2026-04-29T05:21:11.1638049Z  * [new tag]           v1.3.23         -> v1.3.23
2026-04-29T05:21:11.1638407Z  * [new tag]           v1.3.24         -> v1.3.24
2026-04-29T05:21:11.1638772Z  * [new tag]           v1.3.25         -> v1.3.25
2026-04-29T05:21:11.1639134Z  * [new tag]           v1.3.26         -> v1.3.26
2026-04-29T05:21:11.1639485Z  * [new tag]           v1.3.27         -> v1.3.27
2026-04-29T05:21:11.1639835Z  * [new tag]           v1.3.28         -> v1.3.28
2026-04-29T05:21:11.1640188Z  * [new tag]           v1.3.29         -> v1.3.29
2026-04-29T05:21:11.1640547Z  * [new tag]           v1.3.3          -> v1.3.3
2026-04-29T05:21:11.1641140Z  * [new tag]           v1.3.30         -> v1.3.30
2026-04-29T05:21:11.1641533Z  * [new tag]           v1.3.31         -> v1.3.31
2026-04-29T05:21:11.1642275Z  * [new tag]           v1.3.32         -> v1.3.32
2026-04-29T05:21:11.1642636Z  * [new tag]           v1.3.33         -> v1.3.33
2026-04-29T05:21:11.1642986Z  * [new tag]           v1.3.34         -> v1.3.34
2026-04-29T05:21:11.1643331Z  * [new tag]           v1.3.35         -> v1.3.35
2026-04-29T05:21:11.1643692Z  * [new tag]           v1.3.36         -> v1.3.36
2026-04-29T05:21:11.1644092Z  * [new tag]           v1.3.37         -> v1.3.37
2026-04-29T05:21:11.1644437Z  * [new tag]           v1.3.38         -> v1.3.38
2026-04-29T05:21:11.1644787Z  * [new tag]           v1.3.39         -> v1.3.39
2026-04-29T05:21:11.1645190Z  * [new tag]           v1.3.4          -> v1.3.4
2026-04-29T05:21:11.1717265Z  * [new tag]           v1.3.40         -> v1.3.40
2026-04-29T05:21:11.1717786Z  * [new tag]           v1.3.41         -> v1.3.41
2026-04-29T05:21:11.1718201Z  * [new tag]           v1.3.42         -> v1.3.42
2026-04-29T05:21:11.1718618Z  * [new tag]           v1.3.43         -> v1.3.43
2026-04-29T05:21:11.1719007Z  * [new tag]           v1.3.44         -> v1.3.44
2026-04-29T05:21:11.1719407Z  * [new tag]           v1.3.45         -> v1.3.45
2026-04-29T05:21:11.1719832Z  * [new tag]           v1.3.46         -> v1.3.46
2026-04-29T05:21:11.1720204Z  * [new tag]           v1.3.47         -> v1.3.47
2026-04-29T05:21:11.1720567Z  * [new tag]           v1.3.48         -> v1.3.48
2026-04-29T05:21:11.1720925Z  * [new tag]           v1.3.49         -> v1.3.49
2026-04-29T05:21:11.1721284Z  * [new tag]           v1.3.5          -> v1.3.5
2026-04-29T05:21:11.1721995Z  * [new tag]           v1.3.5-build.2  -> v1.3.5-build.2
2026-04-29T05:21:11.1722430Z  * [new tag]           v1.3.50         -> v1.3.50
2026-04-29T05:21:11.1722799Z  * [new tag]           v1.3.51         -> v1.3.51
2026-04-29T05:21:11.1723151Z  * [new tag]           v1.3.52         -> v1.3.52
2026-04-29T05:21:11.1723764Z  * [new tag]           v1.3.53         -> v1.3.53
2026-04-29T05:21:11.1724137Z  * [new tag]           v1.3.54         -> v1.3.54
2026-04-29T05:21:11.1724485Z  * [new tag]           v1.3.55         -> v1.3.55
2026-04-29T05:21:11.1724835Z  * [new tag]           v1.3.56         -> v1.3.56
2026-04-29T05:21:11.1725191Z  * [new tag]           v1.3.57         -> v1.3.57
2026-04-29T05:21:11.1725534Z  * [new tag]           v1.3.58         -> v1.3.58
2026-04-29T05:21:11.1725884Z  * [new tag]           v1.3.59         -> v1.3.59
2026-04-29T05:21:11.1726236Z  * [new tag]           v1.3.6          -> v1.3.6
2026-04-29T05:21:11.1726582Z  * [new tag]           v1.3.60         -> v1.3.60
2026-04-29T05:21:11.1726940Z  * [new tag]           v1.3.61         -> v1.3.61
2026-04-29T05:21:11.1727295Z  * [new tag]           v1.3.62         -> v1.3.62
2026-04-29T05:21:11.1727645Z  * [new tag]           v1.3.7          -> v1.3.7
2026-04-29T05:21:11.1727991Z  * [new tag]           v1.3.8          -> v1.3.8
2026-04-29T05:21:11.1728373Z  * [new tag]           v1.3.9          -> v1.3.9
2026-04-29T05:21:11.1728753Z  * [new tag]           v1.4.40         -> v1.4.40
2026-04-29T05:21:11.1729094Z  * [new tag]           v1.5.0          -> v1.5.0
2026-04-29T05:21:11.1729442Z  * [new tag]           v1.5.2          -> v1.5.2
2026-04-29T05:21:11.1729787Z  * [new tag]           v1.5.3          -> v1.5.3
2026-04-29T05:21:11.1730128Z  * [new tag]           v1.6.0          -> v1.6.0
2026-04-29T05:21:11.1730472Z  * [new tag]           v1.7.0          -> v1.7.0
2026-04-29T05:21:11.1730836Z  * [new tag]           v1.7.37         -> v1.7.37
2026-04-29T05:21:11.1731186Z  * [new tag]           v1.7.38         -> v1.7.38
2026-04-29T05:21:11.1731540Z  * [new tag]           v1.7.39         -> v1.7.39
2026-04-29T05:21:11.1732069Z  * [new tag]           v1.7.40         -> v1.7.40
2026-04-29T05:21:11.1732418Z  * [new tag]           v1.7.41         -> v1.7.41
2026-04-29T05:21:11.1732775Z  * [new tag]           v1.7.42         -> v1.7.42
2026-04-29T05:21:11.1733437Z  * [new tag]           v1.7.43         -> v1.7.43
2026-04-29T05:21:11.1733792Z  * [new tag]           v1.7.44         -> v1.7.44
2026-04-29T05:21:11.1734136Z  * [new tag]           v1.7.45         -> v1.7.45
2026-04-29T05:21:11.1734486Z  * [new tag]           v1.7.46         -> v1.7.46
2026-04-29T05:21:11.1734840Z  * [new tag]           v1.7.47         -> v1.7.47
2026-04-29T05:21:11.1735192Z  * [new tag]           v1.7.48         -> v1.7.48
2026-04-29T05:21:11.1735546Z  * [new tag]           v1.7.49         -> v1.7.49
2026-04-29T05:21:11.1735897Z  * [new tag]           v1.7.50         -> v1.7.50
2026-04-29T05:21:11.1736244Z  * [new tag]           v1.7.51         -> v1.7.51
2026-04-29T05:21:11.1736599Z  * [new tag]           v1.7.52         -> v1.7.52
2026-04-29T05:21:11.1736950Z  * [new tag]           v1.7.53         -> v1.7.53
2026-04-29T05:21:11.1737306Z  * [new tag]           v1.7.54         -> v1.7.54
2026-04-29T05:21:11.1737690Z  * [new tag]           v1.7.55         -> v1.7.55
2026-04-29T05:21:11.1738069Z  * [new tag]           v1.7.56         -> v1.7.56
2026-04-29T05:21:11.1738414Z  * [new tag]           v1.7.57         -> v1.7.57
2026-04-29T05:21:11.1738797Z  * [new tag]           v1.7.58         -> v1.7.58
2026-04-29T05:21:11.1739145Z  * [new tag]           v1.7.59         -> v1.7.59
2026-04-29T05:21:11.1739502Z  * [new tag]           v1.7.60         -> v1.7.60
2026-04-29T05:21:11.1739846Z  * [new tag]           v1.7.61         -> v1.7.61
2026-04-29T05:21:11.1740197Z  * [new tag]           v1.7.62         -> v1.7.62
2026-04-29T05:21:11.1740543Z  * [new tag]           v1.7.63         -> v1.7.63
2026-04-29T05:21:11.1740884Z  * [new tag]           v1.7.64         -> v1.7.64
2026-04-29T05:21:11.1741234Z  * [new tag]           v1.7.65         -> v1.7.65
2026-04-29T05:21:11.1741582Z  * [new tag]           v1.7.66         -> v1.7.66
2026-04-29T05:21:11.1742112Z  * [new tag]           v1.7.67         -> v1.7.67
2026-04-29T05:21:11.1742494Z  * [new tag]           v1.7.68         -> v1.7.68
2026-04-29T05:21:11.1743010Z  * [new tag]           v1.7.69         -> v1.7.69
2026-04-29T05:21:11.1743387Z  * [new tag]           v1.7.70         -> v1.7.70
2026-04-29T05:21:11.1743740Z  * [new tag]           v1.7.71         -> v1.7.71
2026-04-29T05:21:11.1744122Z  * [new tag]           v1.7.72         -> v1.7.72
2026-04-29T05:21:11.1744471Z  * [new tag]           v1.7.73         -> v1.7.73
2026-04-29T05:21:11.1744818Z  * [new tag]           v1.7.74         -> v1.7.74
2026-04-29T05:21:11.1745159Z  * [new tag]           v1.7.75         -> v1.7.75
2026-04-29T05:21:11.1745508Z  * [new tag]           v1.7.76         -> v1.7.76
2026-04-29T05:21:11.1745861Z  * [new tag]           v1.7.77         -> v1.7.77
2026-04-29T05:21:11.1746200Z  * [new tag]           v1.7.78         -> v1.7.78
2026-04-29T05:21:11.1746554Z  * [new tag]           v1.7.79         -> v1.7.79
2026-04-29T05:21:11.1746908Z  * [new tag]           v1.7.80         -> v1.7.80
2026-04-29T05:21:11.1747253Z  * [new tag]           v1.7.81         -> v1.7.81
2026-04-29T05:21:11.1747617Z  * [new tag]           v1.7.82         -> v1.7.82
2026-04-29T05:21:11.1747961Z  * [new tag]           v1.7.83         -> v1.7.83
2026-04-29T05:21:11.1748304Z  * [new tag]           v1.7.84         -> v1.7.84
2026-04-29T05:21:11.1748646Z  * [new tag]           v1.7.85         -> v1.7.85
2026-04-29T05:21:11.1748996Z  * [new tag]           v1.7.86         -> v1.7.86
2026-04-29T05:21:11.1749353Z  * [new tag]           v1.7.87         -> v1.7.87
2026-04-29T05:21:11.1825521Z ##[endgroup]
2026-04-29T05:21:11.1826377Z ##[group]Determining the checkout info
2026-04-29T05:21:11.1833766Z [command]/usr/bin/git branch --list --remote origin/feat/builtin-habit-streaks-default
2026-04-29T05:21:11.1884165Z [command]/usr/bin/git tag --list feat/builtin-habit-streaks-default
2026-04-29T05:21:11.1966249Z ##[error]A branch or tag with the name 'feat/builtin-habit-streaks-default' could not be found
2026-04-29T05:21:11.2246691Z Post job cleanup.
2026-04-29T05:21:11.3309620Z [command]/usr/bin/git version
2026-04-29T05:21:11.3357829Z git version 2.53.0
2026-04-29T05:21:11.3404363Z Temporarily overriding HOME='/home/runner/work/_temp/0d392205-e2ea-4f5c-9732-ac05296bac13' before making global git config changes
2026-04-29T05:21:11.3405842Z Adding repository directory to the temporary git global config as a safe directory
2026-04-29T05:21:11.3410933Z [command]/usr/bin/git config --global --add safe.directory /home/runner/work/prismTask/prismTask
2026-04-29T05:21:11.3447260Z [command]/usr/bin/git config --local --name-only --get-regexp core\.sshCommand
2026-04-29T05:21:11.3481623Z [command]/usr/bin/git submodule foreach --recursive sh -c "git config --local --name-only --get-regexp 'core\.sshCommand' && git config --local --unset-all 'core.sshCommand' || :"
2026-04-29T05:21:11.3710831Z [command]/usr/bin/git config --local --name-only --get-regexp http\.https\:\/\/github\.com\/\.extraheader
2026-04-29T05:21:11.3734514Z http.https://github.com/.extraheader
2026-04-29T05:21:11.3748198Z [command]/usr/bin/git config --local --unset-all http.https://github.com/.extraheader
2026-04-29T05:21:11.3780438Z [command]/usr/bin/git submodule foreach --recursive sh -c "git config --local --name-only --get-regexp 'http\.https\:\/\/github\.com\/\.extraheader' && git config --local --unset-all 'http.https://github.com/.extraheader' || :"
2026-04-29T05:21:11.4009080Z [command]/usr/bin/git config --local --name-only --get-regexp ^includeIf\.gitdir:
2026-04-29T05:21:11.4042379Z [command]/usr/bin/git submodule foreach --recursive git config --local --show-origin --name-only --get-regexp remote.origin.url
2026-04-29T05:21:11.4390127Z Cleaning up orphan processes
2026-04-29T05:21:11.4686022Z ##[warning]Node.js 20 actions are deprecated. The following actions are running on Node.js 20 and may not work as expected: actions/checkout@v4. Actions will be forced to run with Node.js 24 by default starting June 2nd, 2026. Node.js 20 will be removed from the runner on September 16th, 2026. Please check if updated versions of these actions are available that support Node.js 24. To opt into Node.js 24 now, set the FORCE_JAVASCRIPT_ACTIONS_TO_NODE24=true environment variable on the runner or in your workflow file. Once Node.js 24 becomes the default, you can temporarily opt out by setting ACTIONS_ALLOW_USE_UNSECURE_NODE_VERSION=true. For more information see: https://github.blog/changelog/2025-09-19-deprecation-of-node-20-on-github-actions-runners/
