=== CI FAILURE ===
Workflow:      Android CI
Workflow file: averycorp/prismTask/.github/workflows/android-ci.yml@refs/heads/gh-readonly-queue/main/pr-918-5e31fa98eade29a57cd7d7c5fdff264f05ef5b36
Job(s):        lint-and-test
Run ID:        25073482260
Run attempt:   1
Run URL:       https://github.com/averycorp/prismTask/actions/runs/25073482260
Commit:        a1111e988ae1c37f52fdd80a11fe436d4344e1ee
Branch:        gh-readonly-queue/main/pr-918-5e31fa98eade29a57cd7d7c5fdff264f05ef5b36
Event:         merge_group
Actor:         akarlin3
Runner OS:     Linux
Timestamp:     2026-04-28T19:36:45.275Z

Failed steps:
  - lint-and-test: #7 ktlint check (push events only)

=== FAILED JOB LOG ===

--- Job: lint-and-test (id 73459809151) ---
2026-04-28T19:33:30.5289214Z Current runner version: '2.334.0'
2026-04-28T19:33:30.5313311Z ##[group]Runner Image Provisioner
2026-04-28T19:33:30.5314340Z Hosted Compute Agent
2026-04-28T19:33:30.5314839Z Version: 20260422.526
2026-04-28T19:33:30.5315401Z Commit: e1a9e573f4d0838b3a7c1b07401aeb29ed3635a9
2026-04-28T19:33:30.5316112Z Build Date: 2026-04-22T09:31:31Z
2026-04-28T19:33:30.5316789Z Worker ID: {b838ef90-e764-437c-bb64-f2a1a8ea9b37}
2026-04-28T19:33:30.5317432Z Azure Region: westus
2026-04-28T19:33:30.5317982Z ##[endgroup]
2026-04-28T19:33:30.5319721Z ##[group]Operating System
2026-04-28T19:33:30.5320521Z Ubuntu
2026-04-28T19:33:30.5321116Z 24.04.4
2026-04-28T19:33:30.5321536Z LTS
2026-04-28T19:33:30.5321986Z ##[endgroup]
2026-04-28T19:33:30.5322477Z ##[group]Runner Image
2026-04-28T19:33:30.5323030Z Image: ubuntu-24.04
2026-04-28T19:33:30.5323528Z Version: 20260426.100.1
2026-04-28T19:33:30.5325047Z Included Software: https://github.com/actions/runner-images/blob/ubuntu24/20260426.100/images/ubuntu/Ubuntu2404-Readme.md
2026-04-28T19:33:30.5326613Z Image Release: https://github.com/actions/runner-images/releases/tag/ubuntu24%2F20260426.100
2026-04-28T19:33:30.5327552Z ##[endgroup]
2026-04-28T19:33:30.5328770Z ##[group]GITHUB_TOKEN Permissions
2026-04-28T19:33:30.5331200Z Actions: read
2026-04-28T19:33:30.5331725Z Checks: read
2026-04-28T19:33:30.5332210Z Contents: write
2026-04-28T19:33:30.5332653Z Metadata: read
2026-04-28T19:33:30.5333217Z PullRequests: read
2026-04-28T19:33:30.5333687Z ##[endgroup]
2026-04-28T19:33:30.5335706Z Secret source: Actions
2026-04-28T19:33:30.5336499Z Prepare workflow directory
2026-04-28T19:33:30.5677401Z Prepare all required actions
2026-04-28T19:33:30.5717722Z Getting action download info
2026-04-28T19:33:31.2665600Z Download action repository 'actions/checkout@v4' (SHA:34e114876b0b11c390a56381ad16ebd13914f8d5)
2026-04-28T19:33:31.4032874Z Download action repository 'dorny/paths-filter@v3' (SHA:d1c1ffe0248fe513906c8e24db8ea791d46f8590)
2026-04-28T19:33:32.0260732Z Download action repository 'actions/cache@v4' (SHA:0057852bfaa89a56745cba8c7296529d2fc39830)
2026-04-28T19:33:32.1224793Z Download action repository 'actions/github-script@v7' (SHA:f28e40c7f34bde8b3046d885e986cb6290c5673b)
2026-04-28T19:33:32.6791049Z Download action repository 'actions/upload-artifact@v4' (SHA:ea165f8d65b6e75b540449e92b4886f43607fa02)
2026-04-28T19:33:32.9125241Z Complete job name: lint-and-test
2026-04-28T19:33:32.9931764Z ##[group]Run actions/checkout@v4
2026-04-28T19:33:32.9932550Z with:
2026-04-28T19:33:32.9933093Z   ref: refs/heads/gh-readonly-queue/main/pr-918-5e31fa98eade29a57cd7d7c5fdff264f05ef5b36
2026-04-28T19:33:32.9933746Z   repository: averycorp/prismTask
2026-04-28T19:33:32.9934369Z   token: ***
2026-04-28T19:33:32.9934718Z   ssh-strict: true
2026-04-28T19:33:32.9935067Z   ssh-user: git
2026-04-28T19:33:32.9935424Z   persist-credentials: true
2026-04-28T19:33:32.9935803Z   clean: true
2026-04-28T19:33:32.9936165Z   sparse-checkout-cone-mode: true
2026-04-28T19:33:32.9936577Z   fetch-depth: 1
2026-04-28T19:33:32.9936954Z   fetch-tags: false
2026-04-28T19:33:32.9937310Z   show-progress: true
2026-04-28T19:33:32.9937651Z   lfs: false
2026-04-28T19:33:32.9937979Z   submodules: false
2026-04-28T19:33:32.9938329Z   set-safe-directory: true
2026-04-28T19:33:32.9938935Z ##[endgroup]
2026-04-28T19:33:33.1064459Z Syncing repository: averycorp/prismTask
2026-04-28T19:33:33.1066362Z ##[group]Getting Git version info
2026-04-28T19:33:33.1066976Z Working directory is '/home/runner/work/prismTask/prismTask'
2026-04-28T19:33:33.1067782Z [command]/usr/bin/git version
2026-04-28T19:33:33.1135918Z git version 2.54.0
2026-04-28T19:33:33.1162705Z ##[endgroup]
2026-04-28T19:33:33.1177009Z Temporarily overriding HOME='/home/runner/work/_temp/6ac031c3-e685-4c9e-8ca0-185ac26a4d38' before making global git config changes
2026-04-28T19:33:33.1178100Z Adding repository directory to the temporary git global config as a safe directory
2026-04-28T19:33:33.1190635Z [command]/usr/bin/git config --global --add safe.directory /home/runner/work/prismTask/prismTask
2026-04-28T19:33:33.1236354Z Deleting the contents of '/home/runner/work/prismTask/prismTask'
2026-04-28T19:33:33.1240229Z ##[group]Initializing the repository
2026-04-28T19:33:33.1244550Z [command]/usr/bin/git init /home/runner/work/prismTask/prismTask
2026-04-28T19:33:33.1342004Z hint: Using 'master' as the name for the initial branch. This default branch name
2026-04-28T19:33:33.1343220Z hint: will change to "main" in Git 3.0. To configure the initial branch name
2026-04-28T19:33:33.1343934Z hint: to use in all of your new repositories, which will suppress this warning,
2026-04-28T19:33:33.1344708Z hint: call:
2026-04-28T19:33:33.1345114Z hint:
2026-04-28T19:33:33.1345679Z hint: 	git config --global init.defaultBranch <name>
2026-04-28T19:33:33.1346133Z hint:
2026-04-28T19:33:33.1346577Z hint: Names commonly chosen instead of 'master' are 'main', 'trunk' and
2026-04-28T19:33:33.1347228Z hint: 'development'. The just-created branch can be renamed via this command:
2026-04-28T19:33:33.1348215Z hint:
2026-04-28T19:33:33.1348887Z hint: 	git branch -m <name>
2026-04-28T19:33:33.1349281Z hint:
2026-04-28T19:33:33.1349755Z hint: Disable this message with "git config set advice.defaultBranchName false"
2026-04-28T19:33:33.1350701Z Initialized empty Git repository in /home/runner/work/prismTask/prismTask/.git/
2026-04-28T19:33:33.1360139Z [command]/usr/bin/git remote add origin https://github.com/averycorp/prismTask
2026-04-28T19:33:33.1400690Z ##[endgroup]
2026-04-28T19:33:33.1401335Z ##[group]Disabling automatic garbage collection
2026-04-28T19:33:33.1404949Z [command]/usr/bin/git config --local gc.auto 0
2026-04-28T19:33:33.1436316Z ##[endgroup]
2026-04-28T19:33:33.1437466Z ##[group]Setting up auth
2026-04-28T19:33:33.1444745Z [command]/usr/bin/git config --local --name-only --get-regexp core\.sshCommand
2026-04-28T19:33:33.1480516Z [command]/usr/bin/git submodule foreach --recursive sh -c "git config --local --name-only --get-regexp 'core\.sshCommand' && git config --local --unset-all 'core.sshCommand' || :"
2026-04-28T19:33:33.1821319Z [command]/usr/bin/git config --local --name-only --get-regexp http\.https\:\/\/github\.com\/\.extraheader
2026-04-28T19:33:33.1853018Z [command]/usr/bin/git submodule foreach --recursive sh -c "git config --local --name-only --get-regexp 'http\.https\:\/\/github\.com\/\.extraheader' && git config --local --unset-all 'http.https://github.com/.extraheader' || :"
2026-04-28T19:33:33.2068397Z [command]/usr/bin/git config --local --name-only --get-regexp ^includeIf\.gitdir:
2026-04-28T19:33:33.2106949Z [command]/usr/bin/git submodule foreach --recursive git config --local --show-origin --name-only --get-regexp remote.origin.url
2026-04-28T19:33:33.2326133Z [command]/usr/bin/git config --local http.https://github.com/.extraheader AUTHORIZATION: basic ***
2026-04-28T19:33:33.2363149Z ##[endgroup]
2026-04-28T19:33:33.2431736Z ##[group]Fetching the repository
2026-04-28T19:33:33.2434549Z [command]/usr/bin/git -c protocol.version=2 fetch --no-tags --prune --no-recurse-submodules --depth=1 origin +refs/heads/gh-readonly-queue/main/pr-918-5e31fa98eade29a57cd7d7c5fdff264f05ef5b36:refs/remotes/origin/gh-readonly-queue/main/pr-918-5e31fa98eade29a57cd7d7c5fdff264f05ef5b36
2026-04-28T19:33:36.2423373Z From https://github.com/averycorp/prismTask
2026-04-28T19:33:36.2425051Z  * [new branch]      gh-readonly-queue/main/pr-918-5e31fa98eade29a57cd7d7c5fdff264f05ef5b36 -> origin/gh-readonly-queue/main/pr-918-5e31fa98eade29a57cd7d7c5fdff264f05ef5b36
2026-04-28T19:33:36.2462791Z ##[endgroup]
2026-04-28T19:33:36.2463884Z ##[group]Determining the checkout info
2026-04-28T19:33:36.2464817Z ##[endgroup]
2026-04-28T19:33:36.2470197Z [command]/usr/bin/git sparse-checkout disable
2026-04-28T19:33:36.2514862Z [command]/usr/bin/git config --local --unset-all extensions.worktreeConfig
2026-04-28T19:33:36.2541825Z ##[group]Checking out the ref
2026-04-28T19:33:36.2546466Z [command]/usr/bin/git checkout --progress --force -B gh-readonly-queue/main/pr-918-5e31fa98eade29a57cd7d7c5fdff264f05ef5b36 refs/remotes/origin/gh-readonly-queue/main/pr-918-5e31fa98eade29a57cd7d7c5fdff264f05ef5b36
2026-04-28T19:33:36.4852345Z Switched to a new branch 'gh-readonly-queue/main/pr-918-5e31fa98eade29a57cd7d7c5fdff264f05ef5b36'
2026-04-28T19:33:36.4854809Z branch 'gh-readonly-queue/main/pr-918-5e31fa98eade29a57cd7d7c5fdff264f05ef5b36' set up to track 'origin/gh-readonly-queue/main/pr-918-5e31fa98eade29a57cd7d7c5fdff264f05ef5b36'.
2026-04-28T19:33:36.4875996Z ##[endgroup]
2026-04-28T19:33:36.4917829Z [command]/usr/bin/git log -1 --format=%H
2026-04-28T19:33:36.4940056Z a1111e988ae1c37f52fdd80a11fe436d4344e1ee
2026-04-28T19:33:36.5137463Z ##[group]Run dorny/paths-filter@v3
2026-04-28T19:33:36.5137774Z with:
2026-04-28T19:33:36.5138490Z   filters: android:
  - 'app/**'
  - 'gradlew'
  - 'gradlew.bat'
  - 'gradle/**'
  - 'build.gradle.kts'
  - 'settings.gradle.kts'
  - '.github/workflows/android-ci.yml'
  - '.github/actions/setup-android/**'

2026-04-28T19:33:36.5139371Z   token: ***
2026-04-28T19:33:36.5139555Z   list-files: none
2026-04-28T19:33:36.5139770Z   initial-fetch-depth: 100
2026-04-28T19:33:36.5140190Z   predicate-quantifier: some
2026-04-28T19:33:36.5140419Z ##[endgroup]
2026-04-28T19:33:36.6103900Z ##[group]Get current git ref
2026-04-28T19:33:36.6146986Z [command]/usr/bin/git branch --show-current
2026-04-28T19:33:36.6184531Z gh-readonly-queue/main/pr-918-5e31fa98eade29a57cd7d7c5fdff264f05ef5b36
2026-04-28T19:33:36.6207760Z ##[endgroup]
2026-04-28T19:33:36.6209008Z Changes will be detected between main and gh-readonly-queue/main/pr-918-5e31fa98eade29a57cd7d7c5fdff264f05ef5b36
2026-04-28T19:33:36.6211811Z ##[group]Searching for merge-base main...gh-readonly-queue/main/pr-918-5e31fa98eade29a57cd7d7c5fdff264f05ef5b36
2026-04-28T19:33:36.6223344Z [command]/usr/bin/git show-ref main
2026-04-28T19:33:36.6265034Z [command]/usr/bin/git show-ref gh-readonly-queue/main/pr-918-5e31fa98eade29a57cd7d7c5fdff264f05ef5b36
2026-04-28T19:33:36.6287534Z a1111e988ae1c37f52fdd80a11fe436d4344e1ee refs/heads/gh-readonly-queue/main/pr-918-5e31fa98eade29a57cd7d7c5fdff264f05ef5b36
2026-04-28T19:33:36.6288528Z a1111e988ae1c37f52fdd80a11fe436d4344e1ee refs/remotes/origin/gh-readonly-queue/main/pr-918-5e31fa98eade29a57cd7d7c5fdff264f05ef5b36
2026-04-28T19:33:36.6306379Z [command]/usr/bin/git fetch --no-tags --depth=100 origin main gh-readonly-queue/main/pr-918-5e31fa98eade29a57cd7d7c5fdff264f05ef5b36
2026-04-28T19:33:37.3782894Z From https://github.com/averycorp/prismTask
2026-04-28T19:33:37.3783422Z  * branch            main       -> FETCH_HEAD
2026-04-28T19:33:37.3784286Z  * branch            gh-readonly-queue/main/pr-918-5e31fa98eade29a57cd7d7c5fdff264f05ef5b36 -> FETCH_HEAD
2026-04-28T19:33:37.3785133Z  * [new branch]      main       -> origin/main
2026-04-28T19:33:37.3827796Z [command]/usr/bin/git show-ref main
2026-04-28T19:33:37.3861895Z 5e31fa98eade29a57cd7d7c5fdff264f05ef5b36 refs/remotes/origin/main
2026-04-28T19:33:37.3879485Z [command]/usr/bin/git rev-list --count --all
2026-04-28T19:33:37.3917889Z 101
2026-04-28T19:33:37.3936267Z [command]/usr/bin/git merge-base refs/remotes/origin/main refs/remotes/origin/gh-readonly-queue/main/pr-918-5e31fa98eade29a57cd7d7c5fdff264f05ef5b36
2026-04-28T19:33:37.3962541Z 5e31fa98eade29a57cd7d7c5fdff264f05ef5b36
2026-04-28T19:33:37.3969657Z ##[endgroup]
2026-04-28T19:33:37.3971285Z ##[group]Change detection refs/remotes/origin/main...refs/remotes/origin/gh-readonly-queue/main/pr-918-5e31fa98eade29a57cd7d7c5fdff264f05ef5b36
2026-04-28T19:33:37.3994508Z [command]/usr/bin/git diff --no-renames --name-status -z refs/remotes/origin/main...refs/remotes/origin/gh-readonly-queue/main/pr-918-5e31fa98eade29a57cd7d7c5fdff264f05ef5b36
2026-04-28T19:33:37.4029306Z M app/src/test/java/com/averycorp/prismtask/data/preferences/LeisurePreferencesTest.kt A docs/audits/LEISURE_ADD_ACTIVITY_DELETES_SECTION_AUDIT.md 
2026-04-28T19:33:37.4031394Z ##[endgroup]
2026-04-28T19:33:37.4031950Z Detected 2 changed files
2026-04-28T19:33:37.4039376Z Results:
2026-04-28T19:33:37.4040416Z ##[group]Filter android = true
2026-04-28T19:33:37.4041094Z Matching files:
2026-04-28T19:33:37.4042382Z app/src/test/java/com/averycorp/prismtask/data/preferences/LeisurePreferencesTest.kt [modified]
2026-04-28T19:33:37.4052308Z ##[endgroup]
2026-04-28T19:33:37.4055497Z Changes output set to ["android"]
2026-04-28T19:33:37.4289533Z Prepare all required actions
2026-04-28T19:33:37.4290381Z Getting action download info
2026-04-28T19:33:37.6745147Z Download action repository 'actions/setup-java@v4' (SHA:c1e323688fd81a25caa38c78aa6df2d33d3e20d9)
2026-04-28T19:33:38.4767880Z Download action repository 'gradle/actions@v4' (SHA:ed408507eac070d1f99cc633dbcf757c94c7933a)
2026-04-28T19:33:39.7330061Z ##[group]Run ./.github/actions/setup-android
2026-04-28T19:33:39.7330358Z ##[endgroup]
2026-04-28T19:33:39.7442315Z ##[group]Run actions/setup-java@v4
2026-04-28T19:33:39.7442557Z with:
2026-04-28T19:33:39.7442715Z   java-version: 21
2026-04-28T19:33:39.7442902Z   distribution: temurin
2026-04-28T19:33:39.7443095Z   java-package: jdk
2026-04-28T19:33:39.7443279Z   check-latest: false
2026-04-28T19:33:39.7443479Z   server-id: github
2026-04-28T19:33:39.7443668Z   server-username: GITHUB_ACTOR
2026-04-28T19:33:39.7443895Z   server-password: GITHUB_TOKEN
2026-04-28T19:33:39.7444112Z   overwrite-settings: true
2026-04-28T19:33:39.7444354Z   job-status: success
2026-04-28T19:33:39.7444658Z   token: ***
2026-04-28T19:33:39.7444822Z ##[endgroup]
2026-04-28T19:33:39.9587718Z ##[group]Installed distributions
2026-04-28T19:33:39.9648354Z Resolved Java 21.0.11+10 from tool-cache
2026-04-28T19:33:39.9649277Z Setting Java 21.0.11+10 as the default
2026-04-28T19:33:39.9662291Z Creating toolchains.xml for JDK version 21 from temurin
2026-04-28T19:33:39.9740425Z Writing to /home/runner/.m2/toolchains.xml
2026-04-28T19:33:39.9741091Z 
2026-04-28T19:33:39.9741261Z Java configuration:
2026-04-28T19:33:39.9742961Z   Distribution: temurin
2026-04-28T19:33:39.9743312Z   Version: 21.0.11+10
2026-04-28T19:33:39.9744055Z   Path: /opt/hostedtoolcache/Java_Temurin-Hotspot_jdk/21.0.11-10/x64
2026-04-28T19:33:39.9744540Z 
2026-04-28T19:33:39.9744980Z ##[endgroup]
2026-04-28T19:33:39.9762312Z Creating settings.xml with server-id: github
2026-04-28T19:33:39.9767319Z Writing to /home/runner/.m2/settings.xml
2026-04-28T19:33:39.9958373Z ##[group]Run gradle/actions/setup-gradle@v4
2026-04-28T19:33:39.9958644Z with:
2026-04-28T19:33:39.9958812Z   cache-disabled: false
2026-04-28T19:33:39.9959014Z   cache-read-only: true
2026-04-28T19:33:39.9959207Z   cache-write-only: false
2026-04-28T19:33:39.9959430Z   cache-overwrite-existing: false
2026-04-28T19:33:39.9959662Z   cache-cleanup: on-success
2026-04-28T19:33:39.9960285Z   gradle-home-cache-includes: caches
notifications

2026-04-28T19:33:39.9960601Z   add-job-summary: always
2026-04-28T19:33:39.9960827Z   add-job-summary-as-pr-comment: never
2026-04-28T19:33:39.9961088Z   dependency-graph: disabled
2026-04-28T19:33:39.9961369Z   dependency-graph-report-dir: dependency-graph-reports
2026-04-28T19:33:39.9961719Z   dependency-graph-continue-on-failure: true
2026-04-28T19:33:39.9962010Z   build-scan-publish: false
2026-04-28T19:33:39.9962246Z   validate-wrappers: true
2026-04-28T19:33:39.9962464Z   allow-snapshot-wrappers: false
2026-04-28T19:33:39.9962720Z   gradle-home-cache-strict-match: false
2026-04-28T19:33:39.9963001Z   workflow-job-context: null
2026-04-28T19:33:39.9963390Z   github-token: ***
2026-04-28T19:33:39.9963571Z env:
2026-04-28T19:33:39.9963849Z   JAVA_HOME: /opt/hostedtoolcache/Java_Temurin-Hotspot_jdk/21.0.11-10/x64
2026-04-28T19:33:39.9964314Z   JAVA_HOME_21_X64: /opt/hostedtoolcache/Java_Temurin-Hotspot_jdk/21.0.11-10/x64
2026-04-28T19:33:39.9964682Z ##[endgroup]
2026-04-28T19:33:43.1589494Z Merged default JDK locations into /home/runner/.m2/toolchains.xml
2026-04-28T19:33:43.1592668Z ##[group]Restore Gradle state from cache
2026-04-28T19:33:43.4424305Z Cache hit for restore-key: gradle-home-v1|Linux-X64|lint-and-test[5df42585ae8f8da228c604b8b4e8707c]-c03ca3fc35b5c619a5d268435132e6d85c494392
2026-04-28T19:33:44.7572295Z Received 0 of 129654074 (0.0%), 0.0 MBs/sec
2026-04-28T19:33:45.7590538Z Received 109051904 of 129654074 (84.1%), 52.0 MBs/sec
2026-04-28T19:33:45.9862635Z Received 129654074 of 129654074 (100.0%), 55.5 MBs/sec
2026-04-28T19:33:45.9866338Z Cache Size: ~124 MB (129654074 B)
2026-04-28T19:33:45.9910941Z [command]/usr/bin/tar -xf /home/runner/work/_temp/e268e1ab-327c-4078-ac63-31877de1bb84/cache.tzst -P -C /home/runner/work/prismTask/prismTask --use-compress-program unzstd
2026-04-28T19:33:46.3943213Z Cache restored successfully
2026-04-28T19:33:46.4015118Z Restored cache entry with key gradle-home-v1|Linux-X64|lint-and-test[5df42585ae8f8da228c604b8b4e8707c]-a1111e988ae1c37f52fdd80a11fe436d4344e1ee to /home/runner/.gradle/caches,/home/runner/.gradle/notifications,/home/runner/.gradle/.setup-gradle in 3241ms
2026-04-28T19:33:46.6510176Z Cache hit for: gradle-kotlin-dsl-v1-7e119fd7fe83ea220d91a1d84498140b
2026-04-28T19:33:46.6580454Z Cache hit for: gradle-instrumented-jars-v1-f4b682b7bcc7340645afc7b1f4a49588
2026-04-28T19:33:46.6628989Z Cache hit for: gradle-dependencies-v1-fe646239d4e76e6b8ff58839ea8802a6
2026-04-28T19:33:46.6642533Z Cache hit for: gradle-wrapper-zips-v1-8c0de4c6bda6041d6e054bf825a89c98
2026-04-28T19:33:46.6648640Z Cache hit for: gradle-generated-gradle-jars-v1-cb4b032a7d08b9bf1e84e9eacaebcc29
2026-04-28T19:33:46.6699692Z Cache hit for: gradle-groovy-dsl-v1-34f2ec9cb8013cf6c81829165e1d7219
2026-04-28T19:33:46.6795272Z Cache hit for: gradle-transforms-v1-056536cdefbd318c09dff7e2b77f7606
2026-04-28T19:33:47.3752015Z Received 64205 of 64205 (100.0%), 0.1 MBs/sec
2026-04-28T19:33:47.3755230Z Cache Size: ~0 MB (64205 B)
2026-04-28T19:33:47.3806008Z [command]/usr/bin/tar -xf /home/runner/work/_temp/b1cfc641-0d19-40f5-a5c6-e96f018ba8f6/cache.tzst -P -C /home/runner/work/prismTask/prismTask --use-compress-program unzstd
2026-04-28T19:33:47.3925318Z Cache restored successfully
2026-04-28T19:33:47.3931140Z Restored cache entry with key gradle-instrumented-jars-v1-f4b682b7bcc7340645afc7b1f4a49588 to /home/runner/.gradle/caches/jars-*/*/ in 988ms
2026-04-28T19:33:47.5153232Z Received 121430 of 121430 (100.0%), 0.2 MBs/sec
2026-04-28T19:33:47.5181086Z Cache Size: ~0 MB (121430 B)
2026-04-28T19:33:47.5286542Z [command]/usr/bin/tar -xf /home/runner/work/_temp/489d91fb-50d3-4836-b313-7323089b060d/cache.tzst -P -C /home/runner/work/prismTask/prismTask --use-compress-program unzstd
2026-04-28T19:33:47.5637504Z Cache restored successfully
2026-04-28T19:33:47.5639114Z Restored cache entry with key gradle-groovy-dsl-v1-34f2ec9cb8013cf6c81829165e1d7219 to /home/runner/.gradle/caches/*/groovy-dsl/*/ in 1159ms
2026-04-28T19:33:47.7008903Z Received 571513 of 571513 (100.0%), 0.7 MBs/sec
2026-04-28T19:33:47.7009590Z Cache Size: ~1 MB (571513 B)
2026-04-28T19:33:47.7035236Z [command]/usr/bin/tar -xf /home/runner/work/_temp/8410c1f8-e0ab-44b8-8cfe-09ec5bc336c6/cache.tzst -P -C /home/runner/work/prismTask/prismTask --use-compress-program unzstd
2026-04-28T19:33:47.7436601Z Received 92274688 of 829821422 (11.1%), 87.7 MBs/sec
2026-04-28T19:33:47.7501909Z Received 12633276 of 41993404 (30.1%), 12.0 MBs/sec
2026-04-28T19:33:47.9701074Z Cache restored successfully
2026-04-28T19:33:47.9761866Z Restored cache entry with key gradle-kotlin-dsl-v1-7e119fd7fe83ea220d91a1d84498140b to /home/runner/.gradle/caches/*/kotlin-dsl/accessors/*/,/home/runner/.gradle/caches/*/kotlin-dsl/scripts/*/ in 1566ms
2026-04-28T19:33:48.0026137Z Received 0 of 460796946 (0.0%), 0.0 MBs/sec
2026-04-28T19:33:48.0281884Z Received 0 of 136352669 (0.0%), 0.0 MBs/sec
2026-04-28T19:33:48.7196599Z Received 41993404 of 41993404 (100.0%), 20.3 MBs/sec
2026-04-28T19:33:48.7199624Z Cache Size: ~40 MB (41993404 B)
2026-04-28T19:33:48.7430986Z Received 192937984 of 829821422 (23.3%), 91.8 MBs/sec
2026-04-28T19:33:48.7901018Z [command]/usr/bin/tar -xf /home/runner/work/_temp/409d305d-4e93-420b-86da-d412baf1f639/cache.tzst -P -C /home/runner/work/prismTask/prismTask --use-compress-program unzstd
2026-04-28T19:33:49.0081130Z Received 71303168 of 460796946 (15.5%), 33.9 MBs/sec
2026-04-28T19:33:49.0335451Z Received 67108864 of 136352669 (49.2%), 32.0 MBs/sec
2026-04-28T19:33:49.2344409Z Cache restored successfully
2026-04-28T19:33:49.2436801Z Restored cache entry with key gradle-generated-gradle-jars-v1-cb4b032a7d08b9bf1e84e9eacaebcc29 to /home/runner/.gradle/caches/9.3.1/generated-gradle-jars/gradle-api-9.3.1.jar in 2841ms
2026-04-28T19:33:49.7760989Z Received 348127232 of 829821422 (42.0%), 109.4 MBs/sec
2026-04-28T19:33:49.9546018Z Received 136352669 of 136352669 (100.0%), 44.4 MBs/sec
2026-04-28T19:33:49.9549264Z Cache Size: ~130 MB (136352669 B)
2026-04-28T19:33:49.9618453Z [command]/usr/bin/tar -xf /home/runner/work/_temp/11ff7755-93cf-478c-bc51-3e36c0f18e8c/cache.tzst -P -C /home/runner/work/prismTask/prismTask --use-compress-program unzstd
2026-04-28T19:33:50.0111786Z Received 167772160 of 460796946 (36.4%), 53.2 MBs/sec
2026-04-28T19:33:50.2322074Z Cache restored successfully
2026-04-28T19:33:50.2387214Z Restored cache entry with key gradle-wrapper-zips-v1-8c0de4c6bda6041d6e054bf825a89c98 to /home/runner/.gradle/wrapper/dists/gradle-9.3.1-bin/23ovyewtku6u96viwx3xl3oks in 3835ms
2026-04-28T19:33:50.7795657Z Received 486539264 of 829821422 (58.6%), 114.9 MBs/sec
2026-04-28T19:33:51.0106230Z Received 268435456 of 460796946 (58.3%), 63.9 MBs/sec
2026-04-28T19:33:51.7783301Z Received 629145600 of 829821422 (75.8%), 119.0 MBs/sec
2026-04-28T19:33:52.0113007Z Received 398458880 of 460796946 (86.5%), 75.9 MBs/sec
2026-04-28T19:33:52.5672368Z Received 460796946 of 460796946 (100.0%), 79.0 MBs/sec
2026-04-28T19:33:52.5675788Z Cache Size: ~439 MB (460796946 B)
2026-04-28T19:33:52.5929483Z [command]/usr/bin/tar -xf /home/runner/work/_temp/6c344d82-01c1-4d47-98b6-fefc6867e25c/cache.tzst -P -C /home/runner/work/prismTask/prismTask --use-compress-program unzstd
2026-04-28T19:33:52.7793273Z Received 763363328 of 829821422 (92.0%), 120.5 MBs/sec
2026-04-28T19:33:53.3779109Z Received 829821422 of 829821422 (100.0%), 119.2 MBs/sec
2026-04-28T19:33:53.3780398Z Cache Size: ~791 MB (829821422 B)
2026-04-28T19:33:53.3893044Z [command]/usr/bin/tar -xf /home/runner/work/_temp/2c3eeaf9-43a4-489b-9be2-bc6cf7b8d7de/cache.tzst -P -C /home/runner/work/prismTask/prismTask --use-compress-program unzstd
2026-04-28T19:33:55.7022975Z Cache restored successfully
2026-04-28T19:33:55.7502010Z Restored cache entry with key gradle-dependencies-v1-fe646239d4e76e6b8ff58839ea8802a6 to /home/runner/.gradle/caches/modules-*/files-*/*/*/*/* in 9346ms
2026-04-28T19:33:59.1823590Z Cache restored successfully
2026-04-28T19:33:59.2021950Z Restored cache entry with key gradle-transforms-v1-056536cdefbd318c09dff7e2b77f7606 to /home/runner/.gradle/caches/transforms-4/*/,/home/runner/.gradle/caches/*/transforms/*/ in 12797ms
2026-04-28T19:33:59.2106487Z ##[endgroup]
2026-04-28T19:33:59.2475373Z ##[group]All Gradle Wrapper jars are valid
2026-04-28T19:33:59.2485142Z ✓ Found known Gradle Wrapper JAR files:
2026-04-28T19:33:59.2486217Z   b3a875ddc1f044746e1b1a55f645584505f4a10438c1afea9f15e92a7c42ec13 gradle/wrapper/gradle-wrapper.jar
2026-04-28T19:33:59.2487554Z ##[endgroup]
2026-04-28T19:33:59.2640784Z ##[group]Run chmod +x gradlew
2026-04-28T19:33:59.2641143Z [36;1mchmod +x gradlew[0m
2026-04-28T19:33:59.3208405Z shell: /usr/bin/bash --noprofile --norc -e -o pipefail {0}
2026-04-28T19:33:59.3209086Z env:
2026-04-28T19:33:59.3209674Z   JAVA_HOME: /opt/hostedtoolcache/Java_Temurin-Hotspot_jdk/21.0.11-10/x64
2026-04-28T19:33:59.3210751Z   JAVA_HOME_21_X64: /opt/hostedtoolcache/Java_Temurin-Hotspot_jdk/21.0.11-10/x64
2026-04-28T19:33:59.3211581Z   GRADLE_ACTION_ID: gradle/actions/setup-gradle
2026-04-28T19:33:59.3212101Z   GRADLE_USER_HOME: /home/runner/.gradle
2026-04-28T19:33:59.3212430Z   GRADLE_BUILD_ACTION_SETUP_COMPLETED: true
2026-04-28T19:33:59.3212766Z   GRADLE_BUILD_ACTION_CACHE_RESTORED: true
2026-04-28T19:33:59.3213236Z   DEVELOCITY_INJECTION_INIT_SCRIPT_NAME: gradle-actions.inject-develocity.init.gradle
2026-04-28T19:33:59.3213749Z   DEVELOCITY_INJECTION_CUSTOM_VALUE: gradle-actions
2026-04-28T19:33:59.3214083Z   GITHUB_DEPENDENCY_GRAPH_ENABLED: false
2026-04-28T19:33:59.3214613Z ##[endgroup]
2026-04-28T19:33:59.6572228Z ##[group]Run actions/cache@v4
2026-04-28T19:33:59.6572537Z with:
2026-04-28T19:33:59.6572756Z   path: app/build
2026-04-28T19:33:59.6573195Z   key: app-build-Linux-60f88d44dcf49cb52f506dd927e66ae62ee5a47d0db6c0c05b311f5e47cb64f0
2026-04-28T19:33:59.6573705Z   restore-keys: app-build-Linux-

2026-04-28T19:33:59.6574006Z   enableCrossOsArchive: false
2026-04-28T19:33:59.6574290Z   fail-on-cache-miss: false
2026-04-28T19:33:59.6574553Z   lookup-only: false
2026-04-28T19:33:59.6574790Z   save-always: false
2026-04-28T19:33:59.6575013Z env:
2026-04-28T19:33:59.6575338Z   JAVA_HOME: /opt/hostedtoolcache/Java_Temurin-Hotspot_jdk/21.0.11-10/x64
2026-04-28T19:33:59.6575871Z   JAVA_HOME_21_X64: /opt/hostedtoolcache/Java_Temurin-Hotspot_jdk/21.0.11-10/x64
2026-04-28T19:33:59.6576326Z   GRADLE_ACTION_ID: gradle/actions/setup-gradle
2026-04-28T19:33:59.6576664Z   GRADLE_USER_HOME: /home/runner/.gradle
2026-04-28T19:33:59.6576980Z   GRADLE_BUILD_ACTION_SETUP_COMPLETED: true
2026-04-28T19:33:59.6577360Z   GRADLE_BUILD_ACTION_CACHE_RESTORED: true
2026-04-28T19:33:59.6577822Z   DEVELOCITY_INJECTION_INIT_SCRIPT_NAME: gradle-actions.inject-develocity.init.gradle
2026-04-28T19:33:59.6578325Z   DEVELOCITY_INJECTION_CUSTOM_VALUE: gradle-actions
2026-04-28T19:33:59.6578665Z   GITHUB_DEPENDENCY_GRAPH_ENABLED: false
2026-04-28T19:33:59.6578951Z ##[endgroup]
2026-04-28T19:34:00.0594248Z Cache hit for: app-build-Linux-60f88d44dcf49cb52f506dd927e66ae62ee5a47d0db6c0c05b311f5e47cb64f0
2026-04-28T19:34:01.4011480Z Received 0 of 156131945 (0.0%), 0.0 MBs/sec
2026-04-28T19:34:02.4018039Z Received 113246208 of 156131945 (72.5%), 54.0 MBs/sec
2026-04-28T19:34:02.8788853Z Received 156131945 of 156131945 (100.0%), 60.1 MBs/sec
2026-04-28T19:34:02.8789714Z Cache Size: ~149 MB (156131945 B)
2026-04-28T19:34:02.8818016Z [command]/usr/bin/tar -xf /home/runner/work/_temp/530a046b-b3bb-4003-89b7-39bfb8f889cb/cache.tzst -P -C /home/runner/work/prismTask/prismTask --use-compress-program unzstd
2026-04-28T19:34:04.8616829Z Cache restored successfully
2026-04-28T19:34:04.8762046Z Cache restored from key: app-build-Linux-60f88d44dcf49cb52f506dd927e66ae62ee5a47d0db6c0c05b311f5e47cb64f0
2026-04-28T19:34:04.8878735Z ##[group]Run ./gradlew ktlintCheck --continue
2026-04-28T19:34:04.8879173Z [36;1m./gradlew ktlintCheck --continue[0m
2026-04-28T19:34:04.8935561Z shell: /usr/bin/bash -e {0}
2026-04-28T19:34:04.8935852Z env:
2026-04-28T19:34:04.8936198Z   JAVA_HOME: /opt/hostedtoolcache/Java_Temurin-Hotspot_jdk/21.0.11-10/x64
2026-04-28T19:34:04.8936745Z   JAVA_HOME_21_X64: /opt/hostedtoolcache/Java_Temurin-Hotspot_jdk/21.0.11-10/x64
2026-04-28T19:34:04.8937217Z   GRADLE_ACTION_ID: gradle/actions/setup-gradle
2026-04-28T19:34:04.8937570Z   GRADLE_USER_HOME: /home/runner/.gradle
2026-04-28T19:34:04.8937897Z   GRADLE_BUILD_ACTION_SETUP_COMPLETED: true
2026-04-28T19:34:04.8938235Z   GRADLE_BUILD_ACTION_CACHE_RESTORED: true
2026-04-28T19:34:04.8938719Z   DEVELOCITY_INJECTION_INIT_SCRIPT_NAME: gradle-actions.inject-develocity.init.gradle
2026-04-28T19:34:04.8939267Z   DEVELOCITY_INJECTION_CUSTOM_VALUE: gradle-actions
2026-04-28T19:34:04.8939650Z   GITHUB_DEPENDENCY_GRAPH_ENABLED: false
2026-04-28T19:34:04.8940292Z ##[endgroup]
2026-04-28T19:34:07.8154922Z Starting a Gradle Daemon (subsequent builds will be faster)
2026-04-28T19:34:19.1155121Z Configuration on demand is an incubating feature.
2026-04-28T19:34:26.0148124Z 
2026-04-28T19:34:26.0157277Z > Configure project :app
2026-04-28T19:34:26.0158345Z WARNING: The option setting 'android.builtInKotlin=false' is deprecated.
2026-04-28T19:34:26.0159139Z The current default is 'true'.
2026-04-28T19:34:26.0169062Z It will be removed in version 10.0 of the Android Gradle plugin.
2026-04-28T19:34:26.0171122Z WARNING: The option setting 'android.newDsl=false' is deprecated.
2026-04-28T19:34:26.0172434Z The current default is 'true'.
2026-04-28T19:34:26.0173083Z It will be removed in version 10.0 of the Android Gradle plugin.
2026-04-28T19:34:26.0173967Z WARNING: The option setting 'android.dependency.excludeLibraryComponentsFromConstraints=true' is deprecated.
2026-04-28T19:34:26.0174955Z The current default is 'false'.
2026-04-28T19:34:26.0175339Z It will be removed in version 10.0 of the Android Gradle plugin.
2026-04-28T19:34:26.0175793Z Following can be set instead to achieve a similar behaviour.
2026-04-28T19:34:26.0176184Z     android.dependency.useConstraints=false
2026-04-28T19:34:27.9150330Z w: ⚠️ Deprecated 'org.jetbrains.kotlin.android' plugin usage
2026-04-28T19:34:27.9176298Z The 'org.jetbrains.kotlin.android' plugin in project ':app' is no longer required for Kotlin support since AGP 9.0.
2026-04-28T19:34:27.9178177Z Solution: Remove both `android.builtInKotlin=true` and `android.newDsl=false` from `gradle.properties`, then migrate to built-in Kotlin.
2026-04-28T19:34:27.9179702Z See https://kotl.in/gradle/agp-built-in-kotlin for more details.
2026-04-28T19:34:27.9180812Z 
2026-04-28T19:34:28.5157941Z 
2026-04-28T19:34:28.5173922Z > Task :app:loadKtlintReporters FROM-CACHE
2026-04-28T19:34:28.5185881Z > Task :app:runKtlintCheckOverAndroidTestDebugSourceSet NO-SOURCE
2026-04-28T19:34:28.5187021Z > Task :app:ktlintAndroidTestDebugSourceSetCheck SKIPPED
2026-04-28T19:34:28.5188126Z > Task :app:runKtlintCheckOverAndroidTestReleaseSourceSet NO-SOURCE
2026-04-28T19:34:28.5189231Z > Task :app:ktlintAndroidTestReleaseSourceSetCheck SKIPPED
2026-04-28T19:34:28.5190600Z > Task :app:runKtlintCheckOverAndroidTestSourceSet FROM-CACHE
2026-04-28T19:34:28.6155652Z > Task :app:runKtlintCheckOverDebugSourceSet FROM-CACHE
2026-04-28T19:34:28.6157640Z > Task :app:ktlintDebugSourceSetCheck FROM-CACHE
2026-04-28T19:34:28.7201322Z > Task :app:runKtlintCheckOverKotlinScripts FROM-CACHE
2026-04-28T19:34:28.8165692Z > Task :app:ktlintKotlinScriptCheck FROM-CACHE
2026-04-28T19:34:28.8171201Z 
2026-04-28T19:34:28.8171919Z > Task :app:ktlintAndroidTestSourceSetCheck FAILED
2026-04-28T19:34:28.8173831Z /home/runner/work/prismTask/prismTask/app/src/androidTest/java/com/averycorp/prismtask/sync/fuzz/Fuzz06MedicationConcurrentEditTest.kt:43:66 Unnecessary trailing comma before ")"
2026-04-28T19:34:28.9189228Z 
2026-04-28T19:34:28.9222369Z > Task :app:runKtlintCheckOverMainSourceSet FROM-CACHE
2026-04-28T19:34:29.0148986Z > Task :app:runKtlintCheckOverReleaseSourceSet FROM-CACHE
2026-04-28T19:34:29.0150388Z > Task :app:ktlintReleaseSourceSetCheck FROM-CACHE
2026-04-28T19:34:29.0151435Z > Task :app:runKtlintCheckOverTestDebugSourceSet NO-SOURCE
2026-04-28T19:34:29.0152413Z > Task :app:ktlintTestDebugSourceSetCheck SKIPPED
2026-04-28T19:34:29.0153629Z > Task :app:runKtlintCheckOverTestFixturesDebugSourceSet NO-SOURCE
2026-04-28T19:34:29.0155015Z > Task :app:ktlintTestFixturesDebugSourceSetCheck SKIPPED
2026-04-28T19:34:29.0156376Z > Task :app:runKtlintCheckOverTestFixturesReleaseSourceSet NO-SOURCE
2026-04-28T19:34:29.0157549Z > Task :app:ktlintTestFixturesReleaseSourceSetCheck SKIPPED
2026-04-28T19:34:29.0158644Z > Task :app:runKtlintCheckOverTestFixturesSourceSet NO-SOURCE
2026-04-28T19:34:29.0159350Z > Task :app:ktlintTestFixturesSourceSetCheck SKIPPED
2026-04-28T19:34:29.0159659Z 
2026-04-28T19:34:29.0187262Z > Task :app:ktlintMainSourceSetCheck FAILED
2026-04-28T19:34:29.0214125Z /home/runner/work/prismTask/prismTask/app/src/main/java/com/averycorp/prismtask/domain/model/ProductivityRange.kt:12:31 Unnecessary trailing comma before "}"
2026-04-28T19:34:29.0228722Z /home/runner/work/prismTask/prismTask/app/src/main/java/com/averycorp/prismtask/ui/screens/analytics/ProductivityScoreSection.kt:55:34 Unnecessary trailing comma before ")"
2026-04-28T19:34:29.0231297Z /home/runner/work/prismTask/prismTask/app/src/main/java/com/averycorp/prismtask/ui/screens/analytics/ProductivityScoreSection.kt:59:57 Unnecessary trailing comma before ")"
2026-04-28T19:34:29.0233737Z /home/runner/work/prismTask/prismTask/app/src/main/java/com/averycorp/prismtask/ui/screens/analytics/ProductivityScoreSection.kt:67:32 Unnecessary trailing comma before ")"
2026-04-28T19:34:29.0236161Z /home/runner/work/prismTask/prismTask/app/src/main/java/com/averycorp/prismtask/ui/screens/analytics/ProductivityScoreSection.kt:74:70 Unnecessary trailing comma before ")"
2026-04-28T19:34:29.0239021Z /home/runner/work/prismTask/prismTask/app/src/main/java/com/averycorp/prismtask/ui/screens/analytics/ProductivityScoreSection.kt:81:66 Unnecessary trailing comma before ")"
2026-04-28T19:34:29.0241660Z /home/runner/work/prismTask/prismTask/app/src/main/java/com/averycorp/prismtask/ui/screens/analytics/ProductivityScoreSection.kt:96:55 Unnecessary trailing comma before ")"
2026-04-28T19:34:29.0244064Z /home/runner/work/prismTask/prismTask/app/src/main/java/com/averycorp/prismtask/ui/screens/analytics/ProductivityScoreSection.kt:102:49 Unnecessary trailing comma before ")"
2026-04-28T19:34:29.0246480Z /home/runner/work/prismTask/prismTask/app/src/main/java/com/averycorp/prismtask/ui/screens/analytics/ProductivityScoreSection.kt:107:67 Unnecessary trailing comma before ")"
2026-04-28T19:34:29.0248856Z /home/runner/work/prismTask/prismTask/app/src/main/java/com/averycorp/prismtask/ui/screens/analytics/ProductivityScoreSection.kt:122:21 Unnecessary trailing comma before ")"
2026-04-28T19:34:29.0251643Z /home/runner/work/prismTask/prismTask/app/src/main/java/com/averycorp/prismtask/ui/screens/analytics/ProductivityScoreSection.kt:130:44 Unnecessary trailing comma before ")"
2026-04-28T19:34:29.0254114Z /home/runner/work/prismTask/prismTask/app/src/main/java/com/averycorp/prismtask/ui/screens/analytics/ProductivityScoreSection.kt:136:54 Unnecessary trailing comma before ")"
2026-04-28T19:34:29.0256489Z /home/runner/work/prismTask/prismTask/app/src/main/java/com/averycorp/prismtask/ui/screens/analytics/ProductivityScoreSection.kt:145:18 Unnecessary trailing comma before ")"
2026-04-28T19:34:29.0258848Z /home/runner/work/prismTask/prismTask/app/src/main/java/com/averycorp/prismtask/ui/screens/analytics/ProductivityScoreSection.kt:155:77 Unnecessary trailing comma before ")"
2026-04-28T19:34:29.0261476Z /home/runner/work/prismTask/prismTask/app/src/main/java/com/averycorp/prismtask/ui/screens/analytics/ProductivityScoreSection.kt:156:18 Unnecessary trailing comma before ")"
2026-04-28T19:34:29.0264332Z /home/runner/work/prismTask/prismTask/app/src/main/java/com/averycorp/prismtask/ui/screens/analytics/ProductivityScoreSection.kt:166:34 Unnecessary trailing comma before ")"
2026-04-28T19:34:29.0266770Z /home/runner/work/prismTask/prismTask/app/src/main/java/com/averycorp/prismtask/ui/screens/analytics/ProductivityScoreSection.kt:194:85 Unnecessary trailing comma before ")"
2026-04-28T19:34:29.0269152Z /home/runner/work/prismTask/prismTask/app/src/main/java/com/averycorp/prismtask/ui/screens/analytics/ProductivityScoreSection.kt:195:14 Unnecessary trailing comma before ")"
2026-04-28T19:34:29.0271768Z /home/runner/work/prismTask/prismTask/app/src/main/java/com/averycorp/prismtask/ui/screens/analytics/ProductivityScoreSection.kt:200:71 Unnecessary trailing comma before ")"
2026-04-28T19:34:29.0274136Z /home/runner/work/prismTask/prismTask/app/src/main/java/com/averycorp/prismtask/ui/screens/analytics/ProductivityScoreSection.kt:222:41 Unnecessary trailing comma before ")"
2026-04-28T19:34:29.0276487Z /home/runner/work/prismTask/prismTask/app/src/main/java/com/averycorp/prismtask/ui/screens/analytics/ProductivityScoreSection.kt:231:41 Unnecessary trailing comma before ")"
2026-04-28T19:34:29.0278812Z /home/runner/work/prismTask/prismTask/app/src/main/java/com/averycorp/prismtask/ui/screens/analytics/ProductivityScoreSection.kt:243:34 Unnecessary trailing comma before ")"
2026-04-28T19:34:29.0281448Z /home/runner/work/prismTask/prismTask/app/src/main/java/com/averycorp/prismtask/ui/screens/analytics/ProductivityScoreSection.kt:247:50 Unnecessary trailing comma before ")"
2026-04-28T19:34:29.0283856Z /home/runner/work/prismTask/prismTask/app/src/main/java/com/averycorp/prismtask/ui/screens/analytics/ProductivityScoreSection.kt:253:29 Unnecessary trailing comma before ")"
2026-04-28T19:34:29.0286087Z /home/runner/work/prismTask/prismTask/app/src/main/java/com/averycorp/prismtask/ui/screens/analytics/ProductivityScoreSection.kt:258:60 Unnecessary trailing comma before ")"
2026-04-28T19:34:29.0287828Z /home/runner/work/prismTask/prismTask/app/src/main/java/com/averycorp/prismtask/ui/screens/analytics/TaskAnalyticsScreen.kt:126:45 Unnecessary trailing comma before ")"
2026-04-28T19:34:29.0288520Z 
2026-04-28T19:34:29.0288733Z > Task :app:runKtlintCheckOverTestReleaseSourceSet NO-SOURCE
2026-04-28T19:34:29.0289185Z > Task :app:ktlintTestReleaseSourceSetCheck SKIPPED
2026-04-28T19:34:37.1148933Z > Task :app:runKtlintCheckOverTestSourceSet
2026-04-28T19:34:37.1153577Z > Task :app:ktlintTestSourceSetCheck FROM-CACHE
2026-04-28T19:34:37.1157475Z gradle/actions: Writing build results to /home/runner/work/_temp/.gradle-actions/build-results/__run_2-1777404861184.json
2026-04-28T19:34:37.2165635Z 
2026-04-28T19:34:37.2170322Z 
2026-04-28T19:34:37.2175460Z FAILURE: Build completed with 2 failures.
2026-04-28T19:34:37.2176735Z [Incubating] Problems report is available at: file:///home/runner/work/prismTask/prismTask/build/reports/problems/problems-report.html
2026-04-28T19:34:37.2178300Z 
2026-04-28T19:34:37.2178535Z 
2026-04-28T19:34:37.2178926Z 1: Task failed with an exception.
2026-04-28T19:34:37.2180232Z Deprecated Gradle features were used in this build, making it incompatible with Gradle 10.
2026-04-28T19:34:37.2181275Z -----------
2026-04-28T19:34:37.2181742Z 
2026-04-28T19:34:37.2182068Z * What went wrong:
2026-04-28T19:34:37.2183279Z You can use '--warning-mode all' to show the individual deprecation warnings and determine if they come from your own scripts or plugins.
2026-04-28T19:34:37.2184787Z Execution failed for task ':app:ktlintAndroidTestSourceSetCheck'.
2026-04-28T19:34:37.2185503Z 
2026-04-28T19:34:37.2186277Z > A failure occurred while executing org.jlleitschuh.gradle.ktlint.worker.ConsoleReportWorkAction
2026-04-28T19:34:37.2188216Z For more on this, please refer to https://docs.gradle.org/9.3.1/userguide/command_line_interface.html#sec:command_line_warnings in the Gradle documentation.
2026-04-28T19:34:37.2190210Z    > KtLint found code style violations. Please see the following reports:
2026-04-28T19:34:37.2191218Z 13 actionable tasks: 3 executed, 10 from cache
2026-04-28T19:34:37.2192987Z      - /home/runner/work/prismTask/prismTask/app/build/reports/ktlint/ktlintAndroidTestSourceSetCheck/ktlintAndroidTestSourceSetCheck.txt
2026-04-28T19:34:37.2194405Z 
2026-04-28T19:34:37.2194766Z * Try:
2026-04-28T19:34:37.2195468Z > Run with --stacktrace option to get the stack trace.
2026-04-28T19:34:37.2196451Z > Run with --info or --debug option to get more log output.
2026-04-28T19:34:37.2197547Z > Run with --scan to get full insights from a Build Scan (powered by Develocity).
2026-04-28T19:34:37.2198622Z > Get more help at https://help.gradle.org.
2026-04-28T19:34:37.2199528Z ==============================================================================
2026-04-28T19:34:37.2200488Z 
2026-04-28T19:34:37.2200887Z 2: Task failed with an exception.
2026-04-28T19:34:37.2201632Z -----------
2026-04-28T19:34:37.2202237Z * What went wrong:
2026-04-28T19:34:37.2203003Z Execution failed for task ':app:ktlintMainSourceSetCheck'.
2026-04-28T19:34:37.2207263Z > A failure occurred while executing org.jlleitschuh.gradle.ktlint.worker.ConsoleReportWorkAction
2026-04-28T19:34:37.2208736Z    > KtLint found code style violations. Please see the following reports:
2026-04-28T19:34:37.2210615Z      - /home/runner/work/prismTask/prismTask/app/build/reports/ktlint/ktlintMainSourceSetCheck/ktlintMainSourceSetCheck.txt
2026-04-28T19:34:37.2211891Z 
2026-04-28T19:34:37.2212281Z * Try:
2026-04-28T19:34:37.2213094Z > Run with --stacktrace option to get the stack trace.
2026-04-28T19:34:37.2214216Z > Run with --info or --debug option to get more log output.
2026-04-28T19:34:37.2228167Z > Run with --scan to get full insights from a Build Scan (powered by Develocity).
2026-04-28T19:34:37.2234169Z > Get more help at https://help.gradle.org.
2026-04-28T19:34:37.2235108Z ==============================================================================
2026-04-28T19:34:37.2236265Z 
2026-04-28T19:34:37.2236673Z BUILD FAILED in 32s
2026-04-28T19:34:37.6274583Z ##[error]Process completed with exit code 1.
2026-04-28T19:34:37.6324552Z ##[group]Run ./gradlew detekt --continue
2026-04-28T19:34:37.6324940Z [36;1m./gradlew detekt --continue[0m
2026-04-28T19:34:37.6379416Z shell: /usr/bin/bash -e {0}
2026-04-28T19:34:37.6379702Z env:
2026-04-28T19:34:37.6380355Z   JAVA_HOME: /opt/hostedtoolcache/Java_Temurin-Hotspot_jdk/21.0.11-10/x64
2026-04-28T19:34:37.6380916Z   JAVA_HOME_21_X64: /opt/hostedtoolcache/Java_Temurin-Hotspot_jdk/21.0.11-10/x64
2026-04-28T19:34:37.6381374Z   GRADLE_ACTION_ID: gradle/actions/setup-gradle
2026-04-28T19:34:37.6381730Z   GRADLE_USER_HOME: /home/runner/.gradle
2026-04-28T19:34:37.6382052Z   GRADLE_BUILD_ACTION_SETUP_COMPLETED: true
2026-04-28T19:34:37.6382380Z   GRADLE_BUILD_ACTION_CACHE_RESTORED: true
2026-04-28T19:34:37.6382862Z   DEVELOCITY_INJECTION_INIT_SCRIPT_NAME: gradle-actions.inject-develocity.init.gradle
2026-04-28T19:34:37.6383395Z   DEVELOCITY_INJECTION_CUSTOM_VALUE: gradle-actions
2026-04-28T19:34:37.6383741Z   GITHUB_DEPENDENCY_GRAPH_ENABLED: false
2026-04-28T19:34:37.6384076Z ##[endgroup]
2026-04-28T19:34:38.4261417Z Configuration on demand is an incubating feature.
2026-04-28T19:34:38.8250533Z 
2026-04-28T19:34:38.8281357Z > Configure project :app
2026-04-28T19:34:38.8301313Z WARNING: The option setting 'android.builtInKotlin=false' is deprecated.
2026-04-28T19:34:38.8302255Z The current default is 'true'.
2026-04-28T19:34:38.8303188Z It will be removed in version 10.0 of the Android Gradle plugin.
2026-04-28T19:34:38.8310943Z WARNING: The option setting 'android.newDsl=false' is deprecated.
2026-04-28T19:34:38.8320743Z The current default is 'true'.
2026-04-28T19:34:38.8326136Z It will be removed in version 10.0 of the Android Gradle plugin.
2026-04-28T19:34:38.8342097Z WARNING: The option setting 'android.dependency.excludeLibraryComponentsFromConstraints=true' is deprecated.
2026-04-28T19:34:38.8343694Z The current default is 'false'.
2026-04-28T19:34:38.8344546Z It will be removed in version 10.0 of the Android Gradle plugin.
2026-04-28T19:34:38.8345511Z Following can be set instead to achieve a similar behaviour.
2026-04-28T19:34:38.8346410Z     android.dependency.useConstraints=false
2026-04-28T19:34:38.8347601Z w: ⚠️ Deprecated 'org.jetbrains.kotlin.android' plugin usage
2026-04-28T19:34:38.8348884Z The 'org.jetbrains.kotlin.android' plugin in project ':app' is no longer required for Kotlin support since AGP 9.0.
2026-04-28T19:34:38.8351024Z Solution: Remove both `android.builtInKotlin=true` and `android.newDsl=false` from `gradle.properties`, then migrate to built-in Kotlin.
2026-04-28T19:34:38.8352568Z See https://kotl.in/gradle/agp-built-in-kotlin for more details.
2026-04-28T19:34:38.8353289Z 
2026-04-28T19:34:40.0243478Z 
2026-04-28T19:34:40.0271407Z > Task :detekt-rules:checkKotlinGradlePluginConfigurationErrors SKIPPED
2026-04-28T19:34:40.1235519Z > Task :detekt-rules:compileKotlin FROM-CACHE
2026-04-28T19:34:40.1260869Z > Task :detekt-rules:compileJava NO-SOURCE
2026-04-28T19:34:40.2251213Z > Task :detekt-rules:processResources
2026-04-28T19:34:40.2266661Z > Task :detekt-rules:classes
2026-04-28T19:34:40.2272944Z > Task :detekt-rules:jar
2026-04-28T19:35:10.2235195Z > Task :app:detekt
2026-04-28T19:35:24.1239472Z gradle/actions: Writing build results to /home/runner/work/_temp/.gradle-actions/build-results/__run_3-1777404878354.json
2026-04-28T19:35:24.1245004Z 
2026-04-28T19:35:24.1246345Z [Incubating] Problems report is available at: file:///home/runner/work/prismTask/prismTask/build/reports/problems/problems-report.html
2026-04-28T19:35:24.1247536Z 
2026-04-28T19:35:24.1248210Z Deprecated Gradle features were used in this build, making it incompatible with Gradle 10.
2026-04-28T19:35:24.1249086Z 
2026-04-28T19:35:24.1250295Z You can use '--warning-mode all' to show the individual deprecation warnings and determine if they come from your own scripts or plugins.
2026-04-28T19:35:24.1251495Z 
2026-04-28T19:35:24.1253235Z For more on this, please refer to https://docs.gradle.org/9.3.1/userguide/command_line_interface.html#sec:command_line_warnings in the Gradle documentation.
2026-04-28T19:35:24.1254581Z 
2026-04-28T19:35:24.1254946Z BUILD SUCCESSFUL in 46s
2026-04-28T19:35:24.1255662Z 4 actionable tasks: 3 executed, 1 from cache
2026-04-28T19:35:24.1578994Z ##[group]Run ./gradlew lint --continue
2026-04-28T19:35:24.1579607Z [36;1m./gradlew lint --continue[0m
2026-04-28T19:35:24.1655457Z shell: /usr/bin/bash -e {0}
2026-04-28T19:35:24.1655931Z env:
2026-04-28T19:35:24.1656508Z   JAVA_HOME: /opt/hostedtoolcache/Java_Temurin-Hotspot_jdk/21.0.11-10/x64
2026-04-28T19:35:24.1657449Z   JAVA_HOME_21_X64: /opt/hostedtoolcache/Java_Temurin-Hotspot_jdk/21.0.11-10/x64
2026-04-28T19:35:24.1658254Z   GRADLE_ACTION_ID: gradle/actions/setup-gradle
2026-04-28T19:35:24.1658833Z   GRADLE_USER_HOME: /home/runner/.gradle
2026-04-28T19:35:24.1659380Z   GRADLE_BUILD_ACTION_SETUP_COMPLETED: true
2026-04-28T19:35:24.1660220Z   GRADLE_BUILD_ACTION_CACHE_RESTORED: true
2026-04-28T19:35:24.1661059Z   DEVELOCITY_INJECTION_INIT_SCRIPT_NAME: gradle-actions.inject-develocity.init.gradle
2026-04-28T19:35:24.1662015Z   DEVELOCITY_INJECTION_CUSTOM_VALUE: gradle-actions
2026-04-28T19:35:24.1662638Z   GITHUB_DEPENDENCY_GRAPH_ENABLED: false
2026-04-28T19:35:24.1663193Z ##[endgroup]
2026-04-28T19:35:24.9496051Z Configuration on demand is an incubating feature.
2026-04-28T19:35:25.2463687Z 
2026-04-28T19:35:25.2495050Z > Configure project :app
2026-04-28T19:35:25.2530735Z WARNING: The option setting 'android.builtInKotlin=false' is deprecated.
2026-04-28T19:35:25.2556577Z The current default is 'true'.
2026-04-28T19:35:25.2557540Z It will be removed in version 10.0 of the Android Gradle plugin.
2026-04-28T19:35:25.2558696Z WARNING: The option setting 'android.newDsl=false' is deprecated.
2026-04-28T19:35:25.2559612Z The current default is 'true'.
2026-04-28T19:35:25.2560921Z It will be removed in version 10.0 of the Android Gradle plugin.
2026-04-28T19:35:25.2562436Z WARNING: The option setting 'android.dependency.excludeLibraryComponentsFromConstraints=true' is deprecated.
2026-04-28T19:35:25.2563741Z The current default is 'false'.
2026-04-28T19:35:25.2564593Z It will be removed in version 10.0 of the Android Gradle plugin.
2026-04-28T19:35:25.2565553Z Following can be set instead to achieve a similar behaviour.
2026-04-28T19:35:25.2566468Z     android.dependency.useConstraints=false
2026-04-28T19:35:25.2567757Z w: ⚠️ Deprecated 'org.jetbrains.kotlin.android' plugin usage
2026-04-28T19:35:25.2569002Z The 'org.jetbrains.kotlin.android' plugin in project ':app' is no longer required for Kotlin support since AGP 9.0.
2026-04-28T19:35:25.2570570Z Solution: Remove both `android.builtInKotlin=true` and `android.newDsl=false` from `gradle.properties`, then migrate to built-in Kotlin.
2026-04-28T19:35:25.2571978Z See https://kotl.in/gradle/agp-built-in-kotlin for more details.
2026-04-28T19:35:25.2572745Z 
2026-04-28T19:35:26.6465515Z 
2026-04-28T19:35:26.6492402Z > Task :app:checkKotlinGradlePluginConfigurationErrors SKIPPED
2026-04-28T19:35:26.6493507Z > Task :app:preBuild UP-TO-DATE
2026-04-28T19:35:26.6494283Z > Task :app:preDebugBuild UP-TO-DATE
2026-04-28T19:35:26.6495142Z > Task :app:generateDebugBuildConfig FROM-CACHE
2026-04-28T19:35:26.6496015Z > Task :app:generateDebugResValues FROM-CACHE
2026-04-28T19:35:26.6496824Z > Task :app:generateDebugResources FROM-CACHE
2026-04-28T19:35:26.6497647Z > Task :app:injectCrashlyticsMappingFileIdDebug
2026-04-28T19:35:26.6498487Z > Task :app:processDebugGoogleServices FROM-CACHE
2026-04-28T19:35:26.7479728Z > Task :app:packageDebugResources FROM-CACHE
2026-04-28T19:35:27.3464857Z > Task :app:processDebugNavigationResources FROM-CACHE
2026-04-28T19:35:28.6465269Z > Task :app:parseDebugLocalResources FROM-CACHE
2026-04-28T19:35:28.6470443Z > Task :app:generateDebugRFile FROM-CACHE
2026-04-28T19:35:29.2464075Z > Task :app:kspDebugKotlin FROM-CACHE
2026-04-28T19:35:30.7474908Z > Task :app:compileDebugKotlin FROM-CACHE
2026-04-28T19:35:30.7496866Z > Task :app:javaPreCompileDebug FROM-CACHE
2026-04-28T19:35:32.5466572Z > Task :app:compileDebugJavaWithJavac FROM-CACHE
2026-04-28T19:35:32.5479648Z > Task :app:hiltSyncDebug UP-TO-DATE
2026-04-28T19:35:32.6466810Z > Task :app:hiltAggregateDepsDebug FROM-CACHE
2026-04-28T19:35:32.9478449Z > Task :app:hiltJavaCompileDebug FROM-CACHE
2026-04-28T19:35:33.0470099Z > Task :app:mapDebugSourceSetPaths
2026-04-28T19:35:33.0501127Z > Task :app:checkDebugAarMetadata
2026-04-28T19:35:33.0502090Z > Task :app:compileDebugNavigationResources FROM-CACHE
2026-04-28T19:35:33.2474205Z > Task :app:mergeDebugResources FROM-CACHE
2026-04-28T19:35:33.2487814Z > Task :app:createDebugCompatibleScreenManifests
2026-04-28T19:35:33.2492620Z > Task :app:extractDeepLinksDebug FROM-CACHE
2026-04-28T19:35:33.3466926Z > Task :app:processDebugMainManifest FROM-CACHE
2026-04-28T19:35:33.3473729Z > Task :app:processDebugManifest FROM-CACHE
2026-04-28T19:35:33.3475230Z > Task :app:processDebugManifestForPackage FROM-CACHE
2026-04-28T19:35:33.6465054Z > Task :app:processDebugResources FROM-CACHE
2026-04-28T19:35:33.6500826Z > Task :app:preDebugAndroidTestBuild SKIPPED
2026-04-28T19:35:33.6530724Z > Task :app:generateDebugAndroidTestResValues FROM-CACHE
2026-04-28T19:35:33.7481070Z > Task :app:extractProguardFiles
2026-04-28T19:35:34.1469608Z > Task :app:bundleDebugClassesToCompileJar
2026-04-28T19:35:34.3467140Z > Task :app:generateDebugLintReportModel
2026-04-28T19:35:34.6465117Z > Task :app:generateDebugAndroidTestLintModel
2026-04-28T19:35:34.6466553Z > Task :app:preDebugUnitTestBuild UP-TO-DATE
2026-04-28T19:35:34.7464148Z > Task :app:generateDebugUnitTestLintModel
2026-04-28T19:35:34.8482494Z > Task :app:lintAnalyzeDebug FROM-CACHE
2026-04-28T19:35:34.9466827Z > Task :app:lintAnalyzeDebugAndroidTest FROM-CACHE
2026-04-28T19:36:04.8468395Z > Task :app:lintAnalyzeDebugUnitTest
2026-04-28T19:36:24.5471168Z 
2026-04-28T19:36:24.5476101Z > Task :app:lintReportDebug
2026-04-28T19:36:24.5477346Z Wrote HTML report to file:///home/runner/work/prismTask/prismTask/app/build/reports/lint-results-debug.html
2026-04-28T19:36:24.5478562Z 
2026-04-28T19:36:24.5478944Z > Task :app:lintDebug
2026-04-28T19:36:24.5479627Z > Task :app:lint
2026-04-28T19:36:24.5481021Z gradle/actions: Writing build results to /home/runner/work/_temp/.gradle-actions/build-results/__run_5-1777404924851.json
2026-04-28T19:36:24.5482495Z 
2026-04-28T19:36:24.5483674Z [Incubating] Problems report is available at: file:///home/runner/work/prismTask/prismTask/build/reports/problems/problems-report.html
2026-04-28T19:36:24.5497255Z 
2026-04-28T19:36:24.5498079Z Deprecated Gradle features were used in this build, making it incompatible with Gradle 10.
2026-04-28T19:36:24.5499137Z 
2026-04-28T19:36:24.5500377Z You can use '--warning-mode all' to show the individual deprecation warnings and determine if they come from your own scripts or plugins.
2026-04-28T19:36:24.5501616Z 
2026-04-28T19:36:24.5502921Z For more on this, please refer to https://docs.gradle.org/9.3.1/userguide/command_line_interface.html#sec:command_line_warnings in the Gradle documentation.
2026-04-28T19:36:24.5507800Z 
2026-04-28T19:36:24.5508220Z BUILD SUCCESSFUL in 1m
2026-04-28T19:36:24.5508937Z 36 actionable tasks: 12 executed, 24 from cache
2026-04-28T19:36:24.5983786Z ##[group]Run ./gradlew compileDebugAndroidTestKotlin --continue
2026-04-28T19:36:24.5984640Z [36;1m./gradlew compileDebugAndroidTestKotlin --continue[0m
2026-04-28T19:36:24.6091230Z shell: /usr/bin/bash -e {0}
2026-04-28T19:36:24.6091718Z env:
2026-04-28T19:36:24.6092330Z   JAVA_HOME: /opt/hostedtoolcache/Java_Temurin-Hotspot_jdk/21.0.11-10/x64
2026-04-28T19:36:24.6093345Z   JAVA_HOME_21_X64: /opt/hostedtoolcache/Java_Temurin-Hotspot_jdk/21.0.11-10/x64
2026-04-28T19:36:24.6093967Z   GRADLE_ACTION_ID: gradle/actions/setup-gradle
2026-04-28T19:36:24.6094320Z   GRADLE_USER_HOME: /home/runner/.gradle
2026-04-28T19:36:24.6094644Z   GRADLE_BUILD_ACTION_SETUP_COMPLETED: true
2026-04-28T19:36:24.6094963Z   GRADLE_BUILD_ACTION_CACHE_RESTORED: true
2026-04-28T19:36:24.6095704Z   DEVELOCITY_INJECTION_INIT_SCRIPT_NAME: gradle-actions.inject-develocity.init.gradle
2026-04-28T19:36:24.6096213Z   DEVELOCITY_INJECTION_CUSTOM_VALUE: gradle-actions
2026-04-28T19:36:24.6096583Z   GITHUB_DEPENDENCY_GRAPH_ENABLED: false
2026-04-28T19:36:24.6096881Z ##[endgroup]
2026-04-28T19:36:25.3950668Z Configuration on demand is an incubating feature.
2026-04-28T19:36:25.9943662Z 
2026-04-28T19:36:25.9961920Z > Configure project :app
2026-04-28T19:36:26.0000849Z WARNING: The option setting 'android.builtInKotlin=false' is deprecated.
2026-04-28T19:36:26.0001690Z The current default is 'true'.
2026-04-28T19:36:26.0031336Z It will be removed in version 10.0 of the Android Gradle plugin.
2026-04-28T19:36:26.0071008Z WARNING: The option setting 'android.newDsl=false' is deprecated.
2026-04-28T19:36:26.0110504Z The current default is 'true'.
2026-04-28T19:36:26.0140629Z It will be removed in version 10.0 of the Android Gradle plugin.
2026-04-28T19:36:26.0178663Z WARNING: The option setting 'android.dependency.excludeLibraryComponentsFromConstraints=true' is deprecated.
2026-04-28T19:36:26.0206698Z The current default is 'false'.
2026-04-28T19:36:26.0207828Z It will be removed in version 10.0 of the Android Gradle plugin.
2026-04-28T19:36:26.0208436Z Following can be set instead to achieve a similar behaviour.
2026-04-28T19:36:26.0208856Z     android.dependency.useConstraints=false
2026-04-28T19:36:26.0210192Z w: ⚠️ Deprecated 'org.jetbrains.kotlin.android' plugin usage
2026-04-28T19:36:26.0211252Z The 'org.jetbrains.kotlin.android' plugin in project ':app' is no longer required for Kotlin support since AGP 9.0.
2026-04-28T19:36:26.0212720Z Solution: Remove both `android.builtInKotlin=true` and `android.newDsl=false` from `gradle.properties`, then migrate to built-in Kotlin.
2026-04-28T19:36:26.0214033Z See https://kotl.in/gradle/agp-built-in-kotlin for more details.
2026-04-28T19:36:26.0214542Z 
2026-04-28T19:36:26.1947067Z 
2026-04-28T19:36:26.1951120Z > Task :app:checkKotlinGradlePluginConfigurationErrors SKIPPED
2026-04-28T19:36:26.1970963Z > Task :app:preBuild UP-TO-DATE
2026-04-28T19:36:26.1971730Z > Task :app:preDebugBuild UP-TO-DATE
2026-04-28T19:36:26.1972618Z > Task :app:generateDebugBuildConfig UP-TO-DATE
2026-04-28T19:36:26.1973623Z > Task :app:generateDebugResValues UP-TO-DATE
2026-04-28T19:36:26.1974546Z > Task :app:generateDebugResources UP-TO-DATE
2026-04-28T19:36:26.1975520Z > Task :app:injectCrashlyticsMappingFileIdDebug UP-TO-DATE
2026-04-28T19:36:26.1976433Z > Task :app:processDebugGoogleServices UP-TO-DATE
2026-04-28T19:36:26.1977339Z > Task :app:packageDebugResources UP-TO-DATE
2026-04-28T19:36:26.4921277Z > Task :app:processDebugNavigationResources UP-TO-DATE
2026-04-28T19:36:26.4940651Z > Task :app:parseDebugLocalResources UP-TO-DATE
2026-04-28T19:36:26.4970602Z > Task :app:generateDebugRFile UP-TO-DATE
2026-04-28T19:36:27.3913688Z > Task :app:kspDebugKotlin UP-TO-DATE
2026-04-28T19:36:27.4931041Z > Task :app:compileDebugKotlin UP-TO-DATE
2026-04-28T19:36:27.4937295Z > Task :app:javaPreCompileDebug UP-TO-DATE
2026-04-28T19:36:27.4940823Z > Task :app:compileDebugJavaWithJavac UP-TO-DATE
2026-04-28T19:36:27.4941648Z > Task :app:hiltSyncDebug UP-TO-DATE
2026-04-28T19:36:27.5915864Z > Task :app:hiltAggregateDepsDebug UP-TO-DATE
2026-04-28T19:36:27.5933132Z > Task :app:hiltJavaCompileDebug UP-TO-DATE
2026-04-28T19:36:27.5934014Z > Task :app:checkDebugAarMetadata UP-TO-DATE
2026-04-28T19:36:27.5934945Z > Task :app:mapDebugSourceSetPaths UP-TO-DATE
2026-04-28T19:36:27.5936221Z > Task :app:compileDebugNavigationResources UP-TO-DATE
2026-04-28T19:36:27.5937922Z > Task :app:mergeDebugResources UP-TO-DATE
2026-04-28T19:36:27.5943439Z > Task :app:createDebugCompatibleScreenManifests UP-TO-DATE
2026-04-28T19:36:27.5944791Z > Task :app:extractDeepLinksDebug UP-TO-DATE
2026-04-28T19:36:27.6915338Z > Task :app:processDebugMainManifest UP-TO-DATE
2026-04-28T19:36:27.6937276Z > Task :app:processDebugManifest UP-TO-DATE
2026-04-28T19:36:27.6950409Z > Task :app:processDebugManifestForPackage UP-TO-DATE
2026-04-28T19:36:27.6956030Z > Task :app:processDebugResources UP-TO-DATE
2026-04-28T19:36:27.6957018Z > Task :app:bundleDebugClassesToCompileJar UP-TO-DATE
2026-04-28T19:36:27.6957985Z > Task :app:preDebugAndroidTestBuild SKIPPED
2026-04-28T19:36:27.8929824Z > Task :app:processDebugAndroidTestManifest
2026-04-28T19:36:27.8980624Z > Task :app:generateDebugAndroidTestBuildConfig FROM-CACHE
2026-04-28T19:36:27.8981748Z > Task :app:generateDebugAndroidTestResValues UP-TO-DATE
2026-04-28T19:36:27.8982977Z > Task :app:generateDebugAndroidTestResources FROM-CACHE
2026-04-28T19:36:27.8983912Z > Task :app:packageDebugAndroidTestResources FROM-CACHE
2026-04-28T19:36:27.8984929Z > Task :app:processDebugAndroidTestNavigationResources FROM-CACHE
2026-04-28T19:36:27.8985941Z > Task :app:parseDebugAndroidTestLocalResources FROM-CACHE
2026-04-28T19:36:27.8986836Z > Task :app:generateDebugAndroidTestRFile FROM-CACHE
2026-04-28T19:36:28.0915677Z > Task :app:kspDebugAndroidTestKotlin FROM-CACHE
2026-04-28T19:36:28.4710282Z > Task :app:compileDebugAndroidTestKotlin FROM-CACHE
2026-04-28T19:36:28.4745502Z gradle/actions: Writing build results to /home/runner/work/_temp/.gradle-actions/build-results/__run_6-1777404985339.json
2026-04-28T19:36:28.4746595Z 
2026-04-28T19:36:28.4747637Z [Incubating] Problems report is available at: file:///home/runner/work/prismTask/prismTask/build/reports/problems/problems-report.html
2026-04-28T19:36:28.4748813Z 
2026-04-28T19:36:28.4749462Z Deprecated Gradle features were used in this build, making it incompatible with Gradle 10.
2026-04-28T19:36:28.4750693Z 
2026-04-28T19:36:28.4751678Z You can use '--warning-mode all' to show the individual deprecation warnings and determine if they come from your own scripts or plugins.
2026-04-28T19:36:28.4752845Z 
2026-04-28T19:36:28.4753929Z For more on this, please refer to https://docs.gradle.org/9.3.1/userguide/command_line_interface.html#sec:command_line_warnings in the Gradle documentation.
2026-04-28T19:36:28.4755176Z 
2026-04-28T19:36:28.4755502Z BUILD SUCCESSFUL in 3s
2026-04-28T19:36:28.4756261Z 36 actionable tasks: 1 executed, 8 from cache, 27 up-to-date
2026-04-28T19:36:28.4950627Z ##[group]Run set -euo pipefail
2026-04-28T19:36:28.4951273Z [36;1mset -euo pipefail[0m
2026-04-28T19:36:28.4951790Z [36;1mshopt -s globstar nullglob[0m
2026-04-28T19:36:28.4952380Z [36;1mxmls=(app/build/test-results/**/*.xml)[0m
2026-04-28T19:36:28.4952953Z [36;1mif [ ${#xmls[@]} -eq 0 ]; then[0m
2026-04-28T19:36:28.4953831Z [36;1m  echo "::error::No JUnit XML results found under app/build/test-results/. Did the test task run?"[0m
2026-04-28T19:36:28.4954736Z [36;1m  exit 1[0m
2026-04-28T19:36:28.4955130Z [36;1mfi[0m
2026-04-28T19:36:28.4955506Z [36;1mfailed=0[0m
2026-04-28T19:36:28.4955920Z [36;1mfor f in "${xmls[@]}"; do[0m
2026-04-28T19:36:28.4956701Z [36;1m  fails=$(grep -oE 'failures="[0-9]+"' "$f" | head -n1 | grep -oE '[0-9]+' || echo 0)[0m
2026-04-28T19:36:28.4957709Z [36;1m  errs=$(grep -oE 'errors="[0-9]+"' "$f" | head -n1 | grep -oE '[0-9]+' || echo 0)[0m
2026-04-28T19:36:28.4958678Z [36;1m  if [ "${fails:-0}" -gt 0 ] || [ "${errs:-0}" -gt 0 ]; then[0m
2026-04-28T19:36:28.4959574Z [36;1m    echo "::error file=${f}::${fails} failure(s), ${errs} error(s) in ${f}"[0m
2026-04-28T19:36:28.4960623Z [36;1m    failed=$((failed + fails + errs))[0m
2026-04-28T19:36:28.4961170Z [36;1m  fi[0m
2026-04-28T19:36:28.4961547Z [36;1mdone[0m
2026-04-28T19:36:28.4961945Z [36;1mif [ "$failed" -gt 0 ]; then[0m
2026-04-28T19:36:28.4962927Z [36;1m  echo "::error::${failed} unit-test failure(s)/error(s) detected. See annotations and the test-results artifact."[0m
2026-04-28T19:36:28.4963895Z [36;1m  exit 1[0m
2026-04-28T19:36:28.4964272Z [36;1mfi[0m
2026-04-28T19:36:28.4964728Z [36;1mecho "All ${#xmls[@]} JUnit XML reports clean."[0m
2026-04-28T19:36:28.5042083Z shell: /usr/bin/bash --noprofile --norc -e -o pipefail {0}
2026-04-28T19:36:28.5042727Z env:
2026-04-28T19:36:28.5043293Z   JAVA_HOME: /opt/hostedtoolcache/Java_Temurin-Hotspot_jdk/21.0.11-10/x64
2026-04-28T19:36:28.5044545Z   JAVA_HOME_21_X64: /opt/hostedtoolcache/Java_Temurin-Hotspot_jdk/21.0.11-10/x64
2026-04-28T19:36:28.5045427Z   GRADLE_ACTION_ID: gradle/actions/setup-gradle
2026-04-28T19:36:28.5046023Z   GRADLE_USER_HOME: /home/runner/.gradle
2026-04-28T19:36:28.5046590Z   GRADLE_BUILD_ACTION_SETUP_COMPLETED: true
2026-04-28T19:36:28.5047162Z   GRADLE_BUILD_ACTION_CACHE_RESTORED: true
2026-04-28T19:36:28.5048016Z   DEVELOCITY_INJECTION_INIT_SCRIPT_NAME: gradle-actions.inject-develocity.init.gradle
2026-04-28T19:36:28.5048946Z   DEVELOCITY_INJECTION_CUSTOM_VALUE: gradle-actions
2026-04-28T19:36:28.5049575Z   GITHUB_DEPENDENCY_GRAPH_ENABLED: false
2026-04-28T19:36:28.5050398Z ##[endgroup]
2026-04-28T19:36:29.7085945Z All 170 JUnit XML reports clean.
2026-04-28T19:36:29.7148782Z ##[group]Run actions/upload-artifact@v4
2026-04-28T19:36:29.7149121Z with:
2026-04-28T19:36:29.7149337Z   name: lint-report
2026-04-28T19:36:29.7149628Z   path: app/build/reports/lint-results-debug.html
2026-04-28T19:36:29.7150262Z   retention-days: 7
2026-04-28T19:36:29.7150569Z   if-no-files-found: warn
2026-04-28T19:36:29.7150837Z   compression-level: 6
2026-04-28T19:36:29.7151085Z   overwrite: false
2026-04-28T19:36:29.7151338Z   include-hidden-files: false
2026-04-28T19:36:29.7151616Z env:
2026-04-28T19:36:29.7151942Z   JAVA_HOME: /opt/hostedtoolcache/Java_Temurin-Hotspot_jdk/21.0.11-10/x64
2026-04-28T19:36:29.7152472Z   JAVA_HOME_21_X64: /opt/hostedtoolcache/Java_Temurin-Hotspot_jdk/21.0.11-10/x64
2026-04-28T19:36:29.7152941Z   GRADLE_ACTION_ID: gradle/actions/setup-gradle
2026-04-28T19:36:29.7153279Z   GRADLE_USER_HOME: /home/runner/.gradle
2026-04-28T19:36:29.7153597Z   GRADLE_BUILD_ACTION_SETUP_COMPLETED: true
2026-04-28T19:36:29.7153941Z   GRADLE_BUILD_ACTION_CACHE_RESTORED: true
2026-04-28T19:36:29.7154413Z   DEVELOCITY_INJECTION_INIT_SCRIPT_NAME: gradle-actions.inject-develocity.init.gradle
2026-04-28T19:36:29.7154925Z   DEVELOCITY_INJECTION_CUSTOM_VALUE: gradle-actions
2026-04-28T19:36:29.7155263Z   GITHUB_DEPENDENCY_GRAPH_ENABLED: false
2026-04-28T19:36:29.7155563Z ##[endgroup]
2026-04-28T19:36:29.9600870Z With the provided path, there will be 1 file uploaded
2026-04-28T19:36:29.9660578Z Artifact name is valid!
2026-04-28T19:36:29.9661318Z Root directory input is valid!
2026-04-28T19:36:30.2774749Z Beginning upload of artifact content to blob storage
2026-04-28T19:36:30.7144727Z Uploaded bytes 39884
2026-04-28T19:36:30.8025575Z Finished uploading artifact content to blob storage!
2026-04-28T19:36:30.8028281Z SHA256 digest of uploaded artifact zip is dcba60ac7b8ebe8669019517432af05493a1f2aac03e00a3e31ffe7aae0590a2
2026-04-28T19:36:30.8030896Z Finalizing artifact upload
2026-04-28T19:36:30.9909334Z Artifact lint-report.zip successfully finalized. Artifact ID 6693082157
2026-04-28T19:36:30.9911053Z Artifact lint-report has been successfully uploaded! Final size is 39884 bytes. Artifact ID is 6693082157
2026-04-28T19:36:30.9919462Z Artifact download URL: https://github.com/averycorp/prismTask/actions/runs/25073482260/artifacts/6693082157
2026-04-28T19:36:31.0095000Z ##[group]Run actions/upload-artifact@v4
2026-04-28T19:36:31.0095580Z with:
2026-04-28T19:36:31.0095954Z   name: detekt-report
2026-04-28T19:36:31.0096417Z   path: app/build/reports/detekt/
2026-04-28T19:36:31.0096936Z   retention-days: 7
2026-04-28T19:36:31.0097380Z   if-no-files-found: warn
2026-04-28T19:36:31.0097858Z   compression-level: 6
2026-04-28T19:36:31.0098310Z   overwrite: false
2026-04-28T19:36:31.0098749Z   include-hidden-files: false
2026-04-28T19:36:31.0099234Z env:
2026-04-28T19:36:31.0099824Z   JAVA_HOME: /opt/hostedtoolcache/Java_Temurin-Hotspot_jdk/21.0.11-10/x64
2026-04-28T19:36:31.0101292Z   JAVA_HOME_21_X64: /opt/hostedtoolcache/Java_Temurin-Hotspot_jdk/21.0.11-10/x64
2026-04-28T19:36:31.0102137Z   GRADLE_ACTION_ID: gradle/actions/setup-gradle
2026-04-28T19:36:31.0102761Z   GRADLE_USER_HOME: /home/runner/.gradle
2026-04-28T19:36:31.0103359Z   GRADLE_BUILD_ACTION_SETUP_COMPLETED: true
2026-04-28T19:36:31.0103954Z   GRADLE_BUILD_ACTION_CACHE_RESTORED: true
2026-04-28T19:36:31.0105102Z   DEVELOCITY_INJECTION_INIT_SCRIPT_NAME: gradle-actions.inject-develocity.init.gradle
2026-04-28T19:36:31.0106031Z   DEVELOCITY_INJECTION_CUSTOM_VALUE: gradle-actions
2026-04-28T19:36:31.0106687Z   GITHUB_DEPENDENCY_GRAPH_ENABLED: false
2026-04-28T19:36:31.0107224Z ##[endgroup]
2026-04-28T19:36:31.3417875Z With the provided path, there will be 2 files uploaded
2026-04-28T19:36:31.3424310Z Artifact name is valid!
2026-04-28T19:36:31.3425757Z Root directory input is valid!
2026-04-28T19:36:31.6812676Z Beginning upload of artifact content to blob storage
2026-04-28T19:36:32.0050863Z Uploaded bytes 4195
2026-04-28T19:36:32.0879384Z Finished uploading artifact content to blob storage!
2026-04-28T19:36:32.0882914Z SHA256 digest of uploaded artifact zip is 7e29f7868b56b169bab14dc15f375ad6be30b1a3361c5acaafa5681c6d27b144
2026-04-28T19:36:32.0885266Z Finalizing artifact upload
2026-04-28T19:36:32.2670886Z Artifact detekt-report.zip successfully finalized. Artifact ID 6693082574
2026-04-28T19:36:32.2672504Z Artifact detekt-report has been successfully uploaded! Final size is 4195 bytes. Artifact ID is 6693082574
2026-04-28T19:36:32.2681214Z Artifact download URL: https://github.com/averycorp/prismTask/actions/runs/25073482260/artifacts/6693082574
2026-04-28T19:36:32.2872469Z ##[group]Run actions/upload-artifact@v4
2026-04-28T19:36:32.2873110Z with:
2026-04-28T19:36:32.2873517Z   name: test-results
2026-04-28T19:36:32.2874006Z   path: app/build/test-results/
2026-04-28T19:36:32.2874543Z   retention-days: 7
2026-04-28T19:36:32.2875006Z   if-no-files-found: warn
2026-04-28T19:36:32.2875534Z   compression-level: 6
2026-04-28T19:36:32.2875998Z   overwrite: false
2026-04-28T19:36:32.2876433Z   include-hidden-files: false
2026-04-28T19:36:32.2876916Z env:
2026-04-28T19:36:32.2877543Z   JAVA_HOME: /opt/hostedtoolcache/Java_Temurin-Hotspot_jdk/21.0.11-10/x64
2026-04-28T19:36:32.2878593Z   JAVA_HOME_21_X64: /opt/hostedtoolcache/Java_Temurin-Hotspot_jdk/21.0.11-10/x64
2026-04-28T19:36:32.2879514Z   GRADLE_ACTION_ID: gradle/actions/setup-gradle
2026-04-28T19:36:32.2881320Z   GRADLE_USER_HOME: /home/runner/.gradle
2026-04-28T19:36:32.2881954Z   GRADLE_BUILD_ACTION_SETUP_COMPLETED: true
2026-04-28T19:36:32.2882602Z   GRADLE_BUILD_ACTION_CACHE_RESTORED: true
2026-04-28T19:36:32.2883531Z   DEVELOCITY_INJECTION_INIT_SCRIPT_NAME: gradle-actions.inject-develocity.init.gradle
2026-04-28T19:36:32.2884545Z   DEVELOCITY_INJECTION_CUSTOM_VALUE: gradle-actions
2026-04-28T19:36:32.2885223Z   GITHUB_DEPENDENCY_GRAPH_ENABLED: false
2026-04-28T19:36:32.2885751Z ##[endgroup]
2026-04-28T19:36:32.6671274Z With the provided path, there will be 172 files uploaded
2026-04-28T19:36:32.6677994Z Artifact name is valid!
2026-04-28T19:36:32.6678985Z Root directory input is valid!
2026-04-28T19:36:33.0099804Z Beginning upload of artifact content to blob storage
2026-04-28T19:36:33.7190235Z Uploaded bytes 174617
2026-04-28T19:36:33.8038194Z Finished uploading artifact content to blob storage!
2026-04-28T19:36:33.8041954Z SHA256 digest of uploaded artifact zip is 367f12052ef2f53989b8a93b72db2d4ac7e1d390e7a10f0684a6f7c373323ff2
2026-04-28T19:36:33.8043325Z Finalizing artifact upload
2026-04-28T19:36:34.0591979Z Artifact test-results.zip successfully finalized. Artifact ID 6693083182
2026-04-28T19:36:34.0593272Z Artifact test-results has been successfully uploaded! Final size is 174617 bytes. Artifact ID is 6693083182
2026-04-28T19:36:34.0600504Z Artifact download URL: https://github.com/averycorp/prismTask/actions/runs/25073482260/artifacts/6693083182
2026-04-28T19:36:34.0735658Z Post job cleanup.
2026-04-28T19:36:34.0829399Z Post job cleanup.
2026-04-28T19:36:34.3920376Z In post-action step
2026-04-28T19:36:34.3932666Z Cache is read-only: will not save state for use in subsequent builds.
2026-04-28T19:36:34.3940574Z Generating Job Summary
2026-04-28T19:36:34.3964448Z Completed post-action step
2026-04-28T19:36:34.4127548Z Post job cleanup.
2026-04-28T19:36:34.5915320Z Post job cleanup.
2026-04-28T19:36:34.6900102Z [command]/usr/bin/git version
2026-04-28T19:36:34.6940769Z git version 2.54.0
2026-04-28T19:36:34.6983946Z Temporarily overriding HOME='/home/runner/work/_temp/789cd0ec-531f-4e17-aebc-0035439b1535' before making global git config changes
2026-04-28T19:36:34.6985363Z Adding repository directory to the temporary git global config as a safe directory
2026-04-28T19:36:34.6995788Z [command]/usr/bin/git config --global --add safe.directory /home/runner/work/prismTask/prismTask
2026-04-28T19:36:34.7029819Z [command]/usr/bin/git config --local --name-only --get-regexp core\.sshCommand
2026-04-28T19:36:34.7062958Z [command]/usr/bin/git submodule foreach --recursive sh -c "git config --local --name-only --get-regexp 'core\.sshCommand' && git config --local --unset-all 'core.sshCommand' || :"
2026-04-28T19:36:34.7288566Z [command]/usr/bin/git config --local --name-only --get-regexp http\.https\:\/\/github\.com\/\.extraheader
2026-04-28T19:36:34.7311547Z http.https://github.com/.extraheader
2026-04-28T19:36:34.7324100Z [command]/usr/bin/git config --local --unset-all http.https://github.com/.extraheader
2026-04-28T19:36:34.7353914Z [command]/usr/bin/git submodule foreach --recursive sh -c "git config --local --name-only --get-regexp 'http\.https\:\/\/github\.com\/\.extraheader' && git config --local --unset-all 'http.https://github.com/.extraheader' || :"
2026-04-28T19:36:34.7573906Z [command]/usr/bin/git config --local --name-only --get-regexp ^includeIf\.gitdir:
2026-04-28T19:36:34.7603301Z [command]/usr/bin/git submodule foreach --recursive git config --local --show-origin --name-only --get-regexp remote.origin.url
2026-04-28T19:36:34.7926265Z Cleaning up orphan processes
2026-04-28T19:36:34.8303398Z Terminate orphan process: pid (2618) (java)
2026-04-28T19:36:34.8325327Z ##[warning]Node.js 20 actions are deprecated. The following actions are running on Node.js 20 and may not work as expected: actions/cache@v4, actions/checkout@v4, actions/setup-java@v4, actions/upload-artifact@v4, dorny/paths-filter@v3, gradle/actions/setup-gradle@v4. Actions will be forced to run with Node.js 24 by default starting June 2nd, 2026. Node.js 20 will be removed from the runner on September 16th, 2026. Please check if updated versions of these actions are available that support Node.js 24. To opt into Node.js 24 now, set the FORCE_JAVASCRIPT_ACTIONS_TO_NODE24=true environment variable on the runner or in your workflow file. Once Node.js 24 becomes the default, you can temporarily opt out by setting ACTIONS_ALLOW_USE_UNSECURE_NODE_VERSION=true. For more information see: https://github.blog/changelog/2025-09-19-deprecation-of-node-20-on-github-actions-runners/
