=== CI FAILURE ===
Workflow:      Android CI
Workflow file: akarlin3/prismTask/.github/workflows/android-ci.yml@refs/heads/main
Job(s):        lint-and-test
Run ID:        24541674602
Run attempt:   2
Run URL:       https://github.com/akarlin3/prismTask/actions/runs/24541674602
Commit:        11053b33773f4640943613ccd6032166dbd5d690
Branch:        main
Event:         push
Actor:         akarlin3
Runner OS:     Linux
Timestamp:     2026-04-17T01:05:50.198Z

Failed steps:
  - lint-and-test: #7 Unit tests | #8 Verify unit-test results (XML)

=== FAILED JOB LOG ===

--- Job: lint-and-test (id 71750547671) ---
2026-04-17T01:04:24.6814384Z Current runner version: '2.333.1'
2026-04-17T01:04:24.6839463Z ##[group]Runner Image Provisioner
2026-04-17T01:04:24.6840291Z Hosted Compute Agent
2026-04-17T01:04:24.6840788Z Version: 20260213.493
2026-04-17T01:04:24.6841740Z Commit: 5c115507f6dd24b8de37d8bbe0bb4509d0cc0fa3
2026-04-17T01:04:24.6842423Z Build Date: 2026-02-13T00:28:41Z
2026-04-17T01:04:24.6843082Z Worker ID: {6944f9c9-a8d9-4dd8-95e2-692e8a834822}
2026-04-17T01:04:24.6843710Z Azure Region: westcentralus
2026-04-17T01:04:24.6844345Z ##[endgroup]
2026-04-17T01:04:24.6845727Z ##[group]Operating System
2026-04-17T01:04:24.6846310Z Ubuntu
2026-04-17T01:04:24.6846903Z 24.04.4
2026-04-17T01:04:24.6847323Z LTS
2026-04-17T01:04:24.6847760Z ##[endgroup]
2026-04-17T01:04:24.6848272Z ##[group]Runner Image
2026-04-17T01:04:24.6848823Z Image: ubuntu-24.04
2026-04-17T01:04:24.6849287Z Version: 20260406.80.1
2026-04-17T01:04:24.6850530Z Included Software: https://github.com/actions/runner-images/blob/ubuntu24/20260406.80/images/ubuntu/Ubuntu2404-Readme.md
2026-04-17T01:04:24.6852457Z Image Release: https://github.com/actions/runner-images/releases/tag/ubuntu24%2F20260406.80
2026-04-17T01:04:24.6853447Z ##[endgroup]
2026-04-17T01:04:24.6854673Z ##[group]GITHUB_TOKEN Permissions
2026-04-17T01:04:24.6857104Z Actions: read
2026-04-17T01:04:24.6857686Z Checks: read
2026-04-17T01:04:24.6858179Z Contents: write
2026-04-17T01:04:24.6858683Z Metadata: read
2026-04-17T01:04:24.6859203Z PullRequests: read
2026-04-17T01:04:24.6859714Z ##[endgroup]
2026-04-17T01:04:24.6862356Z Secret source: Actions
2026-04-17T01:04:24.6863051Z Prepare workflow directory
2026-04-17T01:04:24.7256282Z Prepare all required actions
2026-04-17T01:04:24.7295258Z Getting action download info
2026-04-17T01:04:25.1925968Z Download action repository 'actions/checkout@v4' (SHA:34e114876b0b11c390a56381ad16ebd13914f8d5)
2026-04-17T01:04:25.3464438Z Download action repository 'actions/github-script@v7' (SHA:f28e40c7f34bde8b3046d885e986cb6290c5673b)
2026-04-17T01:04:26.0636883Z Download action repository 'actions/upload-artifact@v4' (SHA:ea165f8d65b6e75b540449e92b4886f43607fa02)
2026-04-17T01:04:26.3488052Z Complete job name: lint-and-test
2026-04-17T01:04:26.4253595Z ##[group]Run actions/checkout@v4
2026-04-17T01:04:26.4254674Z with:
2026-04-17T01:04:26.4255139Z   repository: akarlin3/prismTask
2026-04-17T01:04:26.4255948Z   token: ***
2026-04-17T01:04:26.4256384Z   ssh-strict: true
2026-04-17T01:04:26.4256871Z   ssh-user: git
2026-04-17T01:04:26.4257314Z   persist-credentials: true
2026-04-17T01:04:26.4257822Z   clean: true
2026-04-17T01:04:26.4258265Z   sparse-checkout-cone-mode: true
2026-04-17T01:04:26.4258809Z   fetch-depth: 1
2026-04-17T01:04:26.4259248Z   fetch-tags: false
2026-04-17T01:04:26.4259692Z   show-progress: true
2026-04-17T01:04:26.4260179Z   lfs: false
2026-04-17T01:04:26.4260603Z   submodules: false
2026-04-17T01:04:26.4261061Z   set-safe-directory: true
2026-04-17T01:04:26.4262117Z ##[endgroup]
2026-04-17T01:04:26.5377033Z Syncing repository: akarlin3/prismTask
2026-04-17T01:04:26.5378938Z ##[group]Getting Git version info
2026-04-17T01:04:26.5379730Z Working directory is '/home/runner/work/prismTask/prismTask'
2026-04-17T01:04:26.5380831Z [command]/usr/bin/git version
2026-04-17T01:04:26.5413341Z git version 2.53.0
2026-04-17T01:04:26.5440150Z ##[endgroup]
2026-04-17T01:04:26.5463335Z Temporarily overriding HOME='/home/runner/work/_temp/a9785423-4fe1-4eb7-83a9-23fecd1df164' before making global git config changes
2026-04-17T01:04:26.5466104Z Adding repository directory to the temporary git global config as a safe directory
2026-04-17T01:04:26.5469595Z [command]/usr/bin/git config --global --add safe.directory /home/runner/work/prismTask/prismTask
2026-04-17T01:04:26.5501571Z Deleting the contents of '/home/runner/work/prismTask/prismTask'
2026-04-17T01:04:26.5504751Z ##[group]Initializing the repository
2026-04-17T01:04:26.5508538Z [command]/usr/bin/git init /home/runner/work/prismTask/prismTask
2026-04-17T01:04:26.5598854Z hint: Using 'master' as the name for the initial branch. This default branch name
2026-04-17T01:04:26.5601562Z hint: will change to "main" in Git 3.0. To configure the initial branch name
2026-04-17T01:04:26.5603563Z hint: to use in all of your new repositories, which will suppress this warning,
2026-04-17T01:04:26.5605169Z hint: call:
2026-04-17T01:04:26.5605970Z hint:
2026-04-17T01:04:26.5606998Z hint: 	git config --global init.defaultBranch <name>
2026-04-17T01:04:26.5608157Z hint:
2026-04-17T01:04:26.5609243Z hint: Names commonly chosen instead of 'master' are 'main', 'trunk' and
2026-04-17T01:04:26.5611391Z hint: 'development'. The just-created branch can be renamed via this command:
2026-04-17T01:04:26.5612975Z hint:
2026-04-17T01:04:26.5613829Z hint: 	git branch -m <name>
2026-04-17T01:04:26.5614743Z hint:
2026-04-17T01:04:26.5615929Z hint: Disable this message with "git config set advice.defaultBranchName false"
2026-04-17T01:04:26.5617809Z Initialized empty Git repository in /home/runner/work/prismTask/prismTask/.git/
2026-04-17T01:04:26.5620627Z [command]/usr/bin/git remote add origin https://github.com/akarlin3/prismTask
2026-04-17T01:04:26.5644774Z ##[endgroup]
2026-04-17T01:04:26.5646200Z ##[group]Disabling automatic garbage collection
2026-04-17T01:04:26.5649710Z [command]/usr/bin/git config --local gc.auto 0
2026-04-17T01:04:26.5678463Z ##[endgroup]
2026-04-17T01:04:26.5679947Z ##[group]Setting up auth
2026-04-17T01:04:26.5686478Z [command]/usr/bin/git config --local --name-only --get-regexp core\.sshCommand
2026-04-17T01:04:26.5715509Z [command]/usr/bin/git submodule foreach --recursive sh -c "git config --local --name-only --get-regexp 'core\.sshCommand' && git config --local --unset-all 'core.sshCommand' || :"
2026-04-17T01:04:26.6002640Z [command]/usr/bin/git config --local --name-only --get-regexp http\.https\:\/\/github\.com\/\.extraheader
2026-04-17T01:04:26.6033931Z [command]/usr/bin/git submodule foreach --recursive sh -c "git config --local --name-only --get-regexp 'http\.https\:\/\/github\.com\/\.extraheader' && git config --local --unset-all 'http.https://github.com/.extraheader' || :"
2026-04-17T01:04:26.6246233Z [command]/usr/bin/git config --local --name-only --get-regexp ^includeIf\.gitdir:
2026-04-17T01:04:26.6277741Z [command]/usr/bin/git submodule foreach --recursive git config --local --show-origin --name-only --get-regexp remote.origin.url
2026-04-17T01:04:26.6497127Z [command]/usr/bin/git config --local http.https://github.com/.extraheader AUTHORIZATION: basic ***
2026-04-17T01:04:26.6532058Z ##[endgroup]
2026-04-17T01:04:26.6532854Z ##[group]Fetching the repository
2026-04-17T01:04:26.6544639Z [command]/usr/bin/git -c protocol.version=2 fetch --no-tags --prune --no-recurse-submodules --depth=1 origin +11053b33773f4640943613ccd6032166dbd5d690:refs/remotes/origin/main
2026-04-17T01:04:29.4667190Z From https://github.com/akarlin3/prismTask
2026-04-17T01:04:29.4669803Z  * [new ref]         11053b33773f4640943613ccd6032166dbd5d690 -> origin/main
2026-04-17T01:04:29.4697122Z ##[endgroup]
2026-04-17T01:04:29.4698843Z ##[group]Determining the checkout info
2026-04-17T01:04:29.4700800Z ##[endgroup]
2026-04-17T01:04:29.4705302Z [command]/usr/bin/git sparse-checkout disable
2026-04-17T01:04:29.4742603Z [command]/usr/bin/git config --local --unset-all extensions.worktreeConfig
2026-04-17T01:04:29.4768792Z ##[group]Checking out the ref
2026-04-17T01:04:29.4773546Z [command]/usr/bin/git checkout --progress --force -B main refs/remotes/origin/main
2026-04-17T01:04:29.6156011Z Switched to a new branch 'main'
2026-04-17T01:04:29.6159679Z branch 'main' set up to track 'origin/main'.
2026-04-17T01:04:29.6178131Z ##[endgroup]
2026-04-17T01:04:29.6216740Z [command]/usr/bin/git log -1 --format=%H
2026-04-17T01:04:29.6238569Z 11053b33773f4640943613ccd6032166dbd5d690
2026-04-17T01:04:29.6549416Z Prepare all required actions
2026-04-17T01:04:29.6550804Z Getting action download info
2026-04-17T01:04:29.8564565Z Download action repository 'actions/setup-java@v4' (SHA:c1e323688fd81a25caa38c78aa6df2d33d3e20d9)
2026-04-17T01:04:30.8863459Z Download action repository 'gradle/actions@v4' (SHA:ed408507eac070d1f99cc633dbcf757c94c7933a)
2026-04-17T01:04:32.4653519Z ##[group]Run ./.github/actions/setup-android
2026-04-17T01:04:32.4653808Z ##[endgroup]
2026-04-17T01:04:32.4815874Z ##[group]Run actions/setup-java@v4
2026-04-17T01:04:32.4816126Z with:
2026-04-17T01:04:32.4816296Z   java-version: 21
2026-04-17T01:04:32.4816489Z   distribution: temurin
2026-04-17T01:04:32.4816691Z   java-package: jdk
2026-04-17T01:04:32.4816880Z   check-latest: false
2026-04-17T01:04:32.4817068Z   server-id: github
2026-04-17T01:04:32.4817253Z   server-username: GITHUB_ACTOR
2026-04-17T01:04:32.4817496Z   server-password: GITHUB_TOKEN
2026-04-17T01:04:32.4817743Z   overwrite-settings: true
2026-04-17T01:04:32.4818026Z   job-status: success
2026-04-17T01:04:32.4818328Z   token: ***
2026-04-17T01:04:32.4818510Z ##[endgroup]
2026-04-17T01:04:32.6769636Z ##[group]Installed distributions
2026-04-17T01:04:32.6855447Z Resolved Java 21.0.10+7 from tool-cache
2026-04-17T01:04:32.6856536Z Setting Java 21.0.10+7 as the default
2026-04-17T01:04:32.6869525Z Creating toolchains.xml for JDK version 21 from temurin
2026-04-17T01:04:32.6946732Z Writing to /home/runner/.m2/toolchains.xml
2026-04-17T01:04:32.6947455Z 
2026-04-17T01:04:32.6947651Z Java configuration:
2026-04-17T01:04:32.6948486Z   Distribution: temurin
2026-04-17T01:04:32.6948884Z   Version: 21.0.10+7
2026-04-17T01:04:32.6949886Z   Path: /opt/hostedtoolcache/Java_Temurin-Hotspot_jdk/21.0.10-7/x64
2026-04-17T01:04:32.6950398Z 
2026-04-17T01:04:32.6951398Z ##[endgroup]
2026-04-17T01:04:32.6966591Z Creating settings.xml with server-id: github
2026-04-17T01:04:32.6973029Z Writing to /home/runner/.m2/settings.xml
2026-04-17T01:04:32.7162817Z ##[group]Run gradle/actions/setup-gradle@v4
2026-04-17T01:04:32.7163079Z with:
2026-04-17T01:04:32.7163253Z   cache-disabled: false
2026-04-17T01:04:32.7163458Z   cache-read-only: false
2026-04-17T01:04:32.7163664Z   cache-write-only: false
2026-04-17T01:04:32.7163877Z   cache-overwrite-existing: false
2026-04-17T01:04:32.7164116Z   cache-cleanup: on-success
2026-04-17T01:04:32.7164393Z   gradle-home-cache-includes: caches
notifications

2026-04-17T01:04:32.7164677Z   add-job-summary: always
2026-04-17T01:04:32.7164902Z   add-job-summary-as-pr-comment: never
2026-04-17T01:04:32.7165153Z   dependency-graph: disabled
2026-04-17T01:04:32.7165436Z   dependency-graph-report-dir: dependency-graph-reports
2026-04-17T01:04:32.7165811Z   dependency-graph-continue-on-failure: true
2026-04-17T01:04:32.7166083Z   build-scan-publish: false
2026-04-17T01:04:32.7166295Z   validate-wrappers: true
2026-04-17T01:04:32.7166515Z   allow-snapshot-wrappers: false
2026-04-17T01:04:32.7166765Z   gradle-home-cache-strict-match: false
2026-04-17T01:04:32.7167043Z   workflow-job-context: null
2026-04-17T01:04:32.7167404Z   github-token: ***
2026-04-17T01:04:32.7167588Z env:
2026-04-17T01:04:32.7167851Z   JAVA_HOME: /opt/hostedtoolcache/Java_Temurin-Hotspot_jdk/21.0.10-7/x64
2026-04-17T01:04:32.7168313Z   JAVA_HOME_21_X64: /opt/hostedtoolcache/Java_Temurin-Hotspot_jdk/21.0.10-7/x64
2026-04-17T01:04:32.7168672Z ##[endgroup]
2026-04-17T01:04:33.1647490Z Merged default JDK locations into /home/runner/.m2/toolchains.xml
2026-04-17T01:04:33.1649647Z Preparing cache for cleanup.
2026-04-17T01:04:33.1654275Z ##[group]Restore Gradle state from cache
2026-04-17T01:04:33.3951646Z Cache hit for: gradle-home-v1|Linux-X64|lint-and-test[5df42585ae8f8da228c604b8b4e8707c]-11053b33773f4640943613ccd6032166dbd5d690
2026-04-17T01:04:34.6255244Z Received 16777216 of 249191278 (6.7%), 16.0 MBs/sec
2026-04-17T01:04:35.6272361Z Received 150994944 of 249191278 (60.6%), 71.9 MBs/sec
2026-04-17T01:04:36.1495952Z Received 249191278 of 249191278 (100.0%), 94.1 MBs/sec
2026-04-17T01:04:36.1500171Z Cache Size: ~238 MB (249191278 B)
2026-04-17T01:04:36.1542994Z [command]/usr/bin/tar -xf /home/runner/work/_temp/335dfc6b-93b4-401d-bb44-c27bb1a381e2/cache.tzst -P -C /home/runner/work/prismTask/prismTask --use-compress-program unzstd
2026-04-17T01:04:36.7140011Z Cache restored successfully
2026-04-17T01:04:36.7250625Z Restored cache entry with key gradle-home-v1|Linux-X64|lint-and-test[5df42585ae8f8da228c604b8b4e8707c]-11053b33773f4640943613ccd6032166dbd5d690 to /home/runner/.gradle/caches,/home/runner/.gradle/notifications,/home/runner/.gradle/.setup-gradle in 3558ms
2026-04-17T01:04:36.9232082Z Cache hit for: gradle-wrapper-zips-v1-8c0de4c6bda6041d6e054bf825a89c98
2026-04-17T01:04:36.9243139Z Cache hit for: gradle-transforms-v1-c97e75dca206aa047cf0157a127d7d71
2026-04-17T01:04:36.9308567Z Cache hit for: gradle-kotlin-dsl-v1-a608a8a52b3e9d823ccc87258915ea34
2026-04-17T01:04:36.9313409Z Cache hit for: gradle-dependencies-v1-117fbe653ac5533442942123eb8053be
2026-04-17T01:04:36.9347694Z Cache hit for: gradle-groovy-dsl-v1-28b9a41f693ba754e53f6f5a3dfc445c
2026-04-17T01:04:36.9372381Z Cache hit for: gradle-instrumented-jars-v1-da27189608cc64b8ccdc1e8234084779
2026-04-17T01:04:36.9409118Z Cache hit for: gradle-generated-gradle-jars-v1-cb4b032a7d08b9bf1e84e9eacaebcc29
2026-04-17T01:04:37.5183071Z Received 91211 of 91211 (100.0%), 0.2 MBs/sec
2026-04-17T01:04:37.5183863Z Cache Size: ~0 MB (91211 B)
2026-04-17T01:04:37.5212156Z [command]/usr/bin/tar -xf /home/runner/work/_temp/f0e420ff-3cf2-4b6d-b895-adc7cdca8c4c/cache.tzst -P -C /home/runner/work/prismTask/prismTask --use-compress-program unzstd
2026-04-17T01:04:37.5244983Z Received 60531 of 60531 (100.0%), 0.2 MBs/sec
2026-04-17T01:04:37.5245573Z Cache Size: ~0 MB (60531 B)
2026-04-17T01:04:37.5271902Z Received 160997 of 160997 (100.0%), 0.4 MBs/sec
2026-04-17T01:04:37.5272825Z Cache Size: ~0 MB (160997 B)
2026-04-17T01:04:37.5303680Z [command]/usr/bin/tar -xf /home/runner/work/_temp/a18c0086-18c1-4070-b2c9-34d317096fe6/cache.tzst -P -C /home/runner/work/prismTask/prismTask --use-compress-program unzstd
2026-04-17T01:04:37.5374148Z [command]/usr/bin/tar -xf /home/runner/work/_temp/27ae38ac-3b03-45a1-9c4f-29da69f229bd/cache.tzst -P -C /home/runner/work/prismTask/prismTask --use-compress-program unzstd
2026-04-17T01:04:37.5416731Z Cache restored successfully
2026-04-17T01:04:37.5425551Z Restored cache entry with key gradle-groovy-dsl-v1-28b9a41f693ba754e53f6f5a3dfc445c to /home/runner/.gradle/caches/*/groovy-dsl/*/ in 814ms
2026-04-17T01:04:37.5426805Z Cache restored successfully
2026-04-17T01:04:37.5428253Z Restored cache entry with key gradle-instrumented-jars-v1-da27189608cc64b8ccdc1e8234084779 to /home/runner/.gradle/caches/jars-*/*/ in 815ms
2026-04-17T01:04:37.6007518Z Cache restored successfully
2026-04-17T01:04:37.6012256Z Restored cache entry with key gradle-kotlin-dsl-v1-a608a8a52b3e9d823ccc87258915ea34 to /home/runner/.gradle/caches/*/kotlin-dsl/accessors/*/,/home/runner/.gradle/caches/*/kotlin-dsl/scripts/*/ in 873ms
2026-04-17T01:04:38.1316953Z Received 20971520 of 136352669 (15.4%), 20.0 MBs/sec
2026-04-17T01:04:38.1596500Z Received 21021884 of 41993404 (50.1%), 20.1 MBs/sec
2026-04-17T01:04:38.1754051Z Received 12582912 of 237711386 (5.3%), 12.0 MBs/sec
2026-04-17T01:04:38.1926163Z Received 4194304 of 834528743 (0.5%), 4.0 MBs/sec
2026-04-17T01:04:38.4564304Z Received 41993404 of 41993404 (100.0%), 30.9 MBs/sec
2026-04-17T01:04:38.4569390Z Cache Size: ~40 MB (41993404 B)
2026-04-17T01:04:38.5417525Z [command]/usr/bin/tar -xf /home/runner/work/_temp/bc409495-dd7a-42d5-bf6f-8b28ea6f439f/cache.tzst -P -C /home/runner/work/prismTask/prismTask --use-compress-program unzstd
2026-04-17T01:04:38.9569731Z Cache restored successfully
2026-04-17T01:04:38.9712963Z Restored cache entry with key gradle-generated-gradle-jars-v1-cb4b032a7d08b9bf1e84e9eacaebcc29 to /home/runner/.gradle/caches/9.3.1/generated-gradle-jars/gradle-api-9.3.1.jar in 2245ms
2026-04-17T01:04:39.1593032Z Received 134217728 of 136352669 (98.4%), 63.1 MBs/sec
2026-04-17T01:04:39.2129709Z Received 134217728 of 237711386 (56.5%), 62.8 MBs/sec
2026-04-17T01:04:39.2130958Z Received 113246208 of 834528743 (13.6%), 53.4 MBs/sec
2026-04-17T01:04:39.2463266Z Received 136352669 of 136352669 (100.0%), 61.5 MBs/sec
2026-04-17T01:04:39.2466352Z Cache Size: ~130 MB (136352669 B)
2026-04-17T01:04:39.2496586Z [command]/usr/bin/tar -xf /home/runner/work/_temp/e3d2de18-1c45-4aaa-8043-893d2c2aa307/cache.tzst -P -C /home/runner/work/prismTask/prismTask --use-compress-program unzstd
2026-04-17T01:04:39.5432444Z Cache restored successfully
2026-04-17T01:04:39.5527358Z Restored cache entry with key gradle-wrapper-zips-v1-8c0de4c6bda6041d6e054bf825a89c98 to /home/runner/.gradle/wrapper/dists/gradle-9.3.1-bin/23ovyewtku6u96viwx3xl3oks in 2825ms
2026-04-17T01:04:40.1508617Z Received 237711386 of 237711386 (100.0%), 76.2 MBs/sec
2026-04-17T01:04:40.1514595Z Cache Size: ~227 MB (237711386 B)
2026-04-17T01:04:40.2017307Z [command]/usr/bin/tar -xf /home/runner/work/_temp/4be48e52-7829-4b62-a0c0-df62e6192af3/cache.tzst -P -C /home/runner/work/prismTask/prismTask --use-compress-program unzstd
2026-04-17T01:04:40.2135578Z Received 239075328 of 834528743 (28.6%), 75.4 MBs/sec
2026-04-17T01:04:41.2138341Z Received 352321536 of 834528743 (42.2%), 83.5 MBs/sec
2026-04-17T01:04:42.2136158Z Received 415236096 of 834528743 (49.8%), 78.9 MBs/sec
2026-04-17T01:04:43.2152505Z Received 532676608 of 834528743 (63.8%), 84.3 MBs/sec
2026-04-17T01:04:43.6655356Z Cache restored successfully
2026-04-17T01:04:43.7367803Z Restored cache entry with key gradle-transforms-v1-c97e75dca206aa047cf0157a127d7d71 to /home/runner/.gradle/caches/transforms-4/*/,/home/runner/.gradle/caches/*/transforms/*/ in 7008ms
2026-04-17T01:04:44.2139118Z Received 603979776 of 834528743 (72.4%), 82.0 MBs/sec
2026-04-17T01:04:45.2156755Z Received 692060160 of 834528743 (82.9%), 82.3 MBs/sec
2026-04-17T01:04:46.2170303Z Received 809500672 of 834528743 (97.0%), 85.5 MBs/sec
2026-04-17T01:04:46.4571800Z Received 834528743 of 834528743 (100.0%), 85.9 MBs/sec
2026-04-17T01:04:46.4574605Z Cache Size: ~796 MB (834528743 B)
2026-04-17T01:04:46.4643358Z [command]/usr/bin/tar -xf /home/runner/work/_temp/9ba8ec6d-9108-4d24-9efa-ee439e7d9cbf/cache.tzst -P -C /home/runner/work/prismTask/prismTask --use-compress-program unzstd
2026-04-17T01:04:47.7799353Z Cache restored successfully
2026-04-17T01:04:48.1901357Z Restored cache entry with key gradle-dependencies-v1-117fbe653ac5533442942123eb8053be to /home/runner/.gradle/caches/modules-*/files-*/*/*/*/* in 11462ms
2026-04-17T01:04:48.2094156Z ##[endgroup]
2026-04-17T01:04:48.2393536Z ##[group]All Gradle Wrapper jars are valid
2026-04-17T01:04:48.2394847Z ✓ Found known Gradle Wrapper JAR files:
2026-04-17T01:04:48.2395957Z   b3a875ddc1f044746e1b1a55f645584505f4a10438c1afea9f15e92a7c42ec13 gradle/wrapper/gradle-wrapper.jar
2026-04-17T01:04:48.2397209Z ##[endgroup]
2026-04-17T01:04:48.2541756Z ##[group]Run chmod +x gradlew
2026-04-17T01:04:48.2542103Z [36;1mchmod +x gradlew[0m
2026-04-17T01:04:48.2566352Z shell: /usr/bin/bash --noprofile --norc -e -o pipefail {0}
2026-04-17T01:04:48.2566734Z env:
2026-04-17T01:04:48.2567074Z   JAVA_HOME: /opt/hostedtoolcache/Java_Temurin-Hotspot_jdk/21.0.10-7/x64
2026-04-17T01:04:48.2567599Z   JAVA_HOME_21_X64: /opt/hostedtoolcache/Java_Temurin-Hotspot_jdk/21.0.10-7/x64
2026-04-17T01:04:48.2568055Z   GRADLE_ACTION_ID: gradle/actions/setup-gradle
2026-04-17T01:04:48.2568407Z   GRADLE_USER_HOME: /home/runner/.gradle
2026-04-17T01:04:48.2568730Z   GRADLE_BUILD_ACTION_SETUP_COMPLETED: true
2026-04-17T01:04:48.2569055Z   GRADLE_BUILD_ACTION_CACHE_RESTORED: true
2026-04-17T01:04:48.2569526Z   DEVELOCITY_INJECTION_INIT_SCRIPT_NAME: gradle-actions.inject-develocity.init.gradle
2026-04-17T01:04:48.2570033Z   DEVELOCITY_INJECTION_CUSTOM_VALUE: gradle-actions
2026-04-17T01:04:48.2570381Z   GITHUB_DEPENDENCY_GRAPH_ENABLED: false
2026-04-17T01:04:48.2570670Z ##[endgroup]
2026-04-17T01:04:48.2687147Z ##[group]Run ./gradlew ktlintCheck --continue
2026-04-17T01:04:48.2687545Z [36;1m./gradlew ktlintCheck --continue[0m
2026-04-17T01:04:48.2707651Z shell: /usr/bin/bash -e {0}
2026-04-17T01:04:48.2707924Z env:
2026-04-17T01:04:48.2708257Z   JAVA_HOME: /opt/hostedtoolcache/Java_Temurin-Hotspot_jdk/21.0.10-7/x64
2026-04-17T01:04:48.2708801Z   JAVA_HOME_21_X64: /opt/hostedtoolcache/Java_Temurin-Hotspot_jdk/21.0.10-7/x64
2026-04-17T01:04:48.2709256Z   GRADLE_ACTION_ID: gradle/actions/setup-gradle
2026-04-17T01:04:48.2709741Z   GRADLE_USER_HOME: /home/runner/.gradle
2026-04-17T01:04:48.2710052Z   GRADLE_BUILD_ACTION_SETUP_COMPLETED: true
2026-04-17T01:04:48.2710369Z   GRADLE_BUILD_ACTION_CACHE_RESTORED: true
2026-04-17T01:04:48.2710822Z   DEVELOCITY_INJECTION_INIT_SCRIPT_NAME: gradle-actions.inject-develocity.init.gradle
2026-04-17T01:04:48.2711634Z   DEVELOCITY_INJECTION_CUSTOM_VALUE: gradle-actions
2026-04-17T01:04:48.2711982Z   GITHUB_DEPENDENCY_GRAPH_ENABLED: false
2026-04-17T01:04:48.2712380Z ##[endgroup]
2026-04-17T01:04:49.8188760Z Starting a Gradle Daemon (subsequent builds will be faster)
2026-04-17T01:04:51.9193578Z Configuration on demand is an incubating feature.
2026-04-17T01:04:58.4211821Z 
2026-04-17T01:04:58.4226527Z > Configure project :app
2026-04-17T01:04:58.4239709Z WARNING: The option setting 'android.builtInKotlin=false' is deprecated.
2026-04-17T01:04:58.4241010Z The current default is 'true'.
2026-04-17T01:04:58.4242292Z It will be removed in version 10.0 of the Android Gradle plugin.
2026-04-17T01:04:58.4243386Z WARNING: The option setting 'android.newDsl=false' is deprecated.
2026-04-17T01:04:58.4244288Z The current default is 'true'.
2026-04-17T01:04:58.4245115Z It will be removed in version 10.0 of the Android Gradle plugin.
2026-04-17T01:04:58.4246594Z WARNING: The option setting 'android.dependency.excludeLibraryComponentsFromConstraints=true' is deprecated.
2026-04-17T01:04:58.4247862Z The current default is 'false'.
2026-04-17T01:04:58.4248708Z It will be removed in version 10.0 of the Android Gradle plugin.
2026-04-17T01:04:58.4249707Z Following can be set instead to achieve a similar behaviour.
2026-04-17T01:04:58.4250580Z     android.dependency.useConstraints=false
2026-04-17T01:05:00.1189367Z w: ⚠️ Deprecated 'org.jetbrains.kotlin.android' plugin usage
2026-04-17T01:05:00.1199733Z The 'org.jetbrains.kotlin.android' plugin in project ':app' is no longer required for Kotlin support since AGP 9.0.
2026-04-17T01:05:00.1201841Z Solution: Remove both `android.builtInKotlin=true` and `android.newDsl=false` from `gradle.properties`, then migrate to built-in Kotlin.
2026-04-17T01:05:00.1203396Z See https://kotl.in/gradle/agp-built-in-kotlin for more details.
2026-04-17T01:05:00.1204141Z 
2026-04-17T01:05:00.4212174Z 
2026-04-17T01:05:00.4252444Z > Task :app:loadKtlintReporters FROM-CACHE
2026-04-17T01:05:00.4253693Z > Task :app:runKtlintCheckOverAndroidTestDebugSourceSet NO-SOURCE
2026-04-17T01:05:00.4262108Z > Task :app:ktlintAndroidTestDebugSourceSetCheck SKIPPED
2026-04-17T01:05:00.4268618Z > Task :app:runKtlintCheckOverAndroidTestReleaseSourceSet NO-SOURCE
2026-04-17T01:05:00.4269773Z > Task :app:ktlintAndroidTestReleaseSourceSetCheck SKIPPED
2026-04-17T01:05:00.5183687Z > Task :app:runKtlintCheckOverAndroidTestSourceSet FROM-CACHE
2026-04-17T01:05:00.5184798Z > Task :app:ktlintAndroidTestSourceSetCheck FROM-CACHE
2026-04-17T01:05:00.5185874Z > Task :app:runKtlintCheckOverDebugSourceSet NO-SOURCE
2026-04-17T01:05:00.5186974Z > Task :app:ktlintDebugSourceSetCheck SKIPPED
2026-04-17T01:05:00.5187943Z > Task :app:runKtlintCheckOverKotlinScripts FROM-CACHE
2026-04-17T01:05:00.5188858Z > Task :app:ktlintKotlinScriptCheck FROM-CACHE
2026-04-17T01:05:00.6194987Z > Task :app:runKtlintCheckOverMainSourceSet FROM-CACHE
2026-04-17T01:05:00.6220158Z > Task :app:ktlintMainSourceSetCheck FROM-CACHE
2026-04-17T01:05:00.6225090Z > Task :app:runKtlintCheckOverReleaseSourceSet NO-SOURCE
2026-04-17T01:05:00.6227157Z > Task :app:ktlintReleaseSourceSetCheck SKIPPED
2026-04-17T01:05:00.6230933Z > Task :app:runKtlintCheckOverTestDebugSourceSet NO-SOURCE
2026-04-17T01:05:00.7212464Z > Task :app:ktlintTestDebugSourceSetCheck SKIPPED
2026-04-17T01:05:00.7242125Z > Task :app:runKtlintCheckOverTestFixturesDebugSourceSet NO-SOURCE
2026-04-17T01:05:00.7252213Z > Task :app:ktlintTestFixturesDebugSourceSetCheck SKIPPED
2026-04-17T01:05:00.7253604Z > Task :app:runKtlintCheckOverTestFixturesReleaseSourceSet NO-SOURCE
2026-04-17T01:05:00.7254698Z > Task :app:ktlintTestFixturesReleaseSourceSetCheck SKIPPED
2026-04-17T01:05:00.7256034Z > Task :app:runKtlintCheckOverTestFixturesSourceSet NO-SOURCE
2026-04-17T01:05:00.7256941Z > Task :app:ktlintTestFixturesSourceSetCheck SKIPPED
2026-04-17T01:05:00.7257787Z > Task :app:runKtlintCheckOverTestReleaseSourceSet NO-SOURCE
2026-04-17T01:05:00.7258676Z > Task :app:ktlintTestReleaseSourceSetCheck SKIPPED
2026-04-17T01:05:00.7259479Z > Task :app:runKtlintCheckOverTestSourceSet FROM-CACHE
2026-04-17T01:05:00.7260549Z > Task :app:ktlintTestSourceSetCheck FROM-CACHE
2026-04-17T01:05:00.7261582Z > Task :app:ktlintCheck UP-TO-DATE
2026-04-17T01:05:00.7262759Z gradle/actions: Writing build results to /home/runner/work/_temp/.gradle-actions/build-results/__run-1776387893597.json
2026-04-17T01:05:00.7263866Z 
2026-04-17T01:05:00.7264977Z [Incubating] Problems report is available at: file:///home/runner/work/prismTask/prismTask/build/reports/problems/problems-report.html
2026-04-17T01:05:00.7266080Z 
2026-04-17T01:05:00.7274382Z Deprecated Gradle features were used in this build, making it incompatible with Gradle 10.
2026-04-17T01:05:00.7275253Z 
2026-04-17T01:05:00.7276245Z You can use '--warning-mode all' to show the individual deprecation warnings and determine if they come from your own scripts or plugins.
2026-04-17T01:05:00.7277333Z 
2026-04-17T01:05:00.7278685Z For more on this, please refer to https://docs.gradle.org/9.3.1/userguide/command_line_interface.html#sec:command_line_warnings in the Gradle documentation.
2026-04-17T01:05:00.7279787Z 
2026-04-17T01:05:00.7280665Z BUILD SUCCESSFUL in 12s
2026-04-17T01:05:00.7287532Z 9 actionable tasks: 9 from cache
2026-04-17T01:05:01.1058137Z ##[group]Run ./gradlew detekt --continue
2026-04-17T01:05:01.1058521Z [36;1m./gradlew detekt --continue[0m
2026-04-17T01:05:01.1079360Z shell: /usr/bin/bash -e {0}
2026-04-17T01:05:01.1079631Z env:
2026-04-17T01:05:01.1079963Z   JAVA_HOME: /opt/hostedtoolcache/Java_Temurin-Hotspot_jdk/21.0.10-7/x64
2026-04-17T01:05:01.1080495Z   JAVA_HOME_21_X64: /opt/hostedtoolcache/Java_Temurin-Hotspot_jdk/21.0.10-7/x64
2026-04-17T01:05:01.1080960Z   GRADLE_ACTION_ID: gradle/actions/setup-gradle
2026-04-17T01:05:01.1081532Z   GRADLE_USER_HOME: /home/runner/.gradle
2026-04-17T01:05:01.1081855Z   GRADLE_BUILD_ACTION_SETUP_COMPLETED: true
2026-04-17T01:05:01.1082175Z   GRADLE_BUILD_ACTION_CACHE_RESTORED: true
2026-04-17T01:05:01.1082647Z   DEVELOCITY_INJECTION_INIT_SCRIPT_NAME: gradle-actions.inject-develocity.init.gradle
2026-04-17T01:05:01.1083163Z   DEVELOCITY_INJECTION_CUSTOM_VALUE: gradle-actions
2026-04-17T01:05:01.1083502Z   GITHUB_DEPENDENCY_GRAPH_ENABLED: false
2026-04-17T01:05:01.1083830Z ##[endgroup]
2026-04-17T01:05:01.9846775Z Configuration on demand is an incubating feature.
2026-04-17T01:05:02.3858805Z 
2026-04-17T01:05:02.3873254Z > Configure project :app
2026-04-17T01:05:02.3901075Z WARNING: The option setting 'android.builtInKotlin=false' is deprecated.
2026-04-17T01:05:02.3911823Z The current default is 'true'.
2026-04-17T01:05:02.3942562Z It will be removed in version 10.0 of the Android Gradle plugin.
2026-04-17T01:05:02.3964060Z WARNING: The option setting 'android.newDsl=false' is deprecated.
2026-04-17T01:05:02.3964905Z The current default is 'true'.
2026-04-17T01:05:02.3965689Z It will be removed in version 10.0 of the Android Gradle plugin.
2026-04-17T01:05:02.3967068Z WARNING: The option setting 'android.dependency.excludeLibraryComponentsFromConstraints=true' is deprecated.
2026-04-17T01:05:02.3968413Z The current default is 'false'.
2026-04-17T01:05:02.3969317Z It will be removed in version 10.0 of the Android Gradle plugin.
2026-04-17T01:05:02.3970289Z Following can be set instead to achieve a similar behaviour.
2026-04-17T01:05:02.3971393Z     android.dependency.useConstraints=false
2026-04-17T01:05:02.3972693Z w: ⚠️ Deprecated 'org.jetbrains.kotlin.android' plugin usage
2026-04-17T01:05:02.3974066Z The 'org.jetbrains.kotlin.android' plugin in project ':app' is no longer required for Kotlin support since AGP 9.0.
2026-04-17T01:05:02.3975911Z Solution: Remove both `android.builtInKotlin=true` and `android.newDsl=false` from `gradle.properties`, then migrate to built-in Kotlin.
2026-04-17T01:05:02.3977903Z See https://kotl.in/gradle/agp-built-in-kotlin for more details.
2026-04-17T01:05:02.3978701Z 
2026-04-17T01:05:02.5276378Z 
2026-04-17T01:05:02.5294695Z > Task :app:detekt FROM-CACHE
2026-04-17T01:05:02.5300812Z gradle/actions: Writing build results to /home/runner/work/_temp/.gradle-actions/build-results/__run_2-1776387901934.json
2026-04-17T01:05:02.5302157Z 
2026-04-17T01:05:02.5303133Z [Incubating] Problems report is available at: file:///home/runner/work/prismTask/prismTask/build/reports/problems/problems-report.html
2026-04-17T01:05:02.5304319Z 
2026-04-17T01:05:02.5304993Z Deprecated Gradle features were used in this build, making it incompatible with Gradle 10.
2026-04-17T01:05:02.5305909Z 
2026-04-17T01:05:02.5306860Z You can use '--warning-mode all' to show the individual deprecation warnings and determine if they come from your own scripts or plugins.
2026-04-17T01:05:02.5308030Z 
2026-04-17T01:05:02.5309127Z For more on this, please refer to https://docs.gradle.org/9.3.1/userguide/command_line_interface.html#sec:command_line_warnings in the Gradle documentation.
2026-04-17T01:05:02.5310401Z 
2026-04-17T01:05:02.5310724Z BUILD SUCCESSFUL in 1s
2026-04-17T01:05:02.5311558Z 1 actionable task: 1 from cache
2026-04-17T01:05:02.5438004Z ##[group]Run ./gradlew lint --continue
2026-04-17T01:05:02.5438661Z [36;1m./gradlew lint --continue[0m
2026-04-17T01:05:02.5470093Z shell: /usr/bin/bash -e {0}
2026-04-17T01:05:02.5470560Z env:
2026-04-17T01:05:02.5471395Z   JAVA_HOME: /opt/hostedtoolcache/Java_Temurin-Hotspot_jdk/21.0.10-7/x64
2026-04-17T01:05:02.5472394Z   JAVA_HOME_21_X64: /opt/hostedtoolcache/Java_Temurin-Hotspot_jdk/21.0.10-7/x64
2026-04-17T01:05:02.5473215Z   GRADLE_ACTION_ID: gradle/actions/setup-gradle
2026-04-17T01:05:02.5473794Z   GRADLE_USER_HOME: /home/runner/.gradle
2026-04-17T01:05:02.5474359Z   GRADLE_BUILD_ACTION_SETUP_COMPLETED: true
2026-04-17T01:05:02.5474948Z   GRADLE_BUILD_ACTION_CACHE_RESTORED: true
2026-04-17T01:05:02.5475790Z   DEVELOCITY_INJECTION_INIT_SCRIPT_NAME: gradle-actions.inject-develocity.init.gradle
2026-04-17T01:05:02.5476716Z   DEVELOCITY_INJECTION_CUSTOM_VALUE: gradle-actions
2026-04-17T01:05:02.5477325Z   GITHUB_DEPENDENCY_GRAPH_ENABLED: false
2026-04-17T01:05:02.5477894Z ##[endgroup]
2026-04-17T01:05:03.3358608Z Configuration on demand is an incubating feature.
2026-04-17T01:05:03.6351978Z 
2026-04-17T01:05:03.6372152Z > Configure project :app
2026-04-17T01:05:03.6402063Z WARNING: The option setting 'android.builtInKotlin=false' is deprecated.
2026-04-17T01:05:03.6402952Z The current default is 'true'.
2026-04-17T01:05:03.6403720Z It will be removed in version 10.0 of the Android Gradle plugin.
2026-04-17T01:05:03.6404655Z WARNING: The option setting 'android.newDsl=false' is deprecated.
2026-04-17T01:05:03.6405438Z The current default is 'true'.
2026-04-17T01:05:03.6406118Z It will be removed in version 10.0 of the Android Gradle plugin.
2026-04-17T01:05:03.6407396Z WARNING: The option setting 'android.dependency.excludeLibraryComponentsFromConstraints=true' is deprecated.
2026-04-17T01:05:03.6408577Z The current default is 'false'.
2026-04-17T01:05:03.6409238Z It will be removed in version 10.0 of the Android Gradle plugin.
2026-04-17T01:05:03.6410109Z Following can be set instead to achieve a similar behaviour.
2026-04-17T01:05:03.6410880Z     android.dependency.useConstraints=false
2026-04-17T01:05:03.6412171Z w: ⚠️ Deprecated 'org.jetbrains.kotlin.android' plugin usage
2026-04-17T01:05:03.6425099Z The 'org.jetbrains.kotlin.android' plugin in project ':app' is no longer required for Kotlin support since AGP 9.0.
2026-04-17T01:05:03.6426410Z Solution: Remove both `android.builtInKotlin=true` and `android.newDsl=false` from `gradle.properties`, then migrate to built-in Kotlin.
2026-04-17T01:05:03.6427444Z See https://kotl.in/gradle/agp-built-in-kotlin for more details.
2026-04-17T01:05:03.6427923Z 
2026-04-17T01:05:05.3387231Z 
2026-04-17T01:05:05.3399387Z > Task :app:checkKotlinGradlePluginConfigurationErrors SKIPPED
2026-04-17T01:05:05.3400124Z > Task :app:preBuild UP-TO-DATE
2026-04-17T01:05:05.3400627Z > Task :app:preDebugBuild UP-TO-DATE
2026-04-17T01:05:05.4344546Z > Task :app:generateDebugBuildConfig FROM-CACHE
2026-04-17T01:05:05.4362433Z > Task :app:generateDebugResValues FROM-CACHE
2026-04-17T01:05:05.4392382Z > Task :app:generateDebugResources FROM-CACHE
2026-04-17T01:05:05.4422473Z > Task :app:injectCrashlyticsMappingFileIdDebug
2026-04-17T01:05:05.4456886Z > Task :app:processDebugGoogleServices FROM-CACHE
2026-04-17T01:05:05.4475660Z > Task :app:packageDebugResources FROM-CACHE
2026-04-17T01:05:05.9337997Z > Task :app:processDebugNavigationResources FROM-CACHE
2026-04-17T01:05:06.3345445Z > Task :app:parseDebugLocalResources FROM-CACHE
2026-04-17T01:05:06.3371836Z > Task :app:generateDebugRFile FROM-CACHE
2026-04-17T01:05:06.7337487Z > Task :app:kspDebugKotlin FROM-CACHE
2026-04-17T01:05:07.9372403Z > Task :app:compileDebugKotlin FROM-CACHE
2026-04-17T01:05:07.9402044Z > Task :app:javaPreCompileDebug FROM-CACHE
2026-04-17T01:05:09.7351410Z > Task :app:compileDebugJavaWithJavac FROM-CACHE
2026-04-17T01:05:09.7352130Z > Task :app:hiltSyncDebug UP-TO-DATE
2026-04-17T01:05:09.9352270Z > Task :app:hiltAggregateDepsDebug FROM-CACHE
2026-04-17T01:05:10.1339793Z > Task :app:hiltJavaCompileDebug FROM-CACHE
2026-04-17T01:05:10.2343375Z > Task :app:mapDebugSourceSetPaths
2026-04-17T01:05:10.2344470Z > Task :app:compileDebugNavigationResources FROM-CACHE
2026-04-17T01:05:10.3337443Z > Task :app:checkDebugAarMetadata
2026-04-17T01:05:10.4359385Z > Task :app:mergeDebugResources FROM-CACHE
2026-04-17T01:05:10.4382241Z > Task :app:createDebugCompatibleScreenManifests
2026-04-17T01:05:10.4402045Z > Task :app:extractDeepLinksDebug FROM-CACHE
2026-04-17T01:05:10.5348593Z > Task :app:processDebugMainManifest FROM-CACHE
2026-04-17T01:05:10.5352541Z > Task :app:processDebugManifest FROM-CACHE
2026-04-17T01:05:10.5378001Z > Task :app:processDebugManifestForPackage FROM-CACHE
2026-04-17T01:05:10.7370670Z > Task :app:processDebugResources FROM-CACHE
2026-04-17T01:05:10.7411891Z > Task :app:preDebugAndroidTestBuild SKIPPED
2026-04-17T01:05:10.7412894Z > Task :app:generateDebugAndroidTestResValues FROM-CACHE
2026-04-17T01:05:10.8362406Z > Task :app:extractProguardFiles
2026-04-17T01:05:11.1336739Z > Task :app:bundleDebugClassesToCompileJar
2026-04-17T01:05:11.5358927Z > Task :app:generateDebugLintReportModel
2026-04-17T01:05:11.7362233Z > Task :app:generateDebugAndroidTestLintModel
2026-04-17T01:05:11.7362664Z > Task :app:preDebugUnitTestBuild UP-TO-DATE
2026-04-17T01:05:11.9337911Z > Task :app:generateDebugUnitTestLintModel
2026-04-17T01:05:12.0337881Z > Task :app:lintAnalyzeDebug FROM-CACHE
2026-04-17T01:05:12.0339052Z > Task :app:lintAnalyzeDebugAndroidTest FROM-CACHE
2026-04-17T01:05:12.0340866Z > Task :app:lintAnalyzeDebugUnitTest FROM-CACHE
2026-04-17T01:05:14.7349529Z 
2026-04-17T01:05:14.7350349Z > Task :app:lintReportDebug
2026-04-17T01:05:14.7351961Z Wrote HTML report to file:///home/runner/work/prismTask/prismTask/app/build/reports/lint-results-debug.html
2026-04-17T01:05:14.7352963Z 
2026-04-17T01:05:14.7353291Z > Task :app:lintDebug
2026-04-17T01:05:14.7353859Z > Task :app:lint
2026-04-17T01:05:14.7898754Z gradle/actions: Writing build results to /home/runner/work/_temp/.gradle-actions/build-results/__run_3-1776387903253.json
2026-04-17T01:05:14.7907854Z 
2026-04-17T01:05:14.7910393Z [Incubating] Problems report is available at: file:///home/runner/work/prismTask/prismTask/build/reports/problems/problems-report.html
2026-04-17T01:05:14.7912993Z 
2026-04-17T01:05:14.7913696Z Deprecated Gradle features were used in this build, making it incompatible with Gradle 10.
2026-04-17T01:05:14.7914516Z 
2026-04-17T01:05:14.7915367Z You can use '--warning-mode all' to show the individual deprecation warnings and determine if they come from your own scripts or plugins.
2026-04-17T01:05:14.7916379Z 
2026-04-17T01:05:14.7917331Z For more on this, please refer to https://docs.gradle.org/9.3.1/userguide/command_line_interface.html#sec:command_line_warnings in the Gradle documentation.
2026-04-17T01:05:14.7918927Z 
2026-04-17T01:05:14.7922478Z BUILD SUCCESSFUL in 12s
2026-04-17T01:05:14.7923171Z 36 actionable tasks: 11 executed, 25 from cache
2026-04-17T01:05:14.7995334Z ##[group]Run set -euo pipefail
2026-04-17T01:05:14.7995685Z [36;1mset -euo pipefail[0m
2026-04-17T01:05:14.7996101Z [36;1m./gradlew testDebugUnitTest --continue 2>&1 | tee unit-test-output.log[0m
2026-04-17T01:05:14.8018346Z shell: /usr/bin/bash --noprofile --norc -e -o pipefail {0}
2026-04-17T01:05:14.8018713Z env:
2026-04-17T01:05:14.8019044Z   JAVA_HOME: /opt/hostedtoolcache/Java_Temurin-Hotspot_jdk/21.0.10-7/x64
2026-04-17T01:05:14.8019593Z   JAVA_HOME_21_X64: /opt/hostedtoolcache/Java_Temurin-Hotspot_jdk/21.0.10-7/x64
2026-04-17T01:05:14.8020054Z   GRADLE_ACTION_ID: gradle/actions/setup-gradle
2026-04-17T01:05:14.8020384Z   GRADLE_USER_HOME: /home/runner/.gradle
2026-04-17T01:05:14.8020717Z   GRADLE_BUILD_ACTION_SETUP_COMPLETED: true
2026-04-17T01:05:14.8021045Z   GRADLE_BUILD_ACTION_CACHE_RESTORED: true
2026-04-17T01:05:14.8021770Z   DEVELOCITY_INJECTION_INIT_SCRIPT_NAME: gradle-actions.inject-develocity.init.gradle
2026-04-17T01:05:14.8022315Z   DEVELOCITY_INJECTION_CUSTOM_VALUE: gradle-actions
2026-04-17T01:05:14.8022651Z   GITHUB_DEPENDENCY_GRAPH_ENABLED: false
2026-04-17T01:05:14.8022942Z ##[endgroup]
2026-04-17T01:05:15.5714476Z Configuration on demand is an incubating feature.
2026-04-17T01:05:15.8654752Z 
2026-04-17T01:05:15.8699444Z > Configure project :app
2026-04-17T01:05:15.8722079Z WARNING: The option setting 'android.builtInKotlin=false' is deprecated.
2026-04-17T01:05:15.8751821Z The current default is 'true'.
2026-04-17T01:05:15.8762366Z It will be removed in version 10.0 of the Android Gradle plugin.
2026-04-17T01:05:15.8763322Z WARNING: The option setting 'android.newDsl=false' is deprecated.
2026-04-17T01:05:15.8764081Z The current default is 'true'.
2026-04-17T01:05:15.8764787Z It will be removed in version 10.0 of the Android Gradle plugin.
2026-04-17T01:05:15.8765925Z WARNING: The option setting 'android.dependency.excludeLibraryComponentsFromConstraints=true' is deprecated.
2026-04-17T01:05:15.8766955Z The current default is 'false'.
2026-04-17T01:05:15.8767616Z It will be removed in version 10.0 of the Android Gradle plugin.
2026-04-17T01:05:15.8768399Z Following can be set instead to achieve a similar behaviour.
2026-04-17T01:05:15.8769162Z     android.dependency.useConstraints=false
2026-04-17T01:05:15.8770191Z w: ⚠️ Deprecated 'org.jetbrains.kotlin.android' plugin usage
2026-04-17T01:05:15.8772037Z The 'org.jetbrains.kotlin.android' plugin in project ':app' is no longer required for Kotlin support since AGP 9.0.
2026-04-17T01:05:15.8773601Z Solution: Remove both `android.builtInKotlin=true` and `android.newDsl=false` from `gradle.properties`, then migrate to built-in Kotlin.
2026-04-17T01:05:15.8774893Z See https://kotl.in/gradle/agp-built-in-kotlin for more details.
2026-04-17T01:05:15.8775477Z 
2026-04-17T01:05:16.0671708Z 
2026-04-17T01:05:16.0677984Z > Task :app:preBuild UP-TO-DATE
2026-04-17T01:05:16.0701934Z > Task :app:preDebugBuild UP-TO-DATE
2026-04-17T01:05:16.0731843Z > Task :app:checkKotlinGradlePluginConfigurationErrors SKIPPED
2026-04-17T01:05:16.0741638Z > Task :app:generateDebugBuildConfig UP-TO-DATE
2026-04-17T01:05:16.0761650Z > Task :app:generateDebugResValues UP-TO-DATE
2026-04-17T01:05:16.0775414Z > Task :app:generateDebugResources UP-TO-DATE
2026-04-17T01:05:16.0780477Z > Task :app:injectCrashlyticsMappingFileIdDebug UP-TO-DATE
2026-04-17T01:05:16.0781495Z > Task :app:processDebugGoogleServices UP-TO-DATE
2026-04-17T01:05:16.1658546Z > Task :app:packageDebugResources UP-TO-DATE
2026-04-17T01:05:16.2666844Z > Task :app:processDebugNavigationResources UP-TO-DATE
2026-04-17T01:05:16.2670770Z > Task :app:parseDebugLocalResources UP-TO-DATE
2026-04-17T01:05:16.2671986Z > Task :app:generateDebugRFile UP-TO-DATE
2026-04-17T01:05:16.3656362Z > Task :app:kspDebugKotlin UP-TO-DATE
2026-04-17T01:05:16.3664165Z > Task :app:compileDebugKotlin UP-TO-DATE
2026-04-17T01:05:16.3664948Z > Task :app:javaPreCompileDebug UP-TO-DATE
2026-04-17T01:05:16.3697176Z > Task :app:compileDebugJavaWithJavac UP-TO-DATE
2026-04-17T01:05:16.3699277Z > Task :app:hiltSyncDebug UP-TO-DATE
2026-04-17T01:05:16.4657641Z > Task :app:hiltAggregateDepsDebug UP-TO-DATE
2026-04-17T01:05:16.4684474Z > Task :app:hiltJavaCompileDebug UP-TO-DATE
2026-04-17T01:05:16.4686019Z > Task :app:checkDebugAarMetadata UP-TO-DATE
2026-04-17T01:05:16.4686796Z > Task :app:mapDebugSourceSetPaths UP-TO-DATE
2026-04-17T01:05:16.4687583Z > Task :app:compileDebugNavigationResources UP-TO-DATE
2026-04-17T01:05:16.4688357Z > Task :app:mergeDebugResources UP-TO-DATE
2026-04-17T01:05:16.4689183Z > Task :app:createDebugCompatibleScreenManifests UP-TO-DATE
2026-04-17T01:05:16.4690017Z > Task :app:extractDeepLinksDebug UP-TO-DATE
2026-04-17T01:05:16.4690751Z > Task :app:processDebugMainManifest UP-TO-DATE
2026-04-17T01:05:16.4691813Z > Task :app:processDebugManifest UP-TO-DATE
2026-04-17T01:05:16.4692595Z > Task :app:processDebugManifestForPackage UP-TO-DATE
2026-04-17T01:05:16.4693369Z > Task :app:processDebugResources UP-TO-DATE
2026-04-17T01:05:17.2713872Z > Task :app:transformDebugClassesWithAsm FROM-CACHE
2026-04-17T01:05:17.2721969Z > Task :app:generateDebugAssets UP-TO-DATE
2026-04-17T01:05:17.3702162Z > Task :app:mergeDebugAssets
2026-04-17T01:05:17.3731892Z > Task :app:preDebugUnitTestBuild UP-TO-DATE
2026-04-17T01:05:17.8656935Z > Task :app:bundleDebugClassesToRuntimeJar
2026-04-17T01:05:17.8681885Z > Task :app:packageDebugUnitTestForUnitTest
2026-04-17T01:05:18.1653966Z 
2026-04-17T01:05:18.1681947Z > Task :app:processDebugUnitTestManifest
2026-04-17T01:05:18.1702305Z /home/runner/work/prismTask/prismTask/app/src/main/AndroidManifest.xml:81:13-84:39 Warning:
2026-04-17T01:05:18.1712827Z 	meta-data#androidx.work.WorkManagerInitializer was tagged at AndroidManifest.xml:81 to remove other declarations but no other declaration present
2026-04-17T01:05:18.2654478Z 
2026-04-17T01:05:18.2664604Z > Task :app:generateDebugUnitTestConfig
2026-04-17T01:05:18.3682896Z > Task :app:processDebugJavaRes
2026-04-17T01:05:18.3698423Z > Task :app:bundleDebugClassesToCompileJar UP-TO-DATE
2026-04-17T01:05:18.4672562Z > Task :app:kspDebugUnitTestKotlin FROM-CACHE
2026-04-17T01:05:18.6656136Z > Task :app:javaPreCompileDebugUnitTest FROM-CACHE
2026-04-17T01:05:35.8654562Z 
2026-04-17T01:05:35.8655273Z > Task :app:compileDebugUnitTestKotlin FAILED
2026-04-17T01:05:35.8657574Z e: file:///home/runner/work/prismTask/prismTask/app/src/test/java/com/averycorp/prismtask/data/repository/HabitRepositoryTest.kt:358:13 Class 'HabitRepositoryTest.FakeHabitCompletionDao' is not abstract and does not implement abstract member:
2026-04-17T01:05:35.8659491Z fun getLastCompletionDatesPerHabit(): Flow<List<HabitLastCompletion>>
2026-04-17T01:05:35.9666627Z gradle/actions: Writing build results to /home/runner/work/_temp/.gradle-actions/build-results/__run_4-1776387915502.json
2026-04-17T01:05:35.9667610Z 
2026-04-17T01:05:35.9673717Z [Incubating] Problems report is available at: file:///home/runner/work/prismTask/prismTask/build/reports/problems/problems-report.html
2026-04-17T01:05:35.9674739Z 
2026-04-17T01:05:35.9674984Z FAILURE: Build failed with an exception.
2026-04-17T01:05:35.9675368Z 
2026-04-17T01:05:35.9675534Z * What went wrong:
2026-04-17T01:05:35.9676109Z Execution failed for task ':app:compileDebugUnitTestKotlin'.
2026-04-17T01:05:35.9677305Z > A failure occurred while executing org.jetbrains.kotlin.compilerRunner.btapi.BuildToolsApiCompilationWork
2026-04-17T01:05:35.9678418Z    > Compilation error. See log for more details
2026-04-17T01:05:35.9678832Z 
2026-04-17T01:05:35.9678984Z * Try:
2026-04-17T01:05:35.9679448Z > Run with --stacktrace option to get the stack trace.
2026-04-17T01:05:35.9680162Z > Run with --info or --debug option to get more log output.
2026-04-17T01:05:35.9681034Z > Run with --scan to get full insights from a Build Scan (powered by Develocity).
2026-04-17T01:05:35.9682477Z > Get more help at https://help.gradle.org.
2026-04-17T01:05:35.9682881Z 
2026-04-17T01:05:35.9683374Z Deprecated Gradle features were used in this build, making it incompatible with Gradle 10.
2026-04-17T01:05:35.9684087Z 
2026-04-17T01:05:35.9685096Z You can use '--warning-mode all' to show the individual deprecation warnings and determine if they come from your own scripts or plugins.
2026-04-17T01:05:35.9686111Z 
2026-04-17T01:05:35.9687031Z For more on this, please refer to https://docs.gradle.org/9.3.1/userguide/command_line_interface.html#sec:command_line_warnings in the Gradle documentation.
2026-04-17T01:05:35.9688145Z 
2026-04-17T01:05:35.9688310Z BUILD FAILED in 21s
2026-04-17T01:05:35.9688856Z 36 actionable tasks: 7 executed, 3 from cache, 26 up-to-date
2026-04-17T01:05:36.0033430Z ##[error]Process completed with exit code 1.
2026-04-17T01:05:36.0078025Z ##[group]Run set -euo pipefail
2026-04-17T01:05:36.0078391Z [36;1mset -euo pipefail[0m
2026-04-17T01:05:36.0078691Z [36;1mshopt -s globstar nullglob[0m
2026-04-17T01:05:36.0079030Z [36;1mxmls=(app/build/test-results/**/*.xml)[0m
2026-04-17T01:05:36.0079352Z [36;1mif [ ${#xmls[@]} -eq 0 ]; then[0m
2026-04-17T01:05:36.0079869Z [36;1m  echo "::error::No JUnit XML results found under app/build/test-results/. Did the test task run?"[0m
2026-04-17T01:05:36.0080370Z [36;1m  exit 1[0m
2026-04-17T01:05:36.0080583Z [36;1mfi[0m
2026-04-17T01:05:36.0080790Z [36;1mfailed=0[0m
2026-04-17T01:05:36.0081017Z [36;1mfor f in "${xmls[@]}"; do[0m
2026-04-17T01:05:36.0081747Z [36;1m  fails=$(grep -oE 'failures="[0-9]+"' "$f" | head -n1 | grep -oE '[0-9]+' || echo 0)[0m
2026-04-17T01:05:36.0082313Z [36;1m  errs=$(grep -oE 'errors="[0-9]+"' "$f" | head -n1 | grep -oE '[0-9]+' || echo 0)[0m
2026-04-17T01:05:36.0082862Z [36;1m  if [ "${fails:-0}" -gt 0 ] || [ "${errs:-0}" -gt 0 ]; then[0m
2026-04-17T01:05:36.0083320Z [36;1m    echo "::error file=${f}::${fails} failure(s), ${errs} error(s) in ${f}"[0m
2026-04-17T01:05:36.0083750Z [36;1m    failed=$((failed + fails + errs))[0m
2026-04-17T01:05:36.0084050Z [36;1m  fi[0m
2026-04-17T01:05:36.0084256Z [36;1mdone[0m
2026-04-17T01:05:36.0084475Z [36;1mif [ "$failed" -gt 0 ]; then[0m
2026-04-17T01:05:36.0085030Z [36;1m  echo "::error::${failed} unit-test failure(s)/error(s) detected. See annotations and the test-results artifact."[0m
2026-04-17T01:05:36.0085576Z [36;1m  exit 1[0m
2026-04-17T01:05:36.0085784Z [36;1mfi[0m
2026-04-17T01:05:36.0086055Z [36;1mecho "All ${#xmls[@]} JUnit XML reports clean."[0m
2026-04-17T01:05:36.0107093Z shell: /usr/bin/bash --noprofile --norc -e -o pipefail {0}
2026-04-17T01:05:36.0107467Z env:
2026-04-17T01:05:36.0107802Z   JAVA_HOME: /opt/hostedtoolcache/Java_Temurin-Hotspot_jdk/21.0.10-7/x64
2026-04-17T01:05:36.0108357Z   JAVA_HOME_21_X64: /opt/hostedtoolcache/Java_Temurin-Hotspot_jdk/21.0.10-7/x64
2026-04-17T01:05:36.0108823Z   GRADLE_ACTION_ID: gradle/actions/setup-gradle
2026-04-17T01:05:36.0109153Z   GRADLE_USER_HOME: /home/runner/.gradle
2026-04-17T01:05:36.0109472Z   GRADLE_BUILD_ACTION_SETUP_COMPLETED: true
2026-04-17T01:05:36.0109782Z   GRADLE_BUILD_ACTION_CACHE_RESTORED: true
2026-04-17T01:05:36.0110245Z   DEVELOCITY_INJECTION_INIT_SCRIPT_NAME: gradle-actions.inject-develocity.init.gradle
2026-04-17T01:05:36.0110747Z   DEVELOCITY_INJECTION_CUSTOM_VALUE: gradle-actions
2026-04-17T01:05:36.0111365Z   GITHUB_DEPENDENCY_GRAPH_ENABLED: false
2026-04-17T01:05:36.0111703Z ##[endgroup]
2026-04-17T01:05:36.0163586Z ##[error]No JUnit XML results found under app/build/test-results/. Did the test task run?
2026-04-17T01:05:36.0165243Z ##[error]Process completed with exit code 1.
2026-04-17T01:05:36.0214569Z ##[group]Run actions/upload-artifact@v4
2026-04-17T01:05:36.0214889Z with:
2026-04-17T01:05:36.0215099Z   name: lint-report
2026-04-17T01:05:36.0215380Z   path: app/build/reports/lint-results-debug.html
2026-04-17T01:05:36.0215699Z   retention-days: 7
2026-04-17T01:05:36.0215941Z   if-no-files-found: warn
2026-04-17T01:05:36.0216377Z   compression-level: 6
2026-04-17T01:05:36.0216610Z   overwrite: false
2026-04-17T01:05:36.0216922Z   include-hidden-files: false
2026-04-17T01:05:36.0217196Z env:
2026-04-17T01:05:36.0217515Z   JAVA_HOME: /opt/hostedtoolcache/Java_Temurin-Hotspot_jdk/21.0.10-7/x64
2026-04-17T01:05:36.0218018Z   JAVA_HOME_21_X64: /opt/hostedtoolcache/Java_Temurin-Hotspot_jdk/21.0.10-7/x64
2026-04-17T01:05:36.0218462Z   GRADLE_ACTION_ID: gradle/actions/setup-gradle
2026-04-17T01:05:36.0218789Z   GRADLE_USER_HOME: /home/runner/.gradle
2026-04-17T01:05:36.0219093Z   GRADLE_BUILD_ACTION_SETUP_COMPLETED: true
2026-04-17T01:05:36.0219430Z   GRADLE_BUILD_ACTION_CACHE_RESTORED: true
2026-04-17T01:05:36.0219890Z   DEVELOCITY_INJECTION_INIT_SCRIPT_NAME: gradle-actions.inject-develocity.init.gradle
2026-04-17T01:05:36.0220382Z   DEVELOCITY_INJECTION_CUSTOM_VALUE: gradle-actions
2026-04-17T01:05:36.0220714Z   GITHUB_DEPENDENCY_GRAPH_ENABLED: false
2026-04-17T01:05:36.0220998Z ##[endgroup]
2026-04-17T01:05:36.2354450Z With the provided path, there will be 1 file uploaded
2026-04-17T01:05:36.2360040Z Artifact name is valid!
2026-04-17T01:05:36.2361373Z Root directory input is valid!
2026-04-17T01:05:36.5017955Z Beginning upload of artifact content to blob storage
2026-04-17T01:05:36.8075727Z Uploaded bytes 43435
2026-04-17T01:05:36.8635134Z Finished uploading artifact content to blob storage!
2026-04-17T01:05:36.8638303Z SHA256 digest of uploaded artifact zip is 3756832874eb11b4447e05345e1fcff6bed475309e456f6067464979fa1424ac
2026-04-17T01:05:36.8640403Z Finalizing artifact upload
2026-04-17T01:05:37.0054357Z Artifact lint-report.zip successfully finalized. Artifact ID 6486814951
2026-04-17T01:05:37.0055643Z Artifact lint-report has been successfully uploaded! Final size is 43435 bytes. Artifact ID is 6486814951
2026-04-17T01:05:37.0062826Z Artifact download URL: https://github.com/akarlin3/prismTask/actions/runs/24541674602/artifacts/6486814951
2026-04-17T01:05:37.0184787Z ##[group]Run actions/upload-artifact@v4
2026-04-17T01:05:37.0185127Z with:
2026-04-17T01:05:37.0185344Z   name: detekt-report
2026-04-17T01:05:37.0185598Z   path: app/build/reports/detekt/
2026-04-17T01:05:37.0185892Z   retention-days: 7
2026-04-17T01:05:37.0186135Z   if-no-files-found: warn
2026-04-17T01:05:37.0186394Z   compression-level: 6
2026-04-17T01:05:37.0186626Z   overwrite: false
2026-04-17T01:05:37.0186865Z   include-hidden-files: false
2026-04-17T01:05:37.0187125Z env:
2026-04-17T01:05:37.0187450Z   JAVA_HOME: /opt/hostedtoolcache/Java_Temurin-Hotspot_jdk/21.0.10-7/x64
2026-04-17T01:05:37.0187978Z   JAVA_HOME_21_X64: /opt/hostedtoolcache/Java_Temurin-Hotspot_jdk/21.0.10-7/x64
2026-04-17T01:05:37.0188432Z   GRADLE_ACTION_ID: gradle/actions/setup-gradle
2026-04-17T01:05:37.0188759Z   GRADLE_USER_HOME: /home/runner/.gradle
2026-04-17T01:05:37.0189075Z   GRADLE_BUILD_ACTION_SETUP_COMPLETED: true
2026-04-17T01:05:37.0189401Z   GRADLE_BUILD_ACTION_CACHE_RESTORED: true
2026-04-17T01:05:37.0189898Z   DEVELOCITY_INJECTION_INIT_SCRIPT_NAME: gradle-actions.inject-develocity.init.gradle
2026-04-17T01:05:37.0190425Z   DEVELOCITY_INJECTION_CUSTOM_VALUE: gradle-actions
2026-04-17T01:05:37.0199692Z   GITHUB_DEPENDENCY_GRAPH_ENABLED: false
2026-04-17T01:05:37.0200242Z ##[endgroup]
2026-04-17T01:05:37.2347218Z With the provided path, there will be 2 files uploaded
2026-04-17T01:05:37.2353813Z Artifact name is valid!
2026-04-17T01:05:37.2354714Z Root directory input is valid!
2026-04-17T01:05:37.4989176Z Beginning upload of artifact content to blob storage
2026-04-17T01:05:37.7242513Z Uploaded bytes 4192
2026-04-17T01:05:37.7822683Z Finished uploading artifact content to blob storage!
2026-04-17T01:05:37.7826262Z SHA256 digest of uploaded artifact zip is 3c7d817a6a4d805258f17b5e45f8df63b6f648b241e5b9a0ccdba0c9d0f31385
2026-04-17T01:05:37.7827953Z Finalizing artifact upload
2026-04-17T01:05:37.9368249Z Artifact detekt-report.zip successfully finalized. Artifact ID 6486815100
2026-04-17T01:05:37.9369853Z Artifact detekt-report has been successfully uploaded! Final size is 4192 bytes. Artifact ID is 6486815100
2026-04-17T01:05:37.9377811Z Artifact download URL: https://github.com/akarlin3/prismTask/actions/runs/24541674602/artifacts/6486815100
2026-04-17T01:05:37.9488578Z ##[group]Run actions/upload-artifact@v4
2026-04-17T01:05:37.9488925Z with:
2026-04-17T01:05:37.9489147Z   name: test-results
2026-04-17T01:05:37.9489406Z   path: app/build/test-results/
2026-04-17T01:05:37.9489687Z   retention-days: 7
2026-04-17T01:05:37.9489929Z   if-no-files-found: warn
2026-04-17T01:05:37.9490190Z   compression-level: 6
2026-04-17T01:05:37.9490433Z   overwrite: false
2026-04-17T01:05:37.9490673Z   include-hidden-files: false
2026-04-17T01:05:37.9490937Z env:
2026-04-17T01:05:37.9491778Z   JAVA_HOME: /opt/hostedtoolcache/Java_Temurin-Hotspot_jdk/21.0.10-7/x64
2026-04-17T01:05:37.9492463Z   JAVA_HOME_21_X64: /opt/hostedtoolcache/Java_Temurin-Hotspot_jdk/21.0.10-7/x64
2026-04-17T01:05:37.9492927Z   GRADLE_ACTION_ID: gradle/actions/setup-gradle
2026-04-17T01:05:37.9493265Z   GRADLE_USER_HOME: /home/runner/.gradle
2026-04-17T01:05:37.9493603Z   GRADLE_BUILD_ACTION_SETUP_COMPLETED: true
2026-04-17T01:05:37.9493931Z   GRADLE_BUILD_ACTION_CACHE_RESTORED: true
2026-04-17T01:05:37.9494439Z   DEVELOCITY_INJECTION_INIT_SCRIPT_NAME: gradle-actions.inject-develocity.init.gradle
2026-04-17T01:05:37.9494955Z   DEVELOCITY_INJECTION_CUSTOM_VALUE: gradle-actions
2026-04-17T01:05:37.9495298Z   GITHUB_DEPENDENCY_GRAPH_ENABLED: false
2026-04-17T01:05:37.9495597Z ##[endgroup]
2026-04-17T01:05:38.1587278Z ##[warning]No files were found with the provided path: app/build/test-results/. No artifacts will be uploaded.
2026-04-17T01:05:38.1710265Z Post job cleanup.
2026-04-17T01:05:38.1805884Z Post job cleanup.
2026-04-17T01:05:38.4847403Z In post-action step
2026-04-17T01:05:38.4861089Z ##[group]Stopping Gradle daemons
2026-04-17T01:05:38.4862848Z Stopping Gradle daemons for /home/runner/.gradle/wrapper/dists/gradle-9.3.1-bin/23ovyewtku6u96viwx3xl3oks/gradle-9.3.1
2026-04-17T01:05:38.4880925Z [command]/home/runner/.gradle/wrapper/dists/gradle-9.3.1-bin/23ovyewtku6u96viwx3xl3oks/gradle-9.3.1/bin/gradle --stop
2026-04-17T01:05:39.1432551Z Stopping Daemon(s)
2026-04-17T01:05:39.1438059Z 1 Daemon stopped
2026-04-17T01:05:39.1541963Z ##[endgroup]
2026-04-17T01:05:39.1543131Z Not performing cache-cleanup due to build failure
2026-04-17T01:05:39.1544319Z ##[group]Caching Gradle state
2026-04-17T01:05:39.1553414Z Cache hit occurred on the cache key gradle-home-v1|Linux-X64|lint-and-test[5df42585ae8f8da228c604b8b4e8707c]-11053b33773f4640943613ccd6032166dbd5d690, not saving cache.
2026-04-17T01:05:39.1555218Z ##[endgroup]
2026-04-17T01:05:39.1561704Z Generating Job Summary
2026-04-17T01:05:39.1587632Z Completed post-action step
2026-04-17T01:05:39.1744577Z Post job cleanup.
2026-04-17T01:05:39.3499317Z Post job cleanup.
2026-04-17T01:05:39.4440653Z [command]/usr/bin/git version
2026-04-17T01:05:39.4477423Z git version 2.53.0
2026-04-17T01:05:39.4523353Z Temporarily overriding HOME='/home/runner/work/_temp/49b1c508-96f9-4f60-a252-4d9dd0857e01' before making global git config changes
2026-04-17T01:05:39.4524849Z Adding repository directory to the temporary git global config as a safe directory
2026-04-17T01:05:39.4537392Z [command]/usr/bin/git config --global --add safe.directory /home/runner/work/prismTask/prismTask
2026-04-17T01:05:39.4570965Z [command]/usr/bin/git config --local --name-only --get-regexp core\.sshCommand
2026-04-17T01:05:39.4603554Z [command]/usr/bin/git submodule foreach --recursive sh -c "git config --local --name-only --get-regexp 'core\.sshCommand' && git config --local --unset-all 'core.sshCommand' || :"
2026-04-17T01:05:39.4832742Z [command]/usr/bin/git config --local --name-only --get-regexp http\.https\:\/\/github\.com\/\.extraheader
2026-04-17T01:05:39.4858190Z http.https://github.com/.extraheader
2026-04-17T01:05:39.4870227Z [command]/usr/bin/git config --local --unset-all http.https://github.com/.extraheader
2026-04-17T01:05:39.4905412Z [command]/usr/bin/git submodule foreach --recursive sh -c "git config --local --name-only --get-regexp 'http\.https\:\/\/github\.com\/\.extraheader' && git config --local --unset-all 'http.https://github.com/.extraheader' || :"
2026-04-17T01:05:39.5147906Z [command]/usr/bin/git config --local --name-only --get-regexp ^includeIf\.gitdir:
2026-04-17T01:05:39.5179299Z [command]/usr/bin/git submodule foreach --recursive git config --local --show-origin --name-only --get-regexp remote.origin.url
2026-04-17T01:05:39.5517236Z Cleaning up orphan processes
2026-04-17T01:05:39.5790081Z Terminate orphan process: pid (2931) (java)
2026-04-17T01:05:39.5803661Z ##[warning]Node.js 20 actions are deprecated. The following actions are running on Node.js 20 and may not work as expected: actions/checkout@v4, actions/setup-java@v4, actions/upload-artifact@v4, gradle/actions/setup-gradle@v4. Actions will be forced to run with Node.js 24 by default starting June 2nd, 2026. Node.js 20 will be removed from the runner on September 16th, 2026. Please check if updated versions of these actions are available that support Node.js 24. To opt into Node.js 24 now, set the FORCE_JAVASCRIPT_ACTIONS_TO_NODE24=true environment variable on the runner or in your workflow file. Once Node.js 24 becomes the default, you can temporarily opt out by setting ACTIONS_ALLOW_USE_UNSECURE_NODE_VERSION=true. For more information see: https://github.blog/changelog/2025-09-19-deprecation-of-node-20-on-github-actions-runners/
