=== CI FAILURE ===
Workflow:      Android CI
Workflow file: akarlin3/prismTask/.github/workflows/android-ci.yml@refs/pull/686/merge
Job(s):        autofix, lint-and-test
Run ID:        24812676722
Run attempt:   1
Run URL:       https://github.com/akarlin3/prismTask/actions/runs/24812676722
Commit:        549f25ac68088c561652a598eeff7d32bf3cb523
Branch:        686/merge
Event:         pull_request
Actor:         akarlin3
Runner OS:     Linux
Timestamp:     2026-04-23T02:04:48.235Z

Failed steps:
  - autofix: #2 Run actions/checkout@v4 | #5 detekt auto-correct
  - lint-and-test: #2 Run actions/checkout@v4 | #5 detekt | #6 Android lint | #8 Verify unit-test results (XML) | #9 Post failure details to PR

=== FAILED JOB LOG ===

--- Job: autofix (id 72620623552) ---
2026-04-23T02:03:35.6692608Z Current runner version: '2.333.1'
2026-04-23T02:03:35.6715583Z ##[group]Runner Image Provisioner
2026-04-23T02:03:35.6716483Z Hosted Compute Agent
2026-04-23T02:03:35.6716971Z Version: 20260213.493
2026-04-23T02:03:35.6717482Z Commit: 5c115507f6dd24b8de37d8bbe0bb4509d0cc0fa3
2026-04-23T02:03:35.6718151Z Build Date: 2026-02-13T00:28:41Z
2026-04-23T02:03:35.6718736Z Worker ID: {d373c4a0-4dfe-4920-9a82-c26522317ac1}
2026-04-23T02:03:35.6719357Z Azure Region: westcentralus
2026-04-23T02:03:35.6719891Z ##[endgroup]
2026-04-23T02:03:35.6721141Z ##[group]Operating System
2026-04-23T02:03:35.6721664Z Ubuntu
2026-04-23T02:03:35.6722074Z 24.04.4
2026-04-23T02:03:35.6722524Z LTS
2026-04-23T02:03:35.6722906Z ##[endgroup]
2026-04-23T02:03:35.6723384Z ##[group]Runner Image
2026-04-23T02:03:35.6723865Z Image: ubuntu-24.04
2026-04-23T02:03:35.6724319Z Version: 20260413.86.1
2026-04-23T02:03:35.6725391Z Included Software: https://github.com/actions/runner-images/blob/ubuntu24/20260413.86/images/ubuntu/Ubuntu2404-Readme.md
2026-04-23T02:03:35.6726804Z Image Release: https://github.com/actions/runner-images/releases/tag/ubuntu24%2F20260413.86
2026-04-23T02:03:35.6727566Z ##[endgroup]
2026-04-23T02:03:35.6728687Z ##[group]GITHUB_TOKEN Permissions
2026-04-23T02:03:35.6730674Z Actions: read
2026-04-23T02:03:35.6731270Z Checks: read
2026-04-23T02:03:35.6731670Z Contents: write
2026-04-23T02:03:35.6732106Z Metadata: read
2026-04-23T02:03:35.6732575Z PullRequests: read
2026-04-23T02:03:35.6733014Z ##[endgroup]
2026-04-23T02:03:35.6734902Z Secret source: Actions
2026-04-23T02:03:35.6735575Z Prepare workflow directory
2026-04-23T02:03:35.7073887Z Prepare all required actions
2026-04-23T02:03:35.7115133Z Getting action download info
2026-04-23T02:03:36.0619801Z Download action repository 'actions/checkout@v4' (SHA:34e114876b0b11c390a56381ad16ebd13914f8d5)
2026-04-23T02:03:36.2361821Z Complete job name: autofix
2026-04-23T02:03:36.2991116Z ##[group]Run actions/checkout@v4
2026-04-23T02:03:36.2991871Z with:
2026-04-23T02:03:36.2992584Z   token: ***
2026-04-23T02:03:36.2993113Z   ref: fix/integration-tests-per-test-onboarding
2026-04-23T02:03:36.2993668Z   fetch-depth: 0
2026-04-23T02:03:36.2994131Z   repository: akarlin3/prismTask
2026-04-23T02:03:36.2994636Z   ssh-strict: true
2026-04-23T02:03:36.2995055Z   ssh-user: git
2026-04-23T02:03:36.2995440Z   persist-credentials: true
2026-04-23T02:03:36.2995946Z   clean: true
2026-04-23T02:03:36.2996563Z   sparse-checkout-cone-mode: true
2026-04-23T02:03:36.2997065Z   fetch-tags: false
2026-04-23T02:03:36.2997561Z   show-progress: true
2026-04-23T02:03:36.2997976Z   lfs: false
2026-04-23T02:03:36.2998379Z   submodules: false
2026-04-23T02:03:36.2999023Z   set-safe-directory: true
2026-04-23T02:03:36.2999770Z ##[endgroup]
2026-04-23T02:03:36.4002609Z Syncing repository: akarlin3/prismTask
2026-04-23T02:03:36.4004371Z ##[group]Getting Git version info
2026-04-23T02:03:36.4005240Z Working directory is '/home/runner/work/prismTask/prismTask'
2026-04-23T02:03:36.4006201Z [command]/usr/bin/git version
2026-04-23T02:03:36.4038728Z git version 2.53.0
2026-04-23T02:03:36.4061532Z ##[endgroup]
2026-04-23T02:03:36.4075593Z Temporarily overriding HOME='/home/runner/work/_temp/12dbfa94-a3b8-4606-bb17-6b05bb6f6f69' before making global git config changes
2026-04-23T02:03:36.4078003Z Adding repository directory to the temporary git global config as a safe directory
2026-04-23T02:03:36.4082214Z [command]/usr/bin/git config --global --add safe.directory /home/runner/work/prismTask/prismTask
2026-04-23T02:03:36.4108439Z Deleting the contents of '/home/runner/work/prismTask/prismTask'
2026-04-23T02:03:36.4111905Z ##[group]Initializing the repository
2026-04-23T02:03:36.4116550Z [command]/usr/bin/git init /home/runner/work/prismTask/prismTask
2026-04-23T02:03:36.4171716Z hint: Using 'master' as the name for the initial branch. This default branch name
2026-04-23T02:03:36.4173400Z hint: will change to "main" in Git 3.0. To configure the initial branch name
2026-04-23T02:03:36.4174931Z hint: to use in all of your new repositories, which will suppress this warning,
2026-04-23T02:03:36.4176881Z hint: call:
2026-04-23T02:03:36.4177596Z hint:
2026-04-23T02:03:36.4178366Z hint: 	git config --global init.defaultBranch <name>
2026-04-23T02:03:36.4179457Z hint:
2026-04-23T02:03:36.4180435Z hint: Names commonly chosen instead of 'master' are 'main', 'trunk' and
2026-04-23T02:03:36.4181894Z hint: 'development'. The just-created branch can be renamed via this command:
2026-04-23T02:03:36.4183113Z hint:
2026-04-23T02:03:36.4183776Z hint: 	git branch -m <name>
2026-04-23T02:03:36.4184590Z hint:
2026-04-23T02:03:36.4185575Z hint: Disable this message with "git config set advice.defaultBranchName false"
2026-04-23T02:03:36.4187561Z Initialized empty Git repository in /home/runner/work/prismTask/prismTask/.git/
2026-04-23T02:03:36.4190252Z [command]/usr/bin/git remote add origin https://github.com/akarlin3/prismTask
2026-04-23T02:03:36.4208194Z ##[endgroup]
2026-04-23T02:03:36.4209545Z ##[group]Disabling automatic garbage collection
2026-04-23T02:03:36.4212829Z [command]/usr/bin/git config --local gc.auto 0
2026-04-23T02:03:36.4234211Z ##[endgroup]
2026-04-23T02:03:36.4235355Z ##[group]Setting up auth
2026-04-23T02:03:36.4241353Z [command]/usr/bin/git config --local --name-only --get-regexp core\.sshCommand
2026-04-23T02:03:36.4264869Z [command]/usr/bin/git submodule foreach --recursive sh -c "git config --local --name-only --get-regexp 'core\.sshCommand' && git config --local --unset-all 'core.sshCommand' || :"
2026-04-23T02:03:36.4474378Z [command]/usr/bin/git config --local --name-only --get-regexp http\.https\:\/\/github\.com\/\.extraheader
2026-04-23T02:03:36.4504817Z [command]/usr/bin/git submodule foreach --recursive sh -c "git config --local --name-only --get-regexp 'http\.https\:\/\/github\.com\/\.extraheader' && git config --local --unset-all 'http.https://github.com/.extraheader' || :"
2026-04-23T02:03:36.4666424Z [command]/usr/bin/git config --local --name-only --get-regexp ^includeIf\.gitdir:
2026-04-23T02:03:36.4690669Z [command]/usr/bin/git submodule foreach --recursive git config --local --show-origin --name-only --get-regexp remote.origin.url
2026-04-23T02:03:36.4855316Z [command]/usr/bin/git config --local http.https://github.com/.extraheader AUTHORIZATION: basic ***
2026-04-23T02:03:36.4883819Z ##[endgroup]
2026-04-23T02:03:36.4885201Z ##[group]Fetching the repository
2026-04-23T02:03:36.4994844Z [command]/usr/bin/git -c protocol.version=2 fetch --prune --no-recurse-submodules origin +refs/heads/*:refs/remotes/origin/* +refs/tags/*:refs/tags/*
2026-04-23T02:03:55.4158472Z From https://github.com/akarlin3/prismTask
2026-04-23T02:03:55.4160621Z  * [new branch]        ci-logs         -> origin/ci-logs
2026-04-23T02:03:55.4162423Z  * [new branch]        main            -> origin/main
2026-04-23T02:03:55.4164315Z  * [new branch]        v0.1.0-legacy   -> origin/v0.1.0-legacy
2026-04-23T02:03:55.4166584Z  * [new branch]        v0.2.0-legacy   -> origin/v0.2.0-legacy
2026-04-23T02:03:55.4168605Z  * [new branch]        v0.3.0-legacy   -> origin/v0.3.0-legacy
2026-04-23T02:03:55.4170622Z  * [new branch]        v0.4.0-legacy   -> origin/v0.4.0-legacy
2026-04-23T02:03:55.4172600Z  * [new branch]        v0.5.0-legacy   -> origin/v0.5.0-legacy
2026-04-23T02:03:55.4174571Z  * [new branch]        v0.6.0-legacy   -> origin/v0.6.0-legacy
2026-04-23T02:03:55.4176865Z  * [new branch]        v0.7.0-legacy   -> origin/v0.7.0-legacy
2026-04-23T02:03:55.4178764Z  * [new tag]           v0.1.0          -> v0.1.0
2026-04-23T02:03:55.4179844Z  * [new tag]           v0.2.0          -> v0.2.0
2026-04-23T02:03:55.4180850Z  * [new tag]           v0.3.0          -> v0.3.0
2026-04-23T02:03:55.4181907Z  * [new tag]           v0.4.0          -> v0.4.0
2026-04-23T02:03:55.4182980Z  * [new tag]           v0.5.0          -> v0.5.0
2026-04-23T02:03:55.4184045Z  * [new tag]           v0.7.0          -> v0.7.0
2026-04-23T02:03:55.4185121Z  * [new tag]           v0.7.12         -> v0.7.12
2026-04-23T02:03:55.4186175Z  * [new tag]           v0.7.13         -> v0.7.13
2026-04-23T02:03:55.4187842Z  * [new tag]           v0.7.14         -> v0.7.14
2026-04-23T02:03:55.4188908Z  * [new tag]           v0.7.15         -> v0.7.15
2026-04-23T02:03:55.4189943Z  * [new tag]           v0.7.16         -> v0.7.16
2026-04-23T02:03:55.4190980Z  * [new tag]           v0.7.17         -> v0.7.17
2026-04-23T02:03:55.4192050Z  * [new tag]           v0.7.17-build.2 -> v0.7.17-build.2
2026-04-23T02:03:55.4193181Z  * [new tag]           v0.7.17-build.3 -> v0.7.17-build.3
2026-04-23T02:03:55.4194297Z  * [new tag]           v0.7.17-build.4 -> v0.7.17-build.4
2026-04-23T02:03:55.4195442Z  * [new tag]           v0.7.17-build.5 -> v0.7.17-build.5
2026-04-23T02:03:55.4196844Z  * [new tag]           v0.7.17-build.6 -> v0.7.17-build.6
2026-04-23T02:03:55.4198202Z  * [new tag]           v0.7.17-build.7 -> v0.7.17-build.7
2026-04-23T02:03:55.4199549Z  * [new tag]           v0.7.17-build.8 -> v0.7.17-build.8
2026-04-23T02:03:55.4200964Z  * [new tag]           v0.7.17-build.9 -> v0.7.17-build.9
2026-04-23T02:03:55.4202307Z  * [new tag]           v0.7.18         -> v0.7.18
2026-04-23T02:03:55.4203605Z  * [new tag]           v0.7.18-build.2 -> v0.7.18-build.2
2026-04-23T02:03:55.4204953Z  * [new tag]           v0.7.18-build.3 -> v0.7.18-build.3
2026-04-23T02:03:55.4206394Z  * [new tag]           v0.7.18-build.4 -> v0.7.18-build.4
2026-04-23T02:03:55.4207710Z  * [new tag]           v0.7.19         -> v0.7.19
2026-04-23T02:03:55.4209007Z  * [new tag]           v0.7.19-build.2 -> v0.7.19-build.2
2026-04-23T02:03:55.4210393Z  * [new tag]           v0.7.20         -> v0.7.20
2026-04-23T02:03:55.4211809Z  * [new tag]           v0.7.20-build.2 -> v0.7.20-build.2
2026-04-23T02:03:55.4213262Z  * [new tag]           v0.7.20-build.3 -> v0.7.20-build.3
2026-04-23T02:03:55.4214727Z  * [new tag]           v0.7.20-build.4 -> v0.7.20-build.4
2026-04-23T02:03:55.4216242Z  * [new tag]           v0.8.0          -> v0.8.0
2026-04-23T02:03:55.4217749Z  * [new tag]           v0.8.0-build.2  -> v0.8.0-build.2
2026-04-23T02:03:55.4219128Z  * [new tag]           v0.8.1          -> v0.8.1
2026-04-23T02:03:55.4220439Z  * [new tag]           v0.8.10         -> v0.8.10
2026-04-23T02:03:55.4221749Z  * [new tag]           v0.8.11         -> v0.8.11
2026-04-23T02:03:55.4223047Z  * [new tag]           v0.8.12         -> v0.8.12
2026-04-23T02:03:55.4224363Z  * [new tag]           v0.8.13         -> v0.8.13
2026-04-23T02:03:55.4225674Z  * [new tag]           v0.8.14         -> v0.8.14
2026-04-23T02:03:55.4227145Z  * [new tag]           v0.8.15         -> v0.8.15
2026-04-23T02:03:55.4228444Z  * [new tag]           v0.8.2          -> v0.8.2
2026-04-23T02:03:55.4229756Z  * [new tag]           v0.8.3          -> v0.8.3
2026-04-23T02:03:55.4231178Z  * [new tag]           v0.8.4          -> v0.8.4
2026-04-23T02:03:55.4232583Z  * [new tag]           v0.8.5          -> v0.8.5
2026-04-23T02:03:55.4233870Z  * [new tag]           v0.8.6          -> v0.8.6
2026-04-23T02:03:55.4235137Z  * [new tag]           v0.8.7          -> v0.8.7
2026-04-23T02:03:55.4236555Z  * [new tag]           v0.8.8          -> v0.8.8
2026-04-23T02:03:55.4237831Z  * [new tag]           v0.8.9          -> v0.8.9
2026-04-23T02:03:55.4239084Z  * [new tag]           v0.9.1          -> v0.9.1
2026-04-23T02:03:55.4240329Z  * [new tag]           v0.9.2          -> v0.9.2
2026-04-23T02:03:55.4241540Z  * [new tag]           v1.0.1          -> v1.0.1
2026-04-23T02:03:55.4242751Z  * [new tag]           v1.0.10         -> v1.0.10
2026-04-23T02:03:55.4243960Z  * [new tag]           v1.0.11         -> v1.0.11
2026-04-23T02:03:55.4245178Z  * [new tag]           v1.0.12         -> v1.0.12
2026-04-23T02:03:55.4247134Z  * [new tag]           v1.0.13         -> v1.0.13
2026-04-23T02:03:55.4248845Z  * [new tag]           v1.0.2          -> v1.0.2
2026-04-23T02:03:55.4250062Z  * [new tag]           v1.0.3          -> v1.0.3
2026-04-23T02:03:55.4251271Z  * [new tag]           v1.0.4          -> v1.0.4
2026-04-23T02:03:55.4252487Z  * [new tag]           v1.0.5          -> v1.0.5
2026-04-23T02:03:55.4253687Z  * [new tag]           v1.0.6          -> v1.0.6
2026-04-23T02:03:55.4255150Z  * [new tag]           v1.0.7          -> v1.0.7
2026-04-23T02:03:55.4257068Z  * [new tag]           v1.0.8          -> v1.0.8
2026-04-23T02:03:55.4258608Z  * [new tag]           v1.0.9          -> v1.0.9
2026-04-23T02:03:55.4260010Z  * [new tag]           v1.1.1          -> v1.1.1
2026-04-23T02:03:55.4261265Z  * [new tag]           v1.1.1-build.2  -> v1.1.1-build.2
2026-04-23T02:03:55.4262577Z  * [new tag]           v1.1.1-build.3  -> v1.1.1-build.3
2026-04-23T02:03:55.4263937Z  * [new tag]           v1.1.1-build.4  -> v1.1.1-build.4
2026-04-23T02:03:55.4265468Z  * [new tag]           v1.1.10         -> v1.1.10
2026-04-23T02:03:55.4266869Z  * [new tag]           v1.1.11         -> v1.1.11
2026-04-23T02:03:55.4268055Z  * [new tag]           v1.1.12         -> v1.1.12
2026-04-23T02:03:55.4269261Z  * [new tag]           v1.1.2          -> v1.1.2
2026-04-23T02:03:55.4270435Z  * [new tag]           v1.1.3          -> v1.1.3
2026-04-23T02:03:55.4271794Z  * [new tag]           v1.1.4          -> v1.1.4
2026-04-23T02:03:55.4272976Z  * [new tag]           v1.1.5          -> v1.1.5
2026-04-23T02:03:55.4274143Z  * [new tag]           v1.1.6          -> v1.1.6
2026-04-23T02:03:55.4275296Z  * [new tag]           v1.1.7          -> v1.1.7
2026-04-23T02:03:55.4276631Z  * [new tag]           v1.1.8          -> v1.1.8
2026-04-23T02:03:55.4277981Z  * [new tag]           v1.1.9          -> v1.1.9
2026-04-23T02:03:55.4279138Z  * [new tag]           v1.3.0          -> v1.3.0
2026-04-23T02:03:55.4280305Z  * [new tag]           v1.3.1          -> v1.3.1
2026-04-23T02:03:55.4281455Z  * [new tag]           v1.3.10         -> v1.3.10
2026-04-23T02:03:55.4282633Z  * [new tag]           v1.3.11         -> v1.3.11
2026-04-23T02:03:55.4283835Z  * [new tag]           v1.3.11-build.2 -> v1.3.11-build.2
2026-04-23T02:03:55.4285247Z  * [new tag]           v1.3.12         -> v1.3.12
2026-04-23T02:03:55.4286591Z  * [new tag]           v1.3.13         -> v1.3.13
2026-04-23T02:03:55.4287847Z  * [new tag]           v1.3.13-build.2 -> v1.3.13-build.2
2026-04-23T02:03:55.4289098Z  * [new tag]           v1.3.14         -> v1.3.14
2026-04-23T02:03:55.4290272Z  * [new tag]           v1.3.15         -> v1.3.15
2026-04-23T02:03:55.4291455Z  * [new tag]           v1.3.16         -> v1.3.16
2026-04-23T02:03:55.4292634Z  * [new tag]           v1.3.17         -> v1.3.17
2026-04-23T02:03:55.4293864Z  * [new tag]           v1.3.18         -> v1.3.18
2026-04-23T02:03:55.4295315Z  * [new tag]           v1.3.19         -> v1.3.19
2026-04-23T02:03:55.4296707Z  * [new tag]           v1.3.2          -> v1.3.2
2026-04-23T02:03:55.4297904Z  * [new tag]           v1.3.20         -> v1.3.20
2026-04-23T02:03:55.4299469Z  * [new tag]           v1.3.21         -> v1.3.21
2026-04-23T02:03:55.4300692Z  * [new tag]           v1.3.22         -> v1.3.22
2026-04-23T02:03:55.4301867Z  * [new tag]           v1.3.23         -> v1.3.23
2026-04-23T02:03:55.4303068Z  * [new tag]           v1.3.24         -> v1.3.24
2026-04-23T02:03:55.4304399Z  * [new tag]           v1.3.25         -> v1.3.25
2026-04-23T02:03:55.4305552Z  * [new tag]           v1.3.26         -> v1.3.26
2026-04-23T02:03:55.4306869Z  * [new tag]           v1.3.27         -> v1.3.27
2026-04-23T02:03:55.4308025Z  * [new tag]           v1.3.28         -> v1.3.28
2026-04-23T02:03:55.4309165Z  * [new tag]           v1.3.29         -> v1.3.29
2026-04-23T02:03:55.4310295Z  * [new tag]           v1.3.3          -> v1.3.3
2026-04-23T02:03:55.4311451Z  * [new tag]           v1.3.30         -> v1.3.30
2026-04-23T02:03:55.4312584Z  * [new tag]           v1.3.31         -> v1.3.31
2026-04-23T02:03:55.4313722Z  * [new tag]           v1.3.32         -> v1.3.32
2026-04-23T02:03:55.4314859Z  * [new tag]           v1.3.33         -> v1.3.33
2026-04-23T02:03:55.4316017Z  * [new tag]           v1.3.34         -> v1.3.34
2026-04-23T02:03:55.4317288Z  * [new tag]           v1.3.35         -> v1.3.35
2026-04-23T02:03:55.4318405Z  * [new tag]           v1.3.36         -> v1.3.36
2026-04-23T02:03:55.4319694Z  * [new tag]           v1.3.37         -> v1.3.37
2026-04-23T02:03:55.4320802Z  * [new tag]           v1.3.38         -> v1.3.38
2026-04-23T02:03:55.4321923Z  * [new tag]           v1.3.39         -> v1.3.39
2026-04-23T02:03:55.4323031Z  * [new tag]           v1.3.4          -> v1.3.4
2026-04-23T02:03:55.4324349Z  * [new tag]           v1.3.40         -> v1.3.40
2026-04-23T02:03:55.4325700Z  * [new tag]           v1.3.41         -> v1.3.41
2026-04-23T02:03:55.4326949Z  * [new tag]           v1.3.42         -> v1.3.42
2026-04-23T02:03:55.4328063Z  * [new tag]           v1.3.43         -> v1.3.43
2026-04-23T02:03:55.4329275Z  * [new tag]           v1.3.44         -> v1.3.44
2026-04-23T02:03:55.4330836Z  * [new tag]           v1.3.45         -> v1.3.45
2026-04-23T02:03:55.4331953Z  * [new tag]           v1.3.46         -> v1.3.46
2026-04-23T02:03:55.4333063Z  * [new tag]           v1.3.47         -> v1.3.47
2026-04-23T02:03:55.4334297Z  * [new tag]           v1.3.48         -> v1.3.48
2026-04-23T02:03:55.4335561Z  * [new tag]           v1.3.49         -> v1.3.49
2026-04-23T02:03:55.4337105Z  * [new tag]           v1.3.5          -> v1.3.5
2026-04-23T02:03:55.4338322Z  * [new tag]           v1.3.5-build.2  -> v1.3.5-build.2
2026-04-23T02:03:55.4339880Z  * [new tag]           v1.3.50         -> v1.3.50
2026-04-23T02:03:55.4341210Z  * [new tag]           v1.3.51         -> v1.3.51
2026-04-23T02:03:55.4342328Z  * [new tag]           v1.3.52         -> v1.3.52
2026-04-23T02:03:55.4343581Z  * [new tag]           v1.3.53         -> v1.3.53
2026-04-23T02:03:55.4344763Z  * [new tag]           v1.3.54         -> v1.3.54
2026-04-23T02:03:55.4346004Z  * [new tag]           v1.3.55         -> v1.3.55
2026-04-23T02:03:55.4347424Z  * [new tag]           v1.3.56         -> v1.3.56
2026-04-23T02:03:55.4348698Z  * [new tag]           v1.3.57         -> v1.3.57
2026-04-23T02:03:55.4350204Z  * [new tag]           v1.3.58         -> v1.3.58
2026-04-23T02:03:55.4351579Z  * [new tag]           v1.3.59         -> v1.3.59
2026-04-23T02:03:55.4352763Z  * [new tag]           v1.3.6          -> v1.3.6
2026-04-23T02:03:55.4354763Z  * [new tag]           v1.3.60         -> v1.3.60
2026-04-23T02:03:55.4355898Z  * [new tag]           v1.3.61         -> v1.3.61
2026-04-23T02:03:55.4357220Z  * [new tag]           v1.3.62         -> v1.3.62
2026-04-23T02:03:55.4358355Z  * [new tag]           v1.3.7          -> v1.3.7
2026-04-23T02:03:55.4359842Z  * [new tag]           v1.3.8          -> v1.3.8
2026-04-23T02:03:55.4361330Z  * [new tag]           v1.3.9          -> v1.3.9
2026-04-23T02:03:55.4364170Z ##[endgroup]
2026-04-23T02:03:55.4365383Z ##[group]Determining the checkout info
2026-04-23T02:03:55.4367281Z [command]/usr/bin/git branch --list --remote origin/fix/integration-tests-per-test-onboarding
2026-04-23T02:03:55.4372163Z [command]/usr/bin/git tag --list fix/integration-tests-per-test-onboarding
2026-04-23T02:03:55.4407492Z ##[error]A branch or tag with the name 'fix/integration-tests-per-test-onboarding' could not be found
2026-04-23T02:03:55.4574470Z ##[group]Run ./gradlew detekt --auto-correct --continue
2026-04-23T02:03:55.4576030Z [36;1m./gradlew detekt --auto-correct --continue[0m
2026-04-23T02:03:55.4593744Z shell: /usr/bin/bash -e {0}
2026-04-23T02:03:55.4594621Z ##[endgroup]
2026-04-23T02:03:55.4657089Z /home/runner/work/_temp/5be4d9ee-705a-4a3d-a6e8-bb5ed15ed021.sh: line 1: ./gradlew: No such file or directory
2026-04-23T02:03:55.4666070Z ##[error]Process completed with exit code 127.
2026-04-23T02:03:55.4733936Z ##[group]Run git config user.name "github-actions[bot]"
2026-04-23T02:03:55.4735226Z [36;1mgit config user.name "github-actions[bot]"[0m
2026-04-23T02:03:55.4736914Z [36;1mgit config user.email "github-actions[bot]@users.noreply.github.com"[0m
2026-04-23T02:03:55.4738923Z [36;1mgit diff --quiet || (git add -A && git commit -m "style: auto-format [skip ci]" && git push)[0m
2026-04-23T02:03:55.4752882Z shell: /usr/bin/bash -e {0}
2026-04-23T02:03:55.4753739Z ##[endgroup]
2026-04-23T02:03:55.5042275Z Post job cleanup.
2026-04-23T02:03:55.5901273Z [command]/usr/bin/git version
2026-04-23T02:03:55.5931514Z git version 2.53.0
2026-04-23T02:03:55.5974896Z Temporarily overriding HOME='/home/runner/work/_temp/4edee6b2-9ea2-42a7-be13-16626cee9aa7' before making global git config changes
2026-04-23T02:03:55.5979048Z Adding repository directory to the temporary git global config as a safe directory
2026-04-23T02:03:55.5981080Z [command]/usr/bin/git config --global --add safe.directory /home/runner/work/prismTask/prismTask
2026-04-23T02:03:55.6007665Z [command]/usr/bin/git config --local --name-only --get-regexp core\.sshCommand
2026-04-23T02:03:55.6034697Z [command]/usr/bin/git submodule foreach --recursive sh -c "git config --local --name-only --get-regexp 'core\.sshCommand' && git config --local --unset-all 'core.sshCommand' || :"
2026-04-23T02:03:55.6204901Z [command]/usr/bin/git config --local --name-only --get-regexp http\.https\:\/\/github\.com\/\.extraheader
2026-04-23T02:03:55.6219747Z http.https://github.com/.extraheader
2026-04-23T02:03:55.6231976Z [command]/usr/bin/git config --local --unset-all http.https://github.com/.extraheader
2026-04-23T02:03:55.6262086Z [command]/usr/bin/git submodule foreach --recursive sh -c "git config --local --name-only --get-regexp 'http\.https\:\/\/github\.com\/\.extraheader' && git config --local --unset-all 'http.https://github.com/.extraheader' || :"
2026-04-23T02:03:55.6442744Z [command]/usr/bin/git config --local --name-only --get-regexp ^includeIf\.gitdir:
2026-04-23T02:03:55.6472637Z [command]/usr/bin/git submodule foreach --recursive git config --local --show-origin --name-only --get-regexp remote.origin.url
2026-04-23T02:03:55.6753060Z Cleaning up orphan processes
2026-04-23T02:03:55.6967393Z ##[warning]Node.js 20 actions are deprecated. The following actions are running on Node.js 20 and may not work as expected: actions/checkout@v4. Actions will be forced to run with Node.js 24 by default starting June 2nd, 2026. Node.js 20 will be removed from the runner on September 16th, 2026. Please check if updated versions of these actions are available that support Node.js 24. To opt into Node.js 24 now, set the FORCE_JAVASCRIPT_ACTIONS_TO_NODE24=true environment variable on the runner or in your workflow file. Once Node.js 24 becomes the default, you can temporarily opt out by setting ACTIONS_ALLOW_USE_UNSECURE_NODE_VERSION=true. For more information see: https://github.blog/changelog/2025-09-19-deprecation-of-node-20-on-github-actions-runners/


--- Job: lint-and-test (id 72620659366) ---
2026-04-23T02:04:01.7637717Z Current runner version: '2.333.1'
2026-04-23T02:04:01.7669943Z ##[group]Runner Image Provisioner
2026-04-23T02:04:01.7671180Z Hosted Compute Agent
2026-04-23T02:04:01.7671974Z Version: 20260415.520
2026-04-23T02:04:01.7673431Z Commit: af089020f5f67b61ccc91db6c07980876c02bf7b
2026-04-23T02:04:01.7674581Z Build Date: 2026-04-15T18:07:08Z
2026-04-23T02:04:01.7675621Z Worker ID: {1a9c4dc7-c11a-412c-b0a3-cfd1f16f49e1}
2026-04-23T02:04:01.7676845Z Azure Region: westus
2026-04-23T02:04:01.7677747Z ##[endgroup]
2026-04-23T02:04:01.7680060Z ##[group]Operating System
2026-04-23T02:04:01.7681051Z Ubuntu
2026-04-23T02:04:01.7681886Z 24.04.4
2026-04-23T02:04:01.7682595Z LTS
2026-04-23T02:04:01.7683799Z ##[endgroup]
2026-04-23T02:04:01.7684670Z ##[group]Runner Image
2026-04-23T02:04:01.7685578Z Image: ubuntu-24.04
2026-04-23T02:04:01.7686502Z Version: 20260420.95.1
2026-04-23T02:04:01.7688728Z Included Software: https://github.com/actions/runner-images/blob/ubuntu24/20260420.95/images/ubuntu/Ubuntu2404-Readme.md
2026-04-23T02:04:01.7691462Z Image Release: https://github.com/actions/runner-images/releases/tag/ubuntu24%2F20260420.95
2026-04-23T02:04:01.7693527Z ##[endgroup]
2026-04-23T02:04:01.7695805Z ##[group]GITHUB_TOKEN Permissions
2026-04-23T02:04:01.7698671Z Actions: read
2026-04-23T02:04:01.7699540Z Checks: read
2026-04-23T02:04:01.7700440Z Contents: write
2026-04-23T02:04:01.7701381Z Metadata: read
2026-04-23T02:04:01.7702279Z PullRequests: read
2026-04-23T02:04:01.7703333Z ##[endgroup]
2026-04-23T02:04:01.7706399Z Secret source: Actions
2026-04-23T02:04:01.7707518Z Prepare workflow directory
2026-04-23T02:04:01.8109934Z Prepare all required actions
2026-04-23T02:04:01.8148024Z Getting action download info
2026-04-23T02:04:02.2619501Z Download action repository 'actions/checkout@v4' (SHA:34e114876b0b11c390a56381ad16ebd13914f8d5)
2026-04-23T02:04:02.4224235Z Download action repository 'actions/github-script@v7' (SHA:f28e40c7f34bde8b3046d885e986cb6290c5673b)
2026-04-23T02:04:02.9293655Z Download action repository 'actions/upload-artifact@v4' (SHA:ea165f8d65b6e75b540449e92b4886f43607fa02)
2026-04-23T02:04:03.1679724Z Complete job name: lint-and-test
2026-04-23T02:04:03.2549687Z ##[group]Run actions/checkout@v4
2026-04-23T02:04:03.2551040Z with:
2026-04-23T02:04:03.2551828Z   ref: fix/integration-tests-per-test-onboarding
2026-04-23T02:04:03.2552897Z   repository: akarlin3/prismTask
2026-04-23T02:04:03.2554237Z   token: ***
2026-04-23T02:04:03.2554885Z   ssh-strict: true
2026-04-23T02:04:03.2555570Z   ssh-user: git
2026-04-23T02:04:03.2556280Z   persist-credentials: true
2026-04-23T02:04:03.2557075Z   clean: true
2026-04-23T02:04:03.2557773Z   sparse-checkout-cone-mode: true
2026-04-23T02:04:03.2558639Z   fetch-depth: 1
2026-04-23T02:04:03.2559330Z   fetch-tags: false
2026-04-23T02:04:03.2560027Z   show-progress: true
2026-04-23T02:04:03.2560738Z   lfs: false
2026-04-23T02:04:03.2561381Z   submodules: false
2026-04-23T02:04:03.2562101Z   set-safe-directory: true
2026-04-23T02:04:03.2563478Z ##[endgroup]
2026-04-23T02:04:03.3642238Z Syncing repository: akarlin3/prismTask
2026-04-23T02:04:03.3645214Z ##[group]Getting Git version info
2026-04-23T02:04:03.3646534Z Working directory is '/home/runner/work/prismTask/prismTask'
2026-04-23T02:04:03.3648373Z [command]/usr/bin/git version
2026-04-23T02:04:03.3702617Z git version 2.53.0
2026-04-23T02:04:03.3729336Z ##[endgroup]
2026-04-23T02:04:03.3745802Z Temporarily overriding HOME='/home/runner/work/_temp/1139f38c-2f19-4d47-b93e-89a38ce4ed5b' before making global git config changes
2026-04-23T02:04:03.3750349Z Adding repository directory to the temporary git global config as a safe directory
2026-04-23T02:04:03.3754437Z [command]/usr/bin/git config --global --add safe.directory /home/runner/work/prismTask/prismTask
2026-04-23T02:04:03.3801261Z Deleting the contents of '/home/runner/work/prismTask/prismTask'
2026-04-23T02:04:03.3805112Z ##[group]Initializing the repository
2026-04-23T02:04:03.3810043Z [command]/usr/bin/git init /home/runner/work/prismTask/prismTask
2026-04-23T02:04:03.3913969Z hint: Using 'master' as the name for the initial branch. This default branch name
2026-04-23T02:04:03.3917045Z hint: will change to "main" in Git 3.0. To configure the initial branch name
2026-04-23T02:04:03.3920037Z hint: to use in all of your new repositories, which will suppress this warning,
2026-04-23T02:04:03.3922442Z hint: call:
2026-04-23T02:04:03.3923785Z hint:
2026-04-23T02:04:03.3925182Z hint: 	git config --global init.defaultBranch <name>
2026-04-23T02:04:03.3927044Z hint:
2026-04-23T02:04:03.3928765Z hint: Names commonly chosen instead of 'master' are 'main', 'trunk' and
2026-04-23T02:04:03.3931648Z hint: 'development'. The just-created branch can be renamed via this command:
2026-04-23T02:04:03.3934327Z hint:
2026-04-23T02:04:03.3935006Z hint: 	git branch -m <name>
2026-04-23T02:04:03.3935789Z hint:
2026-04-23T02:04:03.3936841Z hint: Disable this message with "git config set advice.defaultBranchName false"
2026-04-23T02:04:03.3939404Z Initialized empty Git repository in /home/runner/work/prismTask/prismTask/.git/
2026-04-23T02:04:03.3944319Z [command]/usr/bin/git remote add origin https://github.com/akarlin3/prismTask
2026-04-23T02:04:03.3974766Z ##[endgroup]
2026-04-23T02:04:03.3976916Z ##[group]Disabling automatic garbage collection
2026-04-23T02:04:03.3978956Z [command]/usr/bin/git config --local gc.auto 0
2026-04-23T02:04:03.4007592Z ##[endgroup]
2026-04-23T02:04:03.4009707Z ##[group]Setting up auth
2026-04-23T02:04:03.4015238Z [command]/usr/bin/git config --local --name-only --get-regexp core\.sshCommand
2026-04-23T02:04:03.4047019Z [command]/usr/bin/git submodule foreach --recursive sh -c "git config --local --name-only --get-regexp 'core\.sshCommand' && git config --local --unset-all 'core.sshCommand' || :"
2026-04-23T02:04:03.4388985Z [command]/usr/bin/git config --local --name-only --get-regexp http\.https\:\/\/github\.com\/\.extraheader
2026-04-23T02:04:03.4419782Z [command]/usr/bin/git submodule foreach --recursive sh -c "git config --local --name-only --get-regexp 'http\.https\:\/\/github\.com\/\.extraheader' && git config --local --unset-all 'http.https://github.com/.extraheader' || :"
2026-04-23T02:04:03.4635275Z [command]/usr/bin/git config --local --name-only --get-regexp ^includeIf\.gitdir:
2026-04-23T02:04:03.4663582Z [command]/usr/bin/git submodule foreach --recursive git config --local --show-origin --name-only --get-regexp remote.origin.url
2026-04-23T02:04:03.4873678Z [command]/usr/bin/git config --local http.https://github.com/.extraheader AUTHORIZATION: basic ***
2026-04-23T02:04:03.4906452Z ##[endgroup]
2026-04-23T02:04:03.4907911Z ##[group]Fetching the repository
2026-04-23T02:04:03.4917699Z [command]/usr/bin/git -c protocol.version=2 fetch --no-tags --prune --no-recurse-submodules --depth=1 origin +refs/heads/fix/integration-tests-per-test-onboarding*:refs/remotes/origin/fix/integration-tests-per-test-onboarding* +refs/tags/fix/integration-tests-per-test-onboarding*:refs/tags/fix/integration-tests-per-test-onboarding*
2026-04-23T02:04:03.8536190Z The process '/usr/bin/git' failed with exit code 1
2026-04-23T02:04:03.8537880Z Waiting 11 seconds before trying again
2026-04-23T02:04:14.8569193Z [command]/usr/bin/git -c protocol.version=2 fetch --no-tags --prune --no-recurse-submodules --depth=1 origin +refs/heads/fix/integration-tests-per-test-onboarding*:refs/remotes/origin/fix/integration-tests-per-test-onboarding* +refs/tags/fix/integration-tests-per-test-onboarding*:refs/tags/fix/integration-tests-per-test-onboarding*
2026-04-23T02:04:15.1887729Z The process '/usr/bin/git' failed with exit code 1
2026-04-23T02:04:15.1888317Z Waiting 20 seconds before trying again
2026-04-23T02:04:35.1998255Z [command]/usr/bin/git -c protocol.version=2 fetch --no-tags --prune --no-recurse-submodules --depth=1 origin +refs/heads/fix/integration-tests-per-test-onboarding*:refs/remotes/origin/fix/integration-tests-per-test-onboarding* +refs/tags/fix/integration-tests-per-test-onboarding*:refs/tags/fix/integration-tests-per-test-onboarding*
2026-04-23T02:04:35.5219938Z ##[error]The process '/usr/bin/git' failed with exit code 1
2026-04-23T02:04:35.5440497Z ##[group]Run ./gradlew detekt --continue
2026-04-23T02:04:35.5441189Z [36;1m./gradlew detekt --continue[0m
2026-04-23T02:04:35.5559213Z shell: /usr/bin/bash -e {0}
2026-04-23T02:04:35.5559515Z ##[endgroup]
2026-04-23T02:04:35.5655963Z /home/runner/work/_temp/16d4fe82-fe84-47d3-8e68-63ef2da71898.sh: line 1: ./gradlew: No such file or directory
2026-04-23T02:04:35.5662944Z ##[error]Process completed with exit code 127.
2026-04-23T02:04:35.5697746Z ##[group]Run ./gradlew lint --continue
2026-04-23T02:04:35.5698096Z [36;1m./gradlew lint --continue[0m
2026-04-23T02:04:35.5749665Z shell: /usr/bin/bash -e {0}
2026-04-23T02:04:35.5749952Z ##[endgroup]
2026-04-23T02:04:35.5823736Z /home/runner/work/_temp/72624dfd-0a4e-4eae-af54-0d45d022bd7d.sh: line 1: ./gradlew: No such file or directory
2026-04-23T02:04:35.5828115Z ##[error]Process completed with exit code 127.
2026-04-23T02:04:35.5864502Z ##[group]Run set -euo pipefail
2026-04-23T02:04:35.5864858Z [36;1mset -euo pipefail[0m
2026-04-23T02:04:35.5865146Z [36;1mshopt -s globstar nullglob[0m
2026-04-23T02:04:35.5865490Z [36;1mxmls=(app/build/test-results/**/*.xml)[0m
2026-04-23T02:04:35.5865828Z [36;1mif [ ${#xmls[@]} -eq 0 ]; then[0m
2026-04-23T02:04:35.5866312Z [36;1m  echo "::error::No JUnit XML results found under app/build/test-results/. Did the test task run?"[0m
2026-04-23T02:04:35.5866792Z [36;1m  exit 1[0m
2026-04-23T02:04:35.5866999Z [36;1mfi[0m
2026-04-23T02:04:35.5867203Z [36;1mfailed=0[0m
2026-04-23T02:04:35.5867428Z [36;1mfor f in "${xmls[@]}"; do[0m
2026-04-23T02:04:35.5867842Z [36;1m  fails=$(grep -oE 'failures="[0-9]+"' "$f" | head -n1 | grep -oE '[0-9]+' || echo 0)[0m
2026-04-23T02:04:35.5868366Z [36;1m  errs=$(grep -oE 'errors="[0-9]+"' "$f" | head -n1 | grep -oE '[0-9]+' || echo 0)[0m
2026-04-23T02:04:35.5868873Z [36;1m  if [ "${fails:-0}" -gt 0 ] || [ "${errs:-0}" -gt 0 ]; then[0m
2026-04-23T02:04:35.5869339Z [36;1m    echo "::error file=${f}::${fails} failure(s), ${errs} error(s) in ${f}"[0m
2026-04-23T02:04:35.5869754Z [36;1m    failed=$((failed + fails + errs))[0m
2026-04-23T02:04:35.5870042Z [36;1m  fi[0m
2026-04-23T02:04:35.5870244Z [36;1mdone[0m
2026-04-23T02:04:35.5870459Z [36;1mif [ "$failed" -gt 0 ]; then[0m
2026-04-23T02:04:35.5870982Z [36;1m  echo "::error::${failed} unit-test failure(s)/error(s) detected. See annotations and the test-results artifact."[0m
2026-04-23T02:04:35.5871506Z [36;1m  exit 1[0m
2026-04-23T02:04:35.5871708Z [36;1mfi[0m
2026-04-23T02:04:35.5871964Z [36;1mecho "All ${#xmls[@]} JUnit XML reports clean."[0m
2026-04-23T02:04:35.5928464Z shell: /usr/bin/bash --noprofile --norc -e -o pipefail {0}
2026-04-23T02:04:35.5928828Z ##[endgroup]
2026-04-23T02:04:35.6002735Z ##[error]No JUnit XML results found under app/build/test-results/. Did the test task run?
2026-04-23T02:04:35.6005344Z ##[error]Process completed with exit code 1.
2026-04-23T02:04:35.6093861Z ##[group]Run actions/github-script@v7
2026-04-23T02:04:35.6094287Z with:
2026-04-23T02:04:35.6096868Z   script: const fs = require('fs');
let body = '### CI Unit Test Failure\n\n';
try {
  const raw = fs.readFileSync('unit-test-output.log', 'utf8');
  const lines = raw.split('\n');
  const errorLines = lines.filter(l =>
    /\be:\b|FAILED|Compilation error|Unresolved reference|not abstract|does not implement/.test(l)
  );
  const tail = lines.slice(-30).join('\n');
  const errors = errorLines.length > 0
    ? errorLines.join('\n')
    : 'No specific error lines matched. Last 30 lines shown.';
  body += '**Error lines:**\n```\n' + errors.slice(0, 2000) + '\n```\n';
  body += '\n**Build tail:**\n```\n' + tail.slice(0, 2000) + '\n```';
} catch (e) {
  body += 'Could not read unit-test-output.log: ' + e.message;
}
await github.rest.issues.createComment({
  owner: context.repo.owner,
  repo: context.repo.repo,
  issue_number: context.issue.number,
  body
});

2026-04-23T02:04:35.6099787Z   github-token: ***
2026-04-23T02:04:35.6100014Z   debug: false
2026-04-23T02:04:35.6100248Z   user-agent: actions/github-script
2026-04-23T02:04:35.6100699Z   result-encoding: json
2026-04-23T02:04:35.6100941Z   retries: 0
2026-04-23T02:04:35.6101178Z   retry-exempt-status-codes: 400,401,403,404,422
2026-04-23T02:04:35.6101481Z ##[endgroup]
2026-04-23T02:04:35.9901575Z RequestError [HttpError]: Resource not accessible by integration
2026-04-23T02:04:35.9902481Z     at /home/runner/work/_actions/actions/github-script/v7/dist/index.js:9537:21
2026-04-23T02:04:35.9903802Z     at process.processTicksAndRejections (node:internal/process/task_queues:95:5)
2026-04-23T02:04:35.9905067Z     at async eval (eval at callAsyncFunction (/home/runner/work/_actions/actions/github-script/v7/dist/index.js:36187:16), <anonymous>:20:1)
2026-04-23T02:04:35.9906326Z     at async main (/home/runner/work/_actions/actions/github-script/v7/dist/index.js:36285:20) {
2026-04-23T02:04:35.9908312Z ##[error]Unhandled error: HttpError: Resource not accessible by integration
2026-04-23T02:04:35.9911377Z   status: 403,
2026-04-23T02:04:35.9912033Z   response: {
2026-04-23T02:04:35.9912971Z     url: 'https://api.github.com/repos/akarlin3/prismTask/issues/686/comments',
2026-04-23T02:04:35.9914073Z     status: 403,
2026-04-23T02:04:35.9914401Z     headers: {
2026-04-23T02:04:35.9914770Z       'access-control-allow-origin': '*',
2026-04-23T02:04:35.9917049Z       'access-control-expose-headers': 'ETag, Link, Location, Retry-After, X-GitHub-OTP, X-RateLimit-Limit, X-RateLimit-Remaining, X-RateLimit-Used, X-RateLimit-Resource, X-RateLimit-Reset, X-OAuth-Scopes, X-Accepted-OAuth-Scopes, X-Poll-Interval, X-GitHub-Media-Type, X-GitHub-SSO, X-GitHub-Request-Id, Deprecation, Sunset',
2026-04-23T02:04:35.9919391Z       'content-encoding': 'gzip',
2026-04-23T02:04:35.9919920Z       'content-security-policy': "default-src 'none'",
2026-04-23T02:04:35.9920517Z       'content-type': 'application/json; charset=utf-8',
2026-04-23T02:04:35.9921054Z       date: 'Thu, 23 Apr 2026 02:04:35 GMT',
2026-04-23T02:04:35.9921764Z       'referrer-policy': 'origin-when-cross-origin, strict-origin-when-cross-origin',
2026-04-23T02:04:35.9922632Z       server: 'github.com',
2026-04-23T02:04:35.9923558Z       'strict-transport-security': 'max-age=31536000; includeSubdomains; preload',
2026-04-23T02:04:35.9924288Z       'transfer-encoding': 'chunked',
2026-04-23T02:04:35.9924819Z       vary: 'Accept-Encoding, Accept, X-Requested-With',
2026-04-23T02:04:35.9925548Z       'x-accepted-github-permissions': 'issues=write; pull_requests=write',
2026-04-23T02:04:35.9926280Z       'x-content-type-options': 'nosniff',
2026-04-23T02:04:35.9927233Z       'x-frame-options': 'deny',
2026-04-23T02:04:35.9927779Z       'x-github-api-version-selected': '2022-11-28',
2026-04-23T02:04:35.9928384Z       'x-github-media-type': 'github.v3; format=json',
2026-04-23T02:04:35.9929006Z       'x-github-request-id': '7800:E6101:60797:61EC5:69E97E33',
2026-04-23T02:04:35.9930144Z       'x-ratelimit-limit': '5000',
2026-04-23T02:04:35.9930659Z       'x-ratelimit-remaining': '4997',
2026-04-23T02:04:35.9931160Z       'x-ratelimit-reset': '1776913437',
2026-04-23T02:04:35.9931648Z       'x-ratelimit-resource': 'core',
2026-04-23T02:04:35.9932131Z       'x-ratelimit-used': '3',
2026-04-23T02:04:35.9932554Z       'x-xss-protection': '0'
2026-04-23T02:04:35.9932923Z     },
2026-04-23T02:04:35.9933524Z     data: {
2026-04-23T02:04:35.9933926Z       message: 'Resource not accessible by integration',
2026-04-23T02:04:35.9934809Z       documentation_url: 'https://docs.github.com/rest/issues/comments#create-an-issue-comment',
2026-04-23T02:04:35.9935596Z       status: '403'
2026-04-23T02:04:35.9935923Z     }
2026-04-23T02:04:35.9936191Z   },
2026-04-23T02:04:35.9936471Z   request: {
2026-04-23T02:04:35.9936773Z     method: 'POST',
2026-04-23T02:04:35.9937339Z     url: 'https://api.github.com/repos/akarlin3/prismTask/issues/686/comments',
2026-04-23T02:04:35.9938037Z     headers: {
2026-04-23T02:04:35.9938420Z       accept: 'application/vnd.github.v3+json',
2026-04-23T02:04:35.9939250Z       'user-agent': 'actions/github-script octokit-core.js/5.0.1 Node.js/20.20.1 (linux; x64)',
2026-04-23T02:04:35.9940416Z       authorization: 'token [REDACTED]',
2026-04-23T02:04:35.9940959Z       'content-type': 'application/json; charset=utf-8'
2026-04-23T02:04:35.9941453Z     },
2026-04-23T02:04:35.9942364Z     body: `{"body":"### CI Unit Test Failure\\n\\nCould not read unit-test-output.log: ENOENT: no such file or directory, open 'unit-test-output.log'"}`,
2026-04-23T02:04:35.9943736Z     request: {
2026-04-23T02:04:35.9944070Z       agent: [Agent],
2026-04-23T02:04:35.9944443Z       fetch: [Function: proxyFetch],
2026-04-23T02:04:35.9944912Z       hook: [Function: bound bound register]
2026-04-23T02:04:35.9945373Z     }
2026-04-23T02:04:35.9945652Z   }
2026-04-23T02:04:35.9945929Z }
2026-04-23T02:04:36.0600735Z ##[group]Run actions/upload-artifact@v4
2026-04-23T02:04:36.0601010Z with:
2026-04-23T02:04:36.0601195Z   name: lint-report
2026-04-23T02:04:36.0601424Z   path: app/build/reports/lint-results-debug.html
2026-04-23T02:04:36.0601732Z   retention-days: 7
2026-04-23T02:04:36.0601938Z   if-no-files-found: warn
2026-04-23T02:04:36.0602147Z   compression-level: 6
2026-04-23T02:04:36.0602425Z   overwrite: false
2026-04-23T02:04:36.0602662Z   include-hidden-files: false
2026-04-23T02:04:36.0602886Z ##[endgroup]
2026-04-23T02:04:36.2735211Z ##[warning]No files were found with the provided path: app/build/reports/lint-results-debug.html. No artifacts will be uploaded.
2026-04-23T02:04:36.2855317Z ##[group]Run actions/upload-artifact@v4
2026-04-23T02:04:36.2855587Z with:
2026-04-23T02:04:36.2855769Z   name: detekt-report
2026-04-23T02:04:36.2855983Z   path: app/build/reports/detekt/
2026-04-23T02:04:36.2856220Z   retention-days: 7
2026-04-23T02:04:36.2856417Z   if-no-files-found: warn
2026-04-23T02:04:36.2856626Z   compression-level: 6
2026-04-23T02:04:36.2856833Z   overwrite: false
2026-04-23T02:04:36.2857025Z   include-hidden-files: false
2026-04-23T02:04:36.2857244Z ##[endgroup]
2026-04-23T02:04:36.4948769Z ##[warning]No files were found with the provided path: app/build/reports/detekt/. No artifacts will be uploaded.
2026-04-23T02:04:36.5071611Z ##[group]Run actions/upload-artifact@v4
2026-04-23T02:04:36.5071893Z with:
2026-04-23T02:04:36.5072070Z   name: test-results
2026-04-23T02:04:36.5072280Z   path: app/build/test-results/
2026-04-23T02:04:36.5072510Z   retention-days: 7
2026-04-23T02:04:36.5072704Z   if-no-files-found: warn
2026-04-23T02:04:36.5072926Z   compression-level: 6
2026-04-23T02:04:36.5073409Z   overwrite: false
2026-04-23T02:04:36.5073611Z   include-hidden-files: false
2026-04-23T02:04:36.5073828Z ##[endgroup]
2026-04-23T02:04:36.7205167Z ##[warning]No files were found with the provided path: app/build/test-results/. No artifacts will be uploaded.
2026-04-23T02:04:36.7349449Z Post job cleanup.
2026-04-23T02:04:36.8284742Z [command]/usr/bin/git version
2026-04-23T02:04:36.8319972Z git version 2.53.0
2026-04-23T02:04:36.8369564Z Temporarily overriding HOME='/home/runner/work/_temp/a9fe2bae-0d5e-48f8-8135-babedb6eed93' before making global git config changes
2026-04-23T02:04:36.8370549Z Adding repository directory to the temporary git global config as a safe directory
2026-04-23T02:04:36.8374969Z [command]/usr/bin/git config --global --add safe.directory /home/runner/work/prismTask/prismTask
2026-04-23T02:04:36.8407757Z [command]/usr/bin/git config --local --name-only --get-regexp core\.sshCommand
2026-04-23T02:04:36.8442636Z [command]/usr/bin/git submodule foreach --recursive sh -c "git config --local --name-only --get-regexp 'core\.sshCommand' && git config --local --unset-all 'core.sshCommand' || :"
2026-04-23T02:04:36.8658652Z [command]/usr/bin/git config --local --name-only --get-regexp http\.https\:\/\/github\.com\/\.extraheader
2026-04-23T02:04:36.8678425Z http.https://github.com/.extraheader
2026-04-23T02:04:36.8690981Z [command]/usr/bin/git config --local --unset-all http.https://github.com/.extraheader
2026-04-23T02:04:36.8724283Z [command]/usr/bin/git submodule foreach --recursive sh -c "git config --local --name-only --get-regexp 'http\.https\:\/\/github\.com\/\.extraheader' && git config --local --unset-all 'http.https://github.com/.extraheader' || :"
2026-04-23T02:04:36.8937238Z [command]/usr/bin/git config --local --name-only --get-regexp ^includeIf\.gitdir:
2026-04-23T02:04:36.8967468Z [command]/usr/bin/git submodule foreach --recursive git config --local --show-origin --name-only --get-regexp remote.origin.url
2026-04-23T02:04:36.9283381Z Cleaning up orphan processes
2026-04-23T02:04:36.9550062Z ##[warning]Node.js 20 actions are deprecated. The following actions are running on Node.js 20 and may not work as expected: actions/checkout@v4, actions/github-script@v7, actions/upload-artifact@v4. Actions will be forced to run with Node.js 24 by default starting June 2nd, 2026. Node.js 20 will be removed from the runner on September 16th, 2026. Please check if updated versions of these actions are available that support Node.js 24. To opt into Node.js 24 now, set the FORCE_JAVASCRIPT_ACTIONS_TO_NODE24=true environment variable on the runner or in your workflow file. Once Node.js 24 becomes the default, you can temporarily opt out by setting ACTIONS_ALLOW_USE_UNSECURE_NODE_VERSION=true. For more information see: https://github.blog/changelog/2025-09-19-deprecation-of-node-20-on-github-actions-runners/
