=== CI FAILURE ===
Workflow:      Android CI
Workflow file: akarlin3/prismTask/.github/workflows/android-ci.yml@refs/heads/main
Job(s):        lint-and-test
Run ID:        24799311694
Run attempt:   1
Run URL:       https://github.com/akarlin3/prismTask/actions/runs/24799311694
Commit:        c9e082c6d1c933266e13c136e4766eabd2dfe101
Branch:        main
Event:         push
Actor:         akarlin3
Runner OS:     Linux
Timestamp:     2026-04-22T19:59:15.575Z

Failed steps:
  - lint-and-test: #5 detekt | #8 Verify unit-test results (XML)

=== FAILED JOB LOG ===

--- Job: lint-and-test (id 72577389676) ---
2026-04-22T19:51:20.4065943Z Current runner version: '2.333.1'
2026-04-22T19:51:20.4089211Z ##[group]Runner Image Provisioner
2026-04-22T19:51:20.4090006Z Hosted Compute Agent
2026-04-22T19:51:20.4090723Z Version: 20260415.520
2026-04-22T19:51:20.4091297Z Commit: af089020f5f67b61ccc91db6c07980876c02bf7b
2026-04-22T19:51:20.4092039Z Build Date: 2026-04-15T18:07:08Z
2026-04-22T19:51:20.4092671Z Worker ID: {b7af8f71-63cd-48f3-b3ba-8ce382ba14f6}
2026-04-22T19:51:20.4093614Z Azure Region: westus
2026-04-22T19:51:20.4094120Z ##[endgroup]
2026-04-22T19:51:20.4095586Z ##[group]Operating System
2026-04-22T19:51:20.4096248Z Ubuntu
2026-04-22T19:51:20.4096713Z 24.04.4
2026-04-22T19:51:20.4097140Z LTS
2026-04-22T19:51:20.4097626Z ##[endgroup]
2026-04-22T19:51:20.4098115Z ##[group]Runner Image
2026-04-22T19:51:20.4098646Z Image: ubuntu-24.04
2026-04-22T19:51:20.4099208Z Version: 20260420.95.1
2026-04-22T19:51:20.4100351Z Included Software: https://github.com/actions/runner-images/blob/ubuntu24/20260420.95/images/ubuntu/Ubuntu2404-Readme.md
2026-04-22T19:51:20.4102230Z Image Release: https://github.com/actions/runner-images/releases/tag/ubuntu24%2F20260420.95
2026-04-22T19:51:20.4103159Z ##[endgroup]
2026-04-22T19:51:20.4104639Z ##[group]GITHUB_TOKEN Permissions
2026-04-22T19:51:20.4106781Z Actions: read
2026-04-22T19:51:20.4107329Z Checks: read
2026-04-22T19:51:20.4107872Z Contents: write
2026-04-22T19:51:20.4108463Z Metadata: read
2026-04-22T19:51:20.4108918Z PullRequests: read
2026-04-22T19:51:20.4109477Z ##[endgroup]
2026-04-22T19:51:20.4111460Z Secret source: Actions
2026-04-22T19:51:20.4112114Z Prepare workflow directory
2026-04-22T19:51:20.4443184Z Prepare all required actions
2026-04-22T19:51:20.4504412Z Getting action download info
2026-04-22T19:51:20.9477916Z Download action repository 'actions/checkout@v4' (SHA:34e114876b0b11c390a56381ad16ebd13914f8d5)
2026-04-22T19:51:21.0682065Z Download action repository 'actions/github-script@v7' (SHA:f28e40c7f34bde8b3046d885e986cb6290c5673b)
2026-04-22T19:51:21.6130344Z Download action repository 'actions/upload-artifact@v4' (SHA:ea165f8d65b6e75b540449e92b4886f43607fa02)
2026-04-22T19:51:21.8395428Z Complete job name: lint-and-test
2026-04-22T19:51:21.9187144Z ##[group]Run actions/checkout@v4
2026-04-22T19:51:21.9188088Z with:
2026-04-22T19:51:21.9188499Z   ref: refs/heads/main
2026-04-22T19:51:21.9188967Z   repository: akarlin3/prismTask
2026-04-22T19:51:21.9189691Z   token: ***
2026-04-22T19:51:21.9190151Z   ssh-strict: true
2026-04-22T19:51:21.9190560Z   ssh-user: git
2026-04-22T19:51:21.9190972Z   persist-credentials: true
2026-04-22T19:51:21.9191447Z   clean: true
2026-04-22T19:51:21.9191865Z   sparse-checkout-cone-mode: true
2026-04-22T19:51:21.9192372Z   fetch-depth: 1
2026-04-22T19:51:21.9192780Z   fetch-tags: false
2026-04-22T19:51:21.9193456Z   show-progress: true
2026-04-22T19:51:21.9193912Z   lfs: false
2026-04-22T19:51:21.9194303Z   submodules: false
2026-04-22T19:51:21.9194728Z   set-safe-directory: true
2026-04-22T19:51:21.9195515Z ##[endgroup]
2026-04-22T19:51:22.0260964Z Syncing repository: akarlin3/prismTask
2026-04-22T19:51:22.0262793Z ##[group]Getting Git version info
2026-04-22T19:51:22.0263970Z Working directory is '/home/runner/work/prismTask/prismTask'
2026-04-22T19:51:22.0265022Z [command]/usr/bin/git version
2026-04-22T19:51:22.0330282Z git version 2.53.0
2026-04-22T19:51:22.0356242Z ##[endgroup]
2026-04-22T19:51:22.0372596Z Temporarily overriding HOME='/home/runner/work/_temp/d5b7628c-4660-4b02-bf49-3269f4433cd8' before making global git config changes
2026-04-22T19:51:22.0374469Z Adding repository directory to the temporary git global config as a safe directory
2026-04-22T19:51:22.0378038Z [command]/usr/bin/git config --global --add safe.directory /home/runner/work/prismTask/prismTask
2026-04-22T19:51:22.0429997Z Deleting the contents of '/home/runner/work/prismTask/prismTask'
2026-04-22T19:51:22.0433757Z ##[group]Initializing the repository
2026-04-22T19:51:22.0437735Z [command]/usr/bin/git init /home/runner/work/prismTask/prismTask
2026-04-22T19:51:22.0554864Z hint: Using 'master' as the name for the initial branch. This default branch name
2026-04-22T19:51:22.0557179Z hint: will change to "main" in Git 3.0. To configure the initial branch name
2026-04-22T19:51:22.0558368Z hint: to use in all of your new repositories, which will suppress this warning,
2026-04-22T19:51:22.0559236Z hint: call:
2026-04-22T19:51:22.0559666Z hint:
2026-04-22T19:51:22.0560269Z hint: 	git config --global init.defaultBranch <name>
2026-04-22T19:51:22.0560952Z hint:
2026-04-22T19:51:22.0561768Z hint: Names commonly chosen instead of 'master' are 'main', 'trunk' and
2026-04-22T19:51:22.0563535Z hint: 'development'. The just-created branch can be renamed via this command:
2026-04-22T19:51:22.0564388Z hint:
2026-04-22T19:51:22.0564803Z hint: 	git branch -m <name>
2026-04-22T19:51:22.0565294Z hint:
2026-04-22T19:51:22.0566131Z hint: Disable this message with "git config set advice.defaultBranchName false"
2026-04-22T19:51:22.0567333Z Initialized empty Git repository in /home/runner/work/prismTask/prismTask/.git/
2026-04-22T19:51:22.0570155Z [command]/usr/bin/git remote add origin https://github.com/akarlin3/prismTask
2026-04-22T19:51:22.0616534Z ##[endgroup]
2026-04-22T19:51:22.0617745Z ##[group]Disabling automatic garbage collection
2026-04-22T19:51:22.0620244Z [command]/usr/bin/git config --local gc.auto 0
2026-04-22T19:51:22.0648048Z ##[endgroup]
2026-04-22T19:51:22.0649199Z ##[group]Setting up auth
2026-04-22T19:51:22.0654328Z [command]/usr/bin/git config --local --name-only --get-regexp core\.sshCommand
2026-04-22T19:51:22.0684118Z [command]/usr/bin/git submodule foreach --recursive sh -c "git config --local --name-only --get-regexp 'core\.sshCommand' && git config --local --unset-all 'core.sshCommand' || :"
2026-04-22T19:51:22.1044454Z [command]/usr/bin/git config --local --name-only --get-regexp http\.https\:\/\/github\.com\/\.extraheader
2026-04-22T19:51:22.1071015Z [command]/usr/bin/git submodule foreach --recursive sh -c "git config --local --name-only --get-regexp 'http\.https\:\/\/github\.com\/\.extraheader' && git config --local --unset-all 'http.https://github.com/.extraheader' || :"
2026-04-22T19:51:22.1287460Z [command]/usr/bin/git config --local --name-only --get-regexp ^includeIf\.gitdir:
2026-04-22T19:51:22.1323971Z [command]/usr/bin/git submodule foreach --recursive git config --local --show-origin --name-only --get-regexp remote.origin.url
2026-04-22T19:51:22.1537847Z [command]/usr/bin/git config --local http.https://github.com/.extraheader AUTHORIZATION: basic ***
2026-04-22T19:51:22.1569913Z ##[endgroup]
2026-04-22T19:51:22.1570732Z ##[group]Fetching the repository
2026-04-22T19:51:22.1579048Z [command]/usr/bin/git -c protocol.version=2 fetch --no-tags --prune --no-recurse-submodules --depth=1 origin +refs/heads/main:refs/remotes/origin/main
2026-04-22T19:51:25.3892761Z From https://github.com/akarlin3/prismTask
2026-04-22T19:51:25.3894644Z  * [new branch]      main       -> origin/main
2026-04-22T19:51:25.3930493Z ##[endgroup]
2026-04-22T19:51:25.3931407Z ##[group]Determining the checkout info
2026-04-22T19:51:25.3933656Z ##[endgroup]
2026-04-22T19:51:25.3939340Z [command]/usr/bin/git sparse-checkout disable
2026-04-22T19:51:25.4004000Z [command]/usr/bin/git config --local --unset-all extensions.worktreeConfig
2026-04-22T19:51:25.4029052Z ##[group]Checking out the ref
2026-04-22T19:51:25.4033887Z [command]/usr/bin/git checkout --progress --force -B main refs/remotes/origin/main
2026-04-22T19:51:25.5796176Z Switched to a new branch 'main'
2026-04-22T19:51:25.5797448Z branch 'main' set up to track 'origin/main'.
2026-04-22T19:51:25.5819443Z ##[endgroup]
2026-04-22T19:51:25.5862220Z [command]/usr/bin/git log -1 --format=%H
2026-04-22T19:51:25.5884023Z c9e082c6d1c933266e13c136e4766eabd2dfe101
2026-04-22T19:51:25.6122043Z Prepare all required actions
2026-04-22T19:51:25.6122574Z Getting action download info
2026-04-22T19:51:25.8547734Z Download action repository 'actions/setup-java@v4' (SHA:c1e323688fd81a25caa38c78aa6df2d33d3e20d9)
2026-04-22T19:51:26.6137695Z Download action repository 'gradle/actions@v4' (SHA:ed408507eac070d1f99cc633dbcf757c94c7933a)
2026-04-22T19:51:28.2395182Z ##[group]Run ./.github/actions/setup-android
2026-04-22T19:51:28.2395466Z ##[endgroup]
2026-04-22T19:51:28.2540037Z ##[group]Run actions/setup-java@v4
2026-04-22T19:51:28.2540286Z with:
2026-04-22T19:51:28.2540456Z   java-version: 21
2026-04-22T19:51:28.2540651Z   distribution: temurin
2026-04-22T19:51:28.2540849Z   java-package: jdk
2026-04-22T19:51:28.2541033Z   check-latest: false
2026-04-22T19:51:28.2541220Z   server-id: github
2026-04-22T19:51:28.2541399Z   server-username: GITHUB_ACTOR
2026-04-22T19:51:28.2541627Z   server-password: GITHUB_TOKEN
2026-04-22T19:51:28.2541868Z   overwrite-settings: true
2026-04-22T19:51:28.2542129Z   job-status: success
2026-04-22T19:51:28.2542424Z   token: ***
2026-04-22T19:51:28.2542598Z ##[endgroup]
2026-04-22T19:51:28.4599678Z ##[group]Installed distributions
2026-04-22T19:51:28.6780624Z Resolved Java 21.0.10+7 from tool-cache
2026-04-22T19:51:28.6781591Z Setting Java 21.0.10+7 as the default
2026-04-22T19:51:28.6798932Z Creating toolchains.xml for JDK version 21 from temurin
2026-04-22T19:51:28.6912491Z Writing to /home/runner/.m2/toolchains.xml
2026-04-22T19:51:28.6917921Z 
2026-04-22T19:51:28.6918312Z Java configuration:
2026-04-22T19:51:28.6919035Z   Distribution: temurin
2026-04-22T19:51:28.6919626Z   Version: 21.0.10+7
2026-04-22T19:51:28.6920343Z   Path: /opt/hostedtoolcache/Java_Temurin-Hotspot_jdk/21.0.10-7/x64
2026-04-22T19:51:28.6921021Z 
2026-04-22T19:51:28.6921633Z ##[endgroup]
2026-04-22T19:51:28.6937505Z Creating settings.xml with server-id: github
2026-04-22T19:51:28.6943971Z Writing to /home/runner/.m2/settings.xml
2026-04-22T19:51:28.7155042Z ##[group]Run gradle/actions/setup-gradle@v4
2026-04-22T19:51:28.7155293Z with:
2026-04-22T19:51:28.7155459Z   cache-disabled: false
2026-04-22T19:51:28.7155652Z   cache-read-only: false
2026-04-22T19:51:28.7155856Z   cache-write-only: false
2026-04-22T19:51:28.7156066Z   cache-overwrite-existing: false
2026-04-22T19:51:28.7156301Z   cache-cleanup: on-success
2026-04-22T19:51:28.7156574Z   gradle-home-cache-includes: caches
notifications

2026-04-22T19:51:28.7156857Z   add-job-summary: always
2026-04-22T19:51:28.7157077Z   add-job-summary-as-pr-comment: never
2026-04-22T19:51:28.7157327Z   dependency-graph: disabled
2026-04-22T19:51:28.7157602Z   dependency-graph-report-dir: dependency-graph-reports
2026-04-22T19:51:28.7157947Z   dependency-graph-continue-on-failure: true
2026-04-22T19:51:28.7158213Z   build-scan-publish: false
2026-04-22T19:51:28.7158431Z   validate-wrappers: true
2026-04-22T19:51:28.7158642Z   allow-snapshot-wrappers: false
2026-04-22T19:51:28.7158886Z   gradle-home-cache-strict-match: false
2026-04-22T19:51:28.7159141Z   workflow-job-context: null
2026-04-22T19:51:28.7159516Z   github-token: ***
2026-04-22T19:51:28.7159700Z env:
2026-04-22T19:51:28.7159967Z   JAVA_HOME: /opt/hostedtoolcache/Java_Temurin-Hotspot_jdk/21.0.10-7/x64
2026-04-22T19:51:28.7160444Z   JAVA_HOME_21_X64: /opt/hostedtoolcache/Java_Temurin-Hotspot_jdk/21.0.10-7/x64
2026-04-22T19:51:28.7160793Z ##[endgroup]
2026-04-22T19:51:30.8842985Z Merged default JDK locations into /home/runner/.m2/toolchains.xml
2026-04-22T19:51:30.8846004Z Preparing cache for cleanup.
2026-04-22T19:51:30.8849324Z ##[group]Restore Gradle state from cache
2026-04-22T19:51:31.1625823Z Cache hit for restore-key: gradle-home-v1|Linux-X64|lint-and-test[5df42585ae8f8da228c604b8b4e8707c]-69c3d34a551c114e449843bf015705dd4114600d
2026-04-22T19:51:32.4806701Z Received 0 of 43342056 (0.0%), 0.0 MBs/sec
2026-04-22T19:51:32.9332603Z Received 43342056 of 43342056 (100.0%), 28.4 MBs/sec
2026-04-22T19:51:32.9335101Z Cache Size: ~41 MB (43342056 B)
2026-04-22T19:51:32.9378326Z [command]/usr/bin/tar -xf /home/runner/work/_temp/bd70c0f7-ff78-4789-8edd-23a4b82a3493/cache.tzst -P -C /home/runner/work/prismTask/prismTask --use-compress-program unzstd
2026-04-22T19:51:33.2311693Z Cache restored successfully
2026-04-22T19:51:33.2337479Z Restored cache entry with key gradle-home-v1|Linux-X64|lint-and-test[5df42585ae8f8da228c604b8b4e8707c]-c9e082c6d1c933266e13c136e4766eabd2dfe101 to /home/runner/.gradle/caches,/home/runner/.gradle/notifications,/home/runner/.gradle/.setup-gradle in 2348ms
2026-04-22T19:51:33.4966588Z Cache hit for: gradle-instrumented-jars-v1-96716b09eec486d13b4b6859af524daf
2026-04-22T19:51:33.4973786Z Cache hit for: gradle-groovy-dsl-v1-e613075d19dd2e5913966838e534bd81
2026-04-22T19:51:33.5035793Z Cache hit for: gradle-wrapper-zips-v1-8c0de4c6bda6041d6e054bf825a89c98
2026-04-22T19:51:33.5042166Z Cache hit for: gradle-transforms-v1-fa0b058b4bc0b162da140328be31e50c
2026-04-22T19:51:33.5048305Z Cache hit for: gradle-dependencies-v1-d57337428bdbada266fea49a4c30737b
2026-04-22T19:51:33.5105735Z Cache hit for: gradle-kotlin-dsl-v1-5101ac4681719f453341bc9d83c514ca
2026-04-22T19:51:33.5127601Z Cache hit for: gradle-generated-gradle-jars-v1-cb4b032a7d08b9bf1e84e9eacaebcc29
2026-04-22T19:51:34.2271774Z Received 64473 of 64473 (100.0%), 0.1 MBs/sec
2026-04-22T19:51:34.2272510Z Cache Size: ~0 MB (64473 B)
2026-04-22T19:51:34.2300186Z [command]/usr/bin/tar -xf /home/runner/work/_temp/565461eb-488c-473d-81c7-e59c2e64c536/cache.tzst -P -C /home/runner/work/prismTask/prismTask --use-compress-program unzstd
2026-04-22T19:51:34.2368919Z Received 396811 of 396811 (100.0%), 0.9 MBs/sec
2026-04-22T19:51:34.2369550Z Cache Size: ~0 MB (396811 B)
2026-04-22T19:51:34.2395580Z [command]/usr/bin/tar -xf /home/runner/work/_temp/737a975e-8d76-4cf9-b44a-6e7a12bb9e9d/cache.tzst -P -C /home/runner/work/prismTask/prismTask --use-compress-program unzstd
2026-04-22T19:51:34.2432835Z Cache restored successfully
2026-04-22T19:51:34.2435576Z Restored cache entry with key gradle-instrumented-jars-v1-96716b09eec486d13b4b6859af524daf to /home/runner/.gradle/caches/jars-*/*/ in 1008ms
2026-04-22T19:51:34.2615952Z Received 109406 of 109406 (100.0%), 0.2 MBs/sec
2026-04-22T19:51:34.2617515Z Cache Size: ~0 MB (109406 B)
2026-04-22T19:51:34.2646603Z [command]/usr/bin/tar -xf /home/runner/work/_temp/40d29ab3-c138-40b4-a0f2-8acd2afe865c/cache.tzst -P -C /home/runner/work/prismTask/prismTask --use-compress-program unzstd
2026-04-22T19:51:34.3195655Z Cache restored successfully
2026-04-22T19:51:34.3224718Z Restored cache entry with key gradle-groovy-dsl-v1-e613075d19dd2e5913966838e534bd81 to /home/runner/.gradle/caches/*/groovy-dsl/*/ in 1083ms
2026-04-22T19:51:34.4189292Z Cache restored successfully
2026-04-22T19:51:34.4191792Z Restored cache entry with key gradle-kotlin-dsl-v1-5101ac4681719f453341bc9d83c514ca to /home/runner/.gradle/caches/*/kotlin-dsl/accessors/*/,/home/runner/.gradle/caches/*/kotlin-dsl/scripts/*/ in 1183ms
2026-04-22T19:51:34.7790604Z Received 0 of 445620314 (0.0%), 0.0 MBs/sec
2026-04-22T19:51:34.8125102Z Received 0 of 136352669 (0.0%), 0.0 MBs/sec
2026-04-22T19:51:34.8320632Z Received 0 of 835383148 (0.0%), 0.0 MBs/sec
2026-04-22T19:51:34.8499537Z Received 0 of 41993404 (0.0%), 0.0 MBs/sec
2026-04-22T19:51:35.7652233Z Received 41993404 of 41993404 (100.0%), 20.9 MBs/sec
2026-04-22T19:51:35.7654601Z Cache Size: ~40 MB (41993404 B)
2026-04-22T19:51:35.7903695Z Received 96468992 of 445620314 (21.6%), 45.7 MBs/sec
2026-04-22T19:51:35.8162493Z Received 79691776 of 136352669 (58.4%), 37.9 MBs/sec
2026-04-22T19:51:35.8331862Z Received 83886080 of 835383148 (10.0%), 40.0 MBs/sec
2026-04-22T19:51:35.8659720Z [command]/usr/bin/tar -xf /home/runner/work/_temp/a2fcdce4-191f-4bc3-9aac-c1e578d3590e/cache.tzst -P -C /home/runner/work/prismTask/prismTask --use-compress-program unzstd
2026-04-22T19:51:36.2233452Z Cache restored successfully
2026-04-22T19:51:36.2257826Z Restored cache entry with key gradle-generated-gradle-jars-v1-cb4b032a7d08b9bf1e84e9eacaebcc29 to /home/runner/.gradle/caches/9.3.1/generated-gradle-jars/gradle-api-9.3.1.jar in 2991ms
2026-04-22T19:51:36.5345534Z Received 136352669 of 136352669 (100.0%), 47.8 MBs/sec
2026-04-22T19:51:36.5424416Z Cache Size: ~130 MB (136352669 B)
2026-04-22T19:51:36.5893728Z [command]/usr/bin/tar -xf /home/runner/work/_temp/ff3ff373-7a44-4282-94f0-38723a3831af/cache.tzst -P -C /home/runner/work/prismTask/prismTask --use-compress-program unzstd
2026-04-22T19:51:36.7937133Z Received 192937984 of 445620314 (43.3%), 61.0 MBs/sec
2026-04-22T19:51:36.8356109Z Received 171966464 of 835383148 (20.6%), 54.6 MBs/sec
2026-04-22T19:51:36.8398633Z Cache restored successfully
2026-04-22T19:51:36.8477096Z Restored cache entry with key gradle-wrapper-zips-v1-8c0de4c6bda6041d6e054bf825a89c98 to /home/runner/.gradle/wrapper/dists/gradle-9.3.1-bin/23ovyewtku6u96viwx3xl3oks in 3613ms
2026-04-22T19:51:37.8067626Z Received 310378496 of 445620314 (69.7%), 73.5 MBs/sec
2026-04-22T19:51:37.8454717Z Received 268435456 of 835383148 (32.1%), 63.8 MBs/sec
2026-04-22T19:51:38.7780176Z Received 445620314 of 445620314 (100.0%), 85.0 MBs/sec
2026-04-22T19:51:38.7782460Z Cache Size: ~425 MB (445620314 B)
2026-04-22T19:51:38.7836937Z [command]/usr/bin/tar -xf /home/runner/work/_temp/25f9c5b9-ead4-45ea-ac1b-56df39aa9059/cache.tzst -P -C /home/runner/work/prismTask/prismTask --use-compress-program unzstd
2026-04-22T19:51:38.8457078Z Received 398458880 of 835383148 (47.7%), 75.8 MBs/sec
2026-04-22T19:51:39.8479889Z Received 528482304 of 835383148 (63.3%), 83.8 MBs/sec
2026-04-22T19:51:40.8905760Z Received 671088640 of 835383148 (80.3%), 90.7 MBs/sec
2026-04-22T19:51:41.8924506Z Received 805306368 of 835383148 (96.4%), 95.3 MBs/sec
2026-04-22T19:51:42.1267337Z Received 835383148 of 835383148 (100.0%), 96.0 MBs/sec
2026-04-22T19:51:42.1270805Z Cache Size: ~797 MB (835383148 B)
2026-04-22T19:51:42.1448435Z [command]/usr/bin/tar -xf /home/runner/work/_temp/c102bd64-c8f7-4523-b018-36ec9b02c26b/cache.tzst -P -C /home/runner/work/prismTask/prismTask --use-compress-program unzstd
2026-04-22T19:51:44.4530774Z Cache restored successfully
2026-04-22T19:51:44.4994687Z Restored cache entry with key gradle-dependencies-v1-d57337428bdbada266fea49a4c30737b to /home/runner/.gradle/caches/modules-*/files-*/*/*/*/* in 11264ms
2026-04-22T19:51:45.1075247Z Cache restored successfully
2026-04-22T19:51:45.1261857Z Restored cache entry with key gradle-transforms-v1-fa0b058b4bc0b162da140328be31e50c to /home/runner/.gradle/caches/transforms-4/*/,/home/runner/.gradle/caches/*/transforms/*/ in 11889ms
2026-04-22T19:51:45.1346180Z ##[endgroup]
2026-04-22T19:51:45.1671900Z ##[group]All Gradle Wrapper jars are valid
2026-04-22T19:51:45.1673509Z ✓ Found known Gradle Wrapper JAR files:
2026-04-22T19:51:45.1674442Z   b3a875ddc1f044746e1b1a55f645584505f4a10438c1afea9f15e92a7c42ec13 gradle/wrapper/gradle-wrapper.jar
2026-04-22T19:51:45.1675165Z ##[endgroup]
2026-04-22T19:51:45.2337105Z ##[group]Run chmod +x gradlew
2026-04-22T19:51:45.2337457Z [36;1mchmod +x gradlew[0m
2026-04-22T19:51:45.3149696Z shell: /usr/bin/bash --noprofile --norc -e -o pipefail {0}
2026-04-22T19:51:45.3150348Z env:
2026-04-22T19:51:45.3150917Z   JAVA_HOME: /opt/hostedtoolcache/Java_Temurin-Hotspot_jdk/21.0.10-7/x64
2026-04-22T19:51:45.3151842Z   JAVA_HOME_21_X64: /opt/hostedtoolcache/Java_Temurin-Hotspot_jdk/21.0.10-7/x64
2026-04-22T19:51:45.3152536Z   GRADLE_ACTION_ID: gradle/actions/setup-gradle
2026-04-22T19:51:45.3152898Z   GRADLE_USER_HOME: /home/runner/.gradle
2026-04-22T19:51:45.3153501Z   GRADLE_BUILD_ACTION_SETUP_COMPLETED: true
2026-04-22T19:51:45.3153881Z   GRADLE_BUILD_ACTION_CACHE_RESTORED: true
2026-04-22T19:51:45.3154352Z   DEVELOCITY_INJECTION_INIT_SCRIPT_NAME: gradle-actions.inject-develocity.init.gradle
2026-04-22T19:51:45.3154860Z   DEVELOCITY_INJECTION_CUSTOM_VALUE: gradle-actions
2026-04-22T19:51:45.3155201Z   GITHUB_DEPENDENCY_GRAPH_ENABLED: false
2026-04-22T19:51:45.3155501Z ##[endgroup]
2026-04-22T19:51:45.3349532Z ##[group]Run ./gradlew ktlintCheck --continue
2026-04-22T19:51:45.3349943Z [36;1m./gradlew ktlintCheck --continue[0m
2026-04-22T19:51:45.3403593Z shell: /usr/bin/bash -e {0}
2026-04-22T19:51:45.3403865Z env:
2026-04-22T19:51:45.3404198Z   JAVA_HOME: /opt/hostedtoolcache/Java_Temurin-Hotspot_jdk/21.0.10-7/x64
2026-04-22T19:51:45.3404732Z   JAVA_HOME_21_X64: /opt/hostedtoolcache/Java_Temurin-Hotspot_jdk/21.0.10-7/x64
2026-04-22T19:51:45.3405194Z   GRADLE_ACTION_ID: gradle/actions/setup-gradle
2026-04-22T19:51:45.3405705Z   GRADLE_USER_HOME: /home/runner/.gradle
2026-04-22T19:51:45.3406022Z   GRADLE_BUILD_ACTION_SETUP_COMPLETED: true
2026-04-22T19:51:45.3406343Z   GRADLE_BUILD_ACTION_CACHE_RESTORED: true
2026-04-22T19:51:45.3406808Z   DEVELOCITY_INJECTION_INIT_SCRIPT_NAME: gradle-actions.inject-develocity.init.gradle
2026-04-22T19:51:45.3407317Z   DEVELOCITY_INJECTION_CUSTOM_VALUE: gradle-actions
2026-04-22T19:51:45.3407650Z   GITHUB_DEPENDENCY_GRAPH_ENABLED: false
2026-04-22T19:51:45.3407975Z ##[endgroup]
2026-04-22T19:51:48.0118797Z Starting a Gradle Daemon (subsequent builds will be faster)
2026-04-22T19:51:56.4123064Z Configuration on demand is an incubating feature.
2026-04-22T19:52:03.1110079Z 
2026-04-22T19:52:03.1121595Z > Configure project :app
2026-04-22T19:52:03.1123959Z WARNING: The option setting 'android.builtInKotlin=false' is deprecated.
2026-04-22T19:52:03.1124722Z The current default is 'true'.
2026-04-22T19:52:03.1131293Z It will be removed in version 10.0 of the Android Gradle plugin.
2026-04-22T19:52:03.1132537Z WARNING: The option setting 'android.newDsl=false' is deprecated.
2026-04-22T19:52:03.1133883Z The current default is 'true'.
2026-04-22T19:52:03.1134848Z It will be removed in version 10.0 of the Android Gradle plugin.
2026-04-22T19:52:03.1136516Z WARNING: The option setting 'android.dependency.excludeLibraryComponentsFromConstraints=true' is deprecated.
2026-04-22T19:52:03.1137892Z The current default is 'false'.
2026-04-22T19:52:03.1138711Z It will be removed in version 10.0 of the Android Gradle plugin.
2026-04-22T19:52:03.1139681Z Following can be set instead to achieve a similar behaviour.
2026-04-22T19:52:03.1140626Z     android.dependency.useConstraints=false
2026-04-22T19:52:10.8121218Z w: file:///home/runner/work/prismTask/prismTask/app/build.gradle.kts:17:1: 'fun Project.android(configure: Action<BaseAppModuleExtension>): Unit' is deprecated. Replaced by com.android.build.api.dsl.ApplicationExtension.
2026-04-22T19:52:10.8129613Z This class is not used for the public extensions in AGP when android.newDsl=true, which is the default in AGP 9.0, and will be removed in AGP 10.0.
2026-04-22T19:52:10.8132351Z w: file:///home/runner/work/prismTask/prismTask/app/build.gradle.kts:237:1: 'val Project.android: BaseAppModuleExtension' is deprecated. Replaced by com.android.build.api.dsl.ApplicationExtension.
2026-04-22T19:52:10.8135316Z This class is not used for the public extensions in AGP when android.newDsl=true, which is the default in AGP 9.0, and will be removed in AGP 10.0.
2026-04-22T19:52:12.2111840Z w: ⚠️ Deprecated 'org.jetbrains.kotlin.android' plugin usage
2026-04-22T19:52:12.2138157Z The 'org.jetbrains.kotlin.android' plugin in project ':app' is no longer required for Kotlin support since AGP 9.0.
2026-04-22T19:52:12.2146035Z Solution: Remove both `android.builtInKotlin=true` and `android.newDsl=false` from `gradle.properties`, then migrate to built-in Kotlin.
2026-04-22T19:52:12.2148613Z See https://kotl.in/gradle/agp-built-in-kotlin for more details.
2026-04-22T19:52:12.2149364Z 
2026-04-22T19:52:12.7115604Z 
2026-04-22T19:52:12.7118937Z > Task :app:loadKtlintReporters FROM-CACHE
2026-04-22T19:52:12.7120160Z > Task :app:runKtlintCheckOverAndroidTestDebugSourceSet NO-SOURCE
2026-04-22T19:52:12.7121339Z > Task :app:ktlintAndroidTestDebugSourceSetCheck SKIPPED
2026-04-22T19:52:12.7122485Z > Task :app:runKtlintCheckOverAndroidTestReleaseSourceSet NO-SOURCE
2026-04-22T19:52:12.7123974Z > Task :app:ktlintAndroidTestReleaseSourceSetCheck SKIPPED
2026-04-22T19:52:12.8122497Z > Task :app:runKtlintCheckOverAndroidTestSourceSet FROM-CACHE
2026-04-22T19:52:12.8123736Z > Task :app:ktlintAndroidTestSourceSetCheck FROM-CACHE
2026-04-22T19:52:12.8124512Z > Task :app:runKtlintCheckOverDebugSourceSet FROM-CACHE
2026-04-22T19:52:12.8125232Z > Task :app:ktlintDebugSourceSetCheck FROM-CACHE
2026-04-22T19:52:13.1144683Z > Task :app:runKtlintCheckOverReleaseSourceSet FROM-CACHE
2026-04-22T19:52:13.1154413Z > Task :app:ktlintReleaseSourceSetCheck FROM-CACHE
2026-04-22T19:52:13.1196996Z > Task :app:runKtlintCheckOverTestDebugSourceSet NO-SOURCE
2026-04-22T19:52:13.1230823Z > Task :app:ktlintTestDebugSourceSetCheck SKIPPED
2026-04-22T19:52:13.1231912Z > Task :app:runKtlintCheckOverTestFixturesDebugSourceSet NO-SOURCE
2026-04-22T19:52:13.1233055Z > Task :app:ktlintTestFixturesDebugSourceSetCheck SKIPPED
2026-04-22T19:52:13.1234445Z > Task :app:runKtlintCheckOverTestFixturesReleaseSourceSet NO-SOURCE
2026-04-22T19:52:13.1235638Z > Task :app:ktlintTestFixturesReleaseSourceSetCheck SKIPPED
2026-04-22T19:52:13.1236733Z > Task :app:runKtlintCheckOverTestFixturesSourceSet NO-SOURCE
2026-04-22T19:52:13.1237746Z > Task :app:ktlintTestFixturesSourceSetCheck SKIPPED
2026-04-22T19:52:13.1238738Z > Task :app:runKtlintCheckOverTestReleaseSourceSet NO-SOURCE
2026-04-22T19:52:13.1239682Z > Task :app:ktlintTestReleaseSourceSetCheck SKIPPED
2026-04-22T19:52:16.4144386Z > Task :app:runKtlintCheckOverKotlinScripts
2026-04-22T19:52:16.4184189Z > Task :app:ktlintKotlinScriptCheck FROM-CACHE
2026-04-22T19:52:26.0111462Z > Task :app:runKtlintCheckOverTestSourceSet
2026-04-22T19:52:26.1114656Z > Task :app:ktlintTestSourceSetCheck
2026-04-22T19:52:39.0119409Z > Task :app:runKtlintCheckOverMainSourceSet
2026-04-22T19:52:39.0150522Z > Task :app:ktlintMainSourceSetCheck FROM-CACHE
2026-04-22T19:52:39.0159759Z > Task :app:ktlintCheck
2026-04-22T19:52:39.0160797Z gradle/actions: Writing build results to /home/runner/work/_temp/.gradle-actions/build-results/__run-1776887518365.json
2026-04-22T19:52:39.0161443Z 
2026-04-22T19:52:39.0162075Z [Incubating] Problems report is available at: file:///home/runner/work/prismTask/prismTask/build/reports/problems/problems-report.html
2026-04-22T19:52:39.0162771Z 
2026-04-22T19:52:39.0163182Z Deprecated Gradle features were used in this build, making it incompatible with Gradle 10.
2026-04-22T19:52:39.0164237Z 
2026-04-22T19:52:39.0165013Z You can use '--warning-mode all' to show the individual deprecation warnings and determine if they come from your own scripts or plugins.
2026-04-22T19:52:39.0165962Z 
2026-04-22T19:52:39.0166535Z For more on this, please refer to https://docs.gradle.org/9.3.1/userguide/command_line_interface.html#sec:command_line_warnings in the Gradle documentation.
2026-04-22T19:52:39.0167118Z 
2026-04-22T19:52:39.0167220Z BUILD SUCCESSFUL in 53s
2026-04-22T19:52:39.0167497Z 13 actionable tasks: 4 executed, 9 from cache
2026-04-22T19:52:39.4326792Z ##[group]Run ./gradlew detekt --continue
2026-04-22T19:52:39.4327169Z [36;1m./gradlew detekt --continue[0m
2026-04-22T19:52:39.4381990Z shell: /usr/bin/bash -e {0}
2026-04-22T19:52:39.4382278Z env:
2026-04-22T19:52:39.4382627Z   JAVA_HOME: /opt/hostedtoolcache/Java_Temurin-Hotspot_jdk/21.0.10-7/x64
2026-04-22T19:52:39.4383346Z   JAVA_HOME_21_X64: /opt/hostedtoolcache/Java_Temurin-Hotspot_jdk/21.0.10-7/x64
2026-04-22T19:52:39.4383828Z   GRADLE_ACTION_ID: gradle/actions/setup-gradle
2026-04-22T19:52:39.4384172Z   GRADLE_USER_HOME: /home/runner/.gradle
2026-04-22T19:52:39.4384505Z   GRADLE_BUILD_ACTION_SETUP_COMPLETED: true
2026-04-22T19:52:39.4384855Z   GRADLE_BUILD_ACTION_CACHE_RESTORED: true
2026-04-22T19:52:39.4385356Z   DEVELOCITY_INJECTION_INIT_SCRIPT_NAME: gradle-actions.inject-develocity.init.gradle
2026-04-22T19:52:39.4385892Z   DEVELOCITY_INJECTION_CUSTOM_VALUE: gradle-actions
2026-04-22T19:52:39.4386258Z   GITHUB_DEPENDENCY_GRAPH_ENABLED: false
2026-04-22T19:52:39.4386608Z ##[endgroup]
2026-04-22T19:52:40.2084565Z Configuration on demand is an incubating feature.
2026-04-22T19:52:40.7056089Z 
2026-04-22T19:52:40.7084202Z > Configure project :app
2026-04-22T19:52:40.7105881Z WARNING: The option setting 'android.builtInKotlin=false' is deprecated.
2026-04-22T19:52:40.7134085Z The current default is 'true'.
2026-04-22T19:52:40.7134756Z It will be removed in version 10.0 of the Android Gradle plugin.
2026-04-22T19:52:40.7135587Z WARNING: The option setting 'android.newDsl=false' is deprecated.
2026-04-22T19:52:40.7136282Z The current default is 'true'.
2026-04-22T19:52:40.7136913Z It will be removed in version 10.0 of the Android Gradle plugin.
2026-04-22T19:52:40.7138552Z WARNING: The option setting 'android.dependency.excludeLibraryComponentsFromConstraints=true' is deprecated.
2026-04-22T19:52:40.7139646Z The current default is 'false'.
2026-04-22T19:52:40.7140283Z It will be removed in version 10.0 of the Android Gradle plugin.
2026-04-22T19:52:40.7141089Z Following can be set instead to achieve a similar behaviour.
2026-04-22T19:52:40.7141807Z     android.dependency.useConstraints=false
2026-04-22T19:52:40.7142821Z w: ⚠️ Deprecated 'org.jetbrains.kotlin.android' plugin usage
2026-04-22T19:52:40.7144226Z The 'org.jetbrains.kotlin.android' plugin in project ':app' is no longer required for Kotlin support since AGP 9.0.
2026-04-22T19:52:40.7145854Z Solution: Remove both `android.builtInKotlin=true` and `android.newDsl=false` from `gradle.properties`, then migrate to built-in Kotlin.
2026-04-22T19:52:40.7147176Z See https://kotl.in/gradle/agp-built-in-kotlin for more details.
2026-04-22T19:52:40.7147682Z 
2026-04-22T19:52:41.9067206Z 
2026-04-22T19:52:41.9080795Z > Task :detekt-rules:checkKotlinGradlePluginConfigurationErrors SKIPPED
2026-04-22T19:52:42.0084495Z > Task :detekt-rules:compileKotlin FROM-CACHE
2026-04-22T19:52:42.0103947Z > Task :detekt-rules:compileJava NO-SOURCE
2026-04-22T19:52:42.0104588Z > Task :detekt-rules:processResources
2026-04-22T19:52:42.0105166Z > Task :detekt-rules:classes
2026-04-22T19:52:42.0105627Z > Task :detekt-rules:jar
2026-04-22T19:53:12.0084268Z > Task :app:detekt
2026-04-22T19:53:18.0110904Z 
2026-04-22T19:53:18.0111715Z FAILURE: Build failed with an exception.
2026-04-22T19:53:18.0114090Z /home/runner/work/prismTask/prismTask/app/src/main/java/com/averycorp/prismtask/data/remote/mapper/SyncMapper.kt:25:8: Object 'SyncMapper' with '43' functions detected. Defined threshold inside objects is set to '40' [TooManyFunctions]
2026-04-22T19:53:18.0115984Z 
2026-04-22T19:53:18.0116307Z * What went wrong:
2026-04-22T19:53:18.0118902Z Execution failed for task ':app:detekt'.
2026-04-22T19:53:18.0119923Z > Analysis failed with 1 weighted issues.
2026-04-22T19:53:18.0120494Z 
2026-04-22T19:53:18.0120778Z * Try:
2026-04-22T19:53:18.0121377Z > Run with --stacktrace option to get the stack trace.
2026-04-22T19:53:18.0122249Z > Run with --info or --debug option to get more log output.
2026-04-22T19:53:18.0123911Z > Run with --scan to get full insights from a Build Scan (powered by Develocity).
2026-04-22T19:53:18.0124929Z > Get more help at https://help.gradle.org.
2026-04-22T19:53:18.0125554Z 
2026-04-22T19:53:18.0125854Z BUILD FAILED in 38s
2026-04-22T19:53:18.0144589Z 
2026-04-22T19:53:18.0144840Z 
2026-04-22T19:53:18.0145275Z > Task :app:detekt FAILED
2026-04-22T19:53:18.0146594Z gradle/actions: Writing build results to /home/runner/work/_temp/.gradle-actions/build-results/__run_2-1776887560135.json
2026-04-22T19:53:18.0147675Z 
2026-04-22T19:53:18.0148677Z [Incubating] Problems report is available at: file:///home/runner/work/prismTask/prismTask/build/reports/problems/problems-report.html
2026-04-22T19:53:18.0153750Z 
2026-04-22T19:53:18.0154499Z Deprecated Gradle features were used in this build, making it incompatible with Gradle 10.
2026-04-22T19:53:18.0155410Z 
2026-04-22T19:53:18.0156379Z You can use '--warning-mode all' to show the individual deprecation warnings and determine if they come from your own scripts or plugins.
2026-04-22T19:53:18.0157542Z 
2026-04-22T19:53:18.0158643Z For more on this, please refer to https://docs.gradle.org/9.3.1/userguide/command_line_interface.html#sec:command_line_warnings in the Gradle documentation.
2026-04-22T19:53:18.0160164Z 4 actionable tasks: 3 executed, 1 from cache
2026-04-22T19:53:18.0593574Z ##[error]Process completed with exit code 1.
2026-04-22T19:53:18.0639831Z ##[group]Run ./gradlew lint --continue
2026-04-22T19:53:18.0640207Z [36;1m./gradlew lint --continue[0m
2026-04-22T19:53:18.0694400Z shell: /usr/bin/bash -e {0}
2026-04-22T19:53:18.0694696Z env:
2026-04-22T19:53:18.0695057Z   JAVA_HOME: /opt/hostedtoolcache/Java_Temurin-Hotspot_jdk/21.0.10-7/x64
2026-04-22T19:53:18.0695844Z   JAVA_HOME_21_X64: /opt/hostedtoolcache/Java_Temurin-Hotspot_jdk/21.0.10-7/x64
2026-04-22T19:53:18.0696360Z   GRADLE_ACTION_ID: gradle/actions/setup-gradle
2026-04-22T19:53:18.0696729Z   GRADLE_USER_HOME: /home/runner/.gradle
2026-04-22T19:53:18.0697078Z   GRADLE_BUILD_ACTION_SETUP_COMPLETED: true
2026-04-22T19:53:18.0697439Z   GRADLE_BUILD_ACTION_CACHE_RESTORED: true
2026-04-22T19:53:18.0697971Z   DEVELOCITY_INJECTION_INIT_SCRIPT_NAME: gradle-actions.inject-develocity.init.gradle
2026-04-22T19:53:18.0698542Z   DEVELOCITY_INJECTION_CUSTOM_VALUE: gradle-actions
2026-04-22T19:53:18.0698929Z   GITHUB_DEPENDENCY_GRAPH_ENABLED: false
2026-04-22T19:53:18.0699287Z ##[endgroup]
2026-04-22T19:53:18.8505831Z Configuration on demand is an incubating feature.
2026-04-22T19:53:19.1487800Z 
2026-04-22T19:53:19.1504573Z > Configure project :app
2026-04-22T19:53:19.1506019Z WARNING: The option setting 'android.builtInKotlin=false' is deprecated.
2026-04-22T19:53:19.1507303Z The current default is 'true'.
2026-04-22T19:53:19.1508433Z It will be removed in version 10.0 of the Android Gradle plugin.
2026-04-22T19:53:19.1525270Z WARNING: The option setting 'android.newDsl=false' is deprecated.
2026-04-22T19:53:19.1526217Z The current default is 'true'.
2026-04-22T19:53:19.1526906Z It will be removed in version 10.0 of the Android Gradle plugin.
2026-04-22T19:53:19.1528171Z WARNING: The option setting 'android.dependency.excludeLibraryComponentsFromConstraints=true' is deprecated.
2026-04-22T19:53:19.1529300Z The current default is 'false'.
2026-04-22T19:53:19.1529926Z It will be removed in version 10.0 of the Android Gradle plugin.
2026-04-22T19:53:19.1530730Z Following can be set instead to achieve a similar behaviour.
2026-04-22T19:53:19.1531435Z     android.dependency.useConstraints=false
2026-04-22T19:53:19.1532429Z w: ⚠️ Deprecated 'org.jetbrains.kotlin.android' plugin usage
2026-04-22T19:53:19.1534830Z The 'org.jetbrains.kotlin.android' plugin in project ':app' is no longer required for Kotlin support since AGP 9.0.
2026-04-22T19:53:19.1536491Z Solution: Remove both `android.builtInKotlin=true` and `android.newDsl=false` from `gradle.properties`, then migrate to built-in Kotlin.
2026-04-22T19:53:19.1537827Z See https://kotl.in/gradle/agp-built-in-kotlin for more details.
2026-04-22T19:53:19.1538343Z 
2026-04-22T19:53:20.2491790Z 
2026-04-22T19:53:20.2492822Z > Task :app:checkKotlinGradlePluginConfigurationErrors SKIPPED
2026-04-22T19:53:20.2496046Z > Task :app:preBuild UP-TO-DATE
2026-04-22T19:53:20.2502403Z > Task :app:preDebugBuild UP-TO-DATE
2026-04-22T19:53:20.3489362Z > Task :app:generateDebugBuildConfig
2026-04-22T19:53:20.3490484Z > Task :app:generateDebugResValues FROM-CACHE
2026-04-22T19:53:20.3491327Z > Task :app:generateDebugResources FROM-CACHE
2026-04-22T19:53:20.3500139Z > Task :app:injectCrashlyticsMappingFileIdDebug
2026-04-22T19:53:20.3502148Z > Task :app:processDebugGoogleServices FROM-CACHE
2026-04-22T19:53:20.4491422Z > Task :app:packageDebugResources FROM-CACHE
2026-04-22T19:53:20.8489277Z > Task :app:processDebugNavigationResources FROM-CACHE
2026-04-22T19:53:22.0494369Z > Task :app:parseDebugLocalResources FROM-CACHE
2026-04-22T19:53:22.0495272Z > Task :app:generateDebugRFile FROM-CACHE
2026-04-22T19:53:22.7517184Z > Task :app:javaPreCompileDebug FROM-CACHE
2026-04-22T19:53:22.8492859Z > Task :app:mapDebugSourceSetPaths
2026-04-22T19:53:22.8529692Z > Task :app:compileDebugNavigationResources FROM-CACHE
2026-04-22T19:53:22.8563663Z > Task :app:checkDebugAarMetadata
2026-04-22T19:53:23.3514707Z > Task :app:mergeDebugResources FROM-CACHE
2026-04-22T19:53:23.3521935Z > Task :app:createDebugCompatibleScreenManifests
2026-04-22T19:53:23.3533779Z > Task :app:extractDeepLinksDebug FROM-CACHE
2026-04-22T19:53:23.8497902Z > Task :app:processDebugMainManifest
2026-04-22T19:53:23.9514532Z > Task :app:processDebugManifest
2026-04-22T19:53:23.9524199Z > Task :app:preDebugAndroidTestBuild SKIPPED
2026-04-22T19:53:23.9544069Z > Task :app:generateDebugAndroidTestResValues FROM-CACHE
2026-04-22T19:53:24.0504447Z > Task :app:extractProguardFiles
2026-04-22T19:53:24.0534264Z > Task :app:preDebugUnitTestBuild UP-TO-DATE
2026-04-22T19:53:24.0564054Z > Task :app:processDebugManifestForPackage
2026-04-22T19:53:25.3488306Z > Task :app:processDebugResources
2026-04-22T19:53:52.0489906Z > Task :app:kspDebugKotlin
2026-04-22T19:54:25.3530631Z > Task :app:compileDebugKotlin
2026-04-22T19:55:41.0499865Z w: file:///home/runner/work/prismTask/prismTask/app/build/generated/ksp/debug/kotlin/com/averycorp/prismtask/data/local/dao/HabitCompletionDao_Impl.kt:120:23 This declaration overrides a deprecated member but is not marked as deprecated itself. Add the '@Deprecated' annotation or suppress the diagnostic.
2026-04-22T19:55:41.0551850Z w: file:///home/runner/work/prismTask/prismTask/app/build/generated/ksp/debug/kotlin/com/averycorp/prismtask/data/local/dao/HabitCompletionDao_Impl.kt:317:23 This declaration overrides a deprecated member but is not marked as deprecated itself. Add the '@Deprecated' annotation or suppress the diagnostic.
2026-04-22T19:55:41.0655828Z w: file:///home/runner/work/prismTask/prismTask/app/build/generated/ksp/debug/kotlin/com/averycorp/prismtask/data/local/dao/HabitCompletionDao_Impl.kt:365:31 This declaration overrides a deprecated member but is not marked as deprecated itself. Add the '@Deprecated' annotation or suppress the diagnostic.
2026-04-22T19:55:41.0685593Z w: file:///home/runner/work/prismTask/prismTask/app/build/generated/ksp/debug/kotlin/com/averycorp/prismtask/data/local/dao/HabitCompletionDao_Impl.kt:413:31 This declaration overrides a deprecated member but is not marked as deprecated itself. Add the '@Deprecated' annotation or suppress the diagnostic.
2026-04-22T19:55:41.0689943Z w: file:///home/runner/work/prismTask/prismTask/app/build/generated/ksp/debug/kotlin/com/averycorp/prismtask/data/local/dao/HabitCompletionDao_Impl.kt:461:31 This declaration overrides a deprecated member but is not marked as deprecated itself. Add the '@Deprecated' annotation or suppress the diagnostic.
2026-04-22T19:55:41.0715692Z w: file:///home/runner/work/prismTask/prismTask/app/build/generated/ksp/debug/kotlin/com/averycorp/prismtask/data/local/dao/HabitCompletionDao_Impl.kt:882:31 This declaration overrides a deprecated member but is not marked as deprecated itself. Add the '@Deprecated' annotation or suppress the diagnostic.
2026-04-22T19:55:41.0745640Z w: file:///home/runner/work/prismTask/prismTask/app/build/generated/ksp/debug/kotlin/com/averycorp/prismtask/data/local/dao/HabitCompletionDao_Impl.kt:914:31 This declaration overrides a deprecated member but is not marked as deprecated itself. Add the '@Deprecated' annotation or suppress the diagnostic.
2026-04-22T19:55:41.0775251Z w: file:///home/runner/work/prismTask/prismTask/app/src/main/java/com/averycorp/prismtask/PrismTaskApplication.kt:149:22 'fun setPersistenceEnabled(p0: Boolean): FirebaseFirestoreSettings.Builder' is deprecated. Deprecated in Java.
2026-04-22T19:55:41.0805234Z w: file:///home/runner/work/prismTask/prismTask/app/src/main/java/com/averycorp/prismtask/data/billing/BillingManager.kt:57:5 This annotation is currently applied to the value parameter only, but in the future it will also be applied to field.
2026-04-22T19:55:41.0814485Z - To opt in to applying to both value parameter and field, add '-Xannotation-default-target=param-property' to your compiler arguments.
2026-04-22T19:55:41.0834344Z - To keep applying to the value parameter only, use the '@param:' annotation target.
2026-04-22T19:55:41.0835219Z 
2026-04-22T19:55:41.0835811Z See https://youtrack.jetbrains.com/issue/KT-73255 for more details.
2026-04-22T19:55:41.0838094Z w: file:///home/runner/work/prismTask/prismTask/app/src/main/java/com/averycorp/prismtask/data/calendar/CalendarManager.kt:6:8 'class GoogleSignIn : Any' is deprecated. Deprecated in Java.
2026-04-22T19:55:41.0841357Z w: file:///home/runner/work/prismTask/prismTask/app/src/main/java/com/averycorp/prismtask/data/calendar/CalendarManager.kt:7:8 'class GoogleSignInOptions : AbstractSafeParcelable, Api.ApiOptions.Optional, ReflectedParcelable' is deprecated. Deprecated in Java.
2026-04-22T19:55:41.0845582Z w: file:///home/runner/work/prismTask/prismTask/app/src/main/java/com/averycorp/prismtask/data/calendar/CalendarManager.kt:44:5 This annotation is currently applied to the value parameter only, but in the future it will also be applied to field.
2026-04-22T19:55:41.0848187Z - To opt in to applying to both value parameter and field, add '-Xannotation-default-target=param-property' to your compiler arguments.
2026-04-22T19:55:41.0849681Z - To keep applying to the value parameter only, use the '@param:' annotation target.
2026-04-22T19:55:41.0850427Z 
2026-04-22T19:55:41.0850928Z See https://youtrack.jetbrains.com/issue/KT-73255 for more details.
2026-04-22T19:55:41.0852753Z w: file:///home/runner/work/prismTask/prismTask/app/src/main/java/com/averycorp/prismtask/data/calendar/CalendarManager.kt:58:23 'class GoogleSignIn : Any' is deprecated. Deprecated in Java.
2026-04-22T19:55:41.0856080Z w: file:///home/runner/work/prismTask/prismTask/app/src/main/java/com/averycorp/prismtask/data/calendar/CalendarManager.kt:69:85 'class GoogleSignInClient : GoogleApi<GoogleSignInOptions!>' is deprecated. Deprecated in Java.
2026-04-22T19:55:41.0859868Z w: file:///home/runner/work/prismTask/prismTask/app/src/main/java/com/averycorp/prismtask/data/calendar/CalendarManager.kt:70:19 'class GoogleSignInOptions : AbstractSafeParcelable, Api.ApiOptions.Optional, ReflectedParcelable' is deprecated. Deprecated in Java.
2026-04-22T19:55:41.0864087Z w: file:///home/runner/work/prismTask/prismTask/app/src/main/java/com/averycorp/prismtask/data/calendar/CalendarManager.kt:70:47 'class GoogleSignInOptions : AbstractSafeParcelable, Api.ApiOptions.Optional, ReflectedParcelable' is deprecated. Deprecated in Java.
2026-04-22T19:55:41.0867445Z w: file:///home/runner/work/prismTask/prismTask/app/src/main/java/com/averycorp/prismtask/data/calendar/CalendarManager.kt:74:16 'class GoogleSignIn : Any' is deprecated. Deprecated in Java.
2026-04-22T19:55:41.0870169Z w: file:///home/runner/work/prismTask/prismTask/app/src/main/java/com/averycorp/prismtask/data/calendar/CalendarManager.kt:85:28 'class GoogleSignIn : Any' is deprecated. Deprecated in Java.
2026-04-22T19:55:41.0873032Z w: file:///home/runner/work/prismTask/prismTask/app/src/main/java/com/averycorp/prismtask/data/calendar/CalendarManager.kt:121:24 'class GoogleSignIn : Any' is deprecated. Deprecated in Java.
2026-04-22T19:55:41.0876215Z w: file:///home/runner/work/prismTask/prismTask/app/src/main/java/com/averycorp/prismtask/data/calendar/CalendarManager.kt:156:23 'class GoogleSignIn : Any' is deprecated. Deprecated in Java.
2026-04-22T19:55:41.0879000Z w: file:///home/runner/work/prismTask/prismTask/app/src/main/java/com/averycorp/prismtask/data/calendar/CalendarManager.kt:224:23 'class GoogleSignIn : Any' is deprecated. Deprecated in Java.
2026-04-22T19:55:41.0882373Z w: file:///home/runner/work/prismTask/prismTask/app/src/main/java/com/averycorp/prismtask/data/calendar/DefaultCalendarPushDispatcher.kt:28:5 This annotation is currently applied to the value parameter only, but in the future it will also be applied to field.
2026-04-22T19:55:41.0885624Z - To opt in to applying to both value parameter and field, add '-Xannotation-default-target=param-property' to your compiler arguments.
2026-04-22T19:55:41.0887229Z - To keep applying to the value parameter only, use the '@param:' annotation target.
2026-04-22T19:55:41.0888048Z 
2026-04-22T19:55:41.0888610Z See https://youtrack.jetbrains.com/issue/KT-73255 for more details.
2026-04-22T19:55:41.0891239Z w: file:///home/runner/work/prismTask/prismTask/app/src/main/java/com/averycorp/prismtask/data/preferences/A11yPreferences.kt:22:5 This annotation is currently applied to the value parameter only, but in the future it will also be applied to field.
2026-04-22T19:55:41.0894335Z - To opt in to applying to both value parameter and field, add '-Xannotation-default-target=param-property' to your compiler arguments.
2026-04-22T19:55:41.0895978Z - To keep applying to the value parameter only, use the '@param:' annotation target.
2026-04-22T19:55:41.0897042Z 
2026-04-22T19:55:41.0897589Z See https://youtrack.jetbrains.com/issue/KT-73255 for more details.
2026-04-22T19:55:41.0899904Z w: file:///home/runner/work/prismTask/prismTask/app/src/main/java/com/averycorp/prismtask/data/preferences/ArchivePreferences.kt:21:5 This annotation is currently applied to the value parameter only, but in the future it will also be applied to field.
2026-04-22T19:55:41.0902741Z - To opt in to applying to both value parameter and field, add '-Xannotation-default-target=param-property' to your compiler arguments.
2026-04-22T19:55:41.0904713Z - To keep applying to the value parameter only, use the '@param:' annotation target.
2026-04-22T19:55:41.0905548Z 
2026-04-22T19:55:41.0906088Z See https://youtrack.jetbrains.com/issue/KT-73255 for more details.
2026-04-22T19:55:41.0908445Z w: file:///home/runner/work/prismTask/prismTask/app/src/main/java/com/averycorp/prismtask/data/preferences/AuthTokenPreferences.kt:30:5 This annotation is currently applied to the value parameter only, but in the future it will also be applied to field.
2026-04-22T19:55:41.0911275Z - To opt in to applying to both value parameter and field, add '-Xannotation-default-target=param-property' to your compiler arguments.
2026-04-22T19:55:41.0912968Z - To keep applying to the value parameter only, use the '@param:' annotation target.
2026-04-22T19:55:41.0914101Z 
2026-04-22T19:55:41.0914653Z See https://youtrack.jetbrains.com/issue/KT-73255 for more details.
2026-04-22T19:55:41.0917125Z w: file:///home/runner/work/prismTask/prismTask/app/src/main/java/com/averycorp/prismtask/data/preferences/BackendSyncPreferences.kt:29:5 This annotation is currently applied to the value parameter only, but in the future it will also be applied to field.
2026-04-22T19:55:41.0920038Z - To opt in to applying to both value parameter and field, add '-Xannotation-default-target=param-property' to your compiler arguments.
2026-04-22T19:55:41.0921647Z - To keep applying to the value parameter only, use the '@param:' annotation target.
2026-04-22T19:55:41.0922460Z 
2026-04-22T19:55:41.0923046Z See https://youtrack.jetbrains.com/issue/KT-73255 for more details.
2026-04-22T19:55:41.0925756Z w: file:///home/runner/work/prismTask/prismTask/app/src/main/java/com/averycorp/prismtask/data/preferences/BuiltInSyncPreferences.kt:25:5 This annotation is currently applied to the value parameter only, but in the future it will also be applied to field.
2026-04-22T19:55:41.0937298Z - To opt in to applying to both value parameter and field, add '-Xannotation-default-target=param-property' to your compiler arguments.
2026-04-22T19:55:41.0938682Z - To keep applying to the value parameter only, use the '@param:' annotation target.
2026-04-22T19:55:41.0939290Z 
2026-04-22T19:55:41.0939649Z See https://youtrack.jetbrains.com/issue/KT-73255 for more details.
2026-04-22T19:55:41.0941671Z w: file:///home/runner/work/prismTask/prismTask/app/src/main/java/com/averycorp/prismtask/data/preferences/CoachingPreferences.kt:30:5 This annotation is currently applied to the value parameter only, but in the future it will also be applied to field.
2026-04-22T19:55:41.0954499Z - To opt in to applying to both value parameter and field, add '-Xannotation-default-target=param-property' to your compiler arguments.
2026-04-22T19:55:41.0955855Z - To keep applying to the value parameter only, use the '@param:' annotation target.
2026-04-22T19:55:41.0956458Z 
2026-04-22T19:55:41.0956819Z See https://youtrack.jetbrains.com/issue/KT-73255 for more details.
2026-04-22T19:55:41.0959174Z w: file:///home/runner/work/prismTask/prismTask/app/src/main/java/com/averycorp/prismtask/data/preferences/DailyEssentialsPreferences.kt:28:5 This annotation is currently applied to the value parameter only, but in the future it will also be applied to field.
2026-04-22T19:55:41.0961684Z - To opt in to applying to both value parameter and field, add '-Xannotation-default-target=param-property' to your compiler arguments.
2026-04-22T19:55:41.0963168Z - To keep applying to the value parameter only, use the '@param:' annotation target.
2026-04-22T19:55:41.0963966Z 
2026-04-22T19:55:41.0964315Z See https://youtrack.jetbrains.com/issue/KT-73255 for more details.
2026-04-22T19:55:41.0966347Z w: file:///home/runner/work/prismTask/prismTask/app/src/main/java/com/averycorp/prismtask/data/preferences/DashboardPreferences.kt:22:5 This annotation is currently applied to the value parameter only, but in the future it will also be applied to field.
2026-04-22T19:55:41.0968805Z - To opt in to applying to both value parameter and field, add '-Xannotation-default-target=param-property' to your compiler arguments.
2026-04-22T19:55:41.0970143Z - To keep applying to the value parameter only, use the '@param:' annotation target.
2026-04-22T19:55:41.0970718Z 
2026-04-22T19:55:41.0971065Z See https://youtrack.jetbrains.com/issue/KT-73255 for more details.
2026-04-22T19:55:41.0973093Z w: file:///home/runner/work/prismTask/prismTask/app/src/main/java/com/averycorp/prismtask/data/preferences/HabitListPreferences.kt:31:5 This annotation is currently applied to the value parameter only, but in the future it will also be applied to field.
2026-04-22T19:55:41.1008726Z - To opt in to applying to both value parameter and field, add '-Xannotation-default-target=param-property' to your compiler arguments.
2026-04-22T19:55:41.1010154Z - To keep applying to the value parameter only, use the '@param:' annotation target.
2026-04-22T19:55:41.1010776Z 
2026-04-22T19:55:41.1011134Z See https://youtrack.jetbrains.com/issue/KT-73255 for more details.
2026-04-22T19:55:41.1013134Z w: file:///home/runner/work/prismTask/prismTask/app/src/main/java/com/averycorp/prismtask/data/preferences/LeisurePreferences.kt:83:5 This annotation is currently applied to the value parameter only, but in the future it will also be applied to field.
2026-04-22T19:55:41.1015833Z - To opt in to applying to both value parameter and field, add '-Xannotation-default-target=param-property' to your compiler arguments.
2026-04-22T19:55:41.1017142Z - To keep applying to the value parameter only, use the '@param:' annotation target.
2026-04-22T19:55:41.1017723Z 
2026-04-22T19:55:41.1018074Z See https://youtrack.jetbrains.com/issue/KT-73255 for more details.
2026-04-22T19:55:41.1020224Z w: file:///home/runner/work/prismTask/prismTask/app/src/main/java/com/averycorp/prismtask/data/preferences/MedicationMigrationPreferences.kt:29:5 This annotation is currently applied to the value parameter only, but in the future it will also be applied to field.
2026-04-22T19:55:41.1022886Z - To opt in to applying to both value parameter and field, add '-Xannotation-default-target=param-property' to your compiler arguments.
2026-04-22T19:55:41.1024388Z - To keep applying to the value parameter only, use the '@param:' annotation target.
2026-04-22T19:55:41.1024986Z 
2026-04-22T19:55:41.1025325Z See https://youtrack.jetbrains.com/issue/KT-73255 for more details.
2026-04-22T19:55:41.1027291Z w: file:///home/runner/work/prismTask/prismTask/app/src/main/java/com/averycorp/prismtask/data/preferences/MedicationPreferences.kt:26:5 This annotation is currently applied to the value parameter only, but in the future it will also be applied to field.
2026-04-22T19:55:41.1029703Z - To opt in to applying to both value parameter and field, add '-Xannotation-default-target=param-property' to your compiler arguments.
2026-04-22T19:55:41.1030978Z - To keep applying to the value parameter only, use the '@param:' annotation target.
2026-04-22T19:55:41.1031558Z 
2026-04-22T19:55:41.1031891Z See https://youtrack.jetbrains.com/issue/KT-73255 for more details.
2026-04-22T19:55:41.1044693Z w: file:///home/runner/work/prismTask/prismTask/app/src/main/java/com/averycorp/prismtask/data/preferences/MorningCheckInPreferences.kt:32:5 This annotation is currently applied to the value parameter only, but in the future it will also be applied to field.
2026-04-22T19:55:41.1047583Z - To opt in to applying to both value parameter and field, add '-Xannotation-default-target=param-property' to your compiler arguments.
2026-04-22T19:55:41.1049386Z - To keep applying to the value parameter only, use the '@param:' annotation target.
2026-04-22T19:55:41.1050059Z 
2026-04-22T19:55:41.1050444Z See https://youtrack.jetbrains.com/issue/KT-73255 for more details.
2026-04-22T19:55:41.1052617Z w: file:///home/runner/work/prismTask/prismTask/app/src/main/java/com/averycorp/prismtask/data/preferences/OnboardingPreferences.kt:22:5 This annotation is currently applied to the value parameter only, but in the future it will also be applied to field.
2026-04-22T19:55:41.1055534Z - To opt in to applying to both value parameter and field, add '-Xannotation-default-target=param-property' to your compiler arguments.
2026-04-22T19:55:41.1056943Z - To keep applying to the value parameter only, use the '@param:' annotation target.
2026-04-22T19:55:41.1057553Z 
2026-04-22T19:55:41.1057919Z See https://youtrack.jetbrains.com/issue/KT-73255 for more details.
2026-04-22T19:55:41.1060077Z w: file:///home/runner/work/prismTask/prismTask/app/src/main/java/com/averycorp/prismtask/data/preferences/ProStatusPreferences.kt:22:5 This annotation is currently applied to the value parameter only, but in the future it will also be applied to field.
2026-04-22T19:55:41.1062715Z - To opt in to applying to both value parameter and field, add '-Xannotation-default-target=param-property' to your compiler arguments.
2026-04-22T19:55:41.1064247Z - To keep applying to the value parameter only, use the '@param:' annotation target.
2026-04-22T19:55:41.1064597Z 
2026-04-22T19:55:41.1064830Z See https://youtrack.jetbrains.com/issue/KT-73255 for more details.
2026-04-22T19:55:41.1066438Z w: file:///home/runner/work/prismTask/prismTask/app/src/main/java/com/averycorp/prismtask/data/preferences/ShakePreferences.kt:28:5 This annotation is currently applied to the value parameter only, but in the future it will also be applied to field.
2026-04-22T19:55:41.1069012Z - To opt in to applying to both value parameter and field, add '-Xannotation-default-target=param-property' to your compiler arguments.
2026-04-22T19:55:41.1070458Z - To keep applying to the value parameter only, use the '@param:' annotation target.
2026-04-22T19:55:41.1071125Z 
2026-04-22T19:55:41.1071524Z See https://youtrack.jetbrains.com/issue/KT-73255 for more details.
2026-04-22T19:55:41.1073883Z w: file:///home/runner/work/prismTask/prismTask/app/src/main/java/com/averycorp/prismtask/data/preferences/TabPreferences.kt:22:5 This annotation is currently applied to the value parameter only, but in the future it will also be applied to field.
2026-04-22T19:55:41.1076531Z - To opt in to applying to both value parameter and field, add '-Xannotation-default-target=param-property' to your compiler arguments.
2026-04-22T19:55:41.1077997Z - To keep applying to the value parameter only, use the '@param:' annotation target.
2026-04-22T19:55:41.1078656Z 
2026-04-22T19:55:41.1079061Z See https://youtrack.jetbrains.com/issue/KT-73255 for more details.
2026-04-22T19:55:41.1081243Z w: file:///home/runner/work/prismTask/prismTask/app/src/main/java/com/averycorp/prismtask/data/preferences/TaskBehaviorPreferences.kt:58:5 This annotation is currently applied to the value parameter only, but in the future it will also be applied to field.
2026-04-22T19:55:41.1084301Z - To opt in to applying to both value parameter and field, add '-Xannotation-default-target=param-property' to your compiler arguments.
2026-04-22T19:55:41.1085712Z - To keep applying to the value parameter only, use the '@param:' annotation target.
2026-04-22T19:55:41.1086334Z 
2026-04-22T19:55:41.1086700Z See https://youtrack.jetbrains.com/issue/KT-73255 for more details.
2026-04-22T19:55:41.1089049Z w: file:///home/runner/work/prismTask/prismTask/app/src/main/java/com/averycorp/prismtask/data/preferences/TemplatePreferences.kt:31:5 This annotation is currently applied to the value parameter only, but in the future it will also be applied to field.
2026-04-22T19:55:41.1091629Z - To opt in to applying to both value parameter and field, add '-Xannotation-default-target=param-property' to your compiler arguments.
2026-04-22T19:55:41.1093462Z - To keep applying to the value parameter only, use the '@param:' annotation target.
2026-04-22T19:55:41.1094115Z 
2026-04-22T19:55:41.1094485Z See https://youtrack.jetbrains.com/issue/KT-73255 for more details.
2026-04-22T19:55:41.1096573Z w: file:///home/runner/work/prismTask/prismTask/app/src/main/java/com/averycorp/prismtask/data/preferences/ThemePreferences.kt:27:5 This annotation is currently applied to the value parameter only, but in the future it will also be applied to field.
2026-04-22T19:55:41.1099074Z - To opt in to applying to both value parameter and field, add '-Xannotation-default-target=param-property' to your compiler arguments.
2026-04-22T19:55:41.1100458Z - To keep applying to the value parameter only, use the '@param:' annotation target.
2026-04-22T19:55:41.1101070Z 
2026-04-22T19:55:41.1101441Z See https://youtrack.jetbrains.com/issue/KT-73255 for more details.
2026-04-22T19:55:41.1103760Z w: file:///home/runner/work/prismTask/prismTask/app/src/main/java/com/averycorp/prismtask/data/preferences/TimerPreferences.kt:23:5 This annotation is currently applied to the value parameter only, but in the future it will also be applied to field.
2026-04-22T19:55:41.1106307Z - To opt in to applying to both value parameter and field, add '-Xannotation-default-target=param-property' to your compiler arguments.
2026-04-22T19:55:41.1107896Z - To keep applying to the value parameter only, use the '@param:' annotation target.
2026-04-22T19:55:41.1108530Z 
2026-04-22T19:55:41.1108897Z See https://youtrack.jetbrains.com/issue/KT-73255 for more details.
2026-04-22T19:55:41.1110982Z w: file:///home/runner/work/prismTask/prismTask/app/src/main/java/com/averycorp/prismtask/data/preferences/VoicePreferences.kt:22:5 This annotation is currently applied to the value parameter only, but in the future it will also be applied to field.
2026-04-22T19:55:41.1113737Z - To opt in to applying to both value parameter and field, add '-Xannotation-default-target=param-property' to your compiler arguments.
2026-04-22T19:55:41.1115109Z - To keep applying to the value parameter only, use the '@param:' annotation target.
2026-04-22T19:55:41.1115731Z 
2026-04-22T19:55:41.1116102Z See https://youtrack.jetbrains.com/issue/KT-73255 for more details.
2026-04-22T19:55:41.1489216Z w: file:///home/runner/work/prismTask/prismTask/app/src/main/java/com/averycorp/prismtask/data/remote/AuthManager.kt:30:5 This annotation is currently applied to the value parameter only, but in the future it will also be applied to field.
2026-04-22T19:55:41.1492081Z - To opt in to applying to both value parameter and field, add '-Xannotation-default-target=param-property' to your compiler arguments.
2026-04-22T19:55:41.1494274Z - To keep applying to the value parameter only, use the '@param:' annotation target.
2026-04-22T19:55:41.1495083Z 
2026-04-22T19:55:41.1495630Z See https://youtrack.jetbrains.com/issue/KT-73255 for more details.
2026-04-22T19:55:41.1499215Z w: file:///home/runner/work/prismTask/prismTask/app/src/main/java/com/averycorp/prismtask/data/remote/GenericPreferenceSyncService.kt:68:22 This declaration is in a preview state and can be changed in a backwards-incompatible manner with a best-effort migration. Its usage should be marked with '@kotlinx.coroutines.FlowPreview' or '@OptIn(kotlinx.coroutines.FlowPreview::class)' if you accept the drawback of relying on preview API
2026-04-22T19:55:41.1503740Z w: file:///home/runner/work/prismTask/prismTask/app/src/main/java/com/averycorp/prismtask/data/remote/GoogleDriveService.kt:4:8 'class GoogleSignIn : Any' is deprecated. Deprecated in Java.
2026-04-22T19:55:41.1507213Z w: file:///home/runner/work/prismTask/prismTask/app/src/main/java/com/averycorp/prismtask/data/remote/GoogleDriveService.kt:23:5 This annotation is currently applied to the value parameter only, but in the future it will also be applied to field.
2026-04-22T19:55:41.1509904Z - To opt in to applying to both value parameter and field, add '-Xannotation-default-target=param-property' to your compiler arguments.
2026-04-22T19:55:41.1511652Z - To keep applying to the value parameter only, use the '@param:' annotation target.
2026-04-22T19:55:41.1512434Z 
2026-04-22T19:55:41.1512950Z See https://youtrack.jetbrains.com/issue/KT-73255 for more details.
2026-04-22T19:55:41.1515052Z w: file:///home/runner/work/prismTask/prismTask/app/src/main/java/com/averycorp/prismtask/data/remote/GoogleDriveService.kt:33:23 'class GoogleSignIn : Any' is deprecated. Deprecated in Java.
2026-04-22T19:55:41.1517824Z w: file:///home/runner/work/prismTask/prismTask/app/src/main/java/com/averycorp/prismtask/data/remote/GoogleDriveService.kt:143:34 'class GoogleSignIn : Any' is deprecated. Deprecated in Java.
2026-04-22T19:55:41.1522192Z w: file:///home/runner/work/prismTask/prismTask/app/src/main/java/com/averycorp/prismtask/data/remote/SortPreferencesSyncService.kt:58:18 This declaration is in a preview state and can be changed in a backwards-incompatible manner with a best-effort migration. Its usage should be marked with '@kotlinx.coroutines.FlowPreview' or '@OptIn(kotlinx.coroutines.FlowPreview::class)' if you accept the drawback of relying on preview API
2026-04-22T19:55:41.1528075Z w: file:///home/runner/work/prismTask/prismTask/app/src/main/java/com/averycorp/prismtask/data/remote/SyncService.kt:2036:18 This declaration is in a preview state and can be changed in a backwards-incompatible manner with a best-effort migration. Its usage should be marked with '@kotlinx.coroutines.FlowPreview' or '@OptIn(kotlinx.coroutines.FlowPreview::class)' if you accept the drawback of relying on preview API
2026-04-22T19:55:41.1534054Z w: file:///home/runner/work/prismTask/prismTask/app/src/main/java/com/averycorp/prismtask/data/remote/ThemePreferencesSyncService.kt:58:18 This declaration is in a preview state and can be changed in a backwards-incompatible manner with a best-effort migration. Its usage should be marked with '@kotlinx.coroutines.FlowPreview' or '@OptIn(kotlinx.coroutines.FlowPreview::class)' if you accept the drawback of relying on preview API
2026-04-22T19:55:41.1551637Z w: file:///home/runner/work/prismTask/prismTask/app/src/main/java/com/averycorp/prismtask/data/remote/sync/SyncDeviceIdProvider.kt:33:5 This annotation is currently applied to the value parameter only, but in the future it will also be applied to field.
2026-04-22T19:55:41.1554839Z - To opt in to applying to both value parameter and field, add '-Xannotation-default-target=param-property' to your compiler arguments.
2026-04-22T19:55:41.1556403Z - To keep applying to the value parameter only, use the '@param:' annotation target.
2026-04-22T19:55:41.1557193Z 
2026-04-22T19:55:41.1557725Z See https://youtrack.jetbrains.com/issue/KT-73255 for more details.
2026-04-22T19:55:41.1560017Z w: file:///home/runner/work/prismTask/prismTask/app/src/main/java/com/averycorp/prismtask/data/repository/CustomSoundRepository.kt:35:5 This annotation is currently applied to the value parameter only, but in the future it will also be applied to field.
2026-04-22T19:55:41.1562807Z - To opt in to applying to both value parameter and field, add '-Xannotation-default-target=param-property' to your compiler arguments.
2026-04-22T19:55:41.1566240Z - To keep applying to the value parameter only, use the '@param:' annotation target.
2026-04-22T19:55:41.1567063Z 
2026-04-22T19:55:41.1567590Z See https://youtrack.jetbrains.com/issue/KT-73255 for more details.
2026-04-22T19:55:41.1569558Z w: file:///home/runner/work/prismTask/prismTask/app/src/main/java/com/averycorp/prismtask/domain/usecase/NaturalLanguageParser.kt:349:48 Unnecessary safe call on a non-null receiver of type 'LocalDate'.
2026-04-22T19:55:41.1572984Z w: file:///home/runner/work/prismTask/prismTask/app/src/main/java/com/averycorp/prismtask/domain/usecase/ShakeDetector.kt:20:5 This annotation is currently applied to the value parameter only, but in the future it will also be applied to field.
2026-04-22T19:55:41.1575927Z - To opt in to applying to both value parameter and field, add '-Xannotation-default-target=param-property' to your compiler arguments.
2026-04-22T19:55:41.1577870Z - To keep applying to the value parameter only, use the '@param:' annotation target.
2026-04-22T19:55:41.1578656Z 
2026-04-22T19:55:41.1579187Z See https://youtrack.jetbrains.com/issue/KT-73255 for more details.
2026-04-22T19:55:41.1581488Z w: file:///home/runner/work/prismTask/prismTask/app/src/main/java/com/averycorp/prismtask/domain/usecase/TextToSpeechManager.kt:20:5 This annotation is currently applied to the value parameter only, but in the future it will also be applied to field.
2026-04-22T19:55:41.1584500Z - To opt in to applying to both value parameter and field, add '-Xannotation-default-target=param-property' to your compiler arguments.
2026-04-22T19:55:41.1586106Z - To keep applying to the value parameter only, use the '@param:' annotation target.
2026-04-22T19:55:41.1586914Z 
2026-04-22T19:55:41.1587460Z See https://youtrack.jetbrains.com/issue/KT-73255 for more details.
2026-04-22T19:55:41.1589753Z w: file:///home/runner/work/prismTask/prismTask/app/src/main/java/com/averycorp/prismtask/domain/usecase/VoiceInputManager.kt:35:5 This annotation is currently applied to the value parameter only, but in the future it will also be applied to field.
2026-04-22T19:55:41.1592497Z - To opt in to applying to both value parameter and field, add '-Xannotation-default-target=param-property' to your compiler arguments.
2026-04-22T19:55:41.1594322Z - To keep applying to the value parameter only, use the '@param:' annotation target.
2026-04-22T19:55:41.1595113Z 
2026-04-22T19:55:41.1595627Z See https://youtrack.jetbrains.com/issue/KT-73255 for more details.
2026-04-22T19:55:41.1597888Z w: file:///home/runner/work/prismTask/prismTask/app/src/main/java/com/averycorp/prismtask/notifications/EscalationScheduler.kt:29:5 This annotation is currently applied to the value parameter only, but in the future it will also be applied to field.
2026-04-22T19:55:41.1600630Z - To opt in to applying to both value parameter and field, add '-Xannotation-default-target=param-property' to your compiler arguments.
2026-04-22T19:55:41.1602223Z - To keep applying to the value parameter only, use the '@param:' annotation target.
2026-04-22T19:55:41.1603018Z 
2026-04-22T19:55:41.1603768Z See https://youtrack.jetbrains.com/issue/KT-73255 for more details.
2026-04-22T19:55:41.1606071Z w: file:///home/runner/work/prismTask/prismTask/app/src/main/java/com/averycorp/prismtask/notifications/HabitReminderScheduler.kt:46:5 This annotation is currently applied to the value parameter only, but in the future it will also be applied to field.
2026-04-22T19:55:41.1608781Z - To opt in to applying to both value parameter and field, add '-Xannotation-default-target=param-property' to your compiler arguments.
2026-04-22T19:55:41.1610306Z - To keep applying to the value parameter only, use the '@param:' annotation target.
2026-04-22T19:55:41.1611077Z 
2026-04-22T19:55:41.1611591Z See https://youtrack.jetbrains.com/issue/KT-73255 for more details.
2026-04-22T19:55:41.1614137Z w: file:///home/runner/work/prismTask/prismTask/app/src/main/java/com/averycorp/prismtask/notifications/MedicationReminderScheduler.kt:43:5 This annotation is currently applied to the value parameter only, but in the future it will also be applied to field.
2026-04-22T19:55:41.1616892Z - To opt in to applying to both value parameter and field, add '-Xannotation-default-target=param-property' to your compiler arguments.
2026-04-22T19:55:41.1618430Z - To keep applying to the value parameter only, use the '@param:' annotation target.
2026-04-22T19:55:41.1619192Z 
2026-04-22T19:55:41.1619681Z See https://youtrack.jetbrains.com/issue/KT-73255 for more details.
2026-04-22T19:55:41.1622158Z w: file:///home/runner/work/prismTask/prismTask/app/src/main/java/com/averycorp/prismtask/notifications/NotificationTester.kt:28:5 This annotation is currently applied to the value parameter only, but in the future it will also be applied to field.
2026-04-22T19:55:41.1625053Z - To opt in to applying to both value parameter and field, add '-Xannotation-default-target=param-property' to your compiler arguments.
2026-04-22T19:55:41.1626804Z - To keep applying to the value parameter only, use the '@param:' annotation target.
2026-04-22T19:55:41.1627560Z 
2026-04-22T19:55:41.1628066Z See https://youtrack.jetbrains.com/issue/KT-73255 for more details.
2026-04-22T19:55:41.1630385Z w: file:///home/runner/work/prismTask/prismTask/app/src/main/java/com/averycorp/prismtask/notifications/NotificationWorkerScheduler.kt:39:5 This annotation is currently applied to the value parameter only, but in the future it will also be applied to field.
2026-04-22T19:55:41.1633060Z - To opt in to applying to both value parameter and field, add '-Xannotation-default-target=param-property' to your compiler arguments.
2026-04-22T19:55:41.1634793Z - To keep applying to the value parameter only, use the '@param:' annotation target.
2026-04-22T19:55:41.1635571Z 
2026-04-22T19:55:41.1636079Z See https://youtrack.jetbrains.com/issue/KT-73255 for more details.
2026-04-22T19:55:41.1638278Z w: file:///home/runner/work/prismTask/prismTask/app/src/main/java/com/averycorp/prismtask/notifications/ReminderScheduler.kt:21:5 This annotation is currently applied to the value parameter only, but in the future it will also be applied to field.
2026-04-22T19:55:41.1640976Z - To opt in to applying to both value parameter and field, add '-Xannotation-default-target=param-property' to your compiler arguments.
2026-04-22T19:55:41.1642531Z - To keep applying to the value parameter only, use the '@param:' annotation target.
2026-04-22T19:55:41.1643503Z 
2026-04-22T19:55:41.1644042Z See https://youtrack.jetbrains.com/issue/KT-73255 for more details.
2026-04-22T19:55:41.1646323Z w: file:///home/runner/work/prismTask/prismTask/app/src/main/java/com/averycorp/prismtask/ui/components/sync/SyncDebugPanel.kt:139:13 'fun Divider(modifier: Modifier = ..., thickness: Dp = ..., color: Color = ...): Unit' is deprecated. Renamed to HorizontalDivider.
2026-04-22T19:55:41.1649830Z w: file:///home/runner/work/prismTask/prismTask/app/src/main/java/com/averycorp/prismtask/ui/components/sync/SyncDetailsSheet.kt:74:13 'fun Divider(modifier: Modifier = ..., thickness: Dp = ..., color: Color = ...): Unit' is deprecated. Renamed to HorizontalDivider.
2026-04-22T19:55:41.1653498Z w: file:///home/runner/work/prismTask/prismTask/app/src/main/java/com/averycorp/prismtask/ui/screens/feedback/BugReportViewModel.kt:50:5 This annotation is currently applied to the value parameter only, but in the future it will also be applied to field.
2026-04-22T19:55:41.1656267Z - To opt in to applying to both value parameter and field, add '-Xannotation-default-target=param-property' to your compiler arguments.
2026-04-22T19:55:41.1657810Z - To keep applying to the value parameter only, use the '@param:' annotation target.
2026-04-22T19:55:41.1658587Z 
2026-04-22T19:55:41.1659100Z See https://youtrack.jetbrains.com/issue/KT-73255 for more details.
2026-04-22T19:55:41.1661008Z w: file:///home/runner/work/prismTask/prismTask/app/src/main/java/com/averycorp/prismtask/ui/screens/habits/HabitListViewModel.kt:162:32 Unchecked cast of 'Any?' to 'List<SelfCareStepEntity>'.
2026-04-22T19:55:41.1663959Z w: file:///home/runner/work/prismTask/prismTask/app/src/main/java/com/averycorp/prismtask/ui/screens/habits/HabitListViewModel.kt:163:32 Unchecked cast of 'Any?' to 'List<SelfCareStepEntity>'.
2026-04-22T19:55:41.1666690Z w: file:///home/runner/work/prismTask/prismTask/app/src/main/java/com/averycorp/prismtask/ui/screens/habits/HabitListViewModel.kt:164:34 Unchecked cast of 'Any?' to 'List<SelfCareStepEntity>'.
2026-04-22T19:55:41.1669630Z w: file:///home/runner/work/prismTask/prismTask/app/src/main/java/com/averycorp/prismtask/ui/screens/habits/HabitListViewModel.kt:171:34 Unchecked cast of 'Any?' to 'List<SelfCareStepEntity>'.
2026-04-22T19:55:41.1672821Z w: file:///home/runner/work/prismTask/prismTask/app/src/main/java/com/averycorp/prismtask/ui/screens/pomodoro/SmartPomodoroViewModel.kt:102:5 This annotation is currently applied to the value parameter only, but in the future it will also be applied to field.
2026-04-22T19:55:41.1676024Z - To opt in to applying to both value parameter and field, add '-Xannotation-default-target=param-property' to your compiler arguments.
2026-04-22T19:55:41.1677552Z - To keep applying to the value parameter only, use the '@param:' annotation target.
2026-04-22T19:55:41.1678333Z 
2026-04-22T19:55:41.1678854Z See https://youtrack.jetbrains.com/issue/KT-73255 for more details.
2026-04-22T19:55:41.1681198Z w: file:///home/runner/work/prismTask/prismTask/app/src/main/java/com/averycorp/prismtask/ui/screens/schoolwork/SyllabusViewModel.kt:30:5 This annotation is currently applied to the value parameter only, but in the future it will also be applied to field.
2026-04-22T19:55:41.1684123Z - To opt in to applying to both value parameter and field, add '-Xannotation-default-target=param-property' to your compiler arguments.
2026-04-22T19:55:41.1685668Z - To keep applying to the value parameter only, use the '@param:' annotation target.
2026-04-22T19:55:41.1686453Z 
2026-04-22T19:55:41.1686950Z See https://youtrack.jetbrains.com/issue/KT-73255 for more details.
2026-04-22T19:55:41.1689202Z w: file:///home/runner/work/prismTask/prismTask/app/src/main/java/com/averycorp/prismtask/ui/screens/settings/SettingsViewModel.kt:70:5 This annotation is currently applied to the value parameter only, but in the future it will also be applied to field.
2026-04-22T19:55:41.1691919Z - To opt in to applying to both value parameter and field, add '-Xannotation-default-target=param-property' to your compiler arguments.
2026-04-22T19:55:41.1693645Z - To keep applying to the value parameter only, use the '@param:' annotation target.
2026-04-22T19:55:41.1694532Z 
2026-04-22T19:55:41.1695047Z See https://youtrack.jetbrains.com/issue/KT-73255 for more details.
2026-04-22T19:55:41.1697571Z w: file:///home/runner/work/prismTask/prismTask/app/src/main/java/com/averycorp/prismtask/ui/screens/tasklist/TaskListScreen.kt:485:55 'val Icons.Filled.FormatListBulleted: ImageVector' is deprecated. Use the AutoMirrored version at Icons.AutoMirrored.Filled.FormatListBulleted.
2026-04-22T19:55:41.1701470Z w: file:///home/runner/work/prismTask/prismTask/app/src/main/java/com/averycorp/prismtask/ui/screens/templates/TemplatePickerSheet.kt:238:35 'val Icons.Filled.OpenInNew: ImageVector' is deprecated. Use the AutoMirrored version at Icons.AutoMirrored.Filled.OpenInNew.
2026-04-22T19:55:41.1705241Z w: file:///home/runner/work/prismTask/prismTask/app/src/main/java/com/averycorp/prismtask/ui/screens/timer/TimerViewModel.kt:43:5 This annotation is currently applied to the value parameter only, but in the future it will also be applied to field.
2026-04-22T19:55:41.1707835Z - To opt in to applying to both value parameter and field, add '-Xannotation-default-target=param-property' to your compiler arguments.
2026-04-22T19:55:41.1709369Z - To keep applying to the value parameter only, use the '@param:' annotation target.
2026-04-22T19:55:41.1710127Z 
2026-04-22T19:55:41.1710634Z See https://youtrack.jetbrains.com/issue/KT-73255 for more details.
2026-04-22T19:55:41.1713476Z w: file:///home/runner/work/prismTask/prismTask/app/src/main/java/com/averycorp/prismtask/ui/screens/today/TodayScreen.kt:839:9 'fun AlertDialog(onDismissRequest: () -> Unit, modifier: Modifier = ..., properties: DialogProperties = ..., content: ComposableFunction0<Unit>): Unit' is deprecated. Use BasicAlertDialog instead.
2026-04-22T19:55:41.1716914Z w: file:///home/runner/work/prismTask/prismTask/app/src/main/java/com/averycorp/prismtask/ui/screens/today/components/TodayProgressHeader.kt:185:68 Redundant call of conversion method.
2026-04-22T19:55:41.1719700Z w: file:///home/runner/work/prismTask/prismTask/app/src/main/java/com/averycorp/prismtask/ui/screens/today/components/TodayProgressHeader.kt:186:68 Redundant call of conversion method.
2026-04-22T19:55:41.1722367Z w: file:///home/runner/work/prismTask/prismTask/app/src/main/java/com/averycorp/prismtask/ui/screens/today/components/TodayProgressHeader.kt:187:68 Redundant call of conversion method.
2026-04-22T19:55:41.1725363Z w: file:///home/runner/work/prismTask/prismTask/app/src/main/java/com/averycorp/prismtask/ui/screens/today/components/TodayProgressHeader.kt:188:68 Redundant call of conversion method.
2026-04-22T19:55:41.1728323Z w: file:///home/runner/work/prismTask/prismTask/app/src/main/java/com/averycorp/prismtask/widget/WidgetUpdateManager.kt:27:5 This annotation is currently applied to the value parameter only, but in the future it will also be applied to field.
2026-04-22T19:55:41.1730933Z - To opt in to applying to both value parameter and field, add '-Xannotation-default-target=param-property' to your compiler arguments.
2026-04-22T19:55:41.1732601Z - To keep applying to the value parameter only, use the '@param:' annotation target.
2026-04-22T19:55:41.1733657Z 
2026-04-22T19:55:41.1734195Z See https://youtrack.jetbrains.com/issue/KT-73255 for more details.
2026-04-22T19:55:41.1736321Z w: file:///home/runner/work/prismTask/prismTask/app/src/main/java/com/averycorp/prismtask/workers/CalendarSyncScheduler.kt:33:5 This annotation is currently applied to the value parameter only, but in the future it will also be applied to field.
2026-04-22T19:55:41.1738848Z - To opt in to applying to both value parameter and field, add '-Xannotation-default-target=param-property' to your compiler arguments.
2026-04-22T19:55:41.1740526Z - To keep applying to the value parameter only, use the '@param:' annotation target.
2026-04-22T19:55:41.1741403Z 
2026-04-22T19:55:41.1741974Z See https://youtrack.jetbrains.com/issue/KT-73255 for more details.
2026-04-22T19:55:50.8523882Z 
2026-04-22T19:55:50.8555886Z > Task :app:compileDebugJavaWithJavac
2026-04-22T19:55:50.8584062Z > Task :app:hiltSyncDebug
2026-04-22T19:55:52.0501499Z > Task :app:hiltAggregateDepsDebug FROM-CACHE
2026-04-22T19:55:56.2515569Z > Task :app:hiltJavaCompileDebug
2026-04-22T19:55:56.6487886Z > Task :app:bundleDebugClassesToCompileJar
2026-04-22T19:55:56.9496848Z > Task :app:generateDebugLintReportModel
2026-04-22T19:55:57.6494478Z > Task :app:generateDebugAndroidTestLintModel
2026-04-22T19:55:57.8494656Z > Task :app:generateDebugUnitTestLintModel
2026-04-22T19:56:27.8504118Z > Task :app:lintAnalyzeDebug
2026-04-22T19:56:27.9487889Z > Task :app:lintAnalyzeDebugAndroidTest
2026-04-22T19:56:28.0514338Z > Task :app:lintAnalyzeDebugUnitTest
2026-04-22T19:58:42.3491366Z 
2026-04-22T19:58:42.3524361Z > Task :app:lintReportDebug
2026-04-22T19:58:42.3538158Z Wrote HTML report to file:///home/runner/work/prismTask/prismTask/app/build/reports/lint-results-debug.html
2026-04-22T19:58:42.3539519Z 
2026-04-22T19:58:42.3539953Z > Task :app:lintDebug
2026-04-22T19:58:42.3540588Z > Task :app:lint
2026-04-22T19:58:42.3541672Z gradle/actions: Writing build results to /home/runner/work/_temp/.gradle-actions/build-results/__run_3-1776887598764.json
2026-04-22T19:58:42.3542689Z 
2026-04-22T19:58:42.3543941Z [Incubating] Problems report is available at: file:///home/runner/work/prismTask/prismTask/build/reports/problems/problems-report.html
2026-04-22T19:58:42.3545127Z 
2026-04-22T19:58:42.3545779Z Deprecated Gradle features were used in this build, making it incompatible with Gradle 10.
2026-04-22T19:58:42.3546620Z 
2026-04-22T19:58:42.3547553Z You can use '--warning-mode all' to show the individual deprecation warnings and determine if they come from your own scripts or plugins.
2026-04-22T19:58:42.3548672Z 
2026-04-22T19:58:42.3549732Z For more on this, please refer to https://docs.gradle.org/9.3.1/userguide/command_line_interface.html#sec:command_line_warnings in the Gradle documentation.
2026-04-22T19:58:42.3550966Z 
2026-04-22T19:58:42.3551329Z BUILD SUCCESSFUL in 5m 24s
2026-04-22T19:58:42.3552426Z 36 actionable tasks: 23 executed, 13 from cache
2026-04-22T19:58:42.4352237Z ##[group]Run set -euo pipefail
2026-04-22T19:58:42.4352800Z [36;1mset -euo pipefail[0m
2026-04-22T19:58:42.4353539Z [36;1mshopt -s globstar nullglob[0m
2026-04-22T19:58:42.4354123Z [36;1mxmls=(app/build/test-results/**/*.xml)[0m
2026-04-22T19:58:42.4354958Z [36;1mif [ ${#xmls[@]} -eq 0 ]; then[0m
2026-04-22T19:58:42.4355852Z [36;1m  echo "::error::No JUnit XML results found under app/build/test-results/. Did the test task run?"[0m
2026-04-22T19:58:42.4356729Z [36;1m  exit 1[0m
2026-04-22T19:58:42.4357106Z [36;1mfi[0m
2026-04-22T19:58:42.4357457Z [36;1mfailed=0[0m
2026-04-22T19:58:42.4357853Z [36;1mfor f in "${xmls[@]}"; do[0m
2026-04-22T19:58:42.4358599Z [36;1m  fails=$(grep -oE 'failures="[0-9]+"' "$f" | head -n1 | grep -oE '[0-9]+' || echo 0)[0m
2026-04-22T19:58:42.4359573Z [36;1m  errs=$(grep -oE 'errors="[0-9]+"' "$f" | head -n1 | grep -oE '[0-9]+' || echo 0)[0m
2026-04-22T19:58:42.4360476Z [36;1m  if [ "${fails:-0}" -gt 0 ] || [ "${errs:-0}" -gt 0 ]; then[0m
2026-04-22T19:58:42.4361282Z [36;1m    echo "::error file=${f}::${fails} failure(s), ${errs} error(s) in ${f}"[0m
2026-04-22T19:58:42.4362035Z [36;1m    failed=$((failed + fails + errs))[0m
2026-04-22T19:58:42.4362563Z [36;1m  fi[0m
2026-04-22T19:58:42.4362924Z [36;1mdone[0m
2026-04-22T19:58:42.4363614Z [36;1mif [ "$failed" -gt 0 ]; then[0m
2026-04-22T19:58:42.4364596Z [36;1m  echo "::error::${failed} unit-test failure(s)/error(s) detected. See annotations and the test-results artifact."[0m
2026-04-22T19:58:42.4365542Z [36;1m  exit 1[0m
2026-04-22T19:58:42.4365902Z [36;1mfi[0m
2026-04-22T19:58:42.4366364Z [36;1mecho "All ${#xmls[@]} JUnit XML reports clean."[0m
2026-04-22T19:58:42.4440439Z shell: /usr/bin/bash --noprofile --norc -e -o pipefail {0}
2026-04-22T19:58:42.4441052Z env:
2026-04-22T19:58:42.4441600Z   JAVA_HOME: /opt/hostedtoolcache/Java_Temurin-Hotspot_jdk/21.0.10-7/x64
2026-04-22T19:58:42.4442574Z   JAVA_HOME_21_X64: /opt/hostedtoolcache/Java_Temurin-Hotspot_jdk/21.0.10-7/x64
2026-04-22T19:58:42.4443670Z   GRADLE_ACTION_ID: gradle/actions/setup-gradle
2026-04-22T19:58:42.4444248Z   GRADLE_USER_HOME: /home/runner/.gradle
2026-04-22T19:58:42.4444790Z   GRADLE_BUILD_ACTION_SETUP_COMPLETED: true
2026-04-22T19:58:42.4445364Z   GRADLE_BUILD_ACTION_CACHE_RESTORED: true
2026-04-22T19:58:42.4446234Z   DEVELOCITY_INJECTION_INIT_SCRIPT_NAME: gradle-actions.inject-develocity.init.gradle
2026-04-22T19:58:42.4447115Z   DEVELOCITY_INJECTION_CUSTOM_VALUE: gradle-actions
2026-04-22T19:58:42.4447706Z   GITHUB_DEPENDENCY_GRAPH_ENABLED: false
2026-04-22T19:58:42.4448210Z ##[endgroup]
2026-04-22T19:58:42.4563112Z ##[error]No JUnit XML results found under app/build/test-results/. Did the test task run?
2026-04-22T19:58:42.4566056Z ##[error]Process completed with exit code 1.
2026-04-22T19:58:42.4662466Z ##[group]Run actions/upload-artifact@v4
2026-04-22T19:58:42.4662906Z with:
2026-04-22T19:58:42.4663182Z   name: lint-report
2026-04-22T19:58:42.4663872Z   path: app/build/reports/lint-results-debug.html
2026-04-22T19:58:42.4664435Z   retention-days: 7
2026-04-22T19:58:42.4664863Z   if-no-files-found: warn
2026-04-22T19:58:42.4665329Z   compression-level: 6
2026-04-22T19:58:42.4665770Z   overwrite: false
2026-04-22T19:58:42.4666192Z   include-hidden-files: false
2026-04-22T19:58:42.4666682Z env:
2026-04-22T19:58:42.4667262Z   JAVA_HOME: /opt/hostedtoolcache/Java_Temurin-Hotspot_jdk/21.0.10-7/x64
2026-04-22T19:58:42.4668212Z   JAVA_HOME_21_X64: /opt/hostedtoolcache/Java_Temurin-Hotspot_jdk/21.0.10-7/x64
2026-04-22T19:58:42.4669021Z   GRADLE_ACTION_ID: gradle/actions/setup-gradle
2026-04-22T19:58:42.4670500Z   GRADLE_USER_HOME: /home/runner/.gradle
2026-04-22T19:58:42.4671094Z   GRADLE_BUILD_ACTION_SETUP_COMPLETED: true
2026-04-22T19:58:42.4671711Z   GRADLE_BUILD_ACTION_CACHE_RESTORED: true
2026-04-22T19:58:42.4672558Z   DEVELOCITY_INJECTION_INIT_SCRIPT_NAME: gradle-actions.inject-develocity.init.gradle
2026-04-22T19:58:42.4673794Z   DEVELOCITY_INJECTION_CUSTOM_VALUE: gradle-actions
2026-04-22T19:58:42.4674417Z   GITHUB_DEPENDENCY_GRAPH_ENABLED: false
2026-04-22T19:58:42.4674934Z ##[endgroup]
2026-04-22T19:58:42.8080162Z With the provided path, there will be 1 file uploaded
2026-04-22T19:58:42.8086191Z Artifact name is valid!
2026-04-22T19:58:42.8088186Z Root directory input is valid!
2026-04-22T19:58:43.1220491Z Beginning upload of artifact content to blob storage
2026-04-22T19:58:43.5059959Z Uploaded bytes 39346
2026-04-22T19:58:43.5874677Z Finished uploading artifact content to blob storage!
2026-04-22T19:58:43.5878881Z SHA256 digest of uploaded artifact zip is e5634f9f3479cd148195e639940524291887b760e53bf3c81f76eff2b8fbfe26
2026-04-22T19:58:43.5880767Z Finalizing artifact upload
2026-04-22T19:58:43.7830638Z Artifact lint-report.zip successfully finalized. Artifact ID 6587483125
2026-04-22T19:58:43.7832205Z Artifact lint-report has been successfully uploaded! Final size is 39346 bytes. Artifact ID is 6587483125
2026-04-22T19:58:43.7840081Z Artifact download URL: https://github.com/akarlin3/prismTask/actions/runs/24799311694/artifacts/6587483125
2026-04-22T19:58:43.7960632Z ##[group]Run actions/upload-artifact@v4
2026-04-22T19:58:43.7960961Z with:
2026-04-22T19:58:43.7961174Z   name: detekt-report
2026-04-22T19:58:43.7961429Z   path: app/build/reports/detekt/
2026-04-22T19:58:43.7961726Z   retention-days: 7
2026-04-22T19:58:43.7961963Z   if-no-files-found: warn
2026-04-22T19:58:43.7962215Z   compression-level: 6
2026-04-22T19:58:43.7962452Z   overwrite: false
2026-04-22T19:58:43.7962689Z   include-hidden-files: false
2026-04-22T19:58:43.7962946Z env:
2026-04-22T19:58:43.7963594Z   JAVA_HOME: /opt/hostedtoolcache/Java_Temurin-Hotspot_jdk/21.0.10-7/x64
2026-04-22T19:58:43.7964131Z   JAVA_HOME_21_X64: /opt/hostedtoolcache/Java_Temurin-Hotspot_jdk/21.0.10-7/x64
2026-04-22T19:58:43.7964571Z   GRADLE_ACTION_ID: gradle/actions/setup-gradle
2026-04-22T19:58:43.7964898Z   GRADLE_USER_HOME: /home/runner/.gradle
2026-04-22T19:58:43.7965209Z   GRADLE_BUILD_ACTION_SETUP_COMPLETED: true
2026-04-22T19:58:43.7965529Z   GRADLE_BUILD_ACTION_CACHE_RESTORED: true
2026-04-22T19:58:43.7966018Z   DEVELOCITY_INJECTION_INIT_SCRIPT_NAME: gradle-actions.inject-develocity.init.gradle
2026-04-22T19:58:43.7966521Z   DEVELOCITY_INJECTION_CUSTOM_VALUE: gradle-actions
2026-04-22T19:58:43.7966858Z   GITHUB_DEPENDENCY_GRAPH_ENABLED: false
2026-04-22T19:58:43.7967144Z ##[endgroup]
2026-04-22T19:58:44.0059333Z With the provided path, there will be 2 files uploaded
2026-04-22T19:58:44.0066032Z Artifact name is valid!
2026-04-22T19:58:44.0067326Z Root directory input is valid!
2026-04-22T19:58:44.3125981Z Beginning upload of artifact content to blob storage
2026-04-22T19:58:44.5992127Z Uploaded bytes 5018
2026-04-22T19:58:44.6737565Z Finished uploading artifact content to blob storage!
2026-04-22T19:58:44.6741261Z SHA256 digest of uploaded artifact zip is 33210c10215235b9d8ecb3dd1b7a03215dd388ae8949e4ef70cf1b360d3845d2
2026-04-22T19:58:44.6742894Z Finalizing artifact upload
2026-04-22T19:58:44.8781798Z Artifact detekt-report.zip successfully finalized. Artifact ID 6587483509
2026-04-22T19:58:44.8783358Z Artifact detekt-report has been successfully uploaded! Final size is 5018 bytes. Artifact ID is 6587483509
2026-04-22T19:58:44.8792080Z Artifact download URL: https://github.com/akarlin3/prismTask/actions/runs/24799311694/artifacts/6587483509
2026-04-22T19:58:44.8936371Z ##[group]Run actions/upload-artifact@v4
2026-04-22T19:58:44.8936696Z with:
2026-04-22T19:58:44.8936907Z   name: test-results
2026-04-22T19:58:44.8937161Z   path: app/build/test-results/
2026-04-22T19:58:44.8937438Z   retention-days: 7
2026-04-22T19:58:44.8937678Z   if-no-files-found: warn
2026-04-22T19:58:44.8937938Z   compression-level: 6
2026-04-22T19:58:44.8938182Z   overwrite: false
2026-04-22T19:58:44.8938424Z   include-hidden-files: false
2026-04-22T19:58:44.8938688Z env:
2026-04-22T19:58:44.8939018Z   JAVA_HOME: /opt/hostedtoolcache/Java_Temurin-Hotspot_jdk/21.0.10-7/x64
2026-04-22T19:58:44.8939542Z   JAVA_HOME_21_X64: /opt/hostedtoolcache/Java_Temurin-Hotspot_jdk/21.0.10-7/x64
2026-04-22T19:58:44.8939992Z   GRADLE_ACTION_ID: gradle/actions/setup-gradle
2026-04-22T19:58:44.8940323Z   GRADLE_USER_HOME: /home/runner/.gradle
2026-04-22T19:58:44.8940639Z   GRADLE_BUILD_ACTION_SETUP_COMPLETED: true
2026-04-22T19:58:44.8940965Z   GRADLE_BUILD_ACTION_CACHE_RESTORED: true
2026-04-22T19:58:44.8941633Z   DEVELOCITY_INJECTION_INIT_SCRIPT_NAME: gradle-actions.inject-develocity.init.gradle
2026-04-22T19:58:44.8942143Z   DEVELOCITY_INJECTION_CUSTOM_VALUE: gradle-actions
2026-04-22T19:58:44.8942486Z   GITHUB_DEPENDENCY_GRAPH_ENABLED: false
2026-04-22T19:58:44.8942779Z ##[endgroup]
2026-04-22T19:58:45.1015243Z ##[warning]No files were found with the provided path: app/build/test-results/. No artifacts will be uploaded.
2026-04-22T19:58:45.1141050Z Post job cleanup.
2026-04-22T19:58:45.1248824Z Post job cleanup.
2026-04-22T19:58:45.4258706Z In post-action step
2026-04-22T19:58:45.4271313Z ##[group]Stopping Gradle daemons
2026-04-22T19:58:45.4272740Z Stopping Gradle daemons for /home/runner/.gradle/wrapper/dists/gradle-9.3.1-bin/23ovyewtku6u96viwx3xl3oks/gradle-9.3.1
2026-04-22T19:58:45.4291162Z [command]/home/runner/.gradle/wrapper/dists/gradle-9.3.1-bin/23ovyewtku6u96viwx3xl3oks/gradle-9.3.1/bin/gradle --stop
2026-04-22T19:58:46.0629224Z Stopping Daemon(s)
2026-04-22T19:58:46.0639209Z 1 Daemon stopped
2026-04-22T19:58:46.0775028Z ##[endgroup]
2026-04-22T19:58:46.0804237Z Not performing cache-cleanup due to build failure
2026-04-22T19:58:46.0824512Z ##[group]Caching Gradle state
2026-04-22T19:58:46.7708802Z [command]/usr/bin/tar --posix -cf cache.tzst --exclude cache.tzst -P -C /home/runner/work/prismTask/prismTask --files-from manifest.txt --use-compress-program zstdmt
2026-04-22T19:58:47.8753634Z Sent 410650 of 410650 (100.0%), 0.6 MBs/sec
2026-04-22T19:58:48.1759372Z Saved cache entry with key gradle-kotlin-dsl-v1-d5692084136bfb3288469c7ef29d35df from /home/runner/.gradle/caches/*/kotlin-dsl/accessors/*/,/home/runner/.gradle/caches/*/kotlin-dsl/scripts/*/ in 1487ms
2026-04-22T19:58:50.7916432Z [command]/usr/bin/tar --posix -cf cache.tzst --exclude cache.tzst -P -C /home/runner/work/prismTask/prismTask --files-from manifest.txt --use-compress-program zstdmt
2026-04-22T19:58:55.8950992Z Sent 0 of 445545934 (0.0%), 0.0 MBs/sec
2026-04-22T19:58:56.8945206Z Sent 177110478 of 445545934 (39.8%), 84.5 MBs/sec
2026-04-22T19:58:57.1178454Z Sent 445545934 of 445545934 (100.0%), 191.1 MBs/sec
2026-04-22T19:58:57.4392168Z Saved cache entry with key gradle-transforms-v1-8cd610dc82cdb07433aec176a0403787 from /home/runner/.gradle/caches/transforms-4/*/,/home/runner/.gradle/caches/*/transforms/*/ in 8826ms
2026-04-22T19:58:59.7603043Z [command]/usr/bin/tar --posix -cf cache.tzst --exclude cache.tzst -P -C /home/runner/work/prismTask/prismTask --files-from manifest.txt --use-compress-program zstdmt
2026-04-22T19:59:01.3092019Z Sent 18350080 of 57014855 (32.2%), 17.5 MBs/sec
2026-04-22T19:59:02.3110193Z Sent 57014855 of 57014855 (100.0%), 27.2 MBs/sec
2026-04-22T19:59:02.8017751Z Saved cache entry with key gradle-home-v1|Linux-X64|lint-and-test[5df42585ae8f8da228c604b8b4e8707c]-c9e082c6d1c933266e13c136e4766eabd2dfe101 from /home/runner/.gradle/caches,/home/runner/.gradle/notifications,/home/runner/.gradle/.setup-gradle in 3050ms
2026-04-22T19:59:02.8019253Z ##[endgroup]
2026-04-22T19:59:02.8024812Z Generating Job Summary
2026-04-22T19:59:02.8038383Z Completed post-action step
2026-04-22T19:59:02.8262585Z Post job cleanup.
2026-04-22T19:59:02.9974563Z Post job cleanup.
2026-04-22T19:59:03.0935658Z [command]/usr/bin/git version
2026-04-22T19:59:03.0972095Z git version 2.53.0
2026-04-22T19:59:03.1017767Z Temporarily overriding HOME='/home/runner/work/_temp/3b6c3686-dd28-48b7-834d-1f36384ffa30' before making global git config changes
2026-04-22T19:59:03.1019660Z Adding repository directory to the temporary git global config as a safe directory
2026-04-22T19:59:03.1031703Z [command]/usr/bin/git config --global --add safe.directory /home/runner/work/prismTask/prismTask
2026-04-22T19:59:03.1065728Z [command]/usr/bin/git config --local --name-only --get-regexp core\.sshCommand
2026-04-22T19:59:03.1098861Z [command]/usr/bin/git submodule foreach --recursive sh -c "git config --local --name-only --get-regexp 'core\.sshCommand' && git config --local --unset-all 'core.sshCommand' || :"
2026-04-22T19:59:03.1322203Z [command]/usr/bin/git config --local --name-only --get-regexp http\.https\:\/\/github\.com\/\.extraheader
2026-04-22T19:59:03.1342076Z http.https://github.com/.extraheader
2026-04-22T19:59:03.1354695Z [command]/usr/bin/git config --local --unset-all http.https://github.com/.extraheader
2026-04-22T19:59:03.1384517Z [command]/usr/bin/git submodule foreach --recursive sh -c "git config --local --name-only --get-regexp 'http\.https\:\/\/github\.com\/\.extraheader' && git config --local --unset-all 'http.https://github.com/.extraheader' || :"
2026-04-22T19:59:03.1600587Z [command]/usr/bin/git config --local --name-only --get-regexp ^includeIf\.gitdir:
2026-04-22T19:59:03.1632910Z [command]/usr/bin/git submodule foreach --recursive git config --local --show-origin --name-only --get-regexp remote.origin.url
2026-04-22T19:59:03.1964547Z Cleaning up orphan processes
2026-04-22T19:59:03.2247816Z ##[warning]Node.js 20 actions are deprecated. The following actions are running on Node.js 20 and may not work as expected: actions/checkout@v4, actions/setup-java@v4, actions/upload-artifact@v4, gradle/actions/setup-gradle@v4. Actions will be forced to run with Node.js 24 by default starting June 2nd, 2026. Node.js 20 will be removed from the runner on September 16th, 2026. Please check if updated versions of these actions are available that support Node.js 24. To opt into Node.js 24 now, set the FORCE_JAVASCRIPT_ACTIONS_TO_NODE24=true environment variable on the runner or in your workflow file. Once Node.js 24 becomes the default, you can temporarily opt out by setting ACTIONS_ALLOW_USE_UNSECURE_NODE_VERSION=true. For more information see: https://github.blog/changelog/2025-09-19-deprecation-of-node-20-on-github-actions-runners/
