=== CI FAILURE ===
Workflow:      Android CI
Workflow file: averycorp/prismTask/.github/workflows/android-ci.yml@refs/pull/1047/merge
Job(s):        lint-and-test
Run ID:        25239388182
Run attempt:   1
Run URL:       https://github.com/averycorp/prismTask/actions/runs/25239388182
Commit:        d48873376f11305281964821bcde92738f3922da
Branch:        1047/merge
Event:         pull_request
Actor:         akarlin3
Runner OS:     Linux
Timestamp:     2026-05-02T00:48:17.587Z

Failed steps:
  - lint-and-test: #9 Android lint — PR (lintDebug only) | #11 Compile androidTest sources (type-check only) | #14 Post failure details to PR

=== FAILED JOB LOG ===

--- Job: lint-and-test (id 74012266011) ---
2026-05-02T00:44:12.4447865Z Current runner version: '2.334.0'
2026-05-02T00:44:12.4472981Z ##[group]Runner Image Provisioner
2026-05-02T00:44:12.4474027Z Hosted Compute Agent
2026-05-02T00:44:12.4474563Z Version: 20260213.493
2026-05-02T00:44:12.4475195Z Commit: 5c115507f6dd24b8de37d8bbe0bb4509d0cc0fa3
2026-05-02T00:44:12.4475885Z Build Date: 2026-02-13T00:28:41Z
2026-05-02T00:44:12.4476513Z Worker ID: {3006f997-6680-4d58-87d0-7c00674b7c11}
2026-05-02T00:44:12.4477115Z Azure Region: westus
2026-05-02T00:44:12.4477729Z ##[endgroup]
2026-05-02T00:44:12.4479086Z ##[group]Operating System
2026-05-02T00:44:12.4479661Z Ubuntu
2026-05-02T00:44:12.4480171Z 24.04.4
2026-05-02T00:44:12.4480614Z LTS
2026-05-02T00:44:12.4481038Z ##[endgroup]
2026-05-02T00:44:12.4481573Z ##[group]Runner Image
2026-05-02T00:44:12.4482090Z Image: ubuntu-24.04
2026-05-02T00:44:12.4482546Z Version: 20260413.86.1
2026-05-02T00:44:12.4483996Z Included Software: https://github.com/actions/runner-images/blob/ubuntu24/20260413.86/images/ubuntu/Ubuntu2404-Readme.md
2026-05-02T00:44:12.4485551Z Image Release: https://github.com/actions/runner-images/releases/tag/ubuntu24%2F20260413.86
2026-05-02T00:44:12.4486509Z ##[endgroup]
2026-05-02T00:44:12.4487689Z ##[group]GITHUB_TOKEN Permissions
2026-05-02T00:44:12.4489928Z Actions: read
2026-05-02T00:44:12.4490486Z Checks: read
2026-05-02T00:44:12.4490934Z Contents: write
2026-05-02T00:44:12.4491511Z Metadata: read
2026-05-02T00:44:12.4492023Z PullRequests: read
2026-05-02T00:44:12.4492488Z ##[endgroup]
2026-05-02T00:44:12.4494837Z Secret source: Actions
2026-05-02T00:44:12.4495518Z Prepare workflow directory
2026-05-02T00:44:12.4827418Z Prepare all required actions
2026-05-02T00:44:12.4868413Z Getting action download info
2026-05-02T00:44:13.0014258Z Download action repository 'actions/checkout@v6' (SHA:de0fac2e4500dabe0009e67214ff5f5447ce83dd)
2026-05-02T00:44:13.1071193Z Download action repository 'dorny/paths-filter@v4' (SHA:fbd0ab8f3e69293af611ebaee6363fc25e6d187d)
2026-05-02T00:44:13.4210274Z Download action repository 'actions/cache@v4' (SHA:0057852bfaa89a56745cba8c7296529d2fc39830)
2026-05-02T00:44:13.5933454Z Download action repository 'actions/github-script@v7' (SHA:f28e40c7f34bde8b3046d885e986cb6290c5673b)
2026-05-02T00:44:13.9202635Z Download action repository 'actions/upload-artifact@v4' (SHA:ea165f8d65b6e75b540449e92b4886f43607fa02)
2026-05-02T00:44:14.1737733Z Complete job name: lint-and-test
2026-05-02T00:44:14.2685627Z ##[group]Run actions/checkout@v6
2026-05-02T00:44:14.2686906Z with:
2026-05-02T00:44:14.2687670Z   ref: 560c9b62370c246b1510370a7f2ef672616ec484
2026-05-02T00:44:14.2688732Z   repository: averycorp/prismTask
2026-05-02T00:44:14.2689911Z   token: ***
2026-05-02T00:44:14.2690630Z   ssh-strict: true
2026-05-02T00:44:14.2691351Z   ssh-user: git
2026-05-02T00:44:14.2692110Z   persist-credentials: true
2026-05-02T00:44:14.2692948Z   clean: true
2026-05-02T00:44:14.2693892Z   sparse-checkout-cone-mode: true
2026-05-02T00:44:14.2694831Z   fetch-depth: 1
2026-05-02T00:44:14.2695547Z   fetch-tags: false
2026-05-02T00:44:14.2696322Z   show-progress: true
2026-05-02T00:44:14.2697076Z   lfs: false
2026-05-02T00:44:14.2697913Z   submodules: false
2026-05-02T00:44:14.2698812Z   set-safe-directory: true
2026-05-02T00:44:14.2699995Z ##[endgroup]
2026-05-02T00:44:14.3752629Z Syncing repository: averycorp/prismTask
2026-05-02T00:44:14.3755396Z ##[group]Getting Git version info
2026-05-02T00:44:14.3756817Z Working directory is '/home/runner/work/prismTask/prismTask'
2026-05-02T00:44:14.3758687Z [command]/usr/bin/git version
2026-05-02T00:44:14.3809633Z git version 2.53.0
2026-05-02T00:44:14.3832891Z ##[endgroup]
2026-05-02T00:44:14.3848389Z Temporarily overriding HOME='/home/runner/work/_temp/71f331fc-0309-42b1-8c3f-6169ad8c1546' before making global git config changes
2026-05-02T00:44:14.3851250Z Adding repository directory to the temporary git global config as a safe directory
2026-05-02T00:44:14.3854525Z [command]/usr/bin/git config --global --add safe.directory /home/runner/work/prismTask/prismTask
2026-05-02T00:44:14.3887131Z Deleting the contents of '/home/runner/work/prismTask/prismTask'
2026-05-02T00:44:14.3891825Z ##[group]Initializing the repository
2026-05-02T00:44:14.3895960Z [command]/usr/bin/git init /home/runner/work/prismTask/prismTask
2026-05-02T00:44:14.3982321Z hint: Using 'master' as the name for the initial branch. This default branch name
2026-05-02T00:44:14.3986016Z hint: will change to "main" in Git 3.0. To configure the initial branch name
2026-05-02T00:44:14.3989263Z hint: to use in all of your new repositories, which will suppress this warning,
2026-05-02T00:44:14.3992190Z hint: call:
2026-05-02T00:44:14.3993423Z hint:
2026-05-02T00:44:14.3995359Z hint: 	git config --global init.defaultBranch <name>
2026-05-02T00:44:14.3997529Z hint:
2026-05-02T00:44:14.3999365Z hint: Names commonly chosen instead of 'master' are 'main', 'trunk' and
2026-05-02T00:44:14.4002392Z hint: 'development'. The just-created branch can be renamed via this command:
2026-05-02T00:44:14.4004483Z hint:
2026-05-02T00:44:14.4005217Z hint: 	git branch -m <name>
2026-05-02T00:44:14.4006069Z hint:
2026-05-02T00:44:14.4007194Z hint: Disable this message with "git config set advice.defaultBranchName false"
2026-05-02T00:44:14.4009527Z Initialized empty Git repository in /home/runner/work/prismTask/prismTask/.git/
2026-05-02T00:44:14.4013353Z [command]/usr/bin/git remote add origin https://github.com/averycorp/prismTask
2026-05-02T00:44:14.4029777Z ##[endgroup]
2026-05-02T00:44:14.4032176Z ##[group]Disabling automatic garbage collection
2026-05-02T00:44:14.4034635Z [command]/usr/bin/git config --local gc.auto 0
2026-05-02T00:44:14.4063339Z ##[endgroup]
2026-05-02T00:44:14.4065897Z ##[group]Setting up auth
2026-05-02T00:44:14.4067541Z Removing SSH command configuration
2026-05-02T00:44:14.4071171Z [command]/usr/bin/git config --local --name-only --get-regexp core\.sshCommand
2026-05-02T00:44:14.4103842Z [command]/usr/bin/git submodule foreach --recursive sh -c "git config --local --name-only --get-regexp 'core\.sshCommand' && git config --local --unset-all 'core.sshCommand' || :"
2026-05-02T00:44:14.4424046Z Removing HTTP extra header
2026-05-02T00:44:14.4430297Z [command]/usr/bin/git config --local --name-only --get-regexp http\.https\:\/\/github\.com\/\.extraheader
2026-05-02T00:44:14.4462927Z [command]/usr/bin/git submodule foreach --recursive sh -c "git config --local --name-only --get-regexp 'http\.https\:\/\/github\.com\/\.extraheader' && git config --local --unset-all 'http.https://github.com/.extraheader' || :"
2026-05-02T00:44:14.4673083Z Removing includeIf entries pointing to credentials config files
2026-05-02T00:44:14.4678769Z [command]/usr/bin/git config --local --name-only --get-regexp ^includeIf\.gitdir:
2026-05-02T00:44:14.4710063Z [command]/usr/bin/git submodule foreach --recursive git config --local --show-origin --name-only --get-regexp remote.origin.url
2026-05-02T00:44:14.4928841Z [command]/usr/bin/git config --file /home/runner/work/_temp/git-credentials-4d327b50-0d29-4631-ae05-be1365e61334.config http.https://github.com/.extraheader AUTHORIZATION: basic ***
2026-05-02T00:44:14.4966356Z [command]/usr/bin/git config --local includeIf.gitdir:/home/runner/work/prismTask/prismTask/.git.path /home/runner/work/_temp/git-credentials-4d327b50-0d29-4631-ae05-be1365e61334.config
2026-05-02T00:44:14.4998974Z [command]/usr/bin/git config --local includeIf.gitdir:/home/runner/work/prismTask/prismTask/.git/worktrees/*.path /home/runner/work/_temp/git-credentials-4d327b50-0d29-4631-ae05-be1365e61334.config
2026-05-02T00:44:14.5028594Z [command]/usr/bin/git config --local includeIf.gitdir:/github/workspace/.git.path /github/runner_temp/git-credentials-4d327b50-0d29-4631-ae05-be1365e61334.config
2026-05-02T00:44:14.5060596Z [command]/usr/bin/git config --local includeIf.gitdir:/github/workspace/.git/worktrees/*.path /github/runner_temp/git-credentials-4d327b50-0d29-4631-ae05-be1365e61334.config
2026-05-02T00:44:14.5099055Z ##[endgroup]
2026-05-02T00:44:14.5101247Z ##[group]Fetching the repository
2026-05-02T00:44:14.5108385Z [command]/usr/bin/git -c protocol.version=2 fetch --no-tags --prune --no-recurse-submodules --depth=1 origin 560c9b62370c246b1510370a7f2ef672616ec484
2026-05-02T00:44:17.6230922Z From https://github.com/averycorp/prismTask
2026-05-02T00:44:17.6232722Z  * branch            560c9b62370c246b1510370a7f2ef672616ec484 -> FETCH_HEAD
2026-05-02T00:44:17.6261342Z [command]/usr/bin/git rev-parse --verify --quiet 560c9b62370c246b1510370a7f2ef672616ec484^{object}
2026-05-02T00:44:17.6284666Z 560c9b62370c246b1510370a7f2ef672616ec484
2026-05-02T00:44:17.6289228Z ##[endgroup]
2026-05-02T00:44:17.6289942Z ##[group]Determining the checkout info
2026-05-02T00:44:17.6291115Z ##[endgroup]
2026-05-02T00:44:17.6296663Z [command]/usr/bin/git sparse-checkout disable
2026-05-02T00:44:17.6335587Z [command]/usr/bin/git config --local --unset-all extensions.worktreeConfig
2026-05-02T00:44:17.6362795Z ##[group]Checking out the ref
2026-05-02T00:44:17.6367750Z [command]/usr/bin/git checkout --progress --force 560c9b62370c246b1510370a7f2ef672616ec484
2026-05-02T00:44:17.8814802Z Note: switching to '560c9b62370c246b1510370a7f2ef672616ec484'.
2026-05-02T00:44:17.8815672Z 
2026-05-02T00:44:17.8816335Z You are in 'detached HEAD' state. You can look around, make experimental
2026-05-02T00:44:17.8817699Z changes and commit them, and you can discard any commits you make in this
2026-05-02T00:44:17.8818939Z state without impacting any branches by switching back to a branch.
2026-05-02T00:44:17.8819419Z 
2026-05-02T00:44:17.8819716Z If you want to create a new branch to retain commits you create, you may
2026-05-02T00:44:17.8820374Z do so (now or later) by using -c with the switch command. Example:
2026-05-02T00:44:17.8820801Z 
2026-05-02T00:44:17.8820972Z   git switch -c <new-branch-name>
2026-05-02T00:44:17.8821321Z 
2026-05-02T00:44:17.8821485Z Or undo this operation with:
2026-05-02T00:44:17.8821729Z 
2026-05-02T00:44:17.8821867Z   git switch -
2026-05-02T00:44:17.8822055Z 
2026-05-02T00:44:17.8822376Z Turn off this advice by setting config variable advice.detachedHead to false
2026-05-02T00:44:17.8822832Z 
2026-05-02T00:44:17.8823008Z HEAD is now at 560c9b6 style: auto-format
2026-05-02T00:44:17.8837015Z ##[endgroup]
2026-05-02T00:44:17.8876606Z [command]/usr/bin/git log -1 --format=%H
2026-05-02T00:44:17.8900249Z 560c9b62370c246b1510370a7f2ef672616ec484
2026-05-02T00:44:17.9123957Z ##[group]Run dorny/paths-filter@v4
2026-05-02T00:44:17.9124366Z with:
2026-05-02T00:44:17.9125241Z   filters: android:
  - 'app/**'
  - 'gradlew'
  - 'gradlew.bat'
  - 'gradle/**'
  - 'build.gradle.kts'
  - 'settings.gradle.kts'
  - '.github/workflows/android-ci.yml'
  - '.github/actions/setup-android/**'

2026-05-02T00:44:17.9126322Z   token: ***
2026-05-02T00:44:17.9126586Z   list-files: none
2026-05-02T00:44:17.9126891Z   initial-fetch-depth: 100
2026-05-02T00:44:17.9127223Z   predicate-quantifier: some
2026-05-02T00:44:17.9127532Z ##[endgroup]
2026-05-02T00:44:17.9912669Z ##[group]Fetching list of changed files for PR#1047 from Github API
2026-05-02T00:44:17.9921484Z Invoking listFiles(pull_number: 1047, per_page: 100)
2026-05-02T00:44:18.4018232Z Received 17 items
2026-05-02T00:44:18.4019111Z [modified] app/src/main/java/com/averycorp/prismtask/MainActivity.kt
2026-05-02T00:44:18.4020258Z [modified] app/src/main/java/com/averycorp/prismtask/ui/navigation/NavGraph.kt
2026-05-02T00:44:18.4021508Z [modified] app/src/main/java/com/averycorp/prismtask/widget/CalendarWidget.kt
2026-05-02T00:44:18.4022643Z [modified] app/src/main/java/com/averycorp/prismtask/widget/EisenhowerWidget.kt
2026-05-02T00:44:18.4023967Z [modified] app/src/main/java/com/averycorp/prismtask/widget/FocusWidget.kt
2026-05-02T00:44:18.4025085Z [modified] app/src/main/java/com/averycorp/prismtask/widget/HabitStreakWidget.kt
2026-05-02T00:44:18.4026213Z [modified] app/src/main/java/com/averycorp/prismtask/widget/InboxWidget.kt
2026-05-02T00:44:18.4027319Z [modified] app/src/main/java/com/averycorp/prismtask/widget/MedicationWidget.kt
2026-05-02T00:44:18.4028428Z [modified] app/src/main/java/com/averycorp/prismtask/widget/QuickAddWidget.kt
2026-05-02T00:44:18.4030126Z [modified] app/src/main/java/com/averycorp/prismtask/widget/StatsSparklineWidget.kt
2026-05-02T00:44:18.4031296Z [modified] app/src/main/java/com/averycorp/prismtask/widget/StreakCalendarWidget.kt
2026-05-02T00:44:18.4032376Z [modified] app/src/main/java/com/averycorp/prismtask/widget/TimerWidget.kt
2026-05-02T00:44:18.4033416Z [modified] app/src/main/java/com/averycorp/prismtask/widget/TodayWidget.kt
2026-05-02T00:44:18.4034728Z [modified] app/src/main/java/com/averycorp/prismtask/widget/UpcomingWidget.kt
2026-05-02T00:44:18.4035924Z [added] app/src/main/java/com/averycorp/prismtask/widget/launch/WidgetLaunchAction.kt
2026-05-02T00:44:18.4037132Z [removed] app/src/test/java/com/averycorp/prismtask/MainActivityActionConstantsTest.kt
2026-05-02T00:44:18.4038207Z [added] app/src/test/java/com/averycorp/prismtask/widget/launch/WidgetLaunchActionTest.kt
2026-05-02T00:44:18.4039423Z ##[endgroup]
2026-05-02T00:44:18.4039875Z Detected 17 changed files
2026-05-02T00:44:18.4040275Z Results:
2026-05-02T00:44:18.4040993Z ##[group]Filter android = true
2026-05-02T00:44:18.4041480Z Matching files:
2026-05-02T00:44:18.4042038Z app/src/main/java/com/averycorp/prismtask/MainActivity.kt [modified]
2026-05-02T00:44:18.4042941Z app/src/main/java/com/averycorp/prismtask/ui/navigation/NavGraph.kt [modified]
2026-05-02T00:44:18.4044270Z app/src/main/java/com/averycorp/prismtask/widget/CalendarWidget.kt [modified]
2026-05-02T00:44:18.4045198Z app/src/main/java/com/averycorp/prismtask/widget/EisenhowerWidget.kt [modified]
2026-05-02T00:44:18.4046241Z app/src/main/java/com/averycorp/prismtask/widget/FocusWidget.kt [modified]
2026-05-02T00:44:18.4047204Z app/src/main/java/com/averycorp/prismtask/widget/HabitStreakWidget.kt [modified]
2026-05-02T00:44:18.4048149Z app/src/main/java/com/averycorp/prismtask/widget/InboxWidget.kt [modified]
2026-05-02T00:44:18.4049167Z app/src/main/java/com/averycorp/prismtask/widget/MedicationWidget.kt [modified]
2026-05-02T00:44:18.4050061Z app/src/main/java/com/averycorp/prismtask/widget/QuickAddWidget.kt [modified]
2026-05-02T00:44:18.4051042Z app/src/main/java/com/averycorp/prismtask/widget/StatsSparklineWidget.kt [modified]
2026-05-02T00:44:18.4052185Z app/src/main/java/com/averycorp/prismtask/widget/StreakCalendarWidget.kt [modified]
2026-05-02T00:44:18.4053766Z app/src/main/java/com/averycorp/prismtask/widget/TimerWidget.kt [modified]
2026-05-02T00:44:18.4054769Z app/src/main/java/com/averycorp/prismtask/widget/TodayWidget.kt [modified]
2026-05-02T00:44:18.4055800Z app/src/main/java/com/averycorp/prismtask/widget/UpcomingWidget.kt [modified]
2026-05-02T00:44:18.4056881Z app/src/main/java/com/averycorp/prismtask/widget/launch/WidgetLaunchAction.kt [added]
2026-05-02T00:44:18.4057980Z app/src/test/java/com/averycorp/prismtask/MainActivityActionConstantsTest.kt [deleted]
2026-05-02T00:44:18.4059123Z app/src/test/java/com/averycorp/prismtask/widget/launch/WidgetLaunchActionTest.kt [added]
2026-05-02T00:44:18.4060214Z ##[endgroup]
2026-05-02T00:44:18.4060557Z Changes output set to ["android"]
2026-05-02T00:44:18.4365934Z Prepare all required actions
2026-05-02T00:44:18.4366339Z Getting action download info
2026-05-02T00:44:18.6758236Z Download action repository 'actions/setup-java@v4' (SHA:c1e323688fd81a25caa38c78aa6df2d33d3e20d9)
2026-05-02T00:44:19.2744744Z Download action repository 'gradle/actions@v4' (SHA:ed408507eac070d1f99cc633dbcf757c94c7933a)
2026-05-02T00:44:20.2918313Z ##[group]Run ./.github/actions/setup-android
2026-05-02T00:44:20.2918604Z ##[endgroup]
2026-05-02T00:44:20.3070023Z ##[group]Run actions/setup-java@v4
2026-05-02T00:44:20.3070280Z with:
2026-05-02T00:44:20.3070451Z   java-version: 21
2026-05-02T00:44:20.3070647Z   distribution: temurin
2026-05-02T00:44:20.3070850Z   java-package: jdk
2026-05-02T00:44:20.3071048Z   check-latest: false
2026-05-02T00:44:20.3071238Z   server-id: github
2026-05-02T00:44:20.3071420Z   server-username: GITHUB_ACTOR
2026-05-02T00:44:20.3071648Z   server-password: GITHUB_TOKEN
2026-05-02T00:44:20.3071859Z   overwrite-settings: true
2026-05-02T00:44:20.3072290Z   job-status: success
2026-05-02T00:44:20.3072612Z   token: ***
2026-05-02T00:44:20.3072788Z ##[endgroup]
2026-05-02T00:44:20.5117571Z ##[group]Installed distributions
2026-05-02T00:44:20.5176338Z Resolved Java 21.0.10+7 from tool-cache
2026-05-02T00:44:20.5177005Z Setting Java 21.0.10+7 as the default
2026-05-02T00:44:20.5190313Z Creating toolchains.xml for JDK version 21 from temurin
2026-05-02T00:44:20.5270782Z Writing to /home/runner/.m2/toolchains.xml
2026-05-02T00:44:20.5271545Z 
2026-05-02T00:44:20.5271982Z Java configuration:
2026-05-02T00:44:20.5272793Z   Distribution: temurin
2026-05-02T00:44:20.5273532Z   Version: 21.0.10+7
2026-05-02T00:44:20.5274835Z   Path: /opt/hostedtoolcache/Java_Temurin-Hotspot_jdk/21.0.10-7/x64
2026-05-02T00:44:20.5275533Z 
2026-05-02T00:44:20.5275986Z ##[endgroup]
2026-05-02T00:44:20.5290497Z Creating settings.xml with server-id: github
2026-05-02T00:44:20.5299831Z Writing to /home/runner/.m2/settings.xml
2026-05-02T00:44:20.5479620Z ##[group]Run gradle/actions/setup-gradle@v4
2026-05-02T00:44:20.5479895Z with:
2026-05-02T00:44:20.5480066Z   cache-disabled: false
2026-05-02T00:44:20.5480273Z   cache-read-only: true
2026-05-02T00:44:20.5480467Z   cache-write-only: false
2026-05-02T00:44:20.5480695Z   cache-overwrite-existing: false
2026-05-02T00:44:20.5480929Z   cache-cleanup: on-success
2026-05-02T00:44:20.5481190Z   gradle-home-cache-includes: caches
notifications

2026-05-02T00:44:20.5481468Z   add-job-summary: always
2026-05-02T00:44:20.5481691Z   add-job-summary-as-pr-comment: never
2026-05-02T00:44:20.5481943Z   dependency-graph: disabled
2026-05-02T00:44:20.5482233Z   dependency-graph-report-dir: dependency-graph-reports
2026-05-02T00:44:20.5482582Z   dependency-graph-continue-on-failure: true
2026-05-02T00:44:20.5482856Z   build-scan-publish: false
2026-05-02T00:44:20.5483075Z   validate-wrappers: true
2026-05-02T00:44:20.5483289Z   allow-snapshot-wrappers: false
2026-05-02T00:44:20.5483793Z   gradle-home-cache-strict-match: false
2026-05-02T00:44:20.5484064Z   workflow-job-context: null
2026-05-02T00:44:20.5484423Z   github-token: ***
2026-05-02T00:44:20.5484609Z env:
2026-05-02T00:44:20.5484878Z   JAVA_HOME: /opt/hostedtoolcache/Java_Temurin-Hotspot_jdk/21.0.10-7/x64
2026-05-02T00:44:20.5485334Z   JAVA_HOME_21_X64: /opt/hostedtoolcache/Java_Temurin-Hotspot_jdk/21.0.10-7/x64
2026-05-02T00:44:20.5485675Z ##[endgroup]
2026-05-02T00:44:21.6864948Z Merged default JDK locations into /home/runner/.m2/toolchains.xml
2026-05-02T00:44:21.6872447Z ##[group]Restore Gradle state from cache
2026-05-02T00:44:21.9589654Z Cache hit for restore-key: gradle-home-v1|Linux-X64|lint-and-test[5df42585ae8f8da228c604b8b4e8707c]-e3dcaa7d11172d13d48d3be71f4bc52b4d4f9d17
2026-05-02T00:44:23.3139441Z Received 0 of 62655846 (0.0%), 0.0 MBs/sec
2026-05-02T00:44:24.0164990Z Received 62655846 of 62655846 (100.0%), 35.1 MBs/sec
2026-05-02T00:44:24.0167942Z Cache Size: ~60 MB (62655846 B)
2026-05-02T00:44:24.0207036Z [command]/usr/bin/tar -xf /home/runner/work/_temp/70bf5fef-3bbc-4b5d-96c5-a84a40bc3a2e/cache.tzst -P -C /home/runner/work/prismTask/prismTask --use-compress-program unzstd
2026-05-02T00:44:24.3784437Z Cache restored successfully
2026-05-02T00:44:24.3815812Z Restored cache entry with key gradle-home-v1|Linux-X64|lint-and-test[5df42585ae8f8da228c604b8b4e8707c]-d48873376f11305281964821bcde92738f3922da to /home/runner/.gradle/caches,/home/runner/.gradle/notifications,/home/runner/.gradle/.setup-gradle in 2694ms
2026-05-02T00:44:24.6288942Z Cache hit for: gradle-kotlin-dsl-v1-9a58256edd73496c3c366ac7ee77e4ca
2026-05-02T00:44:24.6318242Z Cache hit for: gradle-transforms-v1-e1578249a148cb16c77bc5dc09e9c880
2026-05-02T00:44:24.6472694Z Cache hit for: gradle-groovy-dsl-v1-db871f7d91ffc782f27c8abb5e8db4c7
2026-05-02T00:44:24.6580777Z Cache hit for: gradle-generated-gradle-jars-v1-cb4b032a7d08b9bf1e84e9eacaebcc29
2026-05-02T00:44:24.6600791Z Cache hit for: gradle-wrapper-zips-v1-8c0de4c6bda6041d6e054bf825a89c98
2026-05-02T00:44:24.6625761Z Cache hit for: gradle-instrumented-jars-v1-4b4193818c581507998c43f1078414ba
2026-05-02T00:44:24.6759164Z Cache hit for: gradle-dependencies-v1-14c78ad2d4d630d643c7aa0afec48c7a
2026-05-02T00:44:25.3561447Z Received 110893 of 110893 (100.0%), 0.2 MBs/sec
2026-05-02T00:44:25.3563927Z Cache Size: ~0 MB (110893 B)
2026-05-02T00:44:25.3610308Z Received 64445 of 64445 (100.0%), 0.1 MBs/sec
2026-05-02T00:44:25.3610957Z Cache Size: ~0 MB (64445 B)
2026-05-02T00:44:25.3647673Z [command]/usr/bin/tar -xf /home/runner/work/_temp/7254aecc-99fe-433a-b6d8-e1e1ea5a2ca6/cache.tzst -P -C /home/runner/work/prismTask/prismTask --use-compress-program unzstd
2026-05-02T00:44:25.3889478Z [command]/usr/bin/tar -xf /home/runner/work/_temp/1afeb1a2-a9c1-455d-919f-634d5399c0ce/cache.tzst -P -C /home/runner/work/prismTask/prismTask --use-compress-program unzstd
2026-05-02T00:44:25.4058130Z Cache restored successfully
2026-05-02T00:44:25.4060896Z Cache restored successfully
2026-05-02T00:44:25.4067721Z Restored cache entry with key gradle-groovy-dsl-v1-db871f7d91ffc782f27c8abb5e8db4c7 to /home/runner/.gradle/caches/*/groovy-dsl/*/ in 1023ms
2026-05-02T00:44:25.4069508Z Restored cache entry with key gradle-instrumented-jars-v1-4b4193818c581507998c43f1078414ba to /home/runner/.gradle/caches/jars-*/*/ in 1023ms
2026-05-02T00:44:25.5038110Z Received 229148 of 229148 (100.0%), 0.4 MBs/sec
2026-05-02T00:44:25.5038748Z Cache Size: ~0 MB (229148 B)
2026-05-02T00:44:25.5173224Z [command]/usr/bin/tar -xf /home/runner/work/_temp/c1cae658-90d6-461c-9d21-fdd5347e21dc/cache.tzst -P -C /home/runner/work/prismTask/prismTask --use-compress-program unzstd
2026-05-02T00:44:25.6171590Z Cache restored successfully
2026-05-02T00:44:25.6173958Z Restored cache entry with key gradle-kotlin-dsl-v1-9a58256edd73496c3c366ac7ee77e4ca to /home/runner/.gradle/caches/*/kotlin-dsl/accessors/*/,/home/runner/.gradle/caches/*/kotlin-dsl/scripts/*/ in 1234ms
2026-05-02T00:44:25.7042640Z Received 96468992 of 651395285 (14.8%), 91.9 MBs/sec
2026-05-02T00:44:25.9795430Z Received 0 of 41993404 (0.0%), 0.0 MBs/sec
2026-05-02T00:44:25.9994855Z Received 0 of 136352669 (0.0%), 0.0 MBs/sec
2026-05-02T00:44:26.0043440Z Received 0 of 843938512 (0.0%), 0.0 MBs/sec
2026-05-02T00:44:26.6863367Z Received 41993404 of 41993404 (100.0%), 23.1 MBs/sec
2026-05-02T00:44:26.6866507Z Cache Size: ~40 MB (41993404 B)
2026-05-02T00:44:26.6924091Z [command]/usr/bin/tar -xf /home/runner/work/_temp/5dd6770f-66fc-4bba-a557-9afe5ad6c330/cache.tzst -P -C /home/runner/work/prismTask/prismTask --use-compress-program unzstd
2026-05-02T00:44:26.7178550Z Received 226492416 of 651395285 (34.8%), 107.2 MBs/sec
2026-05-02T00:44:27.0076186Z Received 62914560 of 136352669 (46.1%), 29.7 MBs/sec
2026-05-02T00:44:27.0078748Z Received 67108864 of 843938512 (8.0%), 32.0 MBs/sec
2026-05-02T00:44:27.0539066Z Cache restored successfully
2026-05-02T00:44:27.0558877Z Restored cache entry with key gradle-generated-gradle-jars-v1-cb4b032a7d08b9bf1e84e9eacaebcc29 to /home/runner/.gradle/caches/9.3.1/generated-gradle-jars/gradle-api-9.3.1.jar in 2673ms
2026-05-02T00:44:27.7395854Z Received 356515840 of 651395285 (54.7%), 112.1 MBs/sec
2026-05-02T00:44:28.0283119Z Received 134217728 of 136352669 (98.4%), 42.1 MBs/sec
2026-05-02T00:44:28.0284436Z Received 142606336 of 843938512 (16.9%), 45.0 MBs/sec
2026-05-02T00:44:28.0550953Z Received 136352669 of 136352669 (100.0%), 42.4 MBs/sec
2026-05-02T00:44:28.0554739Z Cache Size: ~130 MB (136352669 B)
2026-05-02T00:44:28.0592068Z [command]/usr/bin/tar -xf /home/runner/work/_temp/a0aa84be-550b-44e1-b8b6-72cad0ced511/cache.tzst -P -C /home/runner/work/prismTask/prismTask --use-compress-program unzstd
2026-05-02T00:44:28.3550560Z Cache restored successfully
2026-05-02T00:44:28.3610769Z Restored cache entry with key gradle-wrapper-zips-v1-8c0de4c6bda6041d6e054bf825a89c98 to /home/runner/.gradle/wrapper/dists/gradle-9.3.1-bin/23ovyewtku6u96viwx3xl3oks in 3978ms
2026-05-02T00:44:28.7379320Z Received 507510784 of 651395285 (77.9%), 120.0 MBs/sec
2026-05-02T00:44:29.0291669Z Received 264241152 of 843938512 (31.3%), 62.6 MBs/sec
2026-05-02T00:44:29.7388064Z Received 647200981 of 651395285 (99.4%), 122.6 MBs/sec
2026-05-02T00:44:29.7955159Z Received 651395285 of 651395285 (100.0%), 122.0 MBs/sec
2026-05-02T00:44:29.7958223Z Cache Size: ~621 MB (651395285 B)
2026-05-02T00:44:29.8369907Z [command]/usr/bin/tar -xf /home/runner/work/_temp/20118154-f3b6-4d4b-9ff4-cc5a21cb6f5a/cache.tzst -P -C /home/runner/work/prismTask/prismTask --use-compress-program unzstd
2026-05-02T00:44:30.0293374Z Received 381681664 of 843938512 (45.2%), 72.4 MBs/sec
2026-05-02T00:44:31.0374974Z Received 503316480 of 843938512 (59.6%), 79.6 MBs/sec
2026-05-02T00:44:32.0374287Z Received 658505728 of 843938512 (78.0%), 89.3 MBs/sec
2026-05-02T00:44:33.0504788Z Received 805306368 of 843938512 (95.4%), 95.5 MBs/sec
2026-05-02T00:44:33.4315238Z Received 843938512 of 843938512 (100.0%), 95.5 MBs/sec
2026-05-02T00:44:33.4325078Z Cache Size: ~805 MB (843938512 B)
2026-05-02T00:44:33.4402904Z [command]/usr/bin/tar -xf /home/runner/work/_temp/05348dd2-f2cb-41fb-9a4e-3ac91e8e3d44/cache.tzst -P -C /home/runner/work/prismTask/prismTask --use-compress-program unzstd
2026-05-02T00:44:36.0984310Z Cache restored successfully
2026-05-02T00:44:36.1486168Z Restored cache entry with key gradle-dependencies-v1-14c78ad2d4d630d643c7aa0afec48c7a to /home/runner/.gradle/caches/modules-*/files-*/*/*/*/* in 11766ms
2026-05-02T00:44:39.6346428Z Cache restored successfully
2026-05-02T00:44:39.6631196Z Restored cache entry with key gradle-transforms-v1-e1578249a148cb16c77bc5dc09e9c880 to /home/runner/.gradle/caches/transforms-4/*/,/home/runner/.gradle/caches/*/transforms/*/ in 15279ms
2026-05-02T00:44:39.6901603Z ##[endgroup]
2026-05-02T00:44:39.7289301Z ##[group]All Gradle Wrapper jars are valid
2026-05-02T00:44:39.7290484Z ✓ Found known Gradle Wrapper JAR files:
2026-05-02T00:44:39.7291145Z   b3a875ddc1f044746e1b1a55f645584505f4a10438c1afea9f15e92a7c42ec13 gradle/wrapper/gradle-wrapper.jar
2026-05-02T00:44:39.7291859Z ##[endgroup]
2026-05-02T00:44:39.7767127Z ##[group]Run chmod +x gradlew
2026-05-02T00:44:39.7767494Z [36;1mchmod +x gradlew[0m
2026-05-02T00:44:39.7791937Z shell: /usr/bin/bash --noprofile --norc -e -o pipefail {0}
2026-05-02T00:44:39.7792308Z env:
2026-05-02T00:44:39.7792645Z   JAVA_HOME: /opt/hostedtoolcache/Java_Temurin-Hotspot_jdk/21.0.10-7/x64
2026-05-02T00:44:39.7793165Z   JAVA_HOME_21_X64: /opt/hostedtoolcache/Java_Temurin-Hotspot_jdk/21.0.10-7/x64
2026-05-02T00:44:39.7793949Z   GRADLE_ACTION_ID: gradle/actions/setup-gradle
2026-05-02T00:44:39.7794298Z   GRADLE_USER_HOME: /home/runner/.gradle
2026-05-02T00:44:39.7794611Z   GRADLE_BUILD_ACTION_SETUP_COMPLETED: true
2026-05-02T00:44:39.7794936Z   GRADLE_BUILD_ACTION_CACHE_RESTORED: true
2026-05-02T00:44:39.7795394Z   DEVELOCITY_INJECTION_INIT_SCRIPT_NAME: gradle-actions.inject-develocity.init.gradle
2026-05-02T00:44:39.7795899Z   DEVELOCITY_INJECTION_CUSTOM_VALUE: gradle-actions
2026-05-02T00:44:39.7796233Z   GITHUB_DEPENDENCY_GRAPH_ENABLED: false
2026-05-02T00:44:39.7796519Z ##[endgroup]
2026-05-02T00:44:40.1111282Z ##[group]Run actions/cache@v4
2026-05-02T00:44:40.1111607Z with:
2026-05-02T00:44:40.1111822Z   path: app/build
2026-05-02T00:44:40.1112255Z   key: app-build-Linux-ca385df736ad6fa3ea493f6ecb8178906d40fea451681f13c1cd6f94ccb30ea0
2026-05-02T00:44:40.1112827Z   restore-keys: app-build-Linux-

2026-05-02T00:44:40.1113121Z   enableCrossOsArchive: false
2026-05-02T00:44:40.1113405Z   fail-on-cache-miss: false
2026-05-02T00:44:40.1113933Z   lookup-only: false
2026-05-02T00:44:40.1114186Z   save-always: false
2026-05-02T00:44:40.1114422Z env:
2026-05-02T00:44:40.1114752Z   JAVA_HOME: /opt/hostedtoolcache/Java_Temurin-Hotspot_jdk/21.0.10-7/x64
2026-05-02T00:44:40.1115270Z   JAVA_HOME_21_X64: /opt/hostedtoolcache/Java_Temurin-Hotspot_jdk/21.0.10-7/x64
2026-05-02T00:44:40.1115710Z   GRADLE_ACTION_ID: gradle/actions/setup-gradle
2026-05-02T00:44:40.1116038Z   GRADLE_USER_HOME: /home/runner/.gradle
2026-05-02T00:44:40.1116345Z   GRADLE_BUILD_ACTION_SETUP_COMPLETED: true
2026-05-02T00:44:40.1116714Z   GRADLE_BUILD_ACTION_CACHE_RESTORED: true
2026-05-02T00:44:40.1117407Z   DEVELOCITY_INJECTION_INIT_SCRIPT_NAME: gradle-actions.inject-develocity.init.gradle
2026-05-02T00:44:40.1117905Z   DEVELOCITY_INJECTION_CUSTOM_VALUE: gradle-actions
2026-05-02T00:44:40.1118247Z   GITHUB_DEPENDENCY_GRAPH_ENABLED: false
2026-05-02T00:44:40.1118537Z ##[endgroup]
2026-05-02T00:44:40.6722551Z Cache hit for restore-key: app-build-Linux-37a5efbd40e827c4c2698bebdafdbd9b09bc7940533081a1f18b9181a136165b
2026-05-02T00:44:41.9639628Z Received 4194304 of 170126423 (2.5%), 4.0 MBs/sec
2026-05-02T00:44:42.9668327Z Received 121634816 of 170126423 (71.5%), 57.9 MBs/sec
2026-05-02T00:44:43.3990525Z Received 170126423 of 170126423 (100.0%), 66.6 MBs/sec
2026-05-02T00:44:43.4038506Z Cache Size: ~162 MB (170126423 B)
2026-05-02T00:44:43.4099153Z [command]/usr/bin/tar -xf /home/runner/work/_temp/a05caddb-3618-49b3-b1cc-7d275ef58668/cache.tzst -P -C /home/runner/work/prismTask/prismTask --use-compress-program unzstd
2026-05-02T00:44:45.4415511Z Cache restored successfully
2026-05-02T00:44:45.4569320Z Cache restored from key: app-build-Linux-37a5efbd40e827c4c2698bebdafdbd9b09bc7940533081a1f18b9181a136165b
2026-05-02T00:44:45.4679139Z ##[group]Run ./gradlew detekt --continue
2026-05-02T00:44:45.4679532Z [36;1m./gradlew detekt --continue[0m
2026-05-02T00:44:45.4701043Z shell: /usr/bin/bash -e {0}
2026-05-02T00:44:45.4701328Z env:
2026-05-02T00:44:45.4701665Z   JAVA_HOME: /opt/hostedtoolcache/Java_Temurin-Hotspot_jdk/21.0.10-7/x64
2026-05-02T00:44:45.4702194Z   JAVA_HOME_21_X64: /opt/hostedtoolcache/Java_Temurin-Hotspot_jdk/21.0.10-7/x64
2026-05-02T00:44:45.4702649Z   GRADLE_ACTION_ID: gradle/actions/setup-gradle
2026-05-02T00:44:45.4702983Z   GRADLE_USER_HOME: /home/runner/.gradle
2026-05-02T00:44:45.4703298Z   GRADLE_BUILD_ACTION_SETUP_COMPLETED: true
2026-05-02T00:44:45.4703908Z   GRADLE_BUILD_ACTION_CACHE_RESTORED: true
2026-05-02T00:44:45.4704389Z   DEVELOCITY_INJECTION_INIT_SCRIPT_NAME: gradle-actions.inject-develocity.init.gradle
2026-05-02T00:44:45.4704898Z   DEVELOCITY_INJECTION_CUSTOM_VALUE: gradle-actions
2026-05-02T00:44:45.4705252Z   GITHUB_DEPENDENCY_GRAPH_ENABLED: false
2026-05-02T00:44:45.4705568Z ##[endgroup]
2026-05-02T00:44:47.1137881Z Starting a Gradle Daemon (subsequent builds will be faster)
2026-05-02T00:44:51.1076803Z Configuration on demand is an incubating feature.
2026-05-02T00:44:57.8068497Z 
2026-05-02T00:44:57.8079983Z > Configure project :app
2026-05-02T00:44:57.8080975Z WARNING: The option setting 'android.builtInKotlin=false' is deprecated.
2026-05-02T00:44:57.8081987Z The current default is 'true'.
2026-05-02T00:44:57.8083901Z It will be removed in version 10.0 of the Android Gradle plugin.
2026-05-02T00:44:57.8094159Z WARNING: The option setting 'android.newDsl=false' is deprecated.
2026-05-02T00:44:57.8095297Z The current default is 'true'.
2026-05-02T00:44:57.8096216Z It will be removed in version 10.0 of the Android Gradle plugin.
2026-05-02T00:44:57.8097382Z WARNING: The option setting 'android.dependency.excludeLibraryComponentsFromConstraints=true' is deprecated.
2026-05-02T00:44:57.8098448Z The current default is 'false'.
2026-05-02T00:44:57.8099109Z It will be removed in version 10.0 of the Android Gradle plugin.
2026-05-02T00:44:57.8099904Z Following can be set instead to achieve a similar behaviour.
2026-05-02T00:44:57.8100626Z     android.dependency.useConstraints=false
2026-05-02T00:45:05.0071812Z w: file:///home/runner/work/prismTask/prismTask/app/build.gradle.kts:13:1: 'fun Project.android(configure: Action<BaseAppModuleExtension>): Unit' is deprecated. Replaced by com.android.build.api.dsl.ApplicationExtension.
2026-05-02T00:45:05.0074390Z This class is not used for the public extensions in AGP when android.newDsl=true, which is the default in AGP 9.0, and will be removed in AGP 10.0.
2026-05-02T00:45:05.0077007Z w: file:///home/runner/work/prismTask/prismTask/app/build.gradle.kts:249:1: 'val Project.android: BaseAppModuleExtension' is deprecated. Replaced by com.android.build.api.dsl.ApplicationExtension.
2026-05-02T00:45:05.0095062Z This class is not used for the public extensions in AGP when android.newDsl=true, which is the default in AGP 9.0, and will be removed in AGP 10.0.
2026-05-02T00:45:06.3071580Z w: ⚠️ Deprecated 'org.jetbrains.kotlin.android' plugin usage
2026-05-02T00:45:06.3072895Z The 'org.jetbrains.kotlin.android' plugin in project ':app' is no longer required for Kotlin support since AGP 9.0.
2026-05-02T00:45:06.3075219Z Solution: Remove both `android.builtInKotlin=true` and `android.newDsl=false` from `gradle.properties`, then migrate to built-in Kotlin.
2026-05-02T00:45:06.3076855Z See https://kotl.in/gradle/agp-built-in-kotlin for more details.
2026-05-02T00:45:06.3077579Z 
2026-05-02T00:45:07.5084572Z 
2026-05-02T00:45:07.5089966Z > Task :detekt-rules:checkKotlinGradlePluginConfigurationErrors SKIPPED
2026-05-02T00:45:07.7071034Z > Task :detekt-rules:compileKotlin FROM-CACHE
2026-05-02T00:45:07.7076800Z > Task :detekt-rules:compileJava NO-SOURCE
2026-05-02T00:45:07.8070267Z > Task :detekt-rules:processResources
2026-05-02T00:45:07.8074725Z > Task :detekt-rules:classes
2026-05-02T00:45:07.8075648Z > Task :detekt-rules:jar
2026-05-02T00:45:37.8095027Z > Task :app:detekt
2026-05-02T00:45:53.0082546Z gradle/actions: Writing build results to /home/runner/work/_temp/.gradle-actions/build-results/__run_3-1777682693261.json
2026-05-02T00:45:53.0083906Z 
2026-05-02T00:45:53.0084899Z [Incubating] Problems report is available at: file:///home/runner/work/prismTask/prismTask/build/reports/problems/problems-report.html
2026-05-02T00:45:53.0086040Z 
2026-05-02T00:45:53.0086641Z Deprecated Gradle features were used in this build, making it incompatible with Gradle 10.
2026-05-02T00:45:53.0087487Z 
2026-05-02T00:45:53.0088378Z You can use '--warning-mode all' to show the individual deprecation warnings and determine if they come from your own scripts or plugins.
2026-05-02T00:45:53.0089455Z 
2026-05-02T00:45:53.0090536Z For more on this, please refer to https://docs.gradle.org/9.3.1/userguide/command_line_interface.html#sec:command_line_warnings in the Gradle documentation.
2026-05-02T00:45:53.0091817Z 
2026-05-02T00:45:53.0092137Z BUILD SUCCESSFUL in 1m 7s
2026-05-02T00:45:53.0092809Z 4 actionable tasks: 3 executed, 1 from cache
2026-05-02T00:45:53.3802544Z ##[group]Run ./gradlew lintDebug --continue
2026-05-02T00:45:53.3802934Z [36;1m./gradlew lintDebug --continue[0m
2026-05-02T00:45:53.3824492Z shell: /usr/bin/bash -e {0}
2026-05-02T00:45:53.3824757Z env:
2026-05-02T00:45:53.3825088Z   JAVA_HOME: /opt/hostedtoolcache/Java_Temurin-Hotspot_jdk/21.0.10-7/x64
2026-05-02T00:45:53.3825613Z   JAVA_HOME_21_X64: /opt/hostedtoolcache/Java_Temurin-Hotspot_jdk/21.0.10-7/x64
2026-05-02T00:45:53.3826056Z   GRADLE_ACTION_ID: gradle/actions/setup-gradle
2026-05-02T00:45:53.3826388Z   GRADLE_USER_HOME: /home/runner/.gradle
2026-05-02T00:45:53.3826706Z   GRADLE_BUILD_ACTION_SETUP_COMPLETED: true
2026-05-02T00:45:53.3827022Z   GRADLE_BUILD_ACTION_CACHE_RESTORED: true
2026-05-02T00:45:53.3827492Z   DEVELOCITY_INJECTION_INIT_SCRIPT_NAME: gradle-actions.inject-develocity.init.gradle
2026-05-02T00:45:53.3828008Z   DEVELOCITY_INJECTION_CUSTOM_VALUE: gradle-actions
2026-05-02T00:45:53.3828351Z   GITHUB_DEPENDENCY_GRAPH_ENABLED: false
2026-05-02T00:45:53.3828670Z ##[endgroup]
2026-05-02T00:45:54.1632430Z Configuration on demand is an incubating feature.
2026-05-02T00:45:54.5580868Z 
2026-05-02T00:45:54.5614601Z > Configure project :app
2026-05-02T00:45:54.5622120Z WARNING: The option setting 'android.builtInKotlin=false' is deprecated.
2026-05-02T00:45:54.5654196Z The current default is 'true'.
2026-05-02T00:45:54.5664586Z It will be removed in version 10.0 of the Android Gradle plugin.
2026-05-02T00:45:54.5665678Z WARNING: The option setting 'android.newDsl=false' is deprecated.
2026-05-02T00:45:54.5666582Z The current default is 'true'.
2026-05-02T00:45:54.5667407Z It will be removed in version 10.0 of the Android Gradle plugin.
2026-05-02T00:45:54.5668766Z WARNING: The option setting 'android.dependency.excludeLibraryComponentsFromConstraints=true' is deprecated.
2026-05-02T00:45:54.5670014Z The current default is 'false'.
2026-05-02T00:45:54.5671434Z It will be removed in version 10.0 of the Android Gradle plugin.
2026-05-02T00:45:54.5672480Z Following can be set instead to achieve a similar behaviour.
2026-05-02T00:45:54.5673407Z     android.dependency.useConstraints=false
2026-05-02T00:45:54.5675023Z w: ⚠️ Deprecated 'org.jetbrains.kotlin.android' plugin usage
2026-05-02T00:45:54.5676361Z The 'org.jetbrains.kotlin.android' plugin in project ':app' is no longer required for Kotlin support since AGP 9.0.
2026-05-02T00:45:54.5678103Z Solution: Remove both `android.builtInKotlin=true` and `android.newDsl=false` from `gradle.properties`, then migrate to built-in Kotlin.
2026-05-02T00:45:54.5679617Z See https://kotl.in/gradle/agp-built-in-kotlin for more details.
2026-05-02T00:45:54.5680307Z 
2026-05-02T00:45:55.5580825Z 
2026-05-02T00:45:55.5582449Z > Task :app:checkKotlinGradlePluginConfigurationErrors SKIPPED
2026-05-02T00:45:55.5583784Z > Task :app:preBuild UP-TO-DATE
2026-05-02T00:45:55.5604375Z > Task :app:preDebugBuild UP-TO-DATE
2026-05-02T00:45:55.5606117Z > Task :app:generateDebugBuildConfig
2026-05-02T00:45:55.5608620Z > Task :app:generateDebugResValues FROM-CACHE
2026-05-02T00:45:55.6591485Z > Task :app:generateDebugResources FROM-CACHE
2026-05-02T00:45:55.6596813Z > Task :app:injectCrashlyticsMappingFileIdDebug
2026-05-02T00:45:55.6602489Z > Task :app:processDebugGoogleServices FROM-CACHE
2026-05-02T00:45:55.7614580Z > Task :app:packageDebugResources FROM-CACHE
2026-05-02T00:45:56.3581020Z > Task :app:processDebugNavigationResources FROM-CACHE
2026-05-02T00:45:56.8581403Z > Task :app:parseDebugLocalResources FROM-CACHE
2026-05-02T00:45:56.8582418Z > Task :app:generateDebugRFile FROM-CACHE
2026-05-02T00:45:57.8594560Z > Task :app:javaPreCompileDebug FROM-CACHE
2026-05-02T00:45:57.9604600Z > Task :app:mapDebugSourceSetPaths
2026-05-02T00:45:57.9605221Z > Task :app:checkDebugAarMetadata
2026-05-02T00:45:57.9605858Z > Task :app:compileDebugNavigationResources FROM-CACHE
2026-05-02T00:45:58.2599232Z > Task :app:mergeDebugResources FROM-CACHE
2026-05-02T00:45:58.2632463Z > Task :app:createDebugCompatibleScreenManifests
2026-05-02T00:45:58.2662389Z > Task :app:extractDeepLinksDebug FROM-CACHE
2026-05-02T00:45:59.2585319Z > Task :app:processDebugMainManifest
2026-05-02T00:45:59.3588740Z > Task :app:processDebugManifest
2026-05-02T00:45:59.3600730Z > Task :app:preDebugAndroidTestBuild SKIPPED
2026-05-02T00:45:59.3601847Z > Task :app:generateDebugAndroidTestResValues FROM-CACHE
2026-05-02T00:45:59.4597531Z > Task :app:extractProguardFiles
2026-05-02T00:45:59.4634479Z > Task :app:preDebugUnitTestBuild UP-TO-DATE
2026-05-02T00:45:59.4664829Z > Task :app:processDebugManifestForPackage
2026-05-02T00:46:00.8580049Z > Task :app:processDebugResources
2026-05-02T00:46:26.8580584Z > Task :app:kspDebugKotlin
2026-05-02T00:47:04.3587114Z > Task :app:compileDebugKotlin
2026-05-02T00:47:30.8590700Z e: file:///home/runner/work/prismTask/prismTask/app/src/main/java/com/averycorp/prismtask/ui/navigation/NavGraph.kt:380:17 'if' must have both main and 'else' branches when used as an expression.
2026-05-02T00:47:30.8592176Z 
2026-05-02T00:47:30.8594532Z e: file:///home/runner/work/prismTask/prismTask/app/src/main/java/com/averycorp/prismtask/ui/navigation/NavGraph.kt:388:17 'if' must have both main and 'else' branches when used as an expression.
2026-05-02T00:47:30.8596657Z > Task :app:compileDebugKotlin FAILED
2026-05-02T00:47:30.8659085Z gradle/actions: Writing build results to /home/runner/work/_temp/.gradle-actions/build-results/__run_4-1777682754086.json
2026-05-02T00:47:30.9594512Z 
2026-05-02T00:47:30.9614031Z 
2026-05-02T00:47:30.9615179Z [Incubating] Problems report is available at: file:///home/runner/work/prismTask/prismTask/build/reports/problems/problems-report.html
2026-05-02T00:47:30.9674466Z FAILURE: Build failed with an exception.
2026-05-02T00:47:30.9674942Z 
2026-05-02T00:47:30.9675472Z Deprecated Gradle features were used in this build, making it incompatible with Gradle 10.
2026-05-02T00:47:30.9676191Z 
2026-05-02T00:47:30.9677488Z You can use '--warning-mode all' to show the individual deprecation warnings and determine if they come from your own scripts or plugins.
2026-05-02T00:47:30.9678498Z 
2026-05-02T00:47:30.9679443Z For more on this, please refer to https://docs.gradle.org/9.3.1/userguide/command_line_interface.html#sec:command_line_warnings in the Gradle documentation.
2026-05-02T00:47:30.9680796Z 24 actionable tasks: 12 executed, 12 from cache
2026-05-02T00:47:30.9703948Z 
2026-05-02T00:47:30.9704279Z * What went wrong:
2026-05-02T00:47:30.9734231Z Execution failed for task ':app:compileDebugKotlin'.
2026-05-02T00:47:30.9735392Z > A failure occurred while executing org.jetbrains.kotlin.compilerRunner.btapi.BuildToolsApiCompilationWork
2026-05-02T00:47:30.9736486Z    > Compilation error. See log for more details
2026-05-02T00:47:30.9736897Z 
2026-05-02T00:47:30.9737057Z * Try:
2026-05-02T00:47:30.9737543Z > Run with --stacktrace option to get the stack trace.
2026-05-02T00:47:30.9738263Z > Run with --info or --debug option to get more log output.
2026-05-02T00:47:30.9739145Z > Run with --scan to get full insights from a Build Scan (powered by Develocity).
2026-05-02T00:47:30.9739977Z > Get more help at https://help.gradle.org.
2026-05-02T00:47:30.9740390Z 
2026-05-02T00:47:30.9740574Z BUILD FAILED in 1m 37s
2026-05-02T00:47:31.0526222Z ##[error]Process completed with exit code 1.
2026-05-02T00:47:31.0581093Z ##[group]Run ./gradlew compileDebugAndroidTestKotlin --continue
2026-05-02T00:47:31.0581631Z [36;1m./gradlew compileDebugAndroidTestKotlin --continue[0m
2026-05-02T00:47:31.0603092Z shell: /usr/bin/bash -e {0}
2026-05-02T00:47:31.0603365Z env:
2026-05-02T00:47:31.0603980Z   JAVA_HOME: /opt/hostedtoolcache/Java_Temurin-Hotspot_jdk/21.0.10-7/x64
2026-05-02T00:47:31.0604519Z   JAVA_HOME_21_X64: /opt/hostedtoolcache/Java_Temurin-Hotspot_jdk/21.0.10-7/x64
2026-05-02T00:47:31.0604977Z   GRADLE_ACTION_ID: gradle/actions/setup-gradle
2026-05-02T00:47:31.0605307Z   GRADLE_USER_HOME: /home/runner/.gradle
2026-05-02T00:47:31.0605637Z   GRADLE_BUILD_ACTION_SETUP_COMPLETED: true
2026-05-02T00:47:31.0605951Z   GRADLE_BUILD_ACTION_CACHE_RESTORED: true
2026-05-02T00:47:31.0606417Z   DEVELOCITY_INJECTION_INIT_SCRIPT_NAME: gradle-actions.inject-develocity.init.gradle
2026-05-02T00:47:31.0606932Z   DEVELOCITY_INJECTION_CUSTOM_VALUE: gradle-actions
2026-05-02T00:47:31.0607320Z   GITHUB_DEPENDENCY_GRAPH_ENABLED: false
2026-05-02T00:47:31.0607618Z ##[endgroup]
2026-05-02T00:47:31.8310497Z Configuration on demand is an incubating feature.
2026-05-02T00:47:32.3316268Z 
2026-05-02T00:47:32.3394405Z > Configure project :app
2026-05-02T00:47:32.3414513Z WARNING: The option setting 'android.builtInKotlin=false' is deprecated.
2026-05-02T00:47:32.3434264Z The current default is 'true'.
2026-05-02T00:47:32.3504452Z It will be removed in version 10.0 of the Android Gradle plugin.
2026-05-02T00:47:32.3514146Z WARNING: The option setting 'android.newDsl=false' is deprecated.
2026-05-02T00:47:32.3518916Z The current default is 'true'.
2026-05-02T00:47:32.3519728Z It will be removed in version 10.0 of the Android Gradle plugin.
2026-05-02T00:47:32.3521021Z WARNING: The option setting 'android.dependency.excludeLibraryComponentsFromConstraints=true' is deprecated.
2026-05-02T00:47:32.3523969Z The current default is 'false'.
2026-05-02T00:47:32.3524763Z It will be removed in version 10.0 of the Android Gradle plugin.
2026-05-02T00:47:32.3531416Z Following can be set instead to achieve a similar behaviour.
2026-05-02T00:47:32.3532280Z     android.dependency.useConstraints=false
2026-05-02T00:47:32.3533407Z w: ⚠️ Deprecated 'org.jetbrains.kotlin.android' plugin usage
2026-05-02T00:47:32.3542509Z The 'org.jetbrains.kotlin.android' plugin in project ':app' is no longer required for Kotlin support since AGP 9.0.
2026-05-02T00:47:32.3545779Z Solution: Remove both `android.builtInKotlin=true` and `android.newDsl=false` from `gradle.properties`, then migrate to built-in Kotlin.
2026-05-02T00:47:32.3584370Z See https://kotl.in/gradle/agp-built-in-kotlin for more details.
2026-05-02T00:47:32.3604020Z 
2026-05-02T00:47:32.5291697Z 
2026-05-02T00:47:32.5314973Z > Task :app:checkKotlinGradlePluginConfigurationErrors SKIPPED
2026-05-02T00:47:32.5334220Z > Task :app:preBuild UP-TO-DATE
2026-05-02T00:47:32.5344355Z > Task :app:preDebugBuild UP-TO-DATE
2026-05-02T00:47:32.5364408Z > Task :app:generateDebugBuildConfig UP-TO-DATE
2026-05-02T00:47:32.5374347Z > Task :app:generateDebugResValues UP-TO-DATE
2026-05-02T00:47:32.5375026Z > Task :app:generateDebugResources UP-TO-DATE
2026-05-02T00:47:32.5375724Z > Task :app:injectCrashlyticsMappingFileIdDebug UP-TO-DATE
2026-05-02T00:47:32.5376440Z > Task :app:processDebugGoogleServices UP-TO-DATE
2026-05-02T00:47:32.5377067Z > Task :app:packageDebugResources UP-TO-DATE
2026-05-02T00:47:32.7315988Z > Task :app:processDebugNavigationResources UP-TO-DATE
2026-05-02T00:47:32.7344357Z > Task :app:parseDebugLocalResources UP-TO-DATE
2026-05-02T00:47:32.7366247Z > Task :app:generateDebugRFile UP-TO-DATE
2026-05-02T00:47:32.8292325Z > Task :app:kspDebugKotlin UP-TO-DATE
2026-05-02T00:47:33.1314709Z > Task :app:javaPreCompileDebug UP-TO-DATE
2026-05-02T00:47:33.1344104Z > Task :app:checkDebugAarMetadata UP-TO-DATE
2026-05-02T00:47:33.1374098Z > Task :app:mapDebugSourceSetPaths UP-TO-DATE
2026-05-02T00:47:33.1405708Z > Task :app:compileDebugNavigationResources UP-TO-DATE
2026-05-02T00:47:33.1434457Z > Task :app:mergeDebugResources UP-TO-DATE
2026-05-02T00:47:33.1464394Z > Task :app:createDebugCompatibleScreenManifests UP-TO-DATE
2026-05-02T00:47:33.1494094Z > Task :app:extractDeepLinksDebug UP-TO-DATE
2026-05-02T00:47:33.1554117Z > Task :app:processDebugMainManifest UP-TO-DATE
2026-05-02T00:47:33.1584220Z > Task :app:processDebugManifest UP-TO-DATE
2026-05-02T00:47:33.1614190Z > Task :app:processDebugManifestForPackage UP-TO-DATE
2026-05-02T00:47:33.2294576Z > Task :app:processDebugResources UP-TO-DATE
2026-05-02T00:47:33.2304405Z > Task :app:preDebugAndroidTestBuild SKIPPED
2026-05-02T00:47:33.5314536Z > Task :app:processDebugAndroidTestManifest
2026-05-02T00:47:33.5374375Z > Task :app:generateDebugAndroidTestBuildConfig FROM-CACHE
2026-05-02T00:47:33.5404314Z > Task :app:generateDebugAndroidTestResValues UP-TO-DATE
2026-05-02T00:47:33.5459432Z > Task :app:generateDebugAndroidTestResources FROM-CACHE
2026-05-02T00:47:33.5474383Z > Task :app:packageDebugAndroidTestResources FROM-CACHE
2026-05-02T00:47:33.6332102Z > Task :app:processDebugAndroidTestNavigationResources FROM-CACHE
2026-05-02T00:47:33.6333428Z > Task :app:parseDebugAndroidTestLocalResources FROM-CACHE
2026-05-02T00:47:33.6374293Z > Task :app:generateDebugAndroidTestRFile FROM-CACHE
2026-05-02T00:48:00.5291074Z 
2026-05-02T00:48:00.5292195Z > Task :app:compileDebugKotlin FAILED
2026-05-02T00:48:00.5295692Z e: file:///home/runner/work/prismTask/prismTask/app/src/main/java/com/averycorp/prismtask/ui/navigation/NavGraph.kt:380:17 'if' must have both main and 'else' branches when used as an expression.
2026-05-02T00:48:00.5297499Z gradle/actions: Writing build results to /home/runner/work/_temp/.gradle-actions/build-results/__run_6-1777682851770.json
2026-05-02T00:48:00.5298311Z 
2026-05-02T00:48:00.5298756Z [Incubating] Problems report is available at: file:///home/runner/work/prismTask/prismTask/build/reports/problems/problems-report.html
2026-05-02T00:48:00.5318993Z 
2026-05-02T00:48:00.5320395Z e: file:///home/runner/work/prismTask/prismTask/app/src/main/java/com/averycorp/prismtask/ui/navigation/NavGraph.kt:388:17 'if' must have both main and 'else' branches when used as an expression.
2026-05-02T00:48:00.5322443Z Deprecated Gradle features were used in this build, making it incompatible with Gradle 10.
2026-05-02T00:48:00.5323355Z 
2026-05-02T00:48:00.5323476Z 
2026-05-02T00:48:00.5324593Z FAILURE: Build failed with an exception.
2026-05-02T00:48:00.5325968Z You can use '--warning-mode all' to show the individual deprecation warnings and determine if they come from your own scripts or plugins.
2026-05-02T00:48:00.5327029Z 
2026-05-02T00:48:00.5327133Z 
2026-05-02T00:48:00.5327732Z * What went wrong:
2026-05-02T00:48:00.5328979Z For more on this, please refer to https://docs.gradle.org/9.3.1/userguide/command_line_interface.html#sec:command_line_warnings in the Gradle documentation.
2026-05-02T00:48:00.5330378Z Execution failed for task ':app:compileDebugKotlin'.
2026-05-02T00:48:00.5331425Z 30 actionable tasks: 2 executed, 6 from cache, 22 up-to-date
2026-05-02T00:48:00.5332678Z > A failure occurred while executing org.jetbrains.kotlin.compilerRunner.btapi.BuildToolsApiCompilationWork
2026-05-02T00:48:00.5334758Z    > Compilation error. See log for more details
2026-05-02T00:48:00.5335328Z 
2026-05-02T00:48:00.5335628Z * Try:
2026-05-02T00:48:00.5336265Z > Run with --stacktrace option to get the stack trace.
2026-05-02T00:48:00.5337221Z > Run with --info or --debug option to get more log output.
2026-05-02T00:48:00.5338232Z > Run with --scan to get full insights from a Build Scan (powered by Develocity).
2026-05-02T00:48:00.5339193Z > Get more help at https://help.gradle.org.
2026-05-02T00:48:00.5339762Z 
2026-05-02T00:48:00.5340090Z BUILD FAILED in 29s
2026-05-02T00:48:00.6035772Z ##[error]Process completed with exit code 1.
2026-05-02T00:48:00.6090541Z ##[group]Run set -euo pipefail
2026-05-02T00:48:00.6091168Z [36;1mset -euo pipefail[0m
2026-05-02T00:48:00.6091685Z [36;1mshopt -s globstar nullglob[0m
2026-05-02T00:48:00.6092293Z [36;1mxmls=(app/build/test-results/**/*.xml)[0m
2026-05-02T00:48:00.6092975Z [36;1mif [ ${#xmls[@]} -eq 0 ]; then[0m
2026-05-02T00:48:00.6094468Z [36;1m  echo "::error::No JUnit XML results found under app/build/test-results/. Did the test task run?"[0m
2026-05-02T00:48:00.6095376Z [36;1m  exit 1[0m
2026-05-02T00:48:00.6095778Z [36;1mfi[0m
2026-05-02T00:48:00.6096148Z [36;1mfailed=0[0m
2026-05-02T00:48:00.6096560Z [36;1mfor f in "${xmls[@]}"; do[0m
2026-05-02T00:48:00.6097325Z [36;1m  fails=$(grep -oE 'failures="[0-9]+"' "$f" | head -n1 | grep -oE '[0-9]+' || echo 0)[0m
2026-05-02T00:48:00.6098340Z [36;1m  errs=$(grep -oE 'errors="[0-9]+"' "$f" | head -n1 | grep -oE '[0-9]+' || echo 0)[0m
2026-05-02T00:48:00.6099316Z [36;1m  if [ "${fails:-0}" -gt 0 ] || [ "${errs:-0}" -gt 0 ]; then[0m
2026-05-02T00:48:00.6100173Z [36;1m    echo "::error file=${f}::${fails} failure(s), ${errs} error(s) in ${f}"[0m
2026-05-02T00:48:00.6100969Z [36;1m    failed=$((failed + fails + errs))[0m
2026-05-02T00:48:00.6101526Z [36;1m  fi[0m
2026-05-02T00:48:00.6101919Z [36;1mdone[0m
2026-05-02T00:48:00.6102327Z [36;1mif [ "$failed" -gt 0 ]; then[0m
2026-05-02T00:48:00.6103299Z [36;1m  echo "::error::${failed} unit-test failure(s)/error(s) detected. See annotations and the test-results artifact."[0m
2026-05-02T00:48:00.6104682Z [36;1m  exit 1[0m
2026-05-02T00:48:00.6105091Z [36;1mfi[0m
2026-05-02T00:48:00.6105583Z [36;1mecho "All ${#xmls[@]} JUnit XML reports clean."[0m
2026-05-02T00:48:00.6136625Z shell: /usr/bin/bash --noprofile --norc -e -o pipefail {0}
2026-05-02T00:48:00.6137259Z env:
2026-05-02T00:48:00.6137830Z   JAVA_HOME: /opt/hostedtoolcache/Java_Temurin-Hotspot_jdk/21.0.10-7/x64
2026-05-02T00:48:00.6138790Z   JAVA_HOME_21_X64: /opt/hostedtoolcache/Java_Temurin-Hotspot_jdk/21.0.10-7/x64
2026-05-02T00:48:00.6139630Z   GRADLE_ACTION_ID: gradle/actions/setup-gradle
2026-05-02T00:48:00.6140234Z   GRADLE_USER_HOME: /home/runner/.gradle
2026-05-02T00:48:00.6140808Z   GRADLE_BUILD_ACTION_SETUP_COMPLETED: true
2026-05-02T00:48:00.6141391Z   GRADLE_BUILD_ACTION_CACHE_RESTORED: true
2026-05-02T00:48:00.6142255Z   DEVELOCITY_INJECTION_INIT_SCRIPT_NAME: gradle-actions.inject-develocity.init.gradle
2026-05-02T00:48:00.6143286Z   DEVELOCITY_INJECTION_CUSTOM_VALUE: gradle-actions
2026-05-02T00:48:00.6144209Z   GITHUB_DEPENDENCY_GRAPH_ENABLED: false
2026-05-02T00:48:00.6144771Z ##[endgroup]
2026-05-02T00:48:01.4904967Z All 184 JUnit XML reports clean.
2026-05-02T00:48:01.4969945Z ##[group]Run actions/github-script@v7
2026-05-02T00:48:01.4970277Z with:
2026-05-02T00:48:01.4972943Z   script: const fs = require('fs');
let body = '### CI Unit Test Failure\n\n';
try {
  const raw = fs.readFileSync('unit-test-output.log', 'utf8');
  const lines = raw.split('\n');
  const errorLines = lines.filter(l =>
    /\be:\b|FAILED|Compilation error|Unresolved reference|not abstract|does not implement/.test(l)
  );
  const tail = lines.slice(-30).join('\n');
  const errors = errorLines.length > 0
    ? errorLines.join('\n')
    : 'No specific error lines matched. Last 30 lines shown.';
  body += '**Error lines:**\n```\n' + errors.slice(0, 2000) + '\n```\n';
  body += '\n**Build tail:**\n```\n' + tail.slice(0, 2000) + '\n```';
} catch (e) {
  body += 'Could not read unit-test-output.log: ' + e.message;
}
await github.rest.issues.createComment({
  owner: context.repo.owner,
  repo: context.repo.repo,
  issue_number: context.issue.number,
  body
});

2026-05-02T00:48:01.4976494Z   github-token: ***
2026-05-02T00:48:01.4976747Z   debug: false
2026-05-02T00:48:01.4976990Z   user-agent: actions/github-script
2026-05-02T00:48:01.4977285Z   result-encoding: json
2026-05-02T00:48:01.4977533Z   retries: 0
2026-05-02T00:48:01.4977785Z   retry-exempt-status-codes: 400,401,403,404,422
2026-05-02T00:48:01.4978097Z env:
2026-05-02T00:48:01.4978422Z   JAVA_HOME: /opt/hostedtoolcache/Java_Temurin-Hotspot_jdk/21.0.10-7/x64
2026-05-02T00:48:01.4978936Z   JAVA_HOME_21_X64: /opt/hostedtoolcache/Java_Temurin-Hotspot_jdk/21.0.10-7/x64
2026-05-02T00:48:01.4979381Z   GRADLE_ACTION_ID: gradle/actions/setup-gradle
2026-05-02T00:48:01.4979728Z   GRADLE_USER_HOME: /home/runner/.gradle
2026-05-02T00:48:01.4980042Z   GRADLE_BUILD_ACTION_SETUP_COMPLETED: true
2026-05-02T00:48:01.4980367Z   GRADLE_BUILD_ACTION_CACHE_RESTORED: true
2026-05-02T00:48:01.4980832Z   DEVELOCITY_INJECTION_INIT_SCRIPT_NAME: gradle-actions.inject-develocity.init.gradle
2026-05-02T00:48:01.4981344Z   DEVELOCITY_INJECTION_CUSTOM_VALUE: gradle-actions
2026-05-02T00:48:01.4981691Z   GITHUB_DEPENDENCY_GRAPH_ENABLED: false
2026-05-02T00:48:01.4981989Z ##[endgroup]
2026-05-02T00:48:01.9104275Z RequestError [HttpError]: Resource not accessible by integration
2026-05-02T00:48:01.9105434Z     at /home/runner/work/_actions/actions/github-script/v7/dist/index.js:9537:21
2026-05-02T00:48:01.9106428Z     at process.processTicksAndRejections (node:internal/process/task_queues:95:5)
2026-05-02T00:48:01.9107761Z     at async eval (eval at callAsyncFunction (/home/runner/work/_actions/actions/github-script/v7/dist/index.js:36187:16), <anonymous>:20:1)
2026-05-02T00:48:01.9109147Z     at async main (/home/runner/work/_actions/actions/github-script/v7/dist/index.js:36285:20) {
2026-05-02T00:48:01.9109955Z   status: 403,
2026-05-02T00:48:01.9110343Z   response: {
2026-05-02T00:48:01.9110981Z     url: 'https://api.github.com/repos/averycorp/prismTask/issues/1047/comments',
2026-05-02T00:48:01.9111708Z     status: 403,
2026-05-02T00:48:01.9112096Z     headers: {
2026-05-02T00:48:01.9112508Z       'access-control-allow-origin': '*',
2026-05-02T00:48:01.9115052Z       'access-control-expose-headers': 'ETag, Link, Location, Retry-After, X-GitHub-OTP, X-RateLimit-Limit, X-RateLimit-Remaining, X-RateLimit-Used, X-RateLimit-Resource, X-RateLimit-Reset, X-OAuth-Scopes, X-Accepted-OAuth-Scopes, X-Poll-Interval, X-GitHub-Media-Type, X-GitHub-SSO, X-GitHub-Request-Id, Deprecation, Sunset',
2026-05-02T00:48:01.9117396Z       'content-encoding': 'gzip',
2026-05-02T00:48:01.9117967Z       'content-security-policy': "default-src 'none'",
2026-05-02T00:48:01.9118637Z       'content-type': 'application/json; charset=utf-8',
2026-05-02T00:48:01.9119233Z       date: 'Sat, 02 May 2026 00:48:01 GMT',
2026-05-02T00:48:01.9120008Z       'referrer-policy': 'origin-when-cross-origin, strict-origin-when-cross-origin',
2026-05-02T00:48:01.9120796Z       server: 'github.com',
2026-05-02T00:48:01.9121489Z       'strict-transport-security': 'max-age=31536000; includeSubdomains; preload',
2026-05-02T00:48:01.9122657Z       'transfer-encoding': 'chunked',
2026-05-02T00:48:01.9123271Z       vary: 'Accept-Encoding, Accept, X-Requested-With',
2026-05-02T00:48:01.9124248Z       'x-accepted-github-permissions': 'issues=write; pull_requests=write',
2026-05-02T00:48:01.9125182Z       'x-content-type-options': 'nosniff',
2026-05-02T00:48:01.9125709Z       'x-frame-options': 'deny',
2026-05-02T00:48:01.9126262Z       'x-github-api-version-selected': '2022-11-28',
2026-05-02T00:48:01.9126897Z       'x-github-media-type': 'github.v3; format=json',
2026-05-02T00:48:01.9127609Z       'x-github-request-id': '0400:B3A4B:368EEA5:374C6B4:69F549C1',
2026-05-02T00:48:01.9139991Z       'x-ratelimit-limit': '5000',
2026-05-02T00:48:01.9140589Z       'x-ratelimit-remaining': '4961',
2026-05-02T00:48:01.9141141Z       'x-ratelimit-reset': '1777684059',
2026-05-02T00:48:01.9141676Z       'x-ratelimit-resource': 'core',
2026-05-02T00:48:01.9142199Z       'x-ratelimit-used': '39',
2026-05-02T00:48:01.9142702Z       'x-xss-protection': '0'
2026-05-02T00:48:01.9143180Z     },
2026-05-02T00:48:01.9143761Z     data: {
2026-05-02T00:48:01.9144251Z       message: 'Resource not accessible by integration',
2026-05-02T00:48:01.9145240Z       documentation_url: 'https://docs.github.com/rest/issues/comments#create-an-issue-comment',
2026-05-02T00:48:01.9146091Z       status: '403'
2026-05-02T00:48:01.9146480Z     }
2026-05-02T00:48:01.9146817Z   },
2026-05-02T00:48:01.9147167Z   request: {
2026-05-02T00:48:01.9147553Z     method: 'POST',
2026-05-02T00:48:01.9148190Z     url: 'https://api.github.com/repos/averycorp/prismTask/issues/1047/comments',
2026-05-02T00:48:01.9148934Z     headers: {
2026-05-02T00:48:01.9149390Z       accept: 'application/vnd.github.v3+json',
2026-05-02T00:48:01.9150265Z       'user-agent': 'actions/github-script octokit-core.js/5.0.1 Node.js/20.20.2 (linux; x64)',
2026-05-02T00:48:01.9151115Z       authorization: 'token [REDACTED]',
2026-05-02T00:48:01.9151739Z       'content-type': 'application/json; charset=utf-8'
2026-05-02T00:48:01.9152321Z     },
2026-05-02T00:48:01.9153294Z     body: `{"body":"### CI Unit Test Failure\\n\\nCould not read unit-test-output.log: ENOENT: no such file or directory, open 'unit-test-output.log'"}`,
2026-05-02T00:48:01.9154590Z     request: {
2026-05-02T00:48:01.9154976Z       agent: [Agent],
2026-05-02T00:48:01.9155423Z       fetch: [Function: proxyFetch],
2026-05-02T00:48:01.9155974Z       hook: [Function: bound bound register]
2026-05-02T00:48:01.9156486Z     }
2026-05-02T00:48:01.9156850Z   }
2026-05-02T00:48:01.9157213Z }
2026-05-02T00:48:01.9171012Z ##[error]Unhandled error: HttpError: Resource not accessible by integration
2026-05-02T00:48:01.9795542Z ##[group]Run actions/upload-artifact@v4
2026-05-02T00:48:01.9795882Z with:
2026-05-02T00:48:01.9796104Z   name: lint-report
2026-05-02T00:48:01.9796390Z   path: app/build/reports/lint-results-debug.html
2026-05-02T00:48:01.9796719Z   retention-days: 7
2026-05-02T00:48:01.9796958Z   if-no-files-found: warn
2026-05-02T00:48:01.9797223Z   compression-level: 6
2026-05-02T00:48:01.9797545Z   overwrite: false
2026-05-02T00:48:01.9797812Z   include-hidden-files: false
2026-05-02T00:48:01.9798077Z env:
2026-05-02T00:48:01.9798414Z   JAVA_HOME: /opt/hostedtoolcache/Java_Temurin-Hotspot_jdk/21.0.10-7/x64
2026-05-02T00:48:01.9798944Z   JAVA_HOME_21_X64: /opt/hostedtoolcache/Java_Temurin-Hotspot_jdk/21.0.10-7/x64
2026-05-02T00:48:01.9799389Z   GRADLE_ACTION_ID: gradle/actions/setup-gradle
2026-05-02T00:48:01.9799722Z   GRADLE_USER_HOME: /home/runner/.gradle
2026-05-02T00:48:01.9800041Z   GRADLE_BUILD_ACTION_SETUP_COMPLETED: true
2026-05-02T00:48:01.9800395Z   GRADLE_BUILD_ACTION_CACHE_RESTORED: true
2026-05-02T00:48:01.9800860Z   DEVELOCITY_INJECTION_INIT_SCRIPT_NAME: gradle-actions.inject-develocity.init.gradle
2026-05-02T00:48:01.9801359Z   DEVELOCITY_INJECTION_CUSTOM_VALUE: gradle-actions
2026-05-02T00:48:01.9801701Z   GITHUB_DEPENDENCY_GRAPH_ENABLED: false
2026-05-02T00:48:01.9801990Z ##[endgroup]
2026-05-02T00:48:02.1959831Z With the provided path, there will be 1 file uploaded
2026-05-02T00:48:02.1964978Z Artifact name is valid!
2026-05-02T00:48:02.1966533Z Root directory input is valid!
2026-05-02T00:48:02.5218074Z Beginning upload of artifact content to blob storage
2026-05-02T00:48:02.9663098Z Uploaded bytes 63179
2026-05-02T00:48:03.0435718Z Finished uploading artifact content to blob storage!
2026-05-02T00:48:03.0439571Z SHA256 digest of uploaded artifact zip is 8021819bcdf8d01c4544b3a0c2302ae063a0ecb2e04ed88372eaa422643551b3
2026-05-02T00:48:03.0441389Z Finalizing artifact upload
2026-05-02T00:48:03.2251706Z Artifact lint-report.zip successfully finalized. Artifact ID 6759243373
2026-05-02T00:48:03.2253025Z Artifact lint-report has been successfully uploaded! Final size is 63179 bytes. Artifact ID is 6759243373
2026-05-02T00:48:03.2261152Z Artifact download URL: https://github.com/averycorp/prismTask/actions/runs/25239388182/artifacts/6759243373
2026-05-02T00:48:03.2375603Z ##[group]Run actions/upload-artifact@v4
2026-05-02T00:48:03.2375935Z with:
2026-05-02T00:48:03.2376157Z   name: detekt-report
2026-05-02T00:48:03.2376420Z   path: app/build/reports/detekt/
2026-05-02T00:48:03.2376708Z   retention-days: 7
2026-05-02T00:48:03.2376955Z   if-no-files-found: warn
2026-05-02T00:48:03.2377237Z   compression-level: 6
2026-05-02T00:48:03.2377489Z   overwrite: false
2026-05-02T00:48:03.2377735Z   include-hidden-files: false
2026-05-02T00:48:03.2377999Z env:
2026-05-02T00:48:03.2378328Z   JAVA_HOME: /opt/hostedtoolcache/Java_Temurin-Hotspot_jdk/21.0.10-7/x64
2026-05-02T00:48:03.2378853Z   JAVA_HOME_21_X64: /opt/hostedtoolcache/Java_Temurin-Hotspot_jdk/21.0.10-7/x64
2026-05-02T00:48:03.2379304Z   GRADLE_ACTION_ID: gradle/actions/setup-gradle
2026-05-02T00:48:03.2379637Z   GRADLE_USER_HOME: /home/runner/.gradle
2026-05-02T00:48:03.2379955Z   GRADLE_BUILD_ACTION_SETUP_COMPLETED: true
2026-05-02T00:48:03.2380284Z   GRADLE_BUILD_ACTION_CACHE_RESTORED: true
2026-05-02T00:48:03.2380777Z   DEVELOCITY_INJECTION_INIT_SCRIPT_NAME: gradle-actions.inject-develocity.init.gradle
2026-05-02T00:48:03.2381295Z   DEVELOCITY_INJECTION_CUSTOM_VALUE: gradle-actions
2026-05-02T00:48:03.2381651Z   GITHUB_DEPENDENCY_GRAPH_ENABLED: false
2026-05-02T00:48:03.2381949Z ##[endgroup]
2026-05-02T00:48:03.4556622Z With the provided path, there will be 2 files uploaded
2026-05-02T00:48:03.4561119Z Artifact name is valid!
2026-05-02T00:48:03.4562340Z Root directory input is valid!
2026-05-02T00:48:03.7739116Z Beginning upload of artifact content to blob storage
2026-05-02T00:48:04.1136616Z Uploaded bytes 4196
2026-05-02T00:48:04.1991496Z Finished uploading artifact content to blob storage!
2026-05-02T00:48:04.1994340Z SHA256 digest of uploaded artifact zip is 0de002c2856da22409f1d5b8c59270443a3d5442f51009bd3ca6e077c4071690
2026-05-02T00:48:04.1996521Z Finalizing artifact upload
2026-05-02T00:48:04.3527352Z Artifact detekt-report.zip successfully finalized. Artifact ID 6759243516
2026-05-02T00:48:04.3528770Z Artifact detekt-report has been successfully uploaded! Final size is 4196 bytes. Artifact ID is 6759243516
2026-05-02T00:48:04.3536118Z Artifact download URL: https://github.com/averycorp/prismTask/actions/runs/25239388182/artifacts/6759243516
2026-05-02T00:48:04.3650062Z ##[group]Run actions/upload-artifact@v4
2026-05-02T00:48:04.3650414Z with:
2026-05-02T00:48:04.3650653Z   name: test-results
2026-05-02T00:48:04.3650918Z   path: app/build/test-results/
2026-05-02T00:48:04.3651202Z   retention-days: 7
2026-05-02T00:48:04.3651453Z   if-no-files-found: warn
2026-05-02T00:48:04.3651732Z   compression-level: 6
2026-05-02T00:48:04.3651982Z   overwrite: false
2026-05-02T00:48:04.3652233Z   include-hidden-files: false
2026-05-02T00:48:04.3652506Z env:
2026-05-02T00:48:04.3652843Z   JAVA_HOME: /opt/hostedtoolcache/Java_Temurin-Hotspot_jdk/21.0.10-7/x64
2026-05-02T00:48:04.3653399Z   JAVA_HOME_21_X64: /opt/hostedtoolcache/Java_Temurin-Hotspot_jdk/21.0.10-7/x64
2026-05-02T00:48:04.3654232Z   GRADLE_ACTION_ID: gradle/actions/setup-gradle
2026-05-02T00:48:04.3654576Z   GRADLE_USER_HOME: /home/runner/.gradle
2026-05-02T00:48:04.3654900Z   GRADLE_BUILD_ACTION_SETUP_COMPLETED: true
2026-05-02T00:48:04.3655233Z   GRADLE_BUILD_ACTION_CACHE_RESTORED: true
2026-05-02T00:48:04.3655740Z   DEVELOCITY_INJECTION_INIT_SCRIPT_NAME: gradle-actions.inject-develocity.init.gradle
2026-05-02T00:48:04.3656458Z   DEVELOCITY_INJECTION_CUSTOM_VALUE: gradle-actions
2026-05-02T00:48:04.3656850Z   GITHUB_DEPENDENCY_GRAPH_ENABLED: false
2026-05-02T00:48:04.3657154Z ##[endgroup]
2026-05-02T00:48:04.6190141Z With the provided path, there will be 186 files uploaded
2026-05-02T00:48:04.6195412Z Artifact name is valid!
2026-05-02T00:48:04.6196518Z Root directory input is valid!
2026-05-02T00:48:04.9807762Z Beginning upload of artifact content to blob storage
2026-05-02T00:48:05.7002903Z Uploaded bytes 187726
2026-05-02T00:48:05.7808329Z Finished uploading artifact content to blob storage!
2026-05-02T00:48:05.7811395Z SHA256 digest of uploaded artifact zip is f29a048b38b628441c1955e06d7ba664cb8faaf6087f463187f00e63e75d1c7a
2026-05-02T00:48:05.7812933Z Finalizing artifact upload
2026-05-02T00:48:05.9494445Z Artifact test-results.zip successfully finalized. Artifact ID 6759243766
2026-05-02T00:48:05.9496051Z Artifact test-results has been successfully uploaded! Final size is 187726 bytes. Artifact ID is 6759243766
2026-05-02T00:48:05.9502706Z Artifact download URL: https://github.com/averycorp/prismTask/actions/runs/25239388182/artifacts/6759243766
2026-05-02T00:48:05.9640238Z Post job cleanup.
2026-05-02T00:48:05.9734265Z Post job cleanup.
2026-05-02T00:48:06.2895659Z In post-action step
2026-05-02T00:48:06.2906735Z Cache is read-only: will not save state for use in subsequent builds.
2026-05-02T00:48:06.2914226Z Generating Job Summary
2026-05-02T00:48:06.2948989Z Completed post-action step
2026-05-02T00:48:06.3101732Z Post job cleanup.
2026-05-02T00:48:06.4869289Z Post job cleanup.
2026-05-02T00:48:06.5744128Z [command]/usr/bin/git version
2026-05-02T00:48:06.5781349Z git version 2.53.0
2026-05-02T00:48:06.5821275Z Temporarily overriding HOME='/home/runner/work/_temp/d2e9a5c6-7224-4025-9ea0-13e23e2c3d67' before making global git config changes
2026-05-02T00:48:06.5822779Z Adding repository directory to the temporary git global config as a safe directory
2026-05-02T00:48:06.5827624Z [command]/usr/bin/git config --global --add safe.directory /home/runner/work/prismTask/prismTask
2026-05-02T00:48:06.5856749Z Removing SSH command configuration
2026-05-02T00:48:06.5863362Z [command]/usr/bin/git config --local --name-only --get-regexp core\.sshCommand
2026-05-02T00:48:06.5897129Z [command]/usr/bin/git submodule foreach --recursive sh -c "git config --local --name-only --get-regexp 'core\.sshCommand' && git config --local --unset-all 'core.sshCommand' || :"
2026-05-02T00:48:06.6115679Z Removing HTTP extra header
2026-05-02T00:48:06.6120859Z [command]/usr/bin/git config --local --name-only --get-regexp http\.https\:\/\/github\.com\/\.extraheader
2026-05-02T00:48:06.6178144Z [command]/usr/bin/git submodule foreach --recursive sh -c "git config --local --name-only --get-regexp 'http\.https\:\/\/github\.com\/\.extraheader' && git config --local --unset-all 'http.https://github.com/.extraheader' || :"
2026-05-02T00:48:06.6394057Z Removing includeIf entries pointing to credentials config files
2026-05-02T00:48:06.6400452Z [command]/usr/bin/git config --local --name-only --get-regexp ^includeIf\.gitdir:
2026-05-02T00:48:06.6421978Z includeif.gitdir:/home/runner/work/prismTask/prismTask/.git.path
2026-05-02T00:48:06.6423002Z includeif.gitdir:/home/runner/work/prismTask/prismTask/.git/worktrees/*.path
2026-05-02T00:48:06.6424257Z includeif.gitdir:/github/workspace/.git.path
2026-05-02T00:48:06.6425057Z includeif.gitdir:/github/workspace/.git/worktrees/*.path
2026-05-02T00:48:06.6431712Z [command]/usr/bin/git config --local --get-all includeif.gitdir:/home/runner/work/prismTask/prismTask/.git.path
2026-05-02T00:48:06.6453030Z /home/runner/work/_temp/git-credentials-4d327b50-0d29-4631-ae05-be1365e61334.config
2026-05-02T00:48:06.6463786Z [command]/usr/bin/git config --local --unset includeif.gitdir:/home/runner/work/prismTask/prismTask/.git.path /home/runner/work/_temp/git-credentials-4d327b50-0d29-4631-ae05-be1365e61334.config
2026-05-02T00:48:06.6496795Z [command]/usr/bin/git config --local --get-all includeif.gitdir:/home/runner/work/prismTask/prismTask/.git/worktrees/*.path
2026-05-02T00:48:06.6517736Z /home/runner/work/_temp/git-credentials-4d327b50-0d29-4631-ae05-be1365e61334.config
2026-05-02T00:48:06.6527922Z [command]/usr/bin/git config --local --unset includeif.gitdir:/home/runner/work/prismTask/prismTask/.git/worktrees/*.path /home/runner/work/_temp/git-credentials-4d327b50-0d29-4631-ae05-be1365e61334.config
2026-05-02T00:48:06.6559442Z [command]/usr/bin/git config --local --get-all includeif.gitdir:/github/workspace/.git.path
2026-05-02T00:48:06.6579698Z /github/runner_temp/git-credentials-4d327b50-0d29-4631-ae05-be1365e61334.config
2026-05-02T00:48:06.6587586Z [command]/usr/bin/git config --local --unset includeif.gitdir:/github/workspace/.git.path /github/runner_temp/git-credentials-4d327b50-0d29-4631-ae05-be1365e61334.config
2026-05-02T00:48:06.6617364Z [command]/usr/bin/git config --local --get-all includeif.gitdir:/github/workspace/.git/worktrees/*.path
2026-05-02T00:48:06.6637659Z /github/runner_temp/git-credentials-4d327b50-0d29-4631-ae05-be1365e61334.config
2026-05-02T00:48:06.6648053Z [command]/usr/bin/git config --local --unset includeif.gitdir:/github/workspace/.git/worktrees/*.path /github/runner_temp/git-credentials-4d327b50-0d29-4631-ae05-be1365e61334.config
2026-05-02T00:48:06.6680707Z [command]/usr/bin/git submodule foreach --recursive git config --local --show-origin --name-only --get-regexp remote.origin.url
2026-05-02T00:48:06.6900399Z Removing credentials config '/home/runner/work/_temp/git-credentials-4d327b50-0d29-4631-ae05-be1365e61334.config'
2026-05-02T00:48:06.7030984Z Cleaning up orphan processes
2026-05-02T00:48:06.7343445Z Terminate orphan process: pid (2606) (java)
2026-05-02T00:48:06.7400111Z Terminate orphan process: pid (2944) (java)
2026-05-02T00:48:06.7419224Z ##[warning]Node.js 20 actions are deprecated. The following actions are running on Node.js 20 and may not work as expected: actions/cache@v4, actions/github-script@v7, actions/setup-java@v4, actions/upload-artifact@v4, gradle/actions/setup-gradle@v4. Actions will be forced to run with Node.js 24 by default starting June 2nd, 2026. Node.js 20 will be removed from the runner on September 16th, 2026. Please check if updated versions of these actions are available that support Node.js 24. To opt into Node.js 24 now, set the FORCE_JAVASCRIPT_ACTIONS_TO_NODE24=true environment variable on the runner or in your workflow file. Once Node.js 24 becomes the default, you can temporarily opt out by setting ACTIONS_ALLOW_USE_UNSECURE_NODE_VERSION=true. For more information see: https://github.blog/changelog/2025-09-19-deprecation-of-node-20-on-github-actions-runners/
