=== CI FAILURE ===
Workflow:      Android CI
Workflow file: averycorp/prismTask/.github/workflows/android-ci.yml@refs/pull/1085/merge
Job(s):        lint-and-test
Run ID:        25293071049
Run attempt:   1
Run URL:       https://github.com/averycorp/prismTask/actions/runs/25293071049
Commit:        358b7562b7431883f94f556ced6a2e3767ebe333
Branch:        1085/merge
Event:         pull_request
Actor:         akarlin3
Runner OS:     Linux
Timestamp:     2026-05-03T22:53:45.917Z

Failed steps:
  - lint-and-test: #9 Android lint — PR (lintDebug only) | #11 Compile androidTest sources (type-check only) | #14 Post failure details to PR

=== FAILED JOB LOG ===

--- Job: lint-and-test (id 74147711436) ---
2026-05-03T22:49:45.0892729Z Current runner version: '2.334.0'
2026-05-03T22:49:45.0926054Z ##[group]Runner Image Provisioner
2026-05-03T22:49:45.0928229Z Hosted Compute Agent
2026-05-03T22:49:45.0929108Z Version: 20260213.493
2026-05-03T22:49:45.0930126Z Commit: 5c115507f6dd24b8de37d8bbe0bb4509d0cc0fa3
2026-05-03T22:49:45.0931379Z Build Date: 2026-02-13T00:28:41Z
2026-05-03T22:49:45.0932492Z Worker ID: {7ee40e93-4e8f-47e3-967f-57846b78572a}
2026-05-03T22:49:45.0933615Z Azure Region: eastus2
2026-05-03T22:49:45.0934688Z ##[endgroup]
2026-05-03T22:49:45.0937084Z ##[group]Operating System
2026-05-03T22:49:45.0938027Z Ubuntu
2026-05-03T22:49:45.0939030Z 24.04.4
2026-05-03T22:49:45.0939736Z LTS
2026-05-03T22:49:45.0940476Z ##[endgroup]
2026-05-03T22:49:45.0941312Z ##[group]Runner Image
2026-05-03T22:49:45.0942328Z Image: ubuntu-24.04
2026-05-03T22:49:45.0943121Z Version: 20260413.86.1
2026-05-03T22:49:45.0945266Z Included Software: https://github.com/actions/runner-images/blob/ubuntu24/20260413.86/images/ubuntu/Ubuntu2404-Readme.md
2026-05-03T22:49:45.0948154Z Image Release: https://github.com/actions/runner-images/releases/tag/ubuntu24%2F20260413.86
2026-05-03T22:49:45.0949960Z ##[endgroup]
2026-05-03T22:49:45.0952127Z ##[group]GITHUB_TOKEN Permissions
2026-05-03T22:49:45.0955101Z Actions: read
2026-05-03T22:49:45.0955955Z Checks: read
2026-05-03T22:49:45.0957085Z Contents: write
2026-05-03T22:49:45.0957881Z Metadata: read
2026-05-03T22:49:45.0958920Z PullRequests: read
2026-05-03T22:49:45.0959780Z ##[endgroup]
2026-05-03T22:49:45.0962433Z Secret source: Actions
2026-05-03T22:49:45.0963897Z Prepare workflow directory
2026-05-03T22:49:45.1426023Z Prepare all required actions
2026-05-03T22:49:45.1480062Z Getting action download info
2026-05-03T22:49:45.4867168Z Download action repository 'actions/checkout@v6' (SHA:de0fac2e4500dabe0009e67214ff5f5447ce83dd)
2026-05-03T22:49:45.6124653Z Download action repository 'dorny/paths-filter@v4' (SHA:fbd0ab8f3e69293af611ebaee6363fc25e6d187d)
2026-05-03T22:49:45.7440942Z Download action repository 'actions/cache@v4' (SHA:0057852bfaa89a56745cba8c7296529d2fc39830)
2026-05-03T22:49:45.8325505Z Download action repository 'actions/github-script@v7' (SHA:f28e40c7f34bde8b3046d885e986cb6290c5673b)
2026-05-03T22:49:45.9692498Z Download action repository 'actions/upload-artifact@v4' (SHA:ea165f8d65b6e75b540449e92b4886f43607fa02)
2026-05-03T22:49:46.2314266Z Complete job name: lint-and-test
2026-05-03T22:49:46.3241615Z ##[group]Run actions/checkout@v6
2026-05-03T22:49:46.3242851Z with:
2026-05-03T22:49:46.3243613Z   ref: 353d5945e902215bc263543a6d8b34fb2fbb0d11
2026-05-03T22:49:46.3244674Z   repository: averycorp/prismTask
2026-05-03T22:49:46.3245830Z   token: ***
2026-05-03T22:49:46.3246524Z   ssh-strict: true
2026-05-03T22:49:46.3247488Z   ssh-user: git
2026-05-03T22:49:46.3248225Z   persist-credentials: true
2026-05-03T22:49:46.3249061Z   clean: true
2026-05-03T22:49:46.3249816Z   sparse-checkout-cone-mode: true
2026-05-03T22:49:46.3250718Z   fetch-depth: 1
2026-05-03T22:49:46.3251420Z   fetch-tags: false
2026-05-03T22:49:46.3252173Z   show-progress: true
2026-05-03T22:49:46.3252912Z   lfs: false
2026-05-03T22:49:46.3253586Z   submodules: false
2026-05-03T22:49:46.3254319Z   set-safe-directory: true
2026-05-03T22:49:46.3255422Z ##[endgroup]
2026-05-03T22:49:46.4299147Z Syncing repository: averycorp/prismTask
2026-05-03T22:49:46.4301644Z ##[group]Getting Git version info
2026-05-03T22:49:46.4303001Z Working directory is '/home/runner/work/prismTask/prismTask'
2026-05-03T22:49:46.4304783Z [command]/usr/bin/git version
2026-05-03T22:49:46.4321363Z git version 2.53.0
2026-05-03T22:49:46.4344714Z ##[endgroup]
2026-05-03T22:49:46.4359645Z Temporarily overriding HOME='/home/runner/work/_temp/365f0fd8-6880-4376-9d5c-a06149767a64' before making global git config changes
2026-05-03T22:49:46.4363261Z Adding repository directory to the temporary git global config as a safe directory
2026-05-03T22:49:46.4365438Z [command]/usr/bin/git config --global --add safe.directory /home/runner/work/prismTask/prismTask
2026-05-03T22:49:46.4395993Z Deleting the contents of '/home/runner/work/prismTask/prismTask'
2026-05-03T22:49:46.4400110Z ##[group]Initializing the repository
2026-05-03T22:49:46.4404394Z [command]/usr/bin/git init /home/runner/work/prismTask/prismTask
2026-05-03T22:49:46.4481668Z hint: Using 'master' as the name for the initial branch. This default branch name
2026-05-03T22:49:46.4484516Z hint: will change to "main" in Git 3.0. To configure the initial branch name
2026-05-03T22:49:46.4486297Z hint: to use in all of your new repositories, which will suppress this warning,
2026-05-03T22:49:46.4488313Z hint: call:
2026-05-03T22:49:46.4489597Z hint:
2026-05-03T22:49:46.4491012Z hint: 	git config --global init.defaultBranch <name>
2026-05-03T22:49:46.4492481Z hint:
2026-05-03T22:49:46.4493496Z hint: Names commonly chosen instead of 'master' are 'main', 'trunk' and
2026-05-03T22:49:46.4495199Z hint: 'development'. The just-created branch can be renamed via this command:
2026-05-03T22:49:46.4496522Z hint:
2026-05-03T22:49:46.4497613Z hint: 	git branch -m <name>
2026-05-03T22:49:46.4498725Z hint:
2026-05-03T22:49:46.4500604Z hint: Disable this message with "git config set advice.defaultBranchName false"
2026-05-03T22:49:46.4503170Z Initialized empty Git repository in /home/runner/work/prismTask/prismTask/.git/
2026-05-03T22:49:46.4506284Z [command]/usr/bin/git remote add origin https://github.com/averycorp/prismTask
2026-05-03T22:49:46.4562652Z ##[endgroup]
2026-05-03T22:49:46.4564112Z ##[group]Disabling automatic garbage collection
2026-05-03T22:49:46.4565895Z [command]/usr/bin/git config --local gc.auto 0
2026-05-03T22:49:46.4595904Z ##[endgroup]
2026-05-03T22:49:46.4598117Z ##[group]Setting up auth
2026-05-03T22:49:46.4599348Z Removing SSH command configuration
2026-05-03T22:49:46.4601706Z [command]/usr/bin/git config --local --name-only --get-regexp core\.sshCommand
2026-05-03T22:49:46.4632102Z [command]/usr/bin/git submodule foreach --recursive sh -c "git config --local --name-only --get-regexp 'core\.sshCommand' && git config --local --unset-all 'core.sshCommand' || :"
2026-05-03T22:49:46.4901326Z Removing HTTP extra header
2026-05-03T22:49:46.4906354Z [command]/usr/bin/git config --local --name-only --get-regexp http\.https\:\/\/github\.com\/\.extraheader
2026-05-03T22:49:46.4938104Z [command]/usr/bin/git submodule foreach --recursive sh -c "git config --local --name-only --get-regexp 'http\.https\:\/\/github\.com\/\.extraheader' && git config --local --unset-all 'http.https://github.com/.extraheader' || :"
2026-05-03T22:49:46.5145444Z Removing includeIf entries pointing to credentials config files
2026-05-03T22:49:46.5151380Z [command]/usr/bin/git config --local --name-only --get-regexp ^includeIf\.gitdir:
2026-05-03T22:49:46.5181643Z [command]/usr/bin/git submodule foreach --recursive git config --local --show-origin --name-only --get-regexp remote.origin.url
2026-05-03T22:49:46.5396587Z [command]/usr/bin/git config --file /home/runner/work/_temp/git-credentials-70f73216-708a-4557-8252-1f27d6321e20.config http.https://github.com/.extraheader AUTHORIZATION: basic ***
2026-05-03T22:49:46.5433195Z [command]/usr/bin/git config --local includeIf.gitdir:/home/runner/work/prismTask/prismTask/.git.path /home/runner/work/_temp/git-credentials-70f73216-708a-4557-8252-1f27d6321e20.config
2026-05-03T22:49:46.5462605Z [command]/usr/bin/git config --local includeIf.gitdir:/home/runner/work/prismTask/prismTask/.git/worktrees/*.path /home/runner/work/_temp/git-credentials-70f73216-708a-4557-8252-1f27d6321e20.config
2026-05-03T22:49:46.5492452Z [command]/usr/bin/git config --local includeIf.gitdir:/github/workspace/.git.path /github/runner_temp/git-credentials-70f73216-708a-4557-8252-1f27d6321e20.config
2026-05-03T22:49:46.5524280Z [command]/usr/bin/git config --local includeIf.gitdir:/github/workspace/.git/worktrees/*.path /github/runner_temp/git-credentials-70f73216-708a-4557-8252-1f27d6321e20.config
2026-05-03T22:49:46.5550657Z ##[endgroup]
2026-05-03T22:49:46.5552646Z ##[group]Fetching the repository
2026-05-03T22:49:46.5558290Z [command]/usr/bin/git -c protocol.version=2 fetch --no-tags --prune --no-recurse-submodules --depth=1 origin 353d5945e902215bc263543a6d8b34fb2fbb0d11
2026-05-03T22:49:49.0737976Z From https://github.com/averycorp/prismTask
2026-05-03T22:49:49.0748076Z  * branch            353d5945e902215bc263543a6d8b34fb2fbb0d11 -> FETCH_HEAD
2026-05-03T22:49:49.0770933Z [command]/usr/bin/git rev-parse --verify --quiet 353d5945e902215bc263543a6d8b34fb2fbb0d11^{object}
2026-05-03T22:49:49.0795011Z 353d5945e902215bc263543a6d8b34fb2fbb0d11
2026-05-03T22:49:49.0800228Z ##[endgroup]
2026-05-03T22:49:49.0800968Z ##[group]Determining the checkout info
2026-05-03T22:49:49.0801923Z ##[endgroup]
2026-05-03T22:49:49.0806565Z [command]/usr/bin/git sparse-checkout disable
2026-05-03T22:49:49.0847975Z [command]/usr/bin/git config --local --unset-all extensions.worktreeConfig
2026-05-03T22:49:49.0874642Z ##[group]Checking out the ref
2026-05-03T22:49:49.0878656Z [command]/usr/bin/git checkout --progress --force 353d5945e902215bc263543a6d8b34fb2fbb0d11
2026-05-03T22:49:49.3432084Z Note: switching to '353d5945e902215bc263543a6d8b34fb2fbb0d11'.
2026-05-03T22:49:49.3432844Z 
2026-05-03T22:49:49.3433332Z You are in 'detached HEAD' state. You can look around, make experimental
2026-05-03T22:49:49.3434405Z changes and commit them, and you can discard any commits you make in this
2026-05-03T22:49:49.3435535Z state without impacting any branches by switching back to a branch.
2026-05-03T22:49:49.3436162Z 
2026-05-03T22:49:49.3436580Z If you want to create a new branch to retain commits you create, you may
2026-05-03T22:49:49.3437777Z do so (now or later) by using -c with the switch command. Example:
2026-05-03T22:49:49.3438366Z 
2026-05-03T22:49:49.3438557Z   git switch -c <new-branch-name>
2026-05-03T22:49:49.3438983Z 
2026-05-03T22:49:49.3439220Z Or undo this operation with:
2026-05-03T22:49:49.3439571Z 
2026-05-03T22:49:49.3439733Z   git switch -
2026-05-03T22:49:49.3439966Z 
2026-05-03T22:49:49.3440407Z Turn off this advice by setting config variable advice.detachedHead to false
2026-05-03T22:49:49.3441071Z 
2026-05-03T22:49:49.3441304Z HEAD is now at 353d594 style: auto-format
2026-05-03T22:49:49.3459723Z ##[endgroup]
2026-05-03T22:49:49.3503379Z [command]/usr/bin/git log -1 --format=%H
2026-05-03T22:49:49.3528329Z 353d5945e902215bc263543a6d8b34fb2fbb0d11
2026-05-03T22:49:49.3738086Z ##[group]Run dorny/paths-filter@v4
2026-05-03T22:49:49.3738387Z with:
2026-05-03T22:49:49.3739084Z   filters: android:
  - 'app/**'
  - 'gradlew'
  - 'gradlew.bat'
  - 'gradle/**'
  - 'build.gradle.kts'
  - 'settings.gradle.kts'
  - '.github/workflows/android-ci.yml'
  - '.github/actions/setup-android/**'

2026-05-03T22:49:49.3739959Z   token: ***
2026-05-03T22:49:49.3740207Z   list-files: none
2026-05-03T22:49:49.3740477Z   initial-fetch-depth: 100
2026-05-03T22:49:49.3740715Z   predicate-quantifier: some
2026-05-03T22:49:49.3740942Z ##[endgroup]
2026-05-03T22:49:49.4494652Z ##[group]Fetching list of changed files for PR#1085 from Github API
2026-05-03T22:49:49.4503774Z Invoking listFiles(pull_number: 1085, per_page: 100)
2026-05-03T22:49:49.7298612Z Received 28 items
2026-05-03T22:49:49.7299886Z [added] app/src/androidTest/java/com/averycorp/prismtask/Migration71To72Test.kt
2026-05-03T22:49:49.7300963Z [added] app/src/androidTest/java/com/averycorp/prismtask/Migration72To73Test.kt
2026-05-03T22:49:49.7301960Z [added] app/src/androidTest/java/com/averycorp/prismtask/ProjectPhaseDaoTest.kt
2026-05-03T22:49:49.7302939Z [added] app/src/androidTest/java/com/averycorp/prismtask/ProjectRiskDaoTest.kt
2026-05-03T22:49:49.7303914Z [added] app/src/androidTest/java/com/averycorp/prismtask/TaskDependencyDaoTest.kt
2026-05-03T22:49:49.7305006Z [added] app/src/main/java/com/averycorp/prismtask/data/local/dao/ProjectPhaseDao.kt
2026-05-03T22:49:49.7306028Z [added] app/src/main/java/com/averycorp/prismtask/data/local/dao/ProjectRiskDao.kt
2026-05-03T22:49:49.7307296Z [added] app/src/main/java/com/averycorp/prismtask/data/local/dao/TaskDependencyDao.kt
2026-05-03T22:49:49.7308369Z [modified] app/src/main/java/com/averycorp/prismtask/data/local/database/Migrations.kt
2026-05-03T22:49:49.7310013Z [modified] app/src/main/java/com/averycorp/prismtask/data/local/database/PrismTaskDatabase.kt
2026-05-03T22:49:49.7311139Z [added] app/src/main/java/com/averycorp/prismtask/data/local/entity/ProjectPhaseEntity.kt
2026-05-03T22:49:49.7312230Z [added] app/src/main/java/com/averycorp/prismtask/data/local/entity/ProjectRiskEntity.kt
2026-05-03T22:49:49.7313322Z [added] app/src/main/java/com/averycorp/prismtask/data/local/entity/TaskDependencyEntity.kt
2026-05-03T22:49:49.7314370Z [modified] app/src/main/java/com/averycorp/prismtask/data/local/entity/TaskEntity.kt
2026-05-03T22:49:49.7315378Z [modified] app/src/main/java/com/averycorp/prismtask/data/remote/CloudIdOrphanHealer.kt
2026-05-03T22:49:49.7316361Z [modified] app/src/main/java/com/averycorp/prismtask/data/remote/SyncService.kt
2026-05-03T22:49:49.7317586Z [modified] app/src/main/java/com/averycorp/prismtask/data/remote/mapper/SyncMapper.kt
2026-05-03T22:49:49.7318631Z [modified] app/src/main/java/com/averycorp/prismtask/data/repository/ProjectRepository.kt
2026-05-03T22:49:49.7319808Z [added] app/src/main/java/com/averycorp/prismtask/data/repository/TaskDependencyRepository.kt
2026-05-03T22:49:49.7320836Z [modified] app/src/main/java/com/averycorp/prismtask/di/DatabaseModule.kt
2026-05-03T22:49:49.7321598Z [added] app/src/main/java/com/averycorp/prismtask/domain/model/RiskLevel.kt
2026-05-03T22:49:49.7322354Z [added] app/src/main/java/com/averycorp/prismtask/domain/model/TaskState.kt
2026-05-03T22:49:49.7323300Z [added] app/src/main/java/com/averycorp/prismtask/domain/usecase/DependencyCycleGuard.kt
2026-05-03T22:49:49.7324449Z [added] app/src/test/java/com/averycorp/prismtask/data/remote/mapper/SyncMapperPhasesAndRisksTest.kt
2026-05-03T22:49:49.7325697Z [added] app/src/test/java/com/averycorp/prismtask/data/remote/mapper/SyncMapperTaskDependencyTest.kt
2026-05-03T22:49:49.7327129Z [added] app/src/test/java/com/averycorp/prismtask/data/repository/TaskDependencyRepositoryTest.kt
2026-05-03T22:49:49.7328212Z [added] app/src/test/java/com/averycorp/prismtask/domain/model/RiskLevelTest.kt
2026-05-03T22:49:49.7329311Z [added] app/src/test/java/com/averycorp/prismtask/domain/usecase/DependencyCycleGuardTest.kt
2026-05-03T22:49:49.7330676Z ##[endgroup]
2026-05-03T22:49:49.7331294Z Detected 28 changed files
2026-05-03T22:49:49.7331696Z Results:
2026-05-03T22:49:49.7332357Z ##[group]Filter android = true
2026-05-03T22:49:49.7332790Z Matching files:
2026-05-03T22:49:49.7333392Z app/src/androidTest/java/com/averycorp/prismtask/Migration71To72Test.kt [added]
2026-05-03T22:49:49.7334501Z app/src/androidTest/java/com/averycorp/prismtask/Migration72To73Test.kt [added]
2026-05-03T22:49:49.7335554Z app/src/androidTest/java/com/averycorp/prismtask/ProjectPhaseDaoTest.kt [added]
2026-05-03T22:49:49.7336562Z app/src/androidTest/java/com/averycorp/prismtask/ProjectRiskDaoTest.kt [added]
2026-05-03T22:49:49.7337862Z app/src/androidTest/java/com/averycorp/prismtask/TaskDependencyDaoTest.kt [added]
2026-05-03T22:49:49.7339037Z app/src/main/java/com/averycorp/prismtask/data/local/dao/ProjectPhaseDao.kt [added]
2026-05-03T22:49:49.7340100Z app/src/main/java/com/averycorp/prismtask/data/local/dao/ProjectRiskDao.kt [added]
2026-05-03T22:49:49.7341091Z app/src/main/java/com/averycorp/prismtask/data/local/dao/TaskDependencyDao.kt [added]
2026-05-03T22:49:49.7342184Z app/src/main/java/com/averycorp/prismtask/data/local/database/Migrations.kt [modified]
2026-05-03T22:49:49.7343281Z app/src/main/java/com/averycorp/prismtask/data/local/database/PrismTaskDatabase.kt [modified]
2026-05-03T22:49:49.7344256Z app/src/main/java/com/averycorp/prismtask/data/local/entity/ProjectPhaseEntity.kt [added]
2026-05-03T22:49:49.7345123Z app/src/main/java/com/averycorp/prismtask/data/local/entity/ProjectRiskEntity.kt [added]
2026-05-03T22:49:49.7346081Z app/src/main/java/com/averycorp/prismtask/data/local/entity/TaskDependencyEntity.kt [added]
2026-05-03T22:49:49.7347264Z app/src/main/java/com/averycorp/prismtask/data/local/entity/TaskEntity.kt [modified]
2026-05-03T22:49:49.7348503Z app/src/main/java/com/averycorp/prismtask/data/remote/CloudIdOrphanHealer.kt [modified]
2026-05-03T22:49:49.7349415Z app/src/main/java/com/averycorp/prismtask/data/remote/SyncService.kt [modified]
2026-05-03T22:49:49.7350310Z app/src/main/java/com/averycorp/prismtask/data/remote/mapper/SyncMapper.kt [modified]
2026-05-03T22:49:49.7351311Z app/src/main/java/com/averycorp/prismtask/data/repository/ProjectRepository.kt [modified]
2026-05-03T22:49:49.7352347Z app/src/main/java/com/averycorp/prismtask/data/repository/TaskDependencyRepository.kt [added]
2026-05-03T22:49:49.7353299Z app/src/main/java/com/averycorp/prismtask/di/DatabaseModule.kt [modified]
2026-05-03T22:49:49.7354154Z app/src/main/java/com/averycorp/prismtask/domain/model/RiskLevel.kt [added]
2026-05-03T22:49:49.7354968Z app/src/main/java/com/averycorp/prismtask/domain/model/TaskState.kt [added]
2026-05-03T22:49:49.7355786Z app/src/main/java/com/averycorp/prismtask/domain/usecase/DependencyCycleGuard.kt [added]
2026-05-03T22:49:49.7356956Z app/src/test/java/com/averycorp/prismtask/data/remote/mapper/SyncMapperPhasesAndRisksTest.kt [added]
2026-05-03T22:49:49.7358366Z app/src/test/java/com/averycorp/prismtask/data/remote/mapper/SyncMapperTaskDependencyTest.kt [added]
2026-05-03T22:49:49.7359507Z app/src/test/java/com/averycorp/prismtask/data/repository/TaskDependencyRepositoryTest.kt [added]
2026-05-03T22:49:49.7360548Z app/src/test/java/com/averycorp/prismtask/domain/model/RiskLevelTest.kt [added]
2026-05-03T22:49:49.7361860Z app/src/test/java/com/averycorp/prismtask/domain/usecase/DependencyCycleGuardTest.kt [added]
2026-05-03T22:49:49.7363265Z ##[endgroup]
2026-05-03T22:49:49.7363532Z Changes output set to ["android"]
2026-05-03T22:49:49.7757247Z Prepare all required actions
2026-05-03T22:49:49.7757759Z Getting action download info
2026-05-03T22:49:49.9187745Z Download action repository 'actions/setup-java@v4' (SHA:c1e323688fd81a25caa38c78aa6df2d33d3e20d9)
2026-05-03T22:49:50.1792778Z Download action repository 'gradle/actions@v4' (SHA:ed408507eac070d1f99cc633dbcf757c94c7933a)
2026-05-03T22:49:50.8635674Z ##[group]Run ./.github/actions/setup-android
2026-05-03T22:49:50.8635955Z ##[endgroup]
2026-05-03T22:49:50.8753336Z ##[group]Run actions/setup-java@v4
2026-05-03T22:49:50.8753609Z with:
2026-05-03T22:49:50.8753788Z   java-version: 21
2026-05-03T22:49:50.8753990Z   distribution: temurin
2026-05-03T22:49:50.8754200Z   java-package: jdk
2026-05-03T22:49:50.8754399Z   check-latest: false
2026-05-03T22:49:50.8754583Z   server-id: github
2026-05-03T22:49:50.8754775Z   server-username: GITHUB_ACTOR
2026-05-03T22:49:50.8755011Z   server-password: GITHUB_TOKEN
2026-05-03T22:49:50.8755234Z   overwrite-settings: true
2026-05-03T22:49:50.8755475Z   job-status: success
2026-05-03T22:49:50.8755792Z   token: ***
2026-05-03T22:49:50.8755980Z ##[endgroup]
2026-05-03T22:49:51.0739567Z ##[group]Installed distributions
2026-05-03T22:49:51.0939670Z Resolved Java 21.0.10+7 from tool-cache
2026-05-03T22:49:51.0940794Z Setting Java 21.0.10+7 as the default
2026-05-03T22:49:51.0954305Z Creating toolchains.xml for JDK version 21 from temurin
2026-05-03T22:49:51.1031811Z Writing to /home/runner/.m2/toolchains.xml
2026-05-03T22:49:51.1032212Z 
2026-05-03T22:49:51.1032355Z Java configuration:
2026-05-03T22:49:51.1033680Z   Distribution: temurin
2026-05-03T22:49:51.1034294Z   Version: 21.0.10+7
2026-05-03T22:49:51.1035307Z   Path: /opt/hostedtoolcache/Java_Temurin-Hotspot_jdk/21.0.10-7/x64
2026-05-03T22:49:51.1035885Z 
2026-05-03T22:49:51.1036577Z ##[endgroup]
2026-05-03T22:49:51.1051657Z Creating settings.xml with server-id: github
2026-05-03T22:49:51.1058026Z Writing to /home/runner/.m2/settings.xml
2026-05-03T22:49:51.1232792Z ##[group]Run gradle/actions/setup-gradle@v4
2026-05-03T22:49:51.1233056Z with:
2026-05-03T22:49:51.1233230Z   cache-disabled: false
2026-05-03T22:49:51.1233441Z   cache-read-only: true
2026-05-03T22:49:51.1233642Z   cache-write-only: false
2026-05-03T22:49:51.1233871Z   cache-overwrite-existing: false
2026-05-03T22:49:51.1234275Z   cache-cleanup: on-success
2026-05-03T22:49:51.1234543Z   gradle-home-cache-includes: caches
notifications

2026-05-03T22:49:51.1234831Z   add-job-summary: always
2026-05-03T22:49:51.1235065Z   add-job-summary-as-pr-comment: never
2026-05-03T22:49:51.1235332Z   dependency-graph: disabled
2026-05-03T22:49:51.1235625Z   dependency-graph-report-dir: dependency-graph-reports
2026-05-03T22:49:51.1235971Z   dependency-graph-continue-on-failure: true
2026-05-03T22:49:51.1236252Z   build-scan-publish: false
2026-05-03T22:49:51.1236477Z   validate-wrappers: true
2026-05-03T22:49:51.1237015Z   allow-snapshot-wrappers: false
2026-05-03T22:49:51.1237435Z   gradle-home-cache-strict-match: false
2026-05-03T22:49:51.1237831Z   workflow-job-context: null
2026-05-03T22:49:51.1238208Z   github-token: ***
2026-05-03T22:49:51.1238401Z env:
2026-05-03T22:49:51.1238677Z   JAVA_HOME: /opt/hostedtoolcache/Java_Temurin-Hotspot_jdk/21.0.10-7/x64
2026-05-03T22:49:51.1239140Z   JAVA_HOME_21_X64: /opt/hostedtoolcache/Java_Temurin-Hotspot_jdk/21.0.10-7/x64
2026-05-03T22:49:51.1239500Z ##[endgroup]
2026-05-03T22:49:52.1592580Z Merged default JDK locations into /home/runner/.m2/toolchains.xml
2026-05-03T22:49:52.1595638Z ##[group]Restore Gradle state from cache
2026-05-03T22:49:52.2612265Z Cache hit for restore-key: gradle-home-v1|Linux-X64|lint-and-test[5df42585ae8f8da228c604b8b4e8707c]-d4023d27049ef5a1a7690e086eed262a5857cba8
2026-05-03T22:49:52.6679203Z Received 65737515 of 65737515 (100.0%), 175.1 MBs/sec
2026-05-03T22:49:52.6681924Z Cache Size: ~63 MB (65737515 B)
2026-05-03T22:49:52.6717049Z [command]/usr/bin/tar -xf /home/runner/work/_temp/350cf56a-318d-4433-b17a-2a42c266a304/cache.tzst -P -C /home/runner/work/prismTask/prismTask --use-compress-program unzstd
2026-05-03T22:49:53.0262133Z Cache restored successfully
2026-05-03T22:49:53.0295563Z Restored cache entry with key gradle-home-v1|Linux-X64|lint-and-test[5df42585ae8f8da228c604b8b4e8707c]-358b7562b7431883f94f556ced6a2e3767ebe333 to /home/runner/.gradle/caches,/home/runner/.gradle/notifications,/home/runner/.gradle/.setup-gradle in 869ms
2026-05-03T22:49:53.0987999Z Cache hit for: gradle-generated-gradle-jars-v1-cb4b032a7d08b9bf1e84e9eacaebcc29
2026-05-03T22:49:53.1011860Z Cache hit for: gradle-wrapper-zips-v1-8c0de4c6bda6041d6e054bf825a89c98
2026-05-03T22:49:53.1018517Z Cache hit for: gradle-transforms-v1-8ec178bf5acf15016b42eeb8148ff016
2026-05-03T22:49:53.1061050Z Cache hit for: gradle-instrumented-jars-v1-54106beddfdea8f6b1db6e6ea8dc5176
2026-05-03T22:49:53.1072830Z Cache hit for: gradle-groovy-dsl-v1-7f5dfc23de056af51a04b58175fe2558
2026-05-03T22:49:53.1091882Z Cache hit for: gradle-kotlin-dsl-v1-d8ed88c6063bddfddc743dd2542611ac
2026-05-03T22:49:53.1132887Z Cache hit for: gradle-dependencies-v1-14c78ad2d4d630d643c7aa0afec48c7a
2026-05-03T22:49:53.4300280Z Received 64251 of 64251 (100.0%), 0.3 MBs/sec
2026-05-03T22:49:53.4300965Z Cache Size: ~0 MB (64251 B)
2026-05-03T22:49:53.4507077Z Received 112530 of 112530 (100.0%), 0.7 MBs/sec
2026-05-03T22:49:53.4507970Z Cache Size: ~0 MB (112530 B)
2026-05-03T22:49:53.5140547Z Received 255817 of 255817 (100.0%), 1.1 MBs/sec
2026-05-03T22:49:53.5141591Z Cache Size: ~0 MB (255817 B)
2026-05-03T22:49:53.7432837Z [command]/usr/bin/tar -xf /home/runner/work/_temp/285d31f0-3a56-4f66-9e0f-88afbfd8dee3/cache.tzst -P -C /home/runner/work/prismTask/prismTask --use-compress-program unzstd
2026-05-03T22:49:53.7659420Z [command]/usr/bin/tar -xf /home/runner/work/_temp/b9b1b6f6-e195-45e4-b012-ec2cc826efd1/cache.tzst -P -C /home/runner/work/prismTask/prismTask --use-compress-program unzstd
2026-05-03T22:49:53.8088888Z Cache restored successfully
2026-05-03T22:49:53.8173995Z Restored cache entry with key gradle-instrumented-jars-v1-54106beddfdea8f6b1db6e6ea8dc5176 to /home/runner/.gradle/caches/jars-*/*/ in 786ms
2026-05-03T22:49:53.8512407Z Cache restored successfully
2026-05-03T22:49:53.8545484Z Restored cache entry with key gradle-groovy-dsl-v1-7f5dfc23de056af51a04b58175fe2558 to /home/runner/.gradle/caches/*/groovy-dsl/*/ in 823ms
2026-05-03T22:49:53.8826495Z [command]/usr/bin/tar -xf /home/runner/work/_temp/c09f68b7-d11e-4382-abf0-ab26be8a96f9/cache.tzst -P -C /home/runner/work/prismTask/prismTask --use-compress-program unzstd
2026-05-03T22:49:54.0640586Z Cache restored successfully
2026-05-03T22:49:54.0956583Z Restored cache entry with key gradle-kotlin-dsl-v1-d8ed88c6063bddfddc743dd2542611ac to /home/runner/.gradle/caches/*/kotlin-dsl/accessors/*/,/home/runner/.gradle/caches/*/kotlin-dsl/scripts/*/ in 1064ms
2026-05-03T22:49:54.1489839Z Received 37799100 of 41993404 (90.0%), 35.3 MBs/sec
2026-05-03T22:49:54.1490666Z Received 79691776 of 136352669 (58.4%), 75.9 MBs/sec
2026-05-03T22:49:54.2430675Z Received 79691776 of 843938512 (9.4%), 75.5 MBs/sec
2026-05-03T22:49:54.2693055Z Received 16777216 of 655470901 (2.6%), 16.0 MBs/sec
2026-05-03T22:49:54.4230298Z Received 41993404 of 41993404 (100.0%), 30.9 MBs/sec
2026-05-03T22:49:54.4230936Z Cache Size: ~40 MB (41993404 B)
2026-05-03T22:49:54.5446552Z Received 136352669 of 136352669 (100.0%), 93.1 MBs/sec
2026-05-03T22:49:54.5447546Z Cache Size: ~130 MB (136352669 B)
2026-05-03T22:49:54.5515114Z [command]/usr/bin/tar -xf /home/runner/work/_temp/71beeb1f-843e-4875-b16f-b31dd3df9f83/cache.tzst -P -C /home/runner/work/prismTask/prismTask --use-compress-program unzstd
2026-05-03T22:49:54.5856436Z [command]/usr/bin/tar -xf /home/runner/work/_temp/d0561d78-8c7d-4010-862c-4183a135990d/cache.tzst -P -C /home/runner/work/prismTask/prismTask --use-compress-program unzstd
2026-05-03T22:49:55.0330491Z Cache restored successfully
2026-05-03T22:49:55.0484867Z Restored cache entry with key gradle-wrapper-zips-v1-8c0de4c6bda6041d6e054bf825a89c98 to /home/runner/.gradle/wrapper/dists/gradle-9.3.1-bin/23ovyewtku6u96viwx3xl3oks in 2018ms
2026-05-03T22:49:55.1491949Z Cache restored successfully
2026-05-03T22:49:55.1750992Z Restored cache entry with key gradle-generated-gradle-jars-v1-cb4b032a7d08b9bf1e84e9eacaebcc29 to /home/runner/.gradle/caches/9.3.1/generated-gradle-jars/gradle-api-9.3.1.jar in 2144ms
2026-05-03T22:49:55.2455633Z Received 239075328 of 843938512 (28.3%), 113.5 MBs/sec
2026-05-03T22:49:55.2789779Z Received 130023424 of 655470901 (19.8%), 61.7 MBs/sec
2026-05-03T22:49:56.2452032Z Received 406847488 of 843938512 (48.2%), 129.0 MBs/sec
2026-05-03T22:49:56.2789521Z Received 301989888 of 655470901 (46.1%), 95.7 MBs/sec
2026-05-03T22:49:57.2625497Z Received 603979776 of 843938512 (71.6%), 143.1 MBs/sec
2026-05-03T22:49:57.2799472Z Received 478150656 of 655470901 (72.9%), 113.7 MBs/sec
2026-05-03T22:49:58.2783643Z Received 655470901 of 655470901 (100.0%), 124.8 MBs/sec
2026-05-03T22:49:58.2787137Z Cache Size: ~625 MB (655470901 B)
2026-05-03T22:49:58.2969627Z Received 784334848 of 843938512 (92.9%), 147.8 MBs/sec
2026-05-03T22:49:58.3725512Z [command]/usr/bin/tar -xf /home/runner/work/_temp/593f4462-dfc1-4313-a297-d455201af71c/cache.tzst -P -C /home/runner/work/prismTask/prismTask --use-compress-program unzstd
2026-05-03T22:49:58.5630126Z Received 843938512 of 843938512 (100.0%), 151.1 MBs/sec
2026-05-03T22:49:58.5631434Z Cache Size: ~805 MB (843938512 B)
2026-05-03T22:49:58.5669163Z [command]/usr/bin/tar -xf /home/runner/work/_temp/3d8ea008-8f7b-4409-8e08-4bc274d93e57/cache.tzst -P -C /home/runner/work/prismTask/prismTask --use-compress-program unzstd
2026-05-03T22:50:01.2262057Z Cache restored successfully
2026-05-03T22:50:01.2662508Z Restored cache entry with key gradle-dependencies-v1-14c78ad2d4d630d643c7aa0afec48c7a to /home/runner/.gradle/caches/modules-*/files-*/*/*/*/* in 8235ms
2026-05-03T22:50:06.9346533Z Cache restored successfully
2026-05-03T22:50:06.9620315Z Restored cache entry with key gradle-transforms-v1-8ec178bf5acf15016b42eeb8148ff016 to /home/runner/.gradle/caches/transforms-4/*/,/home/runner/.gradle/caches/*/transforms/*/ in 13929ms
2026-05-03T22:50:07.0041805Z ##[endgroup]
2026-05-03T22:50:07.0430265Z ##[group]All Gradle Wrapper jars are valid
2026-05-03T22:50:07.0431574Z ✓ Found known Gradle Wrapper JAR files:
2026-05-03T22:50:07.0432611Z   b3a875ddc1f044746e1b1a55f645584505f4a10438c1afea9f15e92a7c42ec13 gradle/wrapper/gradle-wrapper.jar
2026-05-03T22:50:07.0434255Z ##[endgroup]
2026-05-03T22:50:07.0597100Z ##[group]Run chmod +x gradlew
2026-05-03T22:50:07.0597470Z [36;1mchmod +x gradlew[0m
2026-05-03T22:50:07.0623555Z shell: /usr/bin/bash --noprofile --norc -e -o pipefail {0}
2026-05-03T22:50:07.0623938Z env:
2026-05-03T22:50:07.0624285Z   JAVA_HOME: /opt/hostedtoolcache/Java_Temurin-Hotspot_jdk/21.0.10-7/x64
2026-05-03T22:50:07.0624833Z   JAVA_HOME_21_X64: /opt/hostedtoolcache/Java_Temurin-Hotspot_jdk/21.0.10-7/x64
2026-05-03T22:50:07.0625291Z   GRADLE_ACTION_ID: gradle/actions/setup-gradle
2026-05-03T22:50:07.0625638Z   GRADLE_USER_HOME: /home/runner/.gradle
2026-05-03T22:50:07.0625983Z   GRADLE_BUILD_ACTION_SETUP_COMPLETED: true
2026-05-03T22:50:07.0626311Z   GRADLE_BUILD_ACTION_CACHE_RESTORED: true
2026-05-03T22:50:07.0627025Z   DEVELOCITY_INJECTION_INIT_SCRIPT_NAME: gradle-actions.inject-develocity.init.gradle
2026-05-03T22:50:07.0627556Z   DEVELOCITY_INJECTION_CUSTOM_VALUE: gradle-actions
2026-05-03T22:50:07.0627947Z   GITHUB_DEPENDENCY_GRAPH_ENABLED: false
2026-05-03T22:50:07.0628241Z ##[endgroup]
2026-05-03T22:50:07.3446473Z ##[group]Run actions/cache@v4
2026-05-03T22:50:07.3447110Z with:
2026-05-03T22:50:07.3447347Z   path: app/build
2026-05-03T22:50:07.3447809Z   key: app-build-Linux-9573fae423f744f5c1703e26c3abe3913e8cece3dced6321a3902e485a97cfcd
2026-05-03T22:50:07.3448351Z   restore-keys: app-build-Linux-

2026-05-03T22:50:07.3448671Z   enableCrossOsArchive: false
2026-05-03T22:50:07.3448965Z   fail-on-cache-miss: false
2026-05-03T22:50:07.3449234Z   lookup-only: false
2026-05-03T22:50:07.3449483Z   save-always: false
2026-05-03T22:50:07.3449720Z env:
2026-05-03T22:50:07.3450055Z   JAVA_HOME: /opt/hostedtoolcache/Java_Temurin-Hotspot_jdk/21.0.10-7/x64
2026-05-03T22:50:07.3450587Z   JAVA_HOME_21_X64: /opt/hostedtoolcache/Java_Temurin-Hotspot_jdk/21.0.10-7/x64
2026-05-03T22:50:07.3451042Z   GRADLE_ACTION_ID: gradle/actions/setup-gradle
2026-05-03T22:50:07.3451385Z   GRADLE_USER_HOME: /home/runner/.gradle
2026-05-03T22:50:07.3451719Z   GRADLE_BUILD_ACTION_SETUP_COMPLETED: true
2026-05-03T22:50:07.3452084Z   GRADLE_BUILD_ACTION_CACHE_RESTORED: true
2026-05-03T22:50:07.3452554Z   DEVELOCITY_INJECTION_INIT_SCRIPT_NAME: gradle-actions.inject-develocity.init.gradle
2026-05-03T22:50:07.3453064Z   DEVELOCITY_INJECTION_CUSTOM_VALUE: gradle-actions
2026-05-03T22:50:07.3453421Z   GITHUB_DEPENDENCY_GRAPH_ENABLED: false
2026-05-03T22:50:07.3453719Z ##[endgroup]
2026-05-03T22:50:07.5591335Z Cache hit for: app-build-Linux-9573fae423f744f5c1703e26c3abe3913e8cece3dced6321a3902e485a97cfcd
2026-05-03T22:50:08.3962603Z Received 173182330 of 173182330 (100.0%), 206.4 MBs/sec
2026-05-03T22:50:08.3965931Z Cache Size: ~165 MB (173182330 B)
2026-05-03T22:50:08.4034613Z [command]/usr/bin/tar -xf /home/runner/work/_temp/ea63f8eb-b208-416d-ab35-86c04265c3f0/cache.tzst -P -C /home/runner/work/prismTask/prismTask --use-compress-program unzstd
2026-05-03T22:50:10.6772235Z Cache restored successfully
2026-05-03T22:50:10.6924645Z Cache restored from key: app-build-Linux-9573fae423f744f5c1703e26c3abe3913e8cece3dced6321a3902e485a97cfcd
2026-05-03T22:50:10.7053824Z ##[group]Run ./gradlew detekt --continue
2026-05-03T22:50:10.7054231Z [36;1m./gradlew detekt --continue[0m
2026-05-03T22:50:10.7076908Z shell: /usr/bin/bash -e {0}
2026-05-03T22:50:10.7077211Z env:
2026-05-03T22:50:10.7077568Z   JAVA_HOME: /opt/hostedtoolcache/Java_Temurin-Hotspot_jdk/21.0.10-7/x64
2026-05-03T22:50:10.7078135Z   JAVA_HOME_21_X64: /opt/hostedtoolcache/Java_Temurin-Hotspot_jdk/21.0.10-7/x64
2026-05-03T22:50:10.7078612Z   GRADLE_ACTION_ID: gradle/actions/setup-gradle
2026-05-03T22:50:10.7078959Z   GRADLE_USER_HOME: /home/runner/.gradle
2026-05-03T22:50:10.7079284Z   GRADLE_BUILD_ACTION_SETUP_COMPLETED: true
2026-05-03T22:50:10.7079613Z   GRADLE_BUILD_ACTION_CACHE_RESTORED: true
2026-05-03T22:50:10.7080088Z   DEVELOCITY_INJECTION_INIT_SCRIPT_NAME: gradle-actions.inject-develocity.init.gradle
2026-05-03T22:50:10.7080601Z   DEVELOCITY_INJECTION_CUSTOM_VALUE: gradle-actions
2026-05-03T22:50:10.7081131Z   GITHUB_DEPENDENCY_GRAPH_ENABLED: false
2026-05-03T22:50:10.7081461Z ##[endgroup]
2026-05-03T22:50:12.3229564Z Starting a Gradle Daemon (subsequent builds will be faster)
2026-05-03T22:50:17.2233188Z Configuration on demand is an incubating feature.
2026-05-03T22:50:24.9224900Z 
2026-05-03T22:50:24.9233485Z > Configure project :app
2026-05-03T22:50:24.9234549Z WARNING: The option setting 'android.builtInKotlin=false' is deprecated.
2026-05-03T22:50:24.9235358Z The current default is 'true'.
2026-05-03T22:50:24.9238380Z It will be removed in version 10.0 of the Android Gradle plugin.
2026-05-03T22:50:24.9239231Z WARNING: The option setting 'android.newDsl=false' is deprecated.
2026-05-03T22:50:24.9241627Z The current default is 'true'.
2026-05-03T22:50:24.9242321Z It will be removed in version 10.0 of the Android Gradle plugin.
2026-05-03T22:50:24.9248135Z WARNING: The option setting 'android.dependency.excludeLibraryComponentsFromConstraints=true' is deprecated.
2026-05-03T22:50:24.9249379Z The current default is 'false'.
2026-05-03T22:50:24.9250111Z It will be removed in version 10.0 of the Android Gradle plugin.
2026-05-03T22:50:24.9251053Z Following can be set instead to achieve a similar behaviour.
2026-05-03T22:50:24.9251933Z     android.dependency.useConstraints=false
2026-05-03T22:50:31.3238245Z w: file:///home/runner/work/prismTask/prismTask/app/build.gradle.kts:13:1: 'fun Project.android(configure: Action<BaseAppModuleExtension>): Unit' is deprecated. Replaced by com.android.build.api.dsl.ApplicationExtension.
2026-05-03T22:50:31.3240291Z This class is not used for the public extensions in AGP when android.newDsl=true, which is the default in AGP 9.0, and will be removed in AGP 10.0.
2026-05-03T22:50:31.3242069Z w: file:///home/runner/work/prismTask/prismTask/app/build.gradle.kts:249:1: 'val Project.android: BaseAppModuleExtension' is deprecated. Replaced by com.android.build.api.dsl.ApplicationExtension.
2026-05-03T22:50:31.3243738Z This class is not used for the public extensions in AGP when android.newDsl=true, which is the default in AGP 9.0, and will be removed in AGP 10.0.
2026-05-03T22:50:32.7225888Z w: ⚠️ Deprecated 'org.jetbrains.kotlin.android' plugin usage
2026-05-03T22:50:32.7244643Z The 'org.jetbrains.kotlin.android' plugin in project ':app' is no longer required for Kotlin support since AGP 9.0.
2026-05-03T22:50:32.7246428Z Solution: Remove both `android.builtInKotlin=true` and `android.newDsl=false` from `gradle.properties`, then migrate to built-in Kotlin.
2026-05-03T22:50:32.7247952Z See https://kotl.in/gradle/agp-built-in-kotlin for more details.
2026-05-03T22:50:32.7248462Z 
2026-05-03T22:50:34.0232600Z 
2026-05-03T22:50:34.0233529Z > Task :detekt-rules:checkKotlinGradlePluginConfigurationErrors SKIPPED
2026-05-03T22:50:34.1229103Z > Task :detekt-rules:compileKotlin FROM-CACHE
2026-05-03T22:50:34.2229742Z > Task :detekt-rules:compileJava NO-SOURCE
2026-05-03T22:50:34.2256949Z > Task :detekt-rules:processResources
2026-05-03T22:50:34.2259101Z > Task :detekt-rules:classes
2026-05-03T22:50:34.2260993Z > Task :detekt-rules:jar
2026-05-03T22:51:04.2248149Z > Task :app:detekt
2026-05-03T22:51:22.0225886Z gradle/actions: Writing build results to /home/runner/work/_temp/.gradle-actions/build-results/__run_3-1777848618822.json
2026-05-03T22:51:22.0233985Z 
2026-05-03T22:51:22.0235012Z [Incubating] Problems report is available at: file:///home/runner/work/prismTask/prismTask/build/reports/problems/problems-report.html
2026-05-03T22:51:22.0236132Z 
2026-05-03T22:51:22.0237000Z Deprecated Gradle features were used in this build, making it incompatible with Gradle 10.
2026-05-03T22:51:22.0237820Z 
2026-05-03T22:51:22.0238657Z You can use '--warning-mode all' to show the individual deprecation warnings and determine if they come from your own scripts or plugins.
2026-05-03T22:51:22.0239754Z 
2026-05-03T22:51:22.0240804Z For more on this, please refer to https://docs.gradle.org/9.3.1/userguide/command_line_interface.html#sec:command_line_warnings in the Gradle documentation.
2026-05-03T22:51:22.0242347Z 
2026-05-03T22:51:22.0242619Z BUILD SUCCESSFUL in 1m 11s
2026-05-03T22:51:22.0243331Z 4 actionable tasks: 3 executed, 1 from cache
2026-05-03T22:51:22.3907945Z ##[group]Run ./gradlew lintDebug --continue
2026-05-03T22:51:22.3908352Z [36;1m./gradlew lintDebug --continue[0m
2026-05-03T22:51:22.3930003Z shell: /usr/bin/bash -e {0}
2026-05-03T22:51:22.3930292Z env:
2026-05-03T22:51:22.3930641Z   JAVA_HOME: /opt/hostedtoolcache/Java_Temurin-Hotspot_jdk/21.0.10-7/x64
2026-05-03T22:51:22.3931221Z   JAVA_HOME_21_X64: /opt/hostedtoolcache/Java_Temurin-Hotspot_jdk/21.0.10-7/x64
2026-05-03T22:51:22.3931685Z   GRADLE_ACTION_ID: gradle/actions/setup-gradle
2026-05-03T22:51:22.3932028Z   GRADLE_USER_HOME: /home/runner/.gradle
2026-05-03T22:51:22.3932347Z   GRADLE_BUILD_ACTION_SETUP_COMPLETED: true
2026-05-03T22:51:22.3932680Z   GRADLE_BUILD_ACTION_CACHE_RESTORED: true
2026-05-03T22:51:22.3933152Z   DEVELOCITY_INJECTION_INIT_SCRIPT_NAME: gradle-actions.inject-develocity.init.gradle
2026-05-03T22:51:22.3933680Z   DEVELOCITY_INJECTION_CUSTOM_VALUE: gradle-actions
2026-05-03T22:51:22.3934029Z   GITHUB_DEPENDENCY_GRAPH_ENABLED: false
2026-05-03T22:51:22.3934363Z ##[endgroup]
2026-05-03T22:51:23.1782106Z Configuration on demand is an incubating feature.
2026-05-03T22:51:23.5744439Z 
2026-05-03T22:51:23.5751670Z > Configure project :app
2026-05-03T22:51:23.5757125Z WARNING: The option setting 'android.builtInKotlin=false' is deprecated.
2026-05-03T22:51:23.5758056Z The current default is 'true'.
2026-05-03T22:51:23.5759352Z It will be removed in version 10.0 of the Android Gradle plugin.
2026-05-03T22:51:23.5760959Z WARNING: The option setting 'android.newDsl=false' is deprecated.
2026-05-03T22:51:23.5761760Z The current default is 'true'.
2026-05-03T22:51:23.5763614Z It will be removed in version 10.0 of the Android Gradle plugin.
2026-05-03T22:51:23.5766228Z WARNING: The option setting 'android.dependency.excludeLibraryComponentsFromConstraints=true' is deprecated.
2026-05-03T22:51:23.5767641Z The current default is 'false'.
2026-05-03T22:51:23.5768400Z It will be removed in version 10.0 of the Android Gradle plugin.
2026-05-03T22:51:23.5769860Z Following can be set instead to achieve a similar behaviour.
2026-05-03T22:51:23.5770525Z     android.dependency.useConstraints=false
2026-05-03T22:51:23.5778216Z w: ⚠️ Deprecated 'org.jetbrains.kotlin.android' plugin usage
2026-05-03T22:51:23.5779346Z The 'org.jetbrains.kotlin.android' plugin in project ':app' is no longer required for Kotlin support since AGP 9.0.
2026-05-03T22:51:23.5780626Z Solution: Remove both `android.builtInKotlin=true` and `android.newDsl=false` from `gradle.properties`, then migrate to built-in Kotlin.
2026-05-03T22:51:23.5781387Z See https://kotl.in/gradle/agp-built-in-kotlin for more details.
2026-05-03T22:51:23.5781706Z 
2026-05-03T22:51:24.4743146Z 
2026-05-03T22:51:24.4746991Z > Task :app:checkKotlinGradlePluginConfigurationErrors SKIPPED
2026-05-03T22:51:24.4748146Z > Task :app:preBuild UP-TO-DATE
2026-05-03T22:51:24.4750195Z > Task :app:preDebugBuild UP-TO-DATE
2026-05-03T22:51:24.5750606Z > Task :app:generateDebugBuildConfig
2026-05-03T22:51:24.5757889Z > Task :app:generateDebugResValues FROM-CACHE
2026-05-03T22:51:24.5758775Z > Task :app:generateDebugResources FROM-CACHE
2026-05-03T22:51:24.5759711Z > Task :app:injectCrashlyticsMappingFileIdDebug
2026-05-03T22:51:24.5760606Z > Task :app:processDebugGoogleServices FROM-CACHE
2026-05-03T22:51:24.6798053Z > Task :app:packageDebugResources FROM-CACHE
2026-05-03T22:51:25.2744722Z > Task :app:processDebugNavigationResources FROM-CACHE
2026-05-03T22:51:25.5767920Z > Task :app:parseDebugLocalResources FROM-CACHE
2026-05-03T22:51:25.5819510Z > Task :app:generateDebugRFile FROM-CACHE
2026-05-03T22:51:26.4767474Z > Task :app:javaPreCompileDebug FROM-CACHE
2026-05-03T22:51:26.5778297Z > Task :app:mapDebugSourceSetPaths
2026-05-03T22:51:26.5792567Z > Task :app:compileDebugNavigationResources FROM-CACHE
2026-05-03T22:51:26.6747888Z > Task :app:checkDebugAarMetadata
2026-05-03T22:51:27.1764189Z > Task :app:mergeDebugResources FROM-CACHE
2026-05-03T22:51:27.1765333Z > Task :app:createDebugCompatibleScreenManifests
2026-05-03T22:51:27.2753467Z > Task :app:extractDeepLinksDebug FROM-CACHE
2026-05-03T22:51:27.8768587Z > Task :app:processDebugMainManifest
2026-05-03T22:51:27.9777910Z > Task :app:processDebugManifest
2026-05-03T22:51:28.0790985Z > Task :app:preDebugAndroidTestBuild SKIPPED
2026-05-03T22:51:28.0807473Z > Task :app:generateDebugAndroidTestResValues FROM-CACHE
2026-05-03T22:51:28.0808623Z > Task :app:extractProguardFiles
2026-05-03T22:51:28.0809573Z > Task :app:preDebugUnitTestBuild UP-TO-DATE
2026-05-03T22:51:28.0810628Z > Task :app:processDebugManifestForPackage
2026-05-03T22:51:29.5744593Z > Task :app:processDebugResources
2026-05-03T22:51:55.5744344Z > Task :app:kspDebugKotlin
2026-05-03T22:52:34.9746994Z > Task :app:compileDebugKotlin
2026-05-03T22:53:02.3771638Z e: file:///home/runner/work/prismTask/prismTask/app/src/main/java/com/averycorp/prismtask/data/remote/mapper/SyncMapper.kt:295:21 Unresolved reference 'TaskDependencyEntity'.
2026-05-03T22:53:02.4744393Z e: file:///home/runner/work/prismTask/prismTask/app/src/main/java/com/averycorp/prismtask/data/remote/mapper/SyncMapper.kt:299:33 Unresolved reference 'id'.
2026-05-03T22:53:02.4803808Z e: file:///home/runner/work/prismTask/prismTask/app/src/main/java/com/averycorp/prismtask/data/remote/mapper/SyncMapper.kt:302:35 Unresolved reference 'createdAt'.
2026-05-03T22:53:02.4804548Z 
2026-05-03T22:53:02.4805186Z e: file:///home/runner/work/prismTask/prismTask/app/src/main/java/com/averycorp/prismtask/data/remote/mapper/SyncMapper.kt:311:8 Unresolved reference 'TaskDependencyEntity'.
2026-05-03T22:53:02.4806492Z e: file:///home/runner/work/prismTask/prismTask/app/src/main/java/com/averycorp/prismtask/data/remote/mapper/SyncMapper.kt:312:9 Unresolved reference 'TaskDependencyEntity'.
2026-05-03T22:53:02.4807937Z 
2026-05-03T22:53:02.4808200Z FAILURE: Build failed with an exception.
2026-05-03T22:53:02.4808608Z 
2026-05-03T22:53:02.4808781Z * What went wrong:
2026-05-03T22:53:02.4809118Z Execution failed for task ':app:compileDebugKotlin'.
2026-05-03T22:53:02.4809775Z > A failure occurred while executing org.jetbrains.kotlin.compilerRunner.btapi.BuildToolsApiCompilationWork
2026-05-03T22:53:02.4810391Z    > Compilation error. See log for more details
2026-05-03T22:53:02.4810624Z 
2026-05-03T22:53:02.4811100Z * Try:
2026-05-03T22:53:02.4811640Z > Run with --stacktrace option to get the stack trace.
2026-05-03T22:53:02.4812358Z > Run with --info or --debug option to get more log output.
2026-05-03T22:53:02.4813239Z > Run with --scan to get full insights from a Build Scan (powered by Develocity).
2026-05-03T22:53:02.4814082Z > Get more help at https://help.gradle.org.
2026-05-03T22:53:02.4814485Z 
2026-05-03T22:53:02.4814660Z BUILD FAILED in 1m 40s
2026-05-03T22:53:02.4815185Z > Task :app:compileDebugKotlin FAILED
2026-05-03T22:53:02.4816205Z gradle/actions: Writing build results to /home/runner/work/_temp/.gradle-actions/build-results/__run_4-1777848683092.json
2026-05-03T22:53:02.4817260Z 
2026-05-03T22:53:02.4817798Z [Incubating] Problems report is available at: file:///home/runner/work/prismTask/prismTask/build/reports/problems/problems-report.html
2026-05-03T22:53:02.4818344Z 
2026-05-03T22:53:02.4818627Z Deprecated Gradle features were used in this build, making it incompatible with Gradle 10.
2026-05-03T22:53:02.4819002Z 
2026-05-03T22:53:02.4819438Z You can use '--warning-mode all' to show the individual deprecation warnings and determine if they come from your own scripts or plugins.
2026-05-03T22:53:02.4819960Z 
2026-05-03T22:53:02.4820463Z For more on this, please refer to https://docs.gradle.org/9.3.1/userguide/command_line_interface.html#sec:command_line_warnings in the Gradle documentation.
2026-05-03T22:53:02.4821811Z 24 actionable tasks: 12 executed, 12 from cache
2026-05-03T22:53:02.6151194Z ##[error]Process completed with exit code 1.
2026-05-03T22:53:02.6207405Z ##[group]Run ./gradlew compileDebugAndroidTestKotlin --continue
2026-05-03T22:53:02.6208171Z [36;1m./gradlew compileDebugAndroidTestKotlin --continue[0m
2026-05-03T22:53:02.6229406Z shell: /usr/bin/bash -e {0}
2026-05-03T22:53:02.6229694Z env:
2026-05-03T22:53:02.6230052Z   JAVA_HOME: /opt/hostedtoolcache/Java_Temurin-Hotspot_jdk/21.0.10-7/x64
2026-05-03T22:53:02.6230600Z   JAVA_HOME_21_X64: /opt/hostedtoolcache/Java_Temurin-Hotspot_jdk/21.0.10-7/x64
2026-05-03T22:53:02.6231074Z   GRADLE_ACTION_ID: gradle/actions/setup-gradle
2026-05-03T22:53:02.6231421Z   GRADLE_USER_HOME: /home/runner/.gradle
2026-05-03T22:53:02.6231750Z   GRADLE_BUILD_ACTION_SETUP_COMPLETED: true
2026-05-03T22:53:02.6232075Z   GRADLE_BUILD_ACTION_CACHE_RESTORED: true
2026-05-03T22:53:02.6232549Z   DEVELOCITY_INJECTION_INIT_SCRIPT_NAME: gradle-actions.inject-develocity.init.gradle
2026-05-03T22:53:02.6233065Z   DEVELOCITY_INJECTION_CUSTOM_VALUE: gradle-actions
2026-05-03T22:53:02.6233459Z   GITHUB_DEPENDENCY_GRAPH_ENABLED: false
2026-05-03T22:53:02.6233768Z ##[endgroup]
2026-05-03T22:53:03.3918313Z Configuration on demand is an incubating feature.
2026-05-03T22:53:03.8907589Z 
2026-05-03T22:53:03.8947578Z > Configure project :app
2026-05-03T22:53:03.9007785Z WARNING: The option setting 'android.builtInKotlin=false' is deprecated.
2026-05-03T22:53:03.9045990Z The current default is 'true'.
2026-05-03T22:53:03.9090905Z It will be removed in version 10.0 of the Android Gradle plugin.
2026-05-03T22:53:03.9115319Z WARNING: The option setting 'android.newDsl=false' is deprecated.
2026-05-03T22:53:03.9130547Z The current default is 'true'.
2026-05-03T22:53:03.9131334Z It will be removed in version 10.0 of the Android Gradle plugin.
2026-05-03T22:53:03.9132699Z WARNING: The option setting 'android.dependency.excludeLibraryComponentsFromConstraints=true' is deprecated.
2026-05-03T22:53:03.9133849Z The current default is 'false'.
2026-05-03T22:53:03.9134495Z It will be removed in version 10.0 of the Android Gradle plugin.
2026-05-03T22:53:03.9135312Z Following can be set instead to achieve a similar behaviour.
2026-05-03T22:53:03.9136020Z     android.dependency.useConstraints=false
2026-05-03T22:53:03.9137298Z w: ⚠️ Deprecated 'org.jetbrains.kotlin.android' plugin usage
2026-05-03T22:53:03.9138410Z The 'org.jetbrains.kotlin.android' plugin in project ':app' is no longer required for Kotlin support since AGP 9.0.
2026-05-03T22:53:03.9139992Z Solution: Remove both `android.builtInKotlin=true` and `android.newDsl=false` from `gradle.properties`, then migrate to built-in Kotlin.
2026-05-03T22:53:03.9141291Z See https://kotl.in/gradle/agp-built-in-kotlin for more details.
2026-05-03T22:53:03.9141799Z 
2026-05-03T22:53:04.0910451Z 
2026-05-03T22:53:04.0911580Z > Task :app:checkKotlinGradlePluginConfigurationErrors SKIPPED
2026-05-03T22:53:04.0912661Z > Task :app:preBuild UP-TO-DATE
2026-05-03T22:53:04.0913410Z > Task :app:preDebugBuild UP-TO-DATE
2026-05-03T22:53:04.0914219Z > Task :app:generateDebugBuildConfig UP-TO-DATE
2026-05-03T22:53:04.0915110Z > Task :app:generateDebugResValues UP-TO-DATE
2026-05-03T22:53:04.0915980Z > Task :app:generateDebugResources UP-TO-DATE
2026-05-03T22:53:04.0917287Z > Task :app:injectCrashlyticsMappingFileIdDebug UP-TO-DATE
2026-05-03T22:53:04.0918314Z > Task :app:processDebugGoogleServices UP-TO-DATE
2026-05-03T22:53:04.0919217Z > Task :app:packageDebugResources UP-TO-DATE
2026-05-03T22:53:04.7884538Z > Task :app:processDebugNavigationResources UP-TO-DATE
2026-05-03T22:53:04.7889736Z > Task :app:parseDebugLocalResources UP-TO-DATE
2026-05-03T22:53:04.7890558Z > Task :app:generateDebugRFile UP-TO-DATE
2026-05-03T22:53:04.8907875Z > Task :app:kspDebugKotlin UP-TO-DATE
2026-05-03T22:53:05.1897593Z > Task :app:javaPreCompileDebug UP-TO-DATE
2026-05-03T22:53:05.1957403Z > Task :app:checkDebugAarMetadata UP-TO-DATE
2026-05-03T22:53:05.2034205Z > Task :app:mapDebugSourceSetPaths UP-TO-DATE
2026-05-03T22:53:05.2107390Z > Task :app:compileDebugNavigationResources UP-TO-DATE
2026-05-03T22:53:05.2168146Z > Task :app:mergeDebugResources UP-TO-DATE
2026-05-03T22:53:05.2168992Z > Task :app:createDebugCompatibleScreenManifests UP-TO-DATE
2026-05-03T22:53:05.2213025Z > Task :app:extractDeepLinksDebug UP-TO-DATE
2026-05-03T22:53:05.2919699Z > Task :app:processDebugMainManifest UP-TO-DATE
2026-05-03T22:53:05.2954746Z > Task :app:processDebugManifest UP-TO-DATE
2026-05-03T22:53:05.2969015Z > Task :app:processDebugManifestForPackage UP-TO-DATE
2026-05-03T22:53:05.3905670Z > Task :app:processDebugResources UP-TO-DATE
2026-05-03T22:53:05.3952946Z > Task :app:preDebugAndroidTestBuild SKIPPED
2026-05-03T22:53:05.6880474Z > Task :app:processDebugAndroidTestManifest
2026-05-03T22:53:05.6881699Z > Task :app:generateDebugAndroidTestBuildConfig FROM-CACHE
2026-05-03T22:53:05.6907750Z > Task :app:generateDebugAndroidTestResValues UP-TO-DATE
2026-05-03T22:53:05.6939503Z > Task :app:generateDebugAndroidTestResources FROM-CACHE
2026-05-03T22:53:05.6962849Z > Task :app:packageDebugAndroidTestResources FROM-CACHE
2026-05-03T22:53:05.7007592Z > Task :app:processDebugAndroidTestNavigationResources FROM-CACHE
2026-05-03T22:53:05.7925109Z > Task :app:parseDebugAndroidTestLocalResources FROM-CACHE
2026-05-03T22:53:05.7987787Z > Task :app:generateDebugAndroidTestRFile FROM-CACHE
2026-05-03T22:53:33.6879975Z 
2026-05-03T22:53:33.6900291Z e: file:///home/runner/work/prismTask/prismTask/app/src/main/java/com/averycorp/prismtask/data/remote/mapper/SyncMapper.kt:295:21 Unresolved reference 'TaskDependencyEntity'.
2026-05-03T22:53:33.6901815Z > Task :app:compileDebugKotlin FAILED
2026-05-03T22:53:33.6903388Z e: file:///home/runner/work/prismTask/prismTask/app/src/main/java/com/averycorp/prismtask/data/remote/mapper/SyncMapper.kt:299:33 Unresolved reference 'id'.
2026-05-03T22:53:33.6905222Z gradle/actions: Writing build results to /home/runner/work/_temp/.gradle-actions/build-results/__run_6-1777848783338.json
2026-05-03T22:53:33.6907593Z e: file:///home/runner/work/prismTask/prismTask/app/src/main/java/com/averycorp/prismtask/data/remote/mapper/SyncMapper.kt:302:35 Unresolved reference 'createdAt'.
2026-05-03T22:53:33.6908799Z 
2026-05-03T22:53:33.6910218Z e: file:///home/runner/work/prismTask/prismTask/app/src/main/java/com/averycorp/prismtask/data/remote/mapper/SyncMapper.kt:311:8 Unresolved reference 'TaskDependencyEntity'.
2026-05-03T22:53:33.6912274Z [Incubating] Problems report is available at: file:///home/runner/work/prismTask/prismTask/build/reports/problems/problems-report.html
2026-05-03T22:53:33.6914620Z e: file:///home/runner/work/prismTask/prismTask/app/src/main/java/com/averycorp/prismtask/data/remote/mapper/SyncMapper.kt:312:9 Unresolved reference 'TaskDependencyEntity'.
2026-05-03T22:53:33.6915883Z 
2026-05-03T22:53:33.6916162Z 
2026-05-03T22:53:33.6916919Z Deprecated Gradle features were used in this build, making it incompatible with Gradle 10.
2026-05-03T22:53:33.6918062Z FAILURE: Build failed with an exception.
2026-05-03T22:53:33.6918462Z 
2026-05-03T22:53:33.6918648Z 
2026-05-03T22:53:33.6919452Z You can use '--warning-mode all' to show the individual deprecation warnings and determine if they come from your own scripts or plugins.
2026-05-03T22:53:33.6920981Z * What went wrong:
2026-05-03T22:53:33.6921261Z 
2026-05-03T22:53:33.6921754Z Execution failed for task ':app:compileDebugKotlin'.
2026-05-03T22:53:33.6923156Z For more on this, please refer to https://docs.gradle.org/9.3.1/userguide/command_line_interface.html#sec:command_line_warnings in the Gradle documentation.
2026-05-03T22:53:33.6925167Z > A failure occurred while executing org.jetbrains.kotlin.compilerRunner.btapi.BuildToolsApiCompilationWork
2026-05-03T22:53:33.6926377Z 30 actionable tasks: 2 executed, 6 from cache, 22 up-to-date
2026-05-03T22:53:33.6927734Z    > Compilation error. See log for more details
2026-05-03T22:53:33.6928299Z 
2026-05-03T22:53:33.6928571Z * Try:
2026-05-03T22:53:33.6929192Z > Run with --stacktrace option to get the stack trace.
2026-05-03T22:53:33.6930090Z > Run with --info or --debug option to get more log output.
2026-05-03T22:53:33.6931487Z > Run with --scan to get full insights from a Build Scan (powered by Develocity).
2026-05-03T22:53:33.6932724Z > Get more help at https://help.gradle.org.
2026-05-03T22:53:33.6933444Z 
2026-05-03T22:53:33.6933751Z BUILD FAILED in 30s
2026-05-03T22:53:33.7261151Z ##[error]Process completed with exit code 1.
2026-05-03T22:53:33.7318142Z ##[group]Run set -euo pipefail
2026-05-03T22:53:33.7318779Z [36;1mset -euo pipefail[0m
2026-05-03T22:53:33.7319301Z [36;1mshopt -s globstar nullglob[0m
2026-05-03T22:53:33.7319920Z [36;1mxmls=(app/build/test-results/**/*.xml)[0m
2026-05-03T22:53:33.7320521Z [36;1mif [ ${#xmls[@]} -eq 0 ]; then[0m
2026-05-03T22:53:33.7321433Z [36;1m  echo "::error::No JUnit XML results found under app/build/test-results/. Did the test task run?"[0m
2026-05-03T22:53:33.7322383Z [36;1m  exit 1[0m
2026-05-03T22:53:33.7322830Z [36;1mfi[0m
2026-05-03T22:53:33.7323229Z [36;1mfailed=0[0m
2026-05-03T22:53:33.7323671Z [36;1mfor f in "${xmls[@]}"; do[0m
2026-05-03T22:53:33.7324473Z [36;1m  fails=$(grep -oE 'failures="[0-9]+"' "$f" | head -n1 | grep -oE '[0-9]+' || echo 0)[0m
2026-05-03T22:53:33.7325522Z [36;1m  errs=$(grep -oE 'errors="[0-9]+"' "$f" | head -n1 | grep -oE '[0-9]+' || echo 0)[0m
2026-05-03T22:53:33.7326514Z [36;1m  if [ "${fails:-0}" -gt 0 ] || [ "${errs:-0}" -gt 0 ]; then[0m
2026-05-03T22:53:33.7327616Z [36;1m    echo "::error file=${f}::${fails} failure(s), ${errs} error(s) in ${f}"[0m
2026-05-03T22:53:33.7328404Z [36;1m    failed=$((failed + fails + errs))[0m
2026-05-03T22:53:33.7328966Z [36;1m  fi[0m
2026-05-03T22:53:33.7329368Z [36;1mdone[0m
2026-05-03T22:53:33.7329794Z [36;1mif [ "$failed" -gt 0 ]; then[0m
2026-05-03T22:53:33.7330807Z [36;1m  echo "::error::${failed} unit-test failure(s)/error(s) detected. See annotations and the test-results artifact."[0m
2026-05-03T22:53:33.7331804Z [36;1m  exit 1[0m
2026-05-03T22:53:33.7332215Z [36;1mfi[0m
2026-05-03T22:53:33.7332722Z [36;1mecho "All ${#xmls[@]} JUnit XML reports clean."[0m
2026-05-03T22:53:33.7363645Z shell: /usr/bin/bash --noprofile --norc -e -o pipefail {0}
2026-05-03T22:53:33.7364316Z env:
2026-05-03T22:53:33.7364953Z   JAVA_HOME: /opt/hostedtoolcache/Java_Temurin-Hotspot_jdk/21.0.10-7/x64
2026-05-03T22:53:33.7365957Z   JAVA_HOME_21_X64: /opt/hostedtoolcache/Java_Temurin-Hotspot_jdk/21.0.10-7/x64
2026-05-03T22:53:33.7367124Z   GRADLE_ACTION_ID: gradle/actions/setup-gradle
2026-05-03T22:53:33.7367774Z   GRADLE_USER_HOME: /home/runner/.gradle
2026-05-03T22:53:33.7368377Z   GRADLE_BUILD_ACTION_SETUP_COMPLETED: true
2026-05-03T22:53:33.7368980Z   GRADLE_BUILD_ACTION_CACHE_RESTORED: true
2026-05-03T22:53:33.7369835Z   DEVELOCITY_INJECTION_INIT_SCRIPT_NAME: gradle-actions.inject-develocity.init.gradle
2026-05-03T22:53:33.7370779Z   DEVELOCITY_INJECTION_CUSTOM_VALUE: gradle-actions
2026-05-03T22:53:33.7371435Z   GITHUB_DEPENDENCY_GRAPH_ENABLED: false
2026-05-03T22:53:33.7371986Z ##[endgroup]
2026-05-03T22:53:34.6076293Z All 184 JUnit XML reports clean.
2026-05-03T22:53:34.6145593Z ##[group]Run actions/github-script@v7
2026-05-03T22:53:34.6145933Z with:
2026-05-03T22:53:34.6148888Z   script: const fs = require('fs');
let body = '### CI Unit Test Failure\n\n';
try {
  const raw = fs.readFileSync('unit-test-output.log', 'utf8');
  const lines = raw.split('\n');
  const errorLines = lines.filter(l =>
    /\be:\b|FAILED|Compilation error|Unresolved reference|not abstract|does not implement/.test(l)
  );
  const tail = lines.slice(-30).join('\n');
  const errors = errorLines.length > 0
    ? errorLines.join('\n')
    : 'No specific error lines matched. Last 30 lines shown.';
  body += '**Error lines:**\n```\n' + errors.slice(0, 2000) + '\n```\n';
  body += '\n**Build tail:**\n```\n' + tail.slice(0, 2000) + '\n```';
} catch (e) {
  body += 'Could not read unit-test-output.log: ' + e.message;
}
await github.rest.issues.createComment({
  owner: context.repo.owner,
  repo: context.repo.repo,
  issue_number: context.issue.number,
  body
});

2026-05-03T22:53:34.6151760Z   github-token: ***
2026-05-03T22:53:34.6152024Z   debug: false
2026-05-03T22:53:34.6152277Z   user-agent: actions/github-script
2026-05-03T22:53:34.6152779Z   result-encoding: json
2026-05-03T22:53:34.6153032Z   retries: 0
2026-05-03T22:53:34.6153295Z   retry-exempt-status-codes: 400,401,403,404,422
2026-05-03T22:53:34.6153617Z env:
2026-05-03T22:53:34.6153957Z   JAVA_HOME: /opt/hostedtoolcache/Java_Temurin-Hotspot_jdk/21.0.10-7/x64
2026-05-03T22:53:34.6154482Z   JAVA_HOME_21_X64: /opt/hostedtoolcache/Java_Temurin-Hotspot_jdk/21.0.10-7/x64
2026-05-03T22:53:34.6154934Z   GRADLE_ACTION_ID: gradle/actions/setup-gradle
2026-05-03T22:53:34.6155282Z   GRADLE_USER_HOME: /home/runner/.gradle
2026-05-03T22:53:34.6155604Z   GRADLE_BUILD_ACTION_SETUP_COMPLETED: true
2026-05-03T22:53:34.6155936Z   GRADLE_BUILD_ACTION_CACHE_RESTORED: true
2026-05-03T22:53:34.6156411Z   DEVELOCITY_INJECTION_INIT_SCRIPT_NAME: gradle-actions.inject-develocity.init.gradle
2026-05-03T22:53:34.6157326Z   DEVELOCITY_INJECTION_CUSTOM_VALUE: gradle-actions
2026-05-03T22:53:34.6157693Z   GITHUB_DEPENDENCY_GRAPH_ENABLED: false
2026-05-03T22:53:34.6157999Z ##[endgroup]
2026-05-03T22:53:34.9193905Z RequestError [HttpError]: Resource not accessible by integration
2026-05-03T22:53:34.9195376Z     at /home/runner/work/_actions/actions/github-script/v7/dist/index.js:9537:21
2026-05-03T22:53:34.9197085Z     at process.processTicksAndRejections (node:internal/process/task_queues:95:5)
2026-05-03T22:53:34.9210066Z ##[error]Unhandled error: HttpError: Resource not accessible by integration
2026-05-03T22:53:34.9211434Z     at async eval (eval at callAsyncFunction (/home/runner/work/_actions/actions/github-script/v7/dist/index.js:36187:16), <anonymous>:20:1)
2026-05-03T22:53:34.9212253Z     at async main (/home/runner/work/_actions/actions/github-script/v7/dist/index.js:36285:20) {
2026-05-03T22:53:34.9212728Z   status: 403,
2026-05-03T22:53:34.9212973Z   response: {
2026-05-03T22:53:34.9229880Z     url: 'https://api.github.com/repos/averycorp/prismTask/issues/1085/comments',
2026-05-03T22:53:34.9230614Z     status: 403,
2026-05-03T22:53:34.9230921Z     headers: {
2026-05-03T22:53:34.9231189Z       'access-control-allow-origin': '*',
2026-05-03T22:53:34.9232541Z       'access-control-expose-headers': 'ETag, Link, Location, Retry-After, X-GitHub-OTP, X-RateLimit-Limit, X-RateLimit-Remaining, X-RateLimit-Used, X-RateLimit-Resource, X-RateLimit-Reset, X-OAuth-Scopes, X-Accepted-OAuth-Scopes, X-Poll-Interval, X-GitHub-Media-Type, X-GitHub-SSO, X-GitHub-Request-Id, Deprecation, Sunset',
2026-05-03T22:53:34.9233864Z       'content-encoding': 'gzip',
2026-05-03T22:53:34.9234222Z       'content-security-policy': "default-src 'none'",
2026-05-03T22:53:34.9234629Z       'content-type': 'application/json; charset=utf-8',
2026-05-03T22:53:34.9234994Z       date: 'Sun, 03 May 2026 22:53:34 GMT',
2026-05-03T22:53:34.9235463Z       'referrer-policy': 'origin-when-cross-origin, strict-origin-when-cross-origin',
2026-05-03T22:53:34.9235926Z       server: 'github.com',
2026-05-03T22:53:34.9236952Z       'strict-transport-security': 'max-age=31536000; includeSubdomains; preload',
2026-05-03T22:53:34.9237470Z       'transfer-encoding': 'chunked',
2026-05-03T22:53:34.9237858Z       vary: 'Accept-Encoding, Accept, X-Requested-With',
2026-05-03T22:53:34.9238338Z       'x-accepted-github-permissions': 'issues=write; pull_requests=write',
2026-05-03T22:53:34.9238788Z       'x-content-type-options': 'nosniff',
2026-05-03T22:53:34.9239112Z       'x-frame-options': 'deny',
2026-05-03T22:53:34.9239451Z       'x-github-api-version-selected': '2022-11-28',
2026-05-03T22:53:34.9239832Z       'x-github-media-type': 'github.v3; format=json',
2026-05-03T22:53:34.9240245Z       'x-github-request-id': 'E400:2932FE:4876C:128764:69F7D1EE',
2026-05-03T22:53:34.9240618Z       'x-ratelimit-limit': '5000',
2026-05-03T22:53:34.9240927Z       'x-ratelimit-remaining': '4930',
2026-05-03T22:53:34.9241234Z       'x-ratelimit-reset': '1777849753',
2026-05-03T22:53:34.9241545Z       'x-ratelimit-resource': 'core',
2026-05-03T22:53:34.9241857Z       'x-ratelimit-used': '70',
2026-05-03T22:53:34.9242148Z       'x-xss-protection': '0'
2026-05-03T22:53:34.9242416Z     },
2026-05-03T22:53:34.9242790Z     data: {
2026-05-03T22:53:34.9243066Z       message: 'Resource not accessible by integration',
2026-05-03T22:53:34.9243601Z       documentation_url: 'https://docs.github.com/rest/issues/comments#create-an-issue-comment',
2026-05-03T22:53:34.9244088Z       status: '403'
2026-05-03T22:53:34.9244324Z     }
2026-05-03T22:53:34.9244527Z   },
2026-05-03T22:53:34.9244729Z   request: {
2026-05-03T22:53:34.9244952Z     method: 'POST',
2026-05-03T22:53:34.9245328Z     url: 'https://api.github.com/repos/averycorp/prismTask/issues/1085/comments',
2026-05-03T22:53:34.9245752Z     headers: {
2026-05-03T22:53:34.9246022Z       accept: 'application/vnd.github.v3+json',
2026-05-03T22:53:34.9246520Z       'user-agent': 'actions/github-script octokit-core.js/5.0.1 Node.js/20.20.2 (linux; x64)',
2026-05-03T22:53:34.9247283Z       authorization: 'token [REDACTED]',
2026-05-03T22:53:34.9247656Z       'content-type': 'application/json; charset=utf-8'
2026-05-03T22:53:34.9248093Z     },
2026-05-03T22:53:34.9248665Z     body: `{"body":"### CI Unit Test Failure\\n\\nCould not read unit-test-output.log: ENOENT: no such file or directory, open 'unit-test-output.log'"}`,
2026-05-03T22:53:34.9249290Z     request: {
2026-05-03T22:53:34.9249514Z       agent: [Agent],
2026-05-03T22:53:34.9249777Z       fetch: [Function: proxyFetch],
2026-05-03T22:53:34.9250100Z       hook: [Function: bound bound register]
2026-05-03T22:53:34.9250407Z     }
2026-05-03T22:53:34.9250611Z   }
2026-05-03T22:53:34.9250809Z }
2026-05-03T22:53:34.9891432Z ##[group]Run actions/upload-artifact@v4
2026-05-03T22:53:34.9892000Z with:
2026-05-03T22:53:34.9892355Z   name: lint-report
2026-05-03T22:53:34.9892825Z   path: app/build/reports/lint-results-debug.html
2026-05-03T22:53:34.9893254Z   retention-days: 7
2026-05-03T22:53:34.9893702Z   if-no-files-found: warn
2026-05-03T22:53:34.9894099Z   compression-level: 6
2026-05-03T22:53:34.9894507Z   overwrite: false
2026-05-03T22:53:34.9894883Z   include-hidden-files: false
2026-05-03T22:53:34.9895349Z env:
2026-05-03T22:53:34.9895787Z   JAVA_HOME: /opt/hostedtoolcache/Java_Temurin-Hotspot_jdk/21.0.10-7/x64
2026-05-03T22:53:34.9896484Z   JAVA_HOME_21_X64: /opt/hostedtoolcache/Java_Temurin-Hotspot_jdk/21.0.10-7/x64
2026-05-03T22:53:34.9897371Z   GRADLE_ACTION_ID: gradle/actions/setup-gradle
2026-05-03T22:53:34.9897921Z   GRADLE_USER_HOME: /home/runner/.gradle
2026-05-03T22:53:34.9898391Z   GRADLE_BUILD_ACTION_SETUP_COMPLETED: true
2026-05-03T22:53:34.9898956Z   GRADLE_BUILD_ACTION_CACHE_RESTORED: true
2026-05-03T22:53:34.9899567Z   DEVELOCITY_INJECTION_INIT_SCRIPT_NAME: gradle-actions.inject-develocity.init.gradle
2026-05-03T22:53:34.9900274Z   DEVELOCITY_INJECTION_CUSTOM_VALUE: gradle-actions
2026-05-03T22:53:34.9900753Z   GITHUB_DEPENDENCY_GRAPH_ENABLED: false
2026-05-03T22:53:34.9901215Z ##[endgroup]
2026-05-03T22:53:35.2102611Z With the provided path, there will be 1 file uploaded
2026-05-03T22:53:35.2108935Z Artifact name is valid!
2026-05-03T22:53:35.2109945Z Root directory input is valid!
2026-05-03T22:53:35.3428994Z Beginning upload of artifact content to blob storage
2026-05-03T22:53:35.4323686Z Uploaded bytes 63179
2026-05-03T22:53:35.4505145Z Finished uploading artifact content to blob storage!
2026-05-03T22:53:35.4509234Z SHA256 digest of uploaded artifact zip is 8021819bcdf8d01c4544b3a0c2302ae063a0ecb2e04ed88372eaa422643551b3
2026-05-03T22:53:35.4510828Z Finalizing artifact upload
2026-05-03T22:53:35.5610446Z Artifact lint-report.zip successfully finalized. Artifact ID 6774391795
2026-05-03T22:53:35.5612053Z Artifact lint-report has been successfully uploaded! Final size is 63179 bytes. Artifact ID is 6774391795
2026-05-03T22:53:35.5619240Z Artifact download URL: https://github.com/averycorp/prismTask/actions/runs/25293071049/artifacts/6774391795
2026-05-03T22:53:35.5736603Z ##[group]Run actions/upload-artifact@v4
2026-05-03T22:53:35.5737295Z with:
2026-05-03T22:53:35.5737537Z   name: detekt-report
2026-05-03T22:53:35.5737814Z   path: app/build/reports/detekt/
2026-05-03T22:53:35.5738116Z   retention-days: 7
2026-05-03T22:53:35.5738581Z   if-no-files-found: warn
2026-05-03T22:53:35.5738854Z   compression-level: 6
2026-05-03T22:53:35.5739114Z   overwrite: false
2026-05-03T22:53:35.5739372Z   include-hidden-files: false
2026-05-03T22:53:35.5739652Z env:
2026-05-03T22:53:35.5739993Z   JAVA_HOME: /opt/hostedtoolcache/Java_Temurin-Hotspot_jdk/21.0.10-7/x64
2026-05-03T22:53:35.5740528Z   JAVA_HOME_21_X64: /opt/hostedtoolcache/Java_Temurin-Hotspot_jdk/21.0.10-7/x64
2026-05-03T22:53:35.5740989Z   GRADLE_ACTION_ID: gradle/actions/setup-gradle
2026-05-03T22:53:35.5741336Z   GRADLE_USER_HOME: /home/runner/.gradle
2026-05-03T22:53:35.5741666Z   GRADLE_BUILD_ACTION_SETUP_COMPLETED: true
2026-05-03T22:53:35.5742003Z   GRADLE_BUILD_ACTION_CACHE_RESTORED: true
2026-05-03T22:53:35.5742510Z   DEVELOCITY_INJECTION_INIT_SCRIPT_NAME: gradle-actions.inject-develocity.init.gradle
2026-05-03T22:53:35.5743045Z   DEVELOCITY_INJECTION_CUSTOM_VALUE: gradle-actions
2026-05-03T22:53:35.5743405Z   GITHUB_DEPENDENCY_GRAPH_ENABLED: false
2026-05-03T22:53:35.5743719Z ##[endgroup]
2026-05-03T22:53:35.7868707Z With the provided path, there will be 2 files uploaded
2026-05-03T22:53:35.7874029Z Artifact name is valid!
2026-05-03T22:53:35.7875251Z Root directory input is valid!
2026-05-03T22:53:35.9084687Z Beginning upload of artifact content to blob storage
2026-05-03T22:53:35.9735475Z Uploaded bytes 4198
2026-05-03T22:53:35.9918388Z Finished uploading artifact content to blob storage!
2026-05-03T22:53:35.9921782Z SHA256 digest of uploaded artifact zip is 2b47901a8ddb47ef03e337b1aa7e3331362c19bfcdf1eb36a86cbcadc3c36372
2026-05-03T22:53:35.9923485Z Finalizing artifact upload
2026-05-03T22:53:36.1004943Z Artifact detekt-report.zip successfully finalized. Artifact ID 6774391857
2026-05-03T22:53:36.1006016Z Artifact detekt-report has been successfully uploaded! Final size is 4198 bytes. Artifact ID is 6774391857
2026-05-03T22:53:36.1013771Z Artifact download URL: https://github.com/averycorp/prismTask/actions/runs/25293071049/artifacts/6774391857
2026-05-03T22:53:36.1127393Z ##[group]Run actions/upload-artifact@v4
2026-05-03T22:53:36.1127758Z with:
2026-05-03T22:53:36.1128026Z   name: test-results
2026-05-03T22:53:36.1128326Z   path: app/build/test-results/
2026-05-03T22:53:36.1128624Z   retention-days: 7
2026-05-03T22:53:36.1128885Z   if-no-files-found: warn
2026-05-03T22:53:36.1129164Z   compression-level: 6
2026-05-03T22:53:36.1129432Z   overwrite: false
2026-05-03T22:53:36.1129695Z   include-hidden-files: false
2026-05-03T22:53:36.1130007Z env:
2026-05-03T22:53:36.1130356Z   JAVA_HOME: /opt/hostedtoolcache/Java_Temurin-Hotspot_jdk/21.0.10-7/x64
2026-05-03T22:53:36.1130895Z   JAVA_HOME_21_X64: /opt/hostedtoolcache/Java_Temurin-Hotspot_jdk/21.0.10-7/x64
2026-05-03T22:53:36.1131368Z   GRADLE_ACTION_ID: gradle/actions/setup-gradle
2026-05-03T22:53:36.1131718Z   GRADLE_USER_HOME: /home/runner/.gradle
2026-05-03T22:53:36.1132049Z   GRADLE_BUILD_ACTION_SETUP_COMPLETED: true
2026-05-03T22:53:36.1132386Z   GRADLE_BUILD_ACTION_CACHE_RESTORED: true
2026-05-03T22:53:36.1132916Z   DEVELOCITY_INJECTION_INIT_SCRIPT_NAME: gradle-actions.inject-develocity.init.gradle
2026-05-03T22:53:36.1133439Z   DEVELOCITY_INJECTION_CUSTOM_VALUE: gradle-actions
2026-05-03T22:53:36.1133802Z   GITHUB_DEPENDENCY_GRAPH_ENABLED: false
2026-05-03T22:53:36.1134113Z ##[endgroup]
2026-05-03T22:53:36.3639325Z With the provided path, there will be 186 files uploaded
2026-05-03T22:53:36.3645208Z Artifact name is valid!
2026-05-03T22:53:36.3646567Z Root directory input is valid!
2026-05-03T22:53:36.4902383Z Beginning upload of artifact content to blob storage
2026-05-03T22:53:36.7459882Z Uploaded bytes 187726
2026-05-03T22:53:36.7640036Z Finished uploading artifact content to blob storage!
2026-05-03T22:53:36.7643189Z SHA256 digest of uploaded artifact zip is 2f2ad30ef3ea8189450a9201952a3be7e57c8520720863021f065c85be7a6d63
2026-05-03T22:53:36.7645287Z Finalizing artifact upload
2026-05-03T22:53:36.8773937Z Artifact test-results.zip successfully finalized. Artifact ID 6774391936
2026-05-03T22:53:36.8775309Z Artifact test-results has been successfully uploaded! Final size is 187726 bytes. Artifact ID is 6774391936
2026-05-03T22:53:36.8781588Z Artifact download URL: https://github.com/averycorp/prismTask/actions/runs/25293071049/artifacts/6774391936
2026-05-03T22:53:36.8918360Z Post job cleanup.
2026-05-03T22:53:36.9038592Z Post job cleanup.
2026-05-03T22:53:37.2121279Z In post-action step
2026-05-03T22:53:37.2133405Z Cache is read-only: will not save state for use in subsequent builds.
2026-05-03T22:53:37.2141526Z Generating Job Summary
2026-05-03T22:53:37.2174933Z Completed post-action step
2026-05-03T22:53:37.2344729Z Post job cleanup.
2026-05-03T22:53:37.4107277Z Post job cleanup.
2026-05-03T22:53:37.4931034Z [command]/usr/bin/git version
2026-05-03T22:53:37.4998571Z git version 2.53.0
2026-05-03T22:53:37.5039322Z Temporarily overriding HOME='/home/runner/work/_temp/349c5e4c-5285-4519-86d2-959c6c55e44d' before making global git config changes
2026-05-03T22:53:37.5040762Z Adding repository directory to the temporary git global config as a safe directory
2026-05-03T22:53:37.5045781Z [command]/usr/bin/git config --global --add safe.directory /home/runner/work/prismTask/prismTask
2026-05-03T22:53:37.5077510Z Removing SSH command configuration
2026-05-03T22:53:37.5083974Z [command]/usr/bin/git config --local --name-only --get-regexp core\.sshCommand
2026-05-03T22:53:37.5117181Z [command]/usr/bin/git submodule foreach --recursive sh -c "git config --local --name-only --get-regexp 'core\.sshCommand' && git config --local --unset-all 'core.sshCommand' || :"
2026-05-03T22:53:37.5338114Z Removing HTTP extra header
2026-05-03T22:53:37.5342491Z [command]/usr/bin/git config --local --name-only --get-regexp http\.https\:\/\/github\.com\/\.extraheader
2026-05-03T22:53:37.5374909Z [command]/usr/bin/git submodule foreach --recursive sh -c "git config --local --name-only --get-regexp 'http\.https\:\/\/github\.com\/\.extraheader' && git config --local --unset-all 'http.https://github.com/.extraheader' || :"
2026-05-03T22:53:37.5589390Z Removing includeIf entries pointing to credentials config files
2026-05-03T22:53:37.5595281Z [command]/usr/bin/git config --local --name-only --get-regexp ^includeIf\.gitdir:
2026-05-03T22:53:37.5617657Z includeif.gitdir:/home/runner/work/prismTask/prismTask/.git.path
2026-05-03T22:53:37.5618766Z includeif.gitdir:/home/runner/work/prismTask/prismTask/.git/worktrees/*.path
2026-05-03T22:53:37.5619761Z includeif.gitdir:/github/workspace/.git.path
2026-05-03T22:53:37.5620568Z includeif.gitdir:/github/workspace/.git/worktrees/*.path
2026-05-03T22:53:37.5627678Z [command]/usr/bin/git config --local --get-all includeif.gitdir:/home/runner/work/prismTask/prismTask/.git.path
2026-05-03T22:53:37.5650294Z /home/runner/work/_temp/git-credentials-70f73216-708a-4557-8252-1f27d6321e20.config
2026-05-03T22:53:37.5661546Z [command]/usr/bin/git config --local --unset includeif.gitdir:/home/runner/work/prismTask/prismTask/.git.path /home/runner/work/_temp/git-credentials-70f73216-708a-4557-8252-1f27d6321e20.config
2026-05-03T22:53:37.5694630Z [command]/usr/bin/git config --local --get-all includeif.gitdir:/home/runner/work/prismTask/prismTask/.git/worktrees/*.path
2026-05-03T22:53:37.5715099Z /home/runner/work/_temp/git-credentials-70f73216-708a-4557-8252-1f27d6321e20.config
2026-05-03T22:53:37.5724225Z [command]/usr/bin/git config --local --unset includeif.gitdir:/home/runner/work/prismTask/prismTask/.git/worktrees/*.path /home/runner/work/_temp/git-credentials-70f73216-708a-4557-8252-1f27d6321e20.config
2026-05-03T22:53:37.5755573Z [command]/usr/bin/git config --local --get-all includeif.gitdir:/github/workspace/.git.path
2026-05-03T22:53:37.5777268Z /github/runner_temp/git-credentials-70f73216-708a-4557-8252-1f27d6321e20.config
2026-05-03T22:53:37.5785283Z [command]/usr/bin/git config --local --unset includeif.gitdir:/github/workspace/.git.path /github/runner_temp/git-credentials-70f73216-708a-4557-8252-1f27d6321e20.config
2026-05-03T22:53:37.5814944Z [command]/usr/bin/git config --local --get-all includeif.gitdir:/github/workspace/.git/worktrees/*.path
2026-05-03T22:53:37.5837853Z /github/runner_temp/git-credentials-70f73216-708a-4557-8252-1f27d6321e20.config
2026-05-03T22:53:37.5847455Z [command]/usr/bin/git config --local --unset includeif.gitdir:/github/workspace/.git/worktrees/*.path /github/runner_temp/git-credentials-70f73216-708a-4557-8252-1f27d6321e20.config
2026-05-03T22:53:37.5878869Z [command]/usr/bin/git submodule foreach --recursive git config --local --show-origin --name-only --get-regexp remote.origin.url
2026-05-03T22:53:37.6103765Z Removing credentials config '/home/runner/work/_temp/git-credentials-70f73216-708a-4557-8252-1f27d6321e20.config'
2026-05-03T22:53:37.6228748Z Cleaning up orphan processes
2026-05-03T22:53:37.6562341Z Terminate orphan process: pid (2713) (java)
2026-05-03T22:53:37.6604535Z Terminate orphan process: pid (3027) (java)
2026-05-03T22:53:37.6622839Z ##[warning]Node.js 20 actions are deprecated. The following actions are running on Node.js 20 and may not work as expected: actions/cache@v4, actions/github-script@v7, actions/setup-java@v4, actions/upload-artifact@v4, gradle/actions/setup-gradle@v4. Actions will be forced to run with Node.js 24 by default starting June 2nd, 2026. Node.js 20 will be removed from the runner on September 16th, 2026. Please check if updated versions of these actions are available that support Node.js 24. To opt into Node.js 24 now, set the FORCE_JAVASCRIPT_ACTIONS_TO_NODE24=true environment variable on the runner or in your workflow file. Once Node.js 24 becomes the default, you can temporarily opt out by setting ACTIONS_ALLOW_USE_UNSECURE_NODE_VERSION=true. For more information see: https://github.blog/changelog/2025-09-19-deprecation-of-node-20-on-github-actions-runners/
