=== CI FAILURE ===
Workflow:      Android CI
Workflow file: akarlin3/prismTask/.github/workflows/android-ci.yml@refs/pull/689/merge
Job(s):        lint-and-test
Run ID:        24815117248
Run attempt:   2
Run URL:       https://github.com/akarlin3/prismTask/actions/runs/24815117248
Commit:        ae8a1ffa61d84cca88ecfec650d61788824e5baa
Branch:        689/merge
Event:         pull_request
Actor:         akarlin3
Runner OS:     Linux
Timestamp:     2026-04-23T03:39:22.738Z

Failed steps:
  - lint-and-test: #2 Run actions/checkout@v4 | #5 detekt | #6 Android lint | #8 Verify unit-test results (XML) | #9 Post failure details to PR

=== FAILED JOB LOG ===

--- Job: lint-and-test (id 72628577210) ---
2026-04-23T03:38:40.0529129Z Current runner version: '2.333.1'
2026-04-23T03:38:40.0554876Z ##[group]Runner Image Provisioner
2026-04-23T03:38:40.0555741Z Hosted Compute Agent
2026-04-23T03:38:40.0556236Z Version: 20260415.520
2026-04-23T03:38:40.0556940Z Commit: af089020f5f67b61ccc91db6c07980876c02bf7b
2026-04-23T03:38:40.0557587Z Build Date: 2026-04-15T18:07:08Z
2026-04-23T03:38:40.0558216Z Worker ID: {e85f4afb-8b63-45b9-8ede-28376d4a99c5}
2026-04-23T03:38:40.0558949Z Azure Region: westus
2026-04-23T03:38:40.0559477Z ##[endgroup]
2026-04-23T03:38:40.0560949Z ##[group]Operating System
2026-04-23T03:38:40.0561897Z Ubuntu
2026-04-23T03:38:40.0562394Z 24.04.4
2026-04-23T03:38:40.0562812Z LTS
2026-04-23T03:38:40.0563324Z ##[endgroup]
2026-04-23T03:38:40.0563823Z ##[group]Runner Image
2026-04-23T03:38:40.0564368Z Image: ubuntu-24.04
2026-04-23T03:38:40.0564919Z Version: 20260420.95.1
2026-04-23T03:38:40.0566066Z Included Software: https://github.com/actions/runner-images/blob/ubuntu24/20260420.95/images/ubuntu/Ubuntu2404-Readme.md
2026-04-23T03:38:40.0567553Z Image Release: https://github.com/actions/runner-images/releases/tag/ubuntu24%2F20260420.95
2026-04-23T03:38:40.0568479Z ##[endgroup]
2026-04-23T03:38:40.0569806Z ##[group]GITHUB_TOKEN Permissions
2026-04-23T03:38:40.0571967Z Actions: read
2026-04-23T03:38:40.0572489Z Checks: read
2026-04-23T03:38:40.0573049Z Contents: write
2026-04-23T03:38:40.0573570Z Metadata: read
2026-04-23T03:38:40.0574071Z PullRequests: read
2026-04-23T03:38:40.0574524Z ##[endgroup]
2026-04-23T03:38:40.0576768Z Secret source: Actions
2026-04-23T03:38:40.0577484Z Prepare workflow directory
2026-04-23T03:38:40.0958729Z Prepare all required actions
2026-04-23T03:38:40.1017594Z Getting action download info
2026-04-23T03:38:40.5814801Z Download action repository 'actions/checkout@v4' (SHA:34e114876b0b11c390a56381ad16ebd13914f8d5)
2026-04-23T03:38:40.7128333Z Download action repository 'actions/github-script@v7' (SHA:f28e40c7f34bde8b3046d885e986cb6290c5673b)
2026-04-23T03:38:41.1889936Z Download action repository 'actions/upload-artifact@v4' (SHA:ea165f8d65b6e75b540449e92b4886f43607fa02)
2026-04-23T03:38:41.4163099Z Complete job name: lint-and-test
2026-04-23T03:38:41.4968961Z ##[group]Run actions/checkout@v4
2026-04-23T03:38:41.4969905Z with:
2026-04-23T03:38:41.4970343Z   ref: fix/integration-ci-7-failures
2026-04-23T03:38:41.4970902Z   repository: akarlin3/prismTask
2026-04-23T03:38:41.4971943Z   token: ***
2026-04-23T03:38:41.4972370Z   ssh-strict: true
2026-04-23T03:38:41.4972781Z   ssh-user: git
2026-04-23T03:38:41.4973210Z   persist-credentials: true
2026-04-23T03:38:41.4973678Z   clean: true
2026-04-23T03:38:41.4974096Z   sparse-checkout-cone-mode: true
2026-04-23T03:38:41.4974614Z   fetch-depth: 1
2026-04-23T03:38:41.4975032Z   fetch-tags: false
2026-04-23T03:38:41.4975452Z   show-progress: true
2026-04-23T03:38:41.4975874Z   lfs: false
2026-04-23T03:38:41.4976255Z   submodules: false
2026-04-23T03:38:41.4976669Z   set-safe-directory: true
2026-04-23T03:38:41.4977610Z ##[endgroup]
2026-04-23T03:38:41.6085976Z Syncing repository: akarlin3/prismTask
2026-04-23T03:38:41.6087985Z ##[group]Getting Git version info
2026-04-23T03:38:41.6088812Z Working directory is '/home/runner/work/prismTask/prismTask'
2026-04-23T03:38:41.6089814Z [command]/usr/bin/git version
2026-04-23T03:38:41.6180881Z git version 2.53.0
2026-04-23T03:38:41.6207711Z ##[endgroup]
2026-04-23T03:38:41.6222920Z Temporarily overriding HOME='/home/runner/work/_temp/c52b1210-b651-4452-b032-0145a4f46bbd' before making global git config changes
2026-04-23T03:38:41.6224605Z Adding repository directory to the temporary git global config as a safe directory
2026-04-23T03:38:41.6228239Z [command]/usr/bin/git config --global --add safe.directory /home/runner/work/prismTask/prismTask
2026-04-23T03:38:41.6284633Z Deleting the contents of '/home/runner/work/prismTask/prismTask'
2026-04-23T03:38:41.6288248Z ##[group]Initializing the repository
2026-04-23T03:38:41.6292329Z [command]/usr/bin/git init /home/runner/work/prismTask/prismTask
2026-04-23T03:38:41.6405370Z hint: Using 'master' as the name for the initial branch. This default branch name
2026-04-23T03:38:41.6406933Z hint: will change to "main" in Git 3.0. To configure the initial branch name
2026-04-23T03:38:41.6407860Z hint: to use in all of your new repositories, which will suppress this warning,
2026-04-23T03:38:41.6408818Z hint: call:
2026-04-23T03:38:41.6409437Z hint:
2026-04-23T03:38:41.6410036Z hint: 	git config --global init.defaultBranch <name>
2026-04-23T03:38:41.6410629Z hint:
2026-04-23T03:38:41.6411182Z hint: Names commonly chosen instead of 'master' are 'main', 'trunk' and
2026-04-23T03:38:41.6412562Z hint: 'development'. The just-created branch can be renamed via this command:
2026-04-23T03:38:41.6413670Z hint:
2026-04-23T03:38:41.6414063Z hint: 	git branch -m <name>
2026-04-23T03:38:41.6414514Z hint:
2026-04-23T03:38:41.6415108Z hint: Disable this message with "git config set advice.defaultBranchName false"
2026-04-23T03:38:41.6416143Z Initialized empty Git repository in /home/runner/work/prismTask/prismTask/.git/
2026-04-23T03:38:41.6419551Z [command]/usr/bin/git remote add origin https://github.com/akarlin3/prismTask
2026-04-23T03:38:41.6472014Z ##[endgroup]
2026-04-23T03:38:41.6472830Z ##[group]Disabling automatic garbage collection
2026-04-23T03:38:41.6476169Z [command]/usr/bin/git config --local gc.auto 0
2026-04-23T03:38:41.6505440Z ##[endgroup]
2026-04-23T03:38:41.6506162Z ##[group]Setting up auth
2026-04-23T03:38:41.6512616Z [command]/usr/bin/git config --local --name-only --get-regexp core\.sshCommand
2026-04-23T03:38:41.6542308Z [command]/usr/bin/git submodule foreach --recursive sh -c "git config --local --name-only --get-regexp 'core\.sshCommand' && git config --local --unset-all 'core.sshCommand' || :"
2026-04-23T03:38:41.6963898Z [command]/usr/bin/git config --local --name-only --get-regexp http\.https\:\/\/github\.com\/\.extraheader
2026-04-23T03:38:41.6998046Z [command]/usr/bin/git submodule foreach --recursive sh -c "git config --local --name-only --get-regexp 'http\.https\:\/\/github\.com\/\.extraheader' && git config --local --unset-all 'http.https://github.com/.extraheader' || :"
2026-04-23T03:38:41.7229990Z [command]/usr/bin/git config --local --name-only --get-regexp ^includeIf\.gitdir:
2026-04-23T03:38:41.7259651Z [command]/usr/bin/git submodule foreach --recursive git config --local --show-origin --name-only --get-regexp remote.origin.url
2026-04-23T03:38:41.7481685Z [command]/usr/bin/git config --local http.https://github.com/.extraheader AUTHORIZATION: basic ***
2026-04-23T03:38:41.7516288Z ##[endgroup]
2026-04-23T03:38:41.7517713Z ##[group]Fetching the repository
2026-04-23T03:38:41.7528269Z [command]/usr/bin/git -c protocol.version=2 fetch --no-tags --prune --no-recurse-submodules --depth=1 origin +refs/heads/fix/integration-ci-7-failures*:refs/remotes/origin/fix/integration-ci-7-failures* +refs/tags/fix/integration-ci-7-failures*:refs/tags/fix/integration-ci-7-failures*
2026-04-23T03:38:42.1328218Z The process '/usr/bin/git' failed with exit code 1
2026-04-23T03:38:42.1330019Z Waiting 17 seconds before trying again
2026-04-23T03:38:59.1422168Z [command]/usr/bin/git -c protocol.version=2 fetch --no-tags --prune --no-recurse-submodules --depth=1 origin +refs/heads/fix/integration-ci-7-failures*:refs/remotes/origin/fix/integration-ci-7-failures* +refs/tags/fix/integration-ci-7-failures*:refs/tags/fix/integration-ci-7-failures*
2026-04-23T03:38:59.5046507Z The process '/usr/bin/git' failed with exit code 1
2026-04-23T03:38:59.5047426Z Waiting 10 seconds before trying again
2026-04-23T03:39:09.5160980Z [command]/usr/bin/git -c protocol.version=2 fetch --no-tags --prune --no-recurse-submodules --depth=1 origin +refs/heads/fix/integration-ci-7-failures*:refs/remotes/origin/fix/integration-ci-7-failures* +refs/tags/fix/integration-ci-7-failures*:refs/tags/fix/integration-ci-7-failures*
2026-04-23T03:39:09.8727484Z ##[error]The process '/usr/bin/git' failed with exit code 1
2026-04-23T03:39:09.8946004Z ##[group]Run ./gradlew detekt --continue
2026-04-23T03:39:09.8946433Z [36;1m./gradlew detekt --continue[0m
2026-04-23T03:39:09.9063816Z shell: /usr/bin/bash -e {0}
2026-04-23T03:39:09.9064147Z ##[endgroup]
2026-04-23T03:39:09.9163398Z /home/runner/work/_temp/b656c859-fe64-49c0-a09c-359b3ffdf533.sh: line 1: ./gradlew: No such file or directory
2026-04-23T03:39:09.9171106Z ##[error]Process completed with exit code 127.
2026-04-23T03:39:09.9206672Z ##[group]Run ./gradlew lint --continue
2026-04-23T03:39:09.9207037Z [36;1m./gradlew lint --continue[0m
2026-04-23T03:39:09.9260763Z shell: /usr/bin/bash -e {0}
2026-04-23T03:39:09.9261058Z ##[endgroup]
2026-04-23T03:39:09.9337827Z /home/runner/work/_temp/048b103e-1dfe-4294-9999-01f490d7f2e8.sh: line 1: ./gradlew: No such file or directory
2026-04-23T03:39:09.9342931Z ##[error]Process completed with exit code 127.
2026-04-23T03:39:09.9380276Z ##[group]Run set -euo pipefail
2026-04-23T03:39:09.9380650Z [36;1mset -euo pipefail[0m
2026-04-23T03:39:09.9380933Z [36;1mshopt -s globstar nullglob[0m
2026-04-23T03:39:09.9381262Z [36;1mxmls=(app/build/test-results/**/*.xml)[0m
2026-04-23T03:39:09.9381951Z [36;1mif [ ${#xmls[@]} -eq 0 ]; then[0m
2026-04-23T03:39:09.9382457Z [36;1m  echo "::error::No JUnit XML results found under app/build/test-results/. Did the test task run?"[0m
2026-04-23T03:39:09.9382942Z [36;1m  exit 1[0m
2026-04-23T03:39:09.9383165Z [36;1mfi[0m
2026-04-23T03:39:09.9383367Z [36;1mfailed=0[0m
2026-04-23T03:39:09.9383607Z [36;1mfor f in "${xmls[@]}"; do[0m
2026-04-23T03:39:09.9384024Z [36;1m  fails=$(grep -oE 'failures="[0-9]+"' "$f" | head -n1 | grep -oE '[0-9]+' || echo 0)[0m
2026-04-23T03:39:09.9384566Z [36;1m  errs=$(grep -oE 'errors="[0-9]+"' "$f" | head -n1 | grep -oE '[0-9]+' || echo 0)[0m
2026-04-23T03:39:09.9385108Z [36;1m  if [ "${fails:-0}" -gt 0 ] || [ "${errs:-0}" -gt 0 ]; then[0m
2026-04-23T03:39:09.9385590Z [36;1m    echo "::error file=${f}::${fails} failure(s), ${errs} error(s) in ${f}"[0m
2026-04-23T03:39:09.9386015Z [36;1m    failed=$((failed + fails + errs))[0m
2026-04-23T03:39:09.9386311Z [36;1m  fi[0m
2026-04-23T03:39:09.9386533Z [36;1mdone[0m
2026-04-23T03:39:09.9386752Z [36;1mif [ "$failed" -gt 0 ]; then[0m
2026-04-23T03:39:09.9387290Z [36;1m  echo "::error::${failed} unit-test failure(s)/error(s) detected. See annotations and the test-results artifact."[0m
2026-04-23T03:39:09.9387825Z [36;1m  exit 1[0m
2026-04-23T03:39:09.9388034Z [36;1mfi[0m
2026-04-23T03:39:09.9388298Z [36;1mecho "All ${#xmls[@]} JUnit XML reports clean."[0m
2026-04-23T03:39:09.9447964Z shell: /usr/bin/bash --noprofile --norc -e -o pipefail {0}
2026-04-23T03:39:09.9448349Z ##[endgroup]
2026-04-23T03:39:09.9528543Z ##[error]No JUnit XML results found under app/build/test-results/. Did the test task run?
2026-04-23T03:39:09.9530976Z ##[error]Process completed with exit code 1.
2026-04-23T03:39:09.9624844Z ##[group]Run actions/github-script@v7
2026-04-23T03:39:09.9625185Z with:
2026-04-23T03:39:09.9627819Z   script: const fs = require('fs');
let body = '### CI Unit Test Failure\n\n';
try {
  const raw = fs.readFileSync('unit-test-output.log', 'utf8');
  const lines = raw.split('\n');
  const errorLines = lines.filter(l =>
    /\be:\b|FAILED|Compilation error|Unresolved reference|not abstract|does not implement/.test(l)
  );
  const tail = lines.slice(-30).join('\n');
  const errors = errorLines.length > 0
    ? errorLines.join('\n')
    : 'No specific error lines matched. Last 30 lines shown.';
  body += '**Error lines:**\n```\n' + errors.slice(0, 2000) + '\n```\n';
  body += '\n**Build tail:**\n```\n' + tail.slice(0, 2000) + '\n```';
} catch (e) {
  body += 'Could not read unit-test-output.log: ' + e.message;
}
await github.rest.issues.createComment({
  owner: context.repo.owner,
  repo: context.repo.repo,
  issue_number: context.issue.number,
  body
});

2026-04-23T03:39:09.9630698Z   github-token: ***
2026-04-23T03:39:09.9630934Z   debug: false
2026-04-23T03:39:09.9631172Z   user-agent: actions/github-script
2026-04-23T03:39:09.9631458Z   result-encoding: json
2026-04-23T03:39:09.9632003Z   retries: 0
2026-04-23T03:39:09.9632254Z   retry-exempt-status-codes: 400,401,403,404,422
2026-04-23T03:39:09.9632764Z ##[endgroup]
2026-04-23T03:39:10.3507683Z RequestError [HttpError]: Resource not accessible by integration
2026-04-23T03:39:10.3509076Z     at /home/runner/work/_actions/actions/github-script/v7/dist/index.js:9537:21
2026-04-23T03:39:10.3510702Z     at process.processTicksAndRejections (node:internal/process/task_queues:95:5)
2026-04-23T03:39:10.3514404Z ##[error]Unhandled error: HttpError: Resource not accessible by integration
2026-04-23T03:39:10.3517465Z     at async eval (eval at callAsyncFunction (/home/runner/work/_actions/actions/github-script/v7/dist/index.js:36187:16), <anonymous>:20:1)
2026-04-23T03:39:10.3518851Z     at async main (/home/runner/work/_actions/actions/github-script/v7/dist/index.js:36285:20) {
2026-04-23T03:39:10.3519585Z   status: 403,
2026-04-23T03:39:10.3519885Z   response: {
2026-04-23T03:39:10.3520447Z     url: 'https://api.github.com/repos/akarlin3/prismTask/issues/689/comments',
2026-04-23T03:39:10.3521100Z     status: 403,
2026-04-23T03:39:10.3521404Z     headers: {
2026-04-23T03:39:10.3522014Z       'access-control-allow-origin': '*',
2026-04-23T03:39:10.3524267Z       'access-control-expose-headers': 'ETag, Link, Location, Retry-After, X-GitHub-OTP, X-RateLimit-Limit, X-RateLimit-Remaining, X-RateLimit-Used, X-RateLimit-Resource, X-RateLimit-Reset, X-OAuth-Scopes, X-Accepted-OAuth-Scopes, X-Poll-Interval, X-GitHub-Media-Type, X-GitHub-SSO, X-GitHub-Request-Id, Deprecation, Sunset',
2026-04-23T03:39:10.3526533Z       'content-encoding': 'gzip',
2026-04-23T03:39:10.3527023Z       'content-security-policy': "default-src 'none'",
2026-04-23T03:39:10.3527610Z       'content-type': 'application/json; charset=utf-8',
2026-04-23T03:39:10.3528129Z       date: 'Thu, 23 Apr 2026 03:39:10 GMT',
2026-04-23T03:39:10.3528840Z       'referrer-policy': 'origin-when-cross-origin, strict-origin-when-cross-origin',
2026-04-23T03:39:10.3529443Z       server: 'github.com',
2026-04-23T03:39:10.3529829Z       'strict-transport-security': 'max-age=31536000; includeSubdomains; preload',
2026-04-23T03:39:10.3530246Z       'transfer-encoding': 'chunked',
2026-04-23T03:39:10.3530552Z       vary: 'Accept-Encoding, Accept, X-Requested-With',
2026-04-23T03:39:10.3530971Z       'x-accepted-github-permissions': 'issues=write; pull_requests=write',
2026-04-23T03:39:10.3531355Z       'x-content-type-options': 'nosniff',
2026-04-23T03:39:10.3531964Z       'x-frame-options': 'deny',
2026-04-23T03:39:10.3532261Z       'x-github-api-version-selected': '2022-11-28',
2026-04-23T03:39:10.3532587Z       'x-github-media-type': 'github.v3; format=json',
2026-04-23T03:39:10.3532950Z       'x-github-request-id': '5028:18A0D8:8BBDEB:8DDB43:69E9945E',
2026-04-23T03:39:10.3533676Z       'x-ratelimit-limit': '5000',
2026-04-23T03:39:10.3533953Z       'x-ratelimit-remaining': '4973',
2026-04-23T03:39:10.3534212Z       'x-ratelimit-reset': '1776918570',
2026-04-23T03:39:10.3534475Z       'x-ratelimit-resource': 'core',
2026-04-23T03:39:10.3534722Z       'x-ratelimit-used': '27',
2026-04-23T03:39:10.3534964Z       'x-xss-protection': '0'
2026-04-23T03:39:10.3535175Z     },
2026-04-23T03:39:10.3535341Z     data: {
2026-04-23T03:39:10.3535571Z       message: 'Resource not accessible by integration',
2026-04-23T03:39:10.3536093Z       documentation_url: 'https://docs.github.com/rest/issues/comments#create-an-issue-comment',
2026-04-23T03:39:10.3536553Z       status: '403'
2026-04-23T03:39:10.3536736Z     }
2026-04-23T03:39:10.3536903Z   },
2026-04-23T03:39:10.3537059Z   request: {
2026-04-23T03:39:10.3537240Z     method: 'POST',
2026-04-23T03:39:10.3537573Z     url: 'https://api.github.com/repos/akarlin3/prismTask/issues/689/comments',
2026-04-23T03:39:10.3537974Z     headers: {
2026-04-23T03:39:10.3538195Z       accept: 'application/vnd.github.v3+json',
2026-04-23T03:39:10.3538660Z       'user-agent': 'actions/github-script octokit-core.js/5.0.1 Node.js/20.20.1 (linux; x64)',
2026-04-23T03:39:10.3539100Z       authorization: 'token [REDACTED]',
2026-04-23T03:39:10.3539548Z       'content-type': 'application/json; charset=utf-8'
2026-04-23T03:39:10.3539826Z     },
2026-04-23T03:39:10.3540416Z     body: `{"body":"### CI Unit Test Failure\\n\\nCould not read unit-test-output.log: ENOENT: no such file or directory, open 'unit-test-output.log'"}`,
2026-04-23T03:39:10.3540996Z     request: {
2026-04-23T03:39:10.3541184Z       agent: [Agent],
2026-04-23T03:39:10.3541428Z       fetch: [Function: proxyFetch],
2026-04-23T03:39:10.3541987Z       hook: [Function: bound bound register]
2026-04-23T03:39:10.3542249Z     }
2026-04-23T03:39:10.3542425Z   }
2026-04-23T03:39:10.3542583Z }
2026-04-23T03:39:10.4324078Z ##[group]Run actions/upload-artifact@v4
2026-04-23T03:39:10.4324362Z with:
2026-04-23T03:39:10.4324545Z   name: lint-report
2026-04-23T03:39:10.4324775Z   path: app/build/reports/lint-results-debug.html
2026-04-23T03:39:10.4325071Z   retention-days: 7
2026-04-23T03:39:10.4325270Z   if-no-files-found: warn
2026-04-23T03:39:10.4325480Z   compression-level: 6
2026-04-23T03:39:10.4325696Z   overwrite: false
2026-04-23T03:39:10.4325893Z   include-hidden-files: false
2026-04-23T03:39:10.4326126Z ##[endgroup]
2026-04-23T03:39:10.6520330Z ##[warning]No files were found with the provided path: app/build/reports/lint-results-debug.html. No artifacts will be uploaded.
2026-04-23T03:39:10.6658607Z ##[group]Run actions/upload-artifact@v4
2026-04-23T03:39:10.6659009Z with:
2026-04-23T03:39:10.6659225Z   name: detekt-report
2026-04-23T03:39:10.6659438Z   path: app/build/reports/detekt/
2026-04-23T03:39:10.6659676Z   retention-days: 7
2026-04-23T03:39:10.6659878Z   if-no-files-found: warn
2026-04-23T03:39:10.6660090Z   compression-level: 6
2026-04-23T03:39:10.6660290Z   overwrite: false
2026-04-23T03:39:10.6660487Z   include-hidden-files: false
2026-04-23T03:39:10.6660719Z ##[endgroup]
2026-04-23T03:39:10.8788454Z ##[warning]No files were found with the provided path: app/build/reports/detekt/. No artifacts will be uploaded.
2026-04-23T03:39:10.8925875Z ##[group]Run actions/upload-artifact@v4
2026-04-23T03:39:10.8926179Z with:
2026-04-23T03:39:10.8926362Z   name: test-results
2026-04-23T03:39:10.8926572Z   path: app/build/test-results/
2026-04-23T03:39:10.8926808Z   retention-days: 7
2026-04-23T03:39:10.8927006Z   if-no-files-found: warn
2026-04-23T03:39:10.8927216Z   compression-level: 6
2026-04-23T03:39:10.8927415Z   overwrite: false
2026-04-23T03:39:10.8927607Z   include-hidden-files: false
2026-04-23T03:39:10.8927827Z ##[endgroup]
2026-04-23T03:39:11.1111986Z ##[warning]No files were found with the provided path: app/build/test-results/. No artifacts will be uploaded.
2026-04-23T03:39:11.1277685Z Post job cleanup.
2026-04-23T03:39:11.2258375Z [command]/usr/bin/git version
2026-04-23T03:39:11.2302367Z git version 2.53.0
2026-04-23T03:39:11.2348121Z Temporarily overriding HOME='/home/runner/work/_temp/7a27890f-9b2e-4ba0-af66-3377af8124d3' before making global git config changes
2026-04-23T03:39:11.2349446Z Adding repository directory to the temporary git global config as a safe directory
2026-04-23T03:39:11.2354838Z [command]/usr/bin/git config --global --add safe.directory /home/runner/work/prismTask/prismTask
2026-04-23T03:39:11.2392712Z [command]/usr/bin/git config --local --name-only --get-regexp core\.sshCommand
2026-04-23T03:39:11.2425271Z [command]/usr/bin/git submodule foreach --recursive sh -c "git config --local --name-only --get-regexp 'core\.sshCommand' && git config --local --unset-all 'core.sshCommand' || :"
2026-04-23T03:39:11.2647818Z [command]/usr/bin/git config --local --name-only --get-regexp http\.https\:\/\/github\.com\/\.extraheader
2026-04-23T03:39:11.2669143Z http.https://github.com/.extraheader
2026-04-23T03:39:11.2682134Z [command]/usr/bin/git config --local --unset-all http.https://github.com/.extraheader
2026-04-23T03:39:11.2712714Z [command]/usr/bin/git submodule foreach --recursive sh -c "git config --local --name-only --get-regexp 'http\.https\:\/\/github\.com\/\.extraheader' && git config --local --unset-all 'http.https://github.com/.extraheader' || :"
2026-04-23T03:39:11.2934064Z [command]/usr/bin/git config --local --name-only --get-regexp ^includeIf\.gitdir:
2026-04-23T03:39:11.2965453Z [command]/usr/bin/git submodule foreach --recursive git config --local --show-origin --name-only --get-regexp remote.origin.url
2026-04-23T03:39:11.3287003Z Cleaning up orphan processes
2026-04-23T03:39:11.3838492Z ##[warning]Node.js 20 actions are deprecated. The following actions are running on Node.js 20 and may not work as expected: actions/checkout@v4, actions/github-script@v7, actions/upload-artifact@v4. Actions will be forced to run with Node.js 24 by default starting June 2nd, 2026. Node.js 20 will be removed from the runner on September 16th, 2026. Please check if updated versions of these actions are available that support Node.js 24. To opt into Node.js 24 now, set the FORCE_JAVASCRIPT_ACTIONS_TO_NODE24=true environment variable on the runner or in your workflow file. Once Node.js 24 becomes the default, you can temporarily opt out by setting ACTIONS_ALLOW_USE_UNSECURE_NODE_VERSION=true. For more information see: https://github.blog/changelog/2025-09-19-deprecation-of-node-20-on-github-actions-runners/
