=== CI FAILURE ===
Workflow:      Android CI
Workflow file: akarlin3/prismTask/.github/workflows/android-ci.yml@refs/pull/639/merge
Job(s):        lint-and-test
Run ID:        24766052754
Run attempt:   1
Run URL:       https://github.com/akarlin3/prismTask/actions/runs/24766052754
Commit:        1835997a0b0429ec18ab3e5c5088f357e16da6a6
Branch:        639/merge
Event:         pull_request
Actor:         akarlin3
Runner OS:     Linux
Timestamp:     2026-04-22T07:33:42.845Z

Failed steps:
  - lint-and-test: #2 Run actions/checkout@v4 | #5 detekt | #6 Android lint | #8 Verify unit-test results (XML) | #9 Post failure details to PR

=== FAILED JOB LOG ===

--- Job: lint-and-test (id 72460701199) ---
2026-04-22T07:33:02.6009461Z Current runner version: '2.333.1'
2026-04-22T07:33:02.6034447Z ##[group]Runner Image Provisioner
2026-04-22T07:33:02.6035206Z Hosted Compute Agent
2026-04-22T07:33:02.6035840Z Version: 20260213.493
2026-04-22T07:33:02.6036679Z Commit: 5c115507f6dd24b8de37d8bbe0bb4509d0cc0fa3
2026-04-22T07:33:02.6037319Z Build Date: 2026-02-13T00:28:41Z
2026-04-22T07:33:02.6038079Z Worker ID: {8989013a-b424-4eb4-9c33-c8d72ed56aac}
2026-04-22T07:33:02.6038720Z Azure Region: westcentralus
2026-04-22T07:33:02.6039271Z ##[endgroup]
2026-04-22T07:33:02.6040770Z ##[group]Operating System
2026-04-22T07:33:02.6041347Z Ubuntu
2026-04-22T07:33:02.6041772Z 24.04.4
2026-04-22T07:33:02.6042338Z LTS
2026-04-22T07:33:02.6042795Z ##[endgroup]
2026-04-22T07:33:02.6043249Z ##[group]Runner Image
2026-04-22T07:33:02.6043857Z Image: ubuntu-24.04
2026-04-22T07:33:02.6044331Z Version: 20260413.86.1
2026-04-22T07:33:02.6045580Z Included Software: https://github.com/actions/runner-images/blob/ubuntu24/20260413.86/images/ubuntu/Ubuntu2404-Readme.md
2026-04-22T07:33:02.6047275Z Image Release: https://github.com/actions/runner-images/releases/tag/ubuntu24%2F20260413.86
2026-04-22T07:33:02.6048143Z ##[endgroup]
2026-04-22T07:33:02.6049449Z ##[group]GITHUB_TOKEN Permissions
2026-04-22T07:33:02.6051320Z Actions: read
2026-04-22T07:33:02.6051962Z Checks: read
2026-04-22T07:33:02.6052454Z Contents: write
2026-04-22T07:33:02.6052948Z Metadata: read
2026-04-22T07:33:02.6053482Z PullRequests: read
2026-04-22T07:33:02.6053967Z ##[endgroup]
2026-04-22T07:33:02.6056729Z Secret source: Actions
2026-04-22T07:33:02.6057508Z Prepare workflow directory
2026-04-22T07:33:02.6406587Z Prepare all required actions
2026-04-22T07:33:02.6445591Z Getting action download info
2026-04-22T07:33:03.1636902Z Download action repository 'actions/checkout@v4' (SHA:34e114876b0b11c390a56381ad16ebd13914f8d5)
2026-04-22T07:33:03.3040641Z Download action repository 'actions/github-script@v7' (SHA:f28e40c7f34bde8b3046d885e986cb6290c5673b)
2026-04-22T07:33:03.9829898Z Download action repository 'actions/upload-artifact@v4' (SHA:ea165f8d65b6e75b540449e92b4886f43607fa02)
2026-04-22T07:33:04.2306419Z Complete job name: lint-and-test
2026-04-22T07:33:04.3234318Z ##[group]Run actions/checkout@v4
2026-04-22T07:33:04.3235635Z with:
2026-04-22T07:33:04.3236789Z   ref: fix/medications-disarm-legacy-scheduler
2026-04-22T07:33:04.3237944Z   repository: akarlin3/prismTask
2026-04-22T07:33:04.3239188Z   token: ***
2026-04-22T07:33:04.3239936Z   ssh-strict: true
2026-04-22T07:33:04.3240714Z   ssh-user: git
2026-04-22T07:33:04.3241503Z   persist-credentials: true
2026-04-22T07:33:04.3242385Z   clean: true
2026-04-22T07:33:04.3243164Z   sparse-checkout-cone-mode: true
2026-04-22T07:33:04.3244139Z   fetch-depth: 1
2026-04-22T07:33:04.3244912Z   fetch-tags: false
2026-04-22T07:33:04.3245693Z   show-progress: true
2026-04-22T07:33:04.3246669Z   lfs: false
2026-04-22T07:33:04.3247396Z   submodules: false
2026-04-22T07:33:04.3248197Z   set-safe-directory: true
2026-04-22T07:33:04.3249356Z ##[endgroup]
2026-04-22T07:33:04.4402736Z Syncing repository: akarlin3/prismTask
2026-04-22T07:33:04.4405685Z ##[group]Getting Git version info
2026-04-22T07:33:04.4407485Z Working directory is '/home/runner/work/prismTask/prismTask'
2026-04-22T07:33:04.4409605Z [command]/usr/bin/git version
2026-04-22T07:33:04.4447583Z git version 2.53.0
2026-04-22T07:33:04.4475444Z ##[endgroup]
2026-04-22T07:33:04.4492358Z Temporarily overriding HOME='/home/runner/work/_temp/3f594c75-247a-4d18-9402-43598df5781c' before making global git config changes
2026-04-22T07:33:04.4497399Z Adding repository directory to the temporary git global config as a safe directory
2026-04-22T07:33:04.4501398Z [command]/usr/bin/git config --global --add safe.directory /home/runner/work/prismTask/prismTask
2026-04-22T07:33:04.4532942Z Deleting the contents of '/home/runner/work/prismTask/prismTask'
2026-04-22T07:33:04.4537012Z ##[group]Initializing the repository
2026-04-22T07:33:04.4542044Z [command]/usr/bin/git init /home/runner/work/prismTask/prismTask
2026-04-22T07:33:04.4623796Z hint: Using 'master' as the name for the initial branch. This default branch name
2026-04-22T07:33:04.4627487Z hint: will change to "main" in Git 3.0. To configure the initial branch name
2026-04-22T07:33:04.4630781Z hint: to use in all of your new repositories, which will suppress this warning,
2026-04-22T07:33:04.4633307Z hint: call:
2026-04-22T07:33:04.4634561Z hint:
2026-04-22T07:33:04.4636476Z hint: 	git config --global init.defaultBranch <name>
2026-04-22T07:33:04.4638583Z hint:
2026-04-22T07:33:04.4640472Z hint: Names commonly chosen instead of 'master' are 'main', 'trunk' and
2026-04-22T07:33:04.4643710Z hint: 'development'. The just-created branch can be renamed via this command:
2026-04-22T07:33:04.4645553Z hint:
2026-04-22T07:33:04.4646672Z hint: 	git branch -m <name>
2026-04-22T07:33:04.4647665Z hint:
2026-04-22T07:33:04.4648919Z hint: Disable this message with "git config set advice.defaultBranchName false"
2026-04-22T07:33:04.4652281Z Initialized empty Git repository in /home/runner/work/prismTask/prismTask/.git/
2026-04-22T07:33:04.4657027Z [command]/usr/bin/git remote add origin https://github.com/akarlin3/prismTask
2026-04-22T07:33:04.4671453Z ##[endgroup]
2026-04-22T07:33:04.4674046Z ##[group]Disabling automatic garbage collection
2026-04-22T07:33:04.4676592Z [command]/usr/bin/git config --local gc.auto 0
2026-04-22T07:33:04.4705916Z ##[endgroup]
2026-04-22T07:33:04.4708598Z ##[group]Setting up auth
2026-04-22T07:33:04.4713796Z [command]/usr/bin/git config --local --name-only --get-regexp core\.sshCommand
2026-04-22T07:33:04.4747235Z [command]/usr/bin/git submodule foreach --recursive sh -c "git config --local --name-only --get-regexp 'core\.sshCommand' && git config --local --unset-all 'core.sshCommand' || :"
2026-04-22T07:33:04.5038455Z [command]/usr/bin/git config --local --name-only --get-regexp http\.https\:\/\/github\.com\/\.extraheader
2026-04-22T07:33:04.5070963Z [command]/usr/bin/git submodule foreach --recursive sh -c "git config --local --name-only --get-regexp 'http\.https\:\/\/github\.com\/\.extraheader' && git config --local --unset-all 'http.https://github.com/.extraheader' || :"
2026-04-22T07:33:04.5292523Z [command]/usr/bin/git config --local --name-only --get-regexp ^includeIf\.gitdir:
2026-04-22T07:33:04.5325696Z [command]/usr/bin/git submodule foreach --recursive git config --local --show-origin --name-only --get-regexp remote.origin.url
2026-04-22T07:33:04.5554214Z [command]/usr/bin/git config --local http.https://github.com/.extraheader AUTHORIZATION: basic ***
2026-04-22T07:33:04.5589791Z ##[endgroup]
2026-04-22T07:33:04.5592305Z ##[group]Fetching the repository
2026-04-22T07:33:04.5605734Z [command]/usr/bin/git -c protocol.version=2 fetch --no-tags --prune --no-recurse-submodules --depth=1 origin +refs/heads/fix/medications-disarm-legacy-scheduler*:refs/remotes/origin/fix/medications-disarm-legacy-scheduler* +refs/tags/fix/medications-disarm-legacy-scheduler*:refs/tags/fix/medications-disarm-legacy-scheduler*
2026-04-22T07:33:04.8659593Z The process '/usr/bin/git' failed with exit code 1
2026-04-22T07:33:04.8661293Z Waiting 15 seconds before trying again
2026-04-22T07:33:19.8737556Z [command]/usr/bin/git -c protocol.version=2 fetch --no-tags --prune --no-recurse-submodules --depth=1 origin +refs/heads/fix/medications-disarm-legacy-scheduler*:refs/remotes/origin/fix/medications-disarm-legacy-scheduler* +refs/tags/fix/medications-disarm-legacy-scheduler*:refs/tags/fix/medications-disarm-legacy-scheduler*
2026-04-22T07:33:20.2025860Z The process '/usr/bin/git' failed with exit code 1
2026-04-22T07:33:20.2026851Z Waiting 11 seconds before trying again
2026-04-22T07:33:31.2039827Z [command]/usr/bin/git -c protocol.version=2 fetch --no-tags --prune --no-recurse-submodules --depth=1 origin +refs/heads/fix/medications-disarm-legacy-scheduler*:refs/remotes/origin/fix/medications-disarm-legacy-scheduler* +refs/tags/fix/medications-disarm-legacy-scheduler*:refs/tags/fix/medications-disarm-legacy-scheduler*
2026-04-22T07:33:31.5400759Z ##[error]The process '/usr/bin/git' failed with exit code 1
2026-04-22T07:33:31.5625413Z ##[group]Run ./gradlew detekt --continue
2026-04-22T07:33:31.5625855Z [36;1m./gradlew detekt --continue[0m
2026-04-22T07:33:31.5651692Z shell: /usr/bin/bash -e {0}
2026-04-22T07:33:31.5652002Z ##[endgroup]
2026-04-22T07:33:31.5719241Z /home/runner/work/_temp/d2b5e1df-aef6-4fec-bceb-2616d9d546f4.sh: line 1: ./gradlew: No such file or directory
2026-04-22T07:33:31.5726914Z ##[error]Process completed with exit code 127.
2026-04-22T07:33:31.5763557Z ##[group]Run ./gradlew lint --continue
2026-04-22T07:33:31.5763922Z [36;1m./gradlew lint --continue[0m
2026-04-22T07:33:31.5785627Z shell: /usr/bin/bash -e {0}
2026-04-22T07:33:31.5785913Z ##[endgroup]
2026-04-22T07:33:31.5829098Z /home/runner/work/_temp/59fca855-086d-4cb3-af37-a0c850822a35.sh: line 1: ./gradlew: No such file or directory
2026-04-22T07:33:31.5833585Z ##[error]Process completed with exit code 127.
2026-04-22T07:33:31.5871332Z ##[group]Run set -euo pipefail
2026-04-22T07:33:31.5871677Z [36;1mset -euo pipefail[0m
2026-04-22T07:33:31.5871967Z [36;1mshopt -s globstar nullglob[0m
2026-04-22T07:33:31.5872309Z [36;1mxmls=(app/build/test-results/**/*.xml)[0m
2026-04-22T07:33:31.5872641Z [36;1mif [ ${#xmls[@]} -eq 0 ]; then[0m
2026-04-22T07:33:31.5873149Z [36;1m  echo "::error::No JUnit XML results found under app/build/test-results/. Did the test task run?"[0m
2026-04-22T07:33:31.5873633Z [36;1m  exit 1[0m
2026-04-22T07:33:31.5873841Z [36;1mfi[0m
2026-04-22T07:33:31.5874047Z [36;1mfailed=0[0m
2026-04-22T07:33:31.5874272Z [36;1mfor f in "${xmls[@]}"; do[0m
2026-04-22T07:33:31.5874685Z [36;1m  fails=$(grep -oE 'failures="[0-9]+"' "$f" | head -n1 | grep -oE '[0-9]+' || echo 0)[0m
2026-04-22T07:33:31.5875219Z [36;1m  errs=$(grep -oE 'errors="[0-9]+"' "$f" | head -n1 | grep -oE '[0-9]+' || echo 0)[0m
2026-04-22T07:33:31.5875726Z [36;1m  if [ "${fails:-0}" -gt 0 ] || [ "${errs:-0}" -gt 0 ]; then[0m
2026-04-22T07:33:31.5876520Z [36;1m    echo "::error file=${f}::${fails} failure(s), ${errs} error(s) in ${f}"[0m
2026-04-22T07:33:31.5876949Z [36;1m    failed=$((failed + fails + errs))[0m
2026-04-22T07:33:31.5877245Z [36;1m  fi[0m
2026-04-22T07:33:31.5877446Z [36;1mdone[0m
2026-04-22T07:33:31.5877669Z [36;1mif [ "$failed" -gt 0 ]; then[0m
2026-04-22T07:33:31.5878184Z [36;1m  echo "::error::${failed} unit-test failure(s)/error(s) detected. See annotations and the test-results artifact."[0m
2026-04-22T07:33:31.5878704Z [36;1m  exit 1[0m
2026-04-22T07:33:31.5879153Z [36;1mfi[0m
2026-04-22T07:33:31.5879552Z [36;1mecho "All ${#xmls[@]} JUnit XML reports clean."[0m
2026-04-22T07:33:31.5902230Z shell: /usr/bin/bash --noprofile --norc -e -o pipefail {0}
2026-04-22T07:33:31.5902597Z ##[endgroup]
2026-04-22T07:33:31.5947388Z ##[error]No JUnit XML results found under app/build/test-results/. Did the test task run?
2026-04-22T07:33:31.5949756Z ##[error]Process completed with exit code 1.
2026-04-22T07:33:31.6042087Z ##[group]Run actions/github-script@v7
2026-04-22T07:33:31.6042416Z with:
2026-04-22T07:33:31.6045030Z   script: const fs = require('fs');
let body = '### CI Unit Test Failure\n\n';
try {
  const raw = fs.readFileSync('unit-test-output.log', 'utf8');
  const lines = raw.split('\n');
  const errorLines = lines.filter(l =>
    /\be:\b|FAILED|Compilation error|Unresolved reference|not abstract|does not implement/.test(l)
  );
  const tail = lines.slice(-30).join('\n');
  const errors = errorLines.length > 0
    ? errorLines.join('\n')
    : 'No specific error lines matched. Last 30 lines shown.';
  body += '**Error lines:**\n```\n' + errors.slice(0, 2000) + '\n```\n';
  body += '\n**Build tail:**\n```\n' + tail.slice(0, 2000) + '\n```';
} catch (e) {
  body += 'Could not read unit-test-output.log: ' + e.message;
}
await github.rest.issues.createComment({
  owner: context.repo.owner,
  repo: context.repo.repo,
  issue_number: context.issue.number,
  body
});

2026-04-22T07:33:31.6048176Z   github-token: ***
2026-04-22T07:33:31.6048412Z   debug: false
2026-04-22T07:33:31.6048649Z   user-agent: actions/github-script
2026-04-22T07:33:31.6049116Z   result-encoding: json
2026-04-22T07:33:31.6049355Z   retries: 0
2026-04-22T07:33:31.6049596Z   retry-exempt-status-codes: 400,401,403,404,422
2026-04-22T07:33:31.6049901Z ##[endgroup]
2026-04-22T07:33:32.0309492Z RequestError [HttpError]: Resource not accessible by integration
2026-04-22T07:33:32.0310513Z     at /home/runner/work/_actions/actions/github-script/v7/dist/index.js:9537:21
2026-04-22T07:33:32.0311489Z     at process.processTicksAndRejections (node:internal/process/task_queues:95:5)
2026-04-22T07:33:32.0312810Z     at async eval (eval at callAsyncFunction (/home/runner/work/_actions/actions/github-script/v7/dist/index.js:36187:16), <anonymous>:20:1)
2026-04-22T07:33:32.0313782Z     at async main (/home/runner/work/_actions/actions/github-script/v7/dist/index.js:36285:20) {
2026-04-22T07:33:32.0314541Z   status: 403,
2026-04-22T07:33:32.0314780Z   response: {
2026-04-22T07:33:32.0315405Z     url: 'https://api.github.com/repos/akarlin3/prismTask/issues/639/comments',
2026-04-22T07:33:32.0316335Z     status: 403,
2026-04-22T07:33:32.0316656Z     headers: {
2026-04-22T07:33:32.0317005Z       'access-control-allow-origin': '*',
2026-04-22T07:33:32.0319192Z       'access-control-expose-headers': 'ETag, Link, Location, Retry-After, X-GitHub-OTP, X-RateLimit-Limit, X-RateLimit-Remaining, X-RateLimit-Used, X-RateLimit-Resource, X-RateLimit-Reset, X-OAuth-Scopes, X-Accepted-OAuth-Scopes, X-Poll-Interval, X-GitHub-Media-Type, X-GitHub-SSO, X-GitHub-Request-Id, Deprecation, Sunset',
2026-04-22T07:33:32.0320676Z       'content-encoding': 'gzip',
2026-04-22T07:33:32.0320964Z       'content-security-policy': "default-src 'none'",
2026-04-22T07:33:32.0321333Z       'content-type': 'application/json; charset=utf-8',
2026-04-22T07:33:32.0321650Z       date: 'Wed, 22 Apr 2026 07:33:31 GMT',
2026-04-22T07:33:32.0322063Z       'referrer-policy': 'origin-when-cross-origin, strict-origin-when-cross-origin',
2026-04-22T07:33:32.0322476Z       server: 'github.com',
2026-04-22T07:33:32.0322861Z       'strict-transport-security': 'max-age=31536000; includeSubdomains; preload',
2026-04-22T07:33:32.0323277Z       'transfer-encoding': 'chunked',
2026-04-22T07:33:32.0323580Z       vary: 'Accept-Encoding, Accept, X-Requested-With',
2026-04-22T07:33:32.0323995Z       'x-accepted-github-permissions': 'issues=write; pull_requests=write',
2026-04-22T07:33:32.0324381Z       'x-content-type-options': 'nosniff',
2026-04-22T07:33:32.0324662Z       'x-frame-options': 'deny',
2026-04-22T07:33:32.0324953Z       'x-github-api-version-selected': '2022-11-28',
2026-04-22T07:33:32.0325282Z       'x-github-media-type': 'github.v3; format=json',
2026-04-22T07:33:32.0325645Z       'x-github-request-id': '4410:2F2E98:DDB6C9:37831CE:69E879CB',
2026-04-22T07:33:32.0325967Z       'x-ratelimit-limit': '5000',
2026-04-22T07:33:32.0326563Z       'x-ratelimit-remaining': '4997',
2026-04-22T07:33:32.0327253Z       'x-ratelimit-reset': '1776846753',
2026-04-22T07:33:32.0327536Z       'x-ratelimit-resource': 'core',
2026-04-22T07:33:32.0327788Z       'x-ratelimit-used': '3',
2026-04-22T07:33:32.0328027Z       'x-xss-protection': '0'
2026-04-22T07:33:32.0328234Z     },
2026-04-22T07:33:32.0328397Z     data: {
2026-04-22T07:33:32.0328626Z       message: 'Resource not accessible by integration',
2026-04-22T07:33:32.0329123Z       documentation_url: 'https://docs.github.com/rest/issues/comments#create-an-issue-comment',
2026-04-22T07:33:32.0329571Z       status: '403'
2026-04-22T07:33:32.0329749Z     }
2026-04-22T07:33:32.0329908Z   },
2026-04-22T07:33:32.0330064Z   request: {
2026-04-22T07:33:32.0330244Z     method: 'POST',
2026-04-22T07:33:32.0330571Z     url: 'https://api.github.com/repos/akarlin3/prismTask/issues/639/comments',
2026-04-22T07:33:32.0330942Z     headers: {
2026-04-22T07:33:32.0331157Z       accept: 'application/vnd.github.v3+json',
2026-04-22T07:33:32.0331615Z       'user-agent': 'actions/github-script octokit-core.js/5.0.1 Node.js/20.20.1 (linux; x64)',
2026-04-22T07:33:32.0332051Z       authorization: 'token [REDACTED]',
2026-04-22T07:33:32.0332496Z       'content-type': 'application/json; charset=utf-8'
2026-04-22T07:33:32.0332771Z     },
2026-04-22T07:33:32.0333378Z     body: `{"body":"### CI Unit Test Failure\\n\\nCould not read unit-test-output.log: ENOENT: no such file or directory, open 'unit-test-output.log'"}`,
2026-04-22T07:33:32.0333957Z     request: {
2026-04-22T07:33:32.0334148Z       agent: [Agent],
2026-04-22T07:33:32.0334388Z       fetch: [Function: proxyFetch],
2026-04-22T07:33:32.0334673Z       hook: [Function: bound bound register]
2026-04-22T07:33:32.0334921Z     }
2026-04-22T07:33:32.0335072Z   }
2026-04-22T07:33:32.0335230Z }
2026-04-22T07:33:32.0336532Z ##[error]Unhandled error: HttpError: Resource not accessible by integration
2026-04-22T07:33:32.1047658Z ##[group]Run actions/upload-artifact@v4
2026-04-22T07:33:32.1047958Z with:
2026-04-22T07:33:32.1048142Z   name: lint-report
2026-04-22T07:33:32.1048381Z   path: app/build/reports/lint-results-debug.html
2026-04-22T07:33:32.1048669Z   retention-days: 7
2026-04-22T07:33:32.1048877Z   if-no-files-found: warn
2026-04-22T07:33:32.1049093Z   compression-level: 6
2026-04-22T07:33:32.1049359Z   overwrite: false
2026-04-22T07:33:32.1049584Z   include-hidden-files: false
2026-04-22T07:33:32.1049810Z ##[endgroup]
2026-04-22T07:33:32.3187773Z ##[warning]No files were found with the provided path: app/build/reports/lint-results-debug.html. No artifacts will be uploaded.
2026-04-22T07:33:32.3322400Z ##[group]Run actions/upload-artifact@v4
2026-04-22T07:33:32.3322671Z with:
2026-04-22T07:33:32.3322853Z   name: detekt-report
2026-04-22T07:33:32.3323061Z   path: app/build/reports/detekt/
2026-04-22T07:33:32.3323297Z   retention-days: 7
2026-04-22T07:33:32.3323497Z   if-no-files-found: warn
2026-04-22T07:33:32.3323702Z   compression-level: 6
2026-04-22T07:33:32.3323896Z   overwrite: false
2026-04-22T07:33:32.3324083Z   include-hidden-files: false
2026-04-22T07:33:32.3324305Z ##[endgroup]
2026-04-22T07:33:32.5462876Z ##[warning]No files were found with the provided path: app/build/reports/detekt/. No artifacts will be uploaded.
2026-04-22T07:33:32.5615983Z ##[group]Run actions/upload-artifact@v4
2026-04-22T07:33:32.5616563Z with:
2026-04-22T07:33:32.5616739Z   name: test-results
2026-04-22T07:33:32.5637861Z   path: app/build/test-results/
2026-04-22T07:33:32.5638242Z   retention-days: 7
2026-04-22T07:33:32.5638566Z   if-no-files-found: warn
2026-04-22T07:33:32.5638878Z   compression-level: 6
2026-04-22T07:33:32.5639121Z   overwrite: false
2026-04-22T07:33:32.5639323Z   include-hidden-files: false
2026-04-22T07:33:32.5639556Z ##[endgroup]
2026-04-22T07:33:32.7784643Z ##[warning]No files were found with the provided path: app/build/test-results/. No artifacts will be uploaded.
2026-04-22T07:33:32.7948748Z Post job cleanup.
2026-04-22T07:33:32.8904721Z [command]/usr/bin/git version
2026-04-22T07:33:32.8949787Z git version 2.53.0
2026-04-22T07:33:32.8992778Z Temporarily overriding HOME='/home/runner/work/_temp/5dd95c30-d295-40ac-9399-24fabdec9bbc' before making global git config changes
2026-04-22T07:33:32.8993675Z Adding repository directory to the temporary git global config as a safe directory
2026-04-22T07:33:32.8998374Z [command]/usr/bin/git config --global --add safe.directory /home/runner/work/prismTask/prismTask
2026-04-22T07:33:32.9034881Z [command]/usr/bin/git config --local --name-only --get-regexp core\.sshCommand
2026-04-22T07:33:32.9067860Z [command]/usr/bin/git submodule foreach --recursive sh -c "git config --local --name-only --get-regexp 'core\.sshCommand' && git config --local --unset-all 'core.sshCommand' || :"
2026-04-22T07:33:32.9295663Z [command]/usr/bin/git config --local --name-only --get-regexp http\.https\:\/\/github\.com\/\.extraheader
2026-04-22T07:33:32.9317327Z http.https://github.com/.extraheader
2026-04-22T07:33:32.9329990Z [command]/usr/bin/git config --local --unset-all http.https://github.com/.extraheader
2026-04-22T07:33:32.9361576Z [command]/usr/bin/git submodule foreach --recursive sh -c "git config --local --name-only --get-regexp 'http\.https\:\/\/github\.com\/\.extraheader' && git config --local --unset-all 'http.https://github.com/.extraheader' || :"
2026-04-22T07:33:32.9584901Z [command]/usr/bin/git config --local --name-only --get-regexp ^includeIf\.gitdir:
2026-04-22T07:33:32.9616611Z [command]/usr/bin/git submodule foreach --recursive git config --local --show-origin --name-only --get-regexp remote.origin.url
2026-04-22T07:33:32.9949542Z Cleaning up orphan processes
2026-04-22T07:33:33.0227337Z ##[warning]Node.js 20 actions are deprecated. The following actions are running on Node.js 20 and may not work as expected: actions/checkout@v4, actions/github-script@v7, actions/upload-artifact@v4. Actions will be forced to run with Node.js 24 by default starting June 2nd, 2026. Node.js 20 will be removed from the runner on September 16th, 2026. Please check if updated versions of these actions are available that support Node.js 24. To opt into Node.js 24 now, set the FORCE_JAVASCRIPT_ACTIONS_TO_NODE24=true environment variable on the runner or in your workflow file. Once Node.js 24 becomes the default, you can temporarily opt out by setting ACTIONS_ALLOW_USE_UNSECURE_NODE_VERSION=true. For more information see: https://github.blog/changelog/2025-09-19-deprecation-of-node-20-on-github-actions-runners/
