=== CI FAILURE ===
Workflow:      Android CI
Workflow file: akarlin3/prismTask/.github/workflows/android-ci.yml@refs/heads/main
Job(s):        lint-and-test
Run ID:        24815344474
Run attempt:   1
Run URL:       https://github.com/akarlin3/prismTask/actions/runs/24815344474
Commit:        7ad50666557bb506c087b5972888607dd5e82b3a
Branch:        main
Event:         push
Actor:         akarlin3
Runner OS:     Linux
Timestamp:     2026-04-23T03:45:32.860Z

Failed steps:
  - lint-and-test: #4 ktlint check | #5 detekt | #8 Verify unit-test results (XML)

=== FAILED JOB LOG ===

--- Job: lint-and-test (id 72628529082) ---
2026-04-23T03:37:59.1977895Z Current runner version: '2.333.1'
2026-04-23T03:37:59.1999585Z ##[group]Runner Image Provisioner
2026-04-23T03:37:59.2000320Z Hosted Compute Agent
2026-04-23T03:37:59.2000814Z Version: 20260213.493
2026-04-23T03:37:59.2001370Z Commit: 5c115507f6dd24b8de37d8bbe0bb4509d0cc0fa3
2026-04-23T03:37:59.2001977Z Build Date: 2026-02-13T00:28:41Z
2026-04-23T03:37:59.2002916Z Worker ID: {c5d1b4bf-02ff-422e-85d6-a5b68c25df9c}
2026-04-23T03:37:59.2003566Z Azure Region: westcentralus
2026-04-23T03:37:59.2004058Z ##[endgroup]
2026-04-23T03:37:59.2005422Z ##[group]Operating System
2026-04-23T03:37:59.2005929Z Ubuntu
2026-04-23T03:37:59.2006337Z 24.04.4
2026-04-23T03:37:59.2006697Z LTS
2026-04-23T03:37:59.2007159Z ##[endgroup]
2026-04-23T03:37:59.2007561Z ##[group]Runner Image
2026-04-23T03:37:59.2008026Z Image: ubuntu-24.04
2026-04-23T03:37:59.2008511Z Version: 20260413.86.1
2026-04-23T03:37:59.2009521Z Included Software: https://github.com/actions/runner-images/blob/ubuntu24/20260413.86/images/ubuntu/Ubuntu2404-Readme.md
2026-04-23T03:37:59.2010795Z Image Release: https://github.com/actions/runner-images/releases/tag/ubuntu24%2F20260413.86
2026-04-23T03:37:59.2011565Z ##[endgroup]
2026-04-23T03:37:59.2013208Z ##[group]GITHUB_TOKEN Permissions
2026-04-23T03:37:59.2015193Z Actions: read
2026-04-23T03:37:59.2015669Z Checks: read
2026-04-23T03:37:59.2016157Z Contents: write
2026-04-23T03:37:59.2016582Z Metadata: read
2026-04-23T03:37:59.2017036Z PullRequests: read
2026-04-23T03:37:59.2017475Z ##[endgroup]
2026-04-23T03:37:59.2019320Z Secret source: Actions
2026-04-23T03:37:59.2019946Z Prepare workflow directory
2026-04-23T03:37:59.2374682Z Prepare all required actions
2026-04-23T03:37:59.2410705Z Getting action download info
2026-04-23T03:37:59.6438090Z Download action repository 'actions/checkout@v4' (SHA:34e114876b0b11c390a56381ad16ebd13914f8d5)
2026-04-23T03:37:59.7616115Z Download action repository 'actions/github-script@v7' (SHA:f28e40c7f34bde8b3046d885e986cb6290c5673b)
2026-04-23T03:38:00.4955781Z Download action repository 'actions/upload-artifact@v4' (SHA:ea165f8d65b6e75b540449e92b4886f43607fa02)
2026-04-23T03:38:00.6839464Z Complete job name: lint-and-test
2026-04-23T03:38:00.7646086Z ##[group]Run actions/checkout@v4
2026-04-23T03:38:00.7646920Z with:
2026-04-23T03:38:00.7647320Z   ref: refs/heads/main
2026-04-23T03:38:00.7647786Z   repository: akarlin3/prismTask
2026-04-23T03:38:00.7648477Z   token: ***
2026-04-23T03:38:00.7648871Z   ssh-strict: true
2026-04-23T03:38:00.7649279Z   ssh-user: git
2026-04-23T03:38:00.7649698Z   persist-credentials: true
2026-04-23T03:38:00.7650177Z   clean: true
2026-04-23T03:38:00.7650602Z   sparse-checkout-cone-mode: true
2026-04-23T03:38:00.7651116Z   fetch-depth: 1
2026-04-23T03:38:00.7651512Z   fetch-tags: false
2026-04-23T03:38:00.7651953Z   show-progress: true
2026-04-23T03:38:00.7652582Z   lfs: false
2026-04-23T03:38:00.7652968Z   submodules: false
2026-04-23T03:38:00.7653398Z   set-safe-directory: true
2026-04-23T03:38:00.7654100Z ##[endgroup]
2026-04-23T03:38:00.8691622Z Syncing repository: akarlin3/prismTask
2026-04-23T03:38:00.8694921Z ##[group]Getting Git version info
2026-04-23T03:38:00.8696432Z Working directory is '/home/runner/work/prismTask/prismTask'
2026-04-23T03:38:00.8698341Z [command]/usr/bin/git version
2026-04-23T03:38:00.8714312Z git version 2.53.0
2026-04-23T03:38:00.8738609Z ##[endgroup]
2026-04-23T03:38:00.8752625Z Temporarily overriding HOME='/home/runner/work/_temp/39fb1aca-7fcb-4623-8e5c-116cf0043218' before making global git config changes
2026-04-23T03:38:00.8755393Z Adding repository directory to the temporary git global config as a safe directory
2026-04-23T03:38:00.8767363Z [command]/usr/bin/git config --global --add safe.directory /home/runner/work/prismTask/prismTask
2026-04-23T03:38:00.8796995Z Deleting the contents of '/home/runner/work/prismTask/prismTask'
2026-04-23T03:38:00.8799807Z ##[group]Initializing the repository
2026-04-23T03:38:00.8805016Z [command]/usr/bin/git init /home/runner/work/prismTask/prismTask
2026-04-23T03:38:00.8874768Z hint: Using 'master' as the name for the initial branch. This default branch name
2026-04-23T03:38:00.8876806Z hint: will change to "main" in Git 3.0. To configure the initial branch name
2026-04-23T03:38:00.8878044Z hint: to use in all of your new repositories, which will suppress this warning,
2026-04-23T03:38:00.8878770Z hint: call:
2026-04-23T03:38:00.8879308Z hint:
2026-04-23T03:38:00.8879802Z hint: 	git config --global init.defaultBranch <name>
2026-04-23T03:38:00.8880390Z hint:
2026-04-23T03:38:00.8880957Z hint: Names commonly chosen instead of 'master' are 'main', 'trunk' and
2026-04-23T03:38:00.8881878Z hint: 'development'. The just-created branch can be renamed via this command:
2026-04-23T03:38:00.8882785Z hint:
2026-04-23T03:38:00.8883646Z hint: 	git branch -m <name>
2026-04-23T03:38:00.8884123Z hint:
2026-04-23T03:38:00.8884720Z hint: Disable this message with "git config set advice.defaultBranchName false"
2026-04-23T03:38:00.8886580Z Initialized empty Git repository in /home/runner/work/prismTask/prismTask/.git/
2026-04-23T03:38:00.8892350Z [command]/usr/bin/git remote add origin https://github.com/akarlin3/prismTask
2026-04-23T03:38:00.8910107Z ##[endgroup]
2026-04-23T03:38:00.8911074Z ##[group]Disabling automatic garbage collection
2026-04-23T03:38:00.8913398Z [command]/usr/bin/git config --local gc.auto 0
2026-04-23T03:38:00.8935748Z ##[endgroup]
2026-04-23T03:38:00.8936678Z ##[group]Setting up auth
2026-04-23T03:38:00.8941529Z [command]/usr/bin/git config --local --name-only --get-regexp core\.sshCommand
2026-04-23T03:38:00.8965651Z [command]/usr/bin/git submodule foreach --recursive sh -c "git config --local --name-only --get-regexp 'core\.sshCommand' && git config --local --unset-all 'core.sshCommand' || :"
2026-04-23T03:38:00.9193009Z [command]/usr/bin/git config --local --name-only --get-regexp http\.https\:\/\/github\.com\/\.extraheader
2026-04-23T03:38:00.9219285Z [command]/usr/bin/git submodule foreach --recursive sh -c "git config --local --name-only --get-regexp 'http\.https\:\/\/github\.com\/\.extraheader' && git config --local --unset-all 'http.https://github.com/.extraheader' || :"
2026-04-23T03:38:00.9386287Z [command]/usr/bin/git config --local --name-only --get-regexp ^includeIf\.gitdir:
2026-04-23T03:38:00.9418731Z [command]/usr/bin/git submodule foreach --recursive git config --local --show-origin --name-only --get-regexp remote.origin.url
2026-04-23T03:38:00.9583516Z [command]/usr/bin/git config --local http.https://github.com/.extraheader AUTHORIZATION: basic ***
2026-04-23T03:38:00.9609784Z ##[endgroup]
2026-04-23T03:38:00.9610620Z ##[group]Fetching the repository
2026-04-23T03:38:00.9617380Z [command]/usr/bin/git -c protocol.version=2 fetch --no-tags --prune --no-recurse-submodules --depth=1 origin +refs/heads/main:refs/remotes/origin/main
2026-04-23T03:38:03.9789009Z From https://github.com/akarlin3/prismTask
2026-04-23T03:38:03.9790335Z  * [new branch]      main       -> origin/main
2026-04-23T03:38:03.9810939Z ##[endgroup]
2026-04-23T03:38:03.9811723Z ##[group]Determining the checkout info
2026-04-23T03:38:03.9813207Z ##[endgroup]
2026-04-23T03:38:03.9819083Z [command]/usr/bin/git sparse-checkout disable
2026-04-23T03:38:03.9848900Z [command]/usr/bin/git config --local --unset-all extensions.worktreeConfig
2026-04-23T03:38:03.9869154Z ##[group]Checking out the ref
2026-04-23T03:38:03.9873987Z [command]/usr/bin/git checkout --progress --force -B main refs/remotes/origin/main
2026-04-23T03:38:04.1457313Z Switched to a new branch 'main'
2026-04-23T03:38:04.1457873Z branch 'main' set up to track 'origin/main'.
2026-04-23T03:38:04.1469558Z ##[endgroup]
2026-04-23T03:38:04.1503263Z [command]/usr/bin/git log -1 --format=%H
2026-04-23T03:38:04.1521868Z 7ad50666557bb506c087b5972888607dd5e82b3a
2026-04-23T03:38:04.1738424Z Prepare all required actions
2026-04-23T03:38:04.1738961Z Getting action download info
2026-04-23T03:38:04.3391676Z Download action repository 'actions/setup-java@v4' (SHA:c1e323688fd81a25caa38c78aa6df2d33d3e20d9)
2026-04-23T03:38:05.3406500Z Download action repository 'gradle/actions@v4' (SHA:ed408507eac070d1f99cc633dbcf757c94c7933a)
2026-04-23T03:38:06.8408151Z ##[group]Run ./.github/actions/setup-android
2026-04-23T03:38:06.8408424Z ##[endgroup]
2026-04-23T03:38:06.8547437Z ##[group]Run actions/setup-java@v4
2026-04-23T03:38:06.8547682Z with:
2026-04-23T03:38:06.8547850Z   java-version: 21
2026-04-23T03:38:06.8548036Z   distribution: temurin
2026-04-23T03:38:06.8548232Z   java-package: jdk
2026-04-23T03:38:06.8548412Z   check-latest: false
2026-04-23T03:38:06.8548595Z   server-id: github
2026-04-23T03:38:06.8548778Z   server-username: GITHUB_ACTOR
2026-04-23T03:38:06.8549007Z   server-password: GITHUB_TOKEN
2026-04-23T03:38:06.8549239Z   overwrite-settings: true
2026-04-23T03:38:06.8549518Z   job-status: success
2026-04-23T03:38:06.8549840Z   token: ***
2026-04-23T03:38:06.8550010Z ##[endgroup]
2026-04-23T03:38:07.0376436Z ##[group]Installed distributions
2026-04-23T03:38:07.0646744Z Resolved Java 21.0.10+7 from tool-cache
2026-04-23T03:38:07.0647363Z Setting Java 21.0.10+7 as the default
2026-04-23T03:38:07.0659164Z Creating toolchains.xml for JDK version 21 from temurin
2026-04-23T03:38:07.0728233Z Writing to /home/runner/.m2/toolchains.xml
2026-04-23T03:38:07.0728593Z 
2026-04-23T03:38:07.0728723Z Java configuration:
2026-04-23T03:38:07.0729592Z   Distribution: temurin
2026-04-23T03:38:07.0729939Z   Version: 21.0.10+7
2026-04-23T03:38:07.0730644Z   Path: /opt/hostedtoolcache/Java_Temurin-Hotspot_jdk/21.0.10-7/x64
2026-04-23T03:38:07.0731087Z 
2026-04-23T03:38:07.0731494Z ##[endgroup]
2026-04-23T03:38:07.0749584Z Creating settings.xml with server-id: github
2026-04-23T03:38:07.0755384Z Writing to /home/runner/.m2/settings.xml
2026-04-23T03:38:07.0911399Z ##[group]Run gradle/actions/setup-gradle@v4
2026-04-23T03:38:07.0911656Z with:
2026-04-23T03:38:07.0911835Z   cache-disabled: false
2026-04-23T03:38:07.0912222Z   cache-read-only: false
2026-04-23T03:38:07.0912433Z   cache-write-only: false
2026-04-23T03:38:07.0912645Z   cache-overwrite-existing: false
2026-04-23T03:38:07.0912890Z   cache-cleanup: on-success
2026-04-23T03:38:07.0913167Z   gradle-home-cache-includes: caches
notifications

2026-04-23T03:38:07.0913437Z   add-job-summary: always
2026-04-23T03:38:07.0913665Z   add-job-summary-as-pr-comment: never
2026-04-23T03:38:07.0913914Z   dependency-graph: disabled
2026-04-23T03:38:07.0914195Z   dependency-graph-report-dir: dependency-graph-reports
2026-04-23T03:38:07.0914513Z   dependency-graph-continue-on-failure: true
2026-04-23T03:38:07.0914781Z   build-scan-publish: false
2026-04-23T03:38:07.0914988Z   validate-wrappers: true
2026-04-23T03:38:07.0915202Z   allow-snapshot-wrappers: false
2026-04-23T03:38:07.0915466Z   gradle-home-cache-strict-match: false
2026-04-23T03:38:07.0915716Z   workflow-job-context: null
2026-04-23T03:38:07.0916080Z   github-token: ***
2026-04-23T03:38:07.0916266Z env:
2026-04-23T03:38:07.0916523Z   JAVA_HOME: /opt/hostedtoolcache/Java_Temurin-Hotspot_jdk/21.0.10-7/x64
2026-04-23T03:38:07.0916971Z   JAVA_HOME_21_X64: /opt/hostedtoolcache/Java_Temurin-Hotspot_jdk/21.0.10-7/x64
2026-04-23T03:38:07.0917304Z ##[endgroup]
2026-04-23T03:38:07.9933537Z Merged default JDK locations into /home/runner/.m2/toolchains.xml
2026-04-23T03:38:07.9934685Z Preparing cache for cleanup.
2026-04-23T03:38:07.9938027Z ##[group]Restore Gradle state from cache
2026-04-23T03:38:08.2421758Z Cache hit for restore-key: gradle-home-v1|Linux-X64|lint-and-test[5df42585ae8f8da228c604b8b4e8707c]-97afe44129b4f80bd1959206474ffd7b26066b1e
2026-04-23T03:38:09.4734084Z Received 33009068 of 45591980 (72.4%), 31.4 MBs/sec
2026-04-23T03:38:09.5386007Z Received 45591980 of 45591980 (100.0%), 40.8 MBs/sec
2026-04-23T03:38:09.5387923Z Cache Size: ~43 MB (45591980 B)
2026-04-23T03:38:09.5419086Z [command]/usr/bin/tar -xf /home/runner/work/_temp/a41ec4ba-3098-4a0d-a004-50367f8071c0/cache.tzst -P -C /home/runner/work/prismTask/prismTask --use-compress-program unzstd
2026-04-23T03:38:09.7136348Z Cache restored successfully
2026-04-23T03:38:09.7162452Z Restored cache entry with key gradle-home-v1|Linux-X64|lint-and-test[5df42585ae8f8da228c604b8b4e8707c]-7ad50666557bb506c087b5972888607dd5e82b3a to /home/runner/.gradle/caches,/home/runner/.gradle/notifications,/home/runner/.gradle/.setup-gradle in 1721ms
2026-04-23T03:38:09.8797912Z Cache hit for: gradle-dependencies-v1-9ee79b21fda0950e718be0b021d63df4
2026-04-23T03:38:09.8842855Z Cache hit for: gradle-groovy-dsl-v1-84a365b7f023225b4aa3b89d06ecd029
2026-04-23T03:38:09.8948729Z Cache hit for: gradle-transforms-v1-1246db09b3117d149a1a930a7af9e180
2026-04-23T03:38:09.8953809Z Cache hit for: gradle-wrapper-zips-v1-8c0de4c6bda6041d6e054bf825a89c98
2026-04-23T03:38:09.9148743Z Cache hit for: gradle-generated-gradle-jars-v1-cb4b032a7d08b9bf1e84e9eacaebcc29
2026-04-23T03:38:09.9205751Z Cache hit for: gradle-kotlin-dsl-v1-f0324cab88311838857dc985d2a29cc5
2026-04-23T03:38:09.9210073Z Cache hit for: gradle-instrumented-jars-v1-2e0ef417b323212dad19459bbe0ea562
2026-04-23T03:38:10.3413088Z Received 64696 of 64696 (100.0%), 0.3 MBs/sec
2026-04-23T03:38:10.3413723Z Cache Size: ~0 MB (64696 B)
2026-04-23T03:38:10.3592245Z [command]/usr/bin/tar -xf /home/runner/work/_temp/36a56413-83fe-4661-bae7-60fea961d6c3/cache.tzst -P -C /home/runner/work/prismTask/prismTask --use-compress-program unzstd
2026-04-23T03:38:10.3667732Z Cache restored successfully
2026-04-23T03:38:10.3669740Z Restored cache entry with key gradle-instrumented-jars-v1-2e0ef417b323212dad19459bbe0ea562 to /home/runner/.gradle/caches/jars-*/*/ in 649ms
2026-04-23T03:38:10.5580304Z Received 114753 of 114753 (100.0%), 0.3 MBs/sec
2026-04-23T03:38:10.5580881Z Cache Size: ~0 MB (114753 B)
2026-04-23T03:38:10.5606625Z [command]/usr/bin/tar -xf /home/runner/work/_temp/974660a9-3fa0-49f9-973c-c4fd04ea440f/cache.tzst -P -C /home/runner/work/prismTask/prismTask --use-compress-program unzstd
2026-04-23T03:38:10.5766236Z Cache restored successfully
2026-04-23T03:38:10.5770867Z Restored cache entry with key gradle-groovy-dsl-v1-84a365b7f023225b4aa3b89d06ecd029 to /home/runner/.gradle/caches/*/groovy-dsl/*/ in 858ms
2026-04-23T03:38:10.6703358Z Received 438682 of 438682 (100.0%), 0.8 MBs/sec
2026-04-23T03:38:10.6704782Z Cache Size: ~0 MB (438682 B)
2026-04-23T03:38:10.6786741Z [command]/usr/bin/tar -xf /home/runner/work/_temp/25228261-512e-4c39-81b5-9b9226f557cc/cache.tzst -P -C /home/runner/work/prismTask/prismTask --use-compress-program unzstd
2026-04-23T03:38:10.7841449Z Cache restored successfully
2026-04-23T03:38:10.7844794Z Restored cache entry with key gradle-kotlin-dsl-v1-f0324cab88311838857dc985d2a29cc5 to /home/runner/.gradle/caches/*/kotlin-dsl/accessors/*/,/home/runner/.gradle/caches/*/kotlin-dsl/scripts/*/ in 1067ms
2026-04-23T03:38:11.0782624Z Received 29360128 of 835481678 (3.5%), 28.0 MBs/sec
2026-04-23T03:38:11.0998471Z Received 33554432 of 136352669 (24.6%), 31.9 MBs/sec
2026-04-23T03:38:11.1218223Z Received 25165824 of 450738123 (5.6%), 23.9 MBs/sec
2026-04-23T03:38:11.1403277Z Received 29410492 of 41993404 (70.0%), 28.0 MBs/sec
2026-04-23T03:38:11.3033990Z Received 41993404 of 41993404 (100.0%), 34.4 MBs/sec
2026-04-23T03:38:11.3036193Z Cache Size: ~40 MB (41993404 B)
2026-04-23T03:38:11.3253957Z [command]/usr/bin/tar -xf /home/runner/work/_temp/82e272af-ed3c-4409-b2f9-6e36e2a9dad1/cache.tzst -P -C /home/runner/work/prismTask/prismTask --use-compress-program unzstd
2026-04-23T03:38:11.5836818Z Cache restored successfully
2026-04-23T03:38:11.5867435Z Restored cache entry with key gradle-generated-gradle-jars-v1-cb4b032a7d08b9bf1e84e9eacaebcc29 to /home/runner/.gradle/caches/9.3.1/generated-gradle-jars/gradle-api-9.3.1.jar in 1870ms
2026-04-23T03:38:12.0373397Z Received 136352669 of 136352669 (100.0%), 67.1 MBs/sec
2026-04-23T03:38:12.0394958Z Cache Size: ~130 MB (136352669 B)
2026-04-23T03:38:12.0451351Z [command]/usr/bin/tar -xf /home/runner/work/_temp/6e7587e2-38f8-4316-abc0-2e7153d6a16d/cache.tzst -P -C /home/runner/work/prismTask/prismTask --use-compress-program unzstd
2026-04-23T03:38:12.0824493Z Received 134217728 of 835481678 (16.1%), 63.9 MBs/sec
2026-04-23T03:38:12.1495597Z Received 150994944 of 450738123 (33.5%), 70.8 MBs/sec
2026-04-23T03:38:12.2502669Z Cache restored successfully
2026-04-23T03:38:12.2551281Z Restored cache entry with key gradle-wrapper-zips-v1-8c0de4c6bda6041d6e054bf825a89c98 to /home/runner/.gradle/wrapper/dists/gradle-9.3.1-bin/23ovyewtku6u96viwx3xl3oks in 2537ms
2026-04-23T03:38:13.0903631Z Received 276824064 of 835481678 (33.1%), 87.7 MBs/sec
2026-04-23T03:38:13.1504940Z Received 314572800 of 450738123 (69.8%), 98.9 MBs/sec
2026-04-23T03:38:13.8822577Z Received 450738123 of 450738123 (100.0%), 114.2 MBs/sec
2026-04-23T03:38:13.8825638Z Cache Size: ~430 MB (450738123 B)
2026-04-23T03:38:13.8869500Z [command]/usr/bin/tar -xf /home/runner/work/_temp/4886f8eb-c8a6-4ca1-8f4d-26e013d48063/cache.tzst -P -C /home/runner/work/prismTask/prismTask --use-compress-program unzstd
2026-04-23T03:38:14.0888616Z Received 444596224 of 835481678 (53.2%), 105.7 MBs/sec
2026-04-23T03:38:15.0889697Z Received 637534208 of 835481678 (76.3%), 121.3 MBs/sec
2026-04-23T03:38:16.0898167Z Received 805306368 of 835481678 (96.4%), 127.7 MBs/sec
2026-04-23T03:38:16.3861270Z Received 835481678 of 835481678 (100.0%), 126.3 MBs/sec
2026-04-23T03:38:16.3862808Z Cache Size: ~797 MB (835481678 B)
2026-04-23T03:38:16.3943824Z [command]/usr/bin/tar -xf /home/runner/work/_temp/8f0d2816-af81-4c91-a65b-e3a8ee24cb0a/cache.tzst -P -C /home/runner/work/prismTask/prismTask --use-compress-program unzstd
2026-04-23T03:38:19.2469182Z Cache restored successfully
2026-04-23T03:38:19.2632997Z Restored cache entry with key gradle-transforms-v1-1246db09b3117d149a1a930a7af9e180 to /home/runner/.gradle/caches/transforms-4/*/,/home/runner/.gradle/caches/*/transforms/*/ in 9544ms
2026-04-23T03:38:19.9373034Z Cache restored successfully
2026-04-23T03:38:19.9629387Z Restored cache entry with key gradle-dependencies-v1-9ee79b21fda0950e718be0b021d63df4 to /home/runner/.gradle/caches/modules-*/files-*/*/*/*/* in 10245ms
2026-04-23T03:38:19.9898969Z ##[endgroup]
2026-04-23T03:38:20.0161299Z ##[group]All Gradle Wrapper jars are valid
2026-04-23T03:38:20.0168780Z ✓ Found known Gradle Wrapper JAR files:
2026-04-23T03:38:20.0169809Z   b3a875ddc1f044746e1b1a55f645584505f4a10438c1afea9f15e92a7c42ec13 gradle/wrapper/gradle-wrapper.jar
2026-04-23T03:38:20.0170741Z ##[endgroup]
2026-04-23T03:38:20.0336602Z ##[group]Run chmod +x gradlew
2026-04-23T03:38:20.0337075Z [36;1mchmod +x gradlew[0m
2026-04-23T03:38:20.0359907Z shell: /usr/bin/bash --noprofile --norc -e -o pipefail {0}
2026-04-23T03:38:20.0360596Z env:
2026-04-23T03:38:20.0360990Z   JAVA_HOME: /opt/hostedtoolcache/Java_Temurin-Hotspot_jdk/21.0.10-7/x64
2026-04-23T03:38:20.0361592Z   JAVA_HOME_21_X64: /opt/hostedtoolcache/Java_Temurin-Hotspot_jdk/21.0.10-7/x64
2026-04-23T03:38:20.0362612Z   GRADLE_ACTION_ID: gradle/actions/setup-gradle
2026-04-23T03:38:20.0362942Z   GRADLE_USER_HOME: /home/runner/.gradle
2026-04-23T03:38:20.0363311Z   GRADLE_BUILD_ACTION_SETUP_COMPLETED: true
2026-04-23T03:38:20.0363908Z   GRADLE_BUILD_ACTION_CACHE_RESTORED: true
2026-04-23T03:38:20.0364502Z   DEVELOCITY_INJECTION_INIT_SCRIPT_NAME: gradle-actions.inject-develocity.init.gradle
2026-04-23T03:38:20.0365146Z   DEVELOCITY_INJECTION_CUSTOM_VALUE: gradle-actions
2026-04-23T03:38:20.0365771Z   GITHUB_DEPENDENCY_GRAPH_ENABLED: false
2026-04-23T03:38:20.0366123Z ##[endgroup]
2026-04-23T03:38:20.1373623Z ##[group]Run ./gradlew ktlintCheck --continue
2026-04-23T03:38:20.1374027Z [36;1m./gradlew ktlintCheck --continue[0m
2026-04-23T03:38:20.1387816Z shell: /usr/bin/bash -e {0}
2026-04-23T03:38:20.1388116Z env:
2026-04-23T03:38:20.1388451Z   JAVA_HOME: /opt/hostedtoolcache/Java_Temurin-Hotspot_jdk/21.0.10-7/x64
2026-04-23T03:38:20.1388955Z   JAVA_HOME_21_X64: /opt/hostedtoolcache/Java_Temurin-Hotspot_jdk/21.0.10-7/x64
2026-04-23T03:38:20.1389382Z   GRADLE_ACTION_ID: gradle/actions/setup-gradle
2026-04-23T03:38:20.1389706Z   GRADLE_USER_HOME: /home/runner/.gradle
2026-04-23T03:38:20.1390010Z   GRADLE_BUILD_ACTION_SETUP_COMPLETED: true
2026-04-23T03:38:20.1390318Z   GRADLE_BUILD_ACTION_CACHE_RESTORED: true
2026-04-23T03:38:20.1390758Z   DEVELOCITY_INJECTION_INIT_SCRIPT_NAME: gradle-actions.inject-develocity.init.gradle
2026-04-23T03:38:20.1391372Z   DEVELOCITY_INJECTION_CUSTOM_VALUE: gradle-actions
2026-04-23T03:38:20.1391704Z   GITHUB_DEPENDENCY_GRAPH_ENABLED: false
2026-04-23T03:38:20.1392150Z ##[endgroup]
2026-04-23T03:38:22.1280618Z Starting a Gradle Daemon (subsequent builds will be faster)
2026-04-23T03:38:26.7278995Z Configuration on demand is an incubating feature.
2026-04-23T03:38:33.5271257Z 
2026-04-23T03:38:33.5281964Z > Configure project :app
2026-04-23T03:38:33.5283813Z WARNING: The option setting 'android.builtInKotlin=false' is deprecated.
2026-04-23T03:38:33.5284897Z The current default is 'true'.
2026-04-23T03:38:33.5285686Z It will be removed in version 10.0 of the Android Gradle plugin.
2026-04-23T03:38:33.5286655Z WARNING: The option setting 'android.newDsl=false' is deprecated.
2026-04-23T03:38:33.5287492Z The current default is 'true'.
2026-04-23T03:38:33.5288630Z It will be removed in version 10.0 of the Android Gradle plugin.
2026-04-23T03:38:33.5289900Z WARNING: The option setting 'android.dependency.excludeLibraryComponentsFromConstraints=true' is deprecated.
2026-04-23T03:38:33.5291042Z The current default is 'false'.
2026-04-23T03:38:33.5291871Z It will be removed in version 10.0 of the Android Gradle plugin.
2026-04-23T03:38:33.5292955Z Following can be set instead to achieve a similar behaviour.
2026-04-23T03:38:33.5293715Z     android.dependency.useConstraints=false
2026-04-23T03:38:35.1277444Z w: ⚠️ Deprecated 'org.jetbrains.kotlin.android' plugin usage
2026-04-23T03:38:35.1279341Z The 'org.jetbrains.kotlin.android' plugin in project ':app' is no longer required for Kotlin support since AGP 9.0.
2026-04-23T03:38:35.1281545Z Solution: Remove both `android.builtInKotlin=true` and `android.newDsl=false` from `gradle.properties`, then migrate to built-in Kotlin.
2026-04-23T03:38:35.1283178Z See https://kotl.in/gradle/agp-built-in-kotlin for more details.
2026-04-23T03:38:35.1284020Z 
2026-04-23T03:38:35.7283229Z 
2026-04-23T03:38:35.7298379Z > Task :app:loadKtlintReporters FROM-CACHE
2026-04-23T03:38:35.7299525Z > Task :app:runKtlintCheckOverAndroidTestDebugSourceSet NO-SOURCE
2026-04-23T03:38:35.7300435Z > Task :app:ktlintAndroidTestDebugSourceSetCheck SKIPPED
2026-04-23T03:38:35.7301398Z > Task :app:runKtlintCheckOverAndroidTestReleaseSourceSet NO-SOURCE
2026-04-23T03:38:35.7302587Z > Task :app:ktlintAndroidTestReleaseSourceSetCheck SKIPPED
2026-04-23T03:38:35.8316082Z > Task :app:runKtlintCheckOverDebugSourceSet FROM-CACHE
2026-04-23T03:38:35.8353124Z > Task :app:ktlintDebugSourceSetCheck FROM-CACHE
2026-04-23T03:38:35.8385693Z > Task :app:runKtlintCheckOverKotlinScripts FROM-CACHE
2026-04-23T03:38:35.8394517Z > Task :app:ktlintKotlinScriptCheck FROM-CACHE
2026-04-23T03:38:36.0313589Z > Task :app:runKtlintCheckOverReleaseSourceSet FROM-CACHE
2026-04-23T03:38:36.0366982Z > Task :app:ktlintReleaseSourceSetCheck FROM-CACHE
2026-04-23T03:38:36.0414725Z > Task :app:runKtlintCheckOverTestDebugSourceSet NO-SOURCE
2026-04-23T03:38:36.0498801Z > Task :app:ktlintTestDebugSourceSetCheck SKIPPED
2026-04-23T03:38:36.0557057Z > Task :app:runKtlintCheckOverTestFixturesDebugSourceSet NO-SOURCE
2026-04-23T03:38:36.0597374Z > Task :app:ktlintTestFixturesDebugSourceSetCheck SKIPPED
2026-04-23T03:38:36.0641146Z > Task :app:runKtlintCheckOverTestFixturesReleaseSourceSet NO-SOURCE
2026-04-23T03:38:36.0682770Z > Task :app:ktlintTestFixturesReleaseSourceSetCheck SKIPPED
2026-04-23T03:38:36.0683599Z > Task :app:runKtlintCheckOverTestFixturesSourceSet NO-SOURCE
2026-04-23T03:38:36.0741144Z > Task :app:ktlintTestFixturesSourceSetCheck SKIPPED
2026-04-23T03:38:36.0792833Z > Task :app:runKtlintCheckOverTestReleaseSourceSet NO-SOURCE
2026-04-23T03:38:36.0932849Z > Task :app:ktlintTestReleaseSourceSetCheck SKIPPED
2026-04-23T03:38:36.1323261Z > Task :app:runKtlintCheckOverTestSourceSet FROM-CACHE
2026-04-23T03:38:36.1352935Z > Task :app:ktlintTestSourceSetCheck FROM-CACHE
2026-04-23T03:38:42.8297170Z > Task :app:runKtlintCheckOverAndroidTestSourceSet
2026-04-23T03:38:42.9302521Z 
2026-04-23T03:38:42.9333173Z > Task :app:ktlintAndroidTestSourceSetCheck FAILED
2026-04-23T03:38:42.9362744Z /home/runner/work/prismTask/prismTask/app/src/androidTest/java/com/averycorp/prismtask/Migration48To49Test.kt:57:23 Argument should be on a separate line (unless all arguments can fit a single line)
2026-04-23T03:38:42.9387880Z /home/runner/work/prismTask/prismTask/app/src/androidTest/java/com/averycorp/prismtask/Migration48To49Test.kt:57:34 Argument should be on a separate line (unless all arguments can fit a single line)
2026-04-23T03:38:42.9413701Z /home/runner/work/prismTask/prismTask/app/src/androidTest/java/com/averycorp/prismtask/Migration48To49Test.kt:58:34 Argument should be on a separate line (unless all arguments can fit a single line)
2026-04-23T03:38:42.9436349Z /home/runner/work/prismTask/prismTask/app/src/androidTest/java/com/averycorp/prismtask/Migration48To49Test.kt:58:48 Argument should be on a separate line (unless all arguments can fit a single line)
2026-04-23T03:39:03.4271173Z 
2026-04-23T03:39:03.4287355Z 
2026-04-23T03:39:03.4288050Z > Task :app:runKtlintCheckOverMainSourceSet
2026-04-23T03:39:03.4289086Z FAILURE: Build failed with an exception.
2026-04-23T03:39:03.4289748Z > Task :app:ktlintMainSourceSetCheck FROM-CACHE
2026-04-23T03:39:03.4290373Z 
2026-04-23T03:39:03.4291032Z gradle/actions: Writing build results to /home/runner/work/_temp/.gradle-actions/build-results/__run-1776915508965.json
2026-04-23T03:39:03.4292362Z * What went wrong:
2026-04-23T03:39:03.4292616Z 
2026-04-23T03:39:03.4293247Z Execution failed for task ':app:ktlintAndroidTestSourceSetCheck'.
2026-04-23T03:39:03.4294548Z [Incubating] Problems report is available at: file:///home/runner/work/prismTask/prismTask/build/reports/problems/problems-report.html
2026-04-23T03:39:03.4312695Z 
2026-04-23T03:39:03.4318349Z > A failure occurred while executing org.jlleitschuh.gradle.ktlint.worker.ConsoleReportWorkAction
2026-04-23T03:39:03.4323002Z    > KtLint found code style violations. Please see the following reports:
2026-04-23T03:39:03.4324066Z Deprecated Gradle features were used in this build, making it incompatible with Gradle 10.
2026-04-23T03:39:03.4325634Z      - /home/runner/work/prismTask/prismTask/app/build/reports/ktlint/ktlintAndroidTestSourceSetCheck/ktlintAndroidTestSourceSetCheck.txt
2026-04-23T03:39:03.4326649Z 
2026-04-23T03:39:03.4326808Z * Try:
2026-04-23T03:39:03.4327268Z > Run with --stacktrace option to get the stack trace.
2026-04-23T03:39:03.4327973Z > Run with --info or --debug option to get more log output.
2026-04-23T03:39:03.4328827Z > Run with --scan to get full insights from a Build Scan (powered by Develocity).
2026-04-23T03:39:03.4329648Z > Get more help at https://help.gradle.org.
2026-04-23T03:39:03.4330038Z 
2026-04-23T03:39:03.4330200Z BUILD FAILED in 43s
2026-04-23T03:39:03.4330454Z 
2026-04-23T03:39:03.4331229Z You can use '--warning-mode all' to show the individual deprecation warnings and determine if they come from your own scripts or plugins.
2026-04-23T03:39:03.4332274Z 
2026-04-23T03:39:03.4333328Z For more on this, please refer to https://docs.gradle.org/9.3.1/userguide/command_line_interface.html#sec:command_line_warnings in the Gradle documentation.
2026-04-23T03:39:03.4334882Z 13 actionable tasks: 3 executed, 10 from cache
2026-04-23T03:39:03.8987197Z ##[error]Process completed with exit code 1.
2026-04-23T03:39:03.9029922Z ##[group]Run ./gradlew detekt --continue
2026-04-23T03:39:03.9030266Z [36;1m./gradlew detekt --continue[0m
2026-04-23T03:39:03.9043837Z shell: /usr/bin/bash -e {0}
2026-04-23T03:39:03.9044104Z env:
2026-04-23T03:39:03.9044431Z   JAVA_HOME: /opt/hostedtoolcache/Java_Temurin-Hotspot_jdk/21.0.10-7/x64
2026-04-23T03:39:03.9044929Z   JAVA_HOME_21_X64: /opt/hostedtoolcache/Java_Temurin-Hotspot_jdk/21.0.10-7/x64
2026-04-23T03:39:03.9045344Z   GRADLE_ACTION_ID: gradle/actions/setup-gradle
2026-04-23T03:39:03.9045664Z   GRADLE_USER_HOME: /home/runner/.gradle
2026-04-23T03:39:03.9045967Z   GRADLE_BUILD_ACTION_SETUP_COMPLETED: true
2026-04-23T03:39:03.9046267Z   GRADLE_BUILD_ACTION_CACHE_RESTORED: true
2026-04-23T03:39:03.9046842Z   DEVELOCITY_INJECTION_INIT_SCRIPT_NAME: gradle-actions.inject-develocity.init.gradle
2026-04-23T03:39:03.9047325Z   DEVELOCITY_INJECTION_CUSTOM_VALUE: gradle-actions
2026-04-23T03:39:03.9047654Z   GITHUB_DEPENDENCY_GRAPH_ENABLED: false
2026-04-23T03:39:03.9047982Z ##[endgroup]
2026-04-23T03:39:04.5449060Z Configuration on demand is an incubating feature.
2026-04-23T03:39:05.0436762Z 
2026-04-23T03:39:05.0456651Z > Configure project :app
2026-04-23T03:39:05.0501555Z WARNING: The option setting 'android.builtInKotlin=false' is deprecated.
2026-04-23T03:39:05.0512744Z The current default is 'true'.
2026-04-23T03:39:05.0513452Z It will be removed in version 10.0 of the Android Gradle plugin.
2026-04-23T03:39:05.0514241Z WARNING: The option setting 'android.newDsl=false' is deprecated.
2026-04-23T03:39:05.0514893Z The current default is 'true'.
2026-04-23T03:39:05.0515484Z It will be removed in version 10.0 of the Android Gradle plugin.
2026-04-23T03:39:05.0516640Z WARNING: The option setting 'android.dependency.excludeLibraryComponentsFromConstraints=true' is deprecated.
2026-04-23T03:39:05.0517655Z The current default is 'false'.
2026-04-23T03:39:05.0518249Z It will be removed in version 10.0 of the Android Gradle plugin.
2026-04-23T03:39:05.0519088Z Following can be set instead to achieve a similar behaviour.
2026-04-23T03:39:05.0522879Z     android.dependency.useConstraints=false
2026-04-23T03:39:05.0524088Z w: ⚠️ Deprecated 'org.jetbrains.kotlin.android' plugin usage
2026-04-23T03:39:05.0525353Z The 'org.jetbrains.kotlin.android' plugin in project ':app' is no longer required for Kotlin support since AGP 9.0.
2026-04-23T03:39:05.0527134Z Solution: Remove both `android.builtInKotlin=true` and `android.newDsl=false` from `gradle.properties`, then migrate to built-in Kotlin.
2026-04-23T03:39:05.0528569Z See https://kotl.in/gradle/agp-built-in-kotlin for more details.
2026-04-23T03:39:05.0529230Z 
2026-04-23T03:39:05.7452681Z 
2026-04-23T03:39:05.7453705Z > Task :detekt-rules:checkKotlinGradlePluginConfigurationErrors SKIPPED
2026-04-23T03:39:05.8443922Z > Task :detekt-rules:compileKotlin FROM-CACHE
2026-04-23T03:39:05.8473328Z > Task :detekt-rules:compileJava NO-SOURCE
2026-04-23T03:39:05.8487403Z > Task :detekt-rules:processResources
2026-04-23T03:39:05.8492220Z > Task :detekt-rules:classes
2026-04-23T03:39:05.9435830Z > Task :detekt-rules:jar
2026-04-23T03:39:35.9453269Z > Task :app:detekt
2026-04-23T03:39:42.9438044Z /home/runner/work/prismTask/prismTask/app/src/androidTest/java/com/averycorp/prismtask/Migration48To49Test.kt:57:23: Argument should be on a separate line (unless all arguments can fit a single line) [ArgumentListWrapping]
2026-04-23T03:39:42.9440750Z /home/runner/work/prismTask/prismTask/app/src/androidTest/java/com/averycorp/prismtask/Migration48To49Test.kt:57:46: Argument should be on a separate line (unless all arguments can fit a single line) [ArgumentListWrapping]
2026-04-23T03:39:42.9443787Z /home/runner/work/prismTask/prismTask/app/src/androidTest/java/com/averycorp/prismtask/Migration48To49Test.kt:58:58: Argument should be on a separate line (unless all arguments can fit a single line) [ArgumentListWrapping]
2026-04-23T03:39:42.9453627Z 
2026-04-23T03:39:42.9455658Z /home/runner/work/prismTask/prismTask/app/src/androidTest/java/com/averycorp/prismtask/Migration48To49Test.kt:60:15: Argument should be on a separate line (unless all arguments can fit a single line) [ArgumentListWrapping]
2026-04-23T03:39:42.9457833Z FAILURE: Build failed with an exception.
2026-04-23T03:39:42.9458259Z 
2026-04-23T03:39:42.9460198Z 
2026-04-23T03:39:42.9460208Z 
2026-04-23T03:39:42.9465148Z * What went wrong:
2026-04-23T03:39:42.9465613Z > Task :app:detekt FAILED
2026-04-23T03:39:42.9466563Z Execution failed for task ':app:detekt'.
2026-04-23T03:39:42.9467192Z > Analysis failed with 4 weighted issues.
2026-04-23T03:39:42.9467582Z 
2026-04-23T03:39:42.9467728Z * Try:
2026-04-23T03:39:42.9468214Z > Run with --stacktrace option to get the stack trace.
2026-04-23T03:39:42.9469357Z > Run with --info or --debug option to get more log output.
2026-04-23T03:39:42.9470195Z > Run with --scan to get full insights from a Build Scan (powered by Develocity).
2026-04-23T03:39:42.9470993Z > Get more help at https://help.gradle.org.
2026-04-23T03:39:42.9472179Z gradle/actions: Writing build results to /home/runner/work/_temp/.gradle-actions/build-results/__run_2-1776915544535.json
2026-04-23T03:39:42.9473017Z 
2026-04-23T03:39:42.9473838Z [Incubating] Problems report is available at: file:///home/runner/work/prismTask/prismTask/build/reports/problems/problems-report.html
2026-04-23T03:39:42.9474779Z 
2026-04-23T03:39:42.9484159Z Deprecated Gradle features were used in this build, making it incompatible with Gradle 10.
2026-04-23T03:39:42.9493621Z 
2026-04-23T03:39:42.9493657Z 
2026-04-23T03:39:42.9496625Z You can use '--warning-mode all' to show the individual deprecation warnings and determine if they come from your own scripts or plugins.
2026-04-23T03:39:42.9497809Z 
2026-04-23T03:39:42.9498840Z For more on this, please refer to https://docs.gradle.org/9.3.1/userguide/command_line_interface.html#sec:command_line_warnings in the Gradle documentation.
2026-04-23T03:39:42.9500222Z 4 actionable tasks: 3 executed, 1 from cache
2026-04-23T03:39:42.9512851Z BUILD FAILED in 39s
2026-04-23T03:39:43.0147552Z ##[error]Process completed with exit code 1.
2026-04-23T03:39:43.0183932Z ##[group]Run ./gradlew lint --continue
2026-04-23T03:39:43.0184506Z [36;1m./gradlew lint --continue[0m
2026-04-23T03:39:43.0198318Z shell: /usr/bin/bash -e {0}
2026-04-23T03:39:43.0198590Z env:
2026-04-23T03:39:43.0198927Z   JAVA_HOME: /opt/hostedtoolcache/Java_Temurin-Hotspot_jdk/21.0.10-7/x64
2026-04-23T03:39:43.0199423Z   JAVA_HOME_21_X64: /opt/hostedtoolcache/Java_Temurin-Hotspot_jdk/21.0.10-7/x64
2026-04-23T03:39:43.0199844Z   GRADLE_ACTION_ID: gradle/actions/setup-gradle
2026-04-23T03:39:43.0200161Z   GRADLE_USER_HOME: /home/runner/.gradle
2026-04-23T03:39:43.0200461Z   GRADLE_BUILD_ACTION_SETUP_COMPLETED: true
2026-04-23T03:39:43.0200782Z   GRADLE_BUILD_ACTION_CACHE_RESTORED: true
2026-04-23T03:39:43.0201228Z   DEVELOCITY_INJECTION_INIT_SCRIPT_NAME: gradle-actions.inject-develocity.init.gradle
2026-04-23T03:39:43.0201705Z   DEVELOCITY_INJECTION_CUSTOM_VALUE: gradle-actions
2026-04-23T03:39:43.0202218Z   GITHUB_DEPENDENCY_GRAPH_ENABLED: false
2026-04-23T03:39:43.0202683Z ##[endgroup]
2026-04-23T03:39:43.7432195Z Configuration on demand is an incubating feature.
2026-04-23T03:39:44.0407057Z 
2026-04-23T03:39:44.0445587Z > Configure project :app
2026-04-23T03:39:44.0463278Z WARNING: The option setting 'android.builtInKotlin=false' is deprecated.
2026-04-23T03:39:44.0464348Z The current default is 'true'.
2026-04-23T03:39:44.0465419Z It will be removed in version 10.0 of the Android Gradle plugin.
2026-04-23T03:39:44.0466254Z WARNING: The option setting 'android.newDsl=false' is deprecated.
2026-04-23T03:39:44.0466912Z The current default is 'true'.
2026-04-23T03:39:44.0467519Z It will be removed in version 10.0 of the Android Gradle plugin.
2026-04-23T03:39:44.0468716Z WARNING: The option setting 'android.dependency.excludeLibraryComponentsFromConstraints=true' is deprecated.
2026-04-23T03:39:44.0469724Z The current default is 'false'.
2026-04-23T03:39:44.0470318Z It will be removed in version 10.0 of the Android Gradle plugin.
2026-04-23T03:39:44.0471076Z Following can be set instead to achieve a similar behaviour.
2026-04-23T03:39:44.0471733Z     android.dependency.useConstraints=false
2026-04-23T03:39:44.0472982Z w: ⚠️ Deprecated 'org.jetbrains.kotlin.android' plugin usage
2026-04-23T03:39:44.0474034Z The 'org.jetbrains.kotlin.android' plugin in project ':app' is no longer required for Kotlin support since AGP 9.0.
2026-04-23T03:39:44.0475535Z Solution: Remove both `android.builtInKotlin=true` and `android.newDsl=false` from `gradle.properties`, then migrate to built-in Kotlin.
2026-04-23T03:39:44.0477074Z See https://kotl.in/gradle/agp-built-in-kotlin for more details.
2026-04-23T03:39:44.0477566Z 
2026-04-23T03:39:44.9390542Z 
2026-04-23T03:39:44.9403539Z > Task :app:checkKotlinGradlePluginConfigurationErrors SKIPPED
2026-04-23T03:39:44.9404668Z > Task :app:preBuild UP-TO-DATE
2026-04-23T03:39:44.9405311Z > Task :app:preDebugBuild UP-TO-DATE
2026-04-23T03:39:44.9406007Z > Task :app:generateDebugBuildConfig FROM-CACHE
2026-04-23T03:39:44.9406809Z > Task :app:generateDebugResValues FROM-CACHE
2026-04-23T03:39:44.9407551Z > Task :app:generateDebugResources FROM-CACHE
2026-04-23T03:39:44.9408320Z > Task :app:injectCrashlyticsMappingFileIdDebug
2026-04-23T03:39:44.9409114Z > Task :app:processDebugGoogleServices FROM-CACHE
2026-04-23T03:39:45.0403446Z > Task :app:packageDebugResources FROM-CACHE
2026-04-23T03:39:45.3392530Z > Task :app:processDebugNavigationResources FROM-CACHE
2026-04-23T03:39:45.9407751Z > Task :app:parseDebugLocalResources FROM-CACHE
2026-04-23T03:39:45.9434181Z > Task :app:generateDebugRFile FROM-CACHE
2026-04-23T03:39:46.5400475Z > Task :app:javaPreCompileDebug FROM-CACHE
2026-04-23T03:39:46.6409210Z > Task :app:mapDebugSourceSetPaths
2026-04-23T03:39:46.6434237Z > Task :app:compileDebugNavigationResources FROM-CACHE
2026-04-23T03:39:46.6450980Z > Task :app:checkDebugAarMetadata
2026-04-23T03:39:46.9423598Z > Task :app:mergeDebugResources FROM-CACHE
2026-04-23T03:39:46.9424680Z > Task :app:createDebugCompatibleScreenManifests
2026-04-23T03:39:46.9426037Z > Task :app:extractDeepLinksDebug FROM-CACHE
2026-04-23T03:39:47.0394634Z > Task :app:processDebugMainManifest FROM-CACHE
2026-04-23T03:39:47.0423317Z > Task :app:processDebugManifest FROM-CACHE
2026-04-23T03:39:47.0452891Z > Task :app:processDebugManifestForPackage FROM-CACHE
2026-04-23T03:39:47.3413279Z > Task :app:processDebugResources FROM-CACHE
2026-04-23T03:39:47.3438551Z > Task :app:preDebugAndroidTestBuild SKIPPED
2026-04-23T03:39:47.3439654Z > Task :app:generateDebugAndroidTestResValues FROM-CACHE
2026-04-23T03:39:47.3440686Z > Task :app:extractProguardFiles
2026-04-23T03:39:47.3441347Z > Task :app:preDebugUnitTestBuild UP-TO-DATE
2026-04-23T03:40:15.9416101Z > Task :app:kspDebugKotlin
2026-04-23T03:40:48.9415809Z > Task :app:compileDebugKotlin
2026-04-23T03:41:55.4428596Z w: file:///home/runner/work/prismTask/prismTask/app/build/generated/ksp/debug/kotlin/com/averycorp/prismtask/data/local/dao/HabitCompletionDao_Impl.kt:120:23 This declaration overrides a deprecated member but is not marked as deprecated itself. Add the '@Deprecated' annotation or suppress the diagnostic.
2026-04-23T03:41:55.4447672Z w: file:///home/runner/work/prismTask/prismTask/app/build/generated/ksp/debug/kotlin/com/averycorp/prismtask/data/local/dao/HabitCompletionDao_Impl.kt:317:23 This declaration overrides a deprecated member but is not marked as deprecated itself. Add the '@Deprecated' annotation or suppress the diagnostic.
2026-04-23T03:41:55.4451273Z w: file:///home/runner/work/prismTask/prismTask/app/build/generated/ksp/debug/kotlin/com/averycorp/prismtask/data/local/dao/HabitCompletionDao_Impl.kt:365:31 This declaration overrides a deprecated member but is not marked as deprecated itself. Add the '@Deprecated' annotation or suppress the diagnostic.
2026-04-23T03:41:55.4524587Z w: file:///home/runner/work/prismTask/prismTask/app/build/generated/ksp/debug/kotlin/com/averycorp/prismtask/data/local/dao/HabitCompletionDao_Impl.kt:413:31 This declaration overrides a deprecated member but is not marked as deprecated itself. Add the '@Deprecated' annotation or suppress the diagnostic.
2026-04-23T03:41:55.4584527Z w: file:///home/runner/work/prismTask/prismTask/app/build/generated/ksp/debug/kotlin/com/averycorp/prismtask/data/local/dao/HabitCompletionDao_Impl.kt:461:31 This declaration overrides a deprecated member but is not marked as deprecated itself. Add the '@Deprecated' annotation or suppress the diagnostic.
2026-04-23T03:41:55.4644681Z w: file:///home/runner/work/prismTask/prismTask/app/build/generated/ksp/debug/kotlin/com/averycorp/prismtask/data/local/dao/HabitCompletionDao_Impl.kt:882:31 This declaration overrides a deprecated member but is not marked as deprecated itself. Add the '@Deprecated' annotation or suppress the diagnostic.
2026-04-23T03:41:55.4704716Z w: file:///home/runner/work/prismTask/prismTask/app/build/generated/ksp/debug/kotlin/com/averycorp/prismtask/data/local/dao/HabitCompletionDao_Impl.kt:914:31 This declaration overrides a deprecated member but is not marked as deprecated itself. Add the '@Deprecated' annotation or suppress the diagnostic.
2026-04-23T03:41:55.4764104Z w: file:///home/runner/work/prismTask/prismTask/app/src/main/java/com/averycorp/prismtask/PrismTaskApplication.kt:149:22 'fun setPersistenceEnabled(p0: Boolean): FirebaseFirestoreSettings.Builder' is deprecated. Deprecated in Java.
2026-04-23T03:41:55.4787600Z w: file:///home/runner/work/prismTask/prismTask/app/src/main/java/com/averycorp/prismtask/data/billing/BillingManager.kt:57:5 This annotation is currently applied to the value parameter only, but in the future it will also be applied to field.
2026-04-23T03:41:55.4803559Z - To opt in to applying to both value parameter and field, add '-Xannotation-default-target=param-property' to your compiler arguments.
2026-04-23T03:41:55.4855021Z - To keep applying to the value parameter only, use the '@param:' annotation target.
2026-04-23T03:41:55.4856074Z 
2026-04-23T03:41:55.4856600Z See https://youtrack.jetbrains.com/issue/KT-73255 for more details.
2026-04-23T03:41:55.4859019Z w: file:///home/runner/work/prismTask/prismTask/app/src/main/java/com/averycorp/prismtask/data/calendar/CalendarManager.kt:6:8 'class GoogleSignIn : Any' is deprecated. Deprecated in Java.
2026-04-23T03:41:55.4862290Z w: file:///home/runner/work/prismTask/prismTask/app/src/main/java/com/averycorp/prismtask/data/calendar/CalendarManager.kt:7:8 'class GoogleSignInOptions : AbstractSafeParcelable, Api.ApiOptions.Optional, ReflectedParcelable' is deprecated. Deprecated in Java.
2026-04-23T03:41:55.4865765Z w: file:///home/runner/work/prismTask/prismTask/app/src/main/java/com/averycorp/prismtask/data/calendar/CalendarManager.kt:44:5 This annotation is currently applied to the value parameter only, but in the future it will also be applied to field.
2026-04-23T03:41:55.4868636Z - To opt in to applying to both value parameter and field, add '-Xannotation-default-target=param-property' to your compiler arguments.
2026-04-23T03:41:55.4870148Z - To keep applying to the value parameter only, use the '@param:' annotation target.
2026-04-23T03:41:55.4870928Z 
2026-04-23T03:41:55.4871449Z See https://youtrack.jetbrains.com/issue/KT-73255 for more details.
2026-04-23T03:41:55.4873441Z w: file:///home/runner/work/prismTask/prismTask/app/src/main/java/com/averycorp/prismtask/data/calendar/CalendarManager.kt:58:23 'class GoogleSignIn : Any' is deprecated. Deprecated in Java.
2026-04-23T03:41:55.4876299Z w: file:///home/runner/work/prismTask/prismTask/app/src/main/java/com/averycorp/prismtask/data/calendar/CalendarManager.kt:69:85 'class GoogleSignInClient : GoogleApi<GoogleSignInOptions!>' is deprecated. Deprecated in Java.
2026-04-23T03:41:55.4879813Z w: file:///home/runner/work/prismTask/prismTask/app/src/main/java/com/averycorp/prismtask/data/calendar/CalendarManager.kt:70:19 'class GoogleSignInOptions : AbstractSafeParcelable, Api.ApiOptions.Optional, ReflectedParcelable' is deprecated. Deprecated in Java.
2026-04-23T03:41:55.4883659Z w: file:///home/runner/work/prismTask/prismTask/app/src/main/java/com/averycorp/prismtask/data/calendar/CalendarManager.kt:70:47 'class GoogleSignInOptions : AbstractSafeParcelable, Api.ApiOptions.Optional, ReflectedParcelable' is deprecated. Deprecated in Java.
2026-04-23T03:41:55.4886820Z w: file:///home/runner/work/prismTask/prismTask/app/src/main/java/com/averycorp/prismtask/data/calendar/CalendarManager.kt:74:16 'class GoogleSignIn : Any' is deprecated. Deprecated in Java.
2026-04-23T03:41:55.4889356Z w: file:///home/runner/work/prismTask/prismTask/app/src/main/java/com/averycorp/prismtask/data/calendar/CalendarManager.kt:85:28 'class GoogleSignIn : Any' is deprecated. Deprecated in Java.
2026-04-23T03:41:55.4891888Z w: file:///home/runner/work/prismTask/prismTask/app/src/main/java/com/averycorp/prismtask/data/calendar/CalendarManager.kt:121:24 'class GoogleSignIn : Any' is deprecated. Deprecated in Java.
2026-04-23T03:41:55.4895136Z w: file:///home/runner/work/prismTask/prismTask/app/src/main/java/com/averycorp/prismtask/data/calendar/CalendarManager.kt:156:23 'class GoogleSignIn : Any' is deprecated. Deprecated in Java.
2026-04-23T03:41:55.4897857Z w: file:///home/runner/work/prismTask/prismTask/app/src/main/java/com/averycorp/prismtask/data/calendar/CalendarManager.kt:224:23 'class GoogleSignIn : Any' is deprecated. Deprecated in Java.
2026-04-23T03:41:55.4900979Z w: file:///home/runner/work/prismTask/prismTask/app/src/main/java/com/averycorp/prismtask/data/calendar/DefaultCalendarPushDispatcher.kt:28:5 This annotation is currently applied to the value parameter only, but in the future it will also be applied to field.
2026-04-23T03:41:55.4903812Z - To opt in to applying to both value parameter and field, add '-Xannotation-default-target=param-property' to your compiler arguments.
2026-04-23T03:41:55.4905311Z - To keep applying to the value parameter only, use the '@param:' annotation target.
2026-04-23T03:41:55.4906094Z 
2026-04-23T03:41:55.4906594Z See https://youtrack.jetbrains.com/issue/KT-73255 for more details.
2026-04-23T03:41:55.4908895Z w: file:///home/runner/work/prismTask/prismTask/app/src/main/java/com/averycorp/prismtask/data/preferences/A11yPreferences.kt:22:5 This annotation is currently applied to the value parameter only, but in the future it will also be applied to field.
2026-04-23T03:41:55.4911412Z - To opt in to applying to both value parameter and field, add '-Xannotation-default-target=param-property' to your compiler arguments.
2026-04-23T03:41:55.4912998Z - To keep applying to the value parameter only, use the '@param:' annotation target.
2026-04-23T03:41:55.4913725Z 
2026-04-23T03:41:55.4914201Z See https://youtrack.jetbrains.com/issue/KT-73255 for more details.
2026-04-23T03:41:55.4916427Z w: file:///home/runner/work/prismTask/prismTask/app/src/main/java/com/averycorp/prismtask/data/preferences/ArchivePreferences.kt:21:5 This annotation is currently applied to the value parameter only, but in the future it will also be applied to field.
2026-04-23T03:41:55.4918999Z - To opt in to applying to both value parameter and field, add '-Xannotation-default-target=param-property' to your compiler arguments.
2026-04-23T03:41:55.4920412Z - To keep applying to the value parameter only, use the '@param:' annotation target.
2026-04-23T03:41:55.4921180Z 
2026-04-23T03:41:55.4921681Z See https://youtrack.jetbrains.com/issue/KT-73255 for more details.
2026-04-23T03:41:55.4924044Z w: file:///home/runner/work/prismTask/prismTask/app/src/main/java/com/averycorp/prismtask/data/preferences/AuthTokenPreferences.kt:30:5 This annotation is currently applied to the value parameter only, but in the future it will also be applied to field.
2026-04-23T03:41:55.4926536Z - To opt in to applying to both value parameter and field, add '-Xannotation-default-target=param-property' to your compiler arguments.
2026-04-23T03:41:55.4928113Z - To keep applying to the value parameter only, use the '@param:' annotation target.
2026-04-23T03:41:55.4928790Z 
2026-04-23T03:41:55.4929240Z See https://youtrack.jetbrains.com/issue/KT-73255 for more details.
2026-04-23T03:41:55.4931396Z w: file:///home/runner/work/prismTask/prismTask/app/src/main/java/com/averycorp/prismtask/data/preferences/BackendSyncPreferences.kt:29:5 This annotation is currently applied to the value parameter only, but in the future it will also be applied to field.
2026-04-23T03:41:55.4934216Z - To opt in to applying to both value parameter and field, add '-Xannotation-default-target=param-property' to your compiler arguments.
2026-04-23T03:41:55.4935770Z - To keep applying to the value parameter only, use the '@param:' annotation target.
2026-04-23T03:41:55.4936526Z 
2026-04-23T03:41:55.4937042Z See https://youtrack.jetbrains.com/issue/KT-73255 for more details.
2026-04-23T03:41:55.4939330Z w: file:///home/runner/work/prismTask/prismTask/app/src/main/java/com/averycorp/prismtask/data/preferences/BuiltInSyncPreferences.kt:25:5 This annotation is currently applied to the value parameter only, but in the future it will also be applied to field.
2026-04-23T03:41:55.4942508Z - To opt in to applying to both value parameter and field, add '-Xannotation-default-target=param-property' to your compiler arguments.
2026-04-23T03:41:55.4944007Z - To keep applying to the value parameter only, use the '@param:' annotation target.
2026-04-23T03:41:55.4944720Z 
2026-04-23T03:41:55.4945216Z See https://youtrack.jetbrains.com/issue/KT-73255 for more details.
2026-04-23T03:41:55.4947345Z w: file:///home/runner/work/prismTask/prismTask/app/src/main/java/com/averycorp/prismtask/data/preferences/CoachingPreferences.kt:30:5 This annotation is currently applied to the value parameter only, but in the future it will also be applied to field.
2026-04-23T03:41:55.4966127Z - To opt in to applying to both value parameter and field, add '-Xannotation-default-target=param-property' to your compiler arguments.
2026-04-23T03:41:55.4967567Z - To keep applying to the value parameter only, use the '@param:' annotation target.
2026-04-23T03:41:55.4968152Z 
2026-04-23T03:41:55.4968490Z See https://youtrack.jetbrains.com/issue/KT-73255 for more details.
2026-04-23T03:41:55.4970818Z w: file:///home/runner/work/prismTask/prismTask/app/src/main/java/com/averycorp/prismtask/data/preferences/DailyEssentialsPreferences.kt:28:5 This annotation is currently applied to the value parameter only, but in the future it will also be applied to field.
2026-04-23T03:41:55.4973245Z - To opt in to applying to both value parameter and field, add '-Xannotation-default-target=param-property' to your compiler arguments.
2026-04-23T03:41:55.4974351Z - To keep applying to the value parameter only, use the '@param:' annotation target.
2026-04-23T03:41:55.4974844Z 
2026-04-23T03:41:55.4975171Z See https://youtrack.jetbrains.com/issue/KT-73255 for more details.
2026-04-23T03:41:55.4976990Z w: file:///home/runner/work/prismTask/prismTask/app/src/main/java/com/averycorp/prismtask/data/preferences/DashboardPreferences.kt:22:5 This annotation is currently applied to the value parameter only, but in the future it will also be applied to field.
2026-04-23T03:41:55.4979234Z - To opt in to applying to both value parameter and field, add '-Xannotation-default-target=param-property' to your compiler arguments.
2026-04-23T03:41:55.4980502Z - To keep applying to the value parameter only, use the '@param:' annotation target.
2026-04-23T03:41:55.4981053Z 
2026-04-23T03:41:55.4981389Z See https://youtrack.jetbrains.com/issue/KT-73255 for more details.
2026-04-23T03:41:55.4983360Z w: file:///home/runner/work/prismTask/prismTask/app/src/main/java/com/averycorp/prismtask/data/preferences/HabitListPreferences.kt:31:5 This annotation is currently applied to the value parameter only, but in the future it will also be applied to field.
2026-04-23T03:41:55.5014774Z - To opt in to applying to both value parameter and field, add '-Xannotation-default-target=param-property' to your compiler arguments.
2026-04-23T03:41:55.5016145Z - To keep applying to the value parameter only, use the '@param:' annotation target.
2026-04-23T03:41:55.5016777Z 
2026-04-23T03:41:55.5017139Z See https://youtrack.jetbrains.com/issue/KT-73255 for more details.
2026-04-23T03:41:55.5019126Z w: file:///home/runner/work/prismTask/prismTask/app/src/main/java/com/averycorp/prismtask/data/preferences/LeisurePreferences.kt:83:5 This annotation is currently applied to the value parameter only, but in the future it will also be applied to field.
2026-04-23T03:41:55.5021572Z - To opt in to applying to both value parameter and field, add '-Xannotation-default-target=param-property' to your compiler arguments.
2026-04-23T03:41:55.5039866Z - To keep applying to the value parameter only, use the '@param:' annotation target.
2026-04-23T03:41:55.5040494Z 
2026-04-23T03:41:55.5040867Z See https://youtrack.jetbrains.com/issue/KT-73255 for more details.
2026-04-23T03:41:55.5043432Z w: file:///home/runner/work/prismTask/prismTask/app/src/main/java/com/averycorp/prismtask/data/preferences/MedicationMigrationPreferences.kt:29:5 This annotation is currently applied to the value parameter only, but in the future it will also be applied to field.
2026-04-23T03:41:55.5046035Z - To opt in to applying to both value parameter and field, add '-Xannotation-default-target=param-property' to your compiler arguments.
2026-04-23T03:41:55.5047359Z - To keep applying to the value parameter only, use the '@param:' annotation target.
2026-04-23T03:41:55.5047970Z 
2026-04-23T03:41:55.5048342Z See https://youtrack.jetbrains.com/issue/KT-73255 for more details.
2026-04-23T03:41:55.5050243Z w: file:///home/runner/work/prismTask/prismTask/app/src/main/java/com/averycorp/prismtask/data/preferences/MedicationPreferences.kt:26:5 This annotation is currently applied to the value parameter only, but in the future it will also be applied to field.
2026-04-23T03:41:55.5052661Z - To opt in to applying to both value parameter and field, add '-Xannotation-default-target=param-property' to your compiler arguments.
2026-04-23T03:41:55.5053924Z - To keep applying to the value parameter only, use the '@param:' annotation target.
2026-04-23T03:41:55.5054477Z 
2026-04-23T03:41:55.5054815Z See https://youtrack.jetbrains.com/issue/KT-73255 for more details.
2026-04-23T03:41:55.5056991Z w: file:///home/runner/work/prismTask/prismTask/app/src/main/java/com/averycorp/prismtask/data/preferences/MorningCheckInPreferences.kt:32:5 This annotation is currently applied to the value parameter only, but in the future it will also be applied to field.
2026-04-23T03:41:55.5059411Z - To opt in to applying to both value parameter and field, add '-Xannotation-default-target=param-property' to your compiler arguments.
2026-04-23T03:41:55.5060687Z - To keep applying to the value parameter only, use the '@param:' annotation target.
2026-04-23T03:41:55.5061285Z 
2026-04-23T03:41:55.5061635Z See https://youtrack.jetbrains.com/issue/KT-73255 for more details.
2026-04-23T03:41:55.5085959Z w: file:///home/runner/work/prismTask/prismTask/app/src/main/java/com/averycorp/prismtask/data/preferences/OnboardingPreferences.kt:22:5 This annotation is currently applied to the value parameter only, but in the future it will also be applied to field.
2026-04-23T03:41:55.5088658Z - To opt in to applying to both value parameter and field, add '-Xannotation-default-target=param-property' to your compiler arguments.
2026-04-23T03:41:55.5090078Z - To keep applying to the value parameter only, use the '@param:' annotation target.
2026-04-23T03:41:55.5090706Z 
2026-04-23T03:41:55.5091094Z See https://youtrack.jetbrains.com/issue/KT-73255 for more details.
2026-04-23T03:41:55.5093133Z w: file:///home/runner/work/prismTask/prismTask/app/src/main/java/com/averycorp/prismtask/data/preferences/ProStatusPreferences.kt:22:5 This annotation is currently applied to the value parameter only, but in the future it will also be applied to field.
2026-04-23T03:41:55.5095447Z - To opt in to applying to both value parameter and field, add '-Xannotation-default-target=param-property' to your compiler arguments.
2026-04-23T03:41:55.5096720Z - To keep applying to the value parameter only, use the '@param:' annotation target.
2026-04-23T03:41:55.5097299Z 
2026-04-23T03:41:55.5097654Z See https://youtrack.jetbrains.com/issue/KT-73255 for more details.
2026-04-23T03:41:55.5099610Z w: file:///home/runner/work/prismTask/prismTask/app/src/main/java/com/averycorp/prismtask/data/preferences/ShakePreferences.kt:28:5 This annotation is currently applied to the value parameter only, but in the future it will also be applied to field.
2026-04-23T03:41:55.5102132Z - To opt in to applying to both value parameter and field, add '-Xannotation-default-target=param-property' to your compiler arguments.
2026-04-23T03:41:55.5103429Z - To keep applying to the value parameter only, use the '@param:' annotation target.
2026-04-23T03:41:55.5103990Z 
2026-04-23T03:41:55.5104339Z See https://youtrack.jetbrains.com/issue/KT-73255 for more details.
2026-04-23T03:41:55.5106455Z w: file:///home/runner/work/prismTask/prismTask/app/src/main/java/com/averycorp/prismtask/data/preferences/TabPreferences.kt:22:5 This annotation is currently applied to the value parameter only, but in the future it will also be applied to field.
2026-04-23T03:41:55.5108499Z - To opt in to applying to both value parameter and field, add '-Xannotation-default-target=param-property' to your compiler arguments.
2026-04-23T03:41:55.5109715Z - To keep applying to the value parameter only, use the '@param:' annotation target.
2026-04-23T03:41:55.5110279Z 
2026-04-23T03:41:55.5110542Z See https://youtrack.jetbrains.com/issue/KT-73255 for more details.
2026-04-23T03:41:55.5112647Z w: file:///home/runner/work/prismTask/prismTask/app/src/main/java/com/averycorp/prismtask/data/preferences/TaskBehaviorPreferences.kt:58:5 This annotation is currently applied to the value parameter only, but in the future it will also be applied to field.
2026-04-23T03:41:55.5114466Z - To opt in to applying to both value parameter and field, add '-Xannotation-default-target=param-property' to your compiler arguments.
2026-04-23T03:41:55.5115521Z - To keep applying to the value parameter only, use the '@param:' annotation target.
2026-04-23T03:41:55.5116139Z 
2026-04-23T03:41:55.5116712Z See https://youtrack.jetbrains.com/issue/KT-73255 for more details.
2026-04-23T03:41:55.5118902Z w: file:///home/runner/work/prismTask/prismTask/app/src/main/java/com/averycorp/prismtask/data/preferences/TemplatePreferences.kt:31:5 This annotation is currently applied to the value parameter only, but in the future it will also be applied to field.
2026-04-23T03:41:55.5121482Z - To opt in to applying to both value parameter and field, add '-Xannotation-default-target=param-property' to your compiler arguments.
2026-04-23T03:41:55.5122985Z - To keep applying to the value parameter only, use the '@param:' annotation target.
2026-04-23T03:41:55.5123619Z 
2026-04-23T03:41:55.5123994Z See https://youtrack.jetbrains.com/issue/KT-73255 for more details.
2026-04-23T03:41:55.5126143Z w: file:///home/runner/work/prismTask/prismTask/app/src/main/java/com/averycorp/prismtask/data/preferences/ThemePreferences.kt:27:5 This annotation is currently applied to the value parameter only, but in the future it will also be applied to field.
2026-04-23T03:41:55.5128682Z - To opt in to applying to both value parameter and field, add '-Xannotation-default-target=param-property' to your compiler arguments.
2026-04-23T03:41:55.5130038Z - To keep applying to the value parameter only, use the '@param:' annotation target.
2026-04-23T03:41:55.5130628Z 
2026-04-23T03:41:55.5130998Z See https://youtrack.jetbrains.com/issue/KT-73255 for more details.
2026-04-23T03:41:55.5133093Z w: file:///home/runner/work/prismTask/prismTask/app/src/main/java/com/averycorp/prismtask/data/preferences/TimerPreferences.kt:23:5 This annotation is currently applied to the value parameter only, but in the future it will also be applied to field.
2026-04-23T03:41:55.5135362Z - To opt in to applying to both value parameter and field, add '-Xannotation-default-target=param-property' to your compiler arguments.
2026-04-23T03:41:55.5136573Z - To keep applying to the value parameter only, use the '@param:' annotation target.
2026-04-23T03:41:55.5137150Z 
2026-04-23T03:41:55.5137507Z See https://youtrack.jetbrains.com/issue/KT-73255 for more details.
2026-04-23T03:41:55.5139377Z w: file:///home/runner/work/prismTask/prismTask/app/src/main/java/com/averycorp/prismtask/data/preferences/VoicePreferences.kt:22:5 This annotation is currently applied to the value parameter only, but in the future it will also be applied to field.
2026-04-23T03:41:55.5141862Z - To opt in to applying to both value parameter and field, add '-Xannotation-default-target=param-property' to your compiler arguments.
2026-04-23T03:41:55.5143311Z - To keep applying to the value parameter only, use the '@param:' annotation target.
2026-04-23T03:41:55.5143920Z 
2026-04-23T03:41:55.5144270Z See https://youtrack.jetbrains.com/issue/KT-73255 for more details.
2026-04-23T03:41:55.5146422Z w: file:///home/runner/work/prismTask/prismTask/app/src/main/java/com/averycorp/prismtask/data/remote/AuthManager.kt:30:5 This annotation is currently applied to the value parameter only, but in the future it will also be applied to field.
2026-04-23T03:41:55.5148810Z - To opt in to applying to both value parameter and field, add '-Xannotation-default-target=param-property' to your compiler arguments.
2026-04-23T03:41:55.5150177Z - To keep applying to the value parameter only, use the '@param:' annotation target.
2026-04-23T03:41:55.5150813Z 
2026-04-23T03:41:55.5151173Z See https://youtrack.jetbrains.com/issue/KT-73255 for more details.
2026-04-23T03:41:55.5154663Z w: file:///home/runner/work/prismTask/prismTask/app/src/main/java/com/averycorp/prismtask/data/remote/GenericPreferenceSyncService.kt:68:22 This declaration is in a preview state and can be changed in a backwards-incompatible manner with a best-effort migration. Its usage should be marked with '@kotlinx.coroutines.FlowPreview' or '@OptIn(kotlinx.coroutines.FlowPreview::class)' if you accept the drawback of relying on preview API
2026-04-23T03:41:55.5159015Z w: file:///home/runner/work/prismTask/prismTask/app/src/main/java/com/averycorp/prismtask/data/remote/GoogleDriveService.kt:4:8 'class GoogleSignIn : Any' is deprecated. Deprecated in Java.
2026-04-23T03:41:55.5161737Z w: file:///home/runner/work/prismTask/prismTask/app/src/main/java/com/averycorp/prismtask/data/remote/GoogleDriveService.kt:23:5 This annotation is currently applied to the value parameter only, but in the future it will also be applied to field.
2026-04-23T03:41:55.5164148Z - To opt in to applying to both value parameter and field, add '-Xannotation-default-target=param-property' to your compiler arguments.
2026-04-23T03:41:55.5165387Z - To keep applying to the value parameter only, use the '@param:' annotation target.
2026-04-23T03:41:55.5165954Z 
2026-04-23T03:41:55.5166314Z See https://youtrack.jetbrains.com/issue/KT-73255 for more details.
2026-04-23T03:41:55.5167916Z w: file:///home/runner/work/prismTask/prismTask/app/src/main/java/com/averycorp/prismtask/data/remote/GoogleDriveService.kt:33:23 'class GoogleSignIn : Any' is deprecated. Deprecated in Java.
2026-04-23T03:41:55.5170358Z w: file:///home/runner/work/prismTask/prismTask/app/src/main/java/com/averycorp/prismtask/data/remote/GoogleDriveService.kt:143:34 'class GoogleSignIn : Any' is deprecated. Deprecated in Java.
2026-04-23T03:41:55.5174883Z w: file:///home/runner/work/prismTask/prismTask/app/src/main/java/com/averycorp/prismtask/data/remote/SortPreferencesSyncService.kt:58:18 This declaration is in a preview state and can be changed in a backwards-incompatible manner with a best-effort migration. Its usage should be marked with '@kotlinx.coroutines.FlowPreview' or '@OptIn(kotlinx.coroutines.FlowPreview::class)' if you accept the drawback of relying on preview API
2026-04-23T03:41:55.5180702Z w: file:///home/runner/work/prismTask/prismTask/app/src/main/java/com/averycorp/prismtask/data/remote/SyncService.kt:2520:18 This declaration is in a preview state and can be changed in a backwards-incompatible manner with a best-effort migration. Its usage should be marked with '@kotlinx.coroutines.FlowPreview' or '@OptIn(kotlinx.coroutines.FlowPreview::class)' if you accept the drawback of relying on preview API
2026-04-23T03:41:55.5186524Z w: file:///home/runner/work/prismTask/prismTask/app/src/main/java/com/averycorp/prismtask/data/remote/ThemePreferencesSyncService.kt:58:18 This declaration is in a preview state and can be changed in a backwards-incompatible manner with a best-effort migration. Its usage should be marked with '@kotlinx.coroutines.FlowPreview' or '@OptIn(kotlinx.coroutines.FlowPreview::class)' if you accept the drawback of relying on preview API
2026-04-23T03:41:55.5190808Z w: file:///home/runner/work/prismTask/prismTask/app/src/main/java/com/averycorp/prismtask/data/remote/sync/SyncDeviceIdProvider.kt:33:5 This annotation is currently applied to the value parameter only, but in the future it will also be applied to field.
2026-04-23T03:41:55.5202794Z - To opt in to applying to both value parameter and field, add '-Xannotation-default-target=param-property' to your compiler arguments.
2026-04-23T03:41:55.5204202Z - To keep applying to the value parameter only, use the '@param:' annotation target.
2026-04-23T03:41:55.5204815Z 
2026-04-23T03:41:55.5205191Z See https://youtrack.jetbrains.com/issue/KT-73255 for more details.
2026-04-23T03:41:55.5207248Z w: file:///home/runner/work/prismTask/prismTask/app/src/main/java/com/averycorp/prismtask/data/repository/CustomSoundRepository.kt:35:5 This annotation is currently applied to the value parameter only, but in the future it will also be applied to field.
2026-04-23T03:41:55.5209679Z - To opt in to applying to both value parameter and field, add '-Xannotation-default-target=param-property' to your compiler arguments.
2026-04-23T03:41:55.5211000Z - To keep applying to the value parameter only, use the '@param:' annotation target.
2026-04-23T03:41:55.5211590Z 
2026-04-23T03:41:55.5211944Z See https://youtrack.jetbrains.com/issue/KT-73255 for more details.
2026-04-23T03:41:55.5214386Z w: file:///home/runner/work/prismTask/prismTask/app/src/main/java/com/averycorp/prismtask/domain/usecase/NaturalLanguageParser.kt:349:48 Unnecessary safe call on a non-null receiver of type 'LocalDate'.
2026-04-23T03:41:55.5217270Z w: file:///home/runner/work/prismTask/prismTask/app/src/main/java/com/averycorp/prismtask/domain/usecase/ShakeDetector.kt:20:5 This annotation is currently applied to the value parameter only, but in the future it will also be applied to field.
2026-04-23T03:41:55.5219625Z - To opt in to applying to both value parameter and field, add '-Xannotation-default-target=param-property' to your compiler arguments.
2026-04-23T03:41:55.5220896Z - To keep applying to the value parameter only, use the '@param:' annotation target.
2026-04-23T03:41:55.5221485Z 
2026-04-23T03:41:55.5221829Z See https://youtrack.jetbrains.com/issue/KT-73255 for more details.
2026-04-23T03:41:55.5223885Z w: file:///home/runner/work/prismTask/prismTask/app/src/main/java/com/averycorp/prismtask/domain/usecase/TextToSpeechManager.kt:20:5 This annotation is currently applied to the value parameter only, but in the future it will also be applied to field.
2026-04-23T03:41:55.5226025Z - To opt in to applying to both value parameter and field, add '-Xannotation-default-target=param-property' to your compiler arguments.
2026-04-23T03:41:55.5227252Z - To keep applying to the value parameter only, use the '@param:' annotation target.
2026-04-23T03:41:55.5227804Z 
2026-04-23T03:41:55.5228169Z See https://youtrack.jetbrains.com/issue/KT-73255 for more details.
2026-04-23T03:41:55.5230199Z w: file:///home/runner/work/prismTask/prismTask/app/src/main/java/com/averycorp/prismtask/domain/usecase/VoiceInputManager.kt:35:5 This annotation is currently applied to the value parameter only, but in the future it will also be applied to field.
2026-04-23T03:41:55.5232925Z - To opt in to applying to both value parameter and field, add '-Xannotation-default-target=param-property' to your compiler arguments.
2026-04-23T03:41:55.5234290Z - To keep applying to the value parameter only, use the '@param:' annotation target.
2026-04-23T03:41:55.5234895Z 
2026-04-23T03:41:55.5235273Z See https://youtrack.jetbrains.com/issue/KT-73255 for more details.
2026-04-23T03:41:55.5237334Z w: file:///home/runner/work/prismTask/prismTask/app/src/main/java/com/averycorp/prismtask/notifications/EscalationScheduler.kt:29:5 This annotation is currently applied to the value parameter only, but in the future it will also be applied to field.
2026-04-23T03:41:55.5239771Z - To opt in to applying to both value parameter and field, add '-Xannotation-default-target=param-property' to your compiler arguments.
2026-04-23T03:41:55.5241134Z - To keep applying to the value parameter only, use the '@param:' annotation target.
2026-04-23T03:41:55.5241737Z 
2026-04-23T03:41:55.5242446Z See https://youtrack.jetbrains.com/issue/KT-73255 for more details.
2026-04-23T03:41:55.5244673Z w: file:///home/runner/work/prismTask/prismTask/app/src/main/java/com/averycorp/prismtask/notifications/HabitReminderScheduler.kt:46:5 This annotation is currently applied to the value parameter only, but in the future it will also be applied to field.
2026-04-23T03:41:55.5247313Z - To opt in to applying to both value parameter and field, add '-Xannotation-default-target=param-property' to your compiler arguments.
2026-04-23T03:41:55.5248669Z - To keep applying to the value parameter only, use the '@param:' annotation target.
2026-04-23T03:41:55.5249287Z 
2026-04-23T03:41:55.5249660Z See https://youtrack.jetbrains.com/issue/KT-73255 for more details.
2026-04-23T03:41:55.5251874Z w: file:///home/runner/work/prismTask/prismTask/app/src/main/java/com/averycorp/prismtask/notifications/MedicationReminderScheduler.kt:43:5 This annotation is currently applied to the value parameter only, but in the future it will also be applied to field.
2026-04-23T03:41:55.5254455Z - To opt in to applying to both value parameter and field, add '-Xannotation-default-target=param-property' to your compiler arguments.
2026-04-23T03:41:55.5255750Z - To keep applying to the value parameter only, use the '@param:' annotation target.
2026-04-23T03:41:55.5256359Z 
2026-04-23T03:41:55.5256894Z See https://youtrack.jetbrains.com/issue/KT-73255 for more details.
2026-04-23T03:41:55.5258938Z w: file:///home/runner/work/prismTask/prismTask/app/src/main/java/com/averycorp/prismtask/notifications/NotificationTester.kt:28:5 This annotation is currently applied to the value parameter only, but in the future it will also be applied to field.
2026-04-23T03:41:55.5261383Z - To opt in to applying to both value parameter and field, add '-Xannotation-default-target=param-property' to your compiler arguments.
2026-04-23T03:41:55.5262845Z - To keep applying to the value parameter only, use the '@param:' annotation target.
2026-04-23T03:41:55.5263464Z 
2026-04-23T03:41:55.5263834Z See https://youtrack.jetbrains.com/issue/KT-73255 for more details.
2026-04-23T03:41:55.5445053Z w: file:///home/runner/work/prismTask/prismTask/app/src/main/java/com/averycorp/prismtask/notifications/NotificationWorkerScheduler.kt:39:5 This annotation is currently applied to the value parameter only, but in the future it will also be applied to field.
2026-04-23T03:41:55.5464245Z - To opt in to applying to both value parameter and field, add '-Xannotation-default-target=param-property' to your compiler arguments.
2026-04-23T03:41:55.5478994Z - To keep applying to the value parameter only, use the '@param:' annotation target.
2026-04-23T03:41:55.5482195Z 
2026-04-23T03:41:55.5482867Z See https://youtrack.jetbrains.com/issue/KT-73255 for more details.
2026-04-23T03:41:55.5485166Z w: file:///home/runner/work/prismTask/prismTask/app/src/main/java/com/averycorp/prismtask/notifications/ReminderScheduler.kt:21:5 This annotation is currently applied to the value parameter only, but in the future it will also be applied to field.
2026-04-23T03:41:55.5511505Z - To opt in to applying to both value parameter and field, add '-Xannotation-default-target=param-property' to your compiler arguments.
2026-04-23T03:41:55.5513206Z - To keep applying to the value parameter only, use the '@param:' annotation target.
2026-04-23T03:41:55.5513944Z 
2026-04-23T03:41:55.5514471Z See https://youtrack.jetbrains.com/issue/KT-73255 for more details.
2026-04-23T03:41:55.5538860Z w: file:///home/runner/work/prismTask/prismTask/app/src/main/java/com/averycorp/prismtask/ui/components/sync/SyncDebugPanel.kt:139:13 'fun Divider(modifier: Modifier = ..., thickness: Dp = ..., color: Color = ...): Unit' is deprecated. Renamed to HorizontalDivider.
2026-04-23T03:41:55.5542725Z w: file:///home/runner/work/prismTask/prismTask/app/src/main/java/com/averycorp/prismtask/ui/components/sync/SyncDetailsSheet.kt:74:13 'fun Divider(modifier: Modifier = ..., thickness: Dp = ..., color: Color = ...): Unit' is deprecated. Renamed to HorizontalDivider.
2026-04-23T03:41:55.5546791Z w: file:///home/runner/work/prismTask/prismTask/app/src/main/java/com/averycorp/prismtask/ui/screens/feedback/BugReportViewModel.kt:50:5 This annotation is currently applied to the value parameter only, but in the future it will also be applied to field.
2026-04-23T03:41:55.5549994Z - To opt in to applying to both value parameter and field, add '-Xannotation-default-target=param-property' to your compiler arguments.
2026-04-23T03:41:55.5551731Z - To keep applying to the value parameter only, use the '@param:' annotation target.
2026-04-23T03:41:55.5552654Z 
2026-04-23T03:41:55.5553202Z See https://youtrack.jetbrains.com/issue/KT-73255 for more details.
2026-04-23T03:41:55.5555070Z w: file:///home/runner/work/prismTask/prismTask/app/src/main/java/com/averycorp/prismtask/ui/screens/habits/HabitListViewModel.kt:162:32 Unchecked cast of 'Any?' to 'List<SelfCareStepEntity>'.
2026-04-23T03:41:55.5557711Z w: file:///home/runner/work/prismTask/prismTask/app/src/main/java/com/averycorp/prismtask/ui/screens/habits/HabitListViewModel.kt:163:32 Unchecked cast of 'Any?' to 'List<SelfCareStepEntity>'.
2026-04-23T03:41:55.5560571Z w: file:///home/runner/work/prismTask/prismTask/app/src/main/java/com/averycorp/prismtask/ui/screens/habits/HabitListViewModel.kt:164:34 Unchecked cast of 'Any?' to 'List<SelfCareStepEntity>'.
2026-04-23T03:41:55.5563775Z w: file:///home/runner/work/prismTask/prismTask/app/src/main/java/com/averycorp/prismtask/ui/screens/habits/HabitListViewModel.kt:171:34 Unchecked cast of 'Any?' to 'List<SelfCareStepEntity>'.
2026-04-23T03:41:55.5566951Z w: file:///home/runner/work/prismTask/prismTask/app/src/main/java/com/averycorp/prismtask/ui/screens/pomodoro/SmartPomodoroViewModel.kt:147:5 This annotation is currently applied to the value parameter only, but in the future it will also be applied to field.
2026-04-23T03:41:55.5569742Z - To opt in to applying to both value parameter and field, add '-Xannotation-default-target=param-property' to your compiler arguments.
2026-04-23T03:41:55.5571372Z - To keep applying to the value parameter only, use the '@param:' annotation target.
2026-04-23T03:41:55.5572273Z 
2026-04-23T03:41:55.5572776Z See https://youtrack.jetbrains.com/issue/KT-73255 for more details.
2026-04-23T03:41:55.5575041Z w: file:///home/runner/work/prismTask/prismTask/app/src/main/java/com/averycorp/prismtask/ui/screens/schoolwork/SyllabusViewModel.kt:30:5 This annotation is currently applied to the value parameter only, but in the future it will also be applied to field.
2026-04-23T03:41:55.5577979Z - To opt in to applying to both value parameter and field, add '-Xannotation-default-target=param-property' to your compiler arguments.
2026-04-23T03:41:55.5579480Z - To keep applying to the value parameter only, use the '@param:' annotation target.
2026-04-23T03:41:55.5580329Z 
2026-04-23T03:41:55.5580832Z See https://youtrack.jetbrains.com/issue/KT-73255 for more details.
2026-04-23T03:41:55.5583260Z w: file:///home/runner/work/prismTask/prismTask/app/src/main/java/com/averycorp/prismtask/ui/screens/settings/SettingsViewModel.kt:70:5 This annotation is currently applied to the value parameter only, but in the future it will also be applied to field.
2026-04-23T03:41:55.5586210Z - To opt in to applying to both value parameter and field, add '-Xannotation-default-target=param-property' to your compiler arguments.
2026-04-23T03:41:55.5587828Z - To keep applying to the value parameter only, use the '@param:' annotation target.
2026-04-23T03:41:55.5588621Z 
2026-04-23T03:41:55.5589131Z See https://youtrack.jetbrains.com/issue/KT-73255 for more details.
2026-04-23T03:41:55.5591516Z w: file:///home/runner/work/prismTask/prismTask/app/src/main/java/com/averycorp/prismtask/ui/screens/tasklist/TaskListScreen.kt:485:55 'val Icons.Filled.FormatListBulleted: ImageVector' is deprecated. Use the AutoMirrored version at Icons.AutoMirrored.Filled.FormatListBulleted.
2026-04-23T03:41:55.5595676Z w: file:///home/runner/work/prismTask/prismTask/app/src/main/java/com/averycorp/prismtask/ui/screens/templates/TemplatePickerSheet.kt:238:35 'val Icons.Filled.OpenInNew: ImageVector' is deprecated. Use the AutoMirrored version at Icons.AutoMirrored.Filled.OpenInNew.
2026-04-23T03:41:55.5599628Z w: file:///home/runner/work/prismTask/prismTask/app/src/main/java/com/averycorp/prismtask/ui/screens/timer/TimerViewModel.kt:43:5 This annotation is currently applied to the value parameter only, but in the future it will also be applied to field.
2026-04-23T03:41:55.5602499Z - To opt in to applying to both value parameter and field, add '-Xannotation-default-target=param-property' to your compiler arguments.
2026-04-23T03:41:55.5604072Z - To keep applying to the value parameter only, use the '@param:' annotation target.
2026-04-23T03:41:55.5604862Z 
2026-04-23T03:41:55.5605366Z See https://youtrack.jetbrains.com/issue/KT-73255 for more details.
2026-04-23T03:41:55.5608198Z w: file:///home/runner/work/prismTask/prismTask/app/src/main/java/com/averycorp/prismtask/ui/screens/today/TodayScreen.kt:839:9 'fun AlertDialog(onDismissRequest: () -> Unit, modifier: Modifier = ..., properties: DialogProperties = ..., content: ComposableFunction0<Unit>): Unit' is deprecated. Use BasicAlertDialog instead.
2026-04-23T03:41:55.5612257Z w: file:///home/runner/work/prismTask/prismTask/app/src/main/java/com/averycorp/prismtask/ui/screens/today/components/TodayProgressHeader.kt:185:68 Redundant call of conversion method.
2026-04-23T03:41:55.5615003Z w: file:///home/runner/work/prismTask/prismTask/app/src/main/java/com/averycorp/prismtask/ui/screens/today/components/TodayProgressHeader.kt:186:68 Redundant call of conversion method.
2026-04-23T03:41:55.5617831Z w: file:///home/runner/work/prismTask/prismTask/app/src/main/java/com/averycorp/prismtask/ui/screens/today/components/TodayProgressHeader.kt:187:68 Redundant call of conversion method.
2026-04-23T03:41:55.5620621Z w: file:///home/runner/work/prismTask/prismTask/app/src/main/java/com/averycorp/prismtask/ui/screens/today/components/TodayProgressHeader.kt:188:68 Redundant call of conversion method.
2026-04-23T03:41:55.5623831Z w: file:///home/runner/work/prismTask/prismTask/app/src/main/java/com/averycorp/prismtask/widget/WidgetUpdateManager.kt:27:5 This annotation is currently applied to the value parameter only, but in the future it will also be applied to field.
2026-04-23T03:41:55.5626594Z - To opt in to applying to both value parameter and field, add '-Xannotation-default-target=param-property' to your compiler arguments.
2026-04-23T03:41:55.5628213Z - To keep applying to the value parameter only, use the '@param:' annotation target.
2026-04-23T03:41:55.5629010Z 
2026-04-23T03:41:55.5629518Z See https://youtrack.jetbrains.com/issue/KT-73255 for more details.
2026-04-23T03:41:55.5631819Z w: file:///home/runner/work/prismTask/prismTask/app/src/main/java/com/averycorp/prismtask/workers/CalendarSyncScheduler.kt:33:5 This annotation is currently applied to the value parameter only, but in the future it will also be applied to field.
2026-04-23T03:41:55.5634530Z - To opt in to applying to both value parameter and field, add '-Xannotation-default-target=param-property' to your compiler arguments.
2026-04-23T03:41:55.5636011Z - To keep applying to the value parameter only, use the '@param:' annotation target.
2026-04-23T03:41:55.5636713Z 
2026-04-23T03:41:55.5637161Z See https://youtrack.jetbrains.com/issue/KT-73255 for more details.
2026-04-23T03:42:04.9405735Z 
2026-04-23T03:42:04.9430323Z > Task :app:compileDebugJavaWithJavac
2026-04-23T03:42:04.9449833Z > Task :app:hiltSyncDebug
2026-04-23T03:42:05.7390935Z > Task :app:hiltAggregateDepsDebug FROM-CACHE
2026-04-23T03:42:10.0395880Z > Task :app:hiltJavaCompileDebug
2026-04-23T03:42:10.4390792Z > Task :app:bundleDebugClassesToCompileJar
2026-04-23T03:42:10.7392417Z > Task :app:generateDebugLintReportModel
2026-04-23T03:42:11.1391359Z > Task :app:generateDebugAndroidTestLintModel
2026-04-23T03:42:11.2407838Z > Task :app:generateDebugUnitTestLintModel
2026-04-23T03:42:41.2401287Z > Task :app:lintAnalyzeDebug
2026-04-23T03:42:41.4403069Z > Task :app:lintAnalyzeDebugAndroidTest
2026-04-23T03:42:41.4435090Z > Task :app:lintAnalyzeDebugUnitTest
2026-04-23T03:44:52.9392853Z 
2026-04-23T03:44:52.9423122Z > Task :app:lintReportDebug
2026-04-23T03:44:52.9450133Z Wrote HTML report to file:///home/runner/work/prismTask/prismTask/app/build/reports/lint-results-debug.html
2026-04-23T03:44:52.9481685Z 
2026-04-23T03:44:52.9482367Z > Task :app:lintDebug
2026-04-23T03:44:52.9522908Z > Task :app:lint
2026-04-23T03:44:53.0333907Z gradle/actions: Writing build results to /home/runner/work/_temp/.gradle-actions/build-results/__run_3-1776915583647.json
2026-04-23T03:44:53.0382767Z 
2026-04-23T03:44:53.0397883Z [Incubating] Problems report is available at: file:///home/runner/work/prismTask/prismTask/build/reports/problems/problems-report.html
2026-04-23T03:44:53.0401791Z 
2026-04-23T03:44:53.0402646Z Deprecated Gradle features were used in this build, making it incompatible with Gradle 10.
2026-04-23T03:44:53.0403539Z 
2026-04-23T03:44:53.0404561Z You can use '--warning-mode all' to show the individual deprecation warnings and determine if they come from your own scripts or plugins.
2026-04-23T03:44:53.0405753Z 
2026-04-23T03:44:53.0406812Z For more on this, please refer to https://docs.gradle.org/9.3.1/userguide/command_line_interface.html#sec:command_line_warnings in the Gradle documentation.
2026-04-23T03:44:53.0408046Z 
2026-04-23T03:44:53.0408656Z BUILD SUCCESSFUL in 5m 9s
2026-04-23T03:44:53.0409306Z 36 actionable tasks: 18 executed, 18 from cache
2026-04-23T03:44:53.0506558Z ##[group]Run set -euo pipefail
2026-04-23T03:44:53.0507118Z [36;1mset -euo pipefail[0m
2026-04-23T03:44:53.0507609Z [36;1mshopt -s globstar nullglob[0m
2026-04-23T03:44:53.0508196Z [36;1mxmls=(app/build/test-results/**/*.xml)[0m
2026-04-23T03:44:53.0508777Z [36;1mif [ ${#xmls[@]} -eq 0 ]; then[0m
2026-04-23T03:44:53.0509705Z [36;1m  echo "::error::No JUnit XML results found under app/build/test-results/. Did the test task run?"[0m
2026-04-23T03:44:53.0510613Z [36;1m  exit 1[0m
2026-04-23T03:44:53.0511014Z [36;1mfi[0m
2026-04-23T03:44:53.0511378Z [36;1mfailed=0[0m
2026-04-23T03:44:53.0511773Z [36;1mfor f in "${xmls[@]}"; do[0m
2026-04-23T03:44:53.0512650Z [36;1m  fails=$(grep -oE 'failures="[0-9]+"' "$f" | head -n1 | grep -oE '[0-9]+' || echo 0)[0m
2026-04-23T03:44:53.0513640Z [36;1m  errs=$(grep -oE 'errors="[0-9]+"' "$f" | head -n1 | grep -oE '[0-9]+' || echo 0)[0m
2026-04-23T03:44:53.0514540Z [36;1m  if [ "${fails:-0}" -gt 0 ] || [ "${errs:-0}" -gt 0 ]; then[0m
2026-04-23T03:44:53.0515354Z [36;1m    echo "::error file=${f}::${fails} failure(s), ${errs} error(s) in ${f}"[0m
2026-04-23T03:44:53.0516103Z [36;1m    failed=$((failed + fails + errs))[0m
2026-04-23T03:44:53.0516633Z [36;1m  fi[0m
2026-04-23T03:44:53.0516994Z [36;1mdone[0m
2026-04-23T03:44:53.0517373Z [36;1mif [ "$failed" -gt 0 ]; then[0m
2026-04-23T03:44:53.0518296Z [36;1m  echo "::error::${failed} unit-test failure(s)/error(s) detected. See annotations and the test-results artifact."[0m
2026-04-23T03:44:53.0519306Z [36;1m  exit 1[0m
2026-04-23T03:44:53.0519685Z [36;1mfi[0m
2026-04-23T03:44:53.0520146Z [36;1mecho "All ${#xmls[@]} JUnit XML reports clean."[0m
2026-04-23T03:44:53.0542535Z shell: /usr/bin/bash --noprofile --norc -e -o pipefail {0}
2026-04-23T03:44:53.0543166Z env:
2026-04-23T03:44:53.0543721Z   JAVA_HOME: /opt/hostedtoolcache/Java_Temurin-Hotspot_jdk/21.0.10-7/x64
2026-04-23T03:44:53.0544652Z   JAVA_HOME_21_X64: /opt/hostedtoolcache/Java_Temurin-Hotspot_jdk/21.0.10-7/x64
2026-04-23T03:44:53.0545394Z   GRADLE_ACTION_ID: gradle/actions/setup-gradle
2026-04-23T03:44:53.0545981Z   GRADLE_USER_HOME: /home/runner/.gradle
2026-04-23T03:44:53.0546541Z   GRADLE_BUILD_ACTION_SETUP_COMPLETED: true
2026-04-23T03:44:53.0547127Z   GRADLE_BUILD_ACTION_CACHE_RESTORED: true
2026-04-23T03:44:53.0547951Z   DEVELOCITY_INJECTION_INIT_SCRIPT_NAME: gradle-actions.inject-develocity.init.gradle
2026-04-23T03:44:53.0548870Z   DEVELOCITY_INJECTION_CUSTOM_VALUE: gradle-actions
2026-04-23T03:44:53.0549495Z   GITHUB_DEPENDENCY_GRAPH_ENABLED: false
2026-04-23T03:44:53.0550249Z ##[endgroup]
2026-04-23T03:44:53.0641723Z ##[error]No JUnit XML results found under app/build/test-results/. Did the test task run?
2026-04-23T03:44:53.0644915Z ##[error]Process completed with exit code 1.
2026-04-23T03:44:53.0741545Z ##[group]Run actions/upload-artifact@v4
2026-04-23T03:44:53.0743243Z with:
2026-04-23T03:44:53.0743551Z   name: lint-report
2026-04-23T03:44:53.0743959Z   path: app/build/reports/lint-results-debug.html
2026-04-23T03:44:53.0744439Z   retention-days: 7
2026-04-23T03:44:53.0744810Z   if-no-files-found: warn
2026-04-23T03:44:53.0745220Z   compression-level: 6
2026-04-23T03:44:53.0745591Z   overwrite: false
2026-04-23T03:44:53.0745960Z   include-hidden-files: false
2026-04-23T03:44:53.0746392Z env:
2026-04-23T03:44:53.0746888Z   JAVA_HOME: /opt/hostedtoolcache/Java_Temurin-Hotspot_jdk/21.0.10-7/x64
2026-04-23T03:44:53.0747649Z   JAVA_HOME_21_X64: /opt/hostedtoolcache/Java_Temurin-Hotspot_jdk/21.0.10-7/x64
2026-04-23T03:44:53.0748350Z   GRADLE_ACTION_ID: gradle/actions/setup-gradle
2026-04-23T03:44:53.0748841Z   GRADLE_USER_HOME: /home/runner/.gradle
2026-04-23T03:44:53.0749340Z   GRADLE_BUILD_ACTION_SETUP_COMPLETED: true
2026-04-23T03:44:53.0749905Z   GRADLE_BUILD_ACTION_CACHE_RESTORED: true
2026-04-23T03:44:53.0750664Z   DEVELOCITY_INJECTION_INIT_SCRIPT_NAME: gradle-actions.inject-develocity.init.gradle
2026-04-23T03:44:53.0751482Z   DEVELOCITY_INJECTION_CUSTOM_VALUE: gradle-actions
2026-04-23T03:44:53.0752224Z   GITHUB_DEPENDENCY_GRAPH_ENABLED: false
2026-04-23T03:44:53.0752696Z ##[endgroup]
2026-04-23T03:44:53.3563012Z With the provided path, there will be 1 file uploaded
2026-04-23T03:44:53.3568925Z Artifact name is valid!
2026-04-23T03:44:53.3569294Z Root directory input is valid!
2026-04-23T03:44:53.6258312Z Beginning upload of artifact content to blob storage
2026-04-23T03:44:53.9186985Z Uploaded bytes 40020
2026-04-23T03:44:53.9746446Z Finished uploading artifact content to blob storage!
2026-04-23T03:44:53.9749005Z SHA256 digest of uploaded artifact zip is 17e5edad2bb163dc6006f8300b68cf02a595a2419f4d349d0b73020f3b69d62e
2026-04-23T03:44:53.9750947Z Finalizing artifact upload
2026-04-23T03:44:54.1283961Z Artifact lint-report.zip successfully finalized. Artifact ID 6593529675
2026-04-23T03:44:54.1285067Z Artifact lint-report has been successfully uploaded! Final size is 40020 bytes. Artifact ID is 6593529675
2026-04-23T03:44:54.1292674Z Artifact download URL: https://github.com/akarlin3/prismTask/actions/runs/24815344474/artifacts/6593529675
2026-04-23T03:44:54.1382589Z ##[group]Run actions/upload-artifact@v4
2026-04-23T03:44:54.1382941Z with:
2026-04-23T03:44:54.1383155Z   name: detekt-report
2026-04-23T03:44:54.1383412Z   path: app/build/reports/detekt/
2026-04-23T03:44:54.1383696Z   retention-days: 7
2026-04-23T03:44:54.1383944Z   if-no-files-found: warn
2026-04-23T03:44:54.1384201Z   compression-level: 6
2026-04-23T03:44:54.1384438Z   overwrite: false
2026-04-23T03:44:54.1384680Z   include-hidden-files: false
2026-04-23T03:44:54.1384950Z env:
2026-04-23T03:44:54.1385270Z   JAVA_HOME: /opt/hostedtoolcache/Java_Temurin-Hotspot_jdk/21.0.10-7/x64
2026-04-23T03:44:54.1385768Z   JAVA_HOME_21_X64: /opt/hostedtoolcache/Java_Temurin-Hotspot_jdk/21.0.10-7/x64
2026-04-23T03:44:54.1386209Z   GRADLE_ACTION_ID: gradle/actions/setup-gradle
2026-04-23T03:44:54.1386527Z   GRADLE_USER_HOME: /home/runner/.gradle
2026-04-23T03:44:54.1386834Z   GRADLE_BUILD_ACTION_SETUP_COMPLETED: true
2026-04-23T03:44:54.1387152Z   GRADLE_BUILD_ACTION_CACHE_RESTORED: true
2026-04-23T03:44:54.1387642Z   DEVELOCITY_INJECTION_INIT_SCRIPT_NAME: gradle-actions.inject-develocity.init.gradle
2026-04-23T03:44:54.1388138Z   DEVELOCITY_INJECTION_CUSTOM_VALUE: gradle-actions
2026-04-23T03:44:54.1388470Z   GITHUB_DEPENDENCY_GRAPH_ENABLED: false
2026-04-23T03:44:54.1388764Z ##[endgroup]
2026-04-23T03:44:54.3391912Z With the provided path, there will be 2 files uploaded
2026-04-23T03:44:54.3396347Z Artifact name is valid!
2026-04-23T03:44:54.3397434Z Root directory input is valid!
2026-04-23T03:44:54.5713192Z Beginning upload of artifact content to blob storage
2026-04-23T03:44:54.8128937Z Uploaded bytes 5466
2026-04-23T03:44:54.8783639Z Finished uploading artifact content to blob storage!
2026-04-23T03:44:54.8785914Z SHA256 digest of uploaded artifact zip is f770d56a96c674fc0f3cdab70b9aac79f3a851d745ffdc6c94a4411fe343cf19
2026-04-23T03:44:54.8787502Z Finalizing artifact upload
2026-04-23T03:44:55.0265513Z Artifact detekt-report.zip successfully finalized. Artifact ID 6593529812
2026-04-23T03:44:55.0266264Z Artifact detekt-report has been successfully uploaded! Final size is 5466 bytes. Artifact ID is 6593529812
2026-04-23T03:44:55.0272864Z Artifact download URL: https://github.com/akarlin3/prismTask/actions/runs/24815344474/artifacts/6593529812
2026-04-23T03:44:55.0355426Z ##[group]Run actions/upload-artifact@v4
2026-04-23T03:44:55.0355747Z with:
2026-04-23T03:44:55.0355982Z   name: test-results
2026-04-23T03:44:55.0356266Z   path: app/build/test-results/
2026-04-23T03:44:55.0356557Z   retention-days: 7
2026-04-23T03:44:55.0356813Z   if-no-files-found: warn
2026-04-23T03:44:55.0357077Z   compression-level: 6
2026-04-23T03:44:55.0357331Z   overwrite: false
2026-04-23T03:44:55.0357578Z   include-hidden-files: false
2026-04-23T03:44:55.0357841Z env:
2026-04-23T03:44:55.0358158Z   JAVA_HOME: /opt/hostedtoolcache/Java_Temurin-Hotspot_jdk/21.0.10-7/x64
2026-04-23T03:44:55.0358652Z   JAVA_HOME_21_X64: /opt/hostedtoolcache/Java_Temurin-Hotspot_jdk/21.0.10-7/x64
2026-04-23T03:44:55.0359081Z   GRADLE_ACTION_ID: gradle/actions/setup-gradle
2026-04-23T03:44:55.0359402Z   GRADLE_USER_HOME: /home/runner/.gradle
2026-04-23T03:44:55.0359710Z   GRADLE_BUILD_ACTION_SETUP_COMPLETED: true
2026-04-23T03:44:55.0360020Z   GRADLE_BUILD_ACTION_CACHE_RESTORED: true
2026-04-23T03:44:55.0360503Z   DEVELOCITY_INJECTION_INIT_SCRIPT_NAME: gradle-actions.inject-develocity.init.gradle
2026-04-23T03:44:55.0360999Z   DEVELOCITY_INJECTION_CUSTOM_VALUE: gradle-actions
2026-04-23T03:44:55.0361338Z   GITHUB_DEPENDENCY_GRAPH_ENABLED: false
2026-04-23T03:44:55.0361649Z ##[endgroup]
2026-04-23T03:44:55.2342892Z ##[warning]No files were found with the provided path: app/build/test-results/. No artifacts will be uploaded.
2026-04-23T03:44:55.2444349Z Post job cleanup.
2026-04-23T03:44:55.2536910Z Post job cleanup.
2026-04-23T03:44:55.5474788Z In post-action step
2026-04-23T03:44:55.5486929Z ##[group]Stopping Gradle daemons
2026-04-23T03:44:55.5487765Z Stopping Gradle daemons for /home/runner/.gradle/wrapper/dists/gradle-9.3.1-bin/23ovyewtku6u96viwx3xl3oks/gradle-9.3.1
2026-04-23T03:44:55.5502702Z [command]/home/runner/.gradle/wrapper/dists/gradle-9.3.1-bin/23ovyewtku6u96viwx3xl3oks/gradle-9.3.1/bin/gradle --stop
2026-04-23T03:44:56.1254864Z Stopping Daemon(s)
2026-04-23T03:44:56.1255733Z 1 Daemon stopped
2026-04-23T03:44:56.1396777Z ##[endgroup]
2026-04-23T03:44:56.1397621Z Not performing cache-cleanup due to build failure
2026-04-23T03:44:56.1398816Z ##[group]Caching Gradle state
2026-04-23T03:44:59.3930239Z [command]/usr/bin/tar --posix -cf cache.tzst --exclude cache.tzst -P -C /home/runner/work/prismTask/prismTask --files-from manifest.txt --use-compress-program zstdmt
2026-04-23T03:45:04.2287515Z Sent 0 of 450806810 (0.0%), 0.0 MBs/sec
2026-04-23T03:45:05.2289394Z Sent 316589082 of 450806810 (70.2%), 151.0 MBs/sec
2026-04-23T03:45:06.2294113Z Sent 316589082 of 450806810 (70.2%), 100.6 MBs/sec
2026-04-23T03:45:07.2288079Z Sent 316589082 of 450806810 (70.2%), 75.5 MBs/sec
2026-04-23T03:45:08.2291970Z Sent 316589082 of 450806810 (70.2%), 60.4 MBs/sec
2026-04-23T03:45:09.2291558Z Sent 316589082 of 450806810 (70.2%), 50.3 MBs/sec
2026-04-23T03:45:10.2286980Z Sent 316589082 of 450806810 (70.2%), 43.1 MBs/sec
2026-04-23T03:45:11.2293804Z Sent 316589082 of 450806810 (70.2%), 37.7 MBs/sec
2026-04-23T03:45:12.2295002Z Sent 316589082 of 450806810 (70.2%), 33.5 MBs/sec
2026-04-23T03:45:13.2298583Z Sent 316589082 of 450806810 (70.2%), 30.2 MBs/sec
2026-04-23T03:45:14.2303471Z Sent 316589082 of 450806810 (70.2%), 27.4 MBs/sec
2026-04-23T03:45:15.2302620Z Sent 316589082 of 450806810 (70.2%), 25.2 MBs/sec
2026-04-23T03:45:16.2303138Z Sent 316589082 of 450806810 (70.2%), 23.2 MBs/sec
2026-04-23T03:45:17.0337328Z Sent 450806810 of 450806810 (100.0%), 31.1 MBs/sec
2026-04-23T03:45:17.2903605Z Saved cache entry with key gradle-transforms-v1-4d0e598cd055b1237fab6c380b39d15f from /home/runner/.gradle/caches/transforms-4/*/,/home/runner/.gradle/caches/*/transforms/*/ in 19435ms
2026-04-23T03:45:18.5529886Z [command]/usr/bin/tar --posix -cf cache.tzst --exclude cache.tzst -P -C /home/runner/work/prismTask/prismTask --files-from manifest.txt --use-compress-program zstdmt
2026-04-23T03:45:20.0064875Z Sent 41877504 of 57737543 (72.5%), 40.0 MBs/sec
2026-04-23T03:45:20.3436112Z Sent 57737543 of 57737543 (100.0%), 41.2 MBs/sec
2026-04-23T03:45:20.5814591Z Saved cache entry with key gradle-home-v1|Linux-X64|lint-and-test[5df42585ae8f8da228c604b8b4e8707c]-7ad50666557bb506c087b5972888607dd5e82b3a from /home/runner/.gradle/caches,/home/runner/.gradle/notifications,/home/runner/.gradle/.setup-gradle in 2037ms
2026-04-23T03:45:20.5817619Z ##[endgroup]
2026-04-23T03:45:20.5821244Z Generating Job Summary
2026-04-23T03:45:20.5833552Z Completed post-action step
2026-04-23T03:45:20.5983939Z Post job cleanup.
2026-04-23T03:45:20.7606119Z Post job cleanup.
2026-04-23T03:45:20.8479128Z [command]/usr/bin/git version
2026-04-23T03:45:20.8512830Z git version 2.53.0
2026-04-23T03:45:20.8551370Z Temporarily overriding HOME='/home/runner/work/_temp/7945143c-5cd5-4f4f-83a0-663a8c842ffa' before making global git config changes
2026-04-23T03:45:20.8552942Z Adding repository directory to the temporary git global config as a safe directory
2026-04-23T03:45:20.8558386Z [command]/usr/bin/git config --global --add safe.directory /home/runner/work/prismTask/prismTask
2026-04-23T03:45:20.8596737Z [command]/usr/bin/git config --local --name-only --get-regexp core\.sshCommand
2026-04-23T03:45:20.8625585Z [command]/usr/bin/git submodule foreach --recursive sh -c "git config --local --name-only --get-regexp 'core\.sshCommand' && git config --local --unset-all 'core.sshCommand' || :"
2026-04-23T03:45:20.8800571Z [command]/usr/bin/git config --local --name-only --get-regexp http\.https\:\/\/github\.com\/\.extraheader
2026-04-23T03:45:20.8817495Z http.https://github.com/.extraheader
2026-04-23T03:45:20.8827915Z [command]/usr/bin/git config --local --unset-all http.https://github.com/.extraheader
2026-04-23T03:45:20.8852475Z [command]/usr/bin/git submodule foreach --recursive sh -c "git config --local --name-only --get-regexp 'http\.https\:\/\/github\.com\/\.extraheader' && git config --local --unset-all 'http.https://github.com/.extraheader' || :"
2026-04-23T03:45:20.9030622Z [command]/usr/bin/git config --local --name-only --get-regexp ^includeIf\.gitdir:
2026-04-23T03:45:20.9058695Z [command]/usr/bin/git submodule foreach --recursive git config --local --show-origin --name-only --get-regexp remote.origin.url
2026-04-23T03:45:20.9336068Z Cleaning up orphan processes
2026-04-23T03:45:20.9562663Z ##[warning]Node.js 20 actions are deprecated. The following actions are running on Node.js 20 and may not work as expected: actions/checkout@v4, actions/setup-java@v4, actions/upload-artifact@v4, gradle/actions/setup-gradle@v4. Actions will be forced to run with Node.js 24 by default starting June 2nd, 2026. Node.js 20 will be removed from the runner on September 16th, 2026. Please check if updated versions of these actions are available that support Node.js 24. To opt into Node.js 24 now, set the FORCE_JAVASCRIPT_ACTIONS_TO_NODE24=true environment variable on the runner or in your workflow file. Once Node.js 24 becomes the default, you can temporarily opt out by setting ACTIONS_ALLOW_USE_UNSECURE_NODE_VERSION=true. For more information see: https://github.blog/changelog/2025-09-19-deprecation-of-node-20-on-github-actions-runners/
