=== CI FAILURE ===
Workflow:      Android CI
Workflow file: akarlin3/prismTask/.github/workflows/android-ci.yml@refs/heads/main
Job(s):        lint-and-test
Run ID:        24544094133
Run attempt:   1
Run URL:       https://github.com/akarlin3/prismTask/actions/runs/24544094133
Commit:        6e6e3b3ab44b201363b53fa0380a8e376cf4de93
Branch:        main
Event:         push
Actor:         akarlin3
Runner OS:     Linux
Timestamp:     2026-04-17T02:16:35.617Z

Failed steps:
  - lint-and-test: #4 ktlint check | #5 detekt | #6 Android lint | #8 Verify unit-test results (XML)

=== FAILED JOB LOG ===

--- Job: lint-and-test (id 71756235749) ---
2026-04-17T02:13:13.5612210Z Current runner version: '2.333.1'
2026-04-17T02:13:13.5639734Z ##[group]Runner Image Provisioner
2026-04-17T02:13:13.5640624Z Hosted Compute Agent
2026-04-17T02:13:13.5641496Z Version: 20260213.493
2026-04-17T02:13:13.5642086Z Commit: 5c115507f6dd24b8de37d8bbe0bb4509d0cc0fa3
2026-04-17T02:13:13.5642875Z Build Date: 2026-02-13T00:28:41Z
2026-04-17T02:13:13.5643523Z Worker ID: {e84ca564-7f3c-43e6-b8ea-edaa51f6ba0a}
2026-04-17T02:13:13.5644278Z Azure Region: westus3
2026-04-17T02:13:13.5644902Z ##[endgroup]
2026-04-17T02:13:13.5646316Z ##[group]Operating System
2026-04-17T02:13:13.5646935Z Ubuntu
2026-04-17T02:13:13.5647439Z 24.04.4
2026-04-17T02:13:13.5647952Z LTS
2026-04-17T02:13:13.5648447Z ##[endgroup]
2026-04-17T02:13:13.5648993Z ##[group]Runner Image
2026-04-17T02:13:13.5649548Z Image: ubuntu-24.04
2026-04-17T02:13:13.5650086Z Version: 20260406.80.1
2026-04-17T02:13:13.5651480Z Included Software: https://github.com/actions/runner-images/blob/ubuntu24/20260406.80/images/ubuntu/Ubuntu2404-Readme.md
2026-04-17T02:13:13.5652929Z Image Release: https://github.com/actions/runner-images/releases/tag/ubuntu24%2F20260406.80
2026-04-17T02:13:13.5653889Z ##[endgroup]
2026-04-17T02:13:13.5655183Z ##[group]GITHUB_TOKEN Permissions
2026-04-17T02:13:13.5657300Z Actions: read
2026-04-17T02:13:13.5657985Z Checks: read
2026-04-17T02:13:13.5658520Z Contents: write
2026-04-17T02:13:13.5659045Z Metadata: read
2026-04-17T02:13:13.5659599Z PullRequests: read
2026-04-17T02:13:13.5660150Z ##[endgroup]
2026-04-17T02:13:13.5663172Z Secret source: Actions
2026-04-17T02:13:13.5664387Z Prepare workflow directory
2026-04-17T02:13:13.6015939Z Prepare all required actions
2026-04-17T02:13:13.6055180Z Getting action download info
2026-04-17T02:13:14.0468776Z Download action repository 'actions/checkout@v4' (SHA:34e114876b0b11c390a56381ad16ebd13914f8d5)
2026-04-17T02:13:14.1470489Z Download action repository 'actions/github-script@v7' (SHA:f28e40c7f34bde8b3046d885e986cb6290c5673b)
2026-04-17T02:13:15.0694150Z Download action repository 'actions/upload-artifact@v4' (SHA:ea165f8d65b6e75b540449e92b4886f43607fa02)
2026-04-17T02:13:15.3045451Z Complete job name: lint-and-test
2026-04-17T02:13:15.3812996Z ##[group]Run actions/checkout@v4
2026-04-17T02:13:15.3813953Z with:
2026-04-17T02:13:15.3814445Z   repository: akarlin3/prismTask
2026-04-17T02:13:15.3815284Z   token: ***
2026-04-17T02:13:15.3815755Z   ssh-strict: true
2026-04-17T02:13:15.3816240Z   ssh-user: git
2026-04-17T02:13:15.3816723Z   persist-credentials: true
2026-04-17T02:13:15.3817270Z   clean: true
2026-04-17T02:13:15.3817754Z   sparse-checkout-cone-mode: true
2026-04-17T02:13:15.3818343Z   fetch-depth: 1
2026-04-17T02:13:15.3818822Z   fetch-tags: false
2026-04-17T02:13:15.3819305Z   show-progress: true
2026-04-17T02:13:15.3819838Z   lfs: false
2026-04-17T02:13:15.3820291Z   submodules: false
2026-04-17T02:13:15.3821002Z   set-safe-directory: true
2026-04-17T02:13:15.3821738Z ##[endgroup]
2026-04-17T02:13:15.4941909Z Syncing repository: akarlin3/prismTask
2026-04-17T02:13:15.4943942Z ##[group]Getting Git version info
2026-04-17T02:13:15.4944853Z Working directory is '/home/runner/work/prismTask/prismTask'
2026-04-17T02:13:15.4946014Z [command]/usr/bin/git version
2026-04-17T02:13:15.4978371Z git version 2.53.0
2026-04-17T02:13:15.5003714Z ##[endgroup]
2026-04-17T02:13:15.5027097Z Temporarily overriding HOME='/home/runner/work/_temp/6e9f41aa-cc12-4e1b-b63f-10e34227a904' before making global git config changes
2026-04-17T02:13:15.5028617Z Adding repository directory to the temporary git global config as a safe directory
2026-04-17T02:13:15.5032819Z [command]/usr/bin/git config --global --add safe.directory /home/runner/work/prismTask/prismTask
2026-04-17T02:13:15.5068446Z Deleting the contents of '/home/runner/work/prismTask/prismTask'
2026-04-17T02:13:15.5072387Z ##[group]Initializing the repository
2026-04-17T02:13:15.5076345Z [command]/usr/bin/git init /home/runner/work/prismTask/prismTask
2026-04-17T02:13:15.5158937Z hint: Using 'master' as the name for the initial branch. This default branch name
2026-04-17T02:13:15.5161500Z hint: will change to "main" in Git 3.0. To configure the initial branch name
2026-04-17T02:13:15.5163241Z hint: to use in all of your new repositories, which will suppress this warning,
2026-04-17T02:13:15.5164633Z hint: call:
2026-04-17T02:13:15.5165352Z hint:
2026-04-17T02:13:15.5166271Z hint: 	git config --global init.defaultBranch <name>
2026-04-17T02:13:15.5167388Z hint:
2026-04-17T02:13:15.5168410Z hint: Names commonly chosen instead of 'master' are 'main', 'trunk' and
2026-04-17T02:13:15.5170035Z hint: 'development'. The just-created branch can be renamed via this command:
2026-04-17T02:13:15.5171633Z hint:
2026-04-17T02:13:15.5172396Z hint: 	git branch -m <name>
2026-04-17T02:13:15.5173274Z hint:
2026-04-17T02:13:15.5174416Z hint: Disable this message with "git config set advice.defaultBranchName false"
2026-04-17T02:13:15.5176270Z Initialized empty Git repository in /home/runner/work/prismTask/prismTask/.git/
2026-04-17T02:13:15.5181590Z [command]/usr/bin/git remote add origin https://github.com/akarlin3/prismTask
2026-04-17T02:13:15.5210521Z ##[endgroup]
2026-04-17T02:13:15.5211520Z ##[group]Disabling automatic garbage collection
2026-04-17T02:13:15.5215055Z [command]/usr/bin/git config --local gc.auto 0
2026-04-17T02:13:15.5245355Z ##[endgroup]
2026-04-17T02:13:15.5246428Z ##[group]Setting up auth
2026-04-17T02:13:15.5252586Z [command]/usr/bin/git config --local --name-only --get-regexp core\.sshCommand
2026-04-17T02:13:15.5284555Z [command]/usr/bin/git submodule foreach --recursive sh -c "git config --local --name-only --get-regexp 'core\.sshCommand' && git config --local --unset-all 'core.sshCommand' || :"
2026-04-17T02:13:15.5595139Z [command]/usr/bin/git config --local --name-only --get-regexp http\.https\:\/\/github\.com\/\.extraheader
2026-04-17T02:13:15.5626484Z [command]/usr/bin/git submodule foreach --recursive sh -c "git config --local --name-only --get-regexp 'http\.https\:\/\/github\.com\/\.extraheader' && git config --local --unset-all 'http.https://github.com/.extraheader' || :"
2026-04-17T02:13:15.5863994Z [command]/usr/bin/git config --local --name-only --get-regexp ^includeIf\.gitdir:
2026-04-17T02:13:15.5898049Z [command]/usr/bin/git submodule foreach --recursive git config --local --show-origin --name-only --get-regexp remote.origin.url
2026-04-17T02:13:15.6148632Z [command]/usr/bin/git config --local http.https://github.com/.extraheader AUTHORIZATION: basic ***
2026-04-17T02:13:15.6190155Z ##[endgroup]
2026-04-17T02:13:15.6192540Z ##[group]Fetching the repository
2026-04-17T02:13:15.6201507Z [command]/usr/bin/git -c protocol.version=2 fetch --no-tags --prune --no-recurse-submodules --depth=1 origin +6e6e3b3ab44b201363b53fa0380a8e376cf4de93:refs/remotes/origin/main
2026-04-17T02:13:18.6521853Z From https://github.com/akarlin3/prismTask
2026-04-17T02:13:18.6524642Z  * [new ref]         6e6e3b3ab44b201363b53fa0380a8e376cf4de93 -> origin/main
2026-04-17T02:13:18.6554213Z ##[endgroup]
2026-04-17T02:13:18.6555558Z ##[group]Determining the checkout info
2026-04-17T02:13:18.6557232Z ##[endgroup]
2026-04-17T02:13:18.6562693Z [command]/usr/bin/git sparse-checkout disable
2026-04-17T02:13:18.6605050Z [command]/usr/bin/git config --local --unset-all extensions.worktreeConfig
2026-04-17T02:13:18.6637388Z ##[group]Checking out the ref
2026-04-17T02:13:18.6642326Z [command]/usr/bin/git checkout --progress --force -B main refs/remotes/origin/main
2026-04-17T02:13:18.8098022Z Switched to a new branch 'main'
2026-04-17T02:13:18.8099273Z branch 'main' set up to track 'origin/main'.
2026-04-17T02:13:18.8120683Z ##[endgroup]
2026-04-17T02:13:18.8161274Z [command]/usr/bin/git log -1 --format=%H
2026-04-17T02:13:18.8184901Z 6e6e3b3ab44b201363b53fa0380a8e376cf4de93
2026-04-17T02:13:18.8498240Z Prepare all required actions
2026-04-17T02:13:18.8499466Z Getting action download info
2026-04-17T02:13:19.0250514Z Download action repository 'actions/setup-java@v4' (SHA:c1e323688fd81a25caa38c78aa6df2d33d3e20d9)
2026-04-17T02:13:20.3491315Z Download action repository 'gradle/actions@v4' (SHA:ed408507eac070d1f99cc633dbcf757c94c7933a)
2026-04-17T02:13:22.2532159Z ##[group]Run ./.github/actions/setup-android
2026-04-17T02:13:22.2532480Z ##[endgroup]
2026-04-17T02:13:22.2693568Z ##[group]Run actions/setup-java@v4
2026-04-17T02:13:22.2693829Z with:
2026-04-17T02:13:22.2694019Z   java-version: 21
2026-04-17T02:13:22.2694222Z   distribution: temurin
2026-04-17T02:13:22.2694435Z   java-package: jdk
2026-04-17T02:13:22.2694639Z   check-latest: false
2026-04-17T02:13:22.2694844Z   server-id: github
2026-04-17T02:13:22.2695036Z   server-username: GITHUB_ACTOR
2026-04-17T02:13:22.2695284Z   server-password: GITHUB_TOKEN
2026-04-17T02:13:22.2695535Z   overwrite-settings: true
2026-04-17T02:13:22.2695852Z   job-status: success
2026-04-17T02:13:22.2696166Z   token: ***
2026-04-17T02:13:22.2696360Z ##[endgroup]
2026-04-17T02:13:22.4723933Z ##[group]Installed distributions
2026-04-17T02:13:22.4789631Z Resolved Java 21.0.10+7 from tool-cache
2026-04-17T02:13:22.4790139Z Setting Java 21.0.10+7 as the default
2026-04-17T02:13:22.4803730Z Creating toolchains.xml for JDK version 21 from temurin
2026-04-17T02:13:22.4878173Z Writing to /home/runner/.m2/toolchains.xml
2026-04-17T02:13:22.4878562Z 
2026-04-17T02:13:22.4878965Z Java configuration:
2026-04-17T02:13:22.4880582Z   Distribution: temurin
2026-04-17T02:13:22.4881368Z   Version: 21.0.10+7
2026-04-17T02:13:22.4882117Z   Path: /opt/hostedtoolcache/Java_Temurin-Hotspot_jdk/21.0.10-7/x64
2026-04-17T02:13:22.4882701Z 
2026-04-17T02:13:22.4883319Z ##[endgroup]
2026-04-17T02:13:22.4899826Z Creating settings.xml with server-id: github
2026-04-17T02:13:22.4903465Z Writing to /home/runner/.m2/settings.xml
2026-04-17T02:13:22.5095458Z ##[group]Run gradle/actions/setup-gradle@v4
2026-04-17T02:13:22.5095748Z with:
2026-04-17T02:13:22.5095949Z   cache-disabled: false
2026-04-17T02:13:22.5096166Z   cache-read-only: false
2026-04-17T02:13:22.5096385Z   cache-write-only: false
2026-04-17T02:13:22.5096608Z   cache-overwrite-existing: false
2026-04-17T02:13:22.5096848Z   cache-cleanup: on-success
2026-04-17T02:13:22.5097131Z   gradle-home-cache-includes: caches
notifications

2026-04-17T02:13:22.5097421Z   add-job-summary: always
2026-04-17T02:13:22.5097652Z   add-job-summary-as-pr-comment: never
2026-04-17T02:13:22.5097908Z   dependency-graph: disabled
2026-04-17T02:13:22.5098201Z   dependency-graph-report-dir: dependency-graph-reports
2026-04-17T02:13:22.5098548Z   dependency-graph-continue-on-failure: true
2026-04-17T02:13:22.5098838Z   build-scan-publish: false
2026-04-17T02:13:22.5099058Z   validate-wrappers: true
2026-04-17T02:13:22.5099308Z   allow-snapshot-wrappers: false
2026-04-17T02:13:22.5099564Z   gradle-home-cache-strict-match: false
2026-04-17T02:13:22.5099828Z   workflow-job-context: null
2026-04-17T02:13:22.5100199Z   github-token: ***
2026-04-17T02:13:22.5100403Z env:
2026-04-17T02:13:22.5100690Z   JAVA_HOME: /opt/hostedtoolcache/Java_Temurin-Hotspot_jdk/21.0.10-7/x64
2026-04-17T02:13:22.5101461Z   JAVA_HOME_21_X64: /opt/hostedtoolcache/Java_Temurin-Hotspot_jdk/21.0.10-7/x64
2026-04-17T02:13:22.5101824Z ##[endgroup]
2026-04-17T02:13:23.4976060Z Merged default JDK locations into /home/runner/.m2/toolchains.xml
2026-04-17T02:13:23.4977944Z Preparing cache for cleanup.
2026-04-17T02:13:23.4982236Z ##[group]Restore Gradle state from cache
2026-04-17T02:13:23.7385135Z Cache hit for restore-key: gradle-home-v1|Linux-X64|lint-and-test[5df42585ae8f8da228c604b8b4e8707c]-11053b33773f4640943613ccd6032166dbd5d690
2026-04-17T02:13:25.0282242Z Received 4194304 of 249191278 (1.7%), 4.0 MBs/sec
2026-04-17T02:13:26.0300235Z Received 155189248 of 249191278 (62.3%), 73.9 MBs/sec
2026-04-17T02:13:27.0323564Z Received 247463936 of 249191278 (99.3%), 78.6 MBs/sec
2026-04-17T02:13:27.1099588Z Received 249191278 of 249191278 (100.0%), 77.1 MBs/sec
2026-04-17T02:13:27.1102294Z Cache Size: ~238 MB (249191278 B)
2026-04-17T02:13:27.1156957Z [command]/usr/bin/tar -xf /home/runner/work/_temp/43ee6fc3-ccb7-46ab-be0c-92a9ddbe1c98/cache.tzst -P -C /home/runner/work/prismTask/prismTask --use-compress-program unzstd
2026-04-17T02:13:27.6548353Z Cache restored successfully
2026-04-17T02:13:27.6675237Z Restored cache entry with key gradle-home-v1|Linux-X64|lint-and-test[5df42585ae8f8da228c604b8b4e8707c]-6e6e3b3ab44b201363b53fa0380a8e376cf4de93 to /home/runner/.gradle/caches,/home/runner/.gradle/notifications,/home/runner/.gradle/.setup-gradle in 4168ms
2026-04-17T02:13:27.8826953Z Cache hit for: gradle-generated-gradle-jars-v1-cb4b032a7d08b9bf1e84e9eacaebcc29
2026-04-17T02:13:27.8887350Z Cache hit for: gradle-instrumented-jars-v1-da27189608cc64b8ccdc1e8234084779
2026-04-17T02:13:27.8999883Z Cache hit for: gradle-kotlin-dsl-v1-a608a8a52b3e9d823ccc87258915ea34
2026-04-17T02:13:27.9069214Z Cache hit for: gradle-transforms-v1-c97e75dca206aa047cf0157a127d7d71
2026-04-17T02:13:27.9074063Z Cache hit for: gradle-dependencies-v1-117fbe653ac5533442942123eb8053be
2026-04-17T02:13:27.9150438Z Cache hit for: gradle-wrapper-zips-v1-8c0de4c6bda6041d6e054bf825a89c98
2026-04-17T02:13:27.9170976Z Cache hit for: gradle-groovy-dsl-v1-28b9a41f693ba754e53f6f5a3dfc445c
2026-04-17T02:13:28.4981398Z Received 60531 of 60531 (100.0%), 0.1 MBs/sec
2026-04-17T02:13:28.4983548Z Cache Size: ~0 MB (60531 B)
2026-04-17T02:13:28.5006055Z [command]/usr/bin/tar -xf /home/runner/work/_temp/351bcb9a-2ef1-4b5c-a211-7fe7e0ae1354/cache.tzst -P -C /home/runner/work/prismTask/prismTask --use-compress-program unzstd
2026-04-17T02:13:28.5107286Z Cache restored successfully
2026-04-17T02:13:28.5109882Z Restored cache entry with key gradle-instrumented-jars-v1-da27189608cc64b8ccdc1e8234084779 to /home/runner/.gradle/caches/jars-*/*/ in 840ms
2026-04-17T02:13:28.5701708Z Received 91211 of 91211 (100.0%), 0.2 MBs/sec
2026-04-17T02:13:28.5702339Z Cache Size: ~0 MB (91211 B)
2026-04-17T02:13:28.5863475Z [command]/usr/bin/tar -xf /home/runner/work/_temp/dc5f90f4-07ae-4d3c-9e83-f95486787cfe/cache.tzst -P -C /home/runner/work/prismTask/prismTask --use-compress-program unzstd
2026-04-17T02:13:28.6002465Z Cache restored successfully
2026-04-17T02:13:28.6009270Z Restored cache entry with key gradle-groovy-dsl-v1-28b9a41f693ba754e53f6f5a3dfc445c to /home/runner/.gradle/caches/*/groovy-dsl/*/ in 929ms
2026-04-17T02:13:28.6386289Z Received 160997 of 160997 (100.0%), 0.3 MBs/sec
2026-04-17T02:13:28.6386914Z Cache Size: ~0 MB (160997 B)
2026-04-17T02:13:28.6408347Z [command]/usr/bin/tar -xf /home/runner/work/_temp/0bf4bdd1-4b3e-4ff9-bc3e-8b2583e91099/cache.tzst -P -C /home/runner/work/prismTask/prismTask --use-compress-program unzstd
2026-04-17T02:13:28.7127260Z Cache restored successfully
2026-04-17T02:13:28.7129481Z Restored cache entry with key gradle-kotlin-dsl-v1-a608a8a52b3e9d823ccc87258915ea34 to /home/runner/.gradle/caches/*/kotlin-dsl/accessors/*/,/home/runner/.gradle/caches/*/kotlin-dsl/scripts/*/ in 1042ms
2026-04-17T02:13:29.1259690Z Received 8388608 of 41993404 (20.0%), 8.0 MBs/sec
2026-04-17T02:13:29.1429869Z Received 12582912 of 136352669 (9.2%), 12.0 MBs/sec
2026-04-17T02:13:29.1564658Z Received 0 of 237711386 (0.0%), 0.0 MBs/sec
2026-04-17T02:13:29.1782254Z Received 4194304 of 834528743 (0.5%), 4.0 MBs/sec
2026-04-17T02:13:29.3867002Z Received 41993404 of 41993404 (100.0%), 31.8 MBs/sec
2026-04-17T02:13:29.3870029Z Cache Size: ~40 MB (41993404 B)
2026-04-17T02:13:29.4162249Z [command]/usr/bin/tar -xf /home/runner/work/_temp/34060eb2-3cb4-4f6e-a963-6e7be69d60e6/cache.tzst -P -C /home/runner/work/prismTask/prismTask --use-compress-program unzstd
2026-04-17T02:13:29.7855437Z Cache restored successfully
2026-04-17T02:13:29.7917782Z Restored cache entry with key gradle-generated-gradle-jars-v1-cb4b032a7d08b9bf1e84e9eacaebcc29 to /home/runner/.gradle/caches/9.3.1/generated-gradle-jars/gradle-api-9.3.1.jar in 2123ms
2026-04-17T02:13:30.1429078Z Received 130023424 of 136352669 (95.4%), 61.9 MBs/sec
2026-04-17T02:13:30.1583602Z Received 117440512 of 237711386 (49.4%), 55.9 MBs/sec
2026-04-17T02:13:30.1746957Z Received 113246208 of 834528743 (13.6%), 54.0 MBs/sec
2026-04-17T02:13:30.4752508Z Received 136352669 of 136352669 (100.0%), 55.7 MBs/sec
2026-04-17T02:13:30.4754948Z Cache Size: ~130 MB (136352669 B)
2026-04-17T02:13:30.4784111Z [command]/usr/bin/tar -xf /home/runner/work/_temp/0dff4bfd-643f-44e2-bcde-c309831c20b1/cache.tzst -P -C /home/runner/work/prismTask/prismTask --use-compress-program unzstd
2026-04-17T02:13:30.7397186Z Cache restored successfully
2026-04-17T02:13:30.7514966Z Restored cache entry with key gradle-wrapper-zips-v1-8c0de4c6bda6041d6e054bf825a89c98 to /home/runner/.gradle/wrapper/dists/gradle-9.3.1-bin/23ovyewtku6u96viwx3xl3oks in 3079ms
2026-04-17T02:13:31.1586052Z Received 230686720 of 237711386 (97.0%), 73.3 MBs/sec
2026-04-17T02:13:31.1744919Z Received 192937984 of 834528743 (23.1%), 61.3 MBs/sec
2026-04-17T02:13:31.2122258Z Received 237711386 of 237711386 (100.0%), 74.2 MBs/sec
2026-04-17T02:13:31.2124951Z Cache Size: ~227 MB (237711386 B)
2026-04-17T02:13:31.2325289Z [command]/usr/bin/tar -xf /home/runner/work/_temp/23bb1895-55bc-4aa1-ae06-a8e5ec8f95f7/cache.tzst -P -C /home/runner/work/prismTask/prismTask --use-compress-program unzstd
2026-04-17T02:13:32.1746242Z Received 331350016 of 834528743 (39.7%), 79.0 MBs/sec
2026-04-17T02:13:33.1747660Z Received 436207616 of 834528743 (52.3%), 83.2 MBs/sec
2026-04-17T02:13:33.8617623Z Cache restored successfully
2026-04-17T02:13:33.8771997Z Restored cache entry with key gradle-transforms-v1-c97e75dca206aa047cf0157a127d7d71 to /home/runner/.gradle/caches/transforms-4/*/,/home/runner/.gradle/caches/*/transforms/*/ in 6205ms
2026-04-17T02:13:34.1749923Z Received 536870912 of 834528743 (64.3%), 85.3 MBs/sec
2026-04-17T02:13:35.1756101Z Received 671088640 of 834528743 (80.4%), 91.4 MBs/sec
2026-04-17T02:13:36.1764420Z Received 809500672 of 834528743 (97.0%), 96.5 MBs/sec
2026-04-17T02:13:36.4036803Z Received 834528743 of 834528743 (100.0%), 96.7 MBs/sec
2026-04-17T02:13:36.4039617Z Cache Size: ~796 MB (834528743 B)
2026-04-17T02:13:36.4182185Z [command]/usr/bin/tar -xf /home/runner/work/_temp/ec7486a5-7d66-41d2-b3f7-11476066eeee/cache.tzst -P -C /home/runner/work/prismTask/prismTask --use-compress-program unzstd
2026-04-17T02:13:37.8429875Z Cache restored successfully
2026-04-17T02:13:37.8838651Z Restored cache entry with key gradle-dependencies-v1-117fbe653ac5533442942123eb8053be to /home/runner/.gradle/caches/modules-*/files-*/*/*/*/* in 10213ms
2026-04-17T02:13:37.9541090Z ##[endgroup]
2026-04-17T02:13:37.9830865Z ##[group]All Gradle Wrapper jars are valid
2026-04-17T02:13:37.9832084Z ✓ Found known Gradle Wrapper JAR files:
2026-04-17T02:13:37.9833131Z   b3a875ddc1f044746e1b1a55f645584505f4a10438c1afea9f15e92a7c42ec13 gradle/wrapper/gradle-wrapper.jar
2026-04-17T02:13:37.9834238Z ##[endgroup]
2026-04-17T02:13:37.9993186Z ##[group]Run chmod +x gradlew
2026-04-17T02:13:37.9993587Z [36;1mchmod +x gradlew[0m
2026-04-17T02:13:38.0020416Z shell: /usr/bin/bash --noprofile --norc -e -o pipefail {0}
2026-04-17T02:13:38.0021129Z env:
2026-04-17T02:13:38.0021488Z   JAVA_HOME: /opt/hostedtoolcache/Java_Temurin-Hotspot_jdk/21.0.10-7/x64
2026-04-17T02:13:38.0022004Z   JAVA_HOME_21_X64: /opt/hostedtoolcache/Java_Temurin-Hotspot_jdk/21.0.10-7/x64
2026-04-17T02:13:38.0022484Z   GRADLE_ACTION_ID: gradle/actions/setup-gradle
2026-04-17T02:13:38.0022825Z   GRADLE_USER_HOME: /home/runner/.gradle
2026-04-17T02:13:38.0023142Z   GRADLE_BUILD_ACTION_SETUP_COMPLETED: true
2026-04-17T02:13:38.0023476Z   GRADLE_BUILD_ACTION_CACHE_RESTORED: true
2026-04-17T02:13:38.0023953Z   DEVELOCITY_INJECTION_INIT_SCRIPT_NAME: gradle-actions.inject-develocity.init.gradle
2026-04-17T02:13:38.0024458Z   DEVELOCITY_INJECTION_CUSTOM_VALUE: gradle-actions
2026-04-17T02:13:38.0024804Z   GITHUB_DEPENDENCY_GRAPH_ENABLED: false
2026-04-17T02:13:38.0025097Z ##[endgroup]
2026-04-17T02:13:38.0154661Z ##[group]Run ./gradlew ktlintCheck --continue
2026-04-17T02:13:38.0155089Z [36;1m./gradlew ktlintCheck --continue[0m
2026-04-17T02:13:38.0178085Z shell: /usr/bin/bash -e {0}
2026-04-17T02:13:38.0178390Z env:
2026-04-17T02:13:38.0178747Z   JAVA_HOME: /opt/hostedtoolcache/Java_Temurin-Hotspot_jdk/21.0.10-7/x64
2026-04-17T02:13:38.0179294Z   JAVA_HOME_21_X64: /opt/hostedtoolcache/Java_Temurin-Hotspot_jdk/21.0.10-7/x64
2026-04-17T02:13:38.0179967Z   GRADLE_ACTION_ID: gradle/actions/setup-gradle
2026-04-17T02:13:38.0180325Z   GRADLE_USER_HOME: /home/runner/.gradle
2026-04-17T02:13:38.0180677Z   GRADLE_BUILD_ACTION_SETUP_COMPLETED: true
2026-04-17T02:13:38.0181246Z   GRADLE_BUILD_ACTION_CACHE_RESTORED: true
2026-04-17T02:13:38.0181736Z   DEVELOCITY_INJECTION_INIT_SCRIPT_NAME: gradle-actions.inject-develocity.init.gradle
2026-04-17T02:13:38.0182266Z   DEVELOCITY_INJECTION_CUSTOM_VALUE: gradle-actions
2026-04-17T02:13:38.0182632Z   GITHUB_DEPENDENCY_GRAPH_ENABLED: false
2026-04-17T02:13:38.0183017Z ##[endgroup]
2026-04-17T02:13:39.6655733Z Starting a Gradle Daemon (subsequent builds will be faster)
2026-04-17T02:13:43.6655286Z Configuration on demand is an incubating feature.
2026-04-17T02:13:49.8647369Z 
2026-04-17T02:13:49.8658652Z > Configure project :app
2026-04-17T02:13:49.8659640Z WARNING: The option setting 'android.builtInKotlin=false' is deprecated.
2026-04-17T02:13:49.8660618Z The current default is 'true'.
2026-04-17T02:13:49.8661553Z It will be removed in version 10.0 of the Android Gradle plugin.
2026-04-17T02:13:49.8662428Z WARNING: The option setting 'android.newDsl=false' is deprecated.
2026-04-17T02:13:49.8663231Z The current default is 'true'.
2026-04-17T02:13:49.8663960Z It will be removed in version 10.0 of the Android Gradle plugin.
2026-04-17T02:13:49.8665192Z WARNING: The option setting 'android.dependency.excludeLibraryComponentsFromConstraints=true' is deprecated.
2026-04-17T02:13:49.8666402Z The current default is 'false'.
2026-04-17T02:13:49.8667200Z It will be removed in version 10.0 of the Android Gradle plugin.
2026-04-17T02:13:49.8668118Z Following can be set instead to achieve a similar behaviour.
2026-04-17T02:13:49.8668913Z     android.dependency.useConstraints=false
2026-04-17T02:13:56.9649587Z w: file:///home/runner/work/prismTask/prismTask/app/build.gradle.kts:17:1: 'fun Project.android(configure: Action<BaseAppModuleExtension>): Unit' is deprecated. Replaced by com.android.build.api.dsl.ApplicationExtension.
2026-04-17T02:13:56.9656054Z This class is not used for the public extensions in AGP when android.newDsl=true, which is the default in AGP 9.0, and will be removed in AGP 10.0.
2026-04-17T02:13:56.9658248Z w: file:///home/runner/work/prismTask/prismTask/app/build.gradle.kts:197:1: 'val Project.android: BaseAppModuleExtension' is deprecated. Replaced by com.android.build.api.dsl.ApplicationExtension.
2026-04-17T02:13:56.9660278Z This class is not used for the public extensions in AGP when android.newDsl=true, which is the default in AGP 9.0, and will be removed in AGP 10.0.
2026-04-17T02:13:58.3675340Z w: ⚠️ Deprecated 'org.jetbrains.kotlin.android' plugin usage
2026-04-17T02:13:58.3676570Z The 'org.jetbrains.kotlin.android' plugin in project ':app' is no longer required for Kotlin support since AGP 9.0.
2026-04-17T02:13:58.3681896Z Solution: Remove both `android.builtInKotlin=true` and `android.newDsl=false` from `gradle.properties`, then migrate to built-in Kotlin.
2026-04-17T02:13:58.3683457Z See https://kotl.in/gradle/agp-built-in-kotlin for more details.
2026-04-17T02:13:58.3684079Z 
2026-04-17T02:13:58.6646465Z 
2026-04-17T02:13:58.6657057Z > Task :app:loadKtlintReporters FROM-CACHE
2026-04-17T02:13:58.6658134Z > Task :app:runKtlintCheckOverAndroidTestDebugSourceSet NO-SOURCE
2026-04-17T02:13:58.6659101Z > Task :app:ktlintAndroidTestDebugSourceSetCheck SKIPPED
2026-04-17T02:13:58.6660083Z > Task :app:runKtlintCheckOverAndroidTestReleaseSourceSet NO-SOURCE
2026-04-17T02:13:58.6661398Z > Task :app:ktlintAndroidTestReleaseSourceSetCheck SKIPPED
2026-04-17T02:13:58.7652215Z > Task :app:runKtlintCheckOverDebugSourceSet NO-SOURCE
2026-04-17T02:13:58.7671859Z > Task :app:ktlintDebugSourceSetCheck SKIPPED
2026-04-17T02:13:59.0712364Z > Task :app:runKtlintCheckOverReleaseSourceSet NO-SOURCE
2026-04-17T02:13:59.0751666Z > Task :app:ktlintReleaseSourceSetCheck SKIPPED
2026-04-17T02:13:59.0781681Z > Task :app:runKtlintCheckOverTestDebugSourceSet NO-SOURCE
2026-04-17T02:13:59.0825672Z > Task :app:ktlintTestDebugSourceSetCheck SKIPPED
2026-04-17T02:13:59.0854437Z > Task :app:runKtlintCheckOverTestFixturesDebugSourceSet NO-SOURCE
2026-04-17T02:13:59.0875435Z > Task :app:ktlintTestFixturesDebugSourceSetCheck SKIPPED
2026-04-17T02:13:59.0894391Z > Task :app:runKtlintCheckOverTestFixturesReleaseSourceSet NO-SOURCE
2026-04-17T02:13:59.0895533Z > Task :app:ktlintTestFixturesReleaseSourceSetCheck SKIPPED
2026-04-17T02:13:59.0896532Z > Task :app:runKtlintCheckOverTestFixturesSourceSet NO-SOURCE
2026-04-17T02:13:59.0897424Z > Task :app:ktlintTestFixturesSourceSetCheck SKIPPED
2026-04-17T02:13:59.0898337Z > Task :app:runKtlintCheckOverTestReleaseSourceSet NO-SOURCE
2026-04-17T02:13:59.0899214Z > Task :app:ktlintTestReleaseSourceSetCheck SKIPPED
2026-04-17T02:14:03.5672217Z > Task :app:runKtlintCheckOverKotlinScripts
2026-04-17T02:14:03.6647502Z > Task :app:ktlintKotlinScriptCheck FROM-CACHE
2026-04-17T02:14:07.1682207Z > Task :app:runKtlintCheckOverAndroidTestSourceSet
2026-04-17T02:14:07.1731859Z > Task :app:ktlintAndroidTestSourceSetCheck FROM-CACHE
2026-04-17T02:14:12.6648753Z > Task :app:runKtlintCheckOverTestSourceSet
2026-04-17T02:14:12.7647254Z > Task :app:ktlintTestSourceSetCheck FROM-CACHE
2026-04-17T02:14:27.9689594Z > Task :app:runKtlintCheckOverMainSourceSet
2026-04-17T02:14:28.0645922Z 
2026-04-17T02:14:28.0668778Z > Task :app:ktlintMainSourceSetCheck FAILED
2026-04-17T02:14:28.0670670Z /home/runner/work/prismTask/prismTask/app/src/main/java/com/averycorp/prismtask/data/export/DataImporter.kt:3:1 Imports must be ordered in lexicographic order without any empty lines in-between with "java", "javax", "kotlin" and aliases in the end
2026-04-17T02:14:28.1648424Z gradle/actions: Writing build results to /home/runner/work/_temp/.gradle-actions/build-results/__run-1776392025228.json
2026-04-17T02:14:28.1655132Z 
2026-04-17T02:14:28.1656327Z [Incubating] Problems report is available at: file:///home/runner/work/prismTask/prismTask/build/reports/problems/problems-report.html
2026-04-17T02:14:28.1657598Z 
2026-04-17T02:14:28.1658325Z Deprecated Gradle features were used in this build, making it incompatible with Gradle 10.
2026-04-17T02:14:28.1659187Z 
2026-04-17T02:14:28.1660124Z You can use '--warning-mode all' to show the individual deprecation warnings and determine if they come from your own scripts or plugins.
2026-04-17T02:14:28.1661470Z 
2026-04-17T02:14:28.1662572Z For more on this, please refer to https://docs.gradle.org/9.3.1/userguide/command_line_interface.html#sec:command_line_warnings in the Gradle documentation.
2026-04-17T02:14:28.1664036Z 9 actionable tasks: 5 executed, 4 from cache
2026-04-17T02:14:28.1666325Z 
2026-04-17T02:14:28.1666541Z FAILURE: Build failed with an exception.
2026-04-17T02:14:28.1666900Z 
2026-04-17T02:14:28.1667058Z * What went wrong:
2026-04-17T02:14:28.1667589Z Execution failed for task ':app:ktlintMainSourceSetCheck'.
2026-04-17T02:14:28.1668596Z > A failure occurred while executing org.jlleitschuh.gradle.ktlint.worker.ConsoleReportWorkAction
2026-04-17T02:14:28.1669687Z    > KtLint found code style violations. Please see the following reports:
2026-04-17T02:14:28.1671108Z      - /home/runner/work/prismTask/prismTask/app/build/reports/ktlint/ktlintMainSourceSetCheck/ktlintMainSourceSetCheck.txt
2026-04-17T02:14:28.1671986Z 
2026-04-17T02:14:28.1672132Z * Try:
2026-04-17T02:14:28.1672571Z > Run with --stacktrace option to get the stack trace.
2026-04-17T02:14:28.1673246Z > Run with --info or --debug option to get more log output.
2026-04-17T02:14:28.1674037Z > Run with --scan to get full insights from a Build Scan (powered by Develocity).
2026-04-17T02:14:28.1679059Z > Get more help at https://help.gradle.org.
2026-04-17T02:14:28.1679517Z 
2026-04-17T02:14:28.1679678Z BUILD FAILED in 49s
2026-04-17T02:14:28.6957176Z ##[error]Process completed with exit code 1.
2026-04-17T02:14:28.7004755Z ##[group]Run ./gradlew detekt --continue
2026-04-17T02:14:28.7005146Z [36;1m./gradlew detekt --continue[0m
2026-04-17T02:14:28.7027985Z shell: /usr/bin/bash -e {0}
2026-04-17T02:14:28.7028462Z env:
2026-04-17T02:14:28.7028806Z   JAVA_HOME: /opt/hostedtoolcache/Java_Temurin-Hotspot_jdk/21.0.10-7/x64
2026-04-17T02:14:28.7029334Z   JAVA_HOME_21_X64: /opt/hostedtoolcache/Java_Temurin-Hotspot_jdk/21.0.10-7/x64
2026-04-17T02:14:28.7029797Z   GRADLE_ACTION_ID: gradle/actions/setup-gradle
2026-04-17T02:14:28.7030140Z   GRADLE_USER_HOME: /home/runner/.gradle
2026-04-17T02:14:28.7030462Z   GRADLE_BUILD_ACTION_SETUP_COMPLETED: true
2026-04-17T02:14:28.7030929Z   GRADLE_BUILD_ACTION_CACHE_RESTORED: true
2026-04-17T02:14:28.7031396Z   DEVELOCITY_INJECTION_INIT_SCRIPT_NAME: gradle-actions.inject-develocity.init.gradle
2026-04-17T02:14:28.7031903Z   DEVELOCITY_INJECTION_CUSTOM_VALUE: gradle-actions
2026-04-17T02:14:28.7032249Z   GITHUB_DEPENDENCY_GRAPH_ENABLED: false
2026-04-17T02:14:28.7032592Z ##[endgroup]
2026-04-17T02:14:29.4610502Z Configuration on demand is an incubating feature.
2026-04-17T02:14:29.8592472Z 
2026-04-17T02:14:29.8659150Z > Configure project :app
2026-04-17T02:14:29.8680108Z WARNING: The option setting 'android.builtInKotlin=false' is deprecated.
2026-04-17T02:14:29.8681334Z The current default is 'true'.
2026-04-17T02:14:29.8682143Z It will be removed in version 10.0 of the Android Gradle plugin.
2026-04-17T02:14:29.8683124Z WARNING: The option setting 'android.newDsl=false' is deprecated.
2026-04-17T02:14:29.8683946Z The current default is 'true'.
2026-04-17T02:14:29.8684687Z It will be removed in version 10.0 of the Android Gradle plugin.
2026-04-17T02:14:29.8685946Z WARNING: The option setting 'android.dependency.excludeLibraryComponentsFromConstraints=true' is deprecated.
2026-04-17T02:14:29.8687107Z The current default is 'false'.
2026-04-17T02:14:29.8687831Z It will be removed in version 10.0 of the Android Gradle plugin.
2026-04-17T02:14:29.8688734Z Following can be set instead to achieve a similar behaviour.
2026-04-17T02:14:29.8689542Z     android.dependency.useConstraints=false
2026-04-17T02:14:29.8696368Z w: ⚠️ Deprecated 'org.jetbrains.kotlin.android' plugin usage
2026-04-17T02:14:29.8697679Z The 'org.jetbrains.kotlin.android' plugin in project ':app' is no longer required for Kotlin support since AGP 9.0.
2026-04-17T02:14:29.8699364Z Solution: Remove both `android.builtInKotlin=true` and `android.newDsl=false` from `gradle.properties`, then migrate to built-in Kotlin.
2026-04-17T02:14:29.8706449Z See https://kotl.in/gradle/agp-built-in-kotlin for more details.
2026-04-17T02:14:29.8707135Z 
2026-04-17T02:14:59.2487188Z 
2026-04-17T02:14:59.2487872Z > Task :app:detekt FAILED
2026-04-17T02:14:59.2489835Z /home/runner/work/prismTask/prismTask/app/src/main/java/com/averycorp/prismtask/data/export/DataImporter.kt:3:1: Imports must be ordered in lexicographic order without any empty lines in-between with "java", "javax", "kotlin" and aliases in the end [ImportOrdering]
2026-04-17T02:14:59.2496534Z 
2026-04-17T02:14:59.2496765Z FAILURE: Build failed with an exception.
2026-04-17T02:14:59.2497087Z 
2026-04-17T02:14:59.2497234Z * What went wrong:
2026-04-17T02:14:59.2497461Z 
2026-04-17T02:14:59.2497746Z Execution failed for task ':app:detekt'.
2026-04-17T02:14:59.2498841Z gradle/actions: Writing build results to /home/runner/work/_temp/.gradle-actions/build-results/__run_2-1776392069379.json
2026-04-17T02:14:59.2500109Z > Analysis failed with 1 weighted issues.
2026-04-17T02:14:59.2500467Z 
2026-04-17T02:14:59.2500699Z 
2026-04-17T02:14:59.2501689Z [Incubating] Problems report is available at: file:///home/runner/work/prismTask/prismTask/build/reports/problems/problems-report.html
2026-04-17T02:14:59.2503045Z * Try:
2026-04-17T02:14:59.2503228Z 
2026-04-17T02:14:59.2503702Z > Run with --stacktrace option to get the stack trace.
2026-04-17T02:14:59.2504572Z Deprecated Gradle features were used in this build, making it incompatible with Gradle 10.
2026-04-17T02:14:59.2506201Z > Run with --info or --debug option to get more log output.
2026-04-17T02:14:59.2506667Z 
2026-04-17T02:14:59.2507318Z > Run with --scan to get full insights from a Build Scan (powered by Develocity).
2026-04-17T02:14:59.2510696Z You can use '--warning-mode all' to show the individual deprecation warnings and determine if they come from your own scripts or plugins.
2026-04-17T02:14:59.2512116Z > Get more help at https://help.gradle.org.
2026-04-17T02:14:59.2512533Z 
2026-04-17T02:14:59.2516204Z 
2026-04-17T02:14:59.2517154Z For more on this, please refer to https://docs.gradle.org/9.3.1/userguide/command_line_interface.html#sec:command_line_warnings in the Gradle documentation.
2026-04-17T02:14:59.2518737Z 1 actionable task: 1 executed
2026-04-17T02:14:59.2519237Z BUILD FAILED in 30s
2026-04-17T02:14:59.2690065Z ##[error]Process completed with exit code 1.
2026-04-17T02:14:59.2716703Z ##[group]Run ./gradlew lint --continue
2026-04-17T02:14:59.2717075Z [36;1m./gradlew lint --continue[0m
2026-04-17T02:14:59.2740500Z shell: /usr/bin/bash -e {0}
2026-04-17T02:14:59.2741014Z env:
2026-04-17T02:14:59.2741406Z   JAVA_HOME: /opt/hostedtoolcache/Java_Temurin-Hotspot_jdk/21.0.10-7/x64
2026-04-17T02:14:59.2741957Z   JAVA_HOME_21_X64: /opt/hostedtoolcache/Java_Temurin-Hotspot_jdk/21.0.10-7/x64
2026-04-17T02:14:59.2742416Z   GRADLE_ACTION_ID: gradle/actions/setup-gradle
2026-04-17T02:14:59.2742762Z   GRADLE_USER_HOME: /home/runner/.gradle
2026-04-17T02:14:59.2743088Z   GRADLE_BUILD_ACTION_SETUP_COMPLETED: true
2026-04-17T02:14:59.2743416Z   GRADLE_BUILD_ACTION_CACHE_RESTORED: true
2026-04-17T02:14:59.2743894Z   DEVELOCITY_INJECTION_INIT_SCRIPT_NAME: gradle-actions.inject-develocity.init.gradle
2026-04-17T02:14:59.2744401Z   DEVELOCITY_INJECTION_CUSTOM_VALUE: gradle-actions
2026-04-17T02:14:59.2744761Z   GITHUB_DEPENDENCY_GRAPH_ENABLED: false
2026-04-17T02:14:59.2745109Z ##[endgroup]
2026-04-17T02:15:00.0502370Z Configuration on demand is an incubating feature.
2026-04-17T02:15:00.3456668Z 
2026-04-17T02:15:00.3494855Z > Configure project :app
2026-04-17T02:15:00.3521798Z WARNING: The option setting 'android.builtInKotlin=false' is deprecated.
2026-04-17T02:15:00.3531619Z The current default is 'true'.
2026-04-17T02:15:00.3546323Z It will be removed in version 10.0 of the Android Gradle plugin.
2026-04-17T02:15:00.3547326Z WARNING: The option setting 'android.newDsl=false' is deprecated.
2026-04-17T02:15:00.3548188Z The current default is 'true'.
2026-04-17T02:15:00.3548831Z It will be removed in version 10.0 of the Android Gradle plugin.
2026-04-17T02:15:00.3549971Z WARNING: The option setting 'android.dependency.excludeLibraryComponentsFromConstraints=true' is deprecated.
2026-04-17T02:15:00.3551090Z The current default is 'false'.
2026-04-17T02:15:00.3551688Z It will be removed in version 10.0 of the Android Gradle plugin.
2026-04-17T02:15:00.3552474Z Following can be set instead to achieve a similar behaviour.
2026-04-17T02:15:00.3553126Z     android.dependency.useConstraints=false
2026-04-17T02:15:00.3554156Z w: ⚠️ Deprecated 'org.jetbrains.kotlin.android' plugin usage
2026-04-17T02:15:00.3555245Z The 'org.jetbrains.kotlin.android' plugin in project ':app' is no longer required for Kotlin support since AGP 9.0.
2026-04-17T02:15:00.3556767Z Solution: Remove both `android.builtInKotlin=true` and `android.newDsl=false` from `gradle.properties`, then migrate to built-in Kotlin.
2026-04-17T02:15:00.3557985Z See https://kotl.in/gradle/agp-built-in-kotlin for more details.
2026-04-17T02:15:00.3558468Z 
2026-04-17T02:15:01.3447219Z 
2026-04-17T02:15:01.3468883Z > Task :app:checkKotlinGradlePluginConfigurationErrors SKIPPED
2026-04-17T02:15:01.3495624Z > Task :app:preBuild UP-TO-DATE
2026-04-17T02:15:01.3499720Z > Task :app:preDebugBuild UP-TO-DATE
2026-04-17T02:15:01.3532610Z > Task :app:generateDebugBuildConfig
2026-04-17T02:15:01.3540958Z > Task :app:generateDebugResValues FROM-CACHE
2026-04-17T02:15:01.3541933Z > Task :app:generateDebugResources FROM-CACHE
2026-04-17T02:15:01.3542911Z > Task :app:injectCrashlyticsMappingFileIdDebug
2026-04-17T02:15:01.4447795Z > Task :app:processDebugGoogleServices FROM-CACHE
2026-04-17T02:15:01.4475589Z > Task :app:packageDebugResources FROM-CACHE
2026-04-17T02:15:01.8447019Z > Task :app:processDebugNavigationResources FROM-CACHE
2026-04-17T02:15:02.1453783Z > Task :app:parseDebugLocalResources FROM-CACHE
2026-04-17T02:15:02.1456472Z > Task :app:generateDebugRFile FROM-CACHE
2026-04-17T02:15:02.8481943Z > Task :app:javaPreCompileDebug FROM-CACHE
2026-04-17T02:15:02.9452477Z > Task :app:checkDebugAarMetadata
2026-04-17T02:15:02.9478240Z > Task :app:mapDebugSourceSetPaths
2026-04-17T02:15:02.9492204Z > Task :app:compileDebugNavigationResources FROM-CACHE
2026-04-17T02:15:03.1483233Z > Task :app:mergeDebugResources FROM-CACHE
2026-04-17T02:15:03.1485050Z > Task :app:createDebugCompatibleScreenManifests
2026-04-17T02:15:03.1490326Z > Task :app:extractDeepLinksDebug FROM-CACHE
2026-04-17T02:15:03.6447890Z > Task :app:processDebugMainManifest
2026-04-17T02:15:03.8481528Z > Task :app:processDebugManifest
2026-04-17T02:15:03.8482379Z > Task :app:preDebugAndroidTestBuild SKIPPED
2026-04-17T02:15:03.8511327Z > Task :app:generateDebugAndroidTestResValues FROM-CACHE
2026-04-17T02:15:03.8541139Z > Task :app:extractProguardFiles
2026-04-17T02:15:03.8541892Z > Task :app:preDebugUnitTestBuild UP-TO-DATE
2026-04-17T02:15:04.1446501Z > Task :app:processDebugManifestForPackage
2026-04-17T02:15:05.3446784Z > Task :app:processDebugResources
2026-04-17T02:15:32.1452207Z > Task :app:kspDebugKotlin
2026-04-17T02:16:02.7454382Z > Task :app:compileDebugKotlin
2026-04-17T02:16:15.4473582Z e: file:///home/runner/work/prismTask/prismTask/app/src/main/java/com/averycorp/prismtask/data/preferences/NdPreferencesDataStore.kt:336:29 Inapplicable candidate(s): suspend fun setGoodEnoughEscalation(escalation: GoodEnoughEscalation): Unit
2026-04-17T02:16:15.4475362Z 
2026-04-17T02:16:15.4488935Z > Task :app:compileDebugKotlin FAILED
2026-04-17T02:16:15.4513318Z e: file:///home/runner/work/prismTask/prismTask/app/src/main/java/com/averycorp/prismtask/data/preferences/NdPreferencesDataStore.kt:348:29 Inapplicable candidate(s): suspend fun setCelebrationIntensity(intensity: CelebrationIntensity): Unit
2026-04-17T02:16:15.4542000Z gradle/actions: Writing build results to /home/runner/work/_temp/.gradle-actions/build-results/__run_3-1776392099960.json
2026-04-17T02:16:15.4543124Z 
2026-04-17T02:16:15.4572258Z [Incubating] Problems report is available at: file:///home/runner/work/prismTask/prismTask/build/reports/problems/problems-report.html
2026-04-17T02:16:15.5451403Z 
2026-04-17T02:16:15.5461370Z 
2026-04-17T02:16:15.5496556Z FAILURE: Build failed with an exception.
2026-04-17T02:16:15.5497485Z Deprecated Gradle features were used in this build, making it incompatible with Gradle 10.
2026-04-17T02:16:15.5498167Z 
2026-04-17T02:16:15.5521311Z * What went wrong:
2026-04-17T02:16:15.5521583Z 
2026-04-17T02:16:15.5522375Z You can use '--warning-mode all' to show the individual deprecation warnings and determine if they come from your own scripts or plugins.
2026-04-17T02:16:15.5523296Z 
2026-04-17T02:16:15.5524174Z For more on this, please refer to https://docs.gradle.org/9.3.1/userguide/command_line_interface.html#sec:command_line_warnings in the Gradle documentation.
2026-04-17T02:16:15.5525409Z 24 actionable tasks: 12 executed, 12 from cache
2026-04-17T02:16:15.5541626Z Execution failed for task ':app:compileDebugKotlin'.
2026-04-17T02:16:15.5574929Z > A failure occurred while executing org.jetbrains.kotlin.compilerRunner.btapi.BuildToolsApiCompilationWork
2026-04-17T02:16:15.5576196Z    > Compilation error. See log for more details
2026-04-17T02:16:15.5576889Z 
2026-04-17T02:16:15.5577266Z * Try:
2026-04-17T02:16:15.5577888Z > Run with --stacktrace option to get the stack trace.
2026-04-17T02:16:15.5578762Z > Run with --info or --debug option to get more log output.
2026-04-17T02:16:15.5579770Z > Run with --scan to get full insights from a Build Scan (powered by Develocity).
2026-04-17T02:16:15.5580926Z > Get more help at https://help.gradle.org.
2026-04-17T02:16:15.5581490Z 
2026-04-17T02:16:15.5581816Z BUILD FAILED in 1m 16s
2026-04-17T02:16:15.6055540Z ##[error]Process completed with exit code 1.
2026-04-17T02:16:15.6089100Z ##[group]Run set -euo pipefail
2026-04-17T02:16:15.6089686Z [36;1mset -euo pipefail[0m
2026-04-17T02:16:15.6089979Z [36;1mshopt -s globstar nullglob[0m
2026-04-17T02:16:15.6090324Z [36;1mxmls=(app/build/test-results/**/*.xml)[0m
2026-04-17T02:16:15.6090661Z [36;1mif [ ${#xmls[@]} -eq 0 ]; then[0m
2026-04-17T02:16:15.6091418Z [36;1m  echo "::error::No JUnit XML results found under app/build/test-results/. Did the test task run?"[0m
2026-04-17T02:16:15.6091909Z [36;1m  exit 1[0m
2026-04-17T02:16:15.6092142Z [36;1mfi[0m
2026-04-17T02:16:15.6092353Z [36;1mfailed=0[0m
2026-04-17T02:16:15.6092593Z [36;1mfor f in "${xmls[@]}"; do[0m
2026-04-17T02:16:15.6093037Z [36;1m  fails=$(grep -oE 'failures="[0-9]+"' "$f" | head -n1 | grep -oE '[0-9]+' || echo 0)[0m
2026-04-17T02:16:15.6093595Z [36;1m  errs=$(grep -oE 'errors="[0-9]+"' "$f" | head -n1 | grep -oE '[0-9]+' || echo 0)[0m
2026-04-17T02:16:15.6094116Z [36;1m  if [ "${fails:-0}" -gt 0 ] || [ "${errs:-0}" -gt 0 ]; then[0m
2026-04-17T02:16:15.6094576Z [36;1m    echo "::error file=${f}::${fails} failure(s), ${errs} error(s) in ${f}"[0m
2026-04-17T02:16:15.6095023Z [36;1m    failed=$((failed + fails + errs))[0m
2026-04-17T02:16:15.6095327Z [36;1m  fi[0m
2026-04-17T02:16:15.6095547Z [36;1mdone[0m
2026-04-17T02:16:15.6095765Z [36;1mif [ "$failed" -gt 0 ]; then[0m
2026-04-17T02:16:15.6096294Z [36;1m  echo "::error::${failed} unit-test failure(s)/error(s) detected. See annotations and the test-results artifact."[0m
2026-04-17T02:16:15.6096813Z [36;1m  exit 1[0m
2026-04-17T02:16:15.6097027Z [36;1mfi[0m
2026-04-17T02:16:15.6097306Z [36;1mecho "All ${#xmls[@]} JUnit XML reports clean."[0m
2026-04-17T02:16:15.6120655Z shell: /usr/bin/bash --noprofile --norc -e -o pipefail {0}
2026-04-17T02:16:15.6121343Z env:
2026-04-17T02:16:15.6121684Z   JAVA_HOME: /opt/hostedtoolcache/Java_Temurin-Hotspot_jdk/21.0.10-7/x64
2026-04-17T02:16:15.6122197Z   JAVA_HOME_21_X64: /opt/hostedtoolcache/Java_Temurin-Hotspot_jdk/21.0.10-7/x64
2026-04-17T02:16:15.6122644Z   GRADLE_ACTION_ID: gradle/actions/setup-gradle
2026-04-17T02:16:15.6122980Z   GRADLE_USER_HOME: /home/runner/.gradle
2026-04-17T02:16:15.6123287Z   GRADLE_BUILD_ACTION_SETUP_COMPLETED: true
2026-04-17T02:16:15.6123610Z   GRADLE_BUILD_ACTION_CACHE_RESTORED: true
2026-04-17T02:16:15.6124070Z   DEVELOCITY_INJECTION_INIT_SCRIPT_NAME: gradle-actions.inject-develocity.init.gradle
2026-04-17T02:16:15.6124570Z   DEVELOCITY_INJECTION_CUSTOM_VALUE: gradle-actions
2026-04-17T02:16:15.6124920Z   GITHUB_DEPENDENCY_GRAPH_ENABLED: false
2026-04-17T02:16:15.6125224Z ##[endgroup]
2026-04-17T02:16:15.6184813Z ##[error]No JUnit XML results found under app/build/test-results/. Did the test task run?
2026-04-17T02:16:15.6186598Z ##[error]Process completed with exit code 1.
2026-04-17T02:16:15.6237038Z ##[group]Run actions/upload-artifact@v4
2026-04-17T02:16:15.6237358Z with:
2026-04-17T02:16:15.6237587Z   name: lint-report
2026-04-17T02:16:15.6237881Z   path: app/build/reports/lint-results-debug.html
2026-04-17T02:16:15.6238208Z   retention-days: 7
2026-04-17T02:16:15.6238468Z   if-no-files-found: warn
2026-04-17T02:16:15.6238738Z   compression-level: 6
2026-04-17T02:16:15.6238985Z   overwrite: false
2026-04-17T02:16:15.6239338Z   include-hidden-files: false
2026-04-17T02:16:15.6239638Z env:
2026-04-17T02:16:15.6239974Z   JAVA_HOME: /opt/hostedtoolcache/Java_Temurin-Hotspot_jdk/21.0.10-7/x64
2026-04-17T02:16:15.6240484Z   JAVA_HOME_21_X64: /opt/hostedtoolcache/Java_Temurin-Hotspot_jdk/21.0.10-7/x64
2026-04-17T02:16:15.6241139Z   GRADLE_ACTION_ID: gradle/actions/setup-gradle
2026-04-17T02:16:15.6241469Z   GRADLE_USER_HOME: /home/runner/.gradle
2026-04-17T02:16:15.6241782Z   GRADLE_BUILD_ACTION_SETUP_COMPLETED: true
2026-04-17T02:16:15.6242155Z   GRADLE_BUILD_ACTION_CACHE_RESTORED: true
2026-04-17T02:16:15.6242619Z   DEVELOCITY_INJECTION_INIT_SCRIPT_NAME: gradle-actions.inject-develocity.init.gradle
2026-04-17T02:16:15.6243122Z   DEVELOCITY_INJECTION_CUSTOM_VALUE: gradle-actions
2026-04-17T02:16:15.6243470Z   GITHUB_DEPENDENCY_GRAPH_ENABLED: false
2026-04-17T02:16:15.6243948Z ##[endgroup]
2026-04-17T02:16:15.8411968Z ##[warning]No files were found with the provided path: app/build/reports/lint-results-debug.html. No artifacts will be uploaded.
2026-04-17T02:16:15.8548516Z ##[group]Run actions/upload-artifact@v4
2026-04-17T02:16:15.8548840Z with:
2026-04-17T02:16:15.8549074Z   name: detekt-report
2026-04-17T02:16:15.8549343Z   path: app/build/reports/detekt/
2026-04-17T02:16:15.8549636Z   retention-days: 7
2026-04-17T02:16:15.8549880Z   if-no-files-found: warn
2026-04-17T02:16:15.8550146Z   compression-level: 6
2026-04-17T02:16:15.8550390Z   overwrite: false
2026-04-17T02:16:15.8550632Z   include-hidden-files: false
2026-04-17T02:16:15.8551121Z env:
2026-04-17T02:16:15.8551451Z   JAVA_HOME: /opt/hostedtoolcache/Java_Temurin-Hotspot_jdk/21.0.10-7/x64
2026-04-17T02:16:15.8551971Z   JAVA_HOME_21_X64: /opt/hostedtoolcache/Java_Temurin-Hotspot_jdk/21.0.10-7/x64
2026-04-17T02:16:15.8552422Z   GRADLE_ACTION_ID: gradle/actions/setup-gradle
2026-04-17T02:16:15.8552773Z   GRADLE_USER_HOME: /home/runner/.gradle
2026-04-17T02:16:15.8553081Z   GRADLE_BUILD_ACTION_SETUP_COMPLETED: true
2026-04-17T02:16:15.8553401Z   GRADLE_BUILD_ACTION_CACHE_RESTORED: true
2026-04-17T02:16:15.8553905Z   DEVELOCITY_INJECTION_INIT_SCRIPT_NAME: gradle-actions.inject-develocity.init.gradle
2026-04-17T02:16:15.8554396Z   DEVELOCITY_INJECTION_CUSTOM_VALUE: gradle-actions
2026-04-17T02:16:15.8554739Z   GITHUB_DEPENDENCY_GRAPH_ENABLED: false
2026-04-17T02:16:15.8555026Z ##[endgroup]
2026-04-17T02:16:16.0777602Z With the provided path, there will be 2 files uploaded
2026-04-17T02:16:16.0782141Z Artifact name is valid!
2026-04-17T02:16:16.0783350Z Root directory input is valid!
2026-04-17T02:16:16.3511001Z Beginning upload of artifact content to blob storage
2026-04-17T02:16:16.6418013Z Uploaded bytes 4903
2026-04-17T02:16:16.7171463Z Finished uploading artifact content to blob storage!
2026-04-17T02:16:16.7174201Z SHA256 digest of uploaded artifact zip is b4b6d7b7650ceace267ca7a76ea42c34253e1ecff49887185f4926fa093246c7
2026-04-17T02:16:16.7176279Z Finalizing artifact upload
2026-04-17T02:16:16.8979151Z Artifact detekt-report.zip successfully finalized. Artifact ID 6487521814
2026-04-17T02:16:16.8980340Z Artifact detekt-report has been successfully uploaded! Final size is 4903 bytes. Artifact ID is 6487521814
2026-04-17T02:16:16.8987779Z Artifact download URL: https://github.com/akarlin3/prismTask/actions/runs/24544094133/artifacts/6487521814
2026-04-17T02:16:16.9143760Z ##[group]Run actions/upload-artifact@v4
2026-04-17T02:16:16.9144097Z with:
2026-04-17T02:16:16.9144325Z   name: test-results
2026-04-17T02:16:16.9144586Z   path: app/build/test-results/
2026-04-17T02:16:16.9144874Z   retention-days: 7
2026-04-17T02:16:16.9145125Z   if-no-files-found: warn
2026-04-17T02:16:16.9145400Z   compression-level: 6
2026-04-17T02:16:16.9145656Z   overwrite: false
2026-04-17T02:16:16.9145911Z   include-hidden-files: false
2026-04-17T02:16:16.9146183Z env:
2026-04-17T02:16:16.9146521Z   JAVA_HOME: /opt/hostedtoolcache/Java_Temurin-Hotspot_jdk/21.0.10-7/x64
2026-04-17T02:16:16.9147066Z   JAVA_HOME_21_X64: /opt/hostedtoolcache/Java_Temurin-Hotspot_jdk/21.0.10-7/x64
2026-04-17T02:16:16.9147520Z   GRADLE_ACTION_ID: gradle/actions/setup-gradle
2026-04-17T02:16:16.9147879Z   GRADLE_USER_HOME: /home/runner/.gradle
2026-04-17T02:16:16.9148205Z   GRADLE_BUILD_ACTION_SETUP_COMPLETED: true
2026-04-17T02:16:16.9148548Z   GRADLE_BUILD_ACTION_CACHE_RESTORED: true
2026-04-17T02:16:16.9149070Z   DEVELOCITY_INJECTION_INIT_SCRIPT_NAME: gradle-actions.inject-develocity.init.gradle
2026-04-17T02:16:16.9149588Z   DEVELOCITY_INJECTION_CUSTOM_VALUE: gradle-actions
2026-04-17T02:16:16.9149941Z   GITHUB_DEPENDENCY_GRAPH_ENABLED: false
2026-04-17T02:16:16.9150250Z ##[endgroup]
2026-04-17T02:16:17.1292835Z ##[warning]No files were found with the provided path: app/build/test-results/. No artifacts will be uploaded.
2026-04-17T02:16:17.1448883Z Post job cleanup.
2026-04-17T02:16:17.1539846Z Post job cleanup.
2026-04-17T02:16:17.4856581Z In post-action step
2026-04-17T02:16:17.4869104Z ##[group]Stopping Gradle daemons
2026-04-17T02:16:17.4870319Z Stopping Gradle daemons for /home/runner/.gradle/wrapper/dists/gradle-9.3.1-bin/23ovyewtku6u96viwx3xl3oks/gradle-9.3.1
2026-04-17T02:16:17.4889308Z [command]/home/runner/.gradle/wrapper/dists/gradle-9.3.1-bin/23ovyewtku6u96viwx3xl3oks/gradle-9.3.1/bin/gradle --stop
2026-04-17T02:16:18.1452018Z Stopping Daemon(s)
2026-04-17T02:16:18.1454720Z 1 Daemon stopped
2026-04-17T02:16:18.1557195Z ##[endgroup]
2026-04-17T02:16:18.1558827Z Not performing cache-cleanup due to build failure
2026-04-17T02:16:18.1559825Z ##[group]Caching Gradle state
2026-04-17T02:16:19.2247191Z [command]/usr/bin/tar --posix -cf cache.tzst --exclude cache.tzst -P -C /home/runner/work/prismTask/prismTask --files-from manifest.txt --use-compress-program zstdmt
2026-04-17T02:16:19.9343776Z Sent 166730 of 166730 (100.0%), 0.4 MBs/sec
2026-04-17T02:16:21.3279809Z Saved cache entry with key gradle-kotlin-dsl-v1-026d7846925ed29b8795992e8d79083e from /home/runner/.gradle/caches/*/kotlin-dsl/accessors/*/,/home/runner/.gradle/caches/*/kotlin-dsl/scripts/*/ in 2168ms
2026-04-17T02:16:21.3848808Z [command]/usr/bin/tar --posix -cf cache.tzst --exclude cache.tzst -P -C /home/runner/work/prismTask/prismTask --files-from manifest.txt --use-compress-program zstdmt
2026-04-17T02:16:23.1362918Z Sent 0 of 249983957 (0.0%), 0.0 MBs/sec
2026-04-17T02:16:24.0846539Z Sent 249983957 of 249983957 (100.0%), 122.3 MBs/sec
2026-04-17T02:16:24.3483223Z Saved cache entry with key gradle-home-v1|Linux-X64|lint-and-test[5df42585ae8f8da228c604b8b4e8707c]-6e6e3b3ab44b201363b53fa0380a8e376cf4de93 from /home/runner/.gradle/caches,/home/runner/.gradle/notifications,/home/runner/.gradle/.setup-gradle in 2972ms
2026-04-17T02:16:24.3485517Z ##[endgroup]
2026-04-17T02:16:24.3493594Z Generating Job Summary
2026-04-17T02:16:24.3505688Z Completed post-action step
2026-04-17T02:16:24.3764035Z Post job cleanup.
2026-04-17T02:16:24.5554965Z Post job cleanup.
2026-04-17T02:16:24.6594889Z [command]/usr/bin/git version
2026-04-17T02:16:24.6632753Z git version 2.53.0
2026-04-17T02:16:24.6674423Z Temporarily overriding HOME='/home/runner/work/_temp/08a592ef-8e42-4b61-824c-a3f4dd7b4c64' before making global git config changes
2026-04-17T02:16:24.6675476Z Adding repository directory to the temporary git global config as a safe directory
2026-04-17T02:16:24.6688459Z [command]/usr/bin/git config --global --add safe.directory /home/runner/work/prismTask/prismTask
2026-04-17T02:16:24.6726702Z [command]/usr/bin/git config --local --name-only --get-regexp core\.sshCommand
2026-04-17T02:16:24.6760538Z [command]/usr/bin/git submodule foreach --recursive sh -c "git config --local --name-only --get-regexp 'core\.sshCommand' && git config --local --unset-all 'core.sshCommand' || :"
2026-04-17T02:16:24.7003535Z [command]/usr/bin/git config --local --name-only --get-regexp http\.https\:\/\/github\.com\/\.extraheader
2026-04-17T02:16:24.7027303Z http.https://github.com/.extraheader
2026-04-17T02:16:24.7040153Z [command]/usr/bin/git config --local --unset-all http.https://github.com/.extraheader
2026-04-17T02:16:24.7072979Z [command]/usr/bin/git submodule foreach --recursive sh -c "git config --local --name-only --get-regexp 'http\.https\:\/\/github\.com\/\.extraheader' && git config --local --unset-all 'http.https://github.com/.extraheader' || :"
2026-04-17T02:16:24.7311174Z [command]/usr/bin/git config --local --name-only --get-regexp ^includeIf\.gitdir:
2026-04-17T02:16:24.7346013Z [command]/usr/bin/git submodule foreach --recursive git config --local --show-origin --name-only --get-regexp remote.origin.url
2026-04-17T02:16:24.7718460Z Cleaning up orphan processes
2026-04-17T02:16:24.8010403Z ##[warning]Node.js 20 actions are deprecated. The following actions are running on Node.js 20 and may not work as expected: actions/checkout@v4, actions/setup-java@v4, actions/upload-artifact@v4, gradle/actions/setup-gradle@v4. Actions will be forced to run with Node.js 24 by default starting June 2nd, 2026. Node.js 20 will be removed from the runner on September 16th, 2026. Please check if updated versions of these actions are available that support Node.js 24. To opt into Node.js 24 now, set the FORCE_JAVASCRIPT_ACTIONS_TO_NODE24=true environment variable on the runner or in your workflow file. Once Node.js 24 becomes the default, you can temporarily opt out by setting ACTIONS_ALLOW_USE_UNSECURE_NODE_VERSION=true. For more information see: https://github.blog/changelog/2025-09-19-deprecation-of-node-20-on-github-actions-runners/
