=== CI FAILURE ===
Workflow:      Android CI
Workflow file: akarlin3/prismTask/.github/workflows/android-ci.yml@refs/pull/702/merge
Job(s):        lint-and-test
Run ID:        24818163296
Run attempt:   1
Run URL:       https://github.com/akarlin3/prismTask/actions/runs/24818163296
Commit:        917dbcef55d23ee1956fcab13164076d75e3c29d
Branch:        702/merge
Event:         pull_request
Actor:         akarlin3
Runner OS:     Linux
Timestamp:     2026-04-23T05:19:44.994Z

Failed steps:
  - lint-and-test: #2 Run actions/checkout@v4 | #5 detekt | #6 Android lint | #8 Verify unit-test results (XML) | #9 Post failure details to PR

=== FAILED JOB LOG ===

--- Job: lint-and-test (id 72637118080) ---
2026-04-23T05:18:56.7559171Z Current runner version: '2.333.1'
2026-04-23T05:18:56.7586896Z ##[group]Runner Image Provisioner
2026-04-23T05:18:56.7588066Z Hosted Compute Agent
2026-04-23T05:18:56.7588954Z Version: 20260213.493
2026-04-23T05:18:56.7589912Z Commit: 5c115507f6dd24b8de37d8bbe0bb4509d0cc0fa3
2026-04-23T05:18:56.7591391Z Build Date: 2026-02-13T00:28:41Z
2026-04-23T05:18:56.7592353Z Worker ID: {2e39c63a-91fd-42b5-884b-f612a44d437b}
2026-04-23T05:18:56.7593493Z Azure Region: centralus
2026-04-23T05:18:56.7594251Z ##[endgroup]
2026-04-23T05:18:56.7596338Z ##[group]Operating System
2026-04-23T05:18:56.7597389Z Ubuntu
2026-04-23T05:18:56.7598008Z 24.04.4
2026-04-23T05:18:56.7598693Z LTS
2026-04-23T05:18:56.7599420Z ##[endgroup]
2026-04-23T05:18:56.7600214Z ##[group]Runner Image
2026-04-23T05:18:56.7601184Z Image: ubuntu-24.04
2026-04-23T05:18:56.7602116Z Version: 20260413.86.1
2026-04-23T05:18:56.7603871Z Included Software: https://github.com/actions/runner-images/blob/ubuntu24/20260413.86/images/ubuntu/Ubuntu2404-Readme.md
2026-04-23T05:18:56.7606378Z Image Release: https://github.com/actions/runner-images/releases/tag/ubuntu24%2F20260413.86
2026-04-23T05:18:56.7607707Z ##[endgroup]
2026-04-23T05:18:56.7609737Z ##[group]GITHUB_TOKEN Permissions
2026-04-23T05:18:56.7612879Z Actions: read
2026-04-23T05:18:56.7613702Z Checks: read
2026-04-23T05:18:56.7614469Z Contents: write
2026-04-23T05:18:56.7615261Z Metadata: read
2026-04-23T05:18:56.7615952Z PullRequests: read
2026-04-23T05:18:56.7616779Z ##[endgroup]
2026-04-23T05:18:56.7619577Z Secret source: Actions
2026-04-23T05:18:56.7621256Z Prepare workflow directory
2026-04-23T05:18:56.7978875Z Prepare all required actions
2026-04-23T05:18:56.8017174Z Getting action download info
2026-04-23T05:18:57.2047396Z Download action repository 'actions/checkout@v4' (SHA:34e114876b0b11c390a56381ad16ebd13914f8d5)
2026-04-23T05:18:57.3353275Z Download action repository 'actions/github-script@v7' (SHA:f28e40c7f34bde8b3046d885e986cb6290c5673b)
2026-04-23T05:18:57.8499275Z Download action repository 'actions/upload-artifact@v4' (SHA:ea165f8d65b6e75b540449e92b4886f43607fa02)
2026-04-23T05:18:58.0711384Z Complete job name: lint-and-test
2026-04-23T05:18:58.1434042Z ##[group]Run actions/checkout@v4
2026-04-23T05:18:58.1434788Z with:
2026-04-23T05:18:58.1435181Z   ref: fix/testdb-medication-slot-daos
2026-04-23T05:18:58.1435694Z   repository: akarlin3/prismTask
2026-04-23T05:18:58.1436322Z   token: ***
2026-04-23T05:18:58.1436698Z   ssh-strict: true
2026-04-23T05:18:58.1437073Z   ssh-user: git
2026-04-23T05:18:58.1437463Z   persist-credentials: true
2026-04-23T05:18:58.1437903Z   clean: true
2026-04-23T05:18:58.1438292Z   sparse-checkout-cone-mode: true
2026-04-23T05:18:58.1438744Z   fetch-depth: 1
2026-04-23T05:18:58.1439117Z   fetch-tags: false
2026-04-23T05:18:58.1439506Z   show-progress: true
2026-04-23T05:18:58.1439892Z   lfs: false
2026-04-23T05:18:58.1440242Z   submodules: false
2026-04-23T05:18:58.1440618Z   set-safe-directory: true
2026-04-23T05:18:58.1441435Z ##[endgroup]
2026-04-23T05:18:58.2519613Z Syncing repository: akarlin3/prismTask
2026-04-23T05:18:58.2521742Z ##[group]Getting Git version info
2026-04-23T05:18:58.2522493Z Working directory is '/home/runner/work/prismTask/prismTask'
2026-04-23T05:18:58.2523424Z [command]/usr/bin/git version
2026-04-23T05:18:58.2573137Z git version 2.53.0
2026-04-23T05:18:58.2596801Z ##[endgroup]
2026-04-23T05:18:58.2610455Z Temporarily overriding HOME='/home/runner/work/_temp/fc22bc90-03a3-484f-91d1-d62390b0132e' before making global git config changes
2026-04-23T05:18:58.2612619Z Adding repository directory to the temporary git global config as a safe directory
2026-04-23T05:18:58.2615876Z [command]/usr/bin/git config --global --add safe.directory /home/runner/work/prismTask/prismTask
2026-04-23T05:18:58.2649942Z Deleting the contents of '/home/runner/work/prismTask/prismTask'
2026-04-23T05:18:58.2653940Z ##[group]Initializing the repository
2026-04-23T05:18:58.2658526Z [command]/usr/bin/git init /home/runner/work/prismTask/prismTask
2026-04-23T05:18:58.2737963Z hint: Using 'master' as the name for the initial branch. This default branch name
2026-04-23T05:18:58.2739855Z hint: will change to "main" in Git 3.0. To configure the initial branch name
2026-04-23T05:18:58.2741482Z hint: to use in all of your new repositories, which will suppress this warning,
2026-04-23T05:18:58.2742570Z hint: call:
2026-04-23T05:18:58.2743115Z hint:
2026-04-23T05:18:58.2743810Z hint: 	git config --global init.defaultBranch <name>
2026-04-23T05:18:58.2744686Z hint:
2026-04-23T05:18:58.2745513Z hint: Names commonly chosen instead of 'master' are 'main', 'trunk' and
2026-04-23T05:18:58.2746896Z hint: 'development'. The just-created branch can be renamed via this command:
2026-04-23T05:18:58.2747960Z hint:
2026-04-23T05:18:58.2748528Z hint: 	git branch -m <name>
2026-04-23T05:18:58.2749188Z hint:
2026-04-23T05:18:58.2750078Z hint: Disable this message with "git config set advice.defaultBranchName false"
2026-04-23T05:18:58.2751815Z Initialized empty Git repository in /home/runner/work/prismTask/prismTask/.git/
2026-04-23T05:18:58.2754274Z [command]/usr/bin/git remote add origin https://github.com/akarlin3/prismTask
2026-04-23T05:18:58.2784207Z ##[endgroup]
2026-04-23T05:18:58.2785278Z ##[group]Disabling automatic garbage collection
2026-04-23T05:18:58.2788813Z [command]/usr/bin/git config --local gc.auto 0
2026-04-23T05:18:58.2819316Z ##[endgroup]
2026-04-23T05:18:58.2819997Z ##[group]Setting up auth
2026-04-23T05:18:58.2825427Z [command]/usr/bin/git config --local --name-only --get-regexp core\.sshCommand
2026-04-23T05:18:58.2856056Z [command]/usr/bin/git submodule foreach --recursive sh -c "git config --local --name-only --get-regexp 'core\.sshCommand' && git config --local --unset-all 'core.sshCommand' || :"
2026-04-23T05:18:58.3147188Z [command]/usr/bin/git config --local --name-only --get-regexp http\.https\:\/\/github\.com\/\.extraheader
2026-04-23T05:18:58.3178616Z [command]/usr/bin/git submodule foreach --recursive sh -c "git config --local --name-only --get-regexp 'http\.https\:\/\/github\.com\/\.extraheader' && git config --local --unset-all 'http.https://github.com/.extraheader' || :"
2026-04-23T05:18:58.3407453Z [command]/usr/bin/git config --local --name-only --get-regexp ^includeIf\.gitdir:
2026-04-23T05:18:58.3439238Z [command]/usr/bin/git submodule foreach --recursive git config --local --show-origin --name-only --get-regexp remote.origin.url
2026-04-23T05:18:58.3670572Z [command]/usr/bin/git config --local http.https://github.com/.extraheader AUTHORIZATION: basic ***
2026-04-23T05:18:58.3705942Z ##[endgroup]
2026-04-23T05:18:58.3706766Z ##[group]Fetching the repository
2026-04-23T05:18:58.3715281Z [command]/usr/bin/git -c protocol.version=2 fetch --no-tags --prune --no-recurse-submodules --depth=1 origin +refs/heads/fix/testdb-medication-slot-daos*:refs/remotes/origin/fix/testdb-medication-slot-daos* +refs/tags/fix/testdb-medication-slot-daos*:refs/tags/fix/testdb-medication-slot-daos*
2026-04-23T05:18:58.6600020Z The process '/usr/bin/git' failed with exit code 1
2026-04-23T05:18:58.6601439Z Waiting 16 seconds before trying again
2026-04-23T05:19:14.6666955Z [command]/usr/bin/git -c protocol.version=2 fetch --no-tags --prune --no-recurse-submodules --depth=1 origin +refs/heads/fix/testdb-medication-slot-daos*:refs/remotes/origin/fix/testdb-medication-slot-daos* +refs/tags/fix/testdb-medication-slot-daos*:refs/tags/fix/testdb-medication-slot-daos*
2026-04-23T05:19:14.9717932Z The process '/usr/bin/git' failed with exit code 1
2026-04-23T05:19:14.9718733Z Waiting 17 seconds before trying again
2026-04-23T05:19:31.9799921Z [command]/usr/bin/git -c protocol.version=2 fetch --no-tags --prune --no-recurse-submodules --depth=1 origin +refs/heads/fix/testdb-medication-slot-daos*:refs/remotes/origin/fix/testdb-medication-slot-daos* +refs/tags/fix/testdb-medication-slot-daos*:refs/tags/fix/testdb-medication-slot-daos*
2026-04-23T05:19:32.2802697Z ##[error]The process '/usr/bin/git' failed with exit code 1
2026-04-23T05:19:32.3026270Z ##[group]Run ./gradlew detekt --continue
2026-04-23T05:19:32.3027015Z [36;1m./gradlew detekt --continue[0m
2026-04-23T05:19:32.3052917Z shell: /usr/bin/bash -e {0}
2026-04-23T05:19:32.3053232Z ##[endgroup]
2026-04-23T05:19:32.3123807Z /home/runner/work/_temp/8da0e218-07b3-4243-a7fa-1d77899d1d2a.sh: line 1: ./gradlew: No such file or directory
2026-04-23T05:19:32.3131851Z ##[error]Process completed with exit code 127.
2026-04-23T05:19:32.3162521Z ##[group]Run ./gradlew lint --continue
2026-04-23T05:19:32.3162883Z [36;1m./gradlew lint --continue[0m
2026-04-23T05:19:32.3183847Z shell: /usr/bin/bash -e {0}
2026-04-23T05:19:32.3184154Z ##[endgroup]
2026-04-23T05:19:32.3228025Z /home/runner/work/_temp/ea336534-911a-45f2-b641-f4af698e7ce8.sh: line 1: ./gradlew: No such file or directory
2026-04-23T05:19:32.3232871Z ##[error]Process completed with exit code 127.
2026-04-23T05:19:32.3265574Z ##[group]Run set -euo pipefail
2026-04-23T05:19:32.3265912Z [36;1mset -euo pipefail[0m
2026-04-23T05:19:32.3266186Z [36;1mshopt -s globstar nullglob[0m
2026-04-23T05:19:32.3266525Z [36;1mxmls=(app/build/test-results/**/*.xml)[0m
2026-04-23T05:19:32.3266879Z [36;1mif [ ${#xmls[@]} -eq 0 ]; then[0m
2026-04-23T05:19:32.3267360Z [36;1m  echo "::error::No JUnit XML results found under app/build/test-results/. Did the test task run?"[0m
2026-04-23T05:19:32.3267846Z [36;1m  exit 1[0m
2026-04-23T05:19:32.3268097Z [36;1mfi[0m
2026-04-23T05:19:32.3268320Z [36;1mfailed=0[0m
2026-04-23T05:19:32.3268553Z [36;1mfor f in "${xmls[@]}"; do[0m
2026-04-23T05:19:32.3268983Z [36;1m  fails=$(grep -oE 'failures="[0-9]+"' "$f" | head -n1 | grep -oE '[0-9]+' || echo 0)[0m
2026-04-23T05:19:32.3269515Z [36;1m  errs=$(grep -oE 'errors="[0-9]+"' "$f" | head -n1 | grep -oE '[0-9]+' || echo 0)[0m
2026-04-23T05:19:32.3270003Z [36;1m  if [ "${fails:-0}" -gt 0 ] || [ "${errs:-0}" -gt 0 ]; then[0m
2026-04-23T05:19:32.3270442Z [36;1m    echo "::error file=${f}::${fails} failure(s), ${errs} error(s) in ${f}"[0m
2026-04-23T05:19:32.3271147Z [36;1m    failed=$((failed + fails + errs))[0m
2026-04-23T05:19:32.3271534Z [36;1m  fi[0m
2026-04-23T05:19:32.3271756Z [36;1mdone[0m
2026-04-23T05:19:32.3271988Z [36;1mif [ "$failed" -gt 0 ]; then[0m
2026-04-23T05:19:32.3272510Z [36;1m  echo "::error::${failed} unit-test failure(s)/error(s) detected. See annotations and the test-results artifact."[0m
2026-04-23T05:19:32.3273022Z [36;1m  exit 1[0m
2026-04-23T05:19:32.3273235Z [36;1mfi[0m
2026-04-23T05:19:32.3273507Z [36;1mecho "All ${#xmls[@]} JUnit XML reports clean."[0m
2026-04-23T05:19:32.3296035Z shell: /usr/bin/bash --noprofile --norc -e -o pipefail {0}
2026-04-23T05:19:32.3296419Z ##[endgroup]
2026-04-23T05:19:32.3338925Z ##[error]No JUnit XML results found under app/build/test-results/. Did the test task run?
2026-04-23T05:19:32.3341476Z ##[error]Process completed with exit code 1.
2026-04-23T05:19:32.3424173Z ##[group]Run actions/github-script@v7
2026-04-23T05:19:32.3424488Z with:
2026-04-23T05:19:32.3426995Z   script: const fs = require('fs');
let body = '### CI Unit Test Failure\n\n';
try {
  const raw = fs.readFileSync('unit-test-output.log', 'utf8');
  const lines = raw.split('\n');
  const errorLines = lines.filter(l =>
    /\be:\b|FAILED|Compilation error|Unresolved reference|not abstract|does not implement/.test(l)
  );
  const tail = lines.slice(-30).join('\n');
  const errors = errorLines.length > 0
    ? errorLines.join('\n')
    : 'No specific error lines matched. Last 30 lines shown.';
  body += '**Error lines:**\n```\n' + errors.slice(0, 2000) + '\n```\n';
  body += '\n**Build tail:**\n```\n' + tail.slice(0, 2000) + '\n```';
} catch (e) {
  body += 'Could not read unit-test-output.log: ' + e.message;
}
await github.rest.issues.createComment({
  owner: context.repo.owner,
  repo: context.repo.repo,
  issue_number: context.issue.number,
  body
});

2026-04-23T05:19:32.3429682Z   github-token: ***
2026-04-23T05:19:32.3429922Z   debug: false
2026-04-23T05:19:32.3430174Z   user-agent: actions/github-script
2026-04-23T05:19:32.3430463Z   result-encoding: json
2026-04-23T05:19:32.3430894Z   retries: 0
2026-04-23T05:19:32.3431328Z   retry-exempt-status-codes: 400,401,403,404,422
2026-04-23T05:19:32.3431644Z ##[endgroup]
2026-04-23T05:19:32.7162626Z RequestError [HttpError]: Resource not accessible by integration
2026-04-23T05:19:32.7164005Z     at /home/runner/work/_actions/actions/github-script/v7/dist/index.js:9537:21
2026-04-23T05:19:32.7165362Z     at process.processTicksAndRejections (node:internal/process/task_queues:95:5)
2026-04-23T05:19:32.7167263Z ##[error]Unhandled error: HttpError: Resource not accessible by integration
2026-04-23T05:19:32.7169629Z     at async eval (eval at callAsyncFunction (/home/runner/work/_actions/actions/github-script/v7/dist/index.js:36187:16), <anonymous>:20:1)
2026-04-23T05:19:32.7171357Z     at async main (/home/runner/work/_actions/actions/github-script/v7/dist/index.js:36285:20) {
2026-04-23T05:19:32.7172309Z   status: 403,
2026-04-23T05:19:32.7172842Z   response: {
2026-04-23T05:19:32.7173678Z     url: 'https://api.github.com/repos/akarlin3/prismTask/issues/702/comments',
2026-04-23T05:19:32.7174574Z     status: 403,
2026-04-23T05:19:32.7175142Z     headers: {
2026-04-23T05:19:32.7175707Z       'access-control-allow-origin': '*',
2026-04-23T05:19:32.7178095Z       'access-control-expose-headers': 'ETag, Link, Location, Retry-After, X-GitHub-OTP, X-RateLimit-Limit, X-RateLimit-Remaining, X-RateLimit-Used, X-RateLimit-Resource, X-RateLimit-Reset, X-OAuth-Scopes, X-Accepted-OAuth-Scopes, X-Poll-Interval, X-GitHub-Media-Type, X-GitHub-SSO, X-GitHub-Request-Id, Deprecation, Sunset',
2026-04-23T05:19:32.7180912Z       'content-encoding': 'gzip',
2026-04-23T05:19:32.7181754Z       'content-security-policy': "default-src 'none'",
2026-04-23T05:19:32.7182612Z       'content-type': 'application/json; charset=utf-8',
2026-04-23T05:19:32.7183385Z       date: 'Thu, 23 Apr 2026 05:19:32 GMT',
2026-04-23T05:19:32.7184360Z       'referrer-policy': 'origin-when-cross-origin, strict-origin-when-cross-origin',
2026-04-23T05:19:32.7185410Z       server: 'github.com',
2026-04-23T05:19:32.7186286Z       'strict-transport-security': 'max-age=31536000; includeSubdomains; preload',
2026-04-23T05:19:32.7187404Z       'transfer-encoding': 'chunked',
2026-04-23T05:19:32.7188232Z       vary: 'Accept-Encoding, Accept, X-Requested-With',
2026-04-23T05:19:32.7189305Z       'x-accepted-github-permissions': 'issues=write; pull_requests=write',
2026-04-23T05:19:32.7190244Z       'x-content-type-options': 'nosniff',
2026-04-23T05:19:32.7191093Z       'x-frame-options': 'deny',
2026-04-23T05:19:32.7191839Z       'x-github-api-version-selected': '2022-11-28',
2026-04-23T05:19:32.7192678Z       'x-github-media-type': 'github.v3; format=json',
2026-04-23T05:19:32.7193517Z       'x-github-request-id': '8808:506A0:46A7D8D:11390330:69E9ABE4',
2026-04-23T05:19:32.7194884Z       'x-ratelimit-limit': '5000',
2026-04-23T05:19:32.7195723Z       'x-ratelimit-remaining': '4817',
2026-04-23T05:19:32.7196375Z       'x-ratelimit-reset': '1776922180',
2026-04-23T05:19:32.7197039Z       'x-ratelimit-resource': 'core',
2026-04-23T05:19:32.7197663Z       'x-ratelimit-used': '183',
2026-04-23T05:19:32.7198267Z       'x-xss-protection': '0'
2026-04-23T05:19:32.7198822Z     },
2026-04-23T05:19:32.7199277Z     data: {
2026-04-23T05:19:32.7199853Z       message: 'Resource not accessible by integration',
2026-04-23T05:19:32.7201073Z       documentation_url: 'https://docs.github.com/rest/issues/comments#create-an-issue-comment',
2026-04-23T05:19:32.7202172Z       status: '403'
2026-04-23T05:19:32.7202660Z     }
2026-04-23T05:19:32.7203100Z   },
2026-04-23T05:19:32.7203551Z   request: {
2026-04-23T05:19:32.7204015Z     method: 'POST',
2026-04-23T05:19:32.7204724Z     url: 'https://api.github.com/repos/akarlin3/prismTask/issues/702/comments',
2026-04-23T05:19:32.7205529Z     headers: {
2026-04-23T05:19:32.7206079Z       accept: 'application/vnd.github.v3+json',
2026-04-23T05:19:32.7207018Z       'user-agent': 'actions/github-script octokit-core.js/5.0.1 Node.js/20.20.1 (linux; x64)',
2026-04-23T05:19:32.7207930Z       authorization: 'token [REDACTED]',
2026-04-23T05:19:32.7208908Z       'content-type': 'application/json; charset=utf-8'
2026-04-23T05:19:32.7209549Z     },
2026-04-23T05:19:32.7210601Z     body: `{"body":"### CI Unit Test Failure\\n\\nCould not read unit-test-output.log: ENOENT: no such file or directory, open 'unit-test-output.log'"}`,
2026-04-23T05:19:32.7211955Z     request: {
2026-04-23T05:19:32.7212437Z       agent: [Agent],
2026-04-23T05:19:32.7212990Z       fetch: [Function: proxyFetch],
2026-04-23T05:19:32.7213630Z       hook: [Function: bound bound register]
2026-04-23T05:19:32.7214279Z     }
2026-04-23T05:19:32.7214759Z   }
2026-04-23T05:19:32.7215246Z }
2026-04-23T05:19:32.7903287Z ##[group]Run actions/upload-artifact@v4
2026-04-23T05:19:32.7903570Z with:
2026-04-23T05:19:32.7903763Z   name: lint-report
2026-04-23T05:19:32.7904000Z   path: app/build/reports/lint-results-debug.html
2026-04-23T05:19:32.7904290Z   retention-days: 7
2026-04-23T05:19:32.7904497Z   if-no-files-found: warn
2026-04-23T05:19:32.7904709Z   compression-level: 6
2026-04-23T05:19:32.7905011Z   overwrite: false
2026-04-23T05:19:32.7905213Z   include-hidden-files: false
2026-04-23T05:19:32.7905447Z ##[endgroup]
2026-04-23T05:19:33.0002562Z ##[warning]No files were found with the provided path: app/build/reports/lint-results-debug.html. No artifacts will be uploaded.
2026-04-23T05:19:33.0166853Z ##[group]Run actions/upload-artifact@v4
2026-04-23T05:19:33.0167128Z with:
2026-04-23T05:19:33.0167317Z   name: detekt-report
2026-04-23T05:19:33.0167536Z   path: app/build/reports/detekt/
2026-04-23T05:19:33.0167782Z   retention-days: 7
2026-04-23T05:19:33.0167989Z   if-no-files-found: warn
2026-04-23T05:19:33.0168208Z   compression-level: 6
2026-04-23T05:19:33.0168420Z   overwrite: false
2026-04-23T05:19:33.0168621Z   include-hidden-files: false
2026-04-23T05:19:33.0168857Z ##[endgroup]
2026-04-23T05:19:33.2261117Z ##[warning]No files were found with the provided path: app/build/reports/detekt/. No artifacts will be uploaded.
2026-04-23T05:19:33.2407118Z ##[group]Run actions/upload-artifact@v4
2026-04-23T05:19:33.2407419Z with:
2026-04-23T05:19:33.2407608Z   name: test-results
2026-04-23T05:19:33.2407835Z   path: app/build/test-results/
2026-04-23T05:19:33.2408070Z   retention-days: 7
2026-04-23T05:19:33.2408274Z   if-no-files-found: warn
2026-04-23T05:19:33.2408491Z   compression-level: 6
2026-04-23T05:19:33.2408698Z   overwrite: false
2026-04-23T05:19:33.2408903Z   include-hidden-files: false
2026-04-23T05:19:33.2409138Z ##[endgroup]
2026-04-23T05:19:33.4514912Z ##[warning]No files were found with the provided path: app/build/test-results/. No artifacts will be uploaded.
2026-04-23T05:19:33.4675281Z Post job cleanup.
2026-04-23T05:19:33.5630529Z [command]/usr/bin/git version
2026-04-23T05:19:33.5678226Z git version 2.53.0
2026-04-23T05:19:33.5719397Z Temporarily overriding HOME='/home/runner/work/_temp/84141c7d-7613-4751-afa0-faab506e8433' before making global git config changes
2026-04-23T05:19:33.5720151Z Adding repository directory to the temporary git global config as a safe directory
2026-04-23T05:19:33.5724665Z [command]/usr/bin/git config --global --add safe.directory /home/runner/work/prismTask/prismTask
2026-04-23T05:19:33.5760563Z [command]/usr/bin/git config --local --name-only --get-regexp core\.sshCommand
2026-04-23T05:19:33.5793335Z [command]/usr/bin/git submodule foreach --recursive sh -c "git config --local --name-only --get-regexp 'core\.sshCommand' && git config --local --unset-all 'core.sshCommand' || :"
2026-04-23T05:19:33.6030356Z [command]/usr/bin/git config --local --name-only --get-regexp http\.https\:\/\/github\.com\/\.extraheader
2026-04-23T05:19:33.6052630Z http.https://github.com/.extraheader
2026-04-23T05:19:33.6065000Z [command]/usr/bin/git config --local --unset-all http.https://github.com/.extraheader
2026-04-23T05:19:33.6095937Z [command]/usr/bin/git submodule foreach --recursive sh -c "git config --local --name-only --get-regexp 'http\.https\:\/\/github\.com\/\.extraheader' && git config --local --unset-all 'http.https://github.com/.extraheader' || :"
2026-04-23T05:19:33.6323876Z [command]/usr/bin/git config --local --name-only --get-regexp ^includeIf\.gitdir:
2026-04-23T05:19:33.6354464Z [command]/usr/bin/git submodule foreach --recursive git config --local --show-origin --name-only --get-regexp remote.origin.url
2026-04-23T05:19:33.6693872Z Cleaning up orphan processes
2026-04-23T05:19:33.6971142Z ##[warning]Node.js 20 actions are deprecated. The following actions are running on Node.js 20 and may not work as expected: actions/checkout@v4, actions/github-script@v7, actions/upload-artifact@v4. Actions will be forced to run with Node.js 24 by default starting June 2nd, 2026. Node.js 20 will be removed from the runner on September 16th, 2026. Please check if updated versions of these actions are available that support Node.js 24. To opt into Node.js 24 now, set the FORCE_JAVASCRIPT_ACTIONS_TO_NODE24=true environment variable on the runner or in your workflow file. Once Node.js 24 becomes the default, you can temporarily opt out by setting ACTIONS_ALLOW_USE_UNSECURE_NODE_VERSION=true. For more information see: https://github.blog/changelog/2025-09-19-deprecation-of-node-20-on-github-actions-runners/
