=== CI FAILURE ===
Workflow:      Android CI
Workflow file: averycorp/prismTask/.github/workflows/android-ci.yml@refs/heads/main
Job(s):        lint-and-test
Run ID:        25072666525
Run attempt:   1
Run URL:       https://github.com/averycorp/prismTask/actions/runs/25072666525
Commit:        c03ca3fc35b5c619a5d268435132e6d85c494392
Branch:        main
Event:         push
Actor:         akarlin3
Runner OS:     Linux
Timestamp:     2026-04-28T19:18:42.157Z

Failed steps:
  - lint-and-test: #7 ktlint check (push events only)

=== FAILED JOB LOG ===

--- Job: lint-and-test (id 73456923545) ---
2026-04-28T19:15:01.0493524Z Current runner version: '2.334.0'
2026-04-28T19:15:01.0518052Z ##[group]Runner Image Provisioner
2026-04-28T19:15:01.0518847Z Hosted Compute Agent
2026-04-28T19:15:01.0519343Z Version: 20260422.526
2026-04-28T19:15:01.0520409Z Commit: e1a9e573f4d0838b3a7c1b07401aeb29ed3635a9
2026-04-28T19:15:01.0521141Z Build Date: 2026-04-22T09:31:31Z
2026-04-28T19:15:01.0521747Z Worker ID: {339adef1-6a79-4158-90e6-9eea05ba6ef0}
2026-04-28T19:15:01.0522464Z Azure Region: westus
2026-04-28T19:15:01.0523178Z ##[endgroup]
2026-04-28T19:15:01.0524962Z ##[group]Operating System
2026-04-28T19:15:01.0525581Z Ubuntu
2026-04-28T19:15:01.0526097Z 24.04.4
2026-04-28T19:15:01.0526514Z LTS
2026-04-28T19:15:01.0526983Z ##[endgroup]
2026-04-28T19:15:01.0527449Z ##[group]Runner Image
2026-04-28T19:15:01.0527999Z Image: ubuntu-24.04
2026-04-28T19:15:01.0528531Z Version: 20260426.100.1
2026-04-28T19:15:01.0529765Z Included Software: https://github.com/actions/runner-images/blob/ubuntu24/20260426.100/images/ubuntu/Ubuntu2404-Readme.md
2026-04-28T19:15:01.0531212Z Image Release: https://github.com/actions/runner-images/releases/tag/ubuntu24%2F20260426.100
2026-04-28T19:15:01.0532117Z ##[endgroup]
2026-04-28T19:15:01.0533828Z ##[group]GITHUB_TOKEN Permissions
2026-04-28T19:15:01.0536070Z Actions: read
2026-04-28T19:15:01.0536575Z Checks: read
2026-04-28T19:15:01.0537037Z Contents: write
2026-04-28T19:15:01.0537600Z Metadata: read
2026-04-28T19:15:01.0538113Z PullRequests: read
2026-04-28T19:15:01.0538572Z ##[endgroup]
2026-04-28T19:15:01.0540741Z Secret source: Actions
2026-04-28T19:15:01.0541785Z Prepare workflow directory
2026-04-28T19:15:01.0930651Z Prepare all required actions
2026-04-28T19:15:01.0968510Z Getting action download info
2026-04-28T19:15:01.7185167Z Download action repository 'actions/checkout@v4' (SHA:34e114876b0b11c390a56381ad16ebd13914f8d5)
2026-04-28T19:15:01.8175779Z Download action repository 'dorny/paths-filter@v3' (SHA:d1c1ffe0248fe513906c8e24db8ea791d46f8590)
2026-04-28T19:15:02.3411898Z Download action repository 'actions/cache@v4' (SHA:0057852bfaa89a56745cba8c7296529d2fc39830)
2026-04-28T19:15:02.4327930Z Download action repository 'actions/github-script@v7' (SHA:f28e40c7f34bde8b3046d885e986cb6290c5673b)
2026-04-28T19:15:03.0124108Z Download action repository 'actions/upload-artifact@v4' (SHA:ea165f8d65b6e75b540449e92b4886f43607fa02)
2026-04-28T19:15:03.2790554Z Complete job name: lint-and-test
2026-04-28T19:15:03.3756800Z ##[group]Run actions/checkout@v4
2026-04-28T19:15:03.3758077Z with:
2026-04-28T19:15:03.3758781Z   ref: refs/heads/main
2026-04-28T19:15:03.3759645Z   repository: averycorp/prismTask
2026-04-28T19:15:03.3760864Z   token: ***
2026-04-28T19:15:03.3761592Z   ssh-strict: true
2026-04-28T19:15:03.3762330Z   ssh-user: git
2026-04-28T19:15:03.3763358Z   persist-credentials: true
2026-04-28T19:15:03.3764217Z   clean: true
2026-04-28T19:15:03.3764979Z   sparse-checkout-cone-mode: true
2026-04-28T19:15:03.3765916Z   fetch-depth: 1
2026-04-28T19:15:03.3766641Z   fetch-tags: false
2026-04-28T19:15:03.3767398Z   show-progress: true
2026-04-28T19:15:03.3768180Z   lfs: false
2026-04-28T19:15:03.3768870Z   submodules: false
2026-04-28T19:15:03.3769622Z   set-safe-directory: true
2026-04-28T19:15:03.3770736Z ##[endgroup]
2026-04-28T19:15:03.4939854Z Syncing repository: averycorp/prismTask
2026-04-28T19:15:03.4944038Z ##[group]Getting Git version info
2026-04-28T19:15:03.4946286Z Working directory is '/home/runner/work/prismTask/prismTask'
2026-04-28T19:15:03.4949260Z [command]/usr/bin/git version
2026-04-28T19:15:03.5012020Z git version 2.54.0
2026-04-28T19:15:03.5039162Z ##[endgroup]
2026-04-28T19:15:03.5055108Z Temporarily overriding HOME='/home/runner/work/_temp/eec132c4-8161-43f9-add0-b386362f553d' before making global git config changes
2026-04-28T19:15:03.5057764Z Adding repository directory to the temporary git global config as a safe directory
2026-04-28T19:15:03.5060116Z [command]/usr/bin/git config --global --add safe.directory /home/runner/work/prismTask/prismTask
2026-04-28T19:15:03.5109639Z Deleting the contents of '/home/runner/work/prismTask/prismTask'
2026-04-28T19:15:03.5113350Z ##[group]Initializing the repository
2026-04-28T19:15:03.5117766Z [command]/usr/bin/git init /home/runner/work/prismTask/prismTask
2026-04-28T19:15:03.5226180Z hint: Using 'master' as the name for the initial branch. This default branch name
2026-04-28T19:15:03.5228453Z hint: will change to "main" in Git 3.0. To configure the initial branch name
2026-04-28T19:15:03.5231383Z hint: to use in all of your new repositories, which will suppress this warning,
2026-04-28T19:15:03.5234139Z hint: call:
2026-04-28T19:15:03.5235308Z hint:
2026-04-28T19:15:03.5236825Z hint: 	git config --global init.defaultBranch <name>
2026-04-28T19:15:03.5238703Z hint:
2026-04-28T19:15:03.5240417Z hint: Names commonly chosen instead of 'master' are 'main', 'trunk' and
2026-04-28T19:15:03.5243813Z hint: 'development'. The just-created branch can be renamed via this command:
2026-04-28T19:15:03.5246255Z hint:
2026-04-28T19:15:03.5247400Z hint: 	git branch -m <name>
2026-04-28T19:15:03.5248794Z hint:
2026-04-28T19:15:03.5250701Z hint: Disable this message with "git config set advice.defaultBranchName false"
2026-04-28T19:15:03.5252629Z Initialized empty Git repository in /home/runner/work/prismTask/prismTask/.git/
2026-04-28T19:15:03.5256479Z [command]/usr/bin/git remote add origin https://github.com/averycorp/prismTask
2026-04-28T19:15:03.5287436Z ##[endgroup]
2026-04-28T19:15:03.5289744Z ##[group]Disabling automatic garbage collection
2026-04-28T19:15:03.5291889Z [command]/usr/bin/git config --local gc.auto 0
2026-04-28T19:15:03.5321126Z ##[endgroup]
2026-04-28T19:15:03.5400728Z ##[group]Setting up auth
2026-04-28T19:15:03.5402763Z [command]/usr/bin/git config --local --name-only --get-regexp core\.sshCommand
2026-04-28T19:15:03.5409390Z [command]/usr/bin/git submodule foreach --recursive sh -c "git config --local --name-only --get-regexp 'core\.sshCommand' && git config --local --unset-all 'core.sshCommand' || :"
2026-04-28T19:15:03.5705918Z [command]/usr/bin/git config --local --name-only --get-regexp http\.https\:\/\/github\.com\/\.extraheader
2026-04-28T19:15:03.5739163Z [command]/usr/bin/git submodule foreach --recursive sh -c "git config --local --name-only --get-regexp 'http\.https\:\/\/github\.com\/\.extraheader' && git config --local --unset-all 'http.https://github.com/.extraheader' || :"
2026-04-28T19:15:03.5958060Z [command]/usr/bin/git config --local --name-only --get-regexp ^includeIf\.gitdir:
2026-04-28T19:15:03.5996889Z [command]/usr/bin/git submodule foreach --recursive git config --local --show-origin --name-only --get-regexp remote.origin.url
2026-04-28T19:15:03.6212611Z [command]/usr/bin/git config --local http.https://github.com/.extraheader AUTHORIZATION: basic ***
2026-04-28T19:15:03.6247442Z ##[endgroup]
2026-04-28T19:15:03.6248819Z ##[group]Fetching the repository
2026-04-28T19:15:03.6256678Z [command]/usr/bin/git -c protocol.version=2 fetch --no-tags --prune --no-recurse-submodules --depth=1 origin +refs/heads/main:refs/remotes/origin/main
2026-04-28T19:15:07.0575063Z From https://github.com/averycorp/prismTask
2026-04-28T19:15:07.0575802Z  * [new branch]      main       -> origin/main
2026-04-28T19:15:07.0615270Z ##[endgroup]
2026-04-28T19:15:07.0615980Z ##[group]Determining the checkout info
2026-04-28T19:15:07.0618045Z ##[endgroup]
2026-04-28T19:15:07.0621955Z [command]/usr/bin/git sparse-checkout disable
2026-04-28T19:15:07.0670237Z [command]/usr/bin/git config --local --unset-all extensions.worktreeConfig
2026-04-28T19:15:07.0696548Z ##[group]Checking out the ref
2026-04-28T19:15:07.0702744Z [command]/usr/bin/git checkout --progress --force -B main refs/remotes/origin/main
2026-04-28T19:15:07.3003635Z Switched to a new branch 'main'
2026-04-28T19:15:07.3005509Z branch 'main' set up to track 'origin/main'.
2026-04-28T19:15:07.3027059Z ##[endgroup]
2026-04-28T19:15:07.3070125Z [command]/usr/bin/git log -1 --format=%H
2026-04-28T19:15:07.3093964Z c03ca3fc35b5c619a5d268435132e6d85c494392
2026-04-28T19:15:07.3291294Z ##[group]Run dorny/paths-filter@v3
2026-04-28T19:15:07.3291767Z with:
2026-04-28T19:15:07.3292461Z   filters: android:
  - 'app/**'
  - 'gradlew'
  - 'gradlew.bat'
  - 'gradle/**'
  - 'build.gradle.kts'
  - 'settings.gradle.kts'
  - '.github/workflows/android-ci.yml'
  - '.github/actions/setup-android/**'

2026-04-28T19:15:07.3293671Z   token: ***
2026-04-28T19:15:07.3293851Z   list-files: none
2026-04-28T19:15:07.3294056Z   initial-fetch-depth: 100
2026-04-28T19:15:07.3294283Z   predicate-quantifier: some
2026-04-28T19:15:07.3294505Z ##[endgroup]
2026-04-28T19:15:07.4230555Z ##[group]Get current git ref
2026-04-28T19:15:07.4273141Z [command]/usr/bin/git branch --show-current
2026-04-28T19:15:07.4309586Z main
2026-04-28T19:15:07.4332372Z ##[endgroup]
2026-04-28T19:15:07.4333417Z Changes will be detected between 6fe20c12a1d94c0250b8a758593ddac79d652309 and main
2026-04-28T19:15:07.4335478Z ##[group]Ensuring 6fe20c12a1d94c0250b8a758593ddac79d652309 is fetched from origin
2026-04-28T19:15:07.4348918Z [command]/usr/bin/git cat-file -e 6fe20c12a1d94c0250b8a758593ddac79d652309^{commit}
2026-04-28T19:15:07.4373190Z fatal: Not a valid object name 6fe20c12a1d94c0250b8a758593ddac79d652309^{commit}
2026-04-28T19:15:07.4391360Z [command]/usr/bin/git fetch --depth=1 --no-tags origin 6fe20c12a1d94c0250b8a758593ddac79d652309
2026-04-28T19:15:07.8673832Z From https://github.com/averycorp/prismTask
2026-04-28T19:15:07.8674552Z  * branch            6fe20c12a1d94c0250b8a758593ddac79d652309 -> FETCH_HEAD
2026-04-28T19:15:07.8712176Z [command]/usr/bin/git cat-file -e 6fe20c12a1d94c0250b8a758593ddac79d652309^{commit}
2026-04-28T19:15:07.8741320Z ##[endgroup]
2026-04-28T19:15:07.8741956Z ##[group]Ensuring main is fetched from origin
2026-04-28T19:15:07.8763241Z [command]/usr/bin/git show-ref main
2026-04-28T19:15:07.8785628Z c03ca3fc35b5c619a5d268435132e6d85c494392 refs/heads/main
2026-04-28T19:15:07.8786340Z c03ca3fc35b5c619a5d268435132e6d85c494392 refs/remotes/origin/main
2026-04-28T19:15:07.8794189Z ##[endgroup]
2026-04-28T19:15:07.8806707Z ##[group]Change detection 6fe20c12a1d94c0250b8a758593ddac79d652309..main
2026-04-28T19:15:07.8807542Z [command]/usr/bin/git diff --no-renames --name-status -z 6fe20c12a1d94c0250b8a758593ddac79d652309..refs/remotes/origin/main
2026-04-28T19:15:07.8840021Z M app/src/androidTest/java/com/averycorp/prismtask/smoke/TestDatabaseModule.kt M app/src/androidTest/java/com/averycorp/prismtask/sync/fuzz/Fuzz06MedicationConcurrentEditTest.kt 
2026-04-28T19:15:07.8841244Z ##[endgroup]
2026-04-28T19:15:07.8841438Z Detected 2 changed files
2026-04-28T19:15:07.8845494Z Results:
2026-04-28T19:15:07.8846098Z ##[group]Filter android = true
2026-04-28T19:15:07.8846477Z Matching files:
2026-04-28T19:15:07.8847050Z app/src/androidTest/java/com/averycorp/prismtask/smoke/TestDatabaseModule.kt [modified]
2026-04-28T19:15:07.8847773Z app/src/androidTest/java/com/averycorp/prismtask/sync/fuzz/Fuzz06MedicationConcurrentEditTest.kt [modified]
2026-04-28T19:15:07.8855173Z ##[endgroup]
2026-04-28T19:15:07.8855512Z Changes output set to ["android"]
2026-04-28T19:15:07.9044842Z Prepare all required actions
2026-04-28T19:15:07.9045342Z Getting action download info
2026-04-28T19:15:08.2085335Z Download action repository 'actions/setup-java@v4' (SHA:c1e323688fd81a25caa38c78aa6df2d33d3e20d9)
2026-04-28T19:15:08.9482027Z Download action repository 'gradle/actions@v4' (SHA:ed408507eac070d1f99cc633dbcf757c94c7933a)
2026-04-28T19:15:10.2345329Z ##[group]Run ./.github/actions/setup-android
2026-04-28T19:15:10.2345623Z ##[endgroup]
2026-04-28T19:15:10.2454964Z ##[group]Run actions/setup-java@v4
2026-04-28T19:15:10.2455202Z with:
2026-04-28T19:15:10.2455368Z   java-version: 21
2026-04-28T19:15:10.2455561Z   distribution: temurin
2026-04-28T19:15:10.2455750Z   java-package: jdk
2026-04-28T19:15:10.2455926Z   check-latest: false
2026-04-28T19:15:10.2456104Z   server-id: github
2026-04-28T19:15:10.2456410Z   server-username: GITHUB_ACTOR
2026-04-28T19:15:10.2456634Z   server-password: GITHUB_TOKEN
2026-04-28T19:15:10.2456863Z   overwrite-settings: true
2026-04-28T19:15:10.2457099Z   job-status: success
2026-04-28T19:15:10.2457531Z   token: ***
2026-04-28T19:15:10.2457694Z ##[endgroup]
2026-04-28T19:15:10.4643838Z ##[group]Installed distributions
2026-04-28T19:15:10.4705972Z Resolved Java 21.0.11+10 from tool-cache
2026-04-28T19:15:10.4707084Z Setting Java 21.0.11+10 as the default
2026-04-28T19:15:10.4720145Z Creating toolchains.xml for JDK version 21 from temurin
2026-04-28T19:15:10.4801827Z Writing to /home/runner/.m2/toolchains.xml
2026-04-28T19:15:10.4802221Z 
2026-04-28T19:15:10.4802360Z Java configuration:
2026-04-28T19:15:10.4803649Z   Distribution: temurin
2026-04-28T19:15:10.4804020Z   Version: 21.0.11+10
2026-04-28T19:15:10.4805121Z   Path: /opt/hostedtoolcache/Java_Temurin-Hotspot_jdk/21.0.11-10/x64
2026-04-28T19:15:10.4805642Z 
2026-04-28T19:15:10.4806417Z ##[endgroup]
2026-04-28T19:15:10.4822273Z Creating settings.xml with server-id: github
2026-04-28T19:15:10.4837402Z Writing to /home/runner/.m2/settings.xml
2026-04-28T19:15:10.5029914Z ##[group]Run gradle/actions/setup-gradle@v4
2026-04-28T19:15:10.5030201Z with:
2026-04-28T19:15:10.5030370Z   cache-disabled: false
2026-04-28T19:15:10.5030574Z   cache-read-only: false
2026-04-28T19:15:10.5030772Z   cache-write-only: false
2026-04-28T19:15:10.5030995Z   cache-overwrite-existing: false
2026-04-28T19:15:10.5031224Z   cache-cleanup: on-success
2026-04-28T19:15:10.5031487Z   gradle-home-cache-includes: caches
notifications

2026-04-28T19:15:10.5031770Z   add-job-summary: always
2026-04-28T19:15:10.5031991Z   add-job-summary-as-pr-comment: never
2026-04-28T19:15:10.5032245Z   dependency-graph: disabled
2026-04-28T19:15:10.5032517Z   dependency-graph-report-dir: dependency-graph-reports
2026-04-28T19:15:10.5033154Z   dependency-graph-continue-on-failure: true
2026-04-28T19:15:10.5033436Z   build-scan-publish: false
2026-04-28T19:15:10.5033652Z   validate-wrappers: true
2026-04-28T19:15:10.5033864Z   allow-snapshot-wrappers: false
2026-04-28T19:15:10.5034110Z   gradle-home-cache-strict-match: false
2026-04-28T19:15:10.5034371Z   workflow-job-context: null
2026-04-28T19:15:10.5034721Z   github-token: ***
2026-04-28T19:15:10.5034907Z env:
2026-04-28T19:15:10.5035178Z   JAVA_HOME: /opt/hostedtoolcache/Java_Temurin-Hotspot_jdk/21.0.11-10/x64
2026-04-28T19:15:10.5035644Z   JAVA_HOME_21_X64: /opt/hostedtoolcache/Java_Temurin-Hotspot_jdk/21.0.11-10/x64
2026-04-28T19:15:10.5035988Z ##[endgroup]
2026-04-28T19:15:11.1491199Z Merged default JDK locations into /home/runner/.m2/toolchains.xml
2026-04-28T19:15:11.1494137Z Preparing cache for cleanup.
2026-04-28T19:15:11.1498348Z ##[group]Restore Gradle state from cache
2026-04-28T19:15:11.4479834Z Cache hit for restore-key: gradle-home-v1|Linux-X64|lint-and-test[5df42585ae8f8da228c604b8b4e8707c]-8051b9ad6b825ba1249dd020d806de9b101d4311
2026-04-28T19:15:12.7641322Z Received 0 of 128579843 (0.0%), 0.0 MBs/sec
2026-04-28T19:15:13.7737392Z Received 128579843 of 128579843 (100.0%), 61.0 MBs/sec
2026-04-28T19:15:13.7739450Z Cache Size: ~123 MB (128579843 B)
2026-04-28T19:15:13.7774885Z [command]/usr/bin/tar -xf /home/runner/work/_temp/e4d106dc-1093-44ec-bd33-65239e70473e/cache.tzst -P -C /home/runner/work/prismTask/prismTask --use-compress-program unzstd
2026-04-28T19:15:14.1606362Z Cache restored successfully
2026-04-28T19:15:14.1665685Z Restored cache entry with key gradle-home-v1|Linux-X64|lint-and-test[5df42585ae8f8da228c604b8b4e8707c]-c03ca3fc35b5c619a5d268435132e6d85c494392 to /home/runner/.gradle/caches,/home/runner/.gradle/notifications,/home/runner/.gradle/.setup-gradle in 3016ms
2026-04-28T19:15:14.4082354Z Cache hit for: gradle-instrumented-jars-v1-f4b682b7bcc7340645afc7b1f4a49588
2026-04-28T19:15:14.4159506Z Cache hit for: gradle-groovy-dsl-v1-34f2ec9cb8013cf6c81829165e1d7219
2026-04-28T19:15:14.4175834Z Cache hit for: gradle-transforms-v1-056536cdefbd318c09dff7e2b77f7606
2026-04-28T19:15:14.4258137Z Cache hit for: gradle-dependencies-v1-fe646239d4e76e6b8ff58839ea8802a6
2026-04-28T19:15:14.4341409Z Cache hit for: gradle-generated-gradle-jars-v1-cb4b032a7d08b9bf1e84e9eacaebcc29
2026-04-28T19:15:14.4365279Z Cache hit for: gradle-wrapper-zips-v1-8c0de4c6bda6041d6e054bf825a89c98
2026-04-28T19:15:14.4385210Z Cache hit for: gradle-kotlin-dsl-v1-7e119fd7fe83ea220d91a1d84498140b
2026-04-28T19:15:15.1394050Z Received 64205 of 64205 (100.0%), 0.1 MBs/sec
2026-04-28T19:15:15.1394778Z Cache Size: ~0 MB (64205 B)
2026-04-28T19:15:15.1414351Z [command]/usr/bin/tar -xf /home/runner/work/_temp/2063aab9-f929-47ba-b63c-e0813daf4309/cache.tzst -P -C /home/runner/work/prismTask/prismTask --use-compress-program unzstd
2026-04-28T19:15:15.1516243Z Cache restored successfully
2026-04-28T19:15:15.1518440Z Restored cache entry with key gradle-instrumented-jars-v1-f4b682b7bcc7340645afc7b1f4a49588 to /home/runner/.gradle/caches/jars-*/*/ in 983ms
2026-04-28T19:15:15.1783981Z Received 121430 of 121430 (100.0%), 0.2 MBs/sec
2026-04-28T19:15:15.1784581Z Cache Size: ~0 MB (121430 B)
2026-04-28T19:15:15.1805831Z [command]/usr/bin/tar -xf /home/runner/work/_temp/bcf9a1e6-fc66-4369-9b7b-3b079df3649a/cache.tzst -P -C /home/runner/work/prismTask/prismTask --use-compress-program unzstd
2026-04-28T19:15:15.2116777Z Cache restored successfully
2026-04-28T19:15:15.2119055Z Restored cache entry with key gradle-groovy-dsl-v1-34f2ec9cb8013cf6c81829165e1d7219 to /home/runner/.gradle/caches/*/groovy-dsl/*/ in 1043ms
2026-04-28T19:15:15.5220501Z Received 571513 of 571513 (100.0%), 0.7 MBs/sec
2026-04-28T19:15:15.5220947Z Cache Size: ~1 MB (571513 B)
2026-04-28T19:15:15.5249441Z [command]/usr/bin/tar -xf /home/runner/work/_temp/433f59e7-813a-4af2-ae3d-097fd9888061/cache.tzst -P -C /home/runner/work/prismTask/prismTask --use-compress-program unzstd
2026-04-28T19:15:15.7058000Z Received 0 of 460796946 (0.0%), 0.0 MBs/sec
2026-04-28T19:15:15.7296003Z Received 0 of 41993404 (0.0%), 0.0 MBs/sec
2026-04-28T19:15:15.7473893Z Received 0 of 136352669 (0.0%), 0.0 MBs/sec
2026-04-28T19:15:15.7608734Z Received 0 of 829821422 (0.0%), 0.0 MBs/sec
2026-04-28T19:15:15.8017241Z Cache restored successfully
2026-04-28T19:15:15.8052679Z Restored cache entry with key gradle-kotlin-dsl-v1-7e119fd7fe83ea220d91a1d84498140b to /home/runner/.gradle/caches/*/kotlin-dsl/accessors/*/,/home/runner/.gradle/caches/*/kotlin-dsl/scripts/*/ in 1637ms
2026-04-28T19:15:16.3508580Z Received 41993404 of 41993404 (100.0%), 24.7 MBs/sec
2026-04-28T19:15:16.3511229Z Cache Size: ~40 MB (41993404 B)
2026-04-28T19:15:16.3666523Z [command]/usr/bin/tar -xf /home/runner/work/_temp/574addc9-20ae-4084-849c-cdb4aba10775/cache.tzst -P -C /home/runner/work/prismTask/prismTask --use-compress-program unzstd
2026-04-28T19:15:16.6926885Z Cache restored successfully
2026-04-28T19:15:16.7007210Z Restored cache entry with key gradle-generated-gradle-jars-v1-cb4b032a7d08b9bf1e84e9eacaebcc29 to /home/runner/.gradle/caches/9.3.1/generated-gradle-jars/gradle-api-9.3.1.jar in 2533ms
2026-04-28T19:15:16.7061172Z Received 83886080 of 460796946 (18.2%), 40.0 MBs/sec
2026-04-28T19:15:16.7465947Z Received 79691776 of 136352669 (58.4%), 38.0 MBs/sec
2026-04-28T19:15:16.7614996Z Received 88080384 of 829821422 (10.6%), 42.0 MBs/sec
2026-04-28T19:15:17.3212743Z Received 136352669 of 136352669 (100.0%), 50.5 MBs/sec
2026-04-28T19:15:17.3216504Z Cache Size: ~130 MB (136352669 B)
2026-04-28T19:15:17.3437341Z [command]/usr/bin/tar -xf /home/runner/work/_temp/1a3f6117-2e9d-4ed2-8dd0-b68df3e5b1d3/cache.tzst -P -C /home/runner/work/prismTask/prismTask --use-compress-program unzstd
2026-04-28T19:15:17.6400562Z Cache restored successfully
2026-04-28T19:15:17.6524787Z Restored cache entry with key gradle-wrapper-zips-v1-8c0de4c6bda6041d6e054bf825a89c98 to /home/runner/.gradle/wrapper/dists/gradle-9.3.1-bin/23ovyewtku6u96viwx3xl3oks in 3484ms
2026-04-28T19:15:17.7105900Z Received 176160768 of 460796946 (38.2%), 55.9 MBs/sec
2026-04-28T19:15:17.7639819Z Received 197132288 of 829821422 (23.8%), 62.6 MBs/sec
2026-04-28T19:15:18.7168626Z Received 297795584 of 460796946 (64.6%), 70.8 MBs/sec
2026-04-28T19:15:18.7639105Z Received 322961408 of 829821422 (38.9%), 76.9 MBs/sec
2026-04-28T19:15:19.7228270Z Received 432013312 of 460796946 (93.8%), 82.1 MBs/sec
2026-04-28T19:15:19.7638506Z Received 465567744 of 829821422 (56.1%), 88.7 MBs/sec
2026-04-28T19:15:19.9604333Z Received 460796946 of 460796946 (100.0%), 83.6 MBs/sec
2026-04-28T19:15:19.9607936Z Cache Size: ~439 MB (460796946 B)
2026-04-28T19:15:19.9878423Z [command]/usr/bin/tar -xf /home/runner/work/_temp/02e90f6a-4870-44d3-837c-657d9cabfd6a/cache.tzst -P -C /home/runner/work/prismTask/prismTask --use-compress-program unzstd
2026-04-28T19:15:20.7674196Z Received 603979776 of 829821422 (72.8%), 95.9 MBs/sec
2026-04-28T19:15:21.7792498Z Received 754974720 of 829821422 (91.0%), 102.6 MBs/sec
2026-04-28T19:15:22.2915307Z Received 829821422 of 829821422 (100.0%), 105.1 MBs/sec
2026-04-28T19:15:22.2917718Z Cache Size: ~791 MB (829821422 B)
2026-04-28T19:15:22.3062575Z [command]/usr/bin/tar -xf /home/runner/work/_temp/1432fe87-1fbd-4ec8-8857-3ad9a96d436f/cache.tzst -P -C /home/runner/work/prismTask/prismTask --use-compress-program unzstd
2026-04-28T19:15:24.9523848Z Cache restored successfully
2026-04-28T19:15:24.9944909Z Restored cache entry with key gradle-dependencies-v1-fe646239d4e76e6b8ff58839ea8802a6 to /home/runner/.gradle/caches/modules-*/files-*/*/*/*/* in 10826ms
2026-04-28T19:15:27.0040228Z Cache restored successfully
2026-04-28T19:15:27.0235459Z Restored cache entry with key gradle-transforms-v1-056536cdefbd318c09dff7e2b77f7606 to /home/runner/.gradle/caches/transforms-4/*/,/home/runner/.gradle/caches/*/transforms/*/ in 12854ms
2026-04-28T19:15:27.1016679Z ##[endgroup]
2026-04-28T19:15:27.1467454Z ##[group]All Gradle Wrapper jars are valid
2026-04-28T19:15:27.1468826Z ✓ Found known Gradle Wrapper JAR files:
2026-04-28T19:15:27.1469777Z   b3a875ddc1f044746e1b1a55f645584505f4a10438c1afea9f15e92a7c42ec13 gradle/wrapper/gradle-wrapper.jar
2026-04-28T19:15:27.1470933Z ##[endgroup]
2026-04-28T19:15:27.2523199Z ##[group]Run chmod +x gradlew
2026-04-28T19:15:27.2523571Z [36;1mchmod +x gradlew[0m
2026-04-28T19:15:27.5392475Z shell: /usr/bin/bash --noprofile --norc -e -o pipefail {0}
2026-04-28T19:15:27.5393300Z env:
2026-04-28T19:15:27.5393899Z   JAVA_HOME: /opt/hostedtoolcache/Java_Temurin-Hotspot_jdk/21.0.11-10/x64
2026-04-28T19:15:27.5394599Z   JAVA_HOME_21_X64: /opt/hostedtoolcache/Java_Temurin-Hotspot_jdk/21.0.11-10/x64
2026-04-28T19:15:27.5395185Z   GRADLE_ACTION_ID: gradle/actions/setup-gradle
2026-04-28T19:15:27.5395604Z   GRADLE_USER_HOME: /home/runner/.gradle
2026-04-28T19:15:27.5396004Z   GRADLE_BUILD_ACTION_SETUP_COMPLETED: true
2026-04-28T19:15:27.5396411Z   GRADLE_BUILD_ACTION_CACHE_RESTORED: true
2026-04-28T19:15:27.5397015Z   DEVELOCITY_INJECTION_INIT_SCRIPT_NAME: gradle-actions.inject-develocity.init.gradle
2026-04-28T19:15:27.5397668Z   DEVELOCITY_INJECTION_CUSTOM_VALUE: gradle-actions
2026-04-28T19:15:27.5398109Z   GITHUB_DEPENDENCY_GRAPH_ENABLED: false
2026-04-28T19:15:27.5398481Z ##[endgroup]
2026-04-28T19:15:27.9113833Z ##[group]Run actions/cache@v4
2026-04-28T19:15:27.9114150Z with:
2026-04-28T19:15:27.9114366Z   path: app/build
2026-04-28T19:15:27.9114795Z   key: app-build-Linux-60f88d44dcf49cb52f506dd927e66ae62ee5a47d0db6c0c05b311f5e47cb64f0
2026-04-28T19:15:27.9115314Z   restore-keys: app-build-Linux-

2026-04-28T19:15:27.9115605Z   enableCrossOsArchive: false
2026-04-28T19:15:27.9115880Z   fail-on-cache-miss: false
2026-04-28T19:15:27.9116134Z   lookup-only: false
2026-04-28T19:15:27.9116364Z   save-always: false
2026-04-28T19:15:27.9116583Z env:
2026-04-28T19:15:27.9116903Z   JAVA_HOME: /opt/hostedtoolcache/Java_Temurin-Hotspot_jdk/21.0.11-10/x64
2026-04-28T19:15:27.9117407Z   JAVA_HOME_21_X64: /opt/hostedtoolcache/Java_Temurin-Hotspot_jdk/21.0.11-10/x64
2026-04-28T19:15:27.9117845Z   GRADLE_ACTION_ID: gradle/actions/setup-gradle
2026-04-28T19:15:27.9118172Z   GRADLE_USER_HOME: /home/runner/.gradle
2026-04-28T19:15:27.9118476Z   GRADLE_BUILD_ACTION_SETUP_COMPLETED: true
2026-04-28T19:15:27.9118837Z   GRADLE_BUILD_ACTION_CACHE_RESTORED: true
2026-04-28T19:15:27.9119289Z   DEVELOCITY_INJECTION_INIT_SCRIPT_NAME: gradle-actions.inject-develocity.init.gradle
2026-04-28T19:15:27.9119783Z   DEVELOCITY_INJECTION_CUSTOM_VALUE: gradle-actions
2026-04-28T19:15:27.9120686Z   GITHUB_DEPENDENCY_GRAPH_ENABLED: false
2026-04-28T19:15:27.9121160Z ##[endgroup]
2026-04-28T19:15:28.3159659Z Cache hit for: app-build-Linux-60f88d44dcf49cb52f506dd927e66ae62ee5a47d0db6c0c05b311f5e47cb64f0
2026-04-28T19:15:29.6128449Z Received 0 of 156131945 (0.0%), 0.0 MBs/sec
2026-04-28T19:15:30.6449092Z Received 134217728 of 156131945 (86.0%), 63.0 MBs/sec
2026-04-28T19:15:30.8612632Z Received 156131945 of 156131945 (100.0%), 66.2 MBs/sec
2026-04-28T19:15:30.8615365Z Cache Size: ~149 MB (156131945 B)
2026-04-28T19:15:30.8720127Z [command]/usr/bin/tar -xf /home/runner/work/_temp/1d2462fd-fd42-4108-8c95-7d75766a8be1/cache.tzst -P -C /home/runner/work/prismTask/prismTask --use-compress-program unzstd
2026-04-28T19:15:32.6730273Z Cache restored successfully
2026-04-28T19:15:32.6931166Z Cache restored from key: app-build-Linux-60f88d44dcf49cb52f506dd927e66ae62ee5a47d0db6c0c05b311f5e47cb64f0
2026-04-28T19:15:32.7034658Z ##[group]Run ./gradlew ktlintCheck --continue
2026-04-28T19:15:32.7035123Z [36;1m./gradlew ktlintCheck --continue[0m
2026-04-28T19:15:32.7103920Z shell: /usr/bin/bash -e {0}
2026-04-28T19:15:32.7104379Z env:
2026-04-28T19:15:32.7104951Z   JAVA_HOME: /opt/hostedtoolcache/Java_Temurin-Hotspot_jdk/21.0.11-10/x64
2026-04-28T19:15:32.7105878Z   JAVA_HOME_21_X64: /opt/hostedtoolcache/Java_Temurin-Hotspot_jdk/21.0.11-10/x64
2026-04-28T19:15:32.7106659Z   GRADLE_ACTION_ID: gradle/actions/setup-gradle
2026-04-28T19:15:32.7107242Z   GRADLE_USER_HOME: /home/runner/.gradle
2026-04-28T19:15:32.7107798Z   GRADLE_BUILD_ACTION_SETUP_COMPLETED: true
2026-04-28T19:15:32.7108348Z   GRADLE_BUILD_ACTION_CACHE_RESTORED: true
2026-04-28T19:15:32.7109163Z   DEVELOCITY_INJECTION_INIT_SCRIPT_NAME: gradle-actions.inject-develocity.init.gradle
2026-04-28T19:15:32.7109902Z   DEVELOCITY_INJECTION_CUSTOM_VALUE: gradle-actions
2026-04-28T19:15:32.7110283Z   GITHUB_DEPENDENCY_GRAPH_ENABLED: false
2026-04-28T19:15:32.7110632Z ##[endgroup]
2026-04-28T19:15:37.7804527Z Starting a Gradle Daemon (subsequent builds will be faster)
2026-04-28T19:15:40.9804564Z Configuration on demand is an incubating feature.
2026-04-28T19:15:47.8776975Z 
2026-04-28T19:15:47.8804297Z > Configure project :app
2026-04-28T19:15:47.8834031Z WARNING: The option setting 'android.builtInKotlin=false' is deprecated.
2026-04-28T19:15:47.8853962Z The current default is 'true'.
2026-04-28T19:15:47.8854865Z It will be removed in version 10.0 of the Android Gradle plugin.
2026-04-28T19:15:47.8855992Z WARNING: The option setting 'android.newDsl=false' is deprecated.
2026-04-28T19:15:47.8857102Z The current default is 'true'.
2026-04-28T19:15:47.8858038Z It will be removed in version 10.0 of the Android Gradle plugin.
2026-04-28T19:15:47.8859583Z WARNING: The option setting 'android.dependency.excludeLibraryComponentsFromConstraints=true' is deprecated.
2026-04-28T19:15:47.8860938Z The current default is 'false'.
2026-04-28T19:15:47.8861877Z It will be removed in version 10.0 of the Android Gradle plugin.
2026-04-28T19:15:47.8863207Z Following can be set instead to achieve a similar behaviour.
2026-04-28T19:15:47.8864190Z     android.dependency.useConstraints=false
2026-04-28T19:15:50.0784899Z w: ⚠️ Deprecated 'org.jetbrains.kotlin.android' plugin usage
2026-04-28T19:15:50.0788915Z The 'org.jetbrains.kotlin.android' plugin in project ':app' is no longer required for Kotlin support since AGP 9.0.
2026-04-28T19:15:50.0790867Z Solution: Remove both `android.builtInKotlin=true` and `android.newDsl=false` from `gradle.properties`, then migrate to built-in Kotlin.
2026-04-28T19:15:50.0792404Z See https://kotl.in/gradle/agp-built-in-kotlin for more details.
2026-04-28T19:15:50.0793558Z 
2026-04-28T19:15:50.5776285Z 
2026-04-28T19:15:50.5777053Z > Task :app:loadKtlintReporters FROM-CACHE
2026-04-28T19:15:50.5783692Z > Task :app:runKtlintCheckOverAndroidTestDebugSourceSet NO-SOURCE
2026-04-28T19:15:50.5785850Z > Task :app:ktlintAndroidTestDebugSourceSetCheck SKIPPED
2026-04-28T19:15:50.5794271Z > Task :app:runKtlintCheckOverAndroidTestReleaseSourceSet NO-SOURCE
2026-04-28T19:15:50.5795732Z > Task :app:ktlintAndroidTestReleaseSourceSetCheck SKIPPED
2026-04-28T19:15:50.7786947Z > Task :app:runKtlintCheckOverDebugSourceSet FROM-CACHE
2026-04-28T19:15:50.7813668Z > Task :app:ktlintDebugSourceSetCheck FROM-CACHE
2026-04-28T19:15:50.8778463Z > Task :app:runKtlintCheckOverKotlinScripts FROM-CACHE
2026-04-28T19:15:50.8803859Z > Task :app:ktlintKotlinScriptCheck FROM-CACHE
2026-04-28T19:15:51.0796007Z > Task :app:runKtlintCheckOverMainSourceSet FROM-CACHE
2026-04-28T19:15:51.1867339Z > Task :app:runKtlintCheckOverReleaseSourceSet FROM-CACHE
2026-04-28T19:15:51.1946330Z > Task :app:ktlintReleaseSourceSetCheck FROM-CACHE
2026-04-28T19:15:51.1983882Z > Task :app:runKtlintCheckOverTestDebugSourceSet NO-SOURCE
2026-04-28T19:15:51.2021278Z > Task :app:ktlintTestDebugSourceSetCheck SKIPPED
2026-04-28T19:15:51.2045099Z > Task :app:runKtlintCheckOverTestFixturesDebugSourceSet NO-SOURCE
2026-04-28T19:15:51.2046654Z > Task :app:ktlintTestFixturesDebugSourceSetCheck SKIPPED
2026-04-28T19:15:51.2047827Z > Task :app:runKtlintCheckOverTestFixturesReleaseSourceSet NO-SOURCE
2026-04-28T19:15:51.2048943Z > Task :app:ktlintTestFixturesReleaseSourceSetCheck SKIPPED
2026-04-28T19:15:51.2050040Z > Task :app:runKtlintCheckOverTestFixturesSourceSet NO-SOURCE
2026-04-28T19:15:51.2050892Z > Task :app:ktlintTestFixturesSourceSetCheck SKIPPED
2026-04-28T19:15:51.2051712Z > Task :app:runKtlintCheckOverTestReleaseSourceSet NO-SOURCE
2026-04-28T19:15:51.2052451Z > Task :app:ktlintTestReleaseSourceSetCheck SKIPPED
2026-04-28T19:15:51.2793886Z 
2026-04-28T19:15:51.2794525Z > Task :app:ktlintMainSourceSetCheck FAILED
2026-04-28T19:15:51.2802152Z /home/runner/work/prismTask/prismTask/app/src/main/java/com/averycorp/prismtask/domain/model/ProductivityRange.kt:12:31 Unnecessary trailing comma before "}"
2026-04-28T19:15:51.2811954Z /home/runner/work/prismTask/prismTask/app/src/main/java/com/averycorp/prismtask/ui/screens/analytics/ProductivityScoreSection.kt:55:34 Unnecessary trailing comma before ")"
2026-04-28T19:15:51.2819585Z /home/runner/work/prismTask/prismTask/app/src/main/java/com/averycorp/prismtask/ui/screens/analytics/ProductivityScoreSection.kt:59:57 Unnecessary trailing comma before ")"
2026-04-28T19:15:51.2822460Z /home/runner/work/prismTask/prismTask/app/src/main/java/com/averycorp/prismtask/ui/screens/analytics/ProductivityScoreSection.kt:67:32 Unnecessary trailing comma before ")"
2026-04-28T19:15:51.2825472Z /home/runner/work/prismTask/prismTask/app/src/main/java/com/averycorp/prismtask/ui/screens/analytics/ProductivityScoreSection.kt:74:70 Unnecessary trailing comma before ")"
2026-04-28T19:15:51.2828196Z /home/runner/work/prismTask/prismTask/app/src/main/java/com/averycorp/prismtask/ui/screens/analytics/ProductivityScoreSection.kt:81:66 Unnecessary trailing comma before ")"
2026-04-28T19:15:51.2830844Z /home/runner/work/prismTask/prismTask/app/src/main/java/com/averycorp/prismtask/ui/screens/analytics/ProductivityScoreSection.kt:96:55 Unnecessary trailing comma before ")"
2026-04-28T19:15:51.2833668Z /home/runner/work/prismTask/prismTask/app/src/main/java/com/averycorp/prismtask/ui/screens/analytics/ProductivityScoreSection.kt:102:49 Unnecessary trailing comma before ")"
2026-04-28T19:15:51.2836397Z /home/runner/work/prismTask/prismTask/app/src/main/java/com/averycorp/prismtask/ui/screens/analytics/ProductivityScoreSection.kt:107:67 Unnecessary trailing comma before ")"
2026-04-28T19:15:51.2839005Z /home/runner/work/prismTask/prismTask/app/src/main/java/com/averycorp/prismtask/ui/screens/analytics/ProductivityScoreSection.kt:122:21 Unnecessary trailing comma before ")"
2026-04-28T19:15:51.2864498Z /home/runner/work/prismTask/prismTask/app/src/main/java/com/averycorp/prismtask/ui/screens/analytics/ProductivityScoreSection.kt:130:44 Unnecessary trailing comma before ")"
2026-04-28T19:15:51.2894403Z /home/runner/work/prismTask/prismTask/app/src/main/java/com/averycorp/prismtask/ui/screens/analytics/ProductivityScoreSection.kt:136:54 Unnecessary trailing comma before ")"
2026-04-28T19:15:51.2897305Z /home/runner/work/prismTask/prismTask/app/src/main/java/com/averycorp/prismtask/ui/screens/analytics/ProductivityScoreSection.kt:145:18 Unnecessary trailing comma before ")"
2026-04-28T19:15:51.2899676Z /home/runner/work/prismTask/prismTask/app/src/main/java/com/averycorp/prismtask/ui/screens/analytics/ProductivityScoreSection.kt:155:77 Unnecessary trailing comma before ")"
2026-04-28T19:15:51.2902009Z /home/runner/work/prismTask/prismTask/app/src/main/java/com/averycorp/prismtask/ui/screens/analytics/ProductivityScoreSection.kt:156:18 Unnecessary trailing comma before ")"
2026-04-28T19:15:51.2904551Z /home/runner/work/prismTask/prismTask/app/src/main/java/com/averycorp/prismtask/ui/screens/analytics/ProductivityScoreSection.kt:166:34 Unnecessary trailing comma before ")"
2026-04-28T19:15:51.2907367Z /home/runner/work/prismTask/prismTask/app/src/main/java/com/averycorp/prismtask/ui/screens/analytics/ProductivityScoreSection.kt:194:85 Unnecessary trailing comma before ")"
2026-04-28T19:15:51.2909754Z /home/runner/work/prismTask/prismTask/app/src/main/java/com/averycorp/prismtask/ui/screens/analytics/ProductivityScoreSection.kt:195:14 Unnecessary trailing comma before ")"
2026-04-28T19:15:51.2912086Z /home/runner/work/prismTask/prismTask/app/src/main/java/com/averycorp/prismtask/ui/screens/analytics/ProductivityScoreSection.kt:200:71 Unnecessary trailing comma before ")"
2026-04-28T19:15:51.2914715Z /home/runner/work/prismTask/prismTask/app/src/main/java/com/averycorp/prismtask/ui/screens/analytics/ProductivityScoreSection.kt:222:41 Unnecessary trailing comma before ")"
2026-04-28T19:15:51.2917063Z /home/runner/work/prismTask/prismTask/app/src/main/java/com/averycorp/prismtask/ui/screens/analytics/ProductivityScoreSection.kt:231:41 Unnecessary trailing comma before ")"
2026-04-28T19:15:51.2919461Z /home/runner/work/prismTask/prismTask/app/src/main/java/com/averycorp/prismtask/ui/screens/analytics/ProductivityScoreSection.kt:243:34 Unnecessary trailing comma before ")"
2026-04-28T19:15:51.2921831Z /home/runner/work/prismTask/prismTask/app/src/main/java/com/averycorp/prismtask/ui/screens/analytics/ProductivityScoreSection.kt:247:50 Unnecessary trailing comma before ")"
2026-04-28T19:15:51.2924380Z /home/runner/work/prismTask/prismTask/app/src/main/java/com/averycorp/prismtask/ui/screens/analytics/ProductivityScoreSection.kt:253:29 Unnecessary trailing comma before ")"
2026-04-28T19:15:51.2926714Z /home/runner/work/prismTask/prismTask/app/src/main/java/com/averycorp/prismtask/ui/screens/analytics/ProductivityScoreSection.kt:258:60 Unnecessary trailing comma before ")"
2026-04-28T19:15:51.2928983Z /home/runner/work/prismTask/prismTask/app/src/main/java/com/averycorp/prismtask/ui/screens/analytics/TaskAnalyticsScreen.kt:126:45 Unnecessary trailing comma before ")"
2026-04-28T19:15:51.2930191Z 
2026-04-28T19:15:51.2930486Z > Task :app:runKtlintCheckOverTestSourceSet FROM-CACHE
2026-04-28T19:15:51.2931180Z > Task :app:ktlintTestSourceSetCheck FROM-CACHE
2026-04-28T19:15:56.3777676Z > Task :app:runKtlintCheckOverAndroidTestSourceSet
2026-04-28T19:15:56.3781919Z 
2026-04-28T19:15:56.3782550Z > Task :app:ktlintAndroidTestSourceSetCheck FAILED
2026-04-28T19:15:56.3784695Z /home/runner/work/prismTask/prismTask/app/src/androidTest/java/com/averycorp/prismtask/sync/fuzz/Fuzz06MedicationConcurrentEditTest.kt:43:66 Unnecessary trailing comma before ")"
2026-04-28T19:15:56.4777703Z gradle/actions: Writing build results to /home/runner/work/_temp/.gradle-actions/build-results/__run_2-1777403743178.json
2026-04-28T19:15:56.4778882Z 
2026-04-28T19:15:56.4778895Z 
2026-04-28T19:15:56.4779715Z FAILURE: Build completed with 2 failures.
2026-04-28T19:15:56.4780228Z 
2026-04-28T19:15:56.4780637Z 1: Task failed with an exception.
2026-04-28T19:15:56.4781237Z -----------
2026-04-28T19:15:56.4781745Z * What went wrong:
2026-04-28T19:15:56.4782409Z Execution failed for task ':app:ktlintMainSourceSetCheck'.
2026-04-28T19:15:56.4783990Z > A failure occurred while executing org.jlleitschuh.gradle.ktlint.worker.ConsoleReportWorkAction
2026-04-28T19:15:56.4787609Z    > KtLint found code style violations. Please see the following reports:
2026-04-28T19:15:56.4788936Z [Incubating] Problems report is available at: file:///home/runner/work/prismTask/prismTask/build/reports/problems/problems-report.html
2026-04-28T19:15:56.4790671Z      - /home/runner/work/prismTask/prismTask/app/build/reports/ktlint/ktlintMainSourceSetCheck/ktlintMainSourceSetCheck.txt
2026-04-28T19:15:56.4791565Z 
2026-04-28T19:15:56.4791719Z * Try:
2026-04-28T19:15:56.4792143Z > Run with --stacktrace option to get the stack trace.
2026-04-28T19:15:56.4793135Z > Run with --info or --debug option to get more log output.
2026-04-28T19:15:56.4793977Z > Run with --scan to get full insights from a Build Scan (powered by Develocity).
2026-04-28T19:15:56.4794759Z > Get more help at https://help.gradle.org.
2026-04-28T19:15:56.4795386Z ==============================================================================
2026-04-28T19:15:56.4796064Z 
2026-04-28T19:15:56.4796287Z 2: Task failed with an exception.
2026-04-28T19:15:56.4796834Z -----------
2026-04-28T19:15:56.4797206Z * What went wrong:
2026-04-28T19:15:56.4797773Z Execution failed for task ':app:ktlintAndroidTestSourceSetCheck'.
2026-04-28T19:15:56.4798799Z > A failure occurred while executing org.jlleitschuh.gradle.ktlint.worker.ConsoleReportWorkAction
2026-04-28T19:15:56.4799879Z    > KtLint found code style violations. Please see the following reports:
2026-04-28T19:15:56.4801305Z      - /home/runner/work/prismTask/prismTask/app/build/reports/ktlint/ktlintAndroidTestSourceSetCheck/ktlintAndroidTestSourceSetCheck.txt
2026-04-28T19:15:56.4807407Z 
2026-04-28T19:15:56.4807456Z 
2026-04-28T19:15:56.4807703Z * Try:
2026-04-28T19:15:56.4808205Z > Run with --stacktrace option to get the stack trace.
2026-04-28T19:15:56.4808942Z > Run with --info or --debug option to get more log output.
2026-04-28T19:15:56.4817503Z > Run with --scan to get full insights from a Build Scan (powered by Develocity).
2026-04-28T19:15:56.4818341Z > Get more help at https://help.gradle.org.
2026-04-28T19:15:56.4818994Z ==============================================================================
2026-04-28T19:15:56.4819431Z 
2026-04-28T19:15:56.4819617Z BUILD FAILED in 23s
2026-04-28T19:15:56.4820364Z Deprecated Gradle features were used in this build, making it incompatible with Gradle 10.
2026-04-28T19:15:56.4821043Z 
2026-04-28T19:15:56.4821813Z You can use '--warning-mode all' to show the individual deprecation warnings and determine if they come from your own scripts or plugins.
2026-04-28T19:15:56.4822770Z 
2026-04-28T19:15:56.4823925Z For more on this, please refer to https://docs.gradle.org/9.3.1/userguide/command_line_interface.html#sec:command_line_warnings in the Gradle documentation.
2026-04-28T19:15:56.4825262Z 13 actionable tasks: 3 executed, 10 from cache
2026-04-28T19:15:56.9252680Z ##[error]Process completed with exit code 1.
2026-04-28T19:15:56.9301695Z ##[group]Run ./gradlew detekt --continue
2026-04-28T19:15:56.9302076Z [36;1m./gradlew detekt --continue[0m
2026-04-28T19:15:56.9355567Z shell: /usr/bin/bash -e {0}
2026-04-28T19:15:56.9355849Z env:
2026-04-28T19:15:56.9356192Z   JAVA_HOME: /opt/hostedtoolcache/Java_Temurin-Hotspot_jdk/21.0.11-10/x64
2026-04-28T19:15:56.9356754Z   JAVA_HOME_21_X64: /opt/hostedtoolcache/Java_Temurin-Hotspot_jdk/21.0.11-10/x64
2026-04-28T19:15:56.9357229Z   GRADLE_ACTION_ID: gradle/actions/setup-gradle
2026-04-28T19:15:56.9357574Z   GRADLE_USER_HOME: /home/runner/.gradle
2026-04-28T19:15:56.9357887Z   GRADLE_BUILD_ACTION_SETUP_COMPLETED: true
2026-04-28T19:15:56.9358206Z   GRADLE_BUILD_ACTION_CACHE_RESTORED: true
2026-04-28T19:15:56.9358679Z   DEVELOCITY_INJECTION_INIT_SCRIPT_NAME: gradle-actions.inject-develocity.init.gradle
2026-04-28T19:15:56.9359192Z   DEVELOCITY_INJECTION_CUSTOM_VALUE: gradle-actions
2026-04-28T19:15:56.9359538Z   GITHUB_DEPENDENCY_GRAPH_ENABLED: false
2026-04-28T19:15:56.9359876Z ##[endgroup]
2026-04-28T19:15:57.7314281Z Configuration on demand is an incubating feature.
2026-04-28T19:15:58.1276035Z 
2026-04-28T19:15:58.1285025Z > Configure project :app
2026-04-28T19:15:58.1372461Z WARNING: The option setting 'android.builtInKotlin=false' is deprecated.
2026-04-28T19:15:58.1379846Z The current default is 'true'.
2026-04-28T19:15:58.1381205Z It will be removed in version 10.0 of the Android Gradle plugin.
2026-04-28T19:15:58.1382274Z WARNING: The option setting 'android.newDsl=false' is deprecated.
2026-04-28T19:15:58.1383453Z The current default is 'true'.
2026-04-28T19:15:58.1384348Z It will be removed in version 10.0 of the Android Gradle plugin.
2026-04-28T19:15:58.1385724Z WARNING: The option setting 'android.dependency.excludeLibraryComponentsFromConstraints=true' is deprecated.
2026-04-28T19:15:58.1387028Z The current default is 'false'.
2026-04-28T19:15:58.1387938Z It will be removed in version 10.0 of the Android Gradle plugin.
2026-04-28T19:15:58.1389002Z Following can be set instead to achieve a similar behaviour.
2026-04-28T19:15:58.1389929Z     android.dependency.useConstraints=false
2026-04-28T19:15:58.1392579Z w: ⚠️ Deprecated 'org.jetbrains.kotlin.android' plugin usage
2026-04-28T19:15:58.1394288Z The 'org.jetbrains.kotlin.android' plugin in project ':app' is no longer required for Kotlin support since AGP 9.0.
2026-04-28T19:15:58.1396018Z Solution: Remove both `android.builtInKotlin=true` and `android.newDsl=false` from `gradle.properties`, then migrate to built-in Kotlin.
2026-04-28T19:15:58.1397506Z See https://kotl.in/gradle/agp-built-in-kotlin for more details.
2026-04-28T19:15:58.1398183Z 
2026-04-28T19:16:00.0276837Z 
2026-04-28T19:16:00.0281616Z > Task :detekt-rules:checkKotlinGradlePluginConfigurationErrors SKIPPED
2026-04-28T19:16:00.1277204Z > Task :detekt-rules:compileKotlin FROM-CACHE
2026-04-28T19:16:00.1298171Z > Task :detekt-rules:compileJava NO-SOURCE
2026-04-28T19:16:00.1299253Z > Task :detekt-rules:processResources
2026-04-28T19:16:00.1300077Z > Task :detekt-rules:classes
2026-04-28T19:16:00.1300775Z > Task :detekt-rules:jar
2026-04-28T19:16:30.1276336Z > Task :app:detekt
2026-04-28T19:16:42.7704689Z gradle/actions: Writing build results to /home/runner/work/_temp/.gradle-actions/build-results/__run_3-1777403757661.json
2026-04-28T19:16:42.7713760Z 
2026-04-28T19:16:42.7714839Z [Incubating] Problems report is available at: file:///home/runner/work/prismTask/prismTask/build/reports/problems/problems-report.html
2026-04-28T19:16:42.7716070Z 
2026-04-28T19:16:42.7716834Z Deprecated Gradle features were used in this build, making it incompatible with Gradle 10.
2026-04-28T19:16:42.7717714Z 
2026-04-28T19:16:42.7718678Z You can use '--warning-mode all' to show the individual deprecation warnings and determine if they come from your own scripts or plugins.
2026-04-28T19:16:42.7719844Z 
2026-04-28T19:16:42.7721427Z For more on this, please refer to https://docs.gradle.org/9.3.1/userguide/command_line_interface.html#sec:command_line_warnings in the Gradle documentation.
2026-04-28T19:16:42.7723257Z 
2026-04-28T19:16:42.7723686Z BUILD SUCCESSFUL in 45s
2026-04-28T19:16:42.7724378Z 4 actionable tasks: 3 executed, 1 from cache
2026-04-28T19:16:42.7861558Z ##[group]Run ./gradlew lint --continue
2026-04-28T19:16:42.7861961Z [36;1m./gradlew lint --continue[0m
2026-04-28T19:16:42.7915952Z shell: /usr/bin/bash -e {0}
2026-04-28T19:16:42.7916240Z env:
2026-04-28T19:16:42.7916608Z   JAVA_HOME: /opt/hostedtoolcache/Java_Temurin-Hotspot_jdk/21.0.11-10/x64
2026-04-28T19:16:42.7917166Z   JAVA_HOME_21_X64: /opt/hostedtoolcache/Java_Temurin-Hotspot_jdk/21.0.11-10/x64
2026-04-28T19:16:42.7917618Z   GRADLE_ACTION_ID: gradle/actions/setup-gradle
2026-04-28T19:16:42.7917953Z   GRADLE_USER_HOME: /home/runner/.gradle
2026-04-28T19:16:42.7918269Z   GRADLE_BUILD_ACTION_SETUP_COMPLETED: true
2026-04-28T19:16:42.7918596Z   GRADLE_BUILD_ACTION_CACHE_RESTORED: true
2026-04-28T19:16:42.7919068Z   DEVELOCITY_INJECTION_INIT_SCRIPT_NAME: gradle-actions.inject-develocity.init.gradle
2026-04-28T19:16:42.7919575Z   DEVELOCITY_INJECTION_CUSTOM_VALUE: gradle-actions
2026-04-28T19:16:42.7919923Z   GITHUB_DEPENDENCY_GRAPH_ENABLED: false
2026-04-28T19:16:42.7920441Z ##[endgroup]
2026-04-28T19:16:43.5752265Z Configuration on demand is an incubating feature.
2026-04-28T19:16:43.8749267Z 
2026-04-28T19:16:43.8774772Z > Configure project :app
2026-04-28T19:16:43.8784184Z WARNING: The option setting 'android.builtInKotlin=false' is deprecated.
2026-04-28T19:16:43.8785517Z The current default is 'true'.
2026-04-28T19:16:43.8786428Z It will be removed in version 10.0 of the Android Gradle plugin.
2026-04-28T19:16:43.8787407Z WARNING: The option setting 'android.newDsl=false' is deprecated.
2026-04-28T19:16:43.8788316Z The current default is 'true'.
2026-04-28T19:16:43.8789103Z It will be removed in version 10.0 of the Android Gradle plugin.
2026-04-28T19:16:43.8790390Z WARNING: The option setting 'android.dependency.excludeLibraryComponentsFromConstraints=true' is deprecated.
2026-04-28T19:16:43.8791572Z The current default is 'false'.
2026-04-28T19:16:43.8792399Z It will be removed in version 10.0 of the Android Gradle plugin.
2026-04-28T19:16:43.8795124Z Following can be set instead to achieve a similar behaviour.
2026-04-28T19:16:43.8796038Z     android.dependency.useConstraints=false
2026-04-28T19:16:43.8798237Z w: ⚠️ Deprecated 'org.jetbrains.kotlin.android' plugin usage
2026-04-28T19:16:43.8800024Z The 'org.jetbrains.kotlin.android' plugin in project ':app' is no longer required for Kotlin support since AGP 9.0.
2026-04-28T19:16:43.8802125Z Solution: Remove both `android.builtInKotlin=true` and `android.newDsl=false` from `gradle.properties`, then migrate to built-in Kotlin.
2026-04-28T19:16:43.8803836Z See https://kotl.in/gradle/agp-built-in-kotlin for more details.
2026-04-28T19:16:43.8804410Z 
2026-04-28T19:16:45.0717367Z 
2026-04-28T19:16:45.0718603Z > Task :app:checkKotlinGradlePluginConfigurationErrors SKIPPED
2026-04-28T19:16:45.0719542Z > Task :app:preBuild UP-TO-DATE
2026-04-28T19:16:45.0720660Z > Task :app:preDebugBuild UP-TO-DATE
2026-04-28T19:16:45.0722003Z > Task :app:generateDebugBuildConfig FROM-CACHE
2026-04-28T19:16:45.0726476Z > Task :app:generateDebugResValues FROM-CACHE
2026-04-28T19:16:45.0727452Z > Task :app:generateDebugResources FROM-CACHE
2026-04-28T19:16:45.1719227Z > Task :app:injectCrashlyticsMappingFileIdDebug
2026-04-28T19:16:45.1742380Z > Task :app:processDebugGoogleServices FROM-CACHE
2026-04-28T19:16:45.1743554Z > Task :app:packageDebugResources FROM-CACHE
2026-04-28T19:16:45.7719195Z > Task :app:processDebugNavigationResources FROM-CACHE
2026-04-28T19:16:47.6719597Z > Task :app:parseDebugLocalResources FROM-CACHE
2026-04-28T19:16:47.6720705Z > Task :app:generateDebugRFile FROM-CACHE
2026-04-28T19:16:48.2718823Z > Task :app:kspDebugKotlin FROM-CACHE
2026-04-28T19:16:49.6718442Z > Task :app:compileDebugKotlin FROM-CACHE
2026-04-28T19:16:49.6719379Z > Task :app:javaPreCompileDebug FROM-CACHE
2026-04-28T19:16:51.5719752Z > Task :app:compileDebugJavaWithJavac FROM-CACHE
2026-04-28T19:16:51.5732017Z > Task :app:hiltSyncDebug UP-TO-DATE
2026-04-28T19:16:51.7741711Z > Task :app:hiltAggregateDepsDebug FROM-CACHE
2026-04-28T19:16:52.0730899Z > Task :app:hiltJavaCompileDebug FROM-CACHE
2026-04-28T19:16:52.1754096Z > Task :app:checkDebugAarMetadata
2026-04-28T19:16:52.1783579Z > Task :app:mapDebugSourceSetPaths
2026-04-28T19:16:52.1808306Z > Task :app:compileDebugNavigationResources FROM-CACHE
2026-04-28T19:16:52.2720056Z > Task :app:mergeDebugResources FROM-CACHE
2026-04-28T19:16:52.2726401Z > Task :app:createDebugCompatibleScreenManifests
2026-04-28T19:16:52.3721194Z > Task :app:extractDeepLinksDebug FROM-CACHE
2026-04-28T19:16:52.4725510Z > Task :app:processDebugMainManifest FROM-CACHE
2026-04-28T19:16:52.4758131Z > Task :app:processDebugManifest FROM-CACHE
2026-04-28T19:16:52.4758839Z > Task :app:processDebugManifestForPackage FROM-CACHE
2026-04-28T19:16:52.6727420Z > Task :app:processDebugResources FROM-CACHE
2026-04-28T19:16:52.6771245Z > Task :app:preDebugAndroidTestBuild SKIPPED
2026-04-28T19:16:52.6813690Z > Task :app:generateDebugAndroidTestResValues FROM-CACHE
2026-04-28T19:16:52.7741625Z > Task :app:extractProguardFiles
2026-04-28T19:16:53.1724455Z > Task :app:bundleDebugClassesToCompileJar
2026-04-28T19:16:53.4725564Z > Task :app:generateDebugLintReportModel
2026-04-28T19:16:53.7722181Z > Task :app:generateDebugAndroidTestLintModel
2026-04-28T19:16:53.7723745Z > Task :app:preDebugUnitTestBuild UP-TO-DATE
2026-04-28T19:16:53.9723090Z > Task :app:generateDebugUnitTestLintModel
2026-04-28T19:16:54.0720565Z > Task :app:lintAnalyzeDebug FROM-CACHE
2026-04-28T19:16:54.0725216Z > Task :app:lintAnalyzeDebugUnitTest FROM-CACHE
2026-04-28T19:17:23.9724102Z > Task :app:lintAnalyzeDebugAndroidTest
2026-04-28T19:17:32.4741451Z 
2026-04-28T19:17:32.4800593Z > Task :app:lintReportDebug
2026-04-28T19:17:32.4816543Z Wrote HTML report to file:///home/runner/work/prismTask/prismTask/app/build/reports/lint-results-debug.html
2026-04-28T19:17:32.5717210Z 
2026-04-28T19:17:32.5748401Z > Task :app:lintDebug
2026-04-28T19:17:32.5749214Z > Task :app:lint
2026-04-28T19:17:32.5750560Z gradle/actions: Writing build results to /home/runner/work/_temp/.gradle-actions/build-results/__run_5-1777403803506.json
2026-04-28T19:17:32.5751650Z 
2026-04-28T19:17:32.5752620Z [Incubating] Problems report is available at: file:///home/runner/work/prismTask/prismTask/build/reports/problems/problems-report.html
2026-04-28T19:17:32.5754315Z 
2026-04-28T19:17:32.5754973Z Deprecated Gradle features were used in this build, making it incompatible with Gradle 10.
2026-04-28T19:17:32.5755843Z 
2026-04-28T19:17:32.5756775Z You can use '--warning-mode all' to show the individual deprecation warnings and determine if they come from your own scripts or plugins.
2026-04-28T19:17:32.5757951Z 
2026-04-28T19:17:32.5759064Z For more on this, please refer to https://docs.gradle.org/9.3.1/userguide/command_line_interface.html#sec:command_line_warnings in the Gradle documentation.
2026-04-28T19:17:32.5760350Z 
2026-04-28T19:17:32.5760713Z BUILD SUCCESSFUL in 49s
2026-04-28T19:17:32.5761434Z 36 actionable tasks: 12 executed, 24 from cache
2026-04-28T19:17:32.6120801Z ##[group]Run ./gradlew compileDebugAndroidTestKotlin --continue
2026-04-28T19:17:32.6121669Z [36;1m./gradlew compileDebugAndroidTestKotlin --continue[0m
2026-04-28T19:17:32.6248991Z shell: /usr/bin/bash -e {0}
2026-04-28T19:17:32.6249438Z env:
2026-04-28T19:17:32.6249959Z   JAVA_HOME: /opt/hostedtoolcache/Java_Temurin-Hotspot_jdk/21.0.11-10/x64
2026-04-28T19:17:32.6250798Z   JAVA_HOME_21_X64: /opt/hostedtoolcache/Java_Temurin-Hotspot_jdk/21.0.11-10/x64
2026-04-28T19:17:32.6251534Z   GRADLE_ACTION_ID: gradle/actions/setup-gradle
2026-04-28T19:17:32.6252096Z   GRADLE_USER_HOME: /home/runner/.gradle
2026-04-28T19:17:32.6252621Z   GRADLE_BUILD_ACTION_SETUP_COMPLETED: true
2026-04-28T19:17:32.6253352Z   GRADLE_BUILD_ACTION_CACHE_RESTORED: true
2026-04-28T19:17:32.6254114Z   DEVELOCITY_INJECTION_INIT_SCRIPT_NAME: gradle-actions.inject-develocity.init.gradle
2026-04-28T19:17:32.6254957Z   DEVELOCITY_INJECTION_CUSTOM_VALUE: gradle-actions
2026-04-28T19:17:32.6255548Z   GITHUB_DEPENDENCY_GRAPH_ENABLED: false
2026-04-28T19:17:32.6255989Z ##[endgroup]
2026-04-28T19:17:33.5572474Z Configuration on demand is an incubating feature.
2026-04-28T19:17:34.2523517Z 
2026-04-28T19:17:34.2543807Z > Configure project :app
2026-04-28T19:17:34.2555467Z WARNING: The option setting 'android.builtInKotlin=false' is deprecated.
2026-04-28T19:17:34.2556303Z The current default is 'true'.
2026-04-28T19:17:34.2583590Z It will be removed in version 10.0 of the Android Gradle plugin.
2026-04-28T19:17:34.2613548Z WARNING: The option setting 'android.newDsl=false' is deprecated.
2026-04-28T19:17:34.2635734Z The current default is 'true'.
2026-04-28T19:17:34.2636532Z It will be removed in version 10.0 of the Android Gradle plugin.
2026-04-28T19:17:34.2637742Z WARNING: The option setting 'android.dependency.excludeLibraryComponentsFromConstraints=true' is deprecated.
2026-04-28T19:17:34.2638773Z The current default is 'false'.
2026-04-28T19:17:34.2643508Z It will be removed in version 10.0 of the Android Gradle plugin.
2026-04-28T19:17:34.2705468Z Following can be set instead to achieve a similar behaviour.
2026-04-28T19:17:34.2706267Z     android.dependency.useConstraints=false
2026-04-28T19:17:34.2744009Z w: ⚠️ Deprecated 'org.jetbrains.kotlin.android' plugin usage
2026-04-28T19:17:34.2745181Z The 'org.jetbrains.kotlin.android' plugin in project ':app' is no longer required for Kotlin support since AGP 9.0.
2026-04-28T19:17:34.2773989Z Solution: Remove both `android.builtInKotlin=true` and `android.newDsl=false` from `gradle.properties`, then migrate to built-in Kotlin.
2026-04-28T19:17:34.2813608Z See https://kotl.in/gradle/agp-built-in-kotlin for more details.
2026-04-28T19:17:34.2814158Z 
2026-04-28T19:17:34.4533693Z 
2026-04-28T19:17:34.4564426Z > Task :app:checkKotlinGradlePluginConfigurationErrors SKIPPED
2026-04-28T19:17:34.4581891Z > Task :app:preBuild UP-TO-DATE
2026-04-28T19:17:34.4593669Z > Task :app:preDebugBuild UP-TO-DATE
2026-04-28T19:17:34.4608384Z > Task :app:generateDebugBuildConfig UP-TO-DATE
2026-04-28T19:17:34.4617619Z > Task :app:generateDebugResValues UP-TO-DATE
2026-04-28T19:17:34.4633481Z > Task :app:generateDebugResources UP-TO-DATE
2026-04-28T19:17:34.4693825Z > Task :app:injectCrashlyticsMappingFileIdDebug UP-TO-DATE
2026-04-28T19:17:34.4723839Z > Task :app:processDebugGoogleServices UP-TO-DATE
2026-04-28T19:17:34.4753186Z > Task :app:packageDebugResources UP-TO-DATE
2026-04-28T19:17:34.6523785Z > Task :app:processDebugNavigationResources UP-TO-DATE
2026-04-28T19:17:34.6524883Z > Task :app:parseDebugLocalResources UP-TO-DATE
2026-04-28T19:17:34.6525640Z > Task :app:generateDebugRFile UP-TO-DATE
2026-04-28T19:17:34.8525667Z > Task :app:kspDebugKotlin UP-TO-DATE
2026-04-28T19:17:34.9557307Z > Task :app:compileDebugKotlin UP-TO-DATE
2026-04-28T19:17:34.9573904Z > Task :app:javaPreCompileDebug UP-TO-DATE
2026-04-28T19:17:34.9574785Z > Task :app:compileDebugJavaWithJavac UP-TO-DATE
2026-04-28T19:17:34.9575650Z > Task :app:hiltSyncDebug UP-TO-DATE
2026-04-28T19:17:34.9577068Z > Task :app:hiltAggregateDepsDebug UP-TO-DATE
2026-04-28T19:17:35.0554945Z > Task :app:hiltJavaCompileDebug UP-TO-DATE
2026-04-28T19:17:35.0611784Z > Task :app:checkDebugAarMetadata UP-TO-DATE
2026-04-28T19:17:35.0613118Z > Task :app:mapDebugSourceSetPaths UP-TO-DATE
2026-04-28T19:17:35.0614016Z > Task :app:compileDebugNavigationResources UP-TO-DATE
2026-04-28T19:17:35.0614734Z > Task :app:mergeDebugResources UP-TO-DATE
2026-04-28T19:17:35.0619093Z > Task :app:createDebugCompatibleScreenManifests UP-TO-DATE
2026-04-28T19:17:35.0620103Z > Task :app:extractDeepLinksDebug UP-TO-DATE
2026-04-28T19:17:35.0620977Z > Task :app:processDebugMainManifest UP-TO-DATE
2026-04-28T19:17:35.1529201Z > Task :app:processDebugManifest UP-TO-DATE
2026-04-28T19:17:35.1543859Z > Task :app:processDebugManifestForPackage UP-TO-DATE
2026-04-28T19:17:35.1573683Z > Task :app:processDebugResources UP-TO-DATE
2026-04-28T19:17:35.1608971Z > Task :app:bundleDebugClassesToCompileJar UP-TO-DATE
2026-04-28T19:17:35.1614365Z > Task :app:preDebugAndroidTestBuild SKIPPED
2026-04-28T19:17:35.3541842Z > Task :app:processDebugAndroidTestManifest
2026-04-28T19:17:35.3546012Z > Task :app:generateDebugAndroidTestBuildConfig FROM-CACHE
2026-04-28T19:17:35.3547349Z > Task :app:generateDebugAndroidTestResValues UP-TO-DATE
2026-04-28T19:17:35.3575080Z > Task :app:generateDebugAndroidTestResources FROM-CACHE
2026-04-28T19:17:35.3581508Z > Task :app:packageDebugAndroidTestResources FROM-CACHE
2026-04-28T19:17:35.3582646Z > Task :app:processDebugAndroidTestNavigationResources FROM-CACHE
2026-04-28T19:17:35.3587414Z > Task :app:parseDebugAndroidTestLocalResources FROM-CACHE
2026-04-28T19:17:35.3588490Z > Task :app:generateDebugAndroidTestRFile FROM-CACHE
2026-04-28T19:17:50.1523698Z > Task :app:kspDebugAndroidTestKotlin
2026-04-28T19:18:15.6583537Z 
2026-04-28T19:18:15.6644147Z > Task :app:compileDebugAndroidTestKotlin
2026-04-28T19:18:15.6689802Z w: file:///home/runner/work/prismTask/prismTask/app/src/androidTest/java/com/averycorp/prismtask/BuiltInTaskTemplateBackfillerEmulatorTest.kt:71:22 'fun setPersistenceEnabled(p0: Boolean): FirebaseFirestoreSettings.Builder' is deprecated. Deprecated in Java.
2026-04-28T19:18:15.6694772Z w: file:///home/runner/work/prismTask/prismTask/app/src/androidTest/java/com/averycorp/prismtask/CloudIdOrphanHealerEmulatorTest.kt:77:22 'fun setPersistenceEnabled(p0: Boolean): FirebaseFirestoreSettings.Builder' is deprecated. Deprecated in Java.
2026-04-28T19:18:15.6725139Z w: file:///home/runner/work/prismTask/prismTask/app/src/androidTest/java/com/averycorp/prismtask/FirebaseEmulatorSmokeTest.kt:64:22 'fun setPersistenceEnabled(p0: Boolean): FirebaseFirestoreSettings.Builder' is deprecated. Deprecated in Java.
2026-04-28T19:18:15.6754988Z w: file:///home/runner/work/prismTask/prismTask/app/src/androidTest/java/com/averycorp/prismtask/HiltTestRunner.kt:72:22 'fun setPersistenceEnabled(p0: Boolean): FirebaseFirestoreSettings.Builder' is deprecated. Deprecated in Java.
2026-04-28T19:18:15.6774822Z w: file:///home/runner/work/prismTask/prismTask/app/src/androidTest/java/com/averycorp/prismtask/smoke/RecurrenceSmokeTest.kt:75:52 Unnecessary non-null assertion (!!) on a non-null receiver of type 'Long'.
2026-04-28T19:18:15.6794370Z w: file:///home/runner/work/prismTask/prismTask/app/src/androidTest/java/com/averycorp/prismtask/sync/SyncTestHarness.kt:274:26 'fun setPersistenceEnabled(p0: Boolean): FirebaseFirestoreSettings.Builder' is deprecated. Deprecated in Java.
2026-04-28T19:18:16.7526678Z gradle/actions: Writing build results to /home/runner/work/_temp/.gradle-actions/build-results/__run_6-1777403853511.json
2026-04-28T19:18:16.8073588Z 
2026-04-28T19:18:16.8130238Z [Incubating] Problems report is available at: file:///home/runner/work/prismTask/prismTask/build/reports/problems/problems-report.html
2026-04-28T19:18:16.8131326Z 
2026-04-28T19:18:16.8183761Z Deprecated Gradle features were used in this build, making it incompatible with Gradle 10.
2026-04-28T19:18:16.8199567Z 
2026-04-28T19:18:16.8205829Z You can use '--warning-mode all' to show the individual deprecation warnings and determine if they come from your own scripts or plugins.
2026-04-28T19:18:16.8213385Z 
2026-04-28T19:18:16.8214629Z For more on this, please refer to https://docs.gradle.org/9.3.1/userguide/command_line_interface.html#sec:command_line_warnings in the Gradle documentation.
2026-04-28T19:18:16.8215899Z 
2026-04-28T19:18:16.8216315Z BUILD SUCCESSFUL in 44s
2026-04-28T19:18:16.8217053Z 36 actionable tasks: 3 executed, 6 from cache, 27 up-to-date
2026-04-28T19:18:16.8286210Z ##[group]Run set -euo pipefail
2026-04-28T19:18:16.8286801Z [36;1mset -euo pipefail[0m
2026-04-28T19:18:16.8287300Z [36;1mshopt -s globstar nullglob[0m
2026-04-28T19:18:16.8287874Z [36;1mxmls=(app/build/test-results/**/*.xml)[0m
2026-04-28T19:18:16.8288462Z [36;1mif [ ${#xmls[@]} -eq 0 ]; then[0m
2026-04-28T19:18:16.8289344Z [36;1m  echo "::error::No JUnit XML results found under app/build/test-results/. Did the test task run?"[0m
2026-04-28T19:18:16.8290193Z [36;1m  exit 1[0m
2026-04-28T19:18:16.8290569Z [36;1mfi[0m
2026-04-28T19:18:16.8290994Z [36;1mfailed=0[0m
2026-04-28T19:18:16.8291390Z [36;1mfor f in "${xmls[@]}"; do[0m
2026-04-28T19:18:16.8292123Z [36;1m  fails=$(grep -oE 'failures="[0-9]+"' "$f" | head -n1 | grep -oE '[0-9]+' || echo 0)[0m
2026-04-28T19:18:16.8323603Z [36;1m  errs=$(grep -oE 'errors="[0-9]+"' "$f" | head -n1 | grep -oE '[0-9]+' || echo 0)[0m
2026-04-28T19:18:16.8324567Z [36;1m  if [ "${fails:-0}" -gt 0 ] || [ "${errs:-0}" -gt 0 ]; then[0m
2026-04-28T19:18:16.8325384Z [36;1m    echo "::error file=${f}::${fails} failure(s), ${errs} error(s) in ${f}"[0m
2026-04-28T19:18:16.8326160Z [36;1m    failed=$((failed + fails + errs))[0m
2026-04-28T19:18:16.8326689Z [36;1m  fi[0m
2026-04-28T19:18:16.8327053Z [36;1mdone[0m
2026-04-28T19:18:16.8327434Z [36;1mif [ "$failed" -gt 0 ]; then[0m
2026-04-28T19:18:16.8328394Z [36;1m  echo "::error::${failed} unit-test failure(s)/error(s) detected. See annotations and the test-results artifact."[0m
2026-04-28T19:18:16.8329315Z [36;1m  exit 1[0m
2026-04-28T19:18:16.8329967Z [36;1mfi[0m
2026-04-28T19:18:16.8330435Z [36;1mecho "All ${#xmls[@]} JUnit XML reports clean."[0m
2026-04-28T19:18:16.8407615Z shell: /usr/bin/bash --noprofile --norc -e -o pipefail {0}
2026-04-28T19:18:16.8408219Z env:
2026-04-28T19:18:16.8408786Z   JAVA_HOME: /opt/hostedtoolcache/Java_Temurin-Hotspot_jdk/21.0.11-10/x64
2026-04-28T19:18:16.8409720Z   JAVA_HOME_21_X64: /opt/hostedtoolcache/Java_Temurin-Hotspot_jdk/21.0.11-10/x64
2026-04-28T19:18:16.8410531Z   GRADLE_ACTION_ID: gradle/actions/setup-gradle
2026-04-28T19:18:16.8411116Z   GRADLE_USER_HOME: /home/runner/.gradle
2026-04-28T19:18:16.8411665Z   GRADLE_BUILD_ACTION_SETUP_COMPLETED: true
2026-04-28T19:18:16.8412222Z   GRADLE_BUILD_ACTION_CACHE_RESTORED: true
2026-04-28T19:18:16.8413334Z   DEVELOCITY_INJECTION_INIT_SCRIPT_NAME: gradle-actions.inject-develocity.init.gradle
2026-04-28T19:18:16.8414239Z   DEVELOCITY_INJECTION_CUSTOM_VALUE: gradle-actions
2026-04-28T19:18:16.8414839Z   GITHUB_DEPENDENCY_GRAPH_ENABLED: false
2026-04-28T19:18:16.8415357Z ##[endgroup]
2026-04-28T19:18:17.6921241Z All 170 JUnit XML reports clean.
2026-04-28T19:18:17.6977032Z ##[group]Run actions/upload-artifact@v4
2026-04-28T19:18:17.6977373Z with:
2026-04-28T19:18:17.6977588Z   name: lint-report
2026-04-28T19:18:17.6977876Z   path: app/build/reports/lint-results-debug.html
2026-04-28T19:18:17.6978200Z   retention-days: 7
2026-04-28T19:18:17.6978439Z   if-no-files-found: warn
2026-04-28T19:18:17.6978701Z   compression-level: 6
2026-04-28T19:18:17.6978940Z   overwrite: false
2026-04-28T19:18:17.6979179Z   include-hidden-files: false
2026-04-28T19:18:17.6979437Z env:
2026-04-28T19:18:17.6979754Z   JAVA_HOME: /opt/hostedtoolcache/Java_Temurin-Hotspot_jdk/21.0.11-10/x64
2026-04-28T19:18:17.6980270Z   JAVA_HOME_21_X64: /opt/hostedtoolcache/Java_Temurin-Hotspot_jdk/21.0.11-10/x64
2026-04-28T19:18:17.6980717Z   GRADLE_ACTION_ID: gradle/actions/setup-gradle
2026-04-28T19:18:17.6981046Z   GRADLE_USER_HOME: /home/runner/.gradle
2026-04-28T19:18:17.6981358Z   GRADLE_BUILD_ACTION_SETUP_COMPLETED: true
2026-04-28T19:18:17.6981717Z   GRADLE_BUILD_ACTION_CACHE_RESTORED: true
2026-04-28T19:18:17.6982179Z   DEVELOCITY_INJECTION_INIT_SCRIPT_NAME: gradle-actions.inject-develocity.init.gradle
2026-04-28T19:18:17.6982675Z   DEVELOCITY_INJECTION_CUSTOM_VALUE: gradle-actions
2026-04-28T19:18:17.6983249Z   GITHUB_DEPENDENCY_GRAPH_ENABLED: false
2026-04-28T19:18:17.6983551Z ##[endgroup]
2026-04-28T19:18:17.9216472Z With the provided path, there will be 1 file uploaded
2026-04-28T19:18:17.9221698Z Artifact name is valid!
2026-04-28T19:18:17.9223385Z Root directory input is valid!
2026-04-28T19:18:18.3261218Z Beginning upload of artifact content to blob storage
2026-04-28T19:18:18.6811457Z Uploaded bytes 39884
2026-04-28T19:18:18.7547748Z Finished uploading artifact content to blob storage!
2026-04-28T19:18:18.7550663Z SHA256 digest of uploaded artifact zip is 91ec6c4102dd010052c1c105d0276459d831733f76c49b17d7b4fc9857b29bf0
2026-04-28T19:18:18.7552619Z Finalizing artifact upload
2026-04-28T19:18:18.9668176Z Artifact lint-report.zip successfully finalized. Artifact ID 6692750314
2026-04-28T19:18:18.9669529Z Artifact lint-report has been successfully uploaded! Final size is 39884 bytes. Artifact ID is 6692750314
2026-04-28T19:18:18.9677403Z Artifact download URL: https://github.com/averycorp/prismTask/actions/runs/25072666525/artifacts/6692750314
2026-04-28T19:18:18.9796545Z ##[group]Run actions/upload-artifact@v4
2026-04-28T19:18:18.9796880Z with:
2026-04-28T19:18:18.9797099Z   name: detekt-report
2026-04-28T19:18:18.9797365Z   path: app/build/reports/detekt/
2026-04-28T19:18:18.9797656Z   retention-days: 7
2026-04-28T19:18:18.9797905Z   if-no-files-found: warn
2026-04-28T19:18:18.9798172Z   compression-level: 6
2026-04-28T19:18:18.9798419Z   overwrite: false
2026-04-28T19:18:18.9798660Z   include-hidden-files: false
2026-04-28T19:18:18.9798925Z env:
2026-04-28T19:18:18.9799260Z   JAVA_HOME: /opt/hostedtoolcache/Java_Temurin-Hotspot_jdk/21.0.11-10/x64
2026-04-28T19:18:18.9799844Z   JAVA_HOME_21_X64: /opt/hostedtoolcache/Java_Temurin-Hotspot_jdk/21.0.11-10/x64
2026-04-28T19:18:18.9800541Z   GRADLE_ACTION_ID: gradle/actions/setup-gradle
2026-04-28T19:18:18.9800878Z   GRADLE_USER_HOME: /home/runner/.gradle
2026-04-28T19:18:18.9801221Z   GRADLE_BUILD_ACTION_SETUP_COMPLETED: true
2026-04-28T19:18:18.9801542Z   GRADLE_BUILD_ACTION_CACHE_RESTORED: true
2026-04-28T19:18:18.9802037Z   DEVELOCITY_INJECTION_INIT_SCRIPT_NAME: gradle-actions.inject-develocity.init.gradle
2026-04-28T19:18:18.9802549Z   DEVELOCITY_INJECTION_CUSTOM_VALUE: gradle-actions
2026-04-28T19:18:18.9803268Z   GITHUB_DEPENDENCY_GRAPH_ENABLED: false
2026-04-28T19:18:18.9803603Z ##[endgroup]
2026-04-28T19:18:19.1973988Z With the provided path, there will be 2 files uploaded
2026-04-28T19:18:19.1979005Z Artifact name is valid!
2026-04-28T19:18:19.1980419Z Root directory input is valid!
2026-04-28T19:18:19.4974890Z Beginning upload of artifact content to blob storage
2026-04-28T19:18:19.8088740Z Uploaded bytes 4194
2026-04-28T19:18:19.8894364Z Finished uploading artifact content to blob storage!
2026-04-28T19:18:19.8897670Z SHA256 digest of uploaded artifact zip is b932151bdd4d4333693083570d5bc07c2b93123623131b3f937d25c11e134fe0
2026-04-28T19:18:19.8899004Z Finalizing artifact upload
2026-04-28T19:18:20.0934689Z Artifact detekt-report.zip successfully finalized. Artifact ID 6692750666
2026-04-28T19:18:20.0935906Z Artifact detekt-report has been successfully uploaded! Final size is 4194 bytes. Artifact ID is 6692750666
2026-04-28T19:18:20.0942124Z Artifact download URL: https://github.com/averycorp/prismTask/actions/runs/25072666525/artifacts/6692750666
2026-04-28T19:18:20.1058807Z ##[group]Run actions/upload-artifact@v4
2026-04-28T19:18:20.1059145Z with:
2026-04-28T19:18:20.1059373Z   name: test-results
2026-04-28T19:18:20.1059643Z   path: app/build/test-results/
2026-04-28T19:18:20.1059927Z   retention-days: 7
2026-04-28T19:18:20.1060174Z   if-no-files-found: warn
2026-04-28T19:18:20.1060442Z   compression-level: 6
2026-04-28T19:18:20.1060688Z   overwrite: false
2026-04-28T19:18:20.1060949Z   include-hidden-files: false
2026-04-28T19:18:20.1061218Z env:
2026-04-28T19:18:20.1061555Z   JAVA_HOME: /opt/hostedtoolcache/Java_Temurin-Hotspot_jdk/21.0.11-10/x64
2026-04-28T19:18:20.1062086Z   JAVA_HOME_21_X64: /opt/hostedtoolcache/Java_Temurin-Hotspot_jdk/21.0.11-10/x64
2026-04-28T19:18:20.1062545Z   GRADLE_ACTION_ID: gradle/actions/setup-gradle
2026-04-28T19:18:20.1063160Z   GRADLE_USER_HOME: /home/runner/.gradle
2026-04-28T19:18:20.1063487Z   GRADLE_BUILD_ACTION_SETUP_COMPLETED: true
2026-04-28T19:18:20.1063813Z   GRADLE_BUILD_ACTION_CACHE_RESTORED: true
2026-04-28T19:18:20.1064315Z   DEVELOCITY_INJECTION_INIT_SCRIPT_NAME: gradle-actions.inject-develocity.init.gradle
2026-04-28T19:18:20.1064822Z   DEVELOCITY_INJECTION_CUSTOM_VALUE: gradle-actions
2026-04-28T19:18:20.1065170Z   GITHUB_DEPENDENCY_GRAPH_ENABLED: false
2026-04-28T19:18:20.1065468Z ##[endgroup]
2026-04-28T19:18:20.3538684Z With the provided path, there will be 172 files uploaded
2026-04-28T19:18:20.3544464Z Artifact name is valid!
2026-04-28T19:18:20.3545689Z Root directory input is valid!
2026-04-28T19:18:20.6721666Z Beginning upload of artifact content to blob storage
2026-04-28T19:18:21.3462150Z Uploaded bytes 174617
2026-04-28T19:18:21.4369082Z Finished uploading artifact content to blob storage!
2026-04-28T19:18:21.4372897Z SHA256 digest of uploaded artifact zip is 4943da84adf42248e994a617d7ef924d88f10d0fcd0faf5436bb0cad92dbe080
2026-04-28T19:18:21.4375508Z Finalizing artifact upload
2026-04-28T19:18:21.6139482Z Artifact test-results.zip successfully finalized. Artifact ID 6692751181
2026-04-28T19:18:21.6140889Z Artifact test-results has been successfully uploaded! Final size is 174617 bytes. Artifact ID is 6692751181
2026-04-28T19:18:21.6148846Z Artifact download URL: https://github.com/averycorp/prismTask/actions/runs/25072666525/artifacts/6692751181
2026-04-28T19:18:21.6299751Z Post job cleanup.
2026-04-28T19:18:21.6390627Z Post job cleanup.
2026-04-28T19:18:21.9583848Z In post-action step
2026-04-28T19:18:21.9598157Z ##[group]Stopping Gradle daemons
2026-04-28T19:18:21.9599228Z Stopping Gradle daemons for /home/runner/.gradle/wrapper/dists/gradle-9.3.1-bin/23ovyewtku6u96viwx3xl3oks/gradle-9.3.1
2026-04-28T19:18:21.9617939Z [command]/home/runner/.gradle/wrapper/dists/gradle-9.3.1-bin/23ovyewtku6u96viwx3xl3oks/gradle-9.3.1/bin/gradle --stop
2026-04-28T19:18:22.5974234Z Stopping Daemon(s)
2026-04-28T19:18:22.5977257Z 1 Daemon stopped
2026-04-28T19:18:22.6134418Z ##[endgroup]
2026-04-28T19:18:22.6163782Z Not performing cache-cleanup due to build failure
2026-04-28T19:18:22.6165244Z ##[group]Caching Gradle state
2026-04-28T19:18:27.5141017Z [command]/usr/bin/tar --posix -cf cache.tzst --exclude cache.tzst -P -C /home/runner/work/prismTask/prismTask --files-from manifest.txt --use-compress-program zstdmt
2026-04-28T19:18:29.2993652Z Sent 18874368 of 129654074 (14.6%), 18.0 MBs/sec
2026-04-28T19:18:30.2991574Z Sent 79626240 of 129654074 (61.4%), 38.0 MBs/sec
2026-04-28T19:18:31.2992665Z Sent 129654074 of 129654074 (100.0%), 41.2 MBs/sec
2026-04-28T19:18:31.8549214Z Saved cache entry with key gradle-home-v1|Linux-X64|lint-and-test[5df42585ae8f8da228c604b8b4e8707c]-c03ca3fc35b5c619a5d268435132e6d85c494392 from /home/runner/.gradle/caches,/home/runner/.gradle/notifications,/home/runner/.gradle/.setup-gradle in 4357ms
2026-04-28T19:18:31.8551611Z ##[endgroup]
2026-04-28T19:18:31.8557413Z Generating Job Summary
2026-04-28T19:18:31.8572427Z Completed post-action step
2026-04-28T19:18:31.8782102Z Post job cleanup.
2026-04-28T19:18:32.0569934Z Post job cleanup.
2026-04-28T19:18:32.1550602Z [command]/usr/bin/git version
2026-04-28T19:18:32.1586128Z git version 2.54.0
2026-04-28T19:18:32.1629738Z Temporarily overriding HOME='/home/runner/work/_temp/e03e6c43-41d1-4e69-96c8-e14f2e15b893' before making global git config changes
2026-04-28T19:18:32.1630702Z Adding repository directory to the temporary git global config as a safe directory
2026-04-28T19:18:32.1635328Z [command]/usr/bin/git config --global --add safe.directory /home/runner/work/prismTask/prismTask
2026-04-28T19:18:32.1674078Z [command]/usr/bin/git config --local --name-only --get-regexp core\.sshCommand
2026-04-28T19:18:32.1705686Z [command]/usr/bin/git submodule foreach --recursive sh -c "git config --local --name-only --get-regexp 'core\.sshCommand' && git config --local --unset-all 'core.sshCommand' || :"
2026-04-28T19:18:32.1926203Z [command]/usr/bin/git config --local --name-only --get-regexp http\.https\:\/\/github\.com\/\.extraheader
2026-04-28T19:18:32.1958131Z http.https://github.com/.extraheader
2026-04-28T19:18:32.1969892Z [command]/usr/bin/git config --local --unset-all http.https://github.com/.extraheader
2026-04-28T19:18:32.1998948Z [command]/usr/bin/git submodule foreach --recursive sh -c "git config --local --name-only --get-regexp 'http\.https\:\/\/github\.com\/\.extraheader' && git config --local --unset-all 'http.https://github.com/.extraheader' || :"
2026-04-28T19:18:32.2218918Z [command]/usr/bin/git config --local --name-only --get-regexp ^includeIf\.gitdir:
2026-04-28T19:18:32.2249320Z [command]/usr/bin/git submodule foreach --recursive git config --local --show-origin --name-only --get-regexp remote.origin.url
2026-04-28T19:18:32.2577814Z Cleaning up orphan processes
2026-04-28T19:18:32.2860672Z ##[warning]Node.js 20 actions are deprecated. The following actions are running on Node.js 20 and may not work as expected: actions/cache@v4, actions/checkout@v4, actions/setup-java@v4, actions/upload-artifact@v4, dorny/paths-filter@v3, gradle/actions/setup-gradle@v4. Actions will be forced to run with Node.js 24 by default starting June 2nd, 2026. Node.js 20 will be removed from the runner on September 16th, 2026. Please check if updated versions of these actions are available that support Node.js 24. To opt into Node.js 24 now, set the FORCE_JAVASCRIPT_ACTIONS_TO_NODE24=true environment variable on the runner or in your workflow file. Once Node.js 24 becomes the default, you can temporarily opt out by setting ACTIONS_ALLOW_USE_UNSECURE_NODE_VERSION=true. For more information see: https://github.blog/changelog/2025-09-19-deprecation-of-node-20-on-github-actions-runners/
