=== CI FAILURE ===
Workflow:      Android CI
Workflow file: akarlin3/prismTask/.github/workflows/android-ci.yml@refs/pull/689/merge
Job(s):        lint-and-test
Run ID:        24815117248
Run attempt:   1
Run URL:       https://github.com/akarlin3/prismTask/actions/runs/24815117248
Commit:        ae8a1ffa61d84cca88ecfec650d61788824e5baa
Branch:        689/merge
Event:         pull_request
Actor:         akarlin3
Runner OS:     Linux
Timestamp:     2026-04-23T03:31:51.207Z

Failed steps:
  - lint-and-test: #2 Run actions/checkout@v4 | #5 detekt | #6 Android lint | #8 Verify unit-test results (XML) | #9 Post failure details to PR

=== FAILED JOB LOG ===

--- Job: lint-and-test (id 72628021231) ---
2026-04-23T03:31:17.2850342Z Current runner version: '2.333.1'
2026-04-23T03:31:17.2882987Z ##[group]Runner Image Provisioner
2026-04-23T03:31:17.2884755Z Hosted Compute Agent
2026-04-23T03:31:17.2885778Z Version: 20260213.493
2026-04-23T03:31:17.2886759Z Commit: 5c115507f6dd24b8de37d8bbe0bb4509d0cc0fa3
2026-04-23T03:31:17.2888039Z Build Date: 2026-02-13T00:28:41Z
2026-04-23T03:31:17.2889039Z Worker ID: {7d67436c-3e21-4f32-b5b3-1e3fca3b4403}
2026-04-23T03:31:17.2890504Z Azure Region: northcentralus
2026-04-23T03:31:17.2891532Z ##[endgroup]
2026-04-23T03:31:17.2893488Z ##[group]Operating System
2026-04-23T03:31:17.2894280Z Ubuntu
2026-04-23T03:31:17.2894971Z 24.04.4
2026-04-23T03:31:17.2895595Z LTS
2026-04-23T03:31:17.2896295Z ##[endgroup]
2026-04-23T03:31:17.2897096Z ##[group]Runner Image
2026-04-23T03:31:17.2897888Z Image: ubuntu-24.04
2026-04-23T03:31:17.2898606Z Version: 20260413.86.1
2026-04-23T03:31:17.2900661Z Included Software: https://github.com/actions/runner-images/blob/ubuntu24/20260413.86/images/ubuntu/Ubuntu2404-Readme.md
2026-04-23T03:31:17.2902873Z Image Release: https://github.com/actions/runner-images/releases/tag/ubuntu24%2F20260413.86
2026-04-23T03:31:17.2904360Z ##[endgroup]
2026-04-23T03:31:17.2906208Z ##[group]GITHUB_TOKEN Permissions
2026-04-23T03:31:17.2908993Z Actions: read
2026-04-23T03:31:17.2910090Z Checks: read
2026-04-23T03:31:17.2910951Z Contents: write
2026-04-23T03:31:17.2911816Z Metadata: read
2026-04-23T03:31:17.2912716Z PullRequests: read
2026-04-23T03:31:17.2913523Z ##[endgroup]
2026-04-23T03:31:17.2915905Z Secret source: Actions
2026-04-23T03:31:17.2917609Z Prepare workflow directory
2026-04-23T03:31:17.3289022Z Prepare all required actions
2026-04-23T03:31:17.3343300Z Getting action download info
2026-04-23T03:31:17.6946671Z Download action repository 'actions/checkout@v4' (SHA:34e114876b0b11c390a56381ad16ebd13914f8d5)
2026-04-23T03:31:17.8114809Z Download action repository 'actions/github-script@v7' (SHA:f28e40c7f34bde8b3046d885e986cb6290c5673b)
2026-04-23T03:31:18.1827922Z Download action repository 'actions/upload-artifact@v4' (SHA:ea165f8d65b6e75b540449e92b4886f43607fa02)
2026-04-23T03:31:18.4071209Z Complete job name: lint-and-test
2026-04-23T03:31:18.4831486Z ##[group]Run actions/checkout@v4
2026-04-23T03:31:18.4832326Z with:
2026-04-23T03:31:18.4832741Z   ref: fix/integration-ci-7-failures
2026-04-23T03:31:18.4833294Z   repository: akarlin3/prismTask
2026-04-23T03:31:18.4833960Z   token: ***
2026-04-23T03:31:18.4834342Z   ssh-strict: true
2026-04-23T03:31:18.4834791Z   ssh-user: git
2026-04-23T03:31:18.4835212Z   persist-credentials: true
2026-04-23T03:31:18.4835689Z   clean: true
2026-04-23T03:31:18.4836112Z   sparse-checkout-cone-mode: true
2026-04-23T03:31:18.4836614Z   fetch-depth: 1
2026-04-23T03:31:18.4837014Z   fetch-tags: false
2026-04-23T03:31:18.4837415Z   show-progress: true
2026-04-23T03:31:18.4837828Z   lfs: false
2026-04-23T03:31:18.4838192Z   submodules: false
2026-04-23T03:31:18.4838610Z   set-safe-directory: true
2026-04-23T03:31:18.4839271Z ##[endgroup]
2026-04-23T03:31:18.5883681Z Syncing repository: akarlin3/prismTask
2026-04-23T03:31:18.5885582Z ##[group]Getting Git version info
2026-04-23T03:31:18.5886498Z Working directory is '/home/runner/work/prismTask/prismTask'
2026-04-23T03:31:18.5887612Z [command]/usr/bin/git version
2026-04-23T03:31:18.5923751Z git version 2.53.0
2026-04-23T03:31:18.5948198Z ##[endgroup]
2026-04-23T03:31:18.5960610Z Temporarily overriding HOME='/home/runner/work/_temp/d732cb5b-9233-4d92-bde0-9e801a8acda5' before making global git config changes
2026-04-23T03:31:18.5962172Z Adding repository directory to the temporary git global config as a safe directory
2026-04-23T03:31:18.5965218Z [command]/usr/bin/git config --global --add safe.directory /home/runner/work/prismTask/prismTask
2026-04-23T03:31:18.5995146Z Deleting the contents of '/home/runner/work/prismTask/prismTask'
2026-04-23T03:31:18.5998561Z ##[group]Initializing the repository
2026-04-23T03:31:18.6002867Z [command]/usr/bin/git init /home/runner/work/prismTask/prismTask
2026-04-23T03:31:18.6087421Z hint: Using 'master' as the name for the initial branch. This default branch name
2026-04-23T03:31:18.6090576Z hint: will change to "main" in Git 3.0. To configure the initial branch name
2026-04-23T03:31:18.6092836Z hint: to use in all of your new repositories, which will suppress this warning,
2026-04-23T03:31:18.6094307Z hint: call:
2026-04-23T03:31:18.6094984Z hint:
2026-04-23T03:31:18.6095851Z hint: 	git config --global init.defaultBranch <name>
2026-04-23T03:31:18.6096918Z hint:
2026-04-23T03:31:18.6097891Z hint: Names commonly chosen instead of 'master' are 'main', 'trunk' and
2026-04-23T03:31:18.6099986Z hint: 'development'. The just-created branch can be renamed via this command:
2026-04-23T03:31:18.6101468Z hint:
2026-04-23T03:31:18.6102156Z hint: 	git branch -m <name>
2026-04-23T03:31:18.6102944Z hint:
2026-04-23T03:31:18.6103992Z hint: Disable this message with "git config set advice.defaultBranchName false"
2026-04-23T03:31:18.6105907Z Initialized empty Git repository in /home/runner/work/prismTask/prismTask/.git/
2026-04-23T03:31:18.6108117Z [command]/usr/bin/git remote add origin https://github.com/akarlin3/prismTask
2026-04-23T03:31:18.6129262Z ##[endgroup]
2026-04-23T03:31:18.6130726Z ##[group]Disabling automatic garbage collection
2026-04-23T03:31:18.6134238Z [command]/usr/bin/git config --local gc.auto 0
2026-04-23T03:31:18.6162204Z ##[endgroup]
2026-04-23T03:31:18.6163556Z ##[group]Setting up auth
2026-04-23T03:31:18.6170048Z [command]/usr/bin/git config --local --name-only --get-regexp core\.sshCommand
2026-04-23T03:31:18.6200799Z [command]/usr/bin/git submodule foreach --recursive sh -c "git config --local --name-only --get-regexp 'core\.sshCommand' && git config --local --unset-all 'core.sshCommand' || :"
2026-04-23T03:31:18.6458958Z [command]/usr/bin/git config --local --name-only --get-regexp http\.https\:\/\/github\.com\/\.extraheader
2026-04-23T03:31:18.6487738Z [command]/usr/bin/git submodule foreach --recursive sh -c "git config --local --name-only --get-regexp 'http\.https\:\/\/github\.com\/\.extraheader' && git config --local --unset-all 'http.https://github.com/.extraheader' || :"
2026-04-23T03:31:18.6697610Z [command]/usr/bin/git config --local --name-only --get-regexp ^includeIf\.gitdir:
2026-04-23T03:31:18.6725853Z [command]/usr/bin/git submodule foreach --recursive git config --local --show-origin --name-only --get-regexp remote.origin.url
2026-04-23T03:31:18.6943965Z [command]/usr/bin/git config --local http.https://github.com/.extraheader AUTHORIZATION: basic ***
2026-04-23T03:31:18.6975140Z ##[endgroup]
2026-04-23T03:31:18.6976058Z ##[group]Fetching the repository
2026-04-23T03:31:18.6985246Z [command]/usr/bin/git -c protocol.version=2 fetch --no-tags --prune --no-recurse-submodules --depth=1 origin +refs/heads/fix/integration-ci-7-failures*:refs/remotes/origin/fix/integration-ci-7-failures* +refs/tags/fix/integration-ci-7-failures*:refs/tags/fix/integration-ci-7-failures*
2026-04-23T03:31:18.9265812Z The process '/usr/bin/git' failed with exit code 1
2026-04-23T03:31:28.9278908Z Waiting 10 seconds before trying again
2026-04-23T03:31:28.9281383Z [command]/usr/bin/git -c protocol.version=2 fetch --no-tags --prune --no-recurse-submodules --depth=1 origin +refs/heads/fix/integration-ci-7-failures*:refs/remotes/origin/fix/integration-ci-7-failures* +refs/tags/fix/integration-ci-7-failures*:refs/tags/fix/integration-ci-7-failures*
2026-04-23T03:31:29.1324019Z The process '/usr/bin/git' failed with exit code 1
2026-04-23T03:31:29.1324537Z Waiting 11 seconds before trying again
2026-04-23T03:31:40.1337822Z [command]/usr/bin/git -c protocol.version=2 fetch --no-tags --prune --no-recurse-submodules --depth=1 origin +refs/heads/fix/integration-ci-7-failures*:refs/remotes/origin/fix/integration-ci-7-failures* +refs/tags/fix/integration-ci-7-failures*:refs/tags/fix/integration-ci-7-failures*
2026-04-23T03:31:40.3422306Z ##[error]The process '/usr/bin/git' failed with exit code 1
2026-04-23T03:31:40.3639588Z ##[group]Run ./gradlew detekt --continue
2026-04-23T03:31:40.3640250Z [36;1m./gradlew detekt --continue[0m
2026-04-23T03:31:40.3665923Z shell: /usr/bin/bash -e {0}
2026-04-23T03:31:40.3666243Z ##[endgroup]
2026-04-23T03:31:40.3733060Z /home/runner/work/_temp/336f3677-d518-4ee8-8e5d-51513b6e4b28.sh: line 1: ./gradlew: No such file or directory
2026-04-23T03:31:40.3740741Z ##[error]Process completed with exit code 127.
2026-04-23T03:31:40.3773906Z ##[group]Run ./gradlew lint --continue
2026-04-23T03:31:40.3774261Z [36;1m./gradlew lint --continue[0m
2026-04-23T03:31:40.3794704Z shell: /usr/bin/bash -e {0}
2026-04-23T03:31:40.3795020Z ##[endgroup]
2026-04-23T03:31:40.3836420Z /home/runner/work/_temp/6f5ee4a7-1787-4d47-bfe3-cbe16e3b536d.sh: line 1: ./gradlew: No such file or directory
2026-04-23T03:31:40.3840874Z ##[error]Process completed with exit code 127.
2026-04-23T03:31:40.3876692Z ##[group]Run set -euo pipefail
2026-04-23T03:31:40.3877046Z [36;1mset -euo pipefail[0m
2026-04-23T03:31:40.3877330Z [36;1mshopt -s globstar nullglob[0m
2026-04-23T03:31:40.3877652Z [36;1mxmls=(app/build/test-results/**/*.xml)[0m
2026-04-23T03:31:40.3878006Z [36;1mif [ ${#xmls[@]} -eq 0 ]; then[0m
2026-04-23T03:31:40.3878481Z [36;1m  echo "::error::No JUnit XML results found under app/build/test-results/. Did the test task run?"[0m
2026-04-23T03:31:40.3878953Z [36;1m  exit 1[0m
2026-04-23T03:31:40.3879168Z [36;1mfi[0m
2026-04-23T03:31:40.3879372Z [36;1mfailed=0[0m
2026-04-23T03:31:40.3879598Z [36;1mfor f in "${xmls[@]}"; do[0m
2026-04-23T03:31:40.3880292Z [36;1m  fails=$(grep -oE 'failures="[0-9]+"' "$f" | head -n1 | grep -oE '[0-9]+' || echo 0)[0m
2026-04-23T03:31:40.3880853Z [36;1m  errs=$(grep -oE 'errors="[0-9]+"' "$f" | head -n1 | grep -oE '[0-9]+' || echo 0)[0m
2026-04-23T03:31:40.3881383Z [36;1m  if [ "${fails:-0}" -gt 0 ] || [ "${errs:-0}" -gt 0 ]; then[0m
2026-04-23T03:31:40.3881833Z [36;1m    echo "::error file=${f}::${fails} failure(s), ${errs} error(s) in ${f}"[0m
2026-04-23T03:31:40.3882255Z [36;1m    failed=$((failed + fails + errs))[0m
2026-04-23T03:31:40.3882535Z [36;1m  fi[0m
2026-04-23T03:31:40.3882750Z [36;1mdone[0m
2026-04-23T03:31:40.3882963Z [36;1mif [ "$failed" -gt 0 ]; then[0m
2026-04-23T03:31:40.3883496Z [36;1m  echo "::error::${failed} unit-test failure(s)/error(s) detected. See annotations and the test-results artifact."[0m
2026-04-23T03:31:40.3884021Z [36;1m  exit 1[0m
2026-04-23T03:31:40.3884230Z [36;1mfi[0m
2026-04-23T03:31:40.3884485Z [36;1mecho "All ${#xmls[@]} JUnit XML reports clean."[0m
2026-04-23T03:31:40.3907557Z shell: /usr/bin/bash --noprofile --norc -e -o pipefail {0}
2026-04-23T03:31:40.3908168Z ##[endgroup]
2026-04-23T03:31:40.3955979Z ##[error]No JUnit XML results found under app/build/test-results/. Did the test task run?
2026-04-23T03:31:40.3958083Z ##[error]Process completed with exit code 1.
2026-04-23T03:31:40.4046531Z ##[group]Run actions/github-script@v7
2026-04-23T03:31:40.4046866Z with:
2026-04-23T03:31:40.4049541Z   script: const fs = require('fs');
let body = '### CI Unit Test Failure\n\n';
try {
  const raw = fs.readFileSync('unit-test-output.log', 'utf8');
  const lines = raw.split('\n');
  const errorLines = lines.filter(l =>
    /\be:\b|FAILED|Compilation error|Unresolved reference|not abstract|does not implement/.test(l)
  );
  const tail = lines.slice(-30).join('\n');
  const errors = errorLines.length > 0
    ? errorLines.join('\n')
    : 'No specific error lines matched. Last 30 lines shown.';
  body += '**Error lines:**\n```\n' + errors.slice(0, 2000) + '\n```\n';
  body += '\n**Build tail:**\n```\n' + tail.slice(0, 2000) + '\n```';
} catch (e) {
  body += 'Could not read unit-test-output.log: ' + e.message;
}
await github.rest.issues.createComment({
  owner: context.repo.owner,
  repo: context.repo.repo,
  issue_number: context.issue.number,
  body
});

2026-04-23T03:31:40.4052760Z   github-token: ***
2026-04-23T03:31:40.4053001Z   debug: false
2026-04-23T03:31:40.4053241Z   user-agent: actions/github-script
2026-04-23T03:31:40.4053530Z   result-encoding: json
2026-04-23T03:31:40.4053769Z   retries: 0
2026-04-23T03:31:40.4054195Z   retry-exempt-status-codes: 400,401,403,404,422
2026-04-23T03:31:40.4054515Z ##[endgroup]
2026-04-23T03:31:40.7110908Z RequestError [HttpError]: Resource not accessible by integration
2026-04-23T03:31:40.7111995Z     at /home/runner/work/_actions/actions/github-script/v7/dist/index.js:9537:21
2026-04-23T03:31:40.7113076Z     at process.processTicksAndRejections (node:internal/process/task_queues:95:5)
2026-04-23T03:31:40.7114539Z     at async eval (eval at callAsyncFunction (/home/runner/work/_actions/actions/github-script/v7/dist/index.js:36187:16), <anonymous>:20:1)
2026-04-23T03:31:40.7115810Z     at async main (/home/runner/work/_actions/actions/github-script/v7/dist/index.js:36285:20) {
2026-04-23T03:31:40.7116292Z   status: 403,
2026-04-23T03:31:40.7116541Z   response: {
2026-04-23T03:31:40.7116944Z     url: 'https://api.github.com/repos/akarlin3/prismTask/issues/689/comments',
2026-04-23T03:31:40.7117370Z     status: 403,
2026-04-23T03:31:40.7117587Z     headers: {
2026-04-23T03:31:40.7117848Z       'access-control-allow-origin': '*',
2026-04-23T03:31:40.7119220Z       'access-control-expose-headers': 'ETag, Link, Location, Retry-After, X-GitHub-OTP, X-RateLimit-Limit, X-RateLimit-Remaining, X-RateLimit-Used, X-RateLimit-Resource, X-RateLimit-Reset, X-OAuth-Scopes, X-Accepted-OAuth-Scopes, X-Poll-Interval, X-GitHub-Media-Type, X-GitHub-SSO, X-GitHub-Request-Id, Deprecation, Sunset',
2026-04-23T03:31:40.7120855Z       'content-encoding': 'gzip',
2026-04-23T03:31:40.7121191Z       'content-security-policy': "default-src 'none'",
2026-04-23T03:31:40.7121568Z       'content-type': 'application/json; charset=utf-8',
2026-04-23T03:31:40.7121919Z       date: 'Thu, 23 Apr 2026 03:31:40 GMT',
2026-04-23T03:31:40.7122373Z       'referrer-policy': 'origin-when-cross-origin, strict-origin-when-cross-origin',
2026-04-23T03:31:40.7122831Z       server: 'github.com',
2026-04-23T03:31:40.7123248Z       'strict-transport-security': 'max-age=31536000; includeSubdomains; preload',
2026-04-23T03:31:40.7123676Z       'transfer-encoding': 'chunked',
2026-04-23T03:31:40.7124030Z       vary: 'Accept-Encoding, Accept, X-Requested-With',
2026-04-23T03:31:40.7124478Z       'x-accepted-github-permissions': 'issues=write; pull_requests=write',
2026-04-23T03:31:40.7124911Z       'x-content-type-options': 'nosniff',
2026-04-23T03:31:40.7125214Z       'x-frame-options': 'deny',
2026-04-23T03:31:40.7125534Z       'x-github-api-version-selected': '2022-11-28',
2026-04-23T03:31:40.7125904Z       'x-github-media-type': 'github.v3; format=json',
2026-04-23T03:31:40.7126309Z       'x-github-request-id': '7818:391071:22F0897:8C27452:69E9929C',
2026-04-23T03:31:40.7126676Z       'x-ratelimit-limit': '5000',
2026-04-23T03:31:40.7126960Z       'x-ratelimit-remaining': '4994',
2026-04-23T03:31:40.7127560Z       'x-ratelimit-reset': '1776918570',
2026-04-23T03:31:40.7127878Z       'x-ratelimit-resource': 'core',
2026-04-23T03:31:40.7128170Z       'x-ratelimit-used': '6',
2026-04-23T03:31:40.7128439Z       'x-xss-protection': '0'
2026-04-23T03:31:40.7128696Z     },
2026-04-23T03:31:40.7128885Z     data: {
2026-04-23T03:31:40.7129152Z       message: 'Resource not accessible by integration',
2026-04-23T03:31:40.7129674Z       documentation_url: 'https://docs.github.com/rest/issues/comments#create-an-issue-comment',
2026-04-23T03:31:40.7130411Z       status: '403'
2026-04-23T03:31:40.7130633Z     }
2026-04-23T03:31:40.7130819Z   },
2026-04-23T03:31:40.7131016Z   request: {
2026-04-23T03:31:40.7131222Z     method: 'POST',
2026-04-23T03:31:40.7131584Z     url: 'https://api.github.com/repos/akarlin3/prismTask/issues/689/comments',
2026-04-23T03:31:40.7131979Z     headers: {
2026-04-23T03:31:40.7132231Z       accept: 'application/vnd.github.v3+json',
2026-04-23T03:31:40.7132721Z       'user-agent': 'actions/github-script octokit-core.js/5.0.1 Node.js/20.20.1 (linux; x64)',
2026-04-23T03:31:40.7133186Z       authorization: 'token [REDACTED]',
2026-04-23T03:31:40.7133528Z       'content-type': 'application/json; charset=utf-8'
2026-04-23T03:31:40.7133832Z     },
2026-04-23T03:31:40.7134663Z     body: `{"body":"### CI Unit Test Failure\\n\\nCould not read unit-test-output.log: ENOENT: no such file or directory, open 'unit-test-output.log'"}`,
2026-04-23T03:31:40.7135269Z     request: {
2026-04-23T03:31:40.7135497Z       agent: [Agent],
2026-04-23T03:31:40.7135755Z       fetch: [Function: proxyFetch],
2026-04-23T03:31:40.7136089Z       hook: [Function: bound bound register]
2026-04-23T03:31:40.7136373Z     }
2026-04-23T03:31:40.7136559Z   }
2026-04-23T03:31:40.7136748Z }
2026-04-23T03:31:40.7137759Z ##[error]Unhandled error: HttpError: Resource not accessible by integration
2026-04-23T03:31:40.7886731Z ##[group]Run actions/upload-artifact@v4
2026-04-23T03:31:40.7887039Z with:
2026-04-23T03:31:40.7887204Z   name: lint-report
2026-04-23T03:31:40.7887434Z   path: app/build/reports/lint-results-debug.html
2026-04-23T03:31:40.7887710Z   retention-days: 7
2026-04-23T03:31:40.7887903Z   if-no-files-found: warn
2026-04-23T03:31:40.7888103Z   compression-level: 6
2026-04-23T03:31:40.7888306Z   overwrite: false
2026-04-23T03:31:40.7888489Z   include-hidden-files: false
2026-04-23T03:31:40.7888696Z ##[endgroup]
2026-04-23T03:31:40.9978403Z ##[warning]No files were found with the provided path: app/build/reports/lint-results-debug.html. No artifacts will be uploaded.
2026-04-23T03:31:41.0116914Z ##[group]Run actions/upload-artifact@v4
2026-04-23T03:31:41.0117207Z with:
2026-04-23T03:31:41.0117392Z   name: detekt-report
2026-04-23T03:31:41.0117610Z   path: app/build/reports/detekt/
2026-04-23T03:31:41.0117856Z   retention-days: 7
2026-04-23T03:31:41.0118062Z   if-no-files-found: warn
2026-04-23T03:31:41.0118277Z   compression-level: 6
2026-04-23T03:31:41.0118483Z   overwrite: false
2026-04-23T03:31:41.0118679Z   include-hidden-files: false
2026-04-23T03:31:41.0118904Z ##[endgroup]
2026-04-23T03:31:41.2181323Z ##[warning]No files were found with the provided path: app/build/reports/detekt/. No artifacts will be uploaded.
2026-04-23T03:31:41.2307422Z ##[group]Run actions/upload-artifact@v4
2026-04-23T03:31:41.2307730Z with:
2026-04-23T03:31:41.2307910Z   name: test-results
2026-04-23T03:31:41.2308125Z   path: app/build/test-results/
2026-04-23T03:31:41.2308366Z   retention-days: 7
2026-04-23T03:31:41.2308569Z   if-no-files-found: warn
2026-04-23T03:31:41.2308781Z   compression-level: 6
2026-04-23T03:31:41.2308991Z   overwrite: false
2026-04-23T03:31:41.2309188Z   include-hidden-files: false
2026-04-23T03:31:41.2309416Z ##[endgroup]
2026-04-23T03:31:41.4414022Z ##[warning]No files were found with the provided path: app/build/test-results/. No artifacts will be uploaded.
2026-04-23T03:31:41.4592930Z Post job cleanup.
2026-04-23T03:31:41.5482940Z [command]/usr/bin/git version
2026-04-23T03:31:41.5517204Z git version 2.53.0
2026-04-23T03:31:41.5568549Z Temporarily overriding HOME='/home/runner/work/_temp/e50a0806-9119-4396-9adc-cb612d112240' before making global git config changes
2026-04-23T03:31:41.5570019Z Adding repository directory to the temporary git global config as a safe directory
2026-04-23T03:31:41.5574666Z [command]/usr/bin/git config --global --add safe.directory /home/runner/work/prismTask/prismTask
2026-04-23T03:31:41.5605833Z [command]/usr/bin/git config --local --name-only --get-regexp core\.sshCommand
2026-04-23T03:31:41.5636753Z [command]/usr/bin/git submodule foreach --recursive sh -c "git config --local --name-only --get-regexp 'core\.sshCommand' && git config --local --unset-all 'core.sshCommand' || :"
2026-04-23T03:31:41.5843479Z [command]/usr/bin/git config --local --name-only --get-regexp http\.https\:\/\/github\.com\/\.extraheader
2026-04-23T03:31:41.5863130Z http.https://github.com/.extraheader
2026-04-23T03:31:41.5874447Z [command]/usr/bin/git config --local --unset-all http.https://github.com/.extraheader
2026-04-23T03:31:41.5901614Z [command]/usr/bin/git submodule foreach --recursive sh -c "git config --local --name-only --get-regexp 'http\.https\:\/\/github\.com\/\.extraheader' && git config --local --unset-all 'http.https://github.com/.extraheader' || :"
2026-04-23T03:31:41.6107597Z [command]/usr/bin/git config --local --name-only --get-regexp ^includeIf\.gitdir:
2026-04-23T03:31:41.6136001Z [command]/usr/bin/git submodule foreach --recursive git config --local --show-origin --name-only --get-regexp remote.origin.url
2026-04-23T03:31:41.6448264Z Cleaning up orphan processes
2026-04-23T03:31:41.6815947Z ##[warning]Node.js 20 actions are deprecated. The following actions are running on Node.js 20 and may not work as expected: actions/checkout@v4, actions/github-script@v7, actions/upload-artifact@v4. Actions will be forced to run with Node.js 24 by default starting June 2nd, 2026. Node.js 20 will be removed from the runner on September 16th, 2026. Please check if updated versions of these actions are available that support Node.js 24. To opt into Node.js 24 now, set the FORCE_JAVASCRIPT_ACTIONS_TO_NODE24=true environment variable on the runner or in your workflow file. Once Node.js 24 becomes the default, you can temporarily opt out by setting ACTIONS_ALLOW_USE_UNSECURE_NODE_VERSION=true. For more information see: https://github.blog/changelog/2025-09-19-deprecation-of-node-20-on-github-actions-runners/
