=== CI FAILURE ===
Workflow:      Android CI
Workflow file: akarlin3/prismTask/.github/workflows/android-ci.yml@refs/pull/633/merge
Job(s):        lint-and-test
Run ID:        24764061507
Run attempt:   1
Run URL:       https://github.com/akarlin3/prismTask/actions/runs/24764061507
Commit:        6b661688b6c752ed51eca37a7fee43de236a6899
Branch:        633/merge
Event:         pull_request
Actor:         akarlin3
Runner OS:     Linux
Timestamp:     2026-04-22T06:40:06.401Z

Failed steps:
  - lint-and-test: #2 Run actions/checkout@v4 | #5 detekt | #6 Android lint | #8 Verify unit-test results (XML) | #9 Post failure details to PR

=== FAILED JOB LOG ===

--- Job: lint-and-test (id 72454268533) ---
2026-04-22T06:39:10.2913148Z Current runner version: '2.333.1'
2026-04-22T06:39:10.2937996Z ##[group]Runner Image Provisioner
2026-04-22T06:39:10.2938824Z Hosted Compute Agent
2026-04-22T06:39:10.2939452Z Version: 20260213.493
2026-04-22T06:39:10.2940063Z Commit: 5c115507f6dd24b8de37d8bbe0bb4509d0cc0fa3
2026-04-22T06:39:10.2940766Z Build Date: 2026-02-13T00:28:41Z
2026-04-22T06:39:10.2941472Z Worker ID: {15216b36-671d-443f-b092-aa446ea4ca36}
2026-04-22T06:39:10.2942304Z Azure Region: westus3
2026-04-22T06:39:10.2942870Z ##[endgroup]
2026-04-22T06:39:10.2944315Z ##[group]Operating System
2026-04-22T06:39:10.2944951Z Ubuntu
2026-04-22T06:39:10.2945416Z 24.04.4
2026-04-22T06:39:10.2945909Z LTS
2026-04-22T06:39:10.2946388Z ##[endgroup]
2026-04-22T06:39:10.2946841Z ##[group]Runner Image
2026-04-22T06:39:10.2947417Z Image: ubuntu-24.04
2026-04-22T06:39:10.2947904Z Version: 20260413.86.1
2026-04-22T06:39:10.2949092Z Included Software: https://github.com/actions/runner-images/blob/ubuntu24/20260413.86/images/ubuntu/Ubuntu2404-Readme.md
2026-04-22T06:39:10.2950594Z Image Release: https://github.com/actions/runner-images/releases/tag/ubuntu24%2F20260413.86
2026-04-22T06:39:10.2951497Z ##[endgroup]
2026-04-22T06:39:10.2953164Z ##[group]GITHUB_TOKEN Permissions
2026-04-22T06:39:10.2955412Z Actions: read
2026-04-22T06:39:10.2955994Z Checks: read
2026-04-22T06:39:10.2956560Z Contents: write
2026-04-22T06:39:10.2957074Z Metadata: read
2026-04-22T06:39:10.2957580Z PullRequests: read
2026-04-22T06:39:10.2958129Z ##[endgroup]
2026-04-22T06:39:10.2960307Z Secret source: Actions
2026-04-22T06:39:10.2960997Z Prepare workflow directory
2026-04-22T06:39:10.3306224Z Prepare all required actions
2026-04-22T06:39:10.3347624Z Getting action download info
2026-04-22T06:39:10.8125410Z Download action repository 'actions/checkout@v4' (SHA:34e114876b0b11c390a56381ad16ebd13914f8d5)
2026-04-22T06:39:10.9353800Z Download action repository 'actions/github-script@v7' (SHA:f28e40c7f34bde8b3046d885e986cb6290c5673b)
2026-04-22T06:39:11.8156405Z Download action repository 'actions/upload-artifact@v4' (SHA:ea165f8d65b6e75b540449e92b4886f43607fa02)
2026-04-22T06:39:12.0673610Z Complete job name: lint-and-test
2026-04-22T06:39:12.1602497Z ##[group]Run actions/checkout@v4
2026-04-22T06:39:12.1603870Z with:
2026-04-22T06:39:12.1604703Z   ref: fix/reminder-scheduler-test-timezone
2026-04-22T06:39:12.1605836Z   repository: akarlin3/prismTask
2026-04-22T06:39:12.1607086Z   token: ***
2026-04-22T06:39:12.1607836Z   ssh-strict: true
2026-04-22T06:39:12.1608617Z   ssh-user: git
2026-04-22T06:39:12.1609422Z   persist-credentials: true
2026-04-22T06:39:12.1610331Z   clean: true
2026-04-22T06:39:12.1611141Z   sparse-checkout-cone-mode: true
2026-04-22T06:39:12.1612377Z   fetch-depth: 1
2026-04-22T06:39:12.1613214Z   fetch-tags: false
2026-04-22T06:39:12.1614033Z   show-progress: true
2026-04-22T06:39:12.1614860Z   lfs: false
2026-04-22T06:39:12.1615604Z   submodules: false
2026-04-22T06:39:12.1616420Z   set-safe-directory: true
2026-04-22T06:39:12.1617582Z ##[endgroup]
2026-04-22T06:39:12.2723282Z Syncing repository: akarlin3/prismTask
2026-04-22T06:39:12.2725881Z ##[group]Getting Git version info
2026-04-22T06:39:12.2727281Z Working directory is '/home/runner/work/prismTask/prismTask'
2026-04-22T06:39:12.2729192Z [command]/usr/bin/git version
2026-04-22T06:39:12.2785449Z git version 2.53.0
2026-04-22T06:39:12.2813357Z ##[endgroup]
2026-04-22T06:39:12.2830225Z Temporarily overriding HOME='/home/runner/work/_temp/23dec11b-0186-42dd-8a43-ee6f1917e43d' before making global git config changes
2026-04-22T06:39:12.2835284Z Adding repository directory to the temporary git global config as a safe directory
2026-04-22T06:39:12.2839230Z [command]/usr/bin/git config --global --add safe.directory /home/runner/work/prismTask/prismTask
2026-04-22T06:39:12.2872604Z Deleting the contents of '/home/runner/work/prismTask/prismTask'
2026-04-22T06:39:12.2876645Z ##[group]Initializing the repository
2026-04-22T06:39:12.2882024Z [command]/usr/bin/git init /home/runner/work/prismTask/prismTask
2026-04-22T06:39:12.2973121Z hint: Using 'master' as the name for the initial branch. This default branch name
2026-04-22T06:39:12.2976998Z hint: will change to "main" in Git 3.0. To configure the initial branch name
2026-04-22T06:39:12.2980282Z hint: to use in all of your new repositories, which will suppress this warning,
2026-04-22T06:39:12.2983083Z hint: call:
2026-04-22T06:39:12.2984558Z hint:
2026-04-22T06:39:12.2986195Z hint: 	git config --global init.defaultBranch <name>
2026-04-22T06:39:12.2988321Z hint:
2026-04-22T06:39:12.2990253Z hint: Names commonly chosen instead of 'master' are 'main', 'trunk' and
2026-04-22T06:39:12.2993626Z hint: 'development'. The just-created branch can be renamed via this command:
2026-04-22T06:39:12.2995505Z hint:
2026-04-22T06:39:12.2996268Z hint: 	git branch -m <name>
2026-04-22T06:39:12.2997138Z hint:
2026-04-22T06:39:12.2998297Z hint: Disable this message with "git config set advice.defaultBranchName false"
2026-04-22T06:39:12.3001060Z Initialized empty Git repository in /home/runner/work/prismTask/prismTask/.git/
2026-04-22T06:39:12.3005881Z [command]/usr/bin/git remote add origin https://github.com/akarlin3/prismTask
2026-04-22T06:39:12.3021660Z ##[endgroup]
2026-04-22T06:39:12.3024370Z ##[group]Disabling automatic garbage collection
2026-04-22T06:39:12.3026672Z [command]/usr/bin/git config --local gc.auto 0
2026-04-22T06:39:12.3057169Z ##[endgroup]
2026-04-22T06:39:12.3059561Z ##[group]Setting up auth
2026-04-22T06:39:12.3065350Z [command]/usr/bin/git config --local --name-only --get-regexp core\.sshCommand
2026-04-22T06:39:12.3096095Z [command]/usr/bin/git submodule foreach --recursive sh -c "git config --local --name-only --get-regexp 'core\.sshCommand' && git config --local --unset-all 'core.sshCommand' || :"
2026-04-22T06:39:12.3378290Z [command]/usr/bin/git config --local --name-only --get-regexp http\.https\:\/\/github\.com\/\.extraheader
2026-04-22T06:39:12.3411522Z [command]/usr/bin/git submodule foreach --recursive sh -c "git config --local --name-only --get-regexp 'http\.https\:\/\/github\.com\/\.extraheader' && git config --local --unset-all 'http.https://github.com/.extraheader' || :"
2026-04-22T06:39:12.3657566Z [command]/usr/bin/git config --local --name-only --get-regexp ^includeIf\.gitdir:
2026-04-22T06:39:12.3693581Z [command]/usr/bin/git submodule foreach --recursive git config --local --show-origin --name-only --get-regexp remote.origin.url
2026-04-22T06:39:12.3930626Z [command]/usr/bin/git config --local http.https://github.com/.extraheader AUTHORIZATION: basic ***
2026-04-22T06:39:12.3965707Z ##[endgroup]
2026-04-22T06:39:12.3968140Z ##[group]Fetching the repository
2026-04-22T06:39:12.3980326Z [command]/usr/bin/git -c protocol.version=2 fetch --no-tags --prune --no-recurse-submodules --depth=1 origin +refs/heads/fix/reminder-scheduler-test-timezone*:refs/remotes/origin/fix/reminder-scheduler-test-timezone* +refs/tags/fix/reminder-scheduler-test-timezone*:refs/tags/fix/reminder-scheduler-test-timezone*
2026-04-22T06:39:12.7509541Z The process '/usr/bin/git' failed with exit code 1
2026-04-22T06:39:12.7511101Z Waiting 20 seconds before trying again
2026-04-22T06:39:32.7626600Z [command]/usr/bin/git -c protocol.version=2 fetch --no-tags --prune --no-recurse-submodules --depth=1 origin +refs/heads/fix/reminder-scheduler-test-timezone*:refs/remotes/origin/fix/reminder-scheduler-test-timezone* +refs/tags/fix/reminder-scheduler-test-timezone*:refs/tags/fix/reminder-scheduler-test-timezone*
2026-04-22T06:39:33.1436369Z The process '/usr/bin/git' failed with exit code 1
2026-04-22T06:39:33.1437064Z Waiting 18 seconds before trying again
2026-04-22T06:39:51.1529226Z [command]/usr/bin/git -c protocol.version=2 fetch --no-tags --prune --no-recurse-submodules --depth=1 origin +refs/heads/fix/reminder-scheduler-test-timezone*:refs/remotes/origin/fix/reminder-scheduler-test-timezone* +refs/tags/fix/reminder-scheduler-test-timezone*:refs/tags/fix/reminder-scheduler-test-timezone*
2026-04-22T06:39:51.5014506Z ##[error]The process '/usr/bin/git' failed with exit code 1
2026-04-22T06:39:51.5233958Z ##[group]Run ./gradlew detekt --continue
2026-04-22T06:39:51.5234544Z [36;1m./gradlew detekt --continue[0m
2026-04-22T06:39:51.5258526Z shell: /usr/bin/bash -e {0}
2026-04-22T06:39:51.5258778Z ##[endgroup]
2026-04-22T06:39:51.5326384Z /home/runner/work/_temp/baab0110-7c29-4df9-8f0b-7a951b22dce6.sh: line 1: ./gradlew: No such file or directory
2026-04-22T06:39:51.5334391Z ##[error]Process completed with exit code 127.
2026-04-22T06:39:51.5367580Z ##[group]Run ./gradlew lint --continue
2026-04-22T06:39:51.5367896Z [36;1m./gradlew lint --continue[0m
2026-04-22T06:39:51.5388385Z shell: /usr/bin/bash -e {0}
2026-04-22T06:39:51.5388639Z ##[endgroup]
2026-04-22T06:39:51.5430170Z /home/runner/work/_temp/46971080-30e1-49e4-bb60-1a12acbb5fe6.sh: line 1: ./gradlew: No such file or directory
2026-04-22T06:39:51.5434810Z ##[error]Process completed with exit code 127.
2026-04-22T06:39:51.5468479Z ##[group]Run set -euo pipefail
2026-04-22T06:39:51.5468783Z [36;1mset -euo pipefail[0m
2026-04-22T06:39:51.5469015Z [36;1mshopt -s globstar nullglob[0m
2026-04-22T06:39:51.5469341Z [36;1mxmls=(app/build/test-results/**/*.xml)[0m
2026-04-22T06:39:51.5469641Z [36;1mif [ ${#xmls[@]} -eq 0 ]; then[0m
2026-04-22T06:39:51.5470074Z [36;1m  echo "::error::No JUnit XML results found under app/build/test-results/. Did the test task run?"[0m
2026-04-22T06:39:51.5470503Z [36;1m  exit 1[0m
2026-04-22T06:39:51.5470672Z [36;1mfi[0m
2026-04-22T06:39:51.5470836Z [36;1mfailed=0[0m
2026-04-22T06:39:51.5471034Z [36;1mfor f in "${xmls[@]}"; do[0m
2026-04-22T06:39:51.5471634Z [36;1m  fails=$(grep -oE 'failures="[0-9]+"' "$f" | head -n1 | grep -oE '[0-9]+' || echo 0)[0m
2026-04-22T06:39:51.5472391Z [36;1m  errs=$(grep -oE 'errors="[0-9]+"' "$f" | head -n1 | grep -oE '[0-9]+' || echo 0)[0m
2026-04-22T06:39:51.5472895Z [36;1m  if [ "${fails:-0}" -gt 0 ] || [ "${errs:-0}" -gt 0 ]; then[0m
2026-04-22T06:39:51.5473340Z [36;1m    echo "::error file=${f}::${fails} failure(s), ${errs} error(s) in ${f}"[0m
2026-04-22T06:39:51.5473705Z [36;1m    failed=$((failed + fails + errs))[0m
2026-04-22T06:39:51.5473961Z [36;1m  fi[0m
2026-04-22T06:39:51.5474121Z [36;1mdone[0m
2026-04-22T06:39:51.5474296Z [36;1mif [ "$failed" -gt 0 ]; then[0m
2026-04-22T06:39:51.5474766Z [36;1m  echo "::error::${failed} unit-test failure(s)/error(s) detected. See annotations and the test-results artifact."[0m
2026-04-22T06:39:51.5475240Z [36;1m  exit 1[0m
2026-04-22T06:39:51.5475401Z [36;1mfi[0m
2026-04-22T06:39:51.5475619Z [36;1mecho "All ${#xmls[@]} JUnit XML reports clean."[0m
2026-04-22T06:39:51.5496624Z shell: /usr/bin/bash --noprofile --norc -e -o pipefail {0}
2026-04-22T06:39:51.5496940Z ##[endgroup]
2026-04-22T06:39:51.5535795Z ##[error]No JUnit XML results found under app/build/test-results/. Did the test task run?
2026-04-22T06:39:51.5537948Z ##[error]Process completed with exit code 1.
2026-04-22T06:39:51.5622424Z ##[group]Run actions/github-script@v7
2026-04-22T06:39:51.5622719Z with:
2026-04-22T06:39:51.5625289Z   script: const fs = require('fs');
let body = '### CI Unit Test Failure\n\n';
try {
  const raw = fs.readFileSync('unit-test-output.log', 'utf8');
  const lines = raw.split('\n');
  const errorLines = lines.filter(l =>
    /\be:\b|FAILED|Compilation error|Unresolved reference|not abstract|does not implement/.test(l)
  );
  const tail = lines.slice(-30).join('\n');
  const errors = errorLines.length > 0
    ? errorLines.join('\n')
    : 'No specific error lines matched. Last 30 lines shown.';
  body += '**Error lines:**\n```\n' + errors.slice(0, 2000) + '\n```\n';
  body += '\n**Build tail:**\n```\n' + tail.slice(0, 2000) + '\n```';
} catch (e) {
  body += 'Could not read unit-test-output.log: ' + e.message;
}
await github.rest.issues.createComment({
  owner: context.repo.owner,
  repo: context.repo.repo,
  issue_number: context.issue.number,
  body
});

2026-04-22T06:39:51.5628110Z   github-token: ***
2026-04-22T06:39:51.5628303Z   debug: false
2026-04-22T06:39:51.5628502Z   user-agent: actions/github-script
2026-04-22T06:39:51.5628748Z   result-encoding: json
2026-04-22T06:39:51.5629115Z   retries: 0
2026-04-22T06:39:51.5629316Z   retry-exempt-status-codes: 400,401,403,404,422
2026-04-22T06:39:51.5629580Z ##[endgroup]
2026-04-22T06:39:52.0144240Z RequestError [HttpError]: Resource not accessible by integration
2026-04-22T06:39:52.0145363Z     at /home/runner/work/_actions/actions/github-script/v7/dist/index.js:9537:21
2026-04-22T06:39:52.0146471Z     at process.processTicksAndRejections (node:internal/process/task_queues:95:5)
2026-04-22T06:39:52.0147988Z     at async eval (eval at callAsyncFunction (/home/runner/work/_actions/actions/github-script/v7/dist/index.js:36187:16), <anonymous>:20:1)
2026-04-22T06:39:52.0149517Z     at async main (/home/runner/work/_actions/actions/github-script/v7/dist/index.js:36285:20) {
2026-04-22T06:39:52.0150360Z   status: 403,
2026-04-22T06:39:52.0150751Z   response: {
2026-04-22T06:39:52.0151415Z     url: 'https://api.github.com/repos/akarlin3/prismTask/issues/633/comments',
2026-04-22T06:39:52.0151825Z     status: 403,
2026-04-22T06:39:52.0152019Z     headers: {
2026-04-22T06:39:52.0152479Z       'access-control-allow-origin': '*',
2026-04-22T06:39:52.0153853Z       'access-control-expose-headers': 'ETag, Link, Location, Retry-After, X-GitHub-OTP, X-RateLimit-Limit, X-RateLimit-Remaining, X-RateLimit-Used, X-RateLimit-Resource, X-RateLimit-Reset, X-OAuth-Scopes, X-Accepted-OAuth-Scopes, X-Poll-Interval, X-GitHub-Media-Type, X-GitHub-SSO, X-GitHub-Request-Id, Deprecation, Sunset',
2026-04-22T06:39:52.0155207Z       'content-encoding': 'gzip',
2026-04-22T06:39:52.0155491Z       'content-security-policy': "default-src 'none'",
2026-04-22T06:39:52.0155838Z       'content-type': 'application/json; charset=utf-8',
2026-04-22T06:39:52.0156147Z       date: 'Wed, 22 Apr 2026 06:39:51 GMT',
2026-04-22T06:39:52.0156563Z       'referrer-policy': 'origin-when-cross-origin, strict-origin-when-cross-origin',
2026-04-22T06:39:52.0156987Z       server: 'github.com',
2026-04-22T06:39:52.0157353Z       'strict-transport-security': 'max-age=31536000; includeSubdomains; preload',
2026-04-22T06:39:52.0157782Z       'transfer-encoding': 'chunked',
2026-04-22T06:39:52.0158080Z       vary: 'Accept-Encoding, Accept, X-Requested-With',
2026-04-22T06:39:52.0158512Z       'x-accepted-github-permissions': 'issues=write; pull_requests=write',
2026-04-22T06:39:52.0158918Z       'x-content-type-options': 'nosniff',
2026-04-22T06:39:52.0159187Z       'x-frame-options': 'deny',
2026-04-22T06:39:52.0159475Z       'x-github-api-version-selected': '2022-11-28',
2026-04-22T06:39:52.0159805Z       'x-github-media-type': 'github.v3; format=json',
2026-04-22T06:39:52.0160170Z       'x-github-request-id': '9C00:16C3FF:814A42:2069AC7:69E86D37',
2026-04-22T06:39:52.0160495Z       'x-ratelimit-limit': '5000',
2026-04-22T06:39:52.0160745Z       'x-ratelimit-remaining': '4973',
2026-04-22T06:39:52.0161407Z       'x-ratelimit-reset': '1776843143',
2026-04-22T06:39:52.0161708Z       'x-ratelimit-resource': 'core',
2026-04-22T06:39:52.0161973Z       'x-ratelimit-used': '27',
2026-04-22T06:39:52.0162362Z       'x-xss-protection': '0'
2026-04-22T06:39:52.0162570Z     },
2026-04-22T06:39:52.0162716Z     data: {
2026-04-22T06:39:52.0162939Z       message: 'Resource not accessible by integration',
2026-04-22T06:39:52.0163430Z       documentation_url: 'https://docs.github.com/rest/issues/comments#create-an-issue-comment',
2026-04-22T06:39:52.0163842Z       status: '403'
2026-04-22T06:39:52.0164007Z     }
2026-04-22T06:39:52.0164150Z   },
2026-04-22T06:39:52.0164295Z   request: {
2026-04-22T06:39:52.0164464Z     method: 'POST',
2026-04-22T06:39:52.0164770Z     url: 'https://api.github.com/repos/akarlin3/prismTask/issues/633/comments',
2026-04-22T06:39:52.0165120Z     headers: {
2026-04-22T06:39:52.0165325Z       accept: 'application/vnd.github.v3+json',
2026-04-22T06:39:52.0165752Z       'user-agent': 'actions/github-script octokit-core.js/5.0.1 Node.js/20.20.1 (linux; x64)',
2026-04-22T06:39:52.0166172Z       authorization: 'token [REDACTED]',
2026-04-22T06:39:52.0166455Z       'content-type': 'application/json; charset=utf-8'
2026-04-22T06:39:52.0166914Z     },
2026-04-22T06:39:52.0167453Z     body: `{"body":"### CI Unit Test Failure\\n\\nCould not read unit-test-output.log: ENOENT: no such file or directory, open 'unit-test-output.log'"}`,
2026-04-22T06:39:52.0168009Z     request: {
2026-04-22T06:39:52.0168184Z       agent: [Agent],
2026-04-22T06:39:52.0168391Z       fetch: [Function: proxyFetch],
2026-04-22T06:39:52.0168659Z       hook: [Function: bound bound register]
2026-04-22T06:39:52.0168883Z     }
2026-04-22T06:39:52.0169027Z   }
2026-04-22T06:39:52.0169165Z }
2026-04-22T06:39:52.0170217Z ##[error]Unhandled error: HttpError: Resource not accessible by integration
2026-04-22T06:39:52.0842974Z ##[group]Run actions/upload-artifact@v4
2026-04-22T06:39:52.0843267Z with:
2026-04-22T06:39:52.0843443Z   name: lint-report
2026-04-22T06:39:52.0843672Z   path: app/build/reports/lint-results-debug.html
2026-04-22T06:39:52.0843953Z   retention-days: 7
2026-04-22T06:39:52.0844144Z   if-no-files-found: warn
2026-04-22T06:39:52.0844357Z   compression-level: 6
2026-04-22T06:39:52.0844623Z   overwrite: false
2026-04-22T06:39:52.0844827Z   include-hidden-files: false
2026-04-22T06:39:52.0845046Z ##[endgroup]
2026-04-22T06:39:52.3009282Z ##[warning]No files were found with the provided path: app/build/reports/lint-results-debug.html. No artifacts will be uploaded.
2026-04-22T06:39:52.3136221Z ##[group]Run actions/upload-artifact@v4
2026-04-22T06:39:52.3136487Z with:
2026-04-22T06:39:52.3136658Z   name: detekt-report
2026-04-22T06:39:52.3136868Z   path: app/build/reports/detekt/
2026-04-22T06:39:52.3137094Z   retention-days: 7
2026-04-22T06:39:52.3137283Z   if-no-files-found: warn
2026-04-22T06:39:52.3137482Z   compression-level: 6
2026-04-22T06:39:52.3137671Z   overwrite: false
2026-04-22T06:39:52.3137854Z   include-hidden-files: false
2026-04-22T06:39:52.3138064Z ##[endgroup]
2026-04-22T06:39:52.5261048Z ##[warning]No files were found with the provided path: app/build/reports/detekt/. No artifacts will be uploaded.
2026-04-22T06:39:52.5397108Z ##[group]Run actions/upload-artifact@v4
2026-04-22T06:39:52.5397364Z with:
2026-04-22T06:39:52.5397531Z   name: test-results
2026-04-22T06:39:52.5397727Z   path: app/build/test-results/
2026-04-22T06:39:52.5397948Z   retention-days: 7
2026-04-22T06:39:52.5398133Z   if-no-files-found: warn
2026-04-22T06:39:52.5398332Z   compression-level: 6
2026-04-22T06:39:52.5398523Z   overwrite: false
2026-04-22T06:39:52.5398707Z   include-hidden-files: false
2026-04-22T06:39:52.5398919Z ##[endgroup]
2026-04-22T06:39:52.7565759Z ##[warning]No files were found with the provided path: app/build/test-results/. No artifacts will be uploaded.
2026-04-22T06:39:52.7730711Z Post job cleanup.
2026-04-22T06:39:52.8676333Z [command]/usr/bin/git version
2026-04-22T06:39:52.8719018Z git version 2.53.0
2026-04-22T06:39:52.8761377Z Temporarily overriding HOME='/home/runner/work/_temp/0ba7e216-a166-4644-9fc5-0d32208987ba' before making global git config changes
2026-04-22T06:39:52.8766882Z Adding repository directory to the temporary git global config as a safe directory
2026-04-22T06:39:52.8767498Z [command]/usr/bin/git config --global --add safe.directory /home/runner/work/prismTask/prismTask
2026-04-22T06:39:52.8800758Z [command]/usr/bin/git config --local --name-only --get-regexp core\.sshCommand
2026-04-22T06:39:52.8833162Z [command]/usr/bin/git submodule foreach --recursive sh -c "git config --local --name-only --get-regexp 'core\.sshCommand' && git config --local --unset-all 'core.sshCommand' || :"
2026-04-22T06:39:52.9054026Z [command]/usr/bin/git config --local --name-only --get-regexp http\.https\:\/\/github\.com\/\.extraheader
2026-04-22T06:39:52.9074368Z http.https://github.com/.extraheader
2026-04-22T06:39:52.9086261Z [command]/usr/bin/git config --local --unset-all http.https://github.com/.extraheader
2026-04-22T06:39:52.9117106Z [command]/usr/bin/git submodule foreach --recursive sh -c "git config --local --name-only --get-regexp 'http\.https\:\/\/github\.com\/\.extraheader' && git config --local --unset-all 'http.https://github.com/.extraheader' || :"
2026-04-22T06:39:52.9336045Z [command]/usr/bin/git config --local --name-only --get-regexp ^includeIf\.gitdir:
2026-04-22T06:39:52.9366658Z [command]/usr/bin/git submodule foreach --recursive git config --local --show-origin --name-only --get-regexp remote.origin.url
2026-04-22T06:39:52.9700238Z Cleaning up orphan processes
2026-04-22T06:39:53.0079247Z ##[warning]Node.js 20 actions are deprecated. The following actions are running on Node.js 20 and may not work as expected: actions/checkout@v4, actions/github-script@v7, actions/upload-artifact@v4. Actions will be forced to run with Node.js 24 by default starting June 2nd, 2026. Node.js 20 will be removed from the runner on September 16th, 2026. Please check if updated versions of these actions are available that support Node.js 24. To opt into Node.js 24 now, set the FORCE_JAVASCRIPT_ACTIONS_TO_NODE24=true environment variable on the runner or in your workflow file. Once Node.js 24 becomes the default, you can temporarily opt out by setting ACTIONS_ALLOW_USE_UNSECURE_NODE_VERSION=true. For more information see: https://github.blog/changelog/2025-09-19-deprecation-of-node-20-on-github-actions-runners/
