=== CI FAILURE ===
Workflow:      Android CI
Workflow file: akarlin3/prismTask/.github/workflows/android-ci.yml@refs/pull/650/merge
Job(s):        lint-and-test
Run ID:        24769121597
Run attempt:   1
Run URL:       https://github.com/akarlin3/prismTask/actions/runs/24769121597
Commit:        9282e6765c0bbcfae8470d3ccf08a8a9f9aeb1dd
Branch:        650/merge
Event:         pull_request
Actor:         akarlin3
Runner OS:     Linux
Timestamp:     2026-04-22T08:49:51.958Z

Failed steps:
  - lint-and-test: #2 Run actions/checkout@v4 | #5 detekt | #6 Android lint | #8 Verify unit-test results (XML) | #9 Post failure details to PR

=== FAILED JOB LOG ===

--- Job: lint-and-test (id 72470997385) ---
2026-04-22T08:48:55.2316395Z Current runner version: '2.333.1'
2026-04-22T08:48:55.2350146Z ##[group]Runner Image Provisioner
2026-04-22T08:48:55.2351281Z Hosted Compute Agent
2026-04-22T08:48:55.2352008Z Version: 20260213.493
2026-04-22T08:48:55.2352967Z Commit: 5c115507f6dd24b8de37d8bbe0bb4509d0cc0fa3
2026-04-22T08:48:55.2353929Z Build Date: 2026-02-13T00:28:41Z
2026-04-22T08:48:55.2354953Z Worker ID: {fc2f2aa4-fb6b-4d42-9e5d-779f3693eb52}
2026-04-22T08:48:55.2356111Z Azure Region: eastus
2026-04-22T08:48:55.2356899Z ##[endgroup]
2026-04-22T08:48:55.2359229Z ##[group]Operating System
2026-04-22T08:48:55.2360113Z Ubuntu
2026-04-22T08:48:55.2360830Z 24.04.4
2026-04-22T08:48:55.2361505Z LTS
2026-04-22T08:48:55.2362228Z ##[endgroup]
2026-04-22T08:48:55.2362946Z ##[group]Runner Image
2026-04-22T08:48:55.2363788Z Image: ubuntu-24.04
2026-04-22T08:48:55.2364658Z Version: 20260413.86.1
2026-04-22T08:48:55.2366473Z Included Software: https://github.com/actions/runner-images/blob/ubuntu24/20260413.86/images/ubuntu/Ubuntu2404-Readme.md
2026-04-22T08:48:55.2368924Z Image Release: https://github.com/actions/runner-images/releases/tag/ubuntu24%2F20260413.86
2026-04-22T08:48:55.2370405Z ##[endgroup]
2026-04-22T08:48:55.2372472Z ##[group]GITHUB_TOKEN Permissions
2026-04-22T08:48:55.2375521Z Actions: read
2026-04-22T08:48:55.2376329Z Checks: read
2026-04-22T08:48:55.2377062Z Contents: write
2026-04-22T08:48:55.2377969Z Metadata: read
2026-04-22T08:48:55.2378937Z PullRequests: read
2026-04-22T08:48:55.2379662Z ##[endgroup]
2026-04-22T08:48:55.2382548Z Secret source: Actions
2026-04-22T08:48:55.2383676Z Prepare workflow directory
2026-04-22T08:48:55.2839222Z Prepare all required actions
2026-04-22T08:48:55.2894458Z Getting action download info
2026-04-22T08:48:55.6798225Z Download action repository 'actions/checkout@v4' (SHA:34e114876b0b11c390a56381ad16ebd13914f8d5)
2026-04-22T08:48:55.7985213Z Download action repository 'actions/github-script@v7' (SHA:f28e40c7f34bde8b3046d885e986cb6290c5673b)
2026-04-22T08:48:56.0106399Z Download action repository 'actions/upload-artifact@v4' (SHA:ea165f8d65b6e75b540449e92b4886f43607fa02)
2026-04-22T08:48:56.2327174Z Complete job name: lint-and-test
2026-04-22T08:48:56.3098287Z ##[group]Run actions/checkout@v4
2026-04-22T08:48:56.3099352Z with:
2026-04-22T08:48:56.3099824Z   ref: feat/medications-log-viewmodel-rewire
2026-04-22T08:48:56.3100425Z   repository: akarlin3/prismTask
2026-04-22T08:48:56.3101182Z   token: ***
2026-04-22T08:48:56.3101600Z   ssh-strict: true
2026-04-22T08:48:56.3102013Z   ssh-user: git
2026-04-22T08:48:56.3102451Z   persist-credentials: true
2026-04-22T08:48:56.3102934Z   clean: true
2026-04-22T08:48:56.3103358Z   sparse-checkout-cone-mode: true
2026-04-22T08:48:56.3103868Z   fetch-depth: 1
2026-04-22T08:48:56.3104357Z   fetch-tags: false
2026-04-22T08:48:56.3104815Z   show-progress: true
2026-04-22T08:48:56.3105250Z   lfs: false
2026-04-22T08:48:56.3105627Z   submodules: false
2026-04-22T08:48:56.3106079Z   set-safe-directory: true
2026-04-22T08:48:56.3106718Z ##[endgroup]
2026-04-22T08:48:56.4238356Z Syncing repository: akarlin3/prismTask
2026-04-22T08:48:56.4240676Z ##[group]Getting Git version info
2026-04-22T08:48:56.4241496Z Working directory is '/home/runner/work/prismTask/prismTask'
2026-04-22T08:48:56.4242498Z [command]/usr/bin/git version
2026-04-22T08:48:56.4281738Z git version 2.53.0
2026-04-22T08:48:56.4307023Z ##[endgroup]
2026-04-22T08:48:56.4323325Z Temporarily overriding HOME='/home/runner/work/_temp/66686d04-fe3c-4919-815b-a8ba926cdbb3' before making global git config changes
2026-04-22T08:48:56.4325831Z Adding repository directory to the temporary git global config as a safe directory
2026-04-22T08:48:56.4329608Z [command]/usr/bin/git config --global --add safe.directory /home/runner/work/prismTask/prismTask
2026-04-22T08:48:56.4364152Z Deleting the contents of '/home/runner/work/prismTask/prismTask'
2026-04-22T08:48:56.4367890Z ##[group]Initializing the repository
2026-04-22T08:48:56.4372129Z [command]/usr/bin/git init /home/runner/work/prismTask/prismTask
2026-04-22T08:48:56.4432579Z hint: Using 'master' as the name for the initial branch. This default branch name
2026-04-22T08:48:56.4434476Z hint: will change to "main" in Git 3.0. To configure the initial branch name
2026-04-22T08:48:56.4435444Z hint: to use in all of your new repositories, which will suppress this warning,
2026-04-22T08:48:56.4436440Z hint: call:
2026-04-22T08:48:56.4436830Z hint:
2026-04-22T08:48:56.4437331Z hint: 	git config --global init.defaultBranch <name>
2026-04-22T08:48:56.4437941Z hint:
2026-04-22T08:48:56.4438844Z hint: Names commonly chosen instead of 'master' are 'main', 'trunk' and
2026-04-22T08:48:56.4440337Z hint: 'development'. The just-created branch can be renamed via this command:
2026-04-22T08:48:56.4441066Z hint:
2026-04-22T08:48:56.4441455Z hint: 	git branch -m <name>
2026-04-22T08:48:56.4441911Z hint:
2026-04-22T08:48:56.4442511Z hint: Disable this message with "git config set advice.defaultBranchName false"
2026-04-22T08:48:56.4443762Z Initialized empty Git repository in /home/runner/work/prismTask/prismTask/.git/
2026-04-22T08:48:56.4446003Z [command]/usr/bin/git remote add origin https://github.com/akarlin3/prismTask
2026-04-22T08:48:56.4477588Z ##[endgroup]
2026-04-22T08:48:56.4478324Z ##[group]Disabling automatic garbage collection
2026-04-22T08:48:56.4481819Z [command]/usr/bin/git config --local gc.auto 0
2026-04-22T08:48:56.4512229Z ##[endgroup]
2026-04-22T08:48:56.4512923Z ##[group]Setting up auth
2026-04-22T08:48:56.4519262Z [command]/usr/bin/git config --local --name-only --get-regexp core\.sshCommand
2026-04-22T08:48:56.4550703Z [command]/usr/bin/git submodule foreach --recursive sh -c "git config --local --name-only --get-regexp 'core\.sshCommand' && git config --local --unset-all 'core.sshCommand' || :"
2026-04-22T08:48:56.4984515Z [command]/usr/bin/git config --local --name-only --get-regexp http\.https\:\/\/github\.com\/\.extraheader
2026-04-22T08:48:56.5015930Z [command]/usr/bin/git submodule foreach --recursive sh -c "git config --local --name-only --get-regexp 'http\.https\:\/\/github\.com\/\.extraheader' && git config --local --unset-all 'http.https://github.com/.extraheader' || :"
2026-04-22T08:48:56.5250598Z [command]/usr/bin/git config --local --name-only --get-regexp ^includeIf\.gitdir:
2026-04-22T08:48:56.5282807Z [command]/usr/bin/git submodule foreach --recursive git config --local --show-origin --name-only --get-regexp remote.origin.url
2026-04-22T08:48:56.5517857Z [command]/usr/bin/git config --local http.https://github.com/.extraheader AUTHORIZATION: basic ***
2026-04-22T08:48:56.5553363Z ##[endgroup]
2026-04-22T08:48:56.5554197Z ##[group]Fetching the repository
2026-04-22T08:48:56.5562899Z [command]/usr/bin/git -c protocol.version=2 fetch --no-tags --prune --no-recurse-submodules --depth=1 origin +refs/heads/feat/medications-log-viewmodel-rewire*:refs/remotes/origin/feat/medications-log-viewmodel-rewire* +refs/tags/feat/medications-log-viewmodel-rewire*:refs/tags/feat/medications-log-viewmodel-rewire*
2026-04-22T08:48:56.7485602Z The process '/usr/bin/git' failed with exit code 1
2026-04-22T08:48:56.7486699Z Waiting 16 seconds before trying again
2026-04-22T08:49:12.7560013Z [command]/usr/bin/git -c protocol.version=2 fetch --no-tags --prune --no-recurse-submodules --depth=1 origin +refs/heads/feat/medications-log-viewmodel-rewire*:refs/remotes/origin/feat/medications-log-viewmodel-rewire* +refs/tags/feat/medications-log-viewmodel-rewire*:refs/tags/feat/medications-log-viewmodel-rewire*
2026-04-22T08:49:12.9190839Z The process '/usr/bin/git' failed with exit code 1
2026-04-22T08:49:12.9191592Z Waiting 20 seconds before trying again
2026-04-22T08:49:32.9205138Z [command]/usr/bin/git -c protocol.version=2 fetch --no-tags --prune --no-recurse-submodules --depth=1 origin +refs/heads/feat/medications-log-viewmodel-rewire*:refs/remotes/origin/feat/medications-log-viewmodel-rewire* +refs/tags/feat/medications-log-viewmodel-rewire*:refs/tags/feat/medications-log-viewmodel-rewire*
2026-04-22T08:49:33.0566707Z ##[error]The process '/usr/bin/git' failed with exit code 1
2026-04-22T08:49:33.0793855Z ##[group]Run ./gradlew detekt --continue
2026-04-22T08:49:33.0794301Z [36;1m./gradlew detekt --continue[0m
2026-04-22T08:49:33.0820622Z shell: /usr/bin/bash -e {0}
2026-04-22T08:49:33.0820964Z ##[endgroup]
2026-04-22T08:49:33.0893058Z /home/runner/work/_temp/084e9e7c-3dc4-4e0a-a193-b820bceff07b.sh: line 1: ./gradlew: No such file or directory
2026-04-22T08:49:33.0901008Z ##[error]Process completed with exit code 127.
2026-04-22T08:49:33.0934584Z ##[group]Run ./gradlew lint --continue
2026-04-22T08:49:33.0934937Z [36;1m./gradlew lint --continue[0m
2026-04-22T08:49:33.0955843Z shell: /usr/bin/bash -e {0}
2026-04-22T08:49:33.0956138Z ##[endgroup]
2026-04-22T08:49:33.1000356Z /home/runner/work/_temp/72621610-1280-46eb-8867-e794eb3f1a3a.sh: line 1: ./gradlew: No such file or directory
2026-04-22T08:49:33.1005169Z ##[error]Process completed with exit code 127.
2026-04-22T08:49:33.1041035Z ##[group]Run set -euo pipefail
2026-04-22T08:49:33.1041396Z [36;1mset -euo pipefail[0m
2026-04-22T08:49:33.1041681Z [36;1mshopt -s globstar nullglob[0m
2026-04-22T08:49:33.1042024Z [36;1mxmls=(app/build/test-results/**/*.xml)[0m
2026-04-22T08:49:33.1042360Z [36;1mif [ ${#xmls[@]} -eq 0 ]; then[0m
2026-04-22T08:49:33.1042853Z [36;1m  echo "::error::No JUnit XML results found under app/build/test-results/. Did the test task run?"[0m
2026-04-22T08:49:33.1043327Z [36;1m  exit 1[0m
2026-04-22T08:49:33.1043556Z [36;1mfi[0m
2026-04-22T08:49:33.1043769Z [36;1mfailed=0[0m
2026-04-22T08:49:33.1044022Z [36;1mfor f in "${xmls[@]}"; do[0m
2026-04-22T08:49:33.1044443Z [36;1m  fails=$(grep -oE 'failures="[0-9]+"' "$f" | head -n1 | grep -oE '[0-9]+' || echo 0)[0m
2026-04-22T08:49:33.1045010Z [36;1m  errs=$(grep -oE 'errors="[0-9]+"' "$f" | head -n1 | grep -oE '[0-9]+' || echo 0)[0m
2026-04-22T08:49:33.1045545Z [36;1m  if [ "${fails:-0}" -gt 0 ] || [ "${errs:-0}" -gt 0 ]; then[0m
2026-04-22T08:49:33.1046020Z [36;1m    echo "::error file=${f}::${fails} failure(s), ${errs} error(s) in ${f}"[0m
2026-04-22T08:49:33.1046436Z [36;1m    failed=$((failed + fails + errs))[0m
2026-04-22T08:49:33.1046733Z [36;1m  fi[0m
2026-04-22T08:49:33.1046956Z [36;1mdone[0m
2026-04-22T08:49:33.1047183Z [36;1mif [ "$failed" -gt 0 ]; then[0m
2026-04-22T08:49:33.1047708Z [36;1m  echo "::error::${failed} unit-test failure(s)/error(s) detected. See annotations and the test-results artifact."[0m
2026-04-22T08:49:33.1048240Z [36;1m  exit 1[0m
2026-04-22T08:49:33.1048458Z [36;1mfi[0m
2026-04-22T08:49:33.1049010Z [36;1mecho "All ${#xmls[@]} JUnit XML reports clean."[0m
2026-04-22T08:49:33.1071610Z shell: /usr/bin/bash --noprofile --norc -e -o pipefail {0}
2026-04-22T08:49:33.1071980Z ##[endgroup]
2026-04-22T08:49:33.1114291Z ##[error]No JUnit XML results found under app/build/test-results/. Did the test task run?
2026-04-22T08:49:33.1116678Z ##[error]Process completed with exit code 1.
2026-04-22T08:49:33.1204774Z ##[group]Run actions/github-script@v7
2026-04-22T08:49:33.1205104Z with:
2026-04-22T08:49:33.1207620Z   script: const fs = require('fs');
let body = '### CI Unit Test Failure\n\n';
try {
  const raw = fs.readFileSync('unit-test-output.log', 'utf8');
  const lines = raw.split('\n');
  const errorLines = lines.filter(l =>
    /\be:\b|FAILED|Compilation error|Unresolved reference|not abstract|does not implement/.test(l)
  );
  const tail = lines.slice(-30).join('\n');
  const errors = errorLines.length > 0
    ? errorLines.join('\n')
    : 'No specific error lines matched. Last 30 lines shown.';
  body += '**Error lines:**\n```\n' + errors.slice(0, 2000) + '\n```\n';
  body += '\n**Build tail:**\n```\n' + tail.slice(0, 2000) + '\n```';
} catch (e) {
  body += 'Could not read unit-test-output.log: ' + e.message;
}
await github.rest.issues.createComment({
  owner: context.repo.owner,
  repo: context.repo.repo,
  issue_number: context.issue.number,
  body
});

2026-04-22T08:49:33.1210627Z   github-token: ***
2026-04-22T08:49:33.1210875Z   debug: false
2026-04-22T08:49:33.1211122Z   user-agent: actions/github-script
2026-04-22T08:49:33.1211615Z   result-encoding: json
2026-04-22T08:49:33.1211869Z   retries: 0
2026-04-22T08:49:33.1212130Z   retry-exempt-status-codes: 400,401,403,404,422
2026-04-22T08:49:33.1212455Z ##[endgroup]
2026-04-22T08:49:33.4007641Z RequestError [HttpError]: Resource not accessible by integration
2026-04-22T08:49:33.4008850Z     at /home/runner/work/_actions/actions/github-script/v7/dist/index.js:9537:21
2026-04-22T08:49:33.4009830Z     at process.processTicksAndRejections (node:internal/process/task_queues:95:5)
2026-04-22T08:49:33.4011129Z     at async eval (eval at callAsyncFunction (/home/runner/work/_actions/actions/github-script/v7/dist/index.js:36187:16), <anonymous>:20:1)
2026-04-22T08:49:33.4012406Z     at async main (/home/runner/work/_actions/actions/github-script/v7/dist/index.js:36285:20) {
2026-04-22T08:49:33.4013124Z   status: 403,
2026-04-22T08:49:33.4013502Z   response: {
2026-04-22T08:49:33.4013932Z     url: 'https://api.github.com/repos/akarlin3/prismTask/issues/650/comments',
2026-04-22T08:49:33.4014364Z     status: 403,
2026-04-22T08:49:33.4014605Z     headers: {
2026-04-22T08:49:33.4014859Z       'access-control-allow-origin': '*',
2026-04-22T08:49:33.4016169Z       'access-control-expose-headers': 'ETag, Link, Location, Retry-After, X-GitHub-OTP, X-RateLimit-Limit, X-RateLimit-Remaining, X-RateLimit-Used, X-RateLimit-Resource, X-RateLimit-Reset, X-OAuth-Scopes, X-Accepted-OAuth-Scopes, X-Poll-Interval, X-GitHub-Media-Type, X-GitHub-SSO, X-GitHub-Request-Id, Deprecation, Sunset',
2026-04-22T08:49:33.4017392Z       'content-encoding': 'gzip',
2026-04-22T08:49:33.4017728Z       'content-security-policy': "default-src 'none'",
2026-04-22T08:49:33.4018119Z       'content-type': 'application/json; charset=utf-8',
2026-04-22T08:49:33.4018673Z       date: 'Wed, 22 Apr 2026 08:49:33 GMT',
2026-04-22T08:49:33.4019364Z       'referrer-policy': 'origin-when-cross-origin, strict-origin-when-cross-origin',
2026-04-22T08:49:33.4019976Z       server: 'github.com',
2026-04-22T08:49:33.4020383Z       'strict-transport-security': 'max-age=31536000; includeSubdomains; preload',
2026-04-22T08:49:33.4020836Z       'transfer-encoding': 'chunked',
2026-04-22T08:49:33.4021186Z       vary: 'Accept-Encoding, Accept, X-Requested-With',
2026-04-22T08:49:33.4021655Z       'x-accepted-github-permissions': 'issues=write; pull_requests=write',
2026-04-22T08:49:33.4022083Z       'x-content-type-options': 'nosniff',
2026-04-22T08:49:33.4022399Z       'x-frame-options': 'deny',
2026-04-22T08:49:33.4022731Z       'x-github-api-version-selected': '2022-11-28',
2026-04-22T08:49:33.4023135Z       'x-github-media-type': 'github.v3; format=json',
2026-04-22T08:49:33.4023547Z       'x-github-request-id': 'BC30:1F29ED:1AF3FF8:6C50769:69E88B9D',
2026-04-22T08:49:33.4023923Z       'x-ratelimit-limit': '5000',
2026-04-22T08:49:33.4024216Z       'x-ratelimit-remaining': '4971',
2026-04-22T08:49:33.4024864Z       'x-ratelimit-reset': '1776850369',
2026-04-22T08:49:33.4025175Z       'x-ratelimit-resource': 'core',
2026-04-22T08:49:33.4025471Z       'x-ratelimit-used': '29',
2026-04-22T08:49:33.4025763Z       'x-xss-protection': '0'
2026-04-22T08:49:33.4026018Z     },
2026-04-22T08:49:33.4026231Z     data: {
2026-04-22T08:49:33.4026510Z       message: 'Resource not accessible by integration',
2026-04-22T08:49:33.4027048Z       documentation_url: 'https://docs.github.com/rest/issues/comments#create-an-issue-comment',
2026-04-22T08:49:33.4027519Z       status: '403'
2026-04-22T08:49:33.4027751Z     }
2026-04-22T08:49:33.4027946Z   },
2026-04-22T08:49:33.4028155Z   request: {
2026-04-22T08:49:33.4028380Z     method: 'POST',
2026-04-22T08:49:33.4029345Z     url: 'https://api.github.com/repos/akarlin3/prismTask/issues/650/comments',
2026-04-22T08:49:33.4029799Z     headers: {
2026-04-22T08:49:33.4030073Z       accept: 'application/vnd.github.v3+json',
2026-04-22T08:49:33.4030580Z       'user-agent': 'actions/github-script octokit-core.js/5.0.1 Node.js/20.20.1 (linux; x64)',
2026-04-22T08:49:33.4031052Z       authorization: 'token [REDACTED]',
2026-04-22T08:49:33.4031592Z       'content-type': 'application/json; charset=utf-8'
2026-04-22T08:49:33.4031910Z     },
2026-04-22T08:49:33.4032580Z     body: `{"body":"### CI Unit Test Failure\\n\\nCould not read unit-test-output.log: ENOENT: no such file or directory, open 'unit-test-output.log'"}`,
2026-04-22T08:49:33.4033191Z     request: {
2026-04-22T08:49:33.4033432Z       agent: [Agent],
2026-04-22T08:49:33.4033723Z       fetch: [Function: proxyFetch],
2026-04-22T08:49:33.4034068Z       hook: [Function: bound bound register]
2026-04-22T08:49:33.4034361Z     }
2026-04-22T08:49:33.4034563Z   }
2026-04-22T08:49:33.4034768Z }
2026-04-22T08:49:33.4035927Z ##[error]Unhandled error: HttpError: Resource not accessible by integration
2026-04-22T08:49:33.4749727Z ##[group]Run actions/upload-artifact@v4
2026-04-22T08:49:33.4750060Z with:
2026-04-22T08:49:33.4750291Z   name: lint-report
2026-04-22T08:49:33.4750577Z   path: app/build/reports/lint-results-debug.html
2026-04-22T08:49:33.4750909Z   retention-days: 7
2026-04-22T08:49:33.4751174Z   if-no-files-found: warn
2026-04-22T08:49:33.4751427Z   compression-level: 6
2026-04-22T08:49:33.4751689Z   overwrite: false
2026-04-22T08:49:33.4752002Z   include-hidden-files: false
2026-04-22T08:49:33.4752272Z ##[endgroup]
2026-04-22T08:49:33.7053886Z ##[warning]No files were found with the provided path: app/build/reports/lint-results-debug.html. No artifacts will be uploaded.
2026-04-22T08:49:33.7192580Z ##[group]Run actions/upload-artifact@v4
2026-04-22T08:49:33.7192858Z with:
2026-04-22T08:49:33.7193047Z   name: detekt-report
2026-04-22T08:49:33.7193266Z   path: app/build/reports/detekt/
2026-04-22T08:49:33.7193524Z   retention-days: 7
2026-04-22T08:49:33.7193736Z   if-no-files-found: warn
2026-04-22T08:49:33.7193951Z   compression-level: 6
2026-04-22T08:49:33.7194159Z   overwrite: false
2026-04-22T08:49:33.7194356Z   include-hidden-files: false
2026-04-22T08:49:33.7194589Z ##[endgroup]
2026-04-22T08:49:33.9314748Z ##[warning]No files were found with the provided path: app/build/reports/detekt/. No artifacts will be uploaded.
2026-04-22T08:49:33.9494202Z ##[group]Run actions/upload-artifact@v4
2026-04-22T08:49:33.9494478Z with:
2026-04-22T08:49:33.9494671Z   name: test-results
2026-04-22T08:49:33.9494887Z   path: app/build/test-results/
2026-04-22T08:49:33.9495124Z   retention-days: 7
2026-04-22T08:49:33.9495329Z   if-no-files-found: warn
2026-04-22T08:49:33.9495561Z   compression-level: 6
2026-04-22T08:49:33.9495764Z   overwrite: false
2026-04-22T08:49:33.9495972Z   include-hidden-files: false
2026-04-22T08:49:33.9496199Z ##[endgroup]
2026-04-22T08:49:34.1634234Z ##[warning]No files were found with the provided path: app/build/test-results/. No artifacts will be uploaded.
2026-04-22T08:49:34.1811850Z Post job cleanup.
2026-04-22T08:49:34.2767604Z [command]/usr/bin/git version
2026-04-22T08:49:34.2814023Z git version 2.53.0
2026-04-22T08:49:34.2855247Z Temporarily overriding HOME='/home/runner/work/_temp/330ae1a4-e173-4d0b-88b8-2f02438d489a' before making global git config changes
2026-04-22T08:49:34.2856459Z Adding repository directory to the temporary git global config as a safe directory
2026-04-22T08:49:34.2860607Z [command]/usr/bin/git config --global --add safe.directory /home/runner/work/prismTask/prismTask
2026-04-22T08:49:34.2896189Z [command]/usr/bin/git config --local --name-only --get-regexp core\.sshCommand
2026-04-22T08:49:34.2929112Z [command]/usr/bin/git submodule foreach --recursive sh -c "git config --local --name-only --get-regexp 'core\.sshCommand' && git config --local --unset-all 'core.sshCommand' || :"
2026-04-22T08:49:34.3162939Z [command]/usr/bin/git config --local --name-only --get-regexp http\.https\:\/\/github\.com\/\.extraheader
2026-04-22T08:49:34.3186028Z http.https://github.com/.extraheader
2026-04-22T08:49:34.3197762Z [command]/usr/bin/git config --local --unset-all http.https://github.com/.extraheader
2026-04-22T08:49:34.3229055Z [command]/usr/bin/git submodule foreach --recursive sh -c "git config --local --name-only --get-regexp 'http\.https\:\/\/github\.com\/\.extraheader' && git config --local --unset-all 'http.https://github.com/.extraheader' || :"
2026-04-22T08:49:34.3459181Z [command]/usr/bin/git config --local --name-only --get-regexp ^includeIf\.gitdir:
2026-04-22T08:49:34.3493071Z [command]/usr/bin/git submodule foreach --recursive git config --local --show-origin --name-only --get-regexp remote.origin.url
2026-04-22T08:49:34.3846236Z Cleaning up orphan processes
2026-04-22T08:49:34.4129651Z ##[warning]Node.js 20 actions are deprecated. The following actions are running on Node.js 20 and may not work as expected: actions/checkout@v4, actions/github-script@v7, actions/upload-artifact@v4. Actions will be forced to run with Node.js 24 by default starting June 2nd, 2026. Node.js 20 will be removed from the runner on September 16th, 2026. Please check if updated versions of these actions are available that support Node.js 24. To opt into Node.js 24 now, set the FORCE_JAVASCRIPT_ACTIONS_TO_NODE24=true environment variable on the runner or in your workflow file. Once Node.js 24 becomes the default, you can temporarily opt out by setting ACTIONS_ALLOW_USE_UNSECURE_NODE_VERSION=true. For more information see: https://github.blog/changelog/2025-09-19-deprecation-of-node-20-on-github-actions-runners/
